<?xml version="1.0" encoding="UTF-8" ?>
<testsuite errors="0" failures="0" hostname="madang02-pc" name="kr.pe.sinnori.common.buildsystem.BuildSystemPathSupporterTest" skipped="0" tests="17" time="0.171" timestamp="2018-04-11T09:00:05">
  <properties>
    <property name="java.vendor" value="Oracle Corporation" />
    <property name="dir.build" value="D:\gitsinnori\sinnori\core_build\build" />
    <property name="sun.java.launcher" value="SUN_STANDARD" />
    <property name="sun.management.compiler" value="HotSpot 64-Bit Tiered Compilers" />
    <property name="dir.dist" value="D:\gitsinnori\sinnori\core_build\dist" />
    <property name="os.name" value="Windows 10" />
    <property name="sun.boot.class.path" value="C:\Program Files\Java\jdk1.8.0_131\jre\lib\resources.jar;C:\Program Files\Java\jdk1.8.0_131\jre\lib\rt.jar;C:\Program Files\Java\jdk1.8.0_131\jre\lib\sunrsasign.jar;C:\Program Files\Java\jdk1.8.0_131\jre\lib\jsse.jar;C:\Program Files\Java\jdk1.8.0_131\jre\lib\jce.jar;C:\Program Files\Java\jdk1.8.0_131\jre\lib\charsets.jar;C:\Program Files\Java\jdk1.8.0_131\jre\lib\jfr.jar;C:\Program Files\Java\jdk1.8.0_131\jre\classes" />
    <property name="sun.desktop" value="windows" />
    <property name="java.vm.specification.vendor" value="Oracle Corporation" />
    <property name="ant.home" value="D:\apache-ant-1.10.0\bin\.." />
    <property name="java.runtime.version" value="1.8.0_131-b11" />
    <property name="user.name" value="madang03" />
    <property name="dir.report" value="D:\gitsinnori\sinnori\core_build\report" />
    <property name="user.language" value="ko" />
    <property name="sun.boot.library.path" value="C:\Program Files\Java\jdk1.8.0_131\jre\bin" />
    <property name="ant.project.default-target" value="make.core" />
    <property name="ant.project.name" value="sinnori_core_build" />
    <property name="java.version" value="1.8.0_131" />
    <property name="user.timezone" value="" />
    <property name="java.complile.option.debug" value="on" />
    <property name="sun.arch.data.model" value="64" />
    <property name="java.endorsed.dirs" value="C:\Program Files\Java\jdk1.8.0_131\jre\lib\endorsed" />
    <property name="sun.cpu.isalist" value="amd64" />
    <property name="sun.jnu.encoding" value="MS949" />
    <property name="file.encoding.pkg" value="sun.io" />
    <property name="file.separator" value="\" />
    <property name="dir.appinf" value="D:\gitsinnori\sinnori\core_build\APP-INF" />
    <property name="java.specification.name" value="Java Platform API Specification" />
    <property name="java.class.version" value="52.0" />
    <property name="dir.testlib" value="D:\gitsinnori\sinnori\core_build\lib\test" />
    <property name="user.country" value="KR" />
    <property name="java.home" value="C:\Program Files\Java\jdk1.8.0_131\jre" />
    <property name="ant.file.sinnori_core_build" value="D:\gitsinnori\sinnori\core_build\build.xml" />
    <property name="java.vm.info" value="mixed mode" />
    <property name="ant.file" value="D:\gitsinnori\sinnori\core_build\build.xml" />
    <property name="os.version" value="10.0" />
    <property name="path.separator" value=";" />
    <property name="java.vm.version" value="25.131-b11" />
    <property name="user.variant" value="" />
    <property name="ant.library.dir" value="D:\apache-ant-1.10.0\lib" />
    <property name="java.awt.printerjob" value="sun.awt.windows.WPrinterJob" />
    <property name="sun.io.unicode.encoding" value="UnicodeLittle" />
    <property name="awt.toolkit" value="sun.awt.windows.WToolkit" />
    <property name="sun.stdout.encoding" value="ms949" />
    <property name="user.script" value="" />
    <property name="user.home" value="C:\Users\user" />
    <property name="java.specification.vendor" value="Oracle Corporation" />
    <property name="java.library.path" value="C:\Program Files\Java\jdk1.8.0_131\jre\bin;C:\WINDOWS\Sun\Java\bin;C:\WINDOWS\system32;C:\WINDOWS;C:\ProgramData\Oracle\Java\javapath;C:\Windows\system32;C:\Windows;C:\Windows\System32\Wbem;C:\Windows\System32\WindowsPowerShell\v1.0\;C:\Program Files (x86)\NVIDIA Corporation\PhysX\Common;C:\Program Files\Java\jdk1.8.0_131\bin;C:\Program Files\Git\cmd;D:\apache-ant-1.10.0\bin;C:\WINDOWS\system32;C:\WINDOWS;C:\WINDOWS\System32\Wbem;C:\WINDOWS\System32\WindowsPowerShell\v1.0\;D:\gradle-4.5\bin;C:\Users\user\AppData\Local\Microsoft\WindowsApps;;." />
    <property name="java.vendor.url" value="http://java.oracle.com/" />
    <property name="ant.file.type.sinnori_core_build" value="file" />
    <property name="java.vm.vendor" value="Oracle Corporation" />
    <property name="dir.src" value="D:\gitsinnori\sinnori\core_build\src\main\java" />
    <property name="java.runtime.name" value="Java(TM) SE Runtime Environment" />
    <property name="sun.java.command" value="org.apache.tools.ant.taskdefs.optional.junit.JUnitTestRunner kr.pe.sinnori.common.buildsystem.BuildSystemPathSupporterTest skipNonTests=false filtertrace=true haltOnError=true haltOnFailure=true formatter=org.apache.tools.ant.taskdefs.optional.junit.SummaryJUnitResultFormatter showoutput=true outputtoformatters=true logfailedtests=true threadid=0 logtestlistenerevents=false formatter=org.apache.tools.ant.taskdefs.optional.junit.XMLJUnitResultFormatter,D:\gitsinnori\sinnori\core_build\report\TEST-kr.pe.sinnori.common.buildsystem.BuildSystemPathSupporterTest.xml crashfile=D:\gitsinnori\sinnori\core_build\junitvmwatcher2358551778499859774.properties propsfile=D:\gitsinnori\sinnori\core_build\junit1897993680348384096.properties" />
    <property name="java.class.path" value="D:\gitsinnori\sinnori\core_build\dist\sinnori-core.jar;D:\gitsinnori\sinnori\core_build\lib\main\ex\json-simple-1.1.1.jar;D:\gitsinnori\sinnori\core_build\lib\main\ex\commons-lang3-3.7.jar;D:\gitsinnori\sinnori\core_build\lib\main\ex\commons-io-2.6.jar;D:\gitsinnori\sinnori\core_build\lib\main\ex\commons-collections4-4.1.jar;D:\gitsinnori\sinnori\core_build\lib\main\ex\commons-codec-1.11.jar;D:\gitsinnori\sinnori\core_build\lib\main\ex\mysql-connector-java-5.1.37-bin.jar;D:\gitsinnori\sinnori\core_build\lib\main\ex\jooq-meta-3.10.6.jar;D:\gitsinnori\sinnori\core_build\lib\main\ex\jooq-codegen-3.10.6.jar;D:\gitsinnori\sinnori\core_build\lib\main\ex\jooq-3.10.6.jar;D:\gitsinnori\sinnori\core_build\lib\test\byte-buddy-1.7.9.jar;D:\gitsinnori\sinnori\core_build\lib\test\byte-buddy-agent-1.7.9.jar;D:\gitsinnori\sinnori\core_build\lib\test\commons-exec-1.3.jar;D:\gitsinnori\sinnori\core_build\lib\test\hamcrest-core-1.3.jar;D:\gitsinnori\sinnori\core_build\lib\test\junit-4.12.jar;D:\gitsinnori\sinnori\core_build\lib\test\mockito-core-2.13.4.jar;D:\gitsinnori\sinnori\core_build\lib\test\objenesis-2.6.jar;D:\gitsinnori\sinnori\core_build\build\test;D:\apache-ant-1.10.0\lib\ant-launcher.jar;D:\apache-ant-1.10.0\lib\ant.jar;D:\apache-ant-1.10.0\lib\ant-junit.jar;D:\apache-ant-1.10.0\lib\ant-junit4.jar" />
    <property name="ant.version" value="Apache Ant(TM) version 1.10.0 compiled on December 27 2016" />
    <property name="dir.testsrc" value="D:\gitsinnori\sinnori\core_build\src\test\java" />
    <property name="java.vm.specification.name" value="Java Virtual Machine Specification" />
    <property name="ant.file.type" value="file" />
    <property name="java.vm.specification.version" value="1.8" />
    <property name="sun.cpu.endian" value="little" />
    <property name="sun.os.patch.level" value="" />
    <property name="dir.mainlib" value="D:\gitsinnori\sinnori\core_build\lib\main" />
    <property name="java.io.tmpdir" value="C:\Users\user\AppData\Local\Temp\" />
    <property name="java.vendor.url.bug" value="http://bugreport.sun.com/bugreport/" />
    <property name="os.arch" value="amd64" />
    <property name="java.awt.graphicsenv" value="sun.awt.Win32GraphicsEnvironment" />
    <property name="java.ext.dirs" value="C:\Program Files\Java\jdk1.8.0_131\jre\lib\ext;C:\WINDOWS\Sun\Java\lib\ext" />
    <property name="user.dir" value="D:\gitsinnori\sinnori\core_build" />
    <property name="line.separator" value="&#xd;&#xa;" />
    <property name="java.vm.name" value="Java HotSpot(TM) 64-Bit Server VM" />
    <property name="basedir" value="D:\gitsinnori\sinnori\core_build" />
    <property name="ant.java.version" value="1.8" />
    <property name="ant.core.lib" value="D:\apache-ant-1.10.0\lib\ant.jar" />
    <property name="dir.guilib" value="D:\gitsinnori\sinnori\core_build\guilib" />
    <property name="file.encoding" value="MS949" />
    <property name="sun.stderr.encoding" value="ms949" />
    <property name="java.specification.version" value="1.8" />
    <property name="ant.project.invoked-targets" value="test" />
  </properties>
  <testcase classname="kr.pe.sinnori.common.buildsystem.BuildSystemPathSupporterTest" name="testGetSessionKeyRSAKeypairPathString" time="0.005" />
  <testcase classname="kr.pe.sinnori.common.buildsystem.BuildSystemPathSupporterTest" name="testGetServerBuildConfigFilePathString" time="0.009" />
  <testcase classname="kr.pe.sinnori.common.buildsystem.BuildSystemPathSupporterTest" name="testGetSinnoriConfigFilePathString" time="0.0" />
  <testcase classname="kr.pe.sinnori.common.buildsystem.BuildSystemPathSupporterTest" name="testGetDBCPConnPoolConfigFilePathString" time="0.0" />
  <testcase classname="kr.pe.sinnori.common.buildsystem.BuildSystemPathSupporterTest" name="testGetClientBuildBasePathString" time="0.001" />
  <testcase classname="kr.pe.sinnori.common.buildsystem.BuildSystemPathSupporterTest" name="testGetLogbackConfigFilePathString" time="0.0" />
  <testcase classname="kr.pe.sinnori.common.buildsystem.BuildSystemPathSupporterTest" name="testGetWebClientBuildConfigFilePathString" time="0.0" />
  <testcase classname="kr.pe.sinnori.common.buildsystem.BuildSystemPathSupporterTest" name="testGetServerBuildPathString" time="0.0" />
  <testcase classname="kr.pe.sinnori.common.buildsystem.BuildSystemPathSupporterTest" name="testGetWebClientAntPropertiesFilePath" time="0.001" />
  <testcase classname="kr.pe.sinnori.common.buildsystem.BuildSystemPathSupporterTest" name="testGetAPPINFPathString" time="0.001" />
  <testcase classname="kr.pe.sinnori.common.buildsystem.BuildSystemPathSupporterTest" name="testGetAppClientBuildPathString" time="0.001" />
  <testcase classname="kr.pe.sinnori.common.buildsystem.BuildSystemPathSupporterTest" name="testGetSinnoriConfigPathString" time="0.001" />
  <testcase classname="kr.pe.sinnori.common.buildsystem.BuildSystemPathSupporterTest" name="testGetMessageInfoPathString" time="0.0" />
  <testcase classname="kr.pe.sinnori.common.buildsystem.BuildSystemPathSupporterTest" name="testGetProjectPathString" time="0.0" />
  <testcase classname="kr.pe.sinnori.common.buildsystem.BuildSystemPathSupporterTest" name="testGetAppClientBuildConfigFilePathString" time="0.006" />
  <testcase classname="kr.pe.sinnori.common.buildsystem.BuildSystemPathSupporterTest" name="testGetWebClientBuildPathString" time="0.004" />
  <testcase classname="kr.pe.sinnori.common.buildsystem.BuildSystemPathSupporterTest" name="testGetProjectBasePathString" time="0.0" />
  <system-out><![CDATA[the logback config file[D:\gitsinnori\sinnori\project\sample_base\resources\logback.xml] does not have read permissions
]]></system-out>
  <system-err><![CDATA[4월 11, 2018 6:00:05 오후 kr.pe.sinnori.common.buildsystem.BuildSystemPathSupporterTest testGetWebClientBuildPathString
정보: D:\gitsinnori\sinnori\project\sample_base\client_build\web_build
]]></system-err>
</testsuite>
