<?xml version="1.0" encoding="UTF-8" ?>
<testsuite errors="0" failures="1" hostname="madang02-pc" name="kr.pe.sinnori.common.buildsystem.ProjectBuilderTest" skipped="0" tests="16" time="37.818" timestamp="2018-02-27T00:45:29">
  <properties>
    <property name="java.vendor" value="Oracle Corporation" />
    <property name="dir.build" value="D:\gitsinnori\sinnori\core_build\build" />
    <property name="sun.java.launcher" value="SUN_STANDARD" />
    <property name="sun.management.compiler" value="HotSpot 64-Bit Tiered Compilers" />
    <property name="dir.dist" value="D:\gitsinnori\sinnori\core_build\dist" />
    <property name="os.name" value="Windows 10" />
    <property name="sun.boot.class.path" value="C:\Program Files\Java\jdk1.8.0_131\jre\lib\resources.jar;C:\Program Files\Java\jdk1.8.0_131\jre\lib\rt.jar;C:\Program Files\Java\jdk1.8.0_131\jre\lib\sunrsasign.jar;C:\Program Files\Java\jdk1.8.0_131\jre\lib\jsse.jar;C:\Program Files\Java\jdk1.8.0_131\jre\lib\jce.jar;C:\Program Files\Java\jdk1.8.0_131\jre\lib\charsets.jar;C:\Program Files\Java\jdk1.8.0_131\jre\lib\jfr.jar;C:\Program Files\Java\jdk1.8.0_131\jre\classes" />
    <property name="sun.desktop" value="windows" />
    <property name="java.vm.specification.vendor" value="Oracle Corporation" />
    <property name="ant.home" value="D:\apache-ant-1.10.0\bin\.." />
    <property name="java.runtime.version" value="1.8.0_131-b11" />
    <property name="user.name" value="madang03" />
    <property name="dir.report" value="D:\gitsinnori\sinnori\core_build\report" />
    <property name="user.language" value="ko" />
    <property name="sun.boot.library.path" value="C:\Program Files\Java\jdk1.8.0_131\jre\bin" />
    <property name="ant.project.default-target" value="make.core" />
    <property name="ant.project.name" value="sinnori_core_build" />
    <property name="java.version" value="1.8.0_131" />
    <property name="user.timezone" value="" />
    <property name="java.complile.option.debug" value="on" />
    <property name="sun.arch.data.model" value="64" />
    <property name="java.endorsed.dirs" value="C:\Program Files\Java\jdk1.8.0_131\jre\lib\endorsed" />
    <property name="sun.cpu.isalist" value="amd64" />
    <property name="sun.jnu.encoding" value="MS949" />
    <property name="file.encoding.pkg" value="sun.io" />
    <property name="file.separator" value="\" />
    <property name="dir.appinf" value="D:\gitsinnori\sinnori\core_build\APP-INF" />
    <property name="java.specification.name" value="Java Platform API Specification" />
    <property name="java.class.version" value="52.0" />
    <property name="dir.testlib" value="D:\gitsinnori\sinnori\core_build\lib\test" />
    <property name="user.country" value="KR" />
    <property name="java.home" value="C:\Program Files\Java\jdk1.8.0_131\jre" />
    <property name="ant.file.sinnori_core_build" value="D:\gitsinnori\sinnori\core_build\build.xml" />
    <property name="java.vm.info" value="mixed mode" />
    <property name="ant.file" value="D:\gitsinnori\sinnori\core_build\build.xml" />
    <property name="os.version" value="10.0" />
    <property name="path.separator" value=";" />
    <property name="java.vm.version" value="25.131-b11" />
    <property name="user.variant" value="" />
    <property name="ant.library.dir" value="D:\apache-ant-1.10.0\lib" />
    <property name="java.awt.printerjob" value="sun.awt.windows.WPrinterJob" />
    <property name="sun.io.unicode.encoding" value="UnicodeLittle" />
    <property name="awt.toolkit" value="sun.awt.windows.WToolkit" />
    <property name="sun.stdout.encoding" value="ms949" />
    <property name="user.script" value="" />
    <property name="user.home" value="C:\Users\user" />
    <property name="java.specification.vendor" value="Oracle Corporation" />
    <property name="java.library.path" value="C:\Program Files\Java\jdk1.8.0_131\jre\bin;C:\WINDOWS\Sun\Java\bin;C:\WINDOWS\system32;C:\WINDOWS;C:\ProgramData\Oracle\Java\javapath;C:\Windows\system32;C:\Windows;C:\Windows\System32\Wbem;C:\Windows\System32\WindowsPowerShell\v1.0\;C:\Program Files (x86)\NVIDIA Corporation\PhysX\Common;C:\Program Files\Java\jdk1.8.0_131\bin;C:\Program Files\Git\cmd;D:\apache-ant-1.10.0\bin;C:\WINDOWS\system32;C:\WINDOWS;C:\WINDOWS\System32\Wbem;C:\WINDOWS\System32\WindowsPowerShell\v1.0\;D:\gradle-4.5\bin;C:\Users\user\AppData\Local\Microsoft\WindowsApps;;." />
    <property name="java.vendor.url" value="http://java.oracle.com/" />
    <property name="ant.file.type.sinnori_core_build" value="file" />
    <property name="java.vm.vendor" value="Oracle Corporation" />
    <property name="dir.src" value="D:\gitsinnori\sinnori\core_build\src\main\java" />
    <property name="java.runtime.name" value="Java(TM) SE Runtime Environment" />
    <property name="sun.java.command" value="org.apache.tools.ant.taskdefs.optional.junit.JUnitTestRunner kr.pe.sinnori.common.buildsystem.ProjectBuilderTest skipNonTests=false filtertrace=true haltOnError=true haltOnFailure=true formatter=org.apache.tools.ant.taskdefs.optional.junit.SummaryJUnitResultFormatter showoutput=true outputtoformatters=true logfailedtests=true threadid=0 logtestlistenerevents=false formatter=org.apache.tools.ant.taskdefs.optional.junit.XMLJUnitResultFormatter,D:\gitsinnori\sinnori\core_build\report\TEST-kr.pe.sinnori.common.buildsystem.ProjectBuilderTest.xml crashfile=D:\gitsinnori\sinnori\core_build\junitvmwatcher4384661530889366077.properties propsfile=D:\gitsinnori\sinnori\core_build\junit2183547795652428415.properties" />
    <property name="java.class.path" value="D:\gitsinnori\sinnori\core_build\dist\sinnori-core.jar;D:\gitsinnori\sinnori\core_build\lib\main\ex\commons-codec-1.9.jar;D:\gitsinnori\sinnori\core_build\lib\main\ex\commons-collections4-4.1.jar;D:\gitsinnori\sinnori\core_build\lib\main\ex\commons-dbcp2-2.0.1.jar;D:\gitsinnori\sinnori\core_build\lib\main\ex\commons-io-2.5.jar;D:\gitsinnori\sinnori\core_build\lib\main\ex\commons-pool2-2.2.jar;D:\gitsinnori\sinnori\core_build\lib\main\ex\jcl-over-slf4j-1.7.7.jar;D:\gitsinnori\sinnori\core_build\lib\main\ex\json-simple-1.1.1.jar;D:\gitsinnori\sinnori\core_build\lib\main\ex\logback-classic-1.1.2.jar;D:\gitsinnori\sinnori\core_build\lib\main\ex\logback-core-1.1.2.jar;D:\gitsinnori\sinnori\core_build\lib\main\ex\mybatis-3.3.0-SNAPSHOT.jar;D:\gitsinnori\sinnori\core_build\lib\main\ex\mysql-connector-java-5.1.37-bin.jar;D:\gitsinnori\sinnori\core_build\lib\main\ex\slf4j-api-1.7.7.jar;D:\gitsinnori\sinnori\core_build\lib\test\byte-buddy-1.7.9.jar;D:\gitsinnori\sinnori\core_build\lib\test\byte-buddy-agent-1.7.9.jar;D:\gitsinnori\sinnori\core_build\lib\test\commons-exec-1.3.jar;D:\gitsinnori\sinnori\core_build\lib\test\hamcrest-core-1.3.jar;D:\gitsinnori\sinnori\core_build\lib\test\junit-4.12.jar;D:\gitsinnori\sinnori\core_build\lib\test\mockito-core-2.13.4.jar;D:\gitsinnori\sinnori\core_build\lib\test\objenesis-2.6.jar;D:\gitsinnori\sinnori\core_build\build\test;D:\apache-ant-1.10.0\lib\ant-launcher.jar;D:\apache-ant-1.10.0\lib\ant.jar;D:\apache-ant-1.10.0\lib\ant-junit.jar;D:\apache-ant-1.10.0\lib\ant-junit4.jar" />
    <property name="ant.version" value="Apache Ant(TM) version 1.10.0 compiled on December 27 2016" />
    <property name="dir.testsrc" value="D:\gitsinnori\sinnori\core_build\src\test\java" />
    <property name="java.vm.specification.name" value="Java Virtual Machine Specification" />
    <property name="ant.file.type" value="file" />
    <property name="java.vm.specification.version" value="1.8" />
    <property name="sun.cpu.endian" value="little" />
    <property name="sun.os.patch.level" value="" />
    <property name="dir.mainlib" value="D:\gitsinnori\sinnori\core_build\lib\main" />
    <property name="java.io.tmpdir" value="C:\Users\user\AppData\Local\Temp\" />
    <property name="java.vendor.url.bug" value="http://bugreport.sun.com/bugreport/" />
    <property name="os.arch" value="amd64" />
    <property name="java.awt.graphicsenv" value="sun.awt.Win32GraphicsEnvironment" />
    <property name="java.ext.dirs" value="C:\Program Files\Java\jdk1.8.0_131\jre\lib\ext;C:\WINDOWS\Sun\Java\lib\ext" />
    <property name="user.dir" value="D:\gitsinnori\sinnori\core_build" />
    <property name="line.separator" value="&#xd;&#xa;" />
    <property name="java.vm.name" value="Java HotSpot(TM) 64-Bit Server VM" />
    <property name="basedir" value="D:\gitsinnori\sinnori\core_build" />
    <property name="ant.java.version" value="1.8" />
    <property name="ant.core.lib" value="D:\apache-ant-1.10.0\lib\ant.jar" />
    <property name="dir.guilib" value="D:\gitsinnori\sinnori\core_build\guilib" />
    <property name="file.encoding" value="MS949" />
    <property name="sun.stderr.encoding" value="ms949" />
    <property name="java.specification.version" value="1.8" />
    <property name="ant.project.invoked-targets" value="test" />
  </properties>
  <testcase classname="kr.pe.sinnori.common.buildsystem.ProjectBuilderTest" name="testCreateProject_onlyWebClientBuild" time="0.523" />
  <testcase classname="kr.pe.sinnori.common.buildsystem.ProjectBuilderTest" name="testChangeProjectState" time="15.395" />
  <testcase classname="kr.pe.sinnori.common.buildsystem.ProjectBuilderTest" name="testConstructor_badSinnoriInstalledPath_notExist" time="0.001" />
  <testcase classname="kr.pe.sinnori.common.buildsystem.ProjectBuilderTest" name="testGetMainProjectBuildSystemState" time="3.082" />
  <testcase classname="kr.pe.sinnori.common.buildsystem.ProjectBuilderTest" name="testConstructor_badProjectName_notDirectory" time="0.001" />
  <testcase classname="kr.pe.sinnori.common.buildsystem.ProjectBuilderTest" name="testConstructor_badSinnoriInstalledPath_notDirecotry" time="0.001" />
  <testcase classname="kr.pe.sinnori.common.buildsystem.ProjectBuilderTest" name="testCreateProject_onlyAppClientBuild" time="0.198" />
  <testcase classname="kr.pe.sinnori.common.buildsystem.ProjectBuilderTest" name="test" time="0.092" />
  <testcase classname="kr.pe.sinnori.common.buildsystem.ProjectBuilderTest" name="testIsValidSeverAntBuildXMLFile" time="0.335" />
  <testcase classname="kr.pe.sinnori.common.buildsystem.ProjectBuilderTest" name="testWhetherOnlyProjectPathExists_projectPathNotExsitCase" time="0.0" />
  <testcase classname="kr.pe.sinnori.common.buildsystem.ProjectBuilderTest" name="testCreateProject_AllTypeBuild" time="16.993" />
  <testcase classname="kr.pe.sinnori.common.buildsystem.ProjectBuilderTest" name="testConstructor_badProjectBasePath_notDirectory" time="0.001" />
  <testcase classname="kr.pe.sinnori.common.buildsystem.ProjectBuilderTest" name="testApplySinnoriInstalledPath" time="0.809">
    <failure message="the backup seq properties is not same to the modified seq properties applying Sinnori installed path" type="junit.framework.AssertionFailedError">junit.framework.AssertionFailedError: the backup seq properties is not same to the modified seq properties applying Sinnori installed path
	at kr.pe.sinnori.common.buildsystem.ProjectBuilderTest.testApplySinnoriInstalledPath(ProjectBuilderTest.java:793)
</failure>
  </testcase>
  <testcase classname="kr.pe.sinnori.common.buildsystem.ProjectBuilderTest" name="testWhetherOnlyProjectPathExists_projectPathExsitCase" time="0.0" />
  <testcase classname="kr.pe.sinnori.common.buildsystem.ProjectBuilderTest" name="testConstructor_badProjectBasePath_notExist" time="0.0" />
  <testcase classname="kr.pe.sinnori.common.buildsystem.ProjectBuilderTest" name="testCreateProject_onlyServerBuild" time="0.257" />
  <system-out><![CDATA[09:45:29.935 [main] INFO  k.p.s.c.buildsystem.ProjectBuilder - main project[sample_test]'s child direcotry creation task start
09:45:29.938 [main] INFO  k.p.s.c.buildsystem.ProjectBuilder - main project[sample_test]'s common child direcotry creation task start
09:45:29.939 [main] INFO  k.p.s.common.util.CommonStaticUtil - the new child relative direcotry[D:\gitsinnori\sinnori\project\sample_test][config] was created successfully
09:45:29.940 [main] INFO  k.p.s.common.util.CommonStaticUtil - the new child relative direcotry[D:\gitsinnori\sinnori\project\sample_test][resources/dbcp] was created successfully
09:45:29.940 [main] INFO  k.p.s.common.util.CommonStaticUtil - the new child relative direcotry[D:\gitsinnori\sinnori\project\sample_test][resources/message_info] was created successfully
09:45:29.940 [main] INFO  k.p.s.common.util.CommonStaticUtil - the new child relative direcotry[D:\gitsinnori\sinnori\project\sample_test][resources/rsa_keypair] was created successfully
09:45:29.941 [main] INFO  k.p.s.common.util.CommonStaticUtil - the new child relative direcotry[D:\gitsinnori\sinnori\project\sample_test][log/apache] was created successfully
09:45:29.941 [main] INFO  k.p.s.common.util.CommonStaticUtil - the new child relative direcotry[D:\gitsinnori\sinnori\project\sample_test][log/client] was created successfully
09:45:29.941 [main] INFO  k.p.s.common.util.CommonStaticUtil - the new child relative direcotry[D:\gitsinnori\sinnori\project\sample_test][log/server] was created successfully
09:45:29.942 [main] INFO  k.p.s.common.util.CommonStaticUtil - the new child relative direcotry[D:\gitsinnori\sinnori\project\sample_test][log/servlet] was created successfully
09:45:29.942 [main] INFO  k.p.s.c.buildsystem.ProjectBuilder - main project[sample_test]'s common child direcotry creation task end
09:45:29.942 [main] INFO  k.p.s.c.buildsystem.ProjectBuilder - main project[sample_test]'s web build child direcotry creation task start
09:45:29.943 [main] INFO  k.p.s.common.util.CommonStaticUtil - the new child relative direcotry[D:\gitsinnori\sinnori\project\sample_test][client_build/web_build/corelib/ex] was created successfully
09:45:29.943 [main] INFO  k.p.s.common.util.CommonStaticUtil - the new child relative direcotry[D:\gitsinnori\sinnori\project\sample_test][client_build/web_build/corelib/in] was created successfully
09:45:29.944 [main] INFO  k.p.s.common.util.CommonStaticUtil - the new child relative direcotry[D:\gitsinnori\sinnori\project\sample_test][client_build/web_build/lib/main/ex] was created successfully
09:45:29.944 [main] INFO  k.p.s.common.util.CommonStaticUtil - the new child relative direcotry[D:\gitsinnori\sinnori\project\sample_test][client_build/web_build/lib/main/in] was created successfully
09:45:29.945 [main] INFO  k.p.s.common.util.CommonStaticUtil - the new child relative direcotry[D:\gitsinnori\sinnori\project\sample_test][client_build/web_build/lib/test] was created successfully
09:45:29.947 [main] INFO  k.p.s.common.util.CommonStaticUtil - the new child relative direcotry[D:\gitsinnori\sinnori\project\sample_test][client_build/web_build/src/main/java/kr/pe/sinnori/impl/message] was created successfully
09:45:29.947 [main] INFO  k.p.s.common.util.CommonStaticUtil - the new child relative direcotry[D:\gitsinnori\sinnori\project\sample_test][client_build/web_build/src/main/java//kr/pe/sinnori/servlet] was created successfully
09:45:29.948 [main] INFO  k.p.s.common.util.CommonStaticUtil - the new child relative direcotry[D:\gitsinnori\sinnori\project\sample_test][client_build/web_build/src/main/java/kr/pe/sinnori/weblib/common] was created successfully
09:45:29.948 [main] INFO  k.p.s.common.util.CommonStaticUtil - the new child relative direcotry[D:\gitsinnori\sinnori\project\sample_test][client_build/web_build/src/main/java/kr/pe/sinnori/weblib/htmlstring] was created successfully
09:45:29.949 [main] INFO  k.p.s.common.util.CommonStaticUtil - the new child relative direcotry[D:\gitsinnori\sinnori\project\sample_test][client_build/web_build/src/main/java/kr/pe/sinnori/weblib/jdf] was created successfully
09:45:29.978 [main] INFO  k.p.s.common.util.CommonStaticUtil - the new child relative direcotry[D:\gitsinnori\sinnori\project\sample_test][client_build/web_build/src/test/java] was created successfully
09:45:29.978 [main] INFO  k.p.s.common.util.CommonStaticUtil - the new child relative direcotry[D:\gitsinnori\sinnori\project\sample_test][client_build/web_build/build] was created successfully
09:45:29.979 [main] INFO  k.p.s.common.util.CommonStaticUtil - the new child relative direcotry[D:\gitsinnori\sinnori\project\sample_test][client_build/web_build/dist] was created successfully
09:45:29.979 [main] INFO  k.p.s.c.buildsystem.ProjectBuilder - main project[sample_test]'s web build child direcotry creation task end
09:45:29.979 [main] INFO  k.p.s.c.buildsystem.ProjectBuilder - main project[sample_test]'s web root child direcotry creation task start
09:45:29.980 [main] INFO  k.p.s.common.util.CommonStaticUtil - the new child relative direcotry[D:\gitsinnori\sinnori\project\sample_test][web_app_base/upload] was created successfully
09:45:29.981 [main] INFO  k.p.s.common.util.CommonStaticUtil - the new child relative direcotry[D:\gitsinnori\sinnori\project\sample_test][web_app_base/ROOT/WEB-INF/classes] was created successfully
09:45:29.981 [main] INFO  k.p.s.common.util.CommonStaticUtil - the new child relative direcotry[D:\gitsinnori\sinnori\project\sample_test][web_app_base/ROOT/WEB-INF/lib] was created successfully
09:45:29.981 [main] INFO  k.p.s.c.buildsystem.ProjectBuilder - main project[sample_test]'s web root child direcotry creation task end
09:45:29.981 [main] INFO  k.p.s.c.buildsystem.ProjectBuilder - main project[sample_test]'s child direcotry creation task end
09:45:29.981 [main] INFO  k.p.s.c.buildsystem.ProjectBuilder - main project[sample_test]'s file creation task start
09:45:29.981 [main] INFO  k.p.s.c.buildsystem.ProjectBuilder - main project[sample_test]'s config file creation task start
09:45:30.002 [main] INFO  k.p.s.c.util.SequencedPropertiesUtil - the sequenced properties file[D:\gitsinnori\sinnori\project\sample_test\config\sinnori.properties] was created
09:45:30.010 [main] INFO  k.p.s.c.buildsystem.ProjectBuilder - main project[sample_test]'s config file creation task end
09:45:30.010 [main] INFO  k.p.s.c.buildsystem.ProjectBuilder - the mainproject[sample_test]'s resources directory copy task start
09:45:30.032 [main] INFO  k.p.s.c.buildsystem.ProjectBuilder - the mainproject[sample_test]'s resources directory copy task end
09:45:30.032 [main] INFO  k.p.s.c.buildsystem.ProjectBuilder - main project[sample_test]'s web client build system files creation task start
09:45:30.032 [main] INFO  k.p.s.c.buildsystem.ProjectBuilder - main project[sample_test]'s web client ant build.xml file creation task start
09:45:30.035 [main] INFO  k.p.s.c.buildsystem.ProjectBuilder - main project[sample_test]'s web client ant build.xml file creation task end
09:45:30.035 [main] INFO  k.p.s.c.buildsystem.ProjectBuilder - main project[sample_test]'s web client ant properties file creation task start
09:45:30.036 [main] INFO  k.p.s.c.util.SequencedPropertiesUtil - the sequenced properties file[D:\gitsinnori\sinnori\project\sample_test\client_build\web_build\webAnt.properties] was created
09:45:30.039 [main] INFO  k.p.s.c.buildsystem.ProjectBuilder - main project[sample_test]'s web client ant properties file creation task end
09:45:30.039 [main] INFO  k.p.s.c.buildsystem.ProjectBuilder - main project[sample_test]'s web client message io file set creation task start
09:45:30.039 [main] INFO  k.p.s.common.util.CommonStaticUtil - the new child relative direcotry[D:\gitsinnori\sinnori\project\sample_test\client_build\web_build\src\main\java\kr\pe\sinnori\impl\message][Echo] was created successfully
09:45:30.040 [main] INFO  k.p.s.c.buildsystem.ProjectBuilder - main project[sample_test]'s message file[Echo][D:\gitsinnori\sinnori\project\sample_test\client_build\web_build\src\main\java\kr\pe\sinnori\impl\message] creation task start
09:45:30.123 [main] INFO  k.p.s.c.m.b.i.SingleItemTypeManger - the sinnori message information .xsl temporary file[C:\Users\user\AppData\Local\Temp\SinnoriMsgXSL6887677098610876771.tmp] was created successfully
09:45:30.169 [main] INFO  k.p.s.c.buildsystem.ProjectBuilder - main project[sample_test]'s message file[Echo][D:\gitsinnori\sinnori\project\sample_test\client_build\web_build\src\main\java\kr\pe\sinnori\impl\message] creation task end
09:45:30.169 [main] INFO  k.p.s.c.buildsystem.ProjectBuilder - main project[sample_test]'s message decoder file[Echo][D:\gitsinnori\sinnori\project\sample_test\client_build\web_build\src\main\java\kr\pe\sinnori\impl\message] creation task start
09:45:30.177 [main] INFO  k.p.s.c.buildsystem.ProjectBuilder - main project[sample_test]'s message decoder file[Echo][D:\gitsinnori\sinnori\project\sample_test\client_build\web_build\src\main\java\kr\pe\sinnori\impl\message] creation task end
09:45:30.177 [main] INFO  k.p.s.c.buildsystem.ProjectBuilder - main project[sample_test]'s message encoder file[Echo][D:\gitsinnori\sinnori\project\sample_test\client_build\web_build\src\main\java\kr\pe\sinnori\impl\message] creation task start
09:45:30.185 [main] INFO  k.p.s.c.buildsystem.ProjectBuilder - main project[sample_test]'s message encoder file[Echo][D:\gitsinnori\sinnori\project\sample_test\client_build\web_build\src\main\java\kr\pe\sinnori\impl\message] creation task end
09:45:30.185 [main] INFO  k.p.s.c.buildsystem.ProjectBuilder - main project[sample_test]'s message server codec file[Echo][D:\gitsinnori\sinnori\project\sample_test\client_build\web_build\src\main\java\kr\pe\sinnori\impl\message] creation task start
09:45:30.187 [main] INFO  k.p.s.c.buildsystem.ProjectBuilder - main project[sample_test]'s message server codec file[Echo][D:\gitsinnori\sinnori\project\sample_test\client_build\web_build\src\main\java\kr\pe\sinnori\impl\message] creation task end
09:45:30.187 [main] INFO  k.p.s.c.buildsystem.ProjectBuilder - main project[sample_test]'s message client codec file[Echo][D:\gitsinnori\sinnori\project\sample_test\client_build\web_build\src\main\java\kr\pe\sinnori\impl\message] creation task start
09:45:30.188 [main] INFO  k.p.s.c.buildsystem.ProjectBuilder - main project[sample_test]'s message client codec file[Echo][D:\gitsinnori\sinnori\project\sample_test\client_build\web_build\src\main\java\kr\pe\sinnori\impl\message] creation task end
09:45:30.188 [main] INFO  k.p.s.common.util.CommonStaticUtil - the new child relative direcotry[D:\gitsinnori\sinnori\project\sample_test\client_build\web_build\src\main\java\kr\pe\sinnori\impl\message][PublicKeyReq] was created successfully
09:45:30.189 [main] INFO  k.p.s.c.buildsystem.ProjectBuilder - main project[sample_test]'s message file[PublicKeyReq][D:\gitsinnori\sinnori\project\sample_test\client_build\web_build\src\main\java\kr\pe\sinnori\impl\message] creation task start
09:45:30.196 [main] INFO  k.p.s.c.buildsystem.ProjectBuilder - main project[sample_test]'s message file[PublicKeyReq][D:\gitsinnori\sinnori\project\sample_test\client_build\web_build\src\main\java\kr\pe\sinnori\impl\message] creation task end
09:45:30.197 [main] INFO  k.p.s.c.buildsystem.ProjectBuilder - main project[sample_test]'s message decoder file[PublicKeyReq][D:\gitsinnori\sinnori\project\sample_test\client_build\web_build\src\main\java\kr\pe\sinnori\impl\message] creation task start
09:45:30.205 [main] INFO  k.p.s.c.buildsystem.ProjectBuilder - main project[sample_test]'s message decoder file[PublicKeyReq][D:\gitsinnori\sinnori\project\sample_test\client_build\web_build\src\main\java\kr\pe\sinnori\impl\message] creation task end
09:45:30.205 [main] INFO  k.p.s.c.buildsystem.ProjectBuilder - main project[sample_test]'s message encoder file[PublicKeyReq][D:\gitsinnori\sinnori\project\sample_test\client_build\web_build\src\main\java\kr\pe\sinnori\impl\message] creation task start
09:45:30.211 [main] INFO  k.p.s.c.buildsystem.ProjectBuilder - main project[sample_test]'s message encoder file[PublicKeyReq][D:\gitsinnori\sinnori\project\sample_test\client_build\web_build\src\main\java\kr\pe\sinnori\impl\message] creation task end
09:45:30.211 [main] INFO  k.p.s.c.buildsystem.ProjectBuilder - main project[sample_test]'s message server codec file[PublicKeyReq][D:\gitsinnori\sinnori\project\sample_test\client_build\web_build\src\main\java\kr\pe\sinnori\impl\message] creation task start
09:45:30.213 [main] INFO  k.p.s.c.buildsystem.ProjectBuilder - main project[sample_test]'s message server codec file[PublicKeyReq][D:\gitsinnori\sinnori\project\sample_test\client_build\web_build\src\main\java\kr\pe\sinnori\impl\message] creation task end
09:45:30.213 [main] INFO  k.p.s.c.buildsystem.ProjectBuilder - main project[sample_test]'s message client codec file[PublicKeyReq][D:\gitsinnori\sinnori\project\sample_test\client_build\web_build\src\main\java\kr\pe\sinnori\impl\message] creation task start
09:45:30.214 [main] INFO  k.p.s.c.buildsystem.ProjectBuilder - main project[sample_test]'s message client codec file[PublicKeyReq][D:\gitsinnori\sinnori\project\sample_test\client_build\web_build\src\main\java\kr\pe\sinnori\impl\message] creation task end
09:45:30.215 [main] INFO  k.p.s.common.util.CommonStaticUtil - the new child relative direcotry[D:\gitsinnori\sinnori\project\sample_test\client_build\web_build\src\main\java\kr\pe\sinnori\impl\message][PublicKeyRes] was created successfully
09:45:30.215 [main] INFO  k.p.s.c.buildsystem.ProjectBuilder - main project[sample_test]'s message file[PublicKeyRes][D:\gitsinnori\sinnori\project\sample_test\client_build\web_build\src\main\java\kr\pe\sinnori\impl\message] creation task start
09:45:30.223 [main] INFO  k.p.s.c.buildsystem.ProjectBuilder - main project[sample_test]'s message file[PublicKeyRes][D:\gitsinnori\sinnori\project\sample_test\client_build\web_build\src\main\java\kr\pe\sinnori\impl\message] creation task end
09:45:30.223 [main] INFO  k.p.s.c.buildsystem.ProjectBuilder - main project[sample_test]'s message decoder file[PublicKeyRes][D:\gitsinnori\sinnori\project\sample_test\client_build\web_build\src\main\java\kr\pe\sinnori\impl\message] creation task start
09:45:30.229 [main] INFO  k.p.s.c.buildsystem.ProjectBuilder - main project[sample_test]'s message decoder file[PublicKeyRes][D:\gitsinnori\sinnori\project\sample_test\client_build\web_build\src\main\java\kr\pe\sinnori\impl\message] creation task end
09:45:30.229 [main] INFO  k.p.s.c.buildsystem.ProjectBuilder - main project[sample_test]'s message encoder file[PublicKeyRes][D:\gitsinnori\sinnori\project\sample_test\client_build\web_build\src\main\java\kr\pe\sinnori\impl\message] creation task start
09:45:30.235 [main] INFO  k.p.s.c.buildsystem.ProjectBuilder - main project[sample_test]'s message encoder file[PublicKeyRes][D:\gitsinnori\sinnori\project\sample_test\client_build\web_build\src\main\java\kr\pe\sinnori\impl\message] creation task end
09:45:30.235 [main] INFO  k.p.s.c.buildsystem.ProjectBuilder - main project[sample_test]'s message server codec file[PublicKeyRes][D:\gitsinnori\sinnori\project\sample_test\client_build\web_build\src\main\java\kr\pe\sinnori\impl\message] creation task start
09:45:30.236 [main] INFO  k.p.s.c.buildsystem.ProjectBuilder - main project[sample_test]'s message server codec file[PublicKeyRes][D:\gitsinnori\sinnori\project\sample_test\client_build\web_build\src\main\java\kr\pe\sinnori\impl\message] creation task end
09:45:30.236 [main] INFO  k.p.s.c.buildsystem.ProjectBuilder - main project[sample_test]'s message client codec file[PublicKeyRes][D:\gitsinnori\sinnori\project\sample_test\client_build\web_build\src\main\java\kr\pe\sinnori\impl\message] creation task start
09:45:30.305 [main] INFO  k.p.s.c.buildsystem.ProjectBuilder - main project[sample_test]'s message client codec file[PublicKeyRes][D:\gitsinnori\sinnori\project\sample_test\client_build\web_build\src\main\java\kr\pe\sinnori\impl\message] creation task end
09:45:30.306 [main] INFO  k.p.s.c.buildsystem.ProjectBuilder - main project[sample_test]'s web client message io file set creation task end
09:45:30.306 [main] INFO  k.p.s.c.buildsystem.ProjectBuilder - mainproject[sample_test]'s web client sample source files copy task start
09:45:30.403 [main] INFO  k.p.s.c.buildsystem.ProjectBuilder - mainproject[sample_test]'s web client sample source files copy task end
09:45:30.403 [main] INFO  k.p.s.c.buildsystem.ProjectBuilder - main project[sample_test]'s web client build system files creation task end
09:45:30.403 [main] INFO  k.p.s.c.buildsystem.ProjectBuilder - main project[sample_test]'s web root sample files creation task start
09:45:30.403 [main] INFO  k.p.s.c.buildsystem.ProjectBuilder - main project[sample_test]'s web root sample files copy task start
09:45:30.408 [main] INFO  k.p.s.c.buildsystem.ProjectBuilder - main project[sample_test]'s web root sample files copy task end
09:45:30.409 [main] INFO  k.p.s.c.buildsystem.ProjectBuilder - main project[sample_test]'s web root sample files creation task end
09:45:30.409 [main] INFO  k.p.s.c.buildsystem.ProjectBuilder - main project[sample_test]'s file creation task end
09:45:30.433 [main] INFO  k.p.s.c.buildsystem.ProjectBuilder - main project[sample_test]'s child direcotry creation task start
09:45:30.433 [main] INFO  k.p.s.c.buildsystem.ProjectBuilder - main project[sample_test]'s common child direcotry creation task start
09:45:30.433 [main] INFO  k.p.s.common.util.CommonStaticUtil - the new child relative direcotry[D:\gitsinnori\sinnori\project\sample_test][config] was created successfully
09:45:30.434 [main] INFO  k.p.s.common.util.CommonStaticUtil - the new child relative direcotry[D:\gitsinnori\sinnori\project\sample_test][resources/dbcp] was created successfully
09:45:30.434 [main] INFO  k.p.s.common.util.CommonStaticUtil - the new child relative direcotry[D:\gitsinnori\sinnori\project\sample_test][resources/message_info] was created successfully
09:45:30.434 [main] INFO  k.p.s.common.util.CommonStaticUtil - the new child relative direcotry[D:\gitsinnori\sinnori\project\sample_test][resources/rsa_keypair] was created successfully
09:45:30.435 [main] INFO  k.p.s.common.util.CommonStaticUtil - the new child relative direcotry[D:\gitsinnori\sinnori\project\sample_test][log/apache] was created successfully
09:45:30.435 [main] INFO  k.p.s.common.util.CommonStaticUtil - the new child relative direcotry[D:\gitsinnori\sinnori\project\sample_test][log/client] was created successfully
09:45:30.435 [main] INFO  k.p.s.common.util.CommonStaticUtil - the new child relative direcotry[D:\gitsinnori\sinnori\project\sample_test][log/server] was created successfully
09:45:30.435 [main] INFO  k.p.s.common.util.CommonStaticUtil - the new child relative direcotry[D:\gitsinnori\sinnori\project\sample_test][log/servlet] was created successfully
09:45:30.435 [main] INFO  k.p.s.c.buildsystem.ProjectBuilder - main project[sample_test]'s common child direcotry creation task end
09:45:30.435 [main] INFO  k.p.s.c.buildsystem.ProjectBuilder - main project[sample_test]'s server child direcotry creation task start
09:45:30.436 [main] INFO  k.p.s.common.util.CommonStaticUtil - the new child relative direcotry[D:\gitsinnori\sinnori\project\sample_test][server_build/APP-INF/classes] was created successfully
09:45:30.437 [main] INFO  k.p.s.common.util.CommonStaticUtil - the new child relative direcotry[D:\gitsinnori\sinnori\project\sample_test][server_build/corelib/ex] was created successfully
09:45:30.437 [main] INFO  k.p.s.common.util.CommonStaticUtil - the new child relative direcotry[D:\gitsinnori\sinnori\project\sample_test][server_build/corelib/in] was created successfully
09:45:30.438 [main] INFO  k.p.s.common.util.CommonStaticUtil - the new child relative direcotry[D:\gitsinnori\sinnori\project\sample_test][server_build/lib/main/ex] was created successfully
09:45:30.438 [main] INFO  k.p.s.common.util.CommonStaticUtil - the new child relative direcotry[D:\gitsinnori\sinnori\project\sample_test][server_build/lib/main/in] was created successfully
09:45:30.438 [main] INFO  k.p.s.common.util.CommonStaticUtil - the new child relative direcotry[D:\gitsinnori\sinnori\project\sample_test][server_build/lib/test] was created successfully
09:45:30.442 [main] INFO  k.p.s.common.util.CommonStaticUtil - the new child relative direcotry[D:\gitsinnori\sinnori\project\sample_test][server_build/src/main/java/kr/pe/sinnori/impl/servertask] was created successfully
09:45:30.442 [main] INFO  k.p.s.common.util.CommonStaticUtil - the new child relative direcotry[D:\gitsinnori\sinnori\project\sample_test][server_build/src/main/java/kr/pe/sinnori/impl/message] was created successfully
09:45:30.442 [main] INFO  k.p.s.common.util.CommonStaticUtil - the new child relative direcotry[D:\gitsinnori\sinnori\project\sample_test][server_build/src/main/java/main] was created successfully
09:45:30.443 [main] INFO  k.p.s.common.util.CommonStaticUtil - the new child relative direcotry[D:\gitsinnori\sinnori\project\sample_test][server_build/src/test/java] was created successfully
09:45:30.443 [main] INFO  k.p.s.common.util.CommonStaticUtil - the new child relative direcotry[D:\gitsinnori\sinnori\project\sample_test][server_build/build] was created successfully
09:45:30.532 [main] INFO  k.p.s.common.util.CommonStaticUtil - the new child relative direcotry[D:\gitsinnori\sinnori\project\sample_test][server_build/dist] was created successfully
09:45:30.532 [main] INFO  k.p.s.c.buildsystem.ProjectBuilder - main project[sample_test]'s server child direcotry creation task end
09:45:30.532 [main] INFO  k.p.s.c.buildsystem.ProjectBuilder - main project[sample_test]'s application build child direcotry creation task start
09:45:30.535 [main] INFO  k.p.s.common.util.CommonStaticUtil - the new child relative direcotry[D:\gitsinnori\sinnori\project\sample_test][client_build/app_build/corelib/ex] was created successfully
09:45:30.536 [main] INFO  k.p.s.common.util.CommonStaticUtil - the new child relative direcotry[D:\gitsinnori\sinnori\project\sample_test][client_build/app_build/corelib/in] was created successfully
09:45:30.538 [main] INFO  k.p.s.common.util.CommonStaticUtil - the new child relative direcotry[D:\gitsinnori\sinnori\project\sample_test][client_build/app_build/lib/main/ex] was created successfully
09:45:30.539 [main] INFO  k.p.s.common.util.CommonStaticUtil - the new child relative direcotry[D:\gitsinnori\sinnori\project\sample_test][client_build/app_build/lib/main/in] was created successfully
09:45:30.540 [main] INFO  k.p.s.common.util.CommonStaticUtil - the new child relative direcotry[D:\gitsinnori\sinnori\project\sample_test][client_build/app_build/lib/test] was created successfully
09:45:30.543 [main] INFO  k.p.s.common.util.CommonStaticUtil - the new child relative direcotry[D:\gitsinnori\sinnori\project\sample_test][client_build/app_build/src/main/java/kr/pe/sinnori/impl/message] was created successfully
09:45:30.543 [main] INFO  k.p.s.common.util.CommonStaticUtil - the new child relative direcotry[D:\gitsinnori\sinnori\project\sample_test][client_build/app_build/src/main/java/main] was created successfully
09:45:30.544 [main] INFO  k.p.s.common.util.CommonStaticUtil - the new child relative direcotry[D:\gitsinnori\sinnori\project\sample_test][client_build/app_build/src/test/java] was created successfully
09:45:30.544 [main] INFO  k.p.s.common.util.CommonStaticUtil - the new child relative direcotry[D:\gitsinnori\sinnori\project\sample_test][client_build/app_build/build] was created successfully
09:45:30.544 [main] INFO  k.p.s.common.util.CommonStaticUtil - the new child relative direcotry[D:\gitsinnori\sinnori\project\sample_test][client_build/app_build/dist] was created successfully
09:45:30.545 [main] INFO  k.p.s.c.buildsystem.ProjectBuilder - main project[sample_test]'s application build child direcotry creation task end
09:45:30.545 [main] INFO  k.p.s.c.buildsystem.ProjectBuilder - main project[sample_test]'s web build child direcotry creation task start
09:45:30.546 [main] INFO  k.p.s.common.util.CommonStaticUtil - the new child relative direcotry[D:\gitsinnori\sinnori\project\sample_test][client_build/web_build/corelib/ex] was created successfully
09:45:30.546 [main] INFO  k.p.s.common.util.CommonStaticUtil - the new child relative direcotry[D:\gitsinnori\sinnori\project\sample_test][client_build/web_build/corelib/in] was created successfully
09:45:30.547 [main] INFO  k.p.s.common.util.CommonStaticUtil - the new child relative direcotry[D:\gitsinnori\sinnori\project\sample_test][client_build/web_build/lib/main/ex] was created successfully
09:45:30.547 [main] INFO  k.p.s.common.util.CommonStaticUtil - the new child relative direcotry[D:\gitsinnori\sinnori\project\sample_test][client_build/web_build/lib/main/in] was created successfully
09:45:30.548 [main] INFO  k.p.s.common.util.CommonStaticUtil - the new child relative direcotry[D:\gitsinnori\sinnori\project\sample_test][client_build/web_build/lib/test] was created successfully
09:45:30.550 [main] INFO  k.p.s.common.util.CommonStaticUtil - the new child relative direcotry[D:\gitsinnori\sinnori\project\sample_test][client_build/web_build/src/main/java/kr/pe/sinnori/impl/message] was created successfully
09:45:30.551 [main] INFO  k.p.s.common.util.CommonStaticUtil - the new child relative direcotry[D:\gitsinnori\sinnori\project\sample_test][client_build/web_build/src/main/java//kr/pe/sinnori/servlet] was created successfully
09:45:30.552 [main] INFO  k.p.s.common.util.CommonStaticUtil - the new child relative direcotry[D:\gitsinnori\sinnori\project\sample_test][client_build/web_build/src/main/java/kr/pe/sinnori/weblib/common] was created successfully
09:45:30.553 [main] INFO  k.p.s.common.util.CommonStaticUtil - the new child relative direcotry[D:\gitsinnori\sinnori\project\sample_test][client_build/web_build/src/main/java/kr/pe/sinnori/weblib/htmlstring] was created successfully
09:45:30.553 [main] INFO  k.p.s.common.util.CommonStaticUtil - the new child relative direcotry[D:\gitsinnori\sinnori\project\sample_test][client_build/web_build/src/main/java/kr/pe/sinnori/weblib/jdf] was created successfully
09:45:30.554 [main] INFO  k.p.s.common.util.CommonStaticUtil - the new child relative direcotry[D:\gitsinnori\sinnori\project\sample_test][client_build/web_build/src/test/java] was created successfully
09:45:30.554 [main] INFO  k.p.s.common.util.CommonStaticUtil - the new child relative direcotry[D:\gitsinnori\sinnori\project\sample_test][client_build/web_build/build] was created successfully
09:45:30.554 [main] INFO  k.p.s.common.util.CommonStaticUtil - the new child relative direcotry[D:\gitsinnori\sinnori\project\sample_test][client_build/web_build/dist] was created successfully
09:45:30.554 [main] INFO  k.p.s.c.buildsystem.ProjectBuilder - main project[sample_test]'s web build child direcotry creation task end
09:45:30.554 [main] INFO  k.p.s.c.buildsystem.ProjectBuilder - main project[sample_test]'s web root child direcotry creation task start
09:45:30.555 [main] INFO  k.p.s.common.util.CommonStaticUtil - the new child relative direcotry[D:\gitsinnori\sinnori\project\sample_test][web_app_base/upload] was created successfully
09:45:30.556 [main] INFO  k.p.s.common.util.CommonStaticUtil - the new child relative direcotry[D:\gitsinnori\sinnori\project\sample_test][web_app_base/ROOT/WEB-INF/classes] was created successfully
09:45:30.556 [main] INFO  k.p.s.common.util.CommonStaticUtil - the new child relative direcotry[D:\gitsinnori\sinnori\project\sample_test][web_app_base/ROOT/WEB-INF/lib] was created successfully
09:45:30.556 [main] INFO  k.p.s.c.buildsystem.ProjectBuilder - main project[sample_test]'s web root child direcotry creation task end
09:45:30.556 [main] INFO  k.p.s.c.buildsystem.ProjectBuilder - main project[sample_test]'s child direcotry creation task end
09:45:30.556 [main] INFO  k.p.s.c.buildsystem.ProjectBuilder - main project[sample_test]'s file creation task start
09:45:30.556 [main] INFO  k.p.s.c.buildsystem.ProjectBuilder - main project[sample_test]'s config file creation task start
09:45:30.557 [main] INFO  k.p.s.c.util.SequencedPropertiesUtil - the sequenced properties file[D:\gitsinnori\sinnori\project\sample_test\config\sinnori.properties] was created
09:45:30.562 [main] INFO  k.p.s.c.buildsystem.ProjectBuilder - main project[sample_test]'s config file creation task end
09:45:30.562 [main] INFO  k.p.s.c.buildsystem.ProjectBuilder - the mainproject[sample_test]'s resources directory copy task start
09:45:30.580 [main] INFO  k.p.s.c.buildsystem.ProjectBuilder - the mainproject[sample_test]'s resources directory copy task end
09:45:30.581 [main] INFO  k.p.s.c.buildsystem.ProjectBuilder - server build system files creation task start
09:45:30.581 [main] INFO  k.p.s.c.buildsystem.ProjectBuilder - main project[sample_test]'s server ant build.xml file creation task start
09:45:30.582 [main] INFO  k.p.s.c.buildsystem.ProjectBuilder - main project[sample_test]'s server ant build.xml file creation task end
09:45:30.582 [main] INFO  k.p.s.c.buildsystem.ProjectBuilder - main project[sample_test]'s server dos shell file creation task start
09:45:30.585 [main] INFO  k.p.s.c.buildsystem.ProjectBuilder - main project[sample_test]'s server dos shell file creation task end
09:45:30.585 [main] INFO  k.p.s.c.buildsystem.ProjectBuilder - main project[sample_test]'s server unix shell file creation task start
09:45:30.586 [main] INFO  k.p.s.c.buildsystem.ProjectBuilder - main project[sample_test]'s server unix shell file creation task end
09:45:30.586 [main] INFO  k.p.s.c.buildsystem.ProjectBuilder - server sample source files copy task start
09:45:30.599 [main] INFO  k.p.s.c.buildsystem.ProjectBuilder - server sample source files copy task end
09:45:30.599 [main] INFO  k.p.s.c.buildsystem.ProjectBuilder - main project[sample_test]'s server message io file set creation task start
09:45:30.599 [main] INFO  k.p.s.common.util.CommonStaticUtil - the new child relative direcotry[D:\gitsinnori\sinnori\project\sample_test\server_build\src\main\java\kr\pe\sinnori\impl\message][Echo] was created successfully
09:45:30.599 [main] INFO  k.p.s.c.buildsystem.ProjectBuilder - main project[sample_test]'s message file[Echo][D:\gitsinnori\sinnori\project\sample_test\server_build\src\main\java\kr\pe\sinnori\impl\message] creation task start
09:45:30.605 [main] INFO  k.p.s.c.buildsystem.ProjectBuilder - main project[sample_test]'s message file[Echo][D:\gitsinnori\sinnori\project\sample_test\server_build\src\main\java\kr\pe\sinnori\impl\message] creation task end
09:45:30.605 [main] INFO  k.p.s.c.buildsystem.ProjectBuilder - main project[sample_test]'s message decoder file[Echo][D:\gitsinnori\sinnori\project\sample_test\server_build\src\main\java\kr\pe\sinnori\impl\message] creation task start
09:45:30.610 [main] INFO  k.p.s.c.buildsystem.ProjectBuilder - main project[sample_test]'s message decoder file[Echo][D:\gitsinnori\sinnori\project\sample_test\server_build\src\main\java\kr\pe\sinnori\impl\message] creation task end
09:45:30.610 [main] INFO  k.p.s.c.buildsystem.ProjectBuilder - main project[sample_test]'s message encoder file[Echo][D:\gitsinnori\sinnori\project\sample_test\server_build\src\main\java\kr\pe\sinnori\impl\message] creation task start
09:45:30.615 [main] INFO  k.p.s.c.buildsystem.ProjectBuilder - main project[sample_test]'s message encoder file[Echo][D:\gitsinnori\sinnori\project\sample_test\server_build\src\main\java\kr\pe\sinnori\impl\message] creation task end
09:45:30.616 [main] INFO  k.p.s.c.buildsystem.ProjectBuilder - main project[sample_test]'s message server codec file[Echo][D:\gitsinnori\sinnori\project\sample_test\server_build\src\main\java\kr\pe\sinnori\impl\message] creation task start
09:45:30.617 [main] INFO  k.p.s.c.buildsystem.ProjectBuilder - main project[sample_test]'s message server codec file[Echo][D:\gitsinnori\sinnori\project\sample_test\server_build\src\main\java\kr\pe\sinnori\impl\message] creation task end
09:45:30.617 [main] INFO  k.p.s.c.buildsystem.ProjectBuilder - main project[sample_test]'s message client codec file[Echo][D:\gitsinnori\sinnori\project\sample_test\server_build\src\main\java\kr\pe\sinnori\impl\message] creation task start
09:45:30.618 [main] INFO  k.p.s.c.buildsystem.ProjectBuilder - main project[sample_test]'s message client codec file[Echo][D:\gitsinnori\sinnori\project\sample_test\server_build\src\main\java\kr\pe\sinnori\impl\message] creation task end
09:45:30.660 [main] INFO  k.p.s.common.util.CommonStaticUtil - the new child relative direcotry[D:\gitsinnori\sinnori\project\sample_test\server_build\src\main\java\kr\pe\sinnori\impl\message][PublicKeyReq] was created successfully
09:45:30.661 [main] INFO  k.p.s.c.buildsystem.ProjectBuilder - main project[sample_test]'s message file[PublicKeyReq][D:\gitsinnori\sinnori\project\sample_test\server_build\src\main\java\kr\pe\sinnori\impl\message] creation task start
09:45:30.667 [main] INFO  k.p.s.c.buildsystem.ProjectBuilder - main project[sample_test]'s message file[PublicKeyReq][D:\gitsinnori\sinnori\project\sample_test\server_build\src\main\java\kr\pe\sinnori\impl\message] creation task end
09:45:30.668 [main] INFO  k.p.s.c.buildsystem.ProjectBuilder - main project[sample_test]'s message decoder file[PublicKeyReq][D:\gitsinnori\sinnori\project\sample_test\server_build\src\main\java\kr\pe\sinnori\impl\message] creation task start
09:45:30.676 [main] INFO  k.p.s.c.buildsystem.ProjectBuilder - main project[sample_test]'s message decoder file[PublicKeyReq][D:\gitsinnori\sinnori\project\sample_test\server_build\src\main\java\kr\pe\sinnori\impl\message] creation task end
09:45:30.676 [main] INFO  k.p.s.c.buildsystem.ProjectBuilder - main project[sample_test]'s message encoder file[PublicKeyReq][D:\gitsinnori\sinnori\project\sample_test\server_build\src\main\java\kr\pe\sinnori\impl\message] creation task start
09:45:30.680 [main] INFO  k.p.s.c.buildsystem.ProjectBuilder - main project[sample_test]'s message encoder file[PublicKeyReq][D:\gitsinnori\sinnori\project\sample_test\server_build\src\main\java\kr\pe\sinnori\impl\message] creation task end
09:45:30.681 [main] INFO  k.p.s.c.buildsystem.ProjectBuilder - main project[sample_test]'s message server codec file[PublicKeyReq][D:\gitsinnori\sinnori\project\sample_test\server_build\src\main\java\kr\pe\sinnori\impl\message] creation task start
09:45:30.682 [main] INFO  k.p.s.c.buildsystem.ProjectBuilder - main project[sample_test]'s message server codec file[PublicKeyReq][D:\gitsinnori\sinnori\project\sample_test\server_build\src\main\java\kr\pe\sinnori\impl\message] creation task end
09:45:30.682 [main] INFO  k.p.s.c.buildsystem.ProjectBuilder - main project[sample_test]'s message client codec file[PublicKeyReq][D:\gitsinnori\sinnori\project\sample_test\server_build\src\main\java\kr\pe\sinnori\impl\message] creation task start
09:45:30.684 [main] INFO  k.p.s.c.buildsystem.ProjectBuilder - main project[sample_test]'s message client codec file[PublicKeyReq][D:\gitsinnori\sinnori\project\sample_test\server_build\src\main\java\kr\pe\sinnori\impl\message] creation task end
09:45:30.684 [main] INFO  k.p.s.common.util.CommonStaticUtil - the new child relative direcotry[D:\gitsinnori\sinnori\project\sample_test\server_build\src\main\java\kr\pe\sinnori\impl\message][PublicKeyRes] was created successfully
09:45:30.684 [main] INFO  k.p.s.c.buildsystem.ProjectBuilder - main project[sample_test]'s message file[PublicKeyRes][D:\gitsinnori\sinnori\project\sample_test\server_build\src\main\java\kr\pe\sinnori\impl\message] creation task start
09:45:30.692 [main] INFO  k.p.s.c.buildsystem.ProjectBuilder - main project[sample_test]'s message file[PublicKeyRes][D:\gitsinnori\sinnori\project\sample_test\server_build\src\main\java\kr\pe\sinnori\impl\message] creation task end
09:45:30.692 [main] INFO  k.p.s.c.buildsystem.ProjectBuilder - main project[sample_test]'s message decoder file[PublicKeyRes][D:\gitsinnori\sinnori\project\sample_test\server_build\src\main\java\kr\pe\sinnori\impl\message] creation task start
09:45:30.698 [main] INFO  k.p.s.c.buildsystem.ProjectBuilder - main project[sample_test]'s message decoder file[PublicKeyRes][D:\gitsinnori\sinnori\project\sample_test\server_build\src\main\java\kr\pe\sinnori\impl\message] creation task end
09:45:30.698 [main] INFO  k.p.s.c.buildsystem.ProjectBuilder - main project[sample_test]'s message encoder file[PublicKeyRes][D:\gitsinnori\sinnori\project\sample_test\server_build\src\main\java\kr\pe\sinnori\impl\message] creation task start
09:45:30.704 [main] INFO  k.p.s.c.buildsystem.ProjectBuilder - main project[sample_test]'s message encoder file[PublicKeyRes][D:\gitsinnori\sinnori\project\sample_test\server_build\src\main\java\kr\pe\sinnori\impl\message] creation task end
09:45:30.705 [main] INFO  k.p.s.c.buildsystem.ProjectBuilder - main project[sample_test]'s message server codec file[PublicKeyRes][D:\gitsinnori\sinnori\project\sample_test\server_build\src\main\java\kr\pe\sinnori\impl\message] creation task start
09:45:30.708 [main] INFO  k.p.s.c.buildsystem.ProjectBuilder - main project[sample_test]'s message server codec file[PublicKeyRes][D:\gitsinnori\sinnori\project\sample_test\server_build\src\main\java\kr\pe\sinnori\impl\message] creation task end
09:45:30.708 [main] INFO  k.p.s.c.buildsystem.ProjectBuilder - main project[sample_test]'s message client codec file[PublicKeyRes][D:\gitsinnori\sinnori\project\sample_test\server_build\src\main\java\kr\pe\sinnori\impl\message] creation task start
09:45:30.712 [main] INFO  k.p.s.c.buildsystem.ProjectBuilder - main project[sample_test]'s message client codec file[PublicKeyRes][D:\gitsinnori\sinnori\project\sample_test\server_build\src\main\java\kr\pe\sinnori\impl\message] creation task end
09:45:30.712 [main] INFO  k.p.s.c.buildsystem.ProjectBuilder - main project[sample_test]'s server message io file set creation task end
09:45:30.712 [main] INFO  k.p.s.c.buildsystem.ProjectBuilder - server build system files creation task end
09:45:30.712 [main] INFO  k.p.s.c.buildsystem.ProjectBuilder - mainproject[sample_test]'s application client build system files creation task start
09:45:30.712 [main] INFO  k.p.s.c.buildsystem.ProjectBuilder - main project[sample_test]'s application client ant build.xml file creation task start
09:45:30.714 [main] INFO  k.p.s.c.buildsystem.ProjectBuilder - main project[sample_test]'s application client ant build.xml file creation task end
09:45:30.714 [main] INFO  k.p.s.c.buildsystem.ProjectBuilder - main project[sample_test]'s application client dos shell file creation task start
09:45:30.719 [main] INFO  k.p.s.c.buildsystem.ProjectBuilder - main project[sample_test]'s application client dos shell file creation task end
09:45:30.719 [main] INFO  k.p.s.c.buildsystem.ProjectBuilder - main project[sample_test]'s application client unix shell file creation task start
09:45:30.721 [main] INFO  k.p.s.c.buildsystem.ProjectBuilder - main project[sample_test]'s application client unix shell file creation task end
09:45:30.721 [main] INFO  k.p.s.c.buildsystem.ProjectBuilder - application client sample source files copy task start
09:45:30.731 [main] INFO  k.p.s.c.buildsystem.ProjectBuilder - application client sample source files copy task end
09:45:30.731 [main] INFO  k.p.s.c.buildsystem.ProjectBuilder - main project[sample_test]'s application client message io file set creation task start
09:45:30.731 [main] INFO  k.p.s.common.util.CommonStaticUtil - the new child relative direcotry[D:\gitsinnori\sinnori\project\sample_test\client_build\app_build\src\main\java\kr\pe\sinnori\impl\message][Echo] was created successfully
09:45:30.731 [main] INFO  k.p.s.c.buildsystem.ProjectBuilder - main project[sample_test]'s message file[Echo][D:\gitsinnori\sinnori\project\sample_test\client_build\app_build\src\main\java\kr\pe\sinnori\impl\message] creation task start
09:45:30.737 [main] INFO  k.p.s.c.buildsystem.ProjectBuilder - main project[sample_test]'s message file[Echo][D:\gitsinnori\sinnori\project\sample_test\client_build\app_build\src\main\java\kr\pe\sinnori\impl\message] creation task end
09:45:30.737 [main] INFO  k.p.s.c.buildsystem.ProjectBuilder - main project[sample_test]'s message decoder file[Echo][D:\gitsinnori\sinnori\project\sample_test\client_build\app_build\src\main\java\kr\pe\sinnori\impl\message] creation task start
09:45:30.742 [main] INFO  k.p.s.c.buildsystem.ProjectBuilder - main project[sample_test]'s message decoder file[Echo][D:\gitsinnori\sinnori\project\sample_test\client_build\app_build\src\main\java\kr\pe\sinnori\impl\message] creation task end
09:45:30.742 [main] INFO  k.p.s.c.buildsystem.ProjectBuilder - main project[sample_test]'s message encoder file[Echo][D:\gitsinnori\sinnori\project\sample_test\client_build\app_build\src\main\java\kr\pe\sinnori\impl\message] creation task start
09:45:30.748 [main] INFO  k.p.s.c.buildsystem.ProjectBuilder - main project[sample_test]'s message encoder file[Echo][D:\gitsinnori\sinnori\project\sample_test\client_build\app_build\src\main\java\kr\pe\sinnori\impl\message] creation task end
09:45:30.748 [main] INFO  k.p.s.c.buildsystem.ProjectBuilder - main project[sample_test]'s message server codec file[Echo][D:\gitsinnori\sinnori\project\sample_test\client_build\app_build\src\main\java\kr\pe\sinnori\impl\message] creation task start
09:45:30.749 [main] INFO  k.p.s.c.buildsystem.ProjectBuilder - main project[sample_test]'s message server codec file[Echo][D:\gitsinnori\sinnori\project\sample_test\client_build\app_build\src\main\java\kr\pe\sinnori\impl\message] creation task end
09:45:30.749 [main] INFO  k.p.s.c.buildsystem.ProjectBuilder - main project[sample_test]'s message client codec file[Echo][D:\gitsinnori\sinnori\project\sample_test\client_build\app_build\src\main\java\kr\pe\sinnori\impl\message] creation task start
09:45:30.751 [main] INFO  k.p.s.c.buildsystem.ProjectBuilder - main project[sample_test]'s message client codec file[Echo][D:\gitsinnori\sinnori\project\sample_test\client_build\app_build\src\main\java\kr\pe\sinnori\impl\message] creation task end
09:45:30.751 [main] INFO  k.p.s.common.util.CommonStaticUtil - the new child relative direcotry[D:\gitsinnori\sinnori\project\sample_test\client_build\app_build\src\main\java\kr\pe\sinnori\impl\message][PublicKeyReq] was created successfully
09:45:30.751 [main] INFO  k.p.s.c.buildsystem.ProjectBuilder - main project[sample_test]'s message file[PublicKeyReq][D:\gitsinnori\sinnori\project\sample_test\client_build\app_build\src\main\java\kr\pe\sinnori\impl\message] creation task start
09:45:30.757 [main] INFO  k.p.s.c.buildsystem.ProjectBuilder - main project[sample_test]'s message file[PublicKeyReq][D:\gitsinnori\sinnori\project\sample_test\client_build\app_build\src\main\java\kr\pe\sinnori\impl\message] creation task end
09:45:30.815 [main] INFO  k.p.s.c.buildsystem.ProjectBuilder - main project[sample_test]'s message decoder file[PublicKeyReq][D:\gitsinnori\sinnori\project\sample_test\client_build\app_build\src\main\java\kr\pe\sinnori\impl\message] creation task start
09:45:30.821 [main] INFO  k.p.s.c.buildsystem.ProjectBuilder - main project[sample_test]'s message decoder file[PublicKeyReq][D:\gitsinnori\sinnori\project\sample_test\client_build\app_build\src\main\java\kr\pe\sinnori\impl\message] creation task end
09:45:30.821 [main] INFO  k.p.s.c.buildsystem.ProjectBuilder - main project[sample_test]'s message encoder file[PublicKeyReq][D:\gitsinnori\sinnori\project\sample_test\client_build\app_build\src\main\java\kr\pe\sinnori\impl\message] creation task start
09:45:30.827 [main] INFO  k.p.s.c.buildsystem.ProjectBuilder - main project[sample_test]'s message encoder file[PublicKeyReq][D:\gitsinnori\sinnori\project\sample_test\client_build\app_build\src\main\java\kr\pe\sinnori\impl\message] creation task end
09:45:30.827 [main] INFO  k.p.s.c.buildsystem.ProjectBuilder - main project[sample_test]'s message server codec file[PublicKeyReq][D:\gitsinnori\sinnori\project\sample_test\client_build\app_build\src\main\java\kr\pe\sinnori\impl\message] creation task start
09:45:30.828 [main] INFO  k.p.s.c.buildsystem.ProjectBuilder - main project[sample_test]'s message server codec file[PublicKeyReq][D:\gitsinnori\sinnori\project\sample_test\client_build\app_build\src\main\java\kr\pe\sinnori\impl\message] creation task end
09:45:30.829 [main] INFO  k.p.s.c.buildsystem.ProjectBuilder - main project[sample_test]'s message client codec file[PublicKeyReq][D:\gitsinnori\sinnori\project\sample_test\client_build\app_build\src\main\java\kr\pe\sinnori\impl\message] creation task start
09:45:30.830 [main] INFO  k.p.s.c.buildsystem.ProjectBuilder - main project[sample_test]'s message client codec file[PublicKeyReq][D:\gitsinnori\sinnori\project\sample_test\client_build\app_build\src\main\java\kr\pe\sinnori\impl\message] creation task end
09:45:30.830 [main] INFO  k.p.s.common.util.CommonStaticUtil - the new child relative direcotry[D:\gitsinnori\sinnori\project\sample_test\client_build\app_build\src\main\java\kr\pe\sinnori\impl\message][PublicKeyRes] was created successfully
09:45:30.830 [main] INFO  k.p.s.c.buildsystem.ProjectBuilder - main project[sample_test]'s message file[PublicKeyRes][D:\gitsinnori\sinnori\project\sample_test\client_build\app_build\src\main\java\kr\pe\sinnori\impl\message] creation task start
09:45:30.835 [main] INFO  k.p.s.c.buildsystem.ProjectBuilder - main project[sample_test]'s message file[PublicKeyRes][D:\gitsinnori\sinnori\project\sample_test\client_build\app_build\src\main\java\kr\pe\sinnori\impl\message] creation task end
09:45:30.835 [main] INFO  k.p.s.c.buildsystem.ProjectBuilder - main project[sample_test]'s message decoder file[PublicKeyRes][D:\gitsinnori\sinnori\project\sample_test\client_build\app_build\src\main\java\kr\pe\sinnori\impl\message] creation task start
09:45:30.841 [main] INFO  k.p.s.c.buildsystem.ProjectBuilder - main project[sample_test]'s message decoder file[PublicKeyRes][D:\gitsinnori\sinnori\project\sample_test\client_build\app_build\src\main\java\kr\pe\sinnori\impl\message] creation task end
09:45:30.841 [main] INFO  k.p.s.c.buildsystem.ProjectBuilder - main project[sample_test]'s message encoder file[PublicKeyRes][D:\gitsinnori\sinnori\project\sample_test\client_build\app_build\src\main\java\kr\pe\sinnori\impl\message] creation task start
09:45:30.845 [main] INFO  k.p.s.c.buildsystem.ProjectBuilder - main project[sample_test]'s message encoder file[PublicKeyRes][D:\gitsinnori\sinnori\project\sample_test\client_build\app_build\src\main\java\kr\pe\sinnori\impl\message] creation task end
09:45:30.845 [main] INFO  k.p.s.c.buildsystem.ProjectBuilder - main project[sample_test]'s message server codec file[PublicKeyRes][D:\gitsinnori\sinnori\project\sample_test\client_build\app_build\src\main\java\kr\pe\sinnori\impl\message] creation task start
09:45:30.846 [main] INFO  k.p.s.c.buildsystem.ProjectBuilder - main project[sample_test]'s message server codec file[PublicKeyRes][D:\gitsinnori\sinnori\project\sample_test\client_build\app_build\src\main\java\kr\pe\sinnori\impl\message] creation task end
09:45:30.847 [main] INFO  k.p.s.c.buildsystem.ProjectBuilder - main project[sample_test]'s message client codec file[PublicKeyRes][D:\gitsinnori\sinnori\project\sample_test\client_build\app_build\src\main\java\kr\pe\sinnori\impl\message] creation task start
09:45:30.848 [main] INFO  k.p.s.c.buildsystem.ProjectBuilder - main project[sample_test]'s message client codec file[PublicKeyRes][D:\gitsinnori\sinnori\project\sample_test\client_build\app_build\src\main\java\kr\pe\sinnori\impl\message] creation task end
09:45:30.848 [main] INFO  k.p.s.c.buildsystem.ProjectBuilder - main project[sample_test]'s application client message io file set creation task end
09:45:30.926 [main] INFO  k.p.s.c.buildsystem.ProjectBuilder - mainproject[sample_test]'s application client build system files creation task end
09:45:30.926 [main] INFO  k.p.s.c.buildsystem.ProjectBuilder - main project[sample_test]'s web client build system files creation task start
09:45:30.926 [main] INFO  k.p.s.c.buildsystem.ProjectBuilder - main project[sample_test]'s web client ant build.xml file creation task start
09:45:30.928 [main] INFO  k.p.s.c.buildsystem.ProjectBuilder - main project[sample_test]'s web client ant build.xml file creation task end
09:45:30.929 [main] INFO  k.p.s.c.buildsystem.ProjectBuilder - main project[sample_test]'s web client ant properties file creation task start
09:45:30.929 [main] INFO  k.p.s.c.util.SequencedPropertiesUtil - the sequenced properties file[D:\gitsinnori\sinnori\project\sample_test\client_build\web_build\webAnt.properties] was created
09:45:30.931 [main] INFO  k.p.s.c.buildsystem.ProjectBuilder - main project[sample_test]'s web client ant properties file creation task end
09:45:30.931 [main] INFO  k.p.s.c.buildsystem.ProjectBuilder - main project[sample_test]'s web client message io file set creation task start
09:45:30.932 [main] INFO  k.p.s.common.util.CommonStaticUtil - the new child relative direcotry[D:\gitsinnori\sinnori\project\sample_test\client_build\web_build\src\main\java\kr\pe\sinnori\impl\message][Echo] was created successfully
09:45:30.932 [main] INFO  k.p.s.c.buildsystem.ProjectBuilder - main project[sample_test]'s message file[Echo][D:\gitsinnori\sinnori\project\sample_test\client_build\web_build\src\main\java\kr\pe\sinnori\impl\message] creation task start
09:45:30.938 [main] INFO  k.p.s.c.buildsystem.ProjectBuilder - main project[sample_test]'s message file[Echo][D:\gitsinnori\sinnori\project\sample_test\client_build\web_build\src\main\java\kr\pe\sinnori\impl\message] creation task end
09:45:30.938 [main] INFO  k.p.s.c.buildsystem.ProjectBuilder - main project[sample_test]'s message decoder file[Echo][D:\gitsinnori\sinnori\project\sample_test\client_build\web_build\src\main\java\kr\pe\sinnori\impl\message] creation task start
09:45:30.942 [main] INFO  k.p.s.c.buildsystem.ProjectBuilder - main project[sample_test]'s message decoder file[Echo][D:\gitsinnori\sinnori\project\sample_test\client_build\web_build\src\main\java\kr\pe\sinnori\impl\message] creation task end
09:45:30.943 [main] INFO  k.p.s.c.buildsystem.ProjectBuilder - main project[sample_test]'s message encoder file[Echo][D:\gitsinnori\sinnori\project\sample_test\client_build\web_build\src\main\java\kr\pe\sinnori\impl\message] creation task start
09:45:30.947 [main] INFO  k.p.s.c.buildsystem.ProjectBuilder - main project[sample_test]'s message encoder file[Echo][D:\gitsinnori\sinnori\project\sample_test\client_build\web_build\src\main\java\kr\pe\sinnori\impl\message] creation task end
09:45:30.948 [main] INFO  k.p.s.c.buildsystem.ProjectBuilder - main project[sample_test]'s message server codec file[Echo][D:\gitsinnori\sinnori\project\sample_test\client_build\web_build\src\main\java\kr\pe\sinnori\impl\message] creation task start
09:45:30.949 [main] INFO  k.p.s.c.buildsystem.ProjectBuilder - main project[sample_test]'s message server codec file[Echo][D:\gitsinnori\sinnori\project\sample_test\client_build\web_build\src\main\java\kr\pe\sinnori\impl\message] creation task end
09:45:30.949 [main] INFO  k.p.s.c.buildsystem.ProjectBuilder - main project[sample_test]'s message client codec file[Echo][D:\gitsinnori\sinnori\project\sample_test\client_build\web_build\src\main\java\kr\pe\sinnori\impl\message] creation task start
09:45:30.950 [main] INFO  k.p.s.c.buildsystem.ProjectBuilder - main project[sample_test]'s message client codec file[Echo][D:\gitsinnori\sinnori\project\sample_test\client_build\web_build\src\main\java\kr\pe\sinnori\impl\message] creation task end
09:45:30.951 [main] INFO  k.p.s.common.util.CommonStaticUtil - the new child relative direcotry[D:\gitsinnori\sinnori\project\sample_test\client_build\web_build\src\main\java\kr\pe\sinnori\impl\message][PublicKeyReq] was created successfully
09:45:30.951 [main] INFO  k.p.s.c.buildsystem.ProjectBuilder - main project[sample_test]'s message file[PublicKeyReq][D:\gitsinnori\sinnori\project\sample_test\client_build\web_build\src\main\java\kr\pe\sinnori\impl\message] creation task start
09:45:30.956 [main] INFO  k.p.s.c.buildsystem.ProjectBuilder - main project[sample_test]'s message file[PublicKeyReq][D:\gitsinnori\sinnori\project\sample_test\client_build\web_build\src\main\java\kr\pe\sinnori\impl\message] creation task end
09:45:30.956 [main] INFO  k.p.s.c.buildsystem.ProjectBuilder - main project[sample_test]'s message decoder file[PublicKeyReq][D:\gitsinnori\sinnori\project\sample_test\client_build\web_build\src\main\java\kr\pe\sinnori\impl\message] creation task start
09:45:30.960 [main] INFO  k.p.s.c.buildsystem.ProjectBuilder - main project[sample_test]'s message decoder file[PublicKeyReq][D:\gitsinnori\sinnori\project\sample_test\client_build\web_build\src\main\java\kr\pe\sinnori\impl\message] creation task end
09:45:30.960 [main] INFO  k.p.s.c.buildsystem.ProjectBuilder - main project[sample_test]'s message encoder file[PublicKeyReq][D:\gitsinnori\sinnori\project\sample_test\client_build\web_build\src\main\java\kr\pe\sinnori\impl\message] creation task start
09:45:30.964 [main] INFO  k.p.s.c.buildsystem.ProjectBuilder - main project[sample_test]'s message encoder file[PublicKeyReq][D:\gitsinnori\sinnori\project\sample_test\client_build\web_build\src\main\java\kr\pe\sinnori\impl\message] creation task end
09:45:30.964 [main] INFO  k.p.s.c.buildsystem.ProjectBuilder - main project[sample_test]'s message server codec file[PublicKeyReq][D:\gitsinnori\sinnori\project\sample_test\client_build\web_build\src\main\java\kr\pe\sinnori\impl\message] creation task start
09:45:30.965 [main] INFO  k.p.s.c.buildsystem.ProjectBuilder - main project[sample_test]'s message server codec file[PublicKeyReq][D:\gitsinnori\sinnori\project\sample_test\client_build\web_build\src\main\java\kr\pe\sinnori\impl\message] creation task end
09:45:30.966 [main] INFO  k.p.s.c.buildsystem.ProjectBuilder - main project[sample_test]'s message client codec file[PublicKeyReq][D:\gitsinnori\sinnori\project\sample_test\client_build\web_build\src\main\java\kr\pe\sinnori\impl\message] creation task start
09:45:31.044 [main] INFO  k.p.s.c.buildsystem.ProjectBuilder - main project[sample_test]'s message client codec file[PublicKeyReq][D:\gitsinnori\sinnori\project\sample_test\client_build\web_build\src\main\java\kr\pe\sinnori\impl\message] creation task end
09:45:31.044 [main] INFO  k.p.s.common.util.CommonStaticUtil - the new child relative direcotry[D:\gitsinnori\sinnori\project\sample_test\client_build\web_build\src\main\java\kr\pe\sinnori\impl\message][PublicKeyRes] was created successfully
09:45:31.045 [main] INFO  k.p.s.c.buildsystem.ProjectBuilder - main project[sample_test]'s message file[PublicKeyRes][D:\gitsinnori\sinnori\project\sample_test\client_build\web_build\src\main\java\kr\pe\sinnori\impl\message] creation task start
09:45:31.061 [main] INFO  k.p.s.c.buildsystem.ProjectBuilder - main project[sample_test]'s message file[PublicKeyRes][D:\gitsinnori\sinnori\project\sample_test\client_build\web_build\src\main\java\kr\pe\sinnori\impl\message] creation task end
09:45:31.061 [main] INFO  k.p.s.c.buildsystem.ProjectBuilder - main project[sample_test]'s message decoder file[PublicKeyRes][D:\gitsinnori\sinnori\project\sample_test\client_build\web_build\src\main\java\kr\pe\sinnori\impl\message] creation task start
09:45:31.075 [main] INFO  k.p.s.c.buildsystem.ProjectBuilder - main project[sample_test]'s message decoder file[PublicKeyRes][D:\gitsinnori\sinnori\project\sample_test\client_build\web_build\src\main\java\kr\pe\sinnori\impl\message] creation task end
09:45:31.075 [main] INFO  k.p.s.c.buildsystem.ProjectBuilder - main project[sample_test]'s message encoder file[PublicKeyRes][D:\gitsinnori\sinnori\project\sample_test\client_build\web_build\src\main\java\kr\pe\sinnori\impl\message] creation task start
09:45:31.084 [main] INFO  k.p.s.c.buildsystem.ProjectBuilder - main project[sample_test]'s message encoder file[PublicKeyRes][D:\gitsinnori\sinnori\project\sample_test\client_build\web_build\src\main\java\kr\pe\sinnori\impl\message] creation task end
09:45:31.084 [main] INFO  k.p.s.c.buildsystem.ProjectBuilder - main project[sample_test]'s message server codec file[PublicKeyRes][D:\gitsinnori\sinnori\project\sample_test\client_build\web_build\src\main\java\kr\pe\sinnori\impl\message] creation task start
09:45:31.085 [main] INFO  k.p.s.c.buildsystem.ProjectBuilder - main project[sample_test]'s message server codec file[PublicKeyRes][D:\gitsinnori\sinnori\project\sample_test\client_build\web_build\src\main\java\kr\pe\sinnori\impl\message] creation task end
09:45:31.085 [main] INFO  k.p.s.c.buildsystem.ProjectBuilder - main project[sample_test]'s message client codec file[PublicKeyRes][D:\gitsinnori\sinnori\project\sample_test\client_build\web_build\src\main\java\kr\pe\sinnori\impl\message] creation task start
09:45:31.087 [main] INFO  k.p.s.c.buildsystem.ProjectBuilder - main project[sample_test]'s message client codec file[PublicKeyRes][D:\gitsinnori\sinnori\project\sample_test\client_build\web_build\src\main\java\kr\pe\sinnori\impl\message] creation task end
09:45:31.087 [main] INFO  k.p.s.c.buildsystem.ProjectBuilder - main project[sample_test]'s web client message io file set creation task end
09:45:31.087 [main] INFO  k.p.s.c.buildsystem.ProjectBuilder - mainproject[sample_test]'s web client sample source files copy task start
09:45:31.148 [main] INFO  k.p.s.c.buildsystem.ProjectBuilder - mainproject[sample_test]'s web client sample source files copy task end
09:45:31.148 [main] INFO  k.p.s.c.buildsystem.ProjectBuilder - main project[sample_test]'s web client build system files creation task end
09:45:31.148 [main] INFO  k.p.s.c.buildsystem.ProjectBuilder - main project[sample_test]'s web root sample files creation task start
09:45:31.148 [main] INFO  k.p.s.c.buildsystem.ProjectBuilder - main project[sample_test]'s web root sample files copy task start
09:45:31.155 [main] INFO  k.p.s.c.buildsystem.ProjectBuilder - main project[sample_test]'s web root sample files copy task end
09:45:31.155 [main] INFO  k.p.s.c.buildsystem.ProjectBuilder - main project[sample_test]'s web root sample files creation task end
09:45:31.155 [main] INFO  k.p.s.c.buildsystem.ProjectBuilder - main project[sample_test]'s file creation task end
09:45:31.160 [main] INFO  k.p.s.c.config.SinnoriConfiguration - item key[sessionkey.rsa.publickey.file.value]'s value is null because its status is inactive
09:45:31.160 [main] INFO  k.p.s.c.config.SinnoriConfiguration - item key[sessionkey.rsa.privatekey.file.value]'s value is null because its status is inactive
09:45:31.160 [main] INFO  k.p.s.c.buildsystem.ProjectBuilder - main project[sample_test] changeProjectState method start
09:45:31.160 [main] INFO  k.p.s.c.buildsystem.ProjectBuilder - mainproject[sample_test]'s server build path deletion task start
09:45:31.173 [main] INFO  k.p.s.c.buildsystem.ProjectBuilder - mainproject[sample_test]'s server build path deletion task end
09:45:31.173 [main] INFO  k.p.s.c.buildsystem.ProjectBuilder - mainproject[sample_test]'s application client build path deletion task start
09:45:31.185 [main] INFO  k.p.s.c.buildsystem.ProjectBuilder - mainproject[sample_test]'s application client build path deletion task end
09:45:31.185 [main] INFO  k.p.s.c.buildsystem.ProjectBuilder - main project[sample_test]'s web client ant properties file modification task start
09:45:31.188 [main] INFO  k.p.s.c.buildsystem.ProjectBuilder - main project[sample_test]'s web client ant properties file modification task end
09:45:31.188 [main] WARN  k.p.s.c.buildsystem.ProjectBuilder - the web client build path[D:\gitsinnori\sinnori\project\sample_test\client_build\web_build] exists, so only the web client's ant properties including servlet system library path  was updated for new servletSystemLibraryPathString[D:\apache-tomcat-8.5.15\lib]
09:45:31.188 [main] WARN  k.p.s.c.buildsystem.ProjectBuilder - the web root path[D:\gitsinnori\sinnori\project\sample_test\web_app_base\ROOT] exists, so skip creation of web root
09:45:31.189 [main] INFO  k.p.s.c.buildsystem.ProjectBuilder - main project[sample_test]'s config file overwrite task start
09:45:31.193 [main] INFO  k.p.s.c.buildsystem.ProjectBuilder - main project[sample_test]'s config file overwrite task end
09:45:31.193 [main] INFO  k.p.s.c.buildsystem.ProjectBuilder - main project[sample_test] changeProjectState method end
09:45:31.193 [main] INFO  k.p.s.c.buildsystem.ProjectBuilder - the server ant build.xml file[D:\gitsinnori\sinnori\project\sample_test\server_build\build.xml] is bad :: whetherExist[false] isFile[false]
09:45:31.193 [main] INFO  k.p.s.c.buildsystem.ProjectBuilder - the app client ant build.xml file[D:\gitsinnori\sinnori\project\sample_test\client_build\app_build\build.xml] is bad :: whetherExist[false] isFile[false]
09:45:31.193 [main] INFO  k.p.s.c.buildsystem.ProjectBuilder - main project[sample_test] changeProjectState method start
09:45:31.193 [main] INFO  k.p.s.c.buildsystem.ProjectBuilder - the server ant build.xml file[D:\gitsinnori\sinnori\project\sample_test\server_build\build.xml] is bad :: whetherExist[false] isFile[false]
09:45:31.193 [main] WARN  k.p.s.c.buildsystem.ProjectBuilder - the server buid.xml file[D:\gitsinnori\sinnori\project\sample_test\server_build\build.xml] is bad beacse it doesn't exist or is not a file, so skip deletion of server build system
09:45:31.193 [main] INFO  k.p.s.c.buildsystem.ProjectBuilder - main project[sample_test]'s application build child direcotry creation task start
09:45:31.194 [main] INFO  k.p.s.common.util.CommonStaticUtil - the new child relative direcotry[D:\gitsinnori\sinnori\project\sample_test][client_build/app_build/corelib/ex] was created successfully
09:45:31.194 [main] INFO  k.p.s.common.util.CommonStaticUtil - the new child relative direcotry[D:\gitsinnori\sinnori\project\sample_test][client_build/app_build/corelib/in] was created successfully
09:45:31.195 [main] INFO  k.p.s.common.util.CommonStaticUtil - the new child relative direcotry[D:\gitsinnori\sinnori\project\sample_test][client_build/app_build/lib/main/ex] was created successfully
09:45:31.196 [main] INFO  k.p.s.common.util.CommonStaticUtil - the new child relative direcotry[D:\gitsinnori\sinnori\project\sample_test][client_build/app_build/lib/main/in] was created successfully
09:45:31.196 [main] INFO  k.p.s.common.util.CommonStaticUtil - the new child relative direcotry[D:\gitsinnori\sinnori\project\sample_test][client_build/app_build/lib/test] was created successfully
09:45:31.198 [main] INFO  k.p.s.common.util.CommonStaticUtil - the new child relative direcotry[D:\gitsinnori\sinnori\project\sample_test][client_build/app_build/src/main/java/kr/pe/sinnori/impl/message] was created successfully
09:45:31.198 [main] INFO  k.p.s.common.util.CommonStaticUtil - the new child relative direcotry[D:\gitsinnori\sinnori\project\sample_test][client_build/app_build/src/main/java/main] was created successfully
09:45:31.199 [main] INFO  k.p.s.common.util.CommonStaticUtil - the new child relative direcotry[D:\gitsinnori\sinnori\project\sample_test][client_build/app_build/src/test/java] was created successfully
09:45:31.199 [main] INFO  k.p.s.common.util.CommonStaticUtil - the new child relative direcotry[D:\gitsinnori\sinnori\project\sample_test][client_build/app_build/build] was created successfully
09:45:31.199 [main] INFO  k.p.s.common.util.CommonStaticUtil - the new child relative direcotry[D:\gitsinnori\sinnori\project\sample_test][client_build/app_build/dist] was created successfully
09:45:31.286 [main] INFO  k.p.s.c.buildsystem.ProjectBuilder - main project[sample_test]'s application build child direcotry creation task end
09:45:31.286 [main] INFO  k.p.s.c.buildsystem.ProjectBuilder - mainproject[sample_test]'s application client build system files creation task start
09:45:31.286 [main] INFO  k.p.s.c.buildsystem.ProjectBuilder - main project[sample_test]'s application client ant build.xml file creation task start
09:45:31.290 [main] INFO  k.p.s.c.buildsystem.ProjectBuilder - main project[sample_test]'s application client ant build.xml file creation task end
09:45:31.290 [main] INFO  k.p.s.c.buildsystem.ProjectBuilder - main project[sample_test]'s application client dos shell file creation task start
09:45:31.302 [main] INFO  k.p.s.c.buildsystem.ProjectBuilder - main project[sample_test]'s application client dos shell file creation task end
09:45:31.302 [main] INFO  k.p.s.c.buildsystem.ProjectBuilder - main project[sample_test]'s application client unix shell file creation task start
09:45:31.306 [main] INFO  k.p.s.c.buildsystem.ProjectBuilder - main project[sample_test]'s application client unix shell file creation task end
09:45:31.307 [main] INFO  k.p.s.c.buildsystem.ProjectBuilder - application client sample source files copy task start
09:45:31.330 [main] INFO  k.p.s.c.buildsystem.ProjectBuilder - application client sample source files copy task end
09:45:31.330 [main] INFO  k.p.s.c.buildsystem.ProjectBuilder - main project[sample_test]'s application client message io file set creation task start
09:45:31.330 [main] INFO  k.p.s.common.util.CommonStaticUtil - the new child relative direcotry[D:\gitsinnori\sinnori\project\sample_test\client_build\app_build\src\main\java\kr\pe\sinnori\impl\message][Echo] was created successfully
09:45:31.330 [main] INFO  k.p.s.c.buildsystem.ProjectBuilder - main project[sample_test]'s message file[Echo][D:\gitsinnori\sinnori\project\sample_test\client_build\app_build\src\main\java\kr\pe\sinnori\impl\message] creation task start
09:45:31.336 [main] INFO  k.p.s.c.buildsystem.ProjectBuilder - main project[sample_test]'s message file[Echo][D:\gitsinnori\sinnori\project\sample_test\client_build\app_build\src\main\java\kr\pe\sinnori\impl\message] creation task end
09:45:31.337 [main] INFO  k.p.s.c.buildsystem.ProjectBuilder - main project[sample_test]'s message decoder file[Echo][D:\gitsinnori\sinnori\project\sample_test\client_build\app_build\src\main\java\kr\pe\sinnori\impl\message] creation task start
09:45:31.344 [main] INFO  k.p.s.c.buildsystem.ProjectBuilder - main project[sample_test]'s message decoder file[Echo][D:\gitsinnori\sinnori\project\sample_test\client_build\app_build\src\main\java\kr\pe\sinnori\impl\message] creation task end
09:45:31.344 [main] INFO  k.p.s.c.buildsystem.ProjectBuilder - main project[sample_test]'s message encoder file[Echo][D:\gitsinnori\sinnori\project\sample_test\client_build\app_build\src\main\java\kr\pe\sinnori\impl\message] creation task start
09:45:31.350 [main] INFO  k.p.s.c.buildsystem.ProjectBuilder - main project[sample_test]'s message encoder file[Echo][D:\gitsinnori\sinnori\project\sample_test\client_build\app_build\src\main\java\kr\pe\sinnori\impl\message] creation task end
09:45:31.350 [main] INFO  k.p.s.c.buildsystem.ProjectBuilder - main project[sample_test]'s message server codec file[Echo][D:\gitsinnori\sinnori\project\sample_test\client_build\app_build\src\main\java\kr\pe\sinnori\impl\message] creation task start
09:45:31.351 [main] INFO  k.p.s.c.buildsystem.ProjectBuilder - main project[sample_test]'s message server codec file[Echo][D:\gitsinnori\sinnori\project\sample_test\client_build\app_build\src\main\java\kr\pe\sinnori\impl\message] creation task end
09:45:31.352 [main] INFO  k.p.s.c.buildsystem.ProjectBuilder - main project[sample_test]'s message client codec file[Echo][D:\gitsinnori\sinnori\project\sample_test\client_build\app_build\src\main\java\kr\pe\sinnori\impl\message] creation task start
09:45:31.353 [main] INFO  k.p.s.c.buildsystem.ProjectBuilder - main project[sample_test]'s message client codec file[Echo][D:\gitsinnori\sinnori\project\sample_test\client_build\app_build\src\main\java\kr\pe\sinnori\impl\message] creation task end
09:45:31.353 [main] INFO  k.p.s.common.util.CommonStaticUtil - the new child relative direcotry[D:\gitsinnori\sinnori\project\sample_test\client_build\app_build\src\main\java\kr\pe\sinnori\impl\message][PublicKeyReq] was created successfully
09:45:31.353 [main] INFO  k.p.s.c.buildsystem.ProjectBuilder - main project[sample_test]'s message file[PublicKeyReq][D:\gitsinnori\sinnori\project\sample_test\client_build\app_build\src\main\java\kr\pe\sinnori\impl\message] creation task start
09:45:31.358 [main] INFO  k.p.s.c.buildsystem.ProjectBuilder - main project[sample_test]'s message file[PublicKeyReq][D:\gitsinnori\sinnori\project\sample_test\client_build\app_build\src\main\java\kr\pe\sinnori\impl\message] creation task end
09:45:31.358 [main] INFO  k.p.s.c.buildsystem.ProjectBuilder - main project[sample_test]'s message decoder file[PublicKeyReq][D:\gitsinnori\sinnori\project\sample_test\client_build\app_build\src\main\java\kr\pe\sinnori\impl\message] creation task start
09:45:31.361 [main] INFO  k.p.s.c.buildsystem.ProjectBuilder - main project[sample_test]'s message decoder file[PublicKeyReq][D:\gitsinnori\sinnori\project\sample_test\client_build\app_build\src\main\java\kr\pe\sinnori\impl\message] creation task end
09:45:31.418 [main] INFO  k.p.s.c.buildsystem.ProjectBuilder - main project[sample_test]'s message encoder file[PublicKeyReq][D:\gitsinnori\sinnori\project\sample_test\client_build\app_build\src\main\java\kr\pe\sinnori\impl\message] creation task start
09:45:31.440 [main] INFO  k.p.s.c.buildsystem.ProjectBuilder - main project[sample_test]'s message encoder file[PublicKeyReq][D:\gitsinnori\sinnori\project\sample_test\client_build\app_build\src\main\java\kr\pe\sinnori\impl\message] creation task end
09:45:31.440 [main] INFO  k.p.s.c.buildsystem.ProjectBuilder - main project[sample_test]'s message server codec file[PublicKeyReq][D:\gitsinnori\sinnori\project\sample_test\client_build\app_build\src\main\java\kr\pe\sinnori\impl\message] creation task start
09:45:31.442 [main] INFO  k.p.s.c.buildsystem.ProjectBuilder - main project[sample_test]'s message server codec file[PublicKeyReq][D:\gitsinnori\sinnori\project\sample_test\client_build\app_build\src\main\java\kr\pe\sinnori\impl\message] creation task end
09:45:31.442 [main] INFO  k.p.s.c.buildsystem.ProjectBuilder - main project[sample_test]'s message client codec file[PublicKeyReq][D:\gitsinnori\sinnori\project\sample_test\client_build\app_build\src\main\java\kr\pe\sinnori\impl\message] creation task start
09:45:31.445 [main] INFO  k.p.s.c.buildsystem.ProjectBuilder - main project[sample_test]'s message client codec file[PublicKeyReq][D:\gitsinnori\sinnori\project\sample_test\client_build\app_build\src\main\java\kr\pe\sinnori\impl\message] creation task end
09:45:31.445 [main] INFO  k.p.s.common.util.CommonStaticUtil - the new child relative direcotry[D:\gitsinnori\sinnori\project\sample_test\client_build\app_build\src\main\java\kr\pe\sinnori\impl\message][PublicKeyRes] was created successfully
09:45:31.445 [main] INFO  k.p.s.c.buildsystem.ProjectBuilder - main project[sample_test]'s message file[PublicKeyRes][D:\gitsinnori\sinnori\project\sample_test\client_build\app_build\src\main\java\kr\pe\sinnori\impl\message] creation task start
09:45:31.454 [main] INFO  k.p.s.c.buildsystem.ProjectBuilder - main project[sample_test]'s message file[PublicKeyRes][D:\gitsinnori\sinnori\project\sample_test\client_build\app_build\src\main\java\kr\pe\sinnori\impl\message] creation task end
09:45:31.454 [main] INFO  k.p.s.c.buildsystem.ProjectBuilder - main project[sample_test]'s message decoder file[PublicKeyRes][D:\gitsinnori\sinnori\project\sample_test\client_build\app_build\src\main\java\kr\pe\sinnori\impl\message] creation task start
09:45:31.461 [main] INFO  k.p.s.c.buildsystem.ProjectBuilder - main project[sample_test]'s message decoder file[PublicKeyRes][D:\gitsinnori\sinnori\project\sample_test\client_build\app_build\src\main\java\kr\pe\sinnori\impl\message] creation task end
09:45:31.461 [main] INFO  k.p.s.c.buildsystem.ProjectBuilder - main project[sample_test]'s message encoder file[PublicKeyRes][D:\gitsinnori\sinnori\project\sample_test\client_build\app_build\src\main\java\kr\pe\sinnori\impl\message] creation task start
09:45:31.467 [main] INFO  k.p.s.c.buildsystem.ProjectBuilder - main project[sample_test]'s message encoder file[PublicKeyRes][D:\gitsinnori\sinnori\project\sample_test\client_build\app_build\src\main\java\kr\pe\sinnori\impl\message] creation task end
09:45:31.467 [main] INFO  k.p.s.c.buildsystem.ProjectBuilder - main project[sample_test]'s message server codec file[PublicKeyRes][D:\gitsinnori\sinnori\project\sample_test\client_build\app_build\src\main\java\kr\pe\sinnori\impl\message] creation task start
09:45:31.469 [main] INFO  k.p.s.c.buildsystem.ProjectBuilder - main project[sample_test]'s message server codec file[PublicKeyRes][D:\gitsinnori\sinnori\project\sample_test\client_build\app_build\src\main\java\kr\pe\sinnori\impl\message] creation task end
09:45:31.469 [main] INFO  k.p.s.c.buildsystem.ProjectBuilder - main project[sample_test]'s message client codec file[PublicKeyRes][D:\gitsinnori\sinnori\project\sample_test\client_build\app_build\src\main\java\kr\pe\sinnori\impl\message] creation task start
09:45:31.471 [main] INFO  k.p.s.c.buildsystem.ProjectBuilder - main project[sample_test]'s message client codec file[PublicKeyRes][D:\gitsinnori\sinnori\project\sample_test\client_build\app_build\src\main\java\kr\pe\sinnori\impl\message] creation task end
09:45:31.472 [main] INFO  k.p.s.c.buildsystem.ProjectBuilder - main project[sample_test]'s application client message io file set creation task end
09:45:31.472 [main] INFO  k.p.s.c.buildsystem.ProjectBuilder - mainproject[sample_test]'s application client build system files creation task end
09:45:31.472 [main] INFO  k.p.s.c.buildsystem.ProjectBuilder - main project[sample_test]'s web client build path deletion task start
09:45:31.488 [main] INFO  k.p.s.c.buildsystem.ProjectBuilder - main project[sample_test]'s web client build path deletion task end
09:45:31.489 [main] INFO  k.p.s.c.buildsystem.ProjectBuilder - main project[sample_test]'s web root path deletion task start
09:45:31.490 [main] INFO  k.p.s.c.buildsystem.ProjectBuilder - main project[sample_test]'s web root path deletion task end
09:45:31.491 [main] INFO  k.p.s.c.buildsystem.ProjectBuilder - main project[sample_test]'s config file overwrite task start
09:45:31.495 [main] INFO  k.p.s.c.buildsystem.ProjectBuilder - main project[sample_test]'s config file overwrite task end
09:45:31.495 [main] INFO  k.p.s.c.buildsystem.ProjectBuilder - main project[sample_test] changeProjectState method end
09:45:31.495 [main] INFO  k.p.s.c.buildsystem.ProjectBuilder - the server ant build.xml file[D:\gitsinnori\sinnori\project\sample_test\server_build\build.xml] is bad :: whetherExist[false] isFile[false]
09:45:31.495 [main] INFO  k.p.s.c.buildsystem.ProjectBuilder - the web client ant build.xml file[D:\gitsinnori\sinnori\project\sample_test\client_build\web_build\build.xml] is bad :: whetherExist[false] isFile[false]
09:45:31.495 [main] INFO  k.p.s.c.buildsystem.ProjectBuilder - the web.xml file[D:\gitsinnori\sinnori\project\sample_test\web_app_base\ROOT\WEB-INF\web.xml] located at web root directory is bad :: whetherExist[false] isFile[false]
09:45:31.495 [main] INFO  k.p.s.c.buildsystem.ProjectBuilder - main project[sample_test] changeProjectState method start
09:45:31.495 [main] INFO  k.p.s.c.buildsystem.ProjectBuilder - the server ant build.xml file[D:\gitsinnori\sinnori\project\sample_test\server_build\build.xml] is bad :: whetherExist[false] isFile[false]
09:45:31.495 [main] WARN  k.p.s.c.buildsystem.ProjectBuilder - the server buid.xml file[D:\gitsinnori\sinnori\project\sample_test\server_build\build.xml] is bad beacse it doesn't exist or is not a file, so skip deletion of server build system
09:45:31.495 [main] WARN  k.p.s.c.buildsystem.ProjectBuilder - the app client build path[D:\gitsinnori\sinnori\project\sample_test\client_build\app_build] exist, so skip creation of app client build system
09:45:31.495 [main] INFO  k.p.s.c.buildsystem.ProjectBuilder - main project[sample_test]'s web build child direcotry creation task start
09:45:31.496 [main] INFO  k.p.s.common.util.CommonStaticUtil - the new child relative direcotry[D:\gitsinnori\sinnori\project\sample_test][client_build/web_build/corelib/ex] was created successfully
09:45:31.564 [main] INFO  k.p.s.common.util.CommonStaticUtil - the new child relative direcotry[D:\gitsinnori\sinnori\project\sample_test][client_build/web_build/corelib/in] was created successfully
09:45:31.566 [main] INFO  k.p.s.common.util.CommonStaticUtil - the new child relative direcotry[D:\gitsinnori\sinnori\project\sample_test][client_build/web_build/lib/main/ex] was created successfully
09:45:31.566 [main] INFO  k.p.s.common.util.CommonStaticUtil - the new child relative direcotry[D:\gitsinnori\sinnori\project\sample_test][client_build/web_build/lib/main/in] was created successfully
09:45:31.567 [main] INFO  k.p.s.common.util.CommonStaticUtil - the new child relative direcotry[D:\gitsinnori\sinnori\project\sample_test][client_build/web_build/lib/test] was created successfully
09:45:31.570 [main] INFO  k.p.s.common.util.CommonStaticUtil - the new child relative direcotry[D:\gitsinnori\sinnori\project\sample_test][client_build/web_build/src/main/java/kr/pe/sinnori/impl/message] was created successfully
09:45:31.571 [main] INFO  k.p.s.common.util.CommonStaticUtil - the new child relative direcotry[D:\gitsinnori\sinnori\project\sample_test][client_build/web_build/src/main/java//kr/pe/sinnori/servlet] was created successfully
09:45:31.572 [main] INFO  k.p.s.common.util.CommonStaticUtil - the new child relative direcotry[D:\gitsinnori\sinnori\project\sample_test][client_build/web_build/src/main/java/kr/pe/sinnori/weblib/common] was created successfully
09:45:31.572 [main] INFO  k.p.s.common.util.CommonStaticUtil - the new child relative direcotry[D:\gitsinnori\sinnori\project\sample_test][client_build/web_build/src/main/java/kr/pe/sinnori/weblib/htmlstring] was created successfully
09:45:31.572 [main] INFO  k.p.s.common.util.CommonStaticUtil - the new child relative direcotry[D:\gitsinnori\sinnori\project\sample_test][client_build/web_build/src/main/java/kr/pe/sinnori/weblib/jdf] was created successfully
09:45:31.573 [main] INFO  k.p.s.common.util.CommonStaticUtil - the new child relative direcotry[D:\gitsinnori\sinnori\project\sample_test][client_build/web_build/src/test/java] was created successfully
09:45:31.573 [main] INFO  k.p.s.common.util.CommonStaticUtil - the new child relative direcotry[D:\gitsinnori\sinnori\project\sample_test][client_build/web_build/build] was created successfully
09:45:31.573 [main] INFO  k.p.s.common.util.CommonStaticUtil - the new child relative direcotry[D:\gitsinnori\sinnori\project\sample_test][client_build/web_build/dist] was created successfully
09:45:31.573 [main] INFO  k.p.s.c.buildsystem.ProjectBuilder - main project[sample_test]'s web build child direcotry creation task end
09:45:31.573 [main] INFO  k.p.s.c.buildsystem.ProjectBuilder - main project[sample_test]'s web client build system files creation task start
09:45:31.573 [main] INFO  k.p.s.c.buildsystem.ProjectBuilder - main project[sample_test]'s web client ant build.xml file creation task start
09:45:31.575 [main] INFO  k.p.s.c.buildsystem.ProjectBuilder - main project[sample_test]'s web client ant build.xml file creation task end
09:45:31.575 [main] INFO  k.p.s.c.buildsystem.ProjectBuilder - main project[sample_test]'s web client ant properties file creation task start
09:45:31.576 [main] INFO  k.p.s.c.util.SequencedPropertiesUtil - the sequenced properties file[D:\gitsinnori\sinnori\project\sample_test\client_build\web_build\webAnt.properties] was created
09:45:31.581 [main] INFO  k.p.s.c.buildsystem.ProjectBuilder - main project[sample_test]'s web client ant properties file creation task end
09:45:31.581 [main] INFO  k.p.s.c.buildsystem.ProjectBuilder - main project[sample_test]'s web client message io file set creation task start
09:45:31.581 [main] INFO  k.p.s.common.util.CommonStaticUtil - the new child relative direcotry[D:\gitsinnori\sinnori\project\sample_test\client_build\web_build\src\main\java\kr\pe\sinnori\impl\message][Echo] was created successfully
09:45:31.581 [main] INFO  k.p.s.c.buildsystem.ProjectBuilder - main project[sample_test]'s message file[Echo][D:\gitsinnori\sinnori\project\sample_test\client_build\web_build\src\main\java\kr\pe\sinnori\impl\message] creation task start
09:45:31.585 [main] INFO  k.p.s.c.buildsystem.ProjectBuilder - main project[sample_test]'s message file[Echo][D:\gitsinnori\sinnori\project\sample_test\client_build\web_build\src\main\java\kr\pe\sinnori\impl\message] creation task end
09:45:31.585 [main] INFO  k.p.s.c.buildsystem.ProjectBuilder - main project[sample_test]'s message decoder file[Echo][D:\gitsinnori\sinnori\project\sample_test\client_build\web_build\src\main\java\kr\pe\sinnori\impl\message] creation task start
09:45:31.590 [main] INFO  k.p.s.c.buildsystem.ProjectBuilder - main project[sample_test]'s message decoder file[Echo][D:\gitsinnori\sinnori\project\sample_test\client_build\web_build\src\main\java\kr\pe\sinnori\impl\message] creation task end
09:45:31.590 [main] INFO  k.p.s.c.buildsystem.ProjectBuilder - main project[sample_test]'s message encoder file[Echo][D:\gitsinnori\sinnori\project\sample_test\client_build\web_build\src\main\java\kr\pe\sinnori\impl\message] creation task start
09:45:31.594 [main] INFO  k.p.s.c.buildsystem.ProjectBuilder - main project[sample_test]'s message encoder file[Echo][D:\gitsinnori\sinnori\project\sample_test\client_build\web_build\src\main\java\kr\pe\sinnori\impl\message] creation task end
09:45:31.594 [main] INFO  k.p.s.c.buildsystem.ProjectBuilder - main project[sample_test]'s message server codec file[Echo][D:\gitsinnori\sinnori\project\sample_test\client_build\web_build\src\main\java\kr\pe\sinnori\impl\message] creation task start
09:45:31.595 [main] INFO  k.p.s.c.buildsystem.ProjectBuilder - main project[sample_test]'s message server codec file[Echo][D:\gitsinnori\sinnori\project\sample_test\client_build\web_build\src\main\java\kr\pe\sinnori\impl\message] creation task end
09:45:31.595 [main] INFO  k.p.s.c.buildsystem.ProjectBuilder - main project[sample_test]'s message client codec file[Echo][D:\gitsinnori\sinnori\project\sample_test\client_build\web_build\src\main\java\kr\pe\sinnori\impl\message] creation task start
09:45:31.596 [main] INFO  k.p.s.c.buildsystem.ProjectBuilder - main project[sample_test]'s message client codec file[Echo][D:\gitsinnori\sinnori\project\sample_test\client_build\web_build\src\main\java\kr\pe\sinnori\impl\message] creation task end
09:45:31.596 [main] INFO  k.p.s.common.util.CommonStaticUtil - the new child relative direcotry[D:\gitsinnori\sinnori\project\sample_test\client_build\web_build\src\main\java\kr\pe\sinnori\impl\message][PublicKeyReq] was created successfully
09:45:31.597 [main] INFO  k.p.s.c.buildsystem.ProjectBuilder - main project[sample_test]'s message file[PublicKeyReq][D:\gitsinnori\sinnori\project\sample_test\client_build\web_build\src\main\java\kr\pe\sinnori\impl\message] creation task start
09:45:31.600 [main] INFO  k.p.s.c.buildsystem.ProjectBuilder - main project[sample_test]'s message file[PublicKeyReq][D:\gitsinnori\sinnori\project\sample_test\client_build\web_build\src\main\java\kr\pe\sinnori\impl\message] creation task end
09:45:31.600 [main] INFO  k.p.s.c.buildsystem.ProjectBuilder - main project[sample_test]'s message decoder file[PublicKeyReq][D:\gitsinnori\sinnori\project\sample_test\client_build\web_build\src\main\java\kr\pe\sinnori\impl\message] creation task start
09:45:31.604 [main] INFO  k.p.s.c.buildsystem.ProjectBuilder - main project[sample_test]'s message decoder file[PublicKeyReq][D:\gitsinnori\sinnori\project\sample_test\client_build\web_build\src\main\java\kr\pe\sinnori\impl\message] creation task end
09:45:31.679 [main] INFO  k.p.s.c.buildsystem.ProjectBuilder - main project[sample_test]'s message encoder file[PublicKeyReq][D:\gitsinnori\sinnori\project\sample_test\client_build\web_build\src\main\java\kr\pe\sinnori\impl\message] creation task start
09:45:31.688 [main] INFO  k.p.s.c.buildsystem.ProjectBuilder - main project[sample_test]'s message encoder file[PublicKeyReq][D:\gitsinnori\sinnori\project\sample_test\client_build\web_build\src\main\java\kr\pe\sinnori\impl\message] creation task end
09:45:31.688 [main] INFO  k.p.s.c.buildsystem.ProjectBuilder - main project[sample_test]'s message server codec file[PublicKeyReq][D:\gitsinnori\sinnori\project\sample_test\client_build\web_build\src\main\java\kr\pe\sinnori\impl\message] creation task start
09:45:31.693 [main] INFO  k.p.s.c.buildsystem.ProjectBuilder - main project[sample_test]'s message server codec file[PublicKeyReq][D:\gitsinnori\sinnori\project\sample_test\client_build\web_build\src\main\java\kr\pe\sinnori\impl\message] creation task end
09:45:31.693 [main] INFO  k.p.s.c.buildsystem.ProjectBuilder - main project[sample_test]'s message client codec file[PublicKeyReq][D:\gitsinnori\sinnori\project\sample_test\client_build\web_build\src\main\java\kr\pe\sinnori\impl\message] creation task start
09:45:31.697 [main] INFO  k.p.s.c.buildsystem.ProjectBuilder - main project[sample_test]'s message client codec file[PublicKeyReq][D:\gitsinnori\sinnori\project\sample_test\client_build\web_build\src\main\java\kr\pe\sinnori\impl\message] creation task end
09:45:31.697 [main] INFO  k.p.s.common.util.CommonStaticUtil - the new child relative direcotry[D:\gitsinnori\sinnori\project\sample_test\client_build\web_build\src\main\java\kr\pe\sinnori\impl\message][PublicKeyRes] was created successfully
09:45:31.698 [main] INFO  k.p.s.c.buildsystem.ProjectBuilder - main project[sample_test]'s message file[PublicKeyRes][D:\gitsinnori\sinnori\project\sample_test\client_build\web_build\src\main\java\kr\pe\sinnori\impl\message] creation task start
09:45:31.708 [main] INFO  k.p.s.c.buildsystem.ProjectBuilder - main project[sample_test]'s message file[PublicKeyRes][D:\gitsinnori\sinnori\project\sample_test\client_build\web_build\src\main\java\kr\pe\sinnori\impl\message] creation task end
09:45:31.709 [main] INFO  k.p.s.c.buildsystem.ProjectBuilder - main project[sample_test]'s message decoder file[PublicKeyRes][D:\gitsinnori\sinnori\project\sample_test\client_build\web_build\src\main\java\kr\pe\sinnori\impl\message] creation task start
09:45:31.714 [main] INFO  k.p.s.c.buildsystem.ProjectBuilder - main project[sample_test]'s message decoder file[PublicKeyRes][D:\gitsinnori\sinnori\project\sample_test\client_build\web_build\src\main\java\kr\pe\sinnori\impl\message] creation task end
09:45:31.714 [main] INFO  k.p.s.c.buildsystem.ProjectBuilder - main project[sample_test]'s message encoder file[PublicKeyRes][D:\gitsinnori\sinnori\project\sample_test\client_build\web_build\src\main\java\kr\pe\sinnori\impl\message] creation task start
09:45:31.719 [main] INFO  k.p.s.c.buildsystem.ProjectBuilder - main project[sample_test]'s message encoder file[PublicKeyRes][D:\gitsinnori\sinnori\project\sample_test\client_build\web_build\src\main\java\kr\pe\sinnori\impl\message] creation task end
09:45:31.719 [main] INFO  k.p.s.c.buildsystem.ProjectBuilder - main project[sample_test]'s message server codec file[PublicKeyRes][D:\gitsinnori\sinnori\project\sample_test\client_build\web_build\src\main\java\kr\pe\sinnori\impl\message] creation task start
09:45:31.719 [main] INFO  k.p.s.c.buildsystem.ProjectBuilder - main project[sample_test]'s message server codec file[PublicKeyRes][D:\gitsinnori\sinnori\project\sample_test\client_build\web_build\src\main\java\kr\pe\sinnori\impl\message] creation task end
09:45:31.719 [main] INFO  k.p.s.c.buildsystem.ProjectBuilder - main project[sample_test]'s message client codec file[PublicKeyRes][D:\gitsinnori\sinnori\project\sample_test\client_build\web_build\src\main\java\kr\pe\sinnori\impl\message] creation task start
09:45:31.722 [main] INFO  k.p.s.c.buildsystem.ProjectBuilder - main project[sample_test]'s message client codec file[PublicKeyRes][D:\gitsinnori\sinnori\project\sample_test\client_build\web_build\src\main\java\kr\pe\sinnori\impl\message] creation task end
09:45:31.722 [main] INFO  k.p.s.c.buildsystem.ProjectBuilder - main project[sample_test]'s web client message io file set creation task end
09:45:31.722 [main] INFO  k.p.s.c.buildsystem.ProjectBuilder - mainproject[sample_test]'s web client sample source files copy task start
09:45:31.775 [main] INFO  k.p.s.c.buildsystem.ProjectBuilder - mainproject[sample_test]'s web client sample source files copy task end
09:45:31.775 [main] INFO  k.p.s.c.buildsystem.ProjectBuilder - main project[sample_test]'s web client build system files creation task end
09:45:31.775 [main] INFO  k.p.s.c.buildsystem.ProjectBuilder - main project[sample_test]'s web root child direcotry creation task start
09:45:31.775 [main] INFO  k.p.s.common.util.CommonStaticUtil - the child relative direcotry[D:\gitsinnori\sinnori\project\sample_test][web_app_base/upload] exist, so nothing
09:45:31.775 [main] INFO  k.p.s.common.util.CommonStaticUtil - the new child relative direcotry[D:\gitsinnori\sinnori\project\sample_test][web_app_base/ROOT/WEB-INF/classes] was created successfully
09:45:31.776 [main] INFO  k.p.s.common.util.CommonStaticUtil - the new child relative direcotry[D:\gitsinnori\sinnori\project\sample_test][web_app_base/ROOT/WEB-INF/lib] was created successfully
09:45:31.776 [main] INFO  k.p.s.c.buildsystem.ProjectBuilder - main project[sample_test]'s web root child direcotry creation task end
09:45:31.776 [main] INFO  k.p.s.c.buildsystem.ProjectBuilder - main project[sample_test]'s web root sample files creation task start
09:45:31.776 [main] INFO  k.p.s.c.buildsystem.ProjectBuilder - main project[sample_test]'s web root sample files copy task start
09:45:31.782 [main] INFO  k.p.s.c.buildsystem.ProjectBuilder - main project[sample_test]'s web root sample files copy task end
09:45:31.782 [main] INFO  k.p.s.c.buildsystem.ProjectBuilder - main project[sample_test]'s web root sample files creation task end
09:45:31.782 [main] INFO  k.p.s.c.buildsystem.ProjectBuilder - main project[sample_test]'s config file overwrite task start
09:45:31.787 [main] INFO  k.p.s.c.buildsystem.ProjectBuilder - main project[sample_test]'s config file overwrite task end
09:45:31.787 [main] INFO  k.p.s.c.buildsystem.ProjectBuilder - main project[sample_test] changeProjectState method end
09:45:31.787 [main] INFO  k.p.s.c.buildsystem.ProjectBuilder - the server ant build.xml file[D:\gitsinnori\sinnori\project\sample_test\server_build\build.xml] is bad :: whetherExist[false] isFile[false]
09:45:31.811 [main] INFO  k.p.s.c.buildsystem.ProjectBuilder - main project[sample_test] changeProjectState method start
09:45:31.811 [main] INFO  k.p.s.c.buildsystem.ProjectBuilder - main project[sample_test]'s server child direcotry creation task start
09:45:31.812 [main] INFO  k.p.s.common.util.CommonStaticUtil - the new child relative direcotry[D:\gitsinnori\sinnori\project\sample_test][server_build/APP-INF/classes] was created successfully
09:45:31.813 [main] INFO  k.p.s.common.util.CommonStaticUtil - the new child relative direcotry[D:\gitsinnori\sinnori\project\sample_test][server_build/corelib/ex] was created successfully
09:45:31.814 [main] INFO  k.p.s.common.util.CommonStaticUtil - the new child relative direcotry[D:\gitsinnori\sinnori\project\sample_test][server_build/corelib/in] was created successfully
09:45:31.815 [main] INFO  k.p.s.common.util.CommonStaticUtil - the new child relative direcotry[D:\gitsinnori\sinnori\project\sample_test][server_build/lib/main/ex] was created successfully
09:45:31.815 [main] INFO  k.p.s.common.util.CommonStaticUtil - the new child relative direcotry[D:\gitsinnori\sinnori\project\sample_test][server_build/lib/main/in] was created successfully
09:45:31.815 [main] INFO  k.p.s.common.util.CommonStaticUtil - the new child relative direcotry[D:\gitsinnori\sinnori\project\sample_test][server_build/lib/test] was created successfully
09:45:31.819 [main] INFO  k.p.s.common.util.CommonStaticUtil - the new child relative direcotry[D:\gitsinnori\sinnori\project\sample_test][server_build/src/main/java/kr/pe/sinnori/impl/servertask] was created successfully
09:45:31.819 [main] INFO  k.p.s.common.util.CommonStaticUtil - the new child relative direcotry[D:\gitsinnori\sinnori\project\sample_test][server_build/src/main/java/kr/pe/sinnori/impl/message] was created successfully
09:45:31.819 [main] INFO  k.p.s.common.util.CommonStaticUtil - the new child relative direcotry[D:\gitsinnori\sinnori\project\sample_test][server_build/src/main/java/main] was created successfully
09:45:31.820 [main] INFO  k.p.s.common.util.CommonStaticUtil - the new child relative direcotry[D:\gitsinnori\sinnori\project\sample_test][server_build/src/test/java] was created successfully
09:45:31.820 [main] INFO  k.p.s.common.util.CommonStaticUtil - the new child relative direcotry[D:\gitsinnori\sinnori\project\sample_test][server_build/build] was created successfully
09:45:31.821 [main] INFO  k.p.s.common.util.CommonStaticUtil - the new child relative direcotry[D:\gitsinnori\sinnori\project\sample_test][server_build/dist] was created successfully
09:45:31.821 [main] INFO  k.p.s.c.buildsystem.ProjectBuilder - main project[sample_test]'s server child direcotry creation task end
09:45:31.821 [main] INFO  k.p.s.c.buildsystem.ProjectBuilder - server build system files creation task start
09:45:31.821 [main] INFO  k.p.s.c.buildsystem.ProjectBuilder - main project[sample_test]'s server ant build.xml file creation task start
09:45:31.822 [main] INFO  k.p.s.c.buildsystem.ProjectBuilder - main project[sample_test]'s server ant build.xml file creation task end
09:45:31.823 [main] INFO  k.p.s.c.buildsystem.ProjectBuilder - main project[sample_test]'s server dos shell file creation task start
09:45:31.825 [main] INFO  k.p.s.c.buildsystem.ProjectBuilder - main project[sample_test]'s server dos shell file creation task end
09:45:31.825 [main] INFO  k.p.s.c.buildsystem.ProjectBuilder - main project[sample_test]'s server unix shell file creation task start
09:45:31.826 [main] INFO  k.p.s.c.buildsystem.ProjectBuilder - main project[sample_test]'s server unix shell file creation task end
09:45:31.826 [main] INFO  k.p.s.c.buildsystem.ProjectBuilder - server sample source files copy task start
09:45:31.835 [main] INFO  k.p.s.c.buildsystem.ProjectBuilder - server sample source files copy task end
09:45:31.835 [main] INFO  k.p.s.c.buildsystem.ProjectBuilder - main project[sample_test]'s server message io file set creation task start
09:45:31.835 [main] INFO  k.p.s.common.util.CommonStaticUtil - the new child relative direcotry[D:\gitsinnori\sinnori\project\sample_test\server_build\src\main\java\kr\pe\sinnori\impl\message][Echo] was created successfully
09:45:31.835 [main] INFO  k.p.s.c.buildsystem.ProjectBuilder - main project[sample_test]'s message file[Echo][D:\gitsinnori\sinnori\project\sample_test\server_build\src\main\java\kr\pe\sinnori\impl\message] creation task start
09:45:31.840 [main] INFO  k.p.s.c.buildsystem.ProjectBuilder - main project[sample_test]'s message file[Echo][D:\gitsinnori\sinnori\project\sample_test\server_build\src\main\java\kr\pe\sinnori\impl\message] creation task end
09:45:31.840 [main] INFO  k.p.s.c.buildsystem.ProjectBuilder - main project[sample_test]'s message decoder file[Echo][D:\gitsinnori\sinnori\project\sample_test\server_build\src\main\java\kr\pe\sinnori\impl\message] creation task start
09:45:31.844 [main] INFO  k.p.s.c.buildsystem.ProjectBuilder - main project[sample_test]'s message decoder file[Echo][D:\gitsinnori\sinnori\project\sample_test\server_build\src\main\java\kr\pe\sinnori\impl\message] creation task end
09:45:31.844 [main] INFO  k.p.s.c.buildsystem.ProjectBuilder - main project[sample_test]'s message encoder file[Echo][D:\gitsinnori\sinnori\project\sample_test\server_build\src\main\java\kr\pe\sinnori\impl\message] creation task start
09:45:31.848 [main] INFO  k.p.s.c.buildsystem.ProjectBuilder - main project[sample_test]'s message encoder file[Echo][D:\gitsinnori\sinnori\project\sample_test\server_build\src\main\java\kr\pe\sinnori\impl\message] creation task end
09:45:31.848 [main] INFO  k.p.s.c.buildsystem.ProjectBuilder - main project[sample_test]'s message server codec file[Echo][D:\gitsinnori\sinnori\project\sample_test\server_build\src\main\java\kr\pe\sinnori\impl\message] creation task start
09:45:31.850 [main] INFO  k.p.s.c.buildsystem.ProjectBuilder - main project[sample_test]'s message server codec file[Echo][D:\gitsinnori\sinnori\project\sample_test\server_build\src\main\java\kr\pe\sinnori\impl\message] creation task end
09:45:31.850 [main] INFO  k.p.s.c.buildsystem.ProjectBuilder - main project[sample_test]'s message client codec file[Echo][D:\gitsinnori\sinnori\project\sample_test\server_build\src\main\java\kr\pe\sinnori\impl\message] creation task start
09:45:31.851 [main] INFO  k.p.s.c.buildsystem.ProjectBuilder - main project[sample_test]'s message client codec file[Echo][D:\gitsinnori\sinnori\project\sample_test\server_build\src\main\java\kr\pe\sinnori\impl\message] creation task end
09:45:31.851 [main] INFO  k.p.s.common.util.CommonStaticUtil - the new child relative direcotry[D:\gitsinnori\sinnori\project\sample_test\server_build\src\main\java\kr\pe\sinnori\impl\message][PublicKeyReq] was created successfully
09:45:31.851 [main] INFO  k.p.s.c.buildsystem.ProjectBuilder - main project[sample_test]'s message file[PublicKeyReq][D:\gitsinnori\sinnori\project\sample_test\server_build\src\main\java\kr\pe\sinnori\impl\message] creation task start
09:45:31.855 [main] INFO  k.p.s.c.buildsystem.ProjectBuilder - main project[sample_test]'s message file[PublicKeyReq][D:\gitsinnori\sinnori\project\sample_test\server_build\src\main\java\kr\pe\sinnori\impl\message] creation task end
09:45:31.855 [main] INFO  k.p.s.c.buildsystem.ProjectBuilder - main project[sample_test]'s message decoder file[PublicKeyReq][D:\gitsinnori\sinnori\project\sample_test\server_build\src\main\java\kr\pe\sinnori\impl\message] creation task start
09:45:31.859 [main] INFO  k.p.s.c.buildsystem.ProjectBuilder - main project[sample_test]'s message decoder file[PublicKeyReq][D:\gitsinnori\sinnori\project\sample_test\server_build\src\main\java\kr\pe\sinnori\impl\message] creation task end
09:45:31.859 [main] INFO  k.p.s.c.buildsystem.ProjectBuilder - main project[sample_test]'s message encoder file[PublicKeyReq][D:\gitsinnori\sinnori\project\sample_test\server_build\src\main\java\kr\pe\sinnori\impl\message] creation task start
09:45:31.933 [main] INFO  k.p.s.c.buildsystem.ProjectBuilder - main project[sample_test]'s message encoder file[PublicKeyReq][D:\gitsinnori\sinnori\project\sample_test\server_build\src\main\java\kr\pe\sinnori\impl\message] creation task end
09:45:31.933 [main] INFO  k.p.s.c.buildsystem.ProjectBuilder - main project[sample_test]'s message server codec file[PublicKeyReq][D:\gitsinnori\sinnori\project\sample_test\server_build\src\main\java\kr\pe\sinnori\impl\message] creation task start
09:45:31.935 [main] INFO  k.p.s.c.buildsystem.ProjectBuilder - main project[sample_test]'s message server codec file[PublicKeyReq][D:\gitsinnori\sinnori\project\sample_test\server_build\src\main\java\kr\pe\sinnori\impl\message] creation task end
09:45:31.935 [main] INFO  k.p.s.c.buildsystem.ProjectBuilder - main project[sample_test]'s message client codec file[PublicKeyReq][D:\gitsinnori\sinnori\project\sample_test\server_build\src\main\java\kr\pe\sinnori\impl\message] creation task start
09:45:31.936 [main] INFO  k.p.s.c.buildsystem.ProjectBuilder - main project[sample_test]'s message client codec file[PublicKeyReq][D:\gitsinnori\sinnori\project\sample_test\server_build\src\main\java\kr\pe\sinnori\impl\message] creation task end
09:45:31.937 [main] INFO  k.p.s.common.util.CommonStaticUtil - the new child relative direcotry[D:\gitsinnori\sinnori\project\sample_test\server_build\src\main\java\kr\pe\sinnori\impl\message][PublicKeyRes] was created successfully
09:45:31.937 [main] INFO  k.p.s.c.buildsystem.ProjectBuilder - main project[sample_test]'s message file[PublicKeyRes][D:\gitsinnori\sinnori\project\sample_test\server_build\src\main\java\kr\pe\sinnori\impl\message] creation task start
09:45:31.941 [main] INFO  k.p.s.c.buildsystem.ProjectBuilder - main project[sample_test]'s message file[PublicKeyRes][D:\gitsinnori\sinnori\project\sample_test\server_build\src\main\java\kr\pe\sinnori\impl\message] creation task end
09:45:31.941 [main] INFO  k.p.s.c.buildsystem.ProjectBuilder - main project[sample_test]'s message decoder file[PublicKeyRes][D:\gitsinnori\sinnori\project\sample_test\server_build\src\main\java\kr\pe\sinnori\impl\message] creation task start
09:45:31.945 [main] INFO  k.p.s.c.buildsystem.ProjectBuilder - main project[sample_test]'s message decoder file[PublicKeyRes][D:\gitsinnori\sinnori\project\sample_test\server_build\src\main\java\kr\pe\sinnori\impl\message] creation task end
09:45:31.945 [main] INFO  k.p.s.c.buildsystem.ProjectBuilder - main project[sample_test]'s message encoder file[PublicKeyRes][D:\gitsinnori\sinnori\project\sample_test\server_build\src\main\java\kr\pe\sinnori\impl\message] creation task start
09:45:31.949 [main] INFO  k.p.s.c.buildsystem.ProjectBuilder - main project[sample_test]'s message encoder file[PublicKeyRes][D:\gitsinnori\sinnori\project\sample_test\server_build\src\main\java\kr\pe\sinnori\impl\message] creation task end
09:45:31.949 [main] INFO  k.p.s.c.buildsystem.ProjectBuilder - main project[sample_test]'s message server codec file[PublicKeyRes][D:\gitsinnori\sinnori\project\sample_test\server_build\src\main\java\kr\pe\sinnori\impl\message] creation task start
09:45:31.950 [main] INFO  k.p.s.c.buildsystem.ProjectBuilder - main project[sample_test]'s message server codec file[PublicKeyRes][D:\gitsinnori\sinnori\project\sample_test\server_build\src\main\java\kr\pe\sinnori\impl\message] creation task end
09:45:31.950 [main] INFO  k.p.s.c.buildsystem.ProjectBuilder - main project[sample_test]'s message client codec file[PublicKeyRes][D:\gitsinnori\sinnori\project\sample_test\server_build\src\main\java\kr\pe\sinnori\impl\message] creation task start
09:45:31.952 [main] INFO  k.p.s.c.buildsystem.ProjectBuilder - main project[sample_test]'s message client codec file[PublicKeyRes][D:\gitsinnori\sinnori\project\sample_test\server_build\src\main\java\kr\pe\sinnori\impl\message] creation task end
09:45:31.952 [main] INFO  k.p.s.c.buildsystem.ProjectBuilder - main project[sample_test]'s server message io file set creation task end
09:45:31.952 [main] INFO  k.p.s.c.buildsystem.ProjectBuilder - server build system files creation task end
09:45:31.952 [main] INFO  k.p.s.c.buildsystem.ProjectBuilder - mainproject[sample_test]'s application client build path deletion task start
09:45:31.963 [main] INFO  k.p.s.c.buildsystem.ProjectBuilder - mainproject[sample_test]'s application client build path deletion task end
09:45:31.963 [main] INFO  k.p.s.c.buildsystem.ProjectBuilder - main project[sample_test]'s web client build path deletion task start
09:45:31.978 [main] INFO  k.p.s.c.buildsystem.ProjectBuilder - main project[sample_test]'s web client build path deletion task end
09:45:31.978 [main] INFO  k.p.s.c.buildsystem.ProjectBuilder - main project[sample_test]'s web root path deletion task start
09:45:31.980 [main] INFO  k.p.s.c.buildsystem.ProjectBuilder - main project[sample_test]'s web root path deletion task end
09:45:31.980 [main] INFO  k.p.s.c.buildsystem.ProjectBuilder - main project[sample_test]'s config file overwrite task start
09:45:31.984 [main] INFO  k.p.s.c.buildsystem.ProjectBuilder - main project[sample_test]'s config file overwrite task end
09:45:32.036 [main] INFO  k.p.s.c.buildsystem.ProjectBuilder - main project[sample_test] changeProjectState method end
09:45:32.036 [main] INFO  k.p.s.c.buildsystem.ProjectBuilder - the app client ant build.xml file[D:\gitsinnori\sinnori\project\sample_test\client_build\app_build\build.xml] is bad :: whetherExist[false] isFile[false]
09:45:32.036 [main] INFO  k.p.s.c.buildsystem.ProjectBuilder - the web client ant build.xml file[D:\gitsinnori\sinnori\project\sample_test\client_build\web_build\build.xml] is bad :: whetherExist[false] isFile[false]
09:45:32.036 [main] INFO  k.p.s.c.buildsystem.ProjectBuilder - the web.xml file[D:\gitsinnori\sinnori\project\sample_test\web_app_base\ROOT\WEB-INF\web.xml] located at web root directory is bad :: whetherExist[false] isFile[false]
09:45:32.036 [main] INFO  k.p.s.c.buildsystem.ProjectBuilder - main project[sample_test] changeProjectState method start
09:45:32.036 [main] WARN  k.p.s.c.buildsystem.ProjectBuilder - the server build path[D:\gitsinnori\sinnori\project\sample_test\server_build] exist, so skip creation of server build system
09:45:32.036 [main] INFO  k.p.s.c.buildsystem.ProjectBuilder - the app client ant build.xml file[D:\gitsinnori\sinnori\project\sample_test\client_build\app_build\build.xml] is bad :: whetherExist[false] isFile[false]
09:45:32.036 [main] WARN  k.p.s.c.buildsystem.ProjectBuilder - the app client buid.xml file[D:\gitsinnori\sinnori\project\sample_test\client_build\app_build\build.xml] is bad beacse it doesn't exist or is not a file, so skip deletion of app client build system
09:45:32.036 [main] INFO  k.p.s.c.buildsystem.ProjectBuilder - main project[sample_test]'s web build child direcotry creation task start
09:45:32.038 [main] INFO  k.p.s.common.util.CommonStaticUtil - the new child relative direcotry[D:\gitsinnori\sinnori\project\sample_test][client_build/web_build/corelib/ex] was created successfully
09:45:32.038 [main] INFO  k.p.s.common.util.CommonStaticUtil - the new child relative direcotry[D:\gitsinnori\sinnori\project\sample_test][client_build/web_build/corelib/in] was created successfully
09:45:32.039 [main] INFO  k.p.s.common.util.CommonStaticUtil - the new child relative direcotry[D:\gitsinnori\sinnori\project\sample_test][client_build/web_build/lib/main/ex] was created successfully
09:45:32.040 [main] INFO  k.p.s.common.util.CommonStaticUtil - the new child relative direcotry[D:\gitsinnori\sinnori\project\sample_test][client_build/web_build/lib/main/in] was created successfully
09:45:32.040 [main] INFO  k.p.s.common.util.CommonStaticUtil - the new child relative direcotry[D:\gitsinnori\sinnori\project\sample_test][client_build/web_build/lib/test] was created successfully
09:45:32.043 [main] INFO  k.p.s.common.util.CommonStaticUtil - the new child relative direcotry[D:\gitsinnori\sinnori\project\sample_test][client_build/web_build/src/main/java/kr/pe/sinnori/impl/message] was created successfully
09:45:32.043 [main] INFO  k.p.s.common.util.CommonStaticUtil - the new child relative direcotry[D:\gitsinnori\sinnori\project\sample_test][client_build/web_build/src/main/java//kr/pe/sinnori/servlet] was created successfully
09:45:32.044 [main] INFO  k.p.s.common.util.CommonStaticUtil - the new child relative direcotry[D:\gitsinnori\sinnori\project\sample_test][client_build/web_build/src/main/java/kr/pe/sinnori/weblib/common] was created successfully
09:45:32.045 [main] INFO  k.p.s.common.util.CommonStaticUtil - the new child relative direcotry[D:\gitsinnori\sinnori\project\sample_test][client_build/web_build/src/main/java/kr/pe/sinnori/weblib/htmlstring] was created successfully
09:45:32.045 [main] INFO  k.p.s.common.util.CommonStaticUtil - the new child relative direcotry[D:\gitsinnori\sinnori\project\sample_test][client_build/web_build/src/main/java/kr/pe/sinnori/weblib/jdf] was created successfully
09:45:32.046 [main] INFO  k.p.s.common.util.CommonStaticUtil - the new child relative direcotry[D:\gitsinnori\sinnori\project\sample_test][client_build/web_build/src/test/java] was created successfully
09:45:32.046 [main] INFO  k.p.s.common.util.CommonStaticUtil - the new child relative direcotry[D:\gitsinnori\sinnori\project\sample_test][client_build/web_build/build] was created successfully
09:45:32.046 [main] INFO  k.p.s.common.util.CommonStaticUtil - the new child relative direcotry[D:\gitsinnori\sinnori\project\sample_test][client_build/web_build/dist] was created successfully
09:45:32.046 [main] INFO  k.p.s.c.buildsystem.ProjectBuilder - main project[sample_test]'s web build child direcotry creation task end
09:45:32.046 [main] INFO  k.p.s.c.buildsystem.ProjectBuilder - main project[sample_test]'s web client build system files creation task start
09:45:32.046 [main] INFO  k.p.s.c.buildsystem.ProjectBuilder - main project[sample_test]'s web client ant build.xml file creation task start
09:45:32.048 [main] INFO  k.p.s.c.buildsystem.ProjectBuilder - main project[sample_test]'s web client ant build.xml file creation task end
09:45:32.048 [main] INFO  k.p.s.c.buildsystem.ProjectBuilder - main project[sample_test]'s web client ant properties file creation task start
09:45:32.049 [main] INFO  k.p.s.c.util.SequencedPropertiesUtil - the sequenced properties file[D:\gitsinnori\sinnori\project\sample_test\client_build\web_build\webAnt.properties] was created
09:45:32.053 [main] INFO  k.p.s.c.buildsystem.ProjectBuilder - main project[sample_test]'s web client ant properties file creation task end
09:45:32.053 [main] INFO  k.p.s.c.buildsystem.ProjectBuilder - main project[sample_test]'s web client message io file set creation task start
09:45:32.053 [main] INFO  k.p.s.common.util.CommonStaticUtil - the new child relative direcotry[D:\gitsinnori\sinnori\project\sample_test\client_build\web_build\src\main\java\kr\pe\sinnori\impl\message][Echo] was created successfully
09:45:32.053 [main] INFO  k.p.s.c.buildsystem.ProjectBuilder - main project[sample_test]'s message file[Echo][D:\gitsinnori\sinnori\project\sample_test\client_build\web_build\src\main\java\kr\pe\sinnori\impl\message] creation task start
09:45:32.058 [main] INFO  k.p.s.c.buildsystem.ProjectBuilder - main project[sample_test]'s message file[Echo][D:\gitsinnori\sinnori\project\sample_test\client_build\web_build\src\main\java\kr\pe\sinnori\impl\message] creation task end
09:45:32.058 [main] INFO  k.p.s.c.buildsystem.ProjectBuilder - main project[sample_test]'s message decoder file[Echo][D:\gitsinnori\sinnori\project\sample_test\client_build\web_build\src\main\java\kr\pe\sinnori\impl\message] creation task start
09:45:32.062 [main] INFO  k.p.s.c.buildsystem.ProjectBuilder - main project[sample_test]'s message decoder file[Echo][D:\gitsinnori\sinnori\project\sample_test\client_build\web_build\src\main\java\kr\pe\sinnori\impl\message] creation task end
09:45:32.062 [main] INFO  k.p.s.c.buildsystem.ProjectBuilder - main project[sample_test]'s message encoder file[Echo][D:\gitsinnori\sinnori\project\sample_test\client_build\web_build\src\main\java\kr\pe\sinnori\impl\message] creation task start
09:45:32.066 [main] INFO  k.p.s.c.buildsystem.ProjectBuilder - main project[sample_test]'s message encoder file[Echo][D:\gitsinnori\sinnori\project\sample_test\client_build\web_build\src\main\java\kr\pe\sinnori\impl\message] creation task end
09:45:32.066 [main] INFO  k.p.s.c.buildsystem.ProjectBuilder - main project[sample_test]'s message server codec file[Echo][D:\gitsinnori\sinnori\project\sample_test\client_build\web_build\src\main\java\kr\pe\sinnori\impl\message] creation task start
09:45:32.067 [main] INFO  k.p.s.c.buildsystem.ProjectBuilder - main project[sample_test]'s message server codec file[Echo][D:\gitsinnori\sinnori\project\sample_test\client_build\web_build\src\main\java\kr\pe\sinnori\impl\message] creation task end
09:45:32.068 [main] INFO  k.p.s.c.buildsystem.ProjectBuilder - main project[sample_test]'s message client codec file[Echo][D:\gitsinnori\sinnori\project\sample_test\client_build\web_build\src\main\java\kr\pe\sinnori\impl\message] creation task start
09:45:32.069 [main] INFO  k.p.s.c.buildsystem.ProjectBuilder - main project[sample_test]'s message client codec file[Echo][D:\gitsinnori\sinnori\project\sample_test\client_build\web_build\src\main\java\kr\pe\sinnori\impl\message] creation task end
09:45:32.069 [main] INFO  k.p.s.common.util.CommonStaticUtil - the new child relative direcotry[D:\gitsinnori\sinnori\project\sample_test\client_build\web_build\src\main\java\kr\pe\sinnori\impl\message][PublicKeyReq] was created successfully
09:45:32.069 [main] INFO  k.p.s.c.buildsystem.ProjectBuilder - main project[sample_test]'s message file[PublicKeyReq][D:\gitsinnori\sinnori\project\sample_test\client_build\web_build\src\main\java\kr\pe\sinnori\impl\message] creation task start
09:45:32.073 [main] INFO  k.p.s.c.buildsystem.ProjectBuilder - main project[sample_test]'s message file[PublicKeyReq][D:\gitsinnori\sinnori\project\sample_test\client_build\web_build\src\main\java\kr\pe\sinnori\impl\message] creation task end
09:45:32.073 [main] INFO  k.p.s.c.buildsystem.ProjectBuilder - main project[sample_test]'s message decoder file[PublicKeyReq][D:\gitsinnori\sinnori\project\sample_test\client_build\web_build\src\main\java\kr\pe\sinnori\impl\message] creation task start
09:45:32.077 [main] INFO  k.p.s.c.buildsystem.ProjectBuilder - main project[sample_test]'s message decoder file[PublicKeyReq][D:\gitsinnori\sinnori\project\sample_test\client_build\web_build\src\main\java\kr\pe\sinnori\impl\message] creation task end
09:45:32.152 [main] INFO  k.p.s.c.buildsystem.ProjectBuilder - main project[sample_test]'s message encoder file[PublicKeyReq][D:\gitsinnori\sinnori\project\sample_test\client_build\web_build\src\main\java\kr\pe\sinnori\impl\message] creation task start
09:45:32.158 [main] INFO  k.p.s.c.buildsystem.ProjectBuilder - main project[sample_test]'s message encoder file[PublicKeyReq][D:\gitsinnori\sinnori\project\sample_test\client_build\web_build\src\main\java\kr\pe\sinnori\impl\message] creation task end
09:45:32.158 [main] INFO  k.p.s.c.buildsystem.ProjectBuilder - main project[sample_test]'s message server codec file[PublicKeyReq][D:\gitsinnori\sinnori\project\sample_test\client_build\web_build\src\main\java\kr\pe\sinnori\impl\message] creation task start
09:45:32.160 [main] INFO  k.p.s.c.buildsystem.ProjectBuilder - main project[sample_test]'s message server codec file[PublicKeyReq][D:\gitsinnori\sinnori\project\sample_test\client_build\web_build\src\main\java\kr\pe\sinnori\impl\message] creation task end
09:45:32.160 [main] INFO  k.p.s.c.buildsystem.ProjectBuilder - main project[sample_test]'s message client codec file[PublicKeyReq][D:\gitsinnori\sinnori\project\sample_test\client_build\web_build\src\main\java\kr\pe\sinnori\impl\message] creation task start
09:45:32.162 [main] INFO  k.p.s.c.buildsystem.ProjectBuilder - main project[sample_test]'s message client codec file[PublicKeyReq][D:\gitsinnori\sinnori\project\sample_test\client_build\web_build\src\main\java\kr\pe\sinnori\impl\message] creation task end
09:45:32.162 [main] INFO  k.p.s.common.util.CommonStaticUtil - the new child relative direcotry[D:\gitsinnori\sinnori\project\sample_test\client_build\web_build\src\main\java\kr\pe\sinnori\impl\message][PublicKeyRes] was created successfully
09:45:32.162 [main] INFO  k.p.s.c.buildsystem.ProjectBuilder - main project[sample_test]'s message file[PublicKeyRes][D:\gitsinnori\sinnori\project\sample_test\client_build\web_build\src\main\java\kr\pe\sinnori\impl\message] creation task start
09:45:32.167 [main] INFO  k.p.s.c.buildsystem.ProjectBuilder - main project[sample_test]'s message file[PublicKeyRes][D:\gitsinnori\sinnori\project\sample_test\client_build\web_build\src\main\java\kr\pe\sinnori\impl\message] creation task end
09:45:32.168 [main] INFO  k.p.s.c.buildsystem.ProjectBuilder - main project[sample_test]'s message decoder file[PublicKeyRes][D:\gitsinnori\sinnori\project\sample_test\client_build\web_build\src\main\java\kr\pe\sinnori\impl\message] creation task start
09:45:32.172 [main] INFO  k.p.s.c.buildsystem.ProjectBuilder - main project[sample_test]'s message decoder file[PublicKeyRes][D:\gitsinnori\sinnori\project\sample_test\client_build\web_build\src\main\java\kr\pe\sinnori\impl\message] creation task end
09:45:32.172 [main] INFO  k.p.s.c.buildsystem.ProjectBuilder - main project[sample_test]'s message encoder file[PublicKeyRes][D:\gitsinnori\sinnori\project\sample_test\client_build\web_build\src\main\java\kr\pe\sinnori\impl\message] creation task start
09:45:32.176 [main] INFO  k.p.s.c.buildsystem.ProjectBuilder - main project[sample_test]'s message encoder file[PublicKeyRes][D:\gitsinnori\sinnori\project\sample_test\client_build\web_build\src\main\java\kr\pe\sinnori\impl\message] creation task end
09:45:32.176 [main] INFO  k.p.s.c.buildsystem.ProjectBuilder - main project[sample_test]'s message server codec file[PublicKeyRes][D:\gitsinnori\sinnori\project\sample_test\client_build\web_build\src\main\java\kr\pe\sinnori\impl\message] creation task start
09:45:32.178 [main] INFO  k.p.s.c.buildsystem.ProjectBuilder - main project[sample_test]'s message server codec file[PublicKeyRes][D:\gitsinnori\sinnori\project\sample_test\client_build\web_build\src\main\java\kr\pe\sinnori\impl\message] creation task end
09:45:32.178 [main] INFO  k.p.s.c.buildsystem.ProjectBuilder - main project[sample_test]'s message client codec file[PublicKeyRes][D:\gitsinnori\sinnori\project\sample_test\client_build\web_build\src\main\java\kr\pe\sinnori\impl\message] creation task start
09:45:32.179 [main] INFO  k.p.s.c.buildsystem.ProjectBuilder - main project[sample_test]'s message client codec file[PublicKeyRes][D:\gitsinnori\sinnori\project\sample_test\client_build\web_build\src\main\java\kr\pe\sinnori\impl\message] creation task end
09:45:32.179 [main] INFO  k.p.s.c.buildsystem.ProjectBuilder - main project[sample_test]'s web client message io file set creation task end
09:45:32.179 [main] INFO  k.p.s.c.buildsystem.ProjectBuilder - mainproject[sample_test]'s web client sample source files copy task start
09:45:32.234 [main] INFO  k.p.s.c.buildsystem.ProjectBuilder - mainproject[sample_test]'s web client sample source files copy task end
09:45:32.234 [main] INFO  k.p.s.c.buildsystem.ProjectBuilder - main project[sample_test]'s web client build system files creation task end
09:45:32.234 [main] INFO  k.p.s.c.buildsystem.ProjectBuilder - main project[sample_test]'s web root child direcotry creation task start
09:45:32.234 [main] INFO  k.p.s.common.util.CommonStaticUtil - the child relative direcotry[D:\gitsinnori\sinnori\project\sample_test][web_app_base/upload] exist, so nothing
09:45:32.235 [main] INFO  k.p.s.common.util.CommonStaticUtil - the new child relative direcotry[D:\gitsinnori\sinnori\project\sample_test][web_app_base/ROOT/WEB-INF/classes] was created successfully
09:45:32.235 [main] INFO  k.p.s.common.util.CommonStaticUtil - the new child relative direcotry[D:\gitsinnori\sinnori\project\sample_test][web_app_base/ROOT/WEB-INF/lib] was created successfully
09:45:32.235 [main] INFO  k.p.s.c.buildsystem.ProjectBuilder - main project[sample_test]'s web root child direcotry creation task end
09:45:32.235 [main] INFO  k.p.s.c.buildsystem.ProjectBuilder - main project[sample_test]'s web root sample files creation task start
09:45:32.235 [main] INFO  k.p.s.c.buildsystem.ProjectBuilder - main project[sample_test]'s web root sample files copy task start
09:45:32.241 [main] INFO  k.p.s.c.buildsystem.ProjectBuilder - main project[sample_test]'s web root sample files copy task end
09:45:32.241 [main] INFO  k.p.s.c.buildsystem.ProjectBuilder - main project[sample_test]'s web root sample files creation task end
09:45:32.267 [main] INFO  k.p.s.c.buildsystem.ProjectBuilder - main project[sample_test]'s config file overwrite task start
09:45:32.273 [main] INFO  k.p.s.c.buildsystem.ProjectBuilder - main project[sample_test]'s config file overwrite task end
09:45:32.273 [main] INFO  k.p.s.c.buildsystem.ProjectBuilder - main project[sample_test] changeProjectState method end
09:45:32.274 [main] INFO  k.p.s.c.buildsystem.ProjectBuilder - the app client ant build.xml file[D:\gitsinnori\sinnori\project\sample_test\client_build\app_build\build.xml] is bad :: whetherExist[false] isFile[false]
09:45:32.274 [main] INFO  k.p.s.c.buildsystem.ProjectBuilder - main project[sample_test] changeProjectState method start
09:45:32.274 [main] WARN  k.p.s.c.buildsystem.ProjectBuilder - the server build path[D:\gitsinnori\sinnori\project\sample_test\server_build] exist, so skip creation of server build system
09:45:32.274 [main] INFO  k.p.s.c.buildsystem.ProjectBuilder - main project[sample_test]'s application build child direcotry creation task start
09:45:32.275 [main] INFO  k.p.s.common.util.CommonStaticUtil - the new child relative direcotry[D:\gitsinnori\sinnori\project\sample_test][client_build/app_build/corelib/ex] was created successfully
09:45:32.275 [main] INFO  k.p.s.common.util.CommonStaticUtil - the new child relative direcotry[D:\gitsinnori\sinnori\project\sample_test][client_build/app_build/corelib/in] was created successfully
09:45:32.276 [main] INFO  k.p.s.common.util.CommonStaticUtil - the new child relative direcotry[D:\gitsinnori\sinnori\project\sample_test][client_build/app_build/lib/main/ex] was created successfully
09:45:32.276 [main] INFO  k.p.s.common.util.CommonStaticUtil - the new child relative direcotry[D:\gitsinnori\sinnori\project\sample_test][client_build/app_build/lib/main/in] was created successfully
09:45:32.276 [main] INFO  k.p.s.common.util.CommonStaticUtil - the new child relative direcotry[D:\gitsinnori\sinnori\project\sample_test][client_build/app_build/lib/test] was created successfully
09:45:32.279 [main] INFO  k.p.s.common.util.CommonStaticUtil - the new child relative direcotry[D:\gitsinnori\sinnori\project\sample_test][client_build/app_build/src/main/java/kr/pe/sinnori/impl/message] was created successfully
09:45:32.279 [main] INFO  k.p.s.common.util.CommonStaticUtil - the new child relative direcotry[D:\gitsinnori\sinnori\project\sample_test][client_build/app_build/src/main/java/main] was created successfully
09:45:32.280 [main] INFO  k.p.s.common.util.CommonStaticUtil - the new child relative direcotry[D:\gitsinnori\sinnori\project\sample_test][client_build/app_build/src/test/java] was created successfully
09:45:32.280 [main] INFO  k.p.s.common.util.CommonStaticUtil - the new child relative direcotry[D:\gitsinnori\sinnori\project\sample_test][client_build/app_build/build] was created successfully
09:45:32.280 [main] INFO  k.p.s.common.util.CommonStaticUtil - the new child relative direcotry[D:\gitsinnori\sinnori\project\sample_test][client_build/app_build/dist] was created successfully
09:45:32.280 [main] INFO  k.p.s.c.buildsystem.ProjectBuilder - main project[sample_test]'s application build child direcotry creation task end
09:45:32.280 [main] INFO  k.p.s.c.buildsystem.ProjectBuilder - mainproject[sample_test]'s application client build system files creation task start
09:45:32.280 [main] INFO  k.p.s.c.buildsystem.ProjectBuilder - main project[sample_test]'s application client ant build.xml file creation task start
09:45:32.281 [main] INFO  k.p.s.c.buildsystem.ProjectBuilder - main project[sample_test]'s application client ant build.xml file creation task end
09:45:32.281 [main] INFO  k.p.s.c.buildsystem.ProjectBuilder - main project[sample_test]'s application client dos shell file creation task start
09:45:32.285 [main] INFO  k.p.s.c.buildsystem.ProjectBuilder - main project[sample_test]'s application client dos shell file creation task end
09:45:32.285 [main] INFO  k.p.s.c.buildsystem.ProjectBuilder - main project[sample_test]'s application client unix shell file creation task start
09:45:32.286 [main] INFO  k.p.s.c.buildsystem.ProjectBuilder - main project[sample_test]'s application client unix shell file creation task end
09:45:32.286 [main] INFO  k.p.s.c.buildsystem.ProjectBuilder - application client sample source files copy task start
09:45:32.297 [main] INFO  k.p.s.c.buildsystem.ProjectBuilder - application client sample source files copy task end
09:45:32.298 [main] INFO  k.p.s.c.buildsystem.ProjectBuilder - main project[sample_test]'s application client message io file set creation task start
09:45:32.298 [main] INFO  k.p.s.common.util.CommonStaticUtil - the new child relative direcotry[D:\gitsinnori\sinnori\project\sample_test\client_build\app_build\src\main\java\kr\pe\sinnori\impl\message][Echo] was created successfully
09:45:32.298 [main] INFO  k.p.s.c.buildsystem.ProjectBuilder - main project[sample_test]'s message file[Echo][D:\gitsinnori\sinnori\project\sample_test\client_build\app_build\src\main\java\kr\pe\sinnori\impl\message] creation task start
09:45:32.301 [main] INFO  k.p.s.c.buildsystem.ProjectBuilder - main project[sample_test]'s message file[Echo][D:\gitsinnori\sinnori\project\sample_test\client_build\app_build\src\main\java\kr\pe\sinnori\impl\message] creation task end
09:45:32.302 [main] INFO  k.p.s.c.buildsystem.ProjectBuilder - main project[sample_test]'s message decoder file[Echo][D:\gitsinnori\sinnori\project\sample_test\client_build\app_build\src\main\java\kr\pe\sinnori\impl\message] creation task start
09:45:32.380 [main] INFO  k.p.s.c.buildsystem.ProjectBuilder - main project[sample_test]'s message decoder file[Echo][D:\gitsinnori\sinnori\project\sample_test\client_build\app_build\src\main\java\kr\pe\sinnori\impl\message] creation task end
09:45:32.380 [main] INFO  k.p.s.c.buildsystem.ProjectBuilder - main project[sample_test]'s message encoder file[Echo][D:\gitsinnori\sinnori\project\sample_test\client_build\app_build\src\main\java\kr\pe\sinnori\impl\message] creation task start
09:45:32.386 [main] INFO  k.p.s.c.buildsystem.ProjectBuilder - main project[sample_test]'s message encoder file[Echo][D:\gitsinnori\sinnori\project\sample_test\client_build\app_build\src\main\java\kr\pe\sinnori\impl\message] creation task end
09:45:32.386 [main] INFO  k.p.s.c.buildsystem.ProjectBuilder - main project[sample_test]'s message server codec file[Echo][D:\gitsinnori\sinnori\project\sample_test\client_build\app_build\src\main\java\kr\pe\sinnori\impl\message] creation task start
09:45:32.388 [main] INFO  k.p.s.c.buildsystem.ProjectBuilder - main project[sample_test]'s message server codec file[Echo][D:\gitsinnori\sinnori\project\sample_test\client_build\app_build\src\main\java\kr\pe\sinnori\impl\message] creation task end
09:45:32.388 [main] INFO  k.p.s.c.buildsystem.ProjectBuilder - main project[sample_test]'s message client codec file[Echo][D:\gitsinnori\sinnori\project\sample_test\client_build\app_build\src\main\java\kr\pe\sinnori\impl\message] creation task start
09:45:32.389 [main] INFO  k.p.s.c.buildsystem.ProjectBuilder - main project[sample_test]'s message client codec file[Echo][D:\gitsinnori\sinnori\project\sample_test\client_build\app_build\src\main\java\kr\pe\sinnori\impl\message] creation task end
09:45:32.390 [main] INFO  k.p.s.common.util.CommonStaticUtil - the new child relative direcotry[D:\gitsinnori\sinnori\project\sample_test\client_build\app_build\src\main\java\kr\pe\sinnori\impl\message][PublicKeyReq] was created successfully
09:45:32.390 [main] INFO  k.p.s.c.buildsystem.ProjectBuilder - main project[sample_test]'s message file[PublicKeyReq][D:\gitsinnori\sinnori\project\sample_test\client_build\app_build\src\main\java\kr\pe\sinnori\impl\message] creation task start
09:45:32.393 [main] INFO  k.p.s.c.buildsystem.ProjectBuilder - main project[sample_test]'s message file[PublicKeyReq][D:\gitsinnori\sinnori\project\sample_test\client_build\app_build\src\main\java\kr\pe\sinnori\impl\message] creation task end
09:45:32.393 [main] INFO  k.p.s.c.buildsystem.ProjectBuilder - main project[sample_test]'s message decoder file[PublicKeyReq][D:\gitsinnori\sinnori\project\sample_test\client_build\app_build\src\main\java\kr\pe\sinnori\impl\message] creation task start
09:45:32.398 [main] INFO  k.p.s.c.buildsystem.ProjectBuilder - main project[sample_test]'s message decoder file[PublicKeyReq][D:\gitsinnori\sinnori\project\sample_test\client_build\app_build\src\main\java\kr\pe\sinnori\impl\message] creation task end
09:45:32.398 [main] INFO  k.p.s.c.buildsystem.ProjectBuilder - main project[sample_test]'s message encoder file[PublicKeyReq][D:\gitsinnori\sinnori\project\sample_test\client_build\app_build\src\main\java\kr\pe\sinnori\impl\message] creation task start
09:45:32.402 [main] INFO  k.p.s.c.buildsystem.ProjectBuilder - main project[sample_test]'s message encoder file[PublicKeyReq][D:\gitsinnori\sinnori\project\sample_test\client_build\app_build\src\main\java\kr\pe\sinnori\impl\message] creation task end
09:45:32.402 [main] INFO  k.p.s.c.buildsystem.ProjectBuilder - main project[sample_test]'s message server codec file[PublicKeyReq][D:\gitsinnori\sinnori\project\sample_test\client_build\app_build\src\main\java\kr\pe\sinnori\impl\message] creation task start
09:45:32.403 [main] INFO  k.p.s.c.buildsystem.ProjectBuilder - main project[sample_test]'s message server codec file[PublicKeyReq][D:\gitsinnori\sinnori\project\sample_test\client_build\app_build\src\main\java\kr\pe\sinnori\impl\message] creation task end
09:45:32.403 [main] INFO  k.p.s.c.buildsystem.ProjectBuilder - main project[sample_test]'s message client codec file[PublicKeyReq][D:\gitsinnori\sinnori\project\sample_test\client_build\app_build\src\main\java\kr\pe\sinnori\impl\message] creation task start
09:45:32.405 [main] INFO  k.p.s.c.buildsystem.ProjectBuilder - main project[sample_test]'s message client codec file[PublicKeyReq][D:\gitsinnori\sinnori\project\sample_test\client_build\app_build\src\main\java\kr\pe\sinnori\impl\message] creation task end
09:45:32.405 [main] INFO  k.p.s.common.util.CommonStaticUtil - the new child relative direcotry[D:\gitsinnori\sinnori\project\sample_test\client_build\app_build\src\main\java\kr\pe\sinnori\impl\message][PublicKeyRes] was created successfully
09:45:32.406 [main] INFO  k.p.s.c.buildsystem.ProjectBuilder - main project[sample_test]'s message file[PublicKeyRes][D:\gitsinnori\sinnori\project\sample_test\client_build\app_build\src\main\java\kr\pe\sinnori\impl\message] creation task start
09:45:32.409 [main] INFO  k.p.s.c.buildsystem.ProjectBuilder - main project[sample_test]'s message file[PublicKeyRes][D:\gitsinnori\sinnori\project\sample_test\client_build\app_build\src\main\java\kr\pe\sinnori\impl\message] creation task end
09:45:32.409 [main] INFO  k.p.s.c.buildsystem.ProjectBuilder - main project[sample_test]'s message decoder file[PublicKeyRes][D:\gitsinnori\sinnori\project\sample_test\client_build\app_build\src\main\java\kr\pe\sinnori\impl\message] creation task start
09:45:32.414 [main] INFO  k.p.s.c.buildsystem.ProjectBuilder - main project[sample_test]'s message decoder file[PublicKeyRes][D:\gitsinnori\sinnori\project\sample_test\client_build\app_build\src\main\java\kr\pe\sinnori\impl\message] creation task end
09:45:32.414 [main] INFO  k.p.s.c.buildsystem.ProjectBuilder - main project[sample_test]'s message encoder file[PublicKeyRes][D:\gitsinnori\sinnori\project\sample_test\client_build\app_build\src\main\java\kr\pe\sinnori\impl\message] creation task start
09:45:32.418 [main] INFO  k.p.s.c.buildsystem.ProjectBuilder - main project[sample_test]'s message encoder file[PublicKeyRes][D:\gitsinnori\sinnori\project\sample_test\client_build\app_build\src\main\java\kr\pe\sinnori\impl\message] creation task end
09:45:32.418 [main] INFO  k.p.s.c.buildsystem.ProjectBuilder - main project[sample_test]'s message server codec file[PublicKeyRes][D:\gitsinnori\sinnori\project\sample_test\client_build\app_build\src\main\java\kr\pe\sinnori\impl\message] creation task start
09:45:32.494 [main] INFO  k.p.s.c.buildsystem.ProjectBuilder - main project[sample_test]'s message server codec file[PublicKeyRes][D:\gitsinnori\sinnori\project\sample_test\client_build\app_build\src\main\java\kr\pe\sinnori\impl\message] creation task end
09:45:32.494 [main] INFO  k.p.s.c.buildsystem.ProjectBuilder - main project[sample_test]'s message client codec file[PublicKeyRes][D:\gitsinnori\sinnori\project\sample_test\client_build\app_build\src\main\java\kr\pe\sinnori\impl\message] creation task start
09:45:32.496 [main] INFO  k.p.s.c.buildsystem.ProjectBuilder - main project[sample_test]'s message client codec file[PublicKeyRes][D:\gitsinnori\sinnori\project\sample_test\client_build\app_build\src\main\java\kr\pe\sinnori\impl\message] creation task end
09:45:32.496 [main] INFO  k.p.s.c.buildsystem.ProjectBuilder - main project[sample_test]'s application client message io file set creation task end
09:45:32.496 [main] INFO  k.p.s.c.buildsystem.ProjectBuilder - mainproject[sample_test]'s application client build system files creation task end
09:45:32.496 [main] INFO  k.p.s.c.buildsystem.ProjectBuilder - main project[sample_test]'s web client build path deletion task start
09:45:32.513 [main] INFO  k.p.s.c.buildsystem.ProjectBuilder - main project[sample_test]'s web client build path deletion task end
09:45:32.513 [main] INFO  k.p.s.c.buildsystem.ProjectBuilder - main project[sample_test]'s web root path deletion task start
09:45:32.515 [main] INFO  k.p.s.c.buildsystem.ProjectBuilder - main project[sample_test]'s web root path deletion task end
09:45:32.515 [main] INFO  k.p.s.c.buildsystem.ProjectBuilder - main project[sample_test]'s config file overwrite task start
09:45:32.519 [main] INFO  k.p.s.c.buildsystem.ProjectBuilder - main project[sample_test]'s config file overwrite task end
09:45:32.519 [main] INFO  k.p.s.c.buildsystem.ProjectBuilder - main project[sample_test] changeProjectState method end
09:45:32.519 [main] INFO  k.p.s.c.buildsystem.ProjectBuilder - the web client ant build.xml file[D:\gitsinnori\sinnori\project\sample_test\client_build\web_build\build.xml] is bad :: whetherExist[false] isFile[false]
09:45:32.519 [main] INFO  k.p.s.c.buildsystem.ProjectBuilder - the web.xml file[D:\gitsinnori\sinnori\project\sample_test\web_app_base\ROOT\WEB-INF\web.xml] located at web root directory is bad :: whetherExist[false] isFile[false]
09:45:32.519 [main] INFO  k.p.s.c.buildsystem.ProjectBuilder - main project[sample_test] changeProjectState method start
09:45:32.519 [main] WARN  k.p.s.c.buildsystem.ProjectBuilder - the server build path[D:\gitsinnori\sinnori\project\sample_test\server_build] exist, so skip creation of server build system
09:45:32.519 [main] WARN  k.p.s.c.buildsystem.ProjectBuilder - the app client build path[D:\gitsinnori\sinnori\project\sample_test\client_build\app_build] exist, so skip creation of app client build system
09:45:32.519 [main] INFO  k.p.s.c.buildsystem.ProjectBuilder - main project[sample_test]'s web build child direcotry creation task start
09:45:32.520 [main] INFO  k.p.s.common.util.CommonStaticUtil - the new child relative direcotry[D:\gitsinnori\sinnori\project\sample_test][client_build/web_build/corelib/ex] was created successfully
09:45:32.520 [main] INFO  k.p.s.common.util.CommonStaticUtil - the new child relative direcotry[D:\gitsinnori\sinnori\project\sample_test][client_build/web_build/corelib/in] was created successfully
09:45:32.521 [main] INFO  k.p.s.common.util.CommonStaticUtil - the new child relative direcotry[D:\gitsinnori\sinnori\project\sample_test][client_build/web_build/lib/main/ex] was created successfully
09:45:32.521 [main] INFO  k.p.s.common.util.CommonStaticUtil - the new child relative direcotry[D:\gitsinnori\sinnori\project\sample_test][client_build/web_build/lib/main/in] was created successfully
09:45:32.521 [main] INFO  k.p.s.common.util.CommonStaticUtil - the new child relative direcotry[D:\gitsinnori\sinnori\project\sample_test][client_build/web_build/lib/test] was created successfully
09:45:32.524 [main] INFO  k.p.s.common.util.CommonStaticUtil - the new child relative direcotry[D:\gitsinnori\sinnori\project\sample_test][client_build/web_build/src/main/java/kr/pe/sinnori/impl/message] was created successfully
09:45:32.524 [main] INFO  k.p.s.common.util.CommonStaticUtil - the new child relative direcotry[D:\gitsinnori\sinnori\project\sample_test][client_build/web_build/src/main/java//kr/pe/sinnori/servlet] was created successfully
09:45:32.525 [main] INFO  k.p.s.common.util.CommonStaticUtil - the new child relative direcotry[D:\gitsinnori\sinnori\project\sample_test][client_build/web_build/src/main/java/kr/pe/sinnori/weblib/common] was created successfully
09:45:32.525 [main] INFO  k.p.s.common.util.CommonStaticUtil - the new child relative direcotry[D:\gitsinnori\sinnori\project\sample_test][client_build/web_build/src/main/java/kr/pe/sinnori/weblib/htmlstring] was created successfully
09:45:32.525 [main] INFO  k.p.s.common.util.CommonStaticUtil - the new child relative direcotry[D:\gitsinnori\sinnori\project\sample_test][client_build/web_build/src/main/java/kr/pe/sinnori/weblib/jdf] was created successfully
09:45:32.526 [main] INFO  k.p.s.common.util.CommonStaticUtil - the new child relative direcotry[D:\gitsinnori\sinnori\project\sample_test][client_build/web_build/src/test/java] was created successfully
09:45:32.605 [main] INFO  k.p.s.common.util.CommonStaticUtil - the new child relative direcotry[D:\gitsinnori\sinnori\project\sample_test][client_build/web_build/build] was created successfully
09:45:32.605 [main] INFO  k.p.s.common.util.CommonStaticUtil - the new child relative direcotry[D:\gitsinnori\sinnori\project\sample_test][client_build/web_build/dist] was created successfully
09:45:32.605 [main] INFO  k.p.s.c.buildsystem.ProjectBuilder - main project[sample_test]'s web build child direcotry creation task end
09:45:32.605 [main] INFO  k.p.s.c.buildsystem.ProjectBuilder - main project[sample_test]'s web client build system files creation task start
09:45:32.605 [main] INFO  k.p.s.c.buildsystem.ProjectBuilder - main project[sample_test]'s web client ant build.xml file creation task start
09:45:32.609 [main] INFO  k.p.s.c.buildsystem.ProjectBuilder - main project[sample_test]'s web client ant build.xml file creation task end
09:45:32.610 [main] INFO  k.p.s.c.buildsystem.ProjectBuilder - main project[sample_test]'s web client ant properties file creation task start
09:45:32.611 [main] INFO  k.p.s.c.util.SequencedPropertiesUtil - the sequenced properties file[D:\gitsinnori\sinnori\project\sample_test\client_build\web_build\webAnt.properties] was created
09:45:32.614 [main] INFO  k.p.s.c.buildsystem.ProjectBuilder - main project[sample_test]'s web client ant properties file creation task end
09:45:32.614 [main] INFO  k.p.s.c.buildsystem.ProjectBuilder - main project[sample_test]'s web client message io file set creation task start
09:45:32.614 [main] INFO  k.p.s.common.util.CommonStaticUtil - the new child relative direcotry[D:\gitsinnori\sinnori\project\sample_test\client_build\web_build\src\main\java\kr\pe\sinnori\impl\message][Echo] was created successfully
09:45:32.615 [main] INFO  k.p.s.c.buildsystem.ProjectBuilder - main project[sample_test]'s message file[Echo][D:\gitsinnori\sinnori\project\sample_test\client_build\web_build\src\main\java\kr\pe\sinnori\impl\message] creation task start
09:45:32.625 [main] INFO  k.p.s.c.buildsystem.ProjectBuilder - main project[sample_test]'s message file[Echo][D:\gitsinnori\sinnori\project\sample_test\client_build\web_build\src\main\java\kr\pe\sinnori\impl\message] creation task end
09:45:32.625 [main] INFO  k.p.s.c.buildsystem.ProjectBuilder - main project[sample_test]'s message decoder file[Echo][D:\gitsinnori\sinnori\project\sample_test\client_build\web_build\src\main\java\kr\pe\sinnori\impl\message] creation task start
09:45:32.634 [main] INFO  k.p.s.c.buildsystem.ProjectBuilder - main project[sample_test]'s message decoder file[Echo][D:\gitsinnori\sinnori\project\sample_test\client_build\web_build\src\main\java\kr\pe\sinnori\impl\message] creation task end
09:45:32.634 [main] INFO  k.p.s.c.buildsystem.ProjectBuilder - main project[sample_test]'s message encoder file[Echo][D:\gitsinnori\sinnori\project\sample_test\client_build\web_build\src\main\java\kr\pe\sinnori\impl\message] creation task start
09:45:32.642 [main] INFO  k.p.s.c.buildsystem.ProjectBuilder - main project[sample_test]'s message encoder file[Echo][D:\gitsinnori\sinnori\project\sample_test\client_build\web_build\src\main\java\kr\pe\sinnori\impl\message] creation task end
09:45:32.642 [main] INFO  k.p.s.c.buildsystem.ProjectBuilder - main project[sample_test]'s message server codec file[Echo][D:\gitsinnori\sinnori\project\sample_test\client_build\web_build\src\main\java\kr\pe\sinnori\impl\message] creation task start
09:45:32.643 [main] INFO  k.p.s.c.buildsystem.ProjectBuilder - main project[sample_test]'s message server codec file[Echo][D:\gitsinnori\sinnori\project\sample_test\client_build\web_build\src\main\java\kr\pe\sinnori\impl\message] creation task end
09:45:32.644 [main] INFO  k.p.s.c.buildsystem.ProjectBuilder - main project[sample_test]'s message client codec file[Echo][D:\gitsinnori\sinnori\project\sample_test\client_build\web_build\src\main\java\kr\pe\sinnori\impl\message] creation task start
09:45:32.645 [main] INFO  k.p.s.c.buildsystem.ProjectBuilder - main project[sample_test]'s message client codec file[Echo][D:\gitsinnori\sinnori\project\sample_test\client_build\web_build\src\main\java\kr\pe\sinnori\impl\message] creation task end
09:45:32.645 [main] INFO  k.p.s.common.util.CommonStaticUtil - the new child relative direcotry[D:\gitsinnori\sinnori\project\sample_test\client_build\web_build\src\main\java\kr\pe\sinnori\impl\message][PublicKeyReq] was created successfully
09:45:32.645 [main] INFO  k.p.s.c.buildsystem.ProjectBuilder - main project[sample_test]'s message file[PublicKeyReq][D:\gitsinnori\sinnori\project\sample_test\client_build\web_build\src\main\java\kr\pe\sinnori\impl\message] creation task start
09:45:32.650 [main] INFO  k.p.s.c.buildsystem.ProjectBuilder - main project[sample_test]'s message file[PublicKeyReq][D:\gitsinnori\sinnori\project\sample_test\client_build\web_build\src\main\java\kr\pe\sinnori\impl\message] creation task end
09:45:32.650 [main] INFO  k.p.s.c.buildsystem.ProjectBuilder - main project[sample_test]'s message decoder file[PublicKeyReq][D:\gitsinnori\sinnori\project\sample_test\client_build\web_build\src\main\java\kr\pe\sinnori\impl\message] creation task start
09:45:32.655 [main] INFO  k.p.s.c.buildsystem.ProjectBuilder - main project[sample_test]'s message decoder file[PublicKeyReq][D:\gitsinnori\sinnori\project\sample_test\client_build\web_build\src\main\java\kr\pe\sinnori\impl\message] creation task end
09:45:32.655 [main] INFO  k.p.s.c.buildsystem.ProjectBuilder - main project[sample_test]'s message encoder file[PublicKeyReq][D:\gitsinnori\sinnori\project\sample_test\client_build\web_build\src\main\java\kr\pe\sinnori\impl\message] creation task start
09:45:32.659 [main] INFO  k.p.s.c.buildsystem.ProjectBuilder - main project[sample_test]'s message encoder file[PublicKeyReq][D:\gitsinnori\sinnori\project\sample_test\client_build\web_build\src\main\java\kr\pe\sinnori\impl\message] creation task end
09:45:32.659 [main] INFO  k.p.s.c.buildsystem.ProjectBuilder - main project[sample_test]'s message server codec file[PublicKeyReq][D:\gitsinnori\sinnori\project\sample_test\client_build\web_build\src\main\java\kr\pe\sinnori\impl\message] creation task start
09:45:32.660 [main] INFO  k.p.s.c.buildsystem.ProjectBuilder - main project[sample_test]'s message server codec file[PublicKeyReq][D:\gitsinnori\sinnori\project\sample_test\client_build\web_build\src\main\java\kr\pe\sinnori\impl\message] creation task end
09:45:32.661 [main] INFO  k.p.s.c.buildsystem.ProjectBuilder - main project[sample_test]'s message client codec file[PublicKeyReq][D:\gitsinnori\sinnori\project\sample_test\client_build\web_build\src\main\java\kr\pe\sinnori\impl\message] creation task start
09:45:32.662 [main] INFO  k.p.s.c.buildsystem.ProjectBuilder - main project[sample_test]'s message client codec file[PublicKeyReq][D:\gitsinnori\sinnori\project\sample_test\client_build\web_build\src\main\java\kr\pe\sinnori\impl\message] creation task end
09:45:32.663 [main] INFO  k.p.s.common.util.CommonStaticUtil - the new child relative direcotry[D:\gitsinnori\sinnori\project\sample_test\client_build\web_build\src\main\java\kr\pe\sinnori\impl\message][PublicKeyRes] was created successfully
09:45:32.663 [main] INFO  k.p.s.c.buildsystem.ProjectBuilder - main project[sample_test]'s message file[PublicKeyRes][D:\gitsinnori\sinnori\project\sample_test\client_build\web_build\src\main\java\kr\pe\sinnori\impl\message] creation task start
09:45:32.667 [main] INFO  k.p.s.c.buildsystem.ProjectBuilder - main project[sample_test]'s message file[PublicKeyRes][D:\gitsinnori\sinnori\project\sample_test\client_build\web_build\src\main\java\kr\pe\sinnori\impl\message] creation task end
09:45:32.667 [main] INFO  k.p.s.c.buildsystem.ProjectBuilder - main project[sample_test]'s message decoder file[PublicKeyRes][D:\gitsinnori\sinnori\project\sample_test\client_build\web_build\src\main\java\kr\pe\sinnori\impl\message] creation task start
09:45:32.672 [main] INFO  k.p.s.c.buildsystem.ProjectBuilder - main project[sample_test]'s message decoder file[PublicKeyRes][D:\gitsinnori\sinnori\project\sample_test\client_build\web_build\src\main\java\kr\pe\sinnori\impl\message] creation task end
09:45:32.672 [main] INFO  k.p.s.c.buildsystem.ProjectBuilder - main project[sample_test]'s message encoder file[PublicKeyRes][D:\gitsinnori\sinnori\project\sample_test\client_build\web_build\src\main\java\kr\pe\sinnori\impl\message] creation task start
09:45:32.675 [main] INFO  k.p.s.c.buildsystem.ProjectBuilder - main project[sample_test]'s message encoder file[PublicKeyRes][D:\gitsinnori\sinnori\project\sample_test\client_build\web_build\src\main\java\kr\pe\sinnori\impl\message] creation task end
09:45:32.675 [main] INFO  k.p.s.c.buildsystem.ProjectBuilder - main project[sample_test]'s message server codec file[PublicKeyRes][D:\gitsinnori\sinnori\project\sample_test\client_build\web_build\src\main\java\kr\pe\sinnori\impl\message] creation task start
09:45:32.751 [main] INFO  k.p.s.c.buildsystem.ProjectBuilder - main project[sample_test]'s message server codec file[PublicKeyRes][D:\gitsinnori\sinnori\project\sample_test\client_build\web_build\src\main\java\kr\pe\sinnori\impl\message] creation task end
09:45:32.751 [main] INFO  k.p.s.c.buildsystem.ProjectBuilder - main project[sample_test]'s message client codec file[PublicKeyRes][D:\gitsinnori\sinnori\project\sample_test\client_build\web_build\src\main\java\kr\pe\sinnori\impl\message] creation task start
09:45:32.754 [main] INFO  k.p.s.c.buildsystem.ProjectBuilder - main project[sample_test]'s message client codec file[PublicKeyRes][D:\gitsinnori\sinnori\project\sample_test\client_build\web_build\src\main\java\kr\pe\sinnori\impl\message] creation task end
09:45:32.754 [main] INFO  k.p.s.c.buildsystem.ProjectBuilder - main project[sample_test]'s web client message io file set creation task end
09:45:32.754 [main] INFO  k.p.s.c.buildsystem.ProjectBuilder - mainproject[sample_test]'s web client sample source files copy task start
09:45:32.809 [main] INFO  k.p.s.c.buildsystem.ProjectBuilder - mainproject[sample_test]'s web client sample source files copy task end
09:45:32.809 [main] INFO  k.p.s.c.buildsystem.ProjectBuilder - main project[sample_test]'s web client build system files creation task end
09:45:32.809 [main] INFO  k.p.s.c.buildsystem.ProjectBuilder - main project[sample_test]'s web root child direcotry creation task start
09:45:32.809 [main] INFO  k.p.s.common.util.CommonStaticUtil - the child relative direcotry[D:\gitsinnori\sinnori\project\sample_test][web_app_base/upload] exist, so nothing
09:45:32.810 [main] INFO  k.p.s.common.util.CommonStaticUtil - the new child relative direcotry[D:\gitsinnori\sinnori\project\sample_test][web_app_base/ROOT/WEB-INF/classes] was created successfully
09:45:32.810 [main] INFO  k.p.s.common.util.CommonStaticUtil - the new child relative direcotry[D:\gitsinnori\sinnori\project\sample_test][web_app_base/ROOT/WEB-INF/lib] was created successfully
09:45:32.810 [main] INFO  k.p.s.c.buildsystem.ProjectBuilder - main project[sample_test]'s web root child direcotry creation task end
09:45:32.810 [main] INFO  k.p.s.c.buildsystem.ProjectBuilder - main project[sample_test]'s web root sample files creation task start
09:45:32.810 [main] INFO  k.p.s.c.buildsystem.ProjectBuilder - main project[sample_test]'s web root sample files copy task start
09:45:32.816 [main] INFO  k.p.s.c.buildsystem.ProjectBuilder - main project[sample_test]'s web root sample files copy task end
09:45:32.816 [main] INFO  k.p.s.c.buildsystem.ProjectBuilder - main project[sample_test]'s web root sample files creation task end
09:45:32.816 [main] INFO  k.p.s.c.buildsystem.ProjectBuilder - main project[sample_test]'s config file overwrite task start
09:45:32.821 [main] INFO  k.p.s.c.buildsystem.ProjectBuilder - main project[sample_test]'s config file overwrite task end
09:45:32.821 [main] INFO  k.p.s.c.buildsystem.ProjectBuilder - main project[sample_test] changeProjectState method end
09:45:32.866 [main] INFO  k.p.s.c.buildsystem.ProjectBuilder - main project[sample_test]'s child direcotry creation task start
09:45:32.866 [main] INFO  k.p.s.c.buildsystem.ProjectBuilder - main project[sample_test]'s common child direcotry creation task start
09:45:32.867 [main] INFO  k.p.s.common.util.CommonStaticUtil - the new child relative direcotry[D:\gitsinnori\sinnori\project\sample_test][config] was created successfully
09:45:32.867 [main] INFO  k.p.s.common.util.CommonStaticUtil - the new child relative direcotry[D:\gitsinnori\sinnori\project\sample_test][resources/dbcp] was created successfully
09:45:32.867 [main] INFO  k.p.s.common.util.CommonStaticUtil - the new child relative direcotry[D:\gitsinnori\sinnori\project\sample_test][resources/message_info] was created successfully
09:45:32.867 [main] INFO  k.p.s.common.util.CommonStaticUtil - the new child relative direcotry[D:\gitsinnori\sinnori\project\sample_test][resources/rsa_keypair] was created successfully
09:45:32.868 [main] INFO  k.p.s.common.util.CommonStaticUtil - the new child relative direcotry[D:\gitsinnori\sinnori\project\sample_test][log/apache] was created successfully
09:45:32.868 [main] INFO  k.p.s.common.util.CommonStaticUtil - the new child relative direcotry[D:\gitsinnori\sinnori\project\sample_test][log/client] was created successfully
09:45:32.868 [main] INFO  k.p.s.common.util.CommonStaticUtil - the new child relative direcotry[D:\gitsinnori\sinnori\project\sample_test][log/server] was created successfully
09:45:32.868 [main] INFO  k.p.s.common.util.CommonStaticUtil - the new child relative direcotry[D:\gitsinnori\sinnori\project\sample_test][log/servlet] was created successfully
09:45:32.868 [main] INFO  k.p.s.c.buildsystem.ProjectBuilder - main project[sample_test]'s common child direcotry creation task end
09:45:32.868 [main] INFO  k.p.s.c.buildsystem.ProjectBuilder - main project[sample_test]'s server child direcotry creation task start
09:45:32.869 [main] INFO  k.p.s.common.util.CommonStaticUtil - the new child relative direcotry[D:\gitsinnori\sinnori\project\sample_test][server_build/APP-INF/classes] was created successfully
09:45:32.869 [main] INFO  k.p.s.common.util.CommonStaticUtil - the new child relative direcotry[D:\gitsinnori\sinnori\project\sample_test][server_build/corelib/ex] was created successfully
09:45:32.870 [main] INFO  k.p.s.common.util.CommonStaticUtil - the new child relative direcotry[D:\gitsinnori\sinnori\project\sample_test][server_build/corelib/in] was created successfully
09:45:32.871 [main] INFO  k.p.s.common.util.CommonStaticUtil - the new child relative direcotry[D:\gitsinnori\sinnori\project\sample_test][server_build/lib/main/ex] was created successfully
09:45:32.871 [main] INFO  k.p.s.common.util.CommonStaticUtil - the new child relative direcotry[D:\gitsinnori\sinnori\project\sample_test][server_build/lib/main/in] was created successfully
09:45:32.871 [main] INFO  k.p.s.common.util.CommonStaticUtil - the new child relative direcotry[D:\gitsinnori\sinnori\project\sample_test][server_build/lib/test] was created successfully
09:45:32.874 [main] INFO  k.p.s.common.util.CommonStaticUtil - the new child relative direcotry[D:\gitsinnori\sinnori\project\sample_test][server_build/src/main/java/kr/pe/sinnori/impl/servertask] was created successfully
09:45:32.874 [main] INFO  k.p.s.common.util.CommonStaticUtil - the new child relative direcotry[D:\gitsinnori\sinnori\project\sample_test][server_build/src/main/java/kr/pe/sinnori/impl/message] was created successfully
09:45:32.874 [main] INFO  k.p.s.common.util.CommonStaticUtil - the new child relative direcotry[D:\gitsinnori\sinnori\project\sample_test][server_build/src/main/java/main] was created successfully
09:45:32.875 [main] INFO  k.p.s.common.util.CommonStaticUtil - the new child relative direcotry[D:\gitsinnori\sinnori\project\sample_test][server_build/src/test/java] was created successfully
09:45:32.875 [main] INFO  k.p.s.common.util.CommonStaticUtil - the new child relative direcotry[D:\gitsinnori\sinnori\project\sample_test][server_build/build] was created successfully
09:45:32.964 [main] INFO  k.p.s.common.util.CommonStaticUtil - the new child relative direcotry[D:\gitsinnori\sinnori\project\sample_test][server_build/dist] was created successfully
09:45:32.964 [main] INFO  k.p.s.c.buildsystem.ProjectBuilder - main project[sample_test]'s server child direcotry creation task end
09:45:32.964 [main] INFO  k.p.s.c.buildsystem.ProjectBuilder - main project[sample_test]'s application build child direcotry creation task start
09:45:32.966 [main] INFO  k.p.s.common.util.CommonStaticUtil - the new child relative direcotry[D:\gitsinnori\sinnori\project\sample_test][client_build/app_build/corelib/ex] was created successfully
09:45:32.966 [main] INFO  k.p.s.common.util.CommonStaticUtil - the new child relative direcotry[D:\gitsinnori\sinnori\project\sample_test][client_build/app_build/corelib/in] was created successfully
09:45:32.967 [main] INFO  k.p.s.common.util.CommonStaticUtil - the new child relative direcotry[D:\gitsinnori\sinnori\project\sample_test][client_build/app_build/lib/main/ex] was created successfully
09:45:32.967 [main] INFO  k.p.s.common.util.CommonStaticUtil - the new child relative direcotry[D:\gitsinnori\sinnori\project\sample_test][client_build/app_build/lib/main/in] was created successfully
09:45:32.967 [main] INFO  k.p.s.common.util.CommonStaticUtil - the new child relative direcotry[D:\gitsinnori\sinnori\project\sample_test][client_build/app_build/lib/test] was created successfully
09:45:32.971 [main] INFO  k.p.s.common.util.CommonStaticUtil - the new child relative direcotry[D:\gitsinnori\sinnori\project\sample_test][client_build/app_build/src/main/java/kr/pe/sinnori/impl/message] was created successfully
09:45:32.971 [main] INFO  k.p.s.common.util.CommonStaticUtil - the new child relative direcotry[D:\gitsinnori\sinnori\project\sample_test][client_build/app_build/src/main/java/main] was created successfully
09:45:32.972 [main] INFO  k.p.s.common.util.CommonStaticUtil - the new child relative direcotry[D:\gitsinnori\sinnori\project\sample_test][client_build/app_build/src/test/java] was created successfully
09:45:32.972 [main] INFO  k.p.s.common.util.CommonStaticUtil - the new child relative direcotry[D:\gitsinnori\sinnori\project\sample_test][client_build/app_build/build] was created successfully
09:45:32.972 [main] INFO  k.p.s.common.util.CommonStaticUtil - the new child relative direcotry[D:\gitsinnori\sinnori\project\sample_test][client_build/app_build/dist] was created successfully
09:45:32.973 [main] INFO  k.p.s.c.buildsystem.ProjectBuilder - main project[sample_test]'s application build child direcotry creation task end
09:45:32.973 [main] INFO  k.p.s.c.buildsystem.ProjectBuilder - main project[sample_test]'s child direcotry creation task end
09:45:32.973 [main] INFO  k.p.s.c.buildsystem.ProjectBuilder - main project[sample_test]'s file creation task start
09:45:32.973 [main] INFO  k.p.s.c.buildsystem.ProjectBuilder - main project[sample_test]'s config file creation task start
09:45:32.973 [main] INFO  k.p.s.c.util.SequencedPropertiesUtil - the sequenced properties file[D:\gitsinnori\sinnori\project\sample_test\config\sinnori.properties] was created
09:45:32.979 [main] INFO  k.p.s.c.buildsystem.ProjectBuilder - main project[sample_test]'s config file creation task end
09:45:32.979 [main] INFO  k.p.s.c.buildsystem.ProjectBuilder - the mainproject[sample_test]'s resources directory copy task start
09:45:32.995 [main] INFO  k.p.s.c.buildsystem.ProjectBuilder - the mainproject[sample_test]'s resources directory copy task end
09:45:32.995 [main] INFO  k.p.s.c.buildsystem.ProjectBuilder - server build system files creation task start
09:45:32.995 [main] INFO  k.p.s.c.buildsystem.ProjectBuilder - main project[sample_test]'s server ant build.xml file creation task start
09:45:32.996 [main] INFO  k.p.s.c.buildsystem.ProjectBuilder - main project[sample_test]'s server ant build.xml file creation task end
09:45:32.996 [main] INFO  k.p.s.c.buildsystem.ProjectBuilder - main project[sample_test]'s server dos shell file creation task start
09:45:32.998 [main] INFO  k.p.s.c.buildsystem.ProjectBuilder - main project[sample_test]'s server dos shell file creation task end
09:45:32.998 [main] INFO  k.p.s.c.buildsystem.ProjectBuilder - main project[sample_test]'s server unix shell file creation task start
09:45:32.999 [main] INFO  k.p.s.c.buildsystem.ProjectBuilder - main project[sample_test]'s server unix shell file creation task end
09:45:32.999 [main] INFO  k.p.s.c.buildsystem.ProjectBuilder - server sample source files copy task start
09:45:33.007 [main] INFO  k.p.s.c.buildsystem.ProjectBuilder - server sample source files copy task end
09:45:33.007 [main] INFO  k.p.s.c.buildsystem.ProjectBuilder - main project[sample_test]'s server message io file set creation task start
09:45:33.007 [main] INFO  k.p.s.common.util.CommonStaticUtil - the new child relative direcotry[D:\gitsinnori\sinnori\project\sample_test\server_build\src\main\java\kr\pe\sinnori\impl\message][Echo] was created successfully
09:45:33.007 [main] INFO  k.p.s.c.buildsystem.ProjectBuilder - main project[sample_test]'s message file[Echo][D:\gitsinnori\sinnori\project\sample_test\server_build\src\main\java\kr\pe\sinnori\impl\message] creation task start
09:45:33.011 [main] INFO  k.p.s.c.buildsystem.ProjectBuilder - main project[sample_test]'s message file[Echo][D:\gitsinnori\sinnori\project\sample_test\server_build\src\main\java\kr\pe\sinnori\impl\message] creation task end
09:45:33.011 [main] INFO  k.p.s.c.buildsystem.ProjectBuilder - main project[sample_test]'s message decoder file[Echo][D:\gitsinnori\sinnori\project\sample_test\server_build\src\main\java\kr\pe\sinnori\impl\message] creation task start
09:45:33.014 [main] INFO  k.p.s.c.buildsystem.ProjectBuilder - main project[sample_test]'s message decoder file[Echo][D:\gitsinnori\sinnori\project\sample_test\server_build\src\main\java\kr\pe\sinnori\impl\message] creation task end
09:45:33.014 [main] INFO  k.p.s.c.buildsystem.ProjectBuilder - main project[sample_test]'s message encoder file[Echo][D:\gitsinnori\sinnori\project\sample_test\server_build\src\main\java\kr\pe\sinnori\impl\message] creation task start
09:45:33.018 [main] INFO  k.p.s.c.buildsystem.ProjectBuilder - main project[sample_test]'s message encoder file[Echo][D:\gitsinnori\sinnori\project\sample_test\server_build\src\main\java\kr\pe\sinnori\impl\message] creation task end
09:45:33.018 [main] INFO  k.p.s.c.buildsystem.ProjectBuilder - main project[sample_test]'s message server codec file[Echo][D:\gitsinnori\sinnori\project\sample_test\server_build\src\main\java\kr\pe\sinnori\impl\message] creation task start
09:45:33.019 [main] INFO  k.p.s.c.buildsystem.ProjectBuilder - main project[sample_test]'s message server codec file[Echo][D:\gitsinnori\sinnori\project\sample_test\server_build\src\main\java\kr\pe\sinnori\impl\message] creation task end
09:45:33.019 [main] INFO  k.p.s.c.buildsystem.ProjectBuilder - main project[sample_test]'s message client codec file[Echo][D:\gitsinnori\sinnori\project\sample_test\server_build\src\main\java\kr\pe\sinnori\impl\message] creation task start
09:45:33.021 [main] INFO  k.p.s.c.buildsystem.ProjectBuilder - main project[sample_test]'s message client codec file[Echo][D:\gitsinnori\sinnori\project\sample_test\server_build\src\main\java\kr\pe\sinnori\impl\message] creation task end
09:45:33.078 [main] INFO  k.p.s.common.util.CommonStaticUtil - the new child relative direcotry[D:\gitsinnori\sinnori\project\sample_test\server_build\src\main\java\kr\pe\sinnori\impl\message][PublicKeyReq] was created successfully
09:45:33.078 [main] INFO  k.p.s.c.buildsystem.ProjectBuilder - main project[sample_test]'s message file[PublicKeyReq][D:\gitsinnori\sinnori\project\sample_test\server_build\src\main\java\kr\pe\sinnori\impl\message] creation task start
09:45:33.083 [main] INFO  k.p.s.c.buildsystem.ProjectBuilder - main project[sample_test]'s message file[PublicKeyReq][D:\gitsinnori\sinnori\project\sample_test\server_build\src\main\java\kr\pe\sinnori\impl\message] creation task end
09:45:33.083 [main] INFO  k.p.s.c.buildsystem.ProjectBuilder - main project[sample_test]'s message decoder file[PublicKeyReq][D:\gitsinnori\sinnori\project\sample_test\server_build\src\main\java\kr\pe\sinnori\impl\message] creation task start
09:45:33.088 [main] INFO  k.p.s.c.buildsystem.ProjectBuilder - main project[sample_test]'s message decoder file[PublicKeyReq][D:\gitsinnori\sinnori\project\sample_test\server_build\src\main\java\kr\pe\sinnori\impl\message] creation task end
09:45:33.088 [main] INFO  k.p.s.c.buildsystem.ProjectBuilder - main project[sample_test]'s message encoder file[PublicKeyReq][D:\gitsinnori\sinnori\project\sample_test\server_build\src\main\java\kr\pe\sinnori\impl\message] creation task start
09:45:33.093 [main] INFO  k.p.s.c.buildsystem.ProjectBuilder - main project[sample_test]'s message encoder file[PublicKeyReq][D:\gitsinnori\sinnori\project\sample_test\server_build\src\main\java\kr\pe\sinnori\impl\message] creation task end
09:45:33.093 [main] INFO  k.p.s.c.buildsystem.ProjectBuilder - main project[sample_test]'s message server codec file[PublicKeyReq][D:\gitsinnori\sinnori\project\sample_test\server_build\src\main\java\kr\pe\sinnori\impl\message] creation task start
09:45:33.094 [main] INFO  k.p.s.c.buildsystem.ProjectBuilder - main project[sample_test]'s message server codec file[PublicKeyReq][D:\gitsinnori\sinnori\project\sample_test\server_build\src\main\java\kr\pe\sinnori\impl\message] creation task end
09:45:33.094 [main] INFO  k.p.s.c.buildsystem.ProjectBuilder - main project[sample_test]'s message client codec file[PublicKeyReq][D:\gitsinnori\sinnori\project\sample_test\server_build\src\main\java\kr\pe\sinnori\impl\message] creation task start
09:45:33.096 [main] INFO  k.p.s.c.buildsystem.ProjectBuilder - main project[sample_test]'s message client codec file[PublicKeyReq][D:\gitsinnori\sinnori\project\sample_test\server_build\src\main\java\kr\pe\sinnori\impl\message] creation task end
09:45:33.096 [main] INFO  k.p.s.common.util.CommonStaticUtil - the new child relative direcotry[D:\gitsinnori\sinnori\project\sample_test\server_build\src\main\java\kr\pe\sinnori\impl\message][PublicKeyRes] was created successfully
09:45:33.096 [main] INFO  k.p.s.c.buildsystem.ProjectBuilder - main project[sample_test]'s message file[PublicKeyRes][D:\gitsinnori\sinnori\project\sample_test\server_build\src\main\java\kr\pe\sinnori\impl\message] creation task start
09:45:33.100 [main] INFO  k.p.s.c.buildsystem.ProjectBuilder - main project[sample_test]'s message file[PublicKeyRes][D:\gitsinnori\sinnori\project\sample_test\server_build\src\main\java\kr\pe\sinnori\impl\message] creation task end
09:45:33.100 [main] INFO  k.p.s.c.buildsystem.ProjectBuilder - main project[sample_test]'s message decoder file[PublicKeyRes][D:\gitsinnori\sinnori\project\sample_test\server_build\src\main\java\kr\pe\sinnori\impl\message] creation task start
09:45:33.104 [main] INFO  k.p.s.c.buildsystem.ProjectBuilder - main project[sample_test]'s message decoder file[PublicKeyRes][D:\gitsinnori\sinnori\project\sample_test\server_build\src\main\java\kr\pe\sinnori\impl\message] creation task end
09:45:33.104 [main] INFO  k.p.s.c.buildsystem.ProjectBuilder - main project[sample_test]'s message encoder file[PublicKeyRes][D:\gitsinnori\sinnori\project\sample_test\server_build\src\main\java\kr\pe\sinnori\impl\message] creation task start
09:45:33.108 [main] INFO  k.p.s.c.buildsystem.ProjectBuilder - main project[sample_test]'s message encoder file[PublicKeyRes][D:\gitsinnori\sinnori\project\sample_test\server_build\src\main\java\kr\pe\sinnori\impl\message] creation task end
09:45:33.108 [main] INFO  k.p.s.c.buildsystem.ProjectBuilder - main project[sample_test]'s message server codec file[PublicKeyRes][D:\gitsinnori\sinnori\project\sample_test\server_build\src\main\java\kr\pe\sinnori\impl\message] creation task start
09:45:33.109 [main] INFO  k.p.s.c.buildsystem.ProjectBuilder - main project[sample_test]'s message server codec file[PublicKeyRes][D:\gitsinnori\sinnori\project\sample_test\server_build\src\main\java\kr\pe\sinnori\impl\message] creation task end
09:45:33.109 [main] INFO  k.p.s.c.buildsystem.ProjectBuilder - main project[sample_test]'s message client codec file[PublicKeyRes][D:\gitsinnori\sinnori\project\sample_test\server_build\src\main\java\kr\pe\sinnori\impl\message] creation task start
09:45:33.111 [main] INFO  k.p.s.c.buildsystem.ProjectBuilder - main project[sample_test]'s message client codec file[PublicKeyRes][D:\gitsinnori\sinnori\project\sample_test\server_build\src\main\java\kr\pe\sinnori\impl\message] creation task end
09:45:33.111 [main] INFO  k.p.s.c.buildsystem.ProjectBuilder - main project[sample_test]'s server message io file set creation task end
09:45:33.111 [main] INFO  k.p.s.c.buildsystem.ProjectBuilder - server build system files creation task end
09:45:33.111 [main] INFO  k.p.s.c.buildsystem.ProjectBuilder - mainproject[sample_test]'s application client build system files creation task start
09:45:33.111 [main] INFO  k.p.s.c.buildsystem.ProjectBuilder - main project[sample_test]'s application client ant build.xml file creation task start
09:45:33.112 [main] INFO  k.p.s.c.buildsystem.ProjectBuilder - main project[sample_test]'s application client ant build.xml file creation task end
09:45:33.112 [main] INFO  k.p.s.c.buildsystem.ProjectBuilder - main project[sample_test]'s application client dos shell file creation task start
09:45:33.116 [main] INFO  k.p.s.c.buildsystem.ProjectBuilder - main project[sample_test]'s application client dos shell file creation task end
09:45:33.116 [main] INFO  k.p.s.c.buildsystem.ProjectBuilder - main project[sample_test]'s application client unix shell file creation task start
09:45:33.118 [main] INFO  k.p.s.c.buildsystem.ProjectBuilder - main project[sample_test]'s application client unix shell file creation task end
09:45:33.196 [main] INFO  k.p.s.c.buildsystem.ProjectBuilder - application client sample source files copy task start
09:45:33.210 [main] INFO  k.p.s.c.buildsystem.ProjectBuilder - application client sample source files copy task end
09:45:33.210 [main] INFO  k.p.s.c.buildsystem.ProjectBuilder - main project[sample_test]'s application client message io file set creation task start
09:45:33.210 [main] INFO  k.p.s.common.util.CommonStaticUtil - the new child relative direcotry[D:\gitsinnori\sinnori\project\sample_test\client_build\app_build\src\main\java\kr\pe\sinnori\impl\message][Echo] was created successfully
09:45:33.210 [main] INFO  k.p.s.c.buildsystem.ProjectBuilder - main project[sample_test]'s message file[Echo][D:\gitsinnori\sinnori\project\sample_test\client_build\app_build\src\main\java\kr\pe\sinnori\impl\message] creation task start
09:45:33.215 [main] INFO  k.p.s.c.buildsystem.ProjectBuilder - main project[sample_test]'s message file[Echo][D:\gitsinnori\sinnori\project\sample_test\client_build\app_build\src\main\java\kr\pe\sinnori\impl\message] creation task end
09:45:33.215 [main] INFO  k.p.s.c.buildsystem.ProjectBuilder - main project[sample_test]'s message decoder file[Echo][D:\gitsinnori\sinnori\project\sample_test\client_build\app_build\src\main\java\kr\pe\sinnori\impl\message] creation task start
09:45:33.218 [main] INFO  k.p.s.c.buildsystem.ProjectBuilder - main project[sample_test]'s message decoder file[Echo][D:\gitsinnori\sinnori\project\sample_test\client_build\app_build\src\main\java\kr\pe\sinnori\impl\message] creation task end
09:45:33.218 [main] INFO  k.p.s.c.buildsystem.ProjectBuilder - main project[sample_test]'s message encoder file[Echo][D:\gitsinnori\sinnori\project\sample_test\client_build\app_build\src\main\java\kr\pe\sinnori\impl\message] creation task start
09:45:33.223 [main] INFO  k.p.s.c.buildsystem.ProjectBuilder - main project[sample_test]'s message encoder file[Echo][D:\gitsinnori\sinnori\project\sample_test\client_build\app_build\src\main\java\kr\pe\sinnori\impl\message] creation task end
09:45:33.223 [main] INFO  k.p.s.c.buildsystem.ProjectBuilder - main project[sample_test]'s message server codec file[Echo][D:\gitsinnori\sinnori\project\sample_test\client_build\app_build\src\main\java\kr\pe\sinnori\impl\message] creation task start
09:45:33.226 [main] INFO  k.p.s.c.buildsystem.ProjectBuilder - main project[sample_test]'s message server codec file[Echo][D:\gitsinnori\sinnori\project\sample_test\client_build\app_build\src\main\java\kr\pe\sinnori\impl\message] creation task end
09:45:33.226 [main] INFO  k.p.s.c.buildsystem.ProjectBuilder - main project[sample_test]'s message client codec file[Echo][D:\gitsinnori\sinnori\project\sample_test\client_build\app_build\src\main\java\kr\pe\sinnori\impl\message] creation task start
09:45:33.228 [main] INFO  k.p.s.c.buildsystem.ProjectBuilder - main project[sample_test]'s message client codec file[Echo][D:\gitsinnori\sinnori\project\sample_test\client_build\app_build\src\main\java\kr\pe\sinnori\impl\message] creation task end
09:45:33.228 [main] INFO  k.p.s.common.util.CommonStaticUtil - the new child relative direcotry[D:\gitsinnori\sinnori\project\sample_test\client_build\app_build\src\main\java\kr\pe\sinnori\impl\message][PublicKeyReq] was created successfully
09:45:33.228 [main] INFO  k.p.s.c.buildsystem.ProjectBuilder - main project[sample_test]'s message file[PublicKeyReq][D:\gitsinnori\sinnori\project\sample_test\client_build\app_build\src\main\java\kr\pe\sinnori\impl\message] creation task start
09:45:33.233 [main] INFO  k.p.s.c.buildsystem.ProjectBuilder - main project[sample_test]'s message file[PublicKeyReq][D:\gitsinnori\sinnori\project\sample_test\client_build\app_build\src\main\java\kr\pe\sinnori\impl\message] creation task end
09:45:33.233 [main] INFO  k.p.s.c.buildsystem.ProjectBuilder - main project[sample_test]'s message decoder file[PublicKeyReq][D:\gitsinnori\sinnori\project\sample_test\client_build\app_build\src\main\java\kr\pe\sinnori\impl\message] creation task start
09:45:33.237 [main] INFO  k.p.s.c.buildsystem.ProjectBuilder - main project[sample_test]'s message decoder file[PublicKeyReq][D:\gitsinnori\sinnori\project\sample_test\client_build\app_build\src\main\java\kr\pe\sinnori\impl\message] creation task end
09:45:33.305 [main] INFO  k.p.s.c.buildsystem.ProjectBuilder - main project[sample_test]'s message encoder file[PublicKeyReq][D:\gitsinnori\sinnori\project\sample_test\client_build\app_build\src\main\java\kr\pe\sinnori\impl\message] creation task start
09:45:33.310 [main] INFO  k.p.s.c.buildsystem.ProjectBuilder - main project[sample_test]'s message encoder file[PublicKeyReq][D:\gitsinnori\sinnori\project\sample_test\client_build\app_build\src\main\java\kr\pe\sinnori\impl\message] creation task end
09:45:33.310 [main] INFO  k.p.s.c.buildsystem.ProjectBuilder - main project[sample_test]'s message server codec file[PublicKeyReq][D:\gitsinnori\sinnori\project\sample_test\client_build\app_build\src\main\java\kr\pe\sinnori\impl\message] creation task start
09:45:33.311 [main] INFO  k.p.s.c.buildsystem.ProjectBuilder - main project[sample_test]'s message server codec file[PublicKeyReq][D:\gitsinnori\sinnori\project\sample_test\client_build\app_build\src\main\java\kr\pe\sinnori\impl\message] creation task end
09:45:33.311 [main] INFO  k.p.s.c.buildsystem.ProjectBuilder - main project[sample_test]'s message client codec file[PublicKeyReq][D:\gitsinnori\sinnori\project\sample_test\client_build\app_build\src\main\java\kr\pe\sinnori\impl\message] creation task start
09:45:33.313 [main] INFO  k.p.s.c.buildsystem.ProjectBuilder - main project[sample_test]'s message client codec file[PublicKeyReq][D:\gitsinnori\sinnori\project\sample_test\client_build\app_build\src\main\java\kr\pe\sinnori\impl\message] creation task end
09:45:33.314 [main] INFO  k.p.s.common.util.CommonStaticUtil - the new child relative direcotry[D:\gitsinnori\sinnori\project\sample_test\client_build\app_build\src\main\java\kr\pe\sinnori\impl\message][PublicKeyRes] was created successfully
09:45:33.314 [main] INFO  k.p.s.c.buildsystem.ProjectBuilder - main project[sample_test]'s message file[PublicKeyRes][D:\gitsinnori\sinnori\project\sample_test\client_build\app_build\src\main\java\kr\pe\sinnori\impl\message] creation task start
09:45:33.318 [main] INFO  k.p.s.c.buildsystem.ProjectBuilder - main project[sample_test]'s message file[PublicKeyRes][D:\gitsinnori\sinnori\project\sample_test\client_build\app_build\src\main\java\kr\pe\sinnori\impl\message] creation task end
09:45:33.318 [main] INFO  k.p.s.c.buildsystem.ProjectBuilder - main project[sample_test]'s message decoder file[PublicKeyRes][D:\gitsinnori\sinnori\project\sample_test\client_build\app_build\src\main\java\kr\pe\sinnori\impl\message] creation task start
09:45:33.323 [main] INFO  k.p.s.c.buildsystem.ProjectBuilder - main project[sample_test]'s message decoder file[PublicKeyRes][D:\gitsinnori\sinnori\project\sample_test\client_build\app_build\src\main\java\kr\pe\sinnori\impl\message] creation task end
09:45:33.323 [main] INFO  k.p.s.c.buildsystem.ProjectBuilder - main project[sample_test]'s message encoder file[PublicKeyRes][D:\gitsinnori\sinnori\project\sample_test\client_build\app_build\src\main\java\kr\pe\sinnori\impl\message] creation task start
09:45:33.327 [main] INFO  k.p.s.c.buildsystem.ProjectBuilder - main project[sample_test]'s message encoder file[PublicKeyRes][D:\gitsinnori\sinnori\project\sample_test\client_build\app_build\src\main\java\kr\pe\sinnori\impl\message] creation task end
09:45:33.327 [main] INFO  k.p.s.c.buildsystem.ProjectBuilder - main project[sample_test]'s message server codec file[PublicKeyRes][D:\gitsinnori\sinnori\project\sample_test\client_build\app_build\src\main\java\kr\pe\sinnori\impl\message] creation task start
09:45:33.328 [main] INFO  k.p.s.c.buildsystem.ProjectBuilder - main project[sample_test]'s message server codec file[PublicKeyRes][D:\gitsinnori\sinnori\project\sample_test\client_build\app_build\src\main\java\kr\pe\sinnori\impl\message] creation task end
09:45:33.328 [main] INFO  k.p.s.c.buildsystem.ProjectBuilder - main project[sample_test]'s message client codec file[PublicKeyRes][D:\gitsinnori\sinnori\project\sample_test\client_build\app_build\src\main\java\kr\pe\sinnori\impl\message] creation task start
09:45:33.330 [main] INFO  k.p.s.c.buildsystem.ProjectBuilder - main project[sample_test]'s message client codec file[PublicKeyRes][D:\gitsinnori\sinnori\project\sample_test\client_build\app_build\src\main\java\kr\pe\sinnori\impl\message] creation task end
09:45:33.330 [main] INFO  k.p.s.c.buildsystem.ProjectBuilder - main project[sample_test]'s application client message io file set creation task end
09:45:33.330 [main] INFO  k.p.s.c.buildsystem.ProjectBuilder - mainproject[sample_test]'s application client build system files creation task end
09:45:33.330 [main] INFO  k.p.s.c.buildsystem.ProjectBuilder - main project[sample_test]'s file creation task end
09:45:33.331 [main] INFO  k.p.s.c.config.SinnoriConfiguration - item key[sessionkey.rsa.publickey.file.value]'s value is null because its status is inactive
09:45:33.331 [main] INFO  k.p.s.c.config.SinnoriConfiguration - item key[sessionkey.rsa.privatekey.file.value]'s value is null because its status is inactive
09:45:33.331 [main] INFO  k.p.s.c.buildsystem.ProjectBuilder - main project[sample_test] changeProjectState method start
09:45:33.331 [main] INFO  k.p.s.c.buildsystem.ProjectBuilder - mainproject[sample_test]'s server build path deletion task start
09:45:33.343 [main] INFO  k.p.s.c.buildsystem.ProjectBuilder - mainproject[sample_test]'s server build path deletion task end
09:45:33.343 [main] INFO  k.p.s.c.buildsystem.ProjectBuilder - mainproject[sample_test]'s application client build path deletion task start
09:45:33.352 [main] INFO  k.p.s.c.buildsystem.ProjectBuilder - mainproject[sample_test]'s application client build path deletion task end
09:45:33.352 [main] INFO  k.p.s.c.buildsystem.ProjectBuilder - main project[sample_test]'s web build child direcotry creation task start
09:45:33.353 [main] INFO  k.p.s.common.util.CommonStaticUtil - the new child relative direcotry[D:\gitsinnori\sinnori\project\sample_test][client_build/web_build/corelib/ex] was created successfully
09:45:33.353 [main] INFO  k.p.s.common.util.CommonStaticUtil - the new child relative direcotry[D:\gitsinnori\sinnori\project\sample_test][client_build/web_build/corelib/in] was created successfully
09:45:33.420 [main] INFO  k.p.s.common.util.CommonStaticUtil - the new child relative direcotry[D:\gitsinnori\sinnori\project\sample_test][client_build/web_build/lib/main/ex] was created successfully
09:45:33.420 [main] INFO  k.p.s.common.util.CommonStaticUtil - the new child relative direcotry[D:\gitsinnori\sinnori\project\sample_test][client_build/web_build/lib/main/in] was created successfully
09:45:33.421 [main] INFO  k.p.s.common.util.CommonStaticUtil - the new child relative direcotry[D:\gitsinnori\sinnori\project\sample_test][client_build/web_build/lib/test] was created successfully
09:45:33.427 [main] INFO  k.p.s.common.util.CommonStaticUtil - the new child relative direcotry[D:\gitsinnori\sinnori\project\sample_test][client_build/web_build/src/main/java/kr/pe/sinnori/impl/message] was created successfully
09:45:33.427 [main] INFO  k.p.s.common.util.CommonStaticUtil - the new child relative direcotry[D:\gitsinnori\sinnori\project\sample_test][client_build/web_build/src/main/java//kr/pe/sinnori/servlet] was created successfully
09:45:33.429 [main] INFO  k.p.s.common.util.CommonStaticUtil - the new child relative direcotry[D:\gitsinnori\sinnori\project\sample_test][client_build/web_build/src/main/java/kr/pe/sinnori/weblib/common] was created successfully
09:45:33.429 [main] INFO  k.p.s.common.util.CommonStaticUtil - the new child relative direcotry[D:\gitsinnori\sinnori\project\sample_test][client_build/web_build/src/main/java/kr/pe/sinnori/weblib/htmlstring] was created successfully
09:45:33.430 [main] INFO  k.p.s.common.util.CommonStaticUtil - the new child relative direcotry[D:\gitsinnori\sinnori\project\sample_test][client_build/web_build/src/main/java/kr/pe/sinnori/weblib/jdf] was created successfully
09:45:33.431 [main] INFO  k.p.s.common.util.CommonStaticUtil - the new child relative direcotry[D:\gitsinnori\sinnori\project\sample_test][client_build/web_build/src/test/java] was created successfully
09:45:33.431 [main] INFO  k.p.s.common.util.CommonStaticUtil - the new child relative direcotry[D:\gitsinnori\sinnori\project\sample_test][client_build/web_build/build] was created successfully
09:45:33.432 [main] INFO  k.p.s.common.util.CommonStaticUtil - the new child relative direcotry[D:\gitsinnori\sinnori\project\sample_test][client_build/web_build/dist] was created successfully
09:45:33.432 [main] INFO  k.p.s.c.buildsystem.ProjectBuilder - main project[sample_test]'s web build child direcotry creation task end
09:45:33.432 [main] INFO  k.p.s.c.buildsystem.ProjectBuilder - main project[sample_test]'s web client build system files creation task start
09:45:33.432 [main] INFO  k.p.s.c.buildsystem.ProjectBuilder - main project[sample_test]'s web client ant build.xml file creation task start
09:45:33.435 [main] INFO  k.p.s.c.buildsystem.ProjectBuilder - main project[sample_test]'s web client ant build.xml file creation task end
09:45:33.435 [main] INFO  k.p.s.c.buildsystem.ProjectBuilder - main project[sample_test]'s web client ant properties file creation task start
09:45:33.435 [main] INFO  k.p.s.c.util.SequencedPropertiesUtil - the sequenced properties file[D:\gitsinnori\sinnori\project\sample_test\client_build\web_build\webAnt.properties] was created
09:45:33.444 [main] INFO  k.p.s.c.buildsystem.ProjectBuilder - main project[sample_test]'s web client ant properties file creation task end
09:45:33.444 [main] INFO  k.p.s.c.buildsystem.ProjectBuilder - main project[sample_test]'s web client message io file set creation task start
09:45:33.445 [main] INFO  k.p.s.common.util.CommonStaticUtil - the new child relative direcotry[D:\gitsinnori\sinnori\project\sample_test\client_build\web_build\src\main\java\kr\pe\sinnori\impl\message][Echo] was created successfully
09:45:33.445 [main] INFO  k.p.s.c.buildsystem.ProjectBuilder - main project[sample_test]'s message file[Echo][D:\gitsinnori\sinnori\project\sample_test\client_build\web_build\src\main\java\kr\pe\sinnori\impl\message] creation task start
09:45:33.451 [main] INFO  k.p.s.c.buildsystem.ProjectBuilder - main project[sample_test]'s message file[Echo][D:\gitsinnori\sinnori\project\sample_test\client_build\web_build\src\main\java\kr\pe\sinnori\impl\message] creation task end
09:45:33.451 [main] INFO  k.p.s.c.buildsystem.ProjectBuilder - main project[sample_test]'s message decoder file[Echo][D:\gitsinnori\sinnori\project\sample_test\client_build\web_build\src\main\java\kr\pe\sinnori\impl\message] creation task start
09:45:33.455 [main] INFO  k.p.s.c.buildsystem.ProjectBuilder - main project[sample_test]'s message decoder file[Echo][D:\gitsinnori\sinnori\project\sample_test\client_build\web_build\src\main\java\kr\pe\sinnori\impl\message] creation task end
09:45:33.455 [main] INFO  k.p.s.c.buildsystem.ProjectBuilder - main project[sample_test]'s message encoder file[Echo][D:\gitsinnori\sinnori\project\sample_test\client_build\web_build\src\main\java\kr\pe\sinnori\impl\message] creation task start
09:45:33.460 [main] INFO  k.p.s.c.buildsystem.ProjectBuilder - main project[sample_test]'s message encoder file[Echo][D:\gitsinnori\sinnori\project\sample_test\client_build\web_build\src\main\java\kr\pe\sinnori\impl\message] creation task end
09:45:33.460 [main] INFO  k.p.s.c.buildsystem.ProjectBuilder - main project[sample_test]'s message server codec file[Echo][D:\gitsinnori\sinnori\project\sample_test\client_build\web_build\src\main\java\kr\pe\sinnori\impl\message] creation task start
09:45:33.461 [main] INFO  k.p.s.c.buildsystem.ProjectBuilder - main project[sample_test]'s message server codec file[Echo][D:\gitsinnori\sinnori\project\sample_test\client_build\web_build\src\main\java\kr\pe\sinnori\impl\message] creation task end
09:45:33.461 [main] INFO  k.p.s.c.buildsystem.ProjectBuilder - main project[sample_test]'s message client codec file[Echo][D:\gitsinnori\sinnori\project\sample_test\client_build\web_build\src\main\java\kr\pe\sinnori\impl\message] creation task start
09:45:33.463 [main] INFO  k.p.s.c.buildsystem.ProjectBuilder - main project[sample_test]'s message client codec file[Echo][D:\gitsinnori\sinnori\project\sample_test\client_build\web_build\src\main\java\kr\pe\sinnori\impl\message] creation task end
09:45:33.463 [main] INFO  k.p.s.common.util.CommonStaticUtil - the new child relative direcotry[D:\gitsinnori\sinnori\project\sample_test\client_build\web_build\src\main\java\kr\pe\sinnori\impl\message][PublicKeyReq] was created successfully
09:45:33.463 [main] INFO  k.p.s.c.buildsystem.ProjectBuilder - main project[sample_test]'s message file[PublicKeyReq][D:\gitsinnori\sinnori\project\sample_test\client_build\web_build\src\main\java\kr\pe\sinnori\impl\message] creation task start
09:45:33.467 [main] INFO  k.p.s.c.buildsystem.ProjectBuilder - main project[sample_test]'s message file[PublicKeyReq][D:\gitsinnori\sinnori\project\sample_test\client_build\web_build\src\main\java\kr\pe\sinnori\impl\message] creation task end
09:45:33.467 [main] INFO  k.p.s.c.buildsystem.ProjectBuilder - main project[sample_test]'s message decoder file[PublicKeyReq][D:\gitsinnori\sinnori\project\sample_test\client_build\web_build\src\main\java\kr\pe\sinnori\impl\message] creation task start
09:45:33.471 [main] INFO  k.p.s.c.buildsystem.ProjectBuilder - main project[sample_test]'s message decoder file[PublicKeyReq][D:\gitsinnori\sinnori\project\sample_test\client_build\web_build\src\main\java\kr\pe\sinnori\impl\message] creation task end
09:45:33.544 [main] INFO  k.p.s.c.buildsystem.ProjectBuilder - main project[sample_test]'s message encoder file[PublicKeyReq][D:\gitsinnori\sinnori\project\sample_test\client_build\web_build\src\main\java\kr\pe\sinnori\impl\message] creation task start
09:45:33.549 [main] INFO  k.p.s.c.buildsystem.ProjectBuilder - main project[sample_test]'s message encoder file[PublicKeyReq][D:\gitsinnori\sinnori\project\sample_test\client_build\web_build\src\main\java\kr\pe\sinnori\impl\message] creation task end
09:45:33.549 [main] INFO  k.p.s.c.buildsystem.ProjectBuilder - main project[sample_test]'s message server codec file[PublicKeyReq][D:\gitsinnori\sinnori\project\sample_test\client_build\web_build\src\main\java\kr\pe\sinnori\impl\message] creation task start
09:45:33.551 [main] INFO  k.p.s.c.buildsystem.ProjectBuilder - main project[sample_test]'s message server codec file[PublicKeyReq][D:\gitsinnori\sinnori\project\sample_test\client_build\web_build\src\main\java\kr\pe\sinnori\impl\message] creation task end
09:45:33.551 [main] INFO  k.p.s.c.buildsystem.ProjectBuilder - main project[sample_test]'s message client codec file[PublicKeyReq][D:\gitsinnori\sinnori\project\sample_test\client_build\web_build\src\main\java\kr\pe\sinnori\impl\message] creation task start
09:45:33.554 [main] INFO  k.p.s.c.buildsystem.ProjectBuilder - main project[sample_test]'s message client codec file[PublicKeyReq][D:\gitsinnori\sinnori\project\sample_test\client_build\web_build\src\main\java\kr\pe\sinnori\impl\message] creation task end
09:45:33.554 [main] INFO  k.p.s.common.util.CommonStaticUtil - the new child relative direcotry[D:\gitsinnori\sinnori\project\sample_test\client_build\web_build\src\main\java\kr\pe\sinnori\impl\message][PublicKeyRes] was created successfully
09:45:33.554 [main] INFO  k.p.s.c.buildsystem.ProjectBuilder - main project[sample_test]'s message file[PublicKeyRes][D:\gitsinnori\sinnori\project\sample_test\client_build\web_build\src\main\java\kr\pe\sinnori\impl\message] creation task start
09:45:33.559 [main] INFO  k.p.s.c.buildsystem.ProjectBuilder - main project[sample_test]'s message file[PublicKeyRes][D:\gitsinnori\sinnori\project\sample_test\client_build\web_build\src\main\java\kr\pe\sinnori\impl\message] creation task end
09:45:33.559 [main] INFO  k.p.s.c.buildsystem.ProjectBuilder - main project[sample_test]'s message decoder file[PublicKeyRes][D:\gitsinnori\sinnori\project\sample_test\client_build\web_build\src\main\java\kr\pe\sinnori\impl\message] creation task start
09:45:33.564 [main] INFO  k.p.s.c.buildsystem.ProjectBuilder - main project[sample_test]'s message decoder file[PublicKeyRes][D:\gitsinnori\sinnori\project\sample_test\client_build\web_build\src\main\java\kr\pe\sinnori\impl\message] creation task end
09:45:33.565 [main] INFO  k.p.s.c.buildsystem.ProjectBuilder - main project[sample_test]'s message encoder file[PublicKeyRes][D:\gitsinnori\sinnori\project\sample_test\client_build\web_build\src\main\java\kr\pe\sinnori\impl\message] creation task start
09:45:33.572 [main] INFO  k.p.s.c.buildsystem.ProjectBuilder - main project[sample_test]'s message encoder file[PublicKeyRes][D:\gitsinnori\sinnori\project\sample_test\client_build\web_build\src\main\java\kr\pe\sinnori\impl\message] creation task end
09:45:33.575 [main] INFO  k.p.s.c.buildsystem.ProjectBuilder - main project[sample_test]'s message server codec file[PublicKeyRes][D:\gitsinnori\sinnori\project\sample_test\client_build\web_build\src\main\java\kr\pe\sinnori\impl\message] creation task start
09:45:33.578 [main] INFO  k.p.s.c.buildsystem.ProjectBuilder - main project[sample_test]'s message server codec file[PublicKeyRes][D:\gitsinnori\sinnori\project\sample_test\client_build\web_build\src\main\java\kr\pe\sinnori\impl\message] creation task end
09:45:33.578 [main] INFO  k.p.s.c.buildsystem.ProjectBuilder - main project[sample_test]'s message client codec file[PublicKeyRes][D:\gitsinnori\sinnori\project\sample_test\client_build\web_build\src\main\java\kr\pe\sinnori\impl\message] creation task start
09:45:33.580 [main] INFO  k.p.s.c.buildsystem.ProjectBuilder - main project[sample_test]'s message client codec file[PublicKeyRes][D:\gitsinnori\sinnori\project\sample_test\client_build\web_build\src\main\java\kr\pe\sinnori\impl\message] creation task end
09:45:33.580 [main] INFO  k.p.s.c.buildsystem.ProjectBuilder - main project[sample_test]'s web client message io file set creation task end
09:45:33.580 [main] INFO  k.p.s.c.buildsystem.ProjectBuilder - mainproject[sample_test]'s web client sample source files copy task start
09:45:33.636 [main] INFO  k.p.s.c.buildsystem.ProjectBuilder - mainproject[sample_test]'s web client sample source files copy task end
09:45:33.636 [main] INFO  k.p.s.c.buildsystem.ProjectBuilder - main project[sample_test]'s web client build system files creation task end
09:45:33.637 [main] INFO  k.p.s.c.buildsystem.ProjectBuilder - main project[sample_test]'s web root child direcotry creation task start
09:45:33.637 [main] INFO  k.p.s.common.util.CommonStaticUtil - the new child relative direcotry[D:\gitsinnori\sinnori\project\sample_test][web_app_base/upload] was created successfully
09:45:33.638 [main] INFO  k.p.s.common.util.CommonStaticUtil - the new child relative direcotry[D:\gitsinnori\sinnori\project\sample_test][web_app_base/ROOT/WEB-INF/classes] was created successfully
09:45:33.638 [main] INFO  k.p.s.common.util.CommonStaticUtil - the new child relative direcotry[D:\gitsinnori\sinnori\project\sample_test][web_app_base/ROOT/WEB-INF/lib] was created successfully
09:45:33.638 [main] INFO  k.p.s.c.buildsystem.ProjectBuilder - main project[sample_test]'s web root child direcotry creation task end
09:45:33.638 [main] INFO  k.p.s.c.buildsystem.ProjectBuilder - main project[sample_test]'s web root sample files creation task start
09:45:33.638 [main] INFO  k.p.s.c.buildsystem.ProjectBuilder - main project[sample_test]'s web root sample files copy task start
09:45:33.644 [main] INFO  k.p.s.c.buildsystem.ProjectBuilder - main project[sample_test]'s web root sample files copy task end
09:45:33.644 [main] INFO  k.p.s.c.buildsystem.ProjectBuilder - main project[sample_test]'s web root sample files creation task end
09:45:33.644 [main] INFO  k.p.s.c.buildsystem.ProjectBuilder - main project[sample_test]'s config file overwrite task start
09:45:33.647 [main] INFO  k.p.s.c.buildsystem.ProjectBuilder - main project[sample_test]'s config file overwrite task end
09:45:33.648 [main] INFO  k.p.s.c.buildsystem.ProjectBuilder - main project[sample_test] changeProjectState method end
09:45:33.648 [main] INFO  k.p.s.c.buildsystem.ProjectBuilder - the server ant build.xml file[D:\gitsinnori\sinnori\project\sample_test\server_build\build.xml] is bad :: whetherExist[false] isFile[false]
09:45:33.648 [main] INFO  k.p.s.c.buildsystem.ProjectBuilder - the app client ant build.xml file[D:\gitsinnori\sinnori\project\sample_test\client_build\app_build\build.xml] is bad :: whetherExist[false] isFile[false]
09:45:33.648 [main] INFO  k.p.s.c.buildsystem.ProjectBuilder - main project[sample_test] changeProjectState method start
09:45:33.648 [main] INFO  k.p.s.c.buildsystem.ProjectBuilder - the server ant build.xml file[D:\gitsinnori\sinnori\project\sample_test\server_build\build.xml] is bad :: whetherExist[false] isFile[false]
09:45:33.648 [main] WARN  k.p.s.c.buildsystem.ProjectBuilder - the server buid.xml file[D:\gitsinnori\sinnori\project\sample_test\server_build\build.xml] is bad beacse it doesn't exist or is not a file, so skip deletion of server build system
09:45:33.648 [main] INFO  k.p.s.c.buildsystem.ProjectBuilder - main project[sample_test]'s application build child direcotry creation task start
09:45:33.649 [main] INFO  k.p.s.common.util.CommonStaticUtil - the new child relative direcotry[D:\gitsinnori\sinnori\project\sample_test][client_build/app_build/corelib/ex] was created successfully
09:45:33.649 [main] INFO  k.p.s.common.util.CommonStaticUtil - the new child relative direcotry[D:\gitsinnori\sinnori\project\sample_test][client_build/app_build/corelib/in] was created successfully
09:45:33.649 [main] INFO  k.p.s.common.util.CommonStaticUtil - the new child relative direcotry[D:\gitsinnori\sinnori\project\sample_test][client_build/app_build/lib/main/ex] was created successfully
09:45:33.650 [main] INFO  k.p.s.common.util.CommonStaticUtil - the new child relative direcotry[D:\gitsinnori\sinnori\project\sample_test][client_build/app_build/lib/main/in] was created successfully
09:45:33.650 [main] INFO  k.p.s.common.util.CommonStaticUtil - the new child relative direcotry[D:\gitsinnori\sinnori\project\sample_test][client_build/app_build/lib/test] was created successfully
09:45:33.687 [main] INFO  k.p.s.common.util.CommonStaticUtil - the new child relative direcotry[D:\gitsinnori\sinnori\project\sample_test][client_build/app_build/src/main/java/kr/pe/sinnori/impl/message] was created successfully
09:45:33.687 [main] INFO  k.p.s.common.util.CommonStaticUtil - the new child relative direcotry[D:\gitsinnori\sinnori\project\sample_test][client_build/app_build/src/main/java/main] was created successfully
09:45:33.688 [main] INFO  k.p.s.common.util.CommonStaticUtil - the new child relative direcotry[D:\gitsinnori\sinnori\project\sample_test][client_build/app_build/src/test/java] was created successfully
09:45:33.688 [main] INFO  k.p.s.common.util.CommonStaticUtil - the new child relative direcotry[D:\gitsinnori\sinnori\project\sample_test][client_build/app_build/build] was created successfully
09:45:33.689 [main] INFO  k.p.s.common.util.CommonStaticUtil - the new child relative direcotry[D:\gitsinnori\sinnori\project\sample_test][client_build/app_build/dist] was created successfully
09:45:33.689 [main] INFO  k.p.s.c.buildsystem.ProjectBuilder - main project[sample_test]'s application build child direcotry creation task end
09:45:33.689 [main] INFO  k.p.s.c.buildsystem.ProjectBuilder - mainproject[sample_test]'s application client build system files creation task start
09:45:33.689 [main] INFO  k.p.s.c.buildsystem.ProjectBuilder - main project[sample_test]'s application client ant build.xml file creation task start
09:45:33.691 [main] INFO  k.p.s.c.buildsystem.ProjectBuilder - main project[sample_test]'s application client ant build.xml file creation task end
09:45:33.691 [main] INFO  k.p.s.c.buildsystem.ProjectBuilder - main project[sample_test]'s application client dos shell file creation task start
09:45:33.695 [main] INFO  k.p.s.c.buildsystem.ProjectBuilder - main project[sample_test]'s application client dos shell file creation task end
09:45:33.695 [main] INFO  k.p.s.c.buildsystem.ProjectBuilder - main project[sample_test]'s application client unix shell file creation task start
09:45:33.696 [main] INFO  k.p.s.c.buildsystem.ProjectBuilder - main project[sample_test]'s application client unix shell file creation task end
09:45:33.696 [main] INFO  k.p.s.c.buildsystem.ProjectBuilder - application client sample source files copy task start
09:45:33.707 [main] INFO  k.p.s.c.buildsystem.ProjectBuilder - application client sample source files copy task end
09:45:33.707 [main] INFO  k.p.s.c.buildsystem.ProjectBuilder - main project[sample_test]'s application client message io file set creation task start
09:45:33.707 [main] INFO  k.p.s.common.util.CommonStaticUtil - the new child relative direcotry[D:\gitsinnori\sinnori\project\sample_test\client_build\app_build\src\main\java\kr\pe\sinnori\impl\message][Echo] was created successfully
09:45:33.707 [main] INFO  k.p.s.c.buildsystem.ProjectBuilder - main project[sample_test]'s message file[Echo][D:\gitsinnori\sinnori\project\sample_test\client_build\app_build\src\main\java\kr\pe\sinnori\impl\message] creation task start
09:45:33.710 [main] INFO  k.p.s.c.buildsystem.ProjectBuilder - main project[sample_test]'s message file[Echo][D:\gitsinnori\sinnori\project\sample_test\client_build\app_build\src\main\java\kr\pe\sinnori\impl\message] creation task end
09:45:33.710 [main] INFO  k.p.s.c.buildsystem.ProjectBuilder - main project[sample_test]'s message decoder file[Echo][D:\gitsinnori\sinnori\project\sample_test\client_build\app_build\src\main\java\kr\pe\sinnori\impl\message] creation task start
09:45:33.713 [main] INFO  k.p.s.c.buildsystem.ProjectBuilder - main project[sample_test]'s message decoder file[Echo][D:\gitsinnori\sinnori\project\sample_test\client_build\app_build\src\main\java\kr\pe\sinnori\impl\message] creation task end
09:45:33.713 [main] INFO  k.p.s.c.buildsystem.ProjectBuilder - main project[sample_test]'s message encoder file[Echo][D:\gitsinnori\sinnori\project\sample_test\client_build\app_build\src\main\java\kr\pe\sinnori\impl\message] creation task start
09:45:33.717 [main] INFO  k.p.s.c.buildsystem.ProjectBuilder - main project[sample_test]'s message encoder file[Echo][D:\gitsinnori\sinnori\project\sample_test\client_build\app_build\src\main\java\kr\pe\sinnori\impl\message] creation task end
09:45:33.717 [main] INFO  k.p.s.c.buildsystem.ProjectBuilder - main project[sample_test]'s message server codec file[Echo][D:\gitsinnori\sinnori\project\sample_test\client_build\app_build\src\main\java\kr\pe\sinnori\impl\message] creation task start
09:45:33.718 [main] INFO  k.p.s.c.buildsystem.ProjectBuilder - main project[sample_test]'s message server codec file[Echo][D:\gitsinnori\sinnori\project\sample_test\client_build\app_build\src\main\java\kr\pe\sinnori\impl\message] creation task end
09:45:33.718 [main] INFO  k.p.s.c.buildsystem.ProjectBuilder - main project[sample_test]'s message client codec file[Echo][D:\gitsinnori\sinnori\project\sample_test\client_build\app_build\src\main\java\kr\pe\sinnori\impl\message] creation task start
09:45:33.720 [main] INFO  k.p.s.c.buildsystem.ProjectBuilder - main project[sample_test]'s message client codec file[Echo][D:\gitsinnori\sinnori\project\sample_test\client_build\app_build\src\main\java\kr\pe\sinnori\impl\message] creation task end
09:45:33.720 [main] INFO  k.p.s.common.util.CommonStaticUtil - the new child relative direcotry[D:\gitsinnori\sinnori\project\sample_test\client_build\app_build\src\main\java\kr\pe\sinnori\impl\message][PublicKeyReq] was created successfully
09:45:33.720 [main] INFO  k.p.s.c.buildsystem.ProjectBuilder - main project[sample_test]'s message file[PublicKeyReq][D:\gitsinnori\sinnori\project\sample_test\client_build\app_build\src\main\java\kr\pe\sinnori\impl\message] creation task start
09:45:33.723 [main] INFO  k.p.s.c.buildsystem.ProjectBuilder - main project[sample_test]'s message file[PublicKeyReq][D:\gitsinnori\sinnori\project\sample_test\client_build\app_build\src\main\java\kr\pe\sinnori\impl\message] creation task end
09:45:33.795 [main] INFO  k.p.s.c.buildsystem.ProjectBuilder - main project[sample_test]'s message decoder file[PublicKeyReq][D:\gitsinnori\sinnori\project\sample_test\client_build\app_build\src\main\java\kr\pe\sinnori\impl\message] creation task start
09:45:33.802 [main] INFO  k.p.s.c.buildsystem.ProjectBuilder - main project[sample_test]'s message decoder file[PublicKeyReq][D:\gitsinnori\sinnori\project\sample_test\client_build\app_build\src\main\java\kr\pe\sinnori\impl\message] creation task end
09:45:33.802 [main] INFO  k.p.s.c.buildsystem.ProjectBuilder - main project[sample_test]'s message encoder file[PublicKeyReq][D:\gitsinnori\sinnori\project\sample_test\client_build\app_build\src\main\java\kr\pe\sinnori\impl\message] creation task start
09:45:33.810 [main] INFO  k.p.s.c.buildsystem.ProjectBuilder - main project[sample_test]'s message encoder file[PublicKeyReq][D:\gitsinnori\sinnori\project\sample_test\client_build\app_build\src\main\java\kr\pe\sinnori\impl\message] creation task end
09:45:33.811 [main] INFO  k.p.s.c.buildsystem.ProjectBuilder - main project[sample_test]'s message server codec file[PublicKeyReq][D:\gitsinnori\sinnori\project\sample_test\client_build\app_build\src\main\java\kr\pe\sinnori\impl\message] creation task start
09:45:33.814 [main] INFO  k.p.s.c.buildsystem.ProjectBuilder - main project[sample_test]'s message server codec file[PublicKeyReq][D:\gitsinnori\sinnori\project\sample_test\client_build\app_build\src\main\java\kr\pe\sinnori\impl\message] creation task end
09:45:33.814 [main] INFO  k.p.s.c.buildsystem.ProjectBuilder - main project[sample_test]'s message client codec file[PublicKeyReq][D:\gitsinnori\sinnori\project\sample_test\client_build\app_build\src\main\java\kr\pe\sinnori\impl\message] creation task start
09:45:33.817 [main] INFO  k.p.s.c.buildsystem.ProjectBuilder - main project[sample_test]'s message client codec file[PublicKeyReq][D:\gitsinnori\sinnori\project\sample_test\client_build\app_build\src\main\java\kr\pe\sinnori\impl\message] creation task end
09:45:33.817 [main] INFO  k.p.s.common.util.CommonStaticUtil - the new child relative direcotry[D:\gitsinnori\sinnori\project\sample_test\client_build\app_build\src\main\java\kr\pe\sinnori\impl\message][PublicKeyRes] was created successfully
09:45:33.818 [main] INFO  k.p.s.c.buildsystem.ProjectBuilder - main project[sample_test]'s message file[PublicKeyRes][D:\gitsinnori\sinnori\project\sample_test\client_build\app_build\src\main\java\kr\pe\sinnori\impl\message] creation task start
09:45:33.828 [main] INFO  k.p.s.c.buildsystem.ProjectBuilder - main project[sample_test]'s message file[PublicKeyRes][D:\gitsinnori\sinnori\project\sample_test\client_build\app_build\src\main\java\kr\pe\sinnori\impl\message] creation task end
09:45:33.828 [main] INFO  k.p.s.c.buildsystem.ProjectBuilder - main project[sample_test]'s message decoder file[PublicKeyRes][D:\gitsinnori\sinnori\project\sample_test\client_build\app_build\src\main\java\kr\pe\sinnori\impl\message] creation task start
09:45:33.839 [main] INFO  k.p.s.c.buildsystem.ProjectBuilder - main project[sample_test]'s message decoder file[PublicKeyRes][D:\gitsinnori\sinnori\project\sample_test\client_build\app_build\src\main\java\kr\pe\sinnori\impl\message] creation task end
09:45:33.839 [main] INFO  k.p.s.c.buildsystem.ProjectBuilder - main project[sample_test]'s message encoder file[PublicKeyRes][D:\gitsinnori\sinnori\project\sample_test\client_build\app_build\src\main\java\kr\pe\sinnori\impl\message] creation task start
09:45:33.843 [main] INFO  k.p.s.c.buildsystem.ProjectBuilder - main project[sample_test]'s message encoder file[PublicKeyRes][D:\gitsinnori\sinnori\project\sample_test\client_build\app_build\src\main\java\kr\pe\sinnori\impl\message] creation task end
09:45:33.843 [main] INFO  k.p.s.c.buildsystem.ProjectBuilder - main project[sample_test]'s message server codec file[PublicKeyRes][D:\gitsinnori\sinnori\project\sample_test\client_build\app_build\src\main\java\kr\pe\sinnori\impl\message] creation task start
09:45:33.845 [main] INFO  k.p.s.c.buildsystem.ProjectBuilder - main project[sample_test]'s message server codec file[PublicKeyRes][D:\gitsinnori\sinnori\project\sample_test\client_build\app_build\src\main\java\kr\pe\sinnori\impl\message] creation task end
09:45:33.845 [main] INFO  k.p.s.c.buildsystem.ProjectBuilder - main project[sample_test]'s message client codec file[PublicKeyRes][D:\gitsinnori\sinnori\project\sample_test\client_build\app_build\src\main\java\kr\pe\sinnori\impl\message] creation task start
09:45:33.847 [main] INFO  k.p.s.c.buildsystem.ProjectBuilder - main project[sample_test]'s message client codec file[PublicKeyRes][D:\gitsinnori\sinnori\project\sample_test\client_build\app_build\src\main\java\kr\pe\sinnori\impl\message] creation task end
09:45:33.847 [main] INFO  k.p.s.c.buildsystem.ProjectBuilder - main project[sample_test]'s application client message io file set creation task end
09:45:33.847 [main] INFO  k.p.s.c.buildsystem.ProjectBuilder - mainproject[sample_test]'s application client build system files creation task end
09:45:33.847 [main] INFO  k.p.s.c.buildsystem.ProjectBuilder - main project[sample_test]'s web client build path deletion task start
09:45:33.863 [main] INFO  k.p.s.c.buildsystem.ProjectBuilder - main project[sample_test]'s web client build path deletion task end
09:45:33.863 [main] INFO  k.p.s.c.buildsystem.ProjectBuilder - main project[sample_test]'s web root path deletion task start
09:45:33.865 [main] INFO  k.p.s.c.buildsystem.ProjectBuilder - main project[sample_test]'s web root path deletion task end
09:45:33.865 [main] INFO  k.p.s.c.buildsystem.ProjectBuilder - main project[sample_test]'s config file overwrite task start
09:45:33.869 [main] INFO  k.p.s.c.buildsystem.ProjectBuilder - main project[sample_test]'s config file overwrite task end
09:45:33.869 [main] INFO  k.p.s.c.buildsystem.ProjectBuilder - main project[sample_test] changeProjectState method end
09:45:33.870 [main] INFO  k.p.s.c.buildsystem.ProjectBuilder - the server ant build.xml file[D:\gitsinnori\sinnori\project\sample_test\server_build\build.xml] is bad :: whetherExist[false] isFile[false]
09:45:33.870 [main] INFO  k.p.s.c.buildsystem.ProjectBuilder - the web client ant build.xml file[D:\gitsinnori\sinnori\project\sample_test\client_build\web_build\build.xml] is bad :: whetherExist[false] isFile[false]
09:45:33.870 [main] INFO  k.p.s.c.buildsystem.ProjectBuilder - the web.xml file[D:\gitsinnori\sinnori\project\sample_test\web_app_base\ROOT\WEB-INF\web.xml] located at web root directory is bad :: whetherExist[false] isFile[false]
09:45:33.870 [main] INFO  k.p.s.c.buildsystem.ProjectBuilder - main project[sample_test] changeProjectState method start
09:45:33.870 [main] INFO  k.p.s.c.buildsystem.ProjectBuilder - the server ant build.xml file[D:\gitsinnori\sinnori\project\sample_test\server_build\build.xml] is bad :: whetherExist[false] isFile[false]
09:45:33.870 [main] WARN  k.p.s.c.buildsystem.ProjectBuilder - the server buid.xml file[D:\gitsinnori\sinnori\project\sample_test\server_build\build.xml] is bad beacse it doesn't exist or is not a file, so skip deletion of server build system
09:45:33.870 [main] WARN  k.p.s.c.buildsystem.ProjectBuilder - the app client build path[D:\gitsinnori\sinnori\project\sample_test\client_build\app_build] exist, so skip creation of app client build system
09:45:33.870 [main] INFO  k.p.s.c.buildsystem.ProjectBuilder - main project[sample_test]'s web build child direcotry creation task start
09:45:33.871 [main] INFO  k.p.s.common.util.CommonStaticUtil - the new child relative direcotry[D:\gitsinnori\sinnori\project\sample_test][client_build/web_build/corelib/ex] was created successfully
09:45:33.871 [main] INFO  k.p.s.common.util.CommonStaticUtil - the new child relative direcotry[D:\gitsinnori\sinnori\project\sample_test][client_build/web_build/corelib/in] was created successfully
09:45:33.872 [main] INFO  k.p.s.common.util.CommonStaticUtil - the new child relative direcotry[D:\gitsinnori\sinnori\project\sample_test][client_build/web_build/lib/main/ex] was created successfully
09:45:33.872 [main] INFO  k.p.s.common.util.CommonStaticUtil - the new child relative direcotry[D:\gitsinnori\sinnori\project\sample_test][client_build/web_build/lib/main/in] was created successfully
09:45:33.872 [main] INFO  k.p.s.common.util.CommonStaticUtil - the new child relative direcotry[D:\gitsinnori\sinnori\project\sample_test][client_build/web_build/lib/test] was created successfully
09:45:33.875 [main] INFO  k.p.s.common.util.CommonStaticUtil - the new child relative direcotry[D:\gitsinnori\sinnori\project\sample_test][client_build/web_build/src/main/java/kr/pe/sinnori/impl/message] was created successfully
09:45:33.875 [main] INFO  k.p.s.common.util.CommonStaticUtil - the new child relative direcotry[D:\gitsinnori\sinnori\project\sample_test][client_build/web_build/src/main/java//kr/pe/sinnori/servlet] was created successfully
09:45:33.876 [main] INFO  k.p.s.common.util.CommonStaticUtil - the new child relative direcotry[D:\gitsinnori\sinnori\project\sample_test][client_build/web_build/src/main/java/kr/pe/sinnori/weblib/common] was created successfully
09:45:33.876 [main] INFO  k.p.s.common.util.CommonStaticUtil - the new child relative direcotry[D:\gitsinnori\sinnori\project\sample_test][client_build/web_build/src/main/java/kr/pe/sinnori/weblib/htmlstring] was created successfully
09:45:33.950 [main] INFO  k.p.s.common.util.CommonStaticUtil - the new child relative direcotry[D:\gitsinnori\sinnori\project\sample_test][client_build/web_build/src/main/java/kr/pe/sinnori/weblib/jdf] was created successfully
09:45:33.951 [main] INFO  k.p.s.common.util.CommonStaticUtil - the new child relative direcotry[D:\gitsinnori\sinnori\project\sample_test][client_build/web_build/src/test/java] was created successfully
09:45:33.951 [main] INFO  k.p.s.common.util.CommonStaticUtil - the new child relative direcotry[D:\gitsinnori\sinnori\project\sample_test][client_build/web_build/build] was created successfully
09:45:33.952 [main] INFO  k.p.s.common.util.CommonStaticUtil - the new child relative direcotry[D:\gitsinnori\sinnori\project\sample_test][client_build/web_build/dist] was created successfully
09:45:33.952 [main] INFO  k.p.s.c.buildsystem.ProjectBuilder - main project[sample_test]'s web build child direcotry creation task end
09:45:33.952 [main] INFO  k.p.s.c.buildsystem.ProjectBuilder - main project[sample_test]'s web client build system files creation task start
09:45:33.952 [main] INFO  k.p.s.c.buildsystem.ProjectBuilder - main project[sample_test]'s web client ant build.xml file creation task start
09:45:33.954 [main] INFO  k.p.s.c.buildsystem.ProjectBuilder - main project[sample_test]'s web client ant build.xml file creation task end
09:45:33.954 [main] INFO  k.p.s.c.buildsystem.ProjectBuilder - main project[sample_test]'s web client ant properties file creation task start
09:45:33.955 [main] INFO  k.p.s.c.util.SequencedPropertiesUtil - the sequenced properties file[D:\gitsinnori\sinnori\project\sample_test\client_build\web_build\webAnt.properties] was created
09:45:33.956 [main] INFO  k.p.s.c.buildsystem.ProjectBuilder - main project[sample_test]'s web client ant properties file creation task end
09:45:33.956 [main] INFO  k.p.s.c.buildsystem.ProjectBuilder - main project[sample_test]'s web client message io file set creation task start
09:45:33.957 [main] INFO  k.p.s.common.util.CommonStaticUtil - the new child relative direcotry[D:\gitsinnori\sinnori\project\sample_test\client_build\web_build\src\main\java\kr\pe\sinnori\impl\message][Echo] was created successfully
09:45:33.957 [main] INFO  k.p.s.c.buildsystem.ProjectBuilder - main project[sample_test]'s message file[Echo][D:\gitsinnori\sinnori\project\sample_test\client_build\web_build\src\main\java\kr\pe\sinnori\impl\message] creation task start
09:45:33.963 [main] INFO  k.p.s.c.buildsystem.ProjectBuilder - main project[sample_test]'s message file[Echo][D:\gitsinnori\sinnori\project\sample_test\client_build\web_build\src\main\java\kr\pe\sinnori\impl\message] creation task end
09:45:33.963 [main] INFO  k.p.s.c.buildsystem.ProjectBuilder - main project[sample_test]'s message decoder file[Echo][D:\gitsinnori\sinnori\project\sample_test\client_build\web_build\src\main\java\kr\pe\sinnori\impl\message] creation task start
09:45:33.968 [main] INFO  k.p.s.c.buildsystem.ProjectBuilder - main project[sample_test]'s message decoder file[Echo][D:\gitsinnori\sinnori\project\sample_test\client_build\web_build\src\main\java\kr\pe\sinnori\impl\message] creation task end
09:45:33.968 [main] INFO  k.p.s.c.buildsystem.ProjectBuilder - main project[sample_test]'s message encoder file[Echo][D:\gitsinnori\sinnori\project\sample_test\client_build\web_build\src\main\java\kr\pe\sinnori\impl\message] creation task start
09:45:33.973 [main] INFO  k.p.s.c.buildsystem.ProjectBuilder - main project[sample_test]'s message encoder file[Echo][D:\gitsinnori\sinnori\project\sample_test\client_build\web_build\src\main\java\kr\pe\sinnori\impl\message] creation task end
09:45:33.973 [main] INFO  k.p.s.c.buildsystem.ProjectBuilder - main project[sample_test]'s message server codec file[Echo][D:\gitsinnori\sinnori\project\sample_test\client_build\web_build\src\main\java\kr\pe\sinnori\impl\message] creation task start
09:45:33.974 [main] INFO  k.p.s.c.buildsystem.ProjectBuilder - main project[sample_test]'s message server codec file[Echo][D:\gitsinnori\sinnori\project\sample_test\client_build\web_build\src\main\java\kr\pe\sinnori\impl\message] creation task end
09:45:33.974 [main] INFO  k.p.s.c.buildsystem.ProjectBuilder - main project[sample_test]'s message client codec file[Echo][D:\gitsinnori\sinnori\project\sample_test\client_build\web_build\src\main\java\kr\pe\sinnori\impl\message] creation task start
09:45:33.975 [main] INFO  k.p.s.c.buildsystem.ProjectBuilder - main project[sample_test]'s message client codec file[Echo][D:\gitsinnori\sinnori\project\sample_test\client_build\web_build\src\main\java\kr\pe\sinnori\impl\message] creation task end
09:45:33.976 [main] INFO  k.p.s.common.util.CommonStaticUtil - the new child relative direcotry[D:\gitsinnori\sinnori\project\sample_test\client_build\web_build\src\main\java\kr\pe\sinnori\impl\message][PublicKeyReq] was created successfully
09:45:33.976 [main] INFO  k.p.s.c.buildsystem.ProjectBuilder - main project[sample_test]'s message file[PublicKeyReq][D:\gitsinnori\sinnori\project\sample_test\client_build\web_build\src\main\java\kr\pe\sinnori\impl\message] creation task start
09:45:33.980 [main] INFO  k.p.s.c.buildsystem.ProjectBuilder - main project[sample_test]'s message file[PublicKeyReq][D:\gitsinnori\sinnori\project\sample_test\client_build\web_build\src\main\java\kr\pe\sinnori\impl\message] creation task end
09:45:33.980 [main] INFO  k.p.s.c.buildsystem.ProjectBuilder - main project[sample_test]'s message decoder file[PublicKeyReq][D:\gitsinnori\sinnori\project\sample_test\client_build\web_build\src\main\java\kr\pe\sinnori\impl\message] creation task start
09:45:33.983 [main] INFO  k.p.s.c.buildsystem.ProjectBuilder - main project[sample_test]'s message decoder file[PublicKeyReq][D:\gitsinnori\sinnori\project\sample_test\client_build\web_build\src\main\java\kr\pe\sinnori\impl\message] creation task end
09:45:33.983 [main] INFO  k.p.s.c.buildsystem.ProjectBuilder - main project[sample_test]'s message encoder file[PublicKeyReq][D:\gitsinnori\sinnori\project\sample_test\client_build\web_build\src\main\java\kr\pe\sinnori\impl\message] creation task start
09:45:33.986 [main] INFO  k.p.s.c.buildsystem.ProjectBuilder - main project[sample_test]'s message encoder file[PublicKeyReq][D:\gitsinnori\sinnori\project\sample_test\client_build\web_build\src\main\java\kr\pe\sinnori\impl\message] creation task end
09:45:33.986 [main] INFO  k.p.s.c.buildsystem.ProjectBuilder - main project[sample_test]'s message server codec file[PublicKeyReq][D:\gitsinnori\sinnori\project\sample_test\client_build\web_build\src\main\java\kr\pe\sinnori\impl\message] creation task start
09:45:33.988 [main] INFO  k.p.s.c.buildsystem.ProjectBuilder - main project[sample_test]'s message server codec file[PublicKeyReq][D:\gitsinnori\sinnori\project\sample_test\client_build\web_build\src\main\java\kr\pe\sinnori\impl\message] creation task end
09:45:33.988 [main] INFO  k.p.s.c.buildsystem.ProjectBuilder - main project[sample_test]'s message client codec file[PublicKeyReq][D:\gitsinnori\sinnori\project\sample_test\client_build\web_build\src\main\java\kr\pe\sinnori\impl\message] creation task start
09:45:34.072 [main] INFO  k.p.s.c.buildsystem.ProjectBuilder - main project[sample_test]'s message client codec file[PublicKeyReq][D:\gitsinnori\sinnori\project\sample_test\client_build\web_build\src\main\java\kr\pe\sinnori\impl\message] creation task end
09:45:34.072 [main] INFO  k.p.s.common.util.CommonStaticUtil - the new child relative direcotry[D:\gitsinnori\sinnori\project\sample_test\client_build\web_build\src\main\java\kr\pe\sinnori\impl\message][PublicKeyRes] was created successfully
09:45:34.072 [main] INFO  k.p.s.c.buildsystem.ProjectBuilder - main project[sample_test]'s message file[PublicKeyRes][D:\gitsinnori\sinnori\project\sample_test\client_build\web_build\src\main\java\kr\pe\sinnori\impl\message] creation task start
09:45:34.079 [main] INFO  k.p.s.c.buildsystem.ProjectBuilder - main project[sample_test]'s message file[PublicKeyRes][D:\gitsinnori\sinnori\project\sample_test\client_build\web_build\src\main\java\kr\pe\sinnori\impl\message] creation task end
09:45:34.079 [main] INFO  k.p.s.c.buildsystem.ProjectBuilder - main project[sample_test]'s message decoder file[PublicKeyRes][D:\gitsinnori\sinnori\project\sample_test\client_build\web_build\src\main\java\kr\pe\sinnori\impl\message] creation task start
09:45:34.086 [main] INFO  k.p.s.c.buildsystem.ProjectBuilder - main project[sample_test]'s message decoder file[PublicKeyRes][D:\gitsinnori\sinnori\project\sample_test\client_build\web_build\src\main\java\kr\pe\sinnori\impl\message] creation task end
09:45:34.086 [main] INFO  k.p.s.c.buildsystem.ProjectBuilder - main project[sample_test]'s message encoder file[PublicKeyRes][D:\gitsinnori\sinnori\project\sample_test\client_build\web_build\src\main\java\kr\pe\sinnori\impl\message] creation task start
09:45:34.094 [main] INFO  k.p.s.c.buildsystem.ProjectBuilder - main project[sample_test]'s message encoder file[PublicKeyRes][D:\gitsinnori\sinnori\project\sample_test\client_build\web_build\src\main\java\kr\pe\sinnori\impl\message] creation task end
09:45:34.094 [main] INFO  k.p.s.c.buildsystem.ProjectBuilder - main project[sample_test]'s message server codec file[PublicKeyRes][D:\gitsinnori\sinnori\project\sample_test\client_build\web_build\src\main\java\kr\pe\sinnori\impl\message] creation task start
09:45:34.098 [main] INFO  k.p.s.c.buildsystem.ProjectBuilder - main project[sample_test]'s message server codec file[PublicKeyRes][D:\gitsinnori\sinnori\project\sample_test\client_build\web_build\src\main\java\kr\pe\sinnori\impl\message] creation task end
09:45:34.098 [main] INFO  k.p.s.c.buildsystem.ProjectBuilder - main project[sample_test]'s message client codec file[PublicKeyRes][D:\gitsinnori\sinnori\project\sample_test\client_build\web_build\src\main\java\kr\pe\sinnori\impl\message] creation task start
09:45:34.101 [main] INFO  k.p.s.c.buildsystem.ProjectBuilder - main project[sample_test]'s message client codec file[PublicKeyRes][D:\gitsinnori\sinnori\project\sample_test\client_build\web_build\src\main\java\kr\pe\sinnori\impl\message] creation task end
09:45:34.101 [main] INFO  k.p.s.c.buildsystem.ProjectBuilder - main project[sample_test]'s web client message io file set creation task end
09:45:34.101 [main] INFO  k.p.s.c.buildsystem.ProjectBuilder - mainproject[sample_test]'s web client sample source files copy task start
09:45:34.161 [main] INFO  k.p.s.c.buildsystem.ProjectBuilder - mainproject[sample_test]'s web client sample source files copy task end
09:45:34.161 [main] INFO  k.p.s.c.buildsystem.ProjectBuilder - main project[sample_test]'s web client build system files creation task end
09:45:34.161 [main] INFO  k.p.s.c.buildsystem.ProjectBuilder - main project[sample_test]'s web root child direcotry creation task start
09:45:34.161 [main] INFO  k.p.s.common.util.CommonStaticUtil - the child relative direcotry[D:\gitsinnori\sinnori\project\sample_test][web_app_base/upload] exist, so nothing
09:45:34.162 [main] INFO  k.p.s.common.util.CommonStaticUtil - the new child relative direcotry[D:\gitsinnori\sinnori\project\sample_test][web_app_base/ROOT/WEB-INF/classes] was created successfully
09:45:34.163 [main] INFO  k.p.s.common.util.CommonStaticUtil - the new child relative direcotry[D:\gitsinnori\sinnori\project\sample_test][web_app_base/ROOT/WEB-INF/lib] was created successfully
09:45:34.163 [main] INFO  k.p.s.c.buildsystem.ProjectBuilder - main project[sample_test]'s web root child direcotry creation task end
09:45:34.163 [main] INFO  k.p.s.c.buildsystem.ProjectBuilder - main project[sample_test]'s web root sample files creation task start
09:45:34.163 [main] INFO  k.p.s.c.buildsystem.ProjectBuilder - main project[sample_test]'s web root sample files copy task start
09:45:34.169 [main] INFO  k.p.s.c.buildsystem.ProjectBuilder - main project[sample_test]'s web root sample files copy task end
09:45:34.169 [main] INFO  k.p.s.c.buildsystem.ProjectBuilder - main project[sample_test]'s web root sample files creation task end
09:45:34.169 [main] INFO  k.p.s.c.buildsystem.ProjectBuilder - main project[sample_test]'s config file overwrite task start
09:45:34.173 [main] INFO  k.p.s.c.buildsystem.ProjectBuilder - main project[sample_test]'s config file overwrite task end
09:45:34.173 [main] INFO  k.p.s.c.buildsystem.ProjectBuilder - main project[sample_test] changeProjectState method end
09:45:34.174 [main] INFO  k.p.s.c.buildsystem.ProjectBuilder - the server ant build.xml file[D:\gitsinnori\sinnori\project\sample_test\server_build\build.xml] is bad :: whetherExist[false] isFile[false]
09:45:34.174 [main] INFO  k.p.s.c.buildsystem.ProjectBuilder - main project[sample_test] changeProjectState method start
09:45:34.174 [main] INFO  k.p.s.c.buildsystem.ProjectBuilder - main project[sample_test]'s server child direcotry creation task start
09:45:34.174 [main] INFO  k.p.s.common.util.CommonStaticUtil - the new child relative direcotry[D:\gitsinnori\sinnori\project\sample_test][server_build/APP-INF/classes] was created successfully
09:45:34.175 [main] INFO  k.p.s.common.util.CommonStaticUtil - the new child relative direcotry[D:\gitsinnori\sinnori\project\sample_test][server_build/corelib/ex] was created successfully
09:45:34.175 [main] INFO  k.p.s.common.util.CommonStaticUtil - the new child relative direcotry[D:\gitsinnori\sinnori\project\sample_test][server_build/corelib/in] was created successfully
09:45:34.176 [main] INFO  k.p.s.common.util.CommonStaticUtil - the new child relative direcotry[D:\gitsinnori\sinnori\project\sample_test][server_build/lib/main/ex] was created successfully
09:45:34.176 [main] INFO  k.p.s.common.util.CommonStaticUtil - the new child relative direcotry[D:\gitsinnori\sinnori\project\sample_test][server_build/lib/main/in] was created successfully
09:45:34.176 [main] INFO  k.p.s.common.util.CommonStaticUtil - the new child relative direcotry[D:\gitsinnori\sinnori\project\sample_test][server_build/lib/test] was created successfully
09:45:34.178 [main] INFO  k.p.s.common.util.CommonStaticUtil - the new child relative direcotry[D:\gitsinnori\sinnori\project\sample_test][server_build/src/main/java/kr/pe/sinnori/impl/servertask] was created successfully
09:45:34.178 [main] INFO  k.p.s.common.util.CommonStaticUtil - the new child relative direcotry[D:\gitsinnori\sinnori\project\sample_test][server_build/src/main/java/kr/pe/sinnori/impl/message] was created successfully
09:45:34.178 [main] INFO  k.p.s.common.util.CommonStaticUtil - the new child relative direcotry[D:\gitsinnori\sinnori\project\sample_test][server_build/src/main/java/main] was created successfully
09:45:34.208 [main] INFO  k.p.s.common.util.CommonStaticUtil - the new child relative direcotry[D:\gitsinnori\sinnori\project\sample_test][server_build/src/test/java] was created successfully
09:45:34.208 [main] INFO  k.p.s.common.util.CommonStaticUtil - the new child relative direcotry[D:\gitsinnori\sinnori\project\sample_test][server_build/build] was created successfully
09:45:34.208 [main] INFO  k.p.s.common.util.CommonStaticUtil - the new child relative direcotry[D:\gitsinnori\sinnori\project\sample_test][server_build/dist] was created successfully
09:45:34.208 [main] INFO  k.p.s.c.buildsystem.ProjectBuilder - main project[sample_test]'s server child direcotry creation task end
09:45:34.208 [main] INFO  k.p.s.c.buildsystem.ProjectBuilder - server build system files creation task start
09:45:34.208 [main] INFO  k.p.s.c.buildsystem.ProjectBuilder - main project[sample_test]'s server ant build.xml file creation task start
09:45:34.210 [main] INFO  k.p.s.c.buildsystem.ProjectBuilder - main project[sample_test]'s server ant build.xml file creation task end
09:45:34.210 [main] INFO  k.p.s.c.buildsystem.ProjectBuilder - main project[sample_test]'s server dos shell file creation task start
09:45:34.212 [main] INFO  k.p.s.c.buildsystem.ProjectBuilder - main project[sample_test]'s server dos shell file creation task end
09:45:34.212 [main] INFO  k.p.s.c.buildsystem.ProjectBuilder - main project[sample_test]'s server unix shell file creation task start
09:45:34.214 [main] INFO  k.p.s.c.buildsystem.ProjectBuilder - main project[sample_test]'s server unix shell file creation task end
09:45:34.214 [main] INFO  k.p.s.c.buildsystem.ProjectBuilder - server sample source files copy task start
09:45:34.223 [main] INFO  k.p.s.c.buildsystem.ProjectBuilder - server sample source files copy task end
09:45:34.223 [main] INFO  k.p.s.c.buildsystem.ProjectBuilder - main project[sample_test]'s server message io file set creation task start
09:45:34.223 [main] INFO  k.p.s.common.util.CommonStaticUtil - the new child relative direcotry[D:\gitsinnori\sinnori\project\sample_test\server_build\src\main\java\kr\pe\sinnori\impl\message][Echo] was created successfully
09:45:34.223 [main] INFO  k.p.s.c.buildsystem.ProjectBuilder - main project[sample_test]'s message file[Echo][D:\gitsinnori\sinnori\project\sample_test\server_build\src\main\java\kr\pe\sinnori\impl\message] creation task start
09:45:34.226 [main] INFO  k.p.s.c.buildsystem.ProjectBuilder - main project[sample_test]'s message file[Echo][D:\gitsinnori\sinnori\project\sample_test\server_build\src\main\java\kr\pe\sinnori\impl\message] creation task end
09:45:34.226 [main] INFO  k.p.s.c.buildsystem.ProjectBuilder - main project[sample_test]'s message decoder file[Echo][D:\gitsinnori\sinnori\project\sample_test\server_build\src\main\java\kr\pe\sinnori\impl\message] creation task start
09:45:34.230 [main] INFO  k.p.s.c.buildsystem.ProjectBuilder - main project[sample_test]'s message decoder file[Echo][D:\gitsinnori\sinnori\project\sample_test\server_build\src\main\java\kr\pe\sinnori\impl\message] creation task end
09:45:34.230 [main] INFO  k.p.s.c.buildsystem.ProjectBuilder - main project[sample_test]'s message encoder file[Echo][D:\gitsinnori\sinnori\project\sample_test\server_build\src\main\java\kr\pe\sinnori\impl\message] creation task start
09:45:34.233 [main] INFO  k.p.s.c.buildsystem.ProjectBuilder - main project[sample_test]'s message encoder file[Echo][D:\gitsinnori\sinnori\project\sample_test\server_build\src\main\java\kr\pe\sinnori\impl\message] creation task end
09:45:34.233 [main] INFO  k.p.s.c.buildsystem.ProjectBuilder - main project[sample_test]'s message server codec file[Echo][D:\gitsinnori\sinnori\project\sample_test\server_build\src\main\java\kr\pe\sinnori\impl\message] creation task start
09:45:34.235 [main] INFO  k.p.s.c.buildsystem.ProjectBuilder - main project[sample_test]'s message server codec file[Echo][D:\gitsinnori\sinnori\project\sample_test\server_build\src\main\java\kr\pe\sinnori\impl\message] creation task end
09:45:34.235 [main] INFO  k.p.s.c.buildsystem.ProjectBuilder - main project[sample_test]'s message client codec file[Echo][D:\gitsinnori\sinnori\project\sample_test\server_build\src\main\java\kr\pe\sinnori\impl\message] creation task start
09:45:34.236 [main] INFO  k.p.s.c.buildsystem.ProjectBuilder - main project[sample_test]'s message client codec file[Echo][D:\gitsinnori\sinnori\project\sample_test\server_build\src\main\java\kr\pe\sinnori\impl\message] creation task end
09:45:34.237 [main] INFO  k.p.s.common.util.CommonStaticUtil - the new child relative direcotry[D:\gitsinnori\sinnori\project\sample_test\server_build\src\main\java\kr\pe\sinnori\impl\message][PublicKeyReq] was created successfully
09:45:34.237 [main] INFO  k.p.s.c.buildsystem.ProjectBuilder - main project[sample_test]'s message file[PublicKeyReq][D:\gitsinnori\sinnori\project\sample_test\server_build\src\main\java\kr\pe\sinnori\impl\message] creation task start
09:45:34.240 [main] INFO  k.p.s.c.buildsystem.ProjectBuilder - main project[sample_test]'s message file[PublicKeyReq][D:\gitsinnori\sinnori\project\sample_test\server_build\src\main\java\kr\pe\sinnori\impl\message] creation task end
09:45:34.240 [main] INFO  k.p.s.c.buildsystem.ProjectBuilder - main project[sample_test]'s message decoder file[PublicKeyReq][D:\gitsinnori\sinnori\project\sample_test\server_build\src\main\java\kr\pe\sinnori\impl\message] creation task start
09:45:34.243 [main] INFO  k.p.s.c.buildsystem.ProjectBuilder - main project[sample_test]'s message decoder file[PublicKeyReq][D:\gitsinnori\sinnori\project\sample_test\server_build\src\main\java\kr\pe\sinnori\impl\message] creation task end
09:45:34.243 [main] INFO  k.p.s.c.buildsystem.ProjectBuilder - main project[sample_test]'s message encoder file[PublicKeyReq][D:\gitsinnori\sinnori\project\sample_test\server_build\src\main\java\kr\pe\sinnori\impl\message] creation task start
09:45:34.329 [main] INFO  k.p.s.c.buildsystem.ProjectBuilder - main project[sample_test]'s message encoder file[PublicKeyReq][D:\gitsinnori\sinnori\project\sample_test\server_build\src\main\java\kr\pe\sinnori\impl\message] creation task end
09:45:34.330 [main] INFO  k.p.s.c.buildsystem.ProjectBuilder - main project[sample_test]'s message server codec file[PublicKeyReq][D:\gitsinnori\sinnori\project\sample_test\server_build\src\main\java\kr\pe\sinnori\impl\message] creation task start
09:45:34.333 [main] INFO  k.p.s.c.buildsystem.ProjectBuilder - main project[sample_test]'s message server codec file[PublicKeyReq][D:\gitsinnori\sinnori\project\sample_test\server_build\src\main\java\kr\pe\sinnori\impl\message] creation task end
09:45:34.334 [main] INFO  k.p.s.c.buildsystem.ProjectBuilder - main project[sample_test]'s message client codec file[PublicKeyReq][D:\gitsinnori\sinnori\project\sample_test\server_build\src\main\java\kr\pe\sinnori\impl\message] creation task start
09:45:34.338 [main] INFO  k.p.s.c.buildsystem.ProjectBuilder - main project[sample_test]'s message client codec file[PublicKeyReq][D:\gitsinnori\sinnori\project\sample_test\server_build\src\main\java\kr\pe\sinnori\impl\message] creation task end
09:45:34.339 [main] INFO  k.p.s.common.util.CommonStaticUtil - the new child relative direcotry[D:\gitsinnori\sinnori\project\sample_test\server_build\src\main\java\kr\pe\sinnori\impl\message][PublicKeyRes] was created successfully
09:45:34.339 [main] INFO  k.p.s.c.buildsystem.ProjectBuilder - main project[sample_test]'s message file[PublicKeyRes][D:\gitsinnori\sinnori\project\sample_test\server_build\src\main\java\kr\pe\sinnori\impl\message] creation task start
09:45:34.349 [main] INFO  k.p.s.c.buildsystem.ProjectBuilder - main project[sample_test]'s message file[PublicKeyRes][D:\gitsinnori\sinnori\project\sample_test\server_build\src\main\java\kr\pe\sinnori\impl\message] creation task end
09:45:34.349 [main] INFO  k.p.s.c.buildsystem.ProjectBuilder - main project[sample_test]'s message decoder file[PublicKeyRes][D:\gitsinnori\sinnori\project\sample_test\server_build\src\main\java\kr\pe\sinnori\impl\message] creation task start
09:45:34.355 [main] INFO  k.p.s.c.buildsystem.ProjectBuilder - main project[sample_test]'s message decoder file[PublicKeyRes][D:\gitsinnori\sinnori\project\sample_test\server_build\src\main\java\kr\pe\sinnori\impl\message] creation task end
09:45:34.355 [main] INFO  k.p.s.c.buildsystem.ProjectBuilder - main project[sample_test]'s message encoder file[PublicKeyRes][D:\gitsinnori\sinnori\project\sample_test\server_build\src\main\java\kr\pe\sinnori\impl\message] creation task start
09:45:34.361 [main] INFO  k.p.s.c.buildsystem.ProjectBuilder - main project[sample_test]'s message encoder file[PublicKeyRes][D:\gitsinnori\sinnori\project\sample_test\server_build\src\main\java\kr\pe\sinnori\impl\message] creation task end
09:45:34.361 [main] INFO  k.p.s.c.buildsystem.ProjectBuilder - main project[sample_test]'s message server codec file[PublicKeyRes][D:\gitsinnori\sinnori\project\sample_test\server_build\src\main\java\kr\pe\sinnori\impl\message] creation task start
09:45:34.363 [main] INFO  k.p.s.c.buildsystem.ProjectBuilder - main project[sample_test]'s message server codec file[PublicKeyRes][D:\gitsinnori\sinnori\project\sample_test\server_build\src\main\java\kr\pe\sinnori\impl\message] creation task end
09:45:34.363 [main] INFO  k.p.s.c.buildsystem.ProjectBuilder - main project[sample_test]'s message client codec file[PublicKeyRes][D:\gitsinnori\sinnori\project\sample_test\server_build\src\main\java\kr\pe\sinnori\impl\message] creation task start
09:45:34.365 [main] INFO  k.p.s.c.buildsystem.ProjectBuilder - main project[sample_test]'s message client codec file[PublicKeyRes][D:\gitsinnori\sinnori\project\sample_test\server_build\src\main\java\kr\pe\sinnori\impl\message] creation task end
09:45:34.365 [main] INFO  k.p.s.c.buildsystem.ProjectBuilder - main project[sample_test]'s server message io file set creation task end
09:45:34.365 [main] INFO  k.p.s.c.buildsystem.ProjectBuilder - server build system files creation task end
09:45:34.365 [main] INFO  k.p.s.c.buildsystem.ProjectBuilder - mainproject[sample_test]'s application client build path deletion task start
09:45:34.381 [main] INFO  k.p.s.c.buildsystem.ProjectBuilder - mainproject[sample_test]'s application client build path deletion task end
09:45:34.381 [main] INFO  k.p.s.c.buildsystem.ProjectBuilder - main project[sample_test]'s web client build path deletion task start
09:45:34.395 [main] INFO  k.p.s.c.buildsystem.ProjectBuilder - main project[sample_test]'s web client build path deletion task end
09:45:34.395 [main] INFO  k.p.s.c.buildsystem.ProjectBuilder - main project[sample_test]'s web root path deletion task start
09:45:34.396 [main] INFO  k.p.s.c.buildsystem.ProjectBuilder - main project[sample_test]'s web root path deletion task end
09:45:34.396 [main] INFO  k.p.s.c.buildsystem.ProjectBuilder - main project[sample_test]'s config file overwrite task start
09:45:34.400 [main] INFO  k.p.s.c.buildsystem.ProjectBuilder - main project[sample_test]'s config file overwrite task end
09:45:34.400 [main] INFO  k.p.s.c.buildsystem.ProjectBuilder - main project[sample_test] changeProjectState method end
09:45:34.400 [main] INFO  k.p.s.c.buildsystem.ProjectBuilder - the app client ant build.xml file[D:\gitsinnori\sinnori\project\sample_test\client_build\app_build\build.xml] is bad :: whetherExist[false] isFile[false]
09:45:34.400 [main] INFO  k.p.s.c.buildsystem.ProjectBuilder - the web client ant build.xml file[D:\gitsinnori\sinnori\project\sample_test\client_build\web_build\build.xml] is bad :: whetherExist[false] isFile[false]
09:45:34.400 [main] INFO  k.p.s.c.buildsystem.ProjectBuilder - the web.xml file[D:\gitsinnori\sinnori\project\sample_test\web_app_base\ROOT\WEB-INF\web.xml] located at web root directory is bad :: whetherExist[false] isFile[false]
09:45:34.400 [main] INFO  k.p.s.c.buildsystem.ProjectBuilder - main project[sample_test] changeProjectState method start
09:45:34.400 [main] WARN  k.p.s.c.buildsystem.ProjectBuilder - the server build path[D:\gitsinnori\sinnori\project\sample_test\server_build] exist, so skip creation of server build system
09:45:34.400 [main] INFO  k.p.s.c.buildsystem.ProjectBuilder - the app client ant build.xml file[D:\gitsinnori\sinnori\project\sample_test\client_build\app_build\build.xml] is bad :: whetherExist[false] isFile[false]
09:45:34.400 [main] WARN  k.p.s.c.buildsystem.ProjectBuilder - the app client buid.xml file[D:\gitsinnori\sinnori\project\sample_test\client_build\app_build\build.xml] is bad beacse it doesn't exist or is not a file, so skip deletion of app client build system
09:45:34.400 [main] INFO  k.p.s.c.buildsystem.ProjectBuilder - main project[sample_test]'s web build child direcotry creation task start
09:45:34.401 [main] INFO  k.p.s.common.util.CommonStaticUtil - the new child relative direcotry[D:\gitsinnori\sinnori\project\sample_test][client_build/web_build/corelib/ex] was created successfully
09:45:34.401 [main] INFO  k.p.s.common.util.CommonStaticUtil - the new child relative direcotry[D:\gitsinnori\sinnori\project\sample_test][client_build/web_build/corelib/in] was created successfully
09:45:34.465 [main] INFO  k.p.s.common.util.CommonStaticUtil - the new child relative direcotry[D:\gitsinnori\sinnori\project\sample_test][client_build/web_build/lib/main/ex] was created successfully
09:45:34.465 [main] INFO  k.p.s.common.util.CommonStaticUtil - the new child relative direcotry[D:\gitsinnori\sinnori\project\sample_test][client_build/web_build/lib/main/in] was created successfully
09:45:34.466 [main] INFO  k.p.s.common.util.CommonStaticUtil - the new child relative direcotry[D:\gitsinnori\sinnori\project\sample_test][client_build/web_build/lib/test] was created successfully
09:45:34.475 [main] INFO  k.p.s.common.util.CommonStaticUtil - the new child relative direcotry[D:\gitsinnori\sinnori\project\sample_test][client_build/web_build/src/main/java/kr/pe/sinnori/impl/message] was created successfully
09:45:34.475 [main] INFO  k.p.s.common.util.CommonStaticUtil - the new child relative direcotry[D:\gitsinnori\sinnori\project\sample_test][client_build/web_build/src/main/java//kr/pe/sinnori/servlet] was created successfully
09:45:34.478 [main] INFO  k.p.s.common.util.CommonStaticUtil - the new child relative direcotry[D:\gitsinnori\sinnori\project\sample_test][client_build/web_build/src/main/java/kr/pe/sinnori/weblib/common] was created successfully
09:45:34.478 [main] INFO  k.p.s.common.util.CommonStaticUtil - the new child relative direcotry[D:\gitsinnori\sinnori\project\sample_test][client_build/web_build/src/main/java/kr/pe/sinnori/weblib/htmlstring] was created successfully
09:45:34.479 [main] INFO  k.p.s.common.util.CommonStaticUtil - the new child relative direcotry[D:\gitsinnori\sinnori\project\sample_test][client_build/web_build/src/main/java/kr/pe/sinnori/weblib/jdf] was created successfully
09:45:34.481 [main] INFO  k.p.s.common.util.CommonStaticUtil - the new child relative direcotry[D:\gitsinnori\sinnori\project\sample_test][client_build/web_build/src/test/java] was created successfully
09:45:34.481 [main] INFO  k.p.s.common.util.CommonStaticUtil - the new child relative direcotry[D:\gitsinnori\sinnori\project\sample_test][client_build/web_build/build] was created successfully
09:45:34.482 [main] INFO  k.p.s.common.util.CommonStaticUtil - the new child relative direcotry[D:\gitsinnori\sinnori\project\sample_test][client_build/web_build/dist] was created successfully
09:45:34.482 [main] INFO  k.p.s.c.buildsystem.ProjectBuilder - main project[sample_test]'s web build child direcotry creation task end
09:45:34.482 [main] INFO  k.p.s.c.buildsystem.ProjectBuilder - main project[sample_test]'s web client build system files creation task start
09:45:34.482 [main] INFO  k.p.s.c.buildsystem.ProjectBuilder - main project[sample_test]'s web client ant build.xml file creation task start
09:45:34.485 [main] INFO  k.p.s.c.buildsystem.ProjectBuilder - main project[sample_test]'s web client ant build.xml file creation task end
09:45:34.485 [main] INFO  k.p.s.c.buildsystem.ProjectBuilder - main project[sample_test]'s web client ant properties file creation task start
09:45:34.486 [main] INFO  k.p.s.c.util.SequencedPropertiesUtil - the sequenced properties file[D:\gitsinnori\sinnori\project\sample_test\client_build\web_build\webAnt.properties] was created
09:45:34.497 [main] INFO  k.p.s.c.buildsystem.ProjectBuilder - main project[sample_test]'s web client ant properties file creation task end
09:45:34.497 [main] INFO  k.p.s.c.buildsystem.ProjectBuilder - main project[sample_test]'s web client message io file set creation task start
09:45:34.498 [main] INFO  k.p.s.common.util.CommonStaticUtil - the new child relative direcotry[D:\gitsinnori\sinnori\project\sample_test\client_build\web_build\src\main\java\kr\pe\sinnori\impl\message][Echo] was created successfully
09:45:34.498 [main] INFO  k.p.s.c.buildsystem.ProjectBuilder - main project[sample_test]'s message file[Echo][D:\gitsinnori\sinnori\project\sample_test\client_build\web_build\src\main\java\kr\pe\sinnori\impl\message] creation task start
09:45:34.504 [main] INFO  k.p.s.c.buildsystem.ProjectBuilder - main project[sample_test]'s message file[Echo][D:\gitsinnori\sinnori\project\sample_test\client_build\web_build\src\main\java\kr\pe\sinnori\impl\message] creation task end
09:45:34.504 [main] INFO  k.p.s.c.buildsystem.ProjectBuilder - main project[sample_test]'s message decoder file[Echo][D:\gitsinnori\sinnori\project\sample_test\client_build\web_build\src\main\java\kr\pe\sinnori\impl\message] creation task start
09:45:34.509 [main] INFO  k.p.s.c.buildsystem.ProjectBuilder - main project[sample_test]'s message decoder file[Echo][D:\gitsinnori\sinnori\project\sample_test\client_build\web_build\src\main\java\kr\pe\sinnori\impl\message] creation task end
09:45:34.509 [main] INFO  k.p.s.c.buildsystem.ProjectBuilder - main project[sample_test]'s message encoder file[Echo][D:\gitsinnori\sinnori\project\sample_test\client_build\web_build\src\main\java\kr\pe\sinnori\impl\message] creation task start
09:45:34.513 [main] INFO  k.p.s.c.buildsystem.ProjectBuilder - main project[sample_test]'s message encoder file[Echo][D:\gitsinnori\sinnori\project\sample_test\client_build\web_build\src\main\java\kr\pe\sinnori\impl\message] creation task end
09:45:34.513 [main] INFO  k.p.s.c.buildsystem.ProjectBuilder - main project[sample_test]'s message server codec file[Echo][D:\gitsinnori\sinnori\project\sample_test\client_build\web_build\src\main\java\kr\pe\sinnori\impl\message] creation task start
09:45:34.515 [main] INFO  k.p.s.c.buildsystem.ProjectBuilder - main project[sample_test]'s message server codec file[Echo][D:\gitsinnori\sinnori\project\sample_test\client_build\web_build\src\main\java\kr\pe\sinnori\impl\message] creation task end
09:45:34.515 [main] INFO  k.p.s.c.buildsystem.ProjectBuilder - main project[sample_test]'s message client codec file[Echo][D:\gitsinnori\sinnori\project\sample_test\client_build\web_build\src\main\java\kr\pe\sinnori\impl\message] creation task start
09:45:34.517 [main] INFO  k.p.s.c.buildsystem.ProjectBuilder - main project[sample_test]'s message client codec file[Echo][D:\gitsinnori\sinnori\project\sample_test\client_build\web_build\src\main\java\kr\pe\sinnori\impl\message] creation task end
09:45:34.517 [main] INFO  k.p.s.common.util.CommonStaticUtil - the new child relative direcotry[D:\gitsinnori\sinnori\project\sample_test\client_build\web_build\src\main\java\kr\pe\sinnori\impl\message][PublicKeyReq] was created successfully
09:45:34.517 [main] INFO  k.p.s.c.buildsystem.ProjectBuilder - main project[sample_test]'s message file[PublicKeyReq][D:\gitsinnori\sinnori\project\sample_test\client_build\web_build\src\main\java\kr\pe\sinnori\impl\message] creation task start
09:45:34.522 [main] INFO  k.p.s.c.buildsystem.ProjectBuilder - main project[sample_test]'s message file[PublicKeyReq][D:\gitsinnori\sinnori\project\sample_test\client_build\web_build\src\main\java\kr\pe\sinnori\impl\message] creation task end
09:45:34.522 [main] INFO  k.p.s.c.buildsystem.ProjectBuilder - main project[sample_test]'s message decoder file[PublicKeyReq][D:\gitsinnori\sinnori\project\sample_test\client_build\web_build\src\main\java\kr\pe\sinnori\impl\message] creation task start
09:45:34.526 [main] INFO  k.p.s.c.buildsystem.ProjectBuilder - main project[sample_test]'s message decoder file[PublicKeyReq][D:\gitsinnori\sinnori\project\sample_test\client_build\web_build\src\main\java\kr\pe\sinnori\impl\message] creation task end
09:45:34.526 [main] INFO  k.p.s.c.buildsystem.ProjectBuilder - main project[sample_test]'s message encoder file[PublicKeyReq][D:\gitsinnori\sinnori\project\sample_test\client_build\web_build\src\main\java\kr\pe\sinnori\impl\message] creation task start
09:45:34.531 [main] INFO  k.p.s.c.buildsystem.ProjectBuilder - main project[sample_test]'s message encoder file[PublicKeyReq][D:\gitsinnori\sinnori\project\sample_test\client_build\web_build\src\main\java\kr\pe\sinnori\impl\message] creation task end
09:45:34.531 [main] INFO  k.p.s.c.buildsystem.ProjectBuilder - main project[sample_test]'s message server codec file[PublicKeyReq][D:\gitsinnori\sinnori\project\sample_test\client_build\web_build\src\main\java\kr\pe\sinnori\impl\message] creation task start
09:45:34.606 [main] INFO  k.p.s.c.buildsystem.ProjectBuilder - main project[sample_test]'s message server codec file[PublicKeyReq][D:\gitsinnori\sinnori\project\sample_test\client_build\web_build\src\main\java\kr\pe\sinnori\impl\message] creation task end
09:45:34.606 [main] INFO  k.p.s.c.buildsystem.ProjectBuilder - main project[sample_test]'s message client codec file[PublicKeyReq][D:\gitsinnori\sinnori\project\sample_test\client_build\web_build\src\main\java\kr\pe\sinnori\impl\message] creation task start
09:45:34.610 [main] INFO  k.p.s.c.buildsystem.ProjectBuilder - main project[sample_test]'s message client codec file[PublicKeyReq][D:\gitsinnori\sinnori\project\sample_test\client_build\web_build\src\main\java\kr\pe\sinnori\impl\message] creation task end
09:45:34.610 [main] INFO  k.p.s.common.util.CommonStaticUtil - the new child relative direcotry[D:\gitsinnori\sinnori\project\sample_test\client_build\web_build\src\main\java\kr\pe\sinnori\impl\message][PublicKeyRes] was created successfully
09:45:34.610 [main] INFO  k.p.s.c.buildsystem.ProjectBuilder - main project[sample_test]'s message file[PublicKeyRes][D:\gitsinnori\sinnori\project\sample_test\client_build\web_build\src\main\java\kr\pe\sinnori\impl\message] creation task start
09:45:34.619 [main] INFO  k.p.s.c.buildsystem.ProjectBuilder - main project[sample_test]'s message file[PublicKeyRes][D:\gitsinnori\sinnori\project\sample_test\client_build\web_build\src\main\java\kr\pe\sinnori\impl\message] creation task end
09:45:34.619 [main] INFO  k.p.s.c.buildsystem.ProjectBuilder - main project[sample_test]'s message decoder file[PublicKeyRes][D:\gitsinnori\sinnori\project\sample_test\client_build\web_build\src\main\java\kr\pe\sinnori\impl\message] creation task start
09:45:34.627 [main] INFO  k.p.s.c.buildsystem.ProjectBuilder - main project[sample_test]'s message decoder file[PublicKeyRes][D:\gitsinnori\sinnori\project\sample_test\client_build\web_build\src\main\java\kr\pe\sinnori\impl\message] creation task end
09:45:34.627 [main] INFO  k.p.s.c.buildsystem.ProjectBuilder - main project[sample_test]'s message encoder file[PublicKeyRes][D:\gitsinnori\sinnori\project\sample_test\client_build\web_build\src\main\java\kr\pe\sinnori\impl\message] creation task start
09:45:34.634 [main] INFO  k.p.s.c.buildsystem.ProjectBuilder - main project[sample_test]'s message encoder file[PublicKeyRes][D:\gitsinnori\sinnori\project\sample_test\client_build\web_build\src\main\java\kr\pe\sinnori\impl\message] creation task end
09:45:34.635 [main] INFO  k.p.s.c.buildsystem.ProjectBuilder - main project[sample_test]'s message server codec file[PublicKeyRes][D:\gitsinnori\sinnori\project\sample_test\client_build\web_build\src\main\java\kr\pe\sinnori\impl\message] creation task start
09:45:34.639 [main] INFO  k.p.s.c.buildsystem.ProjectBuilder - main project[sample_test]'s message server codec file[PublicKeyRes][D:\gitsinnori\sinnori\project\sample_test\client_build\web_build\src\main\java\kr\pe\sinnori\impl\message] creation task end
09:45:34.639 [main] INFO  k.p.s.c.buildsystem.ProjectBuilder - main project[sample_test]'s message client codec file[PublicKeyRes][D:\gitsinnori\sinnori\project\sample_test\client_build\web_build\src\main\java\kr\pe\sinnori\impl\message] creation task start
09:45:34.642 [main] INFO  k.p.s.c.buildsystem.ProjectBuilder - main project[sample_test]'s message client codec file[PublicKeyRes][D:\gitsinnori\sinnori\project\sample_test\client_build\web_build\src\main\java\kr\pe\sinnori\impl\message] creation task end
09:45:34.642 [main] INFO  k.p.s.c.buildsystem.ProjectBuilder - main project[sample_test]'s web client message io file set creation task end
09:45:34.643 [main] INFO  k.p.s.c.buildsystem.ProjectBuilder - mainproject[sample_test]'s web client sample source files copy task start
09:45:34.720 [main] INFO  k.p.s.c.buildsystem.ProjectBuilder - mainproject[sample_test]'s web client sample source files copy task end
09:45:34.720 [main] INFO  k.p.s.c.buildsystem.ProjectBuilder - main project[sample_test]'s web client build system files creation task end
09:45:34.720 [main] INFO  k.p.s.c.buildsystem.ProjectBuilder - main project[sample_test]'s web root child direcotry creation task start
09:45:34.720 [main] INFO  k.p.s.common.util.CommonStaticUtil - the child relative direcotry[D:\gitsinnori\sinnori\project\sample_test][web_app_base/upload] exist, so nothing
09:45:34.721 [main] INFO  k.p.s.common.util.CommonStaticUtil - the new child relative direcotry[D:\gitsinnori\sinnori\project\sample_test][web_app_base/ROOT/WEB-INF/classes] was created successfully
09:45:34.721 [main] INFO  k.p.s.common.util.CommonStaticUtil - the new child relative direcotry[D:\gitsinnori\sinnori\project\sample_test][web_app_base/ROOT/WEB-INF/lib] was created successfully
09:45:34.721 [main] INFO  k.p.s.c.buildsystem.ProjectBuilder - main project[sample_test]'s web root child direcotry creation task end
09:45:34.721 [main] INFO  k.p.s.c.buildsystem.ProjectBuilder - main project[sample_test]'s web root sample files creation task start
09:45:34.721 [main] INFO  k.p.s.c.buildsystem.ProjectBuilder - main project[sample_test]'s web root sample files copy task start
09:45:34.726 [main] INFO  k.p.s.c.buildsystem.ProjectBuilder - main project[sample_test]'s web root sample files copy task end
09:45:34.726 [main] INFO  k.p.s.c.buildsystem.ProjectBuilder - main project[sample_test]'s web root sample files creation task end
09:45:34.726 [main] INFO  k.p.s.c.buildsystem.ProjectBuilder - main project[sample_test]'s config file overwrite task start
09:45:34.731 [main] INFO  k.p.s.c.buildsystem.ProjectBuilder - main project[sample_test]'s config file overwrite task end
09:45:34.731 [main] INFO  k.p.s.c.buildsystem.ProjectBuilder - main project[sample_test] changeProjectState method end
09:45:34.731 [main] INFO  k.p.s.c.buildsystem.ProjectBuilder - the app client ant build.xml file[D:\gitsinnori\sinnori\project\sample_test\client_build\app_build\build.xml] is bad :: whetherExist[false] isFile[false]
09:45:34.731 [main] INFO  k.p.s.c.buildsystem.ProjectBuilder - main project[sample_test] changeProjectState method start
09:45:34.731 [main] WARN  k.p.s.c.buildsystem.ProjectBuilder - the server build path[D:\gitsinnori\sinnori\project\sample_test\server_build] exist, so skip creation of server build system
09:45:34.731 [main] INFO  k.p.s.c.buildsystem.ProjectBuilder - main project[sample_test]'s application build child direcotry creation task start
09:45:34.732 [main] INFO  k.p.s.common.util.CommonStaticUtil - the new child relative direcotry[D:\gitsinnori\sinnori\project\sample_test][client_build/app_build/corelib/ex] was created successfully
09:45:34.732 [main] INFO  k.p.s.common.util.CommonStaticUtil - the new child relative direcotry[D:\gitsinnori\sinnori\project\sample_test][client_build/app_build/corelib/in] was created successfully
09:45:34.733 [main] INFO  k.p.s.common.util.CommonStaticUtil - the new child relative direcotry[D:\gitsinnori\sinnori\project\sample_test][client_build/app_build/lib/main/ex] was created successfully
09:45:34.733 [main] INFO  k.p.s.common.util.CommonStaticUtil - the new child relative direcotry[D:\gitsinnori\sinnori\project\sample_test][client_build/app_build/lib/main/in] was created successfully
09:45:34.733 [main] INFO  k.p.s.common.util.CommonStaticUtil - the new child relative direcotry[D:\gitsinnori\sinnori\project\sample_test][client_build/app_build/lib/test] was created successfully
09:45:34.736 [main] INFO  k.p.s.common.util.CommonStaticUtil - the new child relative direcotry[D:\gitsinnori\sinnori\project\sample_test][client_build/app_build/src/main/java/kr/pe/sinnori/impl/message] was created successfully
09:45:34.736 [main] INFO  k.p.s.common.util.CommonStaticUtil - the new child relative direcotry[D:\gitsinnori\sinnori\project\sample_test][client_build/app_build/src/main/java/main] was created successfully
09:45:34.752 [main] INFO  k.p.s.common.util.CommonStaticUtil - the new child relative direcotry[D:\gitsinnori\sinnori\project\sample_test][client_build/app_build/src/test/java] was created successfully
09:45:34.752 [main] INFO  k.p.s.common.util.CommonStaticUtil - the new child relative direcotry[D:\gitsinnori\sinnori\project\sample_test][client_build/app_build/build] was created successfully
09:45:34.752 [main] INFO  k.p.s.common.util.CommonStaticUtil - the new child relative direcotry[D:\gitsinnori\sinnori\project\sample_test][client_build/app_build/dist] was created successfully
09:45:34.752 [main] INFO  k.p.s.c.buildsystem.ProjectBuilder - main project[sample_test]'s application build child direcotry creation task end
09:45:34.752 [main] INFO  k.p.s.c.buildsystem.ProjectBuilder - mainproject[sample_test]'s application client build system files creation task start
09:45:34.752 [main] INFO  k.p.s.c.buildsystem.ProjectBuilder - main project[sample_test]'s application client ant build.xml file creation task start
09:45:34.754 [main] INFO  k.p.s.c.buildsystem.ProjectBuilder - main project[sample_test]'s application client ant build.xml file creation task end
09:45:34.754 [main] INFO  k.p.s.c.buildsystem.ProjectBuilder - main project[sample_test]'s application client dos shell file creation task start
09:45:34.760 [main] INFO  k.p.s.c.buildsystem.ProjectBuilder - main project[sample_test]'s application client dos shell file creation task end
09:45:34.760 [main] INFO  k.p.s.c.buildsystem.ProjectBuilder - main project[sample_test]'s application client unix shell file creation task start
09:45:34.761 [main] INFO  k.p.s.c.buildsystem.ProjectBuilder - main project[sample_test]'s application client unix shell file creation task end
09:45:34.762 [main] INFO  k.p.s.c.buildsystem.ProjectBuilder - application client sample source files copy task start
09:45:34.773 [main] INFO  k.p.s.c.buildsystem.ProjectBuilder - application client sample source files copy task end
09:45:34.773 [main] INFO  k.p.s.c.buildsystem.ProjectBuilder - main project[sample_test]'s application client message io file set creation task start
09:45:34.773 [main] INFO  k.p.s.common.util.CommonStaticUtil - the new child relative direcotry[D:\gitsinnori\sinnori\project\sample_test\client_build\app_build\src\main\java\kr\pe\sinnori\impl\message][Echo] was created successfully
09:45:34.773 [main] INFO  k.p.s.c.buildsystem.ProjectBuilder - main project[sample_test]'s message file[Echo][D:\gitsinnori\sinnori\project\sample_test\client_build\app_build\src\main\java\kr\pe\sinnori\impl\message] creation task start
09:45:34.777 [main] INFO  k.p.s.c.buildsystem.ProjectBuilder - main project[sample_test]'s message file[Echo][D:\gitsinnori\sinnori\project\sample_test\client_build\app_build\src\main\java\kr\pe\sinnori\impl\message] creation task end
09:45:34.777 [main] INFO  k.p.s.c.buildsystem.ProjectBuilder - main project[sample_test]'s message decoder file[Echo][D:\gitsinnori\sinnori\project\sample_test\client_build\app_build\src\main\java\kr\pe\sinnori\impl\message] creation task start
09:45:34.781 [main] INFO  k.p.s.c.buildsystem.ProjectBuilder - main project[sample_test]'s message decoder file[Echo][D:\gitsinnori\sinnori\project\sample_test\client_build\app_build\src\main\java\kr\pe\sinnori\impl\message] creation task end
09:45:34.781 [main] INFO  k.p.s.c.buildsystem.ProjectBuilder - main project[sample_test]'s message encoder file[Echo][D:\gitsinnori\sinnori\project\sample_test\client_build\app_build\src\main\java\kr\pe\sinnori\impl\message] creation task start
09:45:34.784 [main] INFO  k.p.s.c.buildsystem.ProjectBuilder - main project[sample_test]'s message encoder file[Echo][D:\gitsinnori\sinnori\project\sample_test\client_build\app_build\src\main\java\kr\pe\sinnori\impl\message] creation task end
09:45:34.784 [main] INFO  k.p.s.c.buildsystem.ProjectBuilder - main project[sample_test]'s message server codec file[Echo][D:\gitsinnori\sinnori\project\sample_test\client_build\app_build\src\main\java\kr\pe\sinnori\impl\message] creation task start
09:45:34.786 [main] INFO  k.p.s.c.buildsystem.ProjectBuilder - main project[sample_test]'s message server codec file[Echo][D:\gitsinnori\sinnori\project\sample_test\client_build\app_build\src\main\java\kr\pe\sinnori\impl\message] creation task end
09:45:34.786 [main] INFO  k.p.s.c.buildsystem.ProjectBuilder - main project[sample_test]'s message client codec file[Echo][D:\gitsinnori\sinnori\project\sample_test\client_build\app_build\src\main\java\kr\pe\sinnori\impl\message] creation task start
09:45:34.787 [main] INFO  k.p.s.c.buildsystem.ProjectBuilder - main project[sample_test]'s message client codec file[Echo][D:\gitsinnori\sinnori\project\sample_test\client_build\app_build\src\main\java\kr\pe\sinnori\impl\message] creation task end
09:45:34.788 [main] INFO  k.p.s.common.util.CommonStaticUtil - the new child relative direcotry[D:\gitsinnori\sinnori\project\sample_test\client_build\app_build\src\main\java\kr\pe\sinnori\impl\message][PublicKeyReq] was created successfully
09:45:34.788 [main] INFO  k.p.s.c.buildsystem.ProjectBuilder - main project[sample_test]'s message file[PublicKeyReq][D:\gitsinnori\sinnori\project\sample_test\client_build\app_build\src\main\java\kr\pe\sinnori\impl\message] creation task start
09:45:34.791 [main] INFO  k.p.s.c.buildsystem.ProjectBuilder - main project[sample_test]'s message file[PublicKeyReq][D:\gitsinnori\sinnori\project\sample_test\client_build\app_build\src\main\java\kr\pe\sinnori\impl\message] creation task end
09:45:34.791 [main] INFO  k.p.s.c.buildsystem.ProjectBuilder - main project[sample_test]'s message decoder file[PublicKeyReq][D:\gitsinnori\sinnori\project\sample_test\client_build\app_build\src\main\java\kr\pe\sinnori\impl\message] creation task start
09:45:34.794 [main] INFO  k.p.s.c.buildsystem.ProjectBuilder - main project[sample_test]'s message decoder file[PublicKeyReq][D:\gitsinnori\sinnori\project\sample_test\client_build\app_build\src\main\java\kr\pe\sinnori\impl\message] creation task end
09:45:34.865 [main] INFO  k.p.s.c.buildsystem.ProjectBuilder - main project[sample_test]'s message encoder file[PublicKeyReq][D:\gitsinnori\sinnori\project\sample_test\client_build\app_build\src\main\java\kr\pe\sinnori\impl\message] creation task start
09:45:34.869 [main] INFO  k.p.s.c.buildsystem.ProjectBuilder - main project[sample_test]'s message encoder file[PublicKeyReq][D:\gitsinnori\sinnori\project\sample_test\client_build\app_build\src\main\java\kr\pe\sinnori\impl\message] creation task end
09:45:34.869 [main] INFO  k.p.s.c.buildsystem.ProjectBuilder - main project[sample_test]'s message server codec file[PublicKeyReq][D:\gitsinnori\sinnori\project\sample_test\client_build\app_build\src\main\java\kr\pe\sinnori\impl\message] creation task start
09:45:34.871 [main] INFO  k.p.s.c.buildsystem.ProjectBuilder - main project[sample_test]'s message server codec file[PublicKeyReq][D:\gitsinnori\sinnori\project\sample_test\client_build\app_build\src\main\java\kr\pe\sinnori\impl\message] creation task end
09:45:34.871 [main] INFO  k.p.s.c.buildsystem.ProjectBuilder - main project[sample_test]'s message client codec file[PublicKeyReq][D:\gitsinnori\sinnori\project\sample_test\client_build\app_build\src\main\java\kr\pe\sinnori\impl\message] creation task start
09:45:34.873 [main] INFO  k.p.s.c.buildsystem.ProjectBuilder - main project[sample_test]'s message client codec file[PublicKeyReq][D:\gitsinnori\sinnori\project\sample_test\client_build\app_build\src\main\java\kr\pe\sinnori\impl\message] creation task end
09:45:34.873 [main] INFO  k.p.s.common.util.CommonStaticUtil - the new child relative direcotry[D:\gitsinnori\sinnori\project\sample_test\client_build\app_build\src\main\java\kr\pe\sinnori\impl\message][PublicKeyRes] was created successfully
09:45:34.873 [main] INFO  k.p.s.c.buildsystem.ProjectBuilder - main project[sample_test]'s message file[PublicKeyRes][D:\gitsinnori\sinnori\project\sample_test\client_build\app_build\src\main\java\kr\pe\sinnori\impl\message] creation task start
09:45:34.877 [main] INFO  k.p.s.c.buildsystem.ProjectBuilder - main project[sample_test]'s message file[PublicKeyRes][D:\gitsinnori\sinnori\project\sample_test\client_build\app_build\src\main\java\kr\pe\sinnori\impl\message] creation task end
09:45:34.877 [main] INFO  k.p.s.c.buildsystem.ProjectBuilder - main project[sample_test]'s message decoder file[PublicKeyRes][D:\gitsinnori\sinnori\project\sample_test\client_build\app_build\src\main\java\kr\pe\sinnori\impl\message] creation task start
09:45:34.880 [main] INFO  k.p.s.c.buildsystem.ProjectBuilder - main project[sample_test]'s message decoder file[PublicKeyRes][D:\gitsinnori\sinnori\project\sample_test\client_build\app_build\src\main\java\kr\pe\sinnori\impl\message] creation task end
09:45:34.880 [main] INFO  k.p.s.c.buildsystem.ProjectBuilder - main project[sample_test]'s message encoder file[PublicKeyRes][D:\gitsinnori\sinnori\project\sample_test\client_build\app_build\src\main\java\kr\pe\sinnori\impl\message] creation task start
09:45:34.883 [main] INFO  k.p.s.c.buildsystem.ProjectBuilder - main project[sample_test]'s message encoder file[PublicKeyRes][D:\gitsinnori\sinnori\project\sample_test\client_build\app_build\src\main\java\kr\pe\sinnori\impl\message] creation task end
09:45:34.883 [main] INFO  k.p.s.c.buildsystem.ProjectBuilder - main project[sample_test]'s message server codec file[PublicKeyRes][D:\gitsinnori\sinnori\project\sample_test\client_build\app_build\src\main\java\kr\pe\sinnori\impl\message] creation task start
09:45:34.884 [main] INFO  k.p.s.c.buildsystem.ProjectBuilder - main project[sample_test]'s message server codec file[PublicKeyRes][D:\gitsinnori\sinnori\project\sample_test\client_build\app_build\src\main\java\kr\pe\sinnori\impl\message] creation task end
09:45:34.885 [main] INFO  k.p.s.c.buildsystem.ProjectBuilder - main project[sample_test]'s message client codec file[PublicKeyRes][D:\gitsinnori\sinnori\project\sample_test\client_build\app_build\src\main\java\kr\pe\sinnori\impl\message] creation task start
09:45:34.886 [main] INFO  k.p.s.c.buildsystem.ProjectBuilder - main project[sample_test]'s message client codec file[PublicKeyRes][D:\gitsinnori\sinnori\project\sample_test\client_build\app_build\src\main\java\kr\pe\sinnori\impl\message] creation task end
09:45:34.886 [main] INFO  k.p.s.c.buildsystem.ProjectBuilder - main project[sample_test]'s application client message io file set creation task end
09:45:34.886 [main] INFO  k.p.s.c.buildsystem.ProjectBuilder - mainproject[sample_test]'s application client build system files creation task end
09:45:34.886 [main] INFO  k.p.s.c.buildsystem.ProjectBuilder - main project[sample_test]'s web client build path deletion task start
09:45:34.900 [main] INFO  k.p.s.c.buildsystem.ProjectBuilder - main project[sample_test]'s web client build path deletion task end
09:45:34.900 [main] INFO  k.p.s.c.buildsystem.ProjectBuilder - main project[sample_test]'s web root path deletion task start
09:45:34.901 [main] INFO  k.p.s.c.buildsystem.ProjectBuilder - main project[sample_test]'s web root path deletion task end
09:45:34.902 [main] INFO  k.p.s.c.buildsystem.ProjectBuilder - main project[sample_test]'s config file overwrite task start
09:45:34.905 [main] INFO  k.p.s.c.buildsystem.ProjectBuilder - main project[sample_test]'s config file overwrite task end
09:45:34.906 [main] INFO  k.p.s.c.buildsystem.ProjectBuilder - main project[sample_test] changeProjectState method end
09:45:34.906 [main] INFO  k.p.s.c.buildsystem.ProjectBuilder - the web client ant build.xml file[D:\gitsinnori\sinnori\project\sample_test\client_build\web_build\build.xml] is bad :: whetherExist[false] isFile[false]
09:45:34.906 [main] INFO  k.p.s.c.buildsystem.ProjectBuilder - the web.xml file[D:\gitsinnori\sinnori\project\sample_test\web_app_base\ROOT\WEB-INF\web.xml] located at web root directory is bad :: whetherExist[false] isFile[false]
09:45:34.906 [main] INFO  k.p.s.c.buildsystem.ProjectBuilder - main project[sample_test] changeProjectState method start
09:45:34.906 [main] WARN  k.p.s.c.buildsystem.ProjectBuilder - the server build path[D:\gitsinnori\sinnori\project\sample_test\server_build] exist, so skip creation of server build system
09:45:34.977 [main] WARN  k.p.s.c.buildsystem.ProjectBuilder - the app client build path[D:\gitsinnori\sinnori\project\sample_test\client_build\app_build] exist, so skip creation of app client build system
09:45:34.977 [main] INFO  k.p.s.c.buildsystem.ProjectBuilder - main project[sample_test]'s web build child direcotry creation task start
09:45:34.978 [main] INFO  k.p.s.common.util.CommonStaticUtil - the new child relative direcotry[D:\gitsinnori\sinnori\project\sample_test][client_build/web_build/corelib/ex] was created successfully
09:45:34.978 [main] INFO  k.p.s.common.util.CommonStaticUtil - the new child relative direcotry[D:\gitsinnori\sinnori\project\sample_test][client_build/web_build/corelib/in] was created successfully
09:45:34.980 [main] INFO  k.p.s.common.util.CommonStaticUtil - the new child relative direcotry[D:\gitsinnori\sinnori\project\sample_test][client_build/web_build/lib/main/ex] was created successfully
09:45:34.980 [main] INFO  k.p.s.common.util.CommonStaticUtil - the new child relative direcotry[D:\gitsinnori\sinnori\project\sample_test][client_build/web_build/lib/main/in] was created successfully
09:45:34.980 [main] INFO  k.p.s.common.util.CommonStaticUtil - the new child relative direcotry[D:\gitsinnori\sinnori\project\sample_test][client_build/web_build/lib/test] was created successfully
09:45:34.983 [main] INFO  k.p.s.common.util.CommonStaticUtil - the new child relative direcotry[D:\gitsinnori\sinnori\project\sample_test][client_build/web_build/src/main/java/kr/pe/sinnori/impl/message] was created successfully
09:45:34.983 [main] INFO  k.p.s.common.util.CommonStaticUtil - the new child relative direcotry[D:\gitsinnori\sinnori\project\sample_test][client_build/web_build/src/main/java//kr/pe/sinnori/servlet] was created successfully
09:45:34.984 [main] INFO  k.p.s.common.util.CommonStaticUtil - the new child relative direcotry[D:\gitsinnori\sinnori\project\sample_test][client_build/web_build/src/main/java/kr/pe/sinnori/weblib/common] was created successfully
09:45:34.984 [main] INFO  k.p.s.common.util.CommonStaticUtil - the new child relative direcotry[D:\gitsinnori\sinnori\project\sample_test][client_build/web_build/src/main/java/kr/pe/sinnori/weblib/htmlstring] was created successfully
09:45:34.984 [main] INFO  k.p.s.common.util.CommonStaticUtil - the new child relative direcotry[D:\gitsinnori\sinnori\project\sample_test][client_build/web_build/src/main/java/kr/pe/sinnori/weblib/jdf] was created successfully
09:45:34.985 [main] INFO  k.p.s.common.util.CommonStaticUtil - the new child relative direcotry[D:\gitsinnori\sinnori\project\sample_test][client_build/web_build/src/test/java] was created successfully
09:45:34.985 [main] INFO  k.p.s.common.util.CommonStaticUtil - the new child relative direcotry[D:\gitsinnori\sinnori\project\sample_test][client_build/web_build/build] was created successfully
09:45:34.986 [main] INFO  k.p.s.common.util.CommonStaticUtil - the new child relative direcotry[D:\gitsinnori\sinnori\project\sample_test][client_build/web_build/dist] was created successfully
09:45:34.986 [main] INFO  k.p.s.c.buildsystem.ProjectBuilder - main project[sample_test]'s web build child direcotry creation task end
09:45:34.986 [main] INFO  k.p.s.c.buildsystem.ProjectBuilder - main project[sample_test]'s web client build system files creation task start
09:45:34.986 [main] INFO  k.p.s.c.buildsystem.ProjectBuilder - main project[sample_test]'s web client ant build.xml file creation task start
09:45:34.987 [main] INFO  k.p.s.c.buildsystem.ProjectBuilder - main project[sample_test]'s web client ant build.xml file creation task end
09:45:34.987 [main] INFO  k.p.s.c.buildsystem.ProjectBuilder - main project[sample_test]'s web client ant properties file creation task start
09:45:34.988 [main] INFO  k.p.s.c.util.SequencedPropertiesUtil - the sequenced properties file[D:\gitsinnori\sinnori\project\sample_test\client_build\web_build\webAnt.properties] was created
09:45:34.990 [main] INFO  k.p.s.c.buildsystem.ProjectBuilder - main project[sample_test]'s web client ant properties file creation task end
09:45:34.990 [main] INFO  k.p.s.c.buildsystem.ProjectBuilder - main project[sample_test]'s web client message io file set creation task start
09:45:34.990 [main] INFO  k.p.s.common.util.CommonStaticUtil - the new child relative direcotry[D:\gitsinnori\sinnori\project\sample_test\client_build\web_build\src\main\java\kr\pe\sinnori\impl\message][Echo] was created successfully
09:45:34.990 [main] INFO  k.p.s.c.buildsystem.ProjectBuilder - main project[sample_test]'s message file[Echo][D:\gitsinnori\sinnori\project\sample_test\client_build\web_build\src\main\java\kr\pe\sinnori\impl\message] creation task start
09:45:34.993 [main] INFO  k.p.s.c.buildsystem.ProjectBuilder - main project[sample_test]'s message file[Echo][D:\gitsinnori\sinnori\project\sample_test\client_build\web_build\src\main\java\kr\pe\sinnori\impl\message] creation task end
09:45:34.993 [main] INFO  k.p.s.c.buildsystem.ProjectBuilder - main project[sample_test]'s message decoder file[Echo][D:\gitsinnori\sinnori\project\sample_test\client_build\web_build\src\main\java\kr\pe\sinnori\impl\message] creation task start
09:45:34.996 [main] INFO  k.p.s.c.buildsystem.ProjectBuilder - main project[sample_test]'s message decoder file[Echo][D:\gitsinnori\sinnori\project\sample_test\client_build\web_build\src\main\java\kr\pe\sinnori\impl\message] creation task end
09:45:34.996 [main] INFO  k.p.s.c.buildsystem.ProjectBuilder - main project[sample_test]'s message encoder file[Echo][D:\gitsinnori\sinnori\project\sample_test\client_build\web_build\src\main\java\kr\pe\sinnori\impl\message] creation task start
09:45:35.000 [main] INFO  k.p.s.c.buildsystem.ProjectBuilder - main project[sample_test]'s message encoder file[Echo][D:\gitsinnori\sinnori\project\sample_test\client_build\web_build\src\main\java\kr\pe\sinnori\impl\message] creation task end
09:45:35.000 [main] INFO  k.p.s.c.buildsystem.ProjectBuilder - main project[sample_test]'s message server codec file[Echo][D:\gitsinnori\sinnori\project\sample_test\client_build\web_build\src\main\java\kr\pe\sinnori\impl\message] creation task start
09:45:35.001 [main] INFO  k.p.s.c.buildsystem.ProjectBuilder - main project[sample_test]'s message server codec file[Echo][D:\gitsinnori\sinnori\project\sample_test\client_build\web_build\src\main\java\kr\pe\sinnori\impl\message] creation task end
09:45:35.001 [main] INFO  k.p.s.c.buildsystem.ProjectBuilder - main project[sample_test]'s message client codec file[Echo][D:\gitsinnori\sinnori\project\sample_test\client_build\web_build\src\main\java\kr\pe\sinnori\impl\message] creation task start
09:45:35.003 [main] INFO  k.p.s.c.buildsystem.ProjectBuilder - main project[sample_test]'s message client codec file[Echo][D:\gitsinnori\sinnori\project\sample_test\client_build\web_build\src\main\java\kr\pe\sinnori\impl\message] creation task end
09:45:35.003 [main] INFO  k.p.s.common.util.CommonStaticUtil - the new child relative direcotry[D:\gitsinnori\sinnori\project\sample_test\client_build\web_build\src\main\java\kr\pe\sinnori\impl\message][PublicKeyReq] was created successfully
09:45:35.003 [main] INFO  k.p.s.c.buildsystem.ProjectBuilder - main project[sample_test]'s message file[PublicKeyReq][D:\gitsinnori\sinnori\project\sample_test\client_build\web_build\src\main\java\kr\pe\sinnori\impl\message] creation task start
09:45:35.007 [main] INFO  k.p.s.c.buildsystem.ProjectBuilder - main project[sample_test]'s message file[PublicKeyReq][D:\gitsinnori\sinnori\project\sample_test\client_build\web_build\src\main\java\kr\pe\sinnori\impl\message] creation task end
09:45:35.007 [main] INFO  k.p.s.c.buildsystem.ProjectBuilder - main project[sample_test]'s message decoder file[PublicKeyReq][D:\gitsinnori\sinnori\project\sample_test\client_build\web_build\src\main\java\kr\pe\sinnori\impl\message] creation task start
09:45:35.010 [main] INFO  k.p.s.c.buildsystem.ProjectBuilder - main project[sample_test]'s message decoder file[PublicKeyReq][D:\gitsinnori\sinnori\project\sample_test\client_build\web_build\src\main\java\kr\pe\sinnori\impl\message] creation task end
09:45:35.010 [main] INFO  k.p.s.c.buildsystem.ProjectBuilder - main project[sample_test]'s message encoder file[PublicKeyReq][D:\gitsinnori\sinnori\project\sample_test\client_build\web_build\src\main\java\kr\pe\sinnori\impl\message] creation task start
09:45:35.013 [main] INFO  k.p.s.c.buildsystem.ProjectBuilder - main project[sample_test]'s message encoder file[PublicKeyReq][D:\gitsinnori\sinnori\project\sample_test\client_build\web_build\src\main\java\kr\pe\sinnori\impl\message] creation task end
09:45:35.013 [main] INFO  k.p.s.c.buildsystem.ProjectBuilder - main project[sample_test]'s message server codec file[PublicKeyReq][D:\gitsinnori\sinnori\project\sample_test\client_build\web_build\src\main\java\kr\pe\sinnori\impl\message] creation task start
09:45:35.093 [main] INFO  k.p.s.c.buildsystem.ProjectBuilder - main project[sample_test]'s message server codec file[PublicKeyReq][D:\gitsinnori\sinnori\project\sample_test\client_build\web_build\src\main\java\kr\pe\sinnori\impl\message] creation task end
09:45:35.093 [main] INFO  k.p.s.c.buildsystem.ProjectBuilder - main project[sample_test]'s message client codec file[PublicKeyReq][D:\gitsinnori\sinnori\project\sample_test\client_build\web_build\src\main\java\kr\pe\sinnori\impl\message] creation task start
09:45:35.099 [main] INFO  k.p.s.c.buildsystem.ProjectBuilder - main project[sample_test]'s message client codec file[PublicKeyReq][D:\gitsinnori\sinnori\project\sample_test\client_build\web_build\src\main\java\kr\pe\sinnori\impl\message] creation task end
09:45:35.100 [main] INFO  k.p.s.common.util.CommonStaticUtil - the new child relative direcotry[D:\gitsinnori\sinnori\project\sample_test\client_build\web_build\src\main\java\kr\pe\sinnori\impl\message][PublicKeyRes] was created successfully
09:45:35.100 [main] INFO  k.p.s.c.buildsystem.ProjectBuilder - main project[sample_test]'s message file[PublicKeyRes][D:\gitsinnori\sinnori\project\sample_test\client_build\web_build\src\main\java\kr\pe\sinnori\impl\message] creation task start
09:45:35.103 [main] INFO  k.p.s.c.buildsystem.ProjectBuilder - main project[sample_test]'s message file[PublicKeyRes][D:\gitsinnori\sinnori\project\sample_test\client_build\web_build\src\main\java\kr\pe\sinnori\impl\message] creation task end
09:45:35.104 [main] INFO  k.p.s.c.buildsystem.ProjectBuilder - main project[sample_test]'s message decoder file[PublicKeyRes][D:\gitsinnori\sinnori\project\sample_test\client_build\web_build\src\main\java\kr\pe\sinnori\impl\message] creation task start
09:45:35.108 [main] INFO  k.p.s.c.buildsystem.ProjectBuilder - main project[sample_test]'s message decoder file[PublicKeyRes][D:\gitsinnori\sinnori\project\sample_test\client_build\web_build\src\main\java\kr\pe\sinnori\impl\message] creation task end
09:45:35.108 [main] INFO  k.p.s.c.buildsystem.ProjectBuilder - main project[sample_test]'s message encoder file[PublicKeyRes][D:\gitsinnori\sinnori\project\sample_test\client_build\web_build\src\main\java\kr\pe\sinnori\impl\message] creation task start
09:45:35.111 [main] INFO  k.p.s.c.buildsystem.ProjectBuilder - main project[sample_test]'s message encoder file[PublicKeyRes][D:\gitsinnori\sinnori\project\sample_test\client_build\web_build\src\main\java\kr\pe\sinnori\impl\message] creation task end
09:45:35.111 [main] INFO  k.p.s.c.buildsystem.ProjectBuilder - main project[sample_test]'s message server codec file[PublicKeyRes][D:\gitsinnori\sinnori\project\sample_test\client_build\web_build\src\main\java\kr\pe\sinnori\impl\message] creation task start
09:45:35.114 [main] INFO  k.p.s.c.buildsystem.ProjectBuilder - main project[sample_test]'s message server codec file[PublicKeyRes][D:\gitsinnori\sinnori\project\sample_test\client_build\web_build\src\main\java\kr\pe\sinnori\impl\message] creation task end
09:45:35.114 [main] INFO  k.p.s.c.buildsystem.ProjectBuilder - main project[sample_test]'s message client codec file[PublicKeyRes][D:\gitsinnori\sinnori\project\sample_test\client_build\web_build\src\main\java\kr\pe\sinnori\impl\message] creation task start
09:45:35.116 [main] INFO  k.p.s.c.buildsystem.ProjectBuilder - main project[sample_test]'s message client codec file[PublicKeyRes][D:\gitsinnori\sinnori\project\sample_test\client_build\web_build\src\main\java\kr\pe\sinnori\impl\message] creation task end
09:45:35.116 [main] INFO  k.p.s.c.buildsystem.ProjectBuilder - main project[sample_test]'s web client message io file set creation task end
09:45:35.116 [main] INFO  k.p.s.c.buildsystem.ProjectBuilder - mainproject[sample_test]'s web client sample source files copy task start
09:45:35.173 [main] INFO  k.p.s.c.buildsystem.ProjectBuilder - mainproject[sample_test]'s web client sample source files copy task end
09:45:35.173 [main] INFO  k.p.s.c.buildsystem.ProjectBuilder - main project[sample_test]'s web client build system files creation task end
09:45:35.173 [main] INFO  k.p.s.c.buildsystem.ProjectBuilder - main project[sample_test]'s web root child direcotry creation task start
09:45:35.173 [main] INFO  k.p.s.common.util.CommonStaticUtil - the child relative direcotry[D:\gitsinnori\sinnori\project\sample_test][web_app_base/upload] exist, so nothing
09:45:35.173 [main] INFO  k.p.s.common.util.CommonStaticUtil - the new child relative direcotry[D:\gitsinnori\sinnori\project\sample_test][web_app_base/ROOT/WEB-INF/classes] was created successfully
09:45:35.174 [main] INFO  k.p.s.common.util.CommonStaticUtil - the new child relative direcotry[D:\gitsinnori\sinnori\project\sample_test][web_app_base/ROOT/WEB-INF/lib] was created successfully
09:45:35.200 [main] INFO  k.p.s.c.buildsystem.ProjectBuilder - main project[sample_test]'s web root child direcotry creation task end
09:45:35.200 [main] INFO  k.p.s.c.buildsystem.ProjectBuilder - main project[sample_test]'s web root sample files creation task start
09:45:35.200 [main] INFO  k.p.s.c.buildsystem.ProjectBuilder - main project[sample_test]'s web root sample files copy task start
09:45:35.209 [main] INFO  k.p.s.c.buildsystem.ProjectBuilder - main project[sample_test]'s web root sample files copy task end
09:45:35.209 [main] INFO  k.p.s.c.buildsystem.ProjectBuilder - main project[sample_test]'s web root sample files creation task end
09:45:35.209 [main] INFO  k.p.s.c.buildsystem.ProjectBuilder - main project[sample_test]'s config file overwrite task start
09:45:35.214 [main] INFO  k.p.s.c.buildsystem.ProjectBuilder - main project[sample_test]'s config file overwrite task end
09:45:35.214 [main] INFO  k.p.s.c.buildsystem.ProjectBuilder - main project[sample_test] changeProjectState method end
09:45:35.261 [main] INFO  k.p.s.c.buildsystem.ProjectBuilder - main project[sample_test]'s child direcotry creation task start
09:45:35.261 [main] INFO  k.p.s.c.buildsystem.ProjectBuilder - main project[sample_test]'s common child direcotry creation task start
09:45:35.261 [main] INFO  k.p.s.common.util.CommonStaticUtil - the new child relative direcotry[D:\gitsinnori\sinnori\project\sample_test][config] was created successfully
09:45:35.262 [main] INFO  k.p.s.common.util.CommonStaticUtil - the new child relative direcotry[D:\gitsinnori\sinnori\project\sample_test][resources/dbcp] was created successfully
09:45:35.262 [main] INFO  k.p.s.common.util.CommonStaticUtil - the new child relative direcotry[D:\gitsinnori\sinnori\project\sample_test][resources/message_info] was created successfully
09:45:35.262 [main] INFO  k.p.s.common.util.CommonStaticUtil - the new child relative direcotry[D:\gitsinnori\sinnori\project\sample_test][resources/rsa_keypair] was created successfully
09:45:35.263 [main] INFO  k.p.s.common.util.CommonStaticUtil - the new child relative direcotry[D:\gitsinnori\sinnori\project\sample_test][log/apache] was created successfully
09:45:35.263 [main] INFO  k.p.s.common.util.CommonStaticUtil - the new child relative direcotry[D:\gitsinnori\sinnori\project\sample_test][log/client] was created successfully
09:45:35.263 [main] INFO  k.p.s.common.util.CommonStaticUtil - the new child relative direcotry[D:\gitsinnori\sinnori\project\sample_test][log/server] was created successfully
09:45:35.263 [main] INFO  k.p.s.common.util.CommonStaticUtil - the new child relative direcotry[D:\gitsinnori\sinnori\project\sample_test][log/servlet] was created successfully
09:45:35.263 [main] INFO  k.p.s.c.buildsystem.ProjectBuilder - main project[sample_test]'s common child direcotry creation task end
09:45:35.263 [main] INFO  k.p.s.c.buildsystem.ProjectBuilder - main project[sample_test]'s server child direcotry creation task start
09:45:35.264 [main] INFO  k.p.s.common.util.CommonStaticUtil - the new child relative direcotry[D:\gitsinnori\sinnori\project\sample_test][server_build/APP-INF/classes] was created successfully
09:45:35.264 [main] INFO  k.p.s.common.util.CommonStaticUtil - the new child relative direcotry[D:\gitsinnori\sinnori\project\sample_test][server_build/corelib/ex] was created successfully
09:45:35.265 [main] INFO  k.p.s.common.util.CommonStaticUtil - the new child relative direcotry[D:\gitsinnori\sinnori\project\sample_test][server_build/corelib/in] was created successfully
09:45:35.265 [main] INFO  k.p.s.common.util.CommonStaticUtil - the new child relative direcotry[D:\gitsinnori\sinnori\project\sample_test][server_build/lib/main/ex] was created successfully
09:45:35.266 [main] INFO  k.p.s.common.util.CommonStaticUtil - the new child relative direcotry[D:\gitsinnori\sinnori\project\sample_test][server_build/lib/main/in] was created successfully
09:45:35.266 [main] INFO  k.p.s.common.util.CommonStaticUtil - the new child relative direcotry[D:\gitsinnori\sinnori\project\sample_test][server_build/lib/test] was created successfully
09:45:35.268 [main] INFO  k.p.s.common.util.CommonStaticUtil - the new child relative direcotry[D:\gitsinnori\sinnori\project\sample_test][server_build/src/main/java/kr/pe/sinnori/impl/servertask] was created successfully
09:45:35.268 [main] INFO  k.p.s.common.util.CommonStaticUtil - the new child relative direcotry[D:\gitsinnori\sinnori\project\sample_test][server_build/src/main/java/kr/pe/sinnori/impl/message] was created successfully
09:45:35.268 [main] INFO  k.p.s.common.util.CommonStaticUtil - the new child relative direcotry[D:\gitsinnori\sinnori\project\sample_test][server_build/src/main/java/main] was created successfully
09:45:35.269 [main] INFO  k.p.s.common.util.CommonStaticUtil - the new child relative direcotry[D:\gitsinnori\sinnori\project\sample_test][server_build/src/test/java] was created successfully
09:45:35.312 [main] INFO  k.p.s.common.util.CommonStaticUtil - the new child relative direcotry[D:\gitsinnori\sinnori\project\sample_test][server_build/build] was created successfully
09:45:35.312 [main] INFO  k.p.s.common.util.CommonStaticUtil - the new child relative direcotry[D:\gitsinnori\sinnori\project\sample_test][server_build/dist] was created successfully
09:45:35.312 [main] INFO  k.p.s.c.buildsystem.ProjectBuilder - main project[sample_test]'s server child direcotry creation task end
09:45:35.312 [main] INFO  k.p.s.c.buildsystem.ProjectBuilder - main project[sample_test]'s web build child direcotry creation task start
09:45:35.314 [main] INFO  k.p.s.common.util.CommonStaticUtil - the new child relative direcotry[D:\gitsinnori\sinnori\project\sample_test][client_build/web_build/corelib/ex] was created successfully
09:45:35.315 [main] INFO  k.p.s.common.util.CommonStaticUtil - the new child relative direcotry[D:\gitsinnori\sinnori\project\sample_test][client_build/web_build/corelib/in] was created successfully
09:45:35.316 [main] INFO  k.p.s.common.util.CommonStaticUtil - the new child relative direcotry[D:\gitsinnori\sinnori\project\sample_test][client_build/web_build/lib/main/ex] was created successfully
09:45:35.316 [main] INFO  k.p.s.common.util.CommonStaticUtil - the new child relative direcotry[D:\gitsinnori\sinnori\project\sample_test][client_build/web_build/lib/main/in] was created successfully
09:45:35.316 [main] INFO  k.p.s.common.util.CommonStaticUtil - the new child relative direcotry[D:\gitsinnori\sinnori\project\sample_test][client_build/web_build/lib/test] was created successfully
09:45:35.319 [main] INFO  k.p.s.common.util.CommonStaticUtil - the new child relative direcotry[D:\gitsinnori\sinnori\project\sample_test][client_build/web_build/src/main/java/kr/pe/sinnori/impl/message] was created successfully
09:45:35.319 [main] INFO  k.p.s.common.util.CommonStaticUtil - the new child relative direcotry[D:\gitsinnori\sinnori\project\sample_test][client_build/web_build/src/main/java//kr/pe/sinnori/servlet] was created successfully
09:45:35.320 [main] INFO  k.p.s.common.util.CommonStaticUtil - the new child relative direcotry[D:\gitsinnori\sinnori\project\sample_test][client_build/web_build/src/main/java/kr/pe/sinnori/weblib/common] was created successfully
09:45:35.321 [main] INFO  k.p.s.common.util.CommonStaticUtil - the new child relative direcotry[D:\gitsinnori\sinnori\project\sample_test][client_build/web_build/src/main/java/kr/pe/sinnori/weblib/htmlstring] was created successfully
09:45:35.321 [main] INFO  k.p.s.common.util.CommonStaticUtil - the new child relative direcotry[D:\gitsinnori\sinnori\project\sample_test][client_build/web_build/src/main/java/kr/pe/sinnori/weblib/jdf] was created successfully
09:45:35.322 [main] INFO  k.p.s.common.util.CommonStaticUtil - the new child relative direcotry[D:\gitsinnori\sinnori\project\sample_test][client_build/web_build/src/test/java] was created successfully
09:45:35.322 [main] INFO  k.p.s.common.util.CommonStaticUtil - the new child relative direcotry[D:\gitsinnori\sinnori\project\sample_test][client_build/web_build/build] was created successfully
09:45:35.322 [main] INFO  k.p.s.common.util.CommonStaticUtil - the new child relative direcotry[D:\gitsinnori\sinnori\project\sample_test][client_build/web_build/dist] was created successfully
09:45:35.322 [main] INFO  k.p.s.c.buildsystem.ProjectBuilder - main project[sample_test]'s web build child direcotry creation task end
09:45:35.322 [main] INFO  k.p.s.c.buildsystem.ProjectBuilder - main project[sample_test]'s web root child direcotry creation task start
09:45:35.323 [main] INFO  k.p.s.common.util.CommonStaticUtil - the new child relative direcotry[D:\gitsinnori\sinnori\project\sample_test][web_app_base/upload] was created successfully
09:45:35.324 [main] INFO  k.p.s.common.util.CommonStaticUtil - the new child relative direcotry[D:\gitsinnori\sinnori\project\sample_test][web_app_base/ROOT/WEB-INF/classes] was created successfully
09:45:35.324 [main] INFO  k.p.s.common.util.CommonStaticUtil - the new child relative direcotry[D:\gitsinnori\sinnori\project\sample_test][web_app_base/ROOT/WEB-INF/lib] was created successfully
09:45:35.324 [main] INFO  k.p.s.c.buildsystem.ProjectBuilder - main project[sample_test]'s web root child direcotry creation task end
09:45:35.324 [main] INFO  k.p.s.c.buildsystem.ProjectBuilder - main project[sample_test]'s child direcotry creation task end
09:45:35.324 [main] INFO  k.p.s.c.buildsystem.ProjectBuilder - main project[sample_test]'s file creation task start
09:45:35.324 [main] INFO  k.p.s.c.buildsystem.ProjectBuilder - main project[sample_test]'s config file creation task start
09:45:35.324 [main] INFO  k.p.s.c.util.SequencedPropertiesUtil - the sequenced properties file[D:\gitsinnori\sinnori\project\sample_test\config\sinnori.properties] was created
09:45:35.329 [main] INFO  k.p.s.c.buildsystem.ProjectBuilder - main project[sample_test]'s config file creation task end
09:45:35.329 [main] INFO  k.p.s.c.buildsystem.ProjectBuilder - the mainproject[sample_test]'s resources directory copy task start
09:45:35.346 [main] INFO  k.p.s.c.buildsystem.ProjectBuilder - the mainproject[sample_test]'s resources directory copy task end
09:45:35.346 [main] INFO  k.p.s.c.buildsystem.ProjectBuilder - server build system files creation task start
09:45:35.346 [main] INFO  k.p.s.c.buildsystem.ProjectBuilder - main project[sample_test]'s server ant build.xml file creation task start
09:45:35.347 [main] INFO  k.p.s.c.buildsystem.ProjectBuilder - main project[sample_test]'s server ant build.xml file creation task end
09:45:35.347 [main] INFO  k.p.s.c.buildsystem.ProjectBuilder - main project[sample_test]'s server dos shell file creation task start
09:45:35.349 [main] INFO  k.p.s.c.buildsystem.ProjectBuilder - main project[sample_test]'s server dos shell file creation task end
09:45:35.349 [main] INFO  k.p.s.c.buildsystem.ProjectBuilder - main project[sample_test]'s server unix shell file creation task start
09:45:35.350 [main] INFO  k.p.s.c.buildsystem.ProjectBuilder - main project[sample_test]'s server unix shell file creation task end
09:45:35.350 [main] INFO  k.p.s.c.buildsystem.ProjectBuilder - server sample source files copy task start
09:45:35.358 [main] INFO  k.p.s.c.buildsystem.ProjectBuilder - server sample source files copy task end
09:45:35.358 [main] INFO  k.p.s.c.buildsystem.ProjectBuilder - main project[sample_test]'s server message io file set creation task start
09:45:35.359 [main] INFO  k.p.s.common.util.CommonStaticUtil - the new child relative direcotry[D:\gitsinnori\sinnori\project\sample_test\server_build\src\main\java\kr\pe\sinnori\impl\message][Echo] was created successfully
09:45:35.359 [main] INFO  k.p.s.c.buildsystem.ProjectBuilder - main project[sample_test]'s message file[Echo][D:\gitsinnori\sinnori\project\sample_test\server_build\src\main\java\kr\pe\sinnori\impl\message] creation task start
09:45:35.362 [main] INFO  k.p.s.c.buildsystem.ProjectBuilder - main project[sample_test]'s message file[Echo][D:\gitsinnori\sinnori\project\sample_test\server_build\src\main\java\kr\pe\sinnori\impl\message] creation task end
09:45:35.362 [main] INFO  k.p.s.c.buildsystem.ProjectBuilder - main project[sample_test]'s message decoder file[Echo][D:\gitsinnori\sinnori\project\sample_test\server_build\src\main\java\kr\pe\sinnori\impl\message] creation task start
09:45:35.365 [main] INFO  k.p.s.c.buildsystem.ProjectBuilder - main project[sample_test]'s message decoder file[Echo][D:\gitsinnori\sinnori\project\sample_test\server_build\src\main\java\kr\pe\sinnori\impl\message] creation task end
09:45:35.365 [main] INFO  k.p.s.c.buildsystem.ProjectBuilder - main project[sample_test]'s message encoder file[Echo][D:\gitsinnori\sinnori\project\sample_test\server_build\src\main\java\kr\pe\sinnori\impl\message] creation task start
09:45:35.367 [main] INFO  k.p.s.c.buildsystem.ProjectBuilder - main project[sample_test]'s message encoder file[Echo][D:\gitsinnori\sinnori\project\sample_test\server_build\src\main\java\kr\pe\sinnori\impl\message] creation task end
09:45:35.367 [main] INFO  k.p.s.c.buildsystem.ProjectBuilder - main project[sample_test]'s message server codec file[Echo][D:\gitsinnori\sinnori\project\sample_test\server_build\src\main\java\kr\pe\sinnori\impl\message] creation task start
09:45:35.369 [main] INFO  k.p.s.c.buildsystem.ProjectBuilder - main project[sample_test]'s message server codec file[Echo][D:\gitsinnori\sinnori\project\sample_test\server_build\src\main\java\kr\pe\sinnori\impl\message] creation task end
09:45:35.369 [main] INFO  k.p.s.c.buildsystem.ProjectBuilder - main project[sample_test]'s message client codec file[Echo][D:\gitsinnori\sinnori\project\sample_test\server_build\src\main\java\kr\pe\sinnori\impl\message] creation task start
09:45:35.370 [main] INFO  k.p.s.c.buildsystem.ProjectBuilder - main project[sample_test]'s message client codec file[Echo][D:\gitsinnori\sinnori\project\sample_test\server_build\src\main\java\kr\pe\sinnori\impl\message] creation task end
09:45:35.427 [main] INFO  k.p.s.common.util.CommonStaticUtil - the new child relative direcotry[D:\gitsinnori\sinnori\project\sample_test\server_build\src\main\java\kr\pe\sinnori\impl\message][PublicKeyReq] was created successfully
09:45:35.427 [main] INFO  k.p.s.c.buildsystem.ProjectBuilder - main project[sample_test]'s message file[PublicKeyReq][D:\gitsinnori\sinnori\project\sample_test\server_build\src\main\java\kr\pe\sinnori\impl\message] creation task start
09:45:35.432 [main] INFO  k.p.s.c.buildsystem.ProjectBuilder - main project[sample_test]'s message file[PublicKeyReq][D:\gitsinnori\sinnori\project\sample_test\server_build\src\main\java\kr\pe\sinnori\impl\message] creation task end
09:45:35.432 [main] INFO  k.p.s.c.buildsystem.ProjectBuilder - main project[sample_test]'s message decoder file[PublicKeyReq][D:\gitsinnori\sinnori\project\sample_test\server_build\src\main\java\kr\pe\sinnori\impl\message] creation task start
09:45:35.437 [main] INFO  k.p.s.c.buildsystem.ProjectBuilder - main project[sample_test]'s message decoder file[PublicKeyReq][D:\gitsinnori\sinnori\project\sample_test\server_build\src\main\java\kr\pe\sinnori\impl\message] creation task end
09:45:35.437 [main] INFO  k.p.s.c.buildsystem.ProjectBuilder - main project[sample_test]'s message encoder file[PublicKeyReq][D:\gitsinnori\sinnori\project\sample_test\server_build\src\main\java\kr\pe\sinnori\impl\message] creation task start
09:45:35.441 [main] INFO  k.p.s.c.buildsystem.ProjectBuilder - main project[sample_test]'s message encoder file[PublicKeyReq][D:\gitsinnori\sinnori\project\sample_test\server_build\src\main\java\kr\pe\sinnori\impl\message] creation task end
09:45:35.441 [main] INFO  k.p.s.c.buildsystem.ProjectBuilder - main project[sample_test]'s message server codec file[PublicKeyReq][D:\gitsinnori\sinnori\project\sample_test\server_build\src\main\java\kr\pe\sinnori\impl\message] creation task start
09:45:35.442 [main] INFO  k.p.s.c.buildsystem.ProjectBuilder - main project[sample_test]'s message server codec file[PublicKeyReq][D:\gitsinnori\sinnori\project\sample_test\server_build\src\main\java\kr\pe\sinnori\impl\message] creation task end
09:45:35.442 [main] INFO  k.p.s.c.buildsystem.ProjectBuilder - main project[sample_test]'s message client codec file[PublicKeyReq][D:\gitsinnori\sinnori\project\sample_test\server_build\src\main\java\kr\pe\sinnori\impl\message] creation task start
09:45:35.444 [main] INFO  k.p.s.c.buildsystem.ProjectBuilder - main project[sample_test]'s message client codec file[PublicKeyReq][D:\gitsinnori\sinnori\project\sample_test\server_build\src\main\java\kr\pe\sinnori\impl\message] creation task end
09:45:35.444 [main] INFO  k.p.s.common.util.CommonStaticUtil - the new child relative direcotry[D:\gitsinnori\sinnori\project\sample_test\server_build\src\main\java\kr\pe\sinnori\impl\message][PublicKeyRes] was created successfully
09:45:35.444 [main] INFO  k.p.s.c.buildsystem.ProjectBuilder - main project[sample_test]'s message file[PublicKeyRes][D:\gitsinnori\sinnori\project\sample_test\server_build\src\main\java\kr\pe\sinnori\impl\message] creation task start
09:45:35.448 [main] INFO  k.p.s.c.buildsystem.ProjectBuilder - main project[sample_test]'s message file[PublicKeyRes][D:\gitsinnori\sinnori\project\sample_test\server_build\src\main\java\kr\pe\sinnori\impl\message] creation task end
09:45:35.448 [main] INFO  k.p.s.c.buildsystem.ProjectBuilder - main project[sample_test]'s message decoder file[PublicKeyRes][D:\gitsinnori\sinnori\project\sample_test\server_build\src\main\java\kr\pe\sinnori\impl\message] creation task start
09:45:35.451 [main] INFO  k.p.s.c.buildsystem.ProjectBuilder - main project[sample_test]'s message decoder file[PublicKeyRes][D:\gitsinnori\sinnori\project\sample_test\server_build\src\main\java\kr\pe\sinnori\impl\message] creation task end
09:45:35.451 [main] INFO  k.p.s.c.buildsystem.ProjectBuilder - main project[sample_test]'s message encoder file[PublicKeyRes][D:\gitsinnori\sinnori\project\sample_test\server_build\src\main\java\kr\pe\sinnori\impl\message] creation task start
09:45:35.455 [main] INFO  k.p.s.c.buildsystem.ProjectBuilder - main project[sample_test]'s message encoder file[PublicKeyRes][D:\gitsinnori\sinnori\project\sample_test\server_build\src\main\java\kr\pe\sinnori\impl\message] creation task end
09:45:35.455 [main] INFO  k.p.s.c.buildsystem.ProjectBuilder - main project[sample_test]'s message server codec file[PublicKeyRes][D:\gitsinnori\sinnori\project\sample_test\server_build\src\main\java\kr\pe\sinnori\impl\message] creation task start
09:45:35.456 [main] INFO  k.p.s.c.buildsystem.ProjectBuilder - main project[sample_test]'s message server codec file[PublicKeyRes][D:\gitsinnori\sinnori\project\sample_test\server_build\src\main\java\kr\pe\sinnori\impl\message] creation task end
09:45:35.456 [main] INFO  k.p.s.c.buildsystem.ProjectBuilder - main project[sample_test]'s message client codec file[PublicKeyRes][D:\gitsinnori\sinnori\project\sample_test\server_build\src\main\java\kr\pe\sinnori\impl\message] creation task start
09:45:35.458 [main] INFO  k.p.s.c.buildsystem.ProjectBuilder - main project[sample_test]'s message client codec file[PublicKeyRes][D:\gitsinnori\sinnori\project\sample_test\server_build\src\main\java\kr\pe\sinnori\impl\message] creation task end
09:45:35.458 [main] INFO  k.p.s.c.buildsystem.ProjectBuilder - main project[sample_test]'s server message io file set creation task end
09:45:35.458 [main] INFO  k.p.s.c.buildsystem.ProjectBuilder - server build system files creation task end
09:45:35.541 [main] INFO  k.p.s.c.buildsystem.ProjectBuilder - main project[sample_test]'s web client build system files creation task start
09:45:35.541 [main] INFO  k.p.s.c.buildsystem.ProjectBuilder - main project[sample_test]'s web client ant build.xml file creation task start
09:45:35.543 [main] INFO  k.p.s.c.buildsystem.ProjectBuilder - main project[sample_test]'s web client ant build.xml file creation task end
09:45:35.543 [main] INFO  k.p.s.c.buildsystem.ProjectBuilder - main project[sample_test]'s web client ant properties file creation task start
09:45:35.544 [main] INFO  k.p.s.c.util.SequencedPropertiesUtil - the sequenced properties file[D:\gitsinnori\sinnori\project\sample_test\client_build\web_build\webAnt.properties] was created
09:45:35.552 [main] INFO  k.p.s.c.buildsystem.ProjectBuilder - main project[sample_test]'s web client ant properties file creation task end
09:45:35.552 [main] INFO  k.p.s.c.buildsystem.ProjectBuilder - main project[sample_test]'s web client message io file set creation task start
09:45:35.552 [main] INFO  k.p.s.common.util.CommonStaticUtil - the new child relative direcotry[D:\gitsinnori\sinnori\project\sample_test\client_build\web_build\src\main\java\kr\pe\sinnori\impl\message][Echo] was created successfully
09:45:35.552 [main] INFO  k.p.s.c.buildsystem.ProjectBuilder - main project[sample_test]'s message file[Echo][D:\gitsinnori\sinnori\project\sample_test\client_build\web_build\src\main\java\kr\pe\sinnori\impl\message] creation task start
09:45:35.558 [main] INFO  k.p.s.c.buildsystem.ProjectBuilder - main project[sample_test]'s message file[Echo][D:\gitsinnori\sinnori\project\sample_test\client_build\web_build\src\main\java\kr\pe\sinnori\impl\message] creation task end
09:45:35.558 [main] INFO  k.p.s.c.buildsystem.ProjectBuilder - main project[sample_test]'s message decoder file[Echo][D:\gitsinnori\sinnori\project\sample_test\client_build\web_build\src\main\java\kr\pe\sinnori\impl\message] creation task start
09:45:35.564 [main] INFO  k.p.s.c.buildsystem.ProjectBuilder - main project[sample_test]'s message decoder file[Echo][D:\gitsinnori\sinnori\project\sample_test\client_build\web_build\src\main\java\kr\pe\sinnori\impl\message] creation task end
09:45:35.564 [main] INFO  k.p.s.c.buildsystem.ProjectBuilder - main project[sample_test]'s message encoder file[Echo][D:\gitsinnori\sinnori\project\sample_test\client_build\web_build\src\main\java\kr\pe\sinnori\impl\message] creation task start
09:45:35.570 [main] INFO  k.p.s.c.buildsystem.ProjectBuilder - main project[sample_test]'s message encoder file[Echo][D:\gitsinnori\sinnori\project\sample_test\client_build\web_build\src\main\java\kr\pe\sinnori\impl\message] creation task end
09:45:35.570 [main] INFO  k.p.s.c.buildsystem.ProjectBuilder - main project[sample_test]'s message server codec file[Echo][D:\gitsinnori\sinnori\project\sample_test\client_build\web_build\src\main\java\kr\pe\sinnori\impl\message] creation task start
09:45:35.572 [main] INFO  k.p.s.c.buildsystem.ProjectBuilder - main project[sample_test]'s message server codec file[Echo][D:\gitsinnori\sinnori\project\sample_test\client_build\web_build\src\main\java\kr\pe\sinnori\impl\message] creation task end
09:45:35.572 [main] INFO  k.p.s.c.buildsystem.ProjectBuilder - main project[sample_test]'s message client codec file[Echo][D:\gitsinnori\sinnori\project\sample_test\client_build\web_build\src\main\java\kr\pe\sinnori\impl\message] creation task start
09:45:35.575 [main] INFO  k.p.s.c.buildsystem.ProjectBuilder - main project[sample_test]'s message client codec file[Echo][D:\gitsinnori\sinnori\project\sample_test\client_build\web_build\src\main\java\kr\pe\sinnori\impl\message] creation task end
09:45:35.575 [main] INFO  k.p.s.common.util.CommonStaticUtil - the new child relative direcotry[D:\gitsinnori\sinnori\project\sample_test\client_build\web_build\src\main\java\kr\pe\sinnori\impl\message][PublicKeyReq] was created successfully
09:45:35.575 [main] INFO  k.p.s.c.buildsystem.ProjectBuilder - main project[sample_test]'s message file[PublicKeyReq][D:\gitsinnori\sinnori\project\sample_test\client_build\web_build\src\main\java\kr\pe\sinnori\impl\message] creation task start
09:45:35.580 [main] INFO  k.p.s.c.buildsystem.ProjectBuilder - main project[sample_test]'s message file[PublicKeyReq][D:\gitsinnori\sinnori\project\sample_test\client_build\web_build\src\main\java\kr\pe\sinnori\impl\message] creation task end
09:45:35.581 [main] INFO  k.p.s.c.buildsystem.ProjectBuilder - main project[sample_test]'s message decoder file[PublicKeyReq][D:\gitsinnori\sinnori\project\sample_test\client_build\web_build\src\main\java\kr\pe\sinnori\impl\message] creation task start
09:45:35.584 [main] INFO  k.p.s.c.buildsystem.ProjectBuilder - main project[sample_test]'s message decoder file[PublicKeyReq][D:\gitsinnori\sinnori\project\sample_test\client_build\web_build\src\main\java\kr\pe\sinnori\impl\message] creation task end
09:45:35.584 [main] INFO  k.p.s.c.buildsystem.ProjectBuilder - main project[sample_test]'s message encoder file[PublicKeyReq][D:\gitsinnori\sinnori\project\sample_test\client_build\web_build\src\main\java\kr\pe\sinnori\impl\message] creation task start
09:45:35.588 [main] INFO  k.p.s.c.buildsystem.ProjectBuilder - main project[sample_test]'s message encoder file[PublicKeyReq][D:\gitsinnori\sinnori\project\sample_test\client_build\web_build\src\main\java\kr\pe\sinnori\impl\message] creation task end
09:45:35.588 [main] INFO  k.p.s.c.buildsystem.ProjectBuilder - main project[sample_test]'s message server codec file[PublicKeyReq][D:\gitsinnori\sinnori\project\sample_test\client_build\web_build\src\main\java\kr\pe\sinnori\impl\message] creation task start
09:45:35.589 [main] INFO  k.p.s.c.buildsystem.ProjectBuilder - main project[sample_test]'s message server codec file[PublicKeyReq][D:\gitsinnori\sinnori\project\sample_test\client_build\web_build\src\main\java\kr\pe\sinnori\impl\message] creation task end
09:45:35.589 [main] INFO  k.p.s.c.buildsystem.ProjectBuilder - main project[sample_test]'s message client codec file[PublicKeyReq][D:\gitsinnori\sinnori\project\sample_test\client_build\web_build\src\main\java\kr\pe\sinnori\impl\message] creation task start
09:45:35.591 [main] INFO  k.p.s.c.buildsystem.ProjectBuilder - main project[sample_test]'s message client codec file[PublicKeyReq][D:\gitsinnori\sinnori\project\sample_test\client_build\web_build\src\main\java\kr\pe\sinnori\impl\message] creation task end
09:45:35.591 [main] INFO  k.p.s.common.util.CommonStaticUtil - the new child relative direcotry[D:\gitsinnori\sinnori\project\sample_test\client_build\web_build\src\main\java\kr\pe\sinnori\impl\message][PublicKeyRes] was created successfully
09:45:35.667 [main] INFO  k.p.s.c.buildsystem.ProjectBuilder - main project[sample_test]'s message file[PublicKeyRes][D:\gitsinnori\sinnori\project\sample_test\client_build\web_build\src\main\java\kr\pe\sinnori\impl\message] creation task start
09:45:35.672 [main] INFO  k.p.s.c.buildsystem.ProjectBuilder - main project[sample_test]'s message file[PublicKeyRes][D:\gitsinnori\sinnori\project\sample_test\client_build\web_build\src\main\java\kr\pe\sinnori\impl\message] creation task end
09:45:35.673 [main] INFO  k.p.s.c.buildsystem.ProjectBuilder - main project[sample_test]'s message decoder file[PublicKeyRes][D:\gitsinnori\sinnori\project\sample_test\client_build\web_build\src\main\java\kr\pe\sinnori\impl\message] creation task start
09:45:35.682 [main] INFO  k.p.s.c.buildsystem.ProjectBuilder - main project[sample_test]'s message decoder file[PublicKeyRes][D:\gitsinnori\sinnori\project\sample_test\client_build\web_build\src\main\java\kr\pe\sinnori\impl\message] creation task end
09:45:35.682 [main] INFO  k.p.s.c.buildsystem.ProjectBuilder - main project[sample_test]'s message encoder file[PublicKeyRes][D:\gitsinnori\sinnori\project\sample_test\client_build\web_build\src\main\java\kr\pe\sinnori\impl\message] creation task start
09:45:35.691 [main] INFO  k.p.s.c.buildsystem.ProjectBuilder - main project[sample_test]'s message encoder file[PublicKeyRes][D:\gitsinnori\sinnori\project\sample_test\client_build\web_build\src\main\java\kr\pe\sinnori\impl\message] creation task end
09:45:35.691 [main] INFO  k.p.s.c.buildsystem.ProjectBuilder - main project[sample_test]'s message server codec file[PublicKeyRes][D:\gitsinnori\sinnori\project\sample_test\client_build\web_build\src\main\java\kr\pe\sinnori\impl\message] creation task start
09:45:35.694 [main] INFO  k.p.s.c.buildsystem.ProjectBuilder - main project[sample_test]'s message server codec file[PublicKeyRes][D:\gitsinnori\sinnori\project\sample_test\client_build\web_build\src\main\java\kr\pe\sinnori\impl\message] creation task end
09:45:35.695 [main] INFO  k.p.s.c.buildsystem.ProjectBuilder - main project[sample_test]'s message client codec file[PublicKeyRes][D:\gitsinnori\sinnori\project\sample_test\client_build\web_build\src\main\java\kr\pe\sinnori\impl\message] creation task start
09:45:35.699 [main] INFO  k.p.s.c.buildsystem.ProjectBuilder - main project[sample_test]'s message client codec file[PublicKeyRes][D:\gitsinnori\sinnori\project\sample_test\client_build\web_build\src\main\java\kr\pe\sinnori\impl\message] creation task end
09:45:35.699 [main] INFO  k.p.s.c.buildsystem.ProjectBuilder - main project[sample_test]'s web client message io file set creation task end
09:45:35.699 [main] INFO  k.p.s.c.buildsystem.ProjectBuilder - mainproject[sample_test]'s web client sample source files copy task start
09:45:35.758 [main] INFO  k.p.s.c.buildsystem.ProjectBuilder - mainproject[sample_test]'s web client sample source files copy task end
09:45:35.758 [main] INFO  k.p.s.c.buildsystem.ProjectBuilder - main project[sample_test]'s web client build system files creation task end
09:45:35.758 [main] INFO  k.p.s.c.buildsystem.ProjectBuilder - main project[sample_test]'s web root sample files creation task start
09:45:35.758 [main] INFO  k.p.s.c.buildsystem.ProjectBuilder - main project[sample_test]'s web root sample files copy task start
09:45:35.764 [main] INFO  k.p.s.c.buildsystem.ProjectBuilder - main project[sample_test]'s web root sample files copy task end
09:45:35.764 [main] INFO  k.p.s.c.buildsystem.ProjectBuilder - main project[sample_test]'s web root sample files creation task end
09:45:35.764 [main] INFO  k.p.s.c.buildsystem.ProjectBuilder - main project[sample_test]'s file creation task end
09:45:35.765 [main] INFO  k.p.s.c.config.SinnoriConfiguration - item key[sessionkey.rsa.publickey.file.value]'s value is null because its status is inactive
09:45:35.765 [main] INFO  k.p.s.c.config.SinnoriConfiguration - item key[sessionkey.rsa.privatekey.file.value]'s value is null because its status is inactive
09:45:35.765 [main] INFO  k.p.s.c.buildsystem.ProjectBuilder - main project[sample_test] changeProjectState method start
09:45:35.765 [main] INFO  k.p.s.c.buildsystem.ProjectBuilder - mainproject[sample_test]'s server build path deletion task start
09:45:35.776 [main] INFO  k.p.s.c.buildsystem.ProjectBuilder - mainproject[sample_test]'s server build path deletion task end
09:45:35.776 [main] INFO  k.p.s.c.buildsystem.ProjectBuilder - the app client ant build.xml file[D:\gitsinnori\sinnori\project\sample_test\client_build\app_build\build.xml] is bad :: whetherExist[false] isFile[false]
09:45:35.776 [main] WARN  k.p.s.c.buildsystem.ProjectBuilder - the app client buid.xml file[D:\gitsinnori\sinnori\project\sample_test\client_build\app_build\build.xml] is bad beacse it doesn't exist or is not a file, so skip deletion of app client build system
09:45:35.776 [main] INFO  k.p.s.c.buildsystem.ProjectBuilder - main project[sample_test]'s web client ant properties file modification task start
09:45:35.780 [main] INFO  k.p.s.c.buildsystem.ProjectBuilder - main project[sample_test]'s web client ant properties file modification task end
09:45:35.780 [main] WARN  k.p.s.c.buildsystem.ProjectBuilder - the web client build path[D:\gitsinnori\sinnori\project\sample_test\client_build\web_build] exists, so only the web client's ant properties including servlet system library path  was updated for new servletSystemLibraryPathString[D:\apache-tomcat-8.5.15\lib]
09:45:35.780 [main] WARN  k.p.s.c.buildsystem.ProjectBuilder - the web root path[D:\gitsinnori\sinnori\project\sample_test\web_app_base\ROOT] exists, so skip creation of web root
09:45:35.780 [main] INFO  k.p.s.c.buildsystem.ProjectBuilder - main project[sample_test]'s config file overwrite task start
09:45:35.784 [main] INFO  k.p.s.c.buildsystem.ProjectBuilder - main project[sample_test]'s config file overwrite task end
09:45:35.784 [main] INFO  k.p.s.c.buildsystem.ProjectBuilder - main project[sample_test] changeProjectState method end
09:45:35.784 [main] INFO  k.p.s.c.buildsystem.ProjectBuilder - the server ant build.xml file[D:\gitsinnori\sinnori\project\sample_test\server_build\build.xml] is bad :: whetherExist[false] isFile[false]
09:45:35.784 [main] INFO  k.p.s.c.buildsystem.ProjectBuilder - the app client ant build.xml file[D:\gitsinnori\sinnori\project\sample_test\client_build\app_build\build.xml] is bad :: whetherExist[false] isFile[false]
09:45:35.784 [main] INFO  k.p.s.c.buildsystem.ProjectBuilder - main project[sample_test] changeProjectState method start
09:45:35.784 [main] INFO  k.p.s.c.buildsystem.ProjectBuilder - the server ant build.xml file[D:\gitsinnori\sinnori\project\sample_test\server_build\build.xml] is bad :: whetherExist[false] isFile[false]
09:45:35.785 [main] WARN  k.p.s.c.buildsystem.ProjectBuilder - the server buid.xml file[D:\gitsinnori\sinnori\project\sample_test\server_build\build.xml] is bad beacse it doesn't exist or is not a file, so skip deletion of server build system
09:45:35.803 [main] INFO  k.p.s.c.buildsystem.ProjectBuilder - main project[sample_test]'s application build child direcotry creation task start
09:45:35.804 [main] INFO  k.p.s.common.util.CommonStaticUtil - the new child relative direcotry[D:\gitsinnori\sinnori\project\sample_test][client_build/app_build/corelib/ex] was created successfully
09:45:35.804 [main] INFO  k.p.s.common.util.CommonStaticUtil - the new child relative direcotry[D:\gitsinnori\sinnori\project\sample_test][client_build/app_build/corelib/in] was created successfully
09:45:35.806 [main] INFO  k.p.s.common.util.CommonStaticUtil - the new child relative direcotry[D:\gitsinnori\sinnori\project\sample_test][client_build/app_build/lib/main/ex] was created successfully
09:45:35.806 [main] INFO  k.p.s.common.util.CommonStaticUtil - the new child relative direcotry[D:\gitsinnori\sinnori\project\sample_test][client_build/app_build/lib/main/in] was created successfully
09:45:35.806 [main] INFO  k.p.s.common.util.CommonStaticUtil - the new child relative direcotry[D:\gitsinnori\sinnori\project\sample_test][client_build/app_build/lib/test] was created successfully
09:45:35.809 [main] INFO  k.p.s.common.util.CommonStaticUtil - the new child relative direcotry[D:\gitsinnori\sinnori\project\sample_test][client_build/app_build/src/main/java/kr/pe/sinnori/impl/message] was created successfully
09:45:35.809 [main] INFO  k.p.s.common.util.CommonStaticUtil - the new child relative direcotry[D:\gitsinnori\sinnori\project\sample_test][client_build/app_build/src/main/java/main] was created successfully
09:45:35.810 [main] INFO  k.p.s.common.util.CommonStaticUtil - the new child relative direcotry[D:\gitsinnori\sinnori\project\sample_test][client_build/app_build/src/test/java] was created successfully
09:45:35.810 [main] INFO  k.p.s.common.util.CommonStaticUtil - the new child relative direcotry[D:\gitsinnori\sinnori\project\sample_test][client_build/app_build/build] was created successfully
09:45:35.810 [main] INFO  k.p.s.common.util.CommonStaticUtil - the new child relative direcotry[D:\gitsinnori\sinnori\project\sample_test][client_build/app_build/dist] was created successfully
09:45:35.810 [main] INFO  k.p.s.c.buildsystem.ProjectBuilder - main project[sample_test]'s application build child direcotry creation task end
09:45:35.810 [main] INFO  k.p.s.c.buildsystem.ProjectBuilder - mainproject[sample_test]'s application client build system files creation task start
09:45:35.810 [main] INFO  k.p.s.c.buildsystem.ProjectBuilder - main project[sample_test]'s application client ant build.xml file creation task start
09:45:35.812 [main] INFO  k.p.s.c.buildsystem.ProjectBuilder - main project[sample_test]'s application client ant build.xml file creation task end
09:45:35.812 [main] INFO  k.p.s.c.buildsystem.ProjectBuilder - main project[sample_test]'s application client dos shell file creation task start
09:45:35.816 [main] INFO  k.p.s.c.buildsystem.ProjectBuilder - main project[sample_test]'s application client dos shell file creation task end
09:45:35.816 [main] INFO  k.p.s.c.buildsystem.ProjectBuilder - main project[sample_test]'s application client unix shell file creation task start
09:45:35.817 [main] INFO  k.p.s.c.buildsystem.ProjectBuilder - main project[sample_test]'s application client unix shell file creation task end
09:45:35.817 [main] INFO  k.p.s.c.buildsystem.ProjectBuilder - application client sample source files copy task start
09:45:35.827 [main] INFO  k.p.s.c.buildsystem.ProjectBuilder - application client sample source files copy task end
09:45:35.827 [main] INFO  k.p.s.c.buildsystem.ProjectBuilder - main project[sample_test]'s application client message io file set creation task start
09:45:35.827 [main] INFO  k.p.s.common.util.CommonStaticUtil - the new child relative direcotry[D:\gitsinnori\sinnori\project\sample_test\client_build\app_build\src\main\java\kr\pe\sinnori\impl\message][Echo] was created successfully
09:45:35.827 [main] INFO  k.p.s.c.buildsystem.ProjectBuilder - main project[sample_test]'s message file[Echo][D:\gitsinnori\sinnori\project\sample_test\client_build\app_build\src\main\java\kr\pe\sinnori\impl\message] creation task start
09:45:35.836 [main] INFO  k.p.s.c.buildsystem.ProjectBuilder - main project[sample_test]'s message file[Echo][D:\gitsinnori\sinnori\project\sample_test\client_build\app_build\src\main\java\kr\pe\sinnori\impl\message] creation task end
09:45:35.836 [main] INFO  k.p.s.c.buildsystem.ProjectBuilder - main project[sample_test]'s message decoder file[Echo][D:\gitsinnori\sinnori\project\sample_test\client_build\app_build\src\main\java\kr\pe\sinnori\impl\message] creation task start
09:45:35.840 [main] INFO  k.p.s.c.buildsystem.ProjectBuilder - main project[sample_test]'s message decoder file[Echo][D:\gitsinnori\sinnori\project\sample_test\client_build\app_build\src\main\java\kr\pe\sinnori\impl\message] creation task end
09:45:35.841 [main] INFO  k.p.s.c.buildsystem.ProjectBuilder - main project[sample_test]'s message encoder file[Echo][D:\gitsinnori\sinnori\project\sample_test\client_build\app_build\src\main\java\kr\pe\sinnori\impl\message] creation task start
09:45:35.844 [main] INFO  k.p.s.c.buildsystem.ProjectBuilder - main project[sample_test]'s message encoder file[Echo][D:\gitsinnori\sinnori\project\sample_test\client_build\app_build\src\main\java\kr\pe\sinnori\impl\message] creation task end
09:45:35.844 [main] INFO  k.p.s.c.buildsystem.ProjectBuilder - main project[sample_test]'s message server codec file[Echo][D:\gitsinnori\sinnori\project\sample_test\client_build\app_build\src\main\java\kr\pe\sinnori\impl\message] creation task start
09:45:35.845 [main] INFO  k.p.s.c.buildsystem.ProjectBuilder - main project[sample_test]'s message server codec file[Echo][D:\gitsinnori\sinnori\project\sample_test\client_build\app_build\src\main\java\kr\pe\sinnori\impl\message] creation task end
09:45:35.845 [main] INFO  k.p.s.c.buildsystem.ProjectBuilder - main project[sample_test]'s message client codec file[Echo][D:\gitsinnori\sinnori\project\sample_test\client_build\app_build\src\main\java\kr\pe\sinnori\impl\message] creation task start
09:45:35.846 [main] INFO  k.p.s.c.buildsystem.ProjectBuilder - main project[sample_test]'s message client codec file[Echo][D:\gitsinnori\sinnori\project\sample_test\client_build\app_build\src\main\java\kr\pe\sinnori\impl\message] creation task end
09:45:35.847 [main] INFO  k.p.s.common.util.CommonStaticUtil - the new child relative direcotry[D:\gitsinnori\sinnori\project\sample_test\client_build\app_build\src\main\java\kr\pe\sinnori\impl\message][PublicKeyReq] was created successfully
09:45:35.847 [main] INFO  k.p.s.c.buildsystem.ProjectBuilder - main project[sample_test]'s message file[PublicKeyReq][D:\gitsinnori\sinnori\project\sample_test\client_build\app_build\src\main\java\kr\pe\sinnori\impl\message] creation task start
09:45:35.850 [main] INFO  k.p.s.c.buildsystem.ProjectBuilder - main project[sample_test]'s message file[PublicKeyReq][D:\gitsinnori\sinnori\project\sample_test\client_build\app_build\src\main\java\kr\pe\sinnori\impl\message] creation task end
09:45:35.915 [main] INFO  k.p.s.c.buildsystem.ProjectBuilder - main project[sample_test]'s message decoder file[PublicKeyReq][D:\gitsinnori\sinnori\project\sample_test\client_build\app_build\src\main\java\kr\pe\sinnori\impl\message] creation task start
09:45:35.925 [main] INFO  k.p.s.c.buildsystem.ProjectBuilder - main project[sample_test]'s message decoder file[PublicKeyReq][D:\gitsinnori\sinnori\project\sample_test\client_build\app_build\src\main\java\kr\pe\sinnori\impl\message] creation task end
09:45:35.925 [main] INFO  k.p.s.c.buildsystem.ProjectBuilder - main project[sample_test]'s message encoder file[PublicKeyReq][D:\gitsinnori\sinnori\project\sample_test\client_build\app_build\src\main\java\kr\pe\sinnori\impl\message] creation task start
09:45:35.934 [main] INFO  k.p.s.c.buildsystem.ProjectBuilder - main project[sample_test]'s message encoder file[PublicKeyReq][D:\gitsinnori\sinnori\project\sample_test\client_build\app_build\src\main\java\kr\pe\sinnori\impl\message] creation task end
09:45:35.934 [main] INFO  k.p.s.c.buildsystem.ProjectBuilder - main project[sample_test]'s message server codec file[PublicKeyReq][D:\gitsinnori\sinnori\project\sample_test\client_build\app_build\src\main\java\kr\pe\sinnori\impl\message] creation task start
09:45:35.939 [main] INFO  k.p.s.c.buildsystem.ProjectBuilder - main project[sample_test]'s message server codec file[PublicKeyReq][D:\gitsinnori\sinnori\project\sample_test\client_build\app_build\src\main\java\kr\pe\sinnori\impl\message] creation task end
09:45:35.939 [main] INFO  k.p.s.c.buildsystem.ProjectBuilder - main project[sample_test]'s message client codec file[PublicKeyReq][D:\gitsinnori\sinnori\project\sample_test\client_build\app_build\src\main\java\kr\pe\sinnori\impl\message] creation task start
09:45:35.942 [main] INFO  k.p.s.c.buildsystem.ProjectBuilder - main project[sample_test]'s message client codec file[PublicKeyReq][D:\gitsinnori\sinnori\project\sample_test\client_build\app_build\src\main\java\kr\pe\sinnori\impl\message] creation task end
09:45:35.942 [main] INFO  k.p.s.common.util.CommonStaticUtil - the new child relative direcotry[D:\gitsinnori\sinnori\project\sample_test\client_build\app_build\src\main\java\kr\pe\sinnori\impl\message][PublicKeyRes] was created successfully
09:45:35.942 [main] INFO  k.p.s.c.buildsystem.ProjectBuilder - main project[sample_test]'s message file[PublicKeyRes][D:\gitsinnori\sinnori\project\sample_test\client_build\app_build\src\main\java\kr\pe\sinnori\impl\message] creation task start
09:45:35.947 [main] INFO  k.p.s.c.buildsystem.ProjectBuilder - main project[sample_test]'s message file[PublicKeyRes][D:\gitsinnori\sinnori\project\sample_test\client_build\app_build\src\main\java\kr\pe\sinnori\impl\message] creation task end
09:45:35.947 [main] INFO  k.p.s.c.buildsystem.ProjectBuilder - main project[sample_test]'s message decoder file[PublicKeyRes][D:\gitsinnori\sinnori\project\sample_test\client_build\app_build\src\main\java\kr\pe\sinnori\impl\message] creation task start
09:45:35.953 [main] INFO  k.p.s.c.buildsystem.ProjectBuilder - main project[sample_test]'s message decoder file[PublicKeyRes][D:\gitsinnori\sinnori\project\sample_test\client_build\app_build\src\main\java\kr\pe\sinnori\impl\message] creation task end
09:45:35.953 [main] INFO  k.p.s.c.buildsystem.ProjectBuilder - main project[sample_test]'s message encoder file[PublicKeyRes][D:\gitsinnori\sinnori\project\sample_test\client_build\app_build\src\main\java\kr\pe\sinnori\impl\message] creation task start
09:45:35.958 [main] INFO  k.p.s.c.buildsystem.ProjectBuilder - main project[sample_test]'s message encoder file[PublicKeyRes][D:\gitsinnori\sinnori\project\sample_test\client_build\app_build\src\main\java\kr\pe\sinnori\impl\message] creation task end
09:45:35.958 [main] INFO  k.p.s.c.buildsystem.ProjectBuilder - main project[sample_test]'s message server codec file[PublicKeyRes][D:\gitsinnori\sinnori\project\sample_test\client_build\app_build\src\main\java\kr\pe\sinnori\impl\message] creation task start
09:45:35.960 [main] INFO  k.p.s.c.buildsystem.ProjectBuilder - main project[sample_test]'s message server codec file[PublicKeyRes][D:\gitsinnori\sinnori\project\sample_test\client_build\app_build\src\main\java\kr\pe\sinnori\impl\message] creation task end
09:45:35.960 [main] INFO  k.p.s.c.buildsystem.ProjectBuilder - main project[sample_test]'s message client codec file[PublicKeyRes][D:\gitsinnori\sinnori\project\sample_test\client_build\app_build\src\main\java\kr\pe\sinnori\impl\message] creation task start
09:45:35.962 [main] INFO  k.p.s.c.buildsystem.ProjectBuilder - main project[sample_test]'s message client codec file[PublicKeyRes][D:\gitsinnori\sinnori\project\sample_test\client_build\app_build\src\main\java\kr\pe\sinnori\impl\message] creation task end
09:45:35.962 [main] INFO  k.p.s.c.buildsystem.ProjectBuilder - main project[sample_test]'s application client message io file set creation task end
09:45:35.962 [main] INFO  k.p.s.c.buildsystem.ProjectBuilder - mainproject[sample_test]'s application client build system files creation task end
09:45:35.962 [main] INFO  k.p.s.c.buildsystem.ProjectBuilder - main project[sample_test]'s web client build path deletion task start
09:45:35.980 [main] INFO  k.p.s.c.buildsystem.ProjectBuilder - main project[sample_test]'s web client build path deletion task end
09:45:35.981 [main] INFO  k.p.s.c.buildsystem.ProjectBuilder - main project[sample_test]'s web root path deletion task start
09:45:35.982 [main] INFO  k.p.s.c.buildsystem.ProjectBuilder - main project[sample_test]'s web root path deletion task end
09:45:35.982 [main] INFO  k.p.s.c.buildsystem.ProjectBuilder - main project[sample_test]'s config file overwrite task start
09:45:35.987 [main] INFO  k.p.s.c.buildsystem.ProjectBuilder - main project[sample_test]'s config file overwrite task end
09:45:35.987 [main] INFO  k.p.s.c.buildsystem.ProjectBuilder - main project[sample_test] changeProjectState method end
09:45:35.987 [main] INFO  k.p.s.c.buildsystem.ProjectBuilder - the server ant build.xml file[D:\gitsinnori\sinnori\project\sample_test\server_build\build.xml] is bad :: whetherExist[false] isFile[false]
09:45:35.987 [main] INFO  k.p.s.c.buildsystem.ProjectBuilder - the web client ant build.xml file[D:\gitsinnori\sinnori\project\sample_test\client_build\web_build\build.xml] is bad :: whetherExist[false] isFile[false]
09:45:35.987 [main] INFO  k.p.s.c.buildsystem.ProjectBuilder - the web.xml file[D:\gitsinnori\sinnori\project\sample_test\web_app_base\ROOT\WEB-INF\web.xml] located at web root directory is bad :: whetherExist[false] isFile[false]
09:45:35.987 [main] INFO  k.p.s.c.buildsystem.ProjectBuilder - main project[sample_test] changeProjectState method start
09:45:35.987 [main] INFO  k.p.s.c.buildsystem.ProjectBuilder - the server ant build.xml file[D:\gitsinnori\sinnori\project\sample_test\server_build\build.xml] is bad :: whetherExist[false] isFile[false]
09:45:35.987 [main] WARN  k.p.s.c.buildsystem.ProjectBuilder - the server buid.xml file[D:\gitsinnori\sinnori\project\sample_test\server_build\build.xml] is bad beacse it doesn't exist or is not a file, so skip deletion of server build system
09:45:35.987 [main] WARN  k.p.s.c.buildsystem.ProjectBuilder - the app client build path[D:\gitsinnori\sinnori\project\sample_test\client_build\app_build] exist, so skip creation of app client build system
09:45:35.987 [main] INFO  k.p.s.c.buildsystem.ProjectBuilder - main project[sample_test]'s web build child direcotry creation task start
09:45:35.988 [main] INFO  k.p.s.common.util.CommonStaticUtil - the new child relative direcotry[D:\gitsinnori\sinnori\project\sample_test][client_build/web_build/corelib/ex] was created successfully
09:45:36.058 [main] INFO  k.p.s.common.util.CommonStaticUtil - the new child relative direcotry[D:\gitsinnori\sinnori\project\sample_test][client_build/web_build/corelib/in] was created successfully
09:45:36.062 [main] INFO  k.p.s.common.util.CommonStaticUtil - the new child relative direcotry[D:\gitsinnori\sinnori\project\sample_test][client_build/web_build/lib/main/ex] was created successfully
09:45:36.062 [main] INFO  k.p.s.common.util.CommonStaticUtil - the new child relative direcotry[D:\gitsinnori\sinnori\project\sample_test][client_build/web_build/lib/main/in] was created successfully
09:45:36.063 [main] INFO  k.p.s.common.util.CommonStaticUtil - the new child relative direcotry[D:\gitsinnori\sinnori\project\sample_test][client_build/web_build/lib/test] was created successfully
09:45:36.072 [main] INFO  k.p.s.common.util.CommonStaticUtil - the new child relative direcotry[D:\gitsinnori\sinnori\project\sample_test][client_build/web_build/src/main/java/kr/pe/sinnori/impl/message] was created successfully
09:45:36.073 [main] INFO  k.p.s.common.util.CommonStaticUtil - the new child relative direcotry[D:\gitsinnori\sinnori\project\sample_test][client_build/web_build/src/main/java//kr/pe/sinnori/servlet] was created successfully
09:45:36.075 [main] INFO  k.p.s.common.util.CommonStaticUtil - the new child relative direcotry[D:\gitsinnori\sinnori\project\sample_test][client_build/web_build/src/main/java/kr/pe/sinnori/weblib/common] was created successfully
09:45:36.076 [main] INFO  k.p.s.common.util.CommonStaticUtil - the new child relative direcotry[D:\gitsinnori\sinnori\project\sample_test][client_build/web_build/src/main/java/kr/pe/sinnori/weblib/htmlstring] was created successfully
09:45:36.077 [main] INFO  k.p.s.common.util.CommonStaticUtil - the new child relative direcotry[D:\gitsinnori\sinnori\project\sample_test][client_build/web_build/src/main/java/kr/pe/sinnori/weblib/jdf] was created successfully
09:45:36.079 [main] INFO  k.p.s.common.util.CommonStaticUtil - the new child relative direcotry[D:\gitsinnori\sinnori\project\sample_test][client_build/web_build/src/test/java] was created successfully
09:45:36.079 [main] INFO  k.p.s.common.util.CommonStaticUtil - the new child relative direcotry[D:\gitsinnori\sinnori\project\sample_test][client_build/web_build/build] was created successfully
09:45:36.080 [main] INFO  k.p.s.common.util.CommonStaticUtil - the new child relative direcotry[D:\gitsinnori\sinnori\project\sample_test][client_build/web_build/dist] was created successfully
09:45:36.080 [main] INFO  k.p.s.c.buildsystem.ProjectBuilder - main project[sample_test]'s web build child direcotry creation task end
09:45:36.080 [main] INFO  k.p.s.c.buildsystem.ProjectBuilder - main project[sample_test]'s web client build system files creation task start
09:45:36.080 [main] INFO  k.p.s.c.buildsystem.ProjectBuilder - main project[sample_test]'s web client ant build.xml file creation task start
09:45:36.084 [main] INFO  k.p.s.c.buildsystem.ProjectBuilder - main project[sample_test]'s web client ant build.xml file creation task end
09:45:36.084 [main] INFO  k.p.s.c.buildsystem.ProjectBuilder - main project[sample_test]'s web client ant properties file creation task start
09:45:36.085 [main] INFO  k.p.s.c.util.SequencedPropertiesUtil - the sequenced properties file[D:\gitsinnori\sinnori\project\sample_test\client_build\web_build\webAnt.properties] was created
09:45:36.093 [main] INFO  k.p.s.c.buildsystem.ProjectBuilder - main project[sample_test]'s web client ant properties file creation task end
09:45:36.094 [main] INFO  k.p.s.c.buildsystem.ProjectBuilder - main project[sample_test]'s web client message io file set creation task start
09:45:36.094 [main] INFO  k.p.s.common.util.CommonStaticUtil - the new child relative direcotry[D:\gitsinnori\sinnori\project\sample_test\client_build\web_build\src\main\java\kr\pe\sinnori\impl\message][Echo] was created successfully
09:45:36.094 [main] INFO  k.p.s.c.buildsystem.ProjectBuilder - main project[sample_test]'s message file[Echo][D:\gitsinnori\sinnori\project\sample_test\client_build\web_build\src\main\java\kr\pe\sinnori\impl\message] creation task start
09:45:36.098 [main] INFO  k.p.s.c.buildsystem.ProjectBuilder - main project[sample_test]'s message file[Echo][D:\gitsinnori\sinnori\project\sample_test\client_build\web_build\src\main\java\kr\pe\sinnori\impl\message] creation task end
09:45:36.099 [main] INFO  k.p.s.c.buildsystem.ProjectBuilder - main project[sample_test]'s message decoder file[Echo][D:\gitsinnori\sinnori\project\sample_test\client_build\web_build\src\main\java\kr\pe\sinnori\impl\message] creation task start
09:45:36.103 [main] INFO  k.p.s.c.buildsystem.ProjectBuilder - main project[sample_test]'s message decoder file[Echo][D:\gitsinnori\sinnori\project\sample_test\client_build\web_build\src\main\java\kr\pe\sinnori\impl\message] creation task end
09:45:36.103 [main] INFO  k.p.s.c.buildsystem.ProjectBuilder - main project[sample_test]'s message encoder file[Echo][D:\gitsinnori\sinnori\project\sample_test\client_build\web_build\src\main\java\kr\pe\sinnori\impl\message] creation task start
09:45:36.108 [main] INFO  k.p.s.c.buildsystem.ProjectBuilder - main project[sample_test]'s message encoder file[Echo][D:\gitsinnori\sinnori\project\sample_test\client_build\web_build\src\main\java\kr\pe\sinnori\impl\message] creation task end
09:45:36.108 [main] INFO  k.p.s.c.buildsystem.ProjectBuilder - main project[sample_test]'s message server codec file[Echo][D:\gitsinnori\sinnori\project\sample_test\client_build\web_build\src\main\java\kr\pe\sinnori\impl\message] creation task start
09:45:36.110 [main] INFO  k.p.s.c.buildsystem.ProjectBuilder - main project[sample_test]'s message server codec file[Echo][D:\gitsinnori\sinnori\project\sample_test\client_build\web_build\src\main\java\kr\pe\sinnori\impl\message] creation task end
09:45:36.110 [main] INFO  k.p.s.c.buildsystem.ProjectBuilder - main project[sample_test]'s message client codec file[Echo][D:\gitsinnori\sinnori\project\sample_test\client_build\web_build\src\main\java\kr\pe\sinnori\impl\message] creation task start
09:45:36.112 [main] INFO  k.p.s.c.buildsystem.ProjectBuilder - main project[sample_test]'s message client codec file[Echo][D:\gitsinnori\sinnori\project\sample_test\client_build\web_build\src\main\java\kr\pe\sinnori\impl\message] creation task end
09:45:36.112 [main] INFO  k.p.s.common.util.CommonStaticUtil - the new child relative direcotry[D:\gitsinnori\sinnori\project\sample_test\client_build\web_build\src\main\java\kr\pe\sinnori\impl\message][PublicKeyReq] was created successfully
09:45:36.112 [main] INFO  k.p.s.c.buildsystem.ProjectBuilder - main project[sample_test]'s message file[PublicKeyReq][D:\gitsinnori\sinnori\project\sample_test\client_build\web_build\src\main\java\kr\pe\sinnori\impl\message] creation task start
09:45:36.116 [main] INFO  k.p.s.c.buildsystem.ProjectBuilder - main project[sample_test]'s message file[PublicKeyReq][D:\gitsinnori\sinnori\project\sample_test\client_build\web_build\src\main\java\kr\pe\sinnori\impl\message] creation task end
09:45:36.116 [main] INFO  k.p.s.c.buildsystem.ProjectBuilder - main project[sample_test]'s message decoder file[PublicKeyReq][D:\gitsinnori\sinnori\project\sample_test\client_build\web_build\src\main\java\kr\pe\sinnori\impl\message] creation task start
09:45:36.121 [main] INFO  k.p.s.c.buildsystem.ProjectBuilder - main project[sample_test]'s message decoder file[PublicKeyReq][D:\gitsinnori\sinnori\project\sample_test\client_build\web_build\src\main\java\kr\pe\sinnori\impl\message] creation task end
09:45:36.121 [main] INFO  k.p.s.c.buildsystem.ProjectBuilder - main project[sample_test]'s message encoder file[PublicKeyReq][D:\gitsinnori\sinnori\project\sample_test\client_build\web_build\src\main\java\kr\pe\sinnori\impl\message] creation task start
09:45:36.125 [main] INFO  k.p.s.c.buildsystem.ProjectBuilder - main project[sample_test]'s message encoder file[PublicKeyReq][D:\gitsinnori\sinnori\project\sample_test\client_build\web_build\src\main\java\kr\pe\sinnori\impl\message] creation task end
09:45:36.125 [main] INFO  k.p.s.c.buildsystem.ProjectBuilder - main project[sample_test]'s message server codec file[PublicKeyReq][D:\gitsinnori\sinnori\project\sample_test\client_build\web_build\src\main\java\kr\pe\sinnori\impl\message] creation task start
09:45:36.202 [main] INFO  k.p.s.c.buildsystem.ProjectBuilder - main project[sample_test]'s message server codec file[PublicKeyReq][D:\gitsinnori\sinnori\project\sample_test\client_build\web_build\src\main\java\kr\pe\sinnori\impl\message] creation task end
09:45:36.202 [main] INFO  k.p.s.c.buildsystem.ProjectBuilder - main project[sample_test]'s message client codec file[PublicKeyReq][D:\gitsinnori\sinnori\project\sample_test\client_build\web_build\src\main\java\kr\pe\sinnori\impl\message] creation task start
09:45:36.207 [main] INFO  k.p.s.c.buildsystem.ProjectBuilder - main project[sample_test]'s message client codec file[PublicKeyReq][D:\gitsinnori\sinnori\project\sample_test\client_build\web_build\src\main\java\kr\pe\sinnori\impl\message] creation task end
09:45:36.208 [main] INFO  k.p.s.common.util.CommonStaticUtil - the new child relative direcotry[D:\gitsinnori\sinnori\project\sample_test\client_build\web_build\src\main\java\kr\pe\sinnori\impl\message][PublicKeyRes] was created successfully
09:45:36.208 [main] INFO  k.p.s.c.buildsystem.ProjectBuilder - main project[sample_test]'s message file[PublicKeyRes][D:\gitsinnori\sinnori\project\sample_test\client_build\web_build\src\main\java\kr\pe\sinnori\impl\message] creation task start
09:45:36.218 [main] INFO  k.p.s.c.buildsystem.ProjectBuilder - main project[sample_test]'s message file[PublicKeyRes][D:\gitsinnori\sinnori\project\sample_test\client_build\web_build\src\main\java\kr\pe\sinnori\impl\message] creation task end
09:45:36.218 [main] INFO  k.p.s.c.buildsystem.ProjectBuilder - main project[sample_test]'s message decoder file[PublicKeyRes][D:\gitsinnori\sinnori\project\sample_test\client_build\web_build\src\main\java\kr\pe\sinnori\impl\message] creation task start
09:45:36.228 [main] INFO  k.p.s.c.buildsystem.ProjectBuilder - main project[sample_test]'s message decoder file[PublicKeyRes][D:\gitsinnori\sinnori\project\sample_test\client_build\web_build\src\main\java\kr\pe\sinnori\impl\message] creation task end
09:45:36.228 [main] INFO  k.p.s.c.buildsystem.ProjectBuilder - main project[sample_test]'s message encoder file[PublicKeyRes][D:\gitsinnori\sinnori\project\sample_test\client_build\web_build\src\main\java\kr\pe\sinnori\impl\message] creation task start
09:45:36.239 [main] INFO  k.p.s.c.buildsystem.ProjectBuilder - main project[sample_test]'s message encoder file[PublicKeyRes][D:\gitsinnori\sinnori\project\sample_test\client_build\web_build\src\main\java\kr\pe\sinnori\impl\message] creation task end
09:45:36.239 [main] INFO  k.p.s.c.buildsystem.ProjectBuilder - main project[sample_test]'s message server codec file[PublicKeyRes][D:\gitsinnori\sinnori\project\sample_test\client_build\web_build\src\main\java\kr\pe\sinnori\impl\message] creation task start
09:45:36.242 [main] INFO  k.p.s.c.buildsystem.ProjectBuilder - main project[sample_test]'s message server codec file[PublicKeyRes][D:\gitsinnori\sinnori\project\sample_test\client_build\web_build\src\main\java\kr\pe\sinnori\impl\message] creation task end
09:45:36.242 [main] INFO  k.p.s.c.buildsystem.ProjectBuilder - main project[sample_test]'s message client codec file[PublicKeyRes][D:\gitsinnori\sinnori\project\sample_test\client_build\web_build\src\main\java\kr\pe\sinnori\impl\message] creation task start
09:45:36.244 [main] INFO  k.p.s.c.buildsystem.ProjectBuilder - main project[sample_test]'s message client codec file[PublicKeyRes][D:\gitsinnori\sinnori\project\sample_test\client_build\web_build\src\main\java\kr\pe\sinnori\impl\message] creation task end
09:45:36.244 [main] INFO  k.p.s.c.buildsystem.ProjectBuilder - main project[sample_test]'s web client message io file set creation task end
09:45:36.244 [main] INFO  k.p.s.c.buildsystem.ProjectBuilder - mainproject[sample_test]'s web client sample source files copy task start
09:45:36.321 [main] INFO  k.p.s.c.buildsystem.ProjectBuilder - mainproject[sample_test]'s web client sample source files copy task end
09:45:36.321 [main] INFO  k.p.s.c.buildsystem.ProjectBuilder - main project[sample_test]'s web client build system files creation task end
09:45:36.321 [main] INFO  k.p.s.c.buildsystem.ProjectBuilder - main project[sample_test]'s web root child direcotry creation task start
09:45:36.321 [main] INFO  k.p.s.common.util.CommonStaticUtil - the child relative direcotry[D:\gitsinnori\sinnori\project\sample_test][web_app_base/upload] exist, so nothing
09:45:36.323 [main] INFO  k.p.s.common.util.CommonStaticUtil - the new child relative direcotry[D:\gitsinnori\sinnori\project\sample_test][web_app_base/ROOT/WEB-INF/classes] was created successfully
09:45:36.323 [main] INFO  k.p.s.common.util.CommonStaticUtil - the new child relative direcotry[D:\gitsinnori\sinnori\project\sample_test][web_app_base/ROOT/WEB-INF/lib] was created successfully
09:45:36.323 [main] INFO  k.p.s.c.buildsystem.ProjectBuilder - main project[sample_test]'s web root child direcotry creation task end
09:45:36.323 [main] INFO  k.p.s.c.buildsystem.ProjectBuilder - main project[sample_test]'s web root sample files creation task start
09:45:36.323 [main] INFO  k.p.s.c.buildsystem.ProjectBuilder - main project[sample_test]'s web root sample files copy task start
09:45:36.331 [main] INFO  k.p.s.c.buildsystem.ProjectBuilder - main project[sample_test]'s web root sample files copy task end
09:45:36.331 [main] INFO  k.p.s.c.buildsystem.ProjectBuilder - main project[sample_test]'s web root sample files creation task end
09:45:36.331 [main] INFO  k.p.s.c.buildsystem.ProjectBuilder - main project[sample_test]'s config file overwrite task start
09:45:36.334 [main] INFO  k.p.s.c.buildsystem.ProjectBuilder - main project[sample_test]'s config file overwrite task end
09:45:36.334 [main] INFO  k.p.s.c.buildsystem.ProjectBuilder - main project[sample_test] changeProjectState method end
09:45:36.334 [main] INFO  k.p.s.c.buildsystem.ProjectBuilder - the server ant build.xml file[D:\gitsinnori\sinnori\project\sample_test\server_build\build.xml] is bad :: whetherExist[false] isFile[false]
09:45:36.335 [main] INFO  k.p.s.c.buildsystem.ProjectBuilder - main project[sample_test] changeProjectState method start
09:45:36.335 [main] INFO  k.p.s.c.buildsystem.ProjectBuilder - main project[sample_test]'s server child direcotry creation task start
09:45:36.335 [main] INFO  k.p.s.common.util.CommonStaticUtil - the new child relative direcotry[D:\gitsinnori\sinnori\project\sample_test][server_build/APP-INF/classes] was created successfully
09:45:36.336 [main] INFO  k.p.s.common.util.CommonStaticUtil - the new child relative direcotry[D:\gitsinnori\sinnori\project\sample_test][server_build/corelib/ex] was created successfully
09:45:36.336 [main] INFO  k.p.s.common.util.CommonStaticUtil - the new child relative direcotry[D:\gitsinnori\sinnori\project\sample_test][server_build/corelib/in] was created successfully
09:45:36.337 [main] INFO  k.p.s.common.util.CommonStaticUtil - the new child relative direcotry[D:\gitsinnori\sinnori\project\sample_test][server_build/lib/main/ex] was created successfully
09:45:36.337 [main] INFO  k.p.s.common.util.CommonStaticUtil - the new child relative direcotry[D:\gitsinnori\sinnori\project\sample_test][server_build/lib/main/in] was created successfully
09:45:36.337 [main] INFO  k.p.s.common.util.CommonStaticUtil - the new child relative direcotry[D:\gitsinnori\sinnori\project\sample_test][server_build/lib/test] was created successfully
09:45:36.339 [main] INFO  k.p.s.common.util.CommonStaticUtil - the new child relative direcotry[D:\gitsinnori\sinnori\project\sample_test][server_build/src/main/java/kr/pe/sinnori/impl/servertask] was created successfully
09:45:36.339 [main] INFO  k.p.s.common.util.CommonStaticUtil - the new child relative direcotry[D:\gitsinnori\sinnori\project\sample_test][server_build/src/main/java/kr/pe/sinnori/impl/message] was created successfully
09:45:36.339 [main] INFO  k.p.s.common.util.CommonStaticUtil - the new child relative direcotry[D:\gitsinnori\sinnori\project\sample_test][server_build/src/main/java/main] was created successfully
09:45:36.347 [main] INFO  k.p.s.common.util.CommonStaticUtil - the new child relative direcotry[D:\gitsinnori\sinnori\project\sample_test][server_build/src/test/java] was created successfully
09:45:36.348 [main] INFO  k.p.s.common.util.CommonStaticUtil - the new child relative direcotry[D:\gitsinnori\sinnori\project\sample_test][server_build/build] was created successfully
09:45:36.348 [main] INFO  k.p.s.common.util.CommonStaticUtil - the new child relative direcotry[D:\gitsinnori\sinnori\project\sample_test][server_build/dist] was created successfully
09:45:36.348 [main] INFO  k.p.s.c.buildsystem.ProjectBuilder - main project[sample_test]'s server child direcotry creation task end
09:45:36.348 [main] INFO  k.p.s.c.buildsystem.ProjectBuilder - server build system files creation task start
09:45:36.348 [main] INFO  k.p.s.c.buildsystem.ProjectBuilder - main project[sample_test]'s server ant build.xml file creation task start
09:45:36.350 [main] INFO  k.p.s.c.buildsystem.ProjectBuilder - main project[sample_test]'s server ant build.xml file creation task end
09:45:36.350 [main] INFO  k.p.s.c.buildsystem.ProjectBuilder - main project[sample_test]'s server dos shell file creation task start
09:45:36.352 [main] INFO  k.p.s.c.buildsystem.ProjectBuilder - main project[sample_test]'s server dos shell file creation task end
09:45:36.352 [main] INFO  k.p.s.c.buildsystem.ProjectBuilder - main project[sample_test]'s server unix shell file creation task start
09:45:36.353 [main] INFO  k.p.s.c.buildsystem.ProjectBuilder - main project[sample_test]'s server unix shell file creation task end
09:45:36.353 [main] INFO  k.p.s.c.buildsystem.ProjectBuilder - server sample source files copy task start
09:45:36.362 [main] INFO  k.p.s.c.buildsystem.ProjectBuilder - server sample source files copy task end
09:45:36.362 [main] INFO  k.p.s.c.buildsystem.ProjectBuilder - main project[sample_test]'s server message io file set creation task start
09:45:36.362 [main] INFO  k.p.s.common.util.CommonStaticUtil - the new child relative direcotry[D:\gitsinnori\sinnori\project\sample_test\server_build\src\main\java\kr\pe\sinnori\impl\message][Echo] was created successfully
09:45:36.362 [main] INFO  k.p.s.c.buildsystem.ProjectBuilder - main project[sample_test]'s message file[Echo][D:\gitsinnori\sinnori\project\sample_test\server_build\src\main\java\kr\pe\sinnori\impl\message] creation task start
09:45:36.364 [main] INFO  k.p.s.c.buildsystem.ProjectBuilder - main project[sample_test]'s message file[Echo][D:\gitsinnori\sinnori\project\sample_test\server_build\src\main\java\kr\pe\sinnori\impl\message] creation task end
09:45:36.365 [main] INFO  k.p.s.c.buildsystem.ProjectBuilder - main project[sample_test]'s message decoder file[Echo][D:\gitsinnori\sinnori\project\sample_test\server_build\src\main\java\kr\pe\sinnori\impl\message] creation task start
09:45:36.367 [main] INFO  k.p.s.c.buildsystem.ProjectBuilder - main project[sample_test]'s message decoder file[Echo][D:\gitsinnori\sinnori\project\sample_test\server_build\src\main\java\kr\pe\sinnori\impl\message] creation task end
09:45:36.368 [main] INFO  k.p.s.c.buildsystem.ProjectBuilder - main project[sample_test]'s message encoder file[Echo][D:\gitsinnori\sinnori\project\sample_test\server_build\src\main\java\kr\pe\sinnori\impl\message] creation task start
09:45:36.370 [main] INFO  k.p.s.c.buildsystem.ProjectBuilder - main project[sample_test]'s message encoder file[Echo][D:\gitsinnori\sinnori\project\sample_test\server_build\src\main\java\kr\pe\sinnori\impl\message] creation task end
09:45:36.370 [main] INFO  k.p.s.c.buildsystem.ProjectBuilder - main project[sample_test]'s message server codec file[Echo][D:\gitsinnori\sinnori\project\sample_test\server_build\src\main\java\kr\pe\sinnori\impl\message] creation task start
09:45:36.372 [main] INFO  k.p.s.c.buildsystem.ProjectBuilder - main project[sample_test]'s message server codec file[Echo][D:\gitsinnori\sinnori\project\sample_test\server_build\src\main\java\kr\pe\sinnori\impl\message] creation task end
09:45:36.372 [main] INFO  k.p.s.c.buildsystem.ProjectBuilder - main project[sample_test]'s message client codec file[Echo][D:\gitsinnori\sinnori\project\sample_test\server_build\src\main\java\kr\pe\sinnori\impl\message] creation task start
09:45:36.373 [main] INFO  k.p.s.c.buildsystem.ProjectBuilder - main project[sample_test]'s message client codec file[Echo][D:\gitsinnori\sinnori\project\sample_test\server_build\src\main\java\kr\pe\sinnori\impl\message] creation task end
09:45:36.373 [main] INFO  k.p.s.common.util.CommonStaticUtil - the new child relative direcotry[D:\gitsinnori\sinnori\project\sample_test\server_build\src\main\java\kr\pe\sinnori\impl\message][PublicKeyReq] was created successfully
09:45:36.373 [main] INFO  k.p.s.c.buildsystem.ProjectBuilder - main project[sample_test]'s message file[PublicKeyReq][D:\gitsinnori\sinnori\project\sample_test\server_build\src\main\java\kr\pe\sinnori\impl\message] creation task start
09:45:36.376 [main] INFO  k.p.s.c.buildsystem.ProjectBuilder - main project[sample_test]'s message file[PublicKeyReq][D:\gitsinnori\sinnori\project\sample_test\server_build\src\main\java\kr\pe\sinnori\impl\message] creation task end
09:45:36.376 [main] INFO  k.p.s.c.buildsystem.ProjectBuilder - main project[sample_test]'s message decoder file[PublicKeyReq][D:\gitsinnori\sinnori\project\sample_test\server_build\src\main\java\kr\pe\sinnori\impl\message] creation task start
09:45:36.379 [main] INFO  k.p.s.c.buildsystem.ProjectBuilder - main project[sample_test]'s message decoder file[PublicKeyReq][D:\gitsinnori\sinnori\project\sample_test\server_build\src\main\java\kr\pe\sinnori\impl\message] creation task end
09:45:36.379 [main] INFO  k.p.s.c.buildsystem.ProjectBuilder - main project[sample_test]'s message encoder file[PublicKeyReq][D:\gitsinnori\sinnori\project\sample_test\server_build\src\main\java\kr\pe\sinnori\impl\message] creation task start
09:45:36.463 [main] INFO  k.p.s.c.buildsystem.ProjectBuilder - main project[sample_test]'s message encoder file[PublicKeyReq][D:\gitsinnori\sinnori\project\sample_test\server_build\src\main\java\kr\pe\sinnori\impl\message] creation task end
09:45:36.463 [main] INFO  k.p.s.c.buildsystem.ProjectBuilder - main project[sample_test]'s message server codec file[PublicKeyReq][D:\gitsinnori\sinnori\project\sample_test\server_build\src\main\java\kr\pe\sinnori\impl\message] creation task start
09:45:36.466 [main] INFO  k.p.s.c.buildsystem.ProjectBuilder - main project[sample_test]'s message server codec file[PublicKeyReq][D:\gitsinnori\sinnori\project\sample_test\server_build\src\main\java\kr\pe\sinnori\impl\message] creation task end
09:45:36.466 [main] INFO  k.p.s.c.buildsystem.ProjectBuilder - main project[sample_test]'s message client codec file[PublicKeyReq][D:\gitsinnori\sinnori\project\sample_test\server_build\src\main\java\kr\pe\sinnori\impl\message] creation task start
09:45:36.469 [main] INFO  k.p.s.c.buildsystem.ProjectBuilder - main project[sample_test]'s message client codec file[PublicKeyReq][D:\gitsinnori\sinnori\project\sample_test\server_build\src\main\java\kr\pe\sinnori\impl\message] creation task end
09:45:36.469 [main] INFO  k.p.s.common.util.CommonStaticUtil - the new child relative direcotry[D:\gitsinnori\sinnori\project\sample_test\server_build\src\main\java\kr\pe\sinnori\impl\message][PublicKeyRes] was created successfully
09:45:36.469 [main] INFO  k.p.s.c.buildsystem.ProjectBuilder - main project[sample_test]'s message file[PublicKeyRes][D:\gitsinnori\sinnori\project\sample_test\server_build\src\main\java\kr\pe\sinnori\impl\message] creation task start
09:45:36.475 [main] INFO  k.p.s.c.buildsystem.ProjectBuilder - main project[sample_test]'s message file[PublicKeyRes][D:\gitsinnori\sinnori\project\sample_test\server_build\src\main\java\kr\pe\sinnori\impl\message] creation task end
09:45:36.475 [main] INFO  k.p.s.c.buildsystem.ProjectBuilder - main project[sample_test]'s message decoder file[PublicKeyRes][D:\gitsinnori\sinnori\project\sample_test\server_build\src\main\java\kr\pe\sinnori\impl\message] creation task start
09:45:36.481 [main] INFO  k.p.s.c.buildsystem.ProjectBuilder - main project[sample_test]'s message decoder file[PublicKeyRes][D:\gitsinnori\sinnori\project\sample_test\server_build\src\main\java\kr\pe\sinnori\impl\message] creation task end
09:45:36.481 [main] INFO  k.p.s.c.buildsystem.ProjectBuilder - main project[sample_test]'s message encoder file[PublicKeyRes][D:\gitsinnori\sinnori\project\sample_test\server_build\src\main\java\kr\pe\sinnori\impl\message] creation task start
09:45:36.485 [main] INFO  k.p.s.c.buildsystem.ProjectBuilder - main project[sample_test]'s message encoder file[PublicKeyRes][D:\gitsinnori\sinnori\project\sample_test\server_build\src\main\java\kr\pe\sinnori\impl\message] creation task end
09:45:36.485 [main] INFO  k.p.s.c.buildsystem.ProjectBuilder - main project[sample_test]'s message server codec file[PublicKeyRes][D:\gitsinnori\sinnori\project\sample_test\server_build\src\main\java\kr\pe\sinnori\impl\message] creation task start
09:45:36.486 [main] INFO  k.p.s.c.buildsystem.ProjectBuilder - main project[sample_test]'s message server codec file[PublicKeyRes][D:\gitsinnori\sinnori\project\sample_test\server_build\src\main\java\kr\pe\sinnori\impl\message] creation task end
09:45:36.486 [main] INFO  k.p.s.c.buildsystem.ProjectBuilder - main project[sample_test]'s message client codec file[PublicKeyRes][D:\gitsinnori\sinnori\project\sample_test\server_build\src\main\java\kr\pe\sinnori\impl\message] creation task start
09:45:36.488 [main] INFO  k.p.s.c.buildsystem.ProjectBuilder - main project[sample_test]'s message client codec file[PublicKeyRes][D:\gitsinnori\sinnori\project\sample_test\server_build\src\main\java\kr\pe\sinnori\impl\message] creation task end
09:45:36.488 [main] INFO  k.p.s.c.buildsystem.ProjectBuilder - main project[sample_test]'s server message io file set creation task end
09:45:36.488 [main] INFO  k.p.s.c.buildsystem.ProjectBuilder - server build system files creation task end
09:45:36.488 [main] INFO  k.p.s.c.buildsystem.ProjectBuilder - mainproject[sample_test]'s application client build path deletion task start
09:45:36.498 [main] INFO  k.p.s.c.buildsystem.ProjectBuilder - mainproject[sample_test]'s application client build path deletion task end
09:45:36.499 [main] INFO  k.p.s.c.buildsystem.ProjectBuilder - main project[sample_test]'s web client build path deletion task start
09:45:36.513 [main] INFO  k.p.s.c.buildsystem.ProjectBuilder - main project[sample_test]'s web client build path deletion task end
09:45:36.513 [main] INFO  k.p.s.c.buildsystem.ProjectBuilder - main project[sample_test]'s web root path deletion task start
09:45:36.515 [main] INFO  k.p.s.c.buildsystem.ProjectBuilder - main project[sample_test]'s web root path deletion task end
09:45:36.515 [main] INFO  k.p.s.c.buildsystem.ProjectBuilder - main project[sample_test]'s config file overwrite task start
09:45:36.519 [main] INFO  k.p.s.c.buildsystem.ProjectBuilder - main project[sample_test]'s config file overwrite task end
09:45:36.519 [main] INFO  k.p.s.c.buildsystem.ProjectBuilder - main project[sample_test] changeProjectState method end
09:45:36.519 [main] INFO  k.p.s.c.buildsystem.ProjectBuilder - the app client ant build.xml file[D:\gitsinnori\sinnori\project\sample_test\client_build\app_build\build.xml] is bad :: whetherExist[false] isFile[false]
09:45:36.519 [main] INFO  k.p.s.c.buildsystem.ProjectBuilder - the web client ant build.xml file[D:\gitsinnori\sinnori\project\sample_test\client_build\web_build\build.xml] is bad :: whetherExist[false] isFile[false]
09:45:36.519 [main] INFO  k.p.s.c.buildsystem.ProjectBuilder - the web.xml file[D:\gitsinnori\sinnori\project\sample_test\web_app_base\ROOT\WEB-INF\web.xml] located at web root directory is bad :: whetherExist[false] isFile[false]
09:45:36.519 [main] INFO  k.p.s.c.buildsystem.ProjectBuilder - main project[sample_test] changeProjectState method start
09:45:36.519 [main] WARN  k.p.s.c.buildsystem.ProjectBuilder - the server build path[D:\gitsinnori\sinnori\project\sample_test\server_build] exist, so skip creation of server build system
09:45:36.519 [main] INFO  k.p.s.c.buildsystem.ProjectBuilder - the app client ant build.xml file[D:\gitsinnori\sinnori\project\sample_test\client_build\app_build\build.xml] is bad :: whetherExist[false] isFile[false]
09:45:36.519 [main] WARN  k.p.s.c.buildsystem.ProjectBuilder - the app client buid.xml file[D:\gitsinnori\sinnori\project\sample_test\client_build\app_build\build.xml] is bad beacse it doesn't exist or is not a file, so skip deletion of app client build system
09:45:36.519 [main] INFO  k.p.s.c.buildsystem.ProjectBuilder - main project[sample_test]'s web build child direcotry creation task start
09:45:36.585 [main] INFO  k.p.s.common.util.CommonStaticUtil - the new child relative direcotry[D:\gitsinnori\sinnori\project\sample_test][client_build/web_build/corelib/ex] was created successfully
09:45:36.586 [main] INFO  k.p.s.common.util.CommonStaticUtil - the new child relative direcotry[D:\gitsinnori\sinnori\project\sample_test][client_build/web_build/corelib/in] was created successfully
09:45:36.588 [main] INFO  k.p.s.common.util.CommonStaticUtil - the new child relative direcotry[D:\gitsinnori\sinnori\project\sample_test][client_build/web_build/lib/main/ex] was created successfully
09:45:36.588 [main] INFO  k.p.s.common.util.CommonStaticUtil - the new child relative direcotry[D:\gitsinnori\sinnori\project\sample_test][client_build/web_build/lib/main/in] was created successfully
09:45:36.589 [main] INFO  k.p.s.common.util.CommonStaticUtil - the new child relative direcotry[D:\gitsinnori\sinnori\project\sample_test][client_build/web_build/lib/test] was created successfully
09:45:36.595 [main] INFO  k.p.s.common.util.CommonStaticUtil - the new child relative direcotry[D:\gitsinnori\sinnori\project\sample_test][client_build/web_build/src/main/java/kr/pe/sinnori/impl/message] was created successfully
09:45:36.596 [main] INFO  k.p.s.common.util.CommonStaticUtil - the new child relative direcotry[D:\gitsinnori\sinnori\project\sample_test][client_build/web_build/src/main/java//kr/pe/sinnori/servlet] was created successfully
09:45:36.598 [main] INFO  k.p.s.common.util.CommonStaticUtil - the new child relative direcotry[D:\gitsinnori\sinnori\project\sample_test][client_build/web_build/src/main/java/kr/pe/sinnori/weblib/common] was created successfully
09:45:36.598 [main] INFO  k.p.s.common.util.CommonStaticUtil - the new child relative direcotry[D:\gitsinnori\sinnori\project\sample_test][client_build/web_build/src/main/java/kr/pe/sinnori/weblib/htmlstring] was created successfully
09:45:36.599 [main] INFO  k.p.s.common.util.CommonStaticUtil - the new child relative direcotry[D:\gitsinnori\sinnori\project\sample_test][client_build/web_build/src/main/java/kr/pe/sinnori/weblib/jdf] was created successfully
09:45:36.600 [main] INFO  k.p.s.common.util.CommonStaticUtil - the new child relative direcotry[D:\gitsinnori\sinnori\project\sample_test][client_build/web_build/src/test/java] was created successfully
09:45:36.600 [main] INFO  k.p.s.common.util.CommonStaticUtil - the new child relative direcotry[D:\gitsinnori\sinnori\project\sample_test][client_build/web_build/build] was created successfully
09:45:36.601 [main] INFO  k.p.s.common.util.CommonStaticUtil - the new child relative direcotry[D:\gitsinnori\sinnori\project\sample_test][client_build/web_build/dist] was created successfully
09:45:36.601 [main] INFO  k.p.s.c.buildsystem.ProjectBuilder - main project[sample_test]'s web build child direcotry creation task end
09:45:36.601 [main] INFO  k.p.s.c.buildsystem.ProjectBuilder - main project[sample_test]'s web client build system files creation task start
09:45:36.601 [main] INFO  k.p.s.c.buildsystem.ProjectBuilder - main project[sample_test]'s web client ant build.xml file creation task start
09:45:36.605 [main] INFO  k.p.s.c.buildsystem.ProjectBuilder - main project[sample_test]'s web client ant build.xml file creation task end
09:45:36.605 [main] INFO  k.p.s.c.buildsystem.ProjectBuilder - main project[sample_test]'s web client ant properties file creation task start
09:45:36.606 [main] INFO  k.p.s.c.util.SequencedPropertiesUtil - the sequenced properties file[D:\gitsinnori\sinnori\project\sample_test\client_build\web_build\webAnt.properties] was created
09:45:36.610 [main] INFO  k.p.s.c.buildsystem.ProjectBuilder - main project[sample_test]'s web client ant properties file creation task end
09:45:36.610 [main] INFO  k.p.s.c.buildsystem.ProjectBuilder - main project[sample_test]'s web client message io file set creation task start
09:45:36.610 [main] INFO  k.p.s.common.util.CommonStaticUtil - the new child relative direcotry[D:\gitsinnori\sinnori\project\sample_test\client_build\web_build\src\main\java\kr\pe\sinnori\impl\message][Echo] was created successfully
09:45:36.610 [main] INFO  k.p.s.c.buildsystem.ProjectBuilder - main project[sample_test]'s message file[Echo][D:\gitsinnori\sinnori\project\sample_test\client_build\web_build\src\main\java\kr\pe\sinnori\impl\message] creation task start
09:45:36.618 [main] INFO  k.p.s.c.buildsystem.ProjectBuilder - main project[sample_test]'s message file[Echo][D:\gitsinnori\sinnori\project\sample_test\client_build\web_build\src\main\java\kr\pe\sinnori\impl\message] creation task end
09:45:36.618 [main] INFO  k.p.s.c.buildsystem.ProjectBuilder - main project[sample_test]'s message decoder file[Echo][D:\gitsinnori\sinnori\project\sample_test\client_build\web_build\src\main\java\kr\pe\sinnori\impl\message] creation task start
09:45:36.625 [main] INFO  k.p.s.c.buildsystem.ProjectBuilder - main project[sample_test]'s message decoder file[Echo][D:\gitsinnori\sinnori\project\sample_test\client_build\web_build\src\main\java\kr\pe\sinnori\impl\message] creation task end
09:45:36.626 [main] INFO  k.p.s.c.buildsystem.ProjectBuilder - main project[sample_test]'s message encoder file[Echo][D:\gitsinnori\sinnori\project\sample_test\client_build\web_build\src\main\java\kr\pe\sinnori\impl\message] creation task start
09:45:36.631 [main] INFO  k.p.s.c.buildsystem.ProjectBuilder - main project[sample_test]'s message encoder file[Echo][D:\gitsinnori\sinnori\project\sample_test\client_build\web_build\src\main\java\kr\pe\sinnori\impl\message] creation task end
09:45:36.632 [main] INFO  k.p.s.c.buildsystem.ProjectBuilder - main project[sample_test]'s message server codec file[Echo][D:\gitsinnori\sinnori\project\sample_test\client_build\web_build\src\main\java\kr\pe\sinnori\impl\message] creation task start
09:45:36.633 [main] INFO  k.p.s.c.buildsystem.ProjectBuilder - main project[sample_test]'s message server codec file[Echo][D:\gitsinnori\sinnori\project\sample_test\client_build\web_build\src\main\java\kr\pe\sinnori\impl\message] creation task end
09:45:36.633 [main] INFO  k.p.s.c.buildsystem.ProjectBuilder - main project[sample_test]'s message client codec file[Echo][D:\gitsinnori\sinnori\project\sample_test\client_build\web_build\src\main\java\kr\pe\sinnori\impl\message] creation task start
09:45:36.634 [main] INFO  k.p.s.c.buildsystem.ProjectBuilder - main project[sample_test]'s message client codec file[Echo][D:\gitsinnori\sinnori\project\sample_test\client_build\web_build\src\main\java\kr\pe\sinnori\impl\message] creation task end
09:45:36.634 [main] INFO  k.p.s.common.util.CommonStaticUtil - the new child relative direcotry[D:\gitsinnori\sinnori\project\sample_test\client_build\web_build\src\main\java\kr\pe\sinnori\impl\message][PublicKeyReq] was created successfully
09:45:36.634 [main] INFO  k.p.s.c.buildsystem.ProjectBuilder - main project[sample_test]'s message file[PublicKeyReq][D:\gitsinnori\sinnori\project\sample_test\client_build\web_build\src\main\java\kr\pe\sinnori\impl\message] creation task start
09:45:36.638 [main] INFO  k.p.s.c.buildsystem.ProjectBuilder - main project[sample_test]'s message file[PublicKeyReq][D:\gitsinnori\sinnori\project\sample_test\client_build\web_build\src\main\java\kr\pe\sinnori\impl\message] creation task end
09:45:36.638 [main] INFO  k.p.s.c.buildsystem.ProjectBuilder - main project[sample_test]'s message decoder file[PublicKeyReq][D:\gitsinnori\sinnori\project\sample_test\client_build\web_build\src\main\java\kr\pe\sinnori\impl\message] creation task start
09:45:36.641 [main] INFO  k.p.s.c.buildsystem.ProjectBuilder - main project[sample_test]'s message decoder file[PublicKeyReq][D:\gitsinnori\sinnori\project\sample_test\client_build\web_build\src\main\java\kr\pe\sinnori\impl\message] creation task end
09:45:36.641 [main] INFO  k.p.s.c.buildsystem.ProjectBuilder - main project[sample_test]'s message encoder file[PublicKeyReq][D:\gitsinnori\sinnori\project\sample_test\client_build\web_build\src\main\java\kr\pe\sinnori\impl\message] creation task start
09:45:36.644 [main] INFO  k.p.s.c.buildsystem.ProjectBuilder - main project[sample_test]'s message encoder file[PublicKeyReq][D:\gitsinnori\sinnori\project\sample_test\client_build\web_build\src\main\java\kr\pe\sinnori\impl\message] creation task end
09:45:36.644 [main] INFO  k.p.s.c.buildsystem.ProjectBuilder - main project[sample_test]'s message server codec file[PublicKeyReq][D:\gitsinnori\sinnori\project\sample_test\client_build\web_build\src\main\java\kr\pe\sinnori\impl\message] creation task start
09:45:36.645 [main] INFO  k.p.s.c.buildsystem.ProjectBuilder - main project[sample_test]'s message server codec file[PublicKeyReq][D:\gitsinnori\sinnori\project\sample_test\client_build\web_build\src\main\java\kr\pe\sinnori\impl\message] creation task end
09:45:36.645 [main] INFO  k.p.s.c.buildsystem.ProjectBuilder - main project[sample_test]'s message client codec file[PublicKeyReq][D:\gitsinnori\sinnori\project\sample_test\client_build\web_build\src\main\java\kr\pe\sinnori\impl\message] creation task start
09:45:36.728 [main] INFO  k.p.s.c.buildsystem.ProjectBuilder - main project[sample_test]'s message client codec file[PublicKeyReq][D:\gitsinnori\sinnori\project\sample_test\client_build\web_build\src\main\java\kr\pe\sinnori\impl\message] creation task end
09:45:36.729 [main] INFO  k.p.s.common.util.CommonStaticUtil - the new child relative direcotry[D:\gitsinnori\sinnori\project\sample_test\client_build\web_build\src\main\java\kr\pe\sinnori\impl\message][PublicKeyRes] was created successfully
09:45:36.729 [main] INFO  k.p.s.c.buildsystem.ProjectBuilder - main project[sample_test]'s message file[PublicKeyRes][D:\gitsinnori\sinnori\project\sample_test\client_build\web_build\src\main\java\kr\pe\sinnori\impl\message] creation task start
09:45:36.736 [main] INFO  k.p.s.c.buildsystem.ProjectBuilder - main project[sample_test]'s message file[PublicKeyRes][D:\gitsinnori\sinnori\project\sample_test\client_build\web_build\src\main\java\kr\pe\sinnori\impl\message] creation task end
09:45:36.736 [main] INFO  k.p.s.c.buildsystem.ProjectBuilder - main project[sample_test]'s message decoder file[PublicKeyRes][D:\gitsinnori\sinnori\project\sample_test\client_build\web_build\src\main\java\kr\pe\sinnori\impl\message] creation task start
09:45:36.743 [main] INFO  k.p.s.c.buildsystem.ProjectBuilder - main project[sample_test]'s message decoder file[PublicKeyRes][D:\gitsinnori\sinnori\project\sample_test\client_build\web_build\src\main\java\kr\pe\sinnori\impl\message] creation task end
09:45:36.743 [main] INFO  k.p.s.c.buildsystem.ProjectBuilder - main project[sample_test]'s message encoder file[PublicKeyRes][D:\gitsinnori\sinnori\project\sample_test\client_build\web_build\src\main\java\kr\pe\sinnori\impl\message] creation task start
09:45:36.749 [main] INFO  k.p.s.c.buildsystem.ProjectBuilder - main project[sample_test]'s message encoder file[PublicKeyRes][D:\gitsinnori\sinnori\project\sample_test\client_build\web_build\src\main\java\kr\pe\sinnori\impl\message] creation task end
09:45:36.749 [main] INFO  k.p.s.c.buildsystem.ProjectBuilder - main project[sample_test]'s message server codec file[PublicKeyRes][D:\gitsinnori\sinnori\project\sample_test\client_build\web_build\src\main\java\kr\pe\sinnori\impl\message] creation task start
09:45:36.752 [main] INFO  k.p.s.c.buildsystem.ProjectBuilder - main project[sample_test]'s message server codec file[PublicKeyRes][D:\gitsinnori\sinnori\project\sample_test\client_build\web_build\src\main\java\kr\pe\sinnori\impl\message] creation task end
09:45:36.752 [main] INFO  k.p.s.c.buildsystem.ProjectBuilder - main project[sample_test]'s message client codec file[PublicKeyRes][D:\gitsinnori\sinnori\project\sample_test\client_build\web_build\src\main\java\kr\pe\sinnori\impl\message] creation task start
09:45:36.754 [main] INFO  k.p.s.c.buildsystem.ProjectBuilder - main project[sample_test]'s message client codec file[PublicKeyRes][D:\gitsinnori\sinnori\project\sample_test\client_build\web_build\src\main\java\kr\pe\sinnori\impl\message] creation task end
09:45:36.754 [main] INFO  k.p.s.c.buildsystem.ProjectBuilder - main project[sample_test]'s web client message io file set creation task end
09:45:36.754 [main] INFO  k.p.s.c.buildsystem.ProjectBuilder - mainproject[sample_test]'s web client sample source files copy task start
09:45:36.817 [main] INFO  k.p.s.c.buildsystem.ProjectBuilder - mainproject[sample_test]'s web client sample source files copy task end
09:45:36.817 [main] INFO  k.p.s.c.buildsystem.ProjectBuilder - main project[sample_test]'s web client build system files creation task end
09:45:36.817 [main] INFO  k.p.s.c.buildsystem.ProjectBuilder - main project[sample_test]'s web root child direcotry creation task start
09:45:36.817 [main] INFO  k.p.s.common.util.CommonStaticUtil - the child relative direcotry[D:\gitsinnori\sinnori\project\sample_test][web_app_base/upload] exist, so nothing
09:45:36.818 [main] INFO  k.p.s.common.util.CommonStaticUtil - the new child relative direcotry[D:\gitsinnori\sinnori\project\sample_test][web_app_base/ROOT/WEB-INF/classes] was created successfully
09:45:36.818 [main] INFO  k.p.s.common.util.CommonStaticUtil - the new child relative direcotry[D:\gitsinnori\sinnori\project\sample_test][web_app_base/ROOT/WEB-INF/lib] was created successfully
09:45:36.818 [main] INFO  k.p.s.c.buildsystem.ProjectBuilder - main project[sample_test]'s web root child direcotry creation task end
09:45:36.818 [main] INFO  k.p.s.c.buildsystem.ProjectBuilder - main project[sample_test]'s web root sample files creation task start
09:45:36.818 [main] INFO  k.p.s.c.buildsystem.ProjectBuilder - main project[sample_test]'s web root sample files copy task start
09:45:36.824 [main] INFO  k.p.s.c.buildsystem.ProjectBuilder - main project[sample_test]'s web root sample files copy task end
09:45:36.824 [main] INFO  k.p.s.c.buildsystem.ProjectBuilder - main project[sample_test]'s web root sample files creation task end
09:45:36.824 [main] INFO  k.p.s.c.buildsystem.ProjectBuilder - main project[sample_test]'s config file overwrite task start
09:45:36.828 [main] INFO  k.p.s.c.buildsystem.ProjectBuilder - main project[sample_test]'s config file overwrite task end
09:45:36.828 [main] INFO  k.p.s.c.buildsystem.ProjectBuilder - main project[sample_test] changeProjectState method end
09:45:36.828 [main] INFO  k.p.s.c.buildsystem.ProjectBuilder - the app client ant build.xml file[D:\gitsinnori\sinnori\project\sample_test\client_build\app_build\build.xml] is bad :: whetherExist[false] isFile[false]
09:45:36.828 [main] INFO  k.p.s.c.buildsystem.ProjectBuilder - main project[sample_test] changeProjectState method start
09:45:36.828 [main] WARN  k.p.s.c.buildsystem.ProjectBuilder - the server build path[D:\gitsinnori\sinnori\project\sample_test\server_build] exist, so skip creation of server build system
09:45:36.828 [main] INFO  k.p.s.c.buildsystem.ProjectBuilder - main project[sample_test]'s application build child direcotry creation task start
09:45:36.829 [main] INFO  k.p.s.common.util.CommonStaticUtil - the new child relative direcotry[D:\gitsinnori\sinnori\project\sample_test][client_build/app_build/corelib/ex] was created successfully
09:45:36.829 [main] INFO  k.p.s.common.util.CommonStaticUtil - the new child relative direcotry[D:\gitsinnori\sinnori\project\sample_test][client_build/app_build/corelib/in] was created successfully
09:45:36.829 [main] INFO  k.p.s.common.util.CommonStaticUtil - the new child relative direcotry[D:\gitsinnori\sinnori\project\sample_test][client_build/app_build/lib/main/ex] was created successfully
09:45:36.830 [main] INFO  k.p.s.common.util.CommonStaticUtil - the new child relative direcotry[D:\gitsinnori\sinnori\project\sample_test][client_build/app_build/lib/main/in] was created successfully
09:45:36.830 [main] INFO  k.p.s.common.util.CommonStaticUtil - the new child relative direcotry[D:\gitsinnori\sinnori\project\sample_test][client_build/app_build/lib/test] was created successfully
09:45:36.832 [main] INFO  k.p.s.common.util.CommonStaticUtil - the new child relative direcotry[D:\gitsinnori\sinnori\project\sample_test][client_build/app_build/src/main/java/kr/pe/sinnori/impl/message] was created successfully
09:45:36.832 [main] INFO  k.p.s.common.util.CommonStaticUtil - the new child relative direcotry[D:\gitsinnori\sinnori\project\sample_test][client_build/app_build/src/main/java/main] was created successfully
09:45:36.858 [main] INFO  k.p.s.common.util.CommonStaticUtil - the new child relative direcotry[D:\gitsinnori\sinnori\project\sample_test][client_build/app_build/src/test/java] was created successfully
09:45:36.858 [main] INFO  k.p.s.common.util.CommonStaticUtil - the new child relative direcotry[D:\gitsinnori\sinnori\project\sample_test][client_build/app_build/build] was created successfully
09:45:36.858 [main] INFO  k.p.s.common.util.CommonStaticUtil - the new child relative direcotry[D:\gitsinnori\sinnori\project\sample_test][client_build/app_build/dist] was created successfully
09:45:36.859 [main] INFO  k.p.s.c.buildsystem.ProjectBuilder - main project[sample_test]'s application build child direcotry creation task end
09:45:36.859 [main] INFO  k.p.s.c.buildsystem.ProjectBuilder - mainproject[sample_test]'s application client build system files creation task start
09:45:36.859 [main] INFO  k.p.s.c.buildsystem.ProjectBuilder - main project[sample_test]'s application client ant build.xml file creation task start
09:45:36.861 [main] INFO  k.p.s.c.buildsystem.ProjectBuilder - main project[sample_test]'s application client ant build.xml file creation task end
09:45:36.861 [main] INFO  k.p.s.c.buildsystem.ProjectBuilder - main project[sample_test]'s application client dos shell file creation task start
09:45:36.865 [main] INFO  k.p.s.c.buildsystem.ProjectBuilder - main project[sample_test]'s application client dos shell file creation task end
09:45:36.865 [main] INFO  k.p.s.c.buildsystem.ProjectBuilder - main project[sample_test]'s application client unix shell file creation task start
09:45:36.867 [main] INFO  k.p.s.c.buildsystem.ProjectBuilder - main project[sample_test]'s application client unix shell file creation task end
09:45:36.867 [main] INFO  k.p.s.c.buildsystem.ProjectBuilder - application client sample source files copy task start
09:45:36.878 [main] INFO  k.p.s.c.buildsystem.ProjectBuilder - application client sample source files copy task end
09:45:36.878 [main] INFO  k.p.s.c.buildsystem.ProjectBuilder - main project[sample_test]'s application client message io file set creation task start
09:45:36.878 [main] INFO  k.p.s.common.util.CommonStaticUtil - the new child relative direcotry[D:\gitsinnori\sinnori\project\sample_test\client_build\app_build\src\main\java\kr\pe\sinnori\impl\message][Echo] was created successfully
09:45:36.878 [main] INFO  k.p.s.c.buildsystem.ProjectBuilder - main project[sample_test]'s message file[Echo][D:\gitsinnori\sinnori\project\sample_test\client_build\app_build\src\main\java\kr\pe\sinnori\impl\message] creation task start
09:45:36.880 [main] INFO  k.p.s.c.buildsystem.ProjectBuilder - main project[sample_test]'s message file[Echo][D:\gitsinnori\sinnori\project\sample_test\client_build\app_build\src\main\java\kr\pe\sinnori\impl\message] creation task end
09:45:36.880 [main] INFO  k.p.s.c.buildsystem.ProjectBuilder - main project[sample_test]'s message decoder file[Echo][D:\gitsinnori\sinnori\project\sample_test\client_build\app_build\src\main\java\kr\pe\sinnori\impl\message] creation task start
09:45:36.883 [main] INFO  k.p.s.c.buildsystem.ProjectBuilder - main project[sample_test]'s message decoder file[Echo][D:\gitsinnori\sinnori\project\sample_test\client_build\app_build\src\main\java\kr\pe\sinnori\impl\message] creation task end
09:45:36.883 [main] INFO  k.p.s.c.buildsystem.ProjectBuilder - main project[sample_test]'s message encoder file[Echo][D:\gitsinnori\sinnori\project\sample_test\client_build\app_build\src\main\java\kr\pe\sinnori\impl\message] creation task start
09:45:36.886 [main] INFO  k.p.s.c.buildsystem.ProjectBuilder - main project[sample_test]'s message encoder file[Echo][D:\gitsinnori\sinnori\project\sample_test\client_build\app_build\src\main\java\kr\pe\sinnori\impl\message] creation task end
09:45:36.886 [main] INFO  k.p.s.c.buildsystem.ProjectBuilder - main project[sample_test]'s message server codec file[Echo][D:\gitsinnori\sinnori\project\sample_test\client_build\app_build\src\main\java\kr\pe\sinnori\impl\message] creation task start
09:45:36.888 [main] INFO  k.p.s.c.buildsystem.ProjectBuilder - main project[sample_test]'s message server codec file[Echo][D:\gitsinnori\sinnori\project\sample_test\client_build\app_build\src\main\java\kr\pe\sinnori\impl\message] creation task end
09:45:36.888 [main] INFO  k.p.s.c.buildsystem.ProjectBuilder - main project[sample_test]'s message client codec file[Echo][D:\gitsinnori\sinnori\project\sample_test\client_build\app_build\src\main\java\kr\pe\sinnori\impl\message] creation task start
09:45:36.889 [main] INFO  k.p.s.c.buildsystem.ProjectBuilder - main project[sample_test]'s message client codec file[Echo][D:\gitsinnori\sinnori\project\sample_test\client_build\app_build\src\main\java\kr\pe\sinnori\impl\message] creation task end
09:45:36.889 [main] INFO  k.p.s.common.util.CommonStaticUtil - the new child relative direcotry[D:\gitsinnori\sinnori\project\sample_test\client_build\app_build\src\main\java\kr\pe\sinnori\impl\message][PublicKeyReq] was created successfully
09:45:36.889 [main] INFO  k.p.s.c.buildsystem.ProjectBuilder - main project[sample_test]'s message file[PublicKeyReq][D:\gitsinnori\sinnori\project\sample_test\client_build\app_build\src\main\java\kr\pe\sinnori\impl\message] creation task start
09:45:36.892 [main] INFO  k.p.s.c.buildsystem.ProjectBuilder - main project[sample_test]'s message file[PublicKeyReq][D:\gitsinnori\sinnori\project\sample_test\client_build\app_build\src\main\java\kr\pe\sinnori\impl\message] creation task end
09:45:36.892 [main] INFO  k.p.s.c.buildsystem.ProjectBuilder - main project[sample_test]'s message decoder file[PublicKeyReq][D:\gitsinnori\sinnori\project\sample_test\client_build\app_build\src\main\java\kr\pe\sinnori\impl\message] creation task start
09:45:36.894 [main] INFO  k.p.s.c.buildsystem.ProjectBuilder - main project[sample_test]'s message decoder file[PublicKeyReq][D:\gitsinnori\sinnori\project\sample_test\client_build\app_build\src\main\java\kr\pe\sinnori\impl\message] creation task end
09:45:36.968 [main] INFO  k.p.s.c.buildsystem.ProjectBuilder - main project[sample_test]'s message encoder file[PublicKeyReq][D:\gitsinnori\sinnori\project\sample_test\client_build\app_build\src\main\java\kr\pe\sinnori\impl\message] creation task start
09:45:36.974 [main] INFO  k.p.s.c.buildsystem.ProjectBuilder - main project[sample_test]'s message encoder file[PublicKeyReq][D:\gitsinnori\sinnori\project\sample_test\client_build\app_build\src\main\java\kr\pe\sinnori\impl\message] creation task end
09:45:36.974 [main] INFO  k.p.s.c.buildsystem.ProjectBuilder - main project[sample_test]'s message server codec file[PublicKeyReq][D:\gitsinnori\sinnori\project\sample_test\client_build\app_build\src\main\java\kr\pe\sinnori\impl\message] creation task start
09:45:36.977 [main] INFO  k.p.s.c.buildsystem.ProjectBuilder - main project[sample_test]'s message server codec file[PublicKeyReq][D:\gitsinnori\sinnori\project\sample_test\client_build\app_build\src\main\java\kr\pe\sinnori\impl\message] creation task end
09:45:36.978 [main] INFO  k.p.s.c.buildsystem.ProjectBuilder - main project[sample_test]'s message client codec file[PublicKeyReq][D:\gitsinnori\sinnori\project\sample_test\client_build\app_build\src\main\java\kr\pe\sinnori\impl\message] creation task start
09:45:36.981 [main] INFO  k.p.s.c.buildsystem.ProjectBuilder - main project[sample_test]'s message client codec file[PublicKeyReq][D:\gitsinnori\sinnori\project\sample_test\client_build\app_build\src\main\java\kr\pe\sinnori\impl\message] creation task end
09:45:36.982 [main] INFO  k.p.s.common.util.CommonStaticUtil - the new child relative direcotry[D:\gitsinnori\sinnori\project\sample_test\client_build\app_build\src\main\java\kr\pe\sinnori\impl\message][PublicKeyRes] was created successfully
09:45:36.982 [main] INFO  k.p.s.c.buildsystem.ProjectBuilder - main project[sample_test]'s message file[PublicKeyRes][D:\gitsinnori\sinnori\project\sample_test\client_build\app_build\src\main\java\kr\pe\sinnori\impl\message] creation task start
09:45:36.989 [main] INFO  k.p.s.c.buildsystem.ProjectBuilder - main project[sample_test]'s message file[PublicKeyRes][D:\gitsinnori\sinnori\project\sample_test\client_build\app_build\src\main\java\kr\pe\sinnori\impl\message] creation task end
09:45:36.989 [main] INFO  k.p.s.c.buildsystem.ProjectBuilder - main project[sample_test]'s message decoder file[PublicKeyRes][D:\gitsinnori\sinnori\project\sample_test\client_build\app_build\src\main\java\kr\pe\sinnori\impl\message] creation task start
09:45:36.994 [main] INFO  k.p.s.c.buildsystem.ProjectBuilder - main project[sample_test]'s message decoder file[PublicKeyRes][D:\gitsinnori\sinnori\project\sample_test\client_build\app_build\src\main\java\kr\pe\sinnori\impl\message] creation task end
09:45:36.994 [main] INFO  k.p.s.c.buildsystem.ProjectBuilder - main project[sample_test]'s message encoder file[PublicKeyRes][D:\gitsinnori\sinnori\project\sample_test\client_build\app_build\src\main\java\kr\pe\sinnori\impl\message] creation task start
09:45:36.999 [main] INFO  k.p.s.c.buildsystem.ProjectBuilder - main project[sample_test]'s message encoder file[PublicKeyRes][D:\gitsinnori\sinnori\project\sample_test\client_build\app_build\src\main\java\kr\pe\sinnori\impl\message] creation task end
09:45:36.999 [main] INFO  k.p.s.c.buildsystem.ProjectBuilder - main project[sample_test]'s message server codec file[PublicKeyRes][D:\gitsinnori\sinnori\project\sample_test\client_build\app_build\src\main\java\kr\pe\sinnori\impl\message] creation task start
09:45:37.001 [main] INFO  k.p.s.c.buildsystem.ProjectBuilder - main project[sample_test]'s message server codec file[PublicKeyRes][D:\gitsinnori\sinnori\project\sample_test\client_build\app_build\src\main\java\kr\pe\sinnori\impl\message] creation task end
09:45:37.001 [main] INFO  k.p.s.c.buildsystem.ProjectBuilder - main project[sample_test]'s message client codec file[PublicKeyRes][D:\gitsinnori\sinnori\project\sample_test\client_build\app_build\src\main\java\kr\pe\sinnori\impl\message] creation task start
09:45:37.003 [main] INFO  k.p.s.c.buildsystem.ProjectBuilder - main project[sample_test]'s message client codec file[PublicKeyRes][D:\gitsinnori\sinnori\project\sample_test\client_build\app_build\src\main\java\kr\pe\sinnori\impl\message] creation task end
09:45:37.003 [main] INFO  k.p.s.c.buildsystem.ProjectBuilder - main project[sample_test]'s application client message io file set creation task end
09:45:37.003 [main] INFO  k.p.s.c.buildsystem.ProjectBuilder - mainproject[sample_test]'s application client build system files creation task end
09:45:37.003 [main] INFO  k.p.s.c.buildsystem.ProjectBuilder - main project[sample_test]'s web client build path deletion task start
09:45:37.022 [main] INFO  k.p.s.c.buildsystem.ProjectBuilder - main project[sample_test]'s web client build path deletion task end
09:45:37.022 [main] INFO  k.p.s.c.buildsystem.ProjectBuilder - main project[sample_test]'s web root path deletion task start
09:45:37.024 [main] INFO  k.p.s.c.buildsystem.ProjectBuilder - main project[sample_test]'s web root path deletion task end
09:45:37.024 [main] INFO  k.p.s.c.buildsystem.ProjectBuilder - main project[sample_test]'s config file overwrite task start
09:45:37.028 [main] INFO  k.p.s.c.buildsystem.ProjectBuilder - main project[sample_test]'s config file overwrite task end
09:45:37.028 [main] INFO  k.p.s.c.buildsystem.ProjectBuilder - main project[sample_test] changeProjectState method end
09:45:37.028 [main] INFO  k.p.s.c.buildsystem.ProjectBuilder - the web client ant build.xml file[D:\gitsinnori\sinnori\project\sample_test\client_build\web_build\build.xml] is bad :: whetherExist[false] isFile[false]
09:45:37.029 [main] INFO  k.p.s.c.buildsystem.ProjectBuilder - the web.xml file[D:\gitsinnori\sinnori\project\sample_test\web_app_base\ROOT\WEB-INF\web.xml] located at web root directory is bad :: whetherExist[false] isFile[false]
09:45:37.029 [main] INFO  k.p.s.c.buildsystem.ProjectBuilder - main project[sample_test] changeProjectState method start
09:45:37.029 [main] WARN  k.p.s.c.buildsystem.ProjectBuilder - the server build path[D:\gitsinnori\sinnori\project\sample_test\server_build] exist, so skip creation of server build system
09:45:37.029 [main] WARN  k.p.s.c.buildsystem.ProjectBuilder - the app client build path[D:\gitsinnori\sinnori\project\sample_test\client_build\app_build] exist, so skip creation of app client build system
09:45:37.029 [main] INFO  k.p.s.c.buildsystem.ProjectBuilder - main project[sample_test]'s web build child direcotry creation task start
09:45:37.029 [main] INFO  k.p.s.common.util.CommonStaticUtil - the new child relative direcotry[D:\gitsinnori\sinnori\project\sample_test][client_build/web_build/corelib/ex] was created successfully
09:45:37.029 [main] INFO  k.p.s.common.util.CommonStaticUtil - the new child relative direcotry[D:\gitsinnori\sinnori\project\sample_test][client_build/web_build/corelib/in] was created successfully
09:45:37.030 [main] INFO  k.p.s.common.util.CommonStaticUtil - the new child relative direcotry[D:\gitsinnori\sinnori\project\sample_test][client_build/web_build/lib/main/ex] was created successfully
09:45:37.030 [main] INFO  k.p.s.common.util.CommonStaticUtil - the new child relative direcotry[D:\gitsinnori\sinnori\project\sample_test][client_build/web_build/lib/main/in] was created successfully
09:45:37.030 [main] INFO  k.p.s.common.util.CommonStaticUtil - the new child relative direcotry[D:\gitsinnori\sinnori\project\sample_test][client_build/web_build/lib/test] was created successfully
09:45:37.033 [main] INFO  k.p.s.common.util.CommonStaticUtil - the new child relative direcotry[D:\gitsinnori\sinnori\project\sample_test][client_build/web_build/src/main/java/kr/pe/sinnori/impl/message] was created successfully
09:45:37.033 [main] INFO  k.p.s.common.util.CommonStaticUtil - the new child relative direcotry[D:\gitsinnori\sinnori\project\sample_test][client_build/web_build/src/main/java//kr/pe/sinnori/servlet] was created successfully
09:45:37.033 [main] INFO  k.p.s.common.util.CommonStaticUtil - the new child relative direcotry[D:\gitsinnori\sinnori\project\sample_test][client_build/web_build/src/main/java/kr/pe/sinnori/weblib/common] was created successfully
09:45:37.034 [main] INFO  k.p.s.common.util.CommonStaticUtil - the new child relative direcotry[D:\gitsinnori\sinnori\project\sample_test][client_build/web_build/src/main/java/kr/pe/sinnori/weblib/htmlstring] was created successfully
09:45:37.034 [main] INFO  k.p.s.common.util.CommonStaticUtil - the new child relative direcotry[D:\gitsinnori\sinnori\project\sample_test][client_build/web_build/src/main/java/kr/pe/sinnori/weblib/jdf] was created successfully
09:45:37.034 [main] INFO  k.p.s.common.util.CommonStaticUtil - the new child relative direcotry[D:\gitsinnori\sinnori\project\sample_test][client_build/web_build/src/test/java] was created successfully
09:45:37.112 [main] INFO  k.p.s.common.util.CommonStaticUtil - the new child relative direcotry[D:\gitsinnori\sinnori\project\sample_test][client_build/web_build/build] was created successfully
09:45:37.113 [main] INFO  k.p.s.common.util.CommonStaticUtil - the new child relative direcotry[D:\gitsinnori\sinnori\project\sample_test][client_build/web_build/dist] was created successfully
09:45:37.113 [main] INFO  k.p.s.c.buildsystem.ProjectBuilder - main project[sample_test]'s web build child direcotry creation task end
09:45:37.113 [main] INFO  k.p.s.c.buildsystem.ProjectBuilder - main project[sample_test]'s web client build system files creation task start
09:45:37.113 [main] INFO  k.p.s.c.buildsystem.ProjectBuilder - main project[sample_test]'s web client ant build.xml file creation task start
09:45:37.116 [main] INFO  k.p.s.c.buildsystem.ProjectBuilder - main project[sample_test]'s web client ant build.xml file creation task end
09:45:37.116 [main] INFO  k.p.s.c.buildsystem.ProjectBuilder - main project[sample_test]'s web client ant properties file creation task start
09:45:37.117 [main] INFO  k.p.s.c.util.SequencedPropertiesUtil - the sequenced properties file[D:\gitsinnori\sinnori\project\sample_test\client_build\web_build\webAnt.properties] was created
09:45:37.125 [main] INFO  k.p.s.c.buildsystem.ProjectBuilder - main project[sample_test]'s web client ant properties file creation task end
09:45:37.125 [main] INFO  k.p.s.c.buildsystem.ProjectBuilder - main project[sample_test]'s web client message io file set creation task start
09:45:37.126 [main] INFO  k.p.s.common.util.CommonStaticUtil - the new child relative direcotry[D:\gitsinnori\sinnori\project\sample_test\client_build\web_build\src\main\java\kr\pe\sinnori\impl\message][Echo] was created successfully
09:45:37.126 [main] INFO  k.p.s.c.buildsystem.ProjectBuilder - main project[sample_test]'s message file[Echo][D:\gitsinnori\sinnori\project\sample_test\client_build\web_build\src\main\java\kr\pe\sinnori\impl\message] creation task start
09:45:37.133 [main] INFO  k.p.s.c.buildsystem.ProjectBuilder - main project[sample_test]'s message file[Echo][D:\gitsinnori\sinnori\project\sample_test\client_build\web_build\src\main\java\kr\pe\sinnori\impl\message] creation task end
09:45:37.133 [main] INFO  k.p.s.c.buildsystem.ProjectBuilder - main project[sample_test]'s message decoder file[Echo][D:\gitsinnori\sinnori\project\sample_test\client_build\web_build\src\main\java\kr\pe\sinnori\impl\message] creation task start
09:45:37.141 [main] INFO  k.p.s.c.buildsystem.ProjectBuilder - main project[sample_test]'s message decoder file[Echo][D:\gitsinnori\sinnori\project\sample_test\client_build\web_build\src\main\java\kr\pe\sinnori\impl\message] creation task end
09:45:37.141 [main] INFO  k.p.s.c.buildsystem.ProjectBuilder - main project[sample_test]'s message encoder file[Echo][D:\gitsinnori\sinnori\project\sample_test\client_build\web_build\src\main\java\kr\pe\sinnori\impl\message] creation task start
09:45:37.145 [main] INFO  k.p.s.c.buildsystem.ProjectBuilder - main project[sample_test]'s message encoder file[Echo][D:\gitsinnori\sinnori\project\sample_test\client_build\web_build\src\main\java\kr\pe\sinnori\impl\message] creation task end
09:45:37.145 [main] INFO  k.p.s.c.buildsystem.ProjectBuilder - main project[sample_test]'s message server codec file[Echo][D:\gitsinnori\sinnori\project\sample_test\client_build\web_build\src\main\java\kr\pe\sinnori\impl\message] creation task start
09:45:37.147 [main] INFO  k.p.s.c.buildsystem.ProjectBuilder - main project[sample_test]'s message server codec file[Echo][D:\gitsinnori\sinnori\project\sample_test\client_build\web_build\src\main\java\kr\pe\sinnori\impl\message] creation task end
09:45:37.147 [main] INFO  k.p.s.c.buildsystem.ProjectBuilder - main project[sample_test]'s message client codec file[Echo][D:\gitsinnori\sinnori\project\sample_test\client_build\web_build\src\main\java\kr\pe\sinnori\impl\message] creation task start
09:45:37.148 [main] INFO  k.p.s.c.buildsystem.ProjectBuilder - main project[sample_test]'s message client codec file[Echo][D:\gitsinnori\sinnori\project\sample_test\client_build\web_build\src\main\java\kr\pe\sinnori\impl\message] creation task end
09:45:37.148 [main] INFO  k.p.s.common.util.CommonStaticUtil - the new child relative direcotry[D:\gitsinnori\sinnori\project\sample_test\client_build\web_build\src\main\java\kr\pe\sinnori\impl\message][PublicKeyReq] was created successfully
09:45:37.148 [main] INFO  k.p.s.c.buildsystem.ProjectBuilder - main project[sample_test]'s message file[PublicKeyReq][D:\gitsinnori\sinnori\project\sample_test\client_build\web_build\src\main\java\kr\pe\sinnori\impl\message] creation task start
09:45:37.152 [main] INFO  k.p.s.c.buildsystem.ProjectBuilder - main project[sample_test]'s message file[PublicKeyReq][D:\gitsinnori\sinnori\project\sample_test\client_build\web_build\src\main\java\kr\pe\sinnori\impl\message] creation task end
09:45:37.152 [main] INFO  k.p.s.c.buildsystem.ProjectBuilder - main project[sample_test]'s message decoder file[PublicKeyReq][D:\gitsinnori\sinnori\project\sample_test\client_build\web_build\src\main\java\kr\pe\sinnori\impl\message] creation task start
09:45:37.156 [main] INFO  k.p.s.c.buildsystem.ProjectBuilder - main project[sample_test]'s message decoder file[PublicKeyReq][D:\gitsinnori\sinnori\project\sample_test\client_build\web_build\src\main\java\kr\pe\sinnori\impl\message] creation task end
09:45:37.156 [main] INFO  k.p.s.c.buildsystem.ProjectBuilder - main project[sample_test]'s message encoder file[PublicKeyReq][D:\gitsinnori\sinnori\project\sample_test\client_build\web_build\src\main\java\kr\pe\sinnori\impl\message] creation task start
09:45:37.159 [main] INFO  k.p.s.c.buildsystem.ProjectBuilder - main project[sample_test]'s message encoder file[PublicKeyReq][D:\gitsinnori\sinnori\project\sample_test\client_build\web_build\src\main\java\kr\pe\sinnori\impl\message] creation task end
09:45:37.159 [main] INFO  k.p.s.c.buildsystem.ProjectBuilder - main project[sample_test]'s message server codec file[PublicKeyReq][D:\gitsinnori\sinnori\project\sample_test\client_build\web_build\src\main\java\kr\pe\sinnori\impl\message] creation task start
09:45:37.160 [main] INFO  k.p.s.c.buildsystem.ProjectBuilder - main project[sample_test]'s message server codec file[PublicKeyReq][D:\gitsinnori\sinnori\project\sample_test\client_build\web_build\src\main\java\kr\pe\sinnori\impl\message] creation task end
09:45:37.160 [main] INFO  k.p.s.c.buildsystem.ProjectBuilder - main project[sample_test]'s message client codec file[PublicKeyReq][D:\gitsinnori\sinnori\project\sample_test\client_build\web_build\src\main\java\kr\pe\sinnori\impl\message] creation task start
09:45:37.162 [main] INFO  k.p.s.c.buildsystem.ProjectBuilder - main project[sample_test]'s message client codec file[PublicKeyReq][D:\gitsinnori\sinnori\project\sample_test\client_build\web_build\src\main\java\kr\pe\sinnori\impl\message] creation task end
09:45:37.162 [main] INFO  k.p.s.common.util.CommonStaticUtil - the new child relative direcotry[D:\gitsinnori\sinnori\project\sample_test\client_build\web_build\src\main\java\kr\pe\sinnori\impl\message][PublicKeyRes] was created successfully
09:45:37.162 [main] INFO  k.p.s.c.buildsystem.ProjectBuilder - main project[sample_test]'s message file[PublicKeyRes][D:\gitsinnori\sinnori\project\sample_test\client_build\web_build\src\main\java\kr\pe\sinnori\impl\message] creation task start
09:45:37.165 [main] INFO  k.p.s.c.buildsystem.ProjectBuilder - main project[sample_test]'s message file[PublicKeyRes][D:\gitsinnori\sinnori\project\sample_test\client_build\web_build\src\main\java\kr\pe\sinnori\impl\message] creation task end
09:45:37.165 [main] INFO  k.p.s.c.buildsystem.ProjectBuilder - main project[sample_test]'s message decoder file[PublicKeyRes][D:\gitsinnori\sinnori\project\sample_test\client_build\web_build\src\main\java\kr\pe\sinnori\impl\message] creation task start
09:45:37.169 [main] INFO  k.p.s.c.buildsystem.ProjectBuilder - main project[sample_test]'s message decoder file[PublicKeyRes][D:\gitsinnori\sinnori\project\sample_test\client_build\web_build\src\main\java\kr\pe\sinnori\impl\message] creation task end
09:45:37.169 [main] INFO  k.p.s.c.buildsystem.ProjectBuilder - main project[sample_test]'s message encoder file[PublicKeyRes][D:\gitsinnori\sinnori\project\sample_test\client_build\web_build\src\main\java\kr\pe\sinnori\impl\message] creation task start
09:45:37.173 [main] INFO  k.p.s.c.buildsystem.ProjectBuilder - main project[sample_test]'s message encoder file[PublicKeyRes][D:\gitsinnori\sinnori\project\sample_test\client_build\web_build\src\main\java\kr\pe\sinnori\impl\message] creation task end
09:45:37.173 [main] INFO  k.p.s.c.buildsystem.ProjectBuilder - main project[sample_test]'s message server codec file[PublicKeyRes][D:\gitsinnori\sinnori\project\sample_test\client_build\web_build\src\main\java\kr\pe\sinnori\impl\message] creation task start
09:45:37.252 [main] INFO  k.p.s.c.buildsystem.ProjectBuilder - main project[sample_test]'s message server codec file[PublicKeyRes][D:\gitsinnori\sinnori\project\sample_test\client_build\web_build\src\main\java\kr\pe\sinnori\impl\message] creation task end
09:45:37.252 [main] INFO  k.p.s.c.buildsystem.ProjectBuilder - main project[sample_test]'s message client codec file[PublicKeyRes][D:\gitsinnori\sinnori\project\sample_test\client_build\web_build\src\main\java\kr\pe\sinnori\impl\message] creation task start
09:45:37.254 [main] INFO  k.p.s.c.buildsystem.ProjectBuilder - main project[sample_test]'s message client codec file[PublicKeyRes][D:\gitsinnori\sinnori\project\sample_test\client_build\web_build\src\main\java\kr\pe\sinnori\impl\message] creation task end
09:45:37.255 [main] INFO  k.p.s.c.buildsystem.ProjectBuilder - main project[sample_test]'s web client message io file set creation task end
09:45:37.255 [main] INFO  k.p.s.c.buildsystem.ProjectBuilder - mainproject[sample_test]'s web client sample source files copy task start
09:45:37.329 [main] INFO  k.p.s.c.buildsystem.ProjectBuilder - mainproject[sample_test]'s web client sample source files copy task end
09:45:37.329 [main] INFO  k.p.s.c.buildsystem.ProjectBuilder - main project[sample_test]'s web client build system files creation task end
09:45:37.329 [main] INFO  k.p.s.c.buildsystem.ProjectBuilder - main project[sample_test]'s web root child direcotry creation task start
09:45:37.329 [main] INFO  k.p.s.common.util.CommonStaticUtil - the child relative direcotry[D:\gitsinnori\sinnori\project\sample_test][web_app_base/upload] exist, so nothing
09:45:37.330 [main] INFO  k.p.s.common.util.CommonStaticUtil - the new child relative direcotry[D:\gitsinnori\sinnori\project\sample_test][web_app_base/ROOT/WEB-INF/classes] was created successfully
09:45:37.330 [main] INFO  k.p.s.common.util.CommonStaticUtil - the new child relative direcotry[D:\gitsinnori\sinnori\project\sample_test][web_app_base/ROOT/WEB-INF/lib] was created successfully
09:45:37.330 [main] INFO  k.p.s.c.buildsystem.ProjectBuilder - main project[sample_test]'s web root child direcotry creation task end
09:45:37.330 [main] INFO  k.p.s.c.buildsystem.ProjectBuilder - main project[sample_test]'s web root sample files creation task start
09:45:37.330 [main] INFO  k.p.s.c.buildsystem.ProjectBuilder - main project[sample_test]'s web root sample files copy task start
09:45:37.337 [main] INFO  k.p.s.c.buildsystem.ProjectBuilder - main project[sample_test]'s web root sample files copy task end
09:45:37.337 [main] INFO  k.p.s.c.buildsystem.ProjectBuilder - main project[sample_test]'s web root sample files creation task end
09:45:37.337 [main] INFO  k.p.s.c.buildsystem.ProjectBuilder - main project[sample_test]'s config file overwrite task start
09:45:37.341 [main] INFO  k.p.s.c.buildsystem.ProjectBuilder - main project[sample_test]'s config file overwrite task end
09:45:37.341 [main] INFO  k.p.s.c.buildsystem.ProjectBuilder - main project[sample_test] changeProjectState method end
09:45:37.384 [main] INFO  k.p.s.c.buildsystem.ProjectBuilder - main project[sample_test]'s child direcotry creation task start
09:45:37.384 [main] INFO  k.p.s.c.buildsystem.ProjectBuilder - main project[sample_test]'s common child direcotry creation task start
09:45:37.384 [main] INFO  k.p.s.common.util.CommonStaticUtil - the new child relative direcotry[D:\gitsinnori\sinnori\project\sample_test][config] was created successfully
09:45:37.385 [main] INFO  k.p.s.common.util.CommonStaticUtil - the new child relative direcotry[D:\gitsinnori\sinnori\project\sample_test][resources/dbcp] was created successfully
09:45:37.385 [main] INFO  k.p.s.common.util.CommonStaticUtil - the new child relative direcotry[D:\gitsinnori\sinnori\project\sample_test][resources/message_info] was created successfully
09:45:37.385 [main] INFO  k.p.s.common.util.CommonStaticUtil - the new child relative direcotry[D:\gitsinnori\sinnori\project\sample_test][resources/rsa_keypair] was created successfully
09:45:37.385 [main] INFO  k.p.s.common.util.CommonStaticUtil - the new child relative direcotry[D:\gitsinnori\sinnori\project\sample_test][log/apache] was created successfully
09:45:37.386 [main] INFO  k.p.s.common.util.CommonStaticUtil - the new child relative direcotry[D:\gitsinnori\sinnori\project\sample_test][log/client] was created successfully
09:45:37.386 [main] INFO  k.p.s.common.util.CommonStaticUtil - the new child relative direcotry[D:\gitsinnori\sinnori\project\sample_test][log/server] was created successfully
09:45:37.386 [main] INFO  k.p.s.common.util.CommonStaticUtil - the new child relative direcotry[D:\gitsinnori\sinnori\project\sample_test][log/servlet] was created successfully
09:45:37.386 [main] INFO  k.p.s.c.buildsystem.ProjectBuilder - main project[sample_test]'s common child direcotry creation task end
09:45:37.386 [main] INFO  k.p.s.c.buildsystem.ProjectBuilder - main project[sample_test]'s server child direcotry creation task start
09:45:37.386 [main] INFO  k.p.s.common.util.CommonStaticUtil - the new child relative direcotry[D:\gitsinnori\sinnori\project\sample_test][server_build/APP-INF/classes] was created successfully
09:45:37.387 [main] INFO  k.p.s.common.util.CommonStaticUtil - the new child relative direcotry[D:\gitsinnori\sinnori\project\sample_test][server_build/corelib/ex] was created successfully
09:45:37.387 [main] INFO  k.p.s.common.util.CommonStaticUtil - the new child relative direcotry[D:\gitsinnori\sinnori\project\sample_test][server_build/corelib/in] was created successfully
09:45:37.388 [main] INFO  k.p.s.common.util.CommonStaticUtil - the new child relative direcotry[D:\gitsinnori\sinnori\project\sample_test][server_build/lib/main/ex] was created successfully
09:45:37.388 [main] INFO  k.p.s.common.util.CommonStaticUtil - the new child relative direcotry[D:\gitsinnori\sinnori\project\sample_test][server_build/lib/main/in] was created successfully
09:45:37.388 [main] INFO  k.p.s.common.util.CommonStaticUtil - the new child relative direcotry[D:\gitsinnori\sinnori\project\sample_test][server_build/lib/test] was created successfully
09:45:37.390 [main] INFO  k.p.s.common.util.CommonStaticUtil - the new child relative direcotry[D:\gitsinnori\sinnori\project\sample_test][server_build/src/main/java/kr/pe/sinnori/impl/servertask] was created successfully
09:45:37.391 [main] INFO  k.p.s.common.util.CommonStaticUtil - the new child relative direcotry[D:\gitsinnori\sinnori\project\sample_test][server_build/src/main/java/kr/pe/sinnori/impl/message] was created successfully
09:45:37.391 [main] INFO  k.p.s.common.util.CommonStaticUtil - the new child relative direcotry[D:\gitsinnori\sinnori\project\sample_test][server_build/src/main/java/main] was created successfully
09:45:37.391 [main] INFO  k.p.s.common.util.CommonStaticUtil - the new child relative direcotry[D:\gitsinnori\sinnori\project\sample_test][server_build/src/test/java] was created successfully
09:45:37.391 [main] INFO  k.p.s.common.util.CommonStaticUtil - the new child relative direcotry[D:\gitsinnori\sinnori\project\sample_test][server_build/build] was created successfully
09:45:37.468 [main] INFO  k.p.s.common.util.CommonStaticUtil - the new child relative direcotry[D:\gitsinnori\sinnori\project\sample_test][server_build/dist] was created successfully
09:45:37.468 [main] INFO  k.p.s.c.buildsystem.ProjectBuilder - main project[sample_test]'s server child direcotry creation task end
09:45:37.469 [main] INFO  k.p.s.c.buildsystem.ProjectBuilder - main project[sample_test]'s child direcotry creation task end
09:45:37.469 [main] INFO  k.p.s.c.buildsystem.ProjectBuilder - main project[sample_test]'s file creation task start
09:45:37.469 [main] INFO  k.p.s.c.buildsystem.ProjectBuilder - main project[sample_test]'s config file creation task start
09:45:37.470 [main] INFO  k.p.s.c.util.SequencedPropertiesUtil - the sequenced properties file[D:\gitsinnori\sinnori\project\sample_test\config\sinnori.properties] was created
09:45:37.480 [main] INFO  k.p.s.c.buildsystem.ProjectBuilder - main project[sample_test]'s config file creation task end
09:45:37.481 [main] INFO  k.p.s.c.buildsystem.ProjectBuilder - the mainproject[sample_test]'s resources directory copy task start
09:45:37.512 [main] INFO  k.p.s.c.buildsystem.ProjectBuilder - the mainproject[sample_test]'s resources directory copy task end
09:45:37.512 [main] INFO  k.p.s.c.buildsystem.ProjectBuilder - server build system files creation task start
09:45:37.512 [main] INFO  k.p.s.c.buildsystem.ProjectBuilder - main project[sample_test]'s server ant build.xml file creation task start
09:45:37.513 [main] INFO  k.p.s.c.buildsystem.ProjectBuilder - main project[sample_test]'s server ant build.xml file creation task end
09:45:37.513 [main] INFO  k.p.s.c.buildsystem.ProjectBuilder - main project[sample_test]'s server dos shell file creation task start
09:45:37.515 [main] INFO  k.p.s.c.buildsystem.ProjectBuilder - main project[sample_test]'s server dos shell file creation task end
09:45:37.515 [main] INFO  k.p.s.c.buildsystem.ProjectBuilder - main project[sample_test]'s server unix shell file creation task start
09:45:37.517 [main] INFO  k.p.s.c.buildsystem.ProjectBuilder - main project[sample_test]'s server unix shell file creation task end
09:45:37.517 [main] INFO  k.p.s.c.buildsystem.ProjectBuilder - server sample source files copy task start
09:45:37.528 [main] INFO  k.p.s.c.buildsystem.ProjectBuilder - server sample source files copy task end
09:45:37.528 [main] INFO  k.p.s.c.buildsystem.ProjectBuilder - main project[sample_test]'s server message io file set creation task start
09:45:37.528 [main] INFO  k.p.s.common.util.CommonStaticUtil - the new child relative direcotry[D:\gitsinnori\sinnori\project\sample_test\server_build\src\main\java\kr\pe\sinnori\impl\message][Echo] was created successfully
09:45:37.528 [main] INFO  k.p.s.c.buildsystem.ProjectBuilder - main project[sample_test]'s message file[Echo][D:\gitsinnori\sinnori\project\sample_test\server_build\src\main\java\kr\pe\sinnori\impl\message] creation task start
09:45:37.532 [main] INFO  k.p.s.c.buildsystem.ProjectBuilder - main project[sample_test]'s message file[Echo][D:\gitsinnori\sinnori\project\sample_test\server_build\src\main\java\kr\pe\sinnori\impl\message] creation task end
09:45:37.532 [main] INFO  k.p.s.c.buildsystem.ProjectBuilder - main project[sample_test]'s message decoder file[Echo][D:\gitsinnori\sinnori\project\sample_test\server_build\src\main\java\kr\pe\sinnori\impl\message] creation task start
09:45:37.536 [main] INFO  k.p.s.c.buildsystem.ProjectBuilder - main project[sample_test]'s message decoder file[Echo][D:\gitsinnori\sinnori\project\sample_test\server_build\src\main\java\kr\pe\sinnori\impl\message] creation task end
09:45:37.536 [main] INFO  k.p.s.c.buildsystem.ProjectBuilder - main project[sample_test]'s message encoder file[Echo][D:\gitsinnori\sinnori\project\sample_test\server_build\src\main\java\kr\pe\sinnori\impl\message] creation task start
09:45:37.540 [main] INFO  k.p.s.c.buildsystem.ProjectBuilder - main project[sample_test]'s message encoder file[Echo][D:\gitsinnori\sinnori\project\sample_test\server_build\src\main\java\kr\pe\sinnori\impl\message] creation task end
09:45:37.540 [main] INFO  k.p.s.c.buildsystem.ProjectBuilder - main project[sample_test]'s message server codec file[Echo][D:\gitsinnori\sinnori\project\sample_test\server_build\src\main\java\kr\pe\sinnori\impl\message] creation task start
09:45:37.542 [main] INFO  k.p.s.c.buildsystem.ProjectBuilder - main project[sample_test]'s message server codec file[Echo][D:\gitsinnori\sinnori\project\sample_test\server_build\src\main\java\kr\pe\sinnori\impl\message] creation task end
09:45:37.542 [main] INFO  k.p.s.c.buildsystem.ProjectBuilder - main project[sample_test]'s message client codec file[Echo][D:\gitsinnori\sinnori\project\sample_test\server_build\src\main\java\kr\pe\sinnori\impl\message] creation task start
09:45:37.543 [main] INFO  k.p.s.c.buildsystem.ProjectBuilder - main project[sample_test]'s message client codec file[Echo][D:\gitsinnori\sinnori\project\sample_test\server_build\src\main\java\kr\pe\sinnori\impl\message] creation task end
09:45:37.543 [main] INFO  k.p.s.common.util.CommonStaticUtil - the new child relative direcotry[D:\gitsinnori\sinnori\project\sample_test\server_build\src\main\java\kr\pe\sinnori\impl\message][PublicKeyReq] was created successfully
09:45:37.596 [main] INFO  k.p.s.c.buildsystem.ProjectBuilder - main project[sample_test]'s message file[PublicKeyReq][D:\gitsinnori\sinnori\project\sample_test\server_build\src\main\java\kr\pe\sinnori\impl\message] creation task start
09:45:37.604 [main] INFO  k.p.s.c.buildsystem.ProjectBuilder - main project[sample_test]'s message file[PublicKeyReq][D:\gitsinnori\sinnori\project\sample_test\server_build\src\main\java\kr\pe\sinnori\impl\message] creation task end
09:45:37.604 [main] INFO  k.p.s.c.buildsystem.ProjectBuilder - main project[sample_test]'s message decoder file[PublicKeyReq][D:\gitsinnori\sinnori\project\sample_test\server_build\src\main\java\kr\pe\sinnori\impl\message] creation task start
09:45:37.613 [main] INFO  k.p.s.c.buildsystem.ProjectBuilder - main project[sample_test]'s message decoder file[PublicKeyReq][D:\gitsinnori\sinnori\project\sample_test\server_build\src\main\java\kr\pe\sinnori\impl\message] creation task end
09:45:37.613 [main] INFO  k.p.s.c.buildsystem.ProjectBuilder - main project[sample_test]'s message encoder file[PublicKeyReq][D:\gitsinnori\sinnori\project\sample_test\server_build\src\main\java\kr\pe\sinnori\impl\message] creation task start
09:45:37.621 [main] INFO  k.p.s.c.buildsystem.ProjectBuilder - main project[sample_test]'s message encoder file[PublicKeyReq][D:\gitsinnori\sinnori\project\sample_test\server_build\src\main\java\kr\pe\sinnori\impl\message] creation task end
09:45:37.621 [main] INFO  k.p.s.c.buildsystem.ProjectBuilder - main project[sample_test]'s message server codec file[PublicKeyReq][D:\gitsinnori\sinnori\project\sample_test\server_build\src\main\java\kr\pe\sinnori\impl\message] creation task start
09:45:37.623 [main] INFO  k.p.s.c.buildsystem.ProjectBuilder - main project[sample_test]'s message server codec file[PublicKeyReq][D:\gitsinnori\sinnori\project\sample_test\server_build\src\main\java\kr\pe\sinnori\impl\message] creation task end
09:45:37.623 [main] INFO  k.p.s.c.buildsystem.ProjectBuilder - main project[sample_test]'s message client codec file[PublicKeyReq][D:\gitsinnori\sinnori\project\sample_test\server_build\src\main\java\kr\pe\sinnori\impl\message] creation task start
09:45:37.626 [main] INFO  k.p.s.c.buildsystem.ProjectBuilder - main project[sample_test]'s message client codec file[PublicKeyReq][D:\gitsinnori\sinnori\project\sample_test\server_build\src\main\java\kr\pe\sinnori\impl\message] creation task end
09:45:37.626 [main] INFO  k.p.s.common.util.CommonStaticUtil - the new child relative direcotry[D:\gitsinnori\sinnori\project\sample_test\server_build\src\main\java\kr\pe\sinnori\impl\message][PublicKeyRes] was created successfully
09:45:37.626 [main] INFO  k.p.s.c.buildsystem.ProjectBuilder - main project[sample_test]'s message file[PublicKeyRes][D:\gitsinnori\sinnori\project\sample_test\server_build\src\main\java\kr\pe\sinnori\impl\message] creation task start
09:45:37.631 [main] INFO  k.p.s.c.buildsystem.ProjectBuilder - main project[sample_test]'s message file[PublicKeyRes][D:\gitsinnori\sinnori\project\sample_test\server_build\src\main\java\kr\pe\sinnori\impl\message] creation task end
09:45:37.631 [main] INFO  k.p.s.c.buildsystem.ProjectBuilder - main project[sample_test]'s message decoder file[PublicKeyRes][D:\gitsinnori\sinnori\project\sample_test\server_build\src\main\java\kr\pe\sinnori\impl\message] creation task start
09:45:37.636 [main] INFO  k.p.s.c.buildsystem.ProjectBuilder - main project[sample_test]'s message decoder file[PublicKeyRes][D:\gitsinnori\sinnori\project\sample_test\server_build\src\main\java\kr\pe\sinnori\impl\message] creation task end
09:45:37.636 [main] INFO  k.p.s.c.buildsystem.ProjectBuilder - main project[sample_test]'s message encoder file[PublicKeyRes][D:\gitsinnori\sinnori\project\sample_test\server_build\src\main\java\kr\pe\sinnori\impl\message] creation task start
09:45:37.641 [main] INFO  k.p.s.c.buildsystem.ProjectBuilder - main project[sample_test]'s message encoder file[PublicKeyRes][D:\gitsinnori\sinnori\project\sample_test\server_build\src\main\java\kr\pe\sinnori\impl\message] creation task end
09:45:37.641 [main] INFO  k.p.s.c.buildsystem.ProjectBuilder - main project[sample_test]'s message server codec file[PublicKeyRes][D:\gitsinnori\sinnori\project\sample_test\server_build\src\main\java\kr\pe\sinnori\impl\message] creation task start
09:45:37.643 [main] INFO  k.p.s.c.buildsystem.ProjectBuilder - main project[sample_test]'s message server codec file[PublicKeyRes][D:\gitsinnori\sinnori\project\sample_test\server_build\src\main\java\kr\pe\sinnori\impl\message] creation task end
09:45:37.643 [main] INFO  k.p.s.c.buildsystem.ProjectBuilder - main project[sample_test]'s message client codec file[PublicKeyRes][D:\gitsinnori\sinnori\project\sample_test\server_build\src\main\java\kr\pe\sinnori\impl\message] creation task start
09:45:37.645 [main] INFO  k.p.s.c.buildsystem.ProjectBuilder - main project[sample_test]'s message client codec file[PublicKeyRes][D:\gitsinnori\sinnori\project\sample_test\server_build\src\main\java\kr\pe\sinnori\impl\message] creation task end
09:45:37.645 [main] INFO  k.p.s.c.buildsystem.ProjectBuilder - main project[sample_test]'s server message io file set creation task end
09:45:37.645 [main] INFO  k.p.s.c.buildsystem.ProjectBuilder - server build system files creation task end
09:45:37.645 [main] INFO  k.p.s.c.buildsystem.ProjectBuilder - main project[sample_test]'s file creation task end
09:45:37.647 [main] INFO  k.p.s.c.config.SinnoriConfiguration - item key[sessionkey.rsa.publickey.file.value]'s value is null because its status is inactive
09:45:37.647 [main] INFO  k.p.s.c.config.SinnoriConfiguration - item key[sessionkey.rsa.privatekey.file.value]'s value is null because its status is inactive
09:45:37.647 [main] INFO  k.p.s.c.buildsystem.ProjectBuilder - main project[sample_test] changeProjectState method start
09:45:37.647 [main] INFO  k.p.s.c.buildsystem.ProjectBuilder - mainproject[sample_test]'s server build path deletion task start
09:45:37.661 [main] INFO  k.p.s.c.buildsystem.ProjectBuilder - mainproject[sample_test]'s server build path deletion task end
09:45:37.661 [main] INFO  k.p.s.c.buildsystem.ProjectBuilder - the app client ant build.xml file[D:\gitsinnori\sinnori\project\sample_test\client_build\app_build\build.xml] is bad :: whetherExist[false] isFile[false]
09:45:37.661 [main] WARN  k.p.s.c.buildsystem.ProjectBuilder - the app client buid.xml file[D:\gitsinnori\sinnori\project\sample_test\client_build\app_build\build.xml] is bad beacse it doesn't exist or is not a file, so skip deletion of app client build system
09:45:37.661 [main] INFO  k.p.s.c.buildsystem.ProjectBuilder - main project[sample_test]'s web build child direcotry creation task start
09:45:37.662 [main] INFO  k.p.s.common.util.CommonStaticUtil - the new child relative direcotry[D:\gitsinnori\sinnori\project\sample_test][client_build/web_build/corelib/ex] was created successfully
09:45:37.662 [main] INFO  k.p.s.common.util.CommonStaticUtil - the new child relative direcotry[D:\gitsinnori\sinnori\project\sample_test][client_build/web_build/corelib/in] was created successfully
09:45:37.663 [main] INFO  k.p.s.common.util.CommonStaticUtil - the new child relative direcotry[D:\gitsinnori\sinnori\project\sample_test][client_build/web_build/lib/main/ex] was created successfully
09:45:37.664 [main] INFO  k.p.s.common.util.CommonStaticUtil - the new child relative direcotry[D:\gitsinnori\sinnori\project\sample_test][client_build/web_build/lib/main/in] was created successfully
09:45:37.664 [main] INFO  k.p.s.common.util.CommonStaticUtil - the new child relative direcotry[D:\gitsinnori\sinnori\project\sample_test][client_build/web_build/lib/test] was created successfully
09:45:37.666 [main] INFO  k.p.s.common.util.CommonStaticUtil - the new child relative direcotry[D:\gitsinnori\sinnori\project\sample_test][client_build/web_build/src/main/java/kr/pe/sinnori/impl/message] was created successfully
09:45:37.742 [main] INFO  k.p.s.common.util.CommonStaticUtil - the new child relative direcotry[D:\gitsinnori\sinnori\project\sample_test][client_build/web_build/src/main/java//kr/pe/sinnori/servlet] was created successfully
09:45:37.744 [main] INFO  k.p.s.common.util.CommonStaticUtil - the new child relative direcotry[D:\gitsinnori\sinnori\project\sample_test][client_build/web_build/src/main/java/kr/pe/sinnori/weblib/common] was created successfully
09:45:37.745 [main] INFO  k.p.s.common.util.CommonStaticUtil - the new child relative direcotry[D:\gitsinnori\sinnori\project\sample_test][client_build/web_build/src/main/java/kr/pe/sinnori/weblib/htmlstring] was created successfully
09:45:37.745 [main] INFO  k.p.s.common.util.CommonStaticUtil - the new child relative direcotry[D:\gitsinnori\sinnori\project\sample_test][client_build/web_build/src/main/java/kr/pe/sinnori/weblib/jdf] was created successfully
09:45:37.747 [main] INFO  k.p.s.common.util.CommonStaticUtil - the new child relative direcotry[D:\gitsinnori\sinnori\project\sample_test][client_build/web_build/src/test/java] was created successfully
09:45:37.747 [main] INFO  k.p.s.common.util.CommonStaticUtil - the new child relative direcotry[D:\gitsinnori\sinnori\project\sample_test][client_build/web_build/build] was created successfully
09:45:37.748 [main] INFO  k.p.s.common.util.CommonStaticUtil - the new child relative direcotry[D:\gitsinnori\sinnori\project\sample_test][client_build/web_build/dist] was created successfully
09:45:37.748 [main] INFO  k.p.s.c.buildsystem.ProjectBuilder - main project[sample_test]'s web build child direcotry creation task end
09:45:37.748 [main] INFO  k.p.s.c.buildsystem.ProjectBuilder - main project[sample_test]'s web client build system files creation task start
09:45:37.748 [main] INFO  k.p.s.c.buildsystem.ProjectBuilder - main project[sample_test]'s web client ant build.xml file creation task start
09:45:37.751 [main] INFO  k.p.s.c.buildsystem.ProjectBuilder - main project[sample_test]'s web client ant build.xml file creation task end
09:45:37.751 [main] INFO  k.p.s.c.buildsystem.ProjectBuilder - main project[sample_test]'s web client ant properties file creation task start
09:45:37.753 [main] INFO  k.p.s.c.util.SequencedPropertiesUtil - the sequenced properties file[D:\gitsinnori\sinnori\project\sample_test\client_build\web_build\webAnt.properties] was created
09:45:37.756 [main] INFO  k.p.s.c.buildsystem.ProjectBuilder - main project[sample_test]'s web client ant properties file creation task end
09:45:37.756 [main] INFO  k.p.s.c.buildsystem.ProjectBuilder - main project[sample_test]'s web client message io file set creation task start
09:45:37.756 [main] INFO  k.p.s.common.util.CommonStaticUtil - the new child relative direcotry[D:\gitsinnori\sinnori\project\sample_test\client_build\web_build\src\main\java\kr\pe\sinnori\impl\message][Echo] was created successfully
09:45:37.757 [main] INFO  k.p.s.c.buildsystem.ProjectBuilder - main project[sample_test]'s message file[Echo][D:\gitsinnori\sinnori\project\sample_test\client_build\web_build\src\main\java\kr\pe\sinnori\impl\message] creation task start
09:45:37.765 [main] INFO  k.p.s.c.buildsystem.ProjectBuilder - main project[sample_test]'s message file[Echo][D:\gitsinnori\sinnori\project\sample_test\client_build\web_build\src\main\java\kr\pe\sinnori\impl\message] creation task end
09:45:37.765 [main] INFO  k.p.s.c.buildsystem.ProjectBuilder - main project[sample_test]'s message decoder file[Echo][D:\gitsinnori\sinnori\project\sample_test\client_build\web_build\src\main\java\kr\pe\sinnori\impl\message] creation task start
09:45:37.773 [main] INFO  k.p.s.c.buildsystem.ProjectBuilder - main project[sample_test]'s message decoder file[Echo][D:\gitsinnori\sinnori\project\sample_test\client_build\web_build\src\main\java\kr\pe\sinnori\impl\message] creation task end
09:45:37.773 [main] INFO  k.p.s.c.buildsystem.ProjectBuilder - main project[sample_test]'s message encoder file[Echo][D:\gitsinnori\sinnori\project\sample_test\client_build\web_build\src\main\java\kr\pe\sinnori\impl\message] creation task start
09:45:37.778 [main] INFO  k.p.s.c.buildsystem.ProjectBuilder - main project[sample_test]'s message encoder file[Echo][D:\gitsinnori\sinnori\project\sample_test\client_build\web_build\src\main\java\kr\pe\sinnori\impl\message] creation task end
09:45:37.778 [main] INFO  k.p.s.c.buildsystem.ProjectBuilder - main project[sample_test]'s message server codec file[Echo][D:\gitsinnori\sinnori\project\sample_test\client_build\web_build\src\main\java\kr\pe\sinnori\impl\message] creation task start
09:45:37.780 [main] INFO  k.p.s.c.buildsystem.ProjectBuilder - main project[sample_test]'s message server codec file[Echo][D:\gitsinnori\sinnori\project\sample_test\client_build\web_build\src\main\java\kr\pe\sinnori\impl\message] creation task end
09:45:37.780 [main] INFO  k.p.s.c.buildsystem.ProjectBuilder - main project[sample_test]'s message client codec file[Echo][D:\gitsinnori\sinnori\project\sample_test\client_build\web_build\src\main\java\kr\pe\sinnori\impl\message] creation task start
09:45:37.782 [main] INFO  k.p.s.c.buildsystem.ProjectBuilder - main project[sample_test]'s message client codec file[Echo][D:\gitsinnori\sinnori\project\sample_test\client_build\web_build\src\main\java\kr\pe\sinnori\impl\message] creation task end
09:45:37.783 [main] INFO  k.p.s.common.util.CommonStaticUtil - the new child relative direcotry[D:\gitsinnori\sinnori\project\sample_test\client_build\web_build\src\main\java\kr\pe\sinnori\impl\message][PublicKeyReq] was created successfully
09:45:37.783 [main] INFO  k.p.s.c.buildsystem.ProjectBuilder - main project[sample_test]'s message file[PublicKeyReq][D:\gitsinnori\sinnori\project\sample_test\client_build\web_build\src\main\java\kr\pe\sinnori\impl\message] creation task start
09:45:37.791 [main] INFO  k.p.s.c.buildsystem.ProjectBuilder - main project[sample_test]'s message file[PublicKeyReq][D:\gitsinnori\sinnori\project\sample_test\client_build\web_build\src\main\java\kr\pe\sinnori\impl\message] creation task end
09:45:37.791 [main] INFO  k.p.s.c.buildsystem.ProjectBuilder - main project[sample_test]'s message decoder file[PublicKeyReq][D:\gitsinnori\sinnori\project\sample_test\client_build\web_build\src\main\java\kr\pe\sinnori\impl\message] creation task start
09:45:37.796 [main] INFO  k.p.s.c.buildsystem.ProjectBuilder - main project[sample_test]'s message decoder file[PublicKeyReq][D:\gitsinnori\sinnori\project\sample_test\client_build\web_build\src\main\java\kr\pe\sinnori\impl\message] creation task end
09:45:37.796 [main] INFO  k.p.s.c.buildsystem.ProjectBuilder - main project[sample_test]'s message encoder file[PublicKeyReq][D:\gitsinnori\sinnori\project\sample_test\client_build\web_build\src\main\java\kr\pe\sinnori\impl\message] creation task start
09:45:37.801 [main] INFO  k.p.s.c.buildsystem.ProjectBuilder - main project[sample_test]'s message encoder file[PublicKeyReq][D:\gitsinnori\sinnori\project\sample_test\client_build\web_build\src\main\java\kr\pe\sinnori\impl\message] creation task end
09:45:37.801 [main] INFO  k.p.s.c.buildsystem.ProjectBuilder - main project[sample_test]'s message server codec file[PublicKeyReq][D:\gitsinnori\sinnori\project\sample_test\client_build\web_build\src\main\java\kr\pe\sinnori\impl\message] creation task start
09:45:37.803 [main] INFO  k.p.s.c.buildsystem.ProjectBuilder - main project[sample_test]'s message server codec file[PublicKeyReq][D:\gitsinnori\sinnori\project\sample_test\client_build\web_build\src\main\java\kr\pe\sinnori\impl\message] creation task end
09:45:37.803 [main] INFO  k.p.s.c.buildsystem.ProjectBuilder - main project[sample_test]'s message client codec file[PublicKeyReq][D:\gitsinnori\sinnori\project\sample_test\client_build\web_build\src\main\java\kr\pe\sinnori\impl\message] creation task start
09:45:37.805 [main] INFO  k.p.s.c.buildsystem.ProjectBuilder - main project[sample_test]'s message client codec file[PublicKeyReq][D:\gitsinnori\sinnori\project\sample_test\client_build\web_build\src\main\java\kr\pe\sinnori\impl\message] creation task end
09:45:37.806 [main] INFO  k.p.s.common.util.CommonStaticUtil - the new child relative direcotry[D:\gitsinnori\sinnori\project\sample_test\client_build\web_build\src\main\java\kr\pe\sinnori\impl\message][PublicKeyRes] was created successfully
09:45:37.806 [main] INFO  k.p.s.c.buildsystem.ProjectBuilder - main project[sample_test]'s message file[PublicKeyRes][D:\gitsinnori\sinnori\project\sample_test\client_build\web_build\src\main\java\kr\pe\sinnori\impl\message] creation task start
09:45:37.810 [main] INFO  k.p.s.c.buildsystem.ProjectBuilder - main project[sample_test]'s message file[PublicKeyRes][D:\gitsinnori\sinnori\project\sample_test\client_build\web_build\src\main\java\kr\pe\sinnori\impl\message] creation task end
09:45:37.810 [main] INFO  k.p.s.c.buildsystem.ProjectBuilder - main project[sample_test]'s message decoder file[PublicKeyRes][D:\gitsinnori\sinnori\project\sample_test\client_build\web_build\src\main\java\kr\pe\sinnori\impl\message] creation task start
09:45:37.813 [main] INFO  k.p.s.c.buildsystem.ProjectBuilder - main project[sample_test]'s message decoder file[PublicKeyRes][D:\gitsinnori\sinnori\project\sample_test\client_build\web_build\src\main\java\kr\pe\sinnori\impl\message] creation task end
09:45:37.813 [main] INFO  k.p.s.c.buildsystem.ProjectBuilder - main project[sample_test]'s message encoder file[PublicKeyRes][D:\gitsinnori\sinnori\project\sample_test\client_build\web_build\src\main\java\kr\pe\sinnori\impl\message] creation task start
09:45:37.817 [main] INFO  k.p.s.c.buildsystem.ProjectBuilder - main project[sample_test]'s message encoder file[PublicKeyRes][D:\gitsinnori\sinnori\project\sample_test\client_build\web_build\src\main\java\kr\pe\sinnori\impl\message] creation task end
09:45:37.817 [main] INFO  k.p.s.c.buildsystem.ProjectBuilder - main project[sample_test]'s message server codec file[PublicKeyRes][D:\gitsinnori\sinnori\project\sample_test\client_build\web_build\src\main\java\kr\pe\sinnori\impl\message] creation task start
09:45:37.818 [main] INFO  k.p.s.c.buildsystem.ProjectBuilder - main project[sample_test]'s message server codec file[PublicKeyRes][D:\gitsinnori\sinnori\project\sample_test\client_build\web_build\src\main\java\kr\pe\sinnori\impl\message] creation task end
09:45:37.818 [main] INFO  k.p.s.c.buildsystem.ProjectBuilder - main project[sample_test]'s message client codec file[PublicKeyRes][D:\gitsinnori\sinnori\project\sample_test\client_build\web_build\src\main\java\kr\pe\sinnori\impl\message] creation task start
09:45:37.819 [main] INFO  k.p.s.c.buildsystem.ProjectBuilder - main project[sample_test]'s message client codec file[PublicKeyRes][D:\gitsinnori\sinnori\project\sample_test\client_build\web_build\src\main\java\kr\pe\sinnori\impl\message] creation task end
09:45:37.819 [main] INFO  k.p.s.c.buildsystem.ProjectBuilder - main project[sample_test]'s web client message io file set creation task end
09:45:37.819 [main] INFO  k.p.s.c.buildsystem.ProjectBuilder - mainproject[sample_test]'s web client sample source files copy task start
09:45:37.870 [main] INFO  k.p.s.c.buildsystem.ProjectBuilder - mainproject[sample_test]'s web client sample source files copy task end
09:45:37.870 [main] INFO  k.p.s.c.buildsystem.ProjectBuilder - main project[sample_test]'s web client build system files creation task end
09:45:37.870 [main] INFO  k.p.s.c.buildsystem.ProjectBuilder - main project[sample_test]'s web root child direcotry creation task start
09:45:37.871 [main] INFO  k.p.s.common.util.CommonStaticUtil - the new child relative direcotry[D:\gitsinnori\sinnori\project\sample_test][web_app_base/upload] was created successfully
09:45:37.872 [main] INFO  k.p.s.common.util.CommonStaticUtil - the new child relative direcotry[D:\gitsinnori\sinnori\project\sample_test][web_app_base/ROOT/WEB-INF/classes] was created successfully
09:45:37.872 [main] INFO  k.p.s.common.util.CommonStaticUtil - the new child relative direcotry[D:\gitsinnori\sinnori\project\sample_test][web_app_base/ROOT/WEB-INF/lib] was created successfully
09:45:37.872 [main] INFO  k.p.s.c.buildsystem.ProjectBuilder - main project[sample_test]'s web root child direcotry creation task end
09:45:37.872 [main] INFO  k.p.s.c.buildsystem.ProjectBuilder - main project[sample_test]'s web root sample files creation task start
09:45:37.872 [main] INFO  k.p.s.c.buildsystem.ProjectBuilder - main project[sample_test]'s web root sample files copy task start
09:45:37.877 [main] INFO  k.p.s.c.buildsystem.ProjectBuilder - main project[sample_test]'s web root sample files copy task end
09:45:37.877 [main] INFO  k.p.s.c.buildsystem.ProjectBuilder - main project[sample_test]'s web root sample files creation task end
09:45:37.908 [main] INFO  k.p.s.c.buildsystem.ProjectBuilder - main project[sample_test]'s config file overwrite task start
09:45:37.914 [main] INFO  k.p.s.c.buildsystem.ProjectBuilder - main project[sample_test]'s config file overwrite task end
09:45:37.914 [main] INFO  k.p.s.c.buildsystem.ProjectBuilder - main project[sample_test] changeProjectState method end
09:45:37.914 [main] INFO  k.p.s.c.buildsystem.ProjectBuilder - the server ant build.xml file[D:\gitsinnori\sinnori\project\sample_test\server_build\build.xml] is bad :: whetherExist[false] isFile[false]
09:45:37.914 [main] INFO  k.p.s.c.buildsystem.ProjectBuilder - the app client ant build.xml file[D:\gitsinnori\sinnori\project\sample_test\client_build\app_build\build.xml] is bad :: whetherExist[false] isFile[false]
09:45:37.914 [main] INFO  k.p.s.c.buildsystem.ProjectBuilder - main project[sample_test] changeProjectState method start
09:45:37.914 [main] INFO  k.p.s.c.buildsystem.ProjectBuilder - the server ant build.xml file[D:\gitsinnori\sinnori\project\sample_test\server_build\build.xml] is bad :: whetherExist[false] isFile[false]
09:45:37.914 [main] WARN  k.p.s.c.buildsystem.ProjectBuilder - the server buid.xml file[D:\gitsinnori\sinnori\project\sample_test\server_build\build.xml] is bad beacse it doesn't exist or is not a file, so skip deletion of server build system
09:45:37.914 [main] INFO  k.p.s.c.buildsystem.ProjectBuilder - main project[sample_test]'s application build child direcotry creation task start
09:45:37.915 [main] INFO  k.p.s.common.util.CommonStaticUtil - the new child relative direcotry[D:\gitsinnori\sinnori\project\sample_test][client_build/app_build/corelib/ex] was created successfully
09:45:37.915 [main] INFO  k.p.s.common.util.CommonStaticUtil - the new child relative direcotry[D:\gitsinnori\sinnori\project\sample_test][client_build/app_build/corelib/in] was created successfully
09:45:37.916 [main] INFO  k.p.s.common.util.CommonStaticUtil - the new child relative direcotry[D:\gitsinnori\sinnori\project\sample_test][client_build/app_build/lib/main/ex] was created successfully
09:45:37.916 [main] INFO  k.p.s.common.util.CommonStaticUtil - the new child relative direcotry[D:\gitsinnori\sinnori\project\sample_test][client_build/app_build/lib/main/in] was created successfully
09:45:37.917 [main] INFO  k.p.s.common.util.CommonStaticUtil - the new child relative direcotry[D:\gitsinnori\sinnori\project\sample_test][client_build/app_build/lib/test] was created successfully
09:45:37.919 [main] INFO  k.p.s.common.util.CommonStaticUtil - the new child relative direcotry[D:\gitsinnori\sinnori\project\sample_test][client_build/app_build/src/main/java/kr/pe/sinnori/impl/message] was created successfully
09:45:37.919 [main] INFO  k.p.s.common.util.CommonStaticUtil - the new child relative direcotry[D:\gitsinnori\sinnori\project\sample_test][client_build/app_build/src/main/java/main] was created successfully
09:45:37.920 [main] INFO  k.p.s.common.util.CommonStaticUtil - the new child relative direcotry[D:\gitsinnori\sinnori\project\sample_test][client_build/app_build/src/test/java] was created successfully
09:45:37.920 [main] INFO  k.p.s.common.util.CommonStaticUtil - the new child relative direcotry[D:\gitsinnori\sinnori\project\sample_test][client_build/app_build/build] was created successfully
09:45:37.920 [main] INFO  k.p.s.common.util.CommonStaticUtil - the new child relative direcotry[D:\gitsinnori\sinnori\project\sample_test][client_build/app_build/dist] was created successfully
09:45:37.920 [main] INFO  k.p.s.c.buildsystem.ProjectBuilder - main project[sample_test]'s application build child direcotry creation task end
09:45:37.920 [main] INFO  k.p.s.c.buildsystem.ProjectBuilder - mainproject[sample_test]'s application client build system files creation task start
09:45:37.920 [main] INFO  k.p.s.c.buildsystem.ProjectBuilder - main project[sample_test]'s application client ant build.xml file creation task start
09:45:37.921 [main] INFO  k.p.s.c.buildsystem.ProjectBuilder - main project[sample_test]'s application client ant build.xml file creation task end
09:45:37.921 [main] INFO  k.p.s.c.buildsystem.ProjectBuilder - main project[sample_test]'s application client dos shell file creation task start
09:45:37.925 [main] INFO  k.p.s.c.buildsystem.ProjectBuilder - main project[sample_test]'s application client dos shell file creation task end
09:45:37.925 [main] INFO  k.p.s.c.buildsystem.ProjectBuilder - main project[sample_test]'s application client unix shell file creation task start
09:45:37.926 [main] INFO  k.p.s.c.buildsystem.ProjectBuilder - main project[sample_test]'s application client unix shell file creation task end
09:45:37.926 [main] INFO  k.p.s.c.buildsystem.ProjectBuilder - application client sample source files copy task start
09:45:37.936 [main] INFO  k.p.s.c.buildsystem.ProjectBuilder - application client sample source files copy task end
09:45:37.936 [main] INFO  k.p.s.c.buildsystem.ProjectBuilder - main project[sample_test]'s application client message io file set creation task start
09:45:37.936 [main] INFO  k.p.s.common.util.CommonStaticUtil - the new child relative direcotry[D:\gitsinnori\sinnori\project\sample_test\client_build\app_build\src\main\java\kr\pe\sinnori\impl\message][Echo] was created successfully
09:45:37.936 [main] INFO  k.p.s.c.buildsystem.ProjectBuilder - main project[sample_test]'s message file[Echo][D:\gitsinnori\sinnori\project\sample_test\client_build\app_build\src\main\java\kr\pe\sinnori\impl\message] creation task start
09:45:37.939 [main] INFO  k.p.s.c.buildsystem.ProjectBuilder - main project[sample_test]'s message file[Echo][D:\gitsinnori\sinnori\project\sample_test\client_build\app_build\src\main\java\kr\pe\sinnori\impl\message] creation task end
09:45:37.939 [main] INFO  k.p.s.c.buildsystem.ProjectBuilder - main project[sample_test]'s message decoder file[Echo][D:\gitsinnori\sinnori\project\sample_test\client_build\app_build\src\main\java\kr\pe\sinnori\impl\message] creation task start
09:45:37.942 [main] INFO  k.p.s.c.buildsystem.ProjectBuilder - main project[sample_test]'s message decoder file[Echo][D:\gitsinnori\sinnori\project\sample_test\client_build\app_build\src\main\java\kr\pe\sinnori\impl\message] creation task end
09:45:37.942 [main] INFO  k.p.s.c.buildsystem.ProjectBuilder - main project[sample_test]'s message encoder file[Echo][D:\gitsinnori\sinnori\project\sample_test\client_build\app_build\src\main\java\kr\pe\sinnori\impl\message] creation task start
09:45:37.945 [main] INFO  k.p.s.c.buildsystem.ProjectBuilder - main project[sample_test]'s message encoder file[Echo][D:\gitsinnori\sinnori\project\sample_test\client_build\app_build\src\main\java\kr\pe\sinnori\impl\message] creation task end
09:45:38.018 [main] INFO  k.p.s.c.buildsystem.ProjectBuilder - main project[sample_test]'s message server codec file[Echo][D:\gitsinnori\sinnori\project\sample_test\client_build\app_build\src\main\java\kr\pe\sinnori\impl\message] creation task start
09:45:38.020 [main] INFO  k.p.s.c.buildsystem.ProjectBuilder - main project[sample_test]'s message server codec file[Echo][D:\gitsinnori\sinnori\project\sample_test\client_build\app_build\src\main\java\kr\pe\sinnori\impl\message] creation task end
09:45:38.020 [main] INFO  k.p.s.c.buildsystem.ProjectBuilder - main project[sample_test]'s message client codec file[Echo][D:\gitsinnori\sinnori\project\sample_test\client_build\app_build\src\main\java\kr\pe\sinnori\impl\message] creation task start
09:45:38.021 [main] INFO  k.p.s.c.buildsystem.ProjectBuilder - main project[sample_test]'s message client codec file[Echo][D:\gitsinnori\sinnori\project\sample_test\client_build\app_build\src\main\java\kr\pe\sinnori\impl\message] creation task end
09:45:38.021 [main] INFO  k.p.s.common.util.CommonStaticUtil - the new child relative direcotry[D:\gitsinnori\sinnori\project\sample_test\client_build\app_build\src\main\java\kr\pe\sinnori\impl\message][PublicKeyReq] was created successfully
09:45:38.021 [main] INFO  k.p.s.c.buildsystem.ProjectBuilder - main project[sample_test]'s message file[PublicKeyReq][D:\gitsinnori\sinnori\project\sample_test\client_build\app_build\src\main\java\kr\pe\sinnori\impl\message] creation task start
09:45:38.024 [main] INFO  k.p.s.c.buildsystem.ProjectBuilder - main project[sample_test]'s message file[PublicKeyReq][D:\gitsinnori\sinnori\project\sample_test\client_build\app_build\src\main\java\kr\pe\sinnori\impl\message] creation task end
09:45:38.025 [main] INFO  k.p.s.c.buildsystem.ProjectBuilder - main project[sample_test]'s message decoder file[PublicKeyReq][D:\gitsinnori\sinnori\project\sample_test\client_build\app_build\src\main\java\kr\pe\sinnori\impl\message] creation task start
09:45:38.029 [main] INFO  k.p.s.c.buildsystem.ProjectBuilder - main project[sample_test]'s message decoder file[PublicKeyReq][D:\gitsinnori\sinnori\project\sample_test\client_build\app_build\src\main\java\kr\pe\sinnori\impl\message] creation task end
09:45:38.029 [main] INFO  k.p.s.c.buildsystem.ProjectBuilder - main project[sample_test]'s message encoder file[PublicKeyReq][D:\gitsinnori\sinnori\project\sample_test\client_build\app_build\src\main\java\kr\pe\sinnori\impl\message] creation task start
09:45:38.032 [main] INFO  k.p.s.c.buildsystem.ProjectBuilder - main project[sample_test]'s message encoder file[PublicKeyReq][D:\gitsinnori\sinnori\project\sample_test\client_build\app_build\src\main\java\kr\pe\sinnori\impl\message] creation task end
09:45:38.032 [main] INFO  k.p.s.c.buildsystem.ProjectBuilder - main project[sample_test]'s message server codec file[PublicKeyReq][D:\gitsinnori\sinnori\project\sample_test\client_build\app_build\src\main\java\kr\pe\sinnori\impl\message] creation task start
09:45:38.038 [main] INFO  k.p.s.c.buildsystem.ProjectBuilder - main project[sample_test]'s message server codec file[PublicKeyReq][D:\gitsinnori\sinnori\project\sample_test\client_build\app_build\src\main\java\kr\pe\sinnori\impl\message] creation task end
09:45:38.038 [main] INFO  k.p.s.c.buildsystem.ProjectBuilder - main project[sample_test]'s message client codec file[PublicKeyReq][D:\gitsinnori\sinnori\project\sample_test\client_build\app_build\src\main\java\kr\pe\sinnori\impl\message] creation task start
09:45:38.040 [main] INFO  k.p.s.c.buildsystem.ProjectBuilder - main project[sample_test]'s message client codec file[PublicKeyReq][D:\gitsinnori\sinnori\project\sample_test\client_build\app_build\src\main\java\kr\pe\sinnori\impl\message] creation task end
09:45:38.040 [main] INFO  k.p.s.common.util.CommonStaticUtil - the new child relative direcotry[D:\gitsinnori\sinnori\project\sample_test\client_build\app_build\src\main\java\kr\pe\sinnori\impl\message][PublicKeyRes] was created successfully
09:45:38.041 [main] INFO  k.p.s.c.buildsystem.ProjectBuilder - main project[sample_test]'s message file[PublicKeyRes][D:\gitsinnori\sinnori\project\sample_test\client_build\app_build\src\main\java\kr\pe\sinnori\impl\message] creation task start
09:45:38.043 [main] INFO  k.p.s.c.buildsystem.ProjectBuilder - main project[sample_test]'s message file[PublicKeyRes][D:\gitsinnori\sinnori\project\sample_test\client_build\app_build\src\main\java\kr\pe\sinnori\impl\message] creation task end
09:45:38.043 [main] INFO  k.p.s.c.buildsystem.ProjectBuilder - main project[sample_test]'s message decoder file[PublicKeyRes][D:\gitsinnori\sinnori\project\sample_test\client_build\app_build\src\main\java\kr\pe\sinnori\impl\message] creation task start
09:45:38.047 [main] INFO  k.p.s.c.buildsystem.ProjectBuilder - main project[sample_test]'s message decoder file[PublicKeyRes][D:\gitsinnori\sinnori\project\sample_test\client_build\app_build\src\main\java\kr\pe\sinnori\impl\message] creation task end
09:45:38.047 [main] INFO  k.p.s.c.buildsystem.ProjectBuilder - main project[sample_test]'s message encoder file[PublicKeyRes][D:\gitsinnori\sinnori\project\sample_test\client_build\app_build\src\main\java\kr\pe\sinnori\impl\message] creation task start
09:45:38.050 [main] INFO  k.p.s.c.buildsystem.ProjectBuilder - main project[sample_test]'s message encoder file[PublicKeyRes][D:\gitsinnori\sinnori\project\sample_test\client_build\app_build\src\main\java\kr\pe\sinnori\impl\message] creation task end
09:45:38.050 [main] INFO  k.p.s.c.buildsystem.ProjectBuilder - main project[sample_test]'s message server codec file[PublicKeyRes][D:\gitsinnori\sinnori\project\sample_test\client_build\app_build\src\main\java\kr\pe\sinnori\impl\message] creation task start
09:45:38.051 [main] INFO  k.p.s.c.buildsystem.ProjectBuilder - main project[sample_test]'s message server codec file[PublicKeyRes][D:\gitsinnori\sinnori\project\sample_test\client_build\app_build\src\main\java\kr\pe\sinnori\impl\message] creation task end
09:45:38.051 [main] INFO  k.p.s.c.buildsystem.ProjectBuilder - main project[sample_test]'s message client codec file[PublicKeyRes][D:\gitsinnori\sinnori\project\sample_test\client_build\app_build\src\main\java\kr\pe\sinnori\impl\message] creation task start
09:45:38.053 [main] INFO  k.p.s.c.buildsystem.ProjectBuilder - main project[sample_test]'s message client codec file[PublicKeyRes][D:\gitsinnori\sinnori\project\sample_test\client_build\app_build\src\main\java\kr\pe\sinnori\impl\message] creation task end
09:45:38.053 [main] INFO  k.p.s.c.buildsystem.ProjectBuilder - main project[sample_test]'s application client message io file set creation task end
09:45:38.053 [main] INFO  k.p.s.c.buildsystem.ProjectBuilder - mainproject[sample_test]'s application client build system files creation task end
09:45:38.053 [main] INFO  k.p.s.c.buildsystem.ProjectBuilder - main project[sample_test]'s web client build path deletion task start
09:45:38.068 [main] INFO  k.p.s.c.buildsystem.ProjectBuilder - main project[sample_test]'s web client build path deletion task end
09:45:38.068 [main] INFO  k.p.s.c.buildsystem.ProjectBuilder - main project[sample_test]'s web root path deletion task start
09:45:38.069 [main] INFO  k.p.s.c.buildsystem.ProjectBuilder - main project[sample_test]'s web root path deletion task end
09:45:38.069 [main] INFO  k.p.s.c.buildsystem.ProjectBuilder - main project[sample_test]'s config file overwrite task start
09:45:38.073 [main] INFO  k.p.s.c.buildsystem.ProjectBuilder - main project[sample_test]'s config file overwrite task end
09:45:38.073 [main] INFO  k.p.s.c.buildsystem.ProjectBuilder - main project[sample_test] changeProjectState method end
09:45:38.140 [main] INFO  k.p.s.c.buildsystem.ProjectBuilder - the server ant build.xml file[D:\gitsinnori\sinnori\project\sample_test\server_build\build.xml] is bad :: whetherExist[false] isFile[false]
09:45:38.140 [main] INFO  k.p.s.c.buildsystem.ProjectBuilder - the web client ant build.xml file[D:\gitsinnori\sinnori\project\sample_test\client_build\web_build\build.xml] is bad :: whetherExist[false] isFile[false]
09:45:38.140 [main] INFO  k.p.s.c.buildsystem.ProjectBuilder - the web.xml file[D:\gitsinnori\sinnori\project\sample_test\web_app_base\ROOT\WEB-INF\web.xml] located at web root directory is bad :: whetherExist[false] isFile[false]
09:45:38.140 [main] INFO  k.p.s.c.buildsystem.ProjectBuilder - main project[sample_test] changeProjectState method start
09:45:38.140 [main] INFO  k.p.s.c.buildsystem.ProjectBuilder - the server ant build.xml file[D:\gitsinnori\sinnori\project\sample_test\server_build\build.xml] is bad :: whetherExist[false] isFile[false]
09:45:38.140 [main] WARN  k.p.s.c.buildsystem.ProjectBuilder - the server buid.xml file[D:\gitsinnori\sinnori\project\sample_test\server_build\build.xml] is bad beacse it doesn't exist or is not a file, so skip deletion of server build system
09:45:38.140 [main] WARN  k.p.s.c.buildsystem.ProjectBuilder - the app client build path[D:\gitsinnori\sinnori\project\sample_test\client_build\app_build] exist, so skip creation of app client build system
09:45:38.140 [main] INFO  k.p.s.c.buildsystem.ProjectBuilder - main project[sample_test]'s web build child direcotry creation task start
09:45:38.141 [main] INFO  k.p.s.common.util.CommonStaticUtil - the new child relative direcotry[D:\gitsinnori\sinnori\project\sample_test][client_build/web_build/corelib/ex] was created successfully
09:45:38.142 [main] INFO  k.p.s.common.util.CommonStaticUtil - the new child relative direcotry[D:\gitsinnori\sinnori\project\sample_test][client_build/web_build/corelib/in] was created successfully
09:45:38.143 [main] INFO  k.p.s.common.util.CommonStaticUtil - the new child relative direcotry[D:\gitsinnori\sinnori\project\sample_test][client_build/web_build/lib/main/ex] was created successfully
09:45:38.143 [main] INFO  k.p.s.common.util.CommonStaticUtil - the new child relative direcotry[D:\gitsinnori\sinnori\project\sample_test][client_build/web_build/lib/main/in] was created successfully
09:45:38.143 [main] INFO  k.p.s.common.util.CommonStaticUtil - the new child relative direcotry[D:\gitsinnori\sinnori\project\sample_test][client_build/web_build/lib/test] was created successfully
09:45:38.146 [main] INFO  k.p.s.common.util.CommonStaticUtil - the new child relative direcotry[D:\gitsinnori\sinnori\project\sample_test][client_build/web_build/src/main/java/kr/pe/sinnori/impl/message] was created successfully
09:45:38.146 [main] INFO  k.p.s.common.util.CommonStaticUtil - the new child relative direcotry[D:\gitsinnori\sinnori\project\sample_test][client_build/web_build/src/main/java//kr/pe/sinnori/servlet] was created successfully
09:45:38.147 [main] INFO  k.p.s.common.util.CommonStaticUtil - the new child relative direcotry[D:\gitsinnori\sinnori\project\sample_test][client_build/web_build/src/main/java/kr/pe/sinnori/weblib/common] was created successfully
09:45:38.147 [main] INFO  k.p.s.common.util.CommonStaticUtil - the new child relative direcotry[D:\gitsinnori\sinnori\project\sample_test][client_build/web_build/src/main/java/kr/pe/sinnori/weblib/htmlstring] was created successfully
09:45:38.147 [main] INFO  k.p.s.common.util.CommonStaticUtil - the new child relative direcotry[D:\gitsinnori\sinnori\project\sample_test][client_build/web_build/src/main/java/kr/pe/sinnori/weblib/jdf] was created successfully
09:45:38.148 [main] INFO  k.p.s.common.util.CommonStaticUtil - the new child relative direcotry[D:\gitsinnori\sinnori\project\sample_test][client_build/web_build/src/test/java] was created successfully
09:45:38.148 [main] INFO  k.p.s.common.util.CommonStaticUtil - the new child relative direcotry[D:\gitsinnori\sinnori\project\sample_test][client_build/web_build/build] was created successfully
09:45:38.148 [main] INFO  k.p.s.common.util.CommonStaticUtil - the new child relative direcotry[D:\gitsinnori\sinnori\project\sample_test][client_build/web_build/dist] was created successfully
09:45:38.148 [main] INFO  k.p.s.c.buildsystem.ProjectBuilder - main project[sample_test]'s web build child direcotry creation task end
09:45:38.148 [main] INFO  k.p.s.c.buildsystem.ProjectBuilder - main project[sample_test]'s web client build system files creation task start
09:45:38.148 [main] INFO  k.p.s.c.buildsystem.ProjectBuilder - main project[sample_test]'s web client ant build.xml file creation task start
09:45:38.150 [main] INFO  k.p.s.c.buildsystem.ProjectBuilder - main project[sample_test]'s web client ant build.xml file creation task end
09:45:38.150 [main] INFO  k.p.s.c.buildsystem.ProjectBuilder - main project[sample_test]'s web client ant properties file creation task start
09:45:38.151 [main] INFO  k.p.s.c.util.SequencedPropertiesUtil - the sequenced properties file[D:\gitsinnori\sinnori\project\sample_test\client_build\web_build\webAnt.properties] was created
09:45:38.155 [main] INFO  k.p.s.c.buildsystem.ProjectBuilder - main project[sample_test]'s web client ant properties file creation task end
09:45:38.155 [main] INFO  k.p.s.c.buildsystem.ProjectBuilder - main project[sample_test]'s web client message io file set creation task start
09:45:38.155 [main] INFO  k.p.s.common.util.CommonStaticUtil - the new child relative direcotry[D:\gitsinnori\sinnori\project\sample_test\client_build\web_build\src\main\java\kr\pe\sinnori\impl\message][Echo] was created successfully
09:45:38.155 [main] INFO  k.p.s.c.buildsystem.ProjectBuilder - main project[sample_test]'s message file[Echo][D:\gitsinnori\sinnori\project\sample_test\client_build\web_build\src\main\java\kr\pe\sinnori\impl\message] creation task start
09:45:38.158 [main] INFO  k.p.s.c.buildsystem.ProjectBuilder - main project[sample_test]'s message file[Echo][D:\gitsinnori\sinnori\project\sample_test\client_build\web_build\src\main\java\kr\pe\sinnori\impl\message] creation task end
09:45:38.158 [main] INFO  k.p.s.c.buildsystem.ProjectBuilder - main project[sample_test]'s message decoder file[Echo][D:\gitsinnori\sinnori\project\sample_test\client_build\web_build\src\main\java\kr\pe\sinnori\impl\message] creation task start
09:45:38.162 [main] INFO  k.p.s.c.buildsystem.ProjectBuilder - main project[sample_test]'s message decoder file[Echo][D:\gitsinnori\sinnori\project\sample_test\client_build\web_build\src\main\java\kr\pe\sinnori\impl\message] creation task end
09:45:38.162 [main] INFO  k.p.s.c.buildsystem.ProjectBuilder - main project[sample_test]'s message encoder file[Echo][D:\gitsinnori\sinnori\project\sample_test\client_build\web_build\src\main\java\kr\pe\sinnori\impl\message] creation task start
09:45:38.165 [main] INFO  k.p.s.c.buildsystem.ProjectBuilder - main project[sample_test]'s message encoder file[Echo][D:\gitsinnori\sinnori\project\sample_test\client_build\web_build\src\main\java\kr\pe\sinnori\impl\message] creation task end
09:45:38.165 [main] INFO  k.p.s.c.buildsystem.ProjectBuilder - main project[sample_test]'s message server codec file[Echo][D:\gitsinnori\sinnori\project\sample_test\client_build\web_build\src\main\java\kr\pe\sinnori\impl\message] creation task start
09:45:38.166 [main] INFO  k.p.s.c.buildsystem.ProjectBuilder - main project[sample_test]'s message server codec file[Echo][D:\gitsinnori\sinnori\project\sample_test\client_build\web_build\src\main\java\kr\pe\sinnori\impl\message] creation task end
09:45:38.166 [main] INFO  k.p.s.c.buildsystem.ProjectBuilder - main project[sample_test]'s message client codec file[Echo][D:\gitsinnori\sinnori\project\sample_test\client_build\web_build\src\main\java\kr\pe\sinnori\impl\message] creation task start
09:45:38.167 [main] INFO  k.p.s.c.buildsystem.ProjectBuilder - main project[sample_test]'s message client codec file[Echo][D:\gitsinnori\sinnori\project\sample_test\client_build\web_build\src\main\java\kr\pe\sinnori\impl\message] creation task end
09:45:38.168 [main] INFO  k.p.s.common.util.CommonStaticUtil - the new child relative direcotry[D:\gitsinnori\sinnori\project\sample_test\client_build\web_build\src\main\java\kr\pe\sinnori\impl\message][PublicKeyReq] was created successfully
09:45:38.168 [main] INFO  k.p.s.c.buildsystem.ProjectBuilder - main project[sample_test]'s message file[PublicKeyReq][D:\gitsinnori\sinnori\project\sample_test\client_build\web_build\src\main\java\kr\pe\sinnori\impl\message] creation task start
09:45:38.171 [main] INFO  k.p.s.c.buildsystem.ProjectBuilder - main project[sample_test]'s message file[PublicKeyReq][D:\gitsinnori\sinnori\project\sample_test\client_build\web_build\src\main\java\kr\pe\sinnori\impl\message] creation task end
09:45:38.171 [main] INFO  k.p.s.c.buildsystem.ProjectBuilder - main project[sample_test]'s message decoder file[PublicKeyReq][D:\gitsinnori\sinnori\project\sample_test\client_build\web_build\src\main\java\kr\pe\sinnori\impl\message] creation task start
09:45:38.173 [main] INFO  k.p.s.c.buildsystem.ProjectBuilder - main project[sample_test]'s message decoder file[PublicKeyReq][D:\gitsinnori\sinnori\project\sample_test\client_build\web_build\src\main\java\kr\pe\sinnori\impl\message] creation task end
09:45:38.254 [main] INFO  k.p.s.c.buildsystem.ProjectBuilder - main project[sample_test]'s message encoder file[PublicKeyReq][D:\gitsinnori\sinnori\project\sample_test\client_build\web_build\src\main\java\kr\pe\sinnori\impl\message] creation task start
09:45:38.258 [main] INFO  k.p.s.c.buildsystem.ProjectBuilder - main project[sample_test]'s message encoder file[PublicKeyReq][D:\gitsinnori\sinnori\project\sample_test\client_build\web_build\src\main\java\kr\pe\sinnori\impl\message] creation task end
09:45:38.259 [main] INFO  k.p.s.c.buildsystem.ProjectBuilder - main project[sample_test]'s message server codec file[PublicKeyReq][D:\gitsinnori\sinnori\project\sample_test\client_build\web_build\src\main\java\kr\pe\sinnori\impl\message] creation task start
09:45:38.260 [main] INFO  k.p.s.c.buildsystem.ProjectBuilder - main project[sample_test]'s message server codec file[PublicKeyReq][D:\gitsinnori\sinnori\project\sample_test\client_build\web_build\src\main\java\kr\pe\sinnori\impl\message] creation task end
09:45:38.260 [main] INFO  k.p.s.c.buildsystem.ProjectBuilder - main project[sample_test]'s message client codec file[PublicKeyReq][D:\gitsinnori\sinnori\project\sample_test\client_build\web_build\src\main\java\kr\pe\sinnori\impl\message] creation task start
09:45:38.262 [main] INFO  k.p.s.c.buildsystem.ProjectBuilder - main project[sample_test]'s message client codec file[PublicKeyReq][D:\gitsinnori\sinnori\project\sample_test\client_build\web_build\src\main\java\kr\pe\sinnori\impl\message] creation task end
09:45:38.262 [main] INFO  k.p.s.common.util.CommonStaticUtil - the new child relative direcotry[D:\gitsinnori\sinnori\project\sample_test\client_build\web_build\src\main\java\kr\pe\sinnori\impl\message][PublicKeyRes] was created successfully
09:45:38.263 [main] INFO  k.p.s.c.buildsystem.ProjectBuilder - main project[sample_test]'s message file[PublicKeyRes][D:\gitsinnori\sinnori\project\sample_test\client_build\web_build\src\main\java\kr\pe\sinnori\impl\message] creation task start
09:45:38.266 [main] INFO  k.p.s.c.buildsystem.ProjectBuilder - main project[sample_test]'s message file[PublicKeyRes][D:\gitsinnori\sinnori\project\sample_test\client_build\web_build\src\main\java\kr\pe\sinnori\impl\message] creation task end
09:45:38.267 [main] INFO  k.p.s.c.buildsystem.ProjectBuilder - main project[sample_test]'s message decoder file[PublicKeyRes][D:\gitsinnori\sinnori\project\sample_test\client_build\web_build\src\main\java\kr\pe\sinnori\impl\message] creation task start
09:45:38.269 [main] INFO  k.p.s.c.buildsystem.ProjectBuilder - main project[sample_test]'s message decoder file[PublicKeyRes][D:\gitsinnori\sinnori\project\sample_test\client_build\web_build\src\main\java\kr\pe\sinnori\impl\message] creation task end
09:45:38.270 [main] INFO  k.p.s.c.buildsystem.ProjectBuilder - main project[sample_test]'s message encoder file[PublicKeyRes][D:\gitsinnori\sinnori\project\sample_test\client_build\web_build\src\main\java\kr\pe\sinnori\impl\message] creation task start
09:45:38.273 [main] INFO  k.p.s.c.buildsystem.ProjectBuilder - main project[sample_test]'s message encoder file[PublicKeyRes][D:\gitsinnori\sinnori\project\sample_test\client_build\web_build\src\main\java\kr\pe\sinnori\impl\message] creation task end
09:45:38.273 [main] INFO  k.p.s.c.buildsystem.ProjectBuilder - main project[sample_test]'s message server codec file[PublicKeyRes][D:\gitsinnori\sinnori\project\sample_test\client_build\web_build\src\main\java\kr\pe\sinnori\impl\message] creation task start
09:45:38.274 [main] INFO  k.p.s.c.buildsystem.ProjectBuilder - main project[sample_test]'s message server codec file[PublicKeyRes][D:\gitsinnori\sinnori\project\sample_test\client_build\web_build\src\main\java\kr\pe\sinnori\impl\message] creation task end
09:45:38.274 [main] INFO  k.p.s.c.buildsystem.ProjectBuilder - main project[sample_test]'s message client codec file[PublicKeyRes][D:\gitsinnori\sinnori\project\sample_test\client_build\web_build\src\main\java\kr\pe\sinnori\impl\message] creation task start
09:45:38.276 [main] INFO  k.p.s.c.buildsystem.ProjectBuilder - main project[sample_test]'s message client codec file[PublicKeyRes][D:\gitsinnori\sinnori\project\sample_test\client_build\web_build\src\main\java\kr\pe\sinnori\impl\message] creation task end
09:45:38.276 [main] INFO  k.p.s.c.buildsystem.ProjectBuilder - main project[sample_test]'s web client message io file set creation task end
09:45:38.276 [main] INFO  k.p.s.c.buildsystem.ProjectBuilder - mainproject[sample_test]'s web client sample source files copy task start
09:45:38.330 [main] INFO  k.p.s.c.buildsystem.ProjectBuilder - mainproject[sample_test]'s web client sample source files copy task end
09:45:38.330 [main] INFO  k.p.s.c.buildsystem.ProjectBuilder - main project[sample_test]'s web client build system files creation task end
09:45:38.330 [main] INFO  k.p.s.c.buildsystem.ProjectBuilder - main project[sample_test]'s web root child direcotry creation task start
09:45:38.330 [main] INFO  k.p.s.common.util.CommonStaticUtil - the child relative direcotry[D:\gitsinnori\sinnori\project\sample_test][web_app_base/upload] exist, so nothing
09:45:38.331 [main] INFO  k.p.s.common.util.CommonStaticUtil - the new child relative direcotry[D:\gitsinnori\sinnori\project\sample_test][web_app_base/ROOT/WEB-INF/classes] was created successfully
09:45:38.331 [main] INFO  k.p.s.common.util.CommonStaticUtil - the new child relative direcotry[D:\gitsinnori\sinnori\project\sample_test][web_app_base/ROOT/WEB-INF/lib] was created successfully
09:45:38.332 [main] INFO  k.p.s.c.buildsystem.ProjectBuilder - main project[sample_test]'s web root child direcotry creation task end
09:45:38.332 [main] INFO  k.p.s.c.buildsystem.ProjectBuilder - main project[sample_test]'s web root sample files creation task start
09:45:38.332 [main] INFO  k.p.s.c.buildsystem.ProjectBuilder - main project[sample_test]'s web root sample files copy task start
09:45:38.338 [main] INFO  k.p.s.c.buildsystem.ProjectBuilder - main project[sample_test]'s web root sample files copy task end
09:45:38.338 [main] INFO  k.p.s.c.buildsystem.ProjectBuilder - main project[sample_test]'s web root sample files creation task end
09:45:38.338 [main] INFO  k.p.s.c.buildsystem.ProjectBuilder - main project[sample_test]'s config file overwrite task start
09:45:38.342 [main] INFO  k.p.s.c.buildsystem.ProjectBuilder - main project[sample_test]'s config file overwrite task end
09:45:38.342 [main] INFO  k.p.s.c.buildsystem.ProjectBuilder - main project[sample_test] changeProjectState method end
09:45:38.342 [main] INFO  k.p.s.c.buildsystem.ProjectBuilder - the server ant build.xml file[D:\gitsinnori\sinnori\project\sample_test\server_build\build.xml] is bad :: whetherExist[false] isFile[false]
09:45:38.368 [main] INFO  k.p.s.c.buildsystem.ProjectBuilder - main project[sample_test] changeProjectState method start
09:45:38.368 [main] INFO  k.p.s.c.buildsystem.ProjectBuilder - main project[sample_test]'s server child direcotry creation task start
09:45:38.369 [main] INFO  k.p.s.common.util.CommonStaticUtil - the new child relative direcotry[D:\gitsinnori\sinnori\project\sample_test][server_build/APP-INF/classes] was created successfully
09:45:38.370 [main] INFO  k.p.s.common.util.CommonStaticUtil - the new child relative direcotry[D:\gitsinnori\sinnori\project\sample_test][server_build/corelib/ex] was created successfully
09:45:38.370 [main] INFO  k.p.s.common.util.CommonStaticUtil - the new child relative direcotry[D:\gitsinnori\sinnori\project\sample_test][server_build/corelib/in] was created successfully
09:45:38.372 [main] INFO  k.p.s.common.util.CommonStaticUtil - the new child relative direcotry[D:\gitsinnori\sinnori\project\sample_test][server_build/lib/main/ex] was created successfully
09:45:38.372 [main] INFO  k.p.s.common.util.CommonStaticUtil - the new child relative direcotry[D:\gitsinnori\sinnori\project\sample_test][server_build/lib/main/in] was created successfully
09:45:38.373 [main] INFO  k.p.s.common.util.CommonStaticUtil - the new child relative direcotry[D:\gitsinnori\sinnori\project\sample_test][server_build/lib/test] was created successfully
09:45:38.376 [main] INFO  k.p.s.common.util.CommonStaticUtil - the new child relative direcotry[D:\gitsinnori\sinnori\project\sample_test][server_build/src/main/java/kr/pe/sinnori/impl/servertask] was created successfully
09:45:38.376 [main] INFO  k.p.s.common.util.CommonStaticUtil - the new child relative direcotry[D:\gitsinnori\sinnori\project\sample_test][server_build/src/main/java/kr/pe/sinnori/impl/message] was created successfully
09:45:38.376 [main] INFO  k.p.s.common.util.CommonStaticUtil - the new child relative direcotry[D:\gitsinnori\sinnori\project\sample_test][server_build/src/main/java/main] was created successfully
09:45:38.377 [main] INFO  k.p.s.common.util.CommonStaticUtil - the new child relative direcotry[D:\gitsinnori\sinnori\project\sample_test][server_build/src/test/java] was created successfully
09:45:38.377 [main] INFO  k.p.s.common.util.CommonStaticUtil - the new child relative direcotry[D:\gitsinnori\sinnori\project\sample_test][server_build/build] was created successfully
09:45:38.377 [main] INFO  k.p.s.common.util.CommonStaticUtil - the new child relative direcotry[D:\gitsinnori\sinnori\project\sample_test][server_build/dist] was created successfully
09:45:38.377 [main] INFO  k.p.s.c.buildsystem.ProjectBuilder - main project[sample_test]'s server child direcotry creation task end
09:45:38.377 [main] INFO  k.p.s.c.buildsystem.ProjectBuilder - server build system files creation task start
09:45:38.377 [main] INFO  k.p.s.c.buildsystem.ProjectBuilder - main project[sample_test]'s server ant build.xml file creation task start
09:45:38.379 [main] INFO  k.p.s.c.buildsystem.ProjectBuilder - main project[sample_test]'s server ant build.xml file creation task end
09:45:38.379 [main] INFO  k.p.s.c.buildsystem.ProjectBuilder - main project[sample_test]'s server dos shell file creation task start
09:45:38.381 [main] INFO  k.p.s.c.buildsystem.ProjectBuilder - main project[sample_test]'s server dos shell file creation task end
09:45:38.381 [main] INFO  k.p.s.c.buildsystem.ProjectBuilder - main project[sample_test]'s server unix shell file creation task start
09:45:38.383 [main] INFO  k.p.s.c.buildsystem.ProjectBuilder - main project[sample_test]'s server unix shell file creation task end
09:45:38.383 [main] INFO  k.p.s.c.buildsystem.ProjectBuilder - server sample source files copy task start
09:45:38.397 [main] INFO  k.p.s.c.buildsystem.ProjectBuilder - server sample source files copy task end
09:45:38.397 [main] INFO  k.p.s.c.buildsystem.ProjectBuilder - main project[sample_test]'s server message io file set creation task start
09:45:38.397 [main] INFO  k.p.s.common.util.CommonStaticUtil - the new child relative direcotry[D:\gitsinnori\sinnori\project\sample_test\server_build\src\main\java\kr\pe\sinnori\impl\message][Echo] was created successfully
09:45:38.397 [main] INFO  k.p.s.c.buildsystem.ProjectBuilder - main project[sample_test]'s message file[Echo][D:\gitsinnori\sinnori\project\sample_test\server_build\src\main\java\kr\pe\sinnori\impl\message] creation task start
09:45:38.402 [main] INFO  k.p.s.c.buildsystem.ProjectBuilder - main project[sample_test]'s message file[Echo][D:\gitsinnori\sinnori\project\sample_test\server_build\src\main\java\kr\pe\sinnori\impl\message] creation task end
09:45:38.402 [main] INFO  k.p.s.c.buildsystem.ProjectBuilder - main project[sample_test]'s message decoder file[Echo][D:\gitsinnori\sinnori\project\sample_test\server_build\src\main\java\kr\pe\sinnori\impl\message] creation task start
09:45:38.405 [main] INFO  k.p.s.c.buildsystem.ProjectBuilder - main project[sample_test]'s message decoder file[Echo][D:\gitsinnori\sinnori\project\sample_test\server_build\src\main\java\kr\pe\sinnori\impl\message] creation task end
09:45:38.406 [main] INFO  k.p.s.c.buildsystem.ProjectBuilder - main project[sample_test]'s message encoder file[Echo][D:\gitsinnori\sinnori\project\sample_test\server_build\src\main\java\kr\pe\sinnori\impl\message] creation task start
09:45:38.409 [main] INFO  k.p.s.c.buildsystem.ProjectBuilder - main project[sample_test]'s message encoder file[Echo][D:\gitsinnori\sinnori\project\sample_test\server_build\src\main\java\kr\pe\sinnori\impl\message] creation task end
09:45:38.409 [main] INFO  k.p.s.c.buildsystem.ProjectBuilder - main project[sample_test]'s message server codec file[Echo][D:\gitsinnori\sinnori\project\sample_test\server_build\src\main\java\kr\pe\sinnori\impl\message] creation task start
09:45:38.410 [main] INFO  k.p.s.c.buildsystem.ProjectBuilder - main project[sample_test]'s message server codec file[Echo][D:\gitsinnori\sinnori\project\sample_test\server_build\src\main\java\kr\pe\sinnori\impl\message] creation task end
09:45:38.410 [main] INFO  k.p.s.c.buildsystem.ProjectBuilder - main project[sample_test]'s message client codec file[Echo][D:\gitsinnori\sinnori\project\sample_test\server_build\src\main\java\kr\pe\sinnori\impl\message] creation task start
09:45:38.411 [main] INFO  k.p.s.c.buildsystem.ProjectBuilder - main project[sample_test]'s message client codec file[Echo][D:\gitsinnori\sinnori\project\sample_test\server_build\src\main\java\kr\pe\sinnori\impl\message] creation task end
09:45:38.412 [main] INFO  k.p.s.common.util.CommonStaticUtil - the new child relative direcotry[D:\gitsinnori\sinnori\project\sample_test\server_build\src\main\java\kr\pe\sinnori\impl\message][PublicKeyReq] was created successfully
09:45:38.412 [main] INFO  k.p.s.c.buildsystem.ProjectBuilder - main project[sample_test]'s message file[PublicKeyReq][D:\gitsinnori\sinnori\project\sample_test\server_build\src\main\java\kr\pe\sinnori\impl\message] creation task start
09:45:38.414 [main] INFO  k.p.s.c.buildsystem.ProjectBuilder - main project[sample_test]'s message file[PublicKeyReq][D:\gitsinnori\sinnori\project\sample_test\server_build\src\main\java\kr\pe\sinnori\impl\message] creation task end
09:45:38.415 [main] INFO  k.p.s.c.buildsystem.ProjectBuilder - main project[sample_test]'s message decoder file[PublicKeyReq][D:\gitsinnori\sinnori\project\sample_test\server_build\src\main\java\kr\pe\sinnori\impl\message] creation task start
09:45:38.418 [main] INFO  k.p.s.c.buildsystem.ProjectBuilder - main project[sample_test]'s message decoder file[PublicKeyReq][D:\gitsinnori\sinnori\project\sample_test\server_build\src\main\java\kr\pe\sinnori\impl\message] creation task end
09:45:38.418 [main] INFO  k.p.s.c.buildsystem.ProjectBuilder - main project[sample_test]'s message encoder file[PublicKeyReq][D:\gitsinnori\sinnori\project\sample_test\server_build\src\main\java\kr\pe\sinnori\impl\message] creation task start
09:45:38.422 [main] INFO  k.p.s.c.buildsystem.ProjectBuilder - main project[sample_test]'s message encoder file[PublicKeyReq][D:\gitsinnori\sinnori\project\sample_test\server_build\src\main\java\kr\pe\sinnori\impl\message] creation task end
09:45:38.422 [main] INFO  k.p.s.c.buildsystem.ProjectBuilder - main project[sample_test]'s message server codec file[PublicKeyReq][D:\gitsinnori\sinnori\project\sample_test\server_build\src\main\java\kr\pe\sinnori\impl\message] creation task start
09:45:38.423 [main] INFO  k.p.s.c.buildsystem.ProjectBuilder - main project[sample_test]'s message server codec file[PublicKeyReq][D:\gitsinnori\sinnori\project\sample_test\server_build\src\main\java\kr\pe\sinnori\impl\message] creation task end
09:45:38.502 [main] INFO  k.p.s.c.buildsystem.ProjectBuilder - main project[sample_test]'s message client codec file[PublicKeyReq][D:\gitsinnori\sinnori\project\sample_test\server_build\src\main\java\kr\pe\sinnori\impl\message] creation task start
09:45:38.505 [main] INFO  k.p.s.c.buildsystem.ProjectBuilder - main project[sample_test]'s message client codec file[PublicKeyReq][D:\gitsinnori\sinnori\project\sample_test\server_build\src\main\java\kr\pe\sinnori\impl\message] creation task end
09:45:38.505 [main] INFO  k.p.s.common.util.CommonStaticUtil - the new child relative direcotry[D:\gitsinnori\sinnori\project\sample_test\server_build\src\main\java\kr\pe\sinnori\impl\message][PublicKeyRes] was created successfully
09:45:38.505 [main] INFO  k.p.s.c.buildsystem.ProjectBuilder - main project[sample_test]'s message file[PublicKeyRes][D:\gitsinnori\sinnori\project\sample_test\server_build\src\main\java\kr\pe\sinnori\impl\message] creation task start
09:45:38.510 [main] INFO  k.p.s.c.buildsystem.ProjectBuilder - main project[sample_test]'s message file[PublicKeyRes][D:\gitsinnori\sinnori\project\sample_test\server_build\src\main\java\kr\pe\sinnori\impl\message] creation task end
09:45:38.510 [main] INFO  k.p.s.c.buildsystem.ProjectBuilder - main project[sample_test]'s message decoder file[PublicKeyRes][D:\gitsinnori\sinnori\project\sample_test\server_build\src\main\java\kr\pe\sinnori\impl\message] creation task start
09:45:38.513 [main] INFO  k.p.s.c.buildsystem.ProjectBuilder - main project[sample_test]'s message decoder file[PublicKeyRes][D:\gitsinnori\sinnori\project\sample_test\server_build\src\main\java\kr\pe\sinnori\impl\message] creation task end
09:45:38.513 [main] INFO  k.p.s.c.buildsystem.ProjectBuilder - main project[sample_test]'s message encoder file[PublicKeyRes][D:\gitsinnori\sinnori\project\sample_test\server_build\src\main\java\kr\pe\sinnori\impl\message] creation task start
09:45:38.517 [main] INFO  k.p.s.c.buildsystem.ProjectBuilder - main project[sample_test]'s message encoder file[PublicKeyRes][D:\gitsinnori\sinnori\project\sample_test\server_build\src\main\java\kr\pe\sinnori\impl\message] creation task end
09:45:38.517 [main] INFO  k.p.s.c.buildsystem.ProjectBuilder - main project[sample_test]'s message server codec file[PublicKeyRes][D:\gitsinnori\sinnori\project\sample_test\server_build\src\main\java\kr\pe\sinnori\impl\message] creation task start
09:45:38.518 [main] INFO  k.p.s.c.buildsystem.ProjectBuilder - main project[sample_test]'s message server codec file[PublicKeyRes][D:\gitsinnori\sinnori\project\sample_test\server_build\src\main\java\kr\pe\sinnori\impl\message] creation task end
09:45:38.518 [main] INFO  k.p.s.c.buildsystem.ProjectBuilder - main project[sample_test]'s message client codec file[PublicKeyRes][D:\gitsinnori\sinnori\project\sample_test\server_build\src\main\java\kr\pe\sinnori\impl\message] creation task start
09:45:38.519 [main] INFO  k.p.s.c.buildsystem.ProjectBuilder - main project[sample_test]'s message client codec file[PublicKeyRes][D:\gitsinnori\sinnori\project\sample_test\server_build\src\main\java\kr\pe\sinnori\impl\message] creation task end
09:45:38.519 [main] INFO  k.p.s.c.buildsystem.ProjectBuilder - main project[sample_test]'s server message io file set creation task end
09:45:38.519 [main] INFO  k.p.s.c.buildsystem.ProjectBuilder - server build system files creation task end
09:45:38.520 [main] INFO  k.p.s.c.buildsystem.ProjectBuilder - mainproject[sample_test]'s application client build path deletion task start
09:45:38.529 [main] INFO  k.p.s.c.buildsystem.ProjectBuilder - mainproject[sample_test]'s application client build path deletion task end
09:45:38.529 [main] INFO  k.p.s.c.buildsystem.ProjectBuilder - main project[sample_test]'s web client build path deletion task start
09:45:38.543 [main] INFO  k.p.s.c.buildsystem.ProjectBuilder - main project[sample_test]'s web client build path deletion task end
09:45:38.543 [main] INFO  k.p.s.c.buildsystem.ProjectBuilder - main project[sample_test]'s web root path deletion task start
09:45:38.545 [main] INFO  k.p.s.c.buildsystem.ProjectBuilder - main project[sample_test]'s web root path deletion task end
09:45:38.545 [main] INFO  k.p.s.c.buildsystem.ProjectBuilder - main project[sample_test]'s config file overwrite task start
09:45:38.549 [main] INFO  k.p.s.c.buildsystem.ProjectBuilder - main project[sample_test]'s config file overwrite task end
09:45:38.549 [main] INFO  k.p.s.c.buildsystem.ProjectBuilder - main project[sample_test] changeProjectState method end
09:45:38.549 [main] INFO  k.p.s.c.buildsystem.ProjectBuilder - the app client ant build.xml file[D:\gitsinnori\sinnori\project\sample_test\client_build\app_build\build.xml] is bad :: whetherExist[false] isFile[false]
09:45:38.549 [main] INFO  k.p.s.c.buildsystem.ProjectBuilder - the web client ant build.xml file[D:\gitsinnori\sinnori\project\sample_test\client_build\web_build\build.xml] is bad :: whetherExist[false] isFile[false]
09:45:38.549 [main] INFO  k.p.s.c.buildsystem.ProjectBuilder - the web.xml file[D:\gitsinnori\sinnori\project\sample_test\web_app_base\ROOT\WEB-INF\web.xml] located at web root directory is bad :: whetherExist[false] isFile[false]
09:45:38.549 [main] INFO  k.p.s.c.buildsystem.ProjectBuilder - main project[sample_test] changeProjectState method start
09:45:38.549 [main] WARN  k.p.s.c.buildsystem.ProjectBuilder - the server build path[D:\gitsinnori\sinnori\project\sample_test\server_build] exist, so skip creation of server build system
09:45:38.549 [main] INFO  k.p.s.c.buildsystem.ProjectBuilder - the app client ant build.xml file[D:\gitsinnori\sinnori\project\sample_test\client_build\app_build\build.xml] is bad :: whetherExist[false] isFile[false]
09:45:38.549 [main] WARN  k.p.s.c.buildsystem.ProjectBuilder - the app client buid.xml file[D:\gitsinnori\sinnori\project\sample_test\client_build\app_build\build.xml] is bad beacse it doesn't exist or is not a file, so skip deletion of app client build system
09:45:38.549 [main] INFO  k.p.s.c.buildsystem.ProjectBuilder - main project[sample_test]'s web build child direcotry creation task start
09:45:38.617 [main] INFO  k.p.s.common.util.CommonStaticUtil - the new child relative direcotry[D:\gitsinnori\sinnori\project\sample_test][client_build/web_build/corelib/ex] was created successfully
09:45:38.618 [main] INFO  k.p.s.common.util.CommonStaticUtil - the new child relative direcotry[D:\gitsinnori\sinnori\project\sample_test][client_build/web_build/corelib/in] was created successfully
09:45:38.619 [main] INFO  k.p.s.common.util.CommonStaticUtil - the new child relative direcotry[D:\gitsinnori\sinnori\project\sample_test][client_build/web_build/lib/main/ex] was created successfully
09:45:38.619 [main] INFO  k.p.s.common.util.CommonStaticUtil - the new child relative direcotry[D:\gitsinnori\sinnori\project\sample_test][client_build/web_build/lib/main/in] was created successfully
09:45:38.619 [main] INFO  k.p.s.common.util.CommonStaticUtil - the new child relative direcotry[D:\gitsinnori\sinnori\project\sample_test][client_build/web_build/lib/test] was created successfully
09:45:38.623 [main] INFO  k.p.s.common.util.CommonStaticUtil - the new child relative direcotry[D:\gitsinnori\sinnori\project\sample_test][client_build/web_build/src/main/java/kr/pe/sinnori/impl/message] was created successfully
09:45:38.623 [main] INFO  k.p.s.common.util.CommonStaticUtil - the new child relative direcotry[D:\gitsinnori\sinnori\project\sample_test][client_build/web_build/src/main/java//kr/pe/sinnori/servlet] was created successfully
09:45:38.624 [main] INFO  k.p.s.common.util.CommonStaticUtil - the new child relative direcotry[D:\gitsinnori\sinnori\project\sample_test][client_build/web_build/src/main/java/kr/pe/sinnori/weblib/common] was created successfully
09:45:38.624 [main] INFO  k.p.s.common.util.CommonStaticUtil - the new child relative direcotry[D:\gitsinnori\sinnori\project\sample_test][client_build/web_build/src/main/java/kr/pe/sinnori/weblib/htmlstring] was created successfully
09:45:38.624 [main] INFO  k.p.s.common.util.CommonStaticUtil - the new child relative direcotry[D:\gitsinnori\sinnori\project\sample_test][client_build/web_build/src/main/java/kr/pe/sinnori/weblib/jdf] was created successfully
09:45:38.625 [main] INFO  k.p.s.common.util.CommonStaticUtil - the new child relative direcotry[D:\gitsinnori\sinnori\project\sample_test][client_build/web_build/src/test/java] was created successfully
09:45:38.625 [main] INFO  k.p.s.common.util.CommonStaticUtil - the new child relative direcotry[D:\gitsinnori\sinnori\project\sample_test][client_build/web_build/build] was created successfully
09:45:38.625 [main] INFO  k.p.s.common.util.CommonStaticUtil - the new child relative direcotry[D:\gitsinnori\sinnori\project\sample_test][client_build/web_build/dist] was created successfully
09:45:38.625 [main] INFO  k.p.s.c.buildsystem.ProjectBuilder - main project[sample_test]'s web build child direcotry creation task end
09:45:38.626 [main] INFO  k.p.s.c.buildsystem.ProjectBuilder - main project[sample_test]'s web client build system files creation task start
09:45:38.626 [main] INFO  k.p.s.c.buildsystem.ProjectBuilder - main project[sample_test]'s web client ant build.xml file creation task start
09:45:38.627 [main] INFO  k.p.s.c.buildsystem.ProjectBuilder - main project[sample_test]'s web client ant build.xml file creation task end
09:45:38.627 [main] INFO  k.p.s.c.buildsystem.ProjectBuilder - main project[sample_test]'s web client ant properties file creation task start
09:45:38.628 [main] INFO  k.p.s.c.util.SequencedPropertiesUtil - the sequenced properties file[D:\gitsinnori\sinnori\project\sample_test\client_build\web_build\webAnt.properties] was created
09:45:38.629 [main] INFO  k.p.s.c.buildsystem.ProjectBuilder - main project[sample_test]'s web client ant properties file creation task end
09:45:38.629 [main] INFO  k.p.s.c.buildsystem.ProjectBuilder - main project[sample_test]'s web client message io file set creation task start
09:45:38.629 [main] INFO  k.p.s.common.util.CommonStaticUtil - the new child relative direcotry[D:\gitsinnori\sinnori\project\sample_test\client_build\web_build\src\main\java\kr\pe\sinnori\impl\message][Echo] was created successfully
09:45:38.629 [main] INFO  k.p.s.c.buildsystem.ProjectBuilder - main project[sample_test]'s message file[Echo][D:\gitsinnori\sinnori\project\sample_test\client_build\web_build\src\main\java\kr\pe\sinnori\impl\message] creation task start
09:45:38.632 [main] INFO  k.p.s.c.buildsystem.ProjectBuilder - main project[sample_test]'s message file[Echo][D:\gitsinnori\sinnori\project\sample_test\client_build\web_build\src\main\java\kr\pe\sinnori\impl\message] creation task end
09:45:38.632 [main] INFO  k.p.s.c.buildsystem.ProjectBuilder - main project[sample_test]'s message decoder file[Echo][D:\gitsinnori\sinnori\project\sample_test\client_build\web_build\src\main\java\kr\pe\sinnori\impl\message] creation task start
09:45:38.635 [main] INFO  k.p.s.c.buildsystem.ProjectBuilder - main project[sample_test]'s message decoder file[Echo][D:\gitsinnori\sinnori\project\sample_test\client_build\web_build\src\main\java\kr\pe\sinnori\impl\message] creation task end
09:45:38.635 [main] INFO  k.p.s.c.buildsystem.ProjectBuilder - main project[sample_test]'s message encoder file[Echo][D:\gitsinnori\sinnori\project\sample_test\client_build\web_build\src\main\java\kr\pe\sinnori\impl\message] creation task start
09:45:38.640 [main] INFO  k.p.s.c.buildsystem.ProjectBuilder - main project[sample_test]'s message encoder file[Echo][D:\gitsinnori\sinnori\project\sample_test\client_build\web_build\src\main\java\kr\pe\sinnori\impl\message] creation task end
09:45:38.641 [main] INFO  k.p.s.c.buildsystem.ProjectBuilder - main project[sample_test]'s message server codec file[Echo][D:\gitsinnori\sinnori\project\sample_test\client_build\web_build\src\main\java\kr\pe\sinnori\impl\message] creation task start
09:45:38.642 [main] INFO  k.p.s.c.buildsystem.ProjectBuilder - main project[sample_test]'s message server codec file[Echo][D:\gitsinnori\sinnori\project\sample_test\client_build\web_build\src\main\java\kr\pe\sinnori\impl\message] creation task end
09:45:38.642 [main] INFO  k.p.s.c.buildsystem.ProjectBuilder - main project[sample_test]'s message client codec file[Echo][D:\gitsinnori\sinnori\project\sample_test\client_build\web_build\src\main\java\kr\pe\sinnori\impl\message] creation task start
09:45:38.643 [main] INFO  k.p.s.c.buildsystem.ProjectBuilder - main project[sample_test]'s message client codec file[Echo][D:\gitsinnori\sinnori\project\sample_test\client_build\web_build\src\main\java\kr\pe\sinnori\impl\message] creation task end
09:45:38.643 [main] INFO  k.p.s.common.util.CommonStaticUtil - the new child relative direcotry[D:\gitsinnori\sinnori\project\sample_test\client_build\web_build\src\main\java\kr\pe\sinnori\impl\message][PublicKeyReq] was created successfully
09:45:38.643 [main] INFO  k.p.s.c.buildsystem.ProjectBuilder - main project[sample_test]'s message file[PublicKeyReq][D:\gitsinnori\sinnori\project\sample_test\client_build\web_build\src\main\java\kr\pe\sinnori\impl\message] creation task start
09:45:38.646 [main] INFO  k.p.s.c.buildsystem.ProjectBuilder - main project[sample_test]'s message file[PublicKeyReq][D:\gitsinnori\sinnori\project\sample_test\client_build\web_build\src\main\java\kr\pe\sinnori\impl\message] creation task end
09:45:38.647 [main] INFO  k.p.s.c.buildsystem.ProjectBuilder - main project[sample_test]'s message decoder file[PublicKeyReq][D:\gitsinnori\sinnori\project\sample_test\client_build\web_build\src\main\java\kr\pe\sinnori\impl\message] creation task start
09:45:38.650 [main] INFO  k.p.s.c.buildsystem.ProjectBuilder - main project[sample_test]'s message decoder file[PublicKeyReq][D:\gitsinnori\sinnori\project\sample_test\client_build\web_build\src\main\java\kr\pe\sinnori\impl\message] creation task end
09:45:38.650 [main] INFO  k.p.s.c.buildsystem.ProjectBuilder - main project[sample_test]'s message encoder file[PublicKeyReq][D:\gitsinnori\sinnori\project\sample_test\client_build\web_build\src\main\java\kr\pe\sinnori\impl\message] creation task start
09:45:38.652 [main] INFO  k.p.s.c.buildsystem.ProjectBuilder - main project[sample_test]'s message encoder file[PublicKeyReq][D:\gitsinnori\sinnori\project\sample_test\client_build\web_build\src\main\java\kr\pe\sinnori\impl\message] creation task end
09:45:38.652 [main] INFO  k.p.s.c.buildsystem.ProjectBuilder - main project[sample_test]'s message server codec file[PublicKeyReq][D:\gitsinnori\sinnori\project\sample_test\client_build\web_build\src\main\java\kr\pe\sinnori\impl\message] creation task start
09:45:38.734 [main] INFO  k.p.s.c.buildsystem.ProjectBuilder - main project[sample_test]'s message server codec file[PublicKeyReq][D:\gitsinnori\sinnori\project\sample_test\client_build\web_build\src\main\java\kr\pe\sinnori\impl\message] creation task end
09:45:38.734 [main] INFO  k.p.s.c.buildsystem.ProjectBuilder - main project[sample_test]'s message client codec file[PublicKeyReq][D:\gitsinnori\sinnori\project\sample_test\client_build\web_build\src\main\java\kr\pe\sinnori\impl\message] creation task start
09:45:38.736 [main] INFO  k.p.s.c.buildsystem.ProjectBuilder - main project[sample_test]'s message client codec file[PublicKeyReq][D:\gitsinnori\sinnori\project\sample_test\client_build\web_build\src\main\java\kr\pe\sinnori\impl\message] creation task end
09:45:38.737 [main] INFO  k.p.s.common.util.CommonStaticUtil - the new child relative direcotry[D:\gitsinnori\sinnori\project\sample_test\client_build\web_build\src\main\java\kr\pe\sinnori\impl\message][PublicKeyRes] was created successfully
09:45:38.737 [main] INFO  k.p.s.c.buildsystem.ProjectBuilder - main project[sample_test]'s message file[PublicKeyRes][D:\gitsinnori\sinnori\project\sample_test\client_build\web_build\src\main\java\kr\pe\sinnori\impl\message] creation task start
09:45:38.741 [main] INFO  k.p.s.c.buildsystem.ProjectBuilder - main project[sample_test]'s message file[PublicKeyRes][D:\gitsinnori\sinnori\project\sample_test\client_build\web_build\src\main\java\kr\pe\sinnori\impl\message] creation task end
09:45:38.741 [main] INFO  k.p.s.c.buildsystem.ProjectBuilder - main project[sample_test]'s message decoder file[PublicKeyRes][D:\gitsinnori\sinnori\project\sample_test\client_build\web_build\src\main\java\kr\pe\sinnori\impl\message] creation task start
09:45:38.744 [main] INFO  k.p.s.c.buildsystem.ProjectBuilder - main project[sample_test]'s message decoder file[PublicKeyRes][D:\gitsinnori\sinnori\project\sample_test\client_build\web_build\src\main\java\kr\pe\sinnori\impl\message] creation task end
09:45:38.744 [main] INFO  k.p.s.c.buildsystem.ProjectBuilder - main project[sample_test]'s message encoder file[PublicKeyRes][D:\gitsinnori\sinnori\project\sample_test\client_build\web_build\src\main\java\kr\pe\sinnori\impl\message] creation task start
09:45:38.747 [main] INFO  k.p.s.c.buildsystem.ProjectBuilder - main project[sample_test]'s message encoder file[PublicKeyRes][D:\gitsinnori\sinnori\project\sample_test\client_build\web_build\src\main\java\kr\pe\sinnori\impl\message] creation task end
09:45:38.747 [main] INFO  k.p.s.c.buildsystem.ProjectBuilder - main project[sample_test]'s message server codec file[PublicKeyRes][D:\gitsinnori\sinnori\project\sample_test\client_build\web_build\src\main\java\kr\pe\sinnori\impl\message] creation task start
09:45:38.748 [main] INFO  k.p.s.c.buildsystem.ProjectBuilder - main project[sample_test]'s message server codec file[PublicKeyRes][D:\gitsinnori\sinnori\project\sample_test\client_build\web_build\src\main\java\kr\pe\sinnori\impl\message] creation task end
09:45:38.748 [main] INFO  k.p.s.c.buildsystem.ProjectBuilder - main project[sample_test]'s message client codec file[PublicKeyRes][D:\gitsinnori\sinnori\project\sample_test\client_build\web_build\src\main\java\kr\pe\sinnori\impl\message] creation task start
09:45:38.750 [main] INFO  k.p.s.c.buildsystem.ProjectBuilder - main project[sample_test]'s message client codec file[PublicKeyRes][D:\gitsinnori\sinnori\project\sample_test\client_build\web_build\src\main\java\kr\pe\sinnori\impl\message] creation task end
09:45:38.750 [main] INFO  k.p.s.c.buildsystem.ProjectBuilder - main project[sample_test]'s web client message io file set creation task end
09:45:38.750 [main] INFO  k.p.s.c.buildsystem.ProjectBuilder - mainproject[sample_test]'s web client sample source files copy task start
09:45:38.802 [main] INFO  k.p.s.c.buildsystem.ProjectBuilder - mainproject[sample_test]'s web client sample source files copy task end
09:45:38.802 [main] INFO  k.p.s.c.buildsystem.ProjectBuilder - main project[sample_test]'s web client build system files creation task end
09:45:38.802 [main] INFO  k.p.s.c.buildsystem.ProjectBuilder - main project[sample_test]'s web root child direcotry creation task start
09:45:38.802 [main] INFO  k.p.s.common.util.CommonStaticUtil - the child relative direcotry[D:\gitsinnori\sinnori\project\sample_test][web_app_base/upload] exist, so nothing
09:45:38.803 [main] INFO  k.p.s.common.util.CommonStaticUtil - the new child relative direcotry[D:\gitsinnori\sinnori\project\sample_test][web_app_base/ROOT/WEB-INF/classes] was created successfully
09:45:38.803 [main] INFO  k.p.s.common.util.CommonStaticUtil - the new child relative direcotry[D:\gitsinnori\sinnori\project\sample_test][web_app_base/ROOT/WEB-INF/lib] was created successfully
09:45:38.803 [main] INFO  k.p.s.c.buildsystem.ProjectBuilder - main project[sample_test]'s web root child direcotry creation task end
09:45:38.803 [main] INFO  k.p.s.c.buildsystem.ProjectBuilder - main project[sample_test]'s web root sample files creation task start
09:45:38.803 [main] INFO  k.p.s.c.buildsystem.ProjectBuilder - main project[sample_test]'s web root sample files copy task start
09:45:38.810 [main] INFO  k.p.s.c.buildsystem.ProjectBuilder - main project[sample_test]'s web root sample files copy task end
09:45:38.810 [main] INFO  k.p.s.c.buildsystem.ProjectBuilder - main project[sample_test]'s web root sample files creation task end
09:45:38.810 [main] INFO  k.p.s.c.buildsystem.ProjectBuilder - main project[sample_test]'s config file overwrite task start
09:45:38.814 [main] INFO  k.p.s.c.buildsystem.ProjectBuilder - main project[sample_test]'s config file overwrite task end
09:45:38.814 [main] INFO  k.p.s.c.buildsystem.ProjectBuilder - main project[sample_test] changeProjectState method end
09:45:38.814 [main] INFO  k.p.s.c.buildsystem.ProjectBuilder - the app client ant build.xml file[D:\gitsinnori\sinnori\project\sample_test\client_build\app_build\build.xml] is bad :: whetherExist[false] isFile[false]
09:45:38.845 [main] INFO  k.p.s.c.buildsystem.ProjectBuilder - main project[sample_test] changeProjectState method start
09:45:38.845 [main] WARN  k.p.s.c.buildsystem.ProjectBuilder - the server build path[D:\gitsinnori\sinnori\project\sample_test\server_build] exist, so skip creation of server build system
09:45:38.845 [main] INFO  k.p.s.c.buildsystem.ProjectBuilder - main project[sample_test]'s application build child direcotry creation task start
09:45:38.845 [main] INFO  k.p.s.common.util.CommonStaticUtil - the new child relative direcotry[D:\gitsinnori\sinnori\project\sample_test][client_build/app_build/corelib/ex] was created successfully
09:45:38.846 [main] INFO  k.p.s.common.util.CommonStaticUtil - the new child relative direcotry[D:\gitsinnori\sinnori\project\sample_test][client_build/app_build/corelib/in] was created successfully
09:45:38.847 [main] INFO  k.p.s.common.util.CommonStaticUtil - the new child relative direcotry[D:\gitsinnori\sinnori\project\sample_test][client_build/app_build/lib/main/ex] was created successfully
09:45:38.847 [main] INFO  k.p.s.common.util.CommonStaticUtil - the new child relative direcotry[D:\gitsinnori\sinnori\project\sample_test][client_build/app_build/lib/main/in] was created successfully
09:45:38.847 [main] INFO  k.p.s.common.util.CommonStaticUtil - the new child relative direcotry[D:\gitsinnori\sinnori\project\sample_test][client_build/app_build/lib/test] was created successfully
09:45:38.851 [main] INFO  k.p.s.common.util.CommonStaticUtil - the new child relative direcotry[D:\gitsinnori\sinnori\project\sample_test][client_build/app_build/src/main/java/kr/pe/sinnori/impl/message] was created successfully
09:45:38.852 [main] INFO  k.p.s.common.util.CommonStaticUtil - the new child relative direcotry[D:\gitsinnori\sinnori\project\sample_test][client_build/app_build/src/main/java/main] was created successfully
09:45:38.853 [main] INFO  k.p.s.common.util.CommonStaticUtil - the new child relative direcotry[D:\gitsinnori\sinnori\project\sample_test][client_build/app_build/src/test/java] was created successfully
09:45:38.854 [main] INFO  k.p.s.common.util.CommonStaticUtil - the new child relative direcotry[D:\gitsinnori\sinnori\project\sample_test][client_build/app_build/build] was created successfully
09:45:38.854 [main] INFO  k.p.s.common.util.CommonStaticUtil - the new child relative direcotry[D:\gitsinnori\sinnori\project\sample_test][client_build/app_build/dist] was created successfully
09:45:38.854 [main] INFO  k.p.s.c.buildsystem.ProjectBuilder - main project[sample_test]'s application build child direcotry creation task end
09:45:38.854 [main] INFO  k.p.s.c.buildsystem.ProjectBuilder - mainproject[sample_test]'s application client build system files creation task start
09:45:38.854 [main] INFO  k.p.s.c.buildsystem.ProjectBuilder - main project[sample_test]'s application client ant build.xml file creation task start
09:45:38.857 [main] INFO  k.p.s.c.buildsystem.ProjectBuilder - main project[sample_test]'s application client ant build.xml file creation task end
09:45:38.857 [main] INFO  k.p.s.c.buildsystem.ProjectBuilder - main project[sample_test]'s application client dos shell file creation task start
09:45:38.867 [main] INFO  k.p.s.c.buildsystem.ProjectBuilder - main project[sample_test]'s application client dos shell file creation task end
09:45:38.867 [main] INFO  k.p.s.c.buildsystem.ProjectBuilder - main project[sample_test]'s application client unix shell file creation task start
09:45:38.869 [main] INFO  k.p.s.c.buildsystem.ProjectBuilder - main project[sample_test]'s application client unix shell file creation task end
09:45:38.869 [main] INFO  k.p.s.c.buildsystem.ProjectBuilder - application client sample source files copy task start
09:45:38.886 [main] INFO  k.p.s.c.buildsystem.ProjectBuilder - application client sample source files copy task end
09:45:38.886 [main] INFO  k.p.s.c.buildsystem.ProjectBuilder - main project[sample_test]'s application client message io file set creation task start
09:45:38.886 [main] INFO  k.p.s.common.util.CommonStaticUtil - the new child relative direcotry[D:\gitsinnori\sinnori\project\sample_test\client_build\app_build\src\main\java\kr\pe\sinnori\impl\message][Echo] was created successfully
09:45:38.886 [main] INFO  k.p.s.c.buildsystem.ProjectBuilder - main project[sample_test]'s message file[Echo][D:\gitsinnori\sinnori\project\sample_test\client_build\app_build\src\main\java\kr\pe\sinnori\impl\message] creation task start
09:45:38.890 [main] INFO  k.p.s.c.buildsystem.ProjectBuilder - main project[sample_test]'s message file[Echo][D:\gitsinnori\sinnori\project\sample_test\client_build\app_build\src\main\java\kr\pe\sinnori\impl\message] creation task end
09:45:38.890 [main] INFO  k.p.s.c.buildsystem.ProjectBuilder - main project[sample_test]'s message decoder file[Echo][D:\gitsinnori\sinnori\project\sample_test\client_build\app_build\src\main\java\kr\pe\sinnori\impl\message] creation task start
09:45:38.892 [main] INFO  k.p.s.c.buildsystem.ProjectBuilder - main project[sample_test]'s message decoder file[Echo][D:\gitsinnori\sinnori\project\sample_test\client_build\app_build\src\main\java\kr\pe\sinnori\impl\message] creation task end
09:45:38.892 [main] INFO  k.p.s.c.buildsystem.ProjectBuilder - main project[sample_test]'s message encoder file[Echo][D:\gitsinnori\sinnori\project\sample_test\client_build\app_build\src\main\java\kr\pe\sinnori\impl\message] creation task start
09:45:38.895 [main] INFO  k.p.s.c.buildsystem.ProjectBuilder - main project[sample_test]'s message encoder file[Echo][D:\gitsinnori\sinnori\project\sample_test\client_build\app_build\src\main\java\kr\pe\sinnori\impl\message] creation task end
09:45:38.896 [main] INFO  k.p.s.c.buildsystem.ProjectBuilder - main project[sample_test]'s message server codec file[Echo][D:\gitsinnori\sinnori\project\sample_test\client_build\app_build\src\main\java\kr\pe\sinnori\impl\message] creation task start
09:45:38.897 [main] INFO  k.p.s.c.buildsystem.ProjectBuilder - main project[sample_test]'s message server codec file[Echo][D:\gitsinnori\sinnori\project\sample_test\client_build\app_build\src\main\java\kr\pe\sinnori\impl\message] creation task end
09:45:38.897 [main] INFO  k.p.s.c.buildsystem.ProjectBuilder - main project[sample_test]'s message client codec file[Echo][D:\gitsinnori\sinnori\project\sample_test\client_build\app_build\src\main\java\kr\pe\sinnori\impl\message] creation task start
09:45:38.898 [main] INFO  k.p.s.c.buildsystem.ProjectBuilder - main project[sample_test]'s message client codec file[Echo][D:\gitsinnori\sinnori\project\sample_test\client_build\app_build\src\main\java\kr\pe\sinnori\impl\message] creation task end
09:45:38.898 [main] INFO  k.p.s.common.util.CommonStaticUtil - the new child relative direcotry[D:\gitsinnori\sinnori\project\sample_test\client_build\app_build\src\main\java\kr\pe\sinnori\impl\message][PublicKeyReq] was created successfully
09:45:38.898 [main] INFO  k.p.s.c.buildsystem.ProjectBuilder - main project[sample_test]'s message file[PublicKeyReq][D:\gitsinnori\sinnori\project\sample_test\client_build\app_build\src\main\java\kr\pe\sinnori\impl\message] creation task start
09:45:38.901 [main] INFO  k.p.s.c.buildsystem.ProjectBuilder - main project[sample_test]'s message file[PublicKeyReq][D:\gitsinnori\sinnori\project\sample_test\client_build\app_build\src\main\java\kr\pe\sinnori\impl\message] creation task end
09:45:38.901 [main] INFO  k.p.s.c.buildsystem.ProjectBuilder - main project[sample_test]'s message decoder file[PublicKeyReq][D:\gitsinnori\sinnori\project\sample_test\client_build\app_build\src\main\java\kr\pe\sinnori\impl\message] creation task start
09:45:38.905 [main] INFO  k.p.s.c.buildsystem.ProjectBuilder - main project[sample_test]'s message decoder file[PublicKeyReq][D:\gitsinnori\sinnori\project\sample_test\client_build\app_build\src\main\java\kr\pe\sinnori\impl\message] creation task end
09:45:38.976 [main] INFO  k.p.s.c.buildsystem.ProjectBuilder - main project[sample_test]'s message encoder file[PublicKeyReq][D:\gitsinnori\sinnori\project\sample_test\client_build\app_build\src\main\java\kr\pe\sinnori\impl\message] creation task start
09:45:38.982 [main] INFO  k.p.s.c.buildsystem.ProjectBuilder - main project[sample_test]'s message encoder file[PublicKeyReq][D:\gitsinnori\sinnori\project\sample_test\client_build\app_build\src\main\java\kr\pe\sinnori\impl\message] creation task end
09:45:38.982 [main] INFO  k.p.s.c.buildsystem.ProjectBuilder - main project[sample_test]'s message server codec file[PublicKeyReq][D:\gitsinnori\sinnori\project\sample_test\client_build\app_build\src\main\java\kr\pe\sinnori\impl\message] creation task start
09:45:38.986 [main] INFO  k.p.s.c.buildsystem.ProjectBuilder - main project[sample_test]'s message server codec file[PublicKeyReq][D:\gitsinnori\sinnori\project\sample_test\client_build\app_build\src\main\java\kr\pe\sinnori\impl\message] creation task end
09:45:38.986 [main] INFO  k.p.s.c.buildsystem.ProjectBuilder - main project[sample_test]'s message client codec file[PublicKeyReq][D:\gitsinnori\sinnori\project\sample_test\client_build\app_build\src\main\java\kr\pe\sinnori\impl\message] creation task start
09:45:38.990 [main] INFO  k.p.s.c.buildsystem.ProjectBuilder - main project[sample_test]'s message client codec file[PublicKeyReq][D:\gitsinnori\sinnori\project\sample_test\client_build\app_build\src\main\java\kr\pe\sinnori\impl\message] creation task end
09:45:38.991 [main] INFO  k.p.s.common.util.CommonStaticUtil - the new child relative direcotry[D:\gitsinnori\sinnori\project\sample_test\client_build\app_build\src\main\java\kr\pe\sinnori\impl\message][PublicKeyRes] was created successfully
09:45:38.991 [main] INFO  k.p.s.c.buildsystem.ProjectBuilder - main project[sample_test]'s message file[PublicKeyRes][D:\gitsinnori\sinnori\project\sample_test\client_build\app_build\src\main\java\kr\pe\sinnori\impl\message] creation task start
09:45:38.996 [main] INFO  k.p.s.c.buildsystem.ProjectBuilder - main project[sample_test]'s message file[PublicKeyRes][D:\gitsinnori\sinnori\project\sample_test\client_build\app_build\src\main\java\kr\pe\sinnori\impl\message] creation task end
09:45:38.996 [main] INFO  k.p.s.c.buildsystem.ProjectBuilder - main project[sample_test]'s message decoder file[PublicKeyRes][D:\gitsinnori\sinnori\project\sample_test\client_build\app_build\src\main\java\kr\pe\sinnori\impl\message] creation task start
09:45:39.001 [main] INFO  k.p.s.c.buildsystem.ProjectBuilder - main project[sample_test]'s message decoder file[PublicKeyRes][D:\gitsinnori\sinnori\project\sample_test\client_build\app_build\src\main\java\kr\pe\sinnori\impl\message] creation task end
09:45:39.001 [main] INFO  k.p.s.c.buildsystem.ProjectBuilder - main project[sample_test]'s message encoder file[PublicKeyRes][D:\gitsinnori\sinnori\project\sample_test\client_build\app_build\src\main\java\kr\pe\sinnori\impl\message] creation task start
09:45:39.005 [main] INFO  k.p.s.c.buildsystem.ProjectBuilder - main project[sample_test]'s message encoder file[PublicKeyRes][D:\gitsinnori\sinnori\project\sample_test\client_build\app_build\src\main\java\kr\pe\sinnori\impl\message] creation task end
09:45:39.005 [main] INFO  k.p.s.c.buildsystem.ProjectBuilder - main project[sample_test]'s message server codec file[PublicKeyRes][D:\gitsinnori\sinnori\project\sample_test\client_build\app_build\src\main\java\kr\pe\sinnori\impl\message] creation task start
09:45:39.006 [main] INFO  k.p.s.c.buildsystem.ProjectBuilder - main project[sample_test]'s message server codec file[PublicKeyRes][D:\gitsinnori\sinnori\project\sample_test\client_build\app_build\src\main\java\kr\pe\sinnori\impl\message] creation task end
09:45:39.006 [main] INFO  k.p.s.c.buildsystem.ProjectBuilder - main project[sample_test]'s message client codec file[PublicKeyRes][D:\gitsinnori\sinnori\project\sample_test\client_build\app_build\src\main\java\kr\pe\sinnori\impl\message] creation task start
09:45:39.008 [main] INFO  k.p.s.c.buildsystem.ProjectBuilder - main project[sample_test]'s message client codec file[PublicKeyRes][D:\gitsinnori\sinnori\project\sample_test\client_build\app_build\src\main\java\kr\pe\sinnori\impl\message] creation task end
09:45:39.008 [main] INFO  k.p.s.c.buildsystem.ProjectBuilder - main project[sample_test]'s application client message io file set creation task end
09:45:39.008 [main] INFO  k.p.s.c.buildsystem.ProjectBuilder - mainproject[sample_test]'s application client build system files creation task end
09:45:39.008 [main] INFO  k.p.s.c.buildsystem.ProjectBuilder - main project[sample_test]'s web client build path deletion task start
09:45:39.022 [main] INFO  k.p.s.c.buildsystem.ProjectBuilder - main project[sample_test]'s web client build path deletion task end
09:45:39.022 [main] INFO  k.p.s.c.buildsystem.ProjectBuilder - main project[sample_test]'s web root path deletion task start
09:45:39.024 [main] INFO  k.p.s.c.buildsystem.ProjectBuilder - main project[sample_test]'s web root path deletion task end
09:45:39.024 [main] INFO  k.p.s.c.buildsystem.ProjectBuilder - main project[sample_test]'s config file overwrite task start
09:45:39.028 [main] INFO  k.p.s.c.buildsystem.ProjectBuilder - main project[sample_test]'s config file overwrite task end
09:45:39.028 [main] INFO  k.p.s.c.buildsystem.ProjectBuilder - main project[sample_test] changeProjectState method end
09:45:39.028 [main] INFO  k.p.s.c.buildsystem.ProjectBuilder - the web client ant build.xml file[D:\gitsinnori\sinnori\project\sample_test\client_build\web_build\build.xml] is bad :: whetherExist[false] isFile[false]
09:45:39.028 [main] INFO  k.p.s.c.buildsystem.ProjectBuilder - the web.xml file[D:\gitsinnori\sinnori\project\sample_test\web_app_base\ROOT\WEB-INF\web.xml] located at web root directory is bad :: whetherExist[false] isFile[false]
09:45:39.028 [main] INFO  k.p.s.c.buildsystem.ProjectBuilder - main project[sample_test] changeProjectState method start
09:45:39.028 [main] WARN  k.p.s.c.buildsystem.ProjectBuilder - the server build path[D:\gitsinnori\sinnori\project\sample_test\server_build] exist, so skip creation of server build system
09:45:39.028 [main] WARN  k.p.s.c.buildsystem.ProjectBuilder - the app client build path[D:\gitsinnori\sinnori\project\sample_test\client_build\app_build] exist, so skip creation of app client build system
09:45:39.028 [main] INFO  k.p.s.c.buildsystem.ProjectBuilder - main project[sample_test]'s web build child direcotry creation task start
09:45:39.029 [main] INFO  k.p.s.common.util.CommonStaticUtil - the new child relative direcotry[D:\gitsinnori\sinnori\project\sample_test][client_build/web_build/corelib/ex] was created successfully
09:45:39.029 [main] INFO  k.p.s.common.util.CommonStaticUtil - the new child relative direcotry[D:\gitsinnori\sinnori\project\sample_test][client_build/web_build/corelib/in] was created successfully
09:45:39.030 [main] INFO  k.p.s.common.util.CommonStaticUtil - the new child relative direcotry[D:\gitsinnori\sinnori\project\sample_test][client_build/web_build/lib/main/ex] was created successfully
09:45:39.030 [main] INFO  k.p.s.common.util.CommonStaticUtil - the new child relative direcotry[D:\gitsinnori\sinnori\project\sample_test][client_build/web_build/lib/main/in] was created successfully
09:45:39.030 [main] INFO  k.p.s.common.util.CommonStaticUtil - the new child relative direcotry[D:\gitsinnori\sinnori\project\sample_test][client_build/web_build/lib/test] was created successfully
09:45:39.033 [main] INFO  k.p.s.common.util.CommonStaticUtil - the new child relative direcotry[D:\gitsinnori\sinnori\project\sample_test][client_build/web_build/src/main/java/kr/pe/sinnori/impl/message] was created successfully
09:45:39.033 [main] INFO  k.p.s.common.util.CommonStaticUtil - the new child relative direcotry[D:\gitsinnori\sinnori\project\sample_test][client_build/web_build/src/main/java//kr/pe/sinnori/servlet] was created successfully
09:45:39.034 [main] INFO  k.p.s.common.util.CommonStaticUtil - the new child relative direcotry[D:\gitsinnori\sinnori\project\sample_test][client_build/web_build/src/main/java/kr/pe/sinnori/weblib/common] was created successfully
09:45:39.034 [main] INFO  k.p.s.common.util.CommonStaticUtil - the new child relative direcotry[D:\gitsinnori\sinnori\project\sample_test][client_build/web_build/src/main/java/kr/pe/sinnori/weblib/htmlstring] was created successfully
09:45:39.034 [main] INFO  k.p.s.common.util.CommonStaticUtil - the new child relative direcotry[D:\gitsinnori\sinnori\project\sample_test][client_build/web_build/src/main/java/kr/pe/sinnori/weblib/jdf] was created successfully
09:45:39.034 [main] INFO  k.p.s.common.util.CommonStaticUtil - the new child relative direcotry[D:\gitsinnori\sinnori\project\sample_test][client_build/web_build/src/test/java] was created successfully
09:45:39.110 [main] INFO  k.p.s.common.util.CommonStaticUtil - the new child relative direcotry[D:\gitsinnori\sinnori\project\sample_test][client_build/web_build/build] was created successfully
09:45:39.111 [main] INFO  k.p.s.common.util.CommonStaticUtil - the new child relative direcotry[D:\gitsinnori\sinnori\project\sample_test][client_build/web_build/dist] was created successfully
09:45:39.111 [main] INFO  k.p.s.c.buildsystem.ProjectBuilder - main project[sample_test]'s web build child direcotry creation task end
09:45:39.111 [main] INFO  k.p.s.c.buildsystem.ProjectBuilder - main project[sample_test]'s web client build system files creation task start
09:45:39.111 [main] INFO  k.p.s.c.buildsystem.ProjectBuilder - main project[sample_test]'s web client ant build.xml file creation task start
09:45:39.113 [main] INFO  k.p.s.c.buildsystem.ProjectBuilder - main project[sample_test]'s web client ant build.xml file creation task end
09:45:39.113 [main] INFO  k.p.s.c.buildsystem.ProjectBuilder - main project[sample_test]'s web client ant properties file creation task start
09:45:39.114 [main] INFO  k.p.s.c.util.SequencedPropertiesUtil - the sequenced properties file[D:\gitsinnori\sinnori\project\sample_test\client_build\web_build\webAnt.properties] was created
09:45:39.121 [main] INFO  k.p.s.c.buildsystem.ProjectBuilder - main project[sample_test]'s web client ant properties file creation task end
09:45:39.121 [main] INFO  k.p.s.c.buildsystem.ProjectBuilder - main project[sample_test]'s web client message io file set creation task start
09:45:39.121 [main] INFO  k.p.s.common.util.CommonStaticUtil - the new child relative direcotry[D:\gitsinnori\sinnori\project\sample_test\client_build\web_build\src\main\java\kr\pe\sinnori\impl\message][Echo] was created successfully
09:45:39.121 [main] INFO  k.p.s.c.buildsystem.ProjectBuilder - main project[sample_test]'s message file[Echo][D:\gitsinnori\sinnori\project\sample_test\client_build\web_build\src\main\java\kr\pe\sinnori\impl\message] creation task start
09:45:39.126 [main] INFO  k.p.s.c.buildsystem.ProjectBuilder - main project[sample_test]'s message file[Echo][D:\gitsinnori\sinnori\project\sample_test\client_build\web_build\src\main\java\kr\pe\sinnori\impl\message] creation task end
09:45:39.127 [main] INFO  k.p.s.c.buildsystem.ProjectBuilder - main project[sample_test]'s message decoder file[Echo][D:\gitsinnori\sinnori\project\sample_test\client_build\web_build\src\main\java\kr\pe\sinnori\impl\message] creation task start
09:45:39.132 [main] INFO  k.p.s.c.buildsystem.ProjectBuilder - main project[sample_test]'s message decoder file[Echo][D:\gitsinnori\sinnori\project\sample_test\client_build\web_build\src\main\java\kr\pe\sinnori\impl\message] creation task end
09:45:39.132 [main] INFO  k.p.s.c.buildsystem.ProjectBuilder - main project[sample_test]'s message encoder file[Echo][D:\gitsinnori\sinnori\project\sample_test\client_build\web_build\src\main\java\kr\pe\sinnori\impl\message] creation task start
09:45:39.137 [main] INFO  k.p.s.c.buildsystem.ProjectBuilder - main project[sample_test]'s message encoder file[Echo][D:\gitsinnori\sinnori\project\sample_test\client_build\web_build\src\main\java\kr\pe\sinnori\impl\message] creation task end
09:45:39.138 [main] INFO  k.p.s.c.buildsystem.ProjectBuilder - main project[sample_test]'s message server codec file[Echo][D:\gitsinnori\sinnori\project\sample_test\client_build\web_build\src\main\java\kr\pe\sinnori\impl\message] creation task start
09:45:39.140 [main] INFO  k.p.s.c.buildsystem.ProjectBuilder - main project[sample_test]'s message server codec file[Echo][D:\gitsinnori\sinnori\project\sample_test\client_build\web_build\src\main\java\kr\pe\sinnori\impl\message] creation task end
09:45:39.140 [main] INFO  k.p.s.c.buildsystem.ProjectBuilder - main project[sample_test]'s message client codec file[Echo][D:\gitsinnori\sinnori\project\sample_test\client_build\web_build\src\main\java\kr\pe\sinnori\impl\message] creation task start
09:45:39.142 [main] INFO  k.p.s.c.buildsystem.ProjectBuilder - main project[sample_test]'s message client codec file[Echo][D:\gitsinnori\sinnori\project\sample_test\client_build\web_build\src\main\java\kr\pe\sinnori\impl\message] creation task end
09:45:39.142 [main] INFO  k.p.s.common.util.CommonStaticUtil - the new child relative direcotry[D:\gitsinnori\sinnori\project\sample_test\client_build\web_build\src\main\java\kr\pe\sinnori\impl\message][PublicKeyReq] was created successfully
09:45:39.142 [main] INFO  k.p.s.c.buildsystem.ProjectBuilder - main project[sample_test]'s message file[PublicKeyReq][D:\gitsinnori\sinnori\project\sample_test\client_build\web_build\src\main\java\kr\pe\sinnori\impl\message] creation task start
09:45:39.147 [main] INFO  k.p.s.c.buildsystem.ProjectBuilder - main project[sample_test]'s message file[PublicKeyReq][D:\gitsinnori\sinnori\project\sample_test\client_build\web_build\src\main\java\kr\pe\sinnori\impl\message] creation task end
09:45:39.147 [main] INFO  k.p.s.c.buildsystem.ProjectBuilder - main project[sample_test]'s message decoder file[PublicKeyReq][D:\gitsinnori\sinnori\project\sample_test\client_build\web_build\src\main\java\kr\pe\sinnori\impl\message] creation task start
09:45:39.151 [main] INFO  k.p.s.c.buildsystem.ProjectBuilder - main project[sample_test]'s message decoder file[PublicKeyReq][D:\gitsinnori\sinnori\project\sample_test\client_build\web_build\src\main\java\kr\pe\sinnori\impl\message] creation task end
09:45:39.151 [main] INFO  k.p.s.c.buildsystem.ProjectBuilder - main project[sample_test]'s message encoder file[PublicKeyReq][D:\gitsinnori\sinnori\project\sample_test\client_build\web_build\src\main\java\kr\pe\sinnori\impl\message] creation task start
09:45:39.154 [main] INFO  k.p.s.c.buildsystem.ProjectBuilder - main project[sample_test]'s message encoder file[PublicKeyReq][D:\gitsinnori\sinnori\project\sample_test\client_build\web_build\src\main\java\kr\pe\sinnori\impl\message] creation task end
09:45:39.154 [main] INFO  k.p.s.c.buildsystem.ProjectBuilder - main project[sample_test]'s message server codec file[PublicKeyReq][D:\gitsinnori\sinnori\project\sample_test\client_build\web_build\src\main\java\kr\pe\sinnori\impl\message] creation task start
09:45:39.156 [main] INFO  k.p.s.c.buildsystem.ProjectBuilder - main project[sample_test]'s message server codec file[PublicKeyReq][D:\gitsinnori\sinnori\project\sample_test\client_build\web_build\src\main\java\kr\pe\sinnori\impl\message] creation task end
09:45:39.156 [main] INFO  k.p.s.c.buildsystem.ProjectBuilder - main project[sample_test]'s message client codec file[PublicKeyReq][D:\gitsinnori\sinnori\project\sample_test\client_build\web_build\src\main\java\kr\pe\sinnori\impl\message] creation task start
09:45:39.231 [main] INFO  k.p.s.c.buildsystem.ProjectBuilder - main project[sample_test]'s message client codec file[PublicKeyReq][D:\gitsinnori\sinnori\project\sample_test\client_build\web_build\src\main\java\kr\pe\sinnori\impl\message] creation task end
09:45:39.232 [main] INFO  k.p.s.common.util.CommonStaticUtil - the new child relative direcotry[D:\gitsinnori\sinnori\project\sample_test\client_build\web_build\src\main\java\kr\pe\sinnori\impl\message][PublicKeyRes] was created successfully
09:45:39.232 [main] INFO  k.p.s.c.buildsystem.ProjectBuilder - main project[sample_test]'s message file[PublicKeyRes][D:\gitsinnori\sinnori\project\sample_test\client_build\web_build\src\main\java\kr\pe\sinnori\impl\message] creation task start
09:45:39.238 [main] INFO  k.p.s.c.buildsystem.ProjectBuilder - main project[sample_test]'s message file[PublicKeyRes][D:\gitsinnori\sinnori\project\sample_test\client_build\web_build\src\main\java\kr\pe\sinnori\impl\message] creation task end
09:45:39.238 [main] INFO  k.p.s.c.buildsystem.ProjectBuilder - main project[sample_test]'s message decoder file[PublicKeyRes][D:\gitsinnori\sinnori\project\sample_test\client_build\web_build\src\main\java\kr\pe\sinnori\impl\message] creation task start
09:45:39.245 [main] INFO  k.p.s.c.buildsystem.ProjectBuilder - main project[sample_test]'s message decoder file[PublicKeyRes][D:\gitsinnori\sinnori\project\sample_test\client_build\web_build\src\main\java\kr\pe\sinnori\impl\message] creation task end
09:45:39.245 [main] INFO  k.p.s.c.buildsystem.ProjectBuilder - main project[sample_test]'s message encoder file[PublicKeyRes][D:\gitsinnori\sinnori\project\sample_test\client_build\web_build\src\main\java\kr\pe\sinnori\impl\message] creation task start
09:45:39.250 [main] INFO  k.p.s.c.buildsystem.ProjectBuilder - main project[sample_test]'s message encoder file[PublicKeyRes][D:\gitsinnori\sinnori\project\sample_test\client_build\web_build\src\main\java\kr\pe\sinnori\impl\message] creation task end
09:45:39.250 [main] INFO  k.p.s.c.buildsystem.ProjectBuilder - main project[sample_test]'s message server codec file[PublicKeyRes][D:\gitsinnori\sinnori\project\sample_test\client_build\web_build\src\main\java\kr\pe\sinnori\impl\message] creation task start
09:45:39.253 [main] INFO  k.p.s.c.buildsystem.ProjectBuilder - main project[sample_test]'s message server codec file[PublicKeyRes][D:\gitsinnori\sinnori\project\sample_test\client_build\web_build\src\main\java\kr\pe\sinnori\impl\message] creation task end
09:45:39.253 [main] INFO  k.p.s.c.buildsystem.ProjectBuilder - main project[sample_test]'s message client codec file[PublicKeyRes][D:\gitsinnori\sinnori\project\sample_test\client_build\web_build\src\main\java\kr\pe\sinnori\impl\message] creation task start
09:45:39.255 [main] INFO  k.p.s.c.buildsystem.ProjectBuilder - main project[sample_test]'s message client codec file[PublicKeyRes][D:\gitsinnori\sinnori\project\sample_test\client_build\web_build\src\main\java\kr\pe\sinnori\impl\message] creation task end
09:45:39.255 [main] INFO  k.p.s.c.buildsystem.ProjectBuilder - main project[sample_test]'s web client message io file set creation task end
09:45:39.255 [main] INFO  k.p.s.c.buildsystem.ProjectBuilder - mainproject[sample_test]'s web client sample source files copy task start
09:45:39.322 [main] INFO  k.p.s.c.buildsystem.ProjectBuilder - mainproject[sample_test]'s web client sample source files copy task end
09:45:39.323 [main] INFO  k.p.s.c.buildsystem.ProjectBuilder - main project[sample_test]'s web client build system files creation task end
09:45:39.323 [main] INFO  k.p.s.c.buildsystem.ProjectBuilder - main project[sample_test]'s web root child direcotry creation task start
09:45:39.323 [main] INFO  k.p.s.common.util.CommonStaticUtil - the child relative direcotry[D:\gitsinnori\sinnori\project\sample_test][web_app_base/upload] exist, so nothing
09:45:39.324 [main] INFO  k.p.s.common.util.CommonStaticUtil - the new child relative direcotry[D:\gitsinnori\sinnori\project\sample_test][web_app_base/ROOT/WEB-INF/classes] was created successfully
09:45:39.324 [main] INFO  k.p.s.common.util.CommonStaticUtil - the new child relative direcotry[D:\gitsinnori\sinnori\project\sample_test][web_app_base/ROOT/WEB-INF/lib] was created successfully
09:45:39.324 [main] INFO  k.p.s.c.buildsystem.ProjectBuilder - main project[sample_test]'s web root child direcotry creation task end
09:45:39.324 [main] INFO  k.p.s.c.buildsystem.ProjectBuilder - main project[sample_test]'s web root sample files creation task start
09:45:39.324 [main] INFO  k.p.s.c.buildsystem.ProjectBuilder - main project[sample_test]'s web root sample files copy task start
09:45:39.330 [main] INFO  k.p.s.c.buildsystem.ProjectBuilder - main project[sample_test]'s web root sample files copy task end
09:45:39.330 [main] INFO  k.p.s.c.buildsystem.ProjectBuilder - main project[sample_test]'s web root sample files creation task end
09:45:39.330 [main] INFO  k.p.s.c.buildsystem.ProjectBuilder - main project[sample_test]'s config file overwrite task start
09:45:39.397 [main] INFO  k.p.s.c.buildsystem.ProjectBuilder - main project[sample_test]'s config file overwrite task end
09:45:39.397 [main] INFO  k.p.s.c.buildsystem.ProjectBuilder - main project[sample_test] changeProjectState method end
09:45:39.440 [main] INFO  k.p.s.c.buildsystem.ProjectBuilder - main project[sample_test]'s child direcotry creation task start
09:45:39.440 [main] INFO  k.p.s.c.buildsystem.ProjectBuilder - main project[sample_test]'s common child direcotry creation task start
09:45:39.441 [main] INFO  k.p.s.common.util.CommonStaticUtil - the new child relative direcotry[D:\gitsinnori\sinnori\project\sample_test][config] was created successfully
09:45:39.441 [main] INFO  k.p.s.common.util.CommonStaticUtil - the new child relative direcotry[D:\gitsinnori\sinnori\project\sample_test][resources/dbcp] was created successfully
09:45:39.441 [main] INFO  k.p.s.common.util.CommonStaticUtil - the new child relative direcotry[D:\gitsinnori\sinnori\project\sample_test][resources/message_info] was created successfully
09:45:39.442 [main] INFO  k.p.s.common.util.CommonStaticUtil - the new child relative direcotry[D:\gitsinnori\sinnori\project\sample_test][resources/rsa_keypair] was created successfully
09:45:39.442 [main] INFO  k.p.s.common.util.CommonStaticUtil - the new child relative direcotry[D:\gitsinnori\sinnori\project\sample_test][log/apache] was created successfully
09:45:39.442 [main] INFO  k.p.s.common.util.CommonStaticUtil - the new child relative direcotry[D:\gitsinnori\sinnori\project\sample_test][log/client] was created successfully
09:45:39.443 [main] INFO  k.p.s.common.util.CommonStaticUtil - the new child relative direcotry[D:\gitsinnori\sinnori\project\sample_test][log/server] was created successfully
09:45:39.443 [main] INFO  k.p.s.common.util.CommonStaticUtil - the new child relative direcotry[D:\gitsinnori\sinnori\project\sample_test][log/servlet] was created successfully
09:45:39.443 [main] INFO  k.p.s.c.buildsystem.ProjectBuilder - main project[sample_test]'s common child direcotry creation task end
09:45:39.443 [main] INFO  k.p.s.c.buildsystem.ProjectBuilder - main project[sample_test]'s application build child direcotry creation task start
09:45:39.444 [main] INFO  k.p.s.common.util.CommonStaticUtil - the new child relative direcotry[D:\gitsinnori\sinnori\project\sample_test][client_build/app_build/corelib/ex] was created successfully
09:45:39.444 [main] INFO  k.p.s.common.util.CommonStaticUtil - the new child relative direcotry[D:\gitsinnori\sinnori\project\sample_test][client_build/app_build/corelib/in] was created successfully
09:45:39.445 [main] INFO  k.p.s.common.util.CommonStaticUtil - the new child relative direcotry[D:\gitsinnori\sinnori\project\sample_test][client_build/app_build/lib/main/ex] was created successfully
09:45:39.445 [main] INFO  k.p.s.common.util.CommonStaticUtil - the new child relative direcotry[D:\gitsinnori\sinnori\project\sample_test][client_build/app_build/lib/main/in] was created successfully
09:45:39.445 [main] INFO  k.p.s.common.util.CommonStaticUtil - the new child relative direcotry[D:\gitsinnori\sinnori\project\sample_test][client_build/app_build/lib/test] was created successfully
09:45:39.447 [main] INFO  k.p.s.common.util.CommonStaticUtil - the new child relative direcotry[D:\gitsinnori\sinnori\project\sample_test][client_build/app_build/src/main/java/kr/pe/sinnori/impl/message] was created successfully
09:45:39.447 [main] INFO  k.p.s.common.util.CommonStaticUtil - the new child relative direcotry[D:\gitsinnori\sinnori\project\sample_test][client_build/app_build/src/main/java/main] was created successfully
09:45:39.448 [main] INFO  k.p.s.common.util.CommonStaticUtil - the new child relative direcotry[D:\gitsinnori\sinnori\project\sample_test][client_build/app_build/src/test/java] was created successfully
09:45:39.448 [main] INFO  k.p.s.common.util.CommonStaticUtil - the new child relative direcotry[D:\gitsinnori\sinnori\project\sample_test][client_build/app_build/build] was created successfully
09:45:39.448 [main] INFO  k.p.s.common.util.CommonStaticUtil - the new child relative direcotry[D:\gitsinnori\sinnori\project\sample_test][client_build/app_build/dist] was created successfully
09:45:39.454 [main] INFO  k.p.s.c.buildsystem.ProjectBuilder - main project[sample_test]'s application build child direcotry creation task end
09:45:39.454 [main] INFO  k.p.s.c.buildsystem.ProjectBuilder - main project[sample_test]'s web build child direcotry creation task start
09:45:39.455 [main] INFO  k.p.s.common.util.CommonStaticUtil - the new child relative direcotry[D:\gitsinnori\sinnori\project\sample_test][client_build/web_build/corelib/ex] was created successfully
09:45:39.455 [main] INFO  k.p.s.common.util.CommonStaticUtil - the new child relative direcotry[D:\gitsinnori\sinnori\project\sample_test][client_build/web_build/corelib/in] was created successfully
09:45:39.456 [main] INFO  k.p.s.common.util.CommonStaticUtil - the new child relative direcotry[D:\gitsinnori\sinnori\project\sample_test][client_build/web_build/lib/main/ex] was created successfully
09:45:39.457 [main] INFO  k.p.s.common.util.CommonStaticUtil - the new child relative direcotry[D:\gitsinnori\sinnori\project\sample_test][client_build/web_build/lib/main/in] was created successfully
09:45:39.457 [main] INFO  k.p.s.common.util.CommonStaticUtil - the new child relative direcotry[D:\gitsinnori\sinnori\project\sample_test][client_build/web_build/lib/test] was created successfully
09:45:39.460 [main] INFO  k.p.s.common.util.CommonStaticUtil - the new child relative direcotry[D:\gitsinnori\sinnori\project\sample_test][client_build/web_build/src/main/java/kr/pe/sinnori/impl/message] was created successfully
09:45:39.460 [main] INFO  k.p.s.common.util.CommonStaticUtil - the new child relative direcotry[D:\gitsinnori\sinnori\project\sample_test][client_build/web_build/src/main/java//kr/pe/sinnori/servlet] was created successfully
09:45:39.461 [main] INFO  k.p.s.common.util.CommonStaticUtil - the new child relative direcotry[D:\gitsinnori\sinnori\project\sample_test][client_build/web_build/src/main/java/kr/pe/sinnori/weblib/common] was created successfully
09:45:39.461 [main] INFO  k.p.s.common.util.CommonStaticUtil - the new child relative direcotry[D:\gitsinnori\sinnori\project\sample_test][client_build/web_build/src/main/java/kr/pe/sinnori/weblib/htmlstring] was created successfully
09:45:39.461 [main] INFO  k.p.s.common.util.CommonStaticUtil - the new child relative direcotry[D:\gitsinnori\sinnori\project\sample_test][client_build/web_build/src/main/java/kr/pe/sinnori/weblib/jdf] was created successfully
09:45:39.462 [main] INFO  k.p.s.common.util.CommonStaticUtil - the new child relative direcotry[D:\gitsinnori\sinnori\project\sample_test][client_build/web_build/src/test/java] was created successfully
09:45:39.462 [main] INFO  k.p.s.common.util.CommonStaticUtil - the new child relative direcotry[D:\gitsinnori\sinnori\project\sample_test][client_build/web_build/build] was created successfully
09:45:39.462 [main] INFO  k.p.s.common.util.CommonStaticUtil - the new child relative direcotry[D:\gitsinnori\sinnori\project\sample_test][client_build/web_build/dist] was created successfully
09:45:39.462 [main] INFO  k.p.s.c.buildsystem.ProjectBuilder - main project[sample_test]'s web build child direcotry creation task end
09:45:39.462 [main] INFO  k.p.s.c.buildsystem.ProjectBuilder - main project[sample_test]'s web root child direcotry creation task start
09:45:39.463 [main] INFO  k.p.s.common.util.CommonStaticUtil - the new child relative direcotry[D:\gitsinnori\sinnori\project\sample_test][web_app_base/upload] was created successfully
09:45:39.464 [main] INFO  k.p.s.common.util.CommonStaticUtil - the new child relative direcotry[D:\gitsinnori\sinnori\project\sample_test][web_app_base/ROOT/WEB-INF/classes] was created successfully
09:45:39.464 [main] INFO  k.p.s.common.util.CommonStaticUtil - the new child relative direcotry[D:\gitsinnori\sinnori\project\sample_test][web_app_base/ROOT/WEB-INF/lib] was created successfully
09:45:39.464 [main] INFO  k.p.s.c.buildsystem.ProjectBuilder - main project[sample_test]'s web root child direcotry creation task end
09:45:39.464 [main] INFO  k.p.s.c.buildsystem.ProjectBuilder - main project[sample_test]'s child direcotry creation task end
09:45:39.464 [main] INFO  k.p.s.c.buildsystem.ProjectBuilder - main project[sample_test]'s file creation task start
09:45:39.464 [main] INFO  k.p.s.c.buildsystem.ProjectBuilder - main project[sample_test]'s config file creation task start
09:45:39.464 [main] INFO  k.p.s.c.util.SequencedPropertiesUtil - the sequenced properties file[D:\gitsinnori\sinnori\project\sample_test\config\sinnori.properties] was created
09:45:39.472 [main] INFO  k.p.s.c.buildsystem.ProjectBuilder - main project[sample_test]'s config file creation task end
09:45:39.472 [main] INFO  k.p.s.c.buildsystem.ProjectBuilder - the mainproject[sample_test]'s resources directory copy task start
09:45:39.500 [main] INFO  k.p.s.c.buildsystem.ProjectBuilder - the mainproject[sample_test]'s resources directory copy task end
09:45:39.500 [main] INFO  k.p.s.c.buildsystem.ProjectBuilder - mainproject[sample_test]'s application client build system files creation task start
09:45:39.500 [main] INFO  k.p.s.c.buildsystem.ProjectBuilder - main project[sample_test]'s application client ant build.xml file creation task start
09:45:39.501 [main] INFO  k.p.s.c.buildsystem.ProjectBuilder - main project[sample_test]'s application client ant build.xml file creation task end
09:45:39.501 [main] INFO  k.p.s.c.buildsystem.ProjectBuilder - main project[sample_test]'s application client dos shell file creation task start
09:45:39.505 [main] INFO  k.p.s.c.buildsystem.ProjectBuilder - main project[sample_test]'s application client dos shell file creation task end
09:45:39.505 [main] INFO  k.p.s.c.buildsystem.ProjectBuilder - main project[sample_test]'s application client unix shell file creation task start
09:45:39.507 [main] INFO  k.p.s.c.buildsystem.ProjectBuilder - main project[sample_test]'s application client unix shell file creation task end
09:45:39.507 [main] INFO  k.p.s.c.buildsystem.ProjectBuilder - application client sample source files copy task start
09:45:39.516 [main] INFO  k.p.s.c.buildsystem.ProjectBuilder - application client sample source files copy task end
09:45:39.516 [main] INFO  k.p.s.c.buildsystem.ProjectBuilder - main project[sample_test]'s application client message io file set creation task start
09:45:39.516 [main] INFO  k.p.s.common.util.CommonStaticUtil - the new child relative direcotry[D:\gitsinnori\sinnori\project\sample_test\client_build\app_build\src\main\java\kr\pe\sinnori\impl\message][Echo] was created successfully
09:45:39.516 [main] INFO  k.p.s.c.buildsystem.ProjectBuilder - main project[sample_test]'s message file[Echo][D:\gitsinnori\sinnori\project\sample_test\client_build\app_build\src\main\java\kr\pe\sinnori\impl\message] creation task start
09:45:39.519 [main] INFO  k.p.s.c.buildsystem.ProjectBuilder - main project[sample_test]'s message file[Echo][D:\gitsinnori\sinnori\project\sample_test\client_build\app_build\src\main\java\kr\pe\sinnori\impl\message] creation task end
09:45:39.519 [main] INFO  k.p.s.c.buildsystem.ProjectBuilder - main project[sample_test]'s message decoder file[Echo][D:\gitsinnori\sinnori\project\sample_test\client_build\app_build\src\main\java\kr\pe\sinnori\impl\message] creation task start
09:45:39.522 [main] INFO  k.p.s.c.buildsystem.ProjectBuilder - main project[sample_test]'s message decoder file[Echo][D:\gitsinnori\sinnori\project\sample_test\client_build\app_build\src\main\java\kr\pe\sinnori\impl\message] creation task end
09:45:39.522 [main] INFO  k.p.s.c.buildsystem.ProjectBuilder - main project[sample_test]'s message encoder file[Echo][D:\gitsinnori\sinnori\project\sample_test\client_build\app_build\src\main\java\kr\pe\sinnori\impl\message] creation task start
09:45:39.525 [main] INFO  k.p.s.c.buildsystem.ProjectBuilder - main project[sample_test]'s message encoder file[Echo][D:\gitsinnori\sinnori\project\sample_test\client_build\app_build\src\main\java\kr\pe\sinnori\impl\message] creation task end
09:45:39.525 [main] INFO  k.p.s.c.buildsystem.ProjectBuilder - main project[sample_test]'s message server codec file[Echo][D:\gitsinnori\sinnori\project\sample_test\client_build\app_build\src\main\java\kr\pe\sinnori\impl\message] creation task start
09:45:39.526 [main] INFO  k.p.s.c.buildsystem.ProjectBuilder - main project[sample_test]'s message server codec file[Echo][D:\gitsinnori\sinnori\project\sample_test\client_build\app_build\src\main\java\kr\pe\sinnori\impl\message] creation task end
09:45:39.526 [main] INFO  k.p.s.c.buildsystem.ProjectBuilder - main project[sample_test]'s message client codec file[Echo][D:\gitsinnori\sinnori\project\sample_test\client_build\app_build\src\main\java\kr\pe\sinnori\impl\message] creation task start
09:45:39.527 [main] INFO  k.p.s.c.buildsystem.ProjectBuilder - main project[sample_test]'s message client codec file[Echo][D:\gitsinnori\sinnori\project\sample_test\client_build\app_build\src\main\java\kr\pe\sinnori\impl\message] creation task end
09:45:39.577 [main] INFO  k.p.s.common.util.CommonStaticUtil - the new child relative direcotry[D:\gitsinnori\sinnori\project\sample_test\client_build\app_build\src\main\java\kr\pe\sinnori\impl\message][PublicKeyReq] was created successfully
09:45:39.578 [main] INFO  k.p.s.c.buildsystem.ProjectBuilder - main project[sample_test]'s message file[PublicKeyReq][D:\gitsinnori\sinnori\project\sample_test\client_build\app_build\src\main\java\kr\pe\sinnori\impl\message] creation task start
09:45:39.585 [main] INFO  k.p.s.c.buildsystem.ProjectBuilder - main project[sample_test]'s message file[PublicKeyReq][D:\gitsinnori\sinnori\project\sample_test\client_build\app_build\src\main\java\kr\pe\sinnori\impl\message] creation task end
09:45:39.585 [main] INFO  k.p.s.c.buildsystem.ProjectBuilder - main project[sample_test]'s message decoder file[PublicKeyReq][D:\gitsinnori\sinnori\project\sample_test\client_build\app_build\src\main\java\kr\pe\sinnori\impl\message] creation task start
09:45:39.594 [main] INFO  k.p.s.c.buildsystem.ProjectBuilder - main project[sample_test]'s message decoder file[PublicKeyReq][D:\gitsinnori\sinnori\project\sample_test\client_build\app_build\src\main\java\kr\pe\sinnori\impl\message] creation task end
09:45:39.594 [main] INFO  k.p.s.c.buildsystem.ProjectBuilder - main project[sample_test]'s message encoder file[PublicKeyReq][D:\gitsinnori\sinnori\project\sample_test\client_build\app_build\src\main\java\kr\pe\sinnori\impl\message] creation task start
09:45:39.602 [main] INFO  k.p.s.c.buildsystem.ProjectBuilder - main project[sample_test]'s message encoder file[PublicKeyReq][D:\gitsinnori\sinnori\project\sample_test\client_build\app_build\src\main\java\kr\pe\sinnori\impl\message] creation task end
09:45:39.602 [main] INFO  k.p.s.c.buildsystem.ProjectBuilder - main project[sample_test]'s message server codec file[PublicKeyReq][D:\gitsinnori\sinnori\project\sample_test\client_build\app_build\src\main\java\kr\pe\sinnori\impl\message] creation task start
09:45:39.605 [main] INFO  k.p.s.c.buildsystem.ProjectBuilder - main project[sample_test]'s message server codec file[PublicKeyReq][D:\gitsinnori\sinnori\project\sample_test\client_build\app_build\src\main\java\kr\pe\sinnori\impl\message] creation task end
09:45:39.605 [main] INFO  k.p.s.c.buildsystem.ProjectBuilder - main project[sample_test]'s message client codec file[PublicKeyReq][D:\gitsinnori\sinnori\project\sample_test\client_build\app_build\src\main\java\kr\pe\sinnori\impl\message] creation task start
09:45:39.608 [main] INFO  k.p.s.c.buildsystem.ProjectBuilder - main project[sample_test]'s message client codec file[PublicKeyReq][D:\gitsinnori\sinnori\project\sample_test\client_build\app_build\src\main\java\kr\pe\sinnori\impl\message] creation task end
09:45:39.608 [main] INFO  k.p.s.common.util.CommonStaticUtil - the new child relative direcotry[D:\gitsinnori\sinnori\project\sample_test\client_build\app_build\src\main\java\kr\pe\sinnori\impl\message][PublicKeyRes] was created successfully
09:45:39.608 [main] INFO  k.p.s.c.buildsystem.ProjectBuilder - main project[sample_test]'s message file[PublicKeyRes][D:\gitsinnori\sinnori\project\sample_test\client_build\app_build\src\main\java\kr\pe\sinnori\impl\message] creation task start
09:45:39.614 [main] INFO  k.p.s.c.buildsystem.ProjectBuilder - main project[sample_test]'s message file[PublicKeyRes][D:\gitsinnori\sinnori\project\sample_test\client_build\app_build\src\main\java\kr\pe\sinnori\impl\message] creation task end
09:45:39.614 [main] INFO  k.p.s.c.buildsystem.ProjectBuilder - main project[sample_test]'s message decoder file[PublicKeyRes][D:\gitsinnori\sinnori\project\sample_test\client_build\app_build\src\main\java\kr\pe\sinnori\impl\message] creation task start
09:45:39.620 [main] INFO  k.p.s.c.buildsystem.ProjectBuilder - main project[sample_test]'s message decoder file[PublicKeyRes][D:\gitsinnori\sinnori\project\sample_test\client_build\app_build\src\main\java\kr\pe\sinnori\impl\message] creation task end
09:45:39.620 [main] INFO  k.p.s.c.buildsystem.ProjectBuilder - main project[sample_test]'s message encoder file[PublicKeyRes][D:\gitsinnori\sinnori\project\sample_test\client_build\app_build\src\main\java\kr\pe\sinnori\impl\message] creation task start
09:45:39.626 [main] INFO  k.p.s.c.buildsystem.ProjectBuilder - main project[sample_test]'s message encoder file[PublicKeyRes][D:\gitsinnori\sinnori\project\sample_test\client_build\app_build\src\main\java\kr\pe\sinnori\impl\message] creation task end
09:45:39.626 [main] INFO  k.p.s.c.buildsystem.ProjectBuilder - main project[sample_test]'s message server codec file[PublicKeyRes][D:\gitsinnori\sinnori\project\sample_test\client_build\app_build\src\main\java\kr\pe\sinnori\impl\message] creation task start
09:45:39.628 [main] INFO  k.p.s.c.buildsystem.ProjectBuilder - main project[sample_test]'s message server codec file[PublicKeyRes][D:\gitsinnori\sinnori\project\sample_test\client_build\app_build\src\main\java\kr\pe\sinnori\impl\message] creation task end
09:45:39.628 [main] INFO  k.p.s.c.buildsystem.ProjectBuilder - main project[sample_test]'s message client codec file[PublicKeyRes][D:\gitsinnori\sinnori\project\sample_test\client_build\app_build\src\main\java\kr\pe\sinnori\impl\message] creation task start
09:45:39.630 [main] INFO  k.p.s.c.buildsystem.ProjectBuilder - main project[sample_test]'s message client codec file[PublicKeyRes][D:\gitsinnori\sinnori\project\sample_test\client_build\app_build\src\main\java\kr\pe\sinnori\impl\message] creation task end
09:45:39.630 [main] INFO  k.p.s.c.buildsystem.ProjectBuilder - main project[sample_test]'s application client message io file set creation task end
09:45:39.630 [main] INFO  k.p.s.c.buildsystem.ProjectBuilder - mainproject[sample_test]'s application client build system files creation task end
09:45:39.630 [main] INFO  k.p.s.c.buildsystem.ProjectBuilder - main project[sample_test]'s web client build system files creation task start
09:45:39.630 [main] INFO  k.p.s.c.buildsystem.ProjectBuilder - main project[sample_test]'s web client ant build.xml file creation task start
09:45:39.632 [main] INFO  k.p.s.c.buildsystem.ProjectBuilder - main project[sample_test]'s web client ant build.xml file creation task end
09:45:39.632 [main] INFO  k.p.s.c.buildsystem.ProjectBuilder - main project[sample_test]'s web client ant properties file creation task start
09:45:39.632 [main] INFO  k.p.s.c.util.SequencedPropertiesUtil - the sequenced properties file[D:\gitsinnori\sinnori\project\sample_test\client_build\web_build\webAnt.properties] was created
09:45:39.633 [main] INFO  k.p.s.c.buildsystem.ProjectBuilder - main project[sample_test]'s web client ant properties file creation task end
09:45:39.633 [main] INFO  k.p.s.c.buildsystem.ProjectBuilder - main project[sample_test]'s web client message io file set creation task start
09:45:39.634 [main] INFO  k.p.s.common.util.CommonStaticUtil - the new child relative direcotry[D:\gitsinnori\sinnori\project\sample_test\client_build\web_build\src\main\java\kr\pe\sinnori\impl\message][Echo] was created successfully
09:45:39.634 [main] INFO  k.p.s.c.buildsystem.ProjectBuilder - main project[sample_test]'s message file[Echo][D:\gitsinnori\sinnori\project\sample_test\client_build\web_build\src\main\java\kr\pe\sinnori\impl\message] creation task start
09:45:39.636 [main] INFO  k.p.s.c.buildsystem.ProjectBuilder - main project[sample_test]'s message file[Echo][D:\gitsinnori\sinnori\project\sample_test\client_build\web_build\src\main\java\kr\pe\sinnori\impl\message] creation task end
09:45:39.636 [main] INFO  k.p.s.c.buildsystem.ProjectBuilder - main project[sample_test]'s message decoder file[Echo][D:\gitsinnori\sinnori\project\sample_test\client_build\web_build\src\main\java\kr\pe\sinnori\impl\message] creation task start
09:45:39.640 [main] INFO  k.p.s.c.buildsystem.ProjectBuilder - main project[sample_test]'s message decoder file[Echo][D:\gitsinnori\sinnori\project\sample_test\client_build\web_build\src\main\java\kr\pe\sinnori\impl\message] creation task end
09:45:39.719 [main] INFO  k.p.s.c.buildsystem.ProjectBuilder - main project[sample_test]'s message encoder file[Echo][D:\gitsinnori\sinnori\project\sample_test\client_build\web_build\src\main\java\kr\pe\sinnori\impl\message] creation task start
09:45:39.724 [main] INFO  k.p.s.c.buildsystem.ProjectBuilder - main project[sample_test]'s message encoder file[Echo][D:\gitsinnori\sinnori\project\sample_test\client_build\web_build\src\main\java\kr\pe\sinnori\impl\message] creation task end
09:45:39.724 [main] INFO  k.p.s.c.buildsystem.ProjectBuilder - main project[sample_test]'s message server codec file[Echo][D:\gitsinnori\sinnori\project\sample_test\client_build\web_build\src\main\java\kr\pe\sinnori\impl\message] creation task start
09:45:39.725 [main] INFO  k.p.s.c.buildsystem.ProjectBuilder - main project[sample_test]'s message server codec file[Echo][D:\gitsinnori\sinnori\project\sample_test\client_build\web_build\src\main\java\kr\pe\sinnori\impl\message] creation task end
09:45:39.725 [main] INFO  k.p.s.c.buildsystem.ProjectBuilder - main project[sample_test]'s message client codec file[Echo][D:\gitsinnori\sinnori\project\sample_test\client_build\web_build\src\main\java\kr\pe\sinnori\impl\message] creation task start
09:45:39.726 [main] INFO  k.p.s.c.buildsystem.ProjectBuilder - main project[sample_test]'s message client codec file[Echo][D:\gitsinnori\sinnori\project\sample_test\client_build\web_build\src\main\java\kr\pe\sinnori\impl\message] creation task end
09:45:39.726 [main] INFO  k.p.s.common.util.CommonStaticUtil - the new child relative direcotry[D:\gitsinnori\sinnori\project\sample_test\client_build\web_build\src\main\java\kr\pe\sinnori\impl\message][PublicKeyReq] was created successfully
09:45:39.727 [main] INFO  k.p.s.c.buildsystem.ProjectBuilder - main project[sample_test]'s message file[PublicKeyReq][D:\gitsinnori\sinnori\project\sample_test\client_build\web_build\src\main\java\kr\pe\sinnori\impl\message] creation task start
09:45:39.730 [main] INFO  k.p.s.c.buildsystem.ProjectBuilder - main project[sample_test]'s message file[PublicKeyReq][D:\gitsinnori\sinnori\project\sample_test\client_build\web_build\src\main\java\kr\pe\sinnori\impl\message] creation task end
09:45:39.730 [main] INFO  k.p.s.c.buildsystem.ProjectBuilder - main project[sample_test]'s message decoder file[PublicKeyReq][D:\gitsinnori\sinnori\project\sample_test\client_build\web_build\src\main\java\kr\pe\sinnori\impl\message] creation task start
09:45:39.733 [main] INFO  k.p.s.c.buildsystem.ProjectBuilder - main project[sample_test]'s message decoder file[PublicKeyReq][D:\gitsinnori\sinnori\project\sample_test\client_build\web_build\src\main\java\kr\pe\sinnori\impl\message] creation task end
09:45:39.733 [main] INFO  k.p.s.c.buildsystem.ProjectBuilder - main project[sample_test]'s message encoder file[PublicKeyReq][D:\gitsinnori\sinnori\project\sample_test\client_build\web_build\src\main\java\kr\pe\sinnori\impl\message] creation task start
09:45:39.735 [main] INFO  k.p.s.c.buildsystem.ProjectBuilder - main project[sample_test]'s message encoder file[PublicKeyReq][D:\gitsinnori\sinnori\project\sample_test\client_build\web_build\src\main\java\kr\pe\sinnori\impl\message] creation task end
09:45:39.735 [main] INFO  k.p.s.c.buildsystem.ProjectBuilder - main project[sample_test]'s message server codec file[PublicKeyReq][D:\gitsinnori\sinnori\project\sample_test\client_build\web_build\src\main\java\kr\pe\sinnori\impl\message] creation task start
09:45:39.737 [main] INFO  k.p.s.c.buildsystem.ProjectBuilder - main project[sample_test]'s message server codec file[PublicKeyReq][D:\gitsinnori\sinnori\project\sample_test\client_build\web_build\src\main\java\kr\pe\sinnori\impl\message] creation task end
09:45:39.737 [main] INFO  k.p.s.c.buildsystem.ProjectBuilder - main project[sample_test]'s message client codec file[PublicKeyReq][D:\gitsinnori\sinnori\project\sample_test\client_build\web_build\src\main\java\kr\pe\sinnori\impl\message] creation task start
09:45:39.738 [main] INFO  k.p.s.c.buildsystem.ProjectBuilder - main project[sample_test]'s message client codec file[PublicKeyReq][D:\gitsinnori\sinnori\project\sample_test\client_build\web_build\src\main\java\kr\pe\sinnori\impl\message] creation task end
09:45:39.739 [main] INFO  k.p.s.common.util.CommonStaticUtil - the new child relative direcotry[D:\gitsinnori\sinnori\project\sample_test\client_build\web_build\src\main\java\kr\pe\sinnori\impl\message][PublicKeyRes] was created successfully
09:45:39.739 [main] INFO  k.p.s.c.buildsystem.ProjectBuilder - main project[sample_test]'s message file[PublicKeyRes][D:\gitsinnori\sinnori\project\sample_test\client_build\web_build\src\main\java\kr\pe\sinnori\impl\message] creation task start
09:45:39.742 [main] INFO  k.p.s.c.buildsystem.ProjectBuilder - main project[sample_test]'s message file[PublicKeyRes][D:\gitsinnori\sinnori\project\sample_test\client_build\web_build\src\main\java\kr\pe\sinnori\impl\message] creation task end
09:45:39.742 [main] INFO  k.p.s.c.buildsystem.ProjectBuilder - main project[sample_test]'s message decoder file[PublicKeyRes][D:\gitsinnori\sinnori\project\sample_test\client_build\web_build\src\main\java\kr\pe\sinnori\impl\message] creation task start
09:45:39.745 [main] INFO  k.p.s.c.buildsystem.ProjectBuilder - main project[sample_test]'s message decoder file[PublicKeyRes][D:\gitsinnori\sinnori\project\sample_test\client_build\web_build\src\main\java\kr\pe\sinnori\impl\message] creation task end
09:45:39.745 [main] INFO  k.p.s.c.buildsystem.ProjectBuilder - main project[sample_test]'s message encoder file[PublicKeyRes][D:\gitsinnori\sinnori\project\sample_test\client_build\web_build\src\main\java\kr\pe\sinnori\impl\message] creation task start
09:45:39.748 [main] INFO  k.p.s.c.buildsystem.ProjectBuilder - main project[sample_test]'s message encoder file[PublicKeyRes][D:\gitsinnori\sinnori\project\sample_test\client_build\web_build\src\main\java\kr\pe\sinnori\impl\message] creation task end
09:45:39.748 [main] INFO  k.p.s.c.buildsystem.ProjectBuilder - main project[sample_test]'s message server codec file[PublicKeyRes][D:\gitsinnori\sinnori\project\sample_test\client_build\web_build\src\main\java\kr\pe\sinnori\impl\message] creation task start
09:45:39.749 [main] INFO  k.p.s.c.buildsystem.ProjectBuilder - main project[sample_test]'s message server codec file[PublicKeyRes][D:\gitsinnori\sinnori\project\sample_test\client_build\web_build\src\main\java\kr\pe\sinnori\impl\message] creation task end
09:45:39.750 [main] INFO  k.p.s.c.buildsystem.ProjectBuilder - main project[sample_test]'s message client codec file[PublicKeyRes][D:\gitsinnori\sinnori\project\sample_test\client_build\web_build\src\main\java\kr\pe\sinnori\impl\message] creation task start
09:45:39.835 [main] INFO  k.p.s.c.buildsystem.ProjectBuilder - main project[sample_test]'s message client codec file[PublicKeyRes][D:\gitsinnori\sinnori\project\sample_test\client_build\web_build\src\main\java\kr\pe\sinnori\impl\message] creation task end
09:45:39.835 [main] INFO  k.p.s.c.buildsystem.ProjectBuilder - main project[sample_test]'s web client message io file set creation task end
09:45:39.835 [main] INFO  k.p.s.c.buildsystem.ProjectBuilder - mainproject[sample_test]'s web client sample source files copy task start
09:45:39.916 [main] INFO  k.p.s.c.buildsystem.ProjectBuilder - mainproject[sample_test]'s web client sample source files copy task end
09:45:39.916 [main] INFO  k.p.s.c.buildsystem.ProjectBuilder - main project[sample_test]'s web client build system files creation task end
09:45:39.916 [main] INFO  k.p.s.c.buildsystem.ProjectBuilder - main project[sample_test]'s web root sample files creation task start
09:45:39.916 [main] INFO  k.p.s.c.buildsystem.ProjectBuilder - main project[sample_test]'s web root sample files copy task start
09:45:39.922 [main] INFO  k.p.s.c.buildsystem.ProjectBuilder - main project[sample_test]'s web root sample files copy task end
09:45:39.922 [main] INFO  k.p.s.c.buildsystem.ProjectBuilder - main project[sample_test]'s web root sample files creation task end
09:45:39.922 [main] INFO  k.p.s.c.buildsystem.ProjectBuilder - main project[sample_test]'s file creation task end
09:45:39.923 [main] INFO  k.p.s.c.config.SinnoriConfiguration - item key[sessionkey.rsa.publickey.file.value]'s value is null because its status is inactive
09:45:39.923 [main] INFO  k.p.s.c.config.SinnoriConfiguration - item key[sessionkey.rsa.privatekey.file.value]'s value is null because its status is inactive
09:45:39.923 [main] INFO  k.p.s.c.buildsystem.ProjectBuilder - main project[sample_test] changeProjectState method start
09:45:39.923 [main] INFO  k.p.s.c.buildsystem.ProjectBuilder - the server ant build.xml file[D:\gitsinnori\sinnori\project\sample_test\server_build\build.xml] is bad :: whetherExist[false] isFile[false]
09:45:39.923 [main] WARN  k.p.s.c.buildsystem.ProjectBuilder - the server buid.xml file[D:\gitsinnori\sinnori\project\sample_test\server_build\build.xml] is bad beacse it doesn't exist or is not a file, so skip deletion of server build system
09:45:39.923 [main] INFO  k.p.s.c.buildsystem.ProjectBuilder - mainproject[sample_test]'s application client build path deletion task start
09:45:39.933 [main] INFO  k.p.s.c.buildsystem.ProjectBuilder - mainproject[sample_test]'s application client build path deletion task end
09:45:39.933 [main] INFO  k.p.s.c.buildsystem.ProjectBuilder - main project[sample_test]'s web client ant properties file modification task start
09:45:39.936 [main] INFO  k.p.s.c.buildsystem.ProjectBuilder - main project[sample_test]'s web client ant properties file modification task end
09:45:39.936 [main] WARN  k.p.s.c.buildsystem.ProjectBuilder - the web client build path[D:\gitsinnori\sinnori\project\sample_test\client_build\web_build] exists, so only the web client's ant properties including servlet system library path  was updated for new servletSystemLibraryPathString[D:\apache-tomcat-8.5.15\lib]
09:45:39.936 [main] WARN  k.p.s.c.buildsystem.ProjectBuilder - the web root path[D:\gitsinnori\sinnori\project\sample_test\web_app_base\ROOT] exists, so skip creation of web root
09:45:39.936 [main] INFO  k.p.s.c.buildsystem.ProjectBuilder - main project[sample_test]'s config file overwrite task start
09:45:39.940 [main] INFO  k.p.s.c.buildsystem.ProjectBuilder - main project[sample_test]'s config file overwrite task end
09:45:39.940 [main] INFO  k.p.s.c.buildsystem.ProjectBuilder - main project[sample_test] changeProjectState method end
09:45:39.940 [main] INFO  k.p.s.c.buildsystem.ProjectBuilder - the server ant build.xml file[D:\gitsinnori\sinnori\project\sample_test\server_build\build.xml] is bad :: whetherExist[false] isFile[false]
09:45:39.940 [main] INFO  k.p.s.c.buildsystem.ProjectBuilder - the app client ant build.xml file[D:\gitsinnori\sinnori\project\sample_test\client_build\app_build\build.xml] is bad :: whetherExist[false] isFile[false]
09:45:39.940 [main] INFO  k.p.s.c.buildsystem.ProjectBuilder - main project[sample_test] changeProjectState method start
09:45:39.940 [main] INFO  k.p.s.c.buildsystem.ProjectBuilder - the server ant build.xml file[D:\gitsinnori\sinnori\project\sample_test\server_build\build.xml] is bad :: whetherExist[false] isFile[false]
09:45:39.940 [main] WARN  k.p.s.c.buildsystem.ProjectBuilder - the server buid.xml file[D:\gitsinnori\sinnori\project\sample_test\server_build\build.xml] is bad beacse it doesn't exist or is not a file, so skip deletion of server build system
09:45:39.958 [main] INFO  k.p.s.c.buildsystem.ProjectBuilder - main project[sample_test]'s application build child direcotry creation task start
09:45:39.959 [main] INFO  k.p.s.common.util.CommonStaticUtil - the new child relative direcotry[D:\gitsinnori\sinnori\project\sample_test][client_build/app_build/corelib/ex] was created successfully
09:45:39.960 [main] INFO  k.p.s.common.util.CommonStaticUtil - the new child relative direcotry[D:\gitsinnori\sinnori\project\sample_test][client_build/app_build/corelib/in] was created successfully
09:45:39.961 [main] INFO  k.p.s.common.util.CommonStaticUtil - the new child relative direcotry[D:\gitsinnori\sinnori\project\sample_test][client_build/app_build/lib/main/ex] was created successfully
09:45:39.961 [main] INFO  k.p.s.common.util.CommonStaticUtil - the new child relative direcotry[D:\gitsinnori\sinnori\project\sample_test][client_build/app_build/lib/main/in] was created successfully
09:45:39.961 [main] INFO  k.p.s.common.util.CommonStaticUtil - the new child relative direcotry[D:\gitsinnori\sinnori\project\sample_test][client_build/app_build/lib/test] was created successfully
09:45:39.965 [main] INFO  k.p.s.common.util.CommonStaticUtil - the new child relative direcotry[D:\gitsinnori\sinnori\project\sample_test][client_build/app_build/src/main/java/kr/pe/sinnori/impl/message] was created successfully
09:45:39.965 [main] INFO  k.p.s.common.util.CommonStaticUtil - the new child relative direcotry[D:\gitsinnori\sinnori\project\sample_test][client_build/app_build/src/main/java/main] was created successfully
09:45:39.966 [main] INFO  k.p.s.common.util.CommonStaticUtil - the new child relative direcotry[D:\gitsinnori\sinnori\project\sample_test][client_build/app_build/src/test/java] was created successfully
09:45:39.966 [main] INFO  k.p.s.common.util.CommonStaticUtil - the new child relative direcotry[D:\gitsinnori\sinnori\project\sample_test][client_build/app_build/build] was created successfully
09:45:39.966 [main] INFO  k.p.s.common.util.CommonStaticUtil - the new child relative direcotry[D:\gitsinnori\sinnori\project\sample_test][client_build/app_build/dist] was created successfully
09:45:39.966 [main] INFO  k.p.s.c.buildsystem.ProjectBuilder - main project[sample_test]'s application build child direcotry creation task end
09:45:39.966 [main] INFO  k.p.s.c.buildsystem.ProjectBuilder - mainproject[sample_test]'s application client build system files creation task start
09:45:39.966 [main] INFO  k.p.s.c.buildsystem.ProjectBuilder - main project[sample_test]'s application client ant build.xml file creation task start
09:45:39.968 [main] INFO  k.p.s.c.buildsystem.ProjectBuilder - main project[sample_test]'s application client ant build.xml file creation task end
09:45:39.968 [main] INFO  k.p.s.c.buildsystem.ProjectBuilder - main project[sample_test]'s application client dos shell file creation task start
09:45:39.973 [main] INFO  k.p.s.c.buildsystem.ProjectBuilder - main project[sample_test]'s application client dos shell file creation task end
09:45:39.973 [main] INFO  k.p.s.c.buildsystem.ProjectBuilder - main project[sample_test]'s application client unix shell file creation task start
09:45:39.974 [main] INFO  k.p.s.c.buildsystem.ProjectBuilder - main project[sample_test]'s application client unix shell file creation task end
09:45:39.974 [main] INFO  k.p.s.c.buildsystem.ProjectBuilder - application client sample source files copy task start
09:45:39.984 [main] INFO  k.p.s.c.buildsystem.ProjectBuilder - application client sample source files copy task end
09:45:39.984 [main] INFO  k.p.s.c.buildsystem.ProjectBuilder - main project[sample_test]'s application client message io file set creation task start
09:45:39.984 [main] INFO  k.p.s.common.util.CommonStaticUtil - the new child relative direcotry[D:\gitsinnori\sinnori\project\sample_test\client_build\app_build\src\main\java\kr\pe\sinnori\impl\message][Echo] was created successfully
09:45:39.984 [main] INFO  k.p.s.c.buildsystem.ProjectBuilder - main project[sample_test]'s message file[Echo][D:\gitsinnori\sinnori\project\sample_test\client_build\app_build\src\main\java\kr\pe\sinnori\impl\message] creation task start
09:45:39.988 [main] INFO  k.p.s.c.buildsystem.ProjectBuilder - main project[sample_test]'s message file[Echo][D:\gitsinnori\sinnori\project\sample_test\client_build\app_build\src\main\java\kr\pe\sinnori\impl\message] creation task end
09:45:39.988 [main] INFO  k.p.s.c.buildsystem.ProjectBuilder - main project[sample_test]'s message decoder file[Echo][D:\gitsinnori\sinnori\project\sample_test\client_build\app_build\src\main\java\kr\pe\sinnori\impl\message] creation task start
09:45:39.990 [main] INFO  k.p.s.c.buildsystem.ProjectBuilder - main project[sample_test]'s message decoder file[Echo][D:\gitsinnori\sinnori\project\sample_test\client_build\app_build\src\main\java\kr\pe\sinnori\impl\message] creation task end
09:45:39.990 [main] INFO  k.p.s.c.buildsystem.ProjectBuilder - main project[sample_test]'s message encoder file[Echo][D:\gitsinnori\sinnori\project\sample_test\client_build\app_build\src\main\java\kr\pe\sinnori\impl\message] creation task start
09:45:39.994 [main] INFO  k.p.s.c.buildsystem.ProjectBuilder - main project[sample_test]'s message encoder file[Echo][D:\gitsinnori\sinnori\project\sample_test\client_build\app_build\src\main\java\kr\pe\sinnori\impl\message] creation task end
09:45:39.994 [main] INFO  k.p.s.c.buildsystem.ProjectBuilder - main project[sample_test]'s message server codec file[Echo][D:\gitsinnori\sinnori\project\sample_test\client_build\app_build\src\main\java\kr\pe\sinnori\impl\message] creation task start
09:45:39.995 [main] INFO  k.p.s.c.buildsystem.ProjectBuilder - main project[sample_test]'s message server codec file[Echo][D:\gitsinnori\sinnori\project\sample_test\client_build\app_build\src\main\java\kr\pe\sinnori\impl\message] creation task end
09:45:39.995 [main] INFO  k.p.s.c.buildsystem.ProjectBuilder - main project[sample_test]'s message client codec file[Echo][D:\gitsinnori\sinnori\project\sample_test\client_build\app_build\src\main\java\kr\pe\sinnori\impl\message] creation task start
09:45:39.996 [main] INFO  k.p.s.c.buildsystem.ProjectBuilder - main project[sample_test]'s message client codec file[Echo][D:\gitsinnori\sinnori\project\sample_test\client_build\app_build\src\main\java\kr\pe\sinnori\impl\message] creation task end
09:45:39.997 [main] INFO  k.p.s.common.util.CommonStaticUtil - the new child relative direcotry[D:\gitsinnori\sinnori\project\sample_test\client_build\app_build\src\main\java\kr\pe\sinnori\impl\message][PublicKeyReq] was created successfully
09:45:39.997 [main] INFO  k.p.s.c.buildsystem.ProjectBuilder - main project[sample_test]'s message file[PublicKeyReq][D:\gitsinnori\sinnori\project\sample_test\client_build\app_build\src\main\java\kr\pe\sinnori\impl\message] creation task start
09:45:40.000 [main] INFO  k.p.s.c.buildsystem.ProjectBuilder - main project[sample_test]'s message file[PublicKeyReq][D:\gitsinnori\sinnori\project\sample_test\client_build\app_build\src\main\java\kr\pe\sinnori\impl\message] creation task end
09:45:40.072 [main] INFO  k.p.s.c.buildsystem.ProjectBuilder - main project[sample_test]'s message decoder file[PublicKeyReq][D:\gitsinnori\sinnori\project\sample_test\client_build\app_build\src\main\java\kr\pe\sinnori\impl\message] creation task start
09:45:40.077 [main] INFO  k.p.s.c.buildsystem.ProjectBuilder - main project[sample_test]'s message decoder file[PublicKeyReq][D:\gitsinnori\sinnori\project\sample_test\client_build\app_build\src\main\java\kr\pe\sinnori\impl\message] creation task end
09:45:40.077 [main] INFO  k.p.s.c.buildsystem.ProjectBuilder - main project[sample_test]'s message encoder file[PublicKeyReq][D:\gitsinnori\sinnori\project\sample_test\client_build\app_build\src\main\java\kr\pe\sinnori\impl\message] creation task start
09:45:40.082 [main] INFO  k.p.s.c.buildsystem.ProjectBuilder - main project[sample_test]'s message encoder file[PublicKeyReq][D:\gitsinnori\sinnori\project\sample_test\client_build\app_build\src\main\java\kr\pe\sinnori\impl\message] creation task end
09:45:40.082 [main] INFO  k.p.s.c.buildsystem.ProjectBuilder - main project[sample_test]'s message server codec file[PublicKeyReq][D:\gitsinnori\sinnori\project\sample_test\client_build\app_build\src\main\java\kr\pe\sinnori\impl\message] creation task start
09:45:40.084 [main] INFO  k.p.s.c.buildsystem.ProjectBuilder - main project[sample_test]'s message server codec file[PublicKeyReq][D:\gitsinnori\sinnori\project\sample_test\client_build\app_build\src\main\java\kr\pe\sinnori\impl\message] creation task end
09:45:40.084 [main] INFO  k.p.s.c.buildsystem.ProjectBuilder - main project[sample_test]'s message client codec file[PublicKeyReq][D:\gitsinnori\sinnori\project\sample_test\client_build\app_build\src\main\java\kr\pe\sinnori\impl\message] creation task start
09:45:40.085 [main] INFO  k.p.s.c.buildsystem.ProjectBuilder - main project[sample_test]'s message client codec file[PublicKeyReq][D:\gitsinnori\sinnori\project\sample_test\client_build\app_build\src\main\java\kr\pe\sinnori\impl\message] creation task end
09:45:40.086 [main] INFO  k.p.s.common.util.CommonStaticUtil - the new child relative direcotry[D:\gitsinnori\sinnori\project\sample_test\client_build\app_build\src\main\java\kr\pe\sinnori\impl\message][PublicKeyRes] was created successfully
09:45:40.086 [main] INFO  k.p.s.c.buildsystem.ProjectBuilder - main project[sample_test]'s message file[PublicKeyRes][D:\gitsinnori\sinnori\project\sample_test\client_build\app_build\src\main\java\kr\pe\sinnori\impl\message] creation task start
09:45:40.089 [main] INFO  k.p.s.c.buildsystem.ProjectBuilder - main project[sample_test]'s message file[PublicKeyRes][D:\gitsinnori\sinnori\project\sample_test\client_build\app_build\src\main\java\kr\pe\sinnori\impl\message] creation task end
09:45:40.089 [main] INFO  k.p.s.c.buildsystem.ProjectBuilder - main project[sample_test]'s message decoder file[PublicKeyRes][D:\gitsinnori\sinnori\project\sample_test\client_build\app_build\src\main\java\kr\pe\sinnori\impl\message] creation task start
09:45:40.092 [main] INFO  k.p.s.c.buildsystem.ProjectBuilder - main project[sample_test]'s message decoder file[PublicKeyRes][D:\gitsinnori\sinnori\project\sample_test\client_build\app_build\src\main\java\kr\pe\sinnori\impl\message] creation task end
09:45:40.092 [main] INFO  k.p.s.c.buildsystem.ProjectBuilder - main project[sample_test]'s message encoder file[PublicKeyRes][D:\gitsinnori\sinnori\project\sample_test\client_build\app_build\src\main\java\kr\pe\sinnori\impl\message] creation task start
09:45:40.100 [main] INFO  k.p.s.c.buildsystem.ProjectBuilder - main project[sample_test]'s message encoder file[PublicKeyRes][D:\gitsinnori\sinnori\project\sample_test\client_build\app_build\src\main\java\kr\pe\sinnori\impl\message] creation task end
09:45:40.100 [main] INFO  k.p.s.c.buildsystem.ProjectBuilder - main project[sample_test]'s message server codec file[PublicKeyRes][D:\gitsinnori\sinnori\project\sample_test\client_build\app_build\src\main\java\kr\pe\sinnori\impl\message] creation task start
09:45:40.101 [main] INFO  k.p.s.c.buildsystem.ProjectBuilder - main project[sample_test]'s message server codec file[PublicKeyRes][D:\gitsinnori\sinnori\project\sample_test\client_build\app_build\src\main\java\kr\pe\sinnori\impl\message] creation task end
09:45:40.101 [main] INFO  k.p.s.c.buildsystem.ProjectBuilder - main project[sample_test]'s message client codec file[PublicKeyRes][D:\gitsinnori\sinnori\project\sample_test\client_build\app_build\src\main\java\kr\pe\sinnori\impl\message] creation task start
09:45:40.103 [main] INFO  k.p.s.c.buildsystem.ProjectBuilder - main project[sample_test]'s message client codec file[PublicKeyRes][D:\gitsinnori\sinnori\project\sample_test\client_build\app_build\src\main\java\kr\pe\sinnori\impl\message] creation task end
09:45:40.104 [main] INFO  k.p.s.c.buildsystem.ProjectBuilder - main project[sample_test]'s application client message io file set creation task end
09:45:40.104 [main] INFO  k.p.s.c.buildsystem.ProjectBuilder - mainproject[sample_test]'s application client build system files creation task end
09:45:40.104 [main] INFO  k.p.s.c.buildsystem.ProjectBuilder - main project[sample_test]'s web client build path deletion task start
09:45:40.119 [main] INFO  k.p.s.c.buildsystem.ProjectBuilder - main project[sample_test]'s web client build path deletion task end
09:45:40.119 [main] INFO  k.p.s.c.buildsystem.ProjectBuilder - main project[sample_test]'s web root path deletion task start
09:45:40.121 [main] INFO  k.p.s.c.buildsystem.ProjectBuilder - main project[sample_test]'s web root path deletion task end
09:45:40.121 [main] INFO  k.p.s.c.buildsystem.ProjectBuilder - main project[sample_test]'s config file overwrite task start
09:45:40.125 [main] INFO  k.p.s.c.buildsystem.ProjectBuilder - main project[sample_test]'s config file overwrite task end
09:45:40.125 [main] INFO  k.p.s.c.buildsystem.ProjectBuilder - main project[sample_test] changeProjectState method end
09:45:40.125 [main] INFO  k.p.s.c.buildsystem.ProjectBuilder - the server ant build.xml file[D:\gitsinnori\sinnori\project\sample_test\server_build\build.xml] is bad :: whetherExist[false] isFile[false]
09:45:40.125 [main] INFO  k.p.s.c.buildsystem.ProjectBuilder - the web client ant build.xml file[D:\gitsinnori\sinnori\project\sample_test\client_build\web_build\build.xml] is bad :: whetherExist[false] isFile[false]
09:45:40.125 [main] INFO  k.p.s.c.buildsystem.ProjectBuilder - the web.xml file[D:\gitsinnori\sinnori\project\sample_test\web_app_base\ROOT\WEB-INF\web.xml] located at web root directory is bad :: whetherExist[false] isFile[false]
09:45:40.125 [main] INFO  k.p.s.c.buildsystem.ProjectBuilder - main project[sample_test] changeProjectState method start
09:45:40.125 [main] INFO  k.p.s.c.buildsystem.ProjectBuilder - the server ant build.xml file[D:\gitsinnori\sinnori\project\sample_test\server_build\build.xml] is bad :: whetherExist[false] isFile[false]
09:45:40.125 [main] WARN  k.p.s.c.buildsystem.ProjectBuilder - the server buid.xml file[D:\gitsinnori\sinnori\project\sample_test\server_build\build.xml] is bad beacse it doesn't exist or is not a file, so skip deletion of server build system
09:45:40.125 [main] WARN  k.p.s.c.buildsystem.ProjectBuilder - the app client build path[D:\gitsinnori\sinnori\project\sample_test\client_build\app_build] exist, so skip creation of app client build system
09:45:40.125 [main] INFO  k.p.s.c.buildsystem.ProjectBuilder - main project[sample_test]'s web build child direcotry creation task start
09:45:40.126 [main] INFO  k.p.s.common.util.CommonStaticUtil - the new child relative direcotry[D:\gitsinnori\sinnori\project\sample_test][client_build/web_build/corelib/ex] was created successfully
09:45:40.199 [main] INFO  k.p.s.common.util.CommonStaticUtil - the new child relative direcotry[D:\gitsinnori\sinnori\project\sample_test][client_build/web_build/corelib/in] was created successfully
09:45:40.201 [main] INFO  k.p.s.common.util.CommonStaticUtil - the new child relative direcotry[D:\gitsinnori\sinnori\project\sample_test][client_build/web_build/lib/main/ex] was created successfully
09:45:40.201 [main] INFO  k.p.s.common.util.CommonStaticUtil - the new child relative direcotry[D:\gitsinnori\sinnori\project\sample_test][client_build/web_build/lib/main/in] was created successfully
09:45:40.201 [main] INFO  k.p.s.common.util.CommonStaticUtil - the new child relative direcotry[D:\gitsinnori\sinnori\project\sample_test][client_build/web_build/lib/test] was created successfully
09:45:40.204 [main] INFO  k.p.s.common.util.CommonStaticUtil - the new child relative direcotry[D:\gitsinnori\sinnori\project\sample_test][client_build/web_build/src/main/java/kr/pe/sinnori/impl/message] was created successfully
09:45:40.205 [main] INFO  k.p.s.common.util.CommonStaticUtil - the new child relative direcotry[D:\gitsinnori\sinnori\project\sample_test][client_build/web_build/src/main/java//kr/pe/sinnori/servlet] was created successfully
09:45:40.206 [main] INFO  k.p.s.common.util.CommonStaticUtil - the new child relative direcotry[D:\gitsinnori\sinnori\project\sample_test][client_build/web_build/src/main/java/kr/pe/sinnori/weblib/common] was created successfully
09:45:40.206 [main] INFO  k.p.s.common.util.CommonStaticUtil - the new child relative direcotry[D:\gitsinnori\sinnori\project\sample_test][client_build/web_build/src/main/java/kr/pe/sinnori/weblib/htmlstring] was created successfully
09:45:40.206 [main] INFO  k.p.s.common.util.CommonStaticUtil - the new child relative direcotry[D:\gitsinnori\sinnori\project\sample_test][client_build/web_build/src/main/java/kr/pe/sinnori/weblib/jdf] was created successfully
09:45:40.207 [main] INFO  k.p.s.common.util.CommonStaticUtil - the new child relative direcotry[D:\gitsinnori\sinnori\project\sample_test][client_build/web_build/src/test/java] was created successfully
09:45:40.207 [main] INFO  k.p.s.common.util.CommonStaticUtil - the new child relative direcotry[D:\gitsinnori\sinnori\project\sample_test][client_build/web_build/build] was created successfully
09:45:40.207 [main] INFO  k.p.s.common.util.CommonStaticUtil - the new child relative direcotry[D:\gitsinnori\sinnori\project\sample_test][client_build/web_build/dist] was created successfully
09:45:40.207 [main] INFO  k.p.s.c.buildsystem.ProjectBuilder - main project[sample_test]'s web build child direcotry creation task end
09:45:40.207 [main] INFO  k.p.s.c.buildsystem.ProjectBuilder - main project[sample_test]'s web client build system files creation task start
09:45:40.207 [main] INFO  k.p.s.c.buildsystem.ProjectBuilder - main project[sample_test]'s web client ant build.xml file creation task start
09:45:40.208 [main] INFO  k.p.s.c.buildsystem.ProjectBuilder - main project[sample_test]'s web client ant build.xml file creation task end
09:45:40.209 [main] INFO  k.p.s.c.buildsystem.ProjectBuilder - main project[sample_test]'s web client ant properties file creation task start
09:45:40.209 [main] INFO  k.p.s.c.util.SequencedPropertiesUtil - the sequenced properties file[D:\gitsinnori\sinnori\project\sample_test\client_build\web_build\webAnt.properties] was created
09:45:40.213 [main] INFO  k.p.s.c.buildsystem.ProjectBuilder - main project[sample_test]'s web client ant properties file creation task end
09:45:40.213 [main] INFO  k.p.s.c.buildsystem.ProjectBuilder - main project[sample_test]'s web client message io file set creation task start
09:45:40.213 [main] INFO  k.p.s.common.util.CommonStaticUtil - the new child relative direcotry[D:\gitsinnori\sinnori\project\sample_test\client_build\web_build\src\main\java\kr\pe\sinnori\impl\message][Echo] was created successfully
09:45:40.213 [main] INFO  k.p.s.c.buildsystem.ProjectBuilder - main project[sample_test]'s message file[Echo][D:\gitsinnori\sinnori\project\sample_test\client_build\web_build\src\main\java\kr\pe\sinnori\impl\message] creation task start
09:45:40.216 [main] INFO  k.p.s.c.buildsystem.ProjectBuilder - main project[sample_test]'s message file[Echo][D:\gitsinnori\sinnori\project\sample_test\client_build\web_build\src\main\java\kr\pe\sinnori\impl\message] creation task end
09:45:40.216 [main] INFO  k.p.s.c.buildsystem.ProjectBuilder - main project[sample_test]'s message decoder file[Echo][D:\gitsinnori\sinnori\project\sample_test\client_build\web_build\src\main\java\kr\pe\sinnori\impl\message] creation task start
09:45:40.218 [main] INFO  k.p.s.c.buildsystem.ProjectBuilder - main project[sample_test]'s message decoder file[Echo][D:\gitsinnori\sinnori\project\sample_test\client_build\web_build\src\main\java\kr\pe\sinnori\impl\message] creation task end
09:45:40.218 [main] INFO  k.p.s.c.buildsystem.ProjectBuilder - main project[sample_test]'s message encoder file[Echo][D:\gitsinnori\sinnori\project\sample_test\client_build\web_build\src\main\java\kr\pe\sinnori\impl\message] creation task start
09:45:40.222 [main] INFO  k.p.s.c.buildsystem.ProjectBuilder - main project[sample_test]'s message encoder file[Echo][D:\gitsinnori\sinnori\project\sample_test\client_build\web_build\src\main\java\kr\pe\sinnori\impl\message] creation task end
09:45:40.222 [main] INFO  k.p.s.c.buildsystem.ProjectBuilder - main project[sample_test]'s message server codec file[Echo][D:\gitsinnori\sinnori\project\sample_test\client_build\web_build\src\main\java\kr\pe\sinnori\impl\message] creation task start
09:45:40.223 [main] INFO  k.p.s.c.buildsystem.ProjectBuilder - main project[sample_test]'s message server codec file[Echo][D:\gitsinnori\sinnori\project\sample_test\client_build\web_build\src\main\java\kr\pe\sinnori\impl\message] creation task end
09:45:40.224 [main] INFO  k.p.s.c.buildsystem.ProjectBuilder - main project[sample_test]'s message client codec file[Echo][D:\gitsinnori\sinnori\project\sample_test\client_build\web_build\src\main\java\kr\pe\sinnori\impl\message] creation task start
09:45:40.225 [main] INFO  k.p.s.c.buildsystem.ProjectBuilder - main project[sample_test]'s message client codec file[Echo][D:\gitsinnori\sinnori\project\sample_test\client_build\web_build\src\main\java\kr\pe\sinnori\impl\message] creation task end
09:45:40.225 [main] INFO  k.p.s.common.util.CommonStaticUtil - the new child relative direcotry[D:\gitsinnori\sinnori\project\sample_test\client_build\web_build\src\main\java\kr\pe\sinnori\impl\message][PublicKeyReq] was created successfully
09:45:40.225 [main] INFO  k.p.s.c.buildsystem.ProjectBuilder - main project[sample_test]'s message file[PublicKeyReq][D:\gitsinnori\sinnori\project\sample_test\client_build\web_build\src\main\java\kr\pe\sinnori\impl\message] creation task start
09:45:40.228 [main] INFO  k.p.s.c.buildsystem.ProjectBuilder - main project[sample_test]'s message file[PublicKeyReq][D:\gitsinnori\sinnori\project\sample_test\client_build\web_build\src\main\java\kr\pe\sinnori\impl\message] creation task end
09:45:40.228 [main] INFO  k.p.s.c.buildsystem.ProjectBuilder - main project[sample_test]'s message decoder file[PublicKeyReq][D:\gitsinnori\sinnori\project\sample_test\client_build\web_build\src\main\java\kr\pe\sinnori\impl\message] creation task start
09:45:40.231 [main] INFO  k.p.s.c.buildsystem.ProjectBuilder - main project[sample_test]'s message decoder file[PublicKeyReq][D:\gitsinnori\sinnori\project\sample_test\client_build\web_build\src\main\java\kr\pe\sinnori\impl\message] creation task end
09:45:40.311 [main] INFO  k.p.s.c.buildsystem.ProjectBuilder - main project[sample_test]'s message encoder file[PublicKeyReq][D:\gitsinnori\sinnori\project\sample_test\client_build\web_build\src\main\java\kr\pe\sinnori\impl\message] creation task start
09:45:40.315 [main] INFO  k.p.s.c.buildsystem.ProjectBuilder - main project[sample_test]'s message encoder file[PublicKeyReq][D:\gitsinnori\sinnori\project\sample_test\client_build\web_build\src\main\java\kr\pe\sinnori\impl\message] creation task end
09:45:40.315 [main] INFO  k.p.s.c.buildsystem.ProjectBuilder - main project[sample_test]'s message server codec file[PublicKeyReq][D:\gitsinnori\sinnori\project\sample_test\client_build\web_build\src\main\java\kr\pe\sinnori\impl\message] creation task start
09:45:40.317 [main] INFO  k.p.s.c.buildsystem.ProjectBuilder - main project[sample_test]'s message server codec file[PublicKeyReq][D:\gitsinnori\sinnori\project\sample_test\client_build\web_build\src\main\java\kr\pe\sinnori\impl\message] creation task end
09:45:40.317 [main] INFO  k.p.s.c.buildsystem.ProjectBuilder - main project[sample_test]'s message client codec file[PublicKeyReq][D:\gitsinnori\sinnori\project\sample_test\client_build\web_build\src\main\java\kr\pe\sinnori\impl\message] creation task start
09:45:40.319 [main] INFO  k.p.s.c.buildsystem.ProjectBuilder - main project[sample_test]'s message client codec file[PublicKeyReq][D:\gitsinnori\sinnori\project\sample_test\client_build\web_build\src\main\java\kr\pe\sinnori\impl\message] creation task end
09:45:40.320 [main] INFO  k.p.s.common.util.CommonStaticUtil - the new child relative direcotry[D:\gitsinnori\sinnori\project\sample_test\client_build\web_build\src\main\java\kr\pe\sinnori\impl\message][PublicKeyRes] was created successfully
09:45:40.320 [main] INFO  k.p.s.c.buildsystem.ProjectBuilder - main project[sample_test]'s message file[PublicKeyRes][D:\gitsinnori\sinnori\project\sample_test\client_build\web_build\src\main\java\kr\pe\sinnori\impl\message] creation task start
09:45:40.324 [main] INFO  k.p.s.c.buildsystem.ProjectBuilder - main project[sample_test]'s message file[PublicKeyRes][D:\gitsinnori\sinnori\project\sample_test\client_build\web_build\src\main\java\kr\pe\sinnori\impl\message] creation task end
09:45:40.324 [main] INFO  k.p.s.c.buildsystem.ProjectBuilder - main project[sample_test]'s message decoder file[PublicKeyRes][D:\gitsinnori\sinnori\project\sample_test\client_build\web_build\src\main\java\kr\pe\sinnori\impl\message] creation task start
09:45:40.327 [main] INFO  k.p.s.c.buildsystem.ProjectBuilder - main project[sample_test]'s message decoder file[PublicKeyRes][D:\gitsinnori\sinnori\project\sample_test\client_build\web_build\src\main\java\kr\pe\sinnori\impl\message] creation task end
09:45:40.327 [main] INFO  k.p.s.c.buildsystem.ProjectBuilder - main project[sample_test]'s message encoder file[PublicKeyRes][D:\gitsinnori\sinnori\project\sample_test\client_build\web_build\src\main\java\kr\pe\sinnori\impl\message] creation task start
09:45:40.330 [main] INFO  k.p.s.c.buildsystem.ProjectBuilder - main project[sample_test]'s message encoder file[PublicKeyRes][D:\gitsinnori\sinnori\project\sample_test\client_build\web_build\src\main\java\kr\pe\sinnori\impl\message] creation task end
09:45:40.330 [main] INFO  k.p.s.c.buildsystem.ProjectBuilder - main project[sample_test]'s message server codec file[PublicKeyRes][D:\gitsinnori\sinnori\project\sample_test\client_build\web_build\src\main\java\kr\pe\sinnori\impl\message] creation task start
09:45:40.331 [main] INFO  k.p.s.c.buildsystem.ProjectBuilder - main project[sample_test]'s message server codec file[PublicKeyRes][D:\gitsinnori\sinnori\project\sample_test\client_build\web_build\src\main\java\kr\pe\sinnori\impl\message] creation task end
09:45:40.331 [main] INFO  k.p.s.c.buildsystem.ProjectBuilder - main project[sample_test]'s message client codec file[PublicKeyRes][D:\gitsinnori\sinnori\project\sample_test\client_build\web_build\src\main\java\kr\pe\sinnori\impl\message] creation task start
09:45:40.333 [main] INFO  k.p.s.c.buildsystem.ProjectBuilder - main project[sample_test]'s message client codec file[PublicKeyRes][D:\gitsinnori\sinnori\project\sample_test\client_build\web_build\src\main\java\kr\pe\sinnori\impl\message] creation task end
09:45:40.333 [main] INFO  k.p.s.c.buildsystem.ProjectBuilder - main project[sample_test]'s web client message io file set creation task end
09:45:40.333 [main] INFO  k.p.s.c.buildsystem.ProjectBuilder - mainproject[sample_test]'s web client sample source files copy task start
09:45:40.390 [main] INFO  k.p.s.c.buildsystem.ProjectBuilder - mainproject[sample_test]'s web client sample source files copy task end
09:45:40.390 [main] INFO  k.p.s.c.buildsystem.ProjectBuilder - main project[sample_test]'s web client build system files creation task end
09:45:40.390 [main] INFO  k.p.s.c.buildsystem.ProjectBuilder - main project[sample_test]'s web root child direcotry creation task start
09:45:40.390 [main] INFO  k.p.s.common.util.CommonStaticUtil - the child relative direcotry[D:\gitsinnori\sinnori\project\sample_test][web_app_base/upload] exist, so nothing
09:45:40.391 [main] INFO  k.p.s.common.util.CommonStaticUtil - the new child relative direcotry[D:\gitsinnori\sinnori\project\sample_test][web_app_base/ROOT/WEB-INF/classes] was created successfully
09:45:40.391 [main] INFO  k.p.s.common.util.CommonStaticUtil - the new child relative direcotry[D:\gitsinnori\sinnori\project\sample_test][web_app_base/ROOT/WEB-INF/lib] was created successfully
09:45:40.391 [main] INFO  k.p.s.c.buildsystem.ProjectBuilder - main project[sample_test]'s web root child direcotry creation task end
09:45:40.391 [main] INFO  k.p.s.c.buildsystem.ProjectBuilder - main project[sample_test]'s web root sample files creation task start
09:45:40.391 [main] INFO  k.p.s.c.buildsystem.ProjectBuilder - main project[sample_test]'s web root sample files copy task start
09:45:40.397 [main] INFO  k.p.s.c.buildsystem.ProjectBuilder - main project[sample_test]'s web root sample files copy task end
09:45:40.397 [main] INFO  k.p.s.c.buildsystem.ProjectBuilder - main project[sample_test]'s web root sample files creation task end
09:45:40.397 [main] INFO  k.p.s.c.buildsystem.ProjectBuilder - main project[sample_test]'s config file overwrite task start
09:45:40.401 [main] INFO  k.p.s.c.buildsystem.ProjectBuilder - main project[sample_test]'s config file overwrite task end
09:45:40.401 [main] INFO  k.p.s.c.buildsystem.ProjectBuilder - main project[sample_test] changeProjectState method end
09:45:40.401 [main] INFO  k.p.s.c.buildsystem.ProjectBuilder - the server ant build.xml file[D:\gitsinnori\sinnori\project\sample_test\server_build\build.xml] is bad :: whetherExist[false] isFile[false]
09:45:40.426 [main] INFO  k.p.s.c.buildsystem.ProjectBuilder - main project[sample_test] changeProjectState method start
09:45:40.426 [main] INFO  k.p.s.c.buildsystem.ProjectBuilder - main project[sample_test]'s server child direcotry creation task start
09:45:40.427 [main] INFO  k.p.s.common.util.CommonStaticUtil - the new child relative direcotry[D:\gitsinnori\sinnori\project\sample_test][server_build/APP-INF/classes] was created successfully
09:45:40.428 [main] INFO  k.p.s.common.util.CommonStaticUtil - the new child relative direcotry[D:\gitsinnori\sinnori\project\sample_test][server_build/corelib/ex] was created successfully
09:45:40.428 [main] INFO  k.p.s.common.util.CommonStaticUtil - the new child relative direcotry[D:\gitsinnori\sinnori\project\sample_test][server_build/corelib/in] was created successfully
09:45:40.430 [main] INFO  k.p.s.common.util.CommonStaticUtil - the new child relative direcotry[D:\gitsinnori\sinnori\project\sample_test][server_build/lib/main/ex] was created successfully
09:45:40.430 [main] INFO  k.p.s.common.util.CommonStaticUtil - the new child relative direcotry[D:\gitsinnori\sinnori\project\sample_test][server_build/lib/main/in] was created successfully
09:45:40.430 [main] INFO  k.p.s.common.util.CommonStaticUtil - the new child relative direcotry[D:\gitsinnori\sinnori\project\sample_test][server_build/lib/test] was created successfully
09:45:40.433 [main] INFO  k.p.s.common.util.CommonStaticUtil - the new child relative direcotry[D:\gitsinnori\sinnori\project\sample_test][server_build/src/main/java/kr/pe/sinnori/impl/servertask] was created successfully
09:45:40.433 [main] INFO  k.p.s.common.util.CommonStaticUtil - the new child relative direcotry[D:\gitsinnori\sinnori\project\sample_test][server_build/src/main/java/kr/pe/sinnori/impl/message] was created successfully
09:45:40.433 [main] INFO  k.p.s.common.util.CommonStaticUtil - the new child relative direcotry[D:\gitsinnori\sinnori\project\sample_test][server_build/src/main/java/main] was created successfully
09:45:40.433 [main] INFO  k.p.s.common.util.CommonStaticUtil - the new child relative direcotry[D:\gitsinnori\sinnori\project\sample_test][server_build/src/test/java] was created successfully
09:45:40.434 [main] INFO  k.p.s.common.util.CommonStaticUtil - the new child relative direcotry[D:\gitsinnori\sinnori\project\sample_test][server_build/build] was created successfully
09:45:40.434 [main] INFO  k.p.s.common.util.CommonStaticUtil - the new child relative direcotry[D:\gitsinnori\sinnori\project\sample_test][server_build/dist] was created successfully
09:45:40.434 [main] INFO  k.p.s.c.buildsystem.ProjectBuilder - main project[sample_test]'s server child direcotry creation task end
09:45:40.434 [main] INFO  k.p.s.c.buildsystem.ProjectBuilder - server build system files creation task start
09:45:40.434 [main] INFO  k.p.s.c.buildsystem.ProjectBuilder - main project[sample_test]'s server ant build.xml file creation task start
09:45:40.435 [main] INFO  k.p.s.c.buildsystem.ProjectBuilder - main project[sample_test]'s server ant build.xml file creation task end
09:45:40.435 [main] INFO  k.p.s.c.buildsystem.ProjectBuilder - main project[sample_test]'s server dos shell file creation task start
09:45:40.438 [main] INFO  k.p.s.c.buildsystem.ProjectBuilder - main project[sample_test]'s server dos shell file creation task end
09:45:40.438 [main] INFO  k.p.s.c.buildsystem.ProjectBuilder - main project[sample_test]'s server unix shell file creation task start
09:45:40.439 [main] INFO  k.p.s.c.buildsystem.ProjectBuilder - main project[sample_test]'s server unix shell file creation task end
09:45:40.439 [main] INFO  k.p.s.c.buildsystem.ProjectBuilder - server sample source files copy task start
09:45:40.447 [main] INFO  k.p.s.c.buildsystem.ProjectBuilder - server sample source files copy task end
09:45:40.447 [main] INFO  k.p.s.c.buildsystem.ProjectBuilder - main project[sample_test]'s server message io file set creation task start
09:45:40.447 [main] INFO  k.p.s.common.util.CommonStaticUtil - the new child relative direcotry[D:\gitsinnori\sinnori\project\sample_test\server_build\src\main\java\kr\pe\sinnori\impl\message][Echo] was created successfully
09:45:40.447 [main] INFO  k.p.s.c.buildsystem.ProjectBuilder - main project[sample_test]'s message file[Echo][D:\gitsinnori\sinnori\project\sample_test\server_build\src\main\java\kr\pe\sinnori\impl\message] creation task start
09:45:40.450 [main] INFO  k.p.s.c.buildsystem.ProjectBuilder - main project[sample_test]'s message file[Echo][D:\gitsinnori\sinnori\project\sample_test\server_build\src\main\java\kr\pe\sinnori\impl\message] creation task end
09:45:40.450 [main] INFO  k.p.s.c.buildsystem.ProjectBuilder - main project[sample_test]'s message decoder file[Echo][D:\gitsinnori\sinnori\project\sample_test\server_build\src\main\java\kr\pe\sinnori\impl\message] creation task start
09:45:40.453 [main] INFO  k.p.s.c.buildsystem.ProjectBuilder - main project[sample_test]'s message decoder file[Echo][D:\gitsinnori\sinnori\project\sample_test\server_build\src\main\java\kr\pe\sinnori\impl\message] creation task end
09:45:40.453 [main] INFO  k.p.s.c.buildsystem.ProjectBuilder - main project[sample_test]'s message encoder file[Echo][D:\gitsinnori\sinnori\project\sample_test\server_build\src\main\java\kr\pe\sinnori\impl\message] creation task start
09:45:40.456 [main] INFO  k.p.s.c.buildsystem.ProjectBuilder - main project[sample_test]'s message encoder file[Echo][D:\gitsinnori\sinnori\project\sample_test\server_build\src\main\java\kr\pe\sinnori\impl\message] creation task end
09:45:40.456 [main] INFO  k.p.s.c.buildsystem.ProjectBuilder - main project[sample_test]'s message server codec file[Echo][D:\gitsinnori\sinnori\project\sample_test\server_build\src\main\java\kr\pe\sinnori\impl\message] creation task start
09:45:40.457 [main] INFO  k.p.s.c.buildsystem.ProjectBuilder - main project[sample_test]'s message server codec file[Echo][D:\gitsinnori\sinnori\project\sample_test\server_build\src\main\java\kr\pe\sinnori\impl\message] creation task end
09:45:40.457 [main] INFO  k.p.s.c.buildsystem.ProjectBuilder - main project[sample_test]'s message client codec file[Echo][D:\gitsinnori\sinnori\project\sample_test\server_build\src\main\java\kr\pe\sinnori\impl\message] creation task start
09:45:40.458 [main] INFO  k.p.s.c.buildsystem.ProjectBuilder - main project[sample_test]'s message client codec file[Echo][D:\gitsinnori\sinnori\project\sample_test\server_build\src\main\java\kr\pe\sinnori\impl\message] creation task end
09:45:40.459 [main] INFO  k.p.s.common.util.CommonStaticUtil - the new child relative direcotry[D:\gitsinnori\sinnori\project\sample_test\server_build\src\main\java\kr\pe\sinnori\impl\message][PublicKeyReq] was created successfully
09:45:40.459 [main] INFO  k.p.s.c.buildsystem.ProjectBuilder - main project[sample_test]'s message file[PublicKeyReq][D:\gitsinnori\sinnori\project\sample_test\server_build\src\main\java\kr\pe\sinnori\impl\message] creation task start
09:45:40.461 [main] INFO  k.p.s.c.buildsystem.ProjectBuilder - main project[sample_test]'s message file[PublicKeyReq][D:\gitsinnori\sinnori\project\sample_test\server_build\src\main\java\kr\pe\sinnori\impl\message] creation task end
09:45:40.462 [main] INFO  k.p.s.c.buildsystem.ProjectBuilder - main project[sample_test]'s message decoder file[PublicKeyReq][D:\gitsinnori\sinnori\project\sample_test\server_build\src\main\java\kr\pe\sinnori\impl\message] creation task start
09:45:40.464 [main] INFO  k.p.s.c.buildsystem.ProjectBuilder - main project[sample_test]'s message decoder file[PublicKeyReq][D:\gitsinnori\sinnori\project\sample_test\server_build\src\main\java\kr\pe\sinnori\impl\message] creation task end
09:45:40.539 [main] INFO  k.p.s.c.buildsystem.ProjectBuilder - main project[sample_test]'s message encoder file[PublicKeyReq][D:\gitsinnori\sinnori\project\sample_test\server_build\src\main\java\kr\pe\sinnori\impl\message] creation task start
09:45:40.546 [main] INFO  k.p.s.c.buildsystem.ProjectBuilder - main project[sample_test]'s message encoder file[PublicKeyReq][D:\gitsinnori\sinnori\project\sample_test\server_build\src\main\java\kr\pe\sinnori\impl\message] creation task end
09:45:40.546 [main] INFO  k.p.s.c.buildsystem.ProjectBuilder - main project[sample_test]'s message server codec file[PublicKeyReq][D:\gitsinnori\sinnori\project\sample_test\server_build\src\main\java\kr\pe\sinnori\impl\message] creation task start
09:45:40.550 [main] INFO  k.p.s.c.buildsystem.ProjectBuilder - main project[sample_test]'s message server codec file[PublicKeyReq][D:\gitsinnori\sinnori\project\sample_test\server_build\src\main\java\kr\pe\sinnori\impl\message] creation task end
09:45:40.550 [main] INFO  k.p.s.c.buildsystem.ProjectBuilder - main project[sample_test]'s message client codec file[PublicKeyReq][D:\gitsinnori\sinnori\project\sample_test\server_build\src\main\java\kr\pe\sinnori\impl\message] creation task start
09:45:40.554 [main] INFO  k.p.s.c.buildsystem.ProjectBuilder - main project[sample_test]'s message client codec file[PublicKeyReq][D:\gitsinnori\sinnori\project\sample_test\server_build\src\main\java\kr\pe\sinnori\impl\message] creation task end
09:45:40.555 [main] INFO  k.p.s.common.util.CommonStaticUtil - the new child relative direcotry[D:\gitsinnori\sinnori\project\sample_test\server_build\src\main\java\kr\pe\sinnori\impl\message][PublicKeyRes] was created successfully
09:45:40.555 [main] INFO  k.p.s.c.buildsystem.ProjectBuilder - main project[sample_test]'s message file[PublicKeyRes][D:\gitsinnori\sinnori\project\sample_test\server_build\src\main\java\kr\pe\sinnori\impl\message] creation task start
09:45:40.563 [main] INFO  k.p.s.c.buildsystem.ProjectBuilder - main project[sample_test]'s message file[PublicKeyRes][D:\gitsinnori\sinnori\project\sample_test\server_build\src\main\java\kr\pe\sinnori\impl\message] creation task end
09:45:40.563 [main] INFO  k.p.s.c.buildsystem.ProjectBuilder - main project[sample_test]'s message decoder file[PublicKeyRes][D:\gitsinnori\sinnori\project\sample_test\server_build\src\main\java\kr\pe\sinnori\impl\message] creation task start
09:45:40.572 [main] INFO  k.p.s.c.buildsystem.ProjectBuilder - main project[sample_test]'s message decoder file[PublicKeyRes][D:\gitsinnori\sinnori\project\sample_test\server_build\src\main\java\kr\pe\sinnori\impl\message] creation task end
09:45:40.572 [main] INFO  k.p.s.c.buildsystem.ProjectBuilder - main project[sample_test]'s message encoder file[PublicKeyRes][D:\gitsinnori\sinnori\project\sample_test\server_build\src\main\java\kr\pe\sinnori\impl\message] creation task start
09:45:40.580 [main] INFO  k.p.s.c.buildsystem.ProjectBuilder - main project[sample_test]'s message encoder file[PublicKeyRes][D:\gitsinnori\sinnori\project\sample_test\server_build\src\main\java\kr\pe\sinnori\impl\message] creation task end
09:45:40.580 [main] INFO  k.p.s.c.buildsystem.ProjectBuilder - main project[sample_test]'s message server codec file[PublicKeyRes][D:\gitsinnori\sinnori\project\sample_test\server_build\src\main\java\kr\pe\sinnori\impl\message] creation task start
09:45:40.583 [main] INFO  k.p.s.c.buildsystem.ProjectBuilder - main project[sample_test]'s message server codec file[PublicKeyRes][D:\gitsinnori\sinnori\project\sample_test\server_build\src\main\java\kr\pe\sinnori\impl\message] creation task end
09:45:40.584 [main] INFO  k.p.s.c.buildsystem.ProjectBuilder - main project[sample_test]'s message client codec file[PublicKeyRes][D:\gitsinnori\sinnori\project\sample_test\server_build\src\main\java\kr\pe\sinnori\impl\message] creation task start
09:45:40.588 [main] INFO  k.p.s.c.buildsystem.ProjectBuilder - main project[sample_test]'s message client codec file[PublicKeyRes][D:\gitsinnori\sinnori\project\sample_test\server_build\src\main\java\kr\pe\sinnori\impl\message] creation task end
09:45:40.588 [main] INFO  k.p.s.c.buildsystem.ProjectBuilder - main project[sample_test]'s server message io file set creation task end
09:45:40.588 [main] INFO  k.p.s.c.buildsystem.ProjectBuilder - server build system files creation task end
09:45:40.588 [main] INFO  k.p.s.c.buildsystem.ProjectBuilder - mainproject[sample_test]'s application client build path deletion task start
09:45:40.601 [main] INFO  k.p.s.c.buildsystem.ProjectBuilder - mainproject[sample_test]'s application client build path deletion task end
09:45:40.601 [main] INFO  k.p.s.c.buildsystem.ProjectBuilder - main project[sample_test]'s web client build path deletion task start
09:45:40.619 [main] INFO  k.p.s.c.buildsystem.ProjectBuilder - main project[sample_test]'s web client build path deletion task end
09:45:40.620 [main] INFO  k.p.s.c.buildsystem.ProjectBuilder - main project[sample_test]'s web root path deletion task start
09:45:40.621 [main] INFO  k.p.s.c.buildsystem.ProjectBuilder - main project[sample_test]'s web root path deletion task end
09:45:40.621 [main] INFO  k.p.s.c.buildsystem.ProjectBuilder - main project[sample_test]'s config file overwrite task start
09:45:40.625 [main] INFO  k.p.s.c.buildsystem.ProjectBuilder - main project[sample_test]'s config file overwrite task end
09:45:40.625 [main] INFO  k.p.s.c.buildsystem.ProjectBuilder - main project[sample_test] changeProjectState method end
09:45:40.625 [main] INFO  k.p.s.c.buildsystem.ProjectBuilder - the app client ant build.xml file[D:\gitsinnori\sinnori\project\sample_test\client_build\app_build\build.xml] is bad :: whetherExist[false] isFile[false]
09:45:40.625 [main] INFO  k.p.s.c.buildsystem.ProjectBuilder - the web client ant build.xml file[D:\gitsinnori\sinnori\project\sample_test\client_build\web_build\build.xml] is bad :: whetherExist[false] isFile[false]
09:45:40.625 [main] INFO  k.p.s.c.buildsystem.ProjectBuilder - the web.xml file[D:\gitsinnori\sinnori\project\sample_test\web_app_base\ROOT\WEB-INF\web.xml] located at web root directory is bad :: whetherExist[false] isFile[false]
09:45:40.625 [main] INFO  k.p.s.c.buildsystem.ProjectBuilder - main project[sample_test] changeProjectState method start
09:45:40.625 [main] WARN  k.p.s.c.buildsystem.ProjectBuilder - the server build path[D:\gitsinnori\sinnori\project\sample_test\server_build] exist, so skip creation of server build system
09:45:40.625 [main] INFO  k.p.s.c.buildsystem.ProjectBuilder - the app client ant build.xml file[D:\gitsinnori\sinnori\project\sample_test\client_build\app_build\build.xml] is bad :: whetherExist[false] isFile[false]
09:45:40.625 [main] WARN  k.p.s.c.buildsystem.ProjectBuilder - the app client buid.xml file[D:\gitsinnori\sinnori\project\sample_test\client_build\app_build\build.xml] is bad beacse it doesn't exist or is not a file, so skip deletion of app client build system
09:45:40.625 [main] INFO  k.p.s.c.buildsystem.ProjectBuilder - main project[sample_test]'s web build child direcotry creation task start
09:45:40.626 [main] INFO  k.p.s.common.util.CommonStaticUtil - the new child relative direcotry[D:\gitsinnori\sinnori\project\sample_test][client_build/web_build/corelib/ex] was created successfully
09:45:40.626 [main] INFO  k.p.s.common.util.CommonStaticUtil - the new child relative direcotry[D:\gitsinnori\sinnori\project\sample_test][client_build/web_build/corelib/in] was created successfully
09:45:40.627 [main] INFO  k.p.s.common.util.CommonStaticUtil - the new child relative direcotry[D:\gitsinnori\sinnori\project\sample_test][client_build/web_build/lib/main/ex] was created successfully
09:45:40.627 [main] INFO  k.p.s.common.util.CommonStaticUtil - the new child relative direcotry[D:\gitsinnori\sinnori\project\sample_test][client_build/web_build/lib/main/in] was created successfully
09:45:40.628 [main] INFO  k.p.s.common.util.CommonStaticUtil - the new child relative direcotry[D:\gitsinnori\sinnori\project\sample_test][client_build/web_build/lib/test] was created successfully
09:45:40.630 [main] INFO  k.p.s.common.util.CommonStaticUtil - the new child relative direcotry[D:\gitsinnori\sinnori\project\sample_test][client_build/web_build/src/main/java/kr/pe/sinnori/impl/message] was created successfully
09:45:40.631 [main] INFO  k.p.s.common.util.CommonStaticUtil - the new child relative direcotry[D:\gitsinnori\sinnori\project\sample_test][client_build/web_build/src/main/java//kr/pe/sinnori/servlet] was created successfully
09:45:40.631 [main] INFO  k.p.s.common.util.CommonStaticUtil - the new child relative direcotry[D:\gitsinnori\sinnori\project\sample_test][client_build/web_build/src/main/java/kr/pe/sinnori/weblib/common] was created successfully
09:45:40.692 [main] INFO  k.p.s.common.util.CommonStaticUtil - the new child relative direcotry[D:\gitsinnori\sinnori\project\sample_test][client_build/web_build/src/main/java/kr/pe/sinnori/weblib/htmlstring] was created successfully
09:45:40.692 [main] INFO  k.p.s.common.util.CommonStaticUtil - the new child relative direcotry[D:\gitsinnori\sinnori\project\sample_test][client_build/web_build/src/main/java/kr/pe/sinnori/weblib/jdf] was created successfully
09:45:40.693 [main] INFO  k.p.s.common.util.CommonStaticUtil - the new child relative direcotry[D:\gitsinnori\sinnori\project\sample_test][client_build/web_build/src/test/java] was created successfully
09:45:40.693 [main] INFO  k.p.s.common.util.CommonStaticUtil - the new child relative direcotry[D:\gitsinnori\sinnori\project\sample_test][client_build/web_build/build] was created successfully
09:45:40.693 [main] INFO  k.p.s.common.util.CommonStaticUtil - the new child relative direcotry[D:\gitsinnori\sinnori\project\sample_test][client_build/web_build/dist] was created successfully
09:45:40.694 [main] INFO  k.p.s.c.buildsystem.ProjectBuilder - main project[sample_test]'s web build child direcotry creation task end
09:45:40.694 [main] INFO  k.p.s.c.buildsystem.ProjectBuilder - main project[sample_test]'s web client build system files creation task start
09:45:40.694 [main] INFO  k.p.s.c.buildsystem.ProjectBuilder - main project[sample_test]'s web client ant build.xml file creation task start
09:45:40.696 [main] INFO  k.p.s.c.buildsystem.ProjectBuilder - main project[sample_test]'s web client ant build.xml file creation task end
09:45:40.696 [main] INFO  k.p.s.c.buildsystem.ProjectBuilder - main project[sample_test]'s web client ant properties file creation task start
09:45:40.696 [main] INFO  k.p.s.c.util.SequencedPropertiesUtil - the sequenced properties file[D:\gitsinnori\sinnori\project\sample_test\client_build\web_build\webAnt.properties] was created
09:45:40.698 [main] INFO  k.p.s.c.buildsystem.ProjectBuilder - main project[sample_test]'s web client ant properties file creation task end
09:45:40.698 [main] INFO  k.p.s.c.buildsystem.ProjectBuilder - main project[sample_test]'s web client message io file set creation task start
09:45:40.698 [main] INFO  k.p.s.common.util.CommonStaticUtil - the new child relative direcotry[D:\gitsinnori\sinnori\project\sample_test\client_build\web_build\src\main\java\kr\pe\sinnori\impl\message][Echo] was created successfully
09:45:40.698 [main] INFO  k.p.s.c.buildsystem.ProjectBuilder - main project[sample_test]'s message file[Echo][D:\gitsinnori\sinnori\project\sample_test\client_build\web_build\src\main\java\kr\pe\sinnori\impl\message] creation task start
09:45:40.702 [main] INFO  k.p.s.c.buildsystem.ProjectBuilder - main project[sample_test]'s message file[Echo][D:\gitsinnori\sinnori\project\sample_test\client_build\web_build\src\main\java\kr\pe\sinnori\impl\message] creation task end
09:45:40.702 [main] INFO  k.p.s.c.buildsystem.ProjectBuilder - main project[sample_test]'s message decoder file[Echo][D:\gitsinnori\sinnori\project\sample_test\client_build\web_build\src\main\java\kr\pe\sinnori\impl\message] creation task start
09:45:40.707 [main] INFO  k.p.s.c.buildsystem.ProjectBuilder - main project[sample_test]'s message decoder file[Echo][D:\gitsinnori\sinnori\project\sample_test\client_build\web_build\src\main\java\kr\pe\sinnori\impl\message] creation task end
09:45:40.707 [main] INFO  k.p.s.c.buildsystem.ProjectBuilder - main project[sample_test]'s message encoder file[Echo][D:\gitsinnori\sinnori\project\sample_test\client_build\web_build\src\main\java\kr\pe\sinnori\impl\message] creation task start
09:45:40.711 [main] INFO  k.p.s.c.buildsystem.ProjectBuilder - main project[sample_test]'s message encoder file[Echo][D:\gitsinnori\sinnori\project\sample_test\client_build\web_build\src\main\java\kr\pe\sinnori\impl\message] creation task end
09:45:40.711 [main] INFO  k.p.s.c.buildsystem.ProjectBuilder - main project[sample_test]'s message server codec file[Echo][D:\gitsinnori\sinnori\project\sample_test\client_build\web_build\src\main\java\kr\pe\sinnori\impl\message] creation task start
09:45:40.712 [main] INFO  k.p.s.c.buildsystem.ProjectBuilder - main project[sample_test]'s message server codec file[Echo][D:\gitsinnori\sinnori\project\sample_test\client_build\web_build\src\main\java\kr\pe\sinnori\impl\message] creation task end
09:45:40.712 [main] INFO  k.p.s.c.buildsystem.ProjectBuilder - main project[sample_test]'s message client codec file[Echo][D:\gitsinnori\sinnori\project\sample_test\client_build\web_build\src\main\java\kr\pe\sinnori\impl\message] creation task start
09:45:40.713 [main] INFO  k.p.s.c.buildsystem.ProjectBuilder - main project[sample_test]'s message client codec file[Echo][D:\gitsinnori\sinnori\project\sample_test\client_build\web_build\src\main\java\kr\pe\sinnori\impl\message] creation task end
09:45:40.714 [main] INFO  k.p.s.common.util.CommonStaticUtil - the new child relative direcotry[D:\gitsinnori\sinnori\project\sample_test\client_build\web_build\src\main\java\kr\pe\sinnori\impl\message][PublicKeyReq] was created successfully
09:45:40.714 [main] INFO  k.p.s.c.buildsystem.ProjectBuilder - main project[sample_test]'s message file[PublicKeyReq][D:\gitsinnori\sinnori\project\sample_test\client_build\web_build\src\main\java\kr\pe\sinnori\impl\message] creation task start
09:45:40.716 [main] INFO  k.p.s.c.buildsystem.ProjectBuilder - main project[sample_test]'s message file[PublicKeyReq][D:\gitsinnori\sinnori\project\sample_test\client_build\web_build\src\main\java\kr\pe\sinnori\impl\message] creation task end
09:45:40.716 [main] INFO  k.p.s.c.buildsystem.ProjectBuilder - main project[sample_test]'s message decoder file[PublicKeyReq][D:\gitsinnori\sinnori\project\sample_test\client_build\web_build\src\main\java\kr\pe\sinnori\impl\message] creation task start
09:45:40.719 [main] INFO  k.p.s.c.buildsystem.ProjectBuilder - main project[sample_test]'s message decoder file[PublicKeyReq][D:\gitsinnori\sinnori\project\sample_test\client_build\web_build\src\main\java\kr\pe\sinnori\impl\message] creation task end
09:45:40.719 [main] INFO  k.p.s.c.buildsystem.ProjectBuilder - main project[sample_test]'s message encoder file[PublicKeyReq][D:\gitsinnori\sinnori\project\sample_test\client_build\web_build\src\main\java\kr\pe\sinnori\impl\message] creation task start
09:45:40.722 [main] INFO  k.p.s.c.buildsystem.ProjectBuilder - main project[sample_test]'s message encoder file[PublicKeyReq][D:\gitsinnori\sinnori\project\sample_test\client_build\web_build\src\main\java\kr\pe\sinnori\impl\message] creation task end
09:45:40.723 [main] INFO  k.p.s.c.buildsystem.ProjectBuilder - main project[sample_test]'s message server codec file[PublicKeyReq][D:\gitsinnori\sinnori\project\sample_test\client_build\web_build\src\main\java\kr\pe\sinnori\impl\message] creation task start
09:45:40.724 [main] INFO  k.p.s.c.buildsystem.ProjectBuilder - main project[sample_test]'s message server codec file[PublicKeyReq][D:\gitsinnori\sinnori\project\sample_test\client_build\web_build\src\main\java\kr\pe\sinnori\impl\message] creation task end
09:45:40.724 [main] INFO  k.p.s.c.buildsystem.ProjectBuilder - main project[sample_test]'s message client codec file[PublicKeyReq][D:\gitsinnori\sinnori\project\sample_test\client_build\web_build\src\main\java\kr\pe\sinnori\impl\message] creation task start
09:45:40.725 [main] INFO  k.p.s.c.buildsystem.ProjectBuilder - main project[sample_test]'s message client codec file[PublicKeyReq][D:\gitsinnori\sinnori\project\sample_test\client_build\web_build\src\main\java\kr\pe\sinnori\impl\message] creation task end
09:45:40.726 [main] INFO  k.p.s.common.util.CommonStaticUtil - the new child relative direcotry[D:\gitsinnori\sinnori\project\sample_test\client_build\web_build\src\main\java\kr\pe\sinnori\impl\message][PublicKeyRes] was created successfully
09:45:40.811 [main] INFO  k.p.s.c.buildsystem.ProjectBuilder - main project[sample_test]'s message file[PublicKeyRes][D:\gitsinnori\sinnori\project\sample_test\client_build\web_build\src\main\java\kr\pe\sinnori\impl\message] creation task start
09:45:40.820 [main] INFO  k.p.s.c.buildsystem.ProjectBuilder - main project[sample_test]'s message file[PublicKeyRes][D:\gitsinnori\sinnori\project\sample_test\client_build\web_build\src\main\java\kr\pe\sinnori\impl\message] creation task end
09:45:40.820 [main] INFO  k.p.s.c.buildsystem.ProjectBuilder - main project[sample_test]'s message decoder file[PublicKeyRes][D:\gitsinnori\sinnori\project\sample_test\client_build\web_build\src\main\java\kr\pe\sinnori\impl\message] creation task start
09:45:40.831 [main] INFO  k.p.s.c.buildsystem.ProjectBuilder - main project[sample_test]'s message decoder file[PublicKeyRes][D:\gitsinnori\sinnori\project\sample_test\client_build\web_build\src\main\java\kr\pe\sinnori\impl\message] creation task end
09:45:40.831 [main] INFO  k.p.s.c.buildsystem.ProjectBuilder - main project[sample_test]'s message encoder file[PublicKeyRes][D:\gitsinnori\sinnori\project\sample_test\client_build\web_build\src\main\java\kr\pe\sinnori\impl\message] creation task start
09:45:40.837 [main] INFO  k.p.s.c.buildsystem.ProjectBuilder - main project[sample_test]'s message encoder file[PublicKeyRes][D:\gitsinnori\sinnori\project\sample_test\client_build\web_build\src\main\java\kr\pe\sinnori\impl\message] creation task end
09:45:40.837 [main] INFO  k.p.s.c.buildsystem.ProjectBuilder - main project[sample_test]'s message server codec file[PublicKeyRes][D:\gitsinnori\sinnori\project\sample_test\client_build\web_build\src\main\java\kr\pe\sinnori\impl\message] creation task start
09:45:40.841 [main] INFO  k.p.s.c.buildsystem.ProjectBuilder - main project[sample_test]'s message server codec file[PublicKeyRes][D:\gitsinnori\sinnori\project\sample_test\client_build\web_build\src\main\java\kr\pe\sinnori\impl\message] creation task end
09:45:40.841 [main] INFO  k.p.s.c.buildsystem.ProjectBuilder - main project[sample_test]'s message client codec file[PublicKeyRes][D:\gitsinnori\sinnori\project\sample_test\client_build\web_build\src\main\java\kr\pe\sinnori\impl\message] creation task start
09:45:40.844 [main] INFO  k.p.s.c.buildsystem.ProjectBuilder - main project[sample_test]'s message client codec file[PublicKeyRes][D:\gitsinnori\sinnori\project\sample_test\client_build\web_build\src\main\java\kr\pe\sinnori\impl\message] creation task end
09:45:40.844 [main] INFO  k.p.s.c.buildsystem.ProjectBuilder - main project[sample_test]'s web client message io file set creation task end
09:45:40.844 [main] INFO  k.p.s.c.buildsystem.ProjectBuilder - mainproject[sample_test]'s web client sample source files copy task start
09:45:40.908 [main] INFO  k.p.s.c.buildsystem.ProjectBuilder - mainproject[sample_test]'s web client sample source files copy task end
09:45:40.908 [main] INFO  k.p.s.c.buildsystem.ProjectBuilder - main project[sample_test]'s web client build system files creation task end
09:45:40.908 [main] INFO  k.p.s.c.buildsystem.ProjectBuilder - main project[sample_test]'s web root child direcotry creation task start
09:45:40.908 [main] INFO  k.p.s.common.util.CommonStaticUtil - the child relative direcotry[D:\gitsinnori\sinnori\project\sample_test][web_app_base/upload] exist, so nothing
09:45:40.909 [main] INFO  k.p.s.common.util.CommonStaticUtil - the new child relative direcotry[D:\gitsinnori\sinnori\project\sample_test][web_app_base/ROOT/WEB-INF/classes] was created successfully
09:45:40.909 [main] INFO  k.p.s.common.util.CommonStaticUtil - the new child relative direcotry[D:\gitsinnori\sinnori\project\sample_test][web_app_base/ROOT/WEB-INF/lib] was created successfully
09:45:40.909 [main] INFO  k.p.s.c.buildsystem.ProjectBuilder - main project[sample_test]'s web root child direcotry creation task end
09:45:40.909 [main] INFO  k.p.s.c.buildsystem.ProjectBuilder - main project[sample_test]'s web root sample files creation task start
09:45:40.909 [main] INFO  k.p.s.c.buildsystem.ProjectBuilder - main project[sample_test]'s web root sample files copy task start
09:45:40.914 [main] INFO  k.p.s.c.buildsystem.ProjectBuilder - main project[sample_test]'s web root sample files copy task end
09:45:40.915 [main] INFO  k.p.s.c.buildsystem.ProjectBuilder - main project[sample_test]'s web root sample files creation task end
09:45:40.915 [main] INFO  k.p.s.c.buildsystem.ProjectBuilder - main project[sample_test]'s config file overwrite task start
09:45:40.918 [main] INFO  k.p.s.c.buildsystem.ProjectBuilder - main project[sample_test]'s config file overwrite task end
09:45:40.918 [main] INFO  k.p.s.c.buildsystem.ProjectBuilder - main project[sample_test] changeProjectState method end
09:45:40.918 [main] INFO  k.p.s.c.buildsystem.ProjectBuilder - the app client ant build.xml file[D:\gitsinnori\sinnori\project\sample_test\client_build\app_build\build.xml] is bad :: whetherExist[false] isFile[false]
09:45:40.918 [main] INFO  k.p.s.c.buildsystem.ProjectBuilder - main project[sample_test] changeProjectState method start
09:45:40.918 [main] WARN  k.p.s.c.buildsystem.ProjectBuilder - the server build path[D:\gitsinnori\sinnori\project\sample_test\server_build] exist, so skip creation of server build system
09:45:40.918 [main] INFO  k.p.s.c.buildsystem.ProjectBuilder - main project[sample_test]'s application build child direcotry creation task start
09:45:40.919 [main] INFO  k.p.s.common.util.CommonStaticUtil - the new child relative direcotry[D:\gitsinnori\sinnori\project\sample_test][client_build/app_build/corelib/ex] was created successfully
09:45:40.919 [main] INFO  k.p.s.common.util.CommonStaticUtil - the new child relative direcotry[D:\gitsinnori\sinnori\project\sample_test][client_build/app_build/corelib/in] was created successfully
09:45:40.920 [main] INFO  k.p.s.common.util.CommonStaticUtil - the new child relative direcotry[D:\gitsinnori\sinnori\project\sample_test][client_build/app_build/lib/main/ex] was created successfully
09:45:40.920 [main] INFO  k.p.s.common.util.CommonStaticUtil - the new child relative direcotry[D:\gitsinnori\sinnori\project\sample_test][client_build/app_build/lib/main/in] was created successfully
09:45:40.920 [main] INFO  k.p.s.common.util.CommonStaticUtil - the new child relative direcotry[D:\gitsinnori\sinnori\project\sample_test][client_build/app_build/lib/test] was created successfully
09:45:40.923 [main] INFO  k.p.s.common.util.CommonStaticUtil - the new child relative direcotry[D:\gitsinnori\sinnori\project\sample_test][client_build/app_build/src/main/java/kr/pe/sinnori/impl/message] was created successfully
09:45:40.923 [main] INFO  k.p.s.common.util.CommonStaticUtil - the new child relative direcotry[D:\gitsinnori\sinnori\project\sample_test][client_build/app_build/src/main/java/main] was created successfully
09:45:40.952 [main] INFO  k.p.s.common.util.CommonStaticUtil - the new child relative direcotry[D:\gitsinnori\sinnori\project\sample_test][client_build/app_build/src/test/java] was created successfully
09:45:40.953 [main] INFO  k.p.s.common.util.CommonStaticUtil - the new child relative direcotry[D:\gitsinnori\sinnori\project\sample_test][client_build/app_build/build] was created successfully
09:45:40.953 [main] INFO  k.p.s.common.util.CommonStaticUtil - the new child relative direcotry[D:\gitsinnori\sinnori\project\sample_test][client_build/app_build/dist] was created successfully
09:45:40.953 [main] INFO  k.p.s.c.buildsystem.ProjectBuilder - main project[sample_test]'s application build child direcotry creation task end
09:45:40.953 [main] INFO  k.p.s.c.buildsystem.ProjectBuilder - mainproject[sample_test]'s application client build system files creation task start
09:45:40.953 [main] INFO  k.p.s.c.buildsystem.ProjectBuilder - main project[sample_test]'s application client ant build.xml file creation task start
09:45:40.954 [main] INFO  k.p.s.c.buildsystem.ProjectBuilder - main project[sample_test]'s application client ant build.xml file creation task end
09:45:40.954 [main] INFO  k.p.s.c.buildsystem.ProjectBuilder - main project[sample_test]'s application client dos shell file creation task start
09:45:40.959 [main] INFO  k.p.s.c.buildsystem.ProjectBuilder - main project[sample_test]'s application client dos shell file creation task end
09:45:40.959 [main] INFO  k.p.s.c.buildsystem.ProjectBuilder - main project[sample_test]'s application client unix shell file creation task start
09:45:40.961 [main] INFO  k.p.s.c.buildsystem.ProjectBuilder - main project[sample_test]'s application client unix shell file creation task end
09:45:40.961 [main] INFO  k.p.s.c.buildsystem.ProjectBuilder - application client sample source files copy task start
09:45:40.972 [main] INFO  k.p.s.c.buildsystem.ProjectBuilder - application client sample source files copy task end
09:45:40.972 [main] INFO  k.p.s.c.buildsystem.ProjectBuilder - main project[sample_test]'s application client message io file set creation task start
09:45:40.972 [main] INFO  k.p.s.common.util.CommonStaticUtil - the new child relative direcotry[D:\gitsinnori\sinnori\project\sample_test\client_build\app_build\src\main\java\kr\pe\sinnori\impl\message][Echo] was created successfully
09:45:40.972 [main] INFO  k.p.s.c.buildsystem.ProjectBuilder - main project[sample_test]'s message file[Echo][D:\gitsinnori\sinnori\project\sample_test\client_build\app_build\src\main\java\kr\pe\sinnori\impl\message] creation task start
09:45:40.975 [main] INFO  k.p.s.c.buildsystem.ProjectBuilder - main project[sample_test]'s message file[Echo][D:\gitsinnori\sinnori\project\sample_test\client_build\app_build\src\main\java\kr\pe\sinnori\impl\message] creation task end
09:45:40.975 [main] INFO  k.p.s.c.buildsystem.ProjectBuilder - main project[sample_test]'s message decoder file[Echo][D:\gitsinnori\sinnori\project\sample_test\client_build\app_build\src\main\java\kr\pe\sinnori\impl\message] creation task start
09:45:40.978 [main] INFO  k.p.s.c.buildsystem.ProjectBuilder - main project[sample_test]'s message decoder file[Echo][D:\gitsinnori\sinnori\project\sample_test\client_build\app_build\src\main\java\kr\pe\sinnori\impl\message] creation task end
09:45:40.978 [main] INFO  k.p.s.c.buildsystem.ProjectBuilder - main project[sample_test]'s message encoder file[Echo][D:\gitsinnori\sinnori\project\sample_test\client_build\app_build\src\main\java\kr\pe\sinnori\impl\message] creation task start
09:45:40.981 [main] INFO  k.p.s.c.buildsystem.ProjectBuilder - main project[sample_test]'s message encoder file[Echo][D:\gitsinnori\sinnori\project\sample_test\client_build\app_build\src\main\java\kr\pe\sinnori\impl\message] creation task end
09:45:40.981 [main] INFO  k.p.s.c.buildsystem.ProjectBuilder - main project[sample_test]'s message server codec file[Echo][D:\gitsinnori\sinnori\project\sample_test\client_build\app_build\src\main\java\kr\pe\sinnori\impl\message] creation task start
09:45:40.982 [main] INFO  k.p.s.c.buildsystem.ProjectBuilder - main project[sample_test]'s message server codec file[Echo][D:\gitsinnori\sinnori\project\sample_test\client_build\app_build\src\main\java\kr\pe\sinnori\impl\message] creation task end
09:45:40.982 [main] INFO  k.p.s.c.buildsystem.ProjectBuilder - main project[sample_test]'s message client codec file[Echo][D:\gitsinnori\sinnori\project\sample_test\client_build\app_build\src\main\java\kr\pe\sinnori\impl\message] creation task start
09:45:40.984 [main] INFO  k.p.s.c.buildsystem.ProjectBuilder - main project[sample_test]'s message client codec file[Echo][D:\gitsinnori\sinnori\project\sample_test\client_build\app_build\src\main\java\kr\pe\sinnori\impl\message] creation task end
09:45:40.984 [main] INFO  k.p.s.common.util.CommonStaticUtil - the new child relative direcotry[D:\gitsinnori\sinnori\project\sample_test\client_build\app_build\src\main\java\kr\pe\sinnori\impl\message][PublicKeyReq] was created successfully
09:45:40.984 [main] INFO  k.p.s.c.buildsystem.ProjectBuilder - main project[sample_test]'s message file[PublicKeyReq][D:\gitsinnori\sinnori\project\sample_test\client_build\app_build\src\main\java\kr\pe\sinnori\impl\message] creation task start
09:45:40.987 [main] INFO  k.p.s.c.buildsystem.ProjectBuilder - main project[sample_test]'s message file[PublicKeyReq][D:\gitsinnori\sinnori\project\sample_test\client_build\app_build\src\main\java\kr\pe\sinnori\impl\message] creation task end
09:45:40.987 [main] INFO  k.p.s.c.buildsystem.ProjectBuilder - main project[sample_test]'s message decoder file[PublicKeyReq][D:\gitsinnori\sinnori\project\sample_test\client_build\app_build\src\main\java\kr\pe\sinnori\impl\message] creation task start
09:45:40.990 [main] INFO  k.p.s.c.buildsystem.ProjectBuilder - main project[sample_test]'s message decoder file[PublicKeyReq][D:\gitsinnori\sinnori\project\sample_test\client_build\app_build\src\main\java\kr\pe\sinnori\impl\message] creation task end
09:45:41.062 [main] INFO  k.p.s.c.buildsystem.ProjectBuilder - main project[sample_test]'s message encoder file[PublicKeyReq][D:\gitsinnori\sinnori\project\sample_test\client_build\app_build\src\main\java\kr\pe\sinnori\impl\message] creation task start
09:45:41.065 [main] INFO  k.p.s.c.buildsystem.ProjectBuilder - main project[sample_test]'s message encoder file[PublicKeyReq][D:\gitsinnori\sinnori\project\sample_test\client_build\app_build\src\main\java\kr\pe\sinnori\impl\message] creation task end
09:45:41.065 [main] INFO  k.p.s.c.buildsystem.ProjectBuilder - main project[sample_test]'s message server codec file[PublicKeyReq][D:\gitsinnori\sinnori\project\sample_test\client_build\app_build\src\main\java\kr\pe\sinnori\impl\message] creation task start
09:45:41.067 [main] INFO  k.p.s.c.buildsystem.ProjectBuilder - main project[sample_test]'s message server codec file[PublicKeyReq][D:\gitsinnori\sinnori\project\sample_test\client_build\app_build\src\main\java\kr\pe\sinnori\impl\message] creation task end
09:45:41.067 [main] INFO  k.p.s.c.buildsystem.ProjectBuilder - main project[sample_test]'s message client codec file[PublicKeyReq][D:\gitsinnori\sinnori\project\sample_test\client_build\app_build\src\main\java\kr\pe\sinnori\impl\message] creation task start
09:45:41.069 [main] INFO  k.p.s.c.buildsystem.ProjectBuilder - main project[sample_test]'s message client codec file[PublicKeyReq][D:\gitsinnori\sinnori\project\sample_test\client_build\app_build\src\main\java\kr\pe\sinnori\impl\message] creation task end
09:45:41.070 [main] INFO  k.p.s.common.util.CommonStaticUtil - the new child relative direcotry[D:\gitsinnori\sinnori\project\sample_test\client_build\app_build\src\main\java\kr\pe\sinnori\impl\message][PublicKeyRes] was created successfully
09:45:41.070 [main] INFO  k.p.s.c.buildsystem.ProjectBuilder - main project[sample_test]'s message file[PublicKeyRes][D:\gitsinnori\sinnori\project\sample_test\client_build\app_build\src\main\java\kr\pe\sinnori\impl\message] creation task start
09:45:41.074 [main] INFO  k.p.s.c.buildsystem.ProjectBuilder - main project[sample_test]'s message file[PublicKeyRes][D:\gitsinnori\sinnori\project\sample_test\client_build\app_build\src\main\java\kr\pe\sinnori\impl\message] creation task end
09:45:41.074 [main] INFO  k.p.s.c.buildsystem.ProjectBuilder - main project[sample_test]'s message decoder file[PublicKeyRes][D:\gitsinnori\sinnori\project\sample_test\client_build\app_build\src\main\java\kr\pe\sinnori\impl\message] creation task start
09:45:41.077 [main] INFO  k.p.s.c.buildsystem.ProjectBuilder - main project[sample_test]'s message decoder file[PublicKeyRes][D:\gitsinnori\sinnori\project\sample_test\client_build\app_build\src\main\java\kr\pe\sinnori\impl\message] creation task end
09:45:41.077 [main] INFO  k.p.s.c.buildsystem.ProjectBuilder - main project[sample_test]'s message encoder file[PublicKeyRes][D:\gitsinnori\sinnori\project\sample_test\client_build\app_build\src\main\java\kr\pe\sinnori\impl\message] creation task start
09:45:41.081 [main] INFO  k.p.s.c.buildsystem.ProjectBuilder - main project[sample_test]'s message encoder file[PublicKeyRes][D:\gitsinnori\sinnori\project\sample_test\client_build\app_build\src\main\java\kr\pe\sinnori\impl\message] creation task end
09:45:41.081 [main] INFO  k.p.s.c.buildsystem.ProjectBuilder - main project[sample_test]'s message server codec file[PublicKeyRes][D:\gitsinnori\sinnori\project\sample_test\client_build\app_build\src\main\java\kr\pe\sinnori\impl\message] creation task start
09:45:41.084 [main] INFO  k.p.s.c.buildsystem.ProjectBuilder - main project[sample_test]'s message server codec file[PublicKeyRes][D:\gitsinnori\sinnori\project\sample_test\client_build\app_build\src\main\java\kr\pe\sinnori\impl\message] creation task end
09:45:41.084 [main] INFO  k.p.s.c.buildsystem.ProjectBuilder - main project[sample_test]'s message client codec file[PublicKeyRes][D:\gitsinnori\sinnori\project\sample_test\client_build\app_build\src\main\java\kr\pe\sinnori\impl\message] creation task start
09:45:41.086 [main] INFO  k.p.s.c.buildsystem.ProjectBuilder - main project[sample_test]'s message client codec file[PublicKeyRes][D:\gitsinnori\sinnori\project\sample_test\client_build\app_build\src\main\java\kr\pe\sinnori\impl\message] creation task end
09:45:41.086 [main] INFO  k.p.s.c.buildsystem.ProjectBuilder - main project[sample_test]'s application client message io file set creation task end
09:45:41.086 [main] INFO  k.p.s.c.buildsystem.ProjectBuilder - mainproject[sample_test]'s application client build system files creation task end
09:45:41.086 [main] INFO  k.p.s.c.buildsystem.ProjectBuilder - main project[sample_test]'s web client build path deletion task start
09:45:41.099 [main] INFO  k.p.s.c.buildsystem.ProjectBuilder - main project[sample_test]'s web client build path deletion task end
09:45:41.099 [main] INFO  k.p.s.c.buildsystem.ProjectBuilder - main project[sample_test]'s web root path deletion task start
09:45:41.100 [main] INFO  k.p.s.c.buildsystem.ProjectBuilder - main project[sample_test]'s web root path deletion task end
09:45:41.100 [main] INFO  k.p.s.c.buildsystem.ProjectBuilder - main project[sample_test]'s config file overwrite task start
09:45:41.106 [main] INFO  k.p.s.c.buildsystem.ProjectBuilder - main project[sample_test]'s config file overwrite task end
09:45:41.106 [main] INFO  k.p.s.c.buildsystem.ProjectBuilder - main project[sample_test] changeProjectState method end
09:45:41.106 [main] INFO  k.p.s.c.buildsystem.ProjectBuilder - the web client ant build.xml file[D:\gitsinnori\sinnori\project\sample_test\client_build\web_build\build.xml] is bad :: whetherExist[false] isFile[false]
09:45:41.106 [main] INFO  k.p.s.c.buildsystem.ProjectBuilder - the web.xml file[D:\gitsinnori\sinnori\project\sample_test\web_app_base\ROOT\WEB-INF\web.xml] located at web root directory is bad :: whetherExist[false] isFile[false]
09:45:41.106 [main] INFO  k.p.s.c.buildsystem.ProjectBuilder - main project[sample_test] changeProjectState method start
09:45:41.106 [main] WARN  k.p.s.c.buildsystem.ProjectBuilder - the server build path[D:\gitsinnori\sinnori\project\sample_test\server_build] exist, so skip creation of server build system
09:45:41.106 [main] WARN  k.p.s.c.buildsystem.ProjectBuilder - the app client build path[D:\gitsinnori\sinnori\project\sample_test\client_build\app_build] exist, so skip creation of app client build system
09:45:41.106 [main] INFO  k.p.s.c.buildsystem.ProjectBuilder - main project[sample_test]'s web build child direcotry creation task start
09:45:41.107 [main] INFO  k.p.s.common.util.CommonStaticUtil - the new child relative direcotry[D:\gitsinnori\sinnori\project\sample_test][client_build/web_build/corelib/ex] was created successfully
09:45:41.107 [main] INFO  k.p.s.common.util.CommonStaticUtil - the new child relative direcotry[D:\gitsinnori\sinnori\project\sample_test][client_build/web_build/corelib/in] was created successfully
09:45:41.108 [main] INFO  k.p.s.common.util.CommonStaticUtil - the new child relative direcotry[D:\gitsinnori\sinnori\project\sample_test][client_build/web_build/lib/main/ex] was created successfully
09:45:41.109 [main] INFO  k.p.s.common.util.CommonStaticUtil - the new child relative direcotry[D:\gitsinnori\sinnori\project\sample_test][client_build/web_build/lib/main/in] was created successfully
09:45:41.109 [main] INFO  k.p.s.common.util.CommonStaticUtil - the new child relative direcotry[D:\gitsinnori\sinnori\project\sample_test][client_build/web_build/lib/test] was created successfully
09:45:41.111 [main] INFO  k.p.s.common.util.CommonStaticUtil - the new child relative direcotry[D:\gitsinnori\sinnori\project\sample_test][client_build/web_build/src/main/java/kr/pe/sinnori/impl/message] was created successfully
09:45:41.112 [main] INFO  k.p.s.common.util.CommonStaticUtil - the new child relative direcotry[D:\gitsinnori\sinnori\project\sample_test][client_build/web_build/src/main/java//kr/pe/sinnori/servlet] was created successfully
09:45:41.113 [main] INFO  k.p.s.common.util.CommonStaticUtil - the new child relative direcotry[D:\gitsinnori\sinnori\project\sample_test][client_build/web_build/src/main/java/kr/pe/sinnori/weblib/common] was created successfully
09:45:41.113 [main] INFO  k.p.s.common.util.CommonStaticUtil - the new child relative direcotry[D:\gitsinnori\sinnori\project\sample_test][client_build/web_build/src/main/java/kr/pe/sinnori/weblib/htmlstring] was created successfully
09:45:41.113 [main] INFO  k.p.s.common.util.CommonStaticUtil - the new child relative direcotry[D:\gitsinnori\sinnori\project\sample_test][client_build/web_build/src/main/java/kr/pe/sinnori/weblib/jdf] was created successfully
09:45:41.115 [main] INFO  k.p.s.common.util.CommonStaticUtil - the new child relative direcotry[D:\gitsinnori\sinnori\project\sample_test][client_build/web_build/src/test/java] was created successfully
09:45:41.115 [main] INFO  k.p.s.common.util.CommonStaticUtil - the new child relative direcotry[D:\gitsinnori\sinnori\project\sample_test][client_build/web_build/build] was created successfully
09:45:41.115 [main] INFO  k.p.s.common.util.CommonStaticUtil - the new child relative direcotry[D:\gitsinnori\sinnori\project\sample_test][client_build/web_build/dist] was created successfully
09:45:41.115 [main] INFO  k.p.s.c.buildsystem.ProjectBuilder - main project[sample_test]'s web build child direcotry creation task end
09:45:41.206 [main] INFO  k.p.s.c.buildsystem.ProjectBuilder - main project[sample_test]'s web client build system files creation task start
09:45:41.206 [main] INFO  k.p.s.c.buildsystem.ProjectBuilder - main project[sample_test]'s web client ant build.xml file creation task start
09:45:41.208 [main] INFO  k.p.s.c.buildsystem.ProjectBuilder - main project[sample_test]'s web client ant build.xml file creation task end
09:45:41.208 [main] INFO  k.p.s.c.buildsystem.ProjectBuilder - main project[sample_test]'s web client ant properties file creation task start
09:45:41.209 [main] INFO  k.p.s.c.util.SequencedPropertiesUtil - the sequenced properties file[D:\gitsinnori\sinnori\project\sample_test\client_build\web_build\webAnt.properties] was created
09:45:41.214 [main] INFO  k.p.s.c.buildsystem.ProjectBuilder - main project[sample_test]'s web client ant properties file creation task end
09:45:41.214 [main] INFO  k.p.s.c.buildsystem.ProjectBuilder - main project[sample_test]'s web client message io file set creation task start
09:45:41.214 [main] INFO  k.p.s.common.util.CommonStaticUtil - the new child relative direcotry[D:\gitsinnori\sinnori\project\sample_test\client_build\web_build\src\main\java\kr\pe\sinnori\impl\message][Echo] was created successfully
09:45:41.214 [main] INFO  k.p.s.c.buildsystem.ProjectBuilder - main project[sample_test]'s message file[Echo][D:\gitsinnori\sinnori\project\sample_test\client_build\web_build\src\main\java\kr\pe\sinnori\impl\message] creation task start
09:45:41.218 [main] INFO  k.p.s.c.buildsystem.ProjectBuilder - main project[sample_test]'s message file[Echo][D:\gitsinnori\sinnori\project\sample_test\client_build\web_build\src\main\java\kr\pe\sinnori\impl\message] creation task end
09:45:41.218 [main] INFO  k.p.s.c.buildsystem.ProjectBuilder - main project[sample_test]'s message decoder file[Echo][D:\gitsinnori\sinnori\project\sample_test\client_build\web_build\src\main\java\kr\pe\sinnori\impl\message] creation task start
09:45:41.221 [main] INFO  k.p.s.c.buildsystem.ProjectBuilder - main project[sample_test]'s message decoder file[Echo][D:\gitsinnori\sinnori\project\sample_test\client_build\web_build\src\main\java\kr\pe\sinnori\impl\message] creation task end
09:45:41.221 [main] INFO  k.p.s.c.buildsystem.ProjectBuilder - main project[sample_test]'s message encoder file[Echo][D:\gitsinnori\sinnori\project\sample_test\client_build\web_build\src\main\java\kr\pe\sinnori\impl\message] creation task start
09:45:41.224 [main] INFO  k.p.s.c.buildsystem.ProjectBuilder - main project[sample_test]'s message encoder file[Echo][D:\gitsinnori\sinnori\project\sample_test\client_build\web_build\src\main\java\kr\pe\sinnori\impl\message] creation task end
09:45:41.224 [main] INFO  k.p.s.c.buildsystem.ProjectBuilder - main project[sample_test]'s message server codec file[Echo][D:\gitsinnori\sinnori\project\sample_test\client_build\web_build\src\main\java\kr\pe\sinnori\impl\message] creation task start
09:45:41.225 [main] INFO  k.p.s.c.buildsystem.ProjectBuilder - main project[sample_test]'s message server codec file[Echo][D:\gitsinnori\sinnori\project\sample_test\client_build\web_build\src\main\java\kr\pe\sinnori\impl\message] creation task end
09:45:41.225 [main] INFO  k.p.s.c.buildsystem.ProjectBuilder - main project[sample_test]'s message client codec file[Echo][D:\gitsinnori\sinnori\project\sample_test\client_build\web_build\src\main\java\kr\pe\sinnori\impl\message] creation task start
09:45:41.226 [main] INFO  k.p.s.c.buildsystem.ProjectBuilder - main project[sample_test]'s message client codec file[Echo][D:\gitsinnori\sinnori\project\sample_test\client_build\web_build\src\main\java\kr\pe\sinnori\impl\message] creation task end
09:45:41.226 [main] INFO  k.p.s.common.util.CommonStaticUtil - the new child relative direcotry[D:\gitsinnori\sinnori\project\sample_test\client_build\web_build\src\main\java\kr\pe\sinnori\impl\message][PublicKeyReq] was created successfully
09:45:41.226 [main] INFO  k.p.s.c.buildsystem.ProjectBuilder - main project[sample_test]'s message file[PublicKeyReq][D:\gitsinnori\sinnori\project\sample_test\client_build\web_build\src\main\java\kr\pe\sinnori\impl\message] creation task start
09:45:41.229 [main] INFO  k.p.s.c.buildsystem.ProjectBuilder - main project[sample_test]'s message file[PublicKeyReq][D:\gitsinnori\sinnori\project\sample_test\client_build\web_build\src\main\java\kr\pe\sinnori\impl\message] creation task end
09:45:41.229 [main] INFO  k.p.s.c.buildsystem.ProjectBuilder - main project[sample_test]'s message decoder file[PublicKeyReq][D:\gitsinnori\sinnori\project\sample_test\client_build\web_build\src\main\java\kr\pe\sinnori\impl\message] creation task start
09:45:41.232 [main] INFO  k.p.s.c.buildsystem.ProjectBuilder - main project[sample_test]'s message decoder file[PublicKeyReq][D:\gitsinnori\sinnori\project\sample_test\client_build\web_build\src\main\java\kr\pe\sinnori\impl\message] creation task end
09:45:41.232 [main] INFO  k.p.s.c.buildsystem.ProjectBuilder - main project[sample_test]'s message encoder file[PublicKeyReq][D:\gitsinnori\sinnori\project\sample_test\client_build\web_build\src\main\java\kr\pe\sinnori\impl\message] creation task start
09:45:41.235 [main] INFO  k.p.s.c.buildsystem.ProjectBuilder - main project[sample_test]'s message encoder file[PublicKeyReq][D:\gitsinnori\sinnori\project\sample_test\client_build\web_build\src\main\java\kr\pe\sinnori\impl\message] creation task end
09:45:41.235 [main] INFO  k.p.s.c.buildsystem.ProjectBuilder - main project[sample_test]'s message server codec file[PublicKeyReq][D:\gitsinnori\sinnori\project\sample_test\client_build\web_build\src\main\java\kr\pe\sinnori\impl\message] creation task start
09:45:41.318 [main] INFO  k.p.s.c.buildsystem.ProjectBuilder - main project[sample_test]'s message server codec file[PublicKeyReq][D:\gitsinnori\sinnori\project\sample_test\client_build\web_build\src\main\java\kr\pe\sinnori\impl\message] creation task end
09:45:41.318 [main] INFO  k.p.s.c.buildsystem.ProjectBuilder - main project[sample_test]'s message client codec file[PublicKeyReq][D:\gitsinnori\sinnori\project\sample_test\client_build\web_build\src\main\java\kr\pe\sinnori\impl\message] creation task start
09:45:41.323 [main] INFO  k.p.s.c.buildsystem.ProjectBuilder - main project[sample_test]'s message client codec file[PublicKeyReq][D:\gitsinnori\sinnori\project\sample_test\client_build\web_build\src\main\java\kr\pe\sinnori\impl\message] creation task end
09:45:41.324 [main] INFO  k.p.s.common.util.CommonStaticUtil - the new child relative direcotry[D:\gitsinnori\sinnori\project\sample_test\client_build\web_build\src\main\java\kr\pe\sinnori\impl\message][PublicKeyRes] was created successfully
09:45:41.324 [main] INFO  k.p.s.c.buildsystem.ProjectBuilder - main project[sample_test]'s message file[PublicKeyRes][D:\gitsinnori\sinnori\project\sample_test\client_build\web_build\src\main\java\kr\pe\sinnori\impl\message] creation task start
09:45:41.333 [main] INFO  k.p.s.c.buildsystem.ProjectBuilder - main project[sample_test]'s message file[PublicKeyRes][D:\gitsinnori\sinnori\project\sample_test\client_build\web_build\src\main\java\kr\pe\sinnori\impl\message] creation task end
09:45:41.333 [main] INFO  k.p.s.c.buildsystem.ProjectBuilder - main project[sample_test]'s message decoder file[PublicKeyRes][D:\gitsinnori\sinnori\project\sample_test\client_build\web_build\src\main\java\kr\pe\sinnori\impl\message] creation task start
09:45:41.342 [main] INFO  k.p.s.c.buildsystem.ProjectBuilder - main project[sample_test]'s message decoder file[PublicKeyRes][D:\gitsinnori\sinnori\project\sample_test\client_build\web_build\src\main\java\kr\pe\sinnori\impl\message] creation task end
09:45:41.342 [main] INFO  k.p.s.c.buildsystem.ProjectBuilder - main project[sample_test]'s message encoder file[PublicKeyRes][D:\gitsinnori\sinnori\project\sample_test\client_build\web_build\src\main\java\kr\pe\sinnori\impl\message] creation task start
09:45:41.347 [main] INFO  k.p.s.c.buildsystem.ProjectBuilder - main project[sample_test]'s message encoder file[PublicKeyRes][D:\gitsinnori\sinnori\project\sample_test\client_build\web_build\src\main\java\kr\pe\sinnori\impl\message] creation task end
09:45:41.347 [main] INFO  k.p.s.c.buildsystem.ProjectBuilder - main project[sample_test]'s message server codec file[PublicKeyRes][D:\gitsinnori\sinnori\project\sample_test\client_build\web_build\src\main\java\kr\pe\sinnori\impl\message] creation task start
09:45:41.349 [main] INFO  k.p.s.c.buildsystem.ProjectBuilder - main project[sample_test]'s message server codec file[PublicKeyRes][D:\gitsinnori\sinnori\project\sample_test\client_build\web_build\src\main\java\kr\pe\sinnori\impl\message] creation task end
09:45:41.349 [main] INFO  k.p.s.c.buildsystem.ProjectBuilder - main project[sample_test]'s message client codec file[PublicKeyRes][D:\gitsinnori\sinnori\project\sample_test\client_build\web_build\src\main\java\kr\pe\sinnori\impl\message] creation task start
09:45:41.351 [main] INFO  k.p.s.c.buildsystem.ProjectBuilder - main project[sample_test]'s message client codec file[PublicKeyRes][D:\gitsinnori\sinnori\project\sample_test\client_build\web_build\src\main\java\kr\pe\sinnori\impl\message] creation task end
09:45:41.351 [main] INFO  k.p.s.c.buildsystem.ProjectBuilder - main project[sample_test]'s web client message io file set creation task end
09:45:41.351 [main] INFO  k.p.s.c.buildsystem.ProjectBuilder - mainproject[sample_test]'s web client sample source files copy task start
09:45:41.413 [main] INFO  k.p.s.c.buildsystem.ProjectBuilder - mainproject[sample_test]'s web client sample source files copy task end
09:45:41.413 [main] INFO  k.p.s.c.buildsystem.ProjectBuilder - main project[sample_test]'s web client build system files creation task end
09:45:41.413 [main] INFO  k.p.s.c.buildsystem.ProjectBuilder - main project[sample_test]'s web root child direcotry creation task start
09:45:41.413 [main] INFO  k.p.s.common.util.CommonStaticUtil - the child relative direcotry[D:\gitsinnori\sinnori\project\sample_test][web_app_base/upload] exist, so nothing
09:45:41.413 [main] INFO  k.p.s.common.util.CommonStaticUtil - the new child relative direcotry[D:\gitsinnori\sinnori\project\sample_test][web_app_base/ROOT/WEB-INF/classes] was created successfully
09:45:41.414 [main] INFO  k.p.s.common.util.CommonStaticUtil - the new child relative direcotry[D:\gitsinnori\sinnori\project\sample_test][web_app_base/ROOT/WEB-INF/lib] was created successfully
09:45:41.414 [main] INFO  k.p.s.c.buildsystem.ProjectBuilder - main project[sample_test]'s web root child direcotry creation task end
09:45:41.414 [main] INFO  k.p.s.c.buildsystem.ProjectBuilder - main project[sample_test]'s web root sample files creation task start
09:45:41.414 [main] INFO  k.p.s.c.buildsystem.ProjectBuilder - main project[sample_test]'s web root sample files copy task start
09:45:41.419 [main] INFO  k.p.s.c.buildsystem.ProjectBuilder - main project[sample_test]'s web root sample files copy task end
09:45:41.419 [main] INFO  k.p.s.c.buildsystem.ProjectBuilder - main project[sample_test]'s web root sample files creation task end
09:45:41.419 [main] INFO  k.p.s.c.buildsystem.ProjectBuilder - main project[sample_test]'s config file overwrite task start
09:45:41.423 [main] INFO  k.p.s.c.buildsystem.ProjectBuilder - main project[sample_test]'s config file overwrite task end
09:45:41.423 [main] INFO  k.p.s.c.buildsystem.ProjectBuilder - main project[sample_test] changeProjectState method end
09:45:41.463 [main] INFO  k.p.s.c.buildsystem.ProjectBuilder - main project[sample_test]'s child direcotry creation task start
09:45:41.463 [main] INFO  k.p.s.c.buildsystem.ProjectBuilder - main project[sample_test]'s common child direcotry creation task start
09:45:41.463 [main] INFO  k.p.s.common.util.CommonStaticUtil - the new child relative direcotry[D:\gitsinnori\sinnori\project\sample_test][config] was created successfully
09:45:41.464 [main] INFO  k.p.s.common.util.CommonStaticUtil - the new child relative direcotry[D:\gitsinnori\sinnori\project\sample_test][resources/dbcp] was created successfully
09:45:41.464 [main] INFO  k.p.s.common.util.CommonStaticUtil - the new child relative direcotry[D:\gitsinnori\sinnori\project\sample_test][resources/message_info] was created successfully
09:45:41.464 [main] INFO  k.p.s.common.util.CommonStaticUtil - the new child relative direcotry[D:\gitsinnori\sinnori\project\sample_test][resources/rsa_keypair] was created successfully
09:45:41.464 [main] INFO  k.p.s.common.util.CommonStaticUtil - the new child relative direcotry[D:\gitsinnori\sinnori\project\sample_test][log/apache] was created successfully
09:45:41.464 [main] INFO  k.p.s.common.util.CommonStaticUtil - the new child relative direcotry[D:\gitsinnori\sinnori\project\sample_test][log/client] was created successfully
09:45:41.465 [main] INFO  k.p.s.common.util.CommonStaticUtil - the new child relative direcotry[D:\gitsinnori\sinnori\project\sample_test][log/server] was created successfully
09:45:41.465 [main] INFO  k.p.s.common.util.CommonStaticUtil - the new child relative direcotry[D:\gitsinnori\sinnori\project\sample_test][log/servlet] was created successfully
09:45:41.465 [main] INFO  k.p.s.c.buildsystem.ProjectBuilder - main project[sample_test]'s common child direcotry creation task end
09:45:41.465 [main] INFO  k.p.s.c.buildsystem.ProjectBuilder - main project[sample_test]'s application build child direcotry creation task start
09:45:41.466 [main] INFO  k.p.s.common.util.CommonStaticUtil - the new child relative direcotry[D:\gitsinnori\sinnori\project\sample_test][client_build/app_build/corelib/ex] was created successfully
09:45:41.466 [main] INFO  k.p.s.common.util.CommonStaticUtil - the new child relative direcotry[D:\gitsinnori\sinnori\project\sample_test][client_build/app_build/corelib/in] was created successfully
09:45:41.467 [main] INFO  k.p.s.common.util.CommonStaticUtil - the new child relative direcotry[D:\gitsinnori\sinnori\project\sample_test][client_build/app_build/lib/main/ex] was created successfully
09:45:41.467 [main] INFO  k.p.s.common.util.CommonStaticUtil - the new child relative direcotry[D:\gitsinnori\sinnori\project\sample_test][client_build/app_build/lib/main/in] was created successfully
09:45:41.467 [main] INFO  k.p.s.common.util.CommonStaticUtil - the new child relative direcotry[D:\gitsinnori\sinnori\project\sample_test][client_build/app_build/lib/test] was created successfully
09:45:41.469 [main] INFO  k.p.s.common.util.CommonStaticUtil - the new child relative direcotry[D:\gitsinnori\sinnori\project\sample_test][client_build/app_build/src/main/java/kr/pe/sinnori/impl/message] was created successfully
09:45:41.470 [main] INFO  k.p.s.common.util.CommonStaticUtil - the new child relative direcotry[D:\gitsinnori\sinnori\project\sample_test][client_build/app_build/src/main/java/main] was created successfully
09:45:41.470 [main] INFO  k.p.s.common.util.CommonStaticUtil - the new child relative direcotry[D:\gitsinnori\sinnori\project\sample_test][client_build/app_build/src/test/java] was created successfully
09:45:41.471 [main] INFO  k.p.s.common.util.CommonStaticUtil - the new child relative direcotry[D:\gitsinnori\sinnori\project\sample_test][client_build/app_build/build] was created successfully
09:45:41.471 [main] INFO  k.p.s.common.util.CommonStaticUtil - the new child relative direcotry[D:\gitsinnori\sinnori\project\sample_test][client_build/app_build/dist] was created successfully
09:45:41.471 [main] INFO  k.p.s.c.buildsystem.ProjectBuilder - main project[sample_test]'s application build child direcotry creation task end
09:45:41.561 [main] INFO  k.p.s.c.buildsystem.ProjectBuilder - main project[sample_test]'s child direcotry creation task end
09:45:41.561 [main] INFO  k.p.s.c.buildsystem.ProjectBuilder - main project[sample_test]'s file creation task start
09:45:41.561 [main] INFO  k.p.s.c.buildsystem.ProjectBuilder - main project[sample_test]'s config file creation task start
09:45:41.562 [main] INFO  k.p.s.c.util.SequencedPropertiesUtil - the sequenced properties file[D:\gitsinnori\sinnori\project\sample_test\config\sinnori.properties] was created
09:45:41.569 [main] INFO  k.p.s.c.buildsystem.ProjectBuilder - main project[sample_test]'s config file creation task end
09:45:41.569 [main] INFO  k.p.s.c.buildsystem.ProjectBuilder - the mainproject[sample_test]'s resources directory copy task start
09:45:41.585 [main] INFO  k.p.s.c.buildsystem.ProjectBuilder - the mainproject[sample_test]'s resources directory copy task end
09:45:41.585 [main] INFO  k.p.s.c.buildsystem.ProjectBuilder - mainproject[sample_test]'s application client build system files creation task start
09:45:41.585 [main] INFO  k.p.s.c.buildsystem.ProjectBuilder - main project[sample_test]'s application client ant build.xml file creation task start
09:45:41.586 [main] INFO  k.p.s.c.buildsystem.ProjectBuilder - main project[sample_test]'s application client ant build.xml file creation task end
09:45:41.586 [main] INFO  k.p.s.c.buildsystem.ProjectBuilder - main project[sample_test]'s application client dos shell file creation task start
09:45:41.590 [main] INFO  k.p.s.c.buildsystem.ProjectBuilder - main project[sample_test]'s application client dos shell file creation task end
09:45:41.590 [main] INFO  k.p.s.c.buildsystem.ProjectBuilder - main project[sample_test]'s application client unix shell file creation task start
09:45:41.592 [main] INFO  k.p.s.c.buildsystem.ProjectBuilder - main project[sample_test]'s application client unix shell file creation task end
09:45:41.592 [main] INFO  k.p.s.c.buildsystem.ProjectBuilder - application client sample source files copy task start
09:45:41.601 [main] INFO  k.p.s.c.buildsystem.ProjectBuilder - application client sample source files copy task end
09:45:41.601 [main] INFO  k.p.s.c.buildsystem.ProjectBuilder - main project[sample_test]'s application client message io file set creation task start
09:45:41.602 [main] INFO  k.p.s.common.util.CommonStaticUtil - the new child relative direcotry[D:\gitsinnori\sinnori\project\sample_test\client_build\app_build\src\main\java\kr\pe\sinnori\impl\message][Echo] was created successfully
09:45:41.602 [main] INFO  k.p.s.c.buildsystem.ProjectBuilder - main project[sample_test]'s message file[Echo][D:\gitsinnori\sinnori\project\sample_test\client_build\app_build\src\main\java\kr\pe\sinnori\impl\message] creation task start
09:45:41.604 [main] INFO  k.p.s.c.buildsystem.ProjectBuilder - main project[sample_test]'s message file[Echo][D:\gitsinnori\sinnori\project\sample_test\client_build\app_build\src\main\java\kr\pe\sinnori\impl\message] creation task end
09:45:41.605 [main] INFO  k.p.s.c.buildsystem.ProjectBuilder - main project[sample_test]'s message decoder file[Echo][D:\gitsinnori\sinnori\project\sample_test\client_build\app_build\src\main\java\kr\pe\sinnori\impl\message] creation task start
09:45:41.608 [main] INFO  k.p.s.c.buildsystem.ProjectBuilder - main project[sample_test]'s message decoder file[Echo][D:\gitsinnori\sinnori\project\sample_test\client_build\app_build\src\main\java\kr\pe\sinnori\impl\message] creation task end
09:45:41.608 [main] INFO  k.p.s.c.buildsystem.ProjectBuilder - main project[sample_test]'s message encoder file[Echo][D:\gitsinnori\sinnori\project\sample_test\client_build\app_build\src\main\java\kr\pe\sinnori\impl\message] creation task start
09:45:41.610 [main] INFO  k.p.s.c.buildsystem.ProjectBuilder - main project[sample_test]'s message encoder file[Echo][D:\gitsinnori\sinnori\project\sample_test\client_build\app_build\src\main\java\kr\pe\sinnori\impl\message] creation task end
09:45:41.611 [main] INFO  k.p.s.c.buildsystem.ProjectBuilder - main project[sample_test]'s message server codec file[Echo][D:\gitsinnori\sinnori\project\sample_test\client_build\app_build\src\main\java\kr\pe\sinnori\impl\message] creation task start
09:45:41.612 [main] INFO  k.p.s.c.buildsystem.ProjectBuilder - main project[sample_test]'s message server codec file[Echo][D:\gitsinnori\sinnori\project\sample_test\client_build\app_build\src\main\java\kr\pe\sinnori\impl\message] creation task end
09:45:41.612 [main] INFO  k.p.s.c.buildsystem.ProjectBuilder - main project[sample_test]'s message client codec file[Echo][D:\gitsinnori\sinnori\project\sample_test\client_build\app_build\src\main\java\kr\pe\sinnori\impl\message] creation task start
09:45:41.671 [main] INFO  k.p.s.c.buildsystem.ProjectBuilder - main project[sample_test]'s message client codec file[Echo][D:\gitsinnori\sinnori\project\sample_test\client_build\app_build\src\main\java\kr\pe\sinnori\impl\message] creation task end
09:45:41.672 [main] INFO  k.p.s.common.util.CommonStaticUtil - the new child relative direcotry[D:\gitsinnori\sinnori\project\sample_test\client_build\app_build\src\main\java\kr\pe\sinnori\impl\message][PublicKeyReq] was created successfully
09:45:41.672 [main] INFO  k.p.s.c.buildsystem.ProjectBuilder - main project[sample_test]'s message file[PublicKeyReq][D:\gitsinnori\sinnori\project\sample_test\client_build\app_build\src\main\java\kr\pe\sinnori\impl\message] creation task start
09:45:41.676 [main] INFO  k.p.s.c.buildsystem.ProjectBuilder - main project[sample_test]'s message file[PublicKeyReq][D:\gitsinnori\sinnori\project\sample_test\client_build\app_build\src\main\java\kr\pe\sinnori\impl\message] creation task end
09:45:41.676 [main] INFO  k.p.s.c.buildsystem.ProjectBuilder - main project[sample_test]'s message decoder file[PublicKeyReq][D:\gitsinnori\sinnori\project\sample_test\client_build\app_build\src\main\java\kr\pe\sinnori\impl\message] creation task start
09:45:41.679 [main] INFO  k.p.s.c.buildsystem.ProjectBuilder - main project[sample_test]'s message decoder file[PublicKeyReq][D:\gitsinnori\sinnori\project\sample_test\client_build\app_build\src\main\java\kr\pe\sinnori\impl\message] creation task end
09:45:41.679 [main] INFO  k.p.s.c.buildsystem.ProjectBuilder - main project[sample_test]'s message encoder file[PublicKeyReq][D:\gitsinnori\sinnori\project\sample_test\client_build\app_build\src\main\java\kr\pe\sinnori\impl\message] creation task start
09:45:41.684 [main] INFO  k.p.s.c.buildsystem.ProjectBuilder - main project[sample_test]'s message encoder file[PublicKeyReq][D:\gitsinnori\sinnori\project\sample_test\client_build\app_build\src\main\java\kr\pe\sinnori\impl\message] creation task end
09:45:41.684 [main] INFO  k.p.s.c.buildsystem.ProjectBuilder - main project[sample_test]'s message server codec file[PublicKeyReq][D:\gitsinnori\sinnori\project\sample_test\client_build\app_build\src\main\java\kr\pe\sinnori\impl\message] creation task start
09:45:41.685 [main] INFO  k.p.s.c.buildsystem.ProjectBuilder - main project[sample_test]'s message server codec file[PublicKeyReq][D:\gitsinnori\sinnori\project\sample_test\client_build\app_build\src\main\java\kr\pe\sinnori\impl\message] creation task end
09:45:41.685 [main] INFO  k.p.s.c.buildsystem.ProjectBuilder - main project[sample_test]'s message client codec file[PublicKeyReq][D:\gitsinnori\sinnori\project\sample_test\client_build\app_build\src\main\java\kr\pe\sinnori\impl\message] creation task start
09:45:41.686 [main] INFO  k.p.s.c.buildsystem.ProjectBuilder - main project[sample_test]'s message client codec file[PublicKeyReq][D:\gitsinnori\sinnori\project\sample_test\client_build\app_build\src\main\java\kr\pe\sinnori\impl\message] creation task end
09:45:41.687 [main] INFO  k.p.s.common.util.CommonStaticUtil - the new child relative direcotry[D:\gitsinnori\sinnori\project\sample_test\client_build\app_build\src\main\java\kr\pe\sinnori\impl\message][PublicKeyRes] was created successfully
09:45:41.687 [main] INFO  k.p.s.c.buildsystem.ProjectBuilder - main project[sample_test]'s message file[PublicKeyRes][D:\gitsinnori\sinnori\project\sample_test\client_build\app_build\src\main\java\kr\pe\sinnori\impl\message] creation task start
09:45:41.691 [main] INFO  k.p.s.c.buildsystem.ProjectBuilder - main project[sample_test]'s message file[PublicKeyRes][D:\gitsinnori\sinnori\project\sample_test\client_build\app_build\src\main\java\kr\pe\sinnori\impl\message] creation task end
09:45:41.691 [main] INFO  k.p.s.c.buildsystem.ProjectBuilder - main project[sample_test]'s message decoder file[PublicKeyRes][D:\gitsinnori\sinnori\project\sample_test\client_build\app_build\src\main\java\kr\pe\sinnori\impl\message] creation task start
09:45:41.694 [main] INFO  k.p.s.c.buildsystem.ProjectBuilder - main project[sample_test]'s message decoder file[PublicKeyRes][D:\gitsinnori\sinnori\project\sample_test\client_build\app_build\src\main\java\kr\pe\sinnori\impl\message] creation task end
09:45:41.694 [main] INFO  k.p.s.c.buildsystem.ProjectBuilder - main project[sample_test]'s message encoder file[PublicKeyRes][D:\gitsinnori\sinnori\project\sample_test\client_build\app_build\src\main\java\kr\pe\sinnori\impl\message] creation task start
09:45:41.696 [main] INFO  k.p.s.c.buildsystem.ProjectBuilder - main project[sample_test]'s message encoder file[PublicKeyRes][D:\gitsinnori\sinnori\project\sample_test\client_build\app_build\src\main\java\kr\pe\sinnori\impl\message] creation task end
09:45:41.696 [main] INFO  k.p.s.c.buildsystem.ProjectBuilder - main project[sample_test]'s message server codec file[PublicKeyRes][D:\gitsinnori\sinnori\project\sample_test\client_build\app_build\src\main\java\kr\pe\sinnori\impl\message] creation task start
09:45:41.698 [main] INFO  k.p.s.c.buildsystem.ProjectBuilder - main project[sample_test]'s message server codec file[PublicKeyRes][D:\gitsinnori\sinnori\project\sample_test\client_build\app_build\src\main\java\kr\pe\sinnori\impl\message] creation task end
09:45:41.698 [main] INFO  k.p.s.c.buildsystem.ProjectBuilder - main project[sample_test]'s message client codec file[PublicKeyRes][D:\gitsinnori\sinnori\project\sample_test\client_build\app_build\src\main\java\kr\pe\sinnori\impl\message] creation task start
09:45:41.700 [main] INFO  k.p.s.c.buildsystem.ProjectBuilder - main project[sample_test]'s message client codec file[PublicKeyRes][D:\gitsinnori\sinnori\project\sample_test\client_build\app_build\src\main\java\kr\pe\sinnori\impl\message] creation task end
09:45:41.700 [main] INFO  k.p.s.c.buildsystem.ProjectBuilder - main project[sample_test]'s application client message io file set creation task end
09:45:41.783 [main] INFO  k.p.s.c.buildsystem.ProjectBuilder - mainproject[sample_test]'s application client build system files creation task end
09:45:41.783 [main] INFO  k.p.s.c.buildsystem.ProjectBuilder - main project[sample_test]'s file creation task end
09:45:41.786 [main] INFO  k.p.s.c.config.SinnoriConfiguration - item key[sessionkey.rsa.publickey.file.value]'s value is null because its status is inactive
09:45:41.786 [main] INFO  k.p.s.c.config.SinnoriConfiguration - item key[sessionkey.rsa.privatekey.file.value]'s value is null because its status is inactive
09:45:41.787 [main] INFO  k.p.s.c.buildsystem.ProjectBuilder - main project[sample_test] changeProjectState method start
09:45:41.787 [main] INFO  k.p.s.c.buildsystem.ProjectBuilder - the server ant build.xml file[D:\gitsinnori\sinnori\project\sample_test\server_build\build.xml] is bad :: whetherExist[false] isFile[false]
09:45:41.787 [main] WARN  k.p.s.c.buildsystem.ProjectBuilder - the server buid.xml file[D:\gitsinnori\sinnori\project\sample_test\server_build\build.xml] is bad beacse it doesn't exist or is not a file, so skip deletion of server build system
09:45:41.787 [main] INFO  k.p.s.c.buildsystem.ProjectBuilder - mainproject[sample_test]'s application client build path deletion task start
09:45:41.814 [main] INFO  k.p.s.c.buildsystem.ProjectBuilder - mainproject[sample_test]'s application client build path deletion task end
09:45:41.814 [main] INFO  k.p.s.c.buildsystem.ProjectBuilder - main project[sample_test]'s web build child direcotry creation task start
09:45:41.817 [main] INFO  k.p.s.common.util.CommonStaticUtil - the new child relative direcotry[D:\gitsinnori\sinnori\project\sample_test][client_build/web_build/corelib/ex] was created successfully
09:45:41.817 [main] INFO  k.p.s.common.util.CommonStaticUtil - the new child relative direcotry[D:\gitsinnori\sinnori\project\sample_test][client_build/web_build/corelib/in] was created successfully
09:45:41.820 [main] INFO  k.p.s.common.util.CommonStaticUtil - the new child relative direcotry[D:\gitsinnori\sinnori\project\sample_test][client_build/web_build/lib/main/ex] was created successfully
09:45:41.820 [main] INFO  k.p.s.common.util.CommonStaticUtil - the new child relative direcotry[D:\gitsinnori\sinnori\project\sample_test][client_build/web_build/lib/main/in] was created successfully
09:45:41.820 [main] INFO  k.p.s.common.util.CommonStaticUtil - the new child relative direcotry[D:\gitsinnori\sinnori\project\sample_test][client_build/web_build/lib/test] was created successfully
09:45:41.823 [main] INFO  k.p.s.common.util.CommonStaticUtil - the new child relative direcotry[D:\gitsinnori\sinnori\project\sample_test][client_build/web_build/src/main/java/kr/pe/sinnori/impl/message] was created successfully
09:45:41.823 [main] INFO  k.p.s.common.util.CommonStaticUtil - the new child relative direcotry[D:\gitsinnori\sinnori\project\sample_test][client_build/web_build/src/main/java//kr/pe/sinnori/servlet] was created successfully
09:45:41.824 [main] INFO  k.p.s.common.util.CommonStaticUtil - the new child relative direcotry[D:\gitsinnori\sinnori\project\sample_test][client_build/web_build/src/main/java/kr/pe/sinnori/weblib/common] was created successfully
09:45:41.824 [main] INFO  k.p.s.common.util.CommonStaticUtil - the new child relative direcotry[D:\gitsinnori\sinnori\project\sample_test][client_build/web_build/src/main/java/kr/pe/sinnori/weblib/htmlstring] was created successfully
09:45:41.824 [main] INFO  k.p.s.common.util.CommonStaticUtil - the new child relative direcotry[D:\gitsinnori\sinnori\project\sample_test][client_build/web_build/src/main/java/kr/pe/sinnori/weblib/jdf] was created successfully
09:45:41.825 [main] INFO  k.p.s.common.util.CommonStaticUtil - the new child relative direcotry[D:\gitsinnori\sinnori\project\sample_test][client_build/web_build/src/test/java] was created successfully
09:45:41.825 [main] INFO  k.p.s.common.util.CommonStaticUtil - the new child relative direcotry[D:\gitsinnori\sinnori\project\sample_test][client_build/web_build/build] was created successfully
09:45:41.825 [main] INFO  k.p.s.common.util.CommonStaticUtil - the new child relative direcotry[D:\gitsinnori\sinnori\project\sample_test][client_build/web_build/dist] was created successfully
09:45:41.825 [main] INFO  k.p.s.c.buildsystem.ProjectBuilder - main project[sample_test]'s web build child direcotry creation task end
09:45:41.825 [main] INFO  k.p.s.c.buildsystem.ProjectBuilder - main project[sample_test]'s web client build system files creation task start
09:45:41.825 [main] INFO  k.p.s.c.buildsystem.ProjectBuilder - main project[sample_test]'s web client ant build.xml file creation task start
09:45:41.827 [main] INFO  k.p.s.c.buildsystem.ProjectBuilder - main project[sample_test]'s web client ant build.xml file creation task end
09:45:41.827 [main] INFO  k.p.s.c.buildsystem.ProjectBuilder - main project[sample_test]'s web client ant properties file creation task start
09:45:41.827 [main] INFO  k.p.s.c.util.SequencedPropertiesUtil - the sequenced properties file[D:\gitsinnori\sinnori\project\sample_test\client_build\web_build\webAnt.properties] was created
09:45:41.828 [main] INFO  k.p.s.c.buildsystem.ProjectBuilder - main project[sample_test]'s web client ant properties file creation task end
09:45:41.828 [main] INFO  k.p.s.c.buildsystem.ProjectBuilder - main project[sample_test]'s web client message io file set creation task start
09:45:41.914 [main] INFO  k.p.s.common.util.CommonStaticUtil - the new child relative direcotry[D:\gitsinnori\sinnori\project\sample_test\client_build\web_build\src\main\java\kr\pe\sinnori\impl\message][Echo] was created successfully
09:45:41.914 [main] INFO  k.p.s.c.buildsystem.ProjectBuilder - main project[sample_test]'s message file[Echo][D:\gitsinnori\sinnori\project\sample_test\client_build\web_build\src\main\java\kr\pe\sinnori\impl\message] creation task start
09:45:41.919 [main] INFO  k.p.s.c.buildsystem.ProjectBuilder - main project[sample_test]'s message file[Echo][D:\gitsinnori\sinnori\project\sample_test\client_build\web_build\src\main\java\kr\pe\sinnori\impl\message] creation task end
09:45:41.919 [main] INFO  k.p.s.c.buildsystem.ProjectBuilder - main project[sample_test]'s message decoder file[Echo][D:\gitsinnori\sinnori\project\sample_test\client_build\web_build\src\main\java\kr\pe\sinnori\impl\message] creation task start
09:45:41.924 [main] INFO  k.p.s.c.buildsystem.ProjectBuilder - main project[sample_test]'s message decoder file[Echo][D:\gitsinnori\sinnori\project\sample_test\client_build\web_build\src\main\java\kr\pe\sinnori\impl\message] creation task end
09:45:41.924 [main] INFO  k.p.s.c.buildsystem.ProjectBuilder - main project[sample_test]'s message encoder file[Echo][D:\gitsinnori\sinnori\project\sample_test\client_build\web_build\src\main\java\kr\pe\sinnori\impl\message] creation task start
09:45:41.930 [main] INFO  k.p.s.c.buildsystem.ProjectBuilder - main project[sample_test]'s message encoder file[Echo][D:\gitsinnori\sinnori\project\sample_test\client_build\web_build\src\main\java\kr\pe\sinnori\impl\message] creation task end
09:45:41.931 [main] INFO  k.p.s.c.buildsystem.ProjectBuilder - main project[sample_test]'s message server codec file[Echo][D:\gitsinnori\sinnori\project\sample_test\client_build\web_build\src\main\java\kr\pe\sinnori\impl\message] creation task start
09:45:41.933 [main] INFO  k.p.s.c.buildsystem.ProjectBuilder - main project[sample_test]'s message server codec file[Echo][D:\gitsinnori\sinnori\project\sample_test\client_build\web_build\src\main\java\kr\pe\sinnori\impl\message] creation task end
09:45:41.933 [main] INFO  k.p.s.c.buildsystem.ProjectBuilder - main project[sample_test]'s message client codec file[Echo][D:\gitsinnori\sinnori\project\sample_test\client_build\web_build\src\main\java\kr\pe\sinnori\impl\message] creation task start
09:45:41.937 [main] INFO  k.p.s.c.buildsystem.ProjectBuilder - main project[sample_test]'s message client codec file[Echo][D:\gitsinnori\sinnori\project\sample_test\client_build\web_build\src\main\java\kr\pe\sinnori\impl\message] creation task end
09:45:41.937 [main] INFO  k.p.s.common.util.CommonStaticUtil - the new child relative direcotry[D:\gitsinnori\sinnori\project\sample_test\client_build\web_build\src\main\java\kr\pe\sinnori\impl\message][PublicKeyReq] was created successfully
09:45:41.937 [main] INFO  k.p.s.c.buildsystem.ProjectBuilder - main project[sample_test]'s message file[PublicKeyReq][D:\gitsinnori\sinnori\project\sample_test\client_build\web_build\src\main\java\kr\pe\sinnori\impl\message] creation task start
09:45:41.941 [main] INFO  k.p.s.c.buildsystem.ProjectBuilder - main project[sample_test]'s message file[PublicKeyReq][D:\gitsinnori\sinnori\project\sample_test\client_build\web_build\src\main\java\kr\pe\sinnori\impl\message] creation task end
09:45:41.942 [main] INFO  k.p.s.c.buildsystem.ProjectBuilder - main project[sample_test]'s message decoder file[PublicKeyReq][D:\gitsinnori\sinnori\project\sample_test\client_build\web_build\src\main\java\kr\pe\sinnori\impl\message] creation task start
09:45:41.945 [main] INFO  k.p.s.c.buildsystem.ProjectBuilder - main project[sample_test]'s message decoder file[PublicKeyReq][D:\gitsinnori\sinnori\project\sample_test\client_build\web_build\src\main\java\kr\pe\sinnori\impl\message] creation task end
09:45:41.945 [main] INFO  k.p.s.c.buildsystem.ProjectBuilder - main project[sample_test]'s message encoder file[PublicKeyReq][D:\gitsinnori\sinnori\project\sample_test\client_build\web_build\src\main\java\kr\pe\sinnori\impl\message] creation task start
09:45:41.948 [main] INFO  k.p.s.c.buildsystem.ProjectBuilder - main project[sample_test]'s message encoder file[PublicKeyReq][D:\gitsinnori\sinnori\project\sample_test\client_build\web_build\src\main\java\kr\pe\sinnori\impl\message] creation task end
09:45:41.949 [main] INFO  k.p.s.c.buildsystem.ProjectBuilder - main project[sample_test]'s message server codec file[PublicKeyReq][D:\gitsinnori\sinnori\project\sample_test\client_build\web_build\src\main\java\kr\pe\sinnori\impl\message] creation task start
09:45:41.950 [main] INFO  k.p.s.c.buildsystem.ProjectBuilder - main project[sample_test]'s message server codec file[PublicKeyReq][D:\gitsinnori\sinnori\project\sample_test\client_build\web_build\src\main\java\kr\pe\sinnori\impl\message] creation task end
09:45:41.950 [main] INFO  k.p.s.c.buildsystem.ProjectBuilder - main project[sample_test]'s message client codec file[PublicKeyReq][D:\gitsinnori\sinnori\project\sample_test\client_build\web_build\src\main\java\kr\pe\sinnori\impl\message] creation task start
09:45:41.952 [main] INFO  k.p.s.c.buildsystem.ProjectBuilder - main project[sample_test]'s message client codec file[PublicKeyReq][D:\gitsinnori\sinnori\project\sample_test\client_build\web_build\src\main\java\kr\pe\sinnori\impl\message] creation task end
09:45:41.952 [main] INFO  k.p.s.common.util.CommonStaticUtil - the new child relative direcotry[D:\gitsinnori\sinnori\project\sample_test\client_build\web_build\src\main\java\kr\pe\sinnori\impl\message][PublicKeyRes] was created successfully
09:45:41.952 [main] INFO  k.p.s.c.buildsystem.ProjectBuilder - main project[sample_test]'s message file[PublicKeyRes][D:\gitsinnori\sinnori\project\sample_test\client_build\web_build\src\main\java\kr\pe\sinnori\impl\message] creation task start
09:45:41.956 [main] INFO  k.p.s.c.buildsystem.ProjectBuilder - main project[sample_test]'s message file[PublicKeyRes][D:\gitsinnori\sinnori\project\sample_test\client_build\web_build\src\main\java\kr\pe\sinnori\impl\message] creation task end
09:45:41.956 [main] INFO  k.p.s.c.buildsystem.ProjectBuilder - main project[sample_test]'s message decoder file[PublicKeyRes][D:\gitsinnori\sinnori\project\sample_test\client_build\web_build\src\main\java\kr\pe\sinnori\impl\message] creation task start
09:45:41.959 [main] INFO  k.p.s.c.buildsystem.ProjectBuilder - main project[sample_test]'s message decoder file[PublicKeyRes][D:\gitsinnori\sinnori\project\sample_test\client_build\web_build\src\main\java\kr\pe\sinnori\impl\message] creation task end
09:45:41.959 [main] INFO  k.p.s.c.buildsystem.ProjectBuilder - main project[sample_test]'s message encoder file[PublicKeyRes][D:\gitsinnori\sinnori\project\sample_test\client_build\web_build\src\main\java\kr\pe\sinnori\impl\message] creation task start
09:45:41.962 [main] INFO  k.p.s.c.buildsystem.ProjectBuilder - main project[sample_test]'s message encoder file[PublicKeyRes][D:\gitsinnori\sinnori\project\sample_test\client_build\web_build\src\main\java\kr\pe\sinnori\impl\message] creation task end
09:45:41.962 [main] INFO  k.p.s.c.buildsystem.ProjectBuilder - main project[sample_test]'s message server codec file[PublicKeyRes][D:\gitsinnori\sinnori\project\sample_test\client_build\web_build\src\main\java\kr\pe\sinnori\impl\message] creation task start
09:45:41.963 [main] INFO  k.p.s.c.buildsystem.ProjectBuilder - main project[sample_test]'s message server codec file[PublicKeyRes][D:\gitsinnori\sinnori\project\sample_test\client_build\web_build\src\main\java\kr\pe\sinnori\impl\message] creation task end
09:45:41.963 [main] INFO  k.p.s.c.buildsystem.ProjectBuilder - main project[sample_test]'s message client codec file[PublicKeyRes][D:\gitsinnori\sinnori\project\sample_test\client_build\web_build\src\main\java\kr\pe\sinnori\impl\message] creation task start
09:45:41.965 [main] INFO  k.p.s.c.buildsystem.ProjectBuilder - main project[sample_test]'s message client codec file[PublicKeyRes][D:\gitsinnori\sinnori\project\sample_test\client_build\web_build\src\main\java\kr\pe\sinnori\impl\message] creation task end
09:45:41.965 [main] INFO  k.p.s.c.buildsystem.ProjectBuilder - main project[sample_test]'s web client message io file set creation task end
09:45:41.965 [main] INFO  k.p.s.c.buildsystem.ProjectBuilder - mainproject[sample_test]'s web client sample source files copy task start
09:45:42.023 [main] INFO  k.p.s.c.buildsystem.ProjectBuilder - mainproject[sample_test]'s web client sample source files copy task end
09:45:42.023 [main] INFO  k.p.s.c.buildsystem.ProjectBuilder - main project[sample_test]'s web client build system files creation task end
09:45:42.023 [main] INFO  k.p.s.c.buildsystem.ProjectBuilder - main project[sample_test]'s web root child direcotry creation task start
09:45:42.051 [main] INFO  k.p.s.common.util.CommonStaticUtil - the new child relative direcotry[D:\gitsinnori\sinnori\project\sample_test][web_app_base/upload] was created successfully
09:45:42.052 [main] INFO  k.p.s.common.util.CommonStaticUtil - the new child relative direcotry[D:\gitsinnori\sinnori\project\sample_test][web_app_base/ROOT/WEB-INF/classes] was created successfully
09:45:42.052 [main] INFO  k.p.s.common.util.CommonStaticUtil - the new child relative direcotry[D:\gitsinnori\sinnori\project\sample_test][web_app_base/ROOT/WEB-INF/lib] was created successfully
09:45:42.052 [main] INFO  k.p.s.c.buildsystem.ProjectBuilder - main project[sample_test]'s web root child direcotry creation task end
09:45:42.052 [main] INFO  k.p.s.c.buildsystem.ProjectBuilder - main project[sample_test]'s web root sample files creation task start
09:45:42.052 [main] INFO  k.p.s.c.buildsystem.ProjectBuilder - main project[sample_test]'s web root sample files copy task start
09:45:42.061 [main] INFO  k.p.s.c.buildsystem.ProjectBuilder - main project[sample_test]'s web root sample files copy task end
09:45:42.061 [main] INFO  k.p.s.c.buildsystem.ProjectBuilder - main project[sample_test]'s web root sample files creation task end
09:45:42.061 [main] INFO  k.p.s.c.buildsystem.ProjectBuilder - main project[sample_test]'s config file overwrite task start
09:45:42.066 [main] INFO  k.p.s.c.buildsystem.ProjectBuilder - main project[sample_test]'s config file overwrite task end
09:45:42.066 [main] INFO  k.p.s.c.buildsystem.ProjectBuilder - main project[sample_test] changeProjectState method end
09:45:42.066 [main] INFO  k.p.s.c.buildsystem.ProjectBuilder - the server ant build.xml file[D:\gitsinnori\sinnori\project\sample_test\server_build\build.xml] is bad :: whetherExist[false] isFile[false]
09:45:42.066 [main] INFO  k.p.s.c.buildsystem.ProjectBuilder - the app client ant build.xml file[D:\gitsinnori\sinnori\project\sample_test\client_build\app_build\build.xml] is bad :: whetherExist[false] isFile[false]
09:45:42.066 [main] INFO  k.p.s.c.buildsystem.ProjectBuilder - main project[sample_test] changeProjectState method start
09:45:42.066 [main] INFO  k.p.s.c.buildsystem.ProjectBuilder - the server ant build.xml file[D:\gitsinnori\sinnori\project\sample_test\server_build\build.xml] is bad :: whetherExist[false] isFile[false]
09:45:42.066 [main] WARN  k.p.s.c.buildsystem.ProjectBuilder - the server buid.xml file[D:\gitsinnori\sinnori\project\sample_test\server_build\build.xml] is bad beacse it doesn't exist or is not a file, so skip deletion of server build system
09:45:42.066 [main] INFO  k.p.s.c.buildsystem.ProjectBuilder - main project[sample_test]'s application build child direcotry creation task start
09:45:42.067 [main] INFO  k.p.s.common.util.CommonStaticUtil - the new child relative direcotry[D:\gitsinnori\sinnori\project\sample_test][client_build/app_build/corelib/ex] was created successfully
09:45:42.067 [main] INFO  k.p.s.common.util.CommonStaticUtil - the new child relative direcotry[D:\gitsinnori\sinnori\project\sample_test][client_build/app_build/corelib/in] was created successfully
09:45:42.068 [main] INFO  k.p.s.common.util.CommonStaticUtil - the new child relative direcotry[D:\gitsinnori\sinnori\project\sample_test][client_build/app_build/lib/main/ex] was created successfully
09:45:42.068 [main] INFO  k.p.s.common.util.CommonStaticUtil - the new child relative direcotry[D:\gitsinnori\sinnori\project\sample_test][client_build/app_build/lib/main/in] was created successfully
09:45:42.068 [main] INFO  k.p.s.common.util.CommonStaticUtil - the new child relative direcotry[D:\gitsinnori\sinnori\project\sample_test][client_build/app_build/lib/test] was created successfully
09:45:42.071 [main] INFO  k.p.s.common.util.CommonStaticUtil - the new child relative direcotry[D:\gitsinnori\sinnori\project\sample_test][client_build/app_build/src/main/java/kr/pe/sinnori/impl/message] was created successfully
09:45:42.071 [main] INFO  k.p.s.common.util.CommonStaticUtil - the new child relative direcotry[D:\gitsinnori\sinnori\project\sample_test][client_build/app_build/src/main/java/main] was created successfully
09:45:42.072 [main] INFO  k.p.s.common.util.CommonStaticUtil - the new child relative direcotry[D:\gitsinnori\sinnori\project\sample_test][client_build/app_build/src/test/java] was created successfully
09:45:42.072 [main] INFO  k.p.s.common.util.CommonStaticUtil - the new child relative direcotry[D:\gitsinnori\sinnori\project\sample_test][client_build/app_build/build] was created successfully
09:45:42.072 [main] INFO  k.p.s.common.util.CommonStaticUtil - the new child relative direcotry[D:\gitsinnori\sinnori\project\sample_test][client_build/app_build/dist] was created successfully
09:45:42.072 [main] INFO  k.p.s.c.buildsystem.ProjectBuilder - main project[sample_test]'s application build child direcotry creation task end
09:45:42.072 [main] INFO  k.p.s.c.buildsystem.ProjectBuilder - mainproject[sample_test]'s application client build system files creation task start
09:45:42.072 [main] INFO  k.p.s.c.buildsystem.ProjectBuilder - main project[sample_test]'s application client ant build.xml file creation task start
09:45:42.073 [main] INFO  k.p.s.c.buildsystem.ProjectBuilder - main project[sample_test]'s application client ant build.xml file creation task end
09:45:42.073 [main] INFO  k.p.s.c.buildsystem.ProjectBuilder - main project[sample_test]'s application client dos shell file creation task start
09:45:42.169 [main] INFO  k.p.s.c.buildsystem.ProjectBuilder - main project[sample_test]'s application client dos shell file creation task end
09:45:42.169 [main] INFO  k.p.s.c.buildsystem.ProjectBuilder - main project[sample_test]'s application client unix shell file creation task start
09:45:42.170 [main] INFO  k.p.s.c.buildsystem.ProjectBuilder - main project[sample_test]'s application client unix shell file creation task end
09:45:42.171 [main] INFO  k.p.s.c.buildsystem.ProjectBuilder - application client sample source files copy task start
09:45:42.181 [main] INFO  k.p.s.c.buildsystem.ProjectBuilder - application client sample source files copy task end
09:45:42.181 [main] INFO  k.p.s.c.buildsystem.ProjectBuilder - main project[sample_test]'s application client message io file set creation task start
09:45:42.181 [main] INFO  k.p.s.common.util.CommonStaticUtil - the new child relative direcotry[D:\gitsinnori\sinnori\project\sample_test\client_build\app_build\src\main\java\kr\pe\sinnori\impl\message][Echo] was created successfully
09:45:42.181 [main] INFO  k.p.s.c.buildsystem.ProjectBuilder - main project[sample_test]'s message file[Echo][D:\gitsinnori\sinnori\project\sample_test\client_build\app_build\src\main\java\kr\pe\sinnori\impl\message] creation task start
09:45:42.184 [main] INFO  k.p.s.c.buildsystem.ProjectBuilder - main project[sample_test]'s message file[Echo][D:\gitsinnori\sinnori\project\sample_test\client_build\app_build\src\main\java\kr\pe\sinnori\impl\message] creation task end
09:45:42.184 [main] INFO  k.p.s.c.buildsystem.ProjectBuilder - main project[sample_test]'s message decoder file[Echo][D:\gitsinnori\sinnori\project\sample_test\client_build\app_build\src\main\java\kr\pe\sinnori\impl\message] creation task start
09:45:42.188 [main] INFO  k.p.s.c.buildsystem.ProjectBuilder - main project[sample_test]'s message decoder file[Echo][D:\gitsinnori\sinnori\project\sample_test\client_build\app_build\src\main\java\kr\pe\sinnori\impl\message] creation task end
09:45:42.188 [main] INFO  k.p.s.c.buildsystem.ProjectBuilder - main project[sample_test]'s message encoder file[Echo][D:\gitsinnori\sinnori\project\sample_test\client_build\app_build\src\main\java\kr\pe\sinnori\impl\message] creation task start
09:45:42.191 [main] INFO  k.p.s.c.buildsystem.ProjectBuilder - main project[sample_test]'s message encoder file[Echo][D:\gitsinnori\sinnori\project\sample_test\client_build\app_build\src\main\java\kr\pe\sinnori\impl\message] creation task end
09:45:42.191 [main] INFO  k.p.s.c.buildsystem.ProjectBuilder - main project[sample_test]'s message server codec file[Echo][D:\gitsinnori\sinnori\project\sample_test\client_build\app_build\src\main\java\kr\pe\sinnori\impl\message] creation task start
09:45:42.192 [main] INFO  k.p.s.c.buildsystem.ProjectBuilder - main project[sample_test]'s message server codec file[Echo][D:\gitsinnori\sinnori\project\sample_test\client_build\app_build\src\main\java\kr\pe\sinnori\impl\message] creation task end
09:45:42.192 [main] INFO  k.p.s.c.buildsystem.ProjectBuilder - main project[sample_test]'s message client codec file[Echo][D:\gitsinnori\sinnori\project\sample_test\client_build\app_build\src\main\java\kr\pe\sinnori\impl\message] creation task start
09:45:42.193 [main] INFO  k.p.s.c.buildsystem.ProjectBuilder - main project[sample_test]'s message client codec file[Echo][D:\gitsinnori\sinnori\project\sample_test\client_build\app_build\src\main\java\kr\pe\sinnori\impl\message] creation task end
09:45:42.194 [main] INFO  k.p.s.common.util.CommonStaticUtil - the new child relative direcotry[D:\gitsinnori\sinnori\project\sample_test\client_build\app_build\src\main\java\kr\pe\sinnori\impl\message][PublicKeyReq] was created successfully
09:45:42.194 [main] INFO  k.p.s.c.buildsystem.ProjectBuilder - main project[sample_test]'s message file[PublicKeyReq][D:\gitsinnori\sinnori\project\sample_test\client_build\app_build\src\main\java\kr\pe\sinnori\impl\message] creation task start
09:45:42.196 [main] INFO  k.p.s.c.buildsystem.ProjectBuilder - main project[sample_test]'s message file[PublicKeyReq][D:\gitsinnori\sinnori\project\sample_test\client_build\app_build\src\main\java\kr\pe\sinnori\impl\message] creation task end
09:45:42.196 [main] INFO  k.p.s.c.buildsystem.ProjectBuilder - main project[sample_test]'s message decoder file[PublicKeyReq][D:\gitsinnori\sinnori\project\sample_test\client_build\app_build\src\main\java\kr\pe\sinnori\impl\message] creation task start
09:45:42.199 [main] INFO  k.p.s.c.buildsystem.ProjectBuilder - main project[sample_test]'s message decoder file[PublicKeyReq][D:\gitsinnori\sinnori\project\sample_test\client_build\app_build\src\main\java\kr\pe\sinnori\impl\message] creation task end
09:45:42.272 [main] INFO  k.p.s.c.buildsystem.ProjectBuilder - main project[sample_test]'s message encoder file[PublicKeyReq][D:\gitsinnori\sinnori\project\sample_test\client_build\app_build\src\main\java\kr\pe\sinnori\impl\message] creation task start
09:45:42.276 [main] INFO  k.p.s.c.buildsystem.ProjectBuilder - main project[sample_test]'s message encoder file[PublicKeyReq][D:\gitsinnori\sinnori\project\sample_test\client_build\app_build\src\main\java\kr\pe\sinnori\impl\message] creation task end
09:45:42.276 [main] INFO  k.p.s.c.buildsystem.ProjectBuilder - main project[sample_test]'s message server codec file[PublicKeyReq][D:\gitsinnori\sinnori\project\sample_test\client_build\app_build\src\main\java\kr\pe\sinnori\impl\message] creation task start
09:45:42.278 [main] INFO  k.p.s.c.buildsystem.ProjectBuilder - main project[sample_test]'s message server codec file[PublicKeyReq][D:\gitsinnori\sinnori\project\sample_test\client_build\app_build\src\main\java\kr\pe\sinnori\impl\message] creation task end
09:45:42.278 [main] INFO  k.p.s.c.buildsystem.ProjectBuilder - main project[sample_test]'s message client codec file[PublicKeyReq][D:\gitsinnori\sinnori\project\sample_test\client_build\app_build\src\main\java\kr\pe\sinnori\impl\message] creation task start
09:45:42.280 [main] INFO  k.p.s.c.buildsystem.ProjectBuilder - main project[sample_test]'s message client codec file[PublicKeyReq][D:\gitsinnori\sinnori\project\sample_test\client_build\app_build\src\main\java\kr\pe\sinnori\impl\message] creation task end
09:45:42.280 [main] INFO  k.p.s.common.util.CommonStaticUtil - the new child relative direcotry[D:\gitsinnori\sinnori\project\sample_test\client_build\app_build\src\main\java\kr\pe\sinnori\impl\message][PublicKeyRes] was created successfully
09:45:42.280 [main] INFO  k.p.s.c.buildsystem.ProjectBuilder - main project[sample_test]'s message file[PublicKeyRes][D:\gitsinnori\sinnori\project\sample_test\client_build\app_build\src\main\java\kr\pe\sinnori\impl\message] creation task start
09:45:42.285 [main] INFO  k.p.s.c.buildsystem.ProjectBuilder - main project[sample_test]'s message file[PublicKeyRes][D:\gitsinnori\sinnori\project\sample_test\client_build\app_build\src\main\java\kr\pe\sinnori\impl\message] creation task end
09:45:42.285 [main] INFO  k.p.s.c.buildsystem.ProjectBuilder - main project[sample_test]'s message decoder file[PublicKeyRes][D:\gitsinnori\sinnori\project\sample_test\client_build\app_build\src\main\java\kr\pe\sinnori\impl\message] creation task start
09:45:42.290 [main] INFO  k.p.s.c.buildsystem.ProjectBuilder - main project[sample_test]'s message decoder file[PublicKeyRes][D:\gitsinnori\sinnori\project\sample_test\client_build\app_build\src\main\java\kr\pe\sinnori\impl\message] creation task end
09:45:42.290 [main] INFO  k.p.s.c.buildsystem.ProjectBuilder - main project[sample_test]'s message encoder file[PublicKeyRes][D:\gitsinnori\sinnori\project\sample_test\client_build\app_build\src\main\java\kr\pe\sinnori\impl\message] creation task start
09:45:42.294 [main] INFO  k.p.s.c.buildsystem.ProjectBuilder - main project[sample_test]'s message encoder file[PublicKeyRes][D:\gitsinnori\sinnori\project\sample_test\client_build\app_build\src\main\java\kr\pe\sinnori\impl\message] creation task end
09:45:42.294 [main] INFO  k.p.s.c.buildsystem.ProjectBuilder - main project[sample_test]'s message server codec file[PublicKeyRes][D:\gitsinnori\sinnori\project\sample_test\client_build\app_build\src\main\java\kr\pe\sinnori\impl\message] creation task start
09:45:42.297 [main] INFO  k.p.s.c.buildsystem.ProjectBuilder - main project[sample_test]'s message server codec file[PublicKeyRes][D:\gitsinnori\sinnori\project\sample_test\client_build\app_build\src\main\java\kr\pe\sinnori\impl\message] creation task end
09:45:42.297 [main] INFO  k.p.s.c.buildsystem.ProjectBuilder - main project[sample_test]'s message client codec file[PublicKeyRes][D:\gitsinnori\sinnori\project\sample_test\client_build\app_build\src\main\java\kr\pe\sinnori\impl\message] creation task start
09:45:42.298 [main] INFO  k.p.s.c.buildsystem.ProjectBuilder - main project[sample_test]'s message client codec file[PublicKeyRes][D:\gitsinnori\sinnori\project\sample_test\client_build\app_build\src\main\java\kr\pe\sinnori\impl\message] creation task end
09:45:42.298 [main] INFO  k.p.s.c.buildsystem.ProjectBuilder - main project[sample_test]'s application client message io file set creation task end
09:45:42.298 [main] INFO  k.p.s.c.buildsystem.ProjectBuilder - mainproject[sample_test]'s application client build system files creation task end
09:45:42.299 [main] INFO  k.p.s.c.buildsystem.ProjectBuilder - main project[sample_test]'s web client build path deletion task start
09:45:42.311 [main] INFO  k.p.s.c.buildsystem.ProjectBuilder - main project[sample_test]'s web client build path deletion task end
09:45:42.312 [main] INFO  k.p.s.c.buildsystem.ProjectBuilder - main project[sample_test]'s web root path deletion task start
09:45:42.313 [main] INFO  k.p.s.c.buildsystem.ProjectBuilder - main project[sample_test]'s web root path deletion task end
09:45:42.313 [main] INFO  k.p.s.c.buildsystem.ProjectBuilder - main project[sample_test]'s config file overwrite task start
09:45:42.318 [main] INFO  k.p.s.c.buildsystem.ProjectBuilder - main project[sample_test]'s config file overwrite task end
09:45:42.319 [main] INFO  k.p.s.c.buildsystem.ProjectBuilder - main project[sample_test] changeProjectState method end
09:45:42.319 [main] INFO  k.p.s.c.buildsystem.ProjectBuilder - the server ant build.xml file[D:\gitsinnori\sinnori\project\sample_test\server_build\build.xml] is bad :: whetherExist[false] isFile[false]
09:45:42.319 [main] INFO  k.p.s.c.buildsystem.ProjectBuilder - the web client ant build.xml file[D:\gitsinnori\sinnori\project\sample_test\client_build\web_build\build.xml] is bad :: whetherExist[false] isFile[false]
09:45:42.319 [main] INFO  k.p.s.c.buildsystem.ProjectBuilder - the web.xml file[D:\gitsinnori\sinnori\project\sample_test\web_app_base\ROOT\WEB-INF\web.xml] located at web root directory is bad :: whetherExist[false] isFile[false]
09:45:42.319 [main] INFO  k.p.s.c.buildsystem.ProjectBuilder - main project[sample_test] changeProjectState method start
09:45:42.319 [main] INFO  k.p.s.c.buildsystem.ProjectBuilder - the server ant build.xml file[D:\gitsinnori\sinnori\project\sample_test\server_build\build.xml] is bad :: whetherExist[false] isFile[false]
09:45:42.319 [main] WARN  k.p.s.c.buildsystem.ProjectBuilder - the server buid.xml file[D:\gitsinnori\sinnori\project\sample_test\server_build\build.xml] is bad beacse it doesn't exist or is not a file, so skip deletion of server build system
09:45:42.319 [main] WARN  k.p.s.c.buildsystem.ProjectBuilder - the app client build path[D:\gitsinnori\sinnori\project\sample_test\client_build\app_build] exist, so skip creation of app client build system
09:45:42.319 [main] INFO  k.p.s.c.buildsystem.ProjectBuilder - main project[sample_test]'s web build child direcotry creation task start
09:45:42.320 [main] INFO  k.p.s.common.util.CommonStaticUtil - the new child relative direcotry[D:\gitsinnori\sinnori\project\sample_test][client_build/web_build/corelib/ex] was created successfully
09:45:42.320 [main] INFO  k.p.s.common.util.CommonStaticUtil - the new child relative direcotry[D:\gitsinnori\sinnori\project\sample_test][client_build/web_build/corelib/in] was created successfully
09:45:42.321 [main] INFO  k.p.s.common.util.CommonStaticUtil - the new child relative direcotry[D:\gitsinnori\sinnori\project\sample_test][client_build/web_build/lib/main/ex] was created successfully
09:45:42.322 [main] INFO  k.p.s.common.util.CommonStaticUtil - the new child relative direcotry[D:\gitsinnori\sinnori\project\sample_test][client_build/web_build/lib/main/in] was created successfully
09:45:42.322 [main] INFO  k.p.s.common.util.CommonStaticUtil - the new child relative direcotry[D:\gitsinnori\sinnori\project\sample_test][client_build/web_build/lib/test] was created successfully
09:45:42.324 [main] INFO  k.p.s.common.util.CommonStaticUtil - the new child relative direcotry[D:\gitsinnori\sinnori\project\sample_test][client_build/web_build/src/main/java/kr/pe/sinnori/impl/message] was created successfully
09:45:42.324 [main] INFO  k.p.s.common.util.CommonStaticUtil - the new child relative direcotry[D:\gitsinnori\sinnori\project\sample_test][client_build/web_build/src/main/java//kr/pe/sinnori/servlet] was created successfully
09:45:42.325 [main] INFO  k.p.s.common.util.CommonStaticUtil - the new child relative direcotry[D:\gitsinnori\sinnori\project\sample_test][client_build/web_build/src/main/java/kr/pe/sinnori/weblib/common] was created successfully
09:45:42.325 [main] INFO  k.p.s.common.util.CommonStaticUtil - the new child relative direcotry[D:\gitsinnori\sinnori\project\sample_test][client_build/web_build/src/main/java/kr/pe/sinnori/weblib/htmlstring] was created successfully
09:45:42.326 [main] INFO  k.p.s.common.util.CommonStaticUtil - the new child relative direcotry[D:\gitsinnori\sinnori\project\sample_test][client_build/web_build/src/main/java/kr/pe/sinnori/weblib/jdf] was created successfully
09:45:42.326 [main] INFO  k.p.s.common.util.CommonStaticUtil - the new child relative direcotry[D:\gitsinnori\sinnori\project\sample_test][client_build/web_build/src/test/java] was created successfully
09:45:42.416 [main] INFO  k.p.s.common.util.CommonStaticUtil - the new child relative direcotry[D:\gitsinnori\sinnori\project\sample_test][client_build/web_build/build] was created successfully
09:45:42.416 [main] INFO  k.p.s.common.util.CommonStaticUtil - the new child relative direcotry[D:\gitsinnori\sinnori\project\sample_test][client_build/web_build/dist] was created successfully
09:45:42.416 [main] INFO  k.p.s.c.buildsystem.ProjectBuilder - main project[sample_test]'s web build child direcotry creation task end
09:45:42.416 [main] INFO  k.p.s.c.buildsystem.ProjectBuilder - main project[sample_test]'s web client build system files creation task start
09:45:42.416 [main] INFO  k.p.s.c.buildsystem.ProjectBuilder - main project[sample_test]'s web client ant build.xml file creation task start
09:45:42.418 [main] INFO  k.p.s.c.buildsystem.ProjectBuilder - main project[sample_test]'s web client ant build.xml file creation task end
09:45:42.418 [main] INFO  k.p.s.c.buildsystem.ProjectBuilder - main project[sample_test]'s web client ant properties file creation task start
09:45:42.419 [main] INFO  k.p.s.c.util.SequencedPropertiesUtil - the sequenced properties file[D:\gitsinnori\sinnori\project\sample_test\client_build\web_build\webAnt.properties] was created
09:45:42.424 [main] INFO  k.p.s.c.buildsystem.ProjectBuilder - main project[sample_test]'s web client ant properties file creation task end
09:45:42.424 [main] INFO  k.p.s.c.buildsystem.ProjectBuilder - main project[sample_test]'s web client message io file set creation task start
09:45:42.424 [main] INFO  k.p.s.common.util.CommonStaticUtil - the new child relative direcotry[D:\gitsinnori\sinnori\project\sample_test\client_build\web_build\src\main\java\kr\pe\sinnori\impl\message][Echo] was created successfully
09:45:42.424 [main] INFO  k.p.s.c.buildsystem.ProjectBuilder - main project[sample_test]'s message file[Echo][D:\gitsinnori\sinnori\project\sample_test\client_build\web_build\src\main\java\kr\pe\sinnori\impl\message] creation task start
09:45:42.427 [main] INFO  k.p.s.c.buildsystem.ProjectBuilder - main project[sample_test]'s message file[Echo][D:\gitsinnori\sinnori\project\sample_test\client_build\web_build\src\main\java\kr\pe\sinnori\impl\message] creation task end
09:45:42.427 [main] INFO  k.p.s.c.buildsystem.ProjectBuilder - main project[sample_test]'s message decoder file[Echo][D:\gitsinnori\sinnori\project\sample_test\client_build\web_build\src\main\java\kr\pe\sinnori\impl\message] creation task start
09:45:42.430 [main] INFO  k.p.s.c.buildsystem.ProjectBuilder - main project[sample_test]'s message decoder file[Echo][D:\gitsinnori\sinnori\project\sample_test\client_build\web_build\src\main\java\kr\pe\sinnori\impl\message] creation task end
09:45:42.430 [main] INFO  k.p.s.c.buildsystem.ProjectBuilder - main project[sample_test]'s message encoder file[Echo][D:\gitsinnori\sinnori\project\sample_test\client_build\web_build\src\main\java\kr\pe\sinnori\impl\message] creation task start
09:45:42.433 [main] INFO  k.p.s.c.buildsystem.ProjectBuilder - main project[sample_test]'s message encoder file[Echo][D:\gitsinnori\sinnori\project\sample_test\client_build\web_build\src\main\java\kr\pe\sinnori\impl\message] creation task end
09:45:42.433 [main] INFO  k.p.s.c.buildsystem.ProjectBuilder - main project[sample_test]'s message server codec file[Echo][D:\gitsinnori\sinnori\project\sample_test\client_build\web_build\src\main\java\kr\pe\sinnori\impl\message] creation task start
09:45:42.434 [main] INFO  k.p.s.c.buildsystem.ProjectBuilder - main project[sample_test]'s message server codec file[Echo][D:\gitsinnori\sinnori\project\sample_test\client_build\web_build\src\main\java\kr\pe\sinnori\impl\message] creation task end
09:45:42.434 [main] INFO  k.p.s.c.buildsystem.ProjectBuilder - main project[sample_test]'s message client codec file[Echo][D:\gitsinnori\sinnori\project\sample_test\client_build\web_build\src\main\java\kr\pe\sinnori\impl\message] creation task start
09:45:42.435 [main] INFO  k.p.s.c.buildsystem.ProjectBuilder - main project[sample_test]'s message client codec file[Echo][D:\gitsinnori\sinnori\project\sample_test\client_build\web_build\src\main\java\kr\pe\sinnori\impl\message] creation task end
09:45:42.435 [main] INFO  k.p.s.common.util.CommonStaticUtil - the new child relative direcotry[D:\gitsinnori\sinnori\project\sample_test\client_build\web_build\src\main\java\kr\pe\sinnori\impl\message][PublicKeyReq] was created successfully
09:45:42.435 [main] INFO  k.p.s.c.buildsystem.ProjectBuilder - main project[sample_test]'s message file[PublicKeyReq][D:\gitsinnori\sinnori\project\sample_test\client_build\web_build\src\main\java\kr\pe\sinnori\impl\message] creation task start
09:45:42.442 [main] INFO  k.p.s.c.buildsystem.ProjectBuilder - main project[sample_test]'s message file[PublicKeyReq][D:\gitsinnori\sinnori\project\sample_test\client_build\web_build\src\main\java\kr\pe\sinnori\impl\message] creation task end
09:45:42.442 [main] INFO  k.p.s.c.buildsystem.ProjectBuilder - main project[sample_test]'s message decoder file[PublicKeyReq][D:\gitsinnori\sinnori\project\sample_test\client_build\web_build\src\main\java\kr\pe\sinnori\impl\message] creation task start
09:45:42.444 [main] INFO  k.p.s.c.buildsystem.ProjectBuilder - main project[sample_test]'s message decoder file[PublicKeyReq][D:\gitsinnori\sinnori\project\sample_test\client_build\web_build\src\main\java\kr\pe\sinnori\impl\message] creation task end
09:45:42.444 [main] INFO  k.p.s.c.buildsystem.ProjectBuilder - main project[sample_test]'s message encoder file[PublicKeyReq][D:\gitsinnori\sinnori\project\sample_test\client_build\web_build\src\main\java\kr\pe\sinnori\impl\message] creation task start
09:45:42.447 [main] INFO  k.p.s.c.buildsystem.ProjectBuilder - main project[sample_test]'s message encoder file[PublicKeyReq][D:\gitsinnori\sinnori\project\sample_test\client_build\web_build\src\main\java\kr\pe\sinnori\impl\message] creation task end
09:45:42.447 [main] INFO  k.p.s.c.buildsystem.ProjectBuilder - main project[sample_test]'s message server codec file[PublicKeyReq][D:\gitsinnori\sinnori\project\sample_test\client_build\web_build\src\main\java\kr\pe\sinnori\impl\message] creation task start
09:45:42.448 [main] INFO  k.p.s.c.buildsystem.ProjectBuilder - main project[sample_test]'s message server codec file[PublicKeyReq][D:\gitsinnori\sinnori\project\sample_test\client_build\web_build\src\main\java\kr\pe\sinnori\impl\message] creation task end
09:45:42.448 [main] INFO  k.p.s.c.buildsystem.ProjectBuilder - main project[sample_test]'s message client codec file[PublicKeyReq][D:\gitsinnori\sinnori\project\sample_test\client_build\web_build\src\main\java\kr\pe\sinnori\impl\message] creation task start
09:45:42.531 [main] INFO  k.p.s.c.buildsystem.ProjectBuilder - main project[sample_test]'s message client codec file[PublicKeyReq][D:\gitsinnori\sinnori\project\sample_test\client_build\web_build\src\main\java\kr\pe\sinnori\impl\message] creation task end
09:45:42.532 [main] INFO  k.p.s.common.util.CommonStaticUtil - the new child relative direcotry[D:\gitsinnori\sinnori\project\sample_test\client_build\web_build\src\main\java\kr\pe\sinnori\impl\message][PublicKeyRes] was created successfully
09:45:42.532 [main] INFO  k.p.s.c.buildsystem.ProjectBuilder - main project[sample_test]'s message file[PublicKeyRes][D:\gitsinnori\sinnori\project\sample_test\client_build\web_build\src\main\java\kr\pe\sinnori\impl\message] creation task start
09:45:42.538 [main] INFO  k.p.s.c.buildsystem.ProjectBuilder - main project[sample_test]'s message file[PublicKeyRes][D:\gitsinnori\sinnori\project\sample_test\client_build\web_build\src\main\java\kr\pe\sinnori\impl\message] creation task end
09:45:42.538 [main] INFO  k.p.s.c.buildsystem.ProjectBuilder - main project[sample_test]'s message decoder file[PublicKeyRes][D:\gitsinnori\sinnori\project\sample_test\client_build\web_build\src\main\java\kr\pe\sinnori\impl\message] creation task start
09:45:42.544 [main] INFO  k.p.s.c.buildsystem.ProjectBuilder - main project[sample_test]'s message decoder file[PublicKeyRes][D:\gitsinnori\sinnori\project\sample_test\client_build\web_build\src\main\java\kr\pe\sinnori\impl\message] creation task end
09:45:42.544 [main] INFO  k.p.s.c.buildsystem.ProjectBuilder - main project[sample_test]'s message encoder file[PublicKeyRes][D:\gitsinnori\sinnori\project\sample_test\client_build\web_build\src\main\java\kr\pe\sinnori\impl\message] creation task start
09:45:42.550 [main] INFO  k.p.s.c.buildsystem.ProjectBuilder - main project[sample_test]'s message encoder file[PublicKeyRes][D:\gitsinnori\sinnori\project\sample_test\client_build\web_build\src\main\java\kr\pe\sinnori\impl\message] creation task end
09:45:42.550 [main] INFO  k.p.s.c.buildsystem.ProjectBuilder - main project[sample_test]'s message server codec file[PublicKeyRes][D:\gitsinnori\sinnori\project\sample_test\client_build\web_build\src\main\java\kr\pe\sinnori\impl\message] creation task start
09:45:42.553 [main] INFO  k.p.s.c.buildsystem.ProjectBuilder - main project[sample_test]'s message server codec file[PublicKeyRes][D:\gitsinnori\sinnori\project\sample_test\client_build\web_build\src\main\java\kr\pe\sinnori\impl\message] creation task end
09:45:42.553 [main] INFO  k.p.s.c.buildsystem.ProjectBuilder - main project[sample_test]'s message client codec file[PublicKeyRes][D:\gitsinnori\sinnori\project\sample_test\client_build\web_build\src\main\java\kr\pe\sinnori\impl\message] creation task start
09:45:42.556 [main] INFO  k.p.s.c.buildsystem.ProjectBuilder - main project[sample_test]'s message client codec file[PublicKeyRes][D:\gitsinnori\sinnori\project\sample_test\client_build\web_build\src\main\java\kr\pe\sinnori\impl\message] creation task end
09:45:42.556 [main] INFO  k.p.s.c.buildsystem.ProjectBuilder - main project[sample_test]'s web client message io file set creation task end
09:45:42.556 [main] INFO  k.p.s.c.buildsystem.ProjectBuilder - mainproject[sample_test]'s web client sample source files copy task start
09:45:42.629 [main] INFO  k.p.s.c.buildsystem.ProjectBuilder - mainproject[sample_test]'s web client sample source files copy task end
09:45:42.629 [main] INFO  k.p.s.c.buildsystem.ProjectBuilder - main project[sample_test]'s web client build system files creation task end
09:45:42.629 [main] INFO  k.p.s.c.buildsystem.ProjectBuilder - main project[sample_test]'s web root child direcotry creation task start
09:45:42.629 [main] INFO  k.p.s.common.util.CommonStaticUtil - the child relative direcotry[D:\gitsinnori\sinnori\project\sample_test][web_app_base/upload] exist, so nothing
09:45:42.630 [main] INFO  k.p.s.common.util.CommonStaticUtil - the new child relative direcotry[D:\gitsinnori\sinnori\project\sample_test][web_app_base/ROOT/WEB-INF/classes] was created successfully
09:45:42.630 [main] INFO  k.p.s.common.util.CommonStaticUtil - the new child relative direcotry[D:\gitsinnori\sinnori\project\sample_test][web_app_base/ROOT/WEB-INF/lib] was created successfully
09:45:42.630 [main] INFO  k.p.s.c.buildsystem.ProjectBuilder - main project[sample_test]'s web root child direcotry creation task end
09:45:42.630 [main] INFO  k.p.s.c.buildsystem.ProjectBuilder - main project[sample_test]'s web root sample files creation task start
09:45:42.630 [main] INFO  k.p.s.c.buildsystem.ProjectBuilder - main project[sample_test]'s web root sample files copy task start
09:45:42.637 [main] INFO  k.p.s.c.buildsystem.ProjectBuilder - main project[sample_test]'s web root sample files copy task end
09:45:42.637 [main] INFO  k.p.s.c.buildsystem.ProjectBuilder - main project[sample_test]'s web root sample files creation task end
09:45:42.637 [main] INFO  k.p.s.c.buildsystem.ProjectBuilder - main project[sample_test]'s config file overwrite task start
09:45:42.642 [main] INFO  k.p.s.c.buildsystem.ProjectBuilder - main project[sample_test]'s config file overwrite task end
09:45:42.642 [main] INFO  k.p.s.c.buildsystem.ProjectBuilder - main project[sample_test] changeProjectState method end
09:45:42.642 [main] INFO  k.p.s.c.buildsystem.ProjectBuilder - the server ant build.xml file[D:\gitsinnori\sinnori\project\sample_test\server_build\build.xml] is bad :: whetherExist[false] isFile[false]
09:45:42.642 [main] INFO  k.p.s.c.buildsystem.ProjectBuilder - main project[sample_test] changeProjectState method start
09:45:42.642 [main] INFO  k.p.s.c.buildsystem.ProjectBuilder - main project[sample_test]'s server child direcotry creation task start
09:45:42.643 [main] INFO  k.p.s.common.util.CommonStaticUtil - the new child relative direcotry[D:\gitsinnori\sinnori\project\sample_test][server_build/APP-INF/classes] was created successfully
09:45:42.644 [main] INFO  k.p.s.common.util.CommonStaticUtil - the new child relative direcotry[D:\gitsinnori\sinnori\project\sample_test][server_build/corelib/ex] was created successfully
09:45:42.644 [main] INFO  k.p.s.common.util.CommonStaticUtil - the new child relative direcotry[D:\gitsinnori\sinnori\project\sample_test][server_build/corelib/in] was created successfully
09:45:42.645 [main] INFO  k.p.s.common.util.CommonStaticUtil - the new child relative direcotry[D:\gitsinnori\sinnori\project\sample_test][server_build/lib/main/ex] was created successfully
09:45:42.645 [main] INFO  k.p.s.common.util.CommonStaticUtil - the new child relative direcotry[D:\gitsinnori\sinnori\project\sample_test][server_build/lib/main/in] was created successfully
09:45:42.645 [main] INFO  k.p.s.common.util.CommonStaticUtil - the new child relative direcotry[D:\gitsinnori\sinnori\project\sample_test][server_build/lib/test] was created successfully
09:45:42.648 [main] INFO  k.p.s.common.util.CommonStaticUtil - the new child relative direcotry[D:\gitsinnori\sinnori\project\sample_test][server_build/src/main/java/kr/pe/sinnori/impl/servertask] was created successfully
09:45:42.648 [main] INFO  k.p.s.common.util.CommonStaticUtil - the new child relative direcotry[D:\gitsinnori\sinnori\project\sample_test][server_build/src/main/java/kr/pe/sinnori/impl/message] was created successfully
09:45:42.649 [main] INFO  k.p.s.common.util.CommonStaticUtil - the new child relative direcotry[D:\gitsinnori\sinnori\project\sample_test][server_build/src/main/java/main] was created successfully
09:45:42.665 [main] INFO  k.p.s.common.util.CommonStaticUtil - the new child relative direcotry[D:\gitsinnori\sinnori\project\sample_test][server_build/src/test/java] was created successfully
09:45:42.666 [main] INFO  k.p.s.common.util.CommonStaticUtil - the new child relative direcotry[D:\gitsinnori\sinnori\project\sample_test][server_build/build] was created successfully
09:45:42.666 [main] INFO  k.p.s.common.util.CommonStaticUtil - the new child relative direcotry[D:\gitsinnori\sinnori\project\sample_test][server_build/dist] was created successfully
09:45:42.666 [main] INFO  k.p.s.c.buildsystem.ProjectBuilder - main project[sample_test]'s server child direcotry creation task end
09:45:42.666 [main] INFO  k.p.s.c.buildsystem.ProjectBuilder - server build system files creation task start
09:45:42.666 [main] INFO  k.p.s.c.buildsystem.ProjectBuilder - main project[sample_test]'s server ant build.xml file creation task start
09:45:42.667 [main] INFO  k.p.s.c.buildsystem.ProjectBuilder - main project[sample_test]'s server ant build.xml file creation task end
09:45:42.667 [main] INFO  k.p.s.c.buildsystem.ProjectBuilder - main project[sample_test]'s server dos shell file creation task start
09:45:42.669 [main] INFO  k.p.s.c.buildsystem.ProjectBuilder - main project[sample_test]'s server dos shell file creation task end
09:45:42.669 [main] INFO  k.p.s.c.buildsystem.ProjectBuilder - main project[sample_test]'s server unix shell file creation task start
09:45:42.670 [main] INFO  k.p.s.c.buildsystem.ProjectBuilder - main project[sample_test]'s server unix shell file creation task end
09:45:42.670 [main] INFO  k.p.s.c.buildsystem.ProjectBuilder - server sample source files copy task start
09:45:42.680 [main] INFO  k.p.s.c.buildsystem.ProjectBuilder - server sample source files copy task end
09:45:42.680 [main] INFO  k.p.s.c.buildsystem.ProjectBuilder - main project[sample_test]'s server message io file set creation task start
09:45:42.680 [main] INFO  k.p.s.common.util.CommonStaticUtil - the new child relative direcotry[D:\gitsinnori\sinnori\project\sample_test\server_build\src\main\java\kr\pe\sinnori\impl\message][Echo] was created successfully
09:45:42.680 [main] INFO  k.p.s.c.buildsystem.ProjectBuilder - main project[sample_test]'s message file[Echo][D:\gitsinnori\sinnori\project\sample_test\server_build\src\main\java\kr\pe\sinnori\impl\message] creation task start
09:45:42.683 [main] INFO  k.p.s.c.buildsystem.ProjectBuilder - main project[sample_test]'s message file[Echo][D:\gitsinnori\sinnori\project\sample_test\server_build\src\main\java\kr\pe\sinnori\impl\message] creation task end
09:45:42.683 [main] INFO  k.p.s.c.buildsystem.ProjectBuilder - main project[sample_test]'s message decoder file[Echo][D:\gitsinnori\sinnori\project\sample_test\server_build\src\main\java\kr\pe\sinnori\impl\message] creation task start
09:45:42.687 [main] INFO  k.p.s.c.buildsystem.ProjectBuilder - main project[sample_test]'s message decoder file[Echo][D:\gitsinnori\sinnori\project\sample_test\server_build\src\main\java\kr\pe\sinnori\impl\message] creation task end
09:45:42.687 [main] INFO  k.p.s.c.buildsystem.ProjectBuilder - main project[sample_test]'s message encoder file[Echo][D:\gitsinnori\sinnori\project\sample_test\server_build\src\main\java\kr\pe\sinnori\impl\message] creation task start
09:45:42.691 [main] INFO  k.p.s.c.buildsystem.ProjectBuilder - main project[sample_test]'s message encoder file[Echo][D:\gitsinnori\sinnori\project\sample_test\server_build\src\main\java\kr\pe\sinnori\impl\message] creation task end
09:45:42.691 [main] INFO  k.p.s.c.buildsystem.ProjectBuilder - main project[sample_test]'s message server codec file[Echo][D:\gitsinnori\sinnori\project\sample_test\server_build\src\main\java\kr\pe\sinnori\impl\message] creation task start
09:45:42.692 [main] INFO  k.p.s.c.buildsystem.ProjectBuilder - main project[sample_test]'s message server codec file[Echo][D:\gitsinnori\sinnori\project\sample_test\server_build\src\main\java\kr\pe\sinnori\impl\message] creation task end
09:45:42.692 [main] INFO  k.p.s.c.buildsystem.ProjectBuilder - main project[sample_test]'s message client codec file[Echo][D:\gitsinnori\sinnori\project\sample_test\server_build\src\main\java\kr\pe\sinnori\impl\message] creation task start
09:45:42.693 [main] INFO  k.p.s.c.buildsystem.ProjectBuilder - main project[sample_test]'s message client codec file[Echo][D:\gitsinnori\sinnori\project\sample_test\server_build\src\main\java\kr\pe\sinnori\impl\message] creation task end
09:45:42.694 [main] INFO  k.p.s.common.util.CommonStaticUtil - the new child relative direcotry[D:\gitsinnori\sinnori\project\sample_test\server_build\src\main\java\kr\pe\sinnori\impl\message][PublicKeyReq] was created successfully
09:45:42.694 [main] INFO  k.p.s.c.buildsystem.ProjectBuilder - main project[sample_test]'s message file[PublicKeyReq][D:\gitsinnori\sinnori\project\sample_test\server_build\src\main\java\kr\pe\sinnori\impl\message] creation task start
09:45:42.696 [main] INFO  k.p.s.c.buildsystem.ProjectBuilder - main project[sample_test]'s message file[PublicKeyReq][D:\gitsinnori\sinnori\project\sample_test\server_build\src\main\java\kr\pe\sinnori\impl\message] creation task end
09:45:42.696 [main] INFO  k.p.s.c.buildsystem.ProjectBuilder - main project[sample_test]'s message decoder file[PublicKeyReq][D:\gitsinnori\sinnori\project\sample_test\server_build\src\main\java\kr\pe\sinnori\impl\message] creation task start
09:45:42.699 [main] INFO  k.p.s.c.buildsystem.ProjectBuilder - main project[sample_test]'s message decoder file[PublicKeyReq][D:\gitsinnori\sinnori\project\sample_test\server_build\src\main\java\kr\pe\sinnori\impl\message] creation task end
09:45:42.699 [main] INFO  k.p.s.c.buildsystem.ProjectBuilder - main project[sample_test]'s message encoder file[PublicKeyReq][D:\gitsinnori\sinnori\project\sample_test\server_build\src\main\java\kr\pe\sinnori\impl\message] creation task start
09:45:42.784 [main] INFO  k.p.s.c.buildsystem.ProjectBuilder - main project[sample_test]'s message encoder file[PublicKeyReq][D:\gitsinnori\sinnori\project\sample_test\server_build\src\main\java\kr\pe\sinnori\impl\message] creation task end
09:45:42.784 [main] INFO  k.p.s.c.buildsystem.ProjectBuilder - main project[sample_test]'s message server codec file[PublicKeyReq][D:\gitsinnori\sinnori\project\sample_test\server_build\src\main\java\kr\pe\sinnori\impl\message] creation task start
09:45:42.788 [main] INFO  k.p.s.c.buildsystem.ProjectBuilder - main project[sample_test]'s message server codec file[PublicKeyReq][D:\gitsinnori\sinnori\project\sample_test\server_build\src\main\java\kr\pe\sinnori\impl\message] creation task end
09:45:42.788 [main] INFO  k.p.s.c.buildsystem.ProjectBuilder - main project[sample_test]'s message client codec file[PublicKeyReq][D:\gitsinnori\sinnori\project\sample_test\server_build\src\main\java\kr\pe\sinnori\impl\message] creation task start
09:45:42.791 [main] INFO  k.p.s.c.buildsystem.ProjectBuilder - main project[sample_test]'s message client codec file[PublicKeyReq][D:\gitsinnori\sinnori\project\sample_test\server_build\src\main\java\kr\pe\sinnori\impl\message] creation task end
09:45:42.792 [main] INFO  k.p.s.common.util.CommonStaticUtil - the new child relative direcotry[D:\gitsinnori\sinnori\project\sample_test\server_build\src\main\java\kr\pe\sinnori\impl\message][PublicKeyRes] was created successfully
09:45:42.792 [main] INFO  k.p.s.c.buildsystem.ProjectBuilder - main project[sample_test]'s message file[PublicKeyRes][D:\gitsinnori\sinnori\project\sample_test\server_build\src\main\java\kr\pe\sinnori\impl\message] creation task start
09:45:42.799 [main] INFO  k.p.s.c.buildsystem.ProjectBuilder - main project[sample_test]'s message file[PublicKeyRes][D:\gitsinnori\sinnori\project\sample_test\server_build\src\main\java\kr\pe\sinnori\impl\message] creation task end
09:45:42.799 [main] INFO  k.p.s.c.buildsystem.ProjectBuilder - main project[sample_test]'s message decoder file[PublicKeyRes][D:\gitsinnori\sinnori\project\sample_test\server_build\src\main\java\kr\pe\sinnori\impl\message] creation task start
09:45:42.807 [main] INFO  k.p.s.c.buildsystem.ProjectBuilder - main project[sample_test]'s message decoder file[PublicKeyRes][D:\gitsinnori\sinnori\project\sample_test\server_build\src\main\java\kr\pe\sinnori\impl\message] creation task end
09:45:42.807 [main] INFO  k.p.s.c.buildsystem.ProjectBuilder - main project[sample_test]'s message encoder file[PublicKeyRes][D:\gitsinnori\sinnori\project\sample_test\server_build\src\main\java\kr\pe\sinnori\impl\message] creation task start
09:45:42.813 [main] INFO  k.p.s.c.buildsystem.ProjectBuilder - main project[sample_test]'s message encoder file[PublicKeyRes][D:\gitsinnori\sinnori\project\sample_test\server_build\src\main\java\kr\pe\sinnori\impl\message] creation task end
09:45:42.813 [main] INFO  k.p.s.c.buildsystem.ProjectBuilder - main project[sample_test]'s message server codec file[PublicKeyRes][D:\gitsinnori\sinnori\project\sample_test\server_build\src\main\java\kr\pe\sinnori\impl\message] creation task start
09:45:42.814 [main] INFO  k.p.s.c.buildsystem.ProjectBuilder - main project[sample_test]'s message server codec file[PublicKeyRes][D:\gitsinnori\sinnori\project\sample_test\server_build\src\main\java\kr\pe\sinnori\impl\message] creation task end
09:45:42.814 [main] INFO  k.p.s.c.buildsystem.ProjectBuilder - main project[sample_test]'s message client codec file[PublicKeyRes][D:\gitsinnori\sinnori\project\sample_test\server_build\src\main\java\kr\pe\sinnori\impl\message] creation task start
09:45:42.816 [main] INFO  k.p.s.c.buildsystem.ProjectBuilder - main project[sample_test]'s message client codec file[PublicKeyRes][D:\gitsinnori\sinnori\project\sample_test\server_build\src\main\java\kr\pe\sinnori\impl\message] creation task end
09:45:42.816 [main] INFO  k.p.s.c.buildsystem.ProjectBuilder - main project[sample_test]'s server message io file set creation task end
09:45:42.816 [main] INFO  k.p.s.c.buildsystem.ProjectBuilder - server build system files creation task end
09:45:42.816 [main] INFO  k.p.s.c.buildsystem.ProjectBuilder - mainproject[sample_test]'s application client build path deletion task start
09:45:42.830 [main] INFO  k.p.s.c.buildsystem.ProjectBuilder - mainproject[sample_test]'s application client build path deletion task end
09:45:42.830 [main] INFO  k.p.s.c.buildsystem.ProjectBuilder - main project[sample_test]'s web client build path deletion task start
09:45:42.846 [main] INFO  k.p.s.c.buildsystem.ProjectBuilder - main project[sample_test]'s web client build path deletion task end
09:45:42.846 [main] INFO  k.p.s.c.buildsystem.ProjectBuilder - main project[sample_test]'s web root path deletion task start
09:45:42.847 [main] INFO  k.p.s.c.buildsystem.ProjectBuilder - main project[sample_test]'s web root path deletion task end
09:45:42.847 [main] INFO  k.p.s.c.buildsystem.ProjectBuilder - main project[sample_test]'s config file overwrite task start
09:45:42.851 [main] INFO  k.p.s.c.buildsystem.ProjectBuilder - main project[sample_test]'s config file overwrite task end
09:45:42.851 [main] INFO  k.p.s.c.buildsystem.ProjectBuilder - main project[sample_test] changeProjectState method end
09:45:42.851 [main] INFO  k.p.s.c.buildsystem.ProjectBuilder - the app client ant build.xml file[D:\gitsinnori\sinnori\project\sample_test\client_build\app_build\build.xml] is bad :: whetherExist[false] isFile[false]
09:45:42.851 [main] INFO  k.p.s.c.buildsystem.ProjectBuilder - the web client ant build.xml file[D:\gitsinnori\sinnori\project\sample_test\client_build\web_build\build.xml] is bad :: whetherExist[false] isFile[false]
09:45:42.851 [main] INFO  k.p.s.c.buildsystem.ProjectBuilder - the web.xml file[D:\gitsinnori\sinnori\project\sample_test\web_app_base\ROOT\WEB-INF\web.xml] located at web root directory is bad :: whetherExist[false] isFile[false]
09:45:42.851 [main] INFO  k.p.s.c.buildsystem.ProjectBuilder - main project[sample_test] changeProjectState method start
09:45:42.851 [main] WARN  k.p.s.c.buildsystem.ProjectBuilder - the server build path[D:\gitsinnori\sinnori\project\sample_test\server_build] exist, so skip creation of server build system
09:45:42.851 [main] INFO  k.p.s.c.buildsystem.ProjectBuilder - the app client ant build.xml file[D:\gitsinnori\sinnori\project\sample_test\client_build\app_build\build.xml] is bad :: whetherExist[false] isFile[false]
09:45:42.851 [main] WARN  k.p.s.c.buildsystem.ProjectBuilder - the app client buid.xml file[D:\gitsinnori\sinnori\project\sample_test\client_build\app_build\build.xml] is bad beacse it doesn't exist or is not a file, so skip deletion of app client build system
09:45:42.851 [main] INFO  k.p.s.c.buildsystem.ProjectBuilder - main project[sample_test]'s web build child direcotry creation task start
09:45:42.852 [main] INFO  k.p.s.common.util.CommonStaticUtil - the new child relative direcotry[D:\gitsinnori\sinnori\project\sample_test][client_build/web_build/corelib/ex] was created successfully
09:45:42.852 [main] INFO  k.p.s.common.util.CommonStaticUtil - the new child relative direcotry[D:\gitsinnori\sinnori\project\sample_test][client_build/web_build/corelib/in] was created successfully
09:45:42.853 [main] INFO  k.p.s.common.util.CommonStaticUtil - the new child relative direcotry[D:\gitsinnori\sinnori\project\sample_test][client_build/web_build/lib/main/ex] was created successfully
09:45:42.853 [main] INFO  k.p.s.common.util.CommonStaticUtil - the new child relative direcotry[D:\gitsinnori\sinnori\project\sample_test][client_build/web_build/lib/main/in] was created successfully
09:45:42.853 [main] INFO  k.p.s.common.util.CommonStaticUtil - the new child relative direcotry[D:\gitsinnori\sinnori\project\sample_test][client_build/web_build/lib/test] was created successfully
09:45:42.920 [main] INFO  k.p.s.common.util.CommonStaticUtil - the new child relative direcotry[D:\gitsinnori\sinnori\project\sample_test][client_build/web_build/src/main/java/kr/pe/sinnori/impl/message] was created successfully
09:45:42.920 [main] INFO  k.p.s.common.util.CommonStaticUtil - the new child relative direcotry[D:\gitsinnori\sinnori\project\sample_test][client_build/web_build/src/main/java//kr/pe/sinnori/servlet] was created successfully
09:45:42.921 [main] INFO  k.p.s.common.util.CommonStaticUtil - the new child relative direcotry[D:\gitsinnori\sinnori\project\sample_test][client_build/web_build/src/main/java/kr/pe/sinnori/weblib/common] was created successfully
09:45:42.921 [main] INFO  k.p.s.common.util.CommonStaticUtil - the new child relative direcotry[D:\gitsinnori\sinnori\project\sample_test][client_build/web_build/src/main/java/kr/pe/sinnori/weblib/htmlstring] was created successfully
09:45:42.922 [main] INFO  k.p.s.common.util.CommonStaticUtil - the new child relative direcotry[D:\gitsinnori\sinnori\project\sample_test][client_build/web_build/src/main/java/kr/pe/sinnori/weblib/jdf] was created successfully
09:45:42.922 [main] INFO  k.p.s.common.util.CommonStaticUtil - the new child relative direcotry[D:\gitsinnori\sinnori\project\sample_test][client_build/web_build/src/test/java] was created successfully
09:45:42.922 [main] INFO  k.p.s.common.util.CommonStaticUtil - the new child relative direcotry[D:\gitsinnori\sinnori\project\sample_test][client_build/web_build/build] was created successfully
09:45:42.922 [main] INFO  k.p.s.common.util.CommonStaticUtil - the new child relative direcotry[D:\gitsinnori\sinnori\project\sample_test][client_build/web_build/dist] was created successfully
09:45:42.923 [main] INFO  k.p.s.c.buildsystem.ProjectBuilder - main project[sample_test]'s web build child direcotry creation task end
09:45:42.923 [main] INFO  k.p.s.c.buildsystem.ProjectBuilder - main project[sample_test]'s web client build system files creation task start
09:45:42.923 [main] INFO  k.p.s.c.buildsystem.ProjectBuilder - main project[sample_test]'s web client ant build.xml file creation task start
09:45:42.924 [main] INFO  k.p.s.c.buildsystem.ProjectBuilder - main project[sample_test]'s web client ant build.xml file creation task end
09:45:42.924 [main] INFO  k.p.s.c.buildsystem.ProjectBuilder - main project[sample_test]'s web client ant properties file creation task start
09:45:42.925 [main] INFO  k.p.s.c.util.SequencedPropertiesUtil - the sequenced properties file[D:\gitsinnori\sinnori\project\sample_test\client_build\web_build\webAnt.properties] was created
09:45:42.926 [main] INFO  k.p.s.c.buildsystem.ProjectBuilder - main project[sample_test]'s web client ant properties file creation task end
09:45:42.926 [main] INFO  k.p.s.c.buildsystem.ProjectBuilder - main project[sample_test]'s web client message io file set creation task start
09:45:42.926 [main] INFO  k.p.s.common.util.CommonStaticUtil - the new child relative direcotry[D:\gitsinnori\sinnori\project\sample_test\client_build\web_build\src\main\java\kr\pe\sinnori\impl\message][Echo] was created successfully
09:45:42.926 [main] INFO  k.p.s.c.buildsystem.ProjectBuilder - main project[sample_test]'s message file[Echo][D:\gitsinnori\sinnori\project\sample_test\client_build\web_build\src\main\java\kr\pe\sinnori\impl\message] creation task start
09:45:42.929 [main] INFO  k.p.s.c.buildsystem.ProjectBuilder - main project[sample_test]'s message file[Echo][D:\gitsinnori\sinnori\project\sample_test\client_build\web_build\src\main\java\kr\pe\sinnori\impl\message] creation task end
09:45:42.929 [main] INFO  k.p.s.c.buildsystem.ProjectBuilder - main project[sample_test]'s message decoder file[Echo][D:\gitsinnori\sinnori\project\sample_test\client_build\web_build\src\main\java\kr\pe\sinnori\impl\message] creation task start
09:45:42.932 [main] INFO  k.p.s.c.buildsystem.ProjectBuilder - main project[sample_test]'s message decoder file[Echo][D:\gitsinnori\sinnori\project\sample_test\client_build\web_build\src\main\java\kr\pe\sinnori\impl\message] creation task end
09:45:42.932 [main] INFO  k.p.s.c.buildsystem.ProjectBuilder - main project[sample_test]'s message encoder file[Echo][D:\gitsinnori\sinnori\project\sample_test\client_build\web_build\src\main\java\kr\pe\sinnori\impl\message] creation task start
09:45:42.934 [main] INFO  k.p.s.c.buildsystem.ProjectBuilder - main project[sample_test]'s message encoder file[Echo][D:\gitsinnori\sinnori\project\sample_test\client_build\web_build\src\main\java\kr\pe\sinnori\impl\message] creation task end
09:45:42.934 [main] INFO  k.p.s.c.buildsystem.ProjectBuilder - main project[sample_test]'s message server codec file[Echo][D:\gitsinnori\sinnori\project\sample_test\client_build\web_build\src\main\java\kr\pe\sinnori\impl\message] creation task start
09:45:42.935 [main] INFO  k.p.s.c.buildsystem.ProjectBuilder - main project[sample_test]'s message server codec file[Echo][D:\gitsinnori\sinnori\project\sample_test\client_build\web_build\src\main\java\kr\pe\sinnori\impl\message] creation task end
09:45:42.936 [main] INFO  k.p.s.c.buildsystem.ProjectBuilder - main project[sample_test]'s message client codec file[Echo][D:\gitsinnori\sinnori\project\sample_test\client_build\web_build\src\main\java\kr\pe\sinnori\impl\message] creation task start
09:45:42.937 [main] INFO  k.p.s.c.buildsystem.ProjectBuilder - main project[sample_test]'s message client codec file[Echo][D:\gitsinnori\sinnori\project\sample_test\client_build\web_build\src\main\java\kr\pe\sinnori\impl\message] creation task end
09:45:42.938 [main] INFO  k.p.s.common.util.CommonStaticUtil - the new child relative direcotry[D:\gitsinnori\sinnori\project\sample_test\client_build\web_build\src\main\java\kr\pe\sinnori\impl\message][PublicKeyReq] was created successfully
09:45:42.938 [main] INFO  k.p.s.c.buildsystem.ProjectBuilder - main project[sample_test]'s message file[PublicKeyReq][D:\gitsinnori\sinnori\project\sample_test\client_build\web_build\src\main\java\kr\pe\sinnori\impl\message] creation task start
09:45:42.940 [main] INFO  k.p.s.c.buildsystem.ProjectBuilder - main project[sample_test]'s message file[PublicKeyReq][D:\gitsinnori\sinnori\project\sample_test\client_build\web_build\src\main\java\kr\pe\sinnori\impl\message] creation task end
09:45:42.940 [main] INFO  k.p.s.c.buildsystem.ProjectBuilder - main project[sample_test]'s message decoder file[PublicKeyReq][D:\gitsinnori\sinnori\project\sample_test\client_build\web_build\src\main\java\kr\pe\sinnori\impl\message] creation task start
09:45:42.943 [main] INFO  k.p.s.c.buildsystem.ProjectBuilder - main project[sample_test]'s message decoder file[PublicKeyReq][D:\gitsinnori\sinnori\project\sample_test\client_build\web_build\src\main\java\kr\pe\sinnori\impl\message] creation task end
09:45:42.943 [main] INFO  k.p.s.c.buildsystem.ProjectBuilder - main project[sample_test]'s message encoder file[PublicKeyReq][D:\gitsinnori\sinnori\project\sample_test\client_build\web_build\src\main\java\kr\pe\sinnori\impl\message] creation task start
09:45:42.945 [main] INFO  k.p.s.c.buildsystem.ProjectBuilder - main project[sample_test]'s message encoder file[PublicKeyReq][D:\gitsinnori\sinnori\project\sample_test\client_build\web_build\src\main\java\kr\pe\sinnori\impl\message] creation task end
09:45:42.945 [main] INFO  k.p.s.c.buildsystem.ProjectBuilder - main project[sample_test]'s message server codec file[PublicKeyReq][D:\gitsinnori\sinnori\project\sample_test\client_build\web_build\src\main\java\kr\pe\sinnori\impl\message] creation task start
09:45:43.032 [main] INFO  k.p.s.c.buildsystem.ProjectBuilder - main project[sample_test]'s message server codec file[PublicKeyReq][D:\gitsinnori\sinnori\project\sample_test\client_build\web_build\src\main\java\kr\pe\sinnori\impl\message] creation task end
09:45:43.032 [main] INFO  k.p.s.c.buildsystem.ProjectBuilder - main project[sample_test]'s message client codec file[PublicKeyReq][D:\gitsinnori\sinnori\project\sample_test\client_build\web_build\src\main\java\kr\pe\sinnori\impl\message] creation task start
09:45:43.035 [main] INFO  k.p.s.c.buildsystem.ProjectBuilder - main project[sample_test]'s message client codec file[PublicKeyReq][D:\gitsinnori\sinnori\project\sample_test\client_build\web_build\src\main\java\kr\pe\sinnori\impl\message] creation task end
09:45:43.036 [main] INFO  k.p.s.common.util.CommonStaticUtil - the new child relative direcotry[D:\gitsinnori\sinnori\project\sample_test\client_build\web_build\src\main\java\kr\pe\sinnori\impl\message][PublicKeyRes] was created successfully
09:45:43.036 [main] INFO  k.p.s.c.buildsystem.ProjectBuilder - main project[sample_test]'s message file[PublicKeyRes][D:\gitsinnori\sinnori\project\sample_test\client_build\web_build\src\main\java\kr\pe\sinnori\impl\message] creation task start
09:45:43.041 [main] INFO  k.p.s.c.buildsystem.ProjectBuilder - main project[sample_test]'s message file[PublicKeyRes][D:\gitsinnori\sinnori\project\sample_test\client_build\web_build\src\main\java\kr\pe\sinnori\impl\message] creation task end
09:45:43.042 [main] INFO  k.p.s.c.buildsystem.ProjectBuilder - main project[sample_test]'s message decoder file[PublicKeyRes][D:\gitsinnori\sinnori\project\sample_test\client_build\web_build\src\main\java\kr\pe\sinnori\impl\message] creation task start
09:45:43.047 [main] INFO  k.p.s.c.buildsystem.ProjectBuilder - main project[sample_test]'s message decoder file[PublicKeyRes][D:\gitsinnori\sinnori\project\sample_test\client_build\web_build\src\main\java\kr\pe\sinnori\impl\message] creation task end
09:45:43.047 [main] INFO  k.p.s.c.buildsystem.ProjectBuilder - main project[sample_test]'s message encoder file[PublicKeyRes][D:\gitsinnori\sinnori\project\sample_test\client_build\web_build\src\main\java\kr\pe\sinnori\impl\message] creation task start
09:45:43.054 [main] INFO  k.p.s.c.buildsystem.ProjectBuilder - main project[sample_test]'s message encoder file[PublicKeyRes][D:\gitsinnori\sinnori\project\sample_test\client_build\web_build\src\main\java\kr\pe\sinnori\impl\message] creation task end
09:45:43.054 [main] INFO  k.p.s.c.buildsystem.ProjectBuilder - main project[sample_test]'s message server codec file[PublicKeyRes][D:\gitsinnori\sinnori\project\sample_test\client_build\web_build\src\main\java\kr\pe\sinnori\impl\message] creation task start
09:45:43.056 [main] INFO  k.p.s.c.buildsystem.ProjectBuilder - main project[sample_test]'s message server codec file[PublicKeyRes][D:\gitsinnori\sinnori\project\sample_test\client_build\web_build\src\main\java\kr\pe\sinnori\impl\message] creation task end
09:45:43.056 [main] INFO  k.p.s.c.buildsystem.ProjectBuilder - main project[sample_test]'s message client codec file[PublicKeyRes][D:\gitsinnori\sinnori\project\sample_test\client_build\web_build\src\main\java\kr\pe\sinnori\impl\message] creation task start
09:45:43.059 [main] INFO  k.p.s.c.buildsystem.ProjectBuilder - main project[sample_test]'s message client codec file[PublicKeyRes][D:\gitsinnori\sinnori\project\sample_test\client_build\web_build\src\main\java\kr\pe\sinnori\impl\message] creation task end
09:45:43.059 [main] INFO  k.p.s.c.buildsystem.ProjectBuilder - main project[sample_test]'s web client message io file set creation task end
09:45:43.059 [main] INFO  k.p.s.c.buildsystem.ProjectBuilder - mainproject[sample_test]'s web client sample source files copy task start
09:45:43.124 [main] INFO  k.p.s.c.buildsystem.ProjectBuilder - mainproject[sample_test]'s web client sample source files copy task end
09:45:43.124 [main] INFO  k.p.s.c.buildsystem.ProjectBuilder - main project[sample_test]'s web client build system files creation task end
09:45:43.124 [main] INFO  k.p.s.c.buildsystem.ProjectBuilder - main project[sample_test]'s web root child direcotry creation task start
09:45:43.124 [main] INFO  k.p.s.common.util.CommonStaticUtil - the child relative direcotry[D:\gitsinnori\sinnori\project\sample_test][web_app_base/upload] exist, so nothing
09:45:43.125 [main] INFO  k.p.s.common.util.CommonStaticUtil - the new child relative direcotry[D:\gitsinnori\sinnori\project\sample_test][web_app_base/ROOT/WEB-INF/classes] was created successfully
09:45:43.125 [main] INFO  k.p.s.common.util.CommonStaticUtil - the new child relative direcotry[D:\gitsinnori\sinnori\project\sample_test][web_app_base/ROOT/WEB-INF/lib] was created successfully
09:45:43.125 [main] INFO  k.p.s.c.buildsystem.ProjectBuilder - main project[sample_test]'s web root child direcotry creation task end
09:45:43.125 [main] INFO  k.p.s.c.buildsystem.ProjectBuilder - main project[sample_test]'s web root sample files creation task start
09:45:43.125 [main] INFO  k.p.s.c.buildsystem.ProjectBuilder - main project[sample_test]'s web root sample files copy task start
09:45:43.131 [main] INFO  k.p.s.c.buildsystem.ProjectBuilder - main project[sample_test]'s web root sample files copy task end
09:45:43.131 [main] INFO  k.p.s.c.buildsystem.ProjectBuilder - main project[sample_test]'s web root sample files creation task end
09:45:43.131 [main] INFO  k.p.s.c.buildsystem.ProjectBuilder - main project[sample_test]'s config file overwrite task start
09:45:43.135 [main] INFO  k.p.s.c.buildsystem.ProjectBuilder - main project[sample_test]'s config file overwrite task end
09:45:43.135 [main] INFO  k.p.s.c.buildsystem.ProjectBuilder - main project[sample_test] changeProjectState method end
09:45:43.135 [main] INFO  k.p.s.c.buildsystem.ProjectBuilder - the app client ant build.xml file[D:\gitsinnori\sinnori\project\sample_test\client_build\app_build\build.xml] is bad :: whetherExist[false] isFile[false]
09:45:43.135 [main] INFO  k.p.s.c.buildsystem.ProjectBuilder - main project[sample_test] changeProjectState method start
09:45:43.135 [main] WARN  k.p.s.c.buildsystem.ProjectBuilder - the server build path[D:\gitsinnori\sinnori\project\sample_test\server_build] exist, so skip creation of server build system
09:45:43.135 [main] INFO  k.p.s.c.buildsystem.ProjectBuilder - main project[sample_test]'s application build child direcotry creation task start
09:45:43.137 [main] INFO  k.p.s.common.util.CommonStaticUtil - the new child relative direcotry[D:\gitsinnori\sinnori\project\sample_test][client_build/app_build/corelib/ex] was created successfully
09:45:43.137 [main] INFO  k.p.s.common.util.CommonStaticUtil - the new child relative direcotry[D:\gitsinnori\sinnori\project\sample_test][client_build/app_build/corelib/in] was created successfully
09:45:43.138 [main] INFO  k.p.s.common.util.CommonStaticUtil - the new child relative direcotry[D:\gitsinnori\sinnori\project\sample_test][client_build/app_build/lib/main/ex] was created successfully
09:45:43.138 [main] INFO  k.p.s.common.util.CommonStaticUtil - the new child relative direcotry[D:\gitsinnori\sinnori\project\sample_test][client_build/app_build/lib/main/in] was created successfully
09:45:43.138 [main] INFO  k.p.s.common.util.CommonStaticUtil - the new child relative direcotry[D:\gitsinnori\sinnori\project\sample_test][client_build/app_build/lib/test] was created successfully
09:45:43.141 [main] INFO  k.p.s.common.util.CommonStaticUtil - the new child relative direcotry[D:\gitsinnori\sinnori\project\sample_test][client_build/app_build/src/main/java/kr/pe/sinnori/impl/message] was created successfully
09:45:43.141 [main] INFO  k.p.s.common.util.CommonStaticUtil - the new child relative direcotry[D:\gitsinnori\sinnori\project\sample_test][client_build/app_build/src/main/java/main] was created successfully
09:45:43.167 [main] INFO  k.p.s.common.util.CommonStaticUtil - the new child relative direcotry[D:\gitsinnori\sinnori\project\sample_test][client_build/app_build/src/test/java] was created successfully
09:45:43.167 [main] INFO  k.p.s.common.util.CommonStaticUtil - the new child relative direcotry[D:\gitsinnori\sinnori\project\sample_test][client_build/app_build/build] was created successfully
09:45:43.167 [main] INFO  k.p.s.common.util.CommonStaticUtil - the new child relative direcotry[D:\gitsinnori\sinnori\project\sample_test][client_build/app_build/dist] was created successfully
09:45:43.167 [main] INFO  k.p.s.c.buildsystem.ProjectBuilder - main project[sample_test]'s application build child direcotry creation task end
09:45:43.167 [main] INFO  k.p.s.c.buildsystem.ProjectBuilder - mainproject[sample_test]'s application client build system files creation task start
09:45:43.167 [main] INFO  k.p.s.c.buildsystem.ProjectBuilder - main project[sample_test]'s application client ant build.xml file creation task start
09:45:43.169 [main] INFO  k.p.s.c.buildsystem.ProjectBuilder - main project[sample_test]'s application client ant build.xml file creation task end
09:45:43.169 [main] INFO  k.p.s.c.buildsystem.ProjectBuilder - main project[sample_test]'s application client dos shell file creation task start
09:45:43.174 [main] INFO  k.p.s.c.buildsystem.ProjectBuilder - main project[sample_test]'s application client dos shell file creation task end
09:45:43.174 [main] INFO  k.p.s.c.buildsystem.ProjectBuilder - main project[sample_test]'s application client unix shell file creation task start
09:45:43.175 [main] INFO  k.p.s.c.buildsystem.ProjectBuilder - main project[sample_test]'s application client unix shell file creation task end
09:45:43.175 [main] INFO  k.p.s.c.buildsystem.ProjectBuilder - application client sample source files copy task start
09:45:43.186 [main] INFO  k.p.s.c.buildsystem.ProjectBuilder - application client sample source files copy task end
09:45:43.186 [main] INFO  k.p.s.c.buildsystem.ProjectBuilder - main project[sample_test]'s application client message io file set creation task start
09:45:43.186 [main] INFO  k.p.s.common.util.CommonStaticUtil - the new child relative direcotry[D:\gitsinnori\sinnori\project\sample_test\client_build\app_build\src\main\java\kr\pe\sinnori\impl\message][Echo] was created successfully
09:45:43.186 [main] INFO  k.p.s.c.buildsystem.ProjectBuilder - main project[sample_test]'s message file[Echo][D:\gitsinnori\sinnori\project\sample_test\client_build\app_build\src\main\java\kr\pe\sinnori\impl\message] creation task start
09:45:43.189 [main] INFO  k.p.s.c.buildsystem.ProjectBuilder - main project[sample_test]'s message file[Echo][D:\gitsinnori\sinnori\project\sample_test\client_build\app_build\src\main\java\kr\pe\sinnori\impl\message] creation task end
09:45:43.189 [main] INFO  k.p.s.c.buildsystem.ProjectBuilder - main project[sample_test]'s message decoder file[Echo][D:\gitsinnori\sinnori\project\sample_test\client_build\app_build\src\main\java\kr\pe\sinnori\impl\message] creation task start
09:45:43.191 [main] INFO  k.p.s.c.buildsystem.ProjectBuilder - main project[sample_test]'s message decoder file[Echo][D:\gitsinnori\sinnori\project\sample_test\client_build\app_build\src\main\java\kr\pe\sinnori\impl\message] creation task end
09:45:43.191 [main] INFO  k.p.s.c.buildsystem.ProjectBuilder - main project[sample_test]'s message encoder file[Echo][D:\gitsinnori\sinnori\project\sample_test\client_build\app_build\src\main\java\kr\pe\sinnori\impl\message] creation task start
09:45:43.194 [main] INFO  k.p.s.c.buildsystem.ProjectBuilder - main project[sample_test]'s message encoder file[Echo][D:\gitsinnori\sinnori\project\sample_test\client_build\app_build\src\main\java\kr\pe\sinnori\impl\message] creation task end
09:45:43.194 [main] INFO  k.p.s.c.buildsystem.ProjectBuilder - main project[sample_test]'s message server codec file[Echo][D:\gitsinnori\sinnori\project\sample_test\client_build\app_build\src\main\java\kr\pe\sinnori\impl\message] creation task start
09:45:43.195 [main] INFO  k.p.s.c.buildsystem.ProjectBuilder - main project[sample_test]'s message server codec file[Echo][D:\gitsinnori\sinnori\project\sample_test\client_build\app_build\src\main\java\kr\pe\sinnori\impl\message] creation task end
09:45:43.195 [main] INFO  k.p.s.c.buildsystem.ProjectBuilder - main project[sample_test]'s message client codec file[Echo][D:\gitsinnori\sinnori\project\sample_test\client_build\app_build\src\main\java\kr\pe\sinnori\impl\message] creation task start
09:45:43.196 [main] INFO  k.p.s.c.buildsystem.ProjectBuilder - main project[sample_test]'s message client codec file[Echo][D:\gitsinnori\sinnori\project\sample_test\client_build\app_build\src\main\java\kr\pe\sinnori\impl\message] creation task end
09:45:43.197 [main] INFO  k.p.s.common.util.CommonStaticUtil - the new child relative direcotry[D:\gitsinnori\sinnori\project\sample_test\client_build\app_build\src\main\java\kr\pe\sinnori\impl\message][PublicKeyReq] was created successfully
09:45:43.197 [main] INFO  k.p.s.c.buildsystem.ProjectBuilder - main project[sample_test]'s message file[PublicKeyReq][D:\gitsinnori\sinnori\project\sample_test\client_build\app_build\src\main\java\kr\pe\sinnori\impl\message] creation task start
09:45:43.199 [main] INFO  k.p.s.c.buildsystem.ProjectBuilder - main project[sample_test]'s message file[PublicKeyReq][D:\gitsinnori\sinnori\project\sample_test\client_build\app_build\src\main\java\kr\pe\sinnori\impl\message] creation task end
09:45:43.199 [main] INFO  k.p.s.c.buildsystem.ProjectBuilder - main project[sample_test]'s message decoder file[PublicKeyReq][D:\gitsinnori\sinnori\project\sample_test\client_build\app_build\src\main\java\kr\pe\sinnori\impl\message] creation task start
09:45:43.281 [main] INFO  k.p.s.c.buildsystem.ProjectBuilder - main project[sample_test]'s message decoder file[PublicKeyReq][D:\gitsinnori\sinnori\project\sample_test\client_build\app_build\src\main\java\kr\pe\sinnori\impl\message] creation task end
09:45:43.281 [main] INFO  k.p.s.c.buildsystem.ProjectBuilder - main project[sample_test]'s message encoder file[PublicKeyReq][D:\gitsinnori\sinnori\project\sample_test\client_build\app_build\src\main\java\kr\pe\sinnori\impl\message] creation task start
09:45:43.287 [main] INFO  k.p.s.c.buildsystem.ProjectBuilder - main project[sample_test]'s message encoder file[PublicKeyReq][D:\gitsinnori\sinnori\project\sample_test\client_build\app_build\src\main\java\kr\pe\sinnori\impl\message] creation task end
09:45:43.287 [main] INFO  k.p.s.c.buildsystem.ProjectBuilder - main project[sample_test]'s message server codec file[PublicKeyReq][D:\gitsinnori\sinnori\project\sample_test\client_build\app_build\src\main\java\kr\pe\sinnori\impl\message] creation task start
09:45:43.291 [main] INFO  k.p.s.c.buildsystem.ProjectBuilder - main project[sample_test]'s message server codec file[PublicKeyReq][D:\gitsinnori\sinnori\project\sample_test\client_build\app_build\src\main\java\kr\pe\sinnori\impl\message] creation task end
09:45:43.291 [main] INFO  k.p.s.c.buildsystem.ProjectBuilder - main project[sample_test]'s message client codec file[PublicKeyReq][D:\gitsinnori\sinnori\project\sample_test\client_build\app_build\src\main\java\kr\pe\sinnori\impl\message] creation task start
09:45:43.294 [main] INFO  k.p.s.c.buildsystem.ProjectBuilder - main project[sample_test]'s message client codec file[PublicKeyReq][D:\gitsinnori\sinnori\project\sample_test\client_build\app_build\src\main\java\kr\pe\sinnori\impl\message] creation task end
09:45:43.295 [main] INFO  k.p.s.common.util.CommonStaticUtil - the new child relative direcotry[D:\gitsinnori\sinnori\project\sample_test\client_build\app_build\src\main\java\kr\pe\sinnori\impl\message][PublicKeyRes] was created successfully
09:45:43.295 [main] INFO  k.p.s.c.buildsystem.ProjectBuilder - main project[sample_test]'s message file[PublicKeyRes][D:\gitsinnori\sinnori\project\sample_test\client_build\app_build\src\main\java\kr\pe\sinnori\impl\message] creation task start
09:45:43.304 [main] INFO  k.p.s.c.buildsystem.ProjectBuilder - main project[sample_test]'s message file[PublicKeyRes][D:\gitsinnori\sinnori\project\sample_test\client_build\app_build\src\main\java\kr\pe\sinnori\impl\message] creation task end
09:45:43.305 [main] INFO  k.p.s.c.buildsystem.ProjectBuilder - main project[sample_test]'s message decoder file[PublicKeyRes][D:\gitsinnori\sinnori\project\sample_test\client_build\app_build\src\main\java\kr\pe\sinnori\impl\message] creation task start
09:45:43.316 [main] INFO  k.p.s.c.buildsystem.ProjectBuilder - main project[sample_test]'s message decoder file[PublicKeyRes][D:\gitsinnori\sinnori\project\sample_test\client_build\app_build\src\main\java\kr\pe\sinnori\impl\message] creation task end
09:45:43.316 [main] INFO  k.p.s.c.buildsystem.ProjectBuilder - main project[sample_test]'s message encoder file[PublicKeyRes][D:\gitsinnori\sinnori\project\sample_test\client_build\app_build\src\main\java\kr\pe\sinnori\impl\message] creation task start
09:45:43.321 [main] INFO  k.p.s.c.buildsystem.ProjectBuilder - main project[sample_test]'s message encoder file[PublicKeyRes][D:\gitsinnori\sinnori\project\sample_test\client_build\app_build\src\main\java\kr\pe\sinnori\impl\message] creation task end
09:45:43.321 [main] INFO  k.p.s.c.buildsystem.ProjectBuilder - main project[sample_test]'s message server codec file[PublicKeyRes][D:\gitsinnori\sinnori\project\sample_test\client_build\app_build\src\main\java\kr\pe\sinnori\impl\message] creation task start
09:45:43.323 [main] INFO  k.p.s.c.buildsystem.ProjectBuilder - main project[sample_test]'s message server codec file[PublicKeyRes][D:\gitsinnori\sinnori\project\sample_test\client_build\app_build\src\main\java\kr\pe\sinnori\impl\message] creation task end
09:45:43.323 [main] INFO  k.p.s.c.buildsystem.ProjectBuilder - main project[sample_test]'s message client codec file[PublicKeyRes][D:\gitsinnori\sinnori\project\sample_test\client_build\app_build\src\main\java\kr\pe\sinnori\impl\message] creation task start
09:45:43.324 [main] INFO  k.p.s.c.buildsystem.ProjectBuilder - main project[sample_test]'s message client codec file[PublicKeyRes][D:\gitsinnori\sinnori\project\sample_test\client_build\app_build\src\main\java\kr\pe\sinnori\impl\message] creation task end
09:45:43.324 [main] INFO  k.p.s.c.buildsystem.ProjectBuilder - main project[sample_test]'s application client message io file set creation task end
09:45:43.324 [main] INFO  k.p.s.c.buildsystem.ProjectBuilder - mainproject[sample_test]'s application client build system files creation task end
09:45:43.324 [main] INFO  k.p.s.c.buildsystem.ProjectBuilder - main project[sample_test]'s web client build path deletion task start
09:45:43.341 [main] INFO  k.p.s.c.buildsystem.ProjectBuilder - main project[sample_test]'s web client build path deletion task end
09:45:43.341 [main] INFO  k.p.s.c.buildsystem.ProjectBuilder - main project[sample_test]'s web root path deletion task start
09:45:43.342 [main] INFO  k.p.s.c.buildsystem.ProjectBuilder - main project[sample_test]'s web root path deletion task end
09:45:43.342 [main] INFO  k.p.s.c.buildsystem.ProjectBuilder - main project[sample_test]'s config file overwrite task start
09:45:43.347 [main] INFO  k.p.s.c.buildsystem.ProjectBuilder - main project[sample_test]'s config file overwrite task end
09:45:43.347 [main] INFO  k.p.s.c.buildsystem.ProjectBuilder - main project[sample_test] changeProjectState method end
09:45:43.347 [main] INFO  k.p.s.c.buildsystem.ProjectBuilder - the web client ant build.xml file[D:\gitsinnori\sinnori\project\sample_test\client_build\web_build\build.xml] is bad :: whetherExist[false] isFile[false]
09:45:43.347 [main] INFO  k.p.s.c.buildsystem.ProjectBuilder - the web.xml file[D:\gitsinnori\sinnori\project\sample_test\web_app_base\ROOT\WEB-INF\web.xml] located at web root directory is bad :: whetherExist[false] isFile[false]
09:45:43.347 [main] INFO  k.p.s.c.buildsystem.ProjectBuilder - main project[sample_test] changeProjectState method start
09:45:43.347 [main] WARN  k.p.s.c.buildsystem.ProjectBuilder - the server build path[D:\gitsinnori\sinnori\project\sample_test\server_build] exist, so skip creation of server build system
09:45:43.347 [main] WARN  k.p.s.c.buildsystem.ProjectBuilder - the app client build path[D:\gitsinnori\sinnori\project\sample_test\client_build\app_build] exist, so skip creation of app client build system
09:45:43.347 [main] INFO  k.p.s.c.buildsystem.ProjectBuilder - main project[sample_test]'s web build child direcotry creation task start
09:45:43.348 [main] INFO  k.p.s.common.util.CommonStaticUtil - the new child relative direcotry[D:\gitsinnori\sinnori\project\sample_test][client_build/web_build/corelib/ex] was created successfully
09:45:43.349 [main] INFO  k.p.s.common.util.CommonStaticUtil - the new child relative direcotry[D:\gitsinnori\sinnori\project\sample_test][client_build/web_build/corelib/in] was created successfully
09:45:43.350 [main] INFO  k.p.s.common.util.CommonStaticUtil - the new child relative direcotry[D:\gitsinnori\sinnori\project\sample_test][client_build/web_build/lib/main/ex] was created successfully
09:45:43.350 [main] INFO  k.p.s.common.util.CommonStaticUtil - the new child relative direcotry[D:\gitsinnori\sinnori\project\sample_test][client_build/web_build/lib/main/in] was created successfully
09:45:43.350 [main] INFO  k.p.s.common.util.CommonStaticUtil - the new child relative direcotry[D:\gitsinnori\sinnori\project\sample_test][client_build/web_build/lib/test] was created successfully
09:45:43.740 [main] INFO  k.p.s.common.util.CommonStaticUtil - the new child relative direcotry[D:\gitsinnori\sinnori\project\sample_test][client_build/web_build/src/main/java/kr/pe/sinnori/impl/message] was created successfully
09:45:43.740 [main] INFO  k.p.s.common.util.CommonStaticUtil - the new child relative direcotry[D:\gitsinnori\sinnori\project\sample_test][client_build/web_build/src/main/java//kr/pe/sinnori/servlet] was created successfully
09:45:43.742 [main] INFO  k.p.s.common.util.CommonStaticUtil - the new child relative direcotry[D:\gitsinnori\sinnori\project\sample_test][client_build/web_build/src/main/java/kr/pe/sinnori/weblib/common] was created successfully
09:45:43.742 [main] INFO  k.p.s.common.util.CommonStaticUtil - the new child relative direcotry[D:\gitsinnori\sinnori\project\sample_test][client_build/web_build/src/main/java/kr/pe/sinnori/weblib/htmlstring] was created successfully
09:45:43.742 [main] INFO  k.p.s.common.util.CommonStaticUtil - the new child relative direcotry[D:\gitsinnori\sinnori\project\sample_test][client_build/web_build/src/main/java/kr/pe/sinnori/weblib/jdf] was created successfully
09:45:43.743 [main] INFO  k.p.s.common.util.CommonStaticUtil - the new child relative direcotry[D:\gitsinnori\sinnori\project\sample_test][client_build/web_build/src/test/java] was created successfully
09:45:43.743 [main] INFO  k.p.s.common.util.CommonStaticUtil - the new child relative direcotry[D:\gitsinnori\sinnori\project\sample_test][client_build/web_build/build] was created successfully
09:45:43.744 [main] INFO  k.p.s.common.util.CommonStaticUtil - the new child relative direcotry[D:\gitsinnori\sinnori\project\sample_test][client_build/web_build/dist] was created successfully
09:45:43.744 [main] INFO  k.p.s.c.buildsystem.ProjectBuilder - main project[sample_test]'s web build child direcotry creation task end
09:45:43.744 [main] INFO  k.p.s.c.buildsystem.ProjectBuilder - main project[sample_test]'s web client build system files creation task start
09:45:43.744 [main] INFO  k.p.s.c.buildsystem.ProjectBuilder - main project[sample_test]'s web client ant build.xml file creation task start
09:45:43.745 [main] INFO  k.p.s.c.buildsystem.ProjectBuilder - main project[sample_test]'s web client ant build.xml file creation task end
09:45:43.745 [main] INFO  k.p.s.c.buildsystem.ProjectBuilder - main project[sample_test]'s web client ant properties file creation task start
09:45:43.746 [main] INFO  k.p.s.c.util.SequencedPropertiesUtil - the sequenced properties file[D:\gitsinnori\sinnori\project\sample_test\client_build\web_build\webAnt.properties] was created
09:45:43.751 [main] INFO  k.p.s.c.buildsystem.ProjectBuilder - main project[sample_test]'s web client ant properties file creation task end
09:45:43.751 [main] INFO  k.p.s.c.buildsystem.ProjectBuilder - main project[sample_test]'s web client message io file set creation task start
09:45:43.751 [main] INFO  k.p.s.common.util.CommonStaticUtil - the new child relative direcotry[D:\gitsinnori\sinnori\project\sample_test\client_build\web_build\src\main\java\kr\pe\sinnori\impl\message][Echo] was created successfully
09:45:43.753 [main] INFO  k.p.s.c.buildsystem.ProjectBuilder - main project[sample_test]'s message file[Echo][D:\gitsinnori\sinnori\project\sample_test\client_build\web_build\src\main\java\kr\pe\sinnori\impl\message] creation task start
09:45:43.756 [main] INFO  k.p.s.c.buildsystem.ProjectBuilder - main project[sample_test]'s message file[Echo][D:\gitsinnori\sinnori\project\sample_test\client_build\web_build\src\main\java\kr\pe\sinnori\impl\message] creation task end
09:45:43.756 [main] INFO  k.p.s.c.buildsystem.ProjectBuilder - main project[sample_test]'s message decoder file[Echo][D:\gitsinnori\sinnori\project\sample_test\client_build\web_build\src\main\java\kr\pe\sinnori\impl\message] creation task start
09:45:43.760 [main] INFO  k.p.s.c.buildsystem.ProjectBuilder - main project[sample_test]'s message decoder file[Echo][D:\gitsinnori\sinnori\project\sample_test\client_build\web_build\src\main\java\kr\pe\sinnori\impl\message] creation task end
09:45:43.760 [main] INFO  k.p.s.c.buildsystem.ProjectBuilder - main project[sample_test]'s message encoder file[Echo][D:\gitsinnori\sinnori\project\sample_test\client_build\web_build\src\main\java\kr\pe\sinnori\impl\message] creation task start
09:45:43.835 [main] INFO  k.p.s.c.buildsystem.ProjectBuilder - main project[sample_test]'s message encoder file[Echo][D:\gitsinnori\sinnori\project\sample_test\client_build\web_build\src\main\java\kr\pe\sinnori\impl\message] creation task end
09:45:43.835 [main] INFO  k.p.s.c.buildsystem.ProjectBuilder - main project[sample_test]'s message server codec file[Echo][D:\gitsinnori\sinnori\project\sample_test\client_build\web_build\src\main\java\kr\pe\sinnori\impl\message] creation task start
09:45:43.840 [main] INFO  k.p.s.c.buildsystem.ProjectBuilder - main project[sample_test]'s message server codec file[Echo][D:\gitsinnori\sinnori\project\sample_test\client_build\web_build\src\main\java\kr\pe\sinnori\impl\message] creation task end
09:45:43.840 [main] INFO  k.p.s.c.buildsystem.ProjectBuilder - main project[sample_test]'s message client codec file[Echo][D:\gitsinnori\sinnori\project\sample_test\client_build\web_build\src\main\java\kr\pe\sinnori\impl\message] creation task start
09:45:43.843 [main] INFO  k.p.s.c.buildsystem.ProjectBuilder - main project[sample_test]'s message client codec file[Echo][D:\gitsinnori\sinnori\project\sample_test\client_build\web_build\src\main\java\kr\pe\sinnori\impl\message] creation task end
09:45:43.844 [main] INFO  k.p.s.common.util.CommonStaticUtil - the new child relative direcotry[D:\gitsinnori\sinnori\project\sample_test\client_build\web_build\src\main\java\kr\pe\sinnori\impl\message][PublicKeyReq] was created successfully
09:45:43.844 [main] INFO  k.p.s.c.buildsystem.ProjectBuilder - main project[sample_test]'s message file[PublicKeyReq][D:\gitsinnori\sinnori\project\sample_test\client_build\web_build\src\main\java\kr\pe\sinnori\impl\message] creation task start
09:45:43.852 [main] INFO  k.p.s.c.buildsystem.ProjectBuilder - main project[sample_test]'s message file[PublicKeyReq][D:\gitsinnori\sinnori\project\sample_test\client_build\web_build\src\main\java\kr\pe\sinnori\impl\message] creation task end
09:45:43.852 [main] INFO  k.p.s.c.buildsystem.ProjectBuilder - main project[sample_test]'s message decoder file[PublicKeyReq][D:\gitsinnori\sinnori\project\sample_test\client_build\web_build\src\main\java\kr\pe\sinnori\impl\message] creation task start
09:45:43.860 [main] INFO  k.p.s.c.buildsystem.ProjectBuilder - main project[sample_test]'s message decoder file[PublicKeyReq][D:\gitsinnori\sinnori\project\sample_test\client_build\web_build\src\main\java\kr\pe\sinnori\impl\message] creation task end
09:45:43.860 [main] INFO  k.p.s.c.buildsystem.ProjectBuilder - main project[sample_test]'s message encoder file[PublicKeyReq][D:\gitsinnori\sinnori\project\sample_test\client_build\web_build\src\main\java\kr\pe\sinnori\impl\message] creation task start
09:45:43.865 [main] INFO  k.p.s.c.buildsystem.ProjectBuilder - main project[sample_test]'s message encoder file[PublicKeyReq][D:\gitsinnori\sinnori\project\sample_test\client_build\web_build\src\main\java\kr\pe\sinnori\impl\message] creation task end
09:45:43.865 [main] INFO  k.p.s.c.buildsystem.ProjectBuilder - main project[sample_test]'s message server codec file[PublicKeyReq][D:\gitsinnori\sinnori\project\sample_test\client_build\web_build\src\main\java\kr\pe\sinnori\impl\message] creation task start
09:45:43.867 [main] INFO  k.p.s.c.buildsystem.ProjectBuilder - main project[sample_test]'s message server codec file[PublicKeyReq][D:\gitsinnori\sinnori\project\sample_test\client_build\web_build\src\main\java\kr\pe\sinnori\impl\message] creation task end
09:45:43.867 [main] INFO  k.p.s.c.buildsystem.ProjectBuilder - main project[sample_test]'s message client codec file[PublicKeyReq][D:\gitsinnori\sinnori\project\sample_test\client_build\web_build\src\main\java\kr\pe\sinnori\impl\message] creation task start
09:45:43.869 [main] INFO  k.p.s.c.buildsystem.ProjectBuilder - main project[sample_test]'s message client codec file[PublicKeyReq][D:\gitsinnori\sinnori\project\sample_test\client_build\web_build\src\main\java\kr\pe\sinnori\impl\message] creation task end
09:45:43.869 [main] INFO  k.p.s.common.util.CommonStaticUtil - the new child relative direcotry[D:\gitsinnori\sinnori\project\sample_test\client_build\web_build\src\main\java\kr\pe\sinnori\impl\message][PublicKeyRes] was created successfully
09:45:43.869 [main] INFO  k.p.s.c.buildsystem.ProjectBuilder - main project[sample_test]'s message file[PublicKeyRes][D:\gitsinnori\sinnori\project\sample_test\client_build\web_build\src\main\java\kr\pe\sinnori\impl\message] creation task start
09:45:43.874 [main] INFO  k.p.s.c.buildsystem.ProjectBuilder - main project[sample_test]'s message file[PublicKeyRes][D:\gitsinnori\sinnori\project\sample_test\client_build\web_build\src\main\java\kr\pe\sinnori\impl\message] creation task end
09:45:43.874 [main] INFO  k.p.s.c.buildsystem.ProjectBuilder - main project[sample_test]'s message decoder file[PublicKeyRes][D:\gitsinnori\sinnori\project\sample_test\client_build\web_build\src\main\java\kr\pe\sinnori\impl\message] creation task start
09:45:43.878 [main] INFO  k.p.s.c.buildsystem.ProjectBuilder - main project[sample_test]'s message decoder file[PublicKeyRes][D:\gitsinnori\sinnori\project\sample_test\client_build\web_build\src\main\java\kr\pe\sinnori\impl\message] creation task end
09:45:43.878 [main] INFO  k.p.s.c.buildsystem.ProjectBuilder - main project[sample_test]'s message encoder file[PublicKeyRes][D:\gitsinnori\sinnori\project\sample_test\client_build\web_build\src\main\java\kr\pe\sinnori\impl\message] creation task start
09:45:43.882 [main] INFO  k.p.s.c.buildsystem.ProjectBuilder - main project[sample_test]'s message encoder file[PublicKeyRes][D:\gitsinnori\sinnori\project\sample_test\client_build\web_build\src\main\java\kr\pe\sinnori\impl\message] creation task end
09:45:43.882 [main] INFO  k.p.s.c.buildsystem.ProjectBuilder - main project[sample_test]'s message server codec file[PublicKeyRes][D:\gitsinnori\sinnori\project\sample_test\client_build\web_build\src\main\java\kr\pe\sinnori\impl\message] creation task start
09:45:43.884 [main] INFO  k.p.s.c.buildsystem.ProjectBuilder - main project[sample_test]'s message server codec file[PublicKeyRes][D:\gitsinnori\sinnori\project\sample_test\client_build\web_build\src\main\java\kr\pe\sinnori\impl\message] creation task end
09:45:43.884 [main] INFO  k.p.s.c.buildsystem.ProjectBuilder - main project[sample_test]'s message client codec file[PublicKeyRes][D:\gitsinnori\sinnori\project\sample_test\client_build\web_build\src\main\java\kr\pe\sinnori\impl\message] creation task start
09:45:43.886 [main] INFO  k.p.s.c.buildsystem.ProjectBuilder - main project[sample_test]'s message client codec file[PublicKeyRes][D:\gitsinnori\sinnori\project\sample_test\client_build\web_build\src\main\java\kr\pe\sinnori\impl\message] creation task end
09:45:43.886 [main] INFO  k.p.s.c.buildsystem.ProjectBuilder - main project[sample_test]'s web client message io file set creation task end
09:45:43.886 [main] INFO  k.p.s.c.buildsystem.ProjectBuilder - mainproject[sample_test]'s web client sample source files copy task start
09:45:43.946 [main] INFO  k.p.s.c.buildsystem.ProjectBuilder - mainproject[sample_test]'s web client sample source files copy task end
09:45:43.946 [main] INFO  k.p.s.c.buildsystem.ProjectBuilder - main project[sample_test]'s web client build system files creation task end
09:45:43.946 [main] INFO  k.p.s.c.buildsystem.ProjectBuilder - main project[sample_test]'s web root child direcotry creation task start
09:45:43.946 [main] INFO  k.p.s.common.util.CommonStaticUtil - the child relative direcotry[D:\gitsinnori\sinnori\project\sample_test][web_app_base/upload] exist, so nothing
09:45:43.947 [main] INFO  k.p.s.common.util.CommonStaticUtil - the new child relative direcotry[D:\gitsinnori\sinnori\project\sample_test][web_app_base/ROOT/WEB-INF/classes] was created successfully
09:45:43.947 [main] INFO  k.p.s.common.util.CommonStaticUtil - the new child relative direcotry[D:\gitsinnori\sinnori\project\sample_test][web_app_base/ROOT/WEB-INF/lib] was created successfully
09:45:43.947 [main] INFO  k.p.s.c.buildsystem.ProjectBuilder - main project[sample_test]'s web root child direcotry creation task end
09:45:43.947 [main] INFO  k.p.s.c.buildsystem.ProjectBuilder - main project[sample_test]'s web root sample files creation task start
09:45:43.947 [main] INFO  k.p.s.c.buildsystem.ProjectBuilder - main project[sample_test]'s web root sample files copy task start
09:45:43.953 [main] INFO  k.p.s.c.buildsystem.ProjectBuilder - main project[sample_test]'s web root sample files copy task end
09:45:43.953 [main] INFO  k.p.s.c.buildsystem.ProjectBuilder - main project[sample_test]'s web root sample files creation task end
09:45:43.971 [main] INFO  k.p.s.c.buildsystem.ProjectBuilder - main project[sample_test]'s config file overwrite task start
09:45:43.977 [main] INFO  k.p.s.c.buildsystem.ProjectBuilder - main project[sample_test]'s config file overwrite task end
09:45:43.977 [main] INFO  k.p.s.c.buildsystem.ProjectBuilder - main project[sample_test] changeProjectState method end
09:45:44.017 [main] INFO  k.p.s.c.buildsystem.ProjectBuilder - main project[sample_test]'s child direcotry creation task start
09:45:44.017 [main] INFO  k.p.s.c.buildsystem.ProjectBuilder - main project[sample_test]'s common child direcotry creation task start
09:45:44.018 [main] INFO  k.p.s.common.util.CommonStaticUtil - the new child relative direcotry[D:\gitsinnori\sinnori\project\sample_test][config] was created successfully
09:45:44.018 [main] INFO  k.p.s.common.util.CommonStaticUtil - the new child relative direcotry[D:\gitsinnori\sinnori\project\sample_test][resources/dbcp] was created successfully
09:45:44.018 [main] INFO  k.p.s.common.util.CommonStaticUtil - the new child relative direcotry[D:\gitsinnori\sinnori\project\sample_test][resources/message_info] was created successfully
09:45:44.018 [main] INFO  k.p.s.common.util.CommonStaticUtil - the new child relative direcotry[D:\gitsinnori\sinnori\project\sample_test][resources/rsa_keypair] was created successfully
09:45:44.019 [main] INFO  k.p.s.common.util.CommonStaticUtil - the new child relative direcotry[D:\gitsinnori\sinnori\project\sample_test][log/apache] was created successfully
09:45:44.019 [main] INFO  k.p.s.common.util.CommonStaticUtil - the new child relative direcotry[D:\gitsinnori\sinnori\project\sample_test][log/client] was created successfully
09:45:44.019 [main] INFO  k.p.s.common.util.CommonStaticUtil - the new child relative direcotry[D:\gitsinnori\sinnori\project\sample_test][log/server] was created successfully
09:45:44.019 [main] INFO  k.p.s.common.util.CommonStaticUtil - the new child relative direcotry[D:\gitsinnori\sinnori\project\sample_test][log/servlet] was created successfully
09:45:44.019 [main] INFO  k.p.s.c.buildsystem.ProjectBuilder - main project[sample_test]'s common child direcotry creation task end
09:45:44.019 [main] INFO  k.p.s.c.buildsystem.ProjectBuilder - main project[sample_test]'s web build child direcotry creation task start
09:45:44.020 [main] INFO  k.p.s.common.util.CommonStaticUtil - the new child relative direcotry[D:\gitsinnori\sinnori\project\sample_test][client_build/web_build/corelib/ex] was created successfully
09:45:44.020 [main] INFO  k.p.s.common.util.CommonStaticUtil - the new child relative direcotry[D:\gitsinnori\sinnori\project\sample_test][client_build/web_build/corelib/in] was created successfully
09:45:44.021 [main] INFO  k.p.s.common.util.CommonStaticUtil - the new child relative direcotry[D:\gitsinnori\sinnori\project\sample_test][client_build/web_build/lib/main/ex] was created successfully
09:45:44.021 [main] INFO  k.p.s.common.util.CommonStaticUtil - the new child relative direcotry[D:\gitsinnori\sinnori\project\sample_test][client_build/web_build/lib/main/in] was created successfully
09:45:44.021 [main] INFO  k.p.s.common.util.CommonStaticUtil - the new child relative direcotry[D:\gitsinnori\sinnori\project\sample_test][client_build/web_build/lib/test] was created successfully
09:45:44.023 [main] INFO  k.p.s.common.util.CommonStaticUtil - the new child relative direcotry[D:\gitsinnori\sinnori\project\sample_test][client_build/web_build/src/main/java/kr/pe/sinnori/impl/message] was created successfully
09:45:44.024 [main] INFO  k.p.s.common.util.CommonStaticUtil - the new child relative direcotry[D:\gitsinnori\sinnori\project\sample_test][client_build/web_build/src/main/java//kr/pe/sinnori/servlet] was created successfully
09:45:44.024 [main] INFO  k.p.s.common.util.CommonStaticUtil - the new child relative direcotry[D:\gitsinnori\sinnori\project\sample_test][client_build/web_build/src/main/java/kr/pe/sinnori/weblib/common] was created successfully
09:45:44.024 [main] INFO  k.p.s.common.util.CommonStaticUtil - the new child relative direcotry[D:\gitsinnori\sinnori\project\sample_test][client_build/web_build/src/main/java/kr/pe/sinnori/weblib/htmlstring] was created successfully
09:45:44.025 [main] INFO  k.p.s.common.util.CommonStaticUtil - the new child relative direcotry[D:\gitsinnori\sinnori\project\sample_test][client_build/web_build/src/main/java/kr/pe/sinnori/weblib/jdf] was created successfully
09:45:44.080 [main] INFO  k.p.s.common.util.CommonStaticUtil - the new child relative direcotry[D:\gitsinnori\sinnori\project\sample_test][client_build/web_build/src/test/java] was created successfully
09:45:44.080 [main] INFO  k.p.s.common.util.CommonStaticUtil - the new child relative direcotry[D:\gitsinnori\sinnori\project\sample_test][client_build/web_build/build] was created successfully
09:45:44.080 [main] INFO  k.p.s.common.util.CommonStaticUtil - the new child relative direcotry[D:\gitsinnori\sinnori\project\sample_test][client_build/web_build/dist] was created successfully
09:45:44.080 [main] INFO  k.p.s.c.buildsystem.ProjectBuilder - main project[sample_test]'s web build child direcotry creation task end
09:45:44.080 [main] INFO  k.p.s.c.buildsystem.ProjectBuilder - main project[sample_test]'s web root child direcotry creation task start
09:45:44.081 [main] INFO  k.p.s.common.util.CommonStaticUtil - the new child relative direcotry[D:\gitsinnori\sinnori\project\sample_test][web_app_base/upload] was created successfully
09:45:44.082 [main] INFO  k.p.s.common.util.CommonStaticUtil - the new child relative direcotry[D:\gitsinnori\sinnori\project\sample_test][web_app_base/ROOT/WEB-INF/classes] was created successfully
09:45:44.083 [main] INFO  k.p.s.common.util.CommonStaticUtil - the new child relative direcotry[D:\gitsinnori\sinnori\project\sample_test][web_app_base/ROOT/WEB-INF/lib] was created successfully
09:45:44.083 [main] INFO  k.p.s.c.buildsystem.ProjectBuilder - main project[sample_test]'s web root child direcotry creation task end
09:45:44.083 [main] INFO  k.p.s.c.buildsystem.ProjectBuilder - main project[sample_test]'s child direcotry creation task end
09:45:44.083 [main] INFO  k.p.s.c.buildsystem.ProjectBuilder - main project[sample_test]'s file creation task start
09:45:44.083 [main] INFO  k.p.s.c.buildsystem.ProjectBuilder - main project[sample_test]'s config file creation task start
09:45:44.083 [main] INFO  k.p.s.c.util.SequencedPropertiesUtil - the sequenced properties file[D:\gitsinnori\sinnori\project\sample_test\config\sinnori.properties] was created
09:45:44.090 [main] INFO  k.p.s.c.buildsystem.ProjectBuilder - main project[sample_test]'s config file creation task end
09:45:44.090 [main] INFO  k.p.s.c.buildsystem.ProjectBuilder - the mainproject[sample_test]'s resources directory copy task start
09:45:44.106 [main] INFO  k.p.s.c.buildsystem.ProjectBuilder - the mainproject[sample_test]'s resources directory copy task end
09:45:44.106 [main] INFO  k.p.s.c.buildsystem.ProjectBuilder - main project[sample_test]'s web client build system files creation task start
09:45:44.106 [main] INFO  k.p.s.c.buildsystem.ProjectBuilder - main project[sample_test]'s web client ant build.xml file creation task start
09:45:44.107 [main] INFO  k.p.s.c.buildsystem.ProjectBuilder - main project[sample_test]'s web client ant build.xml file creation task end
09:45:44.107 [main] INFO  k.p.s.c.buildsystem.ProjectBuilder - main project[sample_test]'s web client ant properties file creation task start
09:45:44.107 [main] INFO  k.p.s.c.util.SequencedPropertiesUtil - the sequenced properties file[D:\gitsinnori\sinnori\project\sample_test\client_build\web_build\webAnt.properties] was created
09:45:44.111 [main] INFO  k.p.s.c.buildsystem.ProjectBuilder - main project[sample_test]'s web client ant properties file creation task end
09:45:44.111 [main] INFO  k.p.s.c.buildsystem.ProjectBuilder - main project[sample_test]'s web client message io file set creation task start
09:45:44.111 [main] INFO  k.p.s.common.util.CommonStaticUtil - the new child relative direcotry[D:\gitsinnori\sinnori\project\sample_test\client_build\web_build\src\main\java\kr\pe\sinnori\impl\message][Echo] was created successfully
09:45:44.111 [main] INFO  k.p.s.c.buildsystem.ProjectBuilder - main project[sample_test]'s message file[Echo][D:\gitsinnori\sinnori\project\sample_test\client_build\web_build\src\main\java\kr\pe\sinnori\impl\message] creation task start
09:45:44.113 [main] INFO  k.p.s.c.buildsystem.ProjectBuilder - main project[sample_test]'s message file[Echo][D:\gitsinnori\sinnori\project\sample_test\client_build\web_build\src\main\java\kr\pe\sinnori\impl\message] creation task end
09:45:44.113 [main] INFO  k.p.s.c.buildsystem.ProjectBuilder - main project[sample_test]'s message decoder file[Echo][D:\gitsinnori\sinnori\project\sample_test\client_build\web_build\src\main\java\kr\pe\sinnori\impl\message] creation task start
09:45:44.116 [main] INFO  k.p.s.c.buildsystem.ProjectBuilder - main project[sample_test]'s message decoder file[Echo][D:\gitsinnori\sinnori\project\sample_test\client_build\web_build\src\main\java\kr\pe\sinnori\impl\message] creation task end
09:45:44.117 [main] INFO  k.p.s.c.buildsystem.ProjectBuilder - main project[sample_test]'s message encoder file[Echo][D:\gitsinnori\sinnori\project\sample_test\client_build\web_build\src\main\java\kr\pe\sinnori\impl\message] creation task start
09:45:44.120 [main] INFO  k.p.s.c.buildsystem.ProjectBuilder - main project[sample_test]'s message encoder file[Echo][D:\gitsinnori\sinnori\project\sample_test\client_build\web_build\src\main\java\kr\pe\sinnori\impl\message] creation task end
09:45:44.120 [main] INFO  k.p.s.c.buildsystem.ProjectBuilder - main project[sample_test]'s message server codec file[Echo][D:\gitsinnori\sinnori\project\sample_test\client_build\web_build\src\main\java\kr\pe\sinnori\impl\message] creation task start
09:45:44.121 [main] INFO  k.p.s.c.buildsystem.ProjectBuilder - main project[sample_test]'s message server codec file[Echo][D:\gitsinnori\sinnori\project\sample_test\client_build\web_build\src\main\java\kr\pe\sinnori\impl\message] creation task end
09:45:44.122 [main] INFO  k.p.s.c.buildsystem.ProjectBuilder - main project[sample_test]'s message client codec file[Echo][D:\gitsinnori\sinnori\project\sample_test\client_build\web_build\src\main\java\kr\pe\sinnori\impl\message] creation task start
09:45:44.123 [main] INFO  k.p.s.c.buildsystem.ProjectBuilder - main project[sample_test]'s message client codec file[Echo][D:\gitsinnori\sinnori\project\sample_test\client_build\web_build\src\main\java\kr\pe\sinnori\impl\message] creation task end
09:45:44.123 [main] INFO  k.p.s.common.util.CommonStaticUtil - the new child relative direcotry[D:\gitsinnori\sinnori\project\sample_test\client_build\web_build\src\main\java\kr\pe\sinnori\impl\message][PublicKeyReq] was created successfully
09:45:44.123 [main] INFO  k.p.s.c.buildsystem.ProjectBuilder - main project[sample_test]'s message file[PublicKeyReq][D:\gitsinnori\sinnori\project\sample_test\client_build\web_build\src\main\java\kr\pe\sinnori\impl\message] creation task start
09:45:44.197 [main] INFO  k.p.s.c.buildsystem.ProjectBuilder - main project[sample_test]'s message file[PublicKeyReq][D:\gitsinnori\sinnori\project\sample_test\client_build\web_build\src\main\java\kr\pe\sinnori\impl\message] creation task end
09:45:44.197 [main] INFO  k.p.s.c.buildsystem.ProjectBuilder - main project[sample_test]'s message decoder file[PublicKeyReq][D:\gitsinnori\sinnori\project\sample_test\client_build\web_build\src\main\java\kr\pe\sinnori\impl\message] creation task start
09:45:44.200 [main] INFO  k.p.s.c.buildsystem.ProjectBuilder - main project[sample_test]'s message decoder file[PublicKeyReq][D:\gitsinnori\sinnori\project\sample_test\client_build\web_build\src\main\java\kr\pe\sinnori\impl\message] creation task end
09:45:44.200 [main] INFO  k.p.s.c.buildsystem.ProjectBuilder - main project[sample_test]'s message encoder file[PublicKeyReq][D:\gitsinnori\sinnori\project\sample_test\client_build\web_build\src\main\java\kr\pe\sinnori\impl\message] creation task start
09:45:44.203 [main] INFO  k.p.s.c.buildsystem.ProjectBuilder - main project[sample_test]'s message encoder file[PublicKeyReq][D:\gitsinnori\sinnori\project\sample_test\client_build\web_build\src\main\java\kr\pe\sinnori\impl\message] creation task end
09:45:44.203 [main] INFO  k.p.s.c.buildsystem.ProjectBuilder - main project[sample_test]'s message server codec file[PublicKeyReq][D:\gitsinnori\sinnori\project\sample_test\client_build\web_build\src\main\java\kr\pe\sinnori\impl\message] creation task start
09:45:44.205 [main] INFO  k.p.s.c.buildsystem.ProjectBuilder - main project[sample_test]'s message server codec file[PublicKeyReq][D:\gitsinnori\sinnori\project\sample_test\client_build\web_build\src\main\java\kr\pe\sinnori\impl\message] creation task end
09:45:44.205 [main] INFO  k.p.s.c.buildsystem.ProjectBuilder - main project[sample_test]'s message client codec file[PublicKeyReq][D:\gitsinnori\sinnori\project\sample_test\client_build\web_build\src\main\java\kr\pe\sinnori\impl\message] creation task start
09:45:44.207 [main] INFO  k.p.s.c.buildsystem.ProjectBuilder - main project[sample_test]'s message client codec file[PublicKeyReq][D:\gitsinnori\sinnori\project\sample_test\client_build\web_build\src\main\java\kr\pe\sinnori\impl\message] creation task end
09:45:44.207 [main] INFO  k.p.s.common.util.CommonStaticUtil - the new child relative direcotry[D:\gitsinnori\sinnori\project\sample_test\client_build\web_build\src\main\java\kr\pe\sinnori\impl\message][PublicKeyRes] was created successfully
09:45:44.207 [main] INFO  k.p.s.c.buildsystem.ProjectBuilder - main project[sample_test]'s message file[PublicKeyRes][D:\gitsinnori\sinnori\project\sample_test\client_build\web_build\src\main\java\kr\pe\sinnori\impl\message] creation task start
09:45:44.210 [main] INFO  k.p.s.c.buildsystem.ProjectBuilder - main project[sample_test]'s message file[PublicKeyRes][D:\gitsinnori\sinnori\project\sample_test\client_build\web_build\src\main\java\kr\pe\sinnori\impl\message] creation task end
09:45:44.210 [main] INFO  k.p.s.c.buildsystem.ProjectBuilder - main project[sample_test]'s message decoder file[PublicKeyRes][D:\gitsinnori\sinnori\project\sample_test\client_build\web_build\src\main\java\kr\pe\sinnori\impl\message] creation task start
09:45:44.212 [main] INFO  k.p.s.c.buildsystem.ProjectBuilder - main project[sample_test]'s message decoder file[PublicKeyRes][D:\gitsinnori\sinnori\project\sample_test\client_build\web_build\src\main\java\kr\pe\sinnori\impl\message] creation task end
09:45:44.212 [main] INFO  k.p.s.c.buildsystem.ProjectBuilder - main project[sample_test]'s message encoder file[PublicKeyRes][D:\gitsinnori\sinnori\project\sample_test\client_build\web_build\src\main\java\kr\pe\sinnori\impl\message] creation task start
09:45:44.215 [main] INFO  k.p.s.c.buildsystem.ProjectBuilder - main project[sample_test]'s message encoder file[PublicKeyRes][D:\gitsinnori\sinnori\project\sample_test\client_build\web_build\src\main\java\kr\pe\sinnori\impl\message] creation task end
09:45:44.215 [main] INFO  k.p.s.c.buildsystem.ProjectBuilder - main project[sample_test]'s message server codec file[PublicKeyRes][D:\gitsinnori\sinnori\project\sample_test\client_build\web_build\src\main\java\kr\pe\sinnori\impl\message] creation task start
09:45:44.216 [main] INFO  k.p.s.c.buildsystem.ProjectBuilder - main project[sample_test]'s message server codec file[PublicKeyRes][D:\gitsinnori\sinnori\project\sample_test\client_build\web_build\src\main\java\kr\pe\sinnori\impl\message] creation task end
09:45:44.216 [main] INFO  k.p.s.c.buildsystem.ProjectBuilder - main project[sample_test]'s message client codec file[PublicKeyRes][D:\gitsinnori\sinnori\project\sample_test\client_build\web_build\src\main\java\kr\pe\sinnori\impl\message] creation task start
09:45:44.218 [main] INFO  k.p.s.c.buildsystem.ProjectBuilder - main project[sample_test]'s message client codec file[PublicKeyRes][D:\gitsinnori\sinnori\project\sample_test\client_build\web_build\src\main\java\kr\pe\sinnori\impl\message] creation task end
09:45:44.218 [main] INFO  k.p.s.c.buildsystem.ProjectBuilder - main project[sample_test]'s web client message io file set creation task end
09:45:44.301 [main] INFO  k.p.s.c.buildsystem.ProjectBuilder - mainproject[sample_test]'s web client sample source files copy task start
09:45:44.358 [main] INFO  k.p.s.c.buildsystem.ProjectBuilder - mainproject[sample_test]'s web client sample source files copy task end
09:45:44.358 [main] INFO  k.p.s.c.buildsystem.ProjectBuilder - main project[sample_test]'s web client build system files creation task end
09:45:44.358 [main] INFO  k.p.s.c.buildsystem.ProjectBuilder - main project[sample_test]'s web root sample files creation task start
09:45:44.358 [main] INFO  k.p.s.c.buildsystem.ProjectBuilder - main project[sample_test]'s web root sample files copy task start
09:45:44.364 [main] INFO  k.p.s.c.buildsystem.ProjectBuilder - main project[sample_test]'s web root sample files copy task end
09:45:44.364 [main] INFO  k.p.s.c.buildsystem.ProjectBuilder - main project[sample_test]'s web root sample files creation task end
09:45:44.364 [main] INFO  k.p.s.c.buildsystem.ProjectBuilder - main project[sample_test]'s file creation task end
09:45:44.365 [main] INFO  k.p.s.c.config.SinnoriConfiguration - item key[sessionkey.rsa.publickey.file.value]'s value is null because its status is inactive
09:45:44.365 [main] INFO  k.p.s.c.config.SinnoriConfiguration - item key[sessionkey.rsa.privatekey.file.value]'s value is null because its status is inactive
09:45:44.365 [main] INFO  k.p.s.c.buildsystem.ProjectBuilder - main project[sample_test] changeProjectState method start
09:45:44.365 [main] INFO  k.p.s.c.buildsystem.ProjectBuilder - the server ant build.xml file[D:\gitsinnori\sinnori\project\sample_test\server_build\build.xml] is bad :: whetherExist[false] isFile[false]
09:45:44.365 [main] WARN  k.p.s.c.buildsystem.ProjectBuilder - the server buid.xml file[D:\gitsinnori\sinnori\project\sample_test\server_build\build.xml] is bad beacse it doesn't exist or is not a file, so skip deletion of server build system
09:45:44.365 [main] INFO  k.p.s.c.buildsystem.ProjectBuilder - the app client ant build.xml file[D:\gitsinnori\sinnori\project\sample_test\client_build\app_build\build.xml] is bad :: whetherExist[false] isFile[false]
09:45:44.365 [main] WARN  k.p.s.c.buildsystem.ProjectBuilder - the app client buid.xml file[D:\gitsinnori\sinnori\project\sample_test\client_build\app_build\build.xml] is bad beacse it doesn't exist or is not a file, so skip deletion of app client build system
09:45:44.365 [main] INFO  k.p.s.c.buildsystem.ProjectBuilder - main project[sample_test]'s web client ant properties file modification task start
09:45:44.368 [main] INFO  k.p.s.c.buildsystem.ProjectBuilder - main project[sample_test]'s web client ant properties file modification task end
09:45:44.369 [main] WARN  k.p.s.c.buildsystem.ProjectBuilder - the web client build path[D:\gitsinnori\sinnori\project\sample_test\client_build\web_build] exists, so only the web client's ant properties including servlet system library path  was updated for new servletSystemLibraryPathString[D:\apache-tomcat-8.5.15\lib]
09:45:44.369 [main] WARN  k.p.s.c.buildsystem.ProjectBuilder - the web root path[D:\gitsinnori\sinnori\project\sample_test\web_app_base\ROOT] exists, so skip creation of web root
09:45:44.369 [main] INFO  k.p.s.c.buildsystem.ProjectBuilder - main project[sample_test]'s config file overwrite task start
09:45:44.373 [main] INFO  k.p.s.c.buildsystem.ProjectBuilder - main project[sample_test]'s config file overwrite task end
09:45:44.373 [main] INFO  k.p.s.c.buildsystem.ProjectBuilder - main project[sample_test] changeProjectState method end
09:45:44.373 [main] INFO  k.p.s.c.buildsystem.ProjectBuilder - the server ant build.xml file[D:\gitsinnori\sinnori\project\sample_test\server_build\build.xml] is bad :: whetherExist[false] isFile[false]
09:45:44.373 [main] INFO  k.p.s.c.buildsystem.ProjectBuilder - the app client ant build.xml file[D:\gitsinnori\sinnori\project\sample_test\client_build\app_build\build.xml] is bad :: whetherExist[false] isFile[false]
09:45:44.373 [main] INFO  k.p.s.c.buildsystem.ProjectBuilder - main project[sample_test] changeProjectState method start
09:45:44.374 [main] INFO  k.p.s.c.buildsystem.ProjectBuilder - the server ant build.xml file[D:\gitsinnori\sinnori\project\sample_test\server_build\build.xml] is bad :: whetherExist[false] isFile[false]
09:45:44.409 [main] WARN  k.p.s.c.buildsystem.ProjectBuilder - the server buid.xml file[D:\gitsinnori\sinnori\project\sample_test\server_build\build.xml] is bad beacse it doesn't exist or is not a file, so skip deletion of server build system
09:45:44.409 [main] INFO  k.p.s.c.buildsystem.ProjectBuilder - main project[sample_test]'s application build child direcotry creation task start
09:45:44.410 [main] INFO  k.p.s.common.util.CommonStaticUtil - the new child relative direcotry[D:\gitsinnori\sinnori\project\sample_test][client_build/app_build/corelib/ex] was created successfully
09:45:44.411 [main] INFO  k.p.s.common.util.CommonStaticUtil - the new child relative direcotry[D:\gitsinnori\sinnori\project\sample_test][client_build/app_build/corelib/in] was created successfully
09:45:44.412 [main] INFO  k.p.s.common.util.CommonStaticUtil - the new child relative direcotry[D:\gitsinnori\sinnori\project\sample_test][client_build/app_build/lib/main/ex] was created successfully
09:45:44.412 [main] INFO  k.p.s.common.util.CommonStaticUtil - the new child relative direcotry[D:\gitsinnori\sinnori\project\sample_test][client_build/app_build/lib/main/in] was created successfully
09:45:44.412 [main] INFO  k.p.s.common.util.CommonStaticUtil - the new child relative direcotry[D:\gitsinnori\sinnori\project\sample_test][client_build/app_build/lib/test] was created successfully
09:45:44.415 [main] INFO  k.p.s.common.util.CommonStaticUtil - the new child relative direcotry[D:\gitsinnori\sinnori\project\sample_test][client_build/app_build/src/main/java/kr/pe/sinnori/impl/message] was created successfully
09:45:44.415 [main] INFO  k.p.s.common.util.CommonStaticUtil - the new child relative direcotry[D:\gitsinnori\sinnori\project\sample_test][client_build/app_build/src/main/java/main] was created successfully
09:45:44.416 [main] INFO  k.p.s.common.util.CommonStaticUtil - the new child relative direcotry[D:\gitsinnori\sinnori\project\sample_test][client_build/app_build/src/test/java] was created successfully
09:45:44.416 [main] INFO  k.p.s.common.util.CommonStaticUtil - the new child relative direcotry[D:\gitsinnori\sinnori\project\sample_test][client_build/app_build/build] was created successfully
09:45:44.416 [main] INFO  k.p.s.common.util.CommonStaticUtil - the new child relative direcotry[D:\gitsinnori\sinnori\project\sample_test][client_build/app_build/dist] was created successfully
09:45:44.416 [main] INFO  k.p.s.c.buildsystem.ProjectBuilder - main project[sample_test]'s application build child direcotry creation task end
09:45:44.416 [main] INFO  k.p.s.c.buildsystem.ProjectBuilder - mainproject[sample_test]'s application client build system files creation task start
09:45:44.416 [main] INFO  k.p.s.c.buildsystem.ProjectBuilder - main project[sample_test]'s application client ant build.xml file creation task start
09:45:44.418 [main] INFO  k.p.s.c.buildsystem.ProjectBuilder - main project[sample_test]'s application client ant build.xml file creation task end
09:45:44.419 [main] INFO  k.p.s.c.buildsystem.ProjectBuilder - main project[sample_test]'s application client dos shell file creation task start
09:45:44.424 [main] INFO  k.p.s.c.buildsystem.ProjectBuilder - main project[sample_test]'s application client dos shell file creation task end
09:45:44.424 [main] INFO  k.p.s.c.buildsystem.ProjectBuilder - main project[sample_test]'s application client unix shell file creation task start
09:45:44.425 [main] INFO  k.p.s.c.buildsystem.ProjectBuilder - main project[sample_test]'s application client unix shell file creation task end
09:45:44.425 [main] INFO  k.p.s.c.buildsystem.ProjectBuilder - application client sample source files copy task start
09:45:44.435 [main] INFO  k.p.s.c.buildsystem.ProjectBuilder - application client sample source files copy task end
09:45:44.435 [main] INFO  k.p.s.c.buildsystem.ProjectBuilder - main project[sample_test]'s application client message io file set creation task start
09:45:44.435 [main] INFO  k.p.s.common.util.CommonStaticUtil - the new child relative direcotry[D:\gitsinnori\sinnori\project\sample_test\client_build\app_build\src\main\java\kr\pe\sinnori\impl\message][Echo] was created successfully
09:45:44.435 [main] INFO  k.p.s.c.buildsystem.ProjectBuilder - main project[sample_test]'s message file[Echo][D:\gitsinnori\sinnori\project\sample_test\client_build\app_build\src\main\java\kr\pe\sinnori\impl\message] creation task start
09:45:44.438 [main] INFO  k.p.s.c.buildsystem.ProjectBuilder - main project[sample_test]'s message file[Echo][D:\gitsinnori\sinnori\project\sample_test\client_build\app_build\src\main\java\kr\pe\sinnori\impl\message] creation task end
09:45:44.438 [main] INFO  k.p.s.c.buildsystem.ProjectBuilder - main project[sample_test]'s message decoder file[Echo][D:\gitsinnori\sinnori\project\sample_test\client_build\app_build\src\main\java\kr\pe\sinnori\impl\message] creation task start
09:45:44.441 [main] INFO  k.p.s.c.buildsystem.ProjectBuilder - main project[sample_test]'s message decoder file[Echo][D:\gitsinnori\sinnori\project\sample_test\client_build\app_build\src\main\java\kr\pe\sinnori\impl\message] creation task end
09:45:44.441 [main] INFO  k.p.s.c.buildsystem.ProjectBuilder - main project[sample_test]'s message encoder file[Echo][D:\gitsinnori\sinnori\project\sample_test\client_build\app_build\src\main\java\kr\pe\sinnori\impl\message] creation task start
09:45:44.444 [main] INFO  k.p.s.c.buildsystem.ProjectBuilder - main project[sample_test]'s message encoder file[Echo][D:\gitsinnori\sinnori\project\sample_test\client_build\app_build\src\main\java\kr\pe\sinnori\impl\message] creation task end
09:45:44.444 [main] INFO  k.p.s.c.buildsystem.ProjectBuilder - main project[sample_test]'s message server codec file[Echo][D:\gitsinnori\sinnori\project\sample_test\client_build\app_build\src\main\java\kr\pe\sinnori\impl\message] creation task start
09:45:44.445 [main] INFO  k.p.s.c.buildsystem.ProjectBuilder - main project[sample_test]'s message server codec file[Echo][D:\gitsinnori\sinnori\project\sample_test\client_build\app_build\src\main\java\kr\pe\sinnori\impl\message] creation task end
09:45:44.446 [main] INFO  k.p.s.c.buildsystem.ProjectBuilder - main project[sample_test]'s message client codec file[Echo][D:\gitsinnori\sinnori\project\sample_test\client_build\app_build\src\main\java\kr\pe\sinnori\impl\message] creation task start
09:45:44.447 [main] INFO  k.p.s.c.buildsystem.ProjectBuilder - main project[sample_test]'s message client codec file[Echo][D:\gitsinnori\sinnori\project\sample_test\client_build\app_build\src\main\java\kr\pe\sinnori\impl\message] creation task end
09:45:44.447 [main] INFO  k.p.s.common.util.CommonStaticUtil - the new child relative direcotry[D:\gitsinnori\sinnori\project\sample_test\client_build\app_build\src\main\java\kr\pe\sinnori\impl\message][PublicKeyReq] was created successfully
09:45:44.447 [main] INFO  k.p.s.c.buildsystem.ProjectBuilder - main project[sample_test]'s message file[PublicKeyReq][D:\gitsinnori\sinnori\project\sample_test\client_build\app_build\src\main\java\kr\pe\sinnori\impl\message] creation task start
09:45:44.450 [main] INFO  k.p.s.c.buildsystem.ProjectBuilder - main project[sample_test]'s message file[PublicKeyReq][D:\gitsinnori\sinnori\project\sample_test\client_build\app_build\src\main\java\kr\pe\sinnori\impl\message] creation task end
09:45:44.523 [main] INFO  k.p.s.c.buildsystem.ProjectBuilder - main project[sample_test]'s message decoder file[PublicKeyReq][D:\gitsinnori\sinnori\project\sample_test\client_build\app_build\src\main\java\kr\pe\sinnori\impl\message] creation task start
09:45:44.528 [main] INFO  k.p.s.c.buildsystem.ProjectBuilder - main project[sample_test]'s message decoder file[PublicKeyReq][D:\gitsinnori\sinnori\project\sample_test\client_build\app_build\src\main\java\kr\pe\sinnori\impl\message] creation task end
09:45:44.528 [main] INFO  k.p.s.c.buildsystem.ProjectBuilder - main project[sample_test]'s message encoder file[PublicKeyReq][D:\gitsinnori\sinnori\project\sample_test\client_build\app_build\src\main\java\kr\pe\sinnori\impl\message] creation task start
09:45:44.532 [main] INFO  k.p.s.c.buildsystem.ProjectBuilder - main project[sample_test]'s message encoder file[PublicKeyReq][D:\gitsinnori\sinnori\project\sample_test\client_build\app_build\src\main\java\kr\pe\sinnori\impl\message] creation task end
09:45:44.532 [main] INFO  k.p.s.c.buildsystem.ProjectBuilder - main project[sample_test]'s message server codec file[PublicKeyReq][D:\gitsinnori\sinnori\project\sample_test\client_build\app_build\src\main\java\kr\pe\sinnori\impl\message] creation task start
09:45:44.534 [main] INFO  k.p.s.c.buildsystem.ProjectBuilder - main project[sample_test]'s message server codec file[PublicKeyReq][D:\gitsinnori\sinnori\project\sample_test\client_build\app_build\src\main\java\kr\pe\sinnori\impl\message] creation task end
09:45:44.534 [main] INFO  k.p.s.c.buildsystem.ProjectBuilder - main project[sample_test]'s message client codec file[PublicKeyReq][D:\gitsinnori\sinnori\project\sample_test\client_build\app_build\src\main\java\kr\pe\sinnori\impl\message] creation task start
09:45:44.538 [main] INFO  k.p.s.c.buildsystem.ProjectBuilder - main project[sample_test]'s message client codec file[PublicKeyReq][D:\gitsinnori\sinnori\project\sample_test\client_build\app_build\src\main\java\kr\pe\sinnori\impl\message] creation task end
09:45:44.538 [main] INFO  k.p.s.common.util.CommonStaticUtil - the new child relative direcotry[D:\gitsinnori\sinnori\project\sample_test\client_build\app_build\src\main\java\kr\pe\sinnori\impl\message][PublicKeyRes] was created successfully
09:45:44.539 [main] INFO  k.p.s.c.buildsystem.ProjectBuilder - main project[sample_test]'s message file[PublicKeyRes][D:\gitsinnori\sinnori\project\sample_test\client_build\app_build\src\main\java\kr\pe\sinnori\impl\message] creation task start
09:45:44.543 [main] INFO  k.p.s.c.buildsystem.ProjectBuilder - main project[sample_test]'s message file[PublicKeyRes][D:\gitsinnori\sinnori\project\sample_test\client_build\app_build\src\main\java\kr\pe\sinnori\impl\message] creation task end
09:45:44.543 [main] INFO  k.p.s.c.buildsystem.ProjectBuilder - main project[sample_test]'s message decoder file[PublicKeyRes][D:\gitsinnori\sinnori\project\sample_test\client_build\app_build\src\main\java\kr\pe\sinnori\impl\message] creation task start
09:45:44.548 [main] INFO  k.p.s.c.buildsystem.ProjectBuilder - main project[sample_test]'s message decoder file[PublicKeyRes][D:\gitsinnori\sinnori\project\sample_test\client_build\app_build\src\main\java\kr\pe\sinnori\impl\message] creation task end
09:45:44.548 [main] INFO  k.p.s.c.buildsystem.ProjectBuilder - main project[sample_test]'s message encoder file[PublicKeyRes][D:\gitsinnori\sinnori\project\sample_test\client_build\app_build\src\main\java\kr\pe\sinnori\impl\message] creation task start
09:45:44.552 [main] INFO  k.p.s.c.buildsystem.ProjectBuilder - main project[sample_test]'s message encoder file[PublicKeyRes][D:\gitsinnori\sinnori\project\sample_test\client_build\app_build\src\main\java\kr\pe\sinnori\impl\message] creation task end
09:45:44.552 [main] INFO  k.p.s.c.buildsystem.ProjectBuilder - main project[sample_test]'s message server codec file[PublicKeyRes][D:\gitsinnori\sinnori\project\sample_test\client_build\app_build\src\main\java\kr\pe\sinnori\impl\message] creation task start
09:45:44.553 [main] INFO  k.p.s.c.buildsystem.ProjectBuilder - main project[sample_test]'s message server codec file[PublicKeyRes][D:\gitsinnori\sinnori\project\sample_test\client_build\app_build\src\main\java\kr\pe\sinnori\impl\message] creation task end
09:45:44.554 [main] INFO  k.p.s.c.buildsystem.ProjectBuilder - main project[sample_test]'s message client codec file[PublicKeyRes][D:\gitsinnori\sinnori\project\sample_test\client_build\app_build\src\main\java\kr\pe\sinnori\impl\message] creation task start
09:45:44.556 [main] INFO  k.p.s.c.buildsystem.ProjectBuilder - main project[sample_test]'s message client codec file[PublicKeyRes][D:\gitsinnori\sinnori\project\sample_test\client_build\app_build\src\main\java\kr\pe\sinnori\impl\message] creation task end
09:45:44.556 [main] INFO  k.p.s.c.buildsystem.ProjectBuilder - main project[sample_test]'s application client message io file set creation task end
09:45:44.556 [main] INFO  k.p.s.c.buildsystem.ProjectBuilder - mainproject[sample_test]'s application client build system files creation task end
09:45:44.556 [main] INFO  k.p.s.c.buildsystem.ProjectBuilder - main project[sample_test]'s web client build path deletion task start
09:45:44.571 [main] INFO  k.p.s.c.buildsystem.ProjectBuilder - main project[sample_test]'s web client build path deletion task end
09:45:44.571 [main] INFO  k.p.s.c.buildsystem.ProjectBuilder - main project[sample_test]'s web root path deletion task start
09:45:44.573 [main] INFO  k.p.s.c.buildsystem.ProjectBuilder - main project[sample_test]'s web root path deletion task end
09:45:44.573 [main] INFO  k.p.s.c.buildsystem.ProjectBuilder - main project[sample_test]'s config file overwrite task start
09:45:44.577 [main] INFO  k.p.s.c.buildsystem.ProjectBuilder - main project[sample_test]'s config file overwrite task end
09:45:44.577 [main] INFO  k.p.s.c.buildsystem.ProjectBuilder - main project[sample_test] changeProjectState method end
09:45:44.577 [main] INFO  k.p.s.c.buildsystem.ProjectBuilder - the server ant build.xml file[D:\gitsinnori\sinnori\project\sample_test\server_build\build.xml] is bad :: whetherExist[false] isFile[false]
09:45:44.577 [main] INFO  k.p.s.c.buildsystem.ProjectBuilder - the web client ant build.xml file[D:\gitsinnori\sinnori\project\sample_test\client_build\web_build\build.xml] is bad :: whetherExist[false] isFile[false]
09:45:44.577 [main] INFO  k.p.s.c.buildsystem.ProjectBuilder - the web.xml file[D:\gitsinnori\sinnori\project\sample_test\web_app_base\ROOT\WEB-INF\web.xml] located at web root directory is bad :: whetherExist[false] isFile[false]
09:45:44.577 [main] INFO  k.p.s.c.buildsystem.ProjectBuilder - main project[sample_test] changeProjectState method start
09:45:44.577 [main] INFO  k.p.s.c.buildsystem.ProjectBuilder - the server ant build.xml file[D:\gitsinnori\sinnori\project\sample_test\server_build\build.xml] is bad :: whetherExist[false] isFile[false]
09:45:44.577 [main] WARN  k.p.s.c.buildsystem.ProjectBuilder - the server buid.xml file[D:\gitsinnori\sinnori\project\sample_test\server_build\build.xml] is bad beacse it doesn't exist or is not a file, so skip deletion of server build system
09:45:44.577 [main] WARN  k.p.s.c.buildsystem.ProjectBuilder - the app client build path[D:\gitsinnori\sinnori\project\sample_test\client_build\app_build] exist, so skip creation of app client build system
09:45:44.577 [main] INFO  k.p.s.c.buildsystem.ProjectBuilder - main project[sample_test]'s web build child direcotry creation task start
09:45:44.578 [main] INFO  k.p.s.common.util.CommonStaticUtil - the new child relative direcotry[D:\gitsinnori\sinnori\project\sample_test][client_build/web_build/corelib/ex] was created successfully
09:45:44.650 [main] INFO  k.p.s.common.util.CommonStaticUtil - the new child relative direcotry[D:\gitsinnori\sinnori\project\sample_test][client_build/web_build/corelib/in] was created successfully
09:45:44.651 [main] INFO  k.p.s.common.util.CommonStaticUtil - the new child relative direcotry[D:\gitsinnori\sinnori\project\sample_test][client_build/web_build/lib/main/ex] was created successfully
09:45:44.651 [main] INFO  k.p.s.common.util.CommonStaticUtil - the new child relative direcotry[D:\gitsinnori\sinnori\project\sample_test][client_build/web_build/lib/main/in] was created successfully
09:45:44.651 [main] INFO  k.p.s.common.util.CommonStaticUtil - the new child relative direcotry[D:\gitsinnori\sinnori\project\sample_test][client_build/web_build/lib/test] was created successfully
09:45:44.654 [main] INFO  k.p.s.common.util.CommonStaticUtil - the new child relative direcotry[D:\gitsinnori\sinnori\project\sample_test][client_build/web_build/src/main/java/kr/pe/sinnori/impl/message] was created successfully
09:45:44.655 [main] INFO  k.p.s.common.util.CommonStaticUtil - the new child relative direcotry[D:\gitsinnori\sinnori\project\sample_test][client_build/web_build/src/main/java//kr/pe/sinnori/servlet] was created successfully
09:45:44.656 [main] INFO  k.p.s.common.util.CommonStaticUtil - the new child relative direcotry[D:\gitsinnori\sinnori\project\sample_test][client_build/web_build/src/main/java/kr/pe/sinnori/weblib/common] was created successfully
09:45:44.656 [main] INFO  k.p.s.common.util.CommonStaticUtil - the new child relative direcotry[D:\gitsinnori\sinnori\project\sample_test][client_build/web_build/src/main/java/kr/pe/sinnori/weblib/htmlstring] was created successfully
09:45:44.656 [main] INFO  k.p.s.common.util.CommonStaticUtil - the new child relative direcotry[D:\gitsinnori\sinnori\project\sample_test][client_build/web_build/src/main/java/kr/pe/sinnori/weblib/jdf] was created successfully
09:45:44.657 [main] INFO  k.p.s.common.util.CommonStaticUtil - the new child relative direcotry[D:\gitsinnori\sinnori\project\sample_test][client_build/web_build/src/test/java] was created successfully
09:45:44.657 [main] INFO  k.p.s.common.util.CommonStaticUtil - the new child relative direcotry[D:\gitsinnori\sinnori\project\sample_test][client_build/web_build/build] was created successfully
09:45:44.657 [main] INFO  k.p.s.common.util.CommonStaticUtil - the new child relative direcotry[D:\gitsinnori\sinnori\project\sample_test][client_build/web_build/dist] was created successfully
09:45:44.657 [main] INFO  k.p.s.c.buildsystem.ProjectBuilder - main project[sample_test]'s web build child direcotry creation task end
09:45:44.657 [main] INFO  k.p.s.c.buildsystem.ProjectBuilder - main project[sample_test]'s web client build system files creation task start
09:45:44.657 [main] INFO  k.p.s.c.buildsystem.ProjectBuilder - main project[sample_test]'s web client ant build.xml file creation task start
09:45:44.658 [main] INFO  k.p.s.c.buildsystem.ProjectBuilder - main project[sample_test]'s web client ant build.xml file creation task end
09:45:44.659 [main] INFO  k.p.s.c.buildsystem.ProjectBuilder - main project[sample_test]'s web client ant properties file creation task start
09:45:44.659 [main] INFO  k.p.s.c.util.SequencedPropertiesUtil - the sequenced properties file[D:\gitsinnori\sinnori\project\sample_test\client_build\web_build\webAnt.properties] was created
09:45:44.660 [main] INFO  k.p.s.c.buildsystem.ProjectBuilder - main project[sample_test]'s web client ant properties file creation task end
09:45:44.660 [main] INFO  k.p.s.c.buildsystem.ProjectBuilder - main project[sample_test]'s web client message io file set creation task start
09:45:44.661 [main] INFO  k.p.s.common.util.CommonStaticUtil - the new child relative direcotry[D:\gitsinnori\sinnori\project\sample_test\client_build\web_build\src\main\java\kr\pe\sinnori\impl\message][Echo] was created successfully
09:45:44.661 [main] INFO  k.p.s.c.buildsystem.ProjectBuilder - main project[sample_test]'s message file[Echo][D:\gitsinnori\sinnori\project\sample_test\client_build\web_build\src\main\java\kr\pe\sinnori\impl\message] creation task start
09:45:44.664 [main] INFO  k.p.s.c.buildsystem.ProjectBuilder - main project[sample_test]'s message file[Echo][D:\gitsinnori\sinnori\project\sample_test\client_build\web_build\src\main\java\kr\pe\sinnori\impl\message] creation task end
09:45:44.664 [main] INFO  k.p.s.c.buildsystem.ProjectBuilder - main project[sample_test]'s message decoder file[Echo][D:\gitsinnori\sinnori\project\sample_test\client_build\web_build\src\main\java\kr\pe\sinnori\impl\message] creation task start
09:45:44.667 [main] INFO  k.p.s.c.buildsystem.ProjectBuilder - main project[sample_test]'s message decoder file[Echo][D:\gitsinnori\sinnori\project\sample_test\client_build\web_build\src\main\java\kr\pe\sinnori\impl\message] creation task end
09:45:44.667 [main] INFO  k.p.s.c.buildsystem.ProjectBuilder - main project[sample_test]'s message encoder file[Echo][D:\gitsinnori\sinnori\project\sample_test\client_build\web_build\src\main\java\kr\pe\sinnori\impl\message] creation task start
09:45:44.669 [main] INFO  k.p.s.c.buildsystem.ProjectBuilder - main project[sample_test]'s message encoder file[Echo][D:\gitsinnori\sinnori\project\sample_test\client_build\web_build\src\main\java\kr\pe\sinnori\impl\message] creation task end
09:45:44.670 [main] INFO  k.p.s.c.buildsystem.ProjectBuilder - main project[sample_test]'s message server codec file[Echo][D:\gitsinnori\sinnori\project\sample_test\client_build\web_build\src\main\java\kr\pe\sinnori\impl\message] creation task start
09:45:44.672 [main] INFO  k.p.s.c.buildsystem.ProjectBuilder - main project[sample_test]'s message server codec file[Echo][D:\gitsinnori\sinnori\project\sample_test\client_build\web_build\src\main\java\kr\pe\sinnori\impl\message] creation task end
09:45:44.672 [main] INFO  k.p.s.c.buildsystem.ProjectBuilder - main project[sample_test]'s message client codec file[Echo][D:\gitsinnori\sinnori\project\sample_test\client_build\web_build\src\main\java\kr\pe\sinnori\impl\message] creation task start
09:45:44.673 [main] INFO  k.p.s.c.buildsystem.ProjectBuilder - main project[sample_test]'s message client codec file[Echo][D:\gitsinnori\sinnori\project\sample_test\client_build\web_build\src\main\java\kr\pe\sinnori\impl\message] creation task end
09:45:44.673 [main] INFO  k.p.s.common.util.CommonStaticUtil - the new child relative direcotry[D:\gitsinnori\sinnori\project\sample_test\client_build\web_build\src\main\java\kr\pe\sinnori\impl\message][PublicKeyReq] was created successfully
09:45:44.673 [main] INFO  k.p.s.c.buildsystem.ProjectBuilder - main project[sample_test]'s message file[PublicKeyReq][D:\gitsinnori\sinnori\project\sample_test\client_build\web_build\src\main\java\kr\pe\sinnori\impl\message] creation task start
09:45:44.676 [main] INFO  k.p.s.c.buildsystem.ProjectBuilder - main project[sample_test]'s message file[PublicKeyReq][D:\gitsinnori\sinnori\project\sample_test\client_build\web_build\src\main\java\kr\pe\sinnori\impl\message] creation task end
09:45:44.676 [main] INFO  k.p.s.c.buildsystem.ProjectBuilder - main project[sample_test]'s message decoder file[PublicKeyReq][D:\gitsinnori\sinnori\project\sample_test\client_build\web_build\src\main\java\kr\pe\sinnori\impl\message] creation task start
09:45:44.679 [main] INFO  k.p.s.c.buildsystem.ProjectBuilder - main project[sample_test]'s message decoder file[PublicKeyReq][D:\gitsinnori\sinnori\project\sample_test\client_build\web_build\src\main\java\kr\pe\sinnori\impl\message] creation task end
09:45:44.679 [main] INFO  k.p.s.c.buildsystem.ProjectBuilder - main project[sample_test]'s message encoder file[PublicKeyReq][D:\gitsinnori\sinnori\project\sample_test\client_build\web_build\src\main\java\kr\pe\sinnori\impl\message] creation task start
09:45:44.682 [main] INFO  k.p.s.c.buildsystem.ProjectBuilder - main project[sample_test]'s message encoder file[PublicKeyReq][D:\gitsinnori\sinnori\project\sample_test\client_build\web_build\src\main\java\kr\pe\sinnori\impl\message] creation task end
09:45:44.682 [main] INFO  k.p.s.c.buildsystem.ProjectBuilder - main project[sample_test]'s message server codec file[PublicKeyReq][D:\gitsinnori\sinnori\project\sample_test\client_build\web_build\src\main\java\kr\pe\sinnori\impl\message] creation task start
09:45:44.683 [main] INFO  k.p.s.c.buildsystem.ProjectBuilder - main project[sample_test]'s message server codec file[PublicKeyReq][D:\gitsinnori\sinnori\project\sample_test\client_build\web_build\src\main\java\kr\pe\sinnori\impl\message] creation task end
09:45:44.683 [main] INFO  k.p.s.c.buildsystem.ProjectBuilder - main project[sample_test]'s message client codec file[PublicKeyReq][D:\gitsinnori\sinnori\project\sample_test\client_build\web_build\src\main\java\kr\pe\sinnori\impl\message] creation task start
09:45:44.767 [main] INFO  k.p.s.c.buildsystem.ProjectBuilder - main project[sample_test]'s message client codec file[PublicKeyReq][D:\gitsinnori\sinnori\project\sample_test\client_build\web_build\src\main\java\kr\pe\sinnori\impl\message] creation task end
09:45:44.767 [main] INFO  k.p.s.common.util.CommonStaticUtil - the new child relative direcotry[D:\gitsinnori\sinnori\project\sample_test\client_build\web_build\src\main\java\kr\pe\sinnori\impl\message][PublicKeyRes] was created successfully
09:45:44.767 [main] INFO  k.p.s.c.buildsystem.ProjectBuilder - main project[sample_test]'s message file[PublicKeyRes][D:\gitsinnori\sinnori\project\sample_test\client_build\web_build\src\main\java\kr\pe\sinnori\impl\message] creation task start
09:45:44.771 [main] INFO  k.p.s.c.buildsystem.ProjectBuilder - main project[sample_test]'s message file[PublicKeyRes][D:\gitsinnori\sinnori\project\sample_test\client_build\web_build\src\main\java\kr\pe\sinnori\impl\message] creation task end
09:45:44.771 [main] INFO  k.p.s.c.buildsystem.ProjectBuilder - main project[sample_test]'s message decoder file[PublicKeyRes][D:\gitsinnori\sinnori\project\sample_test\client_build\web_build\src\main\java\kr\pe\sinnori\impl\message] creation task start
09:45:44.775 [main] INFO  k.p.s.c.buildsystem.ProjectBuilder - main project[sample_test]'s message decoder file[PublicKeyRes][D:\gitsinnori\sinnori\project\sample_test\client_build\web_build\src\main\java\kr\pe\sinnori\impl\message] creation task end
09:45:44.775 [main] INFO  k.p.s.c.buildsystem.ProjectBuilder - main project[sample_test]'s message encoder file[PublicKeyRes][D:\gitsinnori\sinnori\project\sample_test\client_build\web_build\src\main\java\kr\pe\sinnori\impl\message] creation task start
09:45:44.778 [main] INFO  k.p.s.c.buildsystem.ProjectBuilder - main project[sample_test]'s message encoder file[PublicKeyRes][D:\gitsinnori\sinnori\project\sample_test\client_build\web_build\src\main\java\kr\pe\sinnori\impl\message] creation task end
09:45:44.778 [main] INFO  k.p.s.c.buildsystem.ProjectBuilder - main project[sample_test]'s message server codec file[PublicKeyRes][D:\gitsinnori\sinnori\project\sample_test\client_build\web_build\src\main\java\kr\pe\sinnori\impl\message] creation task start
09:45:44.779 [main] INFO  k.p.s.c.buildsystem.ProjectBuilder - main project[sample_test]'s message server codec file[PublicKeyRes][D:\gitsinnori\sinnori\project\sample_test\client_build\web_build\src\main\java\kr\pe\sinnori\impl\message] creation task end
09:45:44.780 [main] INFO  k.p.s.c.buildsystem.ProjectBuilder - main project[sample_test]'s message client codec file[PublicKeyRes][D:\gitsinnori\sinnori\project\sample_test\client_build\web_build\src\main\java\kr\pe\sinnori\impl\message] creation task start
09:45:44.781 [main] INFO  k.p.s.c.buildsystem.ProjectBuilder - main project[sample_test]'s message client codec file[PublicKeyRes][D:\gitsinnori\sinnori\project\sample_test\client_build\web_build\src\main\java\kr\pe\sinnori\impl\message] creation task end
09:45:44.781 [main] INFO  k.p.s.c.buildsystem.ProjectBuilder - main project[sample_test]'s web client message io file set creation task end
09:45:44.781 [main] INFO  k.p.s.c.buildsystem.ProjectBuilder - mainproject[sample_test]'s web client sample source files copy task start
09:45:44.837 [main] INFO  k.p.s.c.buildsystem.ProjectBuilder - mainproject[sample_test]'s web client sample source files copy task end
09:45:44.837 [main] INFO  k.p.s.c.buildsystem.ProjectBuilder - main project[sample_test]'s web client build system files creation task end
09:45:44.837 [main] INFO  k.p.s.c.buildsystem.ProjectBuilder - main project[sample_test]'s web root child direcotry creation task start
09:45:44.837 [main] INFO  k.p.s.common.util.CommonStaticUtil - the child relative direcotry[D:\gitsinnori\sinnori\project\sample_test][web_app_base/upload] exist, so nothing
09:45:44.838 [main] INFO  k.p.s.common.util.CommonStaticUtil - the new child relative direcotry[D:\gitsinnori\sinnori\project\sample_test][web_app_base/ROOT/WEB-INF/classes] was created successfully
09:45:44.838 [main] INFO  k.p.s.common.util.CommonStaticUtil - the new child relative direcotry[D:\gitsinnori\sinnori\project\sample_test][web_app_base/ROOT/WEB-INF/lib] was created successfully
09:45:44.838 [main] INFO  k.p.s.c.buildsystem.ProjectBuilder - main project[sample_test]'s web root child direcotry creation task end
09:45:44.838 [main] INFO  k.p.s.c.buildsystem.ProjectBuilder - main project[sample_test]'s web root sample files creation task start
09:45:44.838 [main] INFO  k.p.s.c.buildsystem.ProjectBuilder - main project[sample_test]'s web root sample files copy task start
09:45:44.843 [main] INFO  k.p.s.c.buildsystem.ProjectBuilder - main project[sample_test]'s web root sample files copy task end
09:45:44.843 [main] INFO  k.p.s.c.buildsystem.ProjectBuilder - main project[sample_test]'s web root sample files creation task end
09:45:44.843 [main] INFO  k.p.s.c.buildsystem.ProjectBuilder - main project[sample_test]'s config file overwrite task start
09:45:44.847 [main] INFO  k.p.s.c.buildsystem.ProjectBuilder - main project[sample_test]'s config file overwrite task end
09:45:44.847 [main] INFO  k.p.s.c.buildsystem.ProjectBuilder - main project[sample_test] changeProjectState method end
09:45:44.847 [main] INFO  k.p.s.c.buildsystem.ProjectBuilder - the server ant build.xml file[D:\gitsinnori\sinnori\project\sample_test\server_build\build.xml] is bad :: whetherExist[false] isFile[false]
09:45:44.847 [main] INFO  k.p.s.c.buildsystem.ProjectBuilder - main project[sample_test] changeProjectState method start
09:45:44.847 [main] INFO  k.p.s.c.buildsystem.ProjectBuilder - main project[sample_test]'s server child direcotry creation task start
09:45:44.848 [main] INFO  k.p.s.common.util.CommonStaticUtil - the new child relative direcotry[D:\gitsinnori\sinnori\project\sample_test][server_build/APP-INF/classes] was created successfully
09:45:44.879 [main] INFO  k.p.s.common.util.CommonStaticUtil - the new child relative direcotry[D:\gitsinnori\sinnori\project\sample_test][server_build/corelib/ex] was created successfully
09:45:44.879 [main] INFO  k.p.s.common.util.CommonStaticUtil - the new child relative direcotry[D:\gitsinnori\sinnori\project\sample_test][server_build/corelib/in] was created successfully
09:45:44.881 [main] INFO  k.p.s.common.util.CommonStaticUtil - the new child relative direcotry[D:\gitsinnori\sinnori\project\sample_test][server_build/lib/main/ex] was created successfully
09:45:44.881 [main] INFO  k.p.s.common.util.CommonStaticUtil - the new child relative direcotry[D:\gitsinnori\sinnori\project\sample_test][server_build/lib/main/in] was created successfully
09:45:44.881 [main] INFO  k.p.s.common.util.CommonStaticUtil - the new child relative direcotry[D:\gitsinnori\sinnori\project\sample_test][server_build/lib/test] was created successfully
09:45:44.884 [main] INFO  k.p.s.common.util.CommonStaticUtil - the new child relative direcotry[D:\gitsinnori\sinnori\project\sample_test][server_build/src/main/java/kr/pe/sinnori/impl/servertask] was created successfully
09:45:44.884 [main] INFO  k.p.s.common.util.CommonStaticUtil - the new child relative direcotry[D:\gitsinnori\sinnori\project\sample_test][server_build/src/main/java/kr/pe/sinnori/impl/message] was created successfully
09:45:44.884 [main] INFO  k.p.s.common.util.CommonStaticUtil - the new child relative direcotry[D:\gitsinnori\sinnori\project\sample_test][server_build/src/main/java/main] was created successfully
09:45:44.885 [main] INFO  k.p.s.common.util.CommonStaticUtil - the new child relative direcotry[D:\gitsinnori\sinnori\project\sample_test][server_build/src/test/java] was created successfully
09:45:44.885 [main] INFO  k.p.s.common.util.CommonStaticUtil - the new child relative direcotry[D:\gitsinnori\sinnori\project\sample_test][server_build/build] was created successfully
09:45:44.885 [main] INFO  k.p.s.common.util.CommonStaticUtil - the new child relative direcotry[D:\gitsinnori\sinnori\project\sample_test][server_build/dist] was created successfully
09:45:44.885 [main] INFO  k.p.s.c.buildsystem.ProjectBuilder - main project[sample_test]'s server child direcotry creation task end
09:45:44.885 [main] INFO  k.p.s.c.buildsystem.ProjectBuilder - server build system files creation task start
09:45:44.885 [main] INFO  k.p.s.c.buildsystem.ProjectBuilder - main project[sample_test]'s server ant build.xml file creation task start
09:45:44.887 [main] INFO  k.p.s.c.buildsystem.ProjectBuilder - main project[sample_test]'s server ant build.xml file creation task end
09:45:44.887 [main] INFO  k.p.s.c.buildsystem.ProjectBuilder - main project[sample_test]'s server dos shell file creation task start
09:45:44.888 [main] INFO  k.p.s.c.buildsystem.ProjectBuilder - main project[sample_test]'s server dos shell file creation task end
09:45:44.889 [main] INFO  k.p.s.c.buildsystem.ProjectBuilder - main project[sample_test]'s server unix shell file creation task start
09:45:44.890 [main] INFO  k.p.s.c.buildsystem.ProjectBuilder - main project[sample_test]'s server unix shell file creation task end
09:45:44.890 [main] INFO  k.p.s.c.buildsystem.ProjectBuilder - server sample source files copy task start
09:45:44.897 [main] INFO  k.p.s.c.buildsystem.ProjectBuilder - server sample source files copy task end
09:45:44.897 [main] INFO  k.p.s.c.buildsystem.ProjectBuilder - main project[sample_test]'s server message io file set creation task start
09:45:44.897 [main] INFO  k.p.s.common.util.CommonStaticUtil - the new child relative direcotry[D:\gitsinnori\sinnori\project\sample_test\server_build\src\main\java\kr\pe\sinnori\impl\message][Echo] was created successfully
09:45:44.897 [main] INFO  k.p.s.c.buildsystem.ProjectBuilder - main project[sample_test]'s message file[Echo][D:\gitsinnori\sinnori\project\sample_test\server_build\src\main\java\kr\pe\sinnori\impl\message] creation task start
09:45:44.900 [main] INFO  k.p.s.c.buildsystem.ProjectBuilder - main project[sample_test]'s message file[Echo][D:\gitsinnori\sinnori\project\sample_test\server_build\src\main\java\kr\pe\sinnori\impl\message] creation task end
09:45:44.900 [main] INFO  k.p.s.c.buildsystem.ProjectBuilder - main project[sample_test]'s message decoder file[Echo][D:\gitsinnori\sinnori\project\sample_test\server_build\src\main\java\kr\pe\sinnori\impl\message] creation task start
09:45:44.904 [main] INFO  k.p.s.c.buildsystem.ProjectBuilder - main project[sample_test]'s message decoder file[Echo][D:\gitsinnori\sinnori\project\sample_test\server_build\src\main\java\kr\pe\sinnori\impl\message] creation task end
09:45:44.904 [main] INFO  k.p.s.c.buildsystem.ProjectBuilder - main project[sample_test]'s message encoder file[Echo][D:\gitsinnori\sinnori\project\sample_test\server_build\src\main\java\kr\pe\sinnori\impl\message] creation task start
09:45:44.907 [main] INFO  k.p.s.c.buildsystem.ProjectBuilder - main project[sample_test]'s message encoder file[Echo][D:\gitsinnori\sinnori\project\sample_test\server_build\src\main\java\kr\pe\sinnori\impl\message] creation task end
09:45:44.907 [main] INFO  k.p.s.c.buildsystem.ProjectBuilder - main project[sample_test]'s message server codec file[Echo][D:\gitsinnori\sinnori\project\sample_test\server_build\src\main\java\kr\pe\sinnori\impl\message] creation task start
09:45:44.909 [main] INFO  k.p.s.c.buildsystem.ProjectBuilder - main project[sample_test]'s message server codec file[Echo][D:\gitsinnori\sinnori\project\sample_test\server_build\src\main\java\kr\pe\sinnori\impl\message] creation task end
09:45:44.909 [main] INFO  k.p.s.c.buildsystem.ProjectBuilder - main project[sample_test]'s message client codec file[Echo][D:\gitsinnori\sinnori\project\sample_test\server_build\src\main\java\kr\pe\sinnori\impl\message] creation task start
09:45:44.910 [main] INFO  k.p.s.c.buildsystem.ProjectBuilder - main project[sample_test]'s message client codec file[Echo][D:\gitsinnori\sinnori\project\sample_test\server_build\src\main\java\kr\pe\sinnori\impl\message] creation task end
09:45:44.911 [main] INFO  k.p.s.common.util.CommonStaticUtil - the new child relative direcotry[D:\gitsinnori\sinnori\project\sample_test\server_build\src\main\java\kr\pe\sinnori\impl\message][PublicKeyReq] was created successfully
09:45:44.911 [main] INFO  k.p.s.c.buildsystem.ProjectBuilder - main project[sample_test]'s message file[PublicKeyReq][D:\gitsinnori\sinnori\project\sample_test\server_build\src\main\java\kr\pe\sinnori\impl\message] creation task start
09:45:44.914 [main] INFO  k.p.s.c.buildsystem.ProjectBuilder - main project[sample_test]'s message file[PublicKeyReq][D:\gitsinnori\sinnori\project\sample_test\server_build\src\main\java\kr\pe\sinnori\impl\message] creation task end
09:45:44.914 [main] INFO  k.p.s.c.buildsystem.ProjectBuilder - main project[sample_test]'s message decoder file[PublicKeyReq][D:\gitsinnori\sinnori\project\sample_test\server_build\src\main\java\kr\pe\sinnori\impl\message] creation task start
09:45:44.917 [main] INFO  k.p.s.c.buildsystem.ProjectBuilder - main project[sample_test]'s message decoder file[PublicKeyReq][D:\gitsinnori\sinnori\project\sample_test\server_build\src\main\java\kr\pe\sinnori\impl\message] creation task end
09:45:44.917 [main] INFO  k.p.s.c.buildsystem.ProjectBuilder - main project[sample_test]'s message encoder file[PublicKeyReq][D:\gitsinnori\sinnori\project\sample_test\server_build\src\main\java\kr\pe\sinnori\impl\message] creation task start
09:45:44.995 [main] INFO  k.p.s.c.buildsystem.ProjectBuilder - main project[sample_test]'s message encoder file[PublicKeyReq][D:\gitsinnori\sinnori\project\sample_test\server_build\src\main\java\kr\pe\sinnori\impl\message] creation task end
09:45:44.995 [main] INFO  k.p.s.c.buildsystem.ProjectBuilder - main project[sample_test]'s message server codec file[PublicKeyReq][D:\gitsinnori\sinnori\project\sample_test\server_build\src\main\java\kr\pe\sinnori\impl\message] creation task start
09:45:44.996 [main] INFO  k.p.s.c.buildsystem.ProjectBuilder - main project[sample_test]'s message server codec file[PublicKeyReq][D:\gitsinnori\sinnori\project\sample_test\server_build\src\main\java\kr\pe\sinnori\impl\message] creation task end
09:45:44.996 [main] INFO  k.p.s.c.buildsystem.ProjectBuilder - main project[sample_test]'s message client codec file[PublicKeyReq][D:\gitsinnori\sinnori\project\sample_test\server_build\src\main\java\kr\pe\sinnori\impl\message] creation task start
09:45:44.998 [main] INFO  k.p.s.c.buildsystem.ProjectBuilder - main project[sample_test]'s message client codec file[PublicKeyReq][D:\gitsinnori\sinnori\project\sample_test\server_build\src\main\java\kr\pe\sinnori\impl\message] creation task end
09:45:44.998 [main] INFO  k.p.s.common.util.CommonStaticUtil - the new child relative direcotry[D:\gitsinnori\sinnori\project\sample_test\server_build\src\main\java\kr\pe\sinnori\impl\message][PublicKeyRes] was created successfully
09:45:44.998 [main] INFO  k.p.s.c.buildsystem.ProjectBuilder - main project[sample_test]'s message file[PublicKeyRes][D:\gitsinnori\sinnori\project\sample_test\server_build\src\main\java\kr\pe\sinnori\impl\message] creation task start
09:45:45.006 [main] INFO  k.p.s.c.buildsystem.ProjectBuilder - main project[sample_test]'s message file[PublicKeyRes][D:\gitsinnori\sinnori\project\sample_test\server_build\src\main\java\kr\pe\sinnori\impl\message] creation task end
09:45:45.006 [main] INFO  k.p.s.c.buildsystem.ProjectBuilder - main project[sample_test]'s message decoder file[PublicKeyRes][D:\gitsinnori\sinnori\project\sample_test\server_build\src\main\java\kr\pe\sinnori\impl\message] creation task start
09:45:45.009 [main] INFO  k.p.s.c.buildsystem.ProjectBuilder - main project[sample_test]'s message decoder file[PublicKeyRes][D:\gitsinnori\sinnori\project\sample_test\server_build\src\main\java\kr\pe\sinnori\impl\message] creation task end
09:45:45.009 [main] INFO  k.p.s.c.buildsystem.ProjectBuilder - main project[sample_test]'s message encoder file[PublicKeyRes][D:\gitsinnori\sinnori\project\sample_test\server_build\src\main\java\kr\pe\sinnori\impl\message] creation task start
09:45:45.011 [main] INFO  k.p.s.c.buildsystem.ProjectBuilder - main project[sample_test]'s message encoder file[PublicKeyRes][D:\gitsinnori\sinnori\project\sample_test\server_build\src\main\java\kr\pe\sinnori\impl\message] creation task end
09:45:45.012 [main] INFO  k.p.s.c.buildsystem.ProjectBuilder - main project[sample_test]'s message server codec file[PublicKeyRes][D:\gitsinnori\sinnori\project\sample_test\server_build\src\main\java\kr\pe\sinnori\impl\message] creation task start
09:45:45.013 [main] INFO  k.p.s.c.buildsystem.ProjectBuilder - main project[sample_test]'s message server codec file[PublicKeyRes][D:\gitsinnori\sinnori\project\sample_test\server_build\src\main\java\kr\pe\sinnori\impl\message] creation task end
09:45:45.013 [main] INFO  k.p.s.c.buildsystem.ProjectBuilder - main project[sample_test]'s message client codec file[PublicKeyRes][D:\gitsinnori\sinnori\project\sample_test\server_build\src\main\java\kr\pe\sinnori\impl\message] creation task start
09:45:45.015 [main] INFO  k.p.s.c.buildsystem.ProjectBuilder - main project[sample_test]'s message client codec file[PublicKeyRes][D:\gitsinnori\sinnori\project\sample_test\server_build\src\main\java\kr\pe\sinnori\impl\message] creation task end
09:45:45.015 [main] INFO  k.p.s.c.buildsystem.ProjectBuilder - main project[sample_test]'s server message io file set creation task end
09:45:45.015 [main] INFO  k.p.s.c.buildsystem.ProjectBuilder - server build system files creation task end
09:45:45.015 [main] INFO  k.p.s.c.buildsystem.ProjectBuilder - mainproject[sample_test]'s application client build path deletion task start
09:45:45.024 [main] INFO  k.p.s.c.buildsystem.ProjectBuilder - mainproject[sample_test]'s application client build path deletion task end
09:45:45.024 [main] INFO  k.p.s.c.buildsystem.ProjectBuilder - main project[sample_test]'s web client build path deletion task start
09:45:45.037 [main] INFO  k.p.s.c.buildsystem.ProjectBuilder - main project[sample_test]'s web client build path deletion task end
09:45:45.037 [main] INFO  k.p.s.c.buildsystem.ProjectBuilder - main project[sample_test]'s web root path deletion task start
09:45:45.039 [main] INFO  k.p.s.c.buildsystem.ProjectBuilder - main project[sample_test]'s web root path deletion task end
09:45:45.039 [main] INFO  k.p.s.c.buildsystem.ProjectBuilder - main project[sample_test]'s config file overwrite task start
09:45:45.042 [main] INFO  k.p.s.c.buildsystem.ProjectBuilder - main project[sample_test]'s config file overwrite task end
09:45:45.042 [main] INFO  k.p.s.c.buildsystem.ProjectBuilder - main project[sample_test] changeProjectState method end
09:45:45.043 [main] INFO  k.p.s.c.buildsystem.ProjectBuilder - the app client ant build.xml file[D:\gitsinnori\sinnori\project\sample_test\client_build\app_build\build.xml] is bad :: whetherExist[false] isFile[false]
09:45:45.043 [main] INFO  k.p.s.c.buildsystem.ProjectBuilder - the web client ant build.xml file[D:\gitsinnori\sinnori\project\sample_test\client_build\web_build\build.xml] is bad :: whetherExist[false] isFile[false]
09:45:45.043 [main] INFO  k.p.s.c.buildsystem.ProjectBuilder - the web.xml file[D:\gitsinnori\sinnori\project\sample_test\web_app_base\ROOT\WEB-INF\web.xml] located at web root directory is bad :: whetherExist[false] isFile[false]
09:45:45.105 [main] INFO  k.p.s.c.buildsystem.ProjectBuilder - main project[sample_test] changeProjectState method start
09:45:45.105 [main] WARN  k.p.s.c.buildsystem.ProjectBuilder - the server build path[D:\gitsinnori\sinnori\project\sample_test\server_build] exist, so skip creation of server build system
09:45:45.105 [main] INFO  k.p.s.c.buildsystem.ProjectBuilder - the app client ant build.xml file[D:\gitsinnori\sinnori\project\sample_test\client_build\app_build\build.xml] is bad :: whetherExist[false] isFile[false]
09:45:45.105 [main] WARN  k.p.s.c.buildsystem.ProjectBuilder - the app client buid.xml file[D:\gitsinnori\sinnori\project\sample_test\client_build\app_build\build.xml] is bad beacse it doesn't exist or is not a file, so skip deletion of app client build system
09:45:45.105 [main] INFO  k.p.s.c.buildsystem.ProjectBuilder - main project[sample_test]'s web build child direcotry creation task start
09:45:45.107 [main] INFO  k.p.s.common.util.CommonStaticUtil - the new child relative direcotry[D:\gitsinnori\sinnori\project\sample_test][client_build/web_build/corelib/ex] was created successfully
09:45:45.108 [main] INFO  k.p.s.common.util.CommonStaticUtil - the new child relative direcotry[D:\gitsinnori\sinnori\project\sample_test][client_build/web_build/corelib/in] was created successfully
09:45:45.110 [main] INFO  k.p.s.common.util.CommonStaticUtil - the new child relative direcotry[D:\gitsinnori\sinnori\project\sample_test][client_build/web_build/lib/main/ex] was created successfully
09:45:45.111 [main] INFO  k.p.s.common.util.CommonStaticUtil - the new child relative direcotry[D:\gitsinnori\sinnori\project\sample_test][client_build/web_build/lib/main/in] was created successfully
09:45:45.111 [main] INFO  k.p.s.common.util.CommonStaticUtil - the new child relative direcotry[D:\gitsinnori\sinnori\project\sample_test][client_build/web_build/lib/test] was created successfully
09:45:45.118 [main] INFO  k.p.s.common.util.CommonStaticUtil - the new child relative direcotry[D:\gitsinnori\sinnori\project\sample_test][client_build/web_build/src/main/java/kr/pe/sinnori/impl/message] was created successfully
09:45:45.118 [main] INFO  k.p.s.common.util.CommonStaticUtil - the new child relative direcotry[D:\gitsinnori\sinnori\project\sample_test][client_build/web_build/src/main/java//kr/pe/sinnori/servlet] was created successfully
09:45:45.120 [main] INFO  k.p.s.common.util.CommonStaticUtil - the new child relative direcotry[D:\gitsinnori\sinnori\project\sample_test][client_build/web_build/src/main/java/kr/pe/sinnori/weblib/common] was created successfully
09:45:45.121 [main] INFO  k.p.s.common.util.CommonStaticUtil - the new child relative direcotry[D:\gitsinnori\sinnori\project\sample_test][client_build/web_build/src/main/java/kr/pe/sinnori/weblib/htmlstring] was created successfully
09:45:45.121 [main] INFO  k.p.s.common.util.CommonStaticUtil - the new child relative direcotry[D:\gitsinnori\sinnori\project\sample_test][client_build/web_build/src/main/java/kr/pe/sinnori/weblib/jdf] was created successfully
09:45:45.123 [main] INFO  k.p.s.common.util.CommonStaticUtil - the new child relative direcotry[D:\gitsinnori\sinnori\project\sample_test][client_build/web_build/src/test/java] was created successfully
09:45:45.123 [main] INFO  k.p.s.common.util.CommonStaticUtil - the new child relative direcotry[D:\gitsinnori\sinnori\project\sample_test][client_build/web_build/build] was created successfully
09:45:45.123 [main] INFO  k.p.s.common.util.CommonStaticUtil - the new child relative direcotry[D:\gitsinnori\sinnori\project\sample_test][client_build/web_build/dist] was created successfully
09:45:45.124 [main] INFO  k.p.s.c.buildsystem.ProjectBuilder - main project[sample_test]'s web build child direcotry creation task end
09:45:45.124 [main] INFO  k.p.s.c.buildsystem.ProjectBuilder - main project[sample_test]'s web client build system files creation task start
09:45:45.124 [main] INFO  k.p.s.c.buildsystem.ProjectBuilder - main project[sample_test]'s web client ant build.xml file creation task start
09:45:45.127 [main] INFO  k.p.s.c.buildsystem.ProjectBuilder - main project[sample_test]'s web client ant build.xml file creation task end
09:45:45.127 [main] INFO  k.p.s.c.buildsystem.ProjectBuilder - main project[sample_test]'s web client ant properties file creation task start
09:45:45.127 [main] INFO  k.p.s.c.util.SequencedPropertiesUtil - the sequenced properties file[D:\gitsinnori\sinnori\project\sample_test\client_build\web_build\webAnt.properties] was created
09:45:45.135 [main] INFO  k.p.s.c.buildsystem.ProjectBuilder - main project[sample_test]'s web client ant properties file creation task end
09:45:45.135 [main] INFO  k.p.s.c.buildsystem.ProjectBuilder - main project[sample_test]'s web client message io file set creation task start
09:45:45.136 [main] INFO  k.p.s.common.util.CommonStaticUtil - the new child relative direcotry[D:\gitsinnori\sinnori\project\sample_test\client_build\web_build\src\main\java\kr\pe\sinnori\impl\message][Echo] was created successfully
09:45:45.136 [main] INFO  k.p.s.c.buildsystem.ProjectBuilder - main project[sample_test]'s message file[Echo][D:\gitsinnori\sinnori\project\sample_test\client_build\web_build\src\main\java\kr\pe\sinnori\impl\message] creation task start
09:45:45.142 [main] INFO  k.p.s.c.buildsystem.ProjectBuilder - main project[sample_test]'s message file[Echo][D:\gitsinnori\sinnori\project\sample_test\client_build\web_build\src\main\java\kr\pe\sinnori\impl\message] creation task end
09:45:45.142 [main] INFO  k.p.s.c.buildsystem.ProjectBuilder - main project[sample_test]'s message decoder file[Echo][D:\gitsinnori\sinnori\project\sample_test\client_build\web_build\src\main\java\kr\pe\sinnori\impl\message] creation task start
09:45:45.149 [main] INFO  k.p.s.c.buildsystem.ProjectBuilder - main project[sample_test]'s message decoder file[Echo][D:\gitsinnori\sinnori\project\sample_test\client_build\web_build\src\main\java\kr\pe\sinnori\impl\message] creation task end
09:45:45.149 [main] INFO  k.p.s.c.buildsystem.ProjectBuilder - main project[sample_test]'s message encoder file[Echo][D:\gitsinnori\sinnori\project\sample_test\client_build\web_build\src\main\java\kr\pe\sinnori\impl\message] creation task start
09:45:45.153 [main] INFO  k.p.s.c.buildsystem.ProjectBuilder - main project[sample_test]'s message encoder file[Echo][D:\gitsinnori\sinnori\project\sample_test\client_build\web_build\src\main\java\kr\pe\sinnori\impl\message] creation task end
09:45:45.153 [main] INFO  k.p.s.c.buildsystem.ProjectBuilder - main project[sample_test]'s message server codec file[Echo][D:\gitsinnori\sinnori\project\sample_test\client_build\web_build\src\main\java\kr\pe\sinnori\impl\message] creation task start
09:45:45.155 [main] INFO  k.p.s.c.buildsystem.ProjectBuilder - main project[sample_test]'s message server codec file[Echo][D:\gitsinnori\sinnori\project\sample_test\client_build\web_build\src\main\java\kr\pe\sinnori\impl\message] creation task end
09:45:45.155 [main] INFO  k.p.s.c.buildsystem.ProjectBuilder - main project[sample_test]'s message client codec file[Echo][D:\gitsinnori\sinnori\project\sample_test\client_build\web_build\src\main\java\kr\pe\sinnori\impl\message] creation task start
09:45:45.157 [main] INFO  k.p.s.c.buildsystem.ProjectBuilder - main project[sample_test]'s message client codec file[Echo][D:\gitsinnori\sinnori\project\sample_test\client_build\web_build\src\main\java\kr\pe\sinnori\impl\message] creation task end
09:45:45.157 [main] INFO  k.p.s.common.util.CommonStaticUtil - the new child relative direcotry[D:\gitsinnori\sinnori\project\sample_test\client_build\web_build\src\main\java\kr\pe\sinnori\impl\message][PublicKeyReq] was created successfully
09:45:45.157 [main] INFO  k.p.s.c.buildsystem.ProjectBuilder - main project[sample_test]'s message file[PublicKeyReq][D:\gitsinnori\sinnori\project\sample_test\client_build\web_build\src\main\java\kr\pe\sinnori\impl\message] creation task start
09:45:45.161 [main] INFO  k.p.s.c.buildsystem.ProjectBuilder - main project[sample_test]'s message file[PublicKeyReq][D:\gitsinnori\sinnori\project\sample_test\client_build\web_build\src\main\java\kr\pe\sinnori\impl\message] creation task end
09:45:45.161 [main] INFO  k.p.s.c.buildsystem.ProjectBuilder - main project[sample_test]'s message decoder file[PublicKeyReq][D:\gitsinnori\sinnori\project\sample_test\client_build\web_build\src\main\java\kr\pe\sinnori\impl\message] creation task start
09:45:45.164 [main] INFO  k.p.s.c.buildsystem.ProjectBuilder - main project[sample_test]'s message decoder file[PublicKeyReq][D:\gitsinnori\sinnori\project\sample_test\client_build\web_build\src\main\java\kr\pe\sinnori\impl\message] creation task end
09:45:45.164 [main] INFO  k.p.s.c.buildsystem.ProjectBuilder - main project[sample_test]'s message encoder file[PublicKeyReq][D:\gitsinnori\sinnori\project\sample_test\client_build\web_build\src\main\java\kr\pe\sinnori\impl\message] creation task start
09:45:45.167 [main] INFO  k.p.s.c.buildsystem.ProjectBuilder - main project[sample_test]'s message encoder file[PublicKeyReq][D:\gitsinnori\sinnori\project\sample_test\client_build\web_build\src\main\java\kr\pe\sinnori\impl\message] creation task end
09:45:45.167 [main] INFO  k.p.s.c.buildsystem.ProjectBuilder - main project[sample_test]'s message server codec file[PublicKeyReq][D:\gitsinnori\sinnori\project\sample_test\client_build\web_build\src\main\java\kr\pe\sinnori\impl\message] creation task start
09:45:45.169 [main] INFO  k.p.s.c.buildsystem.ProjectBuilder - main project[sample_test]'s message server codec file[PublicKeyReq][D:\gitsinnori\sinnori\project\sample_test\client_build\web_build\src\main\java\kr\pe\sinnori\impl\message] creation task end
09:45:45.169 [main] INFO  k.p.s.c.buildsystem.ProjectBuilder - main project[sample_test]'s message client codec file[PublicKeyReq][D:\gitsinnori\sinnori\project\sample_test\client_build\web_build\src\main\java\kr\pe\sinnori\impl\message] creation task start
09:45:45.171 [main] INFO  k.p.s.c.buildsystem.ProjectBuilder - main project[sample_test]'s message client codec file[PublicKeyReq][D:\gitsinnori\sinnori\project\sample_test\client_build\web_build\src\main\java\kr\pe\sinnori\impl\message] creation task end
09:45:45.172 [main] INFO  k.p.s.common.util.CommonStaticUtil - the new child relative direcotry[D:\gitsinnori\sinnori\project\sample_test\client_build\web_build\src\main\java\kr\pe\sinnori\impl\message][PublicKeyRes] was created successfully
09:45:45.172 [main] INFO  k.p.s.c.buildsystem.ProjectBuilder - main project[sample_test]'s message file[PublicKeyRes][D:\gitsinnori\sinnori\project\sample_test\client_build\web_build\src\main\java\kr\pe\sinnori\impl\message] creation task start
09:45:45.176 [main] INFO  k.p.s.c.buildsystem.ProjectBuilder - main project[sample_test]'s message file[PublicKeyRes][D:\gitsinnori\sinnori\project\sample_test\client_build\web_build\src\main\java\kr\pe\sinnori\impl\message] creation task end
09:45:45.176 [main] INFO  k.p.s.c.buildsystem.ProjectBuilder - main project[sample_test]'s message decoder file[PublicKeyRes][D:\gitsinnori\sinnori\project\sample_test\client_build\web_build\src\main\java\kr\pe\sinnori\impl\message] creation task start
09:45:45.179 [main] INFO  k.p.s.c.buildsystem.ProjectBuilder - main project[sample_test]'s message decoder file[PublicKeyRes][D:\gitsinnori\sinnori\project\sample_test\client_build\web_build\src\main\java\kr\pe\sinnori\impl\message] creation task end
09:45:45.179 [main] INFO  k.p.s.c.buildsystem.ProjectBuilder - main project[sample_test]'s message encoder file[PublicKeyRes][D:\gitsinnori\sinnori\project\sample_test\client_build\web_build\src\main\java\kr\pe\sinnori\impl\message] creation task start
09:45:45.183 [main] INFO  k.p.s.c.buildsystem.ProjectBuilder - main project[sample_test]'s message encoder file[PublicKeyRes][D:\gitsinnori\sinnori\project\sample_test\client_build\web_build\src\main\java\kr\pe\sinnori\impl\message] creation task end
09:45:45.183 [main] INFO  k.p.s.c.buildsystem.ProjectBuilder - main project[sample_test]'s message server codec file[PublicKeyRes][D:\gitsinnori\sinnori\project\sample_test\client_build\web_build\src\main\java\kr\pe\sinnori\impl\message] creation task start
09:45:45.184 [main] INFO  k.p.s.c.buildsystem.ProjectBuilder - main project[sample_test]'s message server codec file[PublicKeyRes][D:\gitsinnori\sinnori\project\sample_test\client_build\web_build\src\main\java\kr\pe\sinnori\impl\message] creation task end
09:45:45.184 [main] INFO  k.p.s.c.buildsystem.ProjectBuilder - main project[sample_test]'s message client codec file[PublicKeyRes][D:\gitsinnori\sinnori\project\sample_test\client_build\web_build\src\main\java\kr\pe\sinnori\impl\message] creation task start
09:45:45.186 [main] INFO  k.p.s.c.buildsystem.ProjectBuilder - main project[sample_test]'s message client codec file[PublicKeyRes][D:\gitsinnori\sinnori\project\sample_test\client_build\web_build\src\main\java\kr\pe\sinnori\impl\message] creation task end
09:45:45.187 [main] INFO  k.p.s.c.buildsystem.ProjectBuilder - main project[sample_test]'s web client message io file set creation task end
09:45:45.187 [main] INFO  k.p.s.c.buildsystem.ProjectBuilder - mainproject[sample_test]'s web client sample source files copy task start
09:45:45.243 [main] INFO  k.p.s.c.buildsystem.ProjectBuilder - mainproject[sample_test]'s web client sample source files copy task end
09:45:45.243 [main] INFO  k.p.s.c.buildsystem.ProjectBuilder - main project[sample_test]'s web client build system files creation task end
09:45:45.243 [main] INFO  k.p.s.c.buildsystem.ProjectBuilder - main project[sample_test]'s web root child direcotry creation task start
09:45:45.243 [main] INFO  k.p.s.common.util.CommonStaticUtil - the child relative direcotry[D:\gitsinnori\sinnori\project\sample_test][web_app_base/upload] exist, so nothing
09:45:45.244 [main] INFO  k.p.s.common.util.CommonStaticUtil - the new child relative direcotry[D:\gitsinnori\sinnori\project\sample_test][web_app_base/ROOT/WEB-INF/classes] was created successfully
09:45:45.244 [main] INFO  k.p.s.common.util.CommonStaticUtil - the new child relative direcotry[D:\gitsinnori\sinnori\project\sample_test][web_app_base/ROOT/WEB-INF/lib] was created successfully
09:45:45.244 [main] INFO  k.p.s.c.buildsystem.ProjectBuilder - main project[sample_test]'s web root child direcotry creation task end
09:45:45.244 [main] INFO  k.p.s.c.buildsystem.ProjectBuilder - main project[sample_test]'s web root sample files creation task start
09:45:45.244 [main] INFO  k.p.s.c.buildsystem.ProjectBuilder - main project[sample_test]'s web root sample files copy task start
09:45:45.250 [main] INFO  k.p.s.c.buildsystem.ProjectBuilder - main project[sample_test]'s web root sample files copy task end
09:45:45.250 [main] INFO  k.p.s.c.buildsystem.ProjectBuilder - main project[sample_test]'s web root sample files creation task end
09:45:45.250 [main] INFO  k.p.s.c.buildsystem.ProjectBuilder - main project[sample_test]'s config file overwrite task start
09:45:45.254 [main] INFO  k.p.s.c.buildsystem.ProjectBuilder - main project[sample_test]'s config file overwrite task end
09:45:45.254 [main] INFO  k.p.s.c.buildsystem.ProjectBuilder - main project[sample_test] changeProjectState method end
09:45:45.254 [main] INFO  k.p.s.c.buildsystem.ProjectBuilder - the app client ant build.xml file[D:\gitsinnori\sinnori\project\sample_test\client_build\app_build\build.xml] is bad :: whetherExist[false] isFile[false]
09:45:45.254 [main] INFO  k.p.s.c.buildsystem.ProjectBuilder - main project[sample_test] changeProjectState method start
09:45:45.254 [main] WARN  k.p.s.c.buildsystem.ProjectBuilder - the server build path[D:\gitsinnori\sinnori\project\sample_test\server_build] exist, so skip creation of server build system
09:45:45.254 [main] INFO  k.p.s.c.buildsystem.ProjectBuilder - main project[sample_test]'s application build child direcotry creation task start
09:45:45.255 [main] INFO  k.p.s.common.util.CommonStaticUtil - the new child relative direcotry[D:\gitsinnori\sinnori\project\sample_test][client_build/app_build/corelib/ex] was created successfully
09:45:45.255 [main] INFO  k.p.s.common.util.CommonStaticUtil - the new child relative direcotry[D:\gitsinnori\sinnori\project\sample_test][client_build/app_build/corelib/in] was created successfully
09:45:45.255 [main] INFO  k.p.s.common.util.CommonStaticUtil - the new child relative direcotry[D:\gitsinnori\sinnori\project\sample_test][client_build/app_build/lib/main/ex] was created successfully
09:45:45.256 [main] INFO  k.p.s.common.util.CommonStaticUtil - the new child relative direcotry[D:\gitsinnori\sinnori\project\sample_test][client_build/app_build/lib/main/in] was created successfully
09:45:45.256 [main] INFO  k.p.s.common.util.CommonStaticUtil - the new child relative direcotry[D:\gitsinnori\sinnori\project\sample_test][client_build/app_build/lib/test] was created successfully
09:45:45.259 [main] INFO  k.p.s.common.util.CommonStaticUtil - the new child relative direcotry[D:\gitsinnori\sinnori\project\sample_test][client_build/app_build/src/main/java/kr/pe/sinnori/impl/message] was created successfully
09:45:45.259 [main] INFO  k.p.s.common.util.CommonStaticUtil - the new child relative direcotry[D:\gitsinnori\sinnori\project\sample_test][client_build/app_build/src/main/java/main] was created successfully
09:45:45.292 [main] INFO  k.p.s.common.util.CommonStaticUtil - the new child relative direcotry[D:\gitsinnori\sinnori\project\sample_test][client_build/app_build/src/test/java] was created successfully
09:45:45.292 [main] INFO  k.p.s.common.util.CommonStaticUtil - the new child relative direcotry[D:\gitsinnori\sinnori\project\sample_test][client_build/app_build/build] was created successfully
09:45:45.292 [main] INFO  k.p.s.common.util.CommonStaticUtil - the new child relative direcotry[D:\gitsinnori\sinnori\project\sample_test][client_build/app_build/dist] was created successfully
09:45:45.292 [main] INFO  k.p.s.c.buildsystem.ProjectBuilder - main project[sample_test]'s application build child direcotry creation task end
09:45:45.292 [main] INFO  k.p.s.c.buildsystem.ProjectBuilder - mainproject[sample_test]'s application client build system files creation task start
09:45:45.292 [main] INFO  k.p.s.c.buildsystem.ProjectBuilder - main project[sample_test]'s application client ant build.xml file creation task start
09:45:45.294 [main] INFO  k.p.s.c.buildsystem.ProjectBuilder - main project[sample_test]'s application client ant build.xml file creation task end
09:45:45.294 [main] INFO  k.p.s.c.buildsystem.ProjectBuilder - main project[sample_test]'s application client dos shell file creation task start
09:45:45.302 [main] INFO  k.p.s.c.buildsystem.ProjectBuilder - main project[sample_test]'s application client dos shell file creation task end
09:45:45.302 [main] INFO  k.p.s.c.buildsystem.ProjectBuilder - main project[sample_test]'s application client unix shell file creation task start
09:45:45.304 [main] INFO  k.p.s.c.buildsystem.ProjectBuilder - main project[sample_test]'s application client unix shell file creation task end
09:45:45.304 [main] INFO  k.p.s.c.buildsystem.ProjectBuilder - application client sample source files copy task start
09:45:45.317 [main] INFO  k.p.s.c.buildsystem.ProjectBuilder - application client sample source files copy task end
09:45:45.317 [main] INFO  k.p.s.c.buildsystem.ProjectBuilder - main project[sample_test]'s application client message io file set creation task start
09:45:45.317 [main] INFO  k.p.s.common.util.CommonStaticUtil - the new child relative direcotry[D:\gitsinnori\sinnori\project\sample_test\client_build\app_build\src\main\java\kr\pe\sinnori\impl\message][Echo] was created successfully
09:45:45.317 [main] INFO  k.p.s.c.buildsystem.ProjectBuilder - main project[sample_test]'s message file[Echo][D:\gitsinnori\sinnori\project\sample_test\client_build\app_build\src\main\java\kr\pe\sinnori\impl\message] creation task start
09:45:45.320 [main] INFO  k.p.s.c.buildsystem.ProjectBuilder - main project[sample_test]'s message file[Echo][D:\gitsinnori\sinnori\project\sample_test\client_build\app_build\src\main\java\kr\pe\sinnori\impl\message] creation task end
09:45:45.320 [main] INFO  k.p.s.c.buildsystem.ProjectBuilder - main project[sample_test]'s message decoder file[Echo][D:\gitsinnori\sinnori\project\sample_test\client_build\app_build\src\main\java\kr\pe\sinnori\impl\message] creation task start
09:45:45.323 [main] INFO  k.p.s.c.buildsystem.ProjectBuilder - main project[sample_test]'s message decoder file[Echo][D:\gitsinnori\sinnori\project\sample_test\client_build\app_build\src\main\java\kr\pe\sinnori\impl\message] creation task end
09:45:45.323 [main] INFO  k.p.s.c.buildsystem.ProjectBuilder - main project[sample_test]'s message encoder file[Echo][D:\gitsinnori\sinnori\project\sample_test\client_build\app_build\src\main\java\kr\pe\sinnori\impl\message] creation task start
09:45:45.326 [main] INFO  k.p.s.c.buildsystem.ProjectBuilder - main project[sample_test]'s message encoder file[Echo][D:\gitsinnori\sinnori\project\sample_test\client_build\app_build\src\main\java\kr\pe\sinnori\impl\message] creation task end
09:45:45.326 [main] INFO  k.p.s.c.buildsystem.ProjectBuilder - main project[sample_test]'s message server codec file[Echo][D:\gitsinnori\sinnori\project\sample_test\client_build\app_build\src\main\java\kr\pe\sinnori\impl\message] creation task start
09:45:45.327 [main] INFO  k.p.s.c.buildsystem.ProjectBuilder - main project[sample_test]'s message server codec file[Echo][D:\gitsinnori\sinnori\project\sample_test\client_build\app_build\src\main\java\kr\pe\sinnori\impl\message] creation task end
09:45:45.327 [main] INFO  k.p.s.c.buildsystem.ProjectBuilder - main project[sample_test]'s message client codec file[Echo][D:\gitsinnori\sinnori\project\sample_test\client_build\app_build\src\main\java\kr\pe\sinnori\impl\message] creation task start
09:45:45.328 [main] INFO  k.p.s.c.buildsystem.ProjectBuilder - main project[sample_test]'s message client codec file[Echo][D:\gitsinnori\sinnori\project\sample_test\client_build\app_build\src\main\java\kr\pe\sinnori\impl\message] creation task end
09:45:45.328 [main] INFO  k.p.s.common.util.CommonStaticUtil - the new child relative direcotry[D:\gitsinnori\sinnori\project\sample_test\client_build\app_build\src\main\java\kr\pe\sinnori\impl\message][PublicKeyReq] was created successfully
09:45:45.328 [main] INFO  k.p.s.c.buildsystem.ProjectBuilder - main project[sample_test]'s message file[PublicKeyReq][D:\gitsinnori\sinnori\project\sample_test\client_build\app_build\src\main\java\kr\pe\sinnori\impl\message] creation task start
09:45:45.331 [main] INFO  k.p.s.c.buildsystem.ProjectBuilder - main project[sample_test]'s message file[PublicKeyReq][D:\gitsinnori\sinnori\project\sample_test\client_build\app_build\src\main\java\kr\pe\sinnori\impl\message] creation task end
09:45:45.331 [main] INFO  k.p.s.c.buildsystem.ProjectBuilder - main project[sample_test]'s message decoder file[PublicKeyReq][D:\gitsinnori\sinnori\project\sample_test\client_build\app_build\src\main\java\kr\pe\sinnori\impl\message] creation task start
09:45:45.334 [main] INFO  k.p.s.c.buildsystem.ProjectBuilder - main project[sample_test]'s message decoder file[PublicKeyReq][D:\gitsinnori\sinnori\project\sample_test\client_build\app_build\src\main\java\kr\pe\sinnori\impl\message] creation task end
09:45:45.413 [main] INFO  k.p.s.c.buildsystem.ProjectBuilder - main project[sample_test]'s message encoder file[PublicKeyReq][D:\gitsinnori\sinnori\project\sample_test\client_build\app_build\src\main\java\kr\pe\sinnori\impl\message] creation task start
09:45:45.420 [main] INFO  k.p.s.c.buildsystem.ProjectBuilder - main project[sample_test]'s message encoder file[PublicKeyReq][D:\gitsinnori\sinnori\project\sample_test\client_build\app_build\src\main\java\kr\pe\sinnori\impl\message] creation task end
09:45:45.420 [main] INFO  k.p.s.c.buildsystem.ProjectBuilder - main project[sample_test]'s message server codec file[PublicKeyReq][D:\gitsinnori\sinnori\project\sample_test\client_build\app_build\src\main\java\kr\pe\sinnori\impl\message] creation task start
09:45:45.425 [main] INFO  k.p.s.c.buildsystem.ProjectBuilder - main project[sample_test]'s message server codec file[PublicKeyReq][D:\gitsinnori\sinnori\project\sample_test\client_build\app_build\src\main\java\kr\pe\sinnori\impl\message] creation task end
09:45:45.425 [main] INFO  k.p.s.c.buildsystem.ProjectBuilder - main project[sample_test]'s message client codec file[PublicKeyReq][D:\gitsinnori\sinnori\project\sample_test\client_build\app_build\src\main\java\kr\pe\sinnori\impl\message] creation task start
09:45:45.428 [main] INFO  k.p.s.c.buildsystem.ProjectBuilder - main project[sample_test]'s message client codec file[PublicKeyReq][D:\gitsinnori\sinnori\project\sample_test\client_build\app_build\src\main\java\kr\pe\sinnori\impl\message] creation task end
09:45:45.429 [main] INFO  k.p.s.common.util.CommonStaticUtil - the new child relative direcotry[D:\gitsinnori\sinnori\project\sample_test\client_build\app_build\src\main\java\kr\pe\sinnori\impl\message][PublicKeyRes] was created successfully
09:45:45.429 [main] INFO  k.p.s.c.buildsystem.ProjectBuilder - main project[sample_test]'s message file[PublicKeyRes][D:\gitsinnori\sinnori\project\sample_test\client_build\app_build\src\main\java\kr\pe\sinnori\impl\message] creation task start
09:45:45.439 [main] INFO  k.p.s.c.buildsystem.ProjectBuilder - main project[sample_test]'s message file[PublicKeyRes][D:\gitsinnori\sinnori\project\sample_test\client_build\app_build\src\main\java\kr\pe\sinnori\impl\message] creation task end
09:45:45.439 [main] INFO  k.p.s.c.buildsystem.ProjectBuilder - main project[sample_test]'s message decoder file[PublicKeyRes][D:\gitsinnori\sinnori\project\sample_test\client_build\app_build\src\main\java\kr\pe\sinnori\impl\message] creation task start
09:45:45.450 [main] INFO  k.p.s.c.buildsystem.ProjectBuilder - main project[sample_test]'s message decoder file[PublicKeyRes][D:\gitsinnori\sinnori\project\sample_test\client_build\app_build\src\main\java\kr\pe\sinnori\impl\message] creation task end
09:45:45.451 [main] INFO  k.p.s.c.buildsystem.ProjectBuilder - main project[sample_test]'s message encoder file[PublicKeyRes][D:\gitsinnori\sinnori\project\sample_test\client_build\app_build\src\main\java\kr\pe\sinnori\impl\message] creation task start
09:45:45.458 [main] INFO  k.p.s.c.buildsystem.ProjectBuilder - main project[sample_test]'s message encoder file[PublicKeyRes][D:\gitsinnori\sinnori\project\sample_test\client_build\app_build\src\main\java\kr\pe\sinnori\impl\message] creation task end
09:45:45.458 [main] INFO  k.p.s.c.buildsystem.ProjectBuilder - main project[sample_test]'s message server codec file[PublicKeyRes][D:\gitsinnori\sinnori\project\sample_test\client_build\app_build\src\main\java\kr\pe\sinnori\impl\message] creation task start
09:45:45.459 [main] INFO  k.p.s.c.buildsystem.ProjectBuilder - main project[sample_test]'s message server codec file[PublicKeyRes][D:\gitsinnori\sinnori\project\sample_test\client_build\app_build\src\main\java\kr\pe\sinnori\impl\message] creation task end
09:45:45.459 [main] INFO  k.p.s.c.buildsystem.ProjectBuilder - main project[sample_test]'s message client codec file[PublicKeyRes][D:\gitsinnori\sinnori\project\sample_test\client_build\app_build\src\main\java\kr\pe\sinnori\impl\message] creation task start
09:45:45.461 [main] INFO  k.p.s.c.buildsystem.ProjectBuilder - main project[sample_test]'s message client codec file[PublicKeyRes][D:\gitsinnori\sinnori\project\sample_test\client_build\app_build\src\main\java\kr\pe\sinnori\impl\message] creation task end
09:45:45.461 [main] INFO  k.p.s.c.buildsystem.ProjectBuilder - main project[sample_test]'s application client message io file set creation task end
09:45:45.461 [main] INFO  k.p.s.c.buildsystem.ProjectBuilder - mainproject[sample_test]'s application client build system files creation task end
09:45:45.461 [main] INFO  k.p.s.c.buildsystem.ProjectBuilder - main project[sample_test]'s web client build path deletion task start
09:45:45.480 [main] INFO  k.p.s.c.buildsystem.ProjectBuilder - main project[sample_test]'s web client build path deletion task end
09:45:45.480 [main] INFO  k.p.s.c.buildsystem.ProjectBuilder - main project[sample_test]'s web root path deletion task start
09:45:45.482 [main] INFO  k.p.s.c.buildsystem.ProjectBuilder - main project[sample_test]'s web root path deletion task end
09:45:45.482 [main] INFO  k.p.s.c.buildsystem.ProjectBuilder - main project[sample_test]'s config file overwrite task start
09:45:45.487 [main] INFO  k.p.s.c.buildsystem.ProjectBuilder - main project[sample_test]'s config file overwrite task end
09:45:45.487 [main] INFO  k.p.s.c.buildsystem.ProjectBuilder - main project[sample_test] changeProjectState method end
09:45:45.487 [main] INFO  k.p.s.c.buildsystem.ProjectBuilder - the web client ant build.xml file[D:\gitsinnori\sinnori\project\sample_test\client_build\web_build\build.xml] is bad :: whetherExist[false] isFile[false]
09:45:45.487 [main] INFO  k.p.s.c.buildsystem.ProjectBuilder - the web.xml file[D:\gitsinnori\sinnori\project\sample_test\web_app_base\ROOT\WEB-INF\web.xml] located at web root directory is bad :: whetherExist[false] isFile[false]
09:45:45.487 [main] INFO  k.p.s.c.buildsystem.ProjectBuilder - main project[sample_test] changeProjectState method start
09:45:45.487 [main] WARN  k.p.s.c.buildsystem.ProjectBuilder - the server build path[D:\gitsinnori\sinnori\project\sample_test\server_build] exist, so skip creation of server build system
09:45:45.487 [main] WARN  k.p.s.c.buildsystem.ProjectBuilder - the app client build path[D:\gitsinnori\sinnori\project\sample_test\client_build\app_build] exist, so skip creation of app client build system
09:45:45.487 [main] INFO  k.p.s.c.buildsystem.ProjectBuilder - main project[sample_test]'s web build child direcotry creation task start
09:45:45.488 [main] INFO  k.p.s.common.util.CommonStaticUtil - the new child relative direcotry[D:\gitsinnori\sinnori\project\sample_test][client_build/web_build/corelib/ex] was created successfully
09:45:45.489 [main] INFO  k.p.s.common.util.CommonStaticUtil - the new child relative direcotry[D:\gitsinnori\sinnori\project\sample_test][client_build/web_build/corelib/in] was created successfully
09:45:45.489 [main] INFO  k.p.s.common.util.CommonStaticUtil - the new child relative direcotry[D:\gitsinnori\sinnori\project\sample_test][client_build/web_build/lib/main/ex] was created successfully
09:45:45.489 [main] INFO  k.p.s.common.util.CommonStaticUtil - the new child relative direcotry[D:\gitsinnori\sinnori\project\sample_test][client_build/web_build/lib/main/in] was created successfully
09:45:45.490 [main] INFO  k.p.s.common.util.CommonStaticUtil - the new child relative direcotry[D:\gitsinnori\sinnori\project\sample_test][client_build/web_build/lib/test] was created successfully
09:45:45.492 [main] INFO  k.p.s.common.util.CommonStaticUtil - the new child relative direcotry[D:\gitsinnori\sinnori\project\sample_test][client_build/web_build/src/main/java/kr/pe/sinnori/impl/message] was created successfully
09:45:45.493 [main] INFO  k.p.s.common.util.CommonStaticUtil - the new child relative direcotry[D:\gitsinnori\sinnori\project\sample_test][client_build/web_build/src/main/java//kr/pe/sinnori/servlet] was created successfully
09:45:45.493 [main] INFO  k.p.s.common.util.CommonStaticUtil - the new child relative direcotry[D:\gitsinnori\sinnori\project\sample_test][client_build/web_build/src/main/java/kr/pe/sinnori/weblib/common] was created successfully
09:45:45.494 [main] INFO  k.p.s.common.util.CommonStaticUtil - the new child relative direcotry[D:\gitsinnori\sinnori\project\sample_test][client_build/web_build/src/main/java/kr/pe/sinnori/weblib/htmlstring] was created successfully
09:45:45.494 [main] INFO  k.p.s.common.util.CommonStaticUtil - the new child relative direcotry[D:\gitsinnori\sinnori\project\sample_test][client_build/web_build/src/main/java/kr/pe/sinnori/weblib/jdf] was created successfully
09:45:45.494 [main] INFO  k.p.s.common.util.CommonStaticUtil - the new child relative direcotry[D:\gitsinnori\sinnori\project\sample_test][client_build/web_build/src/test/java] was created successfully
09:45:45.495 [main] INFO  k.p.s.common.util.CommonStaticUtil - the new child relative direcotry[D:\gitsinnori\sinnori\project\sample_test][client_build/web_build/build] was created successfully
09:45:45.495 [main] INFO  k.p.s.common.util.CommonStaticUtil - the new child relative direcotry[D:\gitsinnori\sinnori\project\sample_test][client_build/web_build/dist] was created successfully
09:45:45.495 [main] INFO  k.p.s.c.buildsystem.ProjectBuilder - main project[sample_test]'s web build child direcotry creation task end
09:45:45.583 [main] INFO  k.p.s.c.buildsystem.ProjectBuilder - main project[sample_test]'s web client build system files creation task start
09:45:45.583 [main] INFO  k.p.s.c.buildsystem.ProjectBuilder - main project[sample_test]'s web client ant build.xml file creation task start
09:45:45.586 [main] INFO  k.p.s.c.buildsystem.ProjectBuilder - main project[sample_test]'s web client ant build.xml file creation task end
09:45:45.586 [main] INFO  k.p.s.c.buildsystem.ProjectBuilder - main project[sample_test]'s web client ant properties file creation task start
09:45:45.587 [main] INFO  k.p.s.c.util.SequencedPropertiesUtil - the sequenced properties file[D:\gitsinnori\sinnori\project\sample_test\client_build\web_build\webAnt.properties] was created
09:45:45.590 [main] INFO  k.p.s.c.buildsystem.ProjectBuilder - main project[sample_test]'s web client ant properties file creation task end
09:45:45.590 [main] INFO  k.p.s.c.buildsystem.ProjectBuilder - main project[sample_test]'s web client message io file set creation task start
09:45:45.590 [main] INFO  k.p.s.common.util.CommonStaticUtil - the new child relative direcotry[D:\gitsinnori\sinnori\project\sample_test\client_build\web_build\src\main\java\kr\pe\sinnori\impl\message][Echo] was created successfully
09:45:45.590 [main] INFO  k.p.s.c.buildsystem.ProjectBuilder - main project[sample_test]'s message file[Echo][D:\gitsinnori\sinnori\project\sample_test\client_build\web_build\src\main\java\kr\pe\sinnori\impl\message] creation task start
09:45:45.598 [main] INFO  k.p.s.c.buildsystem.ProjectBuilder - main project[sample_test]'s message file[Echo][D:\gitsinnori\sinnori\project\sample_test\client_build\web_build\src\main\java\kr\pe\sinnori\impl\message] creation task end
09:45:45.598 [main] INFO  k.p.s.c.buildsystem.ProjectBuilder - main project[sample_test]'s message decoder file[Echo][D:\gitsinnori\sinnori\project\sample_test\client_build\web_build\src\main\java\kr\pe\sinnori\impl\message] creation task start
09:45:45.605 [main] INFO  k.p.s.c.buildsystem.ProjectBuilder - main project[sample_test]'s message decoder file[Echo][D:\gitsinnori\sinnori\project\sample_test\client_build\web_build\src\main\java\kr\pe\sinnori\impl\message] creation task end
09:45:45.605 [main] INFO  k.p.s.c.buildsystem.ProjectBuilder - main project[sample_test]'s message encoder file[Echo][D:\gitsinnori\sinnori\project\sample_test\client_build\web_build\src\main\java\kr\pe\sinnori\impl\message] creation task start
09:45:45.612 [main] INFO  k.p.s.c.buildsystem.ProjectBuilder - main project[sample_test]'s message encoder file[Echo][D:\gitsinnori\sinnori\project\sample_test\client_build\web_build\src\main\java\kr\pe\sinnori\impl\message] creation task end
09:45:45.612 [main] INFO  k.p.s.c.buildsystem.ProjectBuilder - main project[sample_test]'s message server codec file[Echo][D:\gitsinnori\sinnori\project\sample_test\client_build\web_build\src\main\java\kr\pe\sinnori\impl\message] creation task start
09:45:45.615 [main] INFO  k.p.s.c.buildsystem.ProjectBuilder - main project[sample_test]'s message server codec file[Echo][D:\gitsinnori\sinnori\project\sample_test\client_build\web_build\src\main\java\kr\pe\sinnori\impl\message] creation task end
09:45:45.615 [main] INFO  k.p.s.c.buildsystem.ProjectBuilder - main project[sample_test]'s message client codec file[Echo][D:\gitsinnori\sinnori\project\sample_test\client_build\web_build\src\main\java\kr\pe\sinnori\impl\message] creation task start
09:45:45.618 [main] INFO  k.p.s.c.buildsystem.ProjectBuilder - main project[sample_test]'s message client codec file[Echo][D:\gitsinnori\sinnori\project\sample_test\client_build\web_build\src\main\java\kr\pe\sinnori\impl\message] creation task end
09:45:45.618 [main] INFO  k.p.s.common.util.CommonStaticUtil - the new child relative direcotry[D:\gitsinnori\sinnori\project\sample_test\client_build\web_build\src\main\java\kr\pe\sinnori\impl\message][PublicKeyReq] was created successfully
09:45:45.618 [main] INFO  k.p.s.c.buildsystem.ProjectBuilder - main project[sample_test]'s message file[PublicKeyReq][D:\gitsinnori\sinnori\project\sample_test\client_build\web_build\src\main\java\kr\pe\sinnori\impl\message] creation task start
09:45:45.625 [main] INFO  k.p.s.c.buildsystem.ProjectBuilder - main project[sample_test]'s message file[PublicKeyReq][D:\gitsinnori\sinnori\project\sample_test\client_build\web_build\src\main\java\kr\pe\sinnori\impl\message] creation task end
09:45:45.626 [main] INFO  k.p.s.c.buildsystem.ProjectBuilder - main project[sample_test]'s message decoder file[PublicKeyReq][D:\gitsinnori\sinnori\project\sample_test\client_build\web_build\src\main\java\kr\pe\sinnori\impl\message] creation task start
09:45:45.631 [main] INFO  k.p.s.c.buildsystem.ProjectBuilder - main project[sample_test]'s message decoder file[PublicKeyReq][D:\gitsinnori\sinnori\project\sample_test\client_build\web_build\src\main\java\kr\pe\sinnori\impl\message] creation task end
09:45:45.631 [main] INFO  k.p.s.c.buildsystem.ProjectBuilder - main project[sample_test]'s message encoder file[PublicKeyReq][D:\gitsinnori\sinnori\project\sample_test\client_build\web_build\src\main\java\kr\pe\sinnori\impl\message] creation task start
09:45:45.635 [main] INFO  k.p.s.c.buildsystem.ProjectBuilder - main project[sample_test]'s message encoder file[PublicKeyReq][D:\gitsinnori\sinnori\project\sample_test\client_build\web_build\src\main\java\kr\pe\sinnori\impl\message] creation task end
09:45:45.635 [main] INFO  k.p.s.c.buildsystem.ProjectBuilder - main project[sample_test]'s message server codec file[PublicKeyReq][D:\gitsinnori\sinnori\project\sample_test\client_build\web_build\src\main\java\kr\pe\sinnori\impl\message] creation task start
09:45:45.637 [main] INFO  k.p.s.c.buildsystem.ProjectBuilder - main project[sample_test]'s message server codec file[PublicKeyReq][D:\gitsinnori\sinnori\project\sample_test\client_build\web_build\src\main\java\kr\pe\sinnori\impl\message] creation task end
09:45:45.637 [main] INFO  k.p.s.c.buildsystem.ProjectBuilder - main project[sample_test]'s message client codec file[PublicKeyReq][D:\gitsinnori\sinnori\project\sample_test\client_build\web_build\src\main\java\kr\pe\sinnori\impl\message] creation task start
09:45:45.639 [main] INFO  k.p.s.c.buildsystem.ProjectBuilder - main project[sample_test]'s message client codec file[PublicKeyReq][D:\gitsinnori\sinnori\project\sample_test\client_build\web_build\src\main\java\kr\pe\sinnori\impl\message] creation task end
09:45:45.640 [main] INFO  k.p.s.common.util.CommonStaticUtil - the new child relative direcotry[D:\gitsinnori\sinnori\project\sample_test\client_build\web_build\src\main\java\kr\pe\sinnori\impl\message][PublicKeyRes] was created successfully
09:45:45.640 [main] INFO  k.p.s.c.buildsystem.ProjectBuilder - main project[sample_test]'s message file[PublicKeyRes][D:\gitsinnori\sinnori\project\sample_test\client_build\web_build\src\main\java\kr\pe\sinnori\impl\message] creation task start
09:45:45.643 [main] INFO  k.p.s.c.buildsystem.ProjectBuilder - main project[sample_test]'s message file[PublicKeyRes][D:\gitsinnori\sinnori\project\sample_test\client_build\web_build\src\main\java\kr\pe\sinnori\impl\message] creation task end
09:45:45.643 [main] INFO  k.p.s.c.buildsystem.ProjectBuilder - main project[sample_test]'s message decoder file[PublicKeyRes][D:\gitsinnori\sinnori\project\sample_test\client_build\web_build\src\main\java\kr\pe\sinnori\impl\message] creation task start
09:45:45.646 [main] INFO  k.p.s.c.buildsystem.ProjectBuilder - main project[sample_test]'s message decoder file[PublicKeyRes][D:\gitsinnori\sinnori\project\sample_test\client_build\web_build\src\main\java\kr\pe\sinnori\impl\message] creation task end
09:45:45.646 [main] INFO  k.p.s.c.buildsystem.ProjectBuilder - main project[sample_test]'s message encoder file[PublicKeyRes][D:\gitsinnori\sinnori\project\sample_test\client_build\web_build\src\main\java\kr\pe\sinnori\impl\message] creation task start
09:45:45.649 [main] INFO  k.p.s.c.buildsystem.ProjectBuilder - main project[sample_test]'s message encoder file[PublicKeyRes][D:\gitsinnori\sinnori\project\sample_test\client_build\web_build\src\main\java\kr\pe\sinnori\impl\message] creation task end
09:45:45.649 [main] INFO  k.p.s.c.buildsystem.ProjectBuilder - main project[sample_test]'s message server codec file[PublicKeyRes][D:\gitsinnori\sinnori\project\sample_test\client_build\web_build\src\main\java\kr\pe\sinnori\impl\message] creation task start
09:45:45.651 [main] INFO  k.p.s.c.buildsystem.ProjectBuilder - main project[sample_test]'s message server codec file[PublicKeyRes][D:\gitsinnori\sinnori\project\sample_test\client_build\web_build\src\main\java\kr\pe\sinnori\impl\message] creation task end
09:45:45.651 [main] INFO  k.p.s.c.buildsystem.ProjectBuilder - main project[sample_test]'s message client codec file[PublicKeyRes][D:\gitsinnori\sinnori\project\sample_test\client_build\web_build\src\main\java\kr\pe\sinnori\impl\message] creation task start
09:45:45.652 [main] INFO  k.p.s.c.buildsystem.ProjectBuilder - main project[sample_test]'s message client codec file[PublicKeyRes][D:\gitsinnori\sinnori\project\sample_test\client_build\web_build\src\main\java\kr\pe\sinnori\impl\message] creation task end
09:45:45.652 [main] INFO  k.p.s.c.buildsystem.ProjectBuilder - main project[sample_test]'s web client message io file set creation task end
09:45:45.735 [main] INFO  k.p.s.c.buildsystem.ProjectBuilder - mainproject[sample_test]'s web client sample source files copy task start
09:45:45.795 [main] INFO  k.p.s.c.buildsystem.ProjectBuilder - mainproject[sample_test]'s web client sample source files copy task end
09:45:45.795 [main] INFO  k.p.s.c.buildsystem.ProjectBuilder - main project[sample_test]'s web client build system files creation task end
09:45:45.795 [main] INFO  k.p.s.c.buildsystem.ProjectBuilder - main project[sample_test]'s web root child direcotry creation task start
09:45:45.795 [main] INFO  k.p.s.common.util.CommonStaticUtil - the child relative direcotry[D:\gitsinnori\sinnori\project\sample_test][web_app_base/upload] exist, so nothing
09:45:45.796 [main] INFO  k.p.s.common.util.CommonStaticUtil - the new child relative direcotry[D:\gitsinnori\sinnori\project\sample_test][web_app_base/ROOT/WEB-INF/classes] was created successfully
09:45:45.796 [main] INFO  k.p.s.common.util.CommonStaticUtil - the new child relative direcotry[D:\gitsinnori\sinnori\project\sample_test][web_app_base/ROOT/WEB-INF/lib] was created successfully
09:45:45.796 [main] INFO  k.p.s.c.buildsystem.ProjectBuilder - main project[sample_test]'s web root child direcotry creation task end
09:45:45.796 [main] INFO  k.p.s.c.buildsystem.ProjectBuilder - main project[sample_test]'s web root sample files creation task start
09:45:45.796 [main] INFO  k.p.s.c.buildsystem.ProjectBuilder - main project[sample_test]'s web root sample files copy task start
09:45:45.802 [main] INFO  k.p.s.c.buildsystem.ProjectBuilder - main project[sample_test]'s web root sample files copy task end
09:45:45.802 [main] INFO  k.p.s.c.buildsystem.ProjectBuilder - main project[sample_test]'s web root sample files creation task end
09:45:45.802 [main] INFO  k.p.s.c.buildsystem.ProjectBuilder - main project[sample_test]'s config file overwrite task start
09:45:45.805 [main] INFO  k.p.s.c.buildsystem.ProjectBuilder - main project[sample_test]'s config file overwrite task end
09:45:45.805 [main] INFO  k.p.s.c.buildsystem.ProjectBuilder - main project[sample_test] changeProjectState method end
09:45:45.853 [main] INFO  k.p.s.c.buildsystem.ProjectBuilder - main project[sample_test]'s child direcotry creation task start
09:45:45.853 [main] INFO  k.p.s.c.buildsystem.ProjectBuilder - main project[sample_test]'s common child direcotry creation task start
09:45:45.853 [main] INFO  k.p.s.common.util.CommonStaticUtil - the new child relative direcotry[D:\gitsinnori\sinnori\project\sample_test][config] was created successfully
09:45:45.854 [main] INFO  k.p.s.common.util.CommonStaticUtil - the new child relative direcotry[D:\gitsinnori\sinnori\project\sample_test][resources/dbcp] was created successfully
09:45:45.854 [main] INFO  k.p.s.common.util.CommonStaticUtil - the new child relative direcotry[D:\gitsinnori\sinnori\project\sample_test][resources/message_info] was created successfully
09:45:45.854 [main] INFO  k.p.s.common.util.CommonStaticUtil - the new child relative direcotry[D:\gitsinnori\sinnori\project\sample_test][resources/rsa_keypair] was created successfully
09:45:45.854 [main] INFO  k.p.s.common.util.CommonStaticUtil - the new child relative direcotry[D:\gitsinnori\sinnori\project\sample_test][log/apache] was created successfully
09:45:45.855 [main] INFO  k.p.s.common.util.CommonStaticUtil - the new child relative direcotry[D:\gitsinnori\sinnori\project\sample_test][log/client] was created successfully
09:45:45.855 [main] INFO  k.p.s.common.util.CommonStaticUtil - the new child relative direcotry[D:\gitsinnori\sinnori\project\sample_test][log/server] was created successfully
09:45:45.855 [main] INFO  k.p.s.common.util.CommonStaticUtil - the new child relative direcotry[D:\gitsinnori\sinnori\project\sample_test][log/servlet] was created successfully
09:45:45.855 [main] INFO  k.p.s.c.buildsystem.ProjectBuilder - main project[sample_test]'s common child direcotry creation task end
09:45:45.855 [main] INFO  k.p.s.c.buildsystem.ProjectBuilder - main project[sample_test]'s server child direcotry creation task start
09:45:45.856 [main] INFO  k.p.s.common.util.CommonStaticUtil - the new child relative direcotry[D:\gitsinnori\sinnori\project\sample_test][server_build/APP-INF/classes] was created successfully
09:45:45.856 [main] INFO  k.p.s.common.util.CommonStaticUtil - the new child relative direcotry[D:\gitsinnori\sinnori\project\sample_test][server_build/corelib/ex] was created successfully
09:45:45.856 [main] INFO  k.p.s.common.util.CommonStaticUtil - the new child relative direcotry[D:\gitsinnori\sinnori\project\sample_test][server_build/corelib/in] was created successfully
09:45:45.857 [main] INFO  k.p.s.common.util.CommonStaticUtil - the new child relative direcotry[D:\gitsinnori\sinnori\project\sample_test][server_build/lib/main/ex] was created successfully
09:45:45.857 [main] INFO  k.p.s.common.util.CommonStaticUtil - the new child relative direcotry[D:\gitsinnori\sinnori\project\sample_test][server_build/lib/main/in] was created successfully
09:45:45.857 [main] INFO  k.p.s.common.util.CommonStaticUtil - the new child relative direcotry[D:\gitsinnori\sinnori\project\sample_test][server_build/lib/test] was created successfully
09:45:45.859 [main] INFO  k.p.s.common.util.CommonStaticUtil - the new child relative direcotry[D:\gitsinnori\sinnori\project\sample_test][server_build/src/main/java/kr/pe/sinnori/impl/servertask] was created successfully
09:45:45.859 [main] INFO  k.p.s.common.util.CommonStaticUtil - the new child relative direcotry[D:\gitsinnori\sinnori\project\sample_test][server_build/src/main/java/kr/pe/sinnori/impl/message] was created successfully
09:45:45.859 [main] INFO  k.p.s.common.util.CommonStaticUtil - the new child relative direcotry[D:\gitsinnori\sinnori\project\sample_test][server_build/src/main/java/main] was created successfully
09:45:45.860 [main] INFO  k.p.s.common.util.CommonStaticUtil - the new child relative direcotry[D:\gitsinnori\sinnori\project\sample_test][server_build/src/test/java] was created successfully
09:45:45.860 [main] INFO  k.p.s.common.util.CommonStaticUtil - the new child relative direcotry[D:\gitsinnori\sinnori\project\sample_test][server_build/build] was created successfully
09:45:45.946 [main] INFO  k.p.s.common.util.CommonStaticUtil - the new child relative direcotry[D:\gitsinnori\sinnori\project\sample_test][server_build/dist] was created successfully
09:45:45.946 [main] INFO  k.p.s.c.buildsystem.ProjectBuilder - main project[sample_test]'s server child direcotry creation task end
09:45:45.946 [main] INFO  k.p.s.c.buildsystem.ProjectBuilder - main project[sample_test]'s application build child direcotry creation task start
09:45:45.949 [main] INFO  k.p.s.common.util.CommonStaticUtil - the new child relative direcotry[D:\gitsinnori\sinnori\project\sample_test][client_build/app_build/corelib/ex] was created successfully
09:45:45.949 [main] INFO  k.p.s.common.util.CommonStaticUtil - the new child relative direcotry[D:\gitsinnori\sinnori\project\sample_test][client_build/app_build/corelib/in] was created successfully
09:45:45.951 [main] INFO  k.p.s.common.util.CommonStaticUtil - the new child relative direcotry[D:\gitsinnori\sinnori\project\sample_test][client_build/app_build/lib/main/ex] was created successfully
09:45:45.951 [main] INFO  k.p.s.common.util.CommonStaticUtil - the new child relative direcotry[D:\gitsinnori\sinnori\project\sample_test][client_build/app_build/lib/main/in] was created successfully
09:45:45.952 [main] INFO  k.p.s.common.util.CommonStaticUtil - the new child relative direcotry[D:\gitsinnori\sinnori\project\sample_test][client_build/app_build/lib/test] was created successfully
09:45:45.957 [main] INFO  k.p.s.common.util.CommonStaticUtil - the new child relative direcotry[D:\gitsinnori\sinnori\project\sample_test][client_build/app_build/src/main/java/kr/pe/sinnori/impl/message] was created successfully
09:45:45.958 [main] INFO  k.p.s.common.util.CommonStaticUtil - the new child relative direcotry[D:\gitsinnori\sinnori\project\sample_test][client_build/app_build/src/main/java/main] was created successfully
09:45:45.959 [main] INFO  k.p.s.common.util.CommonStaticUtil - the new child relative direcotry[D:\gitsinnori\sinnori\project\sample_test][client_build/app_build/src/test/java] was created successfully
09:45:45.959 [main] INFO  k.p.s.common.util.CommonStaticUtil - the new child relative direcotry[D:\gitsinnori\sinnori\project\sample_test][client_build/app_build/build] was created successfully
09:45:45.960 [main] INFO  k.p.s.common.util.CommonStaticUtil - the new child relative direcotry[D:\gitsinnori\sinnori\project\sample_test][client_build/app_build/dist] was created successfully
09:45:45.960 [main] INFO  k.p.s.c.buildsystem.ProjectBuilder - main project[sample_test]'s application build child direcotry creation task end
09:45:45.960 [main] INFO  k.p.s.c.buildsystem.ProjectBuilder - main project[sample_test]'s web build child direcotry creation task start
09:45:45.962 [main] INFO  k.p.s.common.util.CommonStaticUtil - the new child relative direcotry[D:\gitsinnori\sinnori\project\sample_test][client_build/web_build/corelib/ex] was created successfully
09:45:45.962 [main] INFO  k.p.s.common.util.CommonStaticUtil - the new child relative direcotry[D:\gitsinnori\sinnori\project\sample_test][client_build/web_build/corelib/in] was created successfully
09:45:45.964 [main] INFO  k.p.s.common.util.CommonStaticUtil - the new child relative direcotry[D:\gitsinnori\sinnori\project\sample_test][client_build/web_build/lib/main/ex] was created successfully
09:45:45.964 [main] INFO  k.p.s.common.util.CommonStaticUtil - the new child relative direcotry[D:\gitsinnori\sinnori\project\sample_test][client_build/web_build/lib/main/in] was created successfully
09:45:45.964 [main] INFO  k.p.s.common.util.CommonStaticUtil - the new child relative direcotry[D:\gitsinnori\sinnori\project\sample_test][client_build/web_build/lib/test] was created successfully
09:45:45.970 [main] INFO  k.p.s.common.util.CommonStaticUtil - the new child relative direcotry[D:\gitsinnori\sinnori\project\sample_test][client_build/web_build/src/main/java/kr/pe/sinnori/impl/message] was created successfully
09:45:45.971 [main] INFO  k.p.s.common.util.CommonStaticUtil - the new child relative direcotry[D:\gitsinnori\sinnori\project\sample_test][client_build/web_build/src/main/java//kr/pe/sinnori/servlet] was created successfully
09:45:45.972 [main] INFO  k.p.s.common.util.CommonStaticUtil - the new child relative direcotry[D:\gitsinnori\sinnori\project\sample_test][client_build/web_build/src/main/java/kr/pe/sinnori/weblib/common] was created successfully
09:45:45.973 [main] INFO  k.p.s.common.util.CommonStaticUtil - the new child relative direcotry[D:\gitsinnori\sinnori\project\sample_test][client_build/web_build/src/main/java/kr/pe/sinnori/weblib/htmlstring] was created successfully
09:45:45.973 [main] INFO  k.p.s.common.util.CommonStaticUtil - the new child relative direcotry[D:\gitsinnori\sinnori\project\sample_test][client_build/web_build/src/main/java/kr/pe/sinnori/weblib/jdf] was created successfully
09:45:45.974 [main] INFO  k.p.s.common.util.CommonStaticUtil - the new child relative direcotry[D:\gitsinnori\sinnori\project\sample_test][client_build/web_build/src/test/java] was created successfully
09:45:45.975 [main] INFO  k.p.s.common.util.CommonStaticUtil - the new child relative direcotry[D:\gitsinnori\sinnori\project\sample_test][client_build/web_build/build] was created successfully
09:45:45.975 [main] INFO  k.p.s.common.util.CommonStaticUtil - the new child relative direcotry[D:\gitsinnori\sinnori\project\sample_test][client_build/web_build/dist] was created successfully
09:45:45.975 [main] INFO  k.p.s.c.buildsystem.ProjectBuilder - main project[sample_test]'s web build child direcotry creation task end
09:45:45.975 [main] INFO  k.p.s.c.buildsystem.ProjectBuilder - main project[sample_test]'s web root child direcotry creation task start
09:45:45.976 [main] INFO  k.p.s.common.util.CommonStaticUtil - the new child relative direcotry[D:\gitsinnori\sinnori\project\sample_test][web_app_base/upload] was created successfully
09:45:45.978 [main] INFO  k.p.s.common.util.CommonStaticUtil - the new child relative direcotry[D:\gitsinnori\sinnori\project\sample_test][web_app_base/ROOT/WEB-INF/classes] was created successfully
09:45:45.979 [main] INFO  k.p.s.common.util.CommonStaticUtil - the new child relative direcotry[D:\gitsinnori\sinnori\project\sample_test][web_app_base/ROOT/WEB-INF/lib] was created successfully
09:45:45.979 [main] INFO  k.p.s.c.buildsystem.ProjectBuilder - main project[sample_test]'s web root child direcotry creation task end
09:45:45.979 [main] INFO  k.p.s.c.buildsystem.ProjectBuilder - main project[sample_test]'s child direcotry creation task end
09:45:45.979 [main] INFO  k.p.s.c.buildsystem.ProjectBuilder - main project[sample_test]'s file creation task start
09:45:45.979 [main] INFO  k.p.s.c.buildsystem.ProjectBuilder - main project[sample_test]'s config file creation task start
09:45:45.980 [main] INFO  k.p.s.c.util.SequencedPropertiesUtil - the sequenced properties file[D:\gitsinnori\sinnori\project\sample_test\config\sinnori.properties] was created
09:45:45.987 [main] INFO  k.p.s.c.buildsystem.ProjectBuilder - main project[sample_test]'s config file creation task end
09:45:45.988 [main] INFO  k.p.s.c.buildsystem.ProjectBuilder - the mainproject[sample_test]'s resources directory copy task start
09:45:46.004 [main] INFO  k.p.s.c.buildsystem.ProjectBuilder - the mainproject[sample_test]'s resources directory copy task end
09:45:46.004 [main] INFO  k.p.s.c.buildsystem.ProjectBuilder - server build system files creation task start
09:45:46.004 [main] INFO  k.p.s.c.buildsystem.ProjectBuilder - main project[sample_test]'s server ant build.xml file creation task start
09:45:46.006 [main] INFO  k.p.s.c.buildsystem.ProjectBuilder - main project[sample_test]'s server ant build.xml file creation task end
09:45:46.006 [main] INFO  k.p.s.c.buildsystem.ProjectBuilder - main project[sample_test]'s server dos shell file creation task start
09:45:46.006 [main] INFO  k.p.s.c.buildsystem.ProjectBuilder - main project[sample_test]'s server dos shell file creation task end
09:45:46.006 [main] INFO  k.p.s.c.buildsystem.ProjectBuilder - main project[sample_test]'s server unix shell file creation task start
09:45:46.008 [main] INFO  k.p.s.c.buildsystem.ProjectBuilder - main project[sample_test]'s server unix shell file creation task end
09:45:46.008 [main] INFO  k.p.s.c.buildsystem.ProjectBuilder - server sample source files copy task start
09:45:46.017 [main] INFO  k.p.s.c.buildsystem.ProjectBuilder - server sample source files copy task end
09:45:46.017 [main] INFO  k.p.s.c.buildsystem.ProjectBuilder - main project[sample_test]'s server message io file set creation task start
09:45:46.017 [main] INFO  k.p.s.common.util.CommonStaticUtil - the new child relative direcotry[D:\gitsinnori\sinnori\project\sample_test\server_build\src\main\java\kr\pe\sinnori\impl\message][Echo] was created successfully
09:45:46.017 [main] INFO  k.p.s.c.buildsystem.ProjectBuilder - main project[sample_test]'s message file[Echo][D:\gitsinnori\sinnori\project\sample_test\server_build\src\main\java\kr\pe\sinnori\impl\message] creation task start
09:45:46.019 [main] INFO  k.p.s.c.buildsystem.ProjectBuilder - main project[sample_test]'s message file[Echo][D:\gitsinnori\sinnori\project\sample_test\server_build\src\main\java\kr\pe\sinnori\impl\message] creation task end
09:45:46.019 [main] INFO  k.p.s.c.buildsystem.ProjectBuilder - main project[sample_test]'s message decoder file[Echo][D:\gitsinnori\sinnori\project\sample_test\server_build\src\main\java\kr\pe\sinnori\impl\message] creation task start
09:45:46.022 [main] INFO  k.p.s.c.buildsystem.ProjectBuilder - main project[sample_test]'s message decoder file[Echo][D:\gitsinnori\sinnori\project\sample_test\server_build\src\main\java\kr\pe\sinnori\impl\message] creation task end
09:45:46.022 [main] INFO  k.p.s.c.buildsystem.ProjectBuilder - main project[sample_test]'s message encoder file[Echo][D:\gitsinnori\sinnori\project\sample_test\server_build\src\main\java\kr\pe\sinnori\impl\message] creation task start
09:45:46.025 [main] INFO  k.p.s.c.buildsystem.ProjectBuilder - main project[sample_test]'s message encoder file[Echo][D:\gitsinnori\sinnori\project\sample_test\server_build\src\main\java\kr\pe\sinnori\impl\message] creation task end
09:45:46.025 [main] INFO  k.p.s.c.buildsystem.ProjectBuilder - main project[sample_test]'s message server codec file[Echo][D:\gitsinnori\sinnori\project\sample_test\server_build\src\main\java\kr\pe\sinnori\impl\message] creation task start
09:45:46.026 [main] INFO  k.p.s.c.buildsystem.ProjectBuilder - main project[sample_test]'s message server codec file[Echo][D:\gitsinnori\sinnori\project\sample_test\server_build\src\main\java\kr\pe\sinnori\impl\message] creation task end
09:45:46.026 [main] INFO  k.p.s.c.buildsystem.ProjectBuilder - main project[sample_test]'s message client codec file[Echo][D:\gitsinnori\sinnori\project\sample_test\server_build\src\main\java\kr\pe\sinnori\impl\message] creation task start
09:45:46.027 [main] INFO  k.p.s.c.buildsystem.ProjectBuilder - main project[sample_test]'s message client codec file[Echo][D:\gitsinnori\sinnori\project\sample_test\server_build\src\main\java\kr\pe\sinnori\impl\message] creation task end
09:45:46.083 [main] INFO  k.p.s.common.util.CommonStaticUtil - the new child relative direcotry[D:\gitsinnori\sinnori\project\sample_test\server_build\src\main\java\kr\pe\sinnori\impl\message][PublicKeyReq] was created successfully
09:45:46.083 [main] INFO  k.p.s.c.buildsystem.ProjectBuilder - main project[sample_test]'s message file[PublicKeyReq][D:\gitsinnori\sinnori\project\sample_test\server_build\src\main\java\kr\pe\sinnori\impl\message] creation task start
09:45:46.086 [main] INFO  k.p.s.c.buildsystem.ProjectBuilder - main project[sample_test]'s message file[PublicKeyReq][D:\gitsinnori\sinnori\project\sample_test\server_build\src\main\java\kr\pe\sinnori\impl\message] creation task end
09:45:46.086 [main] INFO  k.p.s.c.buildsystem.ProjectBuilder - main project[sample_test]'s message decoder file[PublicKeyReq][D:\gitsinnori\sinnori\project\sample_test\server_build\src\main\java\kr\pe\sinnori\impl\message] creation task start
09:45:46.090 [main] INFO  k.p.s.c.buildsystem.ProjectBuilder - main project[sample_test]'s message decoder file[PublicKeyReq][D:\gitsinnori\sinnori\project\sample_test\server_build\src\main\java\kr\pe\sinnori\impl\message] creation task end
09:45:46.090 [main] INFO  k.p.s.c.buildsystem.ProjectBuilder - main project[sample_test]'s message encoder file[PublicKeyReq][D:\gitsinnori\sinnori\project\sample_test\server_build\src\main\java\kr\pe\sinnori\impl\message] creation task start
09:45:46.093 [main] INFO  k.p.s.c.buildsystem.ProjectBuilder - main project[sample_test]'s message encoder file[PublicKeyReq][D:\gitsinnori\sinnori\project\sample_test\server_build\src\main\java\kr\pe\sinnori\impl\message] creation task end
09:45:46.093 [main] INFO  k.p.s.c.buildsystem.ProjectBuilder - main project[sample_test]'s message server codec file[PublicKeyReq][D:\gitsinnori\sinnori\project\sample_test\server_build\src\main\java\kr\pe\sinnori\impl\message] creation task start
09:45:46.095 [main] INFO  k.p.s.c.buildsystem.ProjectBuilder - main project[sample_test]'s message server codec file[PublicKeyReq][D:\gitsinnori\sinnori\project\sample_test\server_build\src\main\java\kr\pe\sinnori\impl\message] creation task end
09:45:46.095 [main] INFO  k.p.s.c.buildsystem.ProjectBuilder - main project[sample_test]'s message client codec file[PublicKeyReq][D:\gitsinnori\sinnori\project\sample_test\server_build\src\main\java\kr\pe\sinnori\impl\message] creation task start
09:45:46.097 [main] INFO  k.p.s.c.buildsystem.ProjectBuilder - main project[sample_test]'s message client codec file[PublicKeyReq][D:\gitsinnori\sinnori\project\sample_test\server_build\src\main\java\kr\pe\sinnori\impl\message] creation task end
09:45:46.097 [main] INFO  k.p.s.common.util.CommonStaticUtil - the new child relative direcotry[D:\gitsinnori\sinnori\project\sample_test\server_build\src\main\java\kr\pe\sinnori\impl\message][PublicKeyRes] was created successfully
09:45:46.097 [main] INFO  k.p.s.c.buildsystem.ProjectBuilder - main project[sample_test]'s message file[PublicKeyRes][D:\gitsinnori\sinnori\project\sample_test\server_build\src\main\java\kr\pe\sinnori\impl\message] creation task start
09:45:46.100 [main] INFO  k.p.s.c.buildsystem.ProjectBuilder - main project[sample_test]'s message file[PublicKeyRes][D:\gitsinnori\sinnori\project\sample_test\server_build\src\main\java\kr\pe\sinnori\impl\message] creation task end
09:45:46.100 [main] INFO  k.p.s.c.buildsystem.ProjectBuilder - main project[sample_test]'s message decoder file[PublicKeyRes][D:\gitsinnori\sinnori\project\sample_test\server_build\src\main\java\kr\pe\sinnori\impl\message] creation task start
09:45:46.103 [main] INFO  k.p.s.c.buildsystem.ProjectBuilder - main project[sample_test]'s message decoder file[PublicKeyRes][D:\gitsinnori\sinnori\project\sample_test\server_build\src\main\java\kr\pe\sinnori\impl\message] creation task end
09:45:46.103 [main] INFO  k.p.s.c.buildsystem.ProjectBuilder - main project[sample_test]'s message encoder file[PublicKeyRes][D:\gitsinnori\sinnori\project\sample_test\server_build\src\main\java\kr\pe\sinnori\impl\message] creation task start
09:45:46.106 [main] INFO  k.p.s.c.buildsystem.ProjectBuilder - main project[sample_test]'s message encoder file[PublicKeyRes][D:\gitsinnori\sinnori\project\sample_test\server_build\src\main\java\kr\pe\sinnori\impl\message] creation task end
09:45:46.107 [main] INFO  k.p.s.c.buildsystem.ProjectBuilder - main project[sample_test]'s message server codec file[PublicKeyRes][D:\gitsinnori\sinnori\project\sample_test\server_build\src\main\java\kr\pe\sinnori\impl\message] creation task start
09:45:46.108 [main] INFO  k.p.s.c.buildsystem.ProjectBuilder - main project[sample_test]'s message server codec file[PublicKeyRes][D:\gitsinnori\sinnori\project\sample_test\server_build\src\main\java\kr\pe\sinnori\impl\message] creation task end
09:45:46.108 [main] INFO  k.p.s.c.buildsystem.ProjectBuilder - main project[sample_test]'s message client codec file[PublicKeyRes][D:\gitsinnori\sinnori\project\sample_test\server_build\src\main\java\kr\pe\sinnori\impl\message] creation task start
09:45:46.109 [main] INFO  k.p.s.c.buildsystem.ProjectBuilder - main project[sample_test]'s message client codec file[PublicKeyRes][D:\gitsinnori\sinnori\project\sample_test\server_build\src\main\java\kr\pe\sinnori\impl\message] creation task end
09:45:46.109 [main] INFO  k.p.s.c.buildsystem.ProjectBuilder - main project[sample_test]'s server message io file set creation task end
09:45:46.109 [main] INFO  k.p.s.c.buildsystem.ProjectBuilder - server build system files creation task end
09:45:46.109 [main] INFO  k.p.s.c.buildsystem.ProjectBuilder - mainproject[sample_test]'s application client build system files creation task start
09:45:46.109 [main] INFO  k.p.s.c.buildsystem.ProjectBuilder - main project[sample_test]'s application client ant build.xml file creation task start
09:45:46.110 [main] INFO  k.p.s.c.buildsystem.ProjectBuilder - main project[sample_test]'s application client ant build.xml file creation task end
09:45:46.110 [main] INFO  k.p.s.c.buildsystem.ProjectBuilder - main project[sample_test]'s application client dos shell file creation task start
09:45:46.114 [main] INFO  k.p.s.c.buildsystem.ProjectBuilder - main project[sample_test]'s application client dos shell file creation task end
09:45:46.114 [main] INFO  k.p.s.c.buildsystem.ProjectBuilder - main project[sample_test]'s application client unix shell file creation task start
09:45:46.115 [main] INFO  k.p.s.c.buildsystem.ProjectBuilder - main project[sample_test]'s application client unix shell file creation task end
09:45:46.115 [main] INFO  k.p.s.c.buildsystem.ProjectBuilder - application client sample source files copy task start
09:45:46.125 [main] INFO  k.p.s.c.buildsystem.ProjectBuilder - application client sample source files copy task end
09:45:46.125 [main] INFO  k.p.s.c.buildsystem.ProjectBuilder - main project[sample_test]'s application client message io file set creation task start
09:45:46.125 [main] INFO  k.p.s.common.util.CommonStaticUtil - the new child relative direcotry[D:\gitsinnori\sinnori\project\sample_test\client_build\app_build\src\main\java\kr\pe\sinnori\impl\message][Echo] was created successfully
09:45:46.125 [main] INFO  k.p.s.c.buildsystem.ProjectBuilder - main project[sample_test]'s message file[Echo][D:\gitsinnori\sinnori\project\sample_test\client_build\app_build\src\main\java\kr\pe\sinnori\impl\message] creation task start
09:45:46.127 [main] INFO  k.p.s.c.buildsystem.ProjectBuilder - main project[sample_test]'s message file[Echo][D:\gitsinnori\sinnori\project\sample_test\client_build\app_build\src\main\java\kr\pe\sinnori\impl\message] creation task end
09:45:46.127 [main] INFO  k.p.s.c.buildsystem.ProjectBuilder - main project[sample_test]'s message decoder file[Echo][D:\gitsinnori\sinnori\project\sample_test\client_build\app_build\src\main\java\kr\pe\sinnori\impl\message] creation task start
09:45:46.205 [main] INFO  k.p.s.c.buildsystem.ProjectBuilder - main project[sample_test]'s message decoder file[Echo][D:\gitsinnori\sinnori\project\sample_test\client_build\app_build\src\main\java\kr\pe\sinnori\impl\message] creation task end
09:45:46.205 [main] INFO  k.p.s.c.buildsystem.ProjectBuilder - main project[sample_test]'s message encoder file[Echo][D:\gitsinnori\sinnori\project\sample_test\client_build\app_build\src\main\java\kr\pe\sinnori\impl\message] creation task start
09:45:46.209 [main] INFO  k.p.s.c.buildsystem.ProjectBuilder - main project[sample_test]'s message encoder file[Echo][D:\gitsinnori\sinnori\project\sample_test\client_build\app_build\src\main\java\kr\pe\sinnori\impl\message] creation task end
09:45:46.209 [main] INFO  k.p.s.c.buildsystem.ProjectBuilder - main project[sample_test]'s message server codec file[Echo][D:\gitsinnori\sinnori\project\sample_test\client_build\app_build\src\main\java\kr\pe\sinnori\impl\message] creation task start
09:45:46.211 [main] INFO  k.p.s.c.buildsystem.ProjectBuilder - main project[sample_test]'s message server codec file[Echo][D:\gitsinnori\sinnori\project\sample_test\client_build\app_build\src\main\java\kr\pe\sinnori\impl\message] creation task end
09:45:46.211 [main] INFO  k.p.s.c.buildsystem.ProjectBuilder - main project[sample_test]'s message client codec file[Echo][D:\gitsinnori\sinnori\project\sample_test\client_build\app_build\src\main\java\kr\pe\sinnori\impl\message] creation task start
09:45:46.212 [main] INFO  k.p.s.c.buildsystem.ProjectBuilder - main project[sample_test]'s message client codec file[Echo][D:\gitsinnori\sinnori\project\sample_test\client_build\app_build\src\main\java\kr\pe\sinnori\impl\message] creation task end
09:45:46.212 [main] INFO  k.p.s.common.util.CommonStaticUtil - the new child relative direcotry[D:\gitsinnori\sinnori\project\sample_test\client_build\app_build\src\main\java\kr\pe\sinnori\impl\message][PublicKeyReq] was created successfully
09:45:46.212 [main] INFO  k.p.s.c.buildsystem.ProjectBuilder - main project[sample_test]'s message file[PublicKeyReq][D:\gitsinnori\sinnori\project\sample_test\client_build\app_build\src\main\java\kr\pe\sinnori\impl\message] creation task start
09:45:46.216 [main] INFO  k.p.s.c.buildsystem.ProjectBuilder - main project[sample_test]'s message file[PublicKeyReq][D:\gitsinnori\sinnori\project\sample_test\client_build\app_build\src\main\java\kr\pe\sinnori\impl\message] creation task end
09:45:46.216 [main] INFO  k.p.s.c.buildsystem.ProjectBuilder - main project[sample_test]'s message decoder file[PublicKeyReq][D:\gitsinnori\sinnori\project\sample_test\client_build\app_build\src\main\java\kr\pe\sinnori\impl\message] creation task start
09:45:46.219 [main] INFO  k.p.s.c.buildsystem.ProjectBuilder - main project[sample_test]'s message decoder file[PublicKeyReq][D:\gitsinnori\sinnori\project\sample_test\client_build\app_build\src\main\java\kr\pe\sinnori\impl\message] creation task end
09:45:46.219 [main] INFO  k.p.s.c.buildsystem.ProjectBuilder - main project[sample_test]'s message encoder file[PublicKeyReq][D:\gitsinnori\sinnori\project\sample_test\client_build\app_build\src\main\java\kr\pe\sinnori\impl\message] creation task start
09:45:46.223 [main] INFO  k.p.s.c.buildsystem.ProjectBuilder - main project[sample_test]'s message encoder file[PublicKeyReq][D:\gitsinnori\sinnori\project\sample_test\client_build\app_build\src\main\java\kr\pe\sinnori\impl\message] creation task end
09:45:46.223 [main] INFO  k.p.s.c.buildsystem.ProjectBuilder - main project[sample_test]'s message server codec file[PublicKeyReq][D:\gitsinnori\sinnori\project\sample_test\client_build\app_build\src\main\java\kr\pe\sinnori\impl\message] creation task start
09:45:46.224 [main] INFO  k.p.s.c.buildsystem.ProjectBuilder - main project[sample_test]'s message server codec file[PublicKeyReq][D:\gitsinnori\sinnori\project\sample_test\client_build\app_build\src\main\java\kr\pe\sinnori\impl\message] creation task end
09:45:46.224 [main] INFO  k.p.s.c.buildsystem.ProjectBuilder - main project[sample_test]'s message client codec file[PublicKeyReq][D:\gitsinnori\sinnori\project\sample_test\client_build\app_build\src\main\java\kr\pe\sinnori\impl\message] creation task start
09:45:46.225 [main] INFO  k.p.s.c.buildsystem.ProjectBuilder - main project[sample_test]'s message client codec file[PublicKeyReq][D:\gitsinnori\sinnori\project\sample_test\client_build\app_build\src\main\java\kr\pe\sinnori\impl\message] creation task end
09:45:46.226 [main] INFO  k.p.s.common.util.CommonStaticUtil - the new child relative direcotry[D:\gitsinnori\sinnori\project\sample_test\client_build\app_build\src\main\java\kr\pe\sinnori\impl\message][PublicKeyRes] was created successfully
09:45:46.226 [main] INFO  k.p.s.c.buildsystem.ProjectBuilder - main project[sample_test]'s message file[PublicKeyRes][D:\gitsinnori\sinnori\project\sample_test\client_build\app_build\src\main\java\kr\pe\sinnori\impl\message] creation task start
09:45:46.228 [main] INFO  k.p.s.c.buildsystem.ProjectBuilder - main project[sample_test]'s message file[PublicKeyRes][D:\gitsinnori\sinnori\project\sample_test\client_build\app_build\src\main\java\kr\pe\sinnori\impl\message] creation task end
09:45:46.228 [main] INFO  k.p.s.c.buildsystem.ProjectBuilder - main project[sample_test]'s message decoder file[PublicKeyRes][D:\gitsinnori\sinnori\project\sample_test\client_build\app_build\src\main\java\kr\pe\sinnori\impl\message] creation task start
09:45:46.231 [main] INFO  k.p.s.c.buildsystem.ProjectBuilder - main project[sample_test]'s message decoder file[PublicKeyRes][D:\gitsinnori\sinnori\project\sample_test\client_build\app_build\src\main\java\kr\pe\sinnori\impl\message] creation task end
09:45:46.231 [main] INFO  k.p.s.c.buildsystem.ProjectBuilder - main project[sample_test]'s message encoder file[PublicKeyRes][D:\gitsinnori\sinnori\project\sample_test\client_build\app_build\src\main\java\kr\pe\sinnori\impl\message] creation task start
09:45:46.233 [main] INFO  k.p.s.c.buildsystem.ProjectBuilder - main project[sample_test]'s message encoder file[PublicKeyRes][D:\gitsinnori\sinnori\project\sample_test\client_build\app_build\src\main\java\kr\pe\sinnori\impl\message] creation task end
09:45:46.233 [main] INFO  k.p.s.c.buildsystem.ProjectBuilder - main project[sample_test]'s message server codec file[PublicKeyRes][D:\gitsinnori\sinnori\project\sample_test\client_build\app_build\src\main\java\kr\pe\sinnori\impl\message] creation task start
09:45:46.235 [main] INFO  k.p.s.c.buildsystem.ProjectBuilder - main project[sample_test]'s message server codec file[PublicKeyRes][D:\gitsinnori\sinnori\project\sample_test\client_build\app_build\src\main\java\kr\pe\sinnori\impl\message] creation task end
09:45:46.235 [main] INFO  k.p.s.c.buildsystem.ProjectBuilder - main project[sample_test]'s message client codec file[PublicKeyRes][D:\gitsinnori\sinnori\project\sample_test\client_build\app_build\src\main\java\kr\pe\sinnori\impl\message] creation task start
09:45:46.321 [main] INFO  k.p.s.c.buildsystem.ProjectBuilder - main project[sample_test]'s message client codec file[PublicKeyRes][D:\gitsinnori\sinnori\project\sample_test\client_build\app_build\src\main\java\kr\pe\sinnori\impl\message] creation task end
09:45:46.321 [main] INFO  k.p.s.c.buildsystem.ProjectBuilder - main project[sample_test]'s application client message io file set creation task end
09:45:46.321 [main] INFO  k.p.s.c.buildsystem.ProjectBuilder - mainproject[sample_test]'s application client build system files creation task end
09:45:46.321 [main] INFO  k.p.s.c.buildsystem.ProjectBuilder - main project[sample_test]'s web client build system files creation task start
09:45:46.321 [main] INFO  k.p.s.c.buildsystem.ProjectBuilder - main project[sample_test]'s web client ant build.xml file creation task start
09:45:46.324 [main] INFO  k.p.s.c.buildsystem.ProjectBuilder - main project[sample_test]'s web client ant build.xml file creation task end
09:45:46.324 [main] INFO  k.p.s.c.buildsystem.ProjectBuilder - main project[sample_test]'s web client ant properties file creation task start
09:45:46.325 [main] INFO  k.p.s.c.util.SequencedPropertiesUtil - the sequenced properties file[D:\gitsinnori\sinnori\project\sample_test\client_build\web_build\webAnt.properties] was created
09:45:46.334 [main] INFO  k.p.s.c.buildsystem.ProjectBuilder - main project[sample_test]'s web client ant properties file creation task end
09:45:46.334 [main] INFO  k.p.s.c.buildsystem.ProjectBuilder - main project[sample_test]'s web client message io file set creation task start
09:45:46.334 [main] INFO  k.p.s.common.util.CommonStaticUtil - the new child relative direcotry[D:\gitsinnori\sinnori\project\sample_test\client_build\web_build\src\main\java\kr\pe\sinnori\impl\message][Echo] was created successfully
09:45:46.334 [main] INFO  k.p.s.c.buildsystem.ProjectBuilder - main project[sample_test]'s message file[Echo][D:\gitsinnori\sinnori\project\sample_test\client_build\web_build\src\main\java\kr\pe\sinnori\impl\message] creation task start
09:45:46.341 [main] INFO  k.p.s.c.buildsystem.ProjectBuilder - main project[sample_test]'s message file[Echo][D:\gitsinnori\sinnori\project\sample_test\client_build\web_build\src\main\java\kr\pe\sinnori\impl\message] creation task end
09:45:46.341 [main] INFO  k.p.s.c.buildsystem.ProjectBuilder - main project[sample_test]'s message decoder file[Echo][D:\gitsinnori\sinnori\project\sample_test\client_build\web_build\src\main\java\kr\pe\sinnori\impl\message] creation task start
09:45:46.348 [main] INFO  k.p.s.c.buildsystem.ProjectBuilder - main project[sample_test]'s message decoder file[Echo][D:\gitsinnori\sinnori\project\sample_test\client_build\web_build\src\main\java\kr\pe\sinnori\impl\message] creation task end
09:45:46.348 [main] INFO  k.p.s.c.buildsystem.ProjectBuilder - main project[sample_test]'s message encoder file[Echo][D:\gitsinnori\sinnori\project\sample_test\client_build\web_build\src\main\java\kr\pe\sinnori\impl\message] creation task start
09:45:46.353 [main] INFO  k.p.s.c.buildsystem.ProjectBuilder - main project[sample_test]'s message encoder file[Echo][D:\gitsinnori\sinnori\project\sample_test\client_build\web_build\src\main\java\kr\pe\sinnori\impl\message] creation task end
09:45:46.354 [main] INFO  k.p.s.c.buildsystem.ProjectBuilder - main project[sample_test]'s message server codec file[Echo][D:\gitsinnori\sinnori\project\sample_test\client_build\web_build\src\main\java\kr\pe\sinnori\impl\message] creation task start
09:45:46.355 [main] INFO  k.p.s.c.buildsystem.ProjectBuilder - main project[sample_test]'s message server codec file[Echo][D:\gitsinnori\sinnori\project\sample_test\client_build\web_build\src\main\java\kr\pe\sinnori\impl\message] creation task end
09:45:46.355 [main] INFO  k.p.s.c.buildsystem.ProjectBuilder - main project[sample_test]'s message client codec file[Echo][D:\gitsinnori\sinnori\project\sample_test\client_build\web_build\src\main\java\kr\pe\sinnori\impl\message] creation task start
09:45:46.357 [main] INFO  k.p.s.c.buildsystem.ProjectBuilder - main project[sample_test]'s message client codec file[Echo][D:\gitsinnori\sinnori\project\sample_test\client_build\web_build\src\main\java\kr\pe\sinnori\impl\message] creation task end
09:45:46.357 [main] INFO  k.p.s.common.util.CommonStaticUtil - the new child relative direcotry[D:\gitsinnori\sinnori\project\sample_test\client_build\web_build\src\main\java\kr\pe\sinnori\impl\message][PublicKeyReq] was created successfully
09:45:46.357 [main] INFO  k.p.s.c.buildsystem.ProjectBuilder - main project[sample_test]'s message file[PublicKeyReq][D:\gitsinnori\sinnori\project\sample_test\client_build\web_build\src\main\java\kr\pe\sinnori\impl\message] creation task start
09:45:46.360 [main] INFO  k.p.s.c.buildsystem.ProjectBuilder - main project[sample_test]'s message file[PublicKeyReq][D:\gitsinnori\sinnori\project\sample_test\client_build\web_build\src\main\java\kr\pe\sinnori\impl\message] creation task end
09:45:46.360 [main] INFO  k.p.s.c.buildsystem.ProjectBuilder - main project[sample_test]'s message decoder file[PublicKeyReq][D:\gitsinnori\sinnori\project\sample_test\client_build\web_build\src\main\java\kr\pe\sinnori\impl\message] creation task start
09:45:46.363 [main] INFO  k.p.s.c.buildsystem.ProjectBuilder - main project[sample_test]'s message decoder file[PublicKeyReq][D:\gitsinnori\sinnori\project\sample_test\client_build\web_build\src\main\java\kr\pe\sinnori\impl\message] creation task end
09:45:46.363 [main] INFO  k.p.s.c.buildsystem.ProjectBuilder - main project[sample_test]'s message encoder file[PublicKeyReq][D:\gitsinnori\sinnori\project\sample_test\client_build\web_build\src\main\java\kr\pe\sinnori\impl\message] creation task start
09:45:46.366 [main] INFO  k.p.s.c.buildsystem.ProjectBuilder - main project[sample_test]'s message encoder file[PublicKeyReq][D:\gitsinnori\sinnori\project\sample_test\client_build\web_build\src\main\java\kr\pe\sinnori\impl\message] creation task end
09:45:46.366 [main] INFO  k.p.s.c.buildsystem.ProjectBuilder - main project[sample_test]'s message server codec file[PublicKeyReq][D:\gitsinnori\sinnori\project\sample_test\client_build\web_build\src\main\java\kr\pe\sinnori\impl\message] creation task start
09:45:46.368 [main] INFO  k.p.s.c.buildsystem.ProjectBuilder - main project[sample_test]'s message server codec file[PublicKeyReq][D:\gitsinnori\sinnori\project\sample_test\client_build\web_build\src\main\java\kr\pe\sinnori\impl\message] creation task end
09:45:46.368 [main] INFO  k.p.s.c.buildsystem.ProjectBuilder - main project[sample_test]'s message client codec file[PublicKeyReq][D:\gitsinnori\sinnori\project\sample_test\client_build\web_build\src\main\java\kr\pe\sinnori\impl\message] creation task start
09:45:46.369 [main] INFO  k.p.s.c.buildsystem.ProjectBuilder - main project[sample_test]'s message client codec file[PublicKeyReq][D:\gitsinnori\sinnori\project\sample_test\client_build\web_build\src\main\java\kr\pe\sinnori\impl\message] creation task end
09:45:46.370 [main] INFO  k.p.s.common.util.CommonStaticUtil - the new child relative direcotry[D:\gitsinnori\sinnori\project\sample_test\client_build\web_build\src\main\java\kr\pe\sinnori\impl\message][PublicKeyRes] was created successfully
09:45:46.454 [main] INFO  k.p.s.c.buildsystem.ProjectBuilder - main project[sample_test]'s message file[PublicKeyRes][D:\gitsinnori\sinnori\project\sample_test\client_build\web_build\src\main\java\kr\pe\sinnori\impl\message] creation task start
09:45:46.459 [main] INFO  k.p.s.c.buildsystem.ProjectBuilder - main project[sample_test]'s message file[PublicKeyRes][D:\gitsinnori\sinnori\project\sample_test\client_build\web_build\src\main\java\kr\pe\sinnori\impl\message] creation task end
09:45:46.459 [main] INFO  k.p.s.c.buildsystem.ProjectBuilder - main project[sample_test]'s message decoder file[PublicKeyRes][D:\gitsinnori\sinnori\project\sample_test\client_build\web_build\src\main\java\kr\pe\sinnori\impl\message] creation task start
09:45:46.464 [main] INFO  k.p.s.c.buildsystem.ProjectBuilder - main project[sample_test]'s message decoder file[PublicKeyRes][D:\gitsinnori\sinnori\project\sample_test\client_build\web_build\src\main\java\kr\pe\sinnori\impl\message] creation task end
09:45:46.464 [main] INFO  k.p.s.c.buildsystem.ProjectBuilder - main project[sample_test]'s message encoder file[PublicKeyRes][D:\gitsinnori\sinnori\project\sample_test\client_build\web_build\src\main\java\kr\pe\sinnori\impl\message] creation task start
09:45:46.470 [main] INFO  k.p.s.c.buildsystem.ProjectBuilder - main project[sample_test]'s message encoder file[PublicKeyRes][D:\gitsinnori\sinnori\project\sample_test\client_build\web_build\src\main\java\kr\pe\sinnori\impl\message] creation task end
09:45:46.470 [main] INFO  k.p.s.c.buildsystem.ProjectBuilder - main project[sample_test]'s message server codec file[PublicKeyRes][D:\gitsinnori\sinnori\project\sample_test\client_build\web_build\src\main\java\kr\pe\sinnori\impl\message] creation task start
09:45:46.473 [main] INFO  k.p.s.c.buildsystem.ProjectBuilder - main project[sample_test]'s message server codec file[PublicKeyRes][D:\gitsinnori\sinnori\project\sample_test\client_build\web_build\src\main\java\kr\pe\sinnori\impl\message] creation task end
09:45:46.473 [main] INFO  k.p.s.c.buildsystem.ProjectBuilder - main project[sample_test]'s message client codec file[PublicKeyRes][D:\gitsinnori\sinnori\project\sample_test\client_build\web_build\src\main\java\kr\pe\sinnori\impl\message] creation task start
09:45:46.476 [main] INFO  k.p.s.c.buildsystem.ProjectBuilder - main project[sample_test]'s message client codec file[PublicKeyRes][D:\gitsinnori\sinnori\project\sample_test\client_build\web_build\src\main\java\kr\pe\sinnori\impl\message] creation task end
09:45:46.476 [main] INFO  k.p.s.c.buildsystem.ProjectBuilder - main project[sample_test]'s web client message io file set creation task end
09:45:46.476 [main] INFO  k.p.s.c.buildsystem.ProjectBuilder - mainproject[sample_test]'s web client sample source files copy task start
09:45:46.566 [main] INFO  k.p.s.c.buildsystem.ProjectBuilder - mainproject[sample_test]'s web client sample source files copy task end
09:45:46.566 [main] INFO  k.p.s.c.buildsystem.ProjectBuilder - main project[sample_test]'s web client build system files creation task end
09:45:46.566 [main] INFO  k.p.s.c.buildsystem.ProjectBuilder - main project[sample_test]'s web root sample files creation task start
09:45:46.566 [main] INFO  k.p.s.c.buildsystem.ProjectBuilder - main project[sample_test]'s web root sample files copy task start
09:45:46.572 [main] INFO  k.p.s.c.buildsystem.ProjectBuilder - main project[sample_test]'s web root sample files copy task end
09:45:46.572 [main] INFO  k.p.s.c.buildsystem.ProjectBuilder - main project[sample_test]'s web root sample files creation task end
09:45:46.572 [main] INFO  k.p.s.c.buildsystem.ProjectBuilder - main project[sample_test]'s file creation task end
09:45:46.573 [main] INFO  k.p.s.c.config.SinnoriConfiguration - item key[sessionkey.rsa.publickey.file.value]'s value is null because its status is inactive
09:45:46.573 [main] INFO  k.p.s.c.config.SinnoriConfiguration - item key[sessionkey.rsa.privatekey.file.value]'s value is null because its status is inactive
09:45:46.615 [main] INFO  k.p.s.c.buildsystem.ProjectBuilder - main project[sample_test]'s child direcotry creation task start
09:45:46.615 [main] INFO  k.p.s.c.buildsystem.ProjectBuilder - main project[sample_test]'s common child direcotry creation task start
09:45:46.616 [main] INFO  k.p.s.common.util.CommonStaticUtil - the new child relative direcotry[D:\gitsinnori\sinnori\project\sample_test][config] was created successfully
09:45:46.616 [main] INFO  k.p.s.common.util.CommonStaticUtil - the new child relative direcotry[D:\gitsinnori\sinnori\project\sample_test][resources/dbcp] was created successfully
09:45:46.616 [main] INFO  k.p.s.common.util.CommonStaticUtil - the new child relative direcotry[D:\gitsinnori\sinnori\project\sample_test][resources/message_info] was created successfully
09:45:46.616 [main] INFO  k.p.s.common.util.CommonStaticUtil - the new child relative direcotry[D:\gitsinnori\sinnori\project\sample_test][resources/rsa_keypair] was created successfully
09:45:46.617 [main] INFO  k.p.s.common.util.CommonStaticUtil - the new child relative direcotry[D:\gitsinnori\sinnori\project\sample_test][log/apache] was created successfully
09:45:46.617 [main] INFO  k.p.s.common.util.CommonStaticUtil - the new child relative direcotry[D:\gitsinnori\sinnori\project\sample_test][log/client] was created successfully
09:45:46.617 [main] INFO  k.p.s.common.util.CommonStaticUtil - the new child relative direcotry[D:\gitsinnori\sinnori\project\sample_test][log/server] was created successfully
09:45:46.617 [main] INFO  k.p.s.common.util.CommonStaticUtil - the new child relative direcotry[D:\gitsinnori\sinnori\project\sample_test][log/servlet] was created successfully
09:45:46.617 [main] INFO  k.p.s.c.buildsystem.ProjectBuilder - main project[sample_test]'s common child direcotry creation task end
09:45:46.617 [main] INFO  k.p.s.c.buildsystem.ProjectBuilder - main project[sample_test]'s server child direcotry creation task start
09:45:46.618 [main] INFO  k.p.s.common.util.CommonStaticUtil - the new child relative direcotry[D:\gitsinnori\sinnori\project\sample_test][server_build/APP-INF/classes] was created successfully
09:45:46.618 [main] INFO  k.p.s.common.util.CommonStaticUtil - the new child relative direcotry[D:\gitsinnori\sinnori\project\sample_test][server_build/corelib/ex] was created successfully
09:45:46.618 [main] INFO  k.p.s.common.util.CommonStaticUtil - the new child relative direcotry[D:\gitsinnori\sinnori\project\sample_test][server_build/corelib/in] was created successfully
09:45:46.619 [main] INFO  k.p.s.common.util.CommonStaticUtil - the new child relative direcotry[D:\gitsinnori\sinnori\project\sample_test][server_build/lib/main/ex] was created successfully
09:45:46.619 [main] INFO  k.p.s.common.util.CommonStaticUtil - the new child relative direcotry[D:\gitsinnori\sinnori\project\sample_test][server_build/lib/main/in] was created successfully
09:45:46.620 [main] INFO  k.p.s.common.util.CommonStaticUtil - the new child relative direcotry[D:\gitsinnori\sinnori\project\sample_test][server_build/lib/test] was created successfully
09:45:46.622 [main] INFO  k.p.s.common.util.CommonStaticUtil - the new child relative direcotry[D:\gitsinnori\sinnori\project\sample_test][server_build/src/main/java/kr/pe/sinnori/impl/servertask] was created successfully
09:45:46.622 [main] INFO  k.p.s.common.util.CommonStaticUtil - the new child relative direcotry[D:\gitsinnori\sinnori\project\sample_test][server_build/src/main/java/kr/pe/sinnori/impl/message] was created successfully
09:45:46.622 [main] INFO  k.p.s.common.util.CommonStaticUtil - the new child relative direcotry[D:\gitsinnori\sinnori\project\sample_test][server_build/src/main/java/main] was created successfully
09:45:46.622 [main] INFO  k.p.s.common.util.CommonStaticUtil - the new child relative direcotry[D:\gitsinnori\sinnori\project\sample_test][server_build/src/test/java] was created successfully
09:45:46.623 [main] INFO  k.p.s.common.util.CommonStaticUtil - the new child relative direcotry[D:\gitsinnori\sinnori\project\sample_test][server_build/build] was created successfully
09:45:46.684 [main] INFO  k.p.s.common.util.CommonStaticUtil - the new child relative direcotry[D:\gitsinnori\sinnori\project\sample_test][server_build/dist] was created successfully
09:45:46.684 [main] INFO  k.p.s.c.buildsystem.ProjectBuilder - main project[sample_test]'s server child direcotry creation task end
09:45:46.685 [main] INFO  k.p.s.c.buildsystem.ProjectBuilder - main project[sample_test]'s application build child direcotry creation task start
09:45:46.688 [main] INFO  k.p.s.common.util.CommonStaticUtil - the new child relative direcotry[D:\gitsinnori\sinnori\project\sample_test][client_build/app_build/corelib/ex] was created successfully
09:45:46.689 [main] INFO  k.p.s.common.util.CommonStaticUtil - the new child relative direcotry[D:\gitsinnori\sinnori\project\sample_test][client_build/app_build/corelib/in] was created successfully
09:45:46.692 [main] INFO  k.p.s.common.util.CommonStaticUtil - the new child relative direcotry[D:\gitsinnori\sinnori\project\sample_test][client_build/app_build/lib/main/ex] was created successfully
09:45:46.692 [main] INFO  k.p.s.common.util.CommonStaticUtil - the new child relative direcotry[D:\gitsinnori\sinnori\project\sample_test][client_build/app_build/lib/main/in] was created successfully
09:45:46.693 [main] INFO  k.p.s.common.util.CommonStaticUtil - the new child relative direcotry[D:\gitsinnori\sinnori\project\sample_test][client_build/app_build/lib/test] was created successfully
09:45:46.700 [main] INFO  k.p.s.common.util.CommonStaticUtil - the new child relative direcotry[D:\gitsinnori\sinnori\project\sample_test][client_build/app_build/src/main/java/kr/pe/sinnori/impl/message] was created successfully
09:45:46.701 [main] INFO  k.p.s.common.util.CommonStaticUtil - the new child relative direcotry[D:\gitsinnori\sinnori\project\sample_test][client_build/app_build/src/main/java/main] was created successfully
09:45:46.703 [main] INFO  k.p.s.common.util.CommonStaticUtil - the new child relative direcotry[D:\gitsinnori\sinnori\project\sample_test][client_build/app_build/src/test/java] was created successfully
09:45:46.703 [main] INFO  k.p.s.common.util.CommonStaticUtil - the new child relative direcotry[D:\gitsinnori\sinnori\project\sample_test][client_build/app_build/build] was created successfully
09:45:46.703 [main] INFO  k.p.s.common.util.CommonStaticUtil - the new child relative direcotry[D:\gitsinnori\sinnori\project\sample_test][client_build/app_build/dist] was created successfully
09:45:46.704 [main] INFO  k.p.s.c.buildsystem.ProjectBuilder - main project[sample_test]'s application build child direcotry creation task end
09:45:46.704 [main] INFO  k.p.s.c.buildsystem.ProjectBuilder - main project[sample_test]'s child direcotry creation task end
09:45:46.704 [main] INFO  k.p.s.c.buildsystem.ProjectBuilder - main project[sample_test]'s file creation task start
09:45:46.704 [main] INFO  k.p.s.c.buildsystem.ProjectBuilder - main project[sample_test]'s config file creation task start
09:45:46.705 [main] INFO  k.p.s.c.util.SequencedPropertiesUtil - the sequenced properties file[D:\gitsinnori\sinnori\project\sample_test\config\sinnori.properties] was created
09:45:46.714 [main] INFO  k.p.s.c.buildsystem.ProjectBuilder - main project[sample_test]'s config file creation task end
09:45:46.714 [main] INFO  k.p.s.c.buildsystem.ProjectBuilder - the mainproject[sample_test]'s resources directory copy task start
09:45:46.737 [main] INFO  k.p.s.c.buildsystem.ProjectBuilder - the mainproject[sample_test]'s resources directory copy task end
09:45:46.737 [main] INFO  k.p.s.c.buildsystem.ProjectBuilder - server build system files creation task start
09:45:46.737 [main] INFO  k.p.s.c.buildsystem.ProjectBuilder - main project[sample_test]'s server ant build.xml file creation task start
09:45:46.739 [main] INFO  k.p.s.c.buildsystem.ProjectBuilder - main project[sample_test]'s server ant build.xml file creation task end
09:45:46.739 [main] INFO  k.p.s.c.buildsystem.ProjectBuilder - main project[sample_test]'s server dos shell file creation task start
09:45:46.740 [main] INFO  k.p.s.c.buildsystem.ProjectBuilder - main project[sample_test]'s server dos shell file creation task end
09:45:46.740 [main] INFO  k.p.s.c.buildsystem.ProjectBuilder - main project[sample_test]'s server unix shell file creation task start
09:45:46.742 [main] INFO  k.p.s.c.buildsystem.ProjectBuilder - main project[sample_test]'s server unix shell file creation task end
09:45:46.742 [main] INFO  k.p.s.c.buildsystem.ProjectBuilder - server sample source files copy task start
09:45:46.754 [main] INFO  k.p.s.c.buildsystem.ProjectBuilder - server sample source files copy task end
09:45:46.754 [main] INFO  k.p.s.c.buildsystem.ProjectBuilder - main project[sample_test]'s server message io file set creation task start
09:45:46.754 [main] INFO  k.p.s.common.util.CommonStaticUtil - the new child relative direcotry[D:\gitsinnori\sinnori\project\sample_test\server_build\src\main\java\kr\pe\sinnori\impl\message][Echo] was created successfully
09:45:46.754 [main] INFO  k.p.s.c.buildsystem.ProjectBuilder - main project[sample_test]'s message file[Echo][D:\gitsinnori\sinnori\project\sample_test\server_build\src\main\java\kr\pe\sinnori\impl\message] creation task start
09:45:46.758 [main] INFO  k.p.s.c.buildsystem.ProjectBuilder - main project[sample_test]'s message file[Echo][D:\gitsinnori\sinnori\project\sample_test\server_build\src\main\java\kr\pe\sinnori\impl\message] creation task end
09:45:46.758 [main] INFO  k.p.s.c.buildsystem.ProjectBuilder - main project[sample_test]'s message decoder file[Echo][D:\gitsinnori\sinnori\project\sample_test\server_build\src\main\java\kr\pe\sinnori\impl\message] creation task start
09:45:46.759 [main] INFO  k.p.s.c.buildsystem.ProjectBuilder - main project[sample_test]'s message decoder file[Echo][D:\gitsinnori\sinnori\project\sample_test\server_build\src\main\java\kr\pe\sinnori\impl\message] creation task end
09:45:46.759 [main] INFO  k.p.s.c.buildsystem.ProjectBuilder - main project[sample_test]'s message encoder file[Echo][D:\gitsinnori\sinnori\project\sample_test\server_build\src\main\java\kr\pe\sinnori\impl\message] creation task start
09:45:46.763 [main] INFO  k.p.s.c.buildsystem.ProjectBuilder - main project[sample_test]'s message encoder file[Echo][D:\gitsinnori\sinnori\project\sample_test\server_build\src\main\java\kr\pe\sinnori\impl\message] creation task end
09:45:46.763 [main] INFO  k.p.s.c.buildsystem.ProjectBuilder - main project[sample_test]'s message server codec file[Echo][D:\gitsinnori\sinnori\project\sample_test\server_build\src\main\java\kr\pe\sinnori\impl\message] creation task start
09:45:46.764 [main] INFO  k.p.s.c.buildsystem.ProjectBuilder - main project[sample_test]'s message server codec file[Echo][D:\gitsinnori\sinnori\project\sample_test\server_build\src\main\java\kr\pe\sinnori\impl\message] creation task end
09:45:46.764 [main] INFO  k.p.s.c.buildsystem.ProjectBuilder - main project[sample_test]'s message client codec file[Echo][D:\gitsinnori\sinnori\project\sample_test\server_build\src\main\java\kr\pe\sinnori\impl\message] creation task start
09:45:46.765 [main] INFO  k.p.s.c.buildsystem.ProjectBuilder - main project[sample_test]'s message client codec file[Echo][D:\gitsinnori\sinnori\project\sample_test\server_build\src\main\java\kr\pe\sinnori\impl\message] creation task end
09:45:46.765 [main] INFO  k.p.s.common.util.CommonStaticUtil - the new child relative direcotry[D:\gitsinnori\sinnori\project\sample_test\server_build\src\main\java\kr\pe\sinnori\impl\message][PublicKeyReq] was created successfully
09:45:46.816 [main] INFO  k.p.s.c.buildsystem.ProjectBuilder - main project[sample_test]'s message file[PublicKeyReq][D:\gitsinnori\sinnori\project\sample_test\server_build\src\main\java\kr\pe\sinnori\impl\message] creation task start
09:45:46.825 [main] INFO  k.p.s.c.buildsystem.ProjectBuilder - main project[sample_test]'s message file[PublicKeyReq][D:\gitsinnori\sinnori\project\sample_test\server_build\src\main\java\kr\pe\sinnori\impl\message] creation task end
09:45:46.825 [main] INFO  k.p.s.c.buildsystem.ProjectBuilder - main project[sample_test]'s message decoder file[PublicKeyReq][D:\gitsinnori\sinnori\project\sample_test\server_build\src\main\java\kr\pe\sinnori\impl\message] creation task start
09:45:46.834 [main] INFO  k.p.s.c.buildsystem.ProjectBuilder - main project[sample_test]'s message decoder file[PublicKeyReq][D:\gitsinnori\sinnori\project\sample_test\server_build\src\main\java\kr\pe\sinnori\impl\message] creation task end
09:45:46.834 [main] INFO  k.p.s.c.buildsystem.ProjectBuilder - main project[sample_test]'s message encoder file[PublicKeyReq][D:\gitsinnori\sinnori\project\sample_test\server_build\src\main\java\kr\pe\sinnori\impl\message] creation task start
09:45:46.842 [main] INFO  k.p.s.c.buildsystem.ProjectBuilder - main project[sample_test]'s message encoder file[PublicKeyReq][D:\gitsinnori\sinnori\project\sample_test\server_build\src\main\java\kr\pe\sinnori\impl\message] creation task end
09:45:46.842 [main] INFO  k.p.s.c.buildsystem.ProjectBuilder - main project[sample_test]'s message server codec file[PublicKeyReq][D:\gitsinnori\sinnori\project\sample_test\server_build\src\main\java\kr\pe\sinnori\impl\message] creation task start
09:45:46.846 [main] INFO  k.p.s.c.buildsystem.ProjectBuilder - main project[sample_test]'s message server codec file[PublicKeyReq][D:\gitsinnori\sinnori\project\sample_test\server_build\src\main\java\kr\pe\sinnori\impl\message] creation task end
09:45:46.846 [main] INFO  k.p.s.c.buildsystem.ProjectBuilder - main project[sample_test]'s message client codec file[PublicKeyReq][D:\gitsinnori\sinnori\project\sample_test\server_build\src\main\java\kr\pe\sinnori\impl\message] creation task start
09:45:46.851 [main] INFO  k.p.s.c.buildsystem.ProjectBuilder - main project[sample_test]'s message client codec file[PublicKeyReq][D:\gitsinnori\sinnori\project\sample_test\server_build\src\main\java\kr\pe\sinnori\impl\message] creation task end
09:45:46.852 [main] INFO  k.p.s.common.util.CommonStaticUtil - the new child relative direcotry[D:\gitsinnori\sinnori\project\sample_test\server_build\src\main\java\kr\pe\sinnori\impl\message][PublicKeyRes] was created successfully
09:45:46.852 [main] INFO  k.p.s.c.buildsystem.ProjectBuilder - main project[sample_test]'s message file[PublicKeyRes][D:\gitsinnori\sinnori\project\sample_test\server_build\src\main\java\kr\pe\sinnori\impl\message] creation task start
09:45:46.860 [main] INFO  k.p.s.c.buildsystem.ProjectBuilder - main project[sample_test]'s message file[PublicKeyRes][D:\gitsinnori\sinnori\project\sample_test\server_build\src\main\java\kr\pe\sinnori\impl\message] creation task end
09:45:46.860 [main] INFO  k.p.s.c.buildsystem.ProjectBuilder - main project[sample_test]'s message decoder file[PublicKeyRes][D:\gitsinnori\sinnori\project\sample_test\server_build\src\main\java\kr\pe\sinnori\impl\message] creation task start
09:45:46.864 [main] INFO  k.p.s.c.buildsystem.ProjectBuilder - main project[sample_test]'s message decoder file[PublicKeyRes][D:\gitsinnori\sinnori\project\sample_test\server_build\src\main\java\kr\pe\sinnori\impl\message] creation task end
09:45:46.864 [main] INFO  k.p.s.c.buildsystem.ProjectBuilder - main project[sample_test]'s message encoder file[PublicKeyRes][D:\gitsinnori\sinnori\project\sample_test\server_build\src\main\java\kr\pe\sinnori\impl\message] creation task start
09:45:46.868 [main] INFO  k.p.s.c.buildsystem.ProjectBuilder - main project[sample_test]'s message encoder file[PublicKeyRes][D:\gitsinnori\sinnori\project\sample_test\server_build\src\main\java\kr\pe\sinnori\impl\message] creation task end
09:45:46.868 [main] INFO  k.p.s.c.buildsystem.ProjectBuilder - main project[sample_test]'s message server codec file[PublicKeyRes][D:\gitsinnori\sinnori\project\sample_test\server_build\src\main\java\kr\pe\sinnori\impl\message] creation task start
09:45:46.869 [main] INFO  k.p.s.c.buildsystem.ProjectBuilder - main project[sample_test]'s message server codec file[PublicKeyRes][D:\gitsinnori\sinnori\project\sample_test\server_build\src\main\java\kr\pe\sinnori\impl\message] creation task end
09:45:46.869 [main] INFO  k.p.s.c.buildsystem.ProjectBuilder - main project[sample_test]'s message client codec file[PublicKeyRes][D:\gitsinnori\sinnori\project\sample_test\server_build\src\main\java\kr\pe\sinnori\impl\message] creation task start
09:45:46.872 [main] INFO  k.p.s.c.buildsystem.ProjectBuilder - main project[sample_test]'s message client codec file[PublicKeyRes][D:\gitsinnori\sinnori\project\sample_test\server_build\src\main\java\kr\pe\sinnori\impl\message] creation task end
09:45:46.872 [main] INFO  k.p.s.c.buildsystem.ProjectBuilder - main project[sample_test]'s server message io file set creation task end
09:45:46.872 [main] INFO  k.p.s.c.buildsystem.ProjectBuilder - server build system files creation task end
09:45:46.872 [main] INFO  k.p.s.c.buildsystem.ProjectBuilder - mainproject[sample_test]'s application client build system files creation task start
09:45:46.872 [main] INFO  k.p.s.c.buildsystem.ProjectBuilder - main project[sample_test]'s application client ant build.xml file creation task start
09:45:46.874 [main] INFO  k.p.s.c.buildsystem.ProjectBuilder - main project[sample_test]'s application client ant build.xml file creation task end
09:45:46.874 [main] INFO  k.p.s.c.buildsystem.ProjectBuilder - main project[sample_test]'s application client dos shell file creation task start
09:45:46.879 [main] INFO  k.p.s.c.buildsystem.ProjectBuilder - main project[sample_test]'s application client dos shell file creation task end
09:45:46.879 [main] INFO  k.p.s.c.buildsystem.ProjectBuilder - main project[sample_test]'s application client unix shell file creation task start
09:45:46.881 [main] INFO  k.p.s.c.buildsystem.ProjectBuilder - main project[sample_test]'s application client unix shell file creation task end
09:45:46.881 [main] INFO  k.p.s.c.buildsystem.ProjectBuilder - application client sample source files copy task start
09:45:46.896 [main] INFO  k.p.s.c.buildsystem.ProjectBuilder - application client sample source files copy task end
09:45:46.896 [main] INFO  k.p.s.c.buildsystem.ProjectBuilder - main project[sample_test]'s application client message io file set creation task start
09:45:46.897 [main] INFO  k.p.s.common.util.CommonStaticUtil - the new child relative direcotry[D:\gitsinnori\sinnori\project\sample_test\client_build\app_build\src\main\java\kr\pe\sinnori\impl\message][Echo] was created successfully
09:45:46.897 [main] INFO  k.p.s.c.buildsystem.ProjectBuilder - main project[sample_test]'s message file[Echo][D:\gitsinnori\sinnori\project\sample_test\client_build\app_build\src\main\java\kr\pe\sinnori\impl\message] creation task start
09:45:46.900 [main] INFO  k.p.s.c.buildsystem.ProjectBuilder - main project[sample_test]'s message file[Echo][D:\gitsinnori\sinnori\project\sample_test\client_build\app_build\src\main\java\kr\pe\sinnori\impl\message] creation task end
09:45:46.900 [main] INFO  k.p.s.c.buildsystem.ProjectBuilder - main project[sample_test]'s message decoder file[Echo][D:\gitsinnori\sinnori\project\sample_test\client_build\app_build\src\main\java\kr\pe\sinnori\impl\message] creation task start
09:45:46.904 [main] INFO  k.p.s.c.buildsystem.ProjectBuilder - main project[sample_test]'s message decoder file[Echo][D:\gitsinnori\sinnori\project\sample_test\client_build\app_build\src\main\java\kr\pe\sinnori\impl\message] creation task end
09:45:46.904 [main] INFO  k.p.s.c.buildsystem.ProjectBuilder - main project[sample_test]'s message encoder file[Echo][D:\gitsinnori\sinnori\project\sample_test\client_build\app_build\src\main\java\kr\pe\sinnori\impl\message] creation task start
09:45:46.969 [main] INFO  k.p.s.c.buildsystem.ProjectBuilder - main project[sample_test]'s message encoder file[Echo][D:\gitsinnori\sinnori\project\sample_test\client_build\app_build\src\main\java\kr\pe\sinnori\impl\message] creation task end
09:45:46.969 [main] INFO  k.p.s.c.buildsystem.ProjectBuilder - main project[sample_test]'s message server codec file[Echo][D:\gitsinnori\sinnori\project\sample_test\client_build\app_build\src\main\java\kr\pe\sinnori\impl\message] creation task start
09:45:46.972 [main] INFO  k.p.s.c.buildsystem.ProjectBuilder - main project[sample_test]'s message server codec file[Echo][D:\gitsinnori\sinnori\project\sample_test\client_build\app_build\src\main\java\kr\pe\sinnori\impl\message] creation task end
09:45:46.972 [main] INFO  k.p.s.c.buildsystem.ProjectBuilder - main project[sample_test]'s message client codec file[Echo][D:\gitsinnori\sinnori\project\sample_test\client_build\app_build\src\main\java\kr\pe\sinnori\impl\message] creation task start
09:45:46.973 [main] INFO  k.p.s.c.buildsystem.ProjectBuilder - main project[sample_test]'s message client codec file[Echo][D:\gitsinnori\sinnori\project\sample_test\client_build\app_build\src\main\java\kr\pe\sinnori\impl\message] creation task end
09:45:46.974 [main] INFO  k.p.s.common.util.CommonStaticUtil - the new child relative direcotry[D:\gitsinnori\sinnori\project\sample_test\client_build\app_build\src\main\java\kr\pe\sinnori\impl\message][PublicKeyReq] was created successfully
09:45:46.974 [main] INFO  k.p.s.c.buildsystem.ProjectBuilder - main project[sample_test]'s message file[PublicKeyReq][D:\gitsinnori\sinnori\project\sample_test\client_build\app_build\src\main\java\kr\pe\sinnori\impl\message] creation task start
09:45:46.977 [main] INFO  k.p.s.c.buildsystem.ProjectBuilder - main project[sample_test]'s message file[PublicKeyReq][D:\gitsinnori\sinnori\project\sample_test\client_build\app_build\src\main\java\kr\pe\sinnori\impl\message] creation task end
09:45:46.978 [main] INFO  k.p.s.c.buildsystem.ProjectBuilder - main project[sample_test]'s message decoder file[PublicKeyReq][D:\gitsinnori\sinnori\project\sample_test\client_build\app_build\src\main\java\kr\pe\sinnori\impl\message] creation task start
09:45:46.982 [main] INFO  k.p.s.c.buildsystem.ProjectBuilder - main project[sample_test]'s message decoder file[PublicKeyReq][D:\gitsinnori\sinnori\project\sample_test\client_build\app_build\src\main\java\kr\pe\sinnori\impl\message] creation task end
09:45:46.982 [main] INFO  k.p.s.c.buildsystem.ProjectBuilder - main project[sample_test]'s message encoder file[PublicKeyReq][D:\gitsinnori\sinnori\project\sample_test\client_build\app_build\src\main\java\kr\pe\sinnori\impl\message] creation task start
09:45:46.985 [main] INFO  k.p.s.c.buildsystem.ProjectBuilder - main project[sample_test]'s message encoder file[PublicKeyReq][D:\gitsinnori\sinnori\project\sample_test\client_build\app_build\src\main\java\kr\pe\sinnori\impl\message] creation task end
09:45:46.985 [main] INFO  k.p.s.c.buildsystem.ProjectBuilder - main project[sample_test]'s message server codec file[PublicKeyReq][D:\gitsinnori\sinnori\project\sample_test\client_build\app_build\src\main\java\kr\pe\sinnori\impl\message] creation task start
09:45:46.988 [main] INFO  k.p.s.c.buildsystem.ProjectBuilder - main project[sample_test]'s message server codec file[PublicKeyReq][D:\gitsinnori\sinnori\project\sample_test\client_build\app_build\src\main\java\kr\pe\sinnori\impl\message] creation task end
09:45:46.988 [main] INFO  k.p.s.c.buildsystem.ProjectBuilder - main project[sample_test]'s message client codec file[PublicKeyReq][D:\gitsinnori\sinnori\project\sample_test\client_build\app_build\src\main\java\kr\pe\sinnori\impl\message] creation task start
09:45:46.990 [main] INFO  k.p.s.c.buildsystem.ProjectBuilder - main project[sample_test]'s message client codec file[PublicKeyReq][D:\gitsinnori\sinnori\project\sample_test\client_build\app_build\src\main\java\kr\pe\sinnori\impl\message] creation task end
09:45:46.990 [main] INFO  k.p.s.common.util.CommonStaticUtil - the new child relative direcotry[D:\gitsinnori\sinnori\project\sample_test\client_build\app_build\src\main\java\kr\pe\sinnori\impl\message][PublicKeyRes] was created successfully
09:45:46.990 [main] INFO  k.p.s.c.buildsystem.ProjectBuilder - main project[sample_test]'s message file[PublicKeyRes][D:\gitsinnori\sinnori\project\sample_test\client_build\app_build\src\main\java\kr\pe\sinnori\impl\message] creation task start
09:45:46.994 [main] INFO  k.p.s.c.buildsystem.ProjectBuilder - main project[sample_test]'s message file[PublicKeyRes][D:\gitsinnori\sinnori\project\sample_test\client_build\app_build\src\main\java\kr\pe\sinnori\impl\message] creation task end
09:45:46.994 [main] INFO  k.p.s.c.buildsystem.ProjectBuilder - main project[sample_test]'s message decoder file[PublicKeyRes][D:\gitsinnori\sinnori\project\sample_test\client_build\app_build\src\main\java\kr\pe\sinnori\impl\message] creation task start
09:45:46.997 [main] INFO  k.p.s.c.buildsystem.ProjectBuilder - main project[sample_test]'s message decoder file[PublicKeyRes][D:\gitsinnori\sinnori\project\sample_test\client_build\app_build\src\main\java\kr\pe\sinnori\impl\message] creation task end
09:45:46.997 [main] INFO  k.p.s.c.buildsystem.ProjectBuilder - main project[sample_test]'s message encoder file[PublicKeyRes][D:\gitsinnori\sinnori\project\sample_test\client_build\app_build\src\main\java\kr\pe\sinnori\impl\message] creation task start
09:45:47.003 [main] INFO  k.p.s.c.buildsystem.ProjectBuilder - main project[sample_test]'s message encoder file[PublicKeyRes][D:\gitsinnori\sinnori\project\sample_test\client_build\app_build\src\main\java\kr\pe\sinnori\impl\message] creation task end
09:45:47.003 [main] INFO  k.p.s.c.buildsystem.ProjectBuilder - main project[sample_test]'s message server codec file[PublicKeyRes][D:\gitsinnori\sinnori\project\sample_test\client_build\app_build\src\main\java\kr\pe\sinnori\impl\message] creation task start
09:45:47.005 [main] INFO  k.p.s.c.buildsystem.ProjectBuilder - main project[sample_test]'s message server codec file[PublicKeyRes][D:\gitsinnori\sinnori\project\sample_test\client_build\app_build\src\main\java\kr\pe\sinnori\impl\message] creation task end
09:45:47.005 [main] INFO  k.p.s.c.buildsystem.ProjectBuilder - main project[sample_test]'s message client codec file[PublicKeyRes][D:\gitsinnori\sinnori\project\sample_test\client_build\app_build\src\main\java\kr\pe\sinnori\impl\message] creation task start
09:45:47.007 [main] INFO  k.p.s.c.buildsystem.ProjectBuilder - main project[sample_test]'s message client codec file[PublicKeyRes][D:\gitsinnori\sinnori\project\sample_test\client_build\app_build\src\main\java\kr\pe\sinnori\impl\message] creation task end
09:45:47.007 [main] INFO  k.p.s.c.buildsystem.ProjectBuilder - main project[sample_test]'s application client message io file set creation task end
09:45:47.084 [main] INFO  k.p.s.c.buildsystem.ProjectBuilder - mainproject[sample_test]'s application client build system files creation task end
09:45:47.084 [main] INFO  k.p.s.c.buildsystem.ProjectBuilder - main project[sample_test]'s file creation task end
09:45:47.084 [main] INFO  k.p.s.c.buildsystem.ProjectBuilder - the web client ant build.xml file[D:\gitsinnori\sinnori\project\sample_test\client_build\web_build\build.xml] is bad :: whetherExist[false] isFile[false]
09:45:47.085 [main] INFO  k.p.s.c.config.SinnoriConfiguration - item key[sessionkey.rsa.publickey.file.value]'s value is null because its status is inactive
09:45:47.085 [main] INFO  k.p.s.c.config.SinnoriConfiguration - item key[sessionkey.rsa.privatekey.file.value]'s value is null because its status is inactive
09:45:47.110 [main] INFO  k.p.s.c.buildsystem.ProjectBuilder - main project[sample_test]'s child direcotry creation task start
09:45:47.110 [main] INFO  k.p.s.c.buildsystem.ProjectBuilder - main project[sample_test]'s common child direcotry creation task start
09:45:47.110 [main] INFO  k.p.s.common.util.CommonStaticUtil - the new child relative direcotry[D:\gitsinnori\sinnori\project\sample_test][config] was created successfully
09:45:47.111 [main] INFO  k.p.s.common.util.CommonStaticUtil - the new child relative direcotry[D:\gitsinnori\sinnori\project\sample_test][resources/dbcp] was created successfully
09:45:47.111 [main] INFO  k.p.s.common.util.CommonStaticUtil - the new child relative direcotry[D:\gitsinnori\sinnori\project\sample_test][resources/message_info] was created successfully
09:45:47.111 [main] INFO  k.p.s.common.util.CommonStaticUtil - the new child relative direcotry[D:\gitsinnori\sinnori\project\sample_test][resources/rsa_keypair] was created successfully
09:45:47.111 [main] INFO  k.p.s.common.util.CommonStaticUtil - the new child relative direcotry[D:\gitsinnori\sinnori\project\sample_test][log/apache] was created successfully
09:45:47.112 [main] INFO  k.p.s.common.util.CommonStaticUtil - the new child relative direcotry[D:\gitsinnori\sinnori\project\sample_test][log/client] was created successfully
09:45:47.112 [main] INFO  k.p.s.common.util.CommonStaticUtil - the new child relative direcotry[D:\gitsinnori\sinnori\project\sample_test][log/server] was created successfully
09:45:47.112 [main] INFO  k.p.s.common.util.CommonStaticUtil - the new child relative direcotry[D:\gitsinnori\sinnori\project\sample_test][log/servlet] was created successfully
09:45:47.112 [main] INFO  k.p.s.c.buildsystem.ProjectBuilder - main project[sample_test]'s common child direcotry creation task end
09:45:47.112 [main] INFO  k.p.s.c.buildsystem.ProjectBuilder - main project[sample_test]'s server child direcotry creation task start
09:45:47.113 [main] INFO  k.p.s.common.util.CommonStaticUtil - the new child relative direcotry[D:\gitsinnori\sinnori\project\sample_test][server_build/APP-INF/classes] was created successfully
09:45:47.113 [main] INFO  k.p.s.common.util.CommonStaticUtil - the new child relative direcotry[D:\gitsinnori\sinnori\project\sample_test][server_build/corelib/ex] was created successfully
09:45:47.113 [main] INFO  k.p.s.common.util.CommonStaticUtil - the new child relative direcotry[D:\gitsinnori\sinnori\project\sample_test][server_build/corelib/in] was created successfully
09:45:47.114 [main] INFO  k.p.s.common.util.CommonStaticUtil - the new child relative direcotry[D:\gitsinnori\sinnori\project\sample_test][server_build/lib/main/ex] was created successfully
09:45:47.114 [main] INFO  k.p.s.common.util.CommonStaticUtil - the new child relative direcotry[D:\gitsinnori\sinnori\project\sample_test][server_build/lib/main/in] was created successfully
09:45:47.114 [main] INFO  k.p.s.common.util.CommonStaticUtil - the new child relative direcotry[D:\gitsinnori\sinnori\project\sample_test][server_build/lib/test] was created successfully
09:45:47.117 [main] INFO  k.p.s.common.util.CommonStaticUtil - the new child relative direcotry[D:\gitsinnori\sinnori\project\sample_test][server_build/src/main/java/kr/pe/sinnori/impl/servertask] was created successfully
09:45:47.117 [main] INFO  k.p.s.common.util.CommonStaticUtil - the new child relative direcotry[D:\gitsinnori\sinnori\project\sample_test][server_build/src/main/java/kr/pe/sinnori/impl/message] was created successfully
09:45:47.117 [main] INFO  k.p.s.common.util.CommonStaticUtil - the new child relative direcotry[D:\gitsinnori\sinnori\project\sample_test][server_build/src/main/java/main] was created successfully
09:45:47.117 [main] INFO  k.p.s.common.util.CommonStaticUtil - the new child relative direcotry[D:\gitsinnori\sinnori\project\sample_test][server_build/src/test/java] was created successfully
09:45:47.118 [main] INFO  k.p.s.common.util.CommonStaticUtil - the new child relative direcotry[D:\gitsinnori\sinnori\project\sample_test][server_build/build] was created successfully
09:45:47.203 [main] INFO  k.p.s.common.util.CommonStaticUtil - the new child relative direcotry[D:\gitsinnori\sinnori\project\sample_test][server_build/dist] was created successfully
09:45:47.203 [main] INFO  k.p.s.c.buildsystem.ProjectBuilder - main project[sample_test]'s server child direcotry creation task end
09:45:47.203 [main] INFO  k.p.s.c.buildsystem.ProjectBuilder - main project[sample_test]'s web build child direcotry creation task start
09:45:47.205 [main] INFO  k.p.s.common.util.CommonStaticUtil - the new child relative direcotry[D:\gitsinnori\sinnori\project\sample_test][client_build/web_build/corelib/ex] was created successfully
09:45:47.205 [main] INFO  k.p.s.common.util.CommonStaticUtil - the new child relative direcotry[D:\gitsinnori\sinnori\project\sample_test][client_build/web_build/corelib/in] was created successfully
09:45:47.206 [main] INFO  k.p.s.common.util.CommonStaticUtil - the new child relative direcotry[D:\gitsinnori\sinnori\project\sample_test][client_build/web_build/lib/main/ex] was created successfully
09:45:47.207 [main] INFO  k.p.s.common.util.CommonStaticUtil - the new child relative direcotry[D:\gitsinnori\sinnori\project\sample_test][client_build/web_build/lib/main/in] was created successfully
09:45:47.207 [main] INFO  k.p.s.common.util.CommonStaticUtil - the new child relative direcotry[D:\gitsinnori\sinnori\project\sample_test][client_build/web_build/lib/test] was created successfully
09:45:47.210 [main] INFO  k.p.s.common.util.CommonStaticUtil - the new child relative direcotry[D:\gitsinnori\sinnori\project\sample_test][client_build/web_build/src/main/java/kr/pe/sinnori/impl/message] was created successfully
09:45:47.210 [main] INFO  k.p.s.common.util.CommonStaticUtil - the new child relative direcotry[D:\gitsinnori\sinnori\project\sample_test][client_build/web_build/src/main/java//kr/pe/sinnori/servlet] was created successfully
09:45:47.211 [main] INFO  k.p.s.common.util.CommonStaticUtil - the new child relative direcotry[D:\gitsinnori\sinnori\project\sample_test][client_build/web_build/src/main/java/kr/pe/sinnori/weblib/common] was created successfully
09:45:47.211 [main] INFO  k.p.s.common.util.CommonStaticUtil - the new child relative direcotry[D:\gitsinnori\sinnori\project\sample_test][client_build/web_build/src/main/java/kr/pe/sinnori/weblib/htmlstring] was created successfully
09:45:47.211 [main] INFO  k.p.s.common.util.CommonStaticUtil - the new child relative direcotry[D:\gitsinnori\sinnori\project\sample_test][client_build/web_build/src/main/java/kr/pe/sinnori/weblib/jdf] was created successfully
09:45:47.212 [main] INFO  k.p.s.common.util.CommonStaticUtil - the new child relative direcotry[D:\gitsinnori\sinnori\project\sample_test][client_build/web_build/src/test/java] was created successfully
09:45:47.212 [main] INFO  k.p.s.common.util.CommonStaticUtil - the new child relative direcotry[D:\gitsinnori\sinnori\project\sample_test][client_build/web_build/build] was created successfully
09:45:47.212 [main] INFO  k.p.s.common.util.CommonStaticUtil - the new child relative direcotry[D:\gitsinnori\sinnori\project\sample_test][client_build/web_build/dist] was created successfully
09:45:47.212 [main] INFO  k.p.s.c.buildsystem.ProjectBuilder - main project[sample_test]'s web build child direcotry creation task end
09:45:47.212 [main] INFO  k.p.s.c.buildsystem.ProjectBuilder - main project[sample_test]'s web root child direcotry creation task start
09:45:47.212 [main] INFO  k.p.s.common.util.CommonStaticUtil - the new child relative direcotry[D:\gitsinnori\sinnori\project\sample_test][web_app_base/upload] was created successfully
09:45:47.213 [main] INFO  k.p.s.common.util.CommonStaticUtil - the new child relative direcotry[D:\gitsinnori\sinnori\project\sample_test][web_app_base/ROOT/WEB-INF/classes] was created successfully
09:45:47.213 [main] INFO  k.p.s.common.util.CommonStaticUtil - the new child relative direcotry[D:\gitsinnori\sinnori\project\sample_test][web_app_base/ROOT/WEB-INF/lib] was created successfully
09:45:47.213 [main] INFO  k.p.s.c.buildsystem.ProjectBuilder - main project[sample_test]'s web root child direcotry creation task end
09:45:47.213 [main] INFO  k.p.s.c.buildsystem.ProjectBuilder - main project[sample_test]'s child direcotry creation task end
09:45:47.214 [main] INFO  k.p.s.c.buildsystem.ProjectBuilder - main project[sample_test]'s file creation task start
09:45:47.214 [main] INFO  k.p.s.c.buildsystem.ProjectBuilder - main project[sample_test]'s config file creation task start
09:45:47.214 [main] INFO  k.p.s.c.util.SequencedPropertiesUtil - the sequenced properties file[D:\gitsinnori\sinnori\project\sample_test\config\sinnori.properties] was created
09:45:47.221 [main] INFO  k.p.s.c.buildsystem.ProjectBuilder - main project[sample_test]'s config file creation task end
09:45:47.221 [main] INFO  k.p.s.c.buildsystem.ProjectBuilder - the mainproject[sample_test]'s resources directory copy task start
09:45:47.237 [main] INFO  k.p.s.c.buildsystem.ProjectBuilder - the mainproject[sample_test]'s resources directory copy task end
09:45:47.237 [main] INFO  k.p.s.c.buildsystem.ProjectBuilder - server build system files creation task start
09:45:47.237 [main] INFO  k.p.s.c.buildsystem.ProjectBuilder - main project[sample_test]'s server ant build.xml file creation task start
09:45:47.239 [main] INFO  k.p.s.c.buildsystem.ProjectBuilder - main project[sample_test]'s server ant build.xml file creation task end
09:45:47.239 [main] INFO  k.p.s.c.buildsystem.ProjectBuilder - main project[sample_test]'s server dos shell file creation task start
09:45:47.240 [main] INFO  k.p.s.c.buildsystem.ProjectBuilder - main project[sample_test]'s server dos shell file creation task end
09:45:47.240 [main] INFO  k.p.s.c.buildsystem.ProjectBuilder - main project[sample_test]'s server unix shell file creation task start
09:45:47.242 [main] INFO  k.p.s.c.buildsystem.ProjectBuilder - main project[sample_test]'s server unix shell file creation task end
09:45:47.242 [main] INFO  k.p.s.c.buildsystem.ProjectBuilder - server sample source files copy task start
09:45:47.249 [main] INFO  k.p.s.c.buildsystem.ProjectBuilder - server sample source files copy task end
09:45:47.249 [main] INFO  k.p.s.c.buildsystem.ProjectBuilder - main project[sample_test]'s server message io file set creation task start
09:45:47.250 [main] INFO  k.p.s.common.util.CommonStaticUtil - the new child relative direcotry[D:\gitsinnori\sinnori\project\sample_test\server_build\src\main\java\kr\pe\sinnori\impl\message][Echo] was created successfully
09:45:47.250 [main] INFO  k.p.s.c.buildsystem.ProjectBuilder - main project[sample_test]'s message file[Echo][D:\gitsinnori\sinnori\project\sample_test\server_build\src\main\java\kr\pe\sinnori\impl\message] creation task start
09:45:47.252 [main] INFO  k.p.s.c.buildsystem.ProjectBuilder - main project[sample_test]'s message file[Echo][D:\gitsinnori\sinnori\project\sample_test\server_build\src\main\java\kr\pe\sinnori\impl\message] creation task end
09:45:47.252 [main] INFO  k.p.s.c.buildsystem.ProjectBuilder - main project[sample_test]'s message decoder file[Echo][D:\gitsinnori\sinnori\project\sample_test\server_build\src\main\java\kr\pe\sinnori\impl\message] creation task start
09:45:47.255 [main] INFO  k.p.s.c.buildsystem.ProjectBuilder - main project[sample_test]'s message decoder file[Echo][D:\gitsinnori\sinnori\project\sample_test\server_build\src\main\java\kr\pe\sinnori\impl\message] creation task end
09:45:47.255 [main] INFO  k.p.s.c.buildsystem.ProjectBuilder - main project[sample_test]'s message encoder file[Echo][D:\gitsinnori\sinnori\project\sample_test\server_build\src\main\java\kr\pe\sinnori\impl\message] creation task start
09:45:47.258 [main] INFO  k.p.s.c.buildsystem.ProjectBuilder - main project[sample_test]'s message encoder file[Echo][D:\gitsinnori\sinnori\project\sample_test\server_build\src\main\java\kr\pe\sinnori\impl\message] creation task end
09:45:47.258 [main] INFO  k.p.s.c.buildsystem.ProjectBuilder - main project[sample_test]'s message server codec file[Echo][D:\gitsinnori\sinnori\project\sample_test\server_build\src\main\java\kr\pe\sinnori\impl\message] creation task start
09:45:47.259 [main] INFO  k.p.s.c.buildsystem.ProjectBuilder - main project[sample_test]'s message server codec file[Echo][D:\gitsinnori\sinnori\project\sample_test\server_build\src\main\java\kr\pe\sinnori\impl\message] creation task end
09:45:47.259 [main] INFO  k.p.s.c.buildsystem.ProjectBuilder - main project[sample_test]'s message client codec file[Echo][D:\gitsinnori\sinnori\project\sample_test\server_build\src\main\java\kr\pe\sinnori\impl\message] creation task start
09:45:47.260 [main] INFO  k.p.s.c.buildsystem.ProjectBuilder - main project[sample_test]'s message client codec file[Echo][D:\gitsinnori\sinnori\project\sample_test\server_build\src\main\java\kr\pe\sinnori\impl\message] creation task end
09:45:47.261 [main] INFO  k.p.s.common.util.CommonStaticUtil - the new child relative direcotry[D:\gitsinnori\sinnori\project\sample_test\server_build\src\main\java\kr\pe\sinnori\impl\message][PublicKeyReq] was created successfully
09:45:47.322 [main] INFO  k.p.s.c.buildsystem.ProjectBuilder - main project[sample_test]'s message file[PublicKeyReq][D:\gitsinnori\sinnori\project\sample_test\server_build\src\main\java\kr\pe\sinnori\impl\message] creation task start
09:45:47.326 [main] INFO  k.p.s.c.buildsystem.ProjectBuilder - main project[sample_test]'s message file[PublicKeyReq][D:\gitsinnori\sinnori\project\sample_test\server_build\src\main\java\kr\pe\sinnori\impl\message] creation task end
09:45:47.326 [main] INFO  k.p.s.c.buildsystem.ProjectBuilder - main project[sample_test]'s message decoder file[PublicKeyReq][D:\gitsinnori\sinnori\project\sample_test\server_build\src\main\java\kr\pe\sinnori\impl\message] creation task start
09:45:47.329 [main] INFO  k.p.s.c.buildsystem.ProjectBuilder - main project[sample_test]'s message decoder file[PublicKeyReq][D:\gitsinnori\sinnori\project\sample_test\server_build\src\main\java\kr\pe\sinnori\impl\message] creation task end
09:45:47.329 [main] INFO  k.p.s.c.buildsystem.ProjectBuilder - main project[sample_test]'s message encoder file[PublicKeyReq][D:\gitsinnori\sinnori\project\sample_test\server_build\src\main\java\kr\pe\sinnori\impl\message] creation task start
09:45:47.332 [main] INFO  k.p.s.c.buildsystem.ProjectBuilder - main project[sample_test]'s message encoder file[PublicKeyReq][D:\gitsinnori\sinnori\project\sample_test\server_build\src\main\java\kr\pe\sinnori\impl\message] creation task end
09:45:47.332 [main] INFO  k.p.s.c.buildsystem.ProjectBuilder - main project[sample_test]'s message server codec file[PublicKeyReq][D:\gitsinnori\sinnori\project\sample_test\server_build\src\main\java\kr\pe\sinnori\impl\message] creation task start
09:45:47.334 [main] INFO  k.p.s.c.buildsystem.ProjectBuilder - main project[sample_test]'s message server codec file[PublicKeyReq][D:\gitsinnori\sinnori\project\sample_test\server_build\src\main\java\kr\pe\sinnori\impl\message] creation task end
09:45:47.334 [main] INFO  k.p.s.c.buildsystem.ProjectBuilder - main project[sample_test]'s message client codec file[PublicKeyReq][D:\gitsinnori\sinnori\project\sample_test\server_build\src\main\java\kr\pe\sinnori\impl\message] creation task start
09:45:47.335 [main] INFO  k.p.s.c.buildsystem.ProjectBuilder - main project[sample_test]'s message client codec file[PublicKeyReq][D:\gitsinnori\sinnori\project\sample_test\server_build\src\main\java\kr\pe\sinnori\impl\message] creation task end
09:45:47.335 [main] INFO  k.p.s.common.util.CommonStaticUtil - the new child relative direcotry[D:\gitsinnori\sinnori\project\sample_test\server_build\src\main\java\kr\pe\sinnori\impl\message][PublicKeyRes] was created successfully
09:45:47.335 [main] INFO  k.p.s.c.buildsystem.ProjectBuilder - main project[sample_test]'s message file[PublicKeyRes][D:\gitsinnori\sinnori\project\sample_test\server_build\src\main\java\kr\pe\sinnori\impl\message] creation task start
09:45:47.338 [main] INFO  k.p.s.c.buildsystem.ProjectBuilder - main project[sample_test]'s message file[PublicKeyRes][D:\gitsinnori\sinnori\project\sample_test\server_build\src\main\java\kr\pe\sinnori\impl\message] creation task end
09:45:47.338 [main] INFO  k.p.s.c.buildsystem.ProjectBuilder - main project[sample_test]'s message decoder file[PublicKeyRes][D:\gitsinnori\sinnori\project\sample_test\server_build\src\main\java\kr\pe\sinnori\impl\message] creation task start
09:45:47.341 [main] INFO  k.p.s.c.buildsystem.ProjectBuilder - main project[sample_test]'s message decoder file[PublicKeyRes][D:\gitsinnori\sinnori\project\sample_test\server_build\src\main\java\kr\pe\sinnori\impl\message] creation task end
09:45:47.341 [main] INFO  k.p.s.c.buildsystem.ProjectBuilder - main project[sample_test]'s message encoder file[PublicKeyRes][D:\gitsinnori\sinnori\project\sample_test\server_build\src\main\java\kr\pe\sinnori\impl\message] creation task start
09:45:47.344 [main] INFO  k.p.s.c.buildsystem.ProjectBuilder - main project[sample_test]'s message encoder file[PublicKeyRes][D:\gitsinnori\sinnori\project\sample_test\server_build\src\main\java\kr\pe\sinnori\impl\message] creation task end
09:45:47.344 [main] INFO  k.p.s.c.buildsystem.ProjectBuilder - main project[sample_test]'s message server codec file[PublicKeyRes][D:\gitsinnori\sinnori\project\sample_test\server_build\src\main\java\kr\pe\sinnori\impl\message] creation task start
09:45:47.345 [main] INFO  k.p.s.c.buildsystem.ProjectBuilder - main project[sample_test]'s message server codec file[PublicKeyRes][D:\gitsinnori\sinnori\project\sample_test\server_build\src\main\java\kr\pe\sinnori\impl\message] creation task end
09:45:47.345 [main] INFO  k.p.s.c.buildsystem.ProjectBuilder - main project[sample_test]'s message client codec file[PublicKeyRes][D:\gitsinnori\sinnori\project\sample_test\server_build\src\main\java\kr\pe\sinnori\impl\message] creation task start
09:45:47.347 [main] INFO  k.p.s.c.buildsystem.ProjectBuilder - main project[sample_test]'s message client codec file[PublicKeyRes][D:\gitsinnori\sinnori\project\sample_test\server_build\src\main\java\kr\pe\sinnori\impl\message] creation task end
09:45:47.347 [main] INFO  k.p.s.c.buildsystem.ProjectBuilder - main project[sample_test]'s server message io file set creation task end
09:45:47.347 [main] INFO  k.p.s.c.buildsystem.ProjectBuilder - server build system files creation task end
09:45:47.431 [main] INFO  k.p.s.c.buildsystem.ProjectBuilder - main project[sample_test]'s web client build system files creation task start
09:45:47.431 [main] INFO  k.p.s.c.buildsystem.ProjectBuilder - main project[sample_test]'s web client ant build.xml file creation task start
09:45:47.433 [main] INFO  k.p.s.c.buildsystem.ProjectBuilder - main project[sample_test]'s web client ant build.xml file creation task end
09:45:47.433 [main] INFO  k.p.s.c.buildsystem.ProjectBuilder - main project[sample_test]'s web client ant properties file creation task start
09:45:47.434 [main] INFO  k.p.s.c.util.SequencedPropertiesUtil - the sequenced properties file[D:\gitsinnori\sinnori\project\sample_test\client_build\web_build\webAnt.properties] was created
09:45:47.440 [main] INFO  k.p.s.c.buildsystem.ProjectBuilder - main project[sample_test]'s web client ant properties file creation task end
09:45:47.440 [main] INFO  k.p.s.c.buildsystem.ProjectBuilder - main project[sample_test]'s web client message io file set creation task start
09:45:47.440 [main] INFO  k.p.s.common.util.CommonStaticUtil - the new child relative direcotry[D:\gitsinnori\sinnori\project\sample_test\client_build\web_build\src\main\java\kr\pe\sinnori\impl\message][Echo] was created successfully
09:45:47.440 [main] INFO  k.p.s.c.buildsystem.ProjectBuilder - main project[sample_test]'s message file[Echo][D:\gitsinnori\sinnori\project\sample_test\client_build\web_build\src\main\java\kr\pe\sinnori\impl\message] creation task start
09:45:47.444 [main] INFO  k.p.s.c.buildsystem.ProjectBuilder - main project[sample_test]'s message file[Echo][D:\gitsinnori\sinnori\project\sample_test\client_build\web_build\src\main\java\kr\pe\sinnori\impl\message] creation task end
09:45:47.444 [main] INFO  k.p.s.c.buildsystem.ProjectBuilder - main project[sample_test]'s message decoder file[Echo][D:\gitsinnori\sinnori\project\sample_test\client_build\web_build\src\main\java\kr\pe\sinnori\impl\message] creation task start
09:45:47.446 [main] INFO  k.p.s.c.buildsystem.ProjectBuilder - main project[sample_test]'s message decoder file[Echo][D:\gitsinnori\sinnori\project\sample_test\client_build\web_build\src\main\java\kr\pe\sinnori\impl\message] creation task end
09:45:47.446 [main] INFO  k.p.s.c.buildsystem.ProjectBuilder - main project[sample_test]'s message encoder file[Echo][D:\gitsinnori\sinnori\project\sample_test\client_build\web_build\src\main\java\kr\pe\sinnori\impl\message] creation task start
09:45:47.449 [main] INFO  k.p.s.c.buildsystem.ProjectBuilder - main project[sample_test]'s message encoder file[Echo][D:\gitsinnori\sinnori\project\sample_test\client_build\web_build\src\main\java\kr\pe\sinnori\impl\message] creation task end
09:45:47.449 [main] INFO  k.p.s.c.buildsystem.ProjectBuilder - main project[sample_test]'s message server codec file[Echo][D:\gitsinnori\sinnori\project\sample_test\client_build\web_build\src\main\java\kr\pe\sinnori\impl\message] creation task start
09:45:47.451 [main] INFO  k.p.s.c.buildsystem.ProjectBuilder - main project[sample_test]'s message server codec file[Echo][D:\gitsinnori\sinnori\project\sample_test\client_build\web_build\src\main\java\kr\pe\sinnori\impl\message] creation task end
09:45:47.451 [main] INFO  k.p.s.c.buildsystem.ProjectBuilder - main project[sample_test]'s message client codec file[Echo][D:\gitsinnori\sinnori\project\sample_test\client_build\web_build\src\main\java\kr\pe\sinnori\impl\message] creation task start
09:45:47.453 [main] INFO  k.p.s.c.buildsystem.ProjectBuilder - main project[sample_test]'s message client codec file[Echo][D:\gitsinnori\sinnori\project\sample_test\client_build\web_build\src\main\java\kr\pe\sinnori\impl\message] creation task end
09:45:47.453 [main] INFO  k.p.s.common.util.CommonStaticUtil - the new child relative direcotry[D:\gitsinnori\sinnori\project\sample_test\client_build\web_build\src\main\java\kr\pe\sinnori\impl\message][PublicKeyReq] was created successfully
09:45:47.453 [main] INFO  k.p.s.c.buildsystem.ProjectBuilder - main project[sample_test]'s message file[PublicKeyReq][D:\gitsinnori\sinnori\project\sample_test\client_build\web_build\src\main\java\kr\pe\sinnori\impl\message] creation task start
09:45:47.457 [main] INFO  k.p.s.c.buildsystem.ProjectBuilder - main project[sample_test]'s message file[PublicKeyReq][D:\gitsinnori\sinnori\project\sample_test\client_build\web_build\src\main\java\kr\pe\sinnori\impl\message] creation task end
09:45:47.457 [main] INFO  k.p.s.c.buildsystem.ProjectBuilder - main project[sample_test]'s message decoder file[PublicKeyReq][D:\gitsinnori\sinnori\project\sample_test\client_build\web_build\src\main\java\kr\pe\sinnori\impl\message] creation task start
09:45:47.460 [main] INFO  k.p.s.c.buildsystem.ProjectBuilder - main project[sample_test]'s message decoder file[PublicKeyReq][D:\gitsinnori\sinnori\project\sample_test\client_build\web_build\src\main\java\kr\pe\sinnori\impl\message] creation task end
09:45:47.460 [main] INFO  k.p.s.c.buildsystem.ProjectBuilder - main project[sample_test]'s message encoder file[PublicKeyReq][D:\gitsinnori\sinnori\project\sample_test\client_build\web_build\src\main\java\kr\pe\sinnori\impl\message] creation task start
09:45:47.462 [main] INFO  k.p.s.c.buildsystem.ProjectBuilder - main project[sample_test]'s message encoder file[PublicKeyReq][D:\gitsinnori\sinnori\project\sample_test\client_build\web_build\src\main\java\kr\pe\sinnori\impl\message] creation task end
09:45:47.462 [main] INFO  k.p.s.c.buildsystem.ProjectBuilder - main project[sample_test]'s message server codec file[PublicKeyReq][D:\gitsinnori\sinnori\project\sample_test\client_build\web_build\src\main\java\kr\pe\sinnori\impl\message] creation task start
09:45:47.546 [main] INFO  k.p.s.c.buildsystem.ProjectBuilder - main project[sample_test]'s message server codec file[PublicKeyReq][D:\gitsinnori\sinnori\project\sample_test\client_build\web_build\src\main\java\kr\pe\sinnori\impl\message] creation task end
09:45:47.546 [main] INFO  k.p.s.c.buildsystem.ProjectBuilder - main project[sample_test]'s message client codec file[PublicKeyReq][D:\gitsinnori\sinnori\project\sample_test\client_build\web_build\src\main\java\kr\pe\sinnori\impl\message] creation task start
09:45:47.548 [main] INFO  k.p.s.c.buildsystem.ProjectBuilder - main project[sample_test]'s message client codec file[PublicKeyReq][D:\gitsinnori\sinnori\project\sample_test\client_build\web_build\src\main\java\kr\pe\sinnori\impl\message] creation task end
09:45:47.548 [main] INFO  k.p.s.common.util.CommonStaticUtil - the new child relative direcotry[D:\gitsinnori\sinnori\project\sample_test\client_build\web_build\src\main\java\kr\pe\sinnori\impl\message][PublicKeyRes] was created successfully
09:45:47.548 [main] INFO  k.p.s.c.buildsystem.ProjectBuilder - main project[sample_test]'s message file[PublicKeyRes][D:\gitsinnori\sinnori\project\sample_test\client_build\web_build\src\main\java\kr\pe\sinnori\impl\message] creation task start
09:45:47.552 [main] INFO  k.p.s.c.buildsystem.ProjectBuilder - main project[sample_test]'s message file[PublicKeyRes][D:\gitsinnori\sinnori\project\sample_test\client_build\web_build\src\main\java\kr\pe\sinnori\impl\message] creation task end
09:45:47.552 [main] INFO  k.p.s.c.buildsystem.ProjectBuilder - main project[sample_test]'s message decoder file[PublicKeyRes][D:\gitsinnori\sinnori\project\sample_test\client_build\web_build\src\main\java\kr\pe\sinnori\impl\message] creation task start
09:45:47.557 [main] INFO  k.p.s.c.buildsystem.ProjectBuilder - main project[sample_test]'s message decoder file[PublicKeyRes][D:\gitsinnori\sinnori\project\sample_test\client_build\web_build\src\main\java\kr\pe\sinnori\impl\message] creation task end
09:45:47.557 [main] INFO  k.p.s.c.buildsystem.ProjectBuilder - main project[sample_test]'s message encoder file[PublicKeyRes][D:\gitsinnori\sinnori\project\sample_test\client_build\web_build\src\main\java\kr\pe\sinnori\impl\message] creation task start
09:45:47.560 [main] INFO  k.p.s.c.buildsystem.ProjectBuilder - main project[sample_test]'s message encoder file[PublicKeyRes][D:\gitsinnori\sinnori\project\sample_test\client_build\web_build\src\main\java\kr\pe\sinnori\impl\message] creation task end
09:45:47.560 [main] INFO  k.p.s.c.buildsystem.ProjectBuilder - main project[sample_test]'s message server codec file[PublicKeyRes][D:\gitsinnori\sinnori\project\sample_test\client_build\web_build\src\main\java\kr\pe\sinnori\impl\message] creation task start
09:45:47.562 [main] INFO  k.p.s.c.buildsystem.ProjectBuilder - main project[sample_test]'s message server codec file[PublicKeyRes][D:\gitsinnori\sinnori\project\sample_test\client_build\web_build\src\main\java\kr\pe\sinnori\impl\message] creation task end
09:45:47.562 [main] INFO  k.p.s.c.buildsystem.ProjectBuilder - main project[sample_test]'s message client codec file[PublicKeyRes][D:\gitsinnori\sinnori\project\sample_test\client_build\web_build\src\main\java\kr\pe\sinnori\impl\message] creation task start
09:45:47.563 [main] INFO  k.p.s.c.buildsystem.ProjectBuilder - main project[sample_test]'s message client codec file[PublicKeyRes][D:\gitsinnori\sinnori\project\sample_test\client_build\web_build\src\main\java\kr\pe\sinnori\impl\message] creation task end
09:45:47.563 [main] INFO  k.p.s.c.buildsystem.ProjectBuilder - main project[sample_test]'s web client message io file set creation task end
09:45:47.563 [main] INFO  k.p.s.c.buildsystem.ProjectBuilder - mainproject[sample_test]'s web client sample source files copy task start
09:45:47.622 [main] INFO  k.p.s.c.buildsystem.ProjectBuilder - mainproject[sample_test]'s web client sample source files copy task end
09:45:47.622 [main] INFO  k.p.s.c.buildsystem.ProjectBuilder - main project[sample_test]'s web client build system files creation task end
09:45:47.622 [main] INFO  k.p.s.c.buildsystem.ProjectBuilder - main project[sample_test]'s web root sample files creation task start
09:45:47.622 [main] INFO  k.p.s.c.buildsystem.ProjectBuilder - main project[sample_test]'s web root sample files copy task start
09:45:47.628 [main] INFO  k.p.s.c.buildsystem.ProjectBuilder - main project[sample_test]'s web root sample files copy task end
09:45:47.628 [main] INFO  k.p.s.c.buildsystem.ProjectBuilder - main project[sample_test]'s web root sample files creation task end
09:45:47.628 [main] INFO  k.p.s.c.buildsystem.ProjectBuilder - main project[sample_test]'s file creation task end
09:45:47.628 [main] INFO  k.p.s.c.buildsystem.ProjectBuilder - the app client ant build.xml file[D:\gitsinnori\sinnori\project\sample_test\client_build\app_build\build.xml] is bad :: whetherExist[false] isFile[false]
09:45:47.628 [main] INFO  k.p.s.c.config.SinnoriConfiguration - item key[sessionkey.rsa.publickey.file.value]'s value is null because its status is inactive
09:45:47.628 [main] INFO  k.p.s.c.config.SinnoriConfiguration - item key[sessionkey.rsa.privatekey.file.value]'s value is null because its status is inactive
09:45:47.660 [main] INFO  k.p.s.c.buildsystem.ProjectBuilder - main project[sample_test]'s child direcotry creation task start
09:45:47.660 [main] INFO  k.p.s.c.buildsystem.ProjectBuilder - main project[sample_test]'s common child direcotry creation task start
09:45:47.661 [main] INFO  k.p.s.common.util.CommonStaticUtil - the new child relative direcotry[D:\gitsinnori\sinnori\project\sample_test][config] was created successfully
09:45:47.662 [main] INFO  k.p.s.common.util.CommonStaticUtil - the new child relative direcotry[D:\gitsinnori\sinnori\project\sample_test][resources/dbcp] was created successfully
09:45:47.662 [main] INFO  k.p.s.common.util.CommonStaticUtil - the new child relative direcotry[D:\gitsinnori\sinnori\project\sample_test][resources/message_info] was created successfully
09:45:47.662 [main] INFO  k.p.s.common.util.CommonStaticUtil - the new child relative direcotry[D:\gitsinnori\sinnori\project\sample_test][resources/rsa_keypair] was created successfully
09:45:47.663 [main] INFO  k.p.s.common.util.CommonStaticUtil - the new child relative direcotry[D:\gitsinnori\sinnori\project\sample_test][log/apache] was created successfully
09:45:47.663 [main] INFO  k.p.s.common.util.CommonStaticUtil - the new child relative direcotry[D:\gitsinnori\sinnori\project\sample_test][log/client] was created successfully
09:45:47.664 [main] INFO  k.p.s.common.util.CommonStaticUtil - the new child relative direcotry[D:\gitsinnori\sinnori\project\sample_test][log/server] was created successfully
09:45:47.664 [main] INFO  k.p.s.common.util.CommonStaticUtil - the new child relative direcotry[D:\gitsinnori\sinnori\project\sample_test][log/servlet] was created successfully
09:45:47.664 [main] INFO  k.p.s.c.buildsystem.ProjectBuilder - main project[sample_test]'s common child direcotry creation task end
09:45:47.664 [main] INFO  k.p.s.c.buildsystem.ProjectBuilder - main project[sample_test]'s server child direcotry creation task start
09:45:47.665 [main] INFO  k.p.s.common.util.CommonStaticUtil - the new child relative direcotry[D:\gitsinnori\sinnori\project\sample_test][server_build/APP-INF/classes] was created successfully
09:45:47.666 [main] INFO  k.p.s.common.util.CommonStaticUtil - the new child relative direcotry[D:\gitsinnori\sinnori\project\sample_test][server_build/corelib/ex] was created successfully
09:45:47.666 [main] INFO  k.p.s.common.util.CommonStaticUtil - the new child relative direcotry[D:\gitsinnori\sinnori\project\sample_test][server_build/corelib/in] was created successfully
09:45:47.667 [main] INFO  k.p.s.common.util.CommonStaticUtil - the new child relative direcotry[D:\gitsinnori\sinnori\project\sample_test][server_build/lib/main/ex] was created successfully
09:45:47.667 [main] INFO  k.p.s.common.util.CommonStaticUtil - the new child relative direcotry[D:\gitsinnori\sinnori\project\sample_test][server_build/lib/main/in] was created successfully
09:45:47.667 [main] INFO  k.p.s.common.util.CommonStaticUtil - the new child relative direcotry[D:\gitsinnori\sinnori\project\sample_test][server_build/lib/test] was created successfully
09:45:47.670 [main] INFO  k.p.s.common.util.CommonStaticUtil - the new child relative direcotry[D:\gitsinnori\sinnori\project\sample_test][server_build/src/main/java/kr/pe/sinnori/impl/servertask] was created successfully
09:45:47.671 [main] INFO  k.p.s.common.util.CommonStaticUtil - the new child relative direcotry[D:\gitsinnori\sinnori\project\sample_test][server_build/src/main/java/kr/pe/sinnori/impl/message] was created successfully
09:45:47.671 [main] INFO  k.p.s.common.util.CommonStaticUtil - the new child relative direcotry[D:\gitsinnori\sinnori\project\sample_test][server_build/src/main/java/main] was created successfully
09:45:47.671 [main] INFO  k.p.s.common.util.CommonStaticUtil - the new child relative direcotry[D:\gitsinnori\sinnori\project\sample_test][server_build/src/test/java] was created successfully
09:45:47.671 [main] INFO  k.p.s.common.util.CommonStaticUtil - the new child relative direcotry[D:\gitsinnori\sinnori\project\sample_test][server_build/build] was created successfully
09:45:47.672 [main] INFO  k.p.s.common.util.CommonStaticUtil - the new child relative direcotry[D:\gitsinnori\sinnori\project\sample_test][server_build/dist] was created successfully
09:45:47.672 [main] INFO  k.p.s.c.buildsystem.ProjectBuilder - main project[sample_test]'s server child direcotry creation task end
09:45:47.672 [main] INFO  k.p.s.c.buildsystem.ProjectBuilder - main project[sample_test]'s child direcotry creation task end
09:45:47.672 [main] INFO  k.p.s.c.buildsystem.ProjectBuilder - main project[sample_test]'s file creation task start
09:45:47.672 [main] INFO  k.p.s.c.buildsystem.ProjectBuilder - main project[sample_test]'s config file creation task start
09:45:47.672 [main] INFO  k.p.s.c.util.SequencedPropertiesUtil - the sequenced properties file[D:\gitsinnori\sinnori\project\sample_test\config\sinnori.properties] was created
09:45:47.676 [main] INFO  k.p.s.c.buildsystem.ProjectBuilder - main project[sample_test]'s config file creation task end
09:45:47.676 [main] INFO  k.p.s.c.buildsystem.ProjectBuilder - the mainproject[sample_test]'s resources directory copy task start
09:45:47.691 [main] INFO  k.p.s.c.buildsystem.ProjectBuilder - the mainproject[sample_test]'s resources directory copy task end
09:45:47.691 [main] INFO  k.p.s.c.buildsystem.ProjectBuilder - server build system files creation task start
09:45:47.691 [main] INFO  k.p.s.c.buildsystem.ProjectBuilder - main project[sample_test]'s server ant build.xml file creation task start
09:45:47.692 [main] INFO  k.p.s.c.buildsystem.ProjectBuilder - main project[sample_test]'s server ant build.xml file creation task end
09:45:47.692 [main] INFO  k.p.s.c.buildsystem.ProjectBuilder - main project[sample_test]'s server dos shell file creation task start
09:45:47.693 [main] INFO  k.p.s.c.buildsystem.ProjectBuilder - main project[sample_test]'s server dos shell file creation task end
09:45:47.693 [main] INFO  k.p.s.c.buildsystem.ProjectBuilder - main project[sample_test]'s server unix shell file creation task start
09:45:47.694 [main] INFO  k.p.s.c.buildsystem.ProjectBuilder - main project[sample_test]'s server unix shell file creation task end
09:45:47.694 [main] INFO  k.p.s.c.buildsystem.ProjectBuilder - server sample source files copy task start
09:45:47.701 [main] INFO  k.p.s.c.buildsystem.ProjectBuilder - server sample source files copy task end
09:45:47.701 [main] INFO  k.p.s.c.buildsystem.ProjectBuilder - main project[sample_test]'s server message io file set creation task start
09:45:47.701 [main] INFO  k.p.s.common.util.CommonStaticUtil - the new child relative direcotry[D:\gitsinnori\sinnori\project\sample_test\server_build\src\main\java\kr\pe\sinnori\impl\message][Echo] was created successfully
09:45:47.701 [main] INFO  k.p.s.c.buildsystem.ProjectBuilder - main project[sample_test]'s message file[Echo][D:\gitsinnori\sinnori\project\sample_test\server_build\src\main\java\kr\pe\sinnori\impl\message] creation task start
09:45:47.703 [main] INFO  k.p.s.c.buildsystem.ProjectBuilder - main project[sample_test]'s message file[Echo][D:\gitsinnori\sinnori\project\sample_test\server_build\src\main\java\kr\pe\sinnori\impl\message] creation task end
09:45:47.769 [main] INFO  k.p.s.c.buildsystem.ProjectBuilder - main project[sample_test]'s message decoder file[Echo][D:\gitsinnori\sinnori\project\sample_test\server_build\src\main\java\kr\pe\sinnori\impl\message] creation task start
09:45:47.775 [main] INFO  k.p.s.c.buildsystem.ProjectBuilder - main project[sample_test]'s message decoder file[Echo][D:\gitsinnori\sinnori\project\sample_test\server_build\src\main\java\kr\pe\sinnori\impl\message] creation task end
09:45:47.775 [main] INFO  k.p.s.c.buildsystem.ProjectBuilder - main project[sample_test]'s message encoder file[Echo][D:\gitsinnori\sinnori\project\sample_test\server_build\src\main\java\kr\pe\sinnori\impl\message] creation task start
09:45:47.781 [main] INFO  k.p.s.c.buildsystem.ProjectBuilder - main project[sample_test]'s message encoder file[Echo][D:\gitsinnori\sinnori\project\sample_test\server_build\src\main\java\kr\pe\sinnori\impl\message] creation task end
09:45:47.781 [main] INFO  k.p.s.c.buildsystem.ProjectBuilder - main project[sample_test]'s message server codec file[Echo][D:\gitsinnori\sinnori\project\sample_test\server_build\src\main\java\kr\pe\sinnori\impl\message] creation task start
09:45:47.784 [main] INFO  k.p.s.c.buildsystem.ProjectBuilder - main project[sample_test]'s message server codec file[Echo][D:\gitsinnori\sinnori\project\sample_test\server_build\src\main\java\kr\pe\sinnori\impl\message] creation task end
09:45:47.785 [main] INFO  k.p.s.c.buildsystem.ProjectBuilder - main project[sample_test]'s message client codec file[Echo][D:\gitsinnori\sinnori\project\sample_test\server_build\src\main\java\kr\pe\sinnori\impl\message] creation task start
09:45:47.789 [main] INFO  k.p.s.c.buildsystem.ProjectBuilder - main project[sample_test]'s message client codec file[Echo][D:\gitsinnori\sinnori\project\sample_test\server_build\src\main\java\kr\pe\sinnori\impl\message] creation task end
09:45:47.790 [main] INFO  k.p.s.common.util.CommonStaticUtil - the new child relative direcotry[D:\gitsinnori\sinnori\project\sample_test\server_build\src\main\java\kr\pe\sinnori\impl\message][PublicKeyReq] was created successfully
09:45:47.790 [main] INFO  k.p.s.c.buildsystem.ProjectBuilder - main project[sample_test]'s message file[PublicKeyReq][D:\gitsinnori\sinnori\project\sample_test\server_build\src\main\java\kr\pe\sinnori\impl\message] creation task start
09:45:47.794 [main] INFO  k.p.s.c.buildsystem.ProjectBuilder - main project[sample_test]'s message file[PublicKeyReq][D:\gitsinnori\sinnori\project\sample_test\server_build\src\main\java\kr\pe\sinnori\impl\message] creation task end
09:45:47.794 [main] INFO  k.p.s.c.buildsystem.ProjectBuilder - main project[sample_test]'s message decoder file[PublicKeyReq][D:\gitsinnori\sinnori\project\sample_test\server_build\src\main\java\kr\pe\sinnori\impl\message] creation task start
09:45:47.798 [main] INFO  k.p.s.c.buildsystem.ProjectBuilder - main project[sample_test]'s message decoder file[PublicKeyReq][D:\gitsinnori\sinnori\project\sample_test\server_build\src\main\java\kr\pe\sinnori\impl\message] creation task end
09:45:47.798 [main] INFO  k.p.s.c.buildsystem.ProjectBuilder - main project[sample_test]'s message encoder file[PublicKeyReq][D:\gitsinnori\sinnori\project\sample_test\server_build\src\main\java\kr\pe\sinnori\impl\message] creation task start
09:45:47.803 [main] INFO  k.p.s.c.buildsystem.ProjectBuilder - main project[sample_test]'s message encoder file[PublicKeyReq][D:\gitsinnori\sinnori\project\sample_test\server_build\src\main\java\kr\pe\sinnori\impl\message] creation task end
09:45:47.803 [main] INFO  k.p.s.c.buildsystem.ProjectBuilder - main project[sample_test]'s message server codec file[PublicKeyReq][D:\gitsinnori\sinnori\project\sample_test\server_build\src\main\java\kr\pe\sinnori\impl\message] creation task start
09:45:47.805 [main] INFO  k.p.s.c.buildsystem.ProjectBuilder - main project[sample_test]'s message server codec file[PublicKeyReq][D:\gitsinnori\sinnori\project\sample_test\server_build\src\main\java\kr\pe\sinnori\impl\message] creation task end
09:45:47.805 [main] INFO  k.p.s.c.buildsystem.ProjectBuilder - main project[sample_test]'s message client codec file[PublicKeyReq][D:\gitsinnori\sinnori\project\sample_test\server_build\src\main\java\kr\pe\sinnori\impl\message] creation task start
09:45:47.807 [main] INFO  k.p.s.c.buildsystem.ProjectBuilder - main project[sample_test]'s message client codec file[PublicKeyReq][D:\gitsinnori\sinnori\project\sample_test\server_build\src\main\java\kr\pe\sinnori\impl\message] creation task end
09:45:47.808 [main] INFO  k.p.s.common.util.CommonStaticUtil - the new child relative direcotry[D:\gitsinnori\sinnori\project\sample_test\server_build\src\main\java\kr\pe\sinnori\impl\message][PublicKeyRes] was created successfully
09:45:47.808 [main] INFO  k.p.s.c.buildsystem.ProjectBuilder - main project[sample_test]'s message file[PublicKeyRes][D:\gitsinnori\sinnori\project\sample_test\server_build\src\main\java\kr\pe\sinnori\impl\message] creation task start
09:45:47.812 [main] INFO  k.p.s.c.buildsystem.ProjectBuilder - main project[sample_test]'s message file[PublicKeyRes][D:\gitsinnori\sinnori\project\sample_test\server_build\src\main\java\kr\pe\sinnori\impl\message] creation task end
09:45:47.812 [main] INFO  k.p.s.c.buildsystem.ProjectBuilder - main project[sample_test]'s message decoder file[PublicKeyRes][D:\gitsinnori\sinnori\project\sample_test\server_build\src\main\java\kr\pe\sinnori\impl\message] creation task start
09:45:47.816 [main] INFO  k.p.s.c.buildsystem.ProjectBuilder - main project[sample_test]'s message decoder file[PublicKeyRes][D:\gitsinnori\sinnori\project\sample_test\server_build\src\main\java\kr\pe\sinnori\impl\message] creation task end
09:45:47.816 [main] INFO  k.p.s.c.buildsystem.ProjectBuilder - main project[sample_test]'s message encoder file[PublicKeyRes][D:\gitsinnori\sinnori\project\sample_test\server_build\src\main\java\kr\pe\sinnori\impl\message] creation task start
09:45:47.819 [main] INFO  k.p.s.c.buildsystem.ProjectBuilder - main project[sample_test]'s message encoder file[PublicKeyRes][D:\gitsinnori\sinnori\project\sample_test\server_build\src\main\java\kr\pe\sinnori\impl\message] creation task end
09:45:47.819 [main] INFO  k.p.s.c.buildsystem.ProjectBuilder - main project[sample_test]'s message server codec file[PublicKeyRes][D:\gitsinnori\sinnori\project\sample_test\server_build\src\main\java\kr\pe\sinnori\impl\message] creation task start
09:45:47.821 [main] INFO  k.p.s.c.buildsystem.ProjectBuilder - main project[sample_test]'s message server codec file[PublicKeyRes][D:\gitsinnori\sinnori\project\sample_test\server_build\src\main\java\kr\pe\sinnori\impl\message] creation task end
09:45:47.821 [main] INFO  k.p.s.c.buildsystem.ProjectBuilder - main project[sample_test]'s message client codec file[PublicKeyRes][D:\gitsinnori\sinnori\project\sample_test\server_build\src\main\java\kr\pe\sinnori\impl\message] creation task start
09:45:47.823 [main] INFO  k.p.s.c.buildsystem.ProjectBuilder - main project[sample_test]'s message client codec file[PublicKeyRes][D:\gitsinnori\sinnori\project\sample_test\server_build\src\main\java\kr\pe\sinnori\impl\message] creation task end
09:45:47.823 [main] INFO  k.p.s.c.buildsystem.ProjectBuilder - main project[sample_test]'s server message io file set creation task end
09:45:47.823 [main] INFO  k.p.s.c.buildsystem.ProjectBuilder - server build system files creation task end
09:45:47.823 [main] INFO  k.p.s.c.buildsystem.ProjectBuilder - main project[sample_test]'s file creation task end
09:45:47.823 [main] INFO  k.p.s.c.buildsystem.ProjectBuilder - the app client ant build.xml file[D:\gitsinnori\sinnori\project\sample_test\client_build\app_build\build.xml] is bad :: whetherExist[false] isFile[false]
09:45:47.823 [main] INFO  k.p.s.c.buildsystem.ProjectBuilder - the web client ant build.xml file[D:\gitsinnori\sinnori\project\sample_test\client_build\web_build\build.xml] is bad :: whetherExist[false] isFile[false]
09:45:47.824 [main] INFO  k.p.s.c.config.SinnoriConfiguration - item key[sessionkey.rsa.publickey.file.value]'s value is null because its status is inactive
09:45:47.824 [main] INFO  k.p.s.c.config.SinnoriConfiguration - item key[sessionkey.rsa.privatekey.file.value]'s value is null because its status is inactive
09:45:47.840 [main] INFO  k.p.s.c.buildsystem.ProjectBuilder - main project[sample_test]'s child direcotry creation task start
09:45:47.840 [main] INFO  k.p.s.c.buildsystem.ProjectBuilder - main project[sample_test]'s common child direcotry creation task start
09:45:47.841 [main] INFO  k.p.s.common.util.CommonStaticUtil - the new child relative direcotry[D:\gitsinnori\sinnori\project\sample_test][config] was created successfully
09:45:47.841 [main] INFO  k.p.s.common.util.CommonStaticUtil - the new child relative direcotry[D:\gitsinnori\sinnori\project\sample_test][resources/dbcp] was created successfully
09:45:47.841 [main] INFO  k.p.s.common.util.CommonStaticUtil - the new child relative direcotry[D:\gitsinnori\sinnori\project\sample_test][resources/message_info] was created successfully
09:45:47.842 [main] INFO  k.p.s.common.util.CommonStaticUtil - the new child relative direcotry[D:\gitsinnori\sinnori\project\sample_test][resources/rsa_keypair] was created successfully
09:45:47.842 [main] INFO  k.p.s.common.util.CommonStaticUtil - the new child relative direcotry[D:\gitsinnori\sinnori\project\sample_test][log/apache] was created successfully
09:45:47.842 [main] INFO  k.p.s.common.util.CommonStaticUtil - the new child relative direcotry[D:\gitsinnori\sinnori\project\sample_test][log/client] was created successfully
09:45:47.842 [main] INFO  k.p.s.common.util.CommonStaticUtil - the new child relative direcotry[D:\gitsinnori\sinnori\project\sample_test][log/server] was created successfully
09:45:47.842 [main] INFO  k.p.s.common.util.CommonStaticUtil - the new child relative direcotry[D:\gitsinnori\sinnori\project\sample_test][log/servlet] was created successfully
09:45:47.842 [main] INFO  k.p.s.c.buildsystem.ProjectBuilder - main project[sample_test]'s common child direcotry creation task end
09:45:47.918 [main] INFO  k.p.s.c.buildsystem.ProjectBuilder - main project[sample_test]'s application build child direcotry creation task start
09:45:47.922 [main] INFO  k.p.s.common.util.CommonStaticUtil - the new child relative direcotry[D:\gitsinnori\sinnori\project\sample_test][client_build/app_build/corelib/ex] was created successfully
09:45:47.922 [main] INFO  k.p.s.common.util.CommonStaticUtil - the new child relative direcotry[D:\gitsinnori\sinnori\project\sample_test][client_build/app_build/corelib/in] was created successfully
09:45:47.926 [main] INFO  k.p.s.common.util.CommonStaticUtil - the new child relative direcotry[D:\gitsinnori\sinnori\project\sample_test][client_build/app_build/lib/main/ex] was created successfully
09:45:47.926 [main] INFO  k.p.s.common.util.CommonStaticUtil - the new child relative direcotry[D:\gitsinnori\sinnori\project\sample_test][client_build/app_build/lib/main/in] was created successfully
09:45:47.927 [main] INFO  k.p.s.common.util.CommonStaticUtil - the new child relative direcotry[D:\gitsinnori\sinnori\project\sample_test][client_build/app_build/lib/test] was created successfully
09:45:47.936 [main] INFO  k.p.s.common.util.CommonStaticUtil - the new child relative direcotry[D:\gitsinnori\sinnori\project\sample_test][client_build/app_build/src/main/java/kr/pe/sinnori/impl/message] was created successfully
09:45:47.936 [main] INFO  k.p.s.common.util.CommonStaticUtil - the new child relative direcotry[D:\gitsinnori\sinnori\project\sample_test][client_build/app_build/src/main/java/main] was created successfully
09:45:47.939 [main] INFO  k.p.s.common.util.CommonStaticUtil - the new child relative direcotry[D:\gitsinnori\sinnori\project\sample_test][client_build/app_build/src/test/java] was created successfully
09:45:47.939 [main] INFO  k.p.s.common.util.CommonStaticUtil - the new child relative direcotry[D:\gitsinnori\sinnori\project\sample_test][client_build/app_build/build] was created successfully
09:45:47.940 [main] INFO  k.p.s.common.util.CommonStaticUtil - the new child relative direcotry[D:\gitsinnori\sinnori\project\sample_test][client_build/app_build/dist] was created successfully
09:45:47.940 [main] INFO  k.p.s.c.buildsystem.ProjectBuilder - main project[sample_test]'s application build child direcotry creation task end
09:45:47.940 [main] INFO  k.p.s.c.buildsystem.ProjectBuilder - main project[sample_test]'s web build child direcotry creation task start
09:45:47.942 [main] INFO  k.p.s.common.util.CommonStaticUtil - the new child relative direcotry[D:\gitsinnori\sinnori\project\sample_test][client_build/web_build/corelib/ex] was created successfully
09:45:47.942 [main] INFO  k.p.s.common.util.CommonStaticUtil - the new child relative direcotry[D:\gitsinnori\sinnori\project\sample_test][client_build/web_build/corelib/in] was created successfully
09:45:47.944 [main] INFO  k.p.s.common.util.CommonStaticUtil - the new child relative direcotry[D:\gitsinnori\sinnori\project\sample_test][client_build/web_build/lib/main/ex] was created successfully
09:45:47.944 [main] INFO  k.p.s.common.util.CommonStaticUtil - the new child relative direcotry[D:\gitsinnori\sinnori\project\sample_test][client_build/web_build/lib/main/in] was created successfully
09:45:47.945 [main] INFO  k.p.s.common.util.CommonStaticUtil - the new child relative direcotry[D:\gitsinnori\sinnori\project\sample_test][client_build/web_build/lib/test] was created successfully
09:45:47.950 [main] INFO  k.p.s.common.util.CommonStaticUtil - the new child relative direcotry[D:\gitsinnori\sinnori\project\sample_test][client_build/web_build/src/main/java/kr/pe/sinnori/impl/message] was created successfully
09:45:47.951 [main] INFO  k.p.s.common.util.CommonStaticUtil - the new child relative direcotry[D:\gitsinnori\sinnori\project\sample_test][client_build/web_build/src/main/java//kr/pe/sinnori/servlet] was created successfully
09:45:47.952 [main] INFO  k.p.s.common.util.CommonStaticUtil - the new child relative direcotry[D:\gitsinnori\sinnori\project\sample_test][client_build/web_build/src/main/java/kr/pe/sinnori/weblib/common] was created successfully
09:45:47.953 [main] INFO  k.p.s.common.util.CommonStaticUtil - the new child relative direcotry[D:\gitsinnori\sinnori\project\sample_test][client_build/web_build/src/main/java/kr/pe/sinnori/weblib/htmlstring] was created successfully
09:45:47.953 [main] INFO  k.p.s.common.util.CommonStaticUtil - the new child relative direcotry[D:\gitsinnori\sinnori\project\sample_test][client_build/web_build/src/main/java/kr/pe/sinnori/weblib/jdf] was created successfully
09:45:47.954 [main] INFO  k.p.s.common.util.CommonStaticUtil - the new child relative direcotry[D:\gitsinnori\sinnori\project\sample_test][client_build/web_build/src/test/java] was created successfully
09:45:47.955 [main] INFO  k.p.s.common.util.CommonStaticUtil - the new child relative direcotry[D:\gitsinnori\sinnori\project\sample_test][client_build/web_build/build] was created successfully
09:45:47.955 [main] INFO  k.p.s.common.util.CommonStaticUtil - the new child relative direcotry[D:\gitsinnori\sinnori\project\sample_test][client_build/web_build/dist] was created successfully
09:45:47.955 [main] INFO  k.p.s.c.buildsystem.ProjectBuilder - main project[sample_test]'s web build child direcotry creation task end
09:45:47.955 [main] INFO  k.p.s.c.buildsystem.ProjectBuilder - main project[sample_test]'s web root child direcotry creation task start
09:45:47.956 [main] INFO  k.p.s.common.util.CommonStaticUtil - the new child relative direcotry[D:\gitsinnori\sinnori\project\sample_test][web_app_base/upload] was created successfully
09:45:47.958 [main] INFO  k.p.s.common.util.CommonStaticUtil - the new child relative direcotry[D:\gitsinnori\sinnori\project\sample_test][web_app_base/ROOT/WEB-INF/classes] was created successfully
09:45:47.958 [main] INFO  k.p.s.common.util.CommonStaticUtil - the new child relative direcotry[D:\gitsinnori\sinnori\project\sample_test][web_app_base/ROOT/WEB-INF/lib] was created successfully
09:45:47.958 [main] INFO  k.p.s.c.buildsystem.ProjectBuilder - main project[sample_test]'s web root child direcotry creation task end
09:45:47.958 [main] INFO  k.p.s.c.buildsystem.ProjectBuilder - main project[sample_test]'s child direcotry creation task end
09:45:47.958 [main] INFO  k.p.s.c.buildsystem.ProjectBuilder - main project[sample_test]'s file creation task start
09:45:47.958 [main] INFO  k.p.s.c.buildsystem.ProjectBuilder - main project[sample_test]'s config file creation task start
09:45:47.959 [main] INFO  k.p.s.c.util.SequencedPropertiesUtil - the sequenced properties file[D:\gitsinnori\sinnori\project\sample_test\config\sinnori.properties] was created
09:45:47.966 [main] INFO  k.p.s.c.buildsystem.ProjectBuilder - main project[sample_test]'s config file creation task end
09:45:47.966 [main] INFO  k.p.s.c.buildsystem.ProjectBuilder - the mainproject[sample_test]'s resources directory copy task start
09:45:47.988 [main] INFO  k.p.s.c.buildsystem.ProjectBuilder - the mainproject[sample_test]'s resources directory copy task end
09:45:47.988 [main] INFO  k.p.s.c.buildsystem.ProjectBuilder - mainproject[sample_test]'s application client build system files creation task start
09:45:47.988 [main] INFO  k.p.s.c.buildsystem.ProjectBuilder - main project[sample_test]'s application client ant build.xml file creation task start
09:45:47.989 [main] INFO  k.p.s.c.buildsystem.ProjectBuilder - main project[sample_test]'s application client ant build.xml file creation task end
09:45:47.989 [main] INFO  k.p.s.c.buildsystem.ProjectBuilder - main project[sample_test]'s application client dos shell file creation task start
09:45:48.058 [main] INFO  k.p.s.c.buildsystem.ProjectBuilder - main project[sample_test]'s application client dos shell file creation task end
09:45:48.058 [main] INFO  k.p.s.c.buildsystem.ProjectBuilder - main project[sample_test]'s application client unix shell file creation task start
09:45:48.061 [main] INFO  k.p.s.c.buildsystem.ProjectBuilder - main project[sample_test]'s application client unix shell file creation task end
09:45:48.061 [main] INFO  k.p.s.c.buildsystem.ProjectBuilder - application client sample source files copy task start
09:45:48.082 [main] INFO  k.p.s.c.buildsystem.ProjectBuilder - application client sample source files copy task end
09:45:48.082 [main] INFO  k.p.s.c.buildsystem.ProjectBuilder - main project[sample_test]'s application client message io file set creation task start
09:45:48.083 [main] INFO  k.p.s.common.util.CommonStaticUtil - the new child relative direcotry[D:\gitsinnori\sinnori\project\sample_test\client_build\app_build\src\main\java\kr\pe\sinnori\impl\message][Echo] was created successfully
09:45:48.083 [main] INFO  k.p.s.c.buildsystem.ProjectBuilder - main project[sample_test]'s message file[Echo][D:\gitsinnori\sinnori\project\sample_test\client_build\app_build\src\main\java\kr\pe\sinnori\impl\message] creation task start
09:45:48.088 [main] INFO  k.p.s.c.buildsystem.ProjectBuilder - main project[sample_test]'s message file[Echo][D:\gitsinnori\sinnori\project\sample_test\client_build\app_build\src\main\java\kr\pe\sinnori\impl\message] creation task end
09:45:48.088 [main] INFO  k.p.s.c.buildsystem.ProjectBuilder - main project[sample_test]'s message decoder file[Echo][D:\gitsinnori\sinnori\project\sample_test\client_build\app_build\src\main\java\kr\pe\sinnori\impl\message] creation task start
09:45:48.092 [main] INFO  k.p.s.c.buildsystem.ProjectBuilder - main project[sample_test]'s message decoder file[Echo][D:\gitsinnori\sinnori\project\sample_test\client_build\app_build\src\main\java\kr\pe\sinnori\impl\message] creation task end
09:45:48.092 [main] INFO  k.p.s.c.buildsystem.ProjectBuilder - main project[sample_test]'s message encoder file[Echo][D:\gitsinnori\sinnori\project\sample_test\client_build\app_build\src\main\java\kr\pe\sinnori\impl\message] creation task start
09:45:48.095 [main] INFO  k.p.s.c.buildsystem.ProjectBuilder - main project[sample_test]'s message encoder file[Echo][D:\gitsinnori\sinnori\project\sample_test\client_build\app_build\src\main\java\kr\pe\sinnori\impl\message] creation task end
09:45:48.095 [main] INFO  k.p.s.c.buildsystem.ProjectBuilder - main project[sample_test]'s message server codec file[Echo][D:\gitsinnori\sinnori\project\sample_test\client_build\app_build\src\main\java\kr\pe\sinnori\impl\message] creation task start
09:45:48.096 [main] INFO  k.p.s.c.buildsystem.ProjectBuilder - main project[sample_test]'s message server codec file[Echo][D:\gitsinnori\sinnori\project\sample_test\client_build\app_build\src\main\java\kr\pe\sinnori\impl\message] creation task end
09:45:48.096 [main] INFO  k.p.s.c.buildsystem.ProjectBuilder - main project[sample_test]'s message client codec file[Echo][D:\gitsinnori\sinnori\project\sample_test\client_build\app_build\src\main\java\kr\pe\sinnori\impl\message] creation task start
09:45:48.098 [main] INFO  k.p.s.c.buildsystem.ProjectBuilder - main project[sample_test]'s message client codec file[Echo][D:\gitsinnori\sinnori\project\sample_test\client_build\app_build\src\main\java\kr\pe\sinnori\impl\message] creation task end
09:45:48.098 [main] INFO  k.p.s.common.util.CommonStaticUtil - the new child relative direcotry[D:\gitsinnori\sinnori\project\sample_test\client_build\app_build\src\main\java\kr\pe\sinnori\impl\message][PublicKeyReq] was created successfully
09:45:48.098 [main] INFO  k.p.s.c.buildsystem.ProjectBuilder - main project[sample_test]'s message file[PublicKeyReq][D:\gitsinnori\sinnori\project\sample_test\client_build\app_build\src\main\java\kr\pe\sinnori\impl\message] creation task start
09:45:48.101 [main] INFO  k.p.s.c.buildsystem.ProjectBuilder - main project[sample_test]'s message file[PublicKeyReq][D:\gitsinnori\sinnori\project\sample_test\client_build\app_build\src\main\java\kr\pe\sinnori\impl\message] creation task end
09:45:48.101 [main] INFO  k.p.s.c.buildsystem.ProjectBuilder - main project[sample_test]'s message decoder file[PublicKeyReq][D:\gitsinnori\sinnori\project\sample_test\client_build\app_build\src\main\java\kr\pe\sinnori\impl\message] creation task start
09:45:48.104 [main] INFO  k.p.s.c.buildsystem.ProjectBuilder - main project[sample_test]'s message decoder file[PublicKeyReq][D:\gitsinnori\sinnori\project\sample_test\client_build\app_build\src\main\java\kr\pe\sinnori\impl\message] creation task end
09:45:48.167 [main] INFO  k.p.s.c.buildsystem.ProjectBuilder - main project[sample_test]'s message encoder file[PublicKeyReq][D:\gitsinnori\sinnori\project\sample_test\client_build\app_build\src\main\java\kr\pe\sinnori\impl\message] creation task start
09:45:48.170 [main] INFO  k.p.s.c.buildsystem.ProjectBuilder - main project[sample_test]'s message encoder file[PublicKeyReq][D:\gitsinnori\sinnori\project\sample_test\client_build\app_build\src\main\java\kr\pe\sinnori\impl\message] creation task end
09:45:48.170 [main] INFO  k.p.s.c.buildsystem.ProjectBuilder - main project[sample_test]'s message server codec file[PublicKeyReq][D:\gitsinnori\sinnori\project\sample_test\client_build\app_build\src\main\java\kr\pe\sinnori\impl\message] creation task start
09:45:48.172 [main] INFO  k.p.s.c.buildsystem.ProjectBuilder - main project[sample_test]'s message server codec file[PublicKeyReq][D:\gitsinnori\sinnori\project\sample_test\client_build\app_build\src\main\java\kr\pe\sinnori\impl\message] creation task end
09:45:48.172 [main] INFO  k.p.s.c.buildsystem.ProjectBuilder - main project[sample_test]'s message client codec file[PublicKeyReq][D:\gitsinnori\sinnori\project\sample_test\client_build\app_build\src\main\java\kr\pe\sinnori\impl\message] creation task start
09:45:48.174 [main] INFO  k.p.s.c.buildsystem.ProjectBuilder - main project[sample_test]'s message client codec file[PublicKeyReq][D:\gitsinnori\sinnori\project\sample_test\client_build\app_build\src\main\java\kr\pe\sinnori\impl\message] creation task end
09:45:48.174 [main] INFO  k.p.s.common.util.CommonStaticUtil - the new child relative direcotry[D:\gitsinnori\sinnori\project\sample_test\client_build\app_build\src\main\java\kr\pe\sinnori\impl\message][PublicKeyRes] was created successfully
09:45:48.174 [main] INFO  k.p.s.c.buildsystem.ProjectBuilder - main project[sample_test]'s message file[PublicKeyRes][D:\gitsinnori\sinnori\project\sample_test\client_build\app_build\src\main\java\kr\pe\sinnori\impl\message] creation task start
09:45:48.177 [main] INFO  k.p.s.c.buildsystem.ProjectBuilder - main project[sample_test]'s message file[PublicKeyRes][D:\gitsinnori\sinnori\project\sample_test\client_build\app_build\src\main\java\kr\pe\sinnori\impl\message] creation task end
09:45:48.177 [main] INFO  k.p.s.c.buildsystem.ProjectBuilder - main project[sample_test]'s message decoder file[PublicKeyRes][D:\gitsinnori\sinnori\project\sample_test\client_build\app_build\src\main\java\kr\pe\sinnori\impl\message] creation task start
09:45:48.180 [main] INFO  k.p.s.c.buildsystem.ProjectBuilder - main project[sample_test]'s message decoder file[PublicKeyRes][D:\gitsinnori\sinnori\project\sample_test\client_build\app_build\src\main\java\kr\pe\sinnori\impl\message] creation task end
09:45:48.180 [main] INFO  k.p.s.c.buildsystem.ProjectBuilder - main project[sample_test]'s message encoder file[PublicKeyRes][D:\gitsinnori\sinnori\project\sample_test\client_build\app_build\src\main\java\kr\pe\sinnori\impl\message] creation task start
09:45:48.183 [main] INFO  k.p.s.c.buildsystem.ProjectBuilder - main project[sample_test]'s message encoder file[PublicKeyRes][D:\gitsinnori\sinnori\project\sample_test\client_build\app_build\src\main\java\kr\pe\sinnori\impl\message] creation task end
09:45:48.184 [main] INFO  k.p.s.c.buildsystem.ProjectBuilder - main project[sample_test]'s message server codec file[PublicKeyRes][D:\gitsinnori\sinnori\project\sample_test\client_build\app_build\src\main\java\kr\pe\sinnori\impl\message] creation task start
09:45:48.185 [main] INFO  k.p.s.c.buildsystem.ProjectBuilder - main project[sample_test]'s message server codec file[PublicKeyRes][D:\gitsinnori\sinnori\project\sample_test\client_build\app_build\src\main\java\kr\pe\sinnori\impl\message] creation task end
09:45:48.185 [main] INFO  k.p.s.c.buildsystem.ProjectBuilder - main project[sample_test]'s message client codec file[PublicKeyRes][D:\gitsinnori\sinnori\project\sample_test\client_build\app_build\src\main\java\kr\pe\sinnori\impl\message] creation task start
09:45:48.187 [main] INFO  k.p.s.c.buildsystem.ProjectBuilder - main project[sample_test]'s message client codec file[PublicKeyRes][D:\gitsinnori\sinnori\project\sample_test\client_build\app_build\src\main\java\kr\pe\sinnori\impl\message] creation task end
09:45:48.187 [main] INFO  k.p.s.c.buildsystem.ProjectBuilder - main project[sample_test]'s application client message io file set creation task end
09:45:48.187 [main] INFO  k.p.s.c.buildsystem.ProjectBuilder - mainproject[sample_test]'s application client build system files creation task end
09:45:48.187 [main] INFO  k.p.s.c.buildsystem.ProjectBuilder - main project[sample_test]'s web client build system files creation task start
09:45:48.187 [main] INFO  k.p.s.c.buildsystem.ProjectBuilder - main project[sample_test]'s web client ant build.xml file creation task start
09:45:48.188 [main] INFO  k.p.s.c.buildsystem.ProjectBuilder - main project[sample_test]'s web client ant build.xml file creation task end
09:45:48.188 [main] INFO  k.p.s.c.buildsystem.ProjectBuilder - main project[sample_test]'s web client ant properties file creation task start
09:45:48.189 [main] INFO  k.p.s.c.util.SequencedPropertiesUtil - the sequenced properties file[D:\gitsinnori\sinnori\project\sample_test\client_build\web_build\webAnt.properties] was created
09:45:48.193 [main] INFO  k.p.s.c.buildsystem.ProjectBuilder - main project[sample_test]'s web client ant properties file creation task end
09:45:48.193 [main] INFO  k.p.s.c.buildsystem.ProjectBuilder - main project[sample_test]'s web client message io file set creation task start
09:45:48.194 [main] INFO  k.p.s.common.util.CommonStaticUtil - the new child relative direcotry[D:\gitsinnori\sinnori\project\sample_test\client_build\web_build\src\main\java\kr\pe\sinnori\impl\message][Echo] was created successfully
09:45:48.194 [main] INFO  k.p.s.c.buildsystem.ProjectBuilder - main project[sample_test]'s message file[Echo][D:\gitsinnori\sinnori\project\sample_test\client_build\web_build\src\main\java\kr\pe\sinnori\impl\message] creation task start
09:45:48.197 [main] INFO  k.p.s.c.buildsystem.ProjectBuilder - main project[sample_test]'s message file[Echo][D:\gitsinnori\sinnori\project\sample_test\client_build\web_build\src\main\java\kr\pe\sinnori\impl\message] creation task end
09:45:48.277 [main] INFO  k.p.s.c.buildsystem.ProjectBuilder - main project[sample_test]'s message decoder file[Echo][D:\gitsinnori\sinnori\project\sample_test\client_build\web_build\src\main\java\kr\pe\sinnori\impl\message] creation task start
09:45:48.280 [main] INFO  k.p.s.c.buildsystem.ProjectBuilder - main project[sample_test]'s message decoder file[Echo][D:\gitsinnori\sinnori\project\sample_test\client_build\web_build\src\main\java\kr\pe\sinnori\impl\message] creation task end
09:45:48.280 [main] INFO  k.p.s.c.buildsystem.ProjectBuilder - main project[sample_test]'s message encoder file[Echo][D:\gitsinnori\sinnori\project\sample_test\client_build\web_build\src\main\java\kr\pe\sinnori\impl\message] creation task start
09:45:48.284 [main] INFO  k.p.s.c.buildsystem.ProjectBuilder - main project[sample_test]'s message encoder file[Echo][D:\gitsinnori\sinnori\project\sample_test\client_build\web_build\src\main\java\kr\pe\sinnori\impl\message] creation task end
09:45:48.284 [main] INFO  k.p.s.c.buildsystem.ProjectBuilder - main project[sample_test]'s message server codec file[Echo][D:\gitsinnori\sinnori\project\sample_test\client_build\web_build\src\main\java\kr\pe\sinnori\impl\message] creation task start
09:45:48.286 [main] INFO  k.p.s.c.buildsystem.ProjectBuilder - main project[sample_test]'s message server codec file[Echo][D:\gitsinnori\sinnori\project\sample_test\client_build\web_build\src\main\java\kr\pe\sinnori\impl\message] creation task end
09:45:48.286 [main] INFO  k.p.s.c.buildsystem.ProjectBuilder - main project[sample_test]'s message client codec file[Echo][D:\gitsinnori\sinnori\project\sample_test\client_build\web_build\src\main\java\kr\pe\sinnori\impl\message] creation task start
09:45:48.288 [main] INFO  k.p.s.c.buildsystem.ProjectBuilder - main project[sample_test]'s message client codec file[Echo][D:\gitsinnori\sinnori\project\sample_test\client_build\web_build\src\main\java\kr\pe\sinnori\impl\message] creation task end
09:45:48.288 [main] INFO  k.p.s.common.util.CommonStaticUtil - the new child relative direcotry[D:\gitsinnori\sinnori\project\sample_test\client_build\web_build\src\main\java\kr\pe\sinnori\impl\message][PublicKeyReq] was created successfully
09:45:48.288 [main] INFO  k.p.s.c.buildsystem.ProjectBuilder - main project[sample_test]'s message file[PublicKeyReq][D:\gitsinnori\sinnori\project\sample_test\client_build\web_build\src\main\java\kr\pe\sinnori\impl\message] creation task start
09:45:48.291 [main] INFO  k.p.s.c.buildsystem.ProjectBuilder - main project[sample_test]'s message file[PublicKeyReq][D:\gitsinnori\sinnori\project\sample_test\client_build\web_build\src\main\java\kr\pe\sinnori\impl\message] creation task end
09:45:48.291 [main] INFO  k.p.s.c.buildsystem.ProjectBuilder - main project[sample_test]'s message decoder file[PublicKeyReq][D:\gitsinnori\sinnori\project\sample_test\client_build\web_build\src\main\java\kr\pe\sinnori\impl\message] creation task start
09:45:48.294 [main] INFO  k.p.s.c.buildsystem.ProjectBuilder - main project[sample_test]'s message decoder file[PublicKeyReq][D:\gitsinnori\sinnori\project\sample_test\client_build\web_build\src\main\java\kr\pe\sinnori\impl\message] creation task end
09:45:48.294 [main] INFO  k.p.s.c.buildsystem.ProjectBuilder - main project[sample_test]'s message encoder file[PublicKeyReq][D:\gitsinnori\sinnori\project\sample_test\client_build\web_build\src\main\java\kr\pe\sinnori\impl\message] creation task start
09:45:48.297 [main] INFO  k.p.s.c.buildsystem.ProjectBuilder - main project[sample_test]'s message encoder file[PublicKeyReq][D:\gitsinnori\sinnori\project\sample_test\client_build\web_build\src\main\java\kr\pe\sinnori\impl\message] creation task end
09:45:48.297 [main] INFO  k.p.s.c.buildsystem.ProjectBuilder - main project[sample_test]'s message server codec file[PublicKeyReq][D:\gitsinnori\sinnori\project\sample_test\client_build\web_build\src\main\java\kr\pe\sinnori\impl\message] creation task start
09:45:48.299 [main] INFO  k.p.s.c.buildsystem.ProjectBuilder - main project[sample_test]'s message server codec file[PublicKeyReq][D:\gitsinnori\sinnori\project\sample_test\client_build\web_build\src\main\java\kr\pe\sinnori\impl\message] creation task end
09:45:48.299 [main] INFO  k.p.s.c.buildsystem.ProjectBuilder - main project[sample_test]'s message client codec file[PublicKeyReq][D:\gitsinnori\sinnori\project\sample_test\client_build\web_build\src\main\java\kr\pe\sinnori\impl\message] creation task start
09:45:48.301 [main] INFO  k.p.s.c.buildsystem.ProjectBuilder - main project[sample_test]'s message client codec file[PublicKeyReq][D:\gitsinnori\sinnori\project\sample_test\client_build\web_build\src\main\java\kr\pe\sinnori\impl\message] creation task end
09:45:48.301 [main] INFO  k.p.s.common.util.CommonStaticUtil - the new child relative direcotry[D:\gitsinnori\sinnori\project\sample_test\client_build\web_build\src\main\java\kr\pe\sinnori\impl\message][PublicKeyRes] was created successfully
09:45:48.301 [main] INFO  k.p.s.c.buildsystem.ProjectBuilder - main project[sample_test]'s message file[PublicKeyRes][D:\gitsinnori\sinnori\project\sample_test\client_build\web_build\src\main\java\kr\pe\sinnori\impl\message] creation task start
09:45:48.306 [main] INFO  k.p.s.c.buildsystem.ProjectBuilder - main project[sample_test]'s message file[PublicKeyRes][D:\gitsinnori\sinnori\project\sample_test\client_build\web_build\src\main\java\kr\pe\sinnori\impl\message] creation task end
09:45:48.306 [main] INFO  k.p.s.c.buildsystem.ProjectBuilder - main project[sample_test]'s message decoder file[PublicKeyRes][D:\gitsinnori\sinnori\project\sample_test\client_build\web_build\src\main\java\kr\pe\sinnori\impl\message] creation task start
09:45:48.309 [main] INFO  k.p.s.c.buildsystem.ProjectBuilder - main project[sample_test]'s message decoder file[PublicKeyRes][D:\gitsinnori\sinnori\project\sample_test\client_build\web_build\src\main\java\kr\pe\sinnori\impl\message] creation task end
09:45:48.309 [main] INFO  k.p.s.c.buildsystem.ProjectBuilder - main project[sample_test]'s message encoder file[PublicKeyRes][D:\gitsinnori\sinnori\project\sample_test\client_build\web_build\src\main\java\kr\pe\sinnori\impl\message] creation task start
09:45:48.312 [main] INFO  k.p.s.c.buildsystem.ProjectBuilder - main project[sample_test]'s message encoder file[PublicKeyRes][D:\gitsinnori\sinnori\project\sample_test\client_build\web_build\src\main\java\kr\pe\sinnori\impl\message] creation task end
09:45:48.312 [main] INFO  k.p.s.c.buildsystem.ProjectBuilder - main project[sample_test]'s message server codec file[PublicKeyRes][D:\gitsinnori\sinnori\project\sample_test\client_build\web_build\src\main\java\kr\pe\sinnori\impl\message] creation task start
09:45:48.313 [main] INFO  k.p.s.c.buildsystem.ProjectBuilder - main project[sample_test]'s message server codec file[PublicKeyRes][D:\gitsinnori\sinnori\project\sample_test\client_build\web_build\src\main\java\kr\pe\sinnori\impl\message] creation task end
09:45:48.313 [main] INFO  k.p.s.c.buildsystem.ProjectBuilder - main project[sample_test]'s message client codec file[PublicKeyRes][D:\gitsinnori\sinnori\project\sample_test\client_build\web_build\src\main\java\kr\pe\sinnori\impl\message] creation task start
09:45:48.314 [main] INFO  k.p.s.c.buildsystem.ProjectBuilder - main project[sample_test]'s message client codec file[PublicKeyRes][D:\gitsinnori\sinnori\project\sample_test\client_build\web_build\src\main\java\kr\pe\sinnori\impl\message] creation task end
09:45:48.314 [main] INFO  k.p.s.c.buildsystem.ProjectBuilder - main project[sample_test]'s web client message io file set creation task end
09:45:48.314 [main] INFO  k.p.s.c.buildsystem.ProjectBuilder - mainproject[sample_test]'s web client sample source files copy task start
09:45:48.367 [main] INFO  k.p.s.c.buildsystem.ProjectBuilder - mainproject[sample_test]'s web client sample source files copy task end
09:45:48.367 [main] INFO  k.p.s.c.buildsystem.ProjectBuilder - main project[sample_test]'s web client build system files creation task end
09:45:48.367 [main] INFO  k.p.s.c.buildsystem.ProjectBuilder - main project[sample_test]'s web root sample files creation task start
09:45:48.367 [main] INFO  k.p.s.c.buildsystem.ProjectBuilder - main project[sample_test]'s web root sample files copy task start
09:45:48.372 [main] INFO  k.p.s.c.buildsystem.ProjectBuilder - main project[sample_test]'s web root sample files copy task end
09:45:48.372 [main] INFO  k.p.s.c.buildsystem.ProjectBuilder - main project[sample_test]'s web root sample files creation task end
09:45:48.372 [main] INFO  k.p.s.c.buildsystem.ProjectBuilder - main project[sample_test]'s file creation task end
09:45:48.372 [main] INFO  k.p.s.c.buildsystem.ProjectBuilder - the server ant build.xml file[D:\gitsinnori\sinnori\project\sample_test\server_build\build.xml] is bad :: whetherExist[false] isFile[false]
09:45:48.373 [main] INFO  k.p.s.c.config.SinnoriConfiguration - item key[sessionkey.rsa.publickey.file.value]'s value is null because its status is inactive
09:45:48.373 [main] INFO  k.p.s.c.config.SinnoriConfiguration - item key[sessionkey.rsa.privatekey.file.value]'s value is null because its status is inactive
09:45:48.402 [main] INFO  k.p.s.c.buildsystem.ProjectBuilder - main project[sample_test]'s child direcotry creation task start
09:45:48.405 [main] INFO  k.p.s.c.buildsystem.ProjectBuilder - main project[sample_test]'s common child direcotry creation task start
09:45:48.405 [main] INFO  k.p.s.common.util.CommonStaticUtil - the new child relative direcotry[D:\gitsinnori\sinnori\project\sample_test][config] was created successfully
09:45:48.406 [main] INFO  k.p.s.common.util.CommonStaticUtil - the new child relative direcotry[D:\gitsinnori\sinnori\project\sample_test][resources/dbcp] was created successfully
09:45:48.406 [main] INFO  k.p.s.common.util.CommonStaticUtil - the new child relative direcotry[D:\gitsinnori\sinnori\project\sample_test][resources/message_info] was created successfully
09:45:48.406 [main] INFO  k.p.s.common.util.CommonStaticUtil - the new child relative direcotry[D:\gitsinnori\sinnori\project\sample_test][resources/rsa_keypair] was created successfully
09:45:48.407 [main] INFO  k.p.s.common.util.CommonStaticUtil - the new child relative direcotry[D:\gitsinnori\sinnori\project\sample_test][log/apache] was created successfully
09:45:48.407 [main] INFO  k.p.s.common.util.CommonStaticUtil - the new child relative direcotry[D:\gitsinnori\sinnori\project\sample_test][log/client] was created successfully
09:45:48.407 [main] INFO  k.p.s.common.util.CommonStaticUtil - the new child relative direcotry[D:\gitsinnori\sinnori\project\sample_test][log/server] was created successfully
09:45:48.407 [main] INFO  k.p.s.common.util.CommonStaticUtil - the new child relative direcotry[D:\gitsinnori\sinnori\project\sample_test][log/servlet] was created successfully
09:45:48.407 [main] INFO  k.p.s.c.buildsystem.ProjectBuilder - main project[sample_test]'s common child direcotry creation task end
09:45:48.407 [main] INFO  k.p.s.c.buildsystem.ProjectBuilder - main project[sample_test]'s application build child direcotry creation task start
09:45:48.408 [main] INFO  k.p.s.common.util.CommonStaticUtil - the new child relative direcotry[D:\gitsinnori\sinnori\project\sample_test][client_build/app_build/corelib/ex] was created successfully
09:45:48.409 [main] INFO  k.p.s.common.util.CommonStaticUtil - the new child relative direcotry[D:\gitsinnori\sinnori\project\sample_test][client_build/app_build/corelib/in] was created successfully
09:45:48.410 [main] INFO  k.p.s.common.util.CommonStaticUtil - the new child relative direcotry[D:\gitsinnori\sinnori\project\sample_test][client_build/app_build/lib/main/ex] was created successfully
09:45:48.410 [main] INFO  k.p.s.common.util.CommonStaticUtil - the new child relative direcotry[D:\gitsinnori\sinnori\project\sample_test][client_build/app_build/lib/main/in] was created successfully
09:45:48.410 [main] INFO  k.p.s.common.util.CommonStaticUtil - the new child relative direcotry[D:\gitsinnori\sinnori\project\sample_test][client_build/app_build/lib/test] was created successfully
09:45:48.413 [main] INFO  k.p.s.common.util.CommonStaticUtil - the new child relative direcotry[D:\gitsinnori\sinnori\project\sample_test][client_build/app_build/src/main/java/kr/pe/sinnori/impl/message] was created successfully
09:45:48.413 [main] INFO  k.p.s.common.util.CommonStaticUtil - the new child relative direcotry[D:\gitsinnori\sinnori\project\sample_test][client_build/app_build/src/main/java/main] was created successfully
09:45:48.414 [main] INFO  k.p.s.common.util.CommonStaticUtil - the new child relative direcotry[D:\gitsinnori\sinnori\project\sample_test][client_build/app_build/src/test/java] was created successfully
09:45:48.414 [main] INFO  k.p.s.common.util.CommonStaticUtil - the new child relative direcotry[D:\gitsinnori\sinnori\project\sample_test][client_build/app_build/build] was created successfully
09:45:48.414 [main] INFO  k.p.s.common.util.CommonStaticUtil - the new child relative direcotry[D:\gitsinnori\sinnori\project\sample_test][client_build/app_build/dist] was created successfully
09:45:48.414 [main] INFO  k.p.s.c.buildsystem.ProjectBuilder - main project[sample_test]'s application build child direcotry creation task end
09:45:48.414 [main] INFO  k.p.s.c.buildsystem.ProjectBuilder - main project[sample_test]'s child direcotry creation task end
09:45:48.414 [main] INFO  k.p.s.c.buildsystem.ProjectBuilder - main project[sample_test]'s file creation task start
09:45:48.414 [main] INFO  k.p.s.c.buildsystem.ProjectBuilder - main project[sample_test]'s config file creation task start
09:45:48.415 [main] INFO  k.p.s.c.util.SequencedPropertiesUtil - the sequenced properties file[D:\gitsinnori\sinnori\project\sample_test\config\sinnori.properties] was created
09:45:48.419 [main] INFO  k.p.s.c.buildsystem.ProjectBuilder - main project[sample_test]'s config file creation task end
09:45:48.419 [main] INFO  k.p.s.c.buildsystem.ProjectBuilder - the mainproject[sample_test]'s resources directory copy task start
09:45:48.434 [main] INFO  k.p.s.c.buildsystem.ProjectBuilder - the mainproject[sample_test]'s resources directory copy task end
09:45:48.434 [main] INFO  k.p.s.c.buildsystem.ProjectBuilder - mainproject[sample_test]'s application client build system files creation task start
09:45:48.434 [main] INFO  k.p.s.c.buildsystem.ProjectBuilder - main project[sample_test]'s application client ant build.xml file creation task start
09:45:48.435 [main] INFO  k.p.s.c.buildsystem.ProjectBuilder - main project[sample_test]'s application client ant build.xml file creation task end
09:45:48.435 [main] INFO  k.p.s.c.buildsystem.ProjectBuilder - main project[sample_test]'s application client dos shell file creation task start
09:45:48.440 [main] INFO  k.p.s.c.buildsystem.ProjectBuilder - main project[sample_test]'s application client dos shell file creation task end
09:45:48.440 [main] INFO  k.p.s.c.buildsystem.ProjectBuilder - main project[sample_test]'s application client unix shell file creation task start
09:45:48.441 [main] INFO  k.p.s.c.buildsystem.ProjectBuilder - main project[sample_test]'s application client unix shell file creation task end
09:45:48.441 [main] INFO  k.p.s.c.buildsystem.ProjectBuilder - application client sample source files copy task start
09:45:48.451 [main] INFO  k.p.s.c.buildsystem.ProjectBuilder - application client sample source files copy task end
09:45:48.451 [main] INFO  k.p.s.c.buildsystem.ProjectBuilder - main project[sample_test]'s application client message io file set creation task start
09:45:48.451 [main] INFO  k.p.s.common.util.CommonStaticUtil - the new child relative direcotry[D:\gitsinnori\sinnori\project\sample_test\client_build\app_build\src\main\java\kr\pe\sinnori\impl\message][Echo] was created successfully
09:45:48.451 [main] INFO  k.p.s.c.buildsystem.ProjectBuilder - main project[sample_test]'s message file[Echo][D:\gitsinnori\sinnori\project\sample_test\client_build\app_build\src\main\java\kr\pe\sinnori\impl\message] creation task start
09:45:48.454 [main] INFO  k.p.s.c.buildsystem.ProjectBuilder - main project[sample_test]'s message file[Echo][D:\gitsinnori\sinnori\project\sample_test\client_build\app_build\src\main\java\kr\pe\sinnori\impl\message] creation task end
09:45:48.454 [main] INFO  k.p.s.c.buildsystem.ProjectBuilder - main project[sample_test]'s message decoder file[Echo][D:\gitsinnori\sinnori\project\sample_test\client_build\app_build\src\main\java\kr\pe\sinnori\impl\message] creation task start
09:45:48.456 [main] INFO  k.p.s.c.buildsystem.ProjectBuilder - main project[sample_test]'s message decoder file[Echo][D:\gitsinnori\sinnori\project\sample_test\client_build\app_build\src\main\java\kr\pe\sinnori\impl\message] creation task end
09:45:48.456 [main] INFO  k.p.s.c.buildsystem.ProjectBuilder - main project[sample_test]'s message encoder file[Echo][D:\gitsinnori\sinnori\project\sample_test\client_build\app_build\src\main\java\kr\pe\sinnori\impl\message] creation task start
09:45:48.459 [main] INFO  k.p.s.c.buildsystem.ProjectBuilder - main project[sample_test]'s message encoder file[Echo][D:\gitsinnori\sinnori\project\sample_test\client_build\app_build\src\main\java\kr\pe\sinnori\impl\message] creation task end
09:45:48.459 [main] INFO  k.p.s.c.buildsystem.ProjectBuilder - main project[sample_test]'s message server codec file[Echo][D:\gitsinnori\sinnori\project\sample_test\client_build\app_build\src\main\java\kr\pe\sinnori\impl\message] creation task start
09:45:48.460 [main] INFO  k.p.s.c.buildsystem.ProjectBuilder - main project[sample_test]'s message server codec file[Echo][D:\gitsinnori\sinnori\project\sample_test\client_build\app_build\src\main\java\kr\pe\sinnori\impl\message] creation task end
09:45:48.460 [main] INFO  k.p.s.c.buildsystem.ProjectBuilder - main project[sample_test]'s message client codec file[Echo][D:\gitsinnori\sinnori\project\sample_test\client_build\app_build\src\main\java\kr\pe\sinnori\impl\message] creation task start
09:45:48.519 [main] INFO  k.p.s.c.buildsystem.ProjectBuilder - main project[sample_test]'s message client codec file[Echo][D:\gitsinnori\sinnori\project\sample_test\client_build\app_build\src\main\java\kr\pe\sinnori\impl\message] creation task end
09:45:48.520 [main] INFO  k.p.s.common.util.CommonStaticUtil - the new child relative direcotry[D:\gitsinnori\sinnori\project\sample_test\client_build\app_build\src\main\java\kr\pe\sinnori\impl\message][PublicKeyReq] was created successfully
09:45:48.520 [main] INFO  k.p.s.c.buildsystem.ProjectBuilder - main project[sample_test]'s message file[PublicKeyReq][D:\gitsinnori\sinnori\project\sample_test\client_build\app_build\src\main\java\kr\pe\sinnori\impl\message] creation task start
09:45:48.526 [main] INFO  k.p.s.c.buildsystem.ProjectBuilder - main project[sample_test]'s message file[PublicKeyReq][D:\gitsinnori\sinnori\project\sample_test\client_build\app_build\src\main\java\kr\pe\sinnori\impl\message] creation task end
09:45:48.526 [main] INFO  k.p.s.c.buildsystem.ProjectBuilder - main project[sample_test]'s message decoder file[PublicKeyReq][D:\gitsinnori\sinnori\project\sample_test\client_build\app_build\src\main\java\kr\pe\sinnori\impl\message] creation task start
09:45:48.532 [main] INFO  k.p.s.c.buildsystem.ProjectBuilder - main project[sample_test]'s message decoder file[PublicKeyReq][D:\gitsinnori\sinnori\project\sample_test\client_build\app_build\src\main\java\kr\pe\sinnori\impl\message] creation task end
09:45:48.532 [main] INFO  k.p.s.c.buildsystem.ProjectBuilder - main project[sample_test]'s message encoder file[PublicKeyReq][D:\gitsinnori\sinnori\project\sample_test\client_build\app_build\src\main\java\kr\pe\sinnori\impl\message] creation task start
09:45:48.538 [main] INFO  k.p.s.c.buildsystem.ProjectBuilder - main project[sample_test]'s message encoder file[PublicKeyReq][D:\gitsinnori\sinnori\project\sample_test\client_build\app_build\src\main\java\kr\pe\sinnori\impl\message] creation task end
09:45:48.538 [main] INFO  k.p.s.c.buildsystem.ProjectBuilder - main project[sample_test]'s message server codec file[PublicKeyReq][D:\gitsinnori\sinnori\project\sample_test\client_build\app_build\src\main\java\kr\pe\sinnori\impl\message] creation task start
09:45:48.541 [main] INFO  k.p.s.c.buildsystem.ProjectBuilder - main project[sample_test]'s message server codec file[PublicKeyReq][D:\gitsinnori\sinnori\project\sample_test\client_build\app_build\src\main\java\kr\pe\sinnori\impl\message] creation task end
09:45:48.541 [main] INFO  k.p.s.c.buildsystem.ProjectBuilder - main project[sample_test]'s message client codec file[PublicKeyReq][D:\gitsinnori\sinnori\project\sample_test\client_build\app_build\src\main\java\kr\pe\sinnori\impl\message] creation task start
09:45:48.543 [main] INFO  k.p.s.c.buildsystem.ProjectBuilder - main project[sample_test]'s message client codec file[PublicKeyReq][D:\gitsinnori\sinnori\project\sample_test\client_build\app_build\src\main\java\kr\pe\sinnori\impl\message] creation task end
09:45:48.543 [main] INFO  k.p.s.common.util.CommonStaticUtil - the new child relative direcotry[D:\gitsinnori\sinnori\project\sample_test\client_build\app_build\src\main\java\kr\pe\sinnori\impl\message][PublicKeyRes] was created successfully
09:45:48.543 [main] INFO  k.p.s.c.buildsystem.ProjectBuilder - main project[sample_test]'s message file[PublicKeyRes][D:\gitsinnori\sinnori\project\sample_test\client_build\app_build\src\main\java\kr\pe\sinnori\impl\message] creation task start
09:45:48.546 [main] INFO  k.p.s.c.buildsystem.ProjectBuilder - main project[sample_test]'s message file[PublicKeyRes][D:\gitsinnori\sinnori\project\sample_test\client_build\app_build\src\main\java\kr\pe\sinnori\impl\message] creation task end
09:45:48.546 [main] INFO  k.p.s.c.buildsystem.ProjectBuilder - main project[sample_test]'s message decoder file[PublicKeyRes][D:\gitsinnori\sinnori\project\sample_test\client_build\app_build\src\main\java\kr\pe\sinnori\impl\message] creation task start
09:45:48.549 [main] INFO  k.p.s.c.buildsystem.ProjectBuilder - main project[sample_test]'s message decoder file[PublicKeyRes][D:\gitsinnori\sinnori\project\sample_test\client_build\app_build\src\main\java\kr\pe\sinnori\impl\message] creation task end
09:45:48.550 [main] INFO  k.p.s.c.buildsystem.ProjectBuilder - main project[sample_test]'s message encoder file[PublicKeyRes][D:\gitsinnori\sinnori\project\sample_test\client_build\app_build\src\main\java\kr\pe\sinnori\impl\message] creation task start
09:45:48.553 [main] INFO  k.p.s.c.buildsystem.ProjectBuilder - main project[sample_test]'s message encoder file[PublicKeyRes][D:\gitsinnori\sinnori\project\sample_test\client_build\app_build\src\main\java\kr\pe\sinnori\impl\message] creation task end
09:45:48.553 [main] INFO  k.p.s.c.buildsystem.ProjectBuilder - main project[sample_test]'s message server codec file[PublicKeyRes][D:\gitsinnori\sinnori\project\sample_test\client_build\app_build\src\main\java\kr\pe\sinnori\impl\message] creation task start
09:45:48.555 [main] INFO  k.p.s.c.buildsystem.ProjectBuilder - main project[sample_test]'s message server codec file[PublicKeyRes][D:\gitsinnori\sinnori\project\sample_test\client_build\app_build\src\main\java\kr\pe\sinnori\impl\message] creation task end
09:45:48.555 [main] INFO  k.p.s.c.buildsystem.ProjectBuilder - main project[sample_test]'s message client codec file[PublicKeyRes][D:\gitsinnori\sinnori\project\sample_test\client_build\app_build\src\main\java\kr\pe\sinnori\impl\message] creation task start
09:45:48.557 [main] INFO  k.p.s.c.buildsystem.ProjectBuilder - main project[sample_test]'s message client codec file[PublicKeyRes][D:\gitsinnori\sinnori\project\sample_test\client_build\app_build\src\main\java\kr\pe\sinnori\impl\message] creation task end
09:45:48.557 [main] INFO  k.p.s.c.buildsystem.ProjectBuilder - main project[sample_test]'s application client message io file set creation task end
09:45:48.557 [main] INFO  k.p.s.c.buildsystem.ProjectBuilder - mainproject[sample_test]'s application client build system files creation task end
09:45:48.557 [main] INFO  k.p.s.c.buildsystem.ProjectBuilder - main project[sample_test]'s file creation task end
09:45:48.557 [main] INFO  k.p.s.c.buildsystem.ProjectBuilder - the server ant build.xml file[D:\gitsinnori\sinnori\project\sample_test\server_build\build.xml] is bad :: whetherExist[false] isFile[false]
09:45:48.557 [main] INFO  k.p.s.c.buildsystem.ProjectBuilder - the web client ant build.xml file[D:\gitsinnori\sinnori\project\sample_test\client_build\web_build\build.xml] is bad :: whetherExist[false] isFile[false]
09:45:48.558 [main] INFO  k.p.s.c.config.SinnoriConfiguration - item key[sessionkey.rsa.publickey.file.value]'s value is null because its status is inactive
09:45:48.558 [main] INFO  k.p.s.c.config.SinnoriConfiguration - item key[sessionkey.rsa.privatekey.file.value]'s value is null because its status is inactive
09:45:48.574 [main] INFO  k.p.s.c.buildsystem.ProjectBuilder - main project[sample_test]'s child direcotry creation task start
09:45:48.574 [main] INFO  k.p.s.c.buildsystem.ProjectBuilder - main project[sample_test]'s common child direcotry creation task start
09:45:48.574 [main] INFO  k.p.s.common.util.CommonStaticUtil - the new child relative direcotry[D:\gitsinnori\sinnori\project\sample_test][config] was created successfully
09:45:48.575 [main] INFO  k.p.s.common.util.CommonStaticUtil - the new child relative direcotry[D:\gitsinnori\sinnori\project\sample_test][resources/dbcp] was created successfully
09:45:48.575 [main] INFO  k.p.s.common.util.CommonStaticUtil - the new child relative direcotry[D:\gitsinnori\sinnori\project\sample_test][resources/message_info] was created successfully
09:45:48.575 [main] INFO  k.p.s.common.util.CommonStaticUtil - the new child relative direcotry[D:\gitsinnori\sinnori\project\sample_test][resources/rsa_keypair] was created successfully
09:45:48.576 [main] INFO  k.p.s.common.util.CommonStaticUtil - the new child relative direcotry[D:\gitsinnori\sinnori\project\sample_test][log/apache] was created successfully
09:45:48.576 [main] INFO  k.p.s.common.util.CommonStaticUtil - the new child relative direcotry[D:\gitsinnori\sinnori\project\sample_test][log/client] was created successfully
09:45:48.649 [main] INFO  k.p.s.common.util.CommonStaticUtil - the new child relative direcotry[D:\gitsinnori\sinnori\project\sample_test][log/server] was created successfully
09:45:48.650 [main] INFO  k.p.s.common.util.CommonStaticUtil - the new child relative direcotry[D:\gitsinnori\sinnori\project\sample_test][log/servlet] was created successfully
09:45:48.650 [main] INFO  k.p.s.c.buildsystem.ProjectBuilder - main project[sample_test]'s common child direcotry creation task end
09:45:48.650 [main] INFO  k.p.s.c.buildsystem.ProjectBuilder - main project[sample_test]'s web build child direcotry creation task start
09:45:48.652 [main] INFO  k.p.s.common.util.CommonStaticUtil - the new child relative direcotry[D:\gitsinnori\sinnori\project\sample_test][client_build/web_build/corelib/ex] was created successfully
09:45:48.652 [main] INFO  k.p.s.common.util.CommonStaticUtil - the new child relative direcotry[D:\gitsinnori\sinnori\project\sample_test][client_build/web_build/corelib/in] was created successfully
09:45:48.654 [main] INFO  k.p.s.common.util.CommonStaticUtil - the new child relative direcotry[D:\gitsinnori\sinnori\project\sample_test][client_build/web_build/lib/main/ex] was created successfully
09:45:48.655 [main] INFO  k.p.s.common.util.CommonStaticUtil - the new child relative direcotry[D:\gitsinnori\sinnori\project\sample_test][client_build/web_build/lib/main/in] was created successfully
09:45:48.655 [main] INFO  k.p.s.common.util.CommonStaticUtil - the new child relative direcotry[D:\gitsinnori\sinnori\project\sample_test][client_build/web_build/lib/test] was created successfully
09:45:48.661 [main] INFO  k.p.s.common.util.CommonStaticUtil - the new child relative direcotry[D:\gitsinnori\sinnori\project\sample_test][client_build/web_build/src/main/java/kr/pe/sinnori/impl/message] was created successfully
09:45:48.662 [main] INFO  k.p.s.common.util.CommonStaticUtil - the new child relative direcotry[D:\gitsinnori\sinnori\project\sample_test][client_build/web_build/src/main/java//kr/pe/sinnori/servlet] was created successfully
09:45:48.663 [main] INFO  k.p.s.common.util.CommonStaticUtil - the new child relative direcotry[D:\gitsinnori\sinnori\project\sample_test][client_build/web_build/src/main/java/kr/pe/sinnori/weblib/common] was created successfully
09:45:48.664 [main] INFO  k.p.s.common.util.CommonStaticUtil - the new child relative direcotry[D:\gitsinnori\sinnori\project\sample_test][client_build/web_build/src/main/java/kr/pe/sinnori/weblib/htmlstring] was created successfully
09:45:48.664 [main] INFO  k.p.s.common.util.CommonStaticUtil - the new child relative direcotry[D:\gitsinnori\sinnori\project\sample_test][client_build/web_build/src/main/java/kr/pe/sinnori/weblib/jdf] was created successfully
09:45:48.666 [main] INFO  k.p.s.common.util.CommonStaticUtil - the new child relative direcotry[D:\gitsinnori\sinnori\project\sample_test][client_build/web_build/src/test/java] was created successfully
09:45:48.666 [main] INFO  k.p.s.common.util.CommonStaticUtil - the new child relative direcotry[D:\gitsinnori\sinnori\project\sample_test][client_build/web_build/build] was created successfully
09:45:48.666 [main] INFO  k.p.s.common.util.CommonStaticUtil - the new child relative direcotry[D:\gitsinnori\sinnori\project\sample_test][client_build/web_build/dist] was created successfully
09:45:48.666 [main] INFO  k.p.s.c.buildsystem.ProjectBuilder - main project[sample_test]'s web build child direcotry creation task end
09:45:48.666 [main] INFO  k.p.s.c.buildsystem.ProjectBuilder - main project[sample_test]'s web root child direcotry creation task start
09:45:48.667 [main] INFO  k.p.s.common.util.CommonStaticUtil - the new child relative direcotry[D:\gitsinnori\sinnori\project\sample_test][web_app_base/upload] was created successfully
09:45:48.669 [main] INFO  k.p.s.common.util.CommonStaticUtil - the new child relative direcotry[D:\gitsinnori\sinnori\project\sample_test][web_app_base/ROOT/WEB-INF/classes] was created successfully
09:45:48.670 [main] INFO  k.p.s.common.util.CommonStaticUtil - the new child relative direcotry[D:\gitsinnori\sinnori\project\sample_test][web_app_base/ROOT/WEB-INF/lib] was created successfully
09:45:48.670 [main] INFO  k.p.s.c.buildsystem.ProjectBuilder - main project[sample_test]'s web root child direcotry creation task end
09:45:48.670 [main] INFO  k.p.s.c.buildsystem.ProjectBuilder - main project[sample_test]'s child direcotry creation task end
09:45:48.670 [main] INFO  k.p.s.c.buildsystem.ProjectBuilder - main project[sample_test]'s file creation task start
09:45:48.670 [main] INFO  k.p.s.c.buildsystem.ProjectBuilder - main project[sample_test]'s config file creation task start
09:45:48.671 [main] INFO  k.p.s.c.util.SequencedPropertiesUtil - the sequenced properties file[D:\gitsinnori\sinnori\project\sample_test\config\sinnori.properties] was created
09:45:48.682 [main] INFO  k.p.s.c.buildsystem.ProjectBuilder - main project[sample_test]'s config file creation task end
09:45:48.682 [main] INFO  k.p.s.c.buildsystem.ProjectBuilder - the mainproject[sample_test]'s resources directory copy task start
09:45:48.702 [main] INFO  k.p.s.c.buildsystem.ProjectBuilder - the mainproject[sample_test]'s resources directory copy task end
09:45:48.702 [main] INFO  k.p.s.c.buildsystem.ProjectBuilder - main project[sample_test]'s web client build system files creation task start
09:45:48.702 [main] INFO  k.p.s.c.buildsystem.ProjectBuilder - main project[sample_test]'s web client ant build.xml file creation task start
09:45:48.703 [main] INFO  k.p.s.c.buildsystem.ProjectBuilder - main project[sample_test]'s web client ant build.xml file creation task end
09:45:48.703 [main] INFO  k.p.s.c.buildsystem.ProjectBuilder - main project[sample_test]'s web client ant properties file creation task start
09:45:48.704 [main] INFO  k.p.s.c.util.SequencedPropertiesUtil - the sequenced properties file[D:\gitsinnori\sinnori\project\sample_test\client_build\web_build\webAnt.properties] was created
09:45:48.705 [main] INFO  k.p.s.c.buildsystem.ProjectBuilder - main project[sample_test]'s web client ant properties file creation task end
09:45:48.705 [main] INFO  k.p.s.c.buildsystem.ProjectBuilder - main project[sample_test]'s web client message io file set creation task start
09:45:48.705 [main] INFO  k.p.s.common.util.CommonStaticUtil - the new child relative direcotry[D:\gitsinnori\sinnori\project\sample_test\client_build\web_build\src\main\java\kr\pe\sinnori\impl\message][Echo] was created successfully
09:45:48.705 [main] INFO  k.p.s.c.buildsystem.ProjectBuilder - main project[sample_test]'s message file[Echo][D:\gitsinnori\sinnori\project\sample_test\client_build\web_build\src\main\java\kr\pe\sinnori\impl\message] creation task start
09:45:48.708 [main] INFO  k.p.s.c.buildsystem.ProjectBuilder - main project[sample_test]'s message file[Echo][D:\gitsinnori\sinnori\project\sample_test\client_build\web_build\src\main\java\kr\pe\sinnori\impl\message] creation task end
09:45:48.708 [main] INFO  k.p.s.c.buildsystem.ProjectBuilder - main project[sample_test]'s message decoder file[Echo][D:\gitsinnori\sinnori\project\sample_test\client_build\web_build\src\main\java\kr\pe\sinnori\impl\message] creation task start
09:45:48.710 [main] INFO  k.p.s.c.buildsystem.ProjectBuilder - main project[sample_test]'s message decoder file[Echo][D:\gitsinnori\sinnori\project\sample_test\client_build\web_build\src\main\java\kr\pe\sinnori\impl\message] creation task end
09:45:48.710 [main] INFO  k.p.s.c.buildsystem.ProjectBuilder - main project[sample_test]'s message encoder file[Echo][D:\gitsinnori\sinnori\project\sample_test\client_build\web_build\src\main\java\kr\pe\sinnori\impl\message] creation task start
09:45:48.713 [main] INFO  k.p.s.c.buildsystem.ProjectBuilder - main project[sample_test]'s message encoder file[Echo][D:\gitsinnori\sinnori\project\sample_test\client_build\web_build\src\main\java\kr\pe\sinnori\impl\message] creation task end
09:45:48.713 [main] INFO  k.p.s.c.buildsystem.ProjectBuilder - main project[sample_test]'s message server codec file[Echo][D:\gitsinnori\sinnori\project\sample_test\client_build\web_build\src\main\java\kr\pe\sinnori\impl\message] creation task start
09:45:48.714 [main] INFO  k.p.s.c.buildsystem.ProjectBuilder - main project[sample_test]'s message server codec file[Echo][D:\gitsinnori\sinnori\project\sample_test\client_build\web_build\src\main\java\kr\pe\sinnori\impl\message] creation task end
09:45:48.714 [main] INFO  k.p.s.c.buildsystem.ProjectBuilder - main project[sample_test]'s message client codec file[Echo][D:\gitsinnori\sinnori\project\sample_test\client_build\web_build\src\main\java\kr\pe\sinnori\impl\message] creation task start
09:45:48.715 [main] INFO  k.p.s.c.buildsystem.ProjectBuilder - main project[sample_test]'s message client codec file[Echo][D:\gitsinnori\sinnori\project\sample_test\client_build\web_build\src\main\java\kr\pe\sinnori\impl\message] creation task end
09:45:48.715 [main] INFO  k.p.s.common.util.CommonStaticUtil - the new child relative direcotry[D:\gitsinnori\sinnori\project\sample_test\client_build\web_build\src\main\java\kr\pe\sinnori\impl\message][PublicKeyReq] was created successfully
09:45:48.780 [main] INFO  k.p.s.c.buildsystem.ProjectBuilder - main project[sample_test]'s message file[PublicKeyReq][D:\gitsinnori\sinnori\project\sample_test\client_build\web_build\src\main\java\kr\pe\sinnori\impl\message] creation task start
09:45:48.787 [main] INFO  k.p.s.c.buildsystem.ProjectBuilder - main project[sample_test]'s message file[PublicKeyReq][D:\gitsinnori\sinnori\project\sample_test\client_build\web_build\src\main\java\kr\pe\sinnori\impl\message] creation task end
09:45:48.788 [main] INFO  k.p.s.c.buildsystem.ProjectBuilder - main project[sample_test]'s message decoder file[PublicKeyReq][D:\gitsinnori\sinnori\project\sample_test\client_build\web_build\src\main\java\kr\pe\sinnori\impl\message] creation task start
09:45:48.796 [main] INFO  k.p.s.c.buildsystem.ProjectBuilder - main project[sample_test]'s message decoder file[PublicKeyReq][D:\gitsinnori\sinnori\project\sample_test\client_build\web_build\src\main\java\kr\pe\sinnori\impl\message] creation task end
09:45:48.796 [main] INFO  k.p.s.c.buildsystem.ProjectBuilder - main project[sample_test]'s message encoder file[PublicKeyReq][D:\gitsinnori\sinnori\project\sample_test\client_build\web_build\src\main\java\kr\pe\sinnori\impl\message] creation task start
09:45:48.804 [main] INFO  k.p.s.c.buildsystem.ProjectBuilder - main project[sample_test]'s message encoder file[PublicKeyReq][D:\gitsinnori\sinnori\project\sample_test\client_build\web_build\src\main\java\kr\pe\sinnori\impl\message] creation task end
09:45:48.804 [main] INFO  k.p.s.c.buildsystem.ProjectBuilder - main project[sample_test]'s message server codec file[PublicKeyReq][D:\gitsinnori\sinnori\project\sample_test\client_build\web_build\src\main\java\kr\pe\sinnori\impl\message] creation task start
09:45:48.808 [main] INFO  k.p.s.c.buildsystem.ProjectBuilder - main project[sample_test]'s message server codec file[PublicKeyReq][D:\gitsinnori\sinnori\project\sample_test\client_build\web_build\src\main\java\kr\pe\sinnori\impl\message] creation task end
09:45:48.808 [main] INFO  k.p.s.c.buildsystem.ProjectBuilder - main project[sample_test]'s message client codec file[PublicKeyReq][D:\gitsinnori\sinnori\project\sample_test\client_build\web_build\src\main\java\kr\pe\sinnori\impl\message] creation task start
09:45:48.812 [main] INFO  k.p.s.c.buildsystem.ProjectBuilder - main project[sample_test]'s message client codec file[PublicKeyReq][D:\gitsinnori\sinnori\project\sample_test\client_build\web_build\src\main\java\kr\pe\sinnori\impl\message] creation task end
09:45:48.812 [main] INFO  k.p.s.common.util.CommonStaticUtil - the new child relative direcotry[D:\gitsinnori\sinnori\project\sample_test\client_build\web_build\src\main\java\kr\pe\sinnori\impl\message][PublicKeyRes] was created successfully
09:45:48.812 [main] INFO  k.p.s.c.buildsystem.ProjectBuilder - main project[sample_test]'s message file[PublicKeyRes][D:\gitsinnori\sinnori\project\sample_test\client_build\web_build\src\main\java\kr\pe\sinnori\impl\message] creation task start
09:45:48.816 [main] INFO  k.p.s.c.buildsystem.ProjectBuilder - main project[sample_test]'s message file[PublicKeyRes][D:\gitsinnori\sinnori\project\sample_test\client_build\web_build\src\main\java\kr\pe\sinnori\impl\message] creation task end
09:45:48.816 [main] INFO  k.p.s.c.buildsystem.ProjectBuilder - main project[sample_test]'s message decoder file[PublicKeyRes][D:\gitsinnori\sinnori\project\sample_test\client_build\web_build\src\main\java\kr\pe\sinnori\impl\message] creation task start
09:45:48.820 [main] INFO  k.p.s.c.buildsystem.ProjectBuilder - main project[sample_test]'s message decoder file[PublicKeyRes][D:\gitsinnori\sinnori\project\sample_test\client_build\web_build\src\main\java\kr\pe\sinnori\impl\message] creation task end
09:45:48.820 [main] INFO  k.p.s.c.buildsystem.ProjectBuilder - main project[sample_test]'s message encoder file[PublicKeyRes][D:\gitsinnori\sinnori\project\sample_test\client_build\web_build\src\main\java\kr\pe\sinnori\impl\message] creation task start
09:45:48.824 [main] INFO  k.p.s.c.buildsystem.ProjectBuilder - main project[sample_test]'s message encoder file[PublicKeyRes][D:\gitsinnori\sinnori\project\sample_test\client_build\web_build\src\main\java\kr\pe\sinnori\impl\message] creation task end
09:45:48.824 [main] INFO  k.p.s.c.buildsystem.ProjectBuilder - main project[sample_test]'s message server codec file[PublicKeyRes][D:\gitsinnori\sinnori\project\sample_test\client_build\web_build\src\main\java\kr\pe\sinnori\impl\message] creation task start
09:45:48.826 [main] INFO  k.p.s.c.buildsystem.ProjectBuilder - main project[sample_test]'s message server codec file[PublicKeyRes][D:\gitsinnori\sinnori\project\sample_test\client_build\web_build\src\main\java\kr\pe\sinnori\impl\message] creation task end
09:45:48.826 [main] INFO  k.p.s.c.buildsystem.ProjectBuilder - main project[sample_test]'s message client codec file[PublicKeyRes][D:\gitsinnori\sinnori\project\sample_test\client_build\web_build\src\main\java\kr\pe\sinnori\impl\message] creation task start
09:45:48.828 [main] INFO  k.p.s.c.buildsystem.ProjectBuilder - main project[sample_test]'s message client codec file[PublicKeyRes][D:\gitsinnori\sinnori\project\sample_test\client_build\web_build\src\main\java\kr\pe\sinnori\impl\message] creation task end
09:45:48.828 [main] INFO  k.p.s.c.buildsystem.ProjectBuilder - main project[sample_test]'s web client message io file set creation task end
09:45:48.828 [main] INFO  k.p.s.c.buildsystem.ProjectBuilder - mainproject[sample_test]'s web client sample source files copy task start
09:45:48.886 [main] INFO  k.p.s.c.buildsystem.ProjectBuilder - mainproject[sample_test]'s web client sample source files copy task end
09:45:48.886 [main] INFO  k.p.s.c.buildsystem.ProjectBuilder - main project[sample_test]'s web client build system files creation task end
09:45:48.886 [main] INFO  k.p.s.c.buildsystem.ProjectBuilder - main project[sample_test]'s web root sample files creation task start
09:45:48.886 [main] INFO  k.p.s.c.buildsystem.ProjectBuilder - main project[sample_test]'s web root sample files copy task start
09:45:48.893 [main] INFO  k.p.s.c.buildsystem.ProjectBuilder - main project[sample_test]'s web root sample files copy task end
09:45:48.893 [main] INFO  k.p.s.c.buildsystem.ProjectBuilder - main project[sample_test]'s web root sample files creation task end
09:45:48.893 [main] INFO  k.p.s.c.buildsystem.ProjectBuilder - main project[sample_test]'s file creation task end
09:45:48.893 [main] INFO  k.p.s.c.buildsystem.ProjectBuilder - the server ant build.xml file[D:\gitsinnori\sinnori\project\sample_test\server_build\build.xml] is bad :: whetherExist[false] isFile[false]
09:45:48.893 [main] INFO  k.p.s.c.buildsystem.ProjectBuilder - the app client ant build.xml file[D:\gitsinnori\sinnori\project\sample_test\client_build\app_build\build.xml] is bad :: whetherExist[false] isFile[false]
09:45:48.893 [main] INFO  k.p.s.c.config.SinnoriConfiguration - item key[sessionkey.rsa.publickey.file.value]'s value is null because its status is inactive
09:45:48.893 [main] INFO  k.p.s.c.config.SinnoriConfiguration - item key[sessionkey.rsa.privatekey.file.value]'s value is null because its status is inactive
09:45:48.920 [main] INFO  k.p.s.c.buildsystem.ProjectBuilder - main project[sample_test]'s child direcotry creation task start
09:45:48.920 [main] INFO  k.p.s.c.buildsystem.ProjectBuilder - main project[sample_test]'s common child direcotry creation task start
09:45:48.920 [main] INFO  k.p.s.common.util.CommonStaticUtil - the new child relative direcotry[D:\gitsinnori\sinnori\project\sample_test][config] was created successfully
09:45:48.921 [main] INFO  k.p.s.common.util.CommonStaticUtil - the new child relative direcotry[D:\gitsinnori\sinnori\project\sample_test][resources/dbcp] was created successfully
09:45:48.921 [main] INFO  k.p.s.common.util.CommonStaticUtil - the new child relative direcotry[D:\gitsinnori\sinnori\project\sample_test][resources/message_info] was created successfully
09:45:48.921 [main] INFO  k.p.s.common.util.CommonStaticUtil - the new child relative direcotry[D:\gitsinnori\sinnori\project\sample_test][resources/rsa_keypair] was created successfully
09:45:48.921 [main] INFO  k.p.s.common.util.CommonStaticUtil - the new child relative direcotry[D:\gitsinnori\sinnori\project\sample_test][log/apache] was created successfully
09:45:48.922 [main] INFO  k.p.s.common.util.CommonStaticUtil - the new child relative direcotry[D:\gitsinnori\sinnori\project\sample_test][log/client] was created successfully
09:45:48.922 [main] INFO  k.p.s.common.util.CommonStaticUtil - the new child relative direcotry[D:\gitsinnori\sinnori\project\sample_test][log/server] was created successfully
09:45:48.922 [main] INFO  k.p.s.common.util.CommonStaticUtil - the new child relative direcotry[D:\gitsinnori\sinnori\project\sample_test][log/servlet] was created successfully
09:45:48.922 [main] INFO  k.p.s.c.buildsystem.ProjectBuilder - main project[sample_test]'s common child direcotry creation task end
09:45:48.922 [main] INFO  k.p.s.c.buildsystem.ProjectBuilder - main project[sample_test]'s application build child direcotry creation task start
09:45:48.923 [main] INFO  k.p.s.common.util.CommonStaticUtil - the new child relative direcotry[D:\gitsinnori\sinnori\project\sample_test][client_build/app_build/corelib/ex] was created successfully
09:45:48.923 [main] INFO  k.p.s.common.util.CommonStaticUtil - the new child relative direcotry[D:\gitsinnori\sinnori\project\sample_test][client_build/app_build/corelib/in] was created successfully
09:45:48.924 [main] INFO  k.p.s.common.util.CommonStaticUtil - the new child relative direcotry[D:\gitsinnori\sinnori\project\sample_test][client_build/app_build/lib/main/ex] was created successfully
09:45:48.930 [main] INFO  k.p.s.common.util.CommonStaticUtil - the new child relative direcotry[D:\gitsinnori\sinnori\project\sample_test][client_build/app_build/lib/main/in] was created successfully
09:45:48.930 [main] INFO  k.p.s.common.util.CommonStaticUtil - the new child relative direcotry[D:\gitsinnori\sinnori\project\sample_test][client_build/app_build/lib/test] was created successfully
09:45:48.934 [main] INFO  k.p.s.common.util.CommonStaticUtil - the new child relative direcotry[D:\gitsinnori\sinnori\project\sample_test][client_build/app_build/src/main/java/kr/pe/sinnori/impl/message] was created successfully
09:45:48.934 [main] INFO  k.p.s.common.util.CommonStaticUtil - the new child relative direcotry[D:\gitsinnori\sinnori\project\sample_test][client_build/app_build/src/main/java/main] was created successfully
09:45:48.934 [main] INFO  k.p.s.common.util.CommonStaticUtil - the new child relative direcotry[D:\gitsinnori\sinnori\project\sample_test][client_build/app_build/src/test/java] was created successfully
09:45:48.935 [main] INFO  k.p.s.common.util.CommonStaticUtil - the new child relative direcotry[D:\gitsinnori\sinnori\project\sample_test][client_build/app_build/build] was created successfully
09:45:48.935 [main] INFO  k.p.s.common.util.CommonStaticUtil - the new child relative direcotry[D:\gitsinnori\sinnori\project\sample_test][client_build/app_build/dist] was created successfully
09:45:48.935 [main] INFO  k.p.s.c.buildsystem.ProjectBuilder - main project[sample_test]'s application build child direcotry creation task end
09:45:48.935 [main] INFO  k.p.s.c.buildsystem.ProjectBuilder - main project[sample_test]'s child direcotry creation task end
09:45:48.935 [main] INFO  k.p.s.c.buildsystem.ProjectBuilder - main project[sample_test]'s file creation task start
09:45:48.935 [main] INFO  k.p.s.c.buildsystem.ProjectBuilder - main project[sample_test]'s config file creation task start
09:45:48.935 [main] INFO  k.p.s.c.util.SequencedPropertiesUtil - the sequenced properties file[D:\gitsinnori\sinnori\project\sample_test\config\sinnori.properties] was created
09:45:48.942 [main] INFO  k.p.s.c.buildsystem.ProjectBuilder - main project[sample_test]'s config file creation task end
09:45:48.942 [main] INFO  k.p.s.c.buildsystem.ProjectBuilder - the mainproject[sample_test]'s resources directory copy task start
09:45:48.960 [main] INFO  k.p.s.c.buildsystem.ProjectBuilder - the mainproject[sample_test]'s resources directory copy task end
09:45:48.960 [main] INFO  k.p.s.c.buildsystem.ProjectBuilder - mainproject[sample_test]'s application client build system files creation task start
09:45:48.960 [main] INFO  k.p.s.c.buildsystem.ProjectBuilder - main project[sample_test]'s application client ant build.xml file creation task start
09:45:48.962 [main] INFO  k.p.s.c.buildsystem.ProjectBuilder - main project[sample_test]'s application client ant build.xml file creation task end
09:45:48.962 [main] INFO  k.p.s.c.buildsystem.ProjectBuilder - main project[sample_test]'s application client dos shell file creation task start
09:45:48.965 [main] INFO  k.p.s.c.buildsystem.ProjectBuilder - main project[sample_test]'s application client dos shell file creation task end
09:45:48.965 [main] INFO  k.p.s.c.buildsystem.ProjectBuilder - main project[sample_test]'s application client unix shell file creation task start
09:45:48.967 [main] INFO  k.p.s.c.buildsystem.ProjectBuilder - main project[sample_test]'s application client unix shell file creation task end
09:45:48.967 [main] INFO  k.p.s.c.buildsystem.ProjectBuilder - application client sample source files copy task start
09:45:48.977 [main] INFO  k.p.s.c.buildsystem.ProjectBuilder - application client sample source files copy task end
09:45:48.977 [main] INFO  k.p.s.c.buildsystem.ProjectBuilder - main project[sample_test]'s application client message io file set creation task start
09:45:48.977 [main] INFO  k.p.s.common.util.CommonStaticUtil - the new child relative direcotry[D:\gitsinnori\sinnori\project\sample_test\client_build\app_build\src\main\java\kr\pe\sinnori\impl\message][Echo] was created successfully
09:45:48.977 [main] INFO  k.p.s.c.buildsystem.ProjectBuilder - main project[sample_test]'s message file[Echo][D:\gitsinnori\sinnori\project\sample_test\client_build\app_build\src\main\java\kr\pe\sinnori\impl\message] creation task start
09:45:48.980 [main] INFO  k.p.s.c.buildsystem.ProjectBuilder - main project[sample_test]'s message file[Echo][D:\gitsinnori\sinnori\project\sample_test\client_build\app_build\src\main\java\kr\pe\sinnori\impl\message] creation task end
09:45:48.980 [main] INFO  k.p.s.c.buildsystem.ProjectBuilder - main project[sample_test]'s message decoder file[Echo][D:\gitsinnori\sinnori\project\sample_test\client_build\app_build\src\main\java\kr\pe\sinnori\impl\message] creation task start
09:45:48.982 [main] INFO  k.p.s.c.buildsystem.ProjectBuilder - main project[sample_test]'s message decoder file[Echo][D:\gitsinnori\sinnori\project\sample_test\client_build\app_build\src\main\java\kr\pe\sinnori\impl\message] creation task end
09:45:48.982 [main] INFO  k.p.s.c.buildsystem.ProjectBuilder - main project[sample_test]'s message encoder file[Echo][D:\gitsinnori\sinnori\project\sample_test\client_build\app_build\src\main\java\kr\pe\sinnori\impl\message] creation task start
09:45:48.985 [main] INFO  k.p.s.c.buildsystem.ProjectBuilder - main project[sample_test]'s message encoder file[Echo][D:\gitsinnori\sinnori\project\sample_test\client_build\app_build\src\main\java\kr\pe\sinnori\impl\message] creation task end
09:45:48.985 [main] INFO  k.p.s.c.buildsystem.ProjectBuilder - main project[sample_test]'s message server codec file[Echo][D:\gitsinnori\sinnori\project\sample_test\client_build\app_build\src\main\java\kr\pe\sinnori\impl\message] creation task start
09:45:48.986 [main] INFO  k.p.s.c.buildsystem.ProjectBuilder - main project[sample_test]'s message server codec file[Echo][D:\gitsinnori\sinnori\project\sample_test\client_build\app_build\src\main\java\kr\pe\sinnori\impl\message] creation task end
09:45:48.986 [main] INFO  k.p.s.c.buildsystem.ProjectBuilder - main project[sample_test]'s message client codec file[Echo][D:\gitsinnori\sinnori\project\sample_test\client_build\app_build\src\main\java\kr\pe\sinnori\impl\message] creation task start
09:45:48.987 [main] INFO  k.p.s.c.buildsystem.ProjectBuilder - main project[sample_test]'s message client codec file[Echo][D:\gitsinnori\sinnori\project\sample_test\client_build\app_build\src\main\java\kr\pe\sinnori\impl\message] creation task end
09:45:49.056 [main] INFO  k.p.s.common.util.CommonStaticUtil - the new child relative direcotry[D:\gitsinnori\sinnori\project\sample_test\client_build\app_build\src\main\java\kr\pe\sinnori\impl\message][PublicKeyReq] was created successfully
09:45:49.056 [main] INFO  k.p.s.c.buildsystem.ProjectBuilder - main project[sample_test]'s message file[PublicKeyReq][D:\gitsinnori\sinnori\project\sample_test\client_build\app_build\src\main\java\kr\pe\sinnori\impl\message] creation task start
09:45:49.062 [main] INFO  k.p.s.c.buildsystem.ProjectBuilder - main project[sample_test]'s message file[PublicKeyReq][D:\gitsinnori\sinnori\project\sample_test\client_build\app_build\src\main\java\kr\pe\sinnori\impl\message] creation task end
09:45:49.062 [main] INFO  k.p.s.c.buildsystem.ProjectBuilder - main project[sample_test]'s message decoder file[PublicKeyReq][D:\gitsinnori\sinnori\project\sample_test\client_build\app_build\src\main\java\kr\pe\sinnori\impl\message] creation task start
09:45:49.069 [main] INFO  k.p.s.c.buildsystem.ProjectBuilder - main project[sample_test]'s message decoder file[PublicKeyReq][D:\gitsinnori\sinnori\project\sample_test\client_build\app_build\src\main\java\kr\pe\sinnori\impl\message] creation task end
09:45:49.069 [main] INFO  k.p.s.c.buildsystem.ProjectBuilder - main project[sample_test]'s message encoder file[PublicKeyReq][D:\gitsinnori\sinnori\project\sample_test\client_build\app_build\src\main\java\kr\pe\sinnori\impl\message] creation task start
09:45:49.078 [main] INFO  k.p.s.c.buildsystem.ProjectBuilder - main project[sample_test]'s message encoder file[PublicKeyReq][D:\gitsinnori\sinnori\project\sample_test\client_build\app_build\src\main\java\kr\pe\sinnori\impl\message] creation task end
09:45:49.078 [main] INFO  k.p.s.c.buildsystem.ProjectBuilder - main project[sample_test]'s message server codec file[PublicKeyReq][D:\gitsinnori\sinnori\project\sample_test\client_build\app_build\src\main\java\kr\pe\sinnori\impl\message] creation task start
09:45:49.081 [main] INFO  k.p.s.c.buildsystem.ProjectBuilder - main project[sample_test]'s message server codec file[PublicKeyReq][D:\gitsinnori\sinnori\project\sample_test\client_build\app_build\src\main\java\kr\pe\sinnori\impl\message] creation task end
09:45:49.081 [main] INFO  k.p.s.c.buildsystem.ProjectBuilder - main project[sample_test]'s message client codec file[PublicKeyReq][D:\gitsinnori\sinnori\project\sample_test\client_build\app_build\src\main\java\kr\pe\sinnori\impl\message] creation task start
09:45:49.083 [main] INFO  k.p.s.c.buildsystem.ProjectBuilder - main project[sample_test]'s message client codec file[PublicKeyReq][D:\gitsinnori\sinnori\project\sample_test\client_build\app_build\src\main\java\kr\pe\sinnori\impl\message] creation task end
09:45:49.083 [main] INFO  k.p.s.common.util.CommonStaticUtil - the new child relative direcotry[D:\gitsinnori\sinnori\project\sample_test\client_build\app_build\src\main\java\kr\pe\sinnori\impl\message][PublicKeyRes] was created successfully
09:45:49.083 [main] INFO  k.p.s.c.buildsystem.ProjectBuilder - main project[sample_test]'s message file[PublicKeyRes][D:\gitsinnori\sinnori\project\sample_test\client_build\app_build\src\main\java\kr\pe\sinnori\impl\message] creation task start
09:45:49.086 [main] INFO  k.p.s.c.buildsystem.ProjectBuilder - main project[sample_test]'s message file[PublicKeyRes][D:\gitsinnori\sinnori\project\sample_test\client_build\app_build\src\main\java\kr\pe\sinnori\impl\message] creation task end
09:45:49.086 [main] INFO  k.p.s.c.buildsystem.ProjectBuilder - main project[sample_test]'s message decoder file[PublicKeyRes][D:\gitsinnori\sinnori\project\sample_test\client_build\app_build\src\main\java\kr\pe\sinnori\impl\message] creation task start
09:45:49.090 [main] INFO  k.p.s.c.buildsystem.ProjectBuilder - main project[sample_test]'s message decoder file[PublicKeyRes][D:\gitsinnori\sinnori\project\sample_test\client_build\app_build\src\main\java\kr\pe\sinnori\impl\message] creation task end
09:45:49.091 [main] INFO  k.p.s.c.buildsystem.ProjectBuilder - main project[sample_test]'s message encoder file[PublicKeyRes][D:\gitsinnori\sinnori\project\sample_test\client_build\app_build\src\main\java\kr\pe\sinnori\impl\message] creation task start
09:45:49.094 [main] INFO  k.p.s.c.buildsystem.ProjectBuilder - main project[sample_test]'s message encoder file[PublicKeyRes][D:\gitsinnori\sinnori\project\sample_test\client_build\app_build\src\main\java\kr\pe\sinnori\impl\message] creation task end
09:45:49.094 [main] INFO  k.p.s.c.buildsystem.ProjectBuilder - main project[sample_test]'s message server codec file[PublicKeyRes][D:\gitsinnori\sinnori\project\sample_test\client_build\app_build\src\main\java\kr\pe\sinnori\impl\message] creation task start
09:45:49.095 [main] INFO  k.p.s.c.buildsystem.ProjectBuilder - main project[sample_test]'s message server codec file[PublicKeyRes][D:\gitsinnori\sinnori\project\sample_test\client_build\app_build\src\main\java\kr\pe\sinnori\impl\message] creation task end
09:45:49.095 [main] INFO  k.p.s.c.buildsystem.ProjectBuilder - main project[sample_test]'s message client codec file[PublicKeyRes][D:\gitsinnori\sinnori\project\sample_test\client_build\app_build\src\main\java\kr\pe\sinnori\impl\message] creation task start
09:45:49.097 [main] INFO  k.p.s.c.buildsystem.ProjectBuilder - main project[sample_test]'s message client codec file[PublicKeyRes][D:\gitsinnori\sinnori\project\sample_test\client_build\app_build\src\main\java\kr\pe\sinnori\impl\message] creation task end
09:45:49.097 [main] INFO  k.p.s.c.buildsystem.ProjectBuilder - main project[sample_test]'s application client message io file set creation task end
09:45:49.097 [main] INFO  k.p.s.c.buildsystem.ProjectBuilder - mainproject[sample_test]'s application client build system files creation task end
09:45:49.097 [main] INFO  k.p.s.c.buildsystem.ProjectBuilder - main project[sample_test]'s file creation task end
09:45:49.099 [main] INFO  k.p.s.c.b.ProjectBuilderTest - {mainproject.server.pool.accept_queue_size.desc=접속 승인 큐 크기, default value[10], min[10], max[2147483647], mainproject.client.asyn.output_message_reader.pool_size.value=4, mainproject.client.asyn.executor.pool_size.value=1, mainproject.server.pool.output_message_queue_size.desc=출력 메시지 큐 크기, default value[10], min[10], max[2147483647], sessionkey.rsa.keypair_source.desc=세션키에 사용되는 공개키 키쌍 생성 방법, API:내부적으로 RSA 키쌍 생성, File:외부 파일를 읽어와서 RSA  키쌍을 생성, default value[SERVER], the rsa keypair source of sessionkey set[SERVER, FILE], mainproject.common.port.desc=포트 번호, default value[9090], min[1024], max[2147483647], mainproject.client.monitor.time_interval.desc=모니터링 주기, 단위 ms, default value[5000], min[1000], max[2147483647], mainproject.client.monitor.time_interval.value=5000, mainproject.client.connection.count.value=1, mainproject.common.charset.desc=문자셋, default value[UTF-8], mainproject.server.pool.output_message_writer.size.value=1, mainproject.client.connection.max_count.value=5, mainproject.client.asyn.input_message_queue_size.desc=클라이언트 비동기 입출력 지원용 입력 메시지 큐 크기, default value[10], min[1], max[2147483647], mainproject.common.host.desc=클라이언트에서 접속할 서버 주소, default value[localhost], mainproject.client.asyn.read_selector_wakeup_interval.desc=클라이언트 비동기 입출력 지원용 출력 메시지 소켓 읽기 담당 쓰레드에서 블락된 읽기 이벤트 전용 selector 를 깨우는 주기. 단위 ms, default value[10], min[1], max[2147483647], mainproject.server.pool.executor_processor.max_size.value=1, common.updownfile.local_source_file_resource_cnt.value=10, mainproject.client.asyn.output_message_reader.pool_size.desc=클라이언트 비동기 입출력 지원용 입력 메시지 소켓 읽기 담당 쓰레드 갯수, default value[4], min[1], max[2147483647], mainproject.client.socket.timeout.value=5000, mainproject.client.asyn.input_message_writer.pool_size.value=2, sessionkey.symmetric_key.algorithm.value=AES, common.cached_object.max_size.value=100, mainproject.server.pool.executor_processor.max_size.desc=서버 비지니스 로직 수행 담당 쓰레드 최대 갯수, default value[1], min[1], max[2147483647], sessionkey.rsa.keysize.value=1024, mainproject.common.data_packet_buffer_pool_size.desc=데이터 패킷 버퍼 큐 크기, default value[1000], min[1], max[2147483647], mainproject.common.data_packet_buffer_size.desc=데이터 패킷 버퍼 크기, 단위 byte, default value[4096], min[1024], max[2147483647], common.updownfile.local_target_file_resource_cnt.desc=로컬 목적지 파일 자원 갯수, default value[10], min[1], max[2147483647], sessionkey.symmetric_key.algorithm.desc=세션키에 사용되는 대칭키 알고리즘, default value[AES], the string set[DES, DESede, AES], mainproject.server.pool.output_message_writer.max_size.desc=출력 메시지 소켓 쓰기 담당 쓰레드 최대 갯수, default value[1], min[1], max[2147483647], mainproject.client.connection.type.value=ASYN_PRIVATE, mainproject.common.byteorder.value=LITTLE_ENDIAN, common.updownfile.local_target_file_resource_cnt.value=10, mainproject.server.pool.read_selector_wakeup_interval.desc=입력 메시지 소켓 읽기 담당 쓰레드에서 블락된 읽기 이벤트 전용 selector 를 깨우는 주기. 단위 ms, default value[10], min[10], max[2147483647], mainproject.common.first_prefix_dynamic_class_full_name.value=kr.pe.sinnori.impl., mainproject.common.data_packet_buffer_max_cnt_per_message.desc=1개 메시지당 할당 받을 수 있는 데이터 패킷 버퍼 최대수, default value[1000], min[1], max[2147483647], mainproject.client.asyn.executor.pool_size.desc=비동기 출력 메시지 처리자 쓰레드 갯수, default value[1], min[1], max[2147483647], mainproject.server.pool.executor_processor.size.desc=서버 비지니스 로직 수행 담당 쓰레드 갯수, default value[1], min[1], max[2147483647], sessionkey.rsa.publickey.file.desc=세션키에 사용되는 RSA 공개키 파일, default value[<sinnnori installed path>/project/<main project name>/resouces/rsa_keypair/sinnori.publickey], dbcp.name_list.value=, mainproject.client.asyn.input_message_queue_size.value=10, mainproject.server.pool.output_message_writer.max_size.value=1, mainproject.server.pool.executor_processor.size.value=1, mainproject.common.data_packet_buffer_max_cnt_per_message.value=1000, mainproject.server.max_clients.value=5, mainproject.client.connection.count.desc=연결 갯수, default value[1], min[1], max[2147483647], mainproject.client.connection.type.desc=소캣 랩퍼 클래스인 연결 종류, ASYN_PRIVATE:비공유+비동기, ASYN_SHARE:공유+비동기, SYNC_PRIVATE:비공유+동기, default value[ASYN_PRIVATE], the connection type set[ASYN_SHARE, ASYN_PRIVATE, SYNC_PRIVATE], common.cached_object.max_size.desc=싱글턴 객체 캐쉬 관리자에서 캐쉬로 관리할 객체의 최대 갯수. 주로 캐쉬되는 대상 객체는 xxxServerCodec, xxxClientCodec 이다, default value[100], min[1], max[2147483647], mainproject.server.monitor.time_interval.desc=모니터링 주기, 단위 ms, default value[5000], min[1000], max[2147483647], mainproject.server.mybatis.config_file_relative_path.value=, mainproject.server.pool.accept_queue_size.value=10, common.updownfile.file_block_max_size.desc=파일 송수신 파일 블락 최대 크기, 1024 배수, 단위 byte, default value[1048576], mainproject.server.pool.input_message_reader.size.value=1, mainproject.client.connection.max_count.desc=연결 최대 갯수, default value[5], min[1], max[2147483647], mainproject.common.port.value=9090, mainproject.server.max_clients.desc=서버로 접속할 수 있는 최대 클라이언트 수, default value[5], min[1], max[2147483647], sessionkey.rsa.privatekey.file.desc=세션키에 사용되는 RSA 개인키 파일, default value[<sinnnori installed path>/project/<main project name>/resouces/rsa_keypair/sinnori.privatekey], servlet_jsp.jdf_error_message_page.value=/errorMessagePage.jsp, common.updownfile.local_source_file_resource_cnt.desc=로컬 원본 파일 자원 갯수, default value[10], min[1], max[2147483647], mainproject.server.pool.input_message_reader.max_size.desc=입력 메시지 소켓 읽기 담당 쓰레드 최대 갯수, default value[1], min[1], max[2147483647], servlet_jsp.web_layout_control_page.desc=신놀이 웹 사이트의 레이아웃 컨트롤러 jsp, default value[/PageJump.jsp], mainproject.common.charset.value=UTF-8, mainproject.common.message_protocol_type.value=DHB, mainproject.server.pool.accept_processor.max_size.desc=접속 요청이 승락된 클라이언트의 등록을 담당하는 쓰레드 최대 갯수, default value[1], min[1], max[2147483647], servlet_jsp.jdf_error_message_page.desc=JDF framework 에서 에러 발생시 에러 내용을 보여주는 사용자 친화적인 화면을 전담할 jsp, default value[/errorMessagePage.jsp], mainproject.common.byteorder.desc=바이트 오더, LITTLE_ENDIAN:리틀 엔디안, BIG_ENDIAN:빅 엔디안, default value[LITTLE_ENDIAN], the byteorder set[BIG_ENDIAN, LITTLE_ENDIAN], mainproject.server.pool.input_message_queue_size.value=10, mainproject.client.asyn.read_selector_wakeup_interval.value=10, mainproject.client.socket.timeout.desc=소켓 타임아웃, 단위 ms, default value[5000], min[1000], max[2147483647], mainproject.server.pool.input_message_queue_size.desc=입력 메시지 큐 크기, default value[10], min[10], max[2147483647], sessionkey.rsa.keysize.desc=세션키에 사용하는 공개키 크기, 단위 byte, default value[1024], the integer set[2048, 512, 1024], mainproject.server.monitor.time_interval.value=5000, mainproject.server.pool.input_message_reader.max_size.value=1, mainproject.server.pool.accept_processor.max_size.value=1, mainproject.common.host.value=localhost, mainproject.common.message_protocol_type.desc=메시지 프로토콜, DHB:교차 md5 헤더+바디, DJSON:길이+존슨문자열, THB:길이+바디, default value[DHB], the message protocol set[DJSON, DHB, THB], sessionkey.iv_size.value=16, mainproject.client.asyn.public.private_mailbox_cnt_per_connection.value=2, mainproject.client.asyn.output_message_queue_size.desc=비동기 메시지에 대한 1:1 비지니스 로직 처리기(ClientExecutor) 가  갖는 출력 메시지 큐 크기, default value[10], min[1], max[2147483647], mainproject.client.asyn.output_message_queue_size.value=10, mainproject.client.asyn.input_message_writer.pool_size.desc=클라이언트 비동기 입출력 지원용 입력 메시지 소켓 쓰기 담당 쓰레드 갯수, default value[2], min[1], max[2147483647], sessionkey.symmetric_key.size.value=16, mainproject.common.data_packet_buffer_pool_size.value=1000, sessionkey.symmetric_key.size.desc=세션키에 사용되는 대칭키 크기, default value[16], the integer set[24, 16, 8], subproject.name_list.value=, mainproject.server.pool.input_message_reader.size.desc=입력 메시지 소켓 읽기 담당 쓰레드 갯수, default value[1], min[1], max[2147483647], sessionkey.rsa.keypair_source.value=SERVER, mainproject.common.message_id_fixed_size.desc=데이터 송수신시 메시지 식별자 크기, default value[50], min[7], max[2147483647], mainproject.server.pool.output_message_queue_size.value=10, sessionkey.rsa.privatekey.file.value=D:\gitsinnori\sinnori2\project\sample_test\resources\rsa_keypair\sinnori.privatekey, mainproject.client.asyn.public.private_mailbox_cnt_per_connection.desc=비동기+공유 연결 클래스(ShareAsynConnection)의 메일함 갯수, default value[2], min[1], max[2147483647], servlet_jsp.jdf_servlet_trace.desc=JDF framework에서 서블릿 경과시간 추적 여부, default value[true], the boolean set[false, true], sessionkey.rsa.publickey.file.value=D:\gitsinnori\sinnori2\project\sample_test\resources\rsa_keypair\sinnori.publickey, servlet_jsp.web_layout_control_page.value=/PageJump.jsp, servlet_jsp.jdf_login_page.desc=로그인 처리 jsp, default value[/menu/member/login.jsp], mainproject.common.data_packet_buffer_size.value=4096, servlet_jsp.jdf_servlet_trace.value=true, mainproject.server.pool.read_selector_wakeup_interval.value=10, mainproject.server.pool.accept_processor.size.desc=접속 요청이 승락된 클라이언트의 등록을 담당하는 쓰레드 갯수, default value[1], min[1], max[2147483647], mainproject.server.mybatis.config_file_relative_path.desc=mybatis 설정 파일의 상대 경로, [프로젝트 경로]/resources 경로 기준으로 읽어오며 구별자가 '/' 문자로된 상대 경로로 기술되어야 한다. ex) kr/pe/sinnori/mybatis/mybatisConfig.xml, default value[], mainproject.common.message_id_fixed_size.value=50, common.updownfile.file_block_max_size.value=1048576, mainproject.server.pool.accept_processor.size.value=1, sessionkey.iv_size.desc=세션키에 사용되는 대칭키와 같이 사용되는 IV 크기, default value[16], the integer set[24, 16, 8], servlet_jsp.jdf_login_page.value=/menu/member/login.jsp, mainproject.common.first_prefix_dynamic_class_full_name.desc=동적 클래스 패키지명 접두어, 동적 클래스 여부를 판단하는 기준, default value[kr.pe.sinnori.impl.], mainproject.server.pool.output_message_writer.size.desc=출력 메시지 소켓 쓰기 담당 쓰레드 갯수, default value[1], min[1], max[2147483647]}
09:45:49.212 [main] INFO  k.p.s.c.buildsystem.ProjectBuilder - main project[sample_test]'s child direcotry creation task start
09:45:49.212 [main] INFO  k.p.s.c.buildsystem.ProjectBuilder - main project[sample_test]'s common child direcotry creation task start
09:45:49.213 [main] INFO  k.p.s.common.util.CommonStaticUtil - the new child relative direcotry[D:\gitsinnori\sinnori\project\sample_test][config] was created successfully
09:45:49.213 [main] INFO  k.p.s.common.util.CommonStaticUtil - the new child relative direcotry[D:\gitsinnori\sinnori\project\sample_test][resources/dbcp] was created successfully
09:45:49.214 [main] INFO  k.p.s.common.util.CommonStaticUtil - the new child relative direcotry[D:\gitsinnori\sinnori\project\sample_test][resources/message_info] was created successfully
09:45:49.214 [main] INFO  k.p.s.common.util.CommonStaticUtil - the new child relative direcotry[D:\gitsinnori\sinnori\project\sample_test][resources/rsa_keypair] was created successfully
09:45:49.214 [main] INFO  k.p.s.common.util.CommonStaticUtil - the new child relative direcotry[D:\gitsinnori\sinnori\project\sample_test][log/apache] was created successfully
09:45:49.215 [main] INFO  k.p.s.common.util.CommonStaticUtil - the new child relative direcotry[D:\gitsinnori\sinnori\project\sample_test][log/client] was created successfully
09:45:49.215 [main] INFO  k.p.s.common.util.CommonStaticUtil - the new child relative direcotry[D:\gitsinnori\sinnori\project\sample_test][log/server] was created successfully
09:45:49.215 [main] INFO  k.p.s.common.util.CommonStaticUtil - the new child relative direcotry[D:\gitsinnori\sinnori\project\sample_test][log/servlet] was created successfully
09:45:49.215 [main] INFO  k.p.s.c.buildsystem.ProjectBuilder - main project[sample_test]'s common child direcotry creation task end
09:45:49.215 [main] INFO  k.p.s.c.buildsystem.ProjectBuilder - main project[sample_test]'s server child direcotry creation task start
09:45:49.216 [main] INFO  k.p.s.common.util.CommonStaticUtil - the new child relative direcotry[D:\gitsinnori\sinnori\project\sample_test][server_build/APP-INF/classes] was created successfully
09:45:49.217 [main] INFO  k.p.s.common.util.CommonStaticUtil - the new child relative direcotry[D:\gitsinnori\sinnori\project\sample_test][server_build/corelib/ex] was created successfully
09:45:49.217 [main] INFO  k.p.s.common.util.CommonStaticUtil - the new child relative direcotry[D:\gitsinnori\sinnori\project\sample_test][server_build/corelib/in] was created successfully
09:45:49.218 [main] INFO  k.p.s.common.util.CommonStaticUtil - the new child relative direcotry[D:\gitsinnori\sinnori\project\sample_test][server_build/lib/main/ex] was created successfully
09:45:49.219 [main] INFO  k.p.s.common.util.CommonStaticUtil - the new child relative direcotry[D:\gitsinnori\sinnori\project\sample_test][server_build/lib/main/in] was created successfully
09:45:49.219 [main] INFO  k.p.s.common.util.CommonStaticUtil - the new child relative direcotry[D:\gitsinnori\sinnori\project\sample_test][server_build/lib/test] was created successfully
09:45:49.222 [main] INFO  k.p.s.common.util.CommonStaticUtil - the new child relative direcotry[D:\gitsinnori\sinnori\project\sample_test][server_build/src/main/java/kr/pe/sinnori/impl/servertask] was created successfully
09:45:49.222 [main] INFO  k.p.s.common.util.CommonStaticUtil - the new child relative direcotry[D:\gitsinnori\sinnori\project\sample_test][server_build/src/main/java/kr/pe/sinnori/impl/message] was created successfully
09:45:49.222 [main] INFO  k.p.s.common.util.CommonStaticUtil - the new child relative direcotry[D:\gitsinnori\sinnori\project\sample_test][server_build/src/main/java/main] was created successfully
09:45:49.223 [main] INFO  k.p.s.common.util.CommonStaticUtil - the new child relative direcotry[D:\gitsinnori\sinnori\project\sample_test][server_build/src/test/java] was created successfully
09:45:49.223 [main] INFO  k.p.s.common.util.CommonStaticUtil - the new child relative direcotry[D:\gitsinnori\sinnori\project\sample_test][server_build/build] was created successfully
09:45:49.304 [main] INFO  k.p.s.common.util.CommonStaticUtil - the new child relative direcotry[D:\gitsinnori\sinnori\project\sample_test][server_build/dist] was created successfully
09:45:49.304 [main] INFO  k.p.s.c.buildsystem.ProjectBuilder - main project[sample_test]'s server child direcotry creation task end
09:45:49.304 [main] INFO  k.p.s.c.buildsystem.ProjectBuilder - main project[sample_test]'s child direcotry creation task end
09:45:49.304 [main] INFO  k.p.s.c.buildsystem.ProjectBuilder - main project[sample_test]'s file creation task start
09:45:49.304 [main] INFO  k.p.s.c.buildsystem.ProjectBuilder - main project[sample_test]'s config file creation task start
09:45:49.305 [main] INFO  k.p.s.c.util.SequencedPropertiesUtil - the sequenced properties file[D:\gitsinnori\sinnori\project\sample_test\config\sinnori.properties] was created
09:45:49.312 [main] INFO  k.p.s.c.buildsystem.ProjectBuilder - main project[sample_test]'s config file creation task end
09:45:49.312 [main] INFO  k.p.s.c.buildsystem.ProjectBuilder - the mainproject[sample_test]'s resources directory copy task start
09:45:49.328 [main] INFO  k.p.s.c.buildsystem.ProjectBuilder - the mainproject[sample_test]'s resources directory copy task end
09:45:49.328 [main] INFO  k.p.s.c.buildsystem.ProjectBuilder - server build system files creation task start
09:45:49.328 [main] INFO  k.p.s.c.buildsystem.ProjectBuilder - main project[sample_test]'s server ant build.xml file creation task start
09:45:49.329 [main] INFO  k.p.s.c.buildsystem.ProjectBuilder - main project[sample_test]'s server ant build.xml file creation task end
09:45:49.329 [main] INFO  k.p.s.c.buildsystem.ProjectBuilder - main project[sample_test]'s server dos shell file creation task start
09:45:49.330 [main] INFO  k.p.s.c.buildsystem.ProjectBuilder - main project[sample_test]'s server dos shell file creation task end
09:45:49.330 [main] INFO  k.p.s.c.buildsystem.ProjectBuilder - main project[sample_test]'s server unix shell file creation task start
09:45:49.331 [main] INFO  k.p.s.c.buildsystem.ProjectBuilder - main project[sample_test]'s server unix shell file creation task end
09:45:49.331 [main] INFO  k.p.s.c.buildsystem.ProjectBuilder - server sample source files copy task start
09:45:49.339 [main] INFO  k.p.s.c.buildsystem.ProjectBuilder - server sample source files copy task end
09:45:49.339 [main] INFO  k.p.s.c.buildsystem.ProjectBuilder - main project[sample_test]'s server message io file set creation task start
09:45:49.339 [main] INFO  k.p.s.common.util.CommonStaticUtil - the new child relative direcotry[D:\gitsinnori\sinnori\project\sample_test\server_build\src\main\java\kr\pe\sinnori\impl\message][Echo] was created successfully
09:45:49.339 [main] INFO  k.p.s.c.buildsystem.ProjectBuilder - main project[sample_test]'s message file[Echo][D:\gitsinnori\sinnori\project\sample_test\server_build\src\main\java\kr\pe\sinnori\impl\message] creation task start
09:45:49.342 [main] INFO  k.p.s.c.buildsystem.ProjectBuilder - main project[sample_test]'s message file[Echo][D:\gitsinnori\sinnori\project\sample_test\server_build\src\main\java\kr\pe\sinnori\impl\message] creation task end
09:45:49.342 [main] INFO  k.p.s.c.buildsystem.ProjectBuilder - main project[sample_test]'s message decoder file[Echo][D:\gitsinnori\sinnori\project\sample_test\server_build\src\main\java\kr\pe\sinnori\impl\message] creation task start
09:45:49.345 [main] INFO  k.p.s.c.buildsystem.ProjectBuilder - main project[sample_test]'s message decoder file[Echo][D:\gitsinnori\sinnori\project\sample_test\server_build\src\main\java\kr\pe\sinnori\impl\message] creation task end
09:45:49.345 [main] INFO  k.p.s.c.buildsystem.ProjectBuilder - main project[sample_test]'s message encoder file[Echo][D:\gitsinnori\sinnori\project\sample_test\server_build\src\main\java\kr\pe\sinnori\impl\message] creation task start
09:45:49.347 [main] INFO  k.p.s.c.buildsystem.ProjectBuilder - main project[sample_test]'s message encoder file[Echo][D:\gitsinnori\sinnori\project\sample_test\server_build\src\main\java\kr\pe\sinnori\impl\message] creation task end
09:45:49.347 [main] INFO  k.p.s.c.buildsystem.ProjectBuilder - main project[sample_test]'s message server codec file[Echo][D:\gitsinnori\sinnori\project\sample_test\server_build\src\main\java\kr\pe\sinnori\impl\message] creation task start
09:45:49.349 [main] INFO  k.p.s.c.buildsystem.ProjectBuilder - main project[sample_test]'s message server codec file[Echo][D:\gitsinnori\sinnori\project\sample_test\server_build\src\main\java\kr\pe\sinnori\impl\message] creation task end
09:45:49.349 [main] INFO  k.p.s.c.buildsystem.ProjectBuilder - main project[sample_test]'s message client codec file[Echo][D:\gitsinnori\sinnori\project\sample_test\server_build\src\main\java\kr\pe\sinnori\impl\message] creation task start
09:45:49.350 [main] INFO  k.p.s.c.buildsystem.ProjectBuilder - main project[sample_test]'s message client codec file[Echo][D:\gitsinnori\sinnori\project\sample_test\server_build\src\main\java\kr\pe\sinnori\impl\message] creation task end
09:45:49.350 [main] INFO  k.p.s.common.util.CommonStaticUtil - the new child relative direcotry[D:\gitsinnori\sinnori\project\sample_test\server_build\src\main\java\kr\pe\sinnori\impl\message][PublicKeyReq] was created successfully
09:45:49.417 [main] INFO  k.p.s.c.buildsystem.ProjectBuilder - main project[sample_test]'s message file[PublicKeyReq][D:\gitsinnori\sinnori\project\sample_test\server_build\src\main\java\kr\pe\sinnori\impl\message] creation task start
09:45:49.422 [main] INFO  k.p.s.c.buildsystem.ProjectBuilder - main project[sample_test]'s message file[PublicKeyReq][D:\gitsinnori\sinnori\project\sample_test\server_build\src\main\java\kr\pe\sinnori\impl\message] creation task end
09:45:49.422 [main] INFO  k.p.s.c.buildsystem.ProjectBuilder - main project[sample_test]'s message decoder file[PublicKeyReq][D:\gitsinnori\sinnori\project\sample_test\server_build\src\main\java\kr\pe\sinnori\impl\message] creation task start
09:45:49.425 [main] INFO  k.p.s.c.buildsystem.ProjectBuilder - main project[sample_test]'s message decoder file[PublicKeyReq][D:\gitsinnori\sinnori\project\sample_test\server_build\src\main\java\kr\pe\sinnori\impl\message] creation task end
09:45:49.425 [main] INFO  k.p.s.c.buildsystem.ProjectBuilder - main project[sample_test]'s message encoder file[PublicKeyReq][D:\gitsinnori\sinnori\project\sample_test\server_build\src\main\java\kr\pe\sinnori\impl\message] creation task start
09:45:49.428 [main] INFO  k.p.s.c.buildsystem.ProjectBuilder - main project[sample_test]'s message encoder file[PublicKeyReq][D:\gitsinnori\sinnori\project\sample_test\server_build\src\main\java\kr\pe\sinnori\impl\message] creation task end
09:45:49.428 [main] INFO  k.p.s.c.buildsystem.ProjectBuilder - main project[sample_test]'s message server codec file[PublicKeyReq][D:\gitsinnori\sinnori\project\sample_test\server_build\src\main\java\kr\pe\sinnori\impl\message] creation task start
09:45:49.430 [main] INFO  k.p.s.c.buildsystem.ProjectBuilder - main project[sample_test]'s message server codec file[PublicKeyReq][D:\gitsinnori\sinnori\project\sample_test\server_build\src\main\java\kr\pe\sinnori\impl\message] creation task end
09:45:49.430 [main] INFO  k.p.s.c.buildsystem.ProjectBuilder - main project[sample_test]'s message client codec file[PublicKeyReq][D:\gitsinnori\sinnori\project\sample_test\server_build\src\main\java\kr\pe\sinnori\impl\message] creation task start
09:45:49.431 [main] INFO  k.p.s.c.buildsystem.ProjectBuilder - main project[sample_test]'s message client codec file[PublicKeyReq][D:\gitsinnori\sinnori\project\sample_test\server_build\src\main\java\kr\pe\sinnori\impl\message] creation task end
09:45:49.431 [main] INFO  k.p.s.common.util.CommonStaticUtil - the new child relative direcotry[D:\gitsinnori\sinnori\project\sample_test\server_build\src\main\java\kr\pe\sinnori\impl\message][PublicKeyRes] was created successfully
09:45:49.431 [main] INFO  k.p.s.c.buildsystem.ProjectBuilder - main project[sample_test]'s message file[PublicKeyRes][D:\gitsinnori\sinnori\project\sample_test\server_build\src\main\java\kr\pe\sinnori\impl\message] creation task start
09:45:49.434 [main] INFO  k.p.s.c.buildsystem.ProjectBuilder - main project[sample_test]'s message file[PublicKeyRes][D:\gitsinnori\sinnori\project\sample_test\server_build\src\main\java\kr\pe\sinnori\impl\message] creation task end
09:45:49.434 [main] INFO  k.p.s.c.buildsystem.ProjectBuilder - main project[sample_test]'s message decoder file[PublicKeyRes][D:\gitsinnori\sinnori\project\sample_test\server_build\src\main\java\kr\pe\sinnori\impl\message] creation task start
09:45:49.437 [main] INFO  k.p.s.c.buildsystem.ProjectBuilder - main project[sample_test]'s message decoder file[PublicKeyRes][D:\gitsinnori\sinnori\project\sample_test\server_build\src\main\java\kr\pe\sinnori\impl\message] creation task end
09:45:49.437 [main] INFO  k.p.s.c.buildsystem.ProjectBuilder - main project[sample_test]'s message encoder file[PublicKeyRes][D:\gitsinnori\sinnori\project\sample_test\server_build\src\main\java\kr\pe\sinnori\impl\message] creation task start
09:45:49.440 [main] INFO  k.p.s.c.buildsystem.ProjectBuilder - main project[sample_test]'s message encoder file[PublicKeyRes][D:\gitsinnori\sinnori\project\sample_test\server_build\src\main\java\kr\pe\sinnori\impl\message] creation task end
09:45:49.440 [main] INFO  k.p.s.c.buildsystem.ProjectBuilder - main project[sample_test]'s message server codec file[PublicKeyRes][D:\gitsinnori\sinnori\project\sample_test\server_build\src\main\java\kr\pe\sinnori\impl\message] creation task start
09:45:49.441 [main] INFO  k.p.s.c.buildsystem.ProjectBuilder - main project[sample_test]'s message server codec file[PublicKeyRes][D:\gitsinnori\sinnori\project\sample_test\server_build\src\main\java\kr\pe\sinnori\impl\message] creation task end
09:45:49.441 [main] INFO  k.p.s.c.buildsystem.ProjectBuilder - main project[sample_test]'s message client codec file[PublicKeyRes][D:\gitsinnori\sinnori\project\sample_test\server_build\src\main\java\kr\pe\sinnori\impl\message] creation task start
09:45:49.443 [main] INFO  k.p.s.c.buildsystem.ProjectBuilder - main project[sample_test]'s message client codec file[PublicKeyRes][D:\gitsinnori\sinnori\project\sample_test\server_build\src\main\java\kr\pe\sinnori\impl\message] creation task end
09:45:49.443 [main] INFO  k.p.s.c.buildsystem.ProjectBuilder - main project[sample_test]'s server message io file set creation task end
09:45:49.443 [main] INFO  k.p.s.c.buildsystem.ProjectBuilder - server build system files creation task end
09:45:49.528 [main] INFO  k.p.s.c.buildsystem.ProjectBuilder - main project[sample_test]'s file creation task end
09:45:49.568 [main] INFO  k.p.s.c.buildsystem.ProjectBuilder - main project[sample_test]'s child direcotry creation task start
09:45:49.568 [main] INFO  k.p.s.c.buildsystem.ProjectBuilder - main project[sample_test]'s common child direcotry creation task start
09:45:49.569 [main] INFO  k.p.s.common.util.CommonStaticUtil - the new child relative direcotry[D:\gitsinnori\sinnori\project\sample_test][config] was created successfully
09:45:49.570 [main] INFO  k.p.s.common.util.CommonStaticUtil - the new child relative direcotry[D:\gitsinnori\sinnori\project\sample_test][resources/dbcp] was created successfully
09:45:49.570 [main] INFO  k.p.s.common.util.CommonStaticUtil - the new child relative direcotry[D:\gitsinnori\sinnori\project\sample_test][resources/message_info] was created successfully
09:45:49.570 [main] INFO  k.p.s.common.util.CommonStaticUtil - the new child relative direcotry[D:\gitsinnori\sinnori\project\sample_test][resources/rsa_keypair] was created successfully
09:45:49.570 [main] INFO  k.p.s.common.util.CommonStaticUtil - the new child relative direcotry[D:\gitsinnori\sinnori\project\sample_test][log/apache] was created successfully
09:45:49.571 [main] INFO  k.p.s.common.util.CommonStaticUtil - the new child relative direcotry[D:\gitsinnori\sinnori\project\sample_test][log/client] was created successfully
09:45:49.571 [main] INFO  k.p.s.common.util.CommonStaticUtil - the new child relative direcotry[D:\gitsinnori\sinnori\project\sample_test][log/server] was created successfully
09:45:49.571 [main] INFO  k.p.s.common.util.CommonStaticUtil - the new child relative direcotry[D:\gitsinnori\sinnori\project\sample_test][log/servlet] was created successfully
09:45:49.571 [main] INFO  k.p.s.c.buildsystem.ProjectBuilder - main project[sample_test]'s common child direcotry creation task end
09:45:49.571 [main] INFO  k.p.s.c.buildsystem.ProjectBuilder - main project[sample_test]'s server child direcotry creation task start
09:45:49.572 [main] INFO  k.p.s.common.util.CommonStaticUtil - the new child relative direcotry[D:\gitsinnori\sinnori\project\sample_test][server_build/APP-INF/classes] was created successfully
09:45:49.573 [main] INFO  k.p.s.common.util.CommonStaticUtil - the new child relative direcotry[D:\gitsinnori\sinnori\project\sample_test][server_build/corelib/ex] was created successfully
09:45:49.573 [main] INFO  k.p.s.common.util.CommonStaticUtil - the new child relative direcotry[D:\gitsinnori\sinnori\project\sample_test][server_build/corelib/in] was created successfully
09:45:49.574 [main] INFO  k.p.s.common.util.CommonStaticUtil - the new child relative direcotry[D:\gitsinnori\sinnori\project\sample_test][server_build/lib/main/ex] was created successfully
09:45:49.574 [main] INFO  k.p.s.common.util.CommonStaticUtil - the new child relative direcotry[D:\gitsinnori\sinnori\project\sample_test][server_build/lib/main/in] was created successfully
09:45:49.574 [main] INFO  k.p.s.common.util.CommonStaticUtil - the new child relative direcotry[D:\gitsinnori\sinnori\project\sample_test][server_build/lib/test] was created successfully
09:45:49.577 [main] INFO  k.p.s.common.util.CommonStaticUtil - the new child relative direcotry[D:\gitsinnori\sinnori\project\sample_test][server_build/src/main/java/kr/pe/sinnori/impl/servertask] was created successfully
09:45:49.577 [main] INFO  k.p.s.common.util.CommonStaticUtil - the new child relative direcotry[D:\gitsinnori\sinnori\project\sample_test][server_build/src/main/java/kr/pe/sinnori/impl/message] was created successfully
09:45:49.577 [main] INFO  k.p.s.common.util.CommonStaticUtil - the new child relative direcotry[D:\gitsinnori\sinnori\project\sample_test][server_build/src/main/java/main] was created successfully
09:45:49.578 [main] INFO  k.p.s.common.util.CommonStaticUtil - the new child relative direcotry[D:\gitsinnori\sinnori\project\sample_test][server_build/src/test/java] was created successfully
09:45:49.578 [main] INFO  k.p.s.common.util.CommonStaticUtil - the new child relative direcotry[D:\gitsinnori\sinnori\project\sample_test][server_build/build] was created successfully
09:45:49.654 [main] INFO  k.p.s.common.util.CommonStaticUtil - the new child relative direcotry[D:\gitsinnori\sinnori\project\sample_test][server_build/dist] was created successfully
09:45:49.655 [main] INFO  k.p.s.c.buildsystem.ProjectBuilder - main project[sample_test]'s server child direcotry creation task end
09:45:49.655 [main] INFO  k.p.s.c.buildsystem.ProjectBuilder - main project[sample_test]'s application build child direcotry creation task start
09:45:49.658 [main] INFO  k.p.s.common.util.CommonStaticUtil - the new child relative direcotry[D:\gitsinnori\sinnori\project\sample_test][client_build/app_build/corelib/ex] was created successfully
09:45:49.658 [main] INFO  k.p.s.common.util.CommonStaticUtil - the new child relative direcotry[D:\gitsinnori\sinnori\project\sample_test][client_build/app_build/corelib/in] was created successfully
09:45:49.661 [main] INFO  k.p.s.common.util.CommonStaticUtil - the new child relative direcotry[D:\gitsinnori\sinnori\project\sample_test][client_build/app_build/lib/main/ex] was created successfully
09:45:49.662 [main] INFO  k.p.s.common.util.CommonStaticUtil - the new child relative direcotry[D:\gitsinnori\sinnori\project\sample_test][client_build/app_build/lib/main/in] was created successfully
09:45:49.662 [main] INFO  k.p.s.common.util.CommonStaticUtil - the new child relative direcotry[D:\gitsinnori\sinnori\project\sample_test][client_build/app_build/lib/test] was created successfully
09:45:49.671 [main] INFO  k.p.s.common.util.CommonStaticUtil - the new child relative direcotry[D:\gitsinnori\sinnori\project\sample_test][client_build/app_build/src/main/java/kr/pe/sinnori/impl/message] was created successfully
09:45:49.671 [main] INFO  k.p.s.common.util.CommonStaticUtil - the new child relative direcotry[D:\gitsinnori\sinnori\project\sample_test][client_build/app_build/src/main/java/main] was created successfully
09:45:49.673 [main] INFO  k.p.s.common.util.CommonStaticUtil - the new child relative direcotry[D:\gitsinnori\sinnori\project\sample_test][client_build/app_build/src/test/java] was created successfully
09:45:49.673 [main] INFO  k.p.s.common.util.CommonStaticUtil - the new child relative direcotry[D:\gitsinnori\sinnori\project\sample_test][client_build/app_build/build] was created successfully
09:45:49.674 [main] INFO  k.p.s.common.util.CommonStaticUtil - the new child relative direcotry[D:\gitsinnori\sinnori\project\sample_test][client_build/app_build/dist] was created successfully
09:45:49.674 [main] INFO  k.p.s.c.buildsystem.ProjectBuilder - main project[sample_test]'s application build child direcotry creation task end
09:45:49.674 [main] INFO  k.p.s.c.buildsystem.ProjectBuilder - main project[sample_test]'s web build child direcotry creation task start
09:45:49.676 [main] INFO  k.p.s.common.util.CommonStaticUtil - the new child relative direcotry[D:\gitsinnori\sinnori\project\sample_test][client_build/web_build/corelib/ex] was created successfully
09:45:49.677 [main] INFO  k.p.s.common.util.CommonStaticUtil - the new child relative direcotry[D:\gitsinnori\sinnori\project\sample_test][client_build/web_build/corelib/in] was created successfully
09:45:49.680 [main] INFO  k.p.s.common.util.CommonStaticUtil - the new child relative direcotry[D:\gitsinnori\sinnori\project\sample_test][client_build/web_build/lib/main/ex] was created successfully
09:45:49.680 [main] INFO  k.p.s.common.util.CommonStaticUtil - the new child relative direcotry[D:\gitsinnori\sinnori\project\sample_test][client_build/web_build/lib/main/in] was created successfully
09:45:49.680 [main] INFO  k.p.s.common.util.CommonStaticUtil - the new child relative direcotry[D:\gitsinnori\sinnori\project\sample_test][client_build/web_build/lib/test] was created successfully
09:45:49.684 [main] INFO  k.p.s.common.util.CommonStaticUtil - the new child relative direcotry[D:\gitsinnori\sinnori\project\sample_test][client_build/web_build/src/main/java/kr/pe/sinnori/impl/message] was created successfully
09:45:49.685 [main] INFO  k.p.s.common.util.CommonStaticUtil - the new child relative direcotry[D:\gitsinnori\sinnori\project\sample_test][client_build/web_build/src/main/java//kr/pe/sinnori/servlet] was created successfully
09:45:49.686 [main] INFO  k.p.s.common.util.CommonStaticUtil - the new child relative direcotry[D:\gitsinnori\sinnori\project\sample_test][client_build/web_build/src/main/java/kr/pe/sinnori/weblib/common] was created successfully
09:45:49.686 [main] INFO  k.p.s.common.util.CommonStaticUtil - the new child relative direcotry[D:\gitsinnori\sinnori\project\sample_test][client_build/web_build/src/main/java/kr/pe/sinnori/weblib/htmlstring] was created successfully
09:45:49.686 [main] INFO  k.p.s.common.util.CommonStaticUtil - the new child relative direcotry[D:\gitsinnori\sinnori\project\sample_test][client_build/web_build/src/main/java/kr/pe/sinnori/weblib/jdf] was created successfully
09:45:49.688 [main] INFO  k.p.s.common.util.CommonStaticUtil - the new child relative direcotry[D:\gitsinnori\sinnori\project\sample_test][client_build/web_build/src/test/java] was created successfully
09:45:49.688 [main] INFO  k.p.s.common.util.CommonStaticUtil - the new child relative direcotry[D:\gitsinnori\sinnori\project\sample_test][client_build/web_build/build] was created successfully
09:45:49.688 [main] INFO  k.p.s.common.util.CommonStaticUtil - the new child relative direcotry[D:\gitsinnori\sinnori\project\sample_test][client_build/web_build/dist] was created successfully
09:45:49.688 [main] INFO  k.p.s.c.buildsystem.ProjectBuilder - main project[sample_test]'s web build child direcotry creation task end
09:45:49.688 [main] INFO  k.p.s.c.buildsystem.ProjectBuilder - main project[sample_test]'s web root child direcotry creation task start
09:45:49.689 [main] INFO  k.p.s.common.util.CommonStaticUtil - the new child relative direcotry[D:\gitsinnori\sinnori\project\sample_test][web_app_base/upload] was created successfully
09:45:49.690 [main] INFO  k.p.s.common.util.CommonStaticUtil - the new child relative direcotry[D:\gitsinnori\sinnori\project\sample_test][web_app_base/ROOT/WEB-INF/classes] was created successfully
09:45:49.690 [main] INFO  k.p.s.common.util.CommonStaticUtil - the new child relative direcotry[D:\gitsinnori\sinnori\project\sample_test][web_app_base/ROOT/WEB-INF/lib] was created successfully
09:45:49.690 [main] INFO  k.p.s.c.buildsystem.ProjectBuilder - main project[sample_test]'s web root child direcotry creation task end
09:45:49.690 [main] INFO  k.p.s.c.buildsystem.ProjectBuilder - main project[sample_test]'s child direcotry creation task end
09:45:49.690 [main] INFO  k.p.s.c.buildsystem.ProjectBuilder - main project[sample_test]'s file creation task start
09:45:49.690 [main] INFO  k.p.s.c.buildsystem.ProjectBuilder - main project[sample_test]'s config file creation task start
09:45:49.691 [main] INFO  k.p.s.c.util.SequencedPropertiesUtil - the sequenced properties file[D:\gitsinnori\sinnori\project\sample_test\config\sinnori.properties] was created
09:45:49.697 [main] INFO  k.p.s.c.buildsystem.ProjectBuilder - main project[sample_test]'s config file creation task end
09:45:49.697 [main] INFO  k.p.s.c.buildsystem.ProjectBuilder - the mainproject[sample_test]'s resources directory copy task start
09:45:49.715 [main] INFO  k.p.s.c.buildsystem.ProjectBuilder - the mainproject[sample_test]'s resources directory copy task end
09:45:49.715 [main] INFO  k.p.s.c.buildsystem.ProjectBuilder - server build system files creation task start
09:45:49.715 [main] INFO  k.p.s.c.buildsystem.ProjectBuilder - main project[sample_test]'s server ant build.xml file creation task start
09:45:49.717 [main] INFO  k.p.s.c.buildsystem.ProjectBuilder - main project[sample_test]'s server ant build.xml file creation task end
09:45:49.717 [main] INFO  k.p.s.c.buildsystem.ProjectBuilder - main project[sample_test]'s server dos shell file creation task start
09:45:49.788 [main] INFO  k.p.s.c.buildsystem.ProjectBuilder - main project[sample_test]'s server dos shell file creation task end
09:45:49.788 [main] INFO  k.p.s.c.buildsystem.ProjectBuilder - main project[sample_test]'s server unix shell file creation task start
09:45:49.791 [main] INFO  k.p.s.c.buildsystem.ProjectBuilder - main project[sample_test]'s server unix shell file creation task end
09:45:49.791 [main] INFO  k.p.s.c.buildsystem.ProjectBuilder - server sample source files copy task start
09:45:49.813 [main] INFO  k.p.s.c.buildsystem.ProjectBuilder - server sample source files copy task end
09:45:49.813 [main] INFO  k.p.s.c.buildsystem.ProjectBuilder - main project[sample_test]'s server message io file set creation task start
09:45:49.814 [main] INFO  k.p.s.common.util.CommonStaticUtil - the new child relative direcotry[D:\gitsinnori\sinnori\project\sample_test\server_build\src\main\java\kr\pe\sinnori\impl\message][Echo] was created successfully
09:45:49.814 [main] INFO  k.p.s.c.buildsystem.ProjectBuilder - main project[sample_test]'s message file[Echo][D:\gitsinnori\sinnori\project\sample_test\server_build\src\main\java\kr\pe\sinnori\impl\message] creation task start
09:45:49.820 [main] INFO  k.p.s.c.buildsystem.ProjectBuilder - main project[sample_test]'s message file[Echo][D:\gitsinnori\sinnori\project\sample_test\server_build\src\main\java\kr\pe\sinnori\impl\message] creation task end
09:45:49.820 [main] INFO  k.p.s.c.buildsystem.ProjectBuilder - main project[sample_test]'s message decoder file[Echo][D:\gitsinnori\sinnori\project\sample_test\server_build\src\main\java\kr\pe\sinnori\impl\message] creation task start
09:45:49.826 [main] INFO  k.p.s.c.buildsystem.ProjectBuilder - main project[sample_test]'s message decoder file[Echo][D:\gitsinnori\sinnori\project\sample_test\server_build\src\main\java\kr\pe\sinnori\impl\message] creation task end
09:45:49.826 [main] INFO  k.p.s.c.buildsystem.ProjectBuilder - main project[sample_test]'s message encoder file[Echo][D:\gitsinnori\sinnori\project\sample_test\server_build\src\main\java\kr\pe\sinnori\impl\message] creation task start
09:45:49.831 [main] INFO  k.p.s.c.buildsystem.ProjectBuilder - main project[sample_test]'s message encoder file[Echo][D:\gitsinnori\sinnori\project\sample_test\server_build\src\main\java\kr\pe\sinnori\impl\message] creation task end
09:45:49.831 [main] INFO  k.p.s.c.buildsystem.ProjectBuilder - main project[sample_test]'s message server codec file[Echo][D:\gitsinnori\sinnori\project\sample_test\server_build\src\main\java\kr\pe\sinnori\impl\message] creation task start
09:45:49.833 [main] INFO  k.p.s.c.buildsystem.ProjectBuilder - main project[sample_test]'s message server codec file[Echo][D:\gitsinnori\sinnori\project\sample_test\server_build\src\main\java\kr\pe\sinnori\impl\message] creation task end
09:45:49.833 [main] INFO  k.p.s.c.buildsystem.ProjectBuilder - main project[sample_test]'s message client codec file[Echo][D:\gitsinnori\sinnori\project\sample_test\server_build\src\main\java\kr\pe\sinnori\impl\message] creation task start
09:45:49.835 [main] INFO  k.p.s.c.buildsystem.ProjectBuilder - main project[sample_test]'s message client codec file[Echo][D:\gitsinnori\sinnori\project\sample_test\server_build\src\main\java\kr\pe\sinnori\impl\message] creation task end
09:45:49.835 [main] INFO  k.p.s.common.util.CommonStaticUtil - the new child relative direcotry[D:\gitsinnori\sinnori\project\sample_test\server_build\src\main\java\kr\pe\sinnori\impl\message][PublicKeyReq] was created successfully
09:45:49.835 [main] INFO  k.p.s.c.buildsystem.ProjectBuilder - main project[sample_test]'s message file[PublicKeyReq][D:\gitsinnori\sinnori\project\sample_test\server_build\src\main\java\kr\pe\sinnori\impl\message] creation task start
09:45:49.839 [main] INFO  k.p.s.c.buildsystem.ProjectBuilder - main project[sample_test]'s message file[PublicKeyReq][D:\gitsinnori\sinnori\project\sample_test\server_build\src\main\java\kr\pe\sinnori\impl\message] creation task end
09:45:49.839 [main] INFO  k.p.s.c.buildsystem.ProjectBuilder - main project[sample_test]'s message decoder file[PublicKeyReq][D:\gitsinnori\sinnori\project\sample_test\server_build\src\main\java\kr\pe\sinnori\impl\message] creation task start
09:45:49.842 [main] INFO  k.p.s.c.buildsystem.ProjectBuilder - main project[sample_test]'s message decoder file[PublicKeyReq][D:\gitsinnori\sinnori\project\sample_test\server_build\src\main\java\kr\pe\sinnori\impl\message] creation task end
09:45:49.842 [main] INFO  k.p.s.c.buildsystem.ProjectBuilder - main project[sample_test]'s message encoder file[PublicKeyReq][D:\gitsinnori\sinnori\project\sample_test\server_build\src\main\java\kr\pe\sinnori\impl\message] creation task start
09:45:49.922 [main] INFO  k.p.s.c.buildsystem.ProjectBuilder - main project[sample_test]'s message encoder file[PublicKeyReq][D:\gitsinnori\sinnori\project\sample_test\server_build\src\main\java\kr\pe\sinnori\impl\message] creation task end
09:45:49.922 [main] INFO  k.p.s.c.buildsystem.ProjectBuilder - main project[sample_test]'s message server codec file[PublicKeyReq][D:\gitsinnori\sinnori\project\sample_test\server_build\src\main\java\kr\pe\sinnori\impl\message] creation task start
09:45:49.928 [main] INFO  k.p.s.c.buildsystem.ProjectBuilder - main project[sample_test]'s message server codec file[PublicKeyReq][D:\gitsinnori\sinnori\project\sample_test\server_build\src\main\java\kr\pe\sinnori\impl\message] creation task end
09:45:49.928 [main] INFO  k.p.s.c.buildsystem.ProjectBuilder - main project[sample_test]'s message client codec file[PublicKeyReq][D:\gitsinnori\sinnori\project\sample_test\server_build\src\main\java\kr\pe\sinnori\impl\message] creation task start
09:45:49.932 [main] INFO  k.p.s.c.buildsystem.ProjectBuilder - main project[sample_test]'s message client codec file[PublicKeyReq][D:\gitsinnori\sinnori\project\sample_test\server_build\src\main\java\kr\pe\sinnori\impl\message] creation task end
09:45:49.933 [main] INFO  k.p.s.common.util.CommonStaticUtil - the new child relative direcotry[D:\gitsinnori\sinnori\project\sample_test\server_build\src\main\java\kr\pe\sinnori\impl\message][PublicKeyRes] was created successfully
09:45:49.933 [main] INFO  k.p.s.c.buildsystem.ProjectBuilder - main project[sample_test]'s message file[PublicKeyRes][D:\gitsinnori\sinnori\project\sample_test\server_build\src\main\java\kr\pe\sinnori\impl\message] creation task start
09:45:49.940 [main] INFO  k.p.s.c.buildsystem.ProjectBuilder - main project[sample_test]'s message file[PublicKeyRes][D:\gitsinnori\sinnori\project\sample_test\server_build\src\main\java\kr\pe\sinnori\impl\message] creation task end
09:45:49.940 [main] INFO  k.p.s.c.buildsystem.ProjectBuilder - main project[sample_test]'s message decoder file[PublicKeyRes][D:\gitsinnori\sinnori\project\sample_test\server_build\src\main\java\kr\pe\sinnori\impl\message] creation task start
09:45:49.947 [main] INFO  k.p.s.c.buildsystem.ProjectBuilder - main project[sample_test]'s message decoder file[PublicKeyRes][D:\gitsinnori\sinnori\project\sample_test\server_build\src\main\java\kr\pe\sinnori\impl\message] creation task end
09:45:49.947 [main] INFO  k.p.s.c.buildsystem.ProjectBuilder - main project[sample_test]'s message encoder file[PublicKeyRes][D:\gitsinnori\sinnori\project\sample_test\server_build\src\main\java\kr\pe\sinnori\impl\message] creation task start
09:45:49.952 [main] INFO  k.p.s.c.buildsystem.ProjectBuilder - main project[sample_test]'s message encoder file[PublicKeyRes][D:\gitsinnori\sinnori\project\sample_test\server_build\src\main\java\kr\pe\sinnori\impl\message] creation task end
09:45:49.952 [main] INFO  k.p.s.c.buildsystem.ProjectBuilder - main project[sample_test]'s message server codec file[PublicKeyRes][D:\gitsinnori\sinnori\project\sample_test\server_build\src\main\java\kr\pe\sinnori\impl\message] creation task start
09:45:49.953 [main] INFO  k.p.s.c.buildsystem.ProjectBuilder - main project[sample_test]'s message server codec file[PublicKeyRes][D:\gitsinnori\sinnori\project\sample_test\server_build\src\main\java\kr\pe\sinnori\impl\message] creation task end
09:45:49.953 [main] INFO  k.p.s.c.buildsystem.ProjectBuilder - main project[sample_test]'s message client codec file[PublicKeyRes][D:\gitsinnori\sinnori\project\sample_test\server_build\src\main\java\kr\pe\sinnori\impl\message] creation task start
09:45:49.955 [main] INFO  k.p.s.c.buildsystem.ProjectBuilder - main project[sample_test]'s message client codec file[PublicKeyRes][D:\gitsinnori\sinnori\project\sample_test\server_build\src\main\java\kr\pe\sinnori\impl\message] creation task end
09:45:49.955 [main] INFO  k.p.s.c.buildsystem.ProjectBuilder - main project[sample_test]'s server message io file set creation task end
09:45:49.955 [main] INFO  k.p.s.c.buildsystem.ProjectBuilder - server build system files creation task end
09:45:49.955 [main] INFO  k.p.s.c.buildsystem.ProjectBuilder - mainproject[sample_test]'s application client build system files creation task start
09:45:49.955 [main] INFO  k.p.s.c.buildsystem.ProjectBuilder - main project[sample_test]'s application client ant build.xml file creation task start
09:45:49.957 [main] INFO  k.p.s.c.buildsystem.ProjectBuilder - main project[sample_test]'s application client ant build.xml file creation task end
09:45:49.957 [main] INFO  k.p.s.c.buildsystem.ProjectBuilder - main project[sample_test]'s application client dos shell file creation task start
09:45:49.963 [main] INFO  k.p.s.c.buildsystem.ProjectBuilder - main project[sample_test]'s application client dos shell file creation task end
09:45:49.963 [main] INFO  k.p.s.c.buildsystem.ProjectBuilder - main project[sample_test]'s application client unix shell file creation task start
09:45:49.966 [main] INFO  k.p.s.c.buildsystem.ProjectBuilder - main project[sample_test]'s application client unix shell file creation task end
09:45:49.966 [main] INFO  k.p.s.c.buildsystem.ProjectBuilder - application client sample source files copy task start
09:45:49.981 [main] INFO  k.p.s.c.buildsystem.ProjectBuilder - application client sample source files copy task end
09:45:49.981 [main] INFO  k.p.s.c.buildsystem.ProjectBuilder - main project[sample_test]'s application client message io file set creation task start
09:45:49.981 [main] INFO  k.p.s.common.util.CommonStaticUtil - the new child relative direcotry[D:\gitsinnori\sinnori\project\sample_test\client_build\app_build\src\main\java\kr\pe\sinnori\impl\message][Echo] was created successfully
09:45:49.981 [main] INFO  k.p.s.c.buildsystem.ProjectBuilder - main project[sample_test]'s message file[Echo][D:\gitsinnori\sinnori\project\sample_test\client_build\app_build\src\main\java\kr\pe\sinnori\impl\message] creation task start
09:45:49.984 [main] INFO  k.p.s.c.buildsystem.ProjectBuilder - main project[sample_test]'s message file[Echo][D:\gitsinnori\sinnori\project\sample_test\client_build\app_build\src\main\java\kr\pe\sinnori\impl\message] creation task end
09:45:49.984 [main] INFO  k.p.s.c.buildsystem.ProjectBuilder - main project[sample_test]'s message decoder file[Echo][D:\gitsinnori\sinnori\project\sample_test\client_build\app_build\src\main\java\kr\pe\sinnori\impl\message] creation task start
09:45:49.986 [main] INFO  k.p.s.c.buildsystem.ProjectBuilder - main project[sample_test]'s message decoder file[Echo][D:\gitsinnori\sinnori\project\sample_test\client_build\app_build\src\main\java\kr\pe\sinnori\impl\message] creation task end
09:45:49.987 [main] INFO  k.p.s.c.buildsystem.ProjectBuilder - main project[sample_test]'s message encoder file[Echo][D:\gitsinnori\sinnori\project\sample_test\client_build\app_build\src\main\java\kr\pe\sinnori\impl\message] creation task start
09:45:49.989 [main] INFO  k.p.s.c.buildsystem.ProjectBuilder - main project[sample_test]'s message encoder file[Echo][D:\gitsinnori\sinnori\project\sample_test\client_build\app_build\src\main\java\kr\pe\sinnori\impl\message] creation task end
09:45:49.989 [main] INFO  k.p.s.c.buildsystem.ProjectBuilder - main project[sample_test]'s message server codec file[Echo][D:\gitsinnori\sinnori\project\sample_test\client_build\app_build\src\main\java\kr\pe\sinnori\impl\message] creation task start
09:45:49.990 [main] INFO  k.p.s.c.buildsystem.ProjectBuilder - main project[sample_test]'s message server codec file[Echo][D:\gitsinnori\sinnori\project\sample_test\client_build\app_build\src\main\java\kr\pe\sinnori\impl\message] creation task end
09:45:49.991 [main] INFO  k.p.s.c.buildsystem.ProjectBuilder - main project[sample_test]'s message client codec file[Echo][D:\gitsinnori\sinnori\project\sample_test\client_build\app_build\src\main\java\kr\pe\sinnori\impl\message] creation task start
09:45:49.992 [main] INFO  k.p.s.c.buildsystem.ProjectBuilder - main project[sample_test]'s message client codec file[Echo][D:\gitsinnori\sinnori\project\sample_test\client_build\app_build\src\main\java\kr\pe\sinnori\impl\message] creation task end
09:45:49.992 [main] INFO  k.p.s.common.util.CommonStaticUtil - the new child relative direcotry[D:\gitsinnori\sinnori\project\sample_test\client_build\app_build\src\main\java\kr\pe\sinnori\impl\message][PublicKeyReq] was created successfully
09:45:49.992 [main] INFO  k.p.s.c.buildsystem.ProjectBuilder - main project[sample_test]'s message file[PublicKeyReq][D:\gitsinnori\sinnori\project\sample_test\client_build\app_build\src\main\java\kr\pe\sinnori\impl\message] creation task start
09:45:49.995 [main] INFO  k.p.s.c.buildsystem.ProjectBuilder - main project[sample_test]'s message file[PublicKeyReq][D:\gitsinnori\sinnori\project\sample_test\client_build\app_build\src\main\java\kr\pe\sinnori\impl\message] creation task end
09:45:49.995 [main] INFO  k.p.s.c.buildsystem.ProjectBuilder - main project[sample_test]'s message decoder file[PublicKeyReq][D:\gitsinnori\sinnori\project\sample_test\client_build\app_build\src\main\java\kr\pe\sinnori\impl\message] creation task start
09:45:49.997 [main] INFO  k.p.s.c.buildsystem.ProjectBuilder - main project[sample_test]'s message decoder file[PublicKeyReq][D:\gitsinnori\sinnori\project\sample_test\client_build\app_build\src\main\java\kr\pe\sinnori\impl\message] creation task end
09:45:50.073 [main] INFO  k.p.s.c.buildsystem.ProjectBuilder - main project[sample_test]'s message encoder file[PublicKeyReq][D:\gitsinnori\sinnori\project\sample_test\client_build\app_build\src\main\java\kr\pe\sinnori\impl\message] creation task start
09:45:50.077 [main] INFO  k.p.s.c.buildsystem.ProjectBuilder - main project[sample_test]'s message encoder file[PublicKeyReq][D:\gitsinnori\sinnori\project\sample_test\client_build\app_build\src\main\java\kr\pe\sinnori\impl\message] creation task end
09:45:50.077 [main] INFO  k.p.s.c.buildsystem.ProjectBuilder - main project[sample_test]'s message server codec file[PublicKeyReq][D:\gitsinnori\sinnori\project\sample_test\client_build\app_build\src\main\java\kr\pe\sinnori\impl\message] creation task start
09:45:50.078 [main] INFO  k.p.s.c.buildsystem.ProjectBuilder - main project[sample_test]'s message server codec file[PublicKeyReq][D:\gitsinnori\sinnori\project\sample_test\client_build\app_build\src\main\java\kr\pe\sinnori\impl\message] creation task end
09:45:50.078 [main] INFO  k.p.s.c.buildsystem.ProjectBuilder - main project[sample_test]'s message client codec file[PublicKeyReq][D:\gitsinnori\sinnori\project\sample_test\client_build\app_build\src\main\java\kr\pe\sinnori\impl\message] creation task start
09:45:50.081 [main] INFO  k.p.s.c.buildsystem.ProjectBuilder - main project[sample_test]'s message client codec file[PublicKeyReq][D:\gitsinnori\sinnori\project\sample_test\client_build\app_build\src\main\java\kr\pe\sinnori\impl\message] creation task end
09:45:50.081 [main] INFO  k.p.s.common.util.CommonStaticUtil - the new child relative direcotry[D:\gitsinnori\sinnori\project\sample_test\client_build\app_build\src\main\java\kr\pe\sinnori\impl\message][PublicKeyRes] was created successfully
09:45:50.081 [main] INFO  k.p.s.c.buildsystem.ProjectBuilder - main project[sample_test]'s message file[PublicKeyRes][D:\gitsinnori\sinnori\project\sample_test\client_build\app_build\src\main\java\kr\pe\sinnori\impl\message] creation task start
09:45:50.085 [main] INFO  k.p.s.c.buildsystem.ProjectBuilder - main project[sample_test]'s message file[PublicKeyRes][D:\gitsinnori\sinnori\project\sample_test\client_build\app_build\src\main\java\kr\pe\sinnori\impl\message] creation task end
09:45:50.085 [main] INFO  k.p.s.c.buildsystem.ProjectBuilder - main project[sample_test]'s message decoder file[PublicKeyRes][D:\gitsinnori\sinnori\project\sample_test\client_build\app_build\src\main\java\kr\pe\sinnori\impl\message] creation task start
09:45:50.088 [main] INFO  k.p.s.c.buildsystem.ProjectBuilder - main project[sample_test]'s message decoder file[PublicKeyRes][D:\gitsinnori\sinnori\project\sample_test\client_build\app_build\src\main\java\kr\pe\sinnori\impl\message] creation task end
09:45:50.088 [main] INFO  k.p.s.c.buildsystem.ProjectBuilder - main project[sample_test]'s message encoder file[PublicKeyRes][D:\gitsinnori\sinnori\project\sample_test\client_build\app_build\src\main\java\kr\pe\sinnori\impl\message] creation task start
09:45:50.090 [main] INFO  k.p.s.c.buildsystem.ProjectBuilder - main project[sample_test]'s message encoder file[PublicKeyRes][D:\gitsinnori\sinnori\project\sample_test\client_build\app_build\src\main\java\kr\pe\sinnori\impl\message] creation task end
09:45:50.090 [main] INFO  k.p.s.c.buildsystem.ProjectBuilder - main project[sample_test]'s message server codec file[PublicKeyRes][D:\gitsinnori\sinnori\project\sample_test\client_build\app_build\src\main\java\kr\pe\sinnori\impl\message] creation task start
09:45:50.091 [main] INFO  k.p.s.c.buildsystem.ProjectBuilder - main project[sample_test]'s message server codec file[PublicKeyRes][D:\gitsinnori\sinnori\project\sample_test\client_build\app_build\src\main\java\kr\pe\sinnori\impl\message] creation task end
09:45:50.091 [main] INFO  k.p.s.c.buildsystem.ProjectBuilder - main project[sample_test]'s message client codec file[PublicKeyRes][D:\gitsinnori\sinnori\project\sample_test\client_build\app_build\src\main\java\kr\pe\sinnori\impl\message] creation task start
09:45:50.093 [main] INFO  k.p.s.c.buildsystem.ProjectBuilder - main project[sample_test]'s message client codec file[PublicKeyRes][D:\gitsinnori\sinnori\project\sample_test\client_build\app_build\src\main\java\kr\pe\sinnori\impl\message] creation task end
09:45:50.093 [main] INFO  k.p.s.c.buildsystem.ProjectBuilder - main project[sample_test]'s application client message io file set creation task end
09:45:50.093 [main] INFO  k.p.s.c.buildsystem.ProjectBuilder - mainproject[sample_test]'s application client build system files creation task end
09:45:50.093 [main] INFO  k.p.s.c.buildsystem.ProjectBuilder - main project[sample_test]'s web client build system files creation task start
09:45:50.093 [main] INFO  k.p.s.c.buildsystem.ProjectBuilder - main project[sample_test]'s web client ant build.xml file creation task start
09:45:50.095 [main] INFO  k.p.s.c.buildsystem.ProjectBuilder - main project[sample_test]'s web client ant build.xml file creation task end
09:45:50.095 [main] INFO  k.p.s.c.buildsystem.ProjectBuilder - main project[sample_test]'s web client ant properties file creation task start
09:45:50.095 [main] INFO  k.p.s.c.util.SequencedPropertiesUtil - the sequenced properties file[D:\gitsinnori\sinnori\project\sample_test\client_build\web_build\webAnt.properties] was created
09:45:50.098 [main] INFO  k.p.s.c.buildsystem.ProjectBuilder - main project[sample_test]'s web client ant properties file creation task end
09:45:50.099 [main] INFO  k.p.s.c.buildsystem.ProjectBuilder - main project[sample_test]'s web client message io file set creation task start
09:45:50.099 [main] INFO  k.p.s.common.util.CommonStaticUtil - the new child relative direcotry[D:\gitsinnori\sinnori\project\sample_test\client_build\web_build\src\main\java\kr\pe\sinnori\impl\message][Echo] was created successfully
09:45:50.099 [main] INFO  k.p.s.c.buildsystem.ProjectBuilder - main project[sample_test]'s message file[Echo][D:\gitsinnori\sinnori\project\sample_test\client_build\web_build\src\main\java\kr\pe\sinnori\impl\message] creation task start
09:45:50.101 [main] INFO  k.p.s.c.buildsystem.ProjectBuilder - main project[sample_test]'s message file[Echo][D:\gitsinnori\sinnori\project\sample_test\client_build\web_build\src\main\java\kr\pe\sinnori\impl\message] creation task end
09:45:50.101 [main] INFO  k.p.s.c.buildsystem.ProjectBuilder - main project[sample_test]'s message decoder file[Echo][D:\gitsinnori\sinnori\project\sample_test\client_build\web_build\src\main\java\kr\pe\sinnori\impl\message] creation task start
09:45:50.105 [main] INFO  k.p.s.c.buildsystem.ProjectBuilder - main project[sample_test]'s message decoder file[Echo][D:\gitsinnori\sinnori\project\sample_test\client_build\web_build\src\main\java\kr\pe\sinnori\impl\message] creation task end
09:45:50.187 [main] INFO  k.p.s.c.buildsystem.ProjectBuilder - main project[sample_test]'s message encoder file[Echo][D:\gitsinnori\sinnori\project\sample_test\client_build\web_build\src\main\java\kr\pe\sinnori\impl\message] creation task start
09:45:50.191 [main] INFO  k.p.s.c.buildsystem.ProjectBuilder - main project[sample_test]'s message encoder file[Echo][D:\gitsinnori\sinnori\project\sample_test\client_build\web_build\src\main\java\kr\pe\sinnori\impl\message] creation task end
09:45:50.191 [main] INFO  k.p.s.c.buildsystem.ProjectBuilder - main project[sample_test]'s message server codec file[Echo][D:\gitsinnori\sinnori\project\sample_test\client_build\web_build\src\main\java\kr\pe\sinnori\impl\message] creation task start
09:45:50.192 [main] INFO  k.p.s.c.buildsystem.ProjectBuilder - main project[sample_test]'s message server codec file[Echo][D:\gitsinnori\sinnori\project\sample_test\client_build\web_build\src\main\java\kr\pe\sinnori\impl\message] creation task end
09:45:50.193 [main] INFO  k.p.s.c.buildsystem.ProjectBuilder - main project[sample_test]'s message client codec file[Echo][D:\gitsinnori\sinnori\project\sample_test\client_build\web_build\src\main\java\kr\pe\sinnori\impl\message] creation task start
09:45:50.194 [main] INFO  k.p.s.c.buildsystem.ProjectBuilder - main project[sample_test]'s message client codec file[Echo][D:\gitsinnori\sinnori\project\sample_test\client_build\web_build\src\main\java\kr\pe\sinnori\impl\message] creation task end
09:45:50.194 [main] INFO  k.p.s.common.util.CommonStaticUtil - the new child relative direcotry[D:\gitsinnori\sinnori\project\sample_test\client_build\web_build\src\main\java\kr\pe\sinnori\impl\message][PublicKeyReq] was created successfully
09:45:50.194 [main] INFO  k.p.s.c.buildsystem.ProjectBuilder - main project[sample_test]'s message file[PublicKeyReq][D:\gitsinnori\sinnori\project\sample_test\client_build\web_build\src\main\java\kr\pe\sinnori\impl\message] creation task start
09:45:50.197 [main] INFO  k.p.s.c.buildsystem.ProjectBuilder - main project[sample_test]'s message file[PublicKeyReq][D:\gitsinnori\sinnori\project\sample_test\client_build\web_build\src\main\java\kr\pe\sinnori\impl\message] creation task end
09:45:50.197 [main] INFO  k.p.s.c.buildsystem.ProjectBuilder - main project[sample_test]'s message decoder file[PublicKeyReq][D:\gitsinnori\sinnori\project\sample_test\client_build\web_build\src\main\java\kr\pe\sinnori\impl\message] creation task start
09:45:50.201 [main] INFO  k.p.s.c.buildsystem.ProjectBuilder - main project[sample_test]'s message decoder file[PublicKeyReq][D:\gitsinnori\sinnori\project\sample_test\client_build\web_build\src\main\java\kr\pe\sinnori\impl\message] creation task end
09:45:50.201 [main] INFO  k.p.s.c.buildsystem.ProjectBuilder - main project[sample_test]'s message encoder file[PublicKeyReq][D:\gitsinnori\sinnori\project\sample_test\client_build\web_build\src\main\java\kr\pe\sinnori\impl\message] creation task start
09:45:50.204 [main] INFO  k.p.s.c.buildsystem.ProjectBuilder - main project[sample_test]'s message encoder file[PublicKeyReq][D:\gitsinnori\sinnori\project\sample_test\client_build\web_build\src\main\java\kr\pe\sinnori\impl\message] creation task end
09:45:50.204 [main] INFO  k.p.s.c.buildsystem.ProjectBuilder - main project[sample_test]'s message server codec file[PublicKeyReq][D:\gitsinnori\sinnori\project\sample_test\client_build\web_build\src\main\java\kr\pe\sinnori\impl\message] creation task start
09:45:50.206 [main] INFO  k.p.s.c.buildsystem.ProjectBuilder - main project[sample_test]'s message server codec file[PublicKeyReq][D:\gitsinnori\sinnori\project\sample_test\client_build\web_build\src\main\java\kr\pe\sinnori\impl\message] creation task end
09:45:50.206 [main] INFO  k.p.s.c.buildsystem.ProjectBuilder - main project[sample_test]'s message client codec file[PublicKeyReq][D:\gitsinnori\sinnori\project\sample_test\client_build\web_build\src\main\java\kr\pe\sinnori\impl\message] creation task start
09:45:50.208 [main] INFO  k.p.s.c.buildsystem.ProjectBuilder - main project[sample_test]'s message client codec file[PublicKeyReq][D:\gitsinnori\sinnori\project\sample_test\client_build\web_build\src\main\java\kr\pe\sinnori\impl\message] creation task end
09:45:50.208 [main] INFO  k.p.s.common.util.CommonStaticUtil - the new child relative direcotry[D:\gitsinnori\sinnori\project\sample_test\client_build\web_build\src\main\java\kr\pe\sinnori\impl\message][PublicKeyRes] was created successfully
09:45:50.208 [main] INFO  k.p.s.c.buildsystem.ProjectBuilder - main project[sample_test]'s message file[PublicKeyRes][D:\gitsinnori\sinnori\project\sample_test\client_build\web_build\src\main\java\kr\pe\sinnori\impl\message] creation task start
09:45:50.211 [main] INFO  k.p.s.c.buildsystem.ProjectBuilder - main project[sample_test]'s message file[PublicKeyRes][D:\gitsinnori\sinnori\project\sample_test\client_build\web_build\src\main\java\kr\pe\sinnori\impl\message] creation task end
09:45:50.211 [main] INFO  k.p.s.c.buildsystem.ProjectBuilder - main project[sample_test]'s message decoder file[PublicKeyRes][D:\gitsinnori\sinnori\project\sample_test\client_build\web_build\src\main\java\kr\pe\sinnori\impl\message] creation task start
09:45:50.214 [main] INFO  k.p.s.c.buildsystem.ProjectBuilder - main project[sample_test]'s message decoder file[PublicKeyRes][D:\gitsinnori\sinnori\project\sample_test\client_build\web_build\src\main\java\kr\pe\sinnori\impl\message] creation task end
09:45:50.214 [main] INFO  k.p.s.c.buildsystem.ProjectBuilder - main project[sample_test]'s message encoder file[PublicKeyRes][D:\gitsinnori\sinnori\project\sample_test\client_build\web_build\src\main\java\kr\pe\sinnori\impl\message] creation task start
09:45:50.217 [main] INFO  k.p.s.c.buildsystem.ProjectBuilder - main project[sample_test]'s message encoder file[PublicKeyRes][D:\gitsinnori\sinnori\project\sample_test\client_build\web_build\src\main\java\kr\pe\sinnori\impl\message] creation task end
09:45:50.217 [main] INFO  k.p.s.c.buildsystem.ProjectBuilder - main project[sample_test]'s message server codec file[PublicKeyRes][D:\gitsinnori\sinnori\project\sample_test\client_build\web_build\src\main\java\kr\pe\sinnori\impl\message] creation task start
09:45:50.218 [main] INFO  k.p.s.c.buildsystem.ProjectBuilder - main project[sample_test]'s message server codec file[PublicKeyRes][D:\gitsinnori\sinnori\project\sample_test\client_build\web_build\src\main\java\kr\pe\sinnori\impl\message] creation task end
09:45:50.218 [main] INFO  k.p.s.c.buildsystem.ProjectBuilder - main project[sample_test]'s message client codec file[PublicKeyRes][D:\gitsinnori\sinnori\project\sample_test\client_build\web_build\src\main\java\kr\pe\sinnori\impl\message] creation task start
09:45:50.220 [main] INFO  k.p.s.c.buildsystem.ProjectBuilder - main project[sample_test]'s message client codec file[PublicKeyRes][D:\gitsinnori\sinnori\project\sample_test\client_build\web_build\src\main\java\kr\pe\sinnori\impl\message] creation task end
09:45:50.220 [main] INFO  k.p.s.c.buildsystem.ProjectBuilder - main project[sample_test]'s web client message io file set creation task end
09:45:50.220 [main] INFO  k.p.s.c.buildsystem.ProjectBuilder - mainproject[sample_test]'s web client sample source files copy task start
09:45:50.276 [main] INFO  k.p.s.c.buildsystem.ProjectBuilder - mainproject[sample_test]'s web client sample source files copy task end
09:45:50.276 [main] INFO  k.p.s.c.buildsystem.ProjectBuilder - main project[sample_test]'s web client build system files creation task end
09:45:50.276 [main] INFO  k.p.s.c.buildsystem.ProjectBuilder - main project[sample_test]'s web root sample files creation task start
09:45:50.306 [main] INFO  k.p.s.c.buildsystem.ProjectBuilder - main project[sample_test]'s web root sample files copy task start
09:45:50.314 [main] INFO  k.p.s.c.buildsystem.ProjectBuilder - main project[sample_test]'s web root sample files copy task end
09:45:50.314 [main] INFO  k.p.s.c.buildsystem.ProjectBuilder - main project[sample_test]'s web root sample files creation task end
09:45:50.314 [main] INFO  k.p.s.c.buildsystem.ProjectBuilder - main project[sample_test]'s file creation task end
Buildfile: D:\gitsinnori\sinnori\project\sample_test\server_build\build.xml

init.var:
     [echo] java.complile.option.debug=on
     [echo] is.windows.yes=true, is.unix.yes=${is.unix.yes}

make.doscore:
     [exec] Buildfile: D:\gitsinnori\sinnori\core_build\build.xml
     [exec] 
     [exec] init.core:
     [exec]      [echo] java.complile.option.debug=on
     [exec] 
     [exec] compile.common:
     [exec] 
     [exec] make.common:
     [exec] 
     [exec] compile.client:
     [exec]      [echo] this compile.client task doesn't have 'depends' tag so you must call make.common task before this task
     [exec] 
     [exec] compile.server:
     [exec]      [echo] this compile.server task doesn't have 'depends' tag so you must call make.common task before this task
     [exec] 
     [exec] make.core:
     [exec] 
     [exec] BUILD SUCCESSFUL
     [exec] Total time: 0 seconds

make.unixcore:

make.core:

copy.core:
   [delete] Deleting directory D:\gitsinnori\sinnori\project\sample_test\server_build\corelib
    [mkdir] Created dir: D:\gitsinnori\sinnori\project\sample_test\server_build\corelib\ex
    [mkdir] Created dir: D:\gitsinnori\sinnori\project\sample_test\server_build\corelib\in
     [copy] Copying 1 file to D:\gitsinnori\sinnori\project\sample_test\server_build\corelib\in
     [copy] Copying D:\gitsinnori\sinnori\core_build\dist\sinnori-core.jar to D:\gitsinnori\sinnori\project\sample_test\server_build\corelib\in\sinnori-core.jar
     [copy] Copying 12 files to D:\gitsinnori\sinnori\project\sample_test\server_build\corelib\ex
     [copy] Copying D:\gitsinnori\sinnori\core_build\lib\main\ex\commons-codec-1.9.jar to D:\gitsinnori\sinnori\project\sample_test\server_build\corelib\ex\commons-codec-1.9.jar
     [copy] Copying D:\gitsinnori\sinnori\core_build\lib\main\ex\commons-collections4-4.1.jar to D:\gitsinnori\sinnori\project\sample_test\server_build\corelib\ex\commons-collections4-4.1.jar
     [copy] Copying D:\gitsinnori\sinnori\core_build\lib\main\ex\commons-dbcp2-2.0.1.jar to D:\gitsinnori\sinnori\project\sample_test\server_build\corelib\ex\commons-dbcp2-2.0.1.jar
     [copy] Copying D:\gitsinnori\sinnori\core_build\lib\main\ex\commons-io-2.5.jar to D:\gitsinnori\sinnori\project\sample_test\server_build\corelib\ex\commons-io-2.5.jar
     [copy] Copying D:\gitsinnori\sinnori\core_build\lib\main\ex\commons-pool2-2.2.jar to D:\gitsinnori\sinnori\project\sample_test\server_build\corelib\ex\commons-pool2-2.2.jar
     [copy] Copying D:\gitsinnori\sinnori\core_build\lib\main\ex\jcl-over-slf4j-1.7.7.jar to D:\gitsinnori\sinnori\project\sample_test\server_build\corelib\ex\jcl-over-slf4j-1.7.7.jar
     [copy] Copying D:\gitsinnori\sinnori\core_build\lib\main\ex\json-simple-1.1.1.jar to D:\gitsinnori\sinnori\project\sample_test\server_build\corelib\ex\json-simple-1.1.1.jar
     [copy] Copying D:\gitsinnori\sinnori\core_build\lib\main\ex\logback-classic-1.1.2.jar to D:\gitsinnori\sinnori\project\sample_test\server_build\corelib\ex\logback-classic-1.1.2.jar
     [copy] Copying D:\gitsinnori\sinnori\core_build\lib\main\ex\logback-core-1.1.2.jar to D:\gitsinnori\sinnori\project\sample_test\server_build\corelib\ex\logback-core-1.1.2.jar
     [copy] Copying D:\gitsinnori\sinnori\core_build\lib\main\ex\mybatis-3.3.0-SNAPSHOT.jar to D:\gitsinnori\sinnori\project\sample_test\server_build\corelib\ex\mybatis-3.3.0-SNAPSHOT.jar
     [copy] Copying D:\gitsinnori\sinnori\core_build\lib\main\ex\mysql-connector-java-5.1.37-bin.jar to D:\gitsinnori\sinnori\project\sample_test\server_build\corelib\ex\mysql-connector-java-5.1.37-bin.jar
     [copy] Copying D:\gitsinnori\sinnori\core_build\lib\main\ex\slf4j-api-1.7.7.jar to D:\gitsinnori\sinnori\project\sample_test\server_build\corelib\ex\slf4j-api-1.7.7.jar

copy.appinf:
   [delete] Deleting directory D:\gitsinnori\sinnori\project\sample_test\server_build\APP-INF\classes
    [mkdir] Created dir: D:\gitsinnori\sinnori\project\sample_test\server_build\APP-INF\classes
    [mkdir] Created dir: D:\gitsinnori\sinnori\project\sample_test\server_build\APP-INF\resources
     [copy] Copying 2 files to D:\gitsinnori\sinnori\project\sample_test\server_build\APP-INF\resources
     [copy] Copying D:\gitsinnori\sinnori\core_build\APP-INF\resources\kr\pe\sinnori\impl\mybatis\mybatisConfig.xml.sample to D:\gitsinnori\sinnori\project\sample_test\server_build\APP-INF\resources\kr\pe\sinnori\impl\mybatis\mybatisConfig.xml.sample
     [copy] Copying D:\gitsinnori\sinnori\core_build\APP-INF\resources\kr\pe\sinnori\impl\mybatis\sinnoriWebMapper.xml.sample to D:\gitsinnori\sinnori\project\sample_test\server_build\APP-INF\resources\kr\pe\sinnori\impl\mybatis\sinnoriWebMapper.xml.sample

compile.main:
   [delete] Deleting directory D:\gitsinnori\sinnori\project\sample_test\server_build\build
    [mkdir] Created dir: D:\gitsinnori\sinnori\project\sample_test\server_build\build
    [javac] Compiling 1 source file to D:\gitsinnori\sinnori\project\sample_test\server_build\build

copy.distlib:
   [delete] Deleting directory D:\gitsinnori\sinnori\project\sample_test\server_build\dist
    [mkdir] Created dir: D:\gitsinnori\sinnori\project\sample_test\server_build\dist\lib
     [copy] Copying 12 files to D:\gitsinnori\sinnori\project\sample_test\server_build\dist\lib
     [copy] Copying D:\gitsinnori\sinnori\project\sample_test\server_build\corelib\ex\commons-codec-1.9.jar to D:\gitsinnori\sinnori\project\sample_test\server_build\dist\lib\commons-codec-1.9.jar
     [copy] Copying D:\gitsinnori\sinnori\project\sample_test\server_build\corelib\ex\commons-collections4-4.1.jar to D:\gitsinnori\sinnori\project\sample_test\server_build\dist\lib\commons-collections4-4.1.jar
     [copy] Copying D:\gitsinnori\sinnori\project\sample_test\server_build\corelib\ex\commons-dbcp2-2.0.1.jar to D:\gitsinnori\sinnori\project\sample_test\server_build\dist\lib\commons-dbcp2-2.0.1.jar
     [copy] Copying D:\gitsinnori\sinnori\project\sample_test\server_build\corelib\ex\commons-io-2.5.jar to D:\gitsinnori\sinnori\project\sample_test\server_build\dist\lib\commons-io-2.5.jar
     [copy] Copying D:\gitsinnori\sinnori\project\sample_test\server_build\corelib\ex\commons-pool2-2.2.jar to D:\gitsinnori\sinnori\project\sample_test\server_build\dist\lib\commons-pool2-2.2.jar
     [copy] Copying D:\gitsinnori\sinnori\project\sample_test\server_build\corelib\ex\jcl-over-slf4j-1.7.7.jar to D:\gitsinnori\sinnori\project\sample_test\server_build\dist\lib\jcl-over-slf4j-1.7.7.jar
     [copy] Copying D:\gitsinnori\sinnori\project\sample_test\server_build\corelib\ex\json-simple-1.1.1.jar to D:\gitsinnori\sinnori\project\sample_test\server_build\dist\lib\json-simple-1.1.1.jar
     [copy] Copying D:\gitsinnori\sinnori\project\sample_test\server_build\corelib\ex\logback-classic-1.1.2.jar to D:\gitsinnori\sinnori\project\sample_test\server_build\dist\lib\logback-classic-1.1.2.jar
     [copy] Copying D:\gitsinnori\sinnori\project\sample_test\server_build\corelib\ex\logback-core-1.1.2.jar to D:\gitsinnori\sinnori\project\sample_test\server_build\dist\lib\logback-core-1.1.2.jar
     [copy] Copying D:\gitsinnori\sinnori\project\sample_test\server_build\corelib\ex\mybatis-3.3.0-SNAPSHOT.jar to D:\gitsinnori\sinnori\project\sample_test\server_build\dist\lib\mybatis-3.3.0-SNAPSHOT.jar
     [copy] Copying D:\gitsinnori\sinnori\project\sample_test\server_build\corelib\ex\mysql-connector-java-5.1.37-bin.jar to D:\gitsinnori\sinnori\project\sample_test\server_build\dist\lib\mysql-connector-java-5.1.37-bin.jar
     [copy] Copying D:\gitsinnori\sinnori\project\sample_test\server_build\corelib\ex\slf4j-api-1.7.7.jar to D:\gitsinnori\sinnori\project\sample_test\server_build\dist\lib\slf4j-api-1.7.7.jar

make.main:
      [jar] Building jar: D:\gitsinnori\sinnori\project\sample_test\server_build\dist\SinnoriServerRun.jar

compile.appinf:
    [javac] Compiling 17 source files to D:\gitsinnori\sinnori\project\sample_test\server_build\APP-INF\classes

all:

BUILD SUCCESSFUL
Total time: 6 seconds
09:45:56.972 [main] INFO  k.p.s.c.b.ProjectBuilderTest - success server ant build
Buildfile: D:\gitsinnori\sinnori\project\sample_test\client_build\app_build\build.xml

init.var:
     [echo] java.complile.option.debug=on
     [echo] is.windows.yes=true, is.unix.yes=${is.unix.yes}

make.doscore:
     [exec] Buildfile: D:\gitsinnori\sinnori\core_build\build.xml
     [exec] 
     [exec] init.core:
     [exec]      [echo] java.complile.option.debug=on
     [exec] 
     [exec] compile.common:
     [exec] 
     [exec] make.common:
     [exec] 
     [exec] compile.client:
     [exec]      [echo] this compile.client task doesn't have 'depends' tag so you must call make.common task before this task
     [exec] 
     [exec] compile.server:
     [exec]      [echo] this compile.server task doesn't have 'depends' tag so you must call make.common task before this task
     [exec] 
     [exec] make.core:
     [exec] 
     [exec] BUILD SUCCESSFUL
     [exec] Total time: 0 seconds

make.unixcore:

make.core:

copy.core:
   [delete] Deleting directory D:\gitsinnori\sinnori\project\sample_test\client_build\app_build\corelib
    [mkdir] Created dir: D:\gitsinnori\sinnori\project\sample_test\client_build\app_build\corelib\ex
    [mkdir] Created dir: D:\gitsinnori\sinnori\project\sample_test\client_build\app_build\corelib\in
     [copy] Copying 1 file to D:\gitsinnori\sinnori\project\sample_test\client_build\app_build\corelib\in
     [copy] Copying D:\gitsinnori\sinnori\core_build\dist\sinnori-core.jar to D:\gitsinnori\sinnori\project\sample_test\client_build\app_build\corelib\in\sinnori-core.jar
     [copy] Copying 12 files to D:\gitsinnori\sinnori\project\sample_test\client_build\app_build\corelib\ex
     [copy] Copying D:\gitsinnori\sinnori\core_build\lib\main\ex\commons-codec-1.9.jar to D:\gitsinnori\sinnori\project\sample_test\client_build\app_build\corelib\ex\commons-codec-1.9.jar
     [copy] Copying D:\gitsinnori\sinnori\core_build\lib\main\ex\commons-collections4-4.1.jar to D:\gitsinnori\sinnori\project\sample_test\client_build\app_build\corelib\ex\commons-collections4-4.1.jar
     [copy] Copying D:\gitsinnori\sinnori\core_build\lib\main\ex\commons-dbcp2-2.0.1.jar to D:\gitsinnori\sinnori\project\sample_test\client_build\app_build\corelib\ex\commons-dbcp2-2.0.1.jar
     [copy] Copying D:\gitsinnori\sinnori\core_build\lib\main\ex\commons-io-2.5.jar to D:\gitsinnori\sinnori\project\sample_test\client_build\app_build\corelib\ex\commons-io-2.5.jar
     [copy] Copying D:\gitsinnori\sinnori\core_build\lib\main\ex\commons-pool2-2.2.jar to D:\gitsinnori\sinnori\project\sample_test\client_build\app_build\corelib\ex\commons-pool2-2.2.jar
     [copy] Copying D:\gitsinnori\sinnori\core_build\lib\main\ex\jcl-over-slf4j-1.7.7.jar to D:\gitsinnori\sinnori\project\sample_test\client_build\app_build\corelib\ex\jcl-over-slf4j-1.7.7.jar
     [copy] Copying D:\gitsinnori\sinnori\core_build\lib\main\ex\json-simple-1.1.1.jar to D:\gitsinnori\sinnori\project\sample_test\client_build\app_build\corelib\ex\json-simple-1.1.1.jar
     [copy] Copying D:\gitsinnori\sinnori\core_build\lib\main\ex\logback-classic-1.1.2.jar to D:\gitsinnori\sinnori\project\sample_test\client_build\app_build\corelib\ex\logback-classic-1.1.2.jar
     [copy] Copying D:\gitsinnori\sinnori\core_build\lib\main\ex\logback-core-1.1.2.jar to D:\gitsinnori\sinnori\project\sample_test\client_build\app_build\corelib\ex\logback-core-1.1.2.jar
     [copy] Copying D:\gitsinnori\sinnori\core_build\lib\main\ex\mybatis-3.3.0-SNAPSHOT.jar to D:\gitsinnori\sinnori\project\sample_test\client_build\app_build\corelib\ex\mybatis-3.3.0-SNAPSHOT.jar
     [copy] Copying D:\gitsinnori\sinnori\core_build\lib\main\ex\mysql-connector-java-5.1.37-bin.jar to D:\gitsinnori\sinnori\project\sample_test\client_build\app_build\corelib\ex\mysql-connector-java-5.1.37-bin.jar
     [copy] Copying D:\gitsinnori\sinnori\core_build\lib\main\ex\slf4j-api-1.7.7.jar to D:\gitsinnori\sinnori\project\sample_test\client_build\app_build\corelib\ex\slf4j-api-1.7.7.jar

compile.main:
   [delete] Deleting directory D:\gitsinnori\sinnori\project\sample_test\client_build\app_build\build
    [mkdir] Created dir: D:\gitsinnori\sinnori\project\sample_test\client_build\app_build\build
    [javac] Compiling 17 source files to D:\gitsinnori\sinnori\project\sample_test\client_build\app_build\build

copy.distlib:
   [delete] Deleting directory D:\gitsinnori\sinnori\project\sample_test\client_build\app_build\dist
    [mkdir] Created dir: D:\gitsinnori\sinnori\project\sample_test\client_build\app_build\dist\lib
     [copy] Copying 12 files to D:\gitsinnori\sinnori\project\sample_test\client_build\app_build\dist\lib
     [copy] Copying D:\gitsinnori\sinnori\project\sample_test\client_build\app_build\corelib\ex\commons-codec-1.9.jar to D:\gitsinnori\sinnori\project\sample_test\client_build\app_build\dist\lib\commons-codec-1.9.jar
     [copy] Copying D:\gitsinnori\sinnori\project\sample_test\client_build\app_build\corelib\ex\commons-collections4-4.1.jar to D:\gitsinnori\sinnori\project\sample_test\client_build\app_build\dist\lib\commons-collections4-4.1.jar
     [copy] Copying D:\gitsinnori\sinnori\project\sample_test\client_build\app_build\corelib\ex\commons-dbcp2-2.0.1.jar to D:\gitsinnori\sinnori\project\sample_test\client_build\app_build\dist\lib\commons-dbcp2-2.0.1.jar
     [copy] Copying D:\gitsinnori\sinnori\project\sample_test\client_build\app_build\corelib\ex\commons-io-2.5.jar to D:\gitsinnori\sinnori\project\sample_test\client_build\app_build\dist\lib\commons-io-2.5.jar
     [copy] Copying D:\gitsinnori\sinnori\project\sample_test\client_build\app_build\corelib\ex\commons-pool2-2.2.jar to D:\gitsinnori\sinnori\project\sample_test\client_build\app_build\dist\lib\commons-pool2-2.2.jar
     [copy] Copying D:\gitsinnori\sinnori\project\sample_test\client_build\app_build\corelib\ex\jcl-over-slf4j-1.7.7.jar to D:\gitsinnori\sinnori\project\sample_test\client_build\app_build\dist\lib\jcl-over-slf4j-1.7.7.jar
     [copy] Copying D:\gitsinnori\sinnori\project\sample_test\client_build\app_build\corelib\ex\json-simple-1.1.1.jar to D:\gitsinnori\sinnori\project\sample_test\client_build\app_build\dist\lib\json-simple-1.1.1.jar
     [copy] Copying D:\gitsinnori\sinnori\project\sample_test\client_build\app_build\corelib\ex\logback-classic-1.1.2.jar to D:\gitsinnori\sinnori\project\sample_test\client_build\app_build\dist\lib\logback-classic-1.1.2.jar
     [copy] Copying D:\gitsinnori\sinnori\project\sample_test\client_build\app_build\corelib\ex\logback-core-1.1.2.jar to D:\gitsinnori\sinnori\project\sample_test\client_build\app_build\dist\lib\logback-core-1.1.2.jar
     [copy] Copying D:\gitsinnori\sinnori\project\sample_test\client_build\app_build\corelib\ex\mybatis-3.3.0-SNAPSHOT.jar to D:\gitsinnori\sinnori\project\sample_test\client_build\app_build\dist\lib\mybatis-3.3.0-SNAPSHOT.jar
     [copy] Copying D:\gitsinnori\sinnori\project\sample_test\client_build\app_build\corelib\ex\mysql-connector-java-5.1.37-bin.jar to D:\gitsinnori\sinnori\project\sample_test\client_build\app_build\dist\lib\mysql-connector-java-5.1.37-bin.jar
     [copy] Copying D:\gitsinnori\sinnori\project\sample_test\client_build\app_build\corelib\ex\slf4j-api-1.7.7.jar to D:\gitsinnori\sinnori\project\sample_test\client_build\app_build\dist\lib\slf4j-api-1.7.7.jar

make.main:
      [jar] Building jar: D:\gitsinnori\sinnori\project\sample_test\client_build\app_build\dist\SinnoriAppClientRun.jar

all:

BUILD SUCCESSFUL
Total time: 6 seconds
09:46:03.727 [main] INFO  k.p.s.c.b.ProjectBuilderTest - success app-client ant build
Buildfile: D:\gitsinnori\sinnori\project\sample_test\client_build\web_build\build.xml

init.dos:

init.unix:

init.var:
     [echo] java.complile.option.debug=on
     [echo] is.windows.yes=true, is.unix.yes=${is.unix.yes}
     [echo] servlet.systemlib.path=D:\apache-tomcat-8.5.15\lib

make.doscore:
     [exec] Buildfile: D:\gitsinnori\sinnori\core_build\build.xml
     [exec] 
     [exec] init.core:
     [exec]      [echo] java.complile.option.debug=on
     [exec] 
     [exec] compile.common:
     [exec] 
     [exec] make.common:
     [exec] 
     [exec] compile.client:
     [exec]      [echo] this compile.client task doesn't have 'depends' tag so you must call make.common task before this task
     [exec] 
     [exec] compile.server:
     [exec]      [echo] this compile.server task doesn't have 'depends' tag so you must call make.common task before this task
     [exec] 
     [exec] make.core:
     [exec] 
     [exec] BUILD SUCCESSFUL
     [exec] Total time: 0 seconds

make.unixcore:

make.core:

copy.core:
   [delete] Deleting directory D:\gitsinnori\sinnori\project\sample_test\client_build\web_build\corelib
    [mkdir] Created dir: D:\gitsinnori\sinnori\project\sample_test\client_build\web_build\corelib\ex
     [copy] Copying 1 file to D:\gitsinnori\sinnori\project\sample_test\client_build\web_build\corelib\ex
     [copy] Copying D:\gitsinnori\sinnori\core_build\dist\sinnori-core.jar to D:\gitsinnori\sinnori\project\sample_test\client_build\web_build\corelib\ex\sinnori-core.jar
     [copy] Copying 12 files to D:\gitsinnori\sinnori\project\sample_test\client_build\web_build\corelib\ex
     [copy] Copying D:\gitsinnori\sinnori\core_build\lib\main\ex\commons-codec-1.9.jar to D:\gitsinnori\sinnori\project\sample_test\client_build\web_build\corelib\ex\commons-codec-1.9.jar
     [copy] Copying D:\gitsinnori\sinnori\core_build\lib\main\ex\commons-collections4-4.1.jar to D:\gitsinnori\sinnori\project\sample_test\client_build\web_build\corelib\ex\commons-collections4-4.1.jar
     [copy] Copying D:\gitsinnori\sinnori\core_build\lib\main\ex\commons-dbcp2-2.0.1.jar to D:\gitsinnori\sinnori\project\sample_test\client_build\web_build\corelib\ex\commons-dbcp2-2.0.1.jar
     [copy] Copying D:\gitsinnori\sinnori\core_build\lib\main\ex\commons-io-2.5.jar to D:\gitsinnori\sinnori\project\sample_test\client_build\web_build\corelib\ex\commons-io-2.5.jar
     [copy] Copying D:\gitsinnori\sinnori\core_build\lib\main\ex\commons-pool2-2.2.jar to D:\gitsinnori\sinnori\project\sample_test\client_build\web_build\corelib\ex\commons-pool2-2.2.jar
     [copy] Copying D:\gitsinnori\sinnori\core_build\lib\main\ex\jcl-over-slf4j-1.7.7.jar to D:\gitsinnori\sinnori\project\sample_test\client_build\web_build\corelib\ex\jcl-over-slf4j-1.7.7.jar
     [copy] Copying D:\gitsinnori\sinnori\core_build\lib\main\ex\json-simple-1.1.1.jar to D:\gitsinnori\sinnori\project\sample_test\client_build\web_build\corelib\ex\json-simple-1.1.1.jar
     [copy] Copying D:\gitsinnori\sinnori\core_build\lib\main\ex\logback-classic-1.1.2.jar to D:\gitsinnori\sinnori\project\sample_test\client_build\web_build\corelib\ex\logback-classic-1.1.2.jar
     [copy] Copying D:\gitsinnori\sinnori\core_build\lib\main\ex\logback-core-1.1.2.jar to D:\gitsinnori\sinnori\project\sample_test\client_build\web_build\corelib\ex\logback-core-1.1.2.jar
     [copy] Copying D:\gitsinnori\sinnori\core_build\lib\main\ex\mybatis-3.3.0-SNAPSHOT.jar to D:\gitsinnori\sinnori\project\sample_test\client_build\web_build\corelib\ex\mybatis-3.3.0-SNAPSHOT.jar
     [copy] Copying D:\gitsinnori\sinnori\core_build\lib\main\ex\mysql-connector-java-5.1.37-bin.jar to D:\gitsinnori\sinnori\project\sample_test\client_build\web_build\corelib\ex\mysql-connector-java-5.1.37-bin.jar
     [copy] Copying D:\gitsinnori\sinnori\core_build\lib\main\ex\slf4j-api-1.7.7.jar to D:\gitsinnori\sinnori\project\sample_test\client_build\web_build\corelib\ex\slf4j-api-1.7.7.jar

compile.weblib:
    [mkdir] Created dir: D:\gitsinnori\sinnori\project\sample_test\client_build\web_build\build\weblib
    [javac] Compiling 16 source files to D:\gitsinnori\sinnori\project\sample_test\client_build\web_build\build\weblib

make.weblib:
   [delete] Deleting directory D:\gitsinnori\sinnori\project\sample_test\client_build\web_build\dist
    [mkdir] Created dir: D:\gitsinnori\sinnori\project\sample_test\client_build\web_build\dist
      [jar] Building jar: D:\gitsinnori\sinnori\project\sample_test\client_build\web_build\dist\SinnoriWebLib.jar

dist.weblib:
     [copy] Copying 4 files to D:\gitsinnori\sinnori\project\sample_test\web_app_base\ROOT\WEB-INF\lib
     [copy] Copying D:\gitsinnori\sinnori\project\sample_test\client_build\web_build\dist\SinnoriWebLib.jar to D:\gitsinnori\sinnori\project\sample_test\web_app_base\ROOT\WEB-INF\lib\SinnoriWebLib.jar
     [copy] Copying D:\gitsinnori\sinnori\project\sample_test\client_build\web_build\lib\main\ex\commons-fileupload-1.3.2.jar to D:\gitsinnori\sinnori\project\sample_test\web_app_base\ROOT\WEB-INF\lib\commons-fileupload-1.3.2.jar
     [copy] Copying D:\gitsinnori\sinnori\project\sample_test\client_build\web_build\lib\main\ex\commons-lang3-3.5.jar to D:\gitsinnori\sinnori\project\sample_test\web_app_base\ROOT\WEB-INF\lib\commons-lang3-3.5.jar
     [copy] Copying D:\gitsinnori\sinnori\project\sample_test\client_build\web_build\lib\main\ex\simplecaptcha-1.2.1.jar to D:\gitsinnori\sinnori\project\sample_test\web_app_base\ROOT\WEB-INF\lib\simplecaptcha-1.2.1.jar

compile.webclass:
   [delete] Deleting directory D:\gitsinnori\sinnori\project\sample_test\web_app_base\ROOT\WEB-INF\classes
    [mkdir] Created dir: D:\gitsinnori\sinnori\project\sample_test\web_app_base\ROOT\WEB-INF\classes
    [javac] Compiling 16 source files to D:\gitsinnori\sinnori\project\sample_test\web_app_base\ROOT\WEB-INF\classes

all:
     [echo] is.windows.yes=true, is.unix.yes=${is.unix.yes}, java.debug=on

BUILD SUCCESSFUL
Total time: 2 seconds
09:46:06.529 [main] INFO  k.p.s.c.b.ProjectBuilderTest - success web-client ant build
09:46:06.621 [main] INFO  k.p.s.c.buildsystem.ProjectBuilder - main project[sample_test]'s child direcotry creation task start
09:46:06.621 [main] INFO  k.p.s.c.buildsystem.ProjectBuilder - main project[sample_test]'s common child direcotry creation task start
09:46:06.621 [main] INFO  k.p.s.common.util.CommonStaticUtil - the new child relative direcotry[D:\gitsinnori\sinnori\project\sample_test][config] was created successfully
09:46:06.622 [main] INFO  k.p.s.common.util.CommonStaticUtil - the new child relative direcotry[D:\gitsinnori\sinnori\project\sample_test][resources/dbcp] was created successfully
09:46:06.622 [main] INFO  k.p.s.common.util.CommonStaticUtil - the new child relative direcotry[D:\gitsinnori\sinnori\project\sample_test][resources/message_info] was created successfully
09:46:06.622 [main] INFO  k.p.s.common.util.CommonStaticUtil - the new child relative direcotry[D:\gitsinnori\sinnori\project\sample_test][resources/rsa_keypair] was created successfully
09:46:06.622 [main] INFO  k.p.s.common.util.CommonStaticUtil - the new child relative direcotry[D:\gitsinnori\sinnori\project\sample_test][log/apache] was created successfully
09:46:06.623 [main] INFO  k.p.s.common.util.CommonStaticUtil - the new child relative direcotry[D:\gitsinnori\sinnori\project\sample_test][log/client] was created successfully
09:46:06.623 [main] INFO  k.p.s.common.util.CommonStaticUtil - the new child relative direcotry[D:\gitsinnori\sinnori\project\sample_test][log/server] was created successfully
09:46:06.623 [main] INFO  k.p.s.common.util.CommonStaticUtil - the new child relative direcotry[D:\gitsinnori\sinnori\project\sample_test][log/servlet] was created successfully
09:46:06.623 [main] INFO  k.p.s.c.buildsystem.ProjectBuilder - main project[sample_test]'s common child direcotry creation task end
09:46:06.623 [main] INFO  k.p.s.c.buildsystem.ProjectBuilder - main project[sample_test]'s server child direcotry creation task start
09:46:06.624 [main] INFO  k.p.s.common.util.CommonStaticUtil - the new child relative direcotry[D:\gitsinnori\sinnori\project\sample_test][server_build/APP-INF/classes] was created successfully
09:46:06.624 [main] INFO  k.p.s.common.util.CommonStaticUtil - the new child relative direcotry[D:\gitsinnori\sinnori\project\sample_test][server_build/corelib/ex] was created successfully
09:46:06.624 [main] INFO  k.p.s.common.util.CommonStaticUtil - the new child relative direcotry[D:\gitsinnori\sinnori\project\sample_test][server_build/corelib/in] was created successfully
09:46:06.625 [main] INFO  k.p.s.common.util.CommonStaticUtil - the new child relative direcotry[D:\gitsinnori\sinnori\project\sample_test][server_build/lib/main/ex] was created successfully
09:46:06.625 [main] INFO  k.p.s.common.util.CommonStaticUtil - the new child relative direcotry[D:\gitsinnori\sinnori\project\sample_test][server_build/lib/main/in] was created successfully
09:46:06.625 [main] INFO  k.p.s.common.util.CommonStaticUtil - the new child relative direcotry[D:\gitsinnori\sinnori\project\sample_test][server_build/lib/test] was created successfully
09:46:06.628 [main] INFO  k.p.s.common.util.CommonStaticUtil - the new child relative direcotry[D:\gitsinnori\sinnori\project\sample_test][server_build/src/main/java/kr/pe/sinnori/impl/servertask] was created successfully
09:46:06.628 [main] INFO  k.p.s.common.util.CommonStaticUtil - the new child relative direcotry[D:\gitsinnori\sinnori\project\sample_test][server_build/src/main/java/kr/pe/sinnori/impl/message] was created successfully
09:46:06.628 [main] INFO  k.p.s.common.util.CommonStaticUtil - the new child relative direcotry[D:\gitsinnori\sinnori\project\sample_test][server_build/src/main/java/main] was created successfully
09:46:06.629 [main] INFO  k.p.s.common.util.CommonStaticUtil - the new child relative direcotry[D:\gitsinnori\sinnori\project\sample_test][server_build/src/test/java] was created successfully
09:46:06.629 [main] INFO  k.p.s.common.util.CommonStaticUtil - the new child relative direcotry[D:\gitsinnori\sinnori\project\sample_test][server_build/build] was created successfully
09:46:06.686 [main] INFO  k.p.s.common.util.CommonStaticUtil - the new child relative direcotry[D:\gitsinnori\sinnori\project\sample_test][server_build/dist] was created successfully
09:46:06.686 [main] INFO  k.p.s.c.buildsystem.ProjectBuilder - main project[sample_test]'s server child direcotry creation task end
09:46:06.686 [main] INFO  k.p.s.c.buildsystem.ProjectBuilder - main project[sample_test]'s application build child direcotry creation task start
09:46:06.687 [main] INFO  k.p.s.common.util.CommonStaticUtil - the new child relative direcotry[D:\gitsinnori\sinnori\project\sample_test][client_build/app_build/corelib/ex] was created successfully
09:46:06.687 [main] INFO  k.p.s.common.util.CommonStaticUtil - the new child relative direcotry[D:\gitsinnori\sinnori\project\sample_test][client_build/app_build/corelib/in] was created successfully
09:46:06.688 [main] INFO  k.p.s.common.util.CommonStaticUtil - the new child relative direcotry[D:\gitsinnori\sinnori\project\sample_test][client_build/app_build/lib/main/ex] was created successfully
09:46:06.688 [main] INFO  k.p.s.common.util.CommonStaticUtil - the new child relative direcotry[D:\gitsinnori\sinnori\project\sample_test][client_build/app_build/lib/main/in] was created successfully
09:46:06.688 [main] INFO  k.p.s.common.util.CommonStaticUtil - the new child relative direcotry[D:\gitsinnori\sinnori\project\sample_test][client_build/app_build/lib/test] was created successfully
09:46:06.692 [main] INFO  k.p.s.common.util.CommonStaticUtil - the new child relative direcotry[D:\gitsinnori\sinnori\project\sample_test][client_build/app_build/src/main/java/kr/pe/sinnori/impl/message] was created successfully
09:46:06.693 [main] INFO  k.p.s.common.util.CommonStaticUtil - the new child relative direcotry[D:\gitsinnori\sinnori\project\sample_test][client_build/app_build/src/main/java/main] was created successfully
09:46:06.693 [main] INFO  k.p.s.common.util.CommonStaticUtil - the new child relative direcotry[D:\gitsinnori\sinnori\project\sample_test][client_build/app_build/src/test/java] was created successfully
09:46:06.693 [main] INFO  k.p.s.common.util.CommonStaticUtil - the new child relative direcotry[D:\gitsinnori\sinnori\project\sample_test][client_build/app_build/build] was created successfully
09:46:06.694 [main] INFO  k.p.s.common.util.CommonStaticUtil - the new child relative direcotry[D:\gitsinnori\sinnori\project\sample_test][client_build/app_build/dist] was created successfully
09:46:06.694 [main] INFO  k.p.s.c.buildsystem.ProjectBuilder - main project[sample_test]'s application build child direcotry creation task end
09:46:06.694 [main] INFO  k.p.s.c.buildsystem.ProjectBuilder - main project[sample_test]'s web build child direcotry creation task start
09:46:06.695 [main] INFO  k.p.s.common.util.CommonStaticUtil - the new child relative direcotry[D:\gitsinnori\sinnori\project\sample_test][client_build/web_build/corelib/ex] was created successfully
09:46:06.695 [main] INFO  k.p.s.common.util.CommonStaticUtil - the new child relative direcotry[D:\gitsinnori\sinnori\project\sample_test][client_build/web_build/corelib/in] was created successfully
09:46:06.696 [main] INFO  k.p.s.common.util.CommonStaticUtil - the new child relative direcotry[D:\gitsinnori\sinnori\project\sample_test][client_build/web_build/lib/main/ex] was created successfully
09:46:06.696 [main] INFO  k.p.s.common.util.CommonStaticUtil - the new child relative direcotry[D:\gitsinnori\sinnori\project\sample_test][client_build/web_build/lib/main/in] was created successfully
09:46:06.696 [main] INFO  k.p.s.common.util.CommonStaticUtil - the new child relative direcotry[D:\gitsinnori\sinnori\project\sample_test][client_build/web_build/lib/test] was created successfully
09:46:06.699 [main] INFO  k.p.s.common.util.CommonStaticUtil - the new child relative direcotry[D:\gitsinnori\sinnori\project\sample_test][client_build/web_build/src/main/java/kr/pe/sinnori/impl/message] was created successfully
09:46:06.699 [main] INFO  k.p.s.common.util.CommonStaticUtil - the new child relative direcotry[D:\gitsinnori\sinnori\project\sample_test][client_build/web_build/src/main/java//kr/pe/sinnori/servlet] was created successfully
09:46:06.700 [main] INFO  k.p.s.common.util.CommonStaticUtil - the new child relative direcotry[D:\gitsinnori\sinnori\project\sample_test][client_build/web_build/src/main/java/kr/pe/sinnori/weblib/common] was created successfully
09:46:06.700 [main] INFO  k.p.s.common.util.CommonStaticUtil - the new child relative direcotry[D:\gitsinnori\sinnori\project\sample_test][client_build/web_build/src/main/java/kr/pe/sinnori/weblib/htmlstring] was created successfully
09:46:06.700 [main] INFO  k.p.s.common.util.CommonStaticUtil - the new child relative direcotry[D:\gitsinnori\sinnori\project\sample_test][client_build/web_build/src/main/java/kr/pe/sinnori/weblib/jdf] was created successfully
09:46:06.701 [main] INFO  k.p.s.common.util.CommonStaticUtil - the new child relative direcotry[D:\gitsinnori\sinnori\project\sample_test][client_build/web_build/src/test/java] was created successfully
09:46:06.702 [main] INFO  k.p.s.common.util.CommonStaticUtil - the new child relative direcotry[D:\gitsinnori\sinnori\project\sample_test][client_build/web_build/build] was created successfully
09:46:06.702 [main] INFO  k.p.s.common.util.CommonStaticUtil - the new child relative direcotry[D:\gitsinnori\sinnori\project\sample_test][client_build/web_build/dist] was created successfully
09:46:06.702 [main] INFO  k.p.s.c.buildsystem.ProjectBuilder - main project[sample_test]'s web build child direcotry creation task end
09:46:06.702 [main] INFO  k.p.s.c.buildsystem.ProjectBuilder - main project[sample_test]'s web root child direcotry creation task start
09:46:06.702 [main] INFO  k.p.s.common.util.CommonStaticUtil - the new child relative direcotry[D:\gitsinnori\sinnori\project\sample_test][web_app_base/upload] was created successfully
09:46:06.703 [main] INFO  k.p.s.common.util.CommonStaticUtil - the new child relative direcotry[D:\gitsinnori\sinnori\project\sample_test][web_app_base/ROOT/WEB-INF/classes] was created successfully
09:46:06.703 [main] INFO  k.p.s.common.util.CommonStaticUtil - the new child relative direcotry[D:\gitsinnori\sinnori\project\sample_test][web_app_base/ROOT/WEB-INF/lib] was created successfully
09:46:06.703 [main] INFO  k.p.s.c.buildsystem.ProjectBuilder - main project[sample_test]'s web root child direcotry creation task end
09:46:06.703 [main] INFO  k.p.s.c.buildsystem.ProjectBuilder - main project[sample_test]'s child direcotry creation task end
09:46:06.703 [main] INFO  k.p.s.c.buildsystem.ProjectBuilder - main project[sample_test]'s file creation task start
09:46:06.703 [main] INFO  k.p.s.c.buildsystem.ProjectBuilder - main project[sample_test]'s config file creation task start
09:46:06.704 [main] INFO  k.p.s.c.util.SequencedPropertiesUtil - the sequenced properties file[D:\gitsinnori\sinnori\project\sample_test\config\sinnori.properties] was created
09:46:06.711 [main] INFO  k.p.s.c.buildsystem.ProjectBuilder - main project[sample_test]'s config file creation task end
09:46:06.711 [main] INFO  k.p.s.c.buildsystem.ProjectBuilder - the mainproject[sample_test]'s resources directory copy task start
09:46:06.726 [main] INFO  k.p.s.c.buildsystem.ProjectBuilder - the mainproject[sample_test]'s resources directory copy task end
09:46:06.726 [main] INFO  k.p.s.c.buildsystem.ProjectBuilder - server build system files creation task start
09:46:06.726 [main] INFO  k.p.s.c.buildsystem.ProjectBuilder - main project[sample_test]'s server ant build.xml file creation task start
09:46:06.730 [main] INFO  k.p.s.c.buildsystem.ProjectBuilder - main project[sample_test]'s server ant build.xml file creation task end
09:46:06.730 [main] INFO  k.p.s.c.buildsystem.ProjectBuilder - main project[sample_test]'s server dos shell file creation task start
09:46:06.732 [main] INFO  k.p.s.c.buildsystem.ProjectBuilder - main project[sample_test]'s server dos shell file creation task end
09:46:06.732 [main] INFO  k.p.s.c.buildsystem.ProjectBuilder - main project[sample_test]'s server unix shell file creation task start
09:46:06.733 [main] INFO  k.p.s.c.buildsystem.ProjectBuilder - main project[sample_test]'s server unix shell file creation task end
09:46:06.733 [main] INFO  k.p.s.c.buildsystem.ProjectBuilder - server sample source files copy task start
09:46:06.744 [main] INFO  k.p.s.c.buildsystem.ProjectBuilder - server sample source files copy task end
09:46:06.745 [main] INFO  k.p.s.c.buildsystem.ProjectBuilder - main project[sample_test]'s server message io file set creation task start
09:46:06.745 [main] INFO  k.p.s.common.util.CommonStaticUtil - the new child relative direcotry[D:\gitsinnori\sinnori\project\sample_test\server_build\src\main\java\kr\pe\sinnori\impl\message][Echo] was created successfully
09:46:06.745 [main] INFO  k.p.s.c.buildsystem.ProjectBuilder - main project[sample_test]'s message file[Echo][D:\gitsinnori\sinnori\project\sample_test\server_build\src\main\java\kr\pe\sinnori\impl\message] creation task start
09:46:06.753 [main] INFO  k.p.s.c.buildsystem.ProjectBuilder - main project[sample_test]'s message file[Echo][D:\gitsinnori\sinnori\project\sample_test\server_build\src\main\java\kr\pe\sinnori\impl\message] creation task end
09:46:06.753 [main] INFO  k.p.s.c.buildsystem.ProjectBuilder - main project[sample_test]'s message decoder file[Echo][D:\gitsinnori\sinnori\project\sample_test\server_build\src\main\java\kr\pe\sinnori\impl\message] creation task start
09:46:06.756 [main] INFO  k.p.s.c.buildsystem.ProjectBuilder - main project[sample_test]'s message decoder file[Echo][D:\gitsinnori\sinnori\project\sample_test\server_build\src\main\java\kr\pe\sinnori\impl\message] creation task end
09:46:06.756 [main] INFO  k.p.s.c.buildsystem.ProjectBuilder - main project[sample_test]'s message encoder file[Echo][D:\gitsinnori\sinnori\project\sample_test\server_build\src\main\java\kr\pe\sinnori\impl\message] creation task start
09:46:06.759 [main] INFO  k.p.s.c.buildsystem.ProjectBuilder - main project[sample_test]'s message encoder file[Echo][D:\gitsinnori\sinnori\project\sample_test\server_build\src\main\java\kr\pe\sinnori\impl\message] creation task end
09:46:06.759 [main] INFO  k.p.s.c.buildsystem.ProjectBuilder - main project[sample_test]'s message server codec file[Echo][D:\gitsinnori\sinnori\project\sample_test\server_build\src\main\java\kr\pe\sinnori\impl\message] creation task start
09:46:06.760 [main] INFO  k.p.s.c.buildsystem.ProjectBuilder - main project[sample_test]'s message server codec file[Echo][D:\gitsinnori\sinnori\project\sample_test\server_build\src\main\java\kr\pe\sinnori\impl\message] creation task end
09:46:06.760 [main] INFO  k.p.s.c.buildsystem.ProjectBuilder - main project[sample_test]'s message client codec file[Echo][D:\gitsinnori\sinnori\project\sample_test\server_build\src\main\java\kr\pe\sinnori\impl\message] creation task start
09:46:06.761 [main] INFO  k.p.s.c.buildsystem.ProjectBuilder - main project[sample_test]'s message client codec file[Echo][D:\gitsinnori\sinnori\project\sample_test\server_build\src\main\java\kr\pe\sinnori\impl\message] creation task end
09:46:06.810 [main] INFO  k.p.s.common.util.CommonStaticUtil - the new child relative direcotry[D:\gitsinnori\sinnori\project\sample_test\server_build\src\main\java\kr\pe\sinnori\impl\message][PublicKeyReq] was created successfully
09:46:06.810 [main] INFO  k.p.s.c.buildsystem.ProjectBuilder - main project[sample_test]'s message file[PublicKeyReq][D:\gitsinnori\sinnori\project\sample_test\server_build\src\main\java\kr\pe\sinnori\impl\message] creation task start
09:46:06.830 [main] INFO  k.p.s.c.buildsystem.ProjectBuilder - main project[sample_test]'s message file[PublicKeyReq][D:\gitsinnori\sinnori\project\sample_test\server_build\src\main\java\kr\pe\sinnori\impl\message] creation task end
09:46:06.830 [main] INFO  k.p.s.c.buildsystem.ProjectBuilder - main project[sample_test]'s message decoder file[PublicKeyReq][D:\gitsinnori\sinnori\project\sample_test\server_build\src\main\java\kr\pe\sinnori\impl\message] creation task start
09:46:06.836 [main] INFO  k.p.s.c.buildsystem.ProjectBuilder - main project[sample_test]'s message decoder file[PublicKeyReq][D:\gitsinnori\sinnori\project\sample_test\server_build\src\main\java\kr\pe\sinnori\impl\message] creation task end
09:46:06.836 [main] INFO  k.p.s.c.buildsystem.ProjectBuilder - main project[sample_test]'s message encoder file[PublicKeyReq][D:\gitsinnori\sinnori\project\sample_test\server_build\src\main\java\kr\pe\sinnori\impl\message] creation task start
09:46:06.841 [main] INFO  k.p.s.c.buildsystem.ProjectBuilder - main project[sample_test]'s message encoder file[PublicKeyReq][D:\gitsinnori\sinnori\project\sample_test\server_build\src\main\java\kr\pe\sinnori\impl\message] creation task end
09:46:06.841 [main] INFO  k.p.s.c.buildsystem.ProjectBuilder - main project[sample_test]'s message server codec file[PublicKeyReq][D:\gitsinnori\sinnori\project\sample_test\server_build\src\main\java\kr\pe\sinnori\impl\message] creation task start
09:46:06.843 [main] INFO  k.p.s.c.buildsystem.ProjectBuilder - main project[sample_test]'s message server codec file[PublicKeyReq][D:\gitsinnori\sinnori\project\sample_test\server_build\src\main\java\kr\pe\sinnori\impl\message] creation task end
09:46:06.843 [main] INFO  k.p.s.c.buildsystem.ProjectBuilder - main project[sample_test]'s message client codec file[PublicKeyReq][D:\gitsinnori\sinnori\project\sample_test\server_build\src\main\java\kr\pe\sinnori\impl\message] creation task start
09:46:06.845 [main] INFO  k.p.s.c.buildsystem.ProjectBuilder - main project[sample_test]'s message client codec file[PublicKeyReq][D:\gitsinnori\sinnori\project\sample_test\server_build\src\main\java\kr\pe\sinnori\impl\message] creation task end
09:46:06.845 [main] INFO  k.p.s.common.util.CommonStaticUtil - the new child relative direcotry[D:\gitsinnori\sinnori\project\sample_test\server_build\src\main\java\kr\pe\sinnori\impl\message][PublicKeyRes] was created successfully
09:46:06.845 [main] INFO  k.p.s.c.buildsystem.ProjectBuilder - main project[sample_test]'s message file[PublicKeyRes][D:\gitsinnori\sinnori\project\sample_test\server_build\src\main\java\kr\pe\sinnori\impl\message] creation task start
09:46:06.849 [main] INFO  k.p.s.c.buildsystem.ProjectBuilder - main project[sample_test]'s message file[PublicKeyRes][D:\gitsinnori\sinnori\project\sample_test\server_build\src\main\java\kr\pe\sinnori\impl\message] creation task end
09:46:06.849 [main] INFO  k.p.s.c.buildsystem.ProjectBuilder - main project[sample_test]'s message decoder file[PublicKeyRes][D:\gitsinnori\sinnori\project\sample_test\server_build\src\main\java\kr\pe\sinnori\impl\message] creation task start
09:46:06.852 [main] INFO  k.p.s.c.buildsystem.ProjectBuilder - main project[sample_test]'s message decoder file[PublicKeyRes][D:\gitsinnori\sinnori\project\sample_test\server_build\src\main\java\kr\pe\sinnori\impl\message] creation task end
09:46:06.852 [main] INFO  k.p.s.c.buildsystem.ProjectBuilder - main project[sample_test]'s message encoder file[PublicKeyRes][D:\gitsinnori\sinnori\project\sample_test\server_build\src\main\java\kr\pe\sinnori\impl\message] creation task start
09:46:06.856 [main] INFO  k.p.s.c.buildsystem.ProjectBuilder - main project[sample_test]'s message encoder file[PublicKeyRes][D:\gitsinnori\sinnori\project\sample_test\server_build\src\main\java\kr\pe\sinnori\impl\message] creation task end
09:46:06.856 [main] INFO  k.p.s.c.buildsystem.ProjectBuilder - main project[sample_test]'s message server codec file[PublicKeyRes][D:\gitsinnori\sinnori\project\sample_test\server_build\src\main\java\kr\pe\sinnori\impl\message] creation task start
09:46:06.932 [main] INFO  k.p.s.c.buildsystem.ProjectBuilder - main project[sample_test]'s message server codec file[PublicKeyRes][D:\gitsinnori\sinnori\project\sample_test\server_build\src\main\java\kr\pe\sinnori\impl\message] creation task end
09:46:06.932 [main] INFO  k.p.s.c.buildsystem.ProjectBuilder - main project[sample_test]'s message client codec file[PublicKeyRes][D:\gitsinnori\sinnori\project\sample_test\server_build\src\main\java\kr\pe\sinnori\impl\message] creation task start
09:46:06.936 [main] INFO  k.p.s.c.buildsystem.ProjectBuilder - main project[sample_test]'s message client codec file[PublicKeyRes][D:\gitsinnori\sinnori\project\sample_test\server_build\src\main\java\kr\pe\sinnori\impl\message] creation task end
09:46:06.936 [main] INFO  k.p.s.c.buildsystem.ProjectBuilder - main project[sample_test]'s server message io file set creation task end
09:46:06.936 [main] INFO  k.p.s.c.buildsystem.ProjectBuilder - server build system files creation task end
09:46:06.936 [main] INFO  k.p.s.c.buildsystem.ProjectBuilder - mainproject[sample_test]'s application client build system files creation task start
09:46:06.936 [main] INFO  k.p.s.c.buildsystem.ProjectBuilder - main project[sample_test]'s application client ant build.xml file creation task start
09:46:06.940 [main] INFO  k.p.s.c.buildsystem.ProjectBuilder - main project[sample_test]'s application client ant build.xml file creation task end
09:46:06.940 [main] INFO  k.p.s.c.buildsystem.ProjectBuilder - main project[sample_test]'s application client dos shell file creation task start
09:46:06.952 [main] INFO  k.p.s.c.buildsystem.ProjectBuilder - main project[sample_test]'s application client dos shell file creation task end
09:46:06.953 [main] INFO  k.p.s.c.buildsystem.ProjectBuilder - main project[sample_test]'s application client unix shell file creation task start
09:46:06.962 [main] INFO  k.p.s.c.buildsystem.ProjectBuilder - main project[sample_test]'s application client unix shell file creation task end
09:46:06.962 [main] INFO  k.p.s.c.buildsystem.ProjectBuilder - application client sample source files copy task start
09:46:06.981 [main] INFO  k.p.s.c.buildsystem.ProjectBuilder - application client sample source files copy task end
09:46:06.981 [main] INFO  k.p.s.c.buildsystem.ProjectBuilder - main project[sample_test]'s application client message io file set creation task start
09:46:06.981 [main] INFO  k.p.s.common.util.CommonStaticUtil - the new child relative direcotry[D:\gitsinnori\sinnori\project\sample_test\client_build\app_build\src\main\java\kr\pe\sinnori\impl\message][Echo] was created successfully
09:46:06.981 [main] INFO  k.p.s.c.buildsystem.ProjectBuilder - main project[sample_test]'s message file[Echo][D:\gitsinnori\sinnori\project\sample_test\client_build\app_build\src\main\java\kr\pe\sinnori\impl\message] creation task start
09:46:06.985 [main] INFO  k.p.s.c.buildsystem.ProjectBuilder - main project[sample_test]'s message file[Echo][D:\gitsinnori\sinnori\project\sample_test\client_build\app_build\src\main\java\kr\pe\sinnori\impl\message] creation task end
09:46:06.985 [main] INFO  k.p.s.c.buildsystem.ProjectBuilder - main project[sample_test]'s message decoder file[Echo][D:\gitsinnori\sinnori\project\sample_test\client_build\app_build\src\main\java\kr\pe\sinnori\impl\message] creation task start
09:46:06.989 [main] INFO  k.p.s.c.buildsystem.ProjectBuilder - main project[sample_test]'s message decoder file[Echo][D:\gitsinnori\sinnori\project\sample_test\client_build\app_build\src\main\java\kr\pe\sinnori\impl\message] creation task end
09:46:06.989 [main] INFO  k.p.s.c.buildsystem.ProjectBuilder - main project[sample_test]'s message encoder file[Echo][D:\gitsinnori\sinnori\project\sample_test\client_build\app_build\src\main\java\kr\pe\sinnori\impl\message] creation task start
09:46:06.992 [main] INFO  k.p.s.c.buildsystem.ProjectBuilder - main project[sample_test]'s message encoder file[Echo][D:\gitsinnori\sinnori\project\sample_test\client_build\app_build\src\main\java\kr\pe\sinnori\impl\message] creation task end
09:46:06.992 [main] INFO  k.p.s.c.buildsystem.ProjectBuilder - main project[sample_test]'s message server codec file[Echo][D:\gitsinnori\sinnori\project\sample_test\client_build\app_build\src\main\java\kr\pe\sinnori\impl\message] creation task start
09:46:06.994 [main] INFO  k.p.s.c.buildsystem.ProjectBuilder - main project[sample_test]'s message server codec file[Echo][D:\gitsinnori\sinnori\project\sample_test\client_build\app_build\src\main\java\kr\pe\sinnori\impl\message] creation task end
09:46:06.994 [main] INFO  k.p.s.c.buildsystem.ProjectBuilder - main project[sample_test]'s message client codec file[Echo][D:\gitsinnori\sinnori\project\sample_test\client_build\app_build\src\main\java\kr\pe\sinnori\impl\message] creation task start
09:46:06.995 [main] INFO  k.p.s.c.buildsystem.ProjectBuilder - main project[sample_test]'s message client codec file[Echo][D:\gitsinnori\sinnori\project\sample_test\client_build\app_build\src\main\java\kr\pe\sinnori\impl\message] creation task end
09:46:06.995 [main] INFO  k.p.s.common.util.CommonStaticUtil - the new child relative direcotry[D:\gitsinnori\sinnori\project\sample_test\client_build\app_build\src\main\java\kr\pe\sinnori\impl\message][PublicKeyReq] was created successfully
09:46:06.995 [main] INFO  k.p.s.c.buildsystem.ProjectBuilder - main project[sample_test]'s message file[PublicKeyReq][D:\gitsinnori\sinnori\project\sample_test\client_build\app_build\src\main\java\kr\pe\sinnori\impl\message] creation task start
09:46:06.998 [main] INFO  k.p.s.c.buildsystem.ProjectBuilder - main project[sample_test]'s message file[PublicKeyReq][D:\gitsinnori\sinnori\project\sample_test\client_build\app_build\src\main\java\kr\pe\sinnori\impl\message] creation task end
09:46:06.998 [main] INFO  k.p.s.c.buildsystem.ProjectBuilder - main project[sample_test]'s message decoder file[PublicKeyReq][D:\gitsinnori\sinnori\project\sample_test\client_build\app_build\src\main\java\kr\pe\sinnori\impl\message] creation task start
09:46:07.071 [main] INFO  k.p.s.c.buildsystem.ProjectBuilder - main project[sample_test]'s message decoder file[PublicKeyReq][D:\gitsinnori\sinnori\project\sample_test\client_build\app_build\src\main\java\kr\pe\sinnori\impl\message] creation task end
09:46:07.071 [main] INFO  k.p.s.c.buildsystem.ProjectBuilder - main project[sample_test]'s message encoder file[PublicKeyReq][D:\gitsinnori\sinnori\project\sample_test\client_build\app_build\src\main\java\kr\pe\sinnori\impl\message] creation task start
09:46:07.080 [main] INFO  k.p.s.c.buildsystem.ProjectBuilder - main project[sample_test]'s message encoder file[PublicKeyReq][D:\gitsinnori\sinnori\project\sample_test\client_build\app_build\src\main\java\kr\pe\sinnori\impl\message] creation task end
09:46:07.080 [main] INFO  k.p.s.c.buildsystem.ProjectBuilder - main project[sample_test]'s message server codec file[PublicKeyReq][D:\gitsinnori\sinnori\project\sample_test\client_build\app_build\src\main\java\kr\pe\sinnori\impl\message] creation task start
09:46:07.082 [main] INFO  k.p.s.c.buildsystem.ProjectBuilder - main project[sample_test]'s message server codec file[PublicKeyReq][D:\gitsinnori\sinnori\project\sample_test\client_build\app_build\src\main\java\kr\pe\sinnori\impl\message] creation task end
09:46:07.082 [main] INFO  k.p.s.c.buildsystem.ProjectBuilder - main project[sample_test]'s message client codec file[PublicKeyReq][D:\gitsinnori\sinnori\project\sample_test\client_build\app_build\src\main\java\kr\pe\sinnori\impl\message] creation task start
09:46:07.085 [main] INFO  k.p.s.c.buildsystem.ProjectBuilder - main project[sample_test]'s message client codec file[PublicKeyReq][D:\gitsinnori\sinnori\project\sample_test\client_build\app_build\src\main\java\kr\pe\sinnori\impl\message] creation task end
09:46:07.086 [main] INFO  k.p.s.common.util.CommonStaticUtil - the new child relative direcotry[D:\gitsinnori\sinnori\project\sample_test\client_build\app_build\src\main\java\kr\pe\sinnori\impl\message][PublicKeyRes] was created successfully
09:46:07.086 [main] INFO  k.p.s.c.buildsystem.ProjectBuilder - main project[sample_test]'s message file[PublicKeyRes][D:\gitsinnori\sinnori\project\sample_test\client_build\app_build\src\main\java\kr\pe\sinnori\impl\message] creation task start
09:46:07.091 [main] INFO  k.p.s.c.buildsystem.ProjectBuilder - main project[sample_test]'s message file[PublicKeyRes][D:\gitsinnori\sinnori\project\sample_test\client_build\app_build\src\main\java\kr\pe\sinnori\impl\message] creation task end
09:46:07.091 [main] INFO  k.p.s.c.buildsystem.ProjectBuilder - main project[sample_test]'s message decoder file[PublicKeyRes][D:\gitsinnori\sinnori\project\sample_test\client_build\app_build\src\main\java\kr\pe\sinnori\impl\message] creation task start
09:46:07.096 [main] INFO  k.p.s.c.buildsystem.ProjectBuilder - main project[sample_test]'s message decoder file[PublicKeyRes][D:\gitsinnori\sinnori\project\sample_test\client_build\app_build\src\main\java\kr\pe\sinnori\impl\message] creation task end
09:46:07.096 [main] INFO  k.p.s.c.buildsystem.ProjectBuilder - main project[sample_test]'s message encoder file[PublicKeyRes][D:\gitsinnori\sinnori\project\sample_test\client_build\app_build\src\main\java\kr\pe\sinnori\impl\message] creation task start
09:46:07.100 [main] INFO  k.p.s.c.buildsystem.ProjectBuilder - main project[sample_test]'s message encoder file[PublicKeyRes][D:\gitsinnori\sinnori\project\sample_test\client_build\app_build\src\main\java\kr\pe\sinnori\impl\message] creation task end
09:46:07.100 [main] INFO  k.p.s.c.buildsystem.ProjectBuilder - main project[sample_test]'s message server codec file[PublicKeyRes][D:\gitsinnori\sinnori\project\sample_test\client_build\app_build\src\main\java\kr\pe\sinnori\impl\message] creation task start
09:46:07.102 [main] INFO  k.p.s.c.buildsystem.ProjectBuilder - main project[sample_test]'s message server codec file[PublicKeyRes][D:\gitsinnori\sinnori\project\sample_test\client_build\app_build\src\main\java\kr\pe\sinnori\impl\message] creation task end
09:46:07.102 [main] INFO  k.p.s.c.buildsystem.ProjectBuilder - main project[sample_test]'s message client codec file[PublicKeyRes][D:\gitsinnori\sinnori\project\sample_test\client_build\app_build\src\main\java\kr\pe\sinnori\impl\message] creation task start
09:46:07.105 [main] INFO  k.p.s.c.buildsystem.ProjectBuilder - main project[sample_test]'s message client codec file[PublicKeyRes][D:\gitsinnori\sinnori\project\sample_test\client_build\app_build\src\main\java\kr\pe\sinnori\impl\message] creation task end
09:46:07.105 [main] INFO  k.p.s.c.buildsystem.ProjectBuilder - main project[sample_test]'s application client message io file set creation task end
09:46:07.105 [main] INFO  k.p.s.c.buildsystem.ProjectBuilder - mainproject[sample_test]'s application client build system files creation task end
09:46:07.105 [main] INFO  k.p.s.c.buildsystem.ProjectBuilder - main project[sample_test]'s web client build system files creation task start
09:46:07.105 [main] INFO  k.p.s.c.buildsystem.ProjectBuilder - main project[sample_test]'s web client ant build.xml file creation task start
09:46:07.108 [main] INFO  k.p.s.c.buildsystem.ProjectBuilder - main project[sample_test]'s web client ant build.xml file creation task end
09:46:07.108 [main] INFO  k.p.s.c.buildsystem.ProjectBuilder - main project[sample_test]'s web client ant properties file creation task start
09:46:07.108 [main] INFO  k.p.s.c.util.SequencedPropertiesUtil - the sequenced properties file[D:\gitsinnori\sinnori\project\sample_test\client_build\web_build\webAnt.properties] was created
09:46:07.113 [main] INFO  k.p.s.c.buildsystem.ProjectBuilder - main project[sample_test]'s web client ant properties file creation task end
09:46:07.113 [main] INFO  k.p.s.c.buildsystem.ProjectBuilder - main project[sample_test]'s web client message io file set creation task start
09:46:07.113 [main] INFO  k.p.s.common.util.CommonStaticUtil - the new child relative direcotry[D:\gitsinnori\sinnori\project\sample_test\client_build\web_build\src\main\java\kr\pe\sinnori\impl\message][Echo] was created successfully
09:46:07.113 [main] INFO  k.p.s.c.buildsystem.ProjectBuilder - main project[sample_test]'s message file[Echo][D:\gitsinnori\sinnori\project\sample_test\client_build\web_build\src\main\java\kr\pe\sinnori\impl\message] creation task start
09:46:07.116 [main] INFO  k.p.s.c.buildsystem.ProjectBuilder - main project[sample_test]'s message file[Echo][D:\gitsinnori\sinnori\project\sample_test\client_build\web_build\src\main\java\kr\pe\sinnori\impl\message] creation task end
09:46:07.116 [main] INFO  k.p.s.c.buildsystem.ProjectBuilder - main project[sample_test]'s message decoder file[Echo][D:\gitsinnori\sinnori\project\sample_test\client_build\web_build\src\main\java\kr\pe\sinnori\impl\message] creation task start
09:46:07.121 [main] INFO  k.p.s.c.buildsystem.ProjectBuilder - main project[sample_test]'s message decoder file[Echo][D:\gitsinnori\sinnori\project\sample_test\client_build\web_build\src\main\java\kr\pe\sinnori\impl\message] creation task end
09:46:07.121 [main] INFO  k.p.s.c.buildsystem.ProjectBuilder - main project[sample_test]'s message encoder file[Echo][D:\gitsinnori\sinnori\project\sample_test\client_build\web_build\src\main\java\kr\pe\sinnori\impl\message] creation task start
09:46:07.123 [main] INFO  k.p.s.c.buildsystem.ProjectBuilder - main project[sample_test]'s message encoder file[Echo][D:\gitsinnori\sinnori\project\sample_test\client_build\web_build\src\main\java\kr\pe\sinnori\impl\message] creation task end
09:46:07.123 [main] INFO  k.p.s.c.buildsystem.ProjectBuilder - main project[sample_test]'s message server codec file[Echo][D:\gitsinnori\sinnori\project\sample_test\client_build\web_build\src\main\java\kr\pe\sinnori\impl\message] creation task start
09:46:07.124 [main] INFO  k.p.s.c.buildsystem.ProjectBuilder - main project[sample_test]'s message server codec file[Echo][D:\gitsinnori\sinnori\project\sample_test\client_build\web_build\src\main\java\kr\pe\sinnori\impl\message] creation task end
09:46:07.124 [main] INFO  k.p.s.c.buildsystem.ProjectBuilder - main project[sample_test]'s message client codec file[Echo][D:\gitsinnori\sinnori\project\sample_test\client_build\web_build\src\main\java\kr\pe\sinnori\impl\message] creation task start
09:46:07.125 [main] INFO  k.p.s.c.buildsystem.ProjectBuilder - main project[sample_test]'s message client codec file[Echo][D:\gitsinnori\sinnori\project\sample_test\client_build\web_build\src\main\java\kr\pe\sinnori\impl\message] creation task end
09:46:07.125 [main] INFO  k.p.s.common.util.CommonStaticUtil - the new child relative direcotry[D:\gitsinnori\sinnori\project\sample_test\client_build\web_build\src\main\java\kr\pe\sinnori\impl\message][PublicKeyReq] was created successfully
09:46:07.125 [main] INFO  k.p.s.c.buildsystem.ProjectBuilder - main project[sample_test]'s message file[PublicKeyReq][D:\gitsinnori\sinnori\project\sample_test\client_build\web_build\src\main\java\kr\pe\sinnori\impl\message] creation task start
09:46:07.128 [main] INFO  k.p.s.c.buildsystem.ProjectBuilder - main project[sample_test]'s message file[PublicKeyReq][D:\gitsinnori\sinnori\project\sample_test\client_build\web_build\src\main\java\kr\pe\sinnori\impl\message] creation task end
09:46:07.128 [main] INFO  k.p.s.c.buildsystem.ProjectBuilder - main project[sample_test]'s message decoder file[PublicKeyReq][D:\gitsinnori\sinnori\project\sample_test\client_build\web_build\src\main\java\kr\pe\sinnori\impl\message] creation task start
09:46:07.130 [main] INFO  k.p.s.c.buildsystem.ProjectBuilder - main project[sample_test]'s message decoder file[PublicKeyReq][D:\gitsinnori\sinnori\project\sample_test\client_build\web_build\src\main\java\kr\pe\sinnori\impl\message] creation task end
09:46:07.209 [main] INFO  k.p.s.c.buildsystem.ProjectBuilder - main project[sample_test]'s message encoder file[PublicKeyReq][D:\gitsinnori\sinnori\project\sample_test\client_build\web_build\src\main\java\kr\pe\sinnori\impl\message] creation task start
09:46:07.215 [main] INFO  k.p.s.c.buildsystem.ProjectBuilder - main project[sample_test]'s message encoder file[PublicKeyReq][D:\gitsinnori\sinnori\project\sample_test\client_build\web_build\src\main\java\kr\pe\sinnori\impl\message] creation task end
09:46:07.215 [main] INFO  k.p.s.c.buildsystem.ProjectBuilder - main project[sample_test]'s message server codec file[PublicKeyReq][D:\gitsinnori\sinnori\project\sample_test\client_build\web_build\src\main\java\kr\pe\sinnori\impl\message] creation task start
09:46:07.218 [main] INFO  k.p.s.c.buildsystem.ProjectBuilder - main project[sample_test]'s message server codec file[PublicKeyReq][D:\gitsinnori\sinnori\project\sample_test\client_build\web_build\src\main\java\kr\pe\sinnori\impl\message] creation task end
09:46:07.219 [main] INFO  k.p.s.c.buildsystem.ProjectBuilder - main project[sample_test]'s message client codec file[PublicKeyReq][D:\gitsinnori\sinnori\project\sample_test\client_build\web_build\src\main\java\kr\pe\sinnori\impl\message] creation task start
09:46:07.222 [main] INFO  k.p.s.c.buildsystem.ProjectBuilder - main project[sample_test]'s message client codec file[PublicKeyReq][D:\gitsinnori\sinnori\project\sample_test\client_build\web_build\src\main\java\kr\pe\sinnori\impl\message] creation task end
09:46:07.223 [main] INFO  k.p.s.common.util.CommonStaticUtil - the new child relative direcotry[D:\gitsinnori\sinnori\project\sample_test\client_build\web_build\src\main\java\kr\pe\sinnori\impl\message][PublicKeyRes] was created successfully
09:46:07.223 [main] INFO  k.p.s.c.buildsystem.ProjectBuilder - main project[sample_test]'s message file[PublicKeyRes][D:\gitsinnori\sinnori\project\sample_test\client_build\web_build\src\main\java\kr\pe\sinnori\impl\message] creation task start
09:46:07.230 [main] INFO  k.p.s.c.buildsystem.ProjectBuilder - main project[sample_test]'s message file[PublicKeyRes][D:\gitsinnori\sinnori\project\sample_test\client_build\web_build\src\main\java\kr\pe\sinnori\impl\message] creation task end
09:46:07.231 [main] INFO  k.p.s.c.buildsystem.ProjectBuilder - main project[sample_test]'s message decoder file[PublicKeyRes][D:\gitsinnori\sinnori\project\sample_test\client_build\web_build\src\main\java\kr\pe\sinnori\impl\message] creation task start
09:46:07.238 [main] INFO  k.p.s.c.buildsystem.ProjectBuilder - main project[sample_test]'s message decoder file[PublicKeyRes][D:\gitsinnori\sinnori\project\sample_test\client_build\web_build\src\main\java\kr\pe\sinnori\impl\message] creation task end
09:46:07.238 [main] INFO  k.p.s.c.buildsystem.ProjectBuilder - main project[sample_test]'s message encoder file[PublicKeyRes][D:\gitsinnori\sinnori\project\sample_test\client_build\web_build\src\main\java\kr\pe\sinnori\impl\message] creation task start
09:46:07.245 [main] INFO  k.p.s.c.buildsystem.ProjectBuilder - main project[sample_test]'s message encoder file[PublicKeyRes][D:\gitsinnori\sinnori\project\sample_test\client_build\web_build\src\main\java\kr\pe\sinnori\impl\message] creation task end
09:46:07.245 [main] INFO  k.p.s.c.buildsystem.ProjectBuilder - main project[sample_test]'s message server codec file[PublicKeyRes][D:\gitsinnori\sinnori\project\sample_test\client_build\web_build\src\main\java\kr\pe\sinnori\impl\message] creation task start
09:46:07.248 [main] INFO  k.p.s.c.buildsystem.ProjectBuilder - main project[sample_test]'s message server codec file[PublicKeyRes][D:\gitsinnori\sinnori\project\sample_test\client_build\web_build\src\main\java\kr\pe\sinnori\impl\message] creation task end
09:46:07.248 [main] INFO  k.p.s.c.buildsystem.ProjectBuilder - main project[sample_test]'s message client codec file[PublicKeyRes][D:\gitsinnori\sinnori\project\sample_test\client_build\web_build\src\main\java\kr\pe\sinnori\impl\message] creation task start
09:46:07.252 [main] INFO  k.p.s.c.buildsystem.ProjectBuilder - main project[sample_test]'s message client codec file[PublicKeyRes][D:\gitsinnori\sinnori\project\sample_test\client_build\web_build\src\main\java\kr\pe\sinnori\impl\message] creation task end
09:46:07.252 [main] INFO  k.p.s.c.buildsystem.ProjectBuilder - main project[sample_test]'s web client message io file set creation task end
09:46:07.252 [main] INFO  k.p.s.c.buildsystem.ProjectBuilder - mainproject[sample_test]'s web client sample source files copy task start
09:46:07.319 [main] INFO  k.p.s.c.buildsystem.ProjectBuilder - mainproject[sample_test]'s web client sample source files copy task end
09:46:07.319 [main] INFO  k.p.s.c.buildsystem.ProjectBuilder - main project[sample_test]'s web client build system files creation task end
09:46:07.319 [main] INFO  k.p.s.c.buildsystem.ProjectBuilder - main project[sample_test]'s web root sample files creation task start
09:46:07.319 [main] INFO  k.p.s.c.buildsystem.ProjectBuilder - main project[sample_test]'s web root sample files copy task start
09:46:07.324 [main] INFO  k.p.s.c.buildsystem.ProjectBuilder - main project[sample_test]'s web root sample files copy task end
09:46:07.324 [main] INFO  k.p.s.c.buildsystem.ProjectBuilder - main project[sample_test]'s web root sample files creation task end
09:46:07.324 [main] INFO  k.p.s.c.buildsystem.ProjectBuilder - main project[sample_test]'s file creation task end
09:46:07.324 [main] INFO  k.p.s.c.config.SinnoriConfiguration - item key[sessionkey.rsa.publickey.file.value]'s value is null because its status is inactive
09:46:07.324 [main] INFO  k.p.s.c.config.SinnoriConfiguration - item key[sessionkey.rsa.privatekey.file.value]'s value is null because its status is inactive
09:46:07.325 [main] INFO  k.p.s.c.config.SinnoriConfiguration - item key[sessionkey.rsa.publickey.file.value]'s value is null because its status is inactive
09:46:07.325 [main] INFO  k.p.s.c.config.SinnoriConfiguration - item key[sessionkey.rsa.privatekey.file.value]'s value is null because its status is inactive
09:46:07.325 [main] INFO  k.p.s.c.buildsystem.ProjectBuilder - main project[sample_test]'s config file overwrite task start
09:46:07.329 [main] INFO  k.p.s.c.buildsystem.ProjectBuilder - main project[sample_test]'s config file overwrite task end
09:46:07.329 [main] INFO  k.p.s.c.config.SinnoriConfiguration - item key[sessionkey.rsa.publickey.file.value]'s value is null because its status is inactive
09:46:07.329 [main] INFO  k.p.s.c.config.SinnoriConfiguration - item key[sessionkey.rsa.privatekey.file.value]'s value is null because its status is inactive
09:46:07.333 [main] INFO  k.p.s.c.buildsystem.ProjectBuilder - main project[sample_test]'s server dos shell file overwrite task start
09:46:07.334 [main] INFO  k.p.s.c.buildsystem.ProjectBuilder - main project[sample_test]'s server dos shell file overwrite task end
09:46:07.334 [main] INFO  k.p.s.c.buildsystem.ProjectBuilder - main project[sample_test]'s application client dos shell file  overwrite task start
09:46:07.337 [main] INFO  k.p.s.c.buildsystem.ProjectBuilder - main project[sample_test]'s application client dos shell file overwrite task end
09:46:07.337 [main] INFO  k.p.s.c.config.SinnoriConfiguration - item key[sessionkey.rsa.publickey.file.value]'s value is null because its status is inactive
09:46:07.337 [main] INFO  k.p.s.c.config.SinnoriConfiguration - item key[sessionkey.rsa.privatekey.file.value]'s value is null because its status is inactive
09:46:07.338 [main] INFO  k.p.s.c.config.SinnoriConfiguration - item key[sessionkey.rsa.publickey.file.value]'s value is null because its status is inactive
09:46:07.338 [main] INFO  k.p.s.c.config.SinnoriConfiguration - item key[sessionkey.rsa.privatekey.file.value]'s value is null because its status is inactive
09:46:07.387 [main] INFO  k.p.s.c.buildsystem.ProjectBuilder - main project[sample_test]'s child direcotry creation task start
09:46:07.387 [main] INFO  k.p.s.c.buildsystem.ProjectBuilder - main project[sample_test]'s common child direcotry creation task start
09:46:07.388 [main] INFO  k.p.s.common.util.CommonStaticUtil - the new child relative direcotry[D:\gitsinnori\sinnori\project\sample_test][config] was created successfully
09:46:07.388 [main] INFO  k.p.s.common.util.CommonStaticUtil - the new child relative direcotry[D:\gitsinnori\sinnori\project\sample_test][resources/dbcp] was created successfully
09:46:07.388 [main] INFO  k.p.s.common.util.CommonStaticUtil - the new child relative direcotry[D:\gitsinnori\sinnori\project\sample_test][resources/message_info] was created successfully
09:46:07.388 [main] INFO  k.p.s.common.util.CommonStaticUtil - the new child relative direcotry[D:\gitsinnori\sinnori\project\sample_test][resources/rsa_keypair] was created successfully
09:46:07.389 [main] INFO  k.p.s.common.util.CommonStaticUtil - the new child relative direcotry[D:\gitsinnori\sinnori\project\sample_test][log/apache] was created successfully
09:46:07.389 [main] INFO  k.p.s.common.util.CommonStaticUtil - the new child relative direcotry[D:\gitsinnori\sinnori\project\sample_test][log/client] was created successfully
09:46:07.389 [main] INFO  k.p.s.common.util.CommonStaticUtil - the new child relative direcotry[D:\gitsinnori\sinnori\project\sample_test][log/server] was created successfully
09:46:07.389 [main] INFO  k.p.s.common.util.CommonStaticUtil - the new child relative direcotry[D:\gitsinnori\sinnori\project\sample_test][log/servlet] was created successfully
09:46:07.389 [main] INFO  k.p.s.c.buildsystem.ProjectBuilder - main project[sample_test]'s common child direcotry creation task end
09:46:07.389 [main] INFO  k.p.s.c.buildsystem.ProjectBuilder - main project[sample_test]'s server child direcotry creation task start
09:46:07.390 [main] INFO  k.p.s.common.util.CommonStaticUtil - the new child relative direcotry[D:\gitsinnori\sinnori\project\sample_test][server_build/APP-INF/classes] was created successfully
09:46:07.390 [main] INFO  k.p.s.common.util.CommonStaticUtil - the new child relative direcotry[D:\gitsinnori\sinnori\project\sample_test][server_build/corelib/ex] was created successfully
09:46:07.390 [main] INFO  k.p.s.common.util.CommonStaticUtil - the new child relative direcotry[D:\gitsinnori\sinnori\project\sample_test][server_build/corelib/in] was created successfully
09:46:07.391 [main] INFO  k.p.s.common.util.CommonStaticUtil - the new child relative direcotry[D:\gitsinnori\sinnori\project\sample_test][server_build/lib/main/ex] was created successfully
09:46:07.391 [main] INFO  k.p.s.common.util.CommonStaticUtil - the new child relative direcotry[D:\gitsinnori\sinnori\project\sample_test][server_build/lib/main/in] was created successfully
09:46:07.391 [main] INFO  k.p.s.common.util.CommonStaticUtil - the new child relative direcotry[D:\gitsinnori\sinnori\project\sample_test][server_build/lib/test] was created successfully
09:46:07.393 [main] INFO  k.p.s.common.util.CommonStaticUtil - the new child relative direcotry[D:\gitsinnori\sinnori\project\sample_test][server_build/src/main/java/kr/pe/sinnori/impl/servertask] was created successfully
09:46:07.393 [main] INFO  k.p.s.common.util.CommonStaticUtil - the new child relative direcotry[D:\gitsinnori\sinnori\project\sample_test][server_build/src/main/java/kr/pe/sinnori/impl/message] was created successfully
09:46:07.393 [main] INFO  k.p.s.common.util.CommonStaticUtil - the new child relative direcotry[D:\gitsinnori\sinnori\project\sample_test][server_build/src/main/java/main] was created successfully
09:46:07.394 [main] INFO  k.p.s.common.util.CommonStaticUtil - the new child relative direcotry[D:\gitsinnori\sinnori\project\sample_test][server_build/src/test/java] was created successfully
09:46:07.394 [main] INFO  k.p.s.common.util.CommonStaticUtil - the new child relative direcotry[D:\gitsinnori\sinnori\project\sample_test][server_build/build] was created successfully
09:46:07.464 [main] INFO  k.p.s.common.util.CommonStaticUtil - the new child relative direcotry[D:\gitsinnori\sinnori\project\sample_test][server_build/dist] was created successfully
09:46:07.464 [main] INFO  k.p.s.c.buildsystem.ProjectBuilder - main project[sample_test]'s server child direcotry creation task end
09:46:07.464 [main] INFO  k.p.s.c.buildsystem.ProjectBuilder - main project[sample_test]'s child direcotry creation task end
09:46:07.464 [main] INFO  k.p.s.c.buildsystem.ProjectBuilder - main project[sample_test]'s file creation task start
09:46:07.464 [main] INFO  k.p.s.c.buildsystem.ProjectBuilder - main project[sample_test]'s config file creation task start
09:46:07.465 [main] INFO  k.p.s.c.util.SequencedPropertiesUtil - the sequenced properties file[D:\gitsinnori\sinnori\project\sample_test\config\sinnori.properties] was created
09:46:07.474 [main] INFO  k.p.s.c.buildsystem.ProjectBuilder - main project[sample_test]'s config file creation task end
09:46:07.474 [main] INFO  k.p.s.c.buildsystem.ProjectBuilder - the mainproject[sample_test]'s resources directory copy task start
09:46:07.502 [main] INFO  k.p.s.c.buildsystem.ProjectBuilder - the mainproject[sample_test]'s resources directory copy task end
09:46:07.503 [main] INFO  k.p.s.c.buildsystem.ProjectBuilder - server build system files creation task start
09:46:07.503 [main] INFO  k.p.s.c.buildsystem.ProjectBuilder - main project[sample_test]'s server ant build.xml file creation task start
09:46:07.504 [main] INFO  k.p.s.c.buildsystem.ProjectBuilder - main project[sample_test]'s server ant build.xml file creation task end
09:46:07.504 [main] INFO  k.p.s.c.buildsystem.ProjectBuilder - main project[sample_test]'s server dos shell file creation task start
09:46:07.505 [main] INFO  k.p.s.c.buildsystem.ProjectBuilder - main project[sample_test]'s server dos shell file creation task end
09:46:07.505 [main] INFO  k.p.s.c.buildsystem.ProjectBuilder - main project[sample_test]'s server unix shell file creation task start
09:46:07.506 [main] INFO  k.p.s.c.buildsystem.ProjectBuilder - main project[sample_test]'s server unix shell file creation task end
09:46:07.506 [main] INFO  k.p.s.c.buildsystem.ProjectBuilder - server sample source files copy task start
09:46:07.514 [main] INFO  k.p.s.c.buildsystem.ProjectBuilder - server sample source files copy task end
09:46:07.515 [main] INFO  k.p.s.c.buildsystem.ProjectBuilder - main project[sample_test]'s server message io file set creation task start
09:46:07.515 [main] INFO  k.p.s.common.util.CommonStaticUtil - the new child relative direcotry[D:\gitsinnori\sinnori\project\sample_test\server_build\src\main\java\kr\pe\sinnori\impl\message][Echo] was created successfully
09:46:07.515 [main] INFO  k.p.s.c.buildsystem.ProjectBuilder - main project[sample_test]'s message file[Echo][D:\gitsinnori\sinnori\project\sample_test\server_build\src\main\java\kr\pe\sinnori\impl\message] creation task start
09:46:07.517 [main] INFO  k.p.s.c.buildsystem.ProjectBuilder - main project[sample_test]'s message file[Echo][D:\gitsinnori\sinnori\project\sample_test\server_build\src\main\java\kr\pe\sinnori\impl\message] creation task end
09:46:07.517 [main] INFO  k.p.s.c.buildsystem.ProjectBuilder - main project[sample_test]'s message decoder file[Echo][D:\gitsinnori\sinnori\project\sample_test\server_build\src\main\java\kr\pe\sinnori\impl\message] creation task start
09:46:07.520 [main] INFO  k.p.s.c.buildsystem.ProjectBuilder - main project[sample_test]'s message decoder file[Echo][D:\gitsinnori\sinnori\project\sample_test\server_build\src\main\java\kr\pe\sinnori\impl\message] creation task end
09:46:07.520 [main] INFO  k.p.s.c.buildsystem.ProjectBuilder - main project[sample_test]'s message encoder file[Echo][D:\gitsinnori\sinnori\project\sample_test\server_build\src\main\java\kr\pe\sinnori\impl\message] creation task start
09:46:07.524 [main] INFO  k.p.s.c.buildsystem.ProjectBuilder - main project[sample_test]'s message encoder file[Echo][D:\gitsinnori\sinnori\project\sample_test\server_build\src\main\java\kr\pe\sinnori\impl\message] creation task end
09:46:07.524 [main] INFO  k.p.s.c.buildsystem.ProjectBuilder - main project[sample_test]'s message server codec file[Echo][D:\gitsinnori\sinnori\project\sample_test\server_build\src\main\java\kr\pe\sinnori\impl\message] creation task start
09:46:07.525 [main] INFO  k.p.s.c.buildsystem.ProjectBuilder - main project[sample_test]'s message server codec file[Echo][D:\gitsinnori\sinnori\project\sample_test\server_build\src\main\java\kr\pe\sinnori\impl\message] creation task end
09:46:07.525 [main] INFO  k.p.s.c.buildsystem.ProjectBuilder - main project[sample_test]'s message client codec file[Echo][D:\gitsinnori\sinnori\project\sample_test\server_build\src\main\java\kr\pe\sinnori\impl\message] creation task start
09:46:07.526 [main] INFO  k.p.s.c.buildsystem.ProjectBuilder - main project[sample_test]'s message client codec file[Echo][D:\gitsinnori\sinnori\project\sample_test\server_build\src\main\java\kr\pe\sinnori\impl\message] creation task end
09:46:07.527 [main] INFO  k.p.s.common.util.CommonStaticUtil - the new child relative direcotry[D:\gitsinnori\sinnori\project\sample_test\server_build\src\main\java\kr\pe\sinnori\impl\message][PublicKeyReq] was created successfully
09:46:07.579 [main] INFO  k.p.s.c.buildsystem.ProjectBuilder - main project[sample_test]'s message file[PublicKeyReq][D:\gitsinnori\sinnori\project\sample_test\server_build\src\main\java\kr\pe\sinnori\impl\message] creation task start
09:46:07.582 [main] INFO  k.p.s.c.buildsystem.ProjectBuilder - main project[sample_test]'s message file[PublicKeyReq][D:\gitsinnori\sinnori\project\sample_test\server_build\src\main\java\kr\pe\sinnori\impl\message] creation task end
09:46:07.582 [main] INFO  k.p.s.c.buildsystem.ProjectBuilder - main project[sample_test]'s message decoder file[PublicKeyReq][D:\gitsinnori\sinnori\project\sample_test\server_build\src\main\java\kr\pe\sinnori\impl\message] creation task start
09:46:07.585 [main] INFO  k.p.s.c.buildsystem.ProjectBuilder - main project[sample_test]'s message decoder file[PublicKeyReq][D:\gitsinnori\sinnori\project\sample_test\server_build\src\main\java\kr\pe\sinnori\impl\message] creation task end
09:46:07.585 [main] INFO  k.p.s.c.buildsystem.ProjectBuilder - main project[sample_test]'s message encoder file[PublicKeyReq][D:\gitsinnori\sinnori\project\sample_test\server_build\src\main\java\kr\pe\sinnori\impl\message] creation task start
09:46:07.587 [main] INFO  k.p.s.c.buildsystem.ProjectBuilder - main project[sample_test]'s message encoder file[PublicKeyReq][D:\gitsinnori\sinnori\project\sample_test\server_build\src\main\java\kr\pe\sinnori\impl\message] creation task end
09:46:07.587 [main] INFO  k.p.s.c.buildsystem.ProjectBuilder - main project[sample_test]'s message server codec file[PublicKeyReq][D:\gitsinnori\sinnori\project\sample_test\server_build\src\main\java\kr\pe\sinnori\impl\message] creation task start
09:46:07.589 [main] INFO  k.p.s.c.buildsystem.ProjectBuilder - main project[sample_test]'s message server codec file[PublicKeyReq][D:\gitsinnori\sinnori\project\sample_test\server_build\src\main\java\kr\pe\sinnori\impl\message] creation task end
09:46:07.589 [main] INFO  k.p.s.c.buildsystem.ProjectBuilder - main project[sample_test]'s message client codec file[PublicKeyReq][D:\gitsinnori\sinnori\project\sample_test\server_build\src\main\java\kr\pe\sinnori\impl\message] creation task start
09:46:07.591 [main] INFO  k.p.s.c.buildsystem.ProjectBuilder - main project[sample_test]'s message client codec file[PublicKeyReq][D:\gitsinnori\sinnori\project\sample_test\server_build\src\main\java\kr\pe\sinnori\impl\message] creation task end
09:46:07.591 [main] INFO  k.p.s.common.util.CommonStaticUtil - the new child relative direcotry[D:\gitsinnori\sinnori\project\sample_test\server_build\src\main\java\kr\pe\sinnori\impl\message][PublicKeyRes] was created successfully
09:46:07.591 [main] INFO  k.p.s.c.buildsystem.ProjectBuilder - main project[sample_test]'s message file[PublicKeyRes][D:\gitsinnori\sinnori\project\sample_test\server_build\src\main\java\kr\pe\sinnori\impl\message] creation task start
09:46:07.594 [main] INFO  k.p.s.c.buildsystem.ProjectBuilder - main project[sample_test]'s message file[PublicKeyRes][D:\gitsinnori\sinnori\project\sample_test\server_build\src\main\java\kr\pe\sinnori\impl\message] creation task end
09:46:07.594 [main] INFO  k.p.s.c.buildsystem.ProjectBuilder - main project[sample_test]'s message decoder file[PublicKeyRes][D:\gitsinnori\sinnori\project\sample_test\server_build\src\main\java\kr\pe\sinnori\impl\message] creation task start
09:46:07.597 [main] INFO  k.p.s.c.buildsystem.ProjectBuilder - main project[sample_test]'s message decoder file[PublicKeyRes][D:\gitsinnori\sinnori\project\sample_test\server_build\src\main\java\kr\pe\sinnori\impl\message] creation task end
09:46:07.597 [main] INFO  k.p.s.c.buildsystem.ProjectBuilder - main project[sample_test]'s message encoder file[PublicKeyRes][D:\gitsinnori\sinnori\project\sample_test\server_build\src\main\java\kr\pe\sinnori\impl\message] creation task start
09:46:07.599 [main] INFO  k.p.s.c.buildsystem.ProjectBuilder - main project[sample_test]'s message encoder file[PublicKeyRes][D:\gitsinnori\sinnori\project\sample_test\server_build\src\main\java\kr\pe\sinnori\impl\message] creation task end
09:46:07.599 [main] INFO  k.p.s.c.buildsystem.ProjectBuilder - main project[sample_test]'s message server codec file[PublicKeyRes][D:\gitsinnori\sinnori\project\sample_test\server_build\src\main\java\kr\pe\sinnori\impl\message] creation task start
09:46:07.601 [main] INFO  k.p.s.c.buildsystem.ProjectBuilder - main project[sample_test]'s message server codec file[PublicKeyRes][D:\gitsinnori\sinnori\project\sample_test\server_build\src\main\java\kr\pe\sinnori\impl\message] creation task end
09:46:07.601 [main] INFO  k.p.s.c.buildsystem.ProjectBuilder - main project[sample_test]'s message client codec file[PublicKeyRes][D:\gitsinnori\sinnori\project\sample_test\server_build\src\main\java\kr\pe\sinnori\impl\message] creation task start
09:46:07.602 [main] INFO  k.p.s.c.buildsystem.ProjectBuilder - main project[sample_test]'s message client codec file[PublicKeyRes][D:\gitsinnori\sinnori\project\sample_test\server_build\src\main\java\kr\pe\sinnori\impl\message] creation task end
09:46:07.602 [main] INFO  k.p.s.c.buildsystem.ProjectBuilder - main project[sample_test]'s server message io file set creation task end
09:46:07.602 [main] INFO  k.p.s.c.buildsystem.ProjectBuilder - server build system files creation task end
09:46:07.602 [main] INFO  k.p.s.c.buildsystem.ProjectBuilder - main project[sample_test]'s file creation task end
]]></system-out>
  <system-err><![CDATA[]]></system-err>
</testsuite>
