<?xml version="1.0" encoding="UTF-8" ?>
<testsuite errors="0" failures="0" hostname="madang02-pc" name="kr.pe.sinnori.client.asyn.AsynPrivateMailboxTest" skipped="0" tests="2" time="17.41" timestamp="2018-03-09T23:24:26">
  <properties>
    <property name="java.vendor" value="Oracle Corporation" />
    <property name="dir.build" value="D:\gitsinnori\sinnori\core_build\build" />
    <property name="sun.java.launcher" value="SUN_STANDARD" />
    <property name="sun.management.compiler" value="HotSpot 64-Bit Tiered Compilers" />
    <property name="dir.dist" value="D:\gitsinnori\sinnori\core_build\dist" />
    <property name="os.name" value="Windows 10" />
    <property name="sun.boot.class.path" value="C:\Program Files\Java\jdk1.8.0_131\jre\lib\resources.jar;C:\Program Files\Java\jdk1.8.0_131\jre\lib\rt.jar;C:\Program Files\Java\jdk1.8.0_131\jre\lib\sunrsasign.jar;C:\Program Files\Java\jdk1.8.0_131\jre\lib\jsse.jar;C:\Program Files\Java\jdk1.8.0_131\jre\lib\jce.jar;C:\Program Files\Java\jdk1.8.0_131\jre\lib\charsets.jar;C:\Program Files\Java\jdk1.8.0_131\jre\lib\jfr.jar;C:\Program Files\Java\jdk1.8.0_131\jre\classes" />
    <property name="sun.desktop" value="windows" />
    <property name="java.vm.specification.vendor" value="Oracle Corporation" />
    <property name="ant.home" value="D:\apache-ant-1.10.0\bin\.." />
    <property name="java.runtime.version" value="1.8.0_131-b11" />
    <property name="user.name" value="madang03" />
    <property name="dir.report" value="D:\gitsinnori\sinnori\core_build\report" />
    <property name="user.language" value="ko" />
    <property name="sun.boot.library.path" value="C:\Program Files\Java\jdk1.8.0_131\jre\bin" />
    <property name="ant.project.default-target" value="make.core" />
    <property name="ant.project.name" value="sinnori_core_build" />
    <property name="java.version" value="1.8.0_131" />
    <property name="user.timezone" value="" />
    <property name="java.complile.option.debug" value="on" />
    <property name="sun.arch.data.model" value="64" />
    <property name="java.endorsed.dirs" value="C:\Program Files\Java\jdk1.8.0_131\jre\lib\endorsed" />
    <property name="sun.cpu.isalist" value="amd64" />
    <property name="sun.jnu.encoding" value="MS949" />
    <property name="file.encoding.pkg" value="sun.io" />
    <property name="file.separator" value="\" />
    <property name="dir.appinf" value="D:\gitsinnori\sinnori\core_build\APP-INF" />
    <property name="java.specification.name" value="Java Platform API Specification" />
    <property name="java.class.version" value="52.0" />
    <property name="dir.testlib" value="D:\gitsinnori\sinnori\core_build\lib\test" />
    <property name="user.country" value="KR" />
    <property name="java.home" value="C:\Program Files\Java\jdk1.8.0_131\jre" />
    <property name="ant.file.sinnori_core_build" value="D:\gitsinnori\sinnori\core_build\build.xml" />
    <property name="java.vm.info" value="mixed mode" />
    <property name="ant.file" value="D:\gitsinnori\sinnori\core_build\build.xml" />
    <property name="os.version" value="10.0" />
    <property name="path.separator" value=";" />
    <property name="java.vm.version" value="25.131-b11" />
    <property name="user.variant" value="" />
    <property name="ant.library.dir" value="D:\apache-ant-1.10.0\lib" />
    <property name="java.awt.printerjob" value="sun.awt.windows.WPrinterJob" />
    <property name="sun.io.unicode.encoding" value="UnicodeLittle" />
    <property name="awt.toolkit" value="sun.awt.windows.WToolkit" />
    <property name="sun.stdout.encoding" value="ms949" />
    <property name="user.script" value="" />
    <property name="user.home" value="C:\Users\user" />
    <property name="java.specification.vendor" value="Oracle Corporation" />
    <property name="java.library.path" value="C:\Program Files\Java\jdk1.8.0_131\jre\bin;C:\WINDOWS\Sun\Java\bin;C:\WINDOWS\system32;C:\WINDOWS;C:\ProgramData\Oracle\Java\javapath;C:\Windows\system32;C:\Windows;C:\Windows\System32\Wbem;C:\Windows\System32\WindowsPowerShell\v1.0\;C:\Program Files (x86)\NVIDIA Corporation\PhysX\Common;C:\Program Files\Java\jdk1.8.0_131\bin;C:\Program Files\Git\cmd;D:\apache-ant-1.10.0\bin;C:\WINDOWS\system32;C:\WINDOWS;C:\WINDOWS\System32\Wbem;C:\WINDOWS\System32\WindowsPowerShell\v1.0\;D:\gradle-4.5\bin;C:\Users\user\AppData\Local\Microsoft\WindowsApps;;." />
    <property name="java.vendor.url" value="http://java.oracle.com/" />
    <property name="ant.file.type.sinnori_core_build" value="file" />
    <property name="java.vm.vendor" value="Oracle Corporation" />
    <property name="dir.src" value="D:\gitsinnori\sinnori\core_build\src\main\java" />
    <property name="java.runtime.name" value="Java(TM) SE Runtime Environment" />
    <property name="sun.java.command" value="org.apache.tools.ant.taskdefs.optional.junit.JUnitTestRunner kr.pe.sinnori.client.asyn.AsynPrivateMailboxTest skipNonTests=false filtertrace=true haltOnError=true haltOnFailure=true formatter=org.apache.tools.ant.taskdefs.optional.junit.SummaryJUnitResultFormatter showoutput=true outputtoformatters=true logfailedtests=true threadid=0 logtestlistenerevents=false formatter=org.apache.tools.ant.taskdefs.optional.junit.XMLJUnitResultFormatter,D:\gitsinnori\sinnori\core_build\report\TEST-kr.pe.sinnori.client.asyn.AsynPrivateMailboxTest.xml crashfile=D:\gitsinnori\sinnori\core_build\junitvmwatcher4260275702658253871.properties propsfile=D:\gitsinnori\sinnori\core_build\junit6245100869573804085.properties" />
    <property name="java.class.path" value="D:\gitsinnori\sinnori\core_build\dist\sinnori-core.jar;D:\gitsinnori\sinnori\core_build\lib\main\ex\commons-codec-1.9.jar;D:\gitsinnori\sinnori\core_build\lib\main\ex\commons-collections4-4.1.jar;D:\gitsinnori\sinnori\core_build\lib\main\ex\commons-dbcp2-2.0.1.jar;D:\gitsinnori\sinnori\core_build\lib\main\ex\commons-io-2.5.jar;D:\gitsinnori\sinnori\core_build\lib\main\ex\commons-pool2-2.2.jar;D:\gitsinnori\sinnori\core_build\lib\main\ex\jcl-over-slf4j-1.7.7.jar;D:\gitsinnori\sinnori\core_build\lib\main\ex\json-simple-1.1.1.jar;D:\gitsinnori\sinnori\core_build\lib\main\ex\logback-classic-1.1.2.jar;D:\gitsinnori\sinnori\core_build\lib\main\ex\logback-core-1.1.2.jar;D:\gitsinnori\sinnori\core_build\lib\main\ex\mybatis-3.3.0-SNAPSHOT.jar;D:\gitsinnori\sinnori\core_build\lib\main\ex\mysql-connector-java-5.1.37-bin.jar;D:\gitsinnori\sinnori\core_build\lib\main\ex\slf4j-api-1.7.7.jar;D:\gitsinnori\sinnori\core_build\lib\test\byte-buddy-1.7.9.jar;D:\gitsinnori\sinnori\core_build\lib\test\byte-buddy-agent-1.7.9.jar;D:\gitsinnori\sinnori\core_build\lib\test\commons-exec-1.3.jar;D:\gitsinnori\sinnori\core_build\lib\test\hamcrest-core-1.3.jar;D:\gitsinnori\sinnori\core_build\lib\test\junit-4.12.jar;D:\gitsinnori\sinnori\core_build\lib\test\mockito-core-2.13.4.jar;D:\gitsinnori\sinnori\core_build\lib\test\objenesis-2.6.jar;D:\gitsinnori\sinnori\core_build\build\test;D:\apache-ant-1.10.0\lib\ant-launcher.jar;D:\apache-ant-1.10.0\lib\ant.jar;D:\apache-ant-1.10.0\lib\ant-junit.jar;D:\apache-ant-1.10.0\lib\ant-junit4.jar" />
    <property name="ant.version" value="Apache Ant(TM) version 1.10.0 compiled on December 27 2016" />
    <property name="dir.testsrc" value="D:\gitsinnori\sinnori\core_build\src\test\java" />
    <property name="java.vm.specification.name" value="Java Virtual Machine Specification" />
    <property name="ant.file.type" value="file" />
    <property name="java.vm.specification.version" value="1.8" />
    <property name="sun.cpu.endian" value="little" />
    <property name="sun.os.patch.level" value="" />
    <property name="dir.mainlib" value="D:\gitsinnori\sinnori\core_build\lib\main" />
    <property name="java.io.tmpdir" value="C:\Users\user\AppData\Local\Temp\" />
    <property name="java.vendor.url.bug" value="http://bugreport.sun.com/bugreport/" />
    <property name="os.arch" value="amd64" />
    <property name="java.awt.graphicsenv" value="sun.awt.Win32GraphicsEnvironment" />
    <property name="java.ext.dirs" value="C:\Program Files\Java\jdk1.8.0_131\jre\lib\ext;C:\WINDOWS\Sun\Java\lib\ext" />
    <property name="user.dir" value="D:\gitsinnori\sinnori\core_build" />
    <property name="line.separator" value="&#xd;&#xa;" />
    <property name="java.vm.name" value="Java HotSpot(TM) 64-Bit Server VM" />
    <property name="basedir" value="D:\gitsinnori\sinnori\core_build" />
    <property name="ant.java.version" value="1.8" />
    <property name="ant.core.lib" value="D:\apache-ant-1.10.0\lib\ant.jar" />
    <property name="dir.guilib" value="D:\gitsinnori\sinnori\core_build\guilib" />
    <property name="file.encoding" value="MS949" />
    <property name="sun.stderr.encoding" value="ms949" />
    <property name="java.specification.version" value="1.8" />
    <property name="ant.project.invoked-targets" value="test" />
  </properties>
  <testcase classname="kr.pe.sinnori.client.asyn.AsynPrivateMailboxTest" name="test_생산자소비자쓰레드테스트" time="17.325" />
  <testcase classname="kr.pe.sinnori.client.asyn.AsynPrivateMailboxTest" name="testputToSyncOutputMessageQueue_2번연속호출하여큐를비우는로직테스트" time="0.031" />
  <system-out><![CDATA[2018-03-10 08:24:26,196 INFO  [Thread-0] AsynPrivateMailboxProducerThread::toLetter=LetterToServer [toSocketChannel=779845296, messageID=Echo, mailboxID=1, mailID=-2147483648, wrapBufferList size=0] (AsynPrivateMailboxProducerThread.java:75)
2018-03-10 08:24:26,196 INFO  [Thread-4] AsynPrivateMailboxProducerThread::toLetter=LetterToServer [toSocketChannel=252521007, messageID=Echo, mailboxID=2, mailID=-2147483648, wrapBufferList size=0] (AsynPrivateMailboxProducerThread.java:75)
2018-03-10 08:24:26,710 WARN  [Thread-0] mailboxID=1, mailID=-2147483648 (AsynPrivateMailboxProducerThread.java:86)
2018-03-10 08:24:26,710 WARN  [Thread-4] mailboxID=2, mailID=-2147483648 (AsynPrivateMailboxProducerThread.java:86)
2018-03-10 08:24:26,711 INFO  [Thread-0] AsynPrivateMailboxProducerThread::toLetter=LetterToServer [toSocketChannel=408032441, messageID=Echo, mailboxID=1, mailID=-2147483647, wrapBufferList size=0] (AsynPrivateMailboxProducerThread.java:75)
2018-03-10 08:24:26,711 INFO  [Thread-4] AsynPrivateMailboxProducerThread::toLetter=LetterToServer [toSocketChannel=1242543530, messageID=Echo, mailboxID=2, mailID=-2147483647, wrapBufferList size=0] (AsynPrivateMailboxProducerThread.java:75)
2018-03-10 08:24:27,203 INFO  [Thread-2] 소켓 타임 아웃 발생 (AsynPrivateMailboxProducerThread.java:60)
2018-03-10 08:24:27,203 INFO  [Thread-3] 소켓 타임 아웃 발생 (AsynPrivateMailboxProducerThread.java:60)
2018-03-10 08:24:27,203 INFO  [Thread-1] 소켓 타임 아웃 발생 (AsynPrivateMailboxProducerThread.java:60)
2018-03-10 08:24:27,213 WARN  [Thread-4] mailboxID=2, mailID=-2147483647 (AsynPrivateMailboxProducerThread.java:86)
2018-03-10 08:24:27,213 WARN  [Thread-0] mailboxID=1, mailID=-2147483647 (AsynPrivateMailboxProducerThread.java:86)
2018-03-10 08:24:27,214 INFO  [Thread-4] AsynPrivateMailboxProducerThread::toLetter=LetterToServer [toSocketChannel=1700784653, messageID=Echo, mailboxID=2, mailID=-2147483646, wrapBufferList size=0] (AsynPrivateMailboxProducerThread.java:75)
2018-03-10 08:24:27,214 INFO  [Thread-0] AsynPrivateMailboxProducerThread::toLetter=LetterToServer [toSocketChannel=1125681936, messageID=Echo, mailboxID=1, mailID=-2147483646, wrapBufferList size=0] (AsynPrivateMailboxProducerThread.java:75)
2018-03-10 08:24:27,716 WARN  [Thread-0] mailboxID=1, mailID=-2147483646 (AsynPrivateMailboxProducerThread.java:86)
2018-03-10 08:24:27,716 WARN  [Thread-4] mailboxID=2, mailID=-2147483646 (AsynPrivateMailboxProducerThread.java:86)
2018-03-10 08:24:27,717 INFO  [Thread-1] AsynPrivateMailboxProducerThread::toLetter=LetterToServer [toSocketChannel=655279522, messageID=Echo, mailboxID=1, mailID=-2147483645, wrapBufferList size=0] (AsynPrivateMailboxProducerThread.java:75)
2018-03-10 08:24:27,717 INFO  [Thread-4] AsynPrivateMailboxProducerThread::toLetter=LetterToServer [toSocketChannel=2072977152, messageID=Echo, mailboxID=2, mailID=-2147483645, wrapBufferList size=0] (AsynPrivateMailboxProducerThread.java:75)
2018-03-10 08:24:27,728 WARN  [Thread-5] drop the received message[FromLetter [fromSC=24018534, wrapReadableMiddleObject[messageID=Echo, mailboxID=2, mailID=-2147483648]]] because it's mail id is different form this mailbox's mail id[-2147483645] (AsynPrivateMailbox.java:111)
2018-03-10 08:24:28,204 INFO  [Thread-2] 소켓 타임 아웃 발생 (AsynPrivateMailboxProducerThread.java:60)
2018-03-10 08:24:28,204 INFO  [Thread-3] 소켓 타임 아웃 발생 (AsynPrivateMailboxProducerThread.java:60)
2018-03-10 08:24:28,218 WARN  [Thread-1] mailboxID=1, mailID=-2147483645 (AsynPrivateMailboxProducerThread.java:86)
2018-03-10 08:24:28,219 INFO  [Thread-1] AsynPrivateMailboxProducerThread::toLetter=LetterToServer [toSocketChannel=701050675, messageID=Echo, mailboxID=1, mailID=-2147483644, wrapBufferList size=0] (AsynPrivateMailboxProducerThread.java:75)
2018-03-10 08:24:28,219 WARN  [Thread-4] mailboxID=2, mailID=-2147483645 (AsynPrivateMailboxProducerThread.java:86)
2018-03-10 08:24:28,219 INFO  [Thread-4] AsynPrivateMailboxProducerThread::toLetter=LetterToServer [toSocketChannel=490020364, messageID=Echo, mailboxID=2, mailID=-2147483644, wrapBufferList size=0] (AsynPrivateMailboxProducerThread.java:75)
2018-03-10 08:24:28,718 INFO  [Thread-0] 소켓 타임 아웃 발생 (AsynPrivateMailboxProducerThread.java:60)
2018-03-10 08:24:28,720 WARN  [Thread-1] mailboxID=1, mailID=-2147483644 (AsynPrivateMailboxProducerThread.java:86)
2018-03-10 08:24:28,721 WARN  [Thread-4] mailboxID=2, mailID=-2147483644 (AsynPrivateMailboxProducerThread.java:86)
2018-03-10 08:24:28,721 INFO  [Thread-1] AsynPrivateMailboxProducerThread::toLetter=LetterToServer [toSocketChannel=771141330, messageID=Echo, mailboxID=1, mailID=-2147483643, wrapBufferList size=0] (AsynPrivateMailboxProducerThread.java:75)
2018-03-10 08:24:28,722 INFO  [Thread-4] AsynPrivateMailboxProducerThread::toLetter=LetterToServer [toSocketChannel=706759397, messageID=Echo, mailboxID=2, mailID=-2147483643, wrapBufferList size=0] (AsynPrivateMailboxProducerThread.java:75)
2018-03-10 08:24:29,205 INFO  [Thread-2] 소켓 타임 아웃 발생 (AsynPrivateMailboxProducerThread.java:60)
2018-03-10 08:24:29,205 INFO  [Thread-3] 소켓 타임 아웃 발생 (AsynPrivateMailboxProducerThread.java:60)
2018-03-10 08:24:29,223 WARN  [Thread-1] mailboxID=1, mailID=-2147483643 (AsynPrivateMailboxProducerThread.java:86)
2018-03-10 08:24:29,224 INFO  [Thread-1] AsynPrivateMailboxProducerThread::toLetter=LetterToServer [toSocketChannel=1760830728, messageID=Echo, mailboxID=1, mailID=-2147483642, wrapBufferList size=0] (AsynPrivateMailboxProducerThread.java:75)
2018-03-10 08:24:29,719 INFO  [Thread-0] 소켓 타임 아웃 발생 (AsynPrivateMailboxProducerThread.java:60)
2018-03-10 08:24:30,040 WARN  [Thread-7] drop the received message[FromLetter [fromSC=1667349884, wrapReadableMiddleObject[messageID=Echo, mailboxID=1, mailID=-2147483647]]] because it's mail id is different form this mailbox's mail id[-2147483642] (AsynPrivateMailbox.java:111)
2018-03-10 08:24:30,207 INFO  [Thread-2] 소켓 타임 아웃 발생 (AsynPrivateMailboxProducerThread.java:60)
2018-03-10 08:24:30,207 INFO  [Thread-3] 소켓 타임 아웃 발생 (AsynPrivateMailboxProducerThread.java:60)
2018-03-10 08:24:30,216 WARN  [Thread-8] drop the received message[FromLetter [fromSC=1418843802, wrapReadableMiddleObject[messageID=Echo, mailboxID=2, mailID=-2147483647]]] because it's mail id is different form this mailbox's mail id[-2147483643] (AsynPrivateMailbox.java:111)
2018-03-10 08:24:30,495 WARN  [Thread-6] drop the received message[FromLetter [fromSC=1191370433, wrapReadableMiddleObject[messageID=Echo, mailboxID=1, mailID=-2147483648]]] because it's mail id is different form this mailbox's mail id[-2147483642] (AsynPrivateMailbox.java:111)
2018-03-10 08:24:30,543 WARN  [Thread-4] mailboxID=2, mailID=-2147483643 (AsynPrivateMailboxProducerThread.java:86)
2018-03-10 08:24:30,544 INFO  [Thread-0] AsynPrivateMailboxProducerThread::toLetter=LetterToServer [toSocketChannel=498973258, messageID=Echo, mailboxID=2, mailID=-2147483642, wrapBufferList size=0] (AsynPrivateMailboxProducerThread.java:75)
2018-03-10 08:24:30,656 WARN  [Thread-5] drop the received message[FromLetter [fromSC=1147985967, wrapReadableMiddleObject[messageID=Echo, mailboxID=1, mailID=-2147483646]]] because it's mail id is different form this mailbox's mail id[-2147483642] (AsynPrivateMailbox.java:111)
2018-03-10 08:24:30,717 WARN  [Thread-1] mailboxID=1, mailID=-2147483642 (AsynPrivateMailboxProducerThread.java:86)
2018-03-10 08:24:30,718 INFO  [Thread-2] AsynPrivateMailboxProducerThread::toLetter=LetterToServer [toSocketChannel=1631235217, messageID=Echo, mailboxID=1, mailID=-2147483641, wrapBufferList size=0] (AsynPrivateMailboxProducerThread.java:75)
2018-03-10 08:24:31,046 WARN  [Thread-0] mailboxID=2, mailID=-2147483642 (AsynPrivateMailboxProducerThread.java:86)
2018-03-10 08:24:31,047 INFO  [Thread-0] AsynPrivateMailboxProducerThread::toLetter=LetterToServer [toSocketChannel=1048810312, messageID=Echo, mailboxID=2, mailID=-2147483641, wrapBufferList size=0] (AsynPrivateMailboxProducerThread.java:75)
2018-03-10 08:24:31,209 INFO  [Thread-3] 소켓 타임 아웃 발생 (AsynPrivateMailboxProducerThread.java:60)
2018-03-10 08:24:31,220 WARN  [Thread-2] mailboxID=1, mailID=-2147483641 (AsynPrivateMailboxProducerThread.java:86)
2018-03-10 08:24:31,221 INFO  [Thread-2] AsynPrivateMailboxProducerThread::toLetter=LetterToServer [toSocketChannel=1878871750, messageID=Echo, mailboxID=1, mailID=-2147483640, wrapBufferList size=0] (AsynPrivateMailboxProducerThread.java:75)
2018-03-10 08:24:31,272 WARN  [Thread-9] drop the received message[FromLetter [fromSC=744886502, wrapReadableMiddleObject[messageID=Echo, mailboxID=2, mailID=-2147483646]]] because it's mail id is different form this mailbox's mail id[-2147483641] (AsynPrivateMailbox.java:111)
2018-03-10 08:24:31,331 WARN  [Thread-6] drop the received message[FromLetter [fromSC=242180391, wrapReadableMiddleObject[messageID=Echo, mailboxID=1, mailID=-2147483644]]] because it's mail id is different form this mailbox's mail id[-2147483640] (AsynPrivateMailbox.java:111)
2018-03-10 08:24:31,546 INFO  [Thread-4] 소켓 타임 아웃 발생 (AsynPrivateMailboxProducerThread.java:60)
2018-03-10 08:24:31,719 INFO  [Thread-1] 소켓 타임 아웃 발생 (AsynPrivateMailboxProducerThread.java:60)
2018-03-10 08:24:31,774 WARN  [Thread-0] mailboxID=2, mailID=-2147483641 (AsynPrivateMailboxProducerThread.java:86)
2018-03-10 08:24:31,775 INFO  [Thread-0] AsynPrivateMailboxProducerThread::toLetter=LetterToServer [toSocketChannel=914145277, messageID=Echo, mailboxID=2, mailID=-2147483640, wrapBufferList size=0] (AsynPrivateMailboxProducerThread.java:75)
2018-03-10 08:24:31,832 WARN  [Thread-2] mailboxID=1, mailID=-2147483640 (AsynPrivateMailboxProducerThread.java:86)
2018-03-10 08:24:31,833 INFO  [Thread-2] AsynPrivateMailboxProducerThread::toLetter=LetterToServer [toSocketChannel=1807927265, messageID=Echo, mailboxID=1, mailID=-2147483639, wrapBufferList size=0] (AsynPrivateMailboxProducerThread.java:75)
2018-03-10 08:24:32,211 INFO  [Thread-3] 소켓 타임 아웃 발생 (AsynPrivateMailboxProducerThread.java:60)
2018-03-10 08:24:32,547 INFO  [Thread-4] 소켓 타임 아웃 발생 (AsynPrivateMailboxProducerThread.java:60)
2018-03-10 08:24:32,721 INFO  [Thread-1] 소켓 타임 아웃 발생 (AsynPrivateMailboxProducerThread.java:60)
2018-03-10 08:24:33,212 INFO  [Thread-3] 소켓 타임 아웃 발생 (AsynPrivateMailboxProducerThread.java:60)
2018-03-10 08:24:33,549 INFO  [Thread-4] 소켓 타임 아웃 발생 (AsynPrivateMailboxProducerThread.java:60)
2018-03-10 08:24:33,722 INFO  [Thread-1] 소켓 타임 아웃 발생 (AsynPrivateMailboxProducerThread.java:60)
2018-03-10 08:24:33,839 WARN  [Thread-5] drop the received message[FromLetter [fromSC=2146001681, wrapReadableMiddleObject[messageID=Echo, mailboxID=2, mailID=-2147483644]]] because it's mail id is different form this mailbox's mail id[-2147483640] (AsynPrivateMailbox.java:111)
2018-03-10 08:24:34,214 INFO  [Thread-3] 소켓 타임 아웃 발생 (AsynPrivateMailboxProducerThread.java:60)
2018-03-10 08:24:34,342 WARN  [Thread-0] mailboxID=2, mailID=-2147483640 (AsynPrivateMailboxProducerThread.java:86)
2018-03-10 08:24:34,342 INFO  [Thread-0] AsynPrivateMailboxProducerThread::toLetter=LetterToServer [toSocketChannel=834400809, messageID=Echo, mailboxID=2, mailID=-2147483639, wrapBufferList size=0] (AsynPrivateMailboxProducerThread.java:75)
2018-03-10 08:24:34,550 INFO  [Thread-4] 소켓 타임 아웃 발생 (AsynPrivateMailboxProducerThread.java:60)
2018-03-10 08:24:34,643 WARN  [Thread-7] drop the received message[FromLetter [fromSC=1839615840, wrapReadableMiddleObject[messageID=Echo, mailboxID=1, mailID=-2147483645]]] because it's mail id is different form this mailbox's mail id[-2147483639] (AsynPrivateMailbox.java:111)
2018-03-10 08:24:34,724 INFO  [Thread-1] 소켓 타임 아웃 발생 (AsynPrivateMailboxProducerThread.java:60)
2018-03-10 08:24:35,145 WARN  [Thread-2] mailboxID=1, mailID=-2147483639 (AsynPrivateMailboxProducerThread.java:86)
2018-03-10 08:24:35,146 INFO  [Thread-2] AsynPrivateMailboxProducerThread::toLetter=LetterToServer [toSocketChannel=784352509, messageID=Echo, mailboxID=1, mailID=-2147483638, wrapBufferList size=0] (AsynPrivateMailboxProducerThread.java:75)
2018-03-10 08:24:35,160 WARN  [Thread-8] drop the received message[FromLetter [fromSC=1515594360, wrapReadableMiddleObject[messageID=Echo, mailboxID=2, mailID=-2147483645]]] because it's mail id is different form this mailbox's mail id[-2147483639] (AsynPrivateMailbox.java:111)
2018-03-10 08:24:35,216 INFO  [Thread-3] 소켓 타임 아웃 발생 (AsynPrivateMailboxProducerThread.java:60)
2018-03-10 08:24:35,662 WARN  [Thread-0] mailboxID=2, mailID=-2147483639 (AsynPrivateMailboxProducerThread.java:86)
2018-03-10 08:24:35,662 INFO  [Thread-0] AsynPrivateMailboxProducerThread::toLetter=LetterToServer [toSocketChannel=1101291966, messageID=Echo, mailboxID=2, mailID=-2147483638, wrapBufferList size=0] (AsynPrivateMailboxProducerThread.java:75)
2018-03-10 08:24:35,725 INFO  [Thread-1] 소켓 타임 아웃 발생 (AsynPrivateMailboxProducerThread.java:60)
2018-03-10 08:24:35,932 WARN  [Thread-9] drop the received message[FromLetter [fromSC=581036826, wrapReadableMiddleObject[messageID=Echo, mailboxID=1, mailID=-2147483643]]] because it's mail id is different form this mailbox's mail id[-2147483638] (AsynPrivateMailbox.java:111)
2018-03-10 08:24:36,217 INFO  [Thread-3] 소켓 타임 아웃 발생 (AsynPrivateMailboxProducerThread.java:60)
2018-03-10 08:24:36,233 WARN  [Thread-6] drop the received message[FromLetter [fromSC=1980759060, wrapReadableMiddleObject[messageID=Echo, mailboxID=2, mailID=-2147483643]]] because it's mail id is different form this mailbox's mail id[-2147483638] (AsynPrivateMailbox.java:111)
2018-03-10 08:24:36,434 WARN  [Thread-2] mailboxID=1, mailID=-2147483638 (AsynPrivateMailboxProducerThread.java:86)
2018-03-10 08:24:36,435 INFO  [Thread-2] AsynPrivateMailboxProducerThread::toLetter=LetterToServer [toSocketChannel=447363984, messageID=Echo, mailboxID=1, mailID=-2147483637, wrapBufferList size=0] (AsynPrivateMailboxProducerThread.java:75)
2018-03-10 08:24:36,733 WARN  [Thread-0] mailboxID=2, mailID=-2147483638 (AsynPrivateMailboxProducerThread.java:86)
2018-03-10 08:24:37,330 WARN  [Thread-9] drop the received message[FromLetter [fromSC=647920534, wrapReadableMiddleObject[messageID=Echo, mailboxID=2, mailID=-2147483641]]] because it's mail id is different form this mailbox's mail id[-2147483637] (AsynPrivateMailbox.java:111)
2018-03-10 08:24:37,832 WARN  [Thread-2] mailboxID=1, mailID=-2147483637 (AsynPrivateMailboxProducerThread.java:86)
2018-03-10 08:24:37,833 INFO  [Thread-2] AsynPrivateMailboxProducerThread::toLetter=LetterToServer [toSocketChannel=530894205, messageID=Echo, mailboxID=2, mailID=-2147483637, wrapBufferList size=0] (AsynPrivateMailboxProducerThread.java:75)
2018-03-10 08:24:37,845 WARN  [Thread-5] drop the received message[FromLetter [fromSC=1977755570, wrapReadableMiddleObject[messageID=Echo, mailboxID=1, mailID=-2147483642]]] because it's mail id is different form this mailbox's mail id[-2147483636] (AsynPrivateMailbox.java:111)
2018-03-10 08:24:38,015 WARN  [Thread-7] drop the received message[FromLetter [fromSC=1771689484, wrapReadableMiddleObject[messageID=Echo, mailboxID=2, mailID=-2147483642]]] because it's mail id is different form this mailbox's mail id[-2147483637] (AsynPrivateMailbox.java:111)
2018-03-10 08:24:38,157 WARN  [Thread-6] drop the received message[FromLetter [fromSC=1988631880, wrapReadableMiddleObject[messageID=Echo, mailboxID=1, mailID=-2147483640]]] because it's mail id is different form this mailbox's mail id[-2147483636] (AsynPrivateMailbox.java:111)
2018-03-10 08:24:38,347 WARN  [Thread-2] mailboxID=2, mailID=-2147483637 (AsynPrivateMailboxProducerThread.java:86)
2018-03-10 08:24:38,348 INFO  [main] call sleep (AsynPrivateMailboxTest.java:116)
2018-03-10 08:24:39,172 WARN  [Thread-8] drop the received message[FromLetter [fromSC=1583988202, wrapReadableMiddleObject[messageID=Echo, mailboxID=1, mailID=-2147483641]]] because it's mail id is different form this mailbox's mail id[-2147483636] (AsynPrivateMailbox.java:111)
2018-03-10 08:24:39,478 WARN  [Thread-8] drop the received message[FromLetter [fromSC=460007491, wrapReadableMiddleObject[messageID=Echo, mailboxID=2, mailID=-2147483638]]] because it's mail id is different form this mailbox's mail id[-2147483636] (AsynPrivateMailbox.java:111)
2018-03-10 08:24:40,112 WARN  [Thread-6] drop the received message[FromLetter [fromSC=657269134, wrapReadableMiddleObject[messageID=Echo, mailboxID=1, mailID=-2147483638]]] because it's mail id is different form this mailbox's mail id[-2147483636] (AsynPrivateMailbox.java:111)
2018-03-10 08:24:40,366 WARN  [Thread-8] drop the received message[FromLetter [fromSC=1100224690, wrapReadableMiddleObject[messageID=Echo, mailboxID=1, mailID=-2147483637]]] because it's mail id is different form this mailbox's mail id[-2147483636] (AsynPrivateMailbox.java:111)
2018-03-10 08:24:40,707 WARN  [Thread-6] drop the received message[FromLetter [fromSC=1379797525, wrapReadableMiddleObject[messageID=Echo, mailboxID=2, mailID=-2147483637]]] because it's mail id is different form this mailbox's mail id[-2147483636] (AsynPrivateMailbox.java:111)
2018-03-10 08:24:41,435 WARN  [Thread-9] drop the received message[FromLetter [fromSC=1671225633, wrapReadableMiddleObject[messageID=Echo, mailboxID=2, mailID=-2147483640]]] because it's mail id is different form this mailbox's mail id[-2147483636] (AsynPrivateMailbox.java:111)
2018-03-10 08:24:41,971 WARN  [Thread-5] drop the received message[FromLetter [fromSC=126745126, wrapReadableMiddleObject[messageID=Echo, mailboxID=1, mailID=-2147483639]]] because it's mail id is different form this mailbox's mail id[-2147483636] (AsynPrivateMailbox.java:111)
2018-03-10 08:24:42,040 WARN  [Thread-7] drop the received message[FromLetter [fromSC=748373339, wrapReadableMiddleObject[messageID=Echo, mailboxID=2, mailID=-2147483639]]] because it's mail id is different form this mailbox's mail id[-2147483636] (AsynPrivateMailbox.java:111)
2018-03-10 08:24:43,390 WARN  [main] clear the old received message[FromLetter [fromSC=89387388, wrapReadableMiddleObject[messageID=Echo, mailboxID=1, mailID=-2147483648]]] from the ouputmessage queue of this mailbox[mailID=-2147483648] becase new message recevied (AsynPrivateMailbox.java:119)
]]></system-out>
  <system-err><![CDATA[]]></system-err>
</testsuite>
