<?xml version="1.0" encoding="UTF-8" ?>
<testsuite errors="0" failures="0" hostname="madang02-pc" name="kr.pe.sinnori.client.asyn.AsynPrivateMailboxTest" skipped="0" tests="2" time="17.672" timestamp="2018-02-27T00:45:09">
  <properties>
    <property name="java.vendor" value="Oracle Corporation" />
    <property name="dir.build" value="D:\gitsinnori\sinnori\core_build\build" />
    <property name="sun.java.launcher" value="SUN_STANDARD" />
    <property name="sun.management.compiler" value="HotSpot 64-Bit Tiered Compilers" />
    <property name="dir.dist" value="D:\gitsinnori\sinnori\core_build\dist" />
    <property name="os.name" value="Windows 10" />
    <property name="sun.boot.class.path" value="C:\Program Files\Java\jdk1.8.0_131\jre\lib\resources.jar;C:\Program Files\Java\jdk1.8.0_131\jre\lib\rt.jar;C:\Program Files\Java\jdk1.8.0_131\jre\lib\sunrsasign.jar;C:\Program Files\Java\jdk1.8.0_131\jre\lib\jsse.jar;C:\Program Files\Java\jdk1.8.0_131\jre\lib\jce.jar;C:\Program Files\Java\jdk1.8.0_131\jre\lib\charsets.jar;C:\Program Files\Java\jdk1.8.0_131\jre\lib\jfr.jar;C:\Program Files\Java\jdk1.8.0_131\jre\classes" />
    <property name="sun.desktop" value="windows" />
    <property name="java.vm.specification.vendor" value="Oracle Corporation" />
    <property name="ant.home" value="D:\apache-ant-1.10.0\bin\.." />
    <property name="java.runtime.version" value="1.8.0_131-b11" />
    <property name="user.name" value="madang03" />
    <property name="dir.report" value="D:\gitsinnori\sinnori\core_build\report" />
    <property name="user.language" value="ko" />
    <property name="sun.boot.library.path" value="C:\Program Files\Java\jdk1.8.0_131\jre\bin" />
    <property name="ant.project.default-target" value="make.core" />
    <property name="ant.project.name" value="sinnori_core_build" />
    <property name="java.version" value="1.8.0_131" />
    <property name="user.timezone" value="" />
    <property name="java.complile.option.debug" value="on" />
    <property name="sun.arch.data.model" value="64" />
    <property name="java.endorsed.dirs" value="C:\Program Files\Java\jdk1.8.0_131\jre\lib\endorsed" />
    <property name="sun.cpu.isalist" value="amd64" />
    <property name="sun.jnu.encoding" value="MS949" />
    <property name="file.encoding.pkg" value="sun.io" />
    <property name="file.separator" value="\" />
    <property name="dir.appinf" value="D:\gitsinnori\sinnori\core_build\APP-INF" />
    <property name="java.specification.name" value="Java Platform API Specification" />
    <property name="java.class.version" value="52.0" />
    <property name="dir.testlib" value="D:\gitsinnori\sinnori\core_build\lib\test" />
    <property name="user.country" value="KR" />
    <property name="java.home" value="C:\Program Files\Java\jdk1.8.0_131\jre" />
    <property name="ant.file.sinnori_core_build" value="D:\gitsinnori\sinnori\core_build\build.xml" />
    <property name="java.vm.info" value="mixed mode" />
    <property name="ant.file" value="D:\gitsinnori\sinnori\core_build\build.xml" />
    <property name="os.version" value="10.0" />
    <property name="path.separator" value=";" />
    <property name="java.vm.version" value="25.131-b11" />
    <property name="user.variant" value="" />
    <property name="ant.library.dir" value="D:\apache-ant-1.10.0\lib" />
    <property name="java.awt.printerjob" value="sun.awt.windows.WPrinterJob" />
    <property name="sun.io.unicode.encoding" value="UnicodeLittle" />
    <property name="awt.toolkit" value="sun.awt.windows.WToolkit" />
    <property name="sun.stdout.encoding" value="ms949" />
    <property name="user.script" value="" />
    <property name="user.home" value="C:\Users\user" />
    <property name="java.specification.vendor" value="Oracle Corporation" />
    <property name="java.library.path" value="C:\Program Files\Java\jdk1.8.0_131\jre\bin;C:\WINDOWS\Sun\Java\bin;C:\WINDOWS\system32;C:\WINDOWS;C:\ProgramData\Oracle\Java\javapath;C:\Windows\system32;C:\Windows;C:\Windows\System32\Wbem;C:\Windows\System32\WindowsPowerShell\v1.0\;C:\Program Files (x86)\NVIDIA Corporation\PhysX\Common;C:\Program Files\Java\jdk1.8.0_131\bin;C:\Program Files\Git\cmd;D:\apache-ant-1.10.0\bin;C:\WINDOWS\system32;C:\WINDOWS;C:\WINDOWS\System32\Wbem;C:\WINDOWS\System32\WindowsPowerShell\v1.0\;D:\gradle-4.5\bin;C:\Users\user\AppData\Local\Microsoft\WindowsApps;;." />
    <property name="java.vendor.url" value="http://java.oracle.com/" />
    <property name="ant.file.type.sinnori_core_build" value="file" />
    <property name="java.vm.vendor" value="Oracle Corporation" />
    <property name="dir.src" value="D:\gitsinnori\sinnori\core_build\src\main\java" />
    <property name="java.runtime.name" value="Java(TM) SE Runtime Environment" />
    <property name="sun.java.command" value="org.apache.tools.ant.taskdefs.optional.junit.JUnitTestRunner kr.pe.sinnori.client.asyn.AsynPrivateMailboxTest skipNonTests=false filtertrace=true haltOnError=true haltOnFailure=true formatter=org.apache.tools.ant.taskdefs.optional.junit.SummaryJUnitResultFormatter showoutput=true outputtoformatters=true logfailedtests=true threadid=0 logtestlistenerevents=false formatter=org.apache.tools.ant.taskdefs.optional.junit.XMLJUnitResultFormatter,D:\gitsinnori\sinnori\core_build\report\TEST-kr.pe.sinnori.client.asyn.AsynPrivateMailboxTest.xml crashfile=D:\gitsinnori\sinnori\core_build\junitvmwatcher7913636423241844132.properties propsfile=D:\gitsinnori\sinnori\core_build\junit8542160712034761169.properties" />
    <property name="java.class.path" value="D:\gitsinnori\sinnori\core_build\dist\sinnori-core.jar;D:\gitsinnori\sinnori\core_build\lib\main\ex\commons-codec-1.9.jar;D:\gitsinnori\sinnori\core_build\lib\main\ex\commons-collections4-4.1.jar;D:\gitsinnori\sinnori\core_build\lib\main\ex\commons-dbcp2-2.0.1.jar;D:\gitsinnori\sinnori\core_build\lib\main\ex\commons-io-2.5.jar;D:\gitsinnori\sinnori\core_build\lib\main\ex\commons-pool2-2.2.jar;D:\gitsinnori\sinnori\core_build\lib\main\ex\jcl-over-slf4j-1.7.7.jar;D:\gitsinnori\sinnori\core_build\lib\main\ex\json-simple-1.1.1.jar;D:\gitsinnori\sinnori\core_build\lib\main\ex\logback-classic-1.1.2.jar;D:\gitsinnori\sinnori\core_build\lib\main\ex\logback-core-1.1.2.jar;D:\gitsinnori\sinnori\core_build\lib\main\ex\mybatis-3.3.0-SNAPSHOT.jar;D:\gitsinnori\sinnori\core_build\lib\main\ex\mysql-connector-java-5.1.37-bin.jar;D:\gitsinnori\sinnori\core_build\lib\main\ex\slf4j-api-1.7.7.jar;D:\gitsinnori\sinnori\core_build\lib\test\byte-buddy-1.7.9.jar;D:\gitsinnori\sinnori\core_build\lib\test\byte-buddy-agent-1.7.9.jar;D:\gitsinnori\sinnori\core_build\lib\test\commons-exec-1.3.jar;D:\gitsinnori\sinnori\core_build\lib\test\hamcrest-core-1.3.jar;D:\gitsinnori\sinnori\core_build\lib\test\junit-4.12.jar;D:\gitsinnori\sinnori\core_build\lib\test\mockito-core-2.13.4.jar;D:\gitsinnori\sinnori\core_build\lib\test\objenesis-2.6.jar;D:\gitsinnori\sinnori\core_build\build\test;D:\apache-ant-1.10.0\lib\ant-launcher.jar;D:\apache-ant-1.10.0\lib\ant.jar;D:\apache-ant-1.10.0\lib\ant-junit.jar;D:\apache-ant-1.10.0\lib\ant-junit4.jar" />
    <property name="ant.version" value="Apache Ant(TM) version 1.10.0 compiled on December 27 2016" />
    <property name="dir.testsrc" value="D:\gitsinnori\sinnori\core_build\src\test\java" />
    <property name="java.vm.specification.name" value="Java Virtual Machine Specification" />
    <property name="ant.file.type" value="file" />
    <property name="java.vm.specification.version" value="1.8" />
    <property name="sun.cpu.endian" value="little" />
    <property name="sun.os.patch.level" value="" />
    <property name="dir.mainlib" value="D:\gitsinnori\sinnori\core_build\lib\main" />
    <property name="java.io.tmpdir" value="C:\Users\user\AppData\Local\Temp\" />
    <property name="java.vendor.url.bug" value="http://bugreport.sun.com/bugreport/" />
    <property name="os.arch" value="amd64" />
    <property name="java.awt.graphicsenv" value="sun.awt.Win32GraphicsEnvironment" />
    <property name="java.ext.dirs" value="C:\Program Files\Java\jdk1.8.0_131\jre\lib\ext;C:\WINDOWS\Sun\Java\lib\ext" />
    <property name="user.dir" value="D:\gitsinnori\sinnori\core_build" />
    <property name="line.separator" value="&#xd;&#xa;" />
    <property name="java.vm.name" value="Java HotSpot(TM) 64-Bit Server VM" />
    <property name="basedir" value="D:\gitsinnori\sinnori\core_build" />
    <property name="ant.java.version" value="1.8" />
    <property name="ant.core.lib" value="D:\apache-ant-1.10.0\lib\ant.jar" />
    <property name="dir.guilib" value="D:\gitsinnori\sinnori\core_build\guilib" />
    <property name="file.encoding" value="MS949" />
    <property name="sun.stderr.encoding" value="ms949" />
    <property name="java.specification.version" value="1.8" />
    <property name="ant.project.invoked-targets" value="test" />
  </properties>
  <testcase classname="kr.pe.sinnori.client.asyn.AsynPrivateMailboxTest" name="test_생산자소비자쓰레드테스트" time="17.601" />
  <testcase classname="kr.pe.sinnori.client.asyn.AsynPrivateMailboxTest" name="testputToSyncOutputMessageQueue_2번연속호출하여큐를비우는로직테스트" time="0.022" />
  <system-out><![CDATA[2018-02-27 09:45:09,667 INFO  [Thread-2] AsynPrivateMailboxProducerThread::toLetter=LetterToServer [toSocketChannel=1780181070, messageID=Echo, mailboxID=2, mailID=-2147483648, wrapBufferList size=0] (AsynPrivateMailboxProducerThread.java:75)
2018-02-27 09:45:09,667 INFO  [Thread-0] AsynPrivateMailboxProducerThread::toLetter=LetterToServer [toSocketChannel=700377577, messageID=Echo, mailboxID=1, mailID=-2147483648, wrapBufferList size=0] (AsynPrivateMailboxProducerThread.java:75)
2018-02-27 09:45:10,060 INFO  [Thread-0] 메시지 수신 성공, ReceivedLetter [messageID=Echo, mailboxID=1, mailID=-2147483648] (AsynPrivateMailboxProducerThread.java:83)
2018-02-27 09:45:10,061 INFO  [Thread-0] AsynPrivateMailboxProducerThread::toLetter=LetterToServer [toSocketChannel=1824289466, messageID=Echo, mailboxID=1, mailID=-2147483647, wrapBufferList size=0] (AsynPrivateMailboxProducerThread.java:75)
2018-02-27 09:45:10,172 WARN  [Thread-2] 1.서버 응답 시간[500]이 초과되었습니다. mailboxID=[2], mailID=[-2147483648] (AsynPrivateMailboxProducerThread.java:86)
2018-02-27 09:45:10,173 INFO  [Thread-2] AsynPrivateMailboxProducerThread::toLetter=LetterToServer [toSocketChannel=1079358499, messageID=Echo, mailboxID=2, mailID=-2147483647, wrapBufferList size=0] (AsynPrivateMailboxProducerThread.java:75)
2018-02-27 09:45:10,564 WARN  [Thread-0] 1.서버 응답 시간[500]이 초과되었습니다. mailboxID=[1], mailID=[-2147483647] (AsynPrivateMailboxProducerThread.java:86)
2018-02-27 09:45:10,564 INFO  [Thread-0] AsynPrivateMailboxProducerThread::toLetter=LetterToServer [toSocketChannel=2079946750, messageID=Echo, mailboxID=1, mailID=-2147483646, wrapBufferList size=0] (AsynPrivateMailboxProducerThread.java:75)
2018-02-27 09:45:10,665 INFO  [Thread-4] 소켓 타임 아웃 발생 (AsynPrivateMailboxProducerThread.java:60)
2018-02-27 09:45:10,665 INFO  [Thread-1] 소켓 타임 아웃 발생 (AsynPrivateMailboxProducerThread.java:60)
2018-02-27 09:45:10,665 INFO  [Thread-3] 소켓 타임 아웃 발생 (AsynPrivateMailboxProducerThread.java:60)
2018-02-27 09:45:10,676 WARN  [Thread-2] 1.서버 응답 시간[500]이 초과되었습니다. mailboxID=[2], mailID=[-2147483647] (AsynPrivateMailboxProducerThread.java:86)
2018-02-27 09:45:10,677 INFO  [Thread-2] AsynPrivateMailboxProducerThread::toLetter=LetterToServer [toSocketChannel=663397317, messageID=Echo, mailboxID=2, mailID=-2147483646, wrapBufferList size=0] (AsynPrivateMailboxProducerThread.java:75)
2018-02-27 09:45:11,066 WARN  [Thread-0] 1.서버 응답 시간[500]이 초과되었습니다. mailboxID=[1], mailID=[-2147483646] (AsynPrivateMailboxProducerThread.java:86)
2018-02-27 09:45:11,067 INFO  [Thread-0] AsynPrivateMailboxProducerThread::toLetter=LetterToServer [toSocketChannel=1562008944, messageID=Echo, mailboxID=1, mailID=-2147483645, wrapBufferList size=0] (AsynPrivateMailboxProducerThread.java:75)
2018-02-27 09:45:11,114 WARN  [Thread-8] drop the received message[ReceivedLetter [messageID=Echo, mailboxID=1, mailID=-2147483647]] because it's mail id is different form this mailbox's mail id[-2147483645] (AsynPrivateMailbox.java:113)
2018-02-27 09:45:11,179 WARN  [Thread-2] 1.서버 응답 시간[500]이 초과되었습니다. mailboxID=[2], mailID=[-2147483646] (AsynPrivateMailboxProducerThread.java:86)
2018-02-27 09:45:11,179 INFO  [Thread-2] AsynPrivateMailboxProducerThread::toLetter=LetterToServer [toSocketChannel=2134192739, messageID=Echo, mailboxID=2, mailID=-2147483645, wrapBufferList size=0] (AsynPrivateMailboxProducerThread.java:75)
2018-02-27 09:45:11,563 WARN  [Thread-5] drop the received message[ReceivedLetter [messageID=Echo, mailboxID=2, mailID=-2147483646]] because it's mail id is different form this mailbox's mail id[-2147483645] (AsynPrivateMailbox.java:113)
2018-02-27 09:45:11,569 WARN  [Thread-0] 1.서버 응답 시간[500]이 초과되었습니다. mailboxID=[1], mailID=[-2147483645] (AsynPrivateMailboxProducerThread.java:86)
2018-02-27 09:45:11,570 INFO  [Thread-0] AsynPrivateMailboxProducerThread::toLetter=LetterToServer [toSocketChannel=62195355, messageID=Echo, mailboxID=1, mailID=-2147483644, wrapBufferList size=0] (AsynPrivateMailboxProducerThread.java:75)
2018-02-27 09:45:11,666 INFO  [Thread-4] 소켓 타임 아웃 발생 (AsynPrivateMailboxProducerThread.java:60)
2018-02-27 09:45:11,666 INFO  [Thread-1] 소켓 타임 아웃 발생 (AsynPrivateMailboxProducerThread.java:60)
2018-02-27 09:45:11,668 INFO  [Thread-3] 소켓 타임 아웃 발생 (AsynPrivateMailboxProducerThread.java:60)
2018-02-27 09:45:11,681 WARN  [Thread-2] 1.서버 응답 시간[500]이 초과되었습니다. mailboxID=[2], mailID=[-2147483645] (AsynPrivateMailboxProducerThread.java:86)
2018-02-27 09:45:11,682 INFO  [Thread-2] AsynPrivateMailboxProducerThread::toLetter=LetterToServer [toSocketChannel=1226725099, messageID=Echo, mailboxID=2, mailID=-2147483644, wrapBufferList size=0] (AsynPrivateMailboxProducerThread.java:75)
2018-02-27 09:45:12,072 WARN  [Thread-0] 1.서버 응답 시간[500]이 초과되었습니다. mailboxID=[1], mailID=[-2147483644] (AsynPrivateMailboxProducerThread.java:86)
2018-02-27 09:45:12,072 INFO  [Thread-0] AsynPrivateMailboxProducerThread::toLetter=LetterToServer [toSocketChannel=210996725, messageID=Echo, mailboxID=1, mailID=-2147483643, wrapBufferList size=0] (AsynPrivateMailboxProducerThread.java:75)
2018-02-27 09:45:12,184 WARN  [Thread-2] 1.서버 응답 시간[500]이 초과되었습니다. mailboxID=[2], mailID=[-2147483644] (AsynPrivateMailboxProducerThread.java:86)
2018-02-27 09:45:12,186 INFO  [Thread-2] AsynPrivateMailboxProducerThread::toLetter=LetterToServer [toSocketChannel=612833095, messageID=Echo, mailboxID=2, mailID=-2147483643, wrapBufferList size=0] (AsynPrivateMailboxProducerThread.java:75)
2018-02-27 09:45:12,574 WARN  [Thread-0] 1.서버 응답 시간[500]이 초과되었습니다. mailboxID=[1], mailID=[-2147483643] (AsynPrivateMailboxProducerThread.java:86)
2018-02-27 09:45:12,575 INFO  [Thread-0] AsynPrivateMailboxProducerThread::toLetter=LetterToServer [toSocketChannel=1021660446, messageID=Echo, mailboxID=1, mailID=-2147483642, wrapBufferList size=0] (AsynPrivateMailboxProducerThread.java:75)
2018-02-27 09:45:12,668 INFO  [Thread-4] 소켓 타임 아웃 발생 (AsynPrivateMailboxProducerThread.java:60)
2018-02-27 09:45:12,668 INFO  [Thread-1] 소켓 타임 아웃 발생 (AsynPrivateMailboxProducerThread.java:60)
2018-02-27 09:45:12,670 INFO  [Thread-3] 소켓 타임 아웃 발생 (AsynPrivateMailboxProducerThread.java:60)
2018-02-27 09:45:12,687 WARN  [Thread-2] 1.서버 응답 시간[500]이 초과되었습니다. mailboxID=[2], mailID=[-2147483643] (AsynPrivateMailboxProducerThread.java:86)
2018-02-27 09:45:12,688 INFO  [Thread-2] AsynPrivateMailboxProducerThread::toLetter=LetterToServer [toSocketChannel=1457593497, messageID=Echo, mailboxID=2, mailID=-2147483642, wrapBufferList size=0] (AsynPrivateMailboxProducerThread.java:75)
2018-02-27 09:45:12,780 WARN  [Thread-8] drop the received message[ReceivedLetter [messageID=Echo, mailboxID=1, mailID=-2147483645]] because it's mail id is different form this mailbox's mail id[-2147483642] (AsynPrivateMailbox.java:113)
2018-02-27 09:45:13,071 WARN  [Thread-7] drop the received message[ReceivedLetter [messageID=Echo, mailboxID=2, mailID=-2147483648]] because it's mail id is different form this mailbox's mail id[-2147483642] (AsynPrivateMailbox.java:113)
2018-02-27 09:45:13,077 WARN  [Thread-0] 1.서버 응답 시간[500]이 초과되었습니다. mailboxID=[1], mailID=[-2147483642] (AsynPrivateMailboxProducerThread.java:86)
2018-02-27 09:45:13,078 INFO  [Thread-0] AsynPrivateMailboxProducerThread::toLetter=LetterToServer [toSocketChannel=865822255, messageID=Echo, mailboxID=1, mailID=-2147483641, wrapBufferList size=0] (AsynPrivateMailboxProducerThread.java:75)
2018-02-27 09:45:13,283 WARN  [Thread-2] 1.서버 응답 시간[500]이 초과되었습니다. mailboxID=[2], mailID=[-2147483642] (AsynPrivateMailboxProducerThread.java:86)
2018-02-27 09:45:13,284 INFO  [Thread-2] AsynPrivateMailboxProducerThread::toLetter=LetterToServer [toSocketChannel=1153548, messageID=Echo, mailboxID=2, mailID=-2147483641, wrapBufferList size=0] (AsynPrivateMailboxProducerThread.java:75)
2018-02-27 09:45:13,363 WARN  [Thread-5] drop the received message[ReceivedLetter [messageID=Echo, mailboxID=2, mailID=-2147483645]] because it's mail id is different form this mailbox's mail id[-2147483641] (AsynPrivateMailbox.java:113)
2018-02-27 09:45:13,551 WARN  [Thread-8] drop the received message[ReceivedLetter [messageID=Echo, mailboxID=1, mailID=-2147483644]] because it's mail id is different form this mailbox's mail id[-2147483641] (AsynPrivateMailbox.java:113)
2018-02-27 09:45:13,579 WARN  [Thread-0] 1.서버 응답 시간[500]이 초과되었습니다. mailboxID=[1], mailID=[-2147483641] (AsynPrivateMailboxProducerThread.java:86)
2018-02-27 09:45:13,580 INFO  [Thread-0] AsynPrivateMailboxProducerThread::toLetter=LetterToServer [toSocketChannel=414265113, messageID=Echo, mailboxID=1, mailID=-2147483640, wrapBufferList size=0] (AsynPrivateMailboxProducerThread.java:75)
2018-02-27 09:45:13,670 INFO  [Thread-4] 소켓 타임 아웃 발생 (AsynPrivateMailboxProducerThread.java:60)
2018-02-27 09:45:13,670 INFO  [Thread-1] 소켓 타임 아웃 발생 (AsynPrivateMailboxProducerThread.java:60)
2018-02-27 09:45:13,672 INFO  [Thread-3] 소켓 타임 아웃 발생 (AsynPrivateMailboxProducerThread.java:60)
2018-02-27 09:45:13,676 WARN  [Thread-7] drop the received message[ReceivedLetter [messageID=Echo, mailboxID=2, mailID=-2147483644]] because it's mail id is different form this mailbox's mail id[-2147483641] (AsynPrivateMailbox.java:113)
2018-02-27 09:45:13,864 WARN  [Thread-2] 1.서버 응답 시간[500]이 초과되었습니다. mailboxID=[2], mailID=[-2147483641] (AsynPrivateMailboxProducerThread.java:86)
2018-02-27 09:45:13,865 INFO  [Thread-2] AsynPrivateMailboxProducerThread::toLetter=LetterToServer [toSocketChannel=998456811, messageID=Echo, mailboxID=2, mailID=-2147483640, wrapBufferList size=0] (AsynPrivateMailboxProducerThread.java:75)
2018-02-27 09:45:13,919 WARN  [Thread-6] drop the received message[ReceivedLetter [messageID=Echo, mailboxID=1, mailID=-2147483646]] because it's mail id is different form this mailbox's mail id[-2147483640] (AsynPrivateMailbox.java:113)
2018-02-27 09:45:14,083 WARN  [Thread-0] 1.서버 응답 시간[500]이 초과되었습니다. mailboxID=[1], mailID=[-2147483640] (AsynPrivateMailboxProducerThread.java:86)
2018-02-27 09:45:14,084 INFO  [Thread-0] AsynPrivateMailboxProducerThread::toLetter=LetterToServer [toSocketChannel=148764127, messageID=Echo, mailboxID=1, mailID=-2147483639, wrapBufferList size=0] (AsynPrivateMailboxProducerThread.java:75)
2018-02-27 09:45:14,366 WARN  [Thread-2] 1.서버 응답 시간[500]이 초과되었습니다. mailboxID=[2], mailID=[-2147483640] (AsynPrivateMailboxProducerThread.java:86)
2018-02-27 09:45:14,367 INFO  [Thread-2] AsynPrivateMailboxProducerThread::toLetter=LetterToServer [toSocketChannel=656550131, messageID=Echo, mailboxID=2, mailID=-2147483639, wrapBufferList size=0] (AsynPrivateMailboxProducerThread.java:75)
2018-02-27 09:45:14,585 WARN  [Thread-0] 1.서버 응답 시간[500]이 초과되었습니다. mailboxID=[1], mailID=[-2147483639] (AsynPrivateMailboxProducerThread.java:86)
2018-02-27 09:45:14,586 INFO  [Thread-4] AsynPrivateMailboxProducerThread::toLetter=LetterToServer [toSocketChannel=706967574, messageID=Echo, mailboxID=1, mailID=-2147483638, wrapBufferList size=0] (AsynPrivateMailboxProducerThread.java:75)
2018-02-27 09:45:14,671 INFO  [Thread-1] 소켓 타임 아웃 발생 (AsynPrivateMailboxProducerThread.java:60)
2018-02-27 09:45:14,674 INFO  [Thread-3] 소켓 타임 아웃 발생 (AsynPrivateMailboxProducerThread.java:60)
2018-02-27 09:45:15,139 WARN  [Thread-9] drop the received message[ReceivedLetter [messageID=Echo, mailboxID=2, mailID=-2147483647]] because it's mail id is different form this mailbox's mail id[-2147483639] (AsynPrivateMailbox.java:113)
2018-02-27 09:45:15,642 WARN  [Thread-2] 1.서버 응답 시간[500]이 초과되었습니다. mailboxID=[2], mailID=[-2147483639] (AsynPrivateMailboxProducerThread.java:86)
2018-02-27 09:45:15,643 INFO  [Thread-1] AsynPrivateMailboxProducerThread::toLetter=LetterToServer [toSocketChannel=1965812051, messageID=Echo, mailboxID=2, mailID=-2147483638, wrapBufferList size=0] (AsynPrivateMailboxProducerThread.java:75)
2018-02-27 09:45:15,675 INFO  [Thread-3] 소켓 타임 아웃 발생 (AsynPrivateMailboxProducerThread.java:60)
2018-02-27 09:45:16,051 WARN  [Thread-8] drop the received message[ReceivedLetter [messageID=Echo, mailboxID=2, mailID=-2147483643]] because it's mail id is different form this mailbox's mail id[-2147483638] (AsynPrivateMailbox.java:113)
2018-02-27 09:45:16,553 WARN  [Thread-4] 1.서버 응답 시간[500]이 초과되었습니다. mailboxID=[1], mailID=[-2147483638] (AsynPrivateMailboxProducerThread.java:86)
2018-02-27 09:45:16,554 INFO  [Thread-4] AsynPrivateMailboxProducerThread::toLetter=LetterToServer [toSocketChannel=618959650, messageID=Echo, mailboxID=1, mailID=-2147483637, wrapBufferList size=0] (AsynPrivateMailboxProducerThread.java:75)
2018-02-27 09:45:16,672 WARN  [Thread-9] drop the received message[ReceivedLetter [messageID=Echo, mailboxID=1, mailID=-2147483641]] because it's mail id is different form this mailbox's mail id[-2147483637] (AsynPrivateMailbox.java:113)
2018-02-27 09:45:16,678 INFO  [Thread-3] 소켓 타임 아웃 발생 (AsynPrivateMailboxProducerThread.java:60)
2018-02-27 09:45:16,825 WARN  [Thread-5] drop the received message[ReceivedLetter [messageID=Echo, mailboxID=1, mailID=-2147483643]] because it's mail id is different form this mailbox's mail id[-2147483637] (AsynPrivateMailbox.java:113)
2018-02-27 09:45:17,041 WARN  [Thread-6] drop the received message[ReceivedLetter [messageID=Echo, mailboxID=2, mailID=-2147483642]] because it's mail id is different form this mailbox's mail id[-2147483638] (AsynPrivateMailbox.java:113)
2018-02-27 09:45:17,174 WARN  [Thread-1] 1.서버 응답 시간[500]이 초과되었습니다. mailboxID=[2], mailID=[-2147483638] (AsynPrivateMailboxProducerThread.java:86)
2018-02-27 09:45:17,175 INFO  [Thread-1] AsynPrivateMailboxProducerThread::toLetter=LetterToServer [toSocketChannel=2079066502, messageID=Echo, mailboxID=2, mailID=-2147483637, wrapBufferList size=0] (AsynPrivateMailboxProducerThread.java:75)
2018-02-27 09:45:17,326 WARN  [Thread-4] 1.서버 응답 시간[500]이 초과되었습니다. mailboxID=[1], mailID=[-2147483637] (AsynPrivateMailboxProducerThread.java:86)
2018-02-27 09:45:17,326 INFO  [Thread-4] AsynPrivateMailboxProducerThread::toLetter=LetterToServer [toSocketChannel=551228262, messageID=Echo, mailboxID=1, mailID=-2147483636, wrapBufferList size=0] (AsynPrivateMailboxProducerThread.java:75)
2018-02-27 09:45:17,676 WARN  [Thread-1] 1.서버 응답 시간[500]이 초과되었습니다. mailboxID=[2], mailID=[-2147483637] (AsynPrivateMailboxProducerThread.java:86)
2018-02-27 09:45:17,677 INFO  [Thread-1] AsynPrivateMailboxProducerThread::toLetter=LetterToServer [toSocketChannel=2144567843, messageID=Echo, mailboxID=2, mailID=-2147483636, wrapBufferList size=0] (AsynPrivateMailboxProducerThread.java:75)
2018-02-27 09:45:17,679 INFO  [Thread-3] 소켓 타임 아웃 발생 (AsynPrivateMailboxProducerThread.java:60)
2018-02-27 09:45:18,437 WARN  [Thread-7] drop the received message[ReceivedLetter [messageID=Echo, mailboxID=1, mailID=-2147483642]] because it's mail id is different form this mailbox's mail id[-2147483636] (AsynPrivateMailbox.java:113)
2018-02-27 09:45:18,680 INFO  [Thread-3] 소켓 타임 아웃 발생 (AsynPrivateMailboxProducerThread.java:60)
2018-02-27 09:45:18,764 WARN  [Thread-5] drop the received message[ReceivedLetter [messageID=Echo, mailboxID=2, mailID=-2147483640]] because it's mail id is different form this mailbox's mail id[-2147483636] (AsynPrivateMailbox.java:113)
2018-02-27 09:45:18,841 WARN  [Thread-7] drop the received message[ReceivedLetter [messageID=Echo, mailboxID=2, mailID=-2147483639]] because it's mail id is different form this mailbox's mail id[-2147483636] (AsynPrivateMailbox.java:113)
2018-02-27 09:45:18,939 WARN  [Thread-4] 1.서버 응답 시간[500]이 초과되었습니다. mailboxID=[1], mailID=[-2147483636] (AsynPrivateMailboxProducerThread.java:86)
2018-02-27 09:45:18,940 INFO  [Thread-4] AsynPrivateMailboxProducerThread::toLetter=LetterToServer [toSocketChannel=1708759321, messageID=Echo, mailboxID=1, mailID=-2147483635, wrapBufferList size=0] (AsynPrivateMailboxProducerThread.java:75)
2018-02-27 09:45:19,265 WARN  [Thread-1] 1.서버 응답 시간[500]이 초과되었습니다. mailboxID=[2], mailID=[-2147483636] (AsynPrivateMailboxProducerThread.java:86)
2018-02-27 09:45:19,266 INFO  [Thread-1] AsynPrivateMailboxProducerThread::toLetter=LetterToServer [toSocketChannel=986776509, messageID=Echo, mailboxID=2, mailID=-2147483635, wrapBufferList size=0] (AsynPrivateMailboxProducerThread.java:75)
2018-02-27 09:45:19,441 WARN  [Thread-4] 1.서버 응답 시간[500]이 초과되었습니다. mailboxID=[1], mailID=[-2147483635] (AsynPrivateMailboxProducerThread.java:86)
2018-02-27 09:45:19,441 INFO  [Thread-4] AsynPrivateMailboxProducerThread::toLetter=LetterToServer [toSocketChannel=1418444412, messageID=Echo, mailboxID=1, mailID=-2147483634, wrapBufferList size=0] (AsynPrivateMailboxProducerThread.java:75)
2018-02-27 09:45:19,682 INFO  [Thread-3] 소켓 타임 아웃 발생 (AsynPrivateMailboxProducerThread.java:60)
2018-02-27 09:45:20,019 WARN  [Thread-9] drop the received message[ReceivedLetter [messageID=Echo, mailboxID=1, mailID=-2147483640]] because it's mail id is different form this mailbox's mail id[-2147483634] (AsynPrivateMailbox.java:113)
2018-02-27 09:45:20,522 WARN  [Thread-1] 1.서버 응답 시간[500]이 초과되었습니다. mailboxID=[2], mailID=[-2147483635] (AsynPrivateMailboxProducerThread.java:86)
2018-02-27 09:45:20,522 INFO  [Thread-1] AsynPrivateMailboxProducerThread::toLetter=LetterToServer [toSocketChannel=270144709, messageID=Echo, mailboxID=2, mailID=-2147483634, wrapBufferList size=0] (AsynPrivateMailboxProducerThread.java:75)
2018-02-27 09:45:20,680 WARN  [Thread-8] drop the received message[ReceivedLetter [messageID=Echo, mailboxID=2, mailID=-2147483641]] because it's mail id is different form this mailbox's mail id[-2147483634] (AsynPrivateMailbox.java:113)
2018-02-27 09:45:21,181 WARN  [Thread-4] 1.서버 응답 시간[500]이 초과되었습니다. mailboxID=[1], mailID=[-2147483634] (AsynPrivateMailboxProducerThread.java:86)
2018-02-27 09:45:21,182 INFO  [Thread-4] AsynPrivateMailboxProducerThread::toLetter=LetterToServer [toSocketChannel=1425431116, messageID=Echo, mailboxID=1, mailID=-2147483633, wrapBufferList size=0] (AsynPrivateMailboxProducerThread.java:75)
2018-02-27 09:45:21,316 WARN  [Thread-6] drop the received message[ReceivedLetter [messageID=Echo, mailboxID=1, mailID=-2147483639]] because it's mail id is different form this mailbox's mail id[-2147483633] (AsynPrivateMailbox.java:113)
2018-02-27 09:45:21,588 WARN  [Thread-9] drop the received message[ReceivedLetter [messageID=Echo, mailboxID=1, mailID=-2147483637]] because it's mail id is different form this mailbox's mail id[-2147483633] (AsynPrivateMailbox.java:113)
2018-02-27 09:45:21,721 WARN  [Thread-5] drop the received message[ReceivedLetter [messageID=Echo, mailboxID=1, mailID=-2147483638]] because it's mail id is different form this mailbox's mail id[-2147483633] (AsynPrivateMailbox.java:113)
2018-02-27 09:45:21,817 WARN  [Thread-1] 1.서버 응답 시간[500]이 초과되었습니다. mailboxID=[2], mailID=[-2147483634] (AsynPrivateMailboxProducerThread.java:86)
2018-02-27 09:45:22,089 WARN  [Thread-4] 1.서버 응답 시간[500]이 초과되었습니다. mailboxID=[1], mailID=[-2147483633] (AsynPrivateMailboxProducerThread.java:86)
2018-02-27 09:45:22,090 INFO  [main] call sleep (AsynPrivateMailboxTest.java:117)
2018-02-27 09:45:23,147 WARN  [Thread-7] drop the received message[ReceivedLetter [messageID=Echo, mailboxID=2, mailID=-2147483638]] because it's mail id is different form this mailbox's mail id[-2147483633] (AsynPrivateMailbox.java:113)
2018-02-27 09:45:23,334 WARN  [Thread-9] drop the received message[ReceivedLetter [messageID=Echo, mailboxID=2, mailID=-2147483636]] because it's mail id is different form this mailbox's mail id[-2147483633] (AsynPrivateMailbox.java:113)
2018-02-27 09:45:23,910 WARN  [Thread-8] drop the received message[ReceivedLetter [messageID=Echo, mailboxID=2, mailID=-2147483637]] because it's mail id is different form this mailbox's mail id[-2147483633] (AsynPrivateMailbox.java:113)
2018-02-27 09:45:24,737 WARN  [Thread-9] drop the received message[ReceivedLetter [messageID=Echo, mailboxID=1, mailID=-2147483634]] because it's mail id is different form this mailbox's mail id[-2147483632] (AsynPrivateMailbox.java:113)
2018-02-27 09:45:25,018 WARN  [Thread-6] drop the received message[ReceivedLetter [messageID=Echo, mailboxID=1, mailID=-2147483636]] because it's mail id is different form this mailbox's mail id[-2147483632] (AsynPrivateMailbox.java:113)
2018-02-27 09:45:25,019 WARN  [Thread-5] drop the received message[ReceivedLetter [messageID=Echo, mailboxID=1, mailID=-2147483635]] because it's mail id is different form this mailbox's mail id[-2147483632] (AsynPrivateMailbox.java:113)
2018-02-27 09:45:26,788 WARN  [Thread-7] drop the received message[ReceivedLetter [messageID=Echo, mailboxID=2, mailID=-2147483635]] because it's mail id is different form this mailbox's mail id[-2147483633] (AsynPrivateMailbox.java:113)
2018-02-27 09:45:27,132 WARN  [main] drop the received message[ReceivedLetter [messageID=Echo, mailboxID=1, mailID=-2147483648]] because it was failed to insert the received message into outputmessage-queue[isEmpty=true] (AsynPrivateMailbox.java:133)
2018-02-27 09:45:27,132 WARN  [main] drop the received message[ReceivedLetter [messageID=Echo, mailboxID=1, mailID=-2147483648]] because it was failed to insert the received message into outputmessage-queue[isEmpty=true] (AsynPrivateMailbox.java:133)
]]></system-out>
  <system-err><![CDATA[]]></system-err>
</testsuite>
