<?xml version="1.0" encoding="UTF-8" ?>
<testsuite errors="0" failures="0" hostname="madang02-pc" name="kr.pe.sinnori.common.buildsystem.ProjectBuilderTest" skipped="0" tests="16" time="37.709" timestamp="2018-03-04T21:35:39">
  <properties>
    <property name="java.vendor" value="Oracle Corporation" />
    <property name="dir.build" value="D:\gitsinnori\sinnori\core_build\build" />
    <property name="sun.java.launcher" value="SUN_STANDARD" />
    <property name="sun.management.compiler" value="HotSpot 64-Bit Tiered Compilers" />
    <property name="dir.dist" value="D:\gitsinnori\sinnori\core_build\dist" />
    <property name="os.name" value="Windows 10" />
    <property name="sun.boot.class.path" value="C:\Program Files\Java\jdk1.8.0_131\jre\lib\resources.jar;C:\Program Files\Java\jdk1.8.0_131\jre\lib\rt.jar;C:\Program Files\Java\jdk1.8.0_131\jre\lib\sunrsasign.jar;C:\Program Files\Java\jdk1.8.0_131\jre\lib\jsse.jar;C:\Program Files\Java\jdk1.8.0_131\jre\lib\jce.jar;C:\Program Files\Java\jdk1.8.0_131\jre\lib\charsets.jar;C:\Program Files\Java\jdk1.8.0_131\jre\lib\jfr.jar;C:\Program Files\Java\jdk1.8.0_131\jre\classes" />
    <property name="sun.desktop" value="windows" />
    <property name="java.vm.specification.vendor" value="Oracle Corporation" />
    <property name="ant.home" value="D:\apache-ant-1.10.0\bin\.." />
    <property name="java.runtime.version" value="1.8.0_131-b11" />
    <property name="user.name" value="madang03" />
    <property name="dir.report" value="D:\gitsinnori\sinnori\core_build\report" />
    <property name="user.language" value="ko" />
    <property name="sun.boot.library.path" value="C:\Program Files\Java\jdk1.8.0_131\jre\bin" />
    <property name="ant.project.default-target" value="make.core" />
    <property name="ant.project.name" value="sinnori_core_build" />
    <property name="java.version" value="1.8.0_131" />
    <property name="user.timezone" value="" />
    <property name="java.complile.option.debug" value="on" />
    <property name="sun.arch.data.model" value="64" />
    <property name="java.endorsed.dirs" value="C:\Program Files\Java\jdk1.8.0_131\jre\lib\endorsed" />
    <property name="sun.cpu.isalist" value="amd64" />
    <property name="sun.jnu.encoding" value="MS949" />
    <property name="file.encoding.pkg" value="sun.io" />
    <property name="file.separator" value="\" />
    <property name="dir.appinf" value="D:\gitsinnori\sinnori\core_build\APP-INF" />
    <property name="java.specification.name" value="Java Platform API Specification" />
    <property name="java.class.version" value="52.0" />
    <property name="dir.testlib" value="D:\gitsinnori\sinnori\core_build\lib\test" />
    <property name="user.country" value="KR" />
    <property name="java.home" value="C:\Program Files\Java\jdk1.8.0_131\jre" />
    <property name="ant.file.sinnori_core_build" value="D:\gitsinnori\sinnori\core_build\build.xml" />
    <property name="java.vm.info" value="mixed mode" />
    <property name="ant.file" value="D:\gitsinnori\sinnori\core_build\build.xml" />
    <property name="os.version" value="10.0" />
    <property name="path.separator" value=";" />
    <property name="java.vm.version" value="25.131-b11" />
    <property name="user.variant" value="" />
    <property name="ant.library.dir" value="D:\apache-ant-1.10.0\lib" />
    <property name="java.awt.printerjob" value="sun.awt.windows.WPrinterJob" />
    <property name="sun.io.unicode.encoding" value="UnicodeLittle" />
    <property name="awt.toolkit" value="sun.awt.windows.WToolkit" />
    <property name="sun.stdout.encoding" value="ms949" />
    <property name="user.script" value="" />
    <property name="user.home" value="C:\Users\user" />
    <property name="java.specification.vendor" value="Oracle Corporation" />
    <property name="java.library.path" value="C:\Program Files\Java\jdk1.8.0_131\jre\bin;C:\WINDOWS\Sun\Java\bin;C:\WINDOWS\system32;C:\WINDOWS;C:\ProgramData\Oracle\Java\javapath;C:\Windows\system32;C:\Windows;C:\Windows\System32\Wbem;C:\Windows\System32\WindowsPowerShell\v1.0\;C:\Program Files (x86)\NVIDIA Corporation\PhysX\Common;C:\Program Files\Java\jdk1.8.0_131\bin;C:\Program Files\Git\cmd;D:\apache-ant-1.10.0\bin;C:\WINDOWS\system32;C:\WINDOWS;C:\WINDOWS\System32\Wbem;C:\WINDOWS\System32\WindowsPowerShell\v1.0\;D:\gradle-4.5\bin;C:\Users\user\AppData\Local\Microsoft\WindowsApps;;." />
    <property name="java.vendor.url" value="http://java.oracle.com/" />
    <property name="ant.file.type.sinnori_core_build" value="file" />
    <property name="java.vm.vendor" value="Oracle Corporation" />
    <property name="dir.src" value="D:\gitsinnori\sinnori\core_build\src\main\java" />
    <property name="java.runtime.name" value="Java(TM) SE Runtime Environment" />
    <property name="sun.java.command" value="org.apache.tools.ant.taskdefs.optional.junit.JUnitTestRunner kr.pe.sinnori.common.buildsystem.ProjectBuilderTest skipNonTests=false filtertrace=true haltOnError=true haltOnFailure=true formatter=org.apache.tools.ant.taskdefs.optional.junit.SummaryJUnitResultFormatter showoutput=true outputtoformatters=true logfailedtests=true threadid=0 logtestlistenerevents=false formatter=org.apache.tools.ant.taskdefs.optional.junit.XMLJUnitResultFormatter,D:\gitsinnori\sinnori\core_build\report\TEST-kr.pe.sinnori.common.buildsystem.ProjectBuilderTest.xml crashfile=D:\gitsinnori\sinnori\core_build\junitvmwatcher4163815108033250673.properties propsfile=D:\gitsinnori\sinnori\core_build\junit3223694370696679998.properties" />
    <property name="java.class.path" value="D:\gitsinnori\sinnori\core_build\dist\sinnori-core.jar;D:\gitsinnori\sinnori\core_build\lib\main\ex\commons-codec-1.9.jar;D:\gitsinnori\sinnori\core_build\lib\main\ex\commons-collections4-4.1.jar;D:\gitsinnori\sinnori\core_build\lib\main\ex\commons-dbcp2-2.0.1.jar;D:\gitsinnori\sinnori\core_build\lib\main\ex\commons-io-2.5.jar;D:\gitsinnori\sinnori\core_build\lib\main\ex\commons-pool2-2.2.jar;D:\gitsinnori\sinnori\core_build\lib\main\ex\jcl-over-slf4j-1.7.7.jar;D:\gitsinnori\sinnori\core_build\lib\main\ex\json-simple-1.1.1.jar;D:\gitsinnori\sinnori\core_build\lib\main\ex\logback-classic-1.1.2.jar;D:\gitsinnori\sinnori\core_build\lib\main\ex\logback-core-1.1.2.jar;D:\gitsinnori\sinnori\core_build\lib\main\ex\mybatis-3.3.0-SNAPSHOT.jar;D:\gitsinnori\sinnori\core_build\lib\main\ex\mysql-connector-java-5.1.37-bin.jar;D:\gitsinnori\sinnori\core_build\lib\main\ex\slf4j-api-1.7.7.jar;D:\gitsinnori\sinnori\core_build\lib\test\byte-buddy-1.7.9.jar;D:\gitsinnori\sinnori\core_build\lib\test\byte-buddy-agent-1.7.9.jar;D:\gitsinnori\sinnori\core_build\lib\test\commons-exec-1.3.jar;D:\gitsinnori\sinnori\core_build\lib\test\hamcrest-core-1.3.jar;D:\gitsinnori\sinnori\core_build\lib\test\junit-4.12.jar;D:\gitsinnori\sinnori\core_build\lib\test\mockito-core-2.13.4.jar;D:\gitsinnori\sinnori\core_build\lib\test\objenesis-2.6.jar;D:\gitsinnori\sinnori\core_build\build\test;D:\apache-ant-1.10.0\lib\ant-launcher.jar;D:\apache-ant-1.10.0\lib\ant.jar;D:\apache-ant-1.10.0\lib\ant-junit.jar;D:\apache-ant-1.10.0\lib\ant-junit4.jar" />
    <property name="ant.version" value="Apache Ant(TM) version 1.10.0 compiled on December 27 2016" />
    <property name="dir.testsrc" value="D:\gitsinnori\sinnori\core_build\src\test\java" />
    <property name="java.vm.specification.name" value="Java Virtual Machine Specification" />
    <property name="ant.file.type" value="file" />
    <property name="java.vm.specification.version" value="1.8" />
    <property name="sun.cpu.endian" value="little" />
    <property name="sun.os.patch.level" value="" />
    <property name="dir.mainlib" value="D:\gitsinnori\sinnori\core_build\lib\main" />
    <property name="java.io.tmpdir" value="C:\Users\user\AppData\Local\Temp\" />
    <property name="java.vendor.url.bug" value="http://bugreport.sun.com/bugreport/" />
    <property name="os.arch" value="amd64" />
    <property name="java.awt.graphicsenv" value="sun.awt.Win32GraphicsEnvironment" />
    <property name="java.ext.dirs" value="C:\Program Files\Java\jdk1.8.0_131\jre\lib\ext;C:\WINDOWS\Sun\Java\lib\ext" />
    <property name="user.dir" value="D:\gitsinnori\sinnori\core_build" />
    <property name="line.separator" value="&#xd;&#xa;" />
    <property name="java.vm.name" value="Java HotSpot(TM) 64-Bit Server VM" />
    <property name="basedir" value="D:\gitsinnori\sinnori\core_build" />
    <property name="ant.java.version" value="1.8" />
    <property name="ant.core.lib" value="D:\apache-ant-1.10.0\lib\ant.jar" />
    <property name="dir.guilib" value="D:\gitsinnori\sinnori\core_build\guilib" />
    <property name="file.encoding" value="MS949" />
    <property name="sun.stderr.encoding" value="ms949" />
    <property name="java.specification.version" value="1.8" />
    <property name="ant.project.invoked-targets" value="test" />
  </properties>
  <testcase classname="kr.pe.sinnori.common.buildsystem.ProjectBuilderTest" name="testCreateProject_onlyWebClientBuild" time="0.422" />
  <testcase classname="kr.pe.sinnori.common.buildsystem.ProjectBuilderTest" name="testChangeProjectState" time="16.41" />
  <testcase classname="kr.pe.sinnori.common.buildsystem.ProjectBuilderTest" name="testConstructor_badSinnoriInstalledPath_notExist" time="0.0" />
  <testcase classname="kr.pe.sinnori.common.buildsystem.ProjectBuilderTest" name="testGetMainProjectBuildSystemState" time="2.856" />
  <testcase classname="kr.pe.sinnori.common.buildsystem.ProjectBuilderTest" name="testConstructor_badProjectName_notDirectory" time="0.0" />
  <testcase classname="kr.pe.sinnori.common.buildsystem.ProjectBuilderTest" name="testConstructor_badSinnoriInstalledPath_notDirecotry" time="0.0" />
  <testcase classname="kr.pe.sinnori.common.buildsystem.ProjectBuilderTest" name="testCreateProject_onlyAppClientBuild" time="0.187" />
  <testcase classname="kr.pe.sinnori.common.buildsystem.ProjectBuilderTest" name="test" time="0.094" />
  <testcase classname="kr.pe.sinnori.common.buildsystem.ProjectBuilderTest" name="testIsValidSeverAntBuildXMLFile" time="0.312" />
  <testcase classname="kr.pe.sinnori.common.buildsystem.ProjectBuilderTest" name="testWhetherOnlyProjectPathExists_projectPathNotExsitCase" time="0.0" />
  <testcase classname="kr.pe.sinnori.common.buildsystem.ProjectBuilderTest" name="testCreateProject_AllTypeBuild" time="16.153" />
  <testcase classname="kr.pe.sinnori.common.buildsystem.ProjectBuilderTest" name="testConstructor_badProjectBasePath_notDirectory" time="0.0" />
  <testcase classname="kr.pe.sinnori.common.buildsystem.ProjectBuilderTest" name="testApplySinnoriInstalledPath" time="0.896" />
  <testcase classname="kr.pe.sinnori.common.buildsystem.ProjectBuilderTest" name="testWhetherOnlyProjectPathExists_projectPathExsitCase" time="0.0" />
  <testcase classname="kr.pe.sinnori.common.buildsystem.ProjectBuilderTest" name="testConstructor_badProjectBasePath_notExist" time="0.0" />
  <testcase classname="kr.pe.sinnori.common.buildsystem.ProjectBuilderTest" name="testCreateProject_onlyServerBuild" time="0.238" />
  <system-out><![CDATA[06:35:39.822 [main] INFO  k.p.s.c.buildsystem.ProjectBuilder - main project[sample_test]'s child direcotry creation task start
06:35:39.838 [main] INFO  k.p.s.c.buildsystem.ProjectBuilder - main project[sample_test]'s common child direcotry creation task start
06:35:39.838 [main] INFO  k.p.s.common.util.CommonStaticUtil - the new child relative direcotry[D:\gitsinnori\sinnori\project\sample_test][config] was created successfully
06:35:39.838 [main] INFO  k.p.s.common.util.CommonStaticUtil - the new child relative direcotry[D:\gitsinnori\sinnori\project\sample_test][resources/dbcp] was created successfully
06:35:39.838 [main] INFO  k.p.s.common.util.CommonStaticUtil - the new child relative direcotry[D:\gitsinnori\sinnori\project\sample_test][resources/message_info] was created successfully
06:35:39.838 [main] INFO  k.p.s.common.util.CommonStaticUtil - the new child relative direcotry[D:\gitsinnori\sinnori\project\sample_test][resources/rsa_keypair] was created successfully
06:35:39.838 [main] INFO  k.p.s.common.util.CommonStaticUtil - the new child relative direcotry[D:\gitsinnori\sinnori\project\sample_test][log/apache] was created successfully
06:35:39.838 [main] INFO  k.p.s.common.util.CommonStaticUtil - the new child relative direcotry[D:\gitsinnori\sinnori\project\sample_test][log/client] was created successfully
06:35:39.838 [main] INFO  k.p.s.common.util.CommonStaticUtil - the new child relative direcotry[D:\gitsinnori\sinnori\project\sample_test][log/server] was created successfully
06:35:39.838 [main] INFO  k.p.s.common.util.CommonStaticUtil - the new child relative direcotry[D:\gitsinnori\sinnori\project\sample_test][log/servlet] was created successfully
06:35:39.838 [main] INFO  k.p.s.c.buildsystem.ProjectBuilder - main project[sample_test]'s common child direcotry creation task end
06:35:39.838 [main] INFO  k.p.s.c.buildsystem.ProjectBuilder - main project[sample_test]'s web build child direcotry creation task start
06:35:39.838 [main] INFO  k.p.s.common.util.CommonStaticUtil - the new child relative direcotry[D:\gitsinnori\sinnori\project\sample_test][client_build/web_build/corelib/ex] was created successfully
06:35:39.838 [main] INFO  k.p.s.common.util.CommonStaticUtil - the new child relative direcotry[D:\gitsinnori\sinnori\project\sample_test][client_build/web_build/corelib/in] was created successfully
06:35:39.838 [main] INFO  k.p.s.common.util.CommonStaticUtil - the new child relative direcotry[D:\gitsinnori\sinnori\project\sample_test][client_build/web_build/lib/main/ex] was created successfully
06:35:39.838 [main] INFO  k.p.s.common.util.CommonStaticUtil - the new child relative direcotry[D:\gitsinnori\sinnori\project\sample_test][client_build/web_build/lib/main/in] was created successfully
06:35:39.838 [main] INFO  k.p.s.common.util.CommonStaticUtil - the new child relative direcotry[D:\gitsinnori\sinnori\project\sample_test][client_build/web_build/lib/test] was created successfully
06:35:39.838 [main] INFO  k.p.s.common.util.CommonStaticUtil - the new child relative direcotry[D:\gitsinnori\sinnori\project\sample_test][client_build/web_build/src/main/java/kr/pe/sinnori/impl/message] was created successfully
06:35:39.838 [main] INFO  k.p.s.common.util.CommonStaticUtil - the new child relative direcotry[D:\gitsinnori\sinnori\project\sample_test][client_build/web_build/src/main/java//kr/pe/sinnori/servlet] was created successfully
06:35:39.838 [main] INFO  k.p.s.common.util.CommonStaticUtil - the new child relative direcotry[D:\gitsinnori\sinnori\project\sample_test][client_build/web_build/src/main/java/kr/pe/sinnori/weblib/common] was created successfully
06:35:39.838 [main] INFO  k.p.s.common.util.CommonStaticUtil - the new child relative direcotry[D:\gitsinnori\sinnori\project\sample_test][client_build/web_build/src/main/java/kr/pe/sinnori/weblib/htmlstring] was created successfully
06:35:39.838 [main] INFO  k.p.s.common.util.CommonStaticUtil - the new child relative direcotry[D:\gitsinnori\sinnori\project\sample_test][client_build/web_build/src/main/java/kr/pe/sinnori/weblib/jdf] was created successfully
06:35:39.885 [main] INFO  k.p.s.common.util.CommonStaticUtil - the new child relative direcotry[D:\gitsinnori\sinnori\project\sample_test][client_build/web_build/src/test/java] was created successfully
06:35:39.885 [main] INFO  k.p.s.common.util.CommonStaticUtil - the new child relative direcotry[D:\gitsinnori\sinnori\project\sample_test][client_build/web_build/build] was created successfully
06:35:39.885 [main] INFO  k.p.s.common.util.CommonStaticUtil - the new child relative direcotry[D:\gitsinnori\sinnori\project\sample_test][client_build/web_build/dist] was created successfully
06:35:39.885 [main] INFO  k.p.s.c.buildsystem.ProjectBuilder - main project[sample_test]'s web build child direcotry creation task end
06:35:39.885 [main] INFO  k.p.s.c.buildsystem.ProjectBuilder - main project[sample_test]'s web root child direcotry creation task start
06:35:39.885 [main] INFO  k.p.s.common.util.CommonStaticUtil - the new child relative direcotry[D:\gitsinnori\sinnori\project\sample_test][web_app_base/upload] was created successfully
06:35:39.885 [main] INFO  k.p.s.common.util.CommonStaticUtil - the new child relative direcotry[D:\gitsinnori\sinnori\project\sample_test][web_app_base/ROOT/WEB-INF/classes] was created successfully
06:35:39.885 [main] INFO  k.p.s.common.util.CommonStaticUtil - the new child relative direcotry[D:\gitsinnori\sinnori\project\sample_test][web_app_base/ROOT/WEB-INF/lib] was created successfully
06:35:39.885 [main] INFO  k.p.s.c.buildsystem.ProjectBuilder - main project[sample_test]'s web root child direcotry creation task end
06:35:39.885 [main] INFO  k.p.s.c.buildsystem.ProjectBuilder - main project[sample_test]'s child direcotry creation task end
06:35:39.885 [main] INFO  k.p.s.c.buildsystem.ProjectBuilder - main project[sample_test]'s file creation task start
06:35:39.885 [main] INFO  k.p.s.c.buildsystem.ProjectBuilder - main project[sample_test]'s config file creation task start
06:35:39.900 [main] INFO  k.p.s.c.util.SequencedPropertiesUtil - the sequenced properties file[D:\gitsinnori\sinnori\project\sample_test\config\sinnori.properties] was created
06:35:39.916 [main] INFO  k.p.s.c.buildsystem.ProjectBuilder - main project[sample_test]'s config file creation task end
06:35:39.916 [main] INFO  k.p.s.c.buildsystem.ProjectBuilder - the mainproject[sample_test]'s resources directory copy task start
06:35:39.931 [main] INFO  k.p.s.c.buildsystem.ProjectBuilder - the mainproject[sample_test]'s resources directory copy task end
06:35:39.931 [main] INFO  k.p.s.c.buildsystem.ProjectBuilder - main project[sample_test]'s web client build system files creation task start
06:35:39.931 [main] INFO  k.p.s.c.buildsystem.ProjectBuilder - main project[sample_test]'s web client ant build.xml file creation task start
06:35:39.931 [main] INFO  k.p.s.c.buildsystem.ProjectBuilder - main project[sample_test]'s web client ant build.xml file creation task end
06:35:39.931 [main] INFO  k.p.s.c.buildsystem.ProjectBuilder - main project[sample_test]'s web client ant properties file creation task start
06:35:39.931 [main] INFO  k.p.s.c.util.SequencedPropertiesUtil - the sequenced properties file[D:\gitsinnori\sinnori\project\sample_test\client_build\web_build\webAnt.properties] was created
06:35:39.931 [main] INFO  k.p.s.c.buildsystem.ProjectBuilder - main project[sample_test]'s web client ant properties file creation task end
06:35:39.931 [main] INFO  k.p.s.c.buildsystem.ProjectBuilder - main project[sample_test]'s web client message io file set creation task start
06:35:39.931 [main] INFO  k.p.s.common.util.CommonStaticUtil - the new child relative direcotry[D:\gitsinnori\sinnori\project\sample_test\client_build\web_build\src\main\java\kr\pe\sinnori\impl\message][Echo] was created successfully
06:35:39.931 [main] INFO  k.p.s.c.buildsystem.ProjectBuilder - main project[sample_test]'s message file[Echo][D:\gitsinnori\sinnori\project\sample_test\client_build\web_build\src\main\java\kr\pe\sinnori\impl\message] creation task start
06:35:40.025 [main] INFO  k.p.s.c.m.b.i.SingleItemTypeManger - the sinnori message information .xsl temporary file[C:\Users\user\AppData\Local\Temp\SinnoriMsgXSL3359380302828297907.tmp] was created successfully
06:35:40.072 [main] INFO  k.p.s.c.buildsystem.ProjectBuilder - main project[sample_test]'s message file[Echo][D:\gitsinnori\sinnori\project\sample_test\client_build\web_build\src\main\java\kr\pe\sinnori\impl\message] creation task end
06:35:40.072 [main] INFO  k.p.s.c.buildsystem.ProjectBuilder - main project[sample_test]'s message decoder file[Echo][D:\gitsinnori\sinnori\project\sample_test\client_build\web_build\src\main\java\kr\pe\sinnori\impl\message] creation task start
06:35:40.088 [main] INFO  k.p.s.c.buildsystem.ProjectBuilder - main project[sample_test]'s message decoder file[Echo][D:\gitsinnori\sinnori\project\sample_test\client_build\web_build\src\main\java\kr\pe\sinnori\impl\message] creation task end
06:35:40.088 [main] INFO  k.p.s.c.buildsystem.ProjectBuilder - main project[sample_test]'s message encoder file[Echo][D:\gitsinnori\sinnori\project\sample_test\client_build\web_build\src\main\java\kr\pe\sinnori\impl\message] creation task start
06:35:40.088 [main] INFO  k.p.s.c.buildsystem.ProjectBuilder - main project[sample_test]'s message encoder file[Echo][D:\gitsinnori\sinnori\project\sample_test\client_build\web_build\src\main\java\kr\pe\sinnori\impl\message] creation task end
06:35:40.088 [main] INFO  k.p.s.c.buildsystem.ProjectBuilder - main project[sample_test]'s message server codec file[Echo][D:\gitsinnori\sinnori\project\sample_test\client_build\web_build\src\main\java\kr\pe\sinnori\impl\message] creation task start
06:35:40.088 [main] INFO  k.p.s.c.buildsystem.ProjectBuilder - main project[sample_test]'s message server codec file[Echo][D:\gitsinnori\sinnori\project\sample_test\client_build\web_build\src\main\java\kr\pe\sinnori\impl\message] creation task end
06:35:40.088 [main] INFO  k.p.s.c.buildsystem.ProjectBuilder - main project[sample_test]'s message client codec file[Echo][D:\gitsinnori\sinnori\project\sample_test\client_build\web_build\src\main\java\kr\pe\sinnori\impl\message] creation task start
06:35:40.088 [main] INFO  k.p.s.c.buildsystem.ProjectBuilder - main project[sample_test]'s message client codec file[Echo][D:\gitsinnori\sinnori\project\sample_test\client_build\web_build\src\main\java\kr\pe\sinnori\impl\message] creation task end
06:35:40.088 [main] INFO  k.p.s.common.util.CommonStaticUtil - the new child relative direcotry[D:\gitsinnori\sinnori\project\sample_test\client_build\web_build\src\main\java\kr\pe\sinnori\impl\message][PublicKeyReq] was created successfully
06:35:40.088 [main] INFO  k.p.s.c.buildsystem.ProjectBuilder - main project[sample_test]'s message file[PublicKeyReq][D:\gitsinnori\sinnori\project\sample_test\client_build\web_build\src\main\java\kr\pe\sinnori\impl\message] creation task start
06:35:40.103 [main] INFO  k.p.s.c.buildsystem.ProjectBuilder - main project[sample_test]'s message file[PublicKeyReq][D:\gitsinnori\sinnori\project\sample_test\client_build\web_build\src\main\java\kr\pe\sinnori\impl\message] creation task end
06:35:40.103 [main] INFO  k.p.s.c.buildsystem.ProjectBuilder - main project[sample_test]'s message decoder file[PublicKeyReq][D:\gitsinnori\sinnori\project\sample_test\client_build\web_build\src\main\java\kr\pe\sinnori\impl\message] creation task start
06:35:40.103 [main] INFO  k.p.s.c.buildsystem.ProjectBuilder - main project[sample_test]'s message decoder file[PublicKeyReq][D:\gitsinnori\sinnori\project\sample_test\client_build\web_build\src\main\java\kr\pe\sinnori\impl\message] creation task end
06:35:40.103 [main] INFO  k.p.s.c.buildsystem.ProjectBuilder - main project[sample_test]'s message encoder file[PublicKeyReq][D:\gitsinnori\sinnori\project\sample_test\client_build\web_build\src\main\java\kr\pe\sinnori\impl\message] creation task start
06:35:40.103 [main] INFO  k.p.s.c.buildsystem.ProjectBuilder - main project[sample_test]'s message encoder file[PublicKeyReq][D:\gitsinnori\sinnori\project\sample_test\client_build\web_build\src\main\java\kr\pe\sinnori\impl\message] creation task end
06:35:40.119 [main] INFO  k.p.s.c.buildsystem.ProjectBuilder - main project[sample_test]'s message server codec file[PublicKeyReq][D:\gitsinnori\sinnori\project\sample_test\client_build\web_build\src\main\java\kr\pe\sinnori\impl\message] creation task start
06:35:40.119 [main] INFO  k.p.s.c.buildsystem.ProjectBuilder - main project[sample_test]'s message server codec file[PublicKeyReq][D:\gitsinnori\sinnori\project\sample_test\client_build\web_build\src\main\java\kr\pe\sinnori\impl\message] creation task end
06:35:40.119 [main] INFO  k.p.s.c.buildsystem.ProjectBuilder - main project[sample_test]'s message client codec file[PublicKeyReq][D:\gitsinnori\sinnori\project\sample_test\client_build\web_build\src\main\java\kr\pe\sinnori\impl\message] creation task start
06:35:40.119 [main] INFO  k.p.s.c.buildsystem.ProjectBuilder - main project[sample_test]'s message client codec file[PublicKeyReq][D:\gitsinnori\sinnori\project\sample_test\client_build\web_build\src\main\java\kr\pe\sinnori\impl\message] creation task end
06:35:40.119 [main] INFO  k.p.s.common.util.CommonStaticUtil - the new child relative direcotry[D:\gitsinnori\sinnori\project\sample_test\client_build\web_build\src\main\java\kr\pe\sinnori\impl\message][PublicKeyRes] was created successfully
06:35:40.119 [main] INFO  k.p.s.c.buildsystem.ProjectBuilder - main project[sample_test]'s message file[PublicKeyRes][D:\gitsinnori\sinnori\project\sample_test\client_build\web_build\src\main\java\kr\pe\sinnori\impl\message] creation task start
06:35:40.119 [main] INFO  k.p.s.c.buildsystem.ProjectBuilder - main project[sample_test]'s message file[PublicKeyRes][D:\gitsinnori\sinnori\project\sample_test\client_build\web_build\src\main\java\kr\pe\sinnori\impl\message] creation task end
06:35:40.119 [main] INFO  k.p.s.c.buildsystem.ProjectBuilder - main project[sample_test]'s message decoder file[PublicKeyRes][D:\gitsinnori\sinnori\project\sample_test\client_build\web_build\src\main\java\kr\pe\sinnori\impl\message] creation task start
06:35:40.135 [main] INFO  k.p.s.c.buildsystem.ProjectBuilder - main project[sample_test]'s message decoder file[PublicKeyRes][D:\gitsinnori\sinnori\project\sample_test\client_build\web_build\src\main\java\kr\pe\sinnori\impl\message] creation task end
06:35:40.135 [main] INFO  k.p.s.c.buildsystem.ProjectBuilder - main project[sample_test]'s message encoder file[PublicKeyRes][D:\gitsinnori\sinnori\project\sample_test\client_build\web_build\src\main\java\kr\pe\sinnori\impl\message] creation task start
06:35:40.135 [main] INFO  k.p.s.c.buildsystem.ProjectBuilder - main project[sample_test]'s message encoder file[PublicKeyRes][D:\gitsinnori\sinnori\project\sample_test\client_build\web_build\src\main\java\kr\pe\sinnori\impl\message] creation task end
06:35:40.135 [main] INFO  k.p.s.c.buildsystem.ProjectBuilder - main project[sample_test]'s message server codec file[PublicKeyRes][D:\gitsinnori\sinnori\project\sample_test\client_build\web_build\src\main\java\kr\pe\sinnori\impl\message] creation task start
06:35:40.135 [main] INFO  k.p.s.c.buildsystem.ProjectBuilder - main project[sample_test]'s message server codec file[PublicKeyRes][D:\gitsinnori\sinnori\project\sample_test\client_build\web_build\src\main\java\kr\pe\sinnori\impl\message] creation task end
06:35:40.135 [main] INFO  k.p.s.c.buildsystem.ProjectBuilder - main project[sample_test]'s message client codec file[PublicKeyRes][D:\gitsinnori\sinnori\project\sample_test\client_build\web_build\src\main\java\kr\pe\sinnori\impl\message] creation task start
06:35:40.135 [main] INFO  k.p.s.c.buildsystem.ProjectBuilder - main project[sample_test]'s message client codec file[PublicKeyRes][D:\gitsinnori\sinnori\project\sample_test\client_build\web_build\src\main\java\kr\pe\sinnori\impl\message] creation task end
06:35:40.135 [main] INFO  k.p.s.c.buildsystem.ProjectBuilder - main project[sample_test]'s web client message io file set creation task end
06:35:40.135 [main] INFO  k.p.s.c.buildsystem.ProjectBuilder - mainproject[sample_test]'s web client sample source files copy task start
06:35:40.197 [main] INFO  k.p.s.c.buildsystem.ProjectBuilder - mainproject[sample_test]'s web client sample source files copy task end
06:35:40.197 [main] INFO  k.p.s.c.buildsystem.ProjectBuilder - main project[sample_test]'s web client build system files creation task end
06:35:40.197 [main] INFO  k.p.s.c.buildsystem.ProjectBuilder - main project[sample_test]'s web root sample files creation task start
06:35:40.197 [main] INFO  k.p.s.c.buildsystem.ProjectBuilder - main project[sample_test]'s web root sample files copy task start
06:35:40.197 [main] INFO  k.p.s.c.buildsystem.ProjectBuilder - main project[sample_test]'s web root sample files copy task end
06:35:40.197 [main] INFO  k.p.s.c.buildsystem.ProjectBuilder - main project[sample_test]'s web root sample files creation task end
06:35:40.197 [main] INFO  k.p.s.c.buildsystem.ProjectBuilder - main project[sample_test]'s file creation task end
06:35:40.228 [main] INFO  k.p.s.c.buildsystem.ProjectBuilder - main project[sample_test]'s child direcotry creation task start
06:35:40.228 [main] INFO  k.p.s.c.buildsystem.ProjectBuilder - main project[sample_test]'s common child direcotry creation task start
06:35:40.228 [main] INFO  k.p.s.common.util.CommonStaticUtil - the new child relative direcotry[D:\gitsinnori\sinnori\project\sample_test][config] was created successfully
06:35:40.228 [main] INFO  k.p.s.common.util.CommonStaticUtil - the new child relative direcotry[D:\gitsinnori\sinnori\project\sample_test][resources/dbcp] was created successfully
06:35:40.228 [main] INFO  k.p.s.common.util.CommonStaticUtil - the new child relative direcotry[D:\gitsinnori\sinnori\project\sample_test][resources/message_info] was created successfully
06:35:40.228 [main] INFO  k.p.s.common.util.CommonStaticUtil - the new child relative direcotry[D:\gitsinnori\sinnori\project\sample_test][resources/rsa_keypair] was created successfully
06:35:40.228 [main] INFO  k.p.s.common.util.CommonStaticUtil - the new child relative direcotry[D:\gitsinnori\sinnori\project\sample_test][log/apache] was created successfully
06:35:40.228 [main] INFO  k.p.s.common.util.CommonStaticUtil - the new child relative direcotry[D:\gitsinnori\sinnori\project\sample_test][log/client] was created successfully
06:35:40.228 [main] INFO  k.p.s.common.util.CommonStaticUtil - the new child relative direcotry[D:\gitsinnori\sinnori\project\sample_test][log/server] was created successfully
06:35:40.228 [main] INFO  k.p.s.common.util.CommonStaticUtil - the new child relative direcotry[D:\gitsinnori\sinnori\project\sample_test][log/servlet] was created successfully
06:35:40.244 [main] INFO  k.p.s.c.buildsystem.ProjectBuilder - main project[sample_test]'s common child direcotry creation task end
06:35:40.244 [main] INFO  k.p.s.c.buildsystem.ProjectBuilder - main project[sample_test]'s server child direcotry creation task start
06:35:40.244 [main] INFO  k.p.s.common.util.CommonStaticUtil - the new child relative direcotry[D:\gitsinnori\sinnori\project\sample_test][server_build/APP-INF/classes] was created successfully
06:35:40.244 [main] INFO  k.p.s.common.util.CommonStaticUtil - the new child relative direcotry[D:\gitsinnori\sinnori\project\sample_test][server_build/corelib/ex] was created successfully
06:35:40.244 [main] INFO  k.p.s.common.util.CommonStaticUtil - the new child relative direcotry[D:\gitsinnori\sinnori\project\sample_test][server_build/corelib/in] was created successfully
06:35:40.244 [main] INFO  k.p.s.common.util.CommonStaticUtil - the new child relative direcotry[D:\gitsinnori\sinnori\project\sample_test][server_build/lib/main/ex] was created successfully
06:35:40.244 [main] INFO  k.p.s.common.util.CommonStaticUtil - the new child relative direcotry[D:\gitsinnori\sinnori\project\sample_test][server_build/lib/main/in] was created successfully
06:35:40.244 [main] INFO  k.p.s.common.util.CommonStaticUtil - the new child relative direcotry[D:\gitsinnori\sinnori\project\sample_test][server_build/lib/test] was created successfully
06:35:40.244 [main] INFO  k.p.s.common.util.CommonStaticUtil - the new child relative direcotry[D:\gitsinnori\sinnori\project\sample_test][server_build/src/main/java/kr/pe/sinnori/impl/servertask] was created successfully
06:35:40.244 [main] INFO  k.p.s.common.util.CommonStaticUtil - the new child relative direcotry[D:\gitsinnori\sinnori\project\sample_test][server_build/src/main/java/kr/pe/sinnori/impl/message] was created successfully
06:35:40.244 [main] INFO  k.p.s.common.util.CommonStaticUtil - the new child relative direcotry[D:\gitsinnori\sinnori\project\sample_test][server_build/src/main/java/main] was created successfully
06:35:40.244 [main] INFO  k.p.s.common.util.CommonStaticUtil - the new child relative direcotry[D:\gitsinnori\sinnori\project\sample_test][server_build/src/test/java] was created successfully
06:35:40.244 [main] INFO  k.p.s.common.util.CommonStaticUtil - the new child relative direcotry[D:\gitsinnori\sinnori\project\sample_test][server_build/build] was created successfully
06:35:40.244 [main] INFO  k.p.s.common.util.CommonStaticUtil - the new child relative direcotry[D:\gitsinnori\sinnori\project\sample_test][server_build/dist] was created successfully
06:35:40.244 [main] INFO  k.p.s.c.buildsystem.ProjectBuilder - main project[sample_test]'s server child direcotry creation task end
06:35:40.244 [main] INFO  k.p.s.c.buildsystem.ProjectBuilder - main project[sample_test]'s application build child direcotry creation task start
06:35:40.244 [main] INFO  k.p.s.common.util.CommonStaticUtil - the new child relative direcotry[D:\gitsinnori\sinnori\project\sample_test][client_build/app_build/corelib/ex] was created successfully
06:35:40.244 [main] INFO  k.p.s.common.util.CommonStaticUtil - the new child relative direcotry[D:\gitsinnori\sinnori\project\sample_test][client_build/app_build/corelib/in] was created successfully
06:35:40.244 [main] INFO  k.p.s.common.util.CommonStaticUtil - the new child relative direcotry[D:\gitsinnori\sinnori\project\sample_test][client_build/app_build/lib/main/ex] was created successfully
06:35:40.244 [main] INFO  k.p.s.common.util.CommonStaticUtil - the new child relative direcotry[D:\gitsinnori\sinnori\project\sample_test][client_build/app_build/lib/main/in] was created successfully
06:35:40.244 [main] INFO  k.p.s.common.util.CommonStaticUtil - the new child relative direcotry[D:\gitsinnori\sinnori\project\sample_test][client_build/app_build/lib/test] was created successfully
06:35:40.244 [main] INFO  k.p.s.common.util.CommonStaticUtil - the new child relative direcotry[D:\gitsinnori\sinnori\project\sample_test][client_build/app_build/src/main/java/kr/pe/sinnori/impl/message] was created successfully
06:35:40.244 [main] INFO  k.p.s.common.util.CommonStaticUtil - the new child relative direcotry[D:\gitsinnori\sinnori\project\sample_test][client_build/app_build/src/main/java/main] was created successfully
06:35:40.260 [main] INFO  k.p.s.common.util.CommonStaticUtil - the new child relative direcotry[D:\gitsinnori\sinnori\project\sample_test][client_build/app_build/src/test/java] was created successfully
06:35:40.260 [main] INFO  k.p.s.common.util.CommonStaticUtil - the new child relative direcotry[D:\gitsinnori\sinnori\project\sample_test][client_build/app_build/build] was created successfully
06:35:40.260 [main] INFO  k.p.s.common.util.CommonStaticUtil - the new child relative direcotry[D:\gitsinnori\sinnori\project\sample_test][client_build/app_build/dist] was created successfully
06:35:40.260 [main] INFO  k.p.s.c.buildsystem.ProjectBuilder - main project[sample_test]'s application build child direcotry creation task end
06:35:40.260 [main] INFO  k.p.s.c.buildsystem.ProjectBuilder - main project[sample_test]'s web build child direcotry creation task start
06:35:40.260 [main] INFO  k.p.s.common.util.CommonStaticUtil - the new child relative direcotry[D:\gitsinnori\sinnori\project\sample_test][client_build/web_build/corelib/ex] was created successfully
06:35:40.260 [main] INFO  k.p.s.common.util.CommonStaticUtil - the new child relative direcotry[D:\gitsinnori\sinnori\project\sample_test][client_build/web_build/corelib/in] was created successfully
06:35:40.260 [main] INFO  k.p.s.common.util.CommonStaticUtil - the new child relative direcotry[D:\gitsinnori\sinnori\project\sample_test][client_build/web_build/lib/main/ex] was created successfully
06:35:40.260 [main] INFO  k.p.s.common.util.CommonStaticUtil - the new child relative direcotry[D:\gitsinnori\sinnori\project\sample_test][client_build/web_build/lib/main/in] was created successfully
06:35:40.260 [main] INFO  k.p.s.common.util.CommonStaticUtil - the new child relative direcotry[D:\gitsinnori\sinnori\project\sample_test][client_build/web_build/lib/test] was created successfully
06:35:40.260 [main] INFO  k.p.s.common.util.CommonStaticUtil - the new child relative direcotry[D:\gitsinnori\sinnori\project\sample_test][client_build/web_build/src/main/java/kr/pe/sinnori/impl/message] was created successfully
06:35:40.260 [main] INFO  k.p.s.common.util.CommonStaticUtil - the new child relative direcotry[D:\gitsinnori\sinnori\project\sample_test][client_build/web_build/src/main/java//kr/pe/sinnori/servlet] was created successfully
06:35:40.260 [main] INFO  k.p.s.common.util.CommonStaticUtil - the new child relative direcotry[D:\gitsinnori\sinnori\project\sample_test][client_build/web_build/src/main/java/kr/pe/sinnori/weblib/common] was created successfully
06:35:40.260 [main] INFO  k.p.s.common.util.CommonStaticUtil - the new child relative direcotry[D:\gitsinnori\sinnori\project\sample_test][client_build/web_build/src/main/java/kr/pe/sinnori/weblib/htmlstring] was created successfully
06:35:40.353 [main] INFO  k.p.s.common.util.CommonStaticUtil - the new child relative direcotry[D:\gitsinnori\sinnori\project\sample_test][client_build/web_build/src/main/java/kr/pe/sinnori/weblib/jdf] was created successfully
06:35:40.353 [main] INFO  k.p.s.common.util.CommonStaticUtil - the new child relative direcotry[D:\gitsinnori\sinnori\project\sample_test][client_build/web_build/src/test/java] was created successfully
06:35:40.353 [main] INFO  k.p.s.common.util.CommonStaticUtil - the new child relative direcotry[D:\gitsinnori\sinnori\project\sample_test][client_build/web_build/build] was created successfully
06:35:40.353 [main] INFO  k.p.s.common.util.CommonStaticUtil - the new child relative direcotry[D:\gitsinnori\sinnori\project\sample_test][client_build/web_build/dist] was created successfully
06:35:40.353 [main] INFO  k.p.s.c.buildsystem.ProjectBuilder - main project[sample_test]'s web build child direcotry creation task end
06:35:40.353 [main] INFO  k.p.s.c.buildsystem.ProjectBuilder - main project[sample_test]'s web root child direcotry creation task start
06:35:40.353 [main] INFO  k.p.s.common.util.CommonStaticUtil - the new child relative direcotry[D:\gitsinnori\sinnori\project\sample_test][web_app_base/upload] was created successfully
06:35:40.353 [main] INFO  k.p.s.common.util.CommonStaticUtil - the new child relative direcotry[D:\gitsinnori\sinnori\project\sample_test][web_app_base/ROOT/WEB-INF/classes] was created successfully
06:35:40.353 [main] INFO  k.p.s.common.util.CommonStaticUtil - the new child relative direcotry[D:\gitsinnori\sinnori\project\sample_test][web_app_base/ROOT/WEB-INF/lib] was created successfully
06:35:40.353 [main] INFO  k.p.s.c.buildsystem.ProjectBuilder - main project[sample_test]'s web root child direcotry creation task end
06:35:40.353 [main] INFO  k.p.s.c.buildsystem.ProjectBuilder - main project[sample_test]'s child direcotry creation task end
06:35:40.353 [main] INFO  k.p.s.c.buildsystem.ProjectBuilder - main project[sample_test]'s file creation task start
06:35:40.353 [main] INFO  k.p.s.c.buildsystem.ProjectBuilder - main project[sample_test]'s config file creation task start
06:35:40.353 [main] INFO  k.p.s.c.util.SequencedPropertiesUtil - the sequenced properties file[D:\gitsinnori\sinnori\project\sample_test\config\sinnori.properties] was created
06:35:40.385 [main] INFO  k.p.s.c.buildsystem.ProjectBuilder - main project[sample_test]'s config file creation task end
06:35:40.385 [main] INFO  k.p.s.c.buildsystem.ProjectBuilder - the mainproject[sample_test]'s resources directory copy task start
06:35:40.420 [main] INFO  k.p.s.c.buildsystem.ProjectBuilder - the mainproject[sample_test]'s resources directory copy task end
06:35:40.420 [main] INFO  k.p.s.c.buildsystem.ProjectBuilder - server build system files creation task start
06:35:40.420 [main] INFO  k.p.s.c.buildsystem.ProjectBuilder - main project[sample_test]'s server ant build.xml file creation task start
06:35:40.420 [main] INFO  k.p.s.c.buildsystem.ProjectBuilder - main project[sample_test]'s server ant build.xml file creation task end
06:35:40.420 [main] INFO  k.p.s.c.buildsystem.ProjectBuilder - main project[sample_test]'s server dos shell file creation task start
06:35:40.420 [main] INFO  k.p.s.c.buildsystem.ProjectBuilder - main project[sample_test]'s server dos shell file creation task end
06:35:40.420 [main] INFO  k.p.s.c.buildsystem.ProjectBuilder - main project[sample_test]'s server unix shell file creation task start
06:35:40.436 [main] INFO  k.p.s.c.buildsystem.ProjectBuilder - main project[sample_test]'s server unix shell file creation task end
06:35:40.436 [main] INFO  k.p.s.c.buildsystem.ProjectBuilder - server sample source files copy task start
06:35:40.436 [main] INFO  k.p.s.c.buildsystem.ProjectBuilder - server sample source files copy task end
06:35:40.436 [main] INFO  k.p.s.c.buildsystem.ProjectBuilder - main project[sample_test]'s server message io file set creation task start
06:35:40.436 [main] INFO  k.p.s.common.util.CommonStaticUtil - the new child relative direcotry[D:\gitsinnori\sinnori\project\sample_test\server_build\src\main\java\kr\pe\sinnori\impl\message][Echo] was created successfully
06:35:40.436 [main] INFO  k.p.s.c.buildsystem.ProjectBuilder - main project[sample_test]'s message file[Echo][D:\gitsinnori\sinnori\project\sample_test\server_build\src\main\java\kr\pe\sinnori\impl\message] creation task start
06:35:40.451 [main] INFO  k.p.s.c.buildsystem.ProjectBuilder - main project[sample_test]'s message file[Echo][D:\gitsinnori\sinnori\project\sample_test\server_build\src\main\java\kr\pe\sinnori\impl\message] creation task end
06:35:40.451 [main] INFO  k.p.s.c.buildsystem.ProjectBuilder - main project[sample_test]'s message decoder file[Echo][D:\gitsinnori\sinnori\project\sample_test\server_build\src\main\java\kr\pe\sinnori\impl\message] creation task start
06:35:40.451 [main] INFO  k.p.s.c.buildsystem.ProjectBuilder - main project[sample_test]'s message decoder file[Echo][D:\gitsinnori\sinnori\project\sample_test\server_build\src\main\java\kr\pe\sinnori\impl\message] creation task end
06:35:40.451 [main] INFO  k.p.s.c.buildsystem.ProjectBuilder - main project[sample_test]'s message encoder file[Echo][D:\gitsinnori\sinnori\project\sample_test\server_build\src\main\java\kr\pe\sinnori\impl\message] creation task start
06:35:40.467 [main] INFO  k.p.s.c.buildsystem.ProjectBuilder - main project[sample_test]'s message encoder file[Echo][D:\gitsinnori\sinnori\project\sample_test\server_build\src\main\java\kr\pe\sinnori\impl\message] creation task end
06:35:40.467 [main] INFO  k.p.s.c.buildsystem.ProjectBuilder - main project[sample_test]'s message server codec file[Echo][D:\gitsinnori\sinnori\project\sample_test\server_build\src\main\java\kr\pe\sinnori\impl\message] creation task start
06:35:40.467 [main] INFO  k.p.s.c.buildsystem.ProjectBuilder - main project[sample_test]'s message server codec file[Echo][D:\gitsinnori\sinnori\project\sample_test\server_build\src\main\java\kr\pe\sinnori\impl\message] creation task end
06:35:40.467 [main] INFO  k.p.s.c.buildsystem.ProjectBuilder - main project[sample_test]'s message client codec file[Echo][D:\gitsinnori\sinnori\project\sample_test\server_build\src\main\java\kr\pe\sinnori\impl\message] creation task start
06:35:40.467 [main] INFO  k.p.s.c.buildsystem.ProjectBuilder - main project[sample_test]'s message client codec file[Echo][D:\gitsinnori\sinnori\project\sample_test\server_build\src\main\java\kr\pe\sinnori\impl\message] creation task end
06:35:40.467 [main] INFO  k.p.s.common.util.CommonStaticUtil - the new child relative direcotry[D:\gitsinnori\sinnori\project\sample_test\server_build\src\main\java\kr\pe\sinnori\impl\message][PublicKeyReq] was created successfully
06:35:40.514 [main] INFO  k.p.s.c.buildsystem.ProjectBuilder - main project[sample_test]'s message file[PublicKeyReq][D:\gitsinnori\sinnori\project\sample_test\server_build\src\main\java\kr\pe\sinnori\impl\message] creation task start
06:35:40.514 [main] INFO  k.p.s.c.buildsystem.ProjectBuilder - main project[sample_test]'s message file[PublicKeyReq][D:\gitsinnori\sinnori\project\sample_test\server_build\src\main\java\kr\pe\sinnori\impl\message] creation task end
06:35:40.514 [main] INFO  k.p.s.c.buildsystem.ProjectBuilder - main project[sample_test]'s message decoder file[PublicKeyReq][D:\gitsinnori\sinnori\project\sample_test\server_build\src\main\java\kr\pe\sinnori\impl\message] creation task start
06:35:40.514 [main] INFO  k.p.s.c.buildsystem.ProjectBuilder - main project[sample_test]'s message decoder file[PublicKeyReq][D:\gitsinnori\sinnori\project\sample_test\server_build\src\main\java\kr\pe\sinnori\impl\message] creation task end
06:35:40.514 [main] INFO  k.p.s.c.buildsystem.ProjectBuilder - main project[sample_test]'s message encoder file[PublicKeyReq][D:\gitsinnori\sinnori\project\sample_test\server_build\src\main\java\kr\pe\sinnori\impl\message] creation task start
06:35:40.530 [main] INFO  k.p.s.c.buildsystem.ProjectBuilder - main project[sample_test]'s message encoder file[PublicKeyReq][D:\gitsinnori\sinnori\project\sample_test\server_build\src\main\java\kr\pe\sinnori\impl\message] creation task end
06:35:40.530 [main] INFO  k.p.s.c.buildsystem.ProjectBuilder - main project[sample_test]'s message server codec file[PublicKeyReq][D:\gitsinnori\sinnori\project\sample_test\server_build\src\main\java\kr\pe\sinnori\impl\message] creation task start
06:35:40.530 [main] INFO  k.p.s.c.buildsystem.ProjectBuilder - main project[sample_test]'s message server codec file[PublicKeyReq][D:\gitsinnori\sinnori\project\sample_test\server_build\src\main\java\kr\pe\sinnori\impl\message] creation task end
06:35:40.530 [main] INFO  k.p.s.c.buildsystem.ProjectBuilder - main project[sample_test]'s message client codec file[PublicKeyReq][D:\gitsinnori\sinnori\project\sample_test\server_build\src\main\java\kr\pe\sinnori\impl\message] creation task start
06:35:40.530 [main] INFO  k.p.s.c.buildsystem.ProjectBuilder - main project[sample_test]'s message client codec file[PublicKeyReq][D:\gitsinnori\sinnori\project\sample_test\server_build\src\main\java\kr\pe\sinnori\impl\message] creation task end
06:35:40.530 [main] INFO  k.p.s.common.util.CommonStaticUtil - the new child relative direcotry[D:\gitsinnori\sinnori\project\sample_test\server_build\src\main\java\kr\pe\sinnori\impl\message][PublicKeyRes] was created successfully
06:35:40.530 [main] INFO  k.p.s.c.buildsystem.ProjectBuilder - main project[sample_test]'s message file[PublicKeyRes][D:\gitsinnori\sinnori\project\sample_test\server_build\src\main\java\kr\pe\sinnori\impl\message] creation task start
06:35:40.545 [main] INFO  k.p.s.c.buildsystem.ProjectBuilder - main project[sample_test]'s message file[PublicKeyRes][D:\gitsinnori\sinnori\project\sample_test\server_build\src\main\java\kr\pe\sinnori\impl\message] creation task end
06:35:40.545 [main] INFO  k.p.s.c.buildsystem.ProjectBuilder - main project[sample_test]'s message decoder file[PublicKeyRes][D:\gitsinnori\sinnori\project\sample_test\server_build\src\main\java\kr\pe\sinnori\impl\message] creation task start
06:35:40.545 [main] INFO  k.p.s.c.buildsystem.ProjectBuilder - main project[sample_test]'s message decoder file[PublicKeyRes][D:\gitsinnori\sinnori\project\sample_test\server_build\src\main\java\kr\pe\sinnori\impl\message] creation task end
06:35:40.545 [main] INFO  k.p.s.c.buildsystem.ProjectBuilder - main project[sample_test]'s message encoder file[PublicKeyRes][D:\gitsinnori\sinnori\project\sample_test\server_build\src\main\java\kr\pe\sinnori\impl\message] creation task start
06:35:40.545 [main] INFO  k.p.s.c.buildsystem.ProjectBuilder - main project[sample_test]'s message encoder file[PublicKeyRes][D:\gitsinnori\sinnori\project\sample_test\server_build\src\main\java\kr\pe\sinnori\impl\message] creation task end
06:35:40.545 [main] INFO  k.p.s.c.buildsystem.ProjectBuilder - main project[sample_test]'s message server codec file[PublicKeyRes][D:\gitsinnori\sinnori\project\sample_test\server_build\src\main\java\kr\pe\sinnori\impl\message] creation task start
06:35:40.561 [main] INFO  k.p.s.c.buildsystem.ProjectBuilder - main project[sample_test]'s message server codec file[PublicKeyRes][D:\gitsinnori\sinnori\project\sample_test\server_build\src\main\java\kr\pe\sinnori\impl\message] creation task end
06:35:40.561 [main] INFO  k.p.s.c.buildsystem.ProjectBuilder - main project[sample_test]'s message client codec file[PublicKeyRes][D:\gitsinnori\sinnori\project\sample_test\server_build\src\main\java\kr\pe\sinnori\impl\message] creation task start
06:35:40.561 [main] INFO  k.p.s.c.buildsystem.ProjectBuilder - main project[sample_test]'s message client codec file[PublicKeyRes][D:\gitsinnori\sinnori\project\sample_test\server_build\src\main\java\kr\pe\sinnori\impl\message] creation task end
06:35:40.561 [main] INFO  k.p.s.c.buildsystem.ProjectBuilder - main project[sample_test]'s server message io file set creation task end
06:35:40.561 [main] INFO  k.p.s.c.buildsystem.ProjectBuilder - server build system files creation task end
06:35:40.561 [main] INFO  k.p.s.c.buildsystem.ProjectBuilder - mainproject[sample_test]'s application client build system files creation task start
06:35:40.561 [main] INFO  k.p.s.c.buildsystem.ProjectBuilder - main project[sample_test]'s application client ant build.xml file creation task start
06:35:40.576 [main] INFO  k.p.s.c.buildsystem.ProjectBuilder - main project[sample_test]'s application client ant build.xml file creation task end
06:35:40.576 [main] INFO  k.p.s.c.buildsystem.ProjectBuilder - main project[sample_test]'s application client dos shell file creation task start
06:35:40.576 [main] INFO  k.p.s.c.buildsystem.ProjectBuilder - main project[sample_test]'s application client dos shell file creation task end
06:35:40.576 [main] INFO  k.p.s.c.buildsystem.ProjectBuilder - main project[sample_test]'s application client unix shell file creation task start
06:35:40.576 [main] INFO  k.p.s.c.buildsystem.ProjectBuilder - main project[sample_test]'s application client unix shell file creation task end
06:35:40.576 [main] INFO  k.p.s.c.buildsystem.ProjectBuilder - application client sample source files copy task start
06:35:40.576 [main] INFO  k.p.s.c.buildsystem.ProjectBuilder - application client sample source files copy task end
06:35:40.576 [main] INFO  k.p.s.c.buildsystem.ProjectBuilder - main project[sample_test]'s application client message io file set creation task start
06:35:40.576 [main] INFO  k.p.s.common.util.CommonStaticUtil - the new child relative direcotry[D:\gitsinnori\sinnori\project\sample_test\client_build\app_build\src\main\java\kr\pe\sinnori\impl\message][Echo] was created successfully
06:35:40.576 [main] INFO  k.p.s.c.buildsystem.ProjectBuilder - main project[sample_test]'s message file[Echo][D:\gitsinnori\sinnori\project\sample_test\client_build\app_build\src\main\java\kr\pe\sinnori\impl\message] creation task start
06:35:40.592 [main] INFO  k.p.s.c.buildsystem.ProjectBuilder - main project[sample_test]'s message file[Echo][D:\gitsinnori\sinnori\project\sample_test\client_build\app_build\src\main\java\kr\pe\sinnori\impl\message] creation task end
06:35:40.592 [main] INFO  k.p.s.c.buildsystem.ProjectBuilder - main project[sample_test]'s message decoder file[Echo][D:\gitsinnori\sinnori\project\sample_test\client_build\app_build\src\main\java\kr\pe\sinnori\impl\message] creation task start
06:35:40.592 [main] INFO  k.p.s.c.buildsystem.ProjectBuilder - main project[sample_test]'s message decoder file[Echo][D:\gitsinnori\sinnori\project\sample_test\client_build\app_build\src\main\java\kr\pe\sinnori\impl\message] creation task end
06:35:40.592 [main] INFO  k.p.s.c.buildsystem.ProjectBuilder - main project[sample_test]'s message encoder file[Echo][D:\gitsinnori\sinnori\project\sample_test\client_build\app_build\src\main\java\kr\pe\sinnori\impl\message] creation task start
06:35:40.592 [main] INFO  k.p.s.c.buildsystem.ProjectBuilder - main project[sample_test]'s message encoder file[Echo][D:\gitsinnori\sinnori\project\sample_test\client_build\app_build\src\main\java\kr\pe\sinnori\impl\message] creation task end
06:35:40.592 [main] INFO  k.p.s.c.buildsystem.ProjectBuilder - main project[sample_test]'s message server codec file[Echo][D:\gitsinnori\sinnori\project\sample_test\client_build\app_build\src\main\java\kr\pe\sinnori\impl\message] creation task start
06:35:40.608 [main] INFO  k.p.s.c.buildsystem.ProjectBuilder - main project[sample_test]'s message server codec file[Echo][D:\gitsinnori\sinnori\project\sample_test\client_build\app_build\src\main\java\kr\pe\sinnori\impl\message] creation task end
06:35:40.608 [main] INFO  k.p.s.c.buildsystem.ProjectBuilder - main project[sample_test]'s message client codec file[Echo][D:\gitsinnori\sinnori\project\sample_test\client_build\app_build\src\main\java\kr\pe\sinnori\impl\message] creation task start
06:35:40.608 [main] INFO  k.p.s.c.buildsystem.ProjectBuilder - main project[sample_test]'s message client codec file[Echo][D:\gitsinnori\sinnori\project\sample_test\client_build\app_build\src\main\java\kr\pe\sinnori\impl\message] creation task end
06:35:40.608 [main] INFO  k.p.s.common.util.CommonStaticUtil - the new child relative direcotry[D:\gitsinnori\sinnori\project\sample_test\client_build\app_build\src\main\java\kr\pe\sinnori\impl\message][PublicKeyReq] was created successfully
06:35:40.608 [main] INFO  k.p.s.c.buildsystem.ProjectBuilder - main project[sample_test]'s message file[PublicKeyReq][D:\gitsinnori\sinnori\project\sample_test\client_build\app_build\src\main\java\kr\pe\sinnori\impl\message] creation task start
06:35:40.608 [main] INFO  k.p.s.c.buildsystem.ProjectBuilder - main project[sample_test]'s message file[PublicKeyReq][D:\gitsinnori\sinnori\project\sample_test\client_build\app_build\src\main\java\kr\pe\sinnori\impl\message] creation task end
06:35:40.608 [main] INFO  k.p.s.c.buildsystem.ProjectBuilder - main project[sample_test]'s message decoder file[PublicKeyReq][D:\gitsinnori\sinnori\project\sample_test\client_build\app_build\src\main\java\kr\pe\sinnori\impl\message] creation task start
06:35:40.608 [main] INFO  k.p.s.c.buildsystem.ProjectBuilder - main project[sample_test]'s message decoder file[PublicKeyReq][D:\gitsinnori\sinnori\project\sample_test\client_build\app_build\src\main\java\kr\pe\sinnori\impl\message] creation task end
06:35:40.686 [main] INFO  k.p.s.c.buildsystem.ProjectBuilder - main project[sample_test]'s message encoder file[PublicKeyReq][D:\gitsinnori\sinnori\project\sample_test\client_build\app_build\src\main\java\kr\pe\sinnori\impl\message] creation task start
06:35:40.701 [main] INFO  k.p.s.c.buildsystem.ProjectBuilder - main project[sample_test]'s message encoder file[PublicKeyReq][D:\gitsinnori\sinnori\project\sample_test\client_build\app_build\src\main\java\kr\pe\sinnori\impl\message] creation task end
06:35:40.701 [main] INFO  k.p.s.c.buildsystem.ProjectBuilder - main project[sample_test]'s message server codec file[PublicKeyReq][D:\gitsinnori\sinnori\project\sample_test\client_build\app_build\src\main\java\kr\pe\sinnori\impl\message] creation task start
06:35:40.701 [main] INFO  k.p.s.c.buildsystem.ProjectBuilder - main project[sample_test]'s message server codec file[PublicKeyReq][D:\gitsinnori\sinnori\project\sample_test\client_build\app_build\src\main\java\kr\pe\sinnori\impl\message] creation task end
06:35:40.701 [main] INFO  k.p.s.c.buildsystem.ProjectBuilder - main project[sample_test]'s message client codec file[PublicKeyReq][D:\gitsinnori\sinnori\project\sample_test\client_build\app_build\src\main\java\kr\pe\sinnori\impl\message] creation task start
06:35:40.701 [main] INFO  k.p.s.c.buildsystem.ProjectBuilder - main project[sample_test]'s message client codec file[PublicKeyReq][D:\gitsinnori\sinnori\project\sample_test\client_build\app_build\src\main\java\kr\pe\sinnori\impl\message] creation task end
06:35:40.701 [main] INFO  k.p.s.common.util.CommonStaticUtil - the new child relative direcotry[D:\gitsinnori\sinnori\project\sample_test\client_build\app_build\src\main\java\kr\pe\sinnori\impl\message][PublicKeyRes] was created successfully
06:35:40.701 [main] INFO  k.p.s.c.buildsystem.ProjectBuilder - main project[sample_test]'s message file[PublicKeyRes][D:\gitsinnori\sinnori\project\sample_test\client_build\app_build\src\main\java\kr\pe\sinnori\impl\message] creation task start
06:35:40.717 [main] INFO  k.p.s.c.buildsystem.ProjectBuilder - main project[sample_test]'s message file[PublicKeyRes][D:\gitsinnori\sinnori\project\sample_test\client_build\app_build\src\main\java\kr\pe\sinnori\impl\message] creation task end
06:35:40.717 [main] INFO  k.p.s.c.buildsystem.ProjectBuilder - main project[sample_test]'s message decoder file[PublicKeyRes][D:\gitsinnori\sinnori\project\sample_test\client_build\app_build\src\main\java\kr\pe\sinnori\impl\message] creation task start
06:35:40.717 [main] INFO  k.p.s.c.buildsystem.ProjectBuilder - main project[sample_test]'s message decoder file[PublicKeyRes][D:\gitsinnori\sinnori\project\sample_test\client_build\app_build\src\main\java\kr\pe\sinnori\impl\message] creation task end
06:35:40.717 [main] INFO  k.p.s.c.buildsystem.ProjectBuilder - main project[sample_test]'s message encoder file[PublicKeyRes][D:\gitsinnori\sinnori\project\sample_test\client_build\app_build\src\main\java\kr\pe\sinnori\impl\message] creation task start
06:35:40.733 [main] INFO  k.p.s.c.buildsystem.ProjectBuilder - main project[sample_test]'s message encoder file[PublicKeyRes][D:\gitsinnori\sinnori\project\sample_test\client_build\app_build\src\main\java\kr\pe\sinnori\impl\message] creation task end
06:35:40.733 [main] INFO  k.p.s.c.buildsystem.ProjectBuilder - main project[sample_test]'s message server codec file[PublicKeyRes][D:\gitsinnori\sinnori\project\sample_test\client_build\app_build\src\main\java\kr\pe\sinnori\impl\message] creation task start
06:35:40.733 [main] INFO  k.p.s.c.buildsystem.ProjectBuilder - main project[sample_test]'s message server codec file[PublicKeyRes][D:\gitsinnori\sinnori\project\sample_test\client_build\app_build\src\main\java\kr\pe\sinnori\impl\message] creation task end
06:35:40.733 [main] INFO  k.p.s.c.buildsystem.ProjectBuilder - main project[sample_test]'s message client codec file[PublicKeyRes][D:\gitsinnori\sinnori\project\sample_test\client_build\app_build\src\main\java\kr\pe\sinnori\impl\message] creation task start
06:35:40.733 [main] INFO  k.p.s.c.buildsystem.ProjectBuilder - main project[sample_test]'s message client codec file[PublicKeyRes][D:\gitsinnori\sinnori\project\sample_test\client_build\app_build\src\main\java\kr\pe\sinnori\impl\message] creation task end
06:35:40.733 [main] INFO  k.p.s.c.buildsystem.ProjectBuilder - main project[sample_test]'s application client message io file set creation task end
06:35:40.733 [main] INFO  k.p.s.c.buildsystem.ProjectBuilder - mainproject[sample_test]'s application client build system files creation task end
06:35:40.733 [main] INFO  k.p.s.c.buildsystem.ProjectBuilder - main project[sample_test]'s web client build system files creation task start
06:35:40.733 [main] INFO  k.p.s.c.buildsystem.ProjectBuilder - main project[sample_test]'s web client ant build.xml file creation task start
06:35:40.733 [main] INFO  k.p.s.c.buildsystem.ProjectBuilder - main project[sample_test]'s web client ant build.xml file creation task end
06:35:40.733 [main] INFO  k.p.s.c.buildsystem.ProjectBuilder - main project[sample_test]'s web client ant properties file creation task start
06:35:40.733 [main] INFO  k.p.s.c.util.SequencedPropertiesUtil - the sequenced properties file[D:\gitsinnori\sinnori\project\sample_test\client_build\web_build\webAnt.properties] was created
06:35:40.733 [main] INFO  k.p.s.c.buildsystem.ProjectBuilder - main project[sample_test]'s web client ant properties file creation task end
06:35:40.733 [main] INFO  k.p.s.c.buildsystem.ProjectBuilder - main project[sample_test]'s web client message io file set creation task start
06:35:40.733 [main] INFO  k.p.s.common.util.CommonStaticUtil - the new child relative direcotry[D:\gitsinnori\sinnori\project\sample_test\client_build\web_build\src\main\java\kr\pe\sinnori\impl\message][Echo] was created successfully
06:35:40.733 [main] INFO  k.p.s.c.buildsystem.ProjectBuilder - main project[sample_test]'s message file[Echo][D:\gitsinnori\sinnori\project\sample_test\client_build\web_build\src\main\java\kr\pe\sinnori\impl\message] creation task start
06:35:40.748 [main] INFO  k.p.s.c.buildsystem.ProjectBuilder - main project[sample_test]'s message file[Echo][D:\gitsinnori\sinnori\project\sample_test\client_build\web_build\src\main\java\kr\pe\sinnori\impl\message] creation task end
06:35:40.748 [main] INFO  k.p.s.c.buildsystem.ProjectBuilder - main project[sample_test]'s message decoder file[Echo][D:\gitsinnori\sinnori\project\sample_test\client_build\web_build\src\main\java\kr\pe\sinnori\impl\message] creation task start
06:35:40.748 [main] INFO  k.p.s.c.buildsystem.ProjectBuilder - main project[sample_test]'s message decoder file[Echo][D:\gitsinnori\sinnori\project\sample_test\client_build\web_build\src\main\java\kr\pe\sinnori\impl\message] creation task end
06:35:40.748 [main] INFO  k.p.s.c.buildsystem.ProjectBuilder - main project[sample_test]'s message encoder file[Echo][D:\gitsinnori\sinnori\project\sample_test\client_build\web_build\src\main\java\kr\pe\sinnori\impl\message] creation task start
06:35:40.748 [main] INFO  k.p.s.c.buildsystem.ProjectBuilder - main project[sample_test]'s message encoder file[Echo][D:\gitsinnori\sinnori\project\sample_test\client_build\web_build\src\main\java\kr\pe\sinnori\impl\message] creation task end
06:35:40.842 [main] INFO  k.p.s.c.buildsystem.ProjectBuilder - main project[sample_test]'s message server codec file[Echo][D:\gitsinnori\sinnori\project\sample_test\client_build\web_build\src\main\java\kr\pe\sinnori\impl\message] creation task start
06:35:40.842 [main] INFO  k.p.s.c.buildsystem.ProjectBuilder - main project[sample_test]'s message server codec file[Echo][D:\gitsinnori\sinnori\project\sample_test\client_build\web_build\src\main\java\kr\pe\sinnori\impl\message] creation task end
06:35:40.842 [main] INFO  k.p.s.c.buildsystem.ProjectBuilder - main project[sample_test]'s message client codec file[Echo][D:\gitsinnori\sinnori\project\sample_test\client_build\web_build\src\main\java\kr\pe\sinnori\impl\message] creation task start
06:35:40.842 [main] INFO  k.p.s.c.buildsystem.ProjectBuilder - main project[sample_test]'s message client codec file[Echo][D:\gitsinnori\sinnori\project\sample_test\client_build\web_build\src\main\java\kr\pe\sinnori\impl\message] creation task end
06:35:40.842 [main] INFO  k.p.s.common.util.CommonStaticUtil - the new child relative direcotry[D:\gitsinnori\sinnori\project\sample_test\client_build\web_build\src\main\java\kr\pe\sinnori\impl\message][PublicKeyReq] was created successfully
06:35:40.842 [main] INFO  k.p.s.c.buildsystem.ProjectBuilder - main project[sample_test]'s message file[PublicKeyReq][D:\gitsinnori\sinnori\project\sample_test\client_build\web_build\src\main\java\kr\pe\sinnori\impl\message] creation task start
06:35:40.858 [main] INFO  k.p.s.c.buildsystem.ProjectBuilder - main project[sample_test]'s message file[PublicKeyReq][D:\gitsinnori\sinnori\project\sample_test\client_build\web_build\src\main\java\kr\pe\sinnori\impl\message] creation task end
06:35:40.858 [main] INFO  k.p.s.c.buildsystem.ProjectBuilder - main project[sample_test]'s message decoder file[PublicKeyReq][D:\gitsinnori\sinnori\project\sample_test\client_build\web_build\src\main\java\kr\pe\sinnori\impl\message] creation task start
06:35:40.858 [main] INFO  k.p.s.c.buildsystem.ProjectBuilder - main project[sample_test]'s message decoder file[PublicKeyReq][D:\gitsinnori\sinnori\project\sample_test\client_build\web_build\src\main\java\kr\pe\sinnori\impl\message] creation task end
06:35:40.858 [main] INFO  k.p.s.c.buildsystem.ProjectBuilder - main project[sample_test]'s message encoder file[PublicKeyReq][D:\gitsinnori\sinnori\project\sample_test\client_build\web_build\src\main\java\kr\pe\sinnori\impl\message] creation task start
06:35:40.873 [main] INFO  k.p.s.c.buildsystem.ProjectBuilder - main project[sample_test]'s message encoder file[PublicKeyReq][D:\gitsinnori\sinnori\project\sample_test\client_build\web_build\src\main\java\kr\pe\sinnori\impl\message] creation task end
06:35:40.873 [main] INFO  k.p.s.c.buildsystem.ProjectBuilder - main project[sample_test]'s message server codec file[PublicKeyReq][D:\gitsinnori\sinnori\project\sample_test\client_build\web_build\src\main\java\kr\pe\sinnori\impl\message] creation task start
06:35:40.873 [main] INFO  k.p.s.c.buildsystem.ProjectBuilder - main project[sample_test]'s message server codec file[PublicKeyReq][D:\gitsinnori\sinnori\project\sample_test\client_build\web_build\src\main\java\kr\pe\sinnori\impl\message] creation task end
06:35:40.873 [main] INFO  k.p.s.c.buildsystem.ProjectBuilder - main project[sample_test]'s message client codec file[PublicKeyReq][D:\gitsinnori\sinnori\project\sample_test\client_build\web_build\src\main\java\kr\pe\sinnori\impl\message] creation task start
06:35:40.873 [main] INFO  k.p.s.c.buildsystem.ProjectBuilder - main project[sample_test]'s message client codec file[PublicKeyReq][D:\gitsinnori\sinnori\project\sample_test\client_build\web_build\src\main\java\kr\pe\sinnori\impl\message] creation task end
06:35:40.873 [main] INFO  k.p.s.common.util.CommonStaticUtil - the new child relative direcotry[D:\gitsinnori\sinnori\project\sample_test\client_build\web_build\src\main\java\kr\pe\sinnori\impl\message][PublicKeyRes] was created successfully
06:35:40.873 [main] INFO  k.p.s.c.buildsystem.ProjectBuilder - main project[sample_test]'s message file[PublicKeyRes][D:\gitsinnori\sinnori\project\sample_test\client_build\web_build\src\main\java\kr\pe\sinnori\impl\message] creation task start
06:35:40.889 [main] INFO  k.p.s.c.buildsystem.ProjectBuilder - main project[sample_test]'s message file[PublicKeyRes][D:\gitsinnori\sinnori\project\sample_test\client_build\web_build\src\main\java\kr\pe\sinnori\impl\message] creation task end
06:35:40.889 [main] INFO  k.p.s.c.buildsystem.ProjectBuilder - main project[sample_test]'s message decoder file[PublicKeyRes][D:\gitsinnori\sinnori\project\sample_test\client_build\web_build\src\main\java\kr\pe\sinnori\impl\message] creation task start
06:35:40.889 [main] INFO  k.p.s.c.buildsystem.ProjectBuilder - main project[sample_test]'s message decoder file[PublicKeyRes][D:\gitsinnori\sinnori\project\sample_test\client_build\web_build\src\main\java\kr\pe\sinnori\impl\message] creation task end
06:35:40.889 [main] INFO  k.p.s.c.buildsystem.ProjectBuilder - main project[sample_test]'s message encoder file[PublicKeyRes][D:\gitsinnori\sinnori\project\sample_test\client_build\web_build\src\main\java\kr\pe\sinnori\impl\message] creation task start
06:35:40.889 [main] INFO  k.p.s.c.buildsystem.ProjectBuilder - main project[sample_test]'s message encoder file[PublicKeyRes][D:\gitsinnori\sinnori\project\sample_test\client_build\web_build\src\main\java\kr\pe\sinnori\impl\message] creation task end
06:35:40.889 [main] INFO  k.p.s.c.buildsystem.ProjectBuilder - main project[sample_test]'s message server codec file[PublicKeyRes][D:\gitsinnori\sinnori\project\sample_test\client_build\web_build\src\main\java\kr\pe\sinnori\impl\message] creation task start
06:35:40.889 [main] INFO  k.p.s.c.buildsystem.ProjectBuilder - main project[sample_test]'s message server codec file[PublicKeyRes][D:\gitsinnori\sinnori\project\sample_test\client_build\web_build\src\main\java\kr\pe\sinnori\impl\message] creation task end
06:35:40.889 [main] INFO  k.p.s.c.buildsystem.ProjectBuilder - main project[sample_test]'s message client codec file[PublicKeyRes][D:\gitsinnori\sinnori\project\sample_test\client_build\web_build\src\main\java\kr\pe\sinnori\impl\message] creation task start
06:35:40.889 [main] INFO  k.p.s.c.buildsystem.ProjectBuilder - main project[sample_test]'s message client codec file[PublicKeyRes][D:\gitsinnori\sinnori\project\sample_test\client_build\web_build\src\main\java\kr\pe\sinnori\impl\message] creation task end
06:35:40.889 [main] INFO  k.p.s.c.buildsystem.ProjectBuilder - main project[sample_test]'s web client message io file set creation task end
06:35:40.983 [main] INFO  k.p.s.c.buildsystem.ProjectBuilder - mainproject[sample_test]'s web client sample source files copy task start
06:35:41.077 [main] INFO  k.p.s.c.buildsystem.ProjectBuilder - mainproject[sample_test]'s web client sample source files copy task end
06:35:41.077 [main] INFO  k.p.s.c.buildsystem.ProjectBuilder - main project[sample_test]'s web client build system files creation task end
06:35:41.077 [main] INFO  k.p.s.c.buildsystem.ProjectBuilder - main project[sample_test]'s web root sample files creation task start
06:35:41.077 [main] INFO  k.p.s.c.buildsystem.ProjectBuilder - main project[sample_test]'s web root sample files copy task start
06:35:41.092 [main] INFO  k.p.s.c.buildsystem.ProjectBuilder - main project[sample_test]'s web root sample files copy task end
06:35:41.092 [main] INFO  k.p.s.c.buildsystem.ProjectBuilder - main project[sample_test]'s web root sample files creation task end
06:35:41.092 [main] INFO  k.p.s.c.buildsystem.ProjectBuilder - main project[sample_test]'s file creation task end
06:35:41.092 [main] INFO  k.p.s.c.config.SinnoriConfiguration - item key[sessionkey.rsa.publickey.file.value]'s value is null because its status is inactive
06:35:41.092 [main] INFO  k.p.s.c.config.SinnoriConfiguration - item key[sessionkey.rsa.privatekey.file.value]'s value is null because its status is inactive
06:35:41.092 [main] INFO  k.p.s.c.buildsystem.ProjectBuilder - main project[sample_test] changeProjectState method start
06:35:41.092 [main] INFO  k.p.s.c.buildsystem.ProjectBuilder - mainproject[sample_test]'s server build path deletion task start
06:35:41.108 [main] INFO  k.p.s.c.buildsystem.ProjectBuilder - mainproject[sample_test]'s server build path deletion task end
06:35:41.108 [main] INFO  k.p.s.c.buildsystem.ProjectBuilder - mainproject[sample_test]'s application client build path deletion task start
06:35:41.108 [main] INFO  k.p.s.c.buildsystem.ProjectBuilder - mainproject[sample_test]'s application client build path deletion task end
06:35:41.108 [main] INFO  k.p.s.c.buildsystem.ProjectBuilder - main project[sample_test]'s web client ant properties file modification task start
06:35:41.123 [main] INFO  k.p.s.c.buildsystem.ProjectBuilder - main project[sample_test]'s web client ant properties file modification task end
06:35:41.123 [main] WARN  k.p.s.c.buildsystem.ProjectBuilder - the web client build path[D:\gitsinnori\sinnori\project\sample_test\client_build\web_build] exists, so only the web client's ant properties including servlet system library path  was updated for new servletSystemLibraryPathString[D:\apache-tomcat-8.5.15\lib]
06:35:41.123 [main] WARN  k.p.s.c.buildsystem.ProjectBuilder - the web root path[D:\gitsinnori\sinnori\project\sample_test\web_app_base\ROOT] exists, so skip creation of web root
06:35:41.123 [main] INFO  k.p.s.c.buildsystem.ProjectBuilder - main project[sample_test]'s config file overwrite task start
06:35:41.123 [main] INFO  k.p.s.c.buildsystem.ProjectBuilder - main project[sample_test]'s config file overwrite task end
06:35:41.123 [main] INFO  k.p.s.c.buildsystem.ProjectBuilder - main project[sample_test] changeProjectState method end
06:35:41.123 [main] INFO  k.p.s.c.buildsystem.ProjectBuilder - the server ant build.xml file[D:\gitsinnori\sinnori\project\sample_test\server_build\build.xml] is bad :: whetherExist[false] isFile[false]
06:35:41.123 [main] INFO  k.p.s.c.buildsystem.ProjectBuilder - the app client ant build.xml file[D:\gitsinnori\sinnori\project\sample_test\client_build\app_build\build.xml] is bad :: whetherExist[false] isFile[false]
06:35:41.123 [main] INFO  k.p.s.c.buildsystem.ProjectBuilder - main project[sample_test] changeProjectState method start
06:35:41.123 [main] INFO  k.p.s.c.buildsystem.ProjectBuilder - the server ant build.xml file[D:\gitsinnori\sinnori\project\sample_test\server_build\build.xml] is bad :: whetherExist[false] isFile[false]
06:35:41.123 [main] WARN  k.p.s.c.buildsystem.ProjectBuilder - the server buid.xml file[D:\gitsinnori\sinnori\project\sample_test\server_build\build.xml] is bad beacse it doesn't exist or is not a file, so skip deletion of server build system
06:35:41.123 [main] INFO  k.p.s.c.buildsystem.ProjectBuilder - main project[sample_test]'s application build child direcotry creation task start
06:35:41.123 [main] INFO  k.p.s.common.util.CommonStaticUtil - the new child relative direcotry[D:\gitsinnori\sinnori\project\sample_test][client_build/app_build/corelib/ex] was created successfully
06:35:41.123 [main] INFO  k.p.s.common.util.CommonStaticUtil - the new child relative direcotry[D:\gitsinnori\sinnori\project\sample_test][client_build/app_build/corelib/in] was created successfully
06:35:41.123 [main] INFO  k.p.s.common.util.CommonStaticUtil - the new child relative direcotry[D:\gitsinnori\sinnori\project\sample_test][client_build/app_build/lib/main/ex] was created successfully
06:35:41.123 [main] INFO  k.p.s.common.util.CommonStaticUtil - the new child relative direcotry[D:\gitsinnori\sinnori\project\sample_test][client_build/app_build/lib/main/in] was created successfully
06:35:41.123 [main] INFO  k.p.s.common.util.CommonStaticUtil - the new child relative direcotry[D:\gitsinnori\sinnori\project\sample_test][client_build/app_build/lib/test] was created successfully
06:35:41.123 [main] INFO  k.p.s.common.util.CommonStaticUtil - the new child relative direcotry[D:\gitsinnori\sinnori\project\sample_test][client_build/app_build/src/main/java/kr/pe/sinnori/impl/message] was created successfully
06:35:41.123 [main] INFO  k.p.s.common.util.CommonStaticUtil - the new child relative direcotry[D:\gitsinnori\sinnori\project\sample_test][client_build/app_build/src/main/java/main] was created successfully
06:35:41.123 [main] INFO  k.p.s.common.util.CommonStaticUtil - the new child relative direcotry[D:\gitsinnori\sinnori\project\sample_test][client_build/app_build/src/test/java] was created successfully
06:35:41.123 [main] INFO  k.p.s.common.util.CommonStaticUtil - the new child relative direcotry[D:\gitsinnori\sinnori\project\sample_test][client_build/app_build/build] was created successfully
06:35:41.217 [main] INFO  k.p.s.common.util.CommonStaticUtil - the new child relative direcotry[D:\gitsinnori\sinnori\project\sample_test][client_build/app_build/dist] was created successfully
06:35:41.217 [main] INFO  k.p.s.c.buildsystem.ProjectBuilder - main project[sample_test]'s application build child direcotry creation task end
06:35:41.217 [main] INFO  k.p.s.c.buildsystem.ProjectBuilder - mainproject[sample_test]'s application client build system files creation task start
06:35:41.217 [main] INFO  k.p.s.c.buildsystem.ProjectBuilder - main project[sample_test]'s application client ant build.xml file creation task start
06:35:41.217 [main] INFO  k.p.s.c.buildsystem.ProjectBuilder - main project[sample_test]'s application client ant build.xml file creation task end
06:35:41.217 [main] INFO  k.p.s.c.buildsystem.ProjectBuilder - main project[sample_test]'s application client dos shell file creation task start
06:35:41.217 [main] INFO  k.p.s.c.buildsystem.ProjectBuilder - main project[sample_test]'s application client dos shell file creation task end
06:35:41.217 [main] INFO  k.p.s.c.buildsystem.ProjectBuilder - main project[sample_test]'s application client unix shell file creation task start
06:35:41.217 [main] INFO  k.p.s.c.buildsystem.ProjectBuilder - main project[sample_test]'s application client unix shell file creation task end
06:35:41.217 [main] INFO  k.p.s.c.buildsystem.ProjectBuilder - application client sample source files copy task start
06:35:41.233 [main] INFO  k.p.s.c.buildsystem.ProjectBuilder - application client sample source files copy task end
06:35:41.233 [main] INFO  k.p.s.c.buildsystem.ProjectBuilder - main project[sample_test]'s application client message io file set creation task start
06:35:41.233 [main] INFO  k.p.s.common.util.CommonStaticUtil - the new child relative direcotry[D:\gitsinnori\sinnori\project\sample_test\client_build\app_build\src\main\java\kr\pe\sinnori\impl\message][Echo] was created successfully
06:35:41.233 [main] INFO  k.p.s.c.buildsystem.ProjectBuilder - main project[sample_test]'s message file[Echo][D:\gitsinnori\sinnori\project\sample_test\client_build\app_build\src\main\java\kr\pe\sinnori\impl\message] creation task start
06:35:41.248 [main] INFO  k.p.s.c.buildsystem.ProjectBuilder - main project[sample_test]'s message file[Echo][D:\gitsinnori\sinnori\project\sample_test\client_build\app_build\src\main\java\kr\pe\sinnori\impl\message] creation task end
06:35:41.248 [main] INFO  k.p.s.c.buildsystem.ProjectBuilder - main project[sample_test]'s message decoder file[Echo][D:\gitsinnori\sinnori\project\sample_test\client_build\app_build\src\main\java\kr\pe\sinnori\impl\message] creation task start
06:35:41.248 [main] INFO  k.p.s.c.buildsystem.ProjectBuilder - main project[sample_test]'s message decoder file[Echo][D:\gitsinnori\sinnori\project\sample_test\client_build\app_build\src\main\java\kr\pe\sinnori\impl\message] creation task end
06:35:41.248 [main] INFO  k.p.s.c.buildsystem.ProjectBuilder - main project[sample_test]'s message encoder file[Echo][D:\gitsinnori\sinnori\project\sample_test\client_build\app_build\src\main\java\kr\pe\sinnori\impl\message] creation task start
06:35:41.248 [main] INFO  k.p.s.c.buildsystem.ProjectBuilder - main project[sample_test]'s message encoder file[Echo][D:\gitsinnori\sinnori\project\sample_test\client_build\app_build\src\main\java\kr\pe\sinnori\impl\message] creation task end
06:35:41.248 [main] INFO  k.p.s.c.buildsystem.ProjectBuilder - main project[sample_test]'s message server codec file[Echo][D:\gitsinnori\sinnori\project\sample_test\client_build\app_build\src\main\java\kr\pe\sinnori\impl\message] creation task start
06:35:41.248 [main] INFO  k.p.s.c.buildsystem.ProjectBuilder - main project[sample_test]'s message server codec file[Echo][D:\gitsinnori\sinnori\project\sample_test\client_build\app_build\src\main\java\kr\pe\sinnori\impl\message] creation task end
06:35:41.248 [main] INFO  k.p.s.c.buildsystem.ProjectBuilder - main project[sample_test]'s message client codec file[Echo][D:\gitsinnori\sinnori\project\sample_test\client_build\app_build\src\main\java\kr\pe\sinnori\impl\message] creation task start
06:35:41.264 [main] INFO  k.p.s.c.buildsystem.ProjectBuilder - main project[sample_test]'s message client codec file[Echo][D:\gitsinnori\sinnori\project\sample_test\client_build\app_build\src\main\java\kr\pe\sinnori\impl\message] creation task end
06:35:41.264 [main] INFO  k.p.s.common.util.CommonStaticUtil - the new child relative direcotry[D:\gitsinnori\sinnori\project\sample_test\client_build\app_build\src\main\java\kr\pe\sinnori\impl\message][PublicKeyReq] was created successfully
06:35:41.264 [main] INFO  k.p.s.c.buildsystem.ProjectBuilder - main project[sample_test]'s message file[PublicKeyReq][D:\gitsinnori\sinnori\project\sample_test\client_build\app_build\src\main\java\kr\pe\sinnori\impl\message] creation task start
06:35:41.264 [main] INFO  k.p.s.c.buildsystem.ProjectBuilder - main project[sample_test]'s message file[PublicKeyReq][D:\gitsinnori\sinnori\project\sample_test\client_build\app_build\src\main\java\kr\pe\sinnori\impl\message] creation task end
06:35:41.264 [main] INFO  k.p.s.c.buildsystem.ProjectBuilder - main project[sample_test]'s message decoder file[PublicKeyReq][D:\gitsinnori\sinnori\project\sample_test\client_build\app_build\src\main\java\kr\pe\sinnori\impl\message] creation task start
06:35:41.264 [main] INFO  k.p.s.c.buildsystem.ProjectBuilder - main project[sample_test]'s message decoder file[PublicKeyReq][D:\gitsinnori\sinnori\project\sample_test\client_build\app_build\src\main\java\kr\pe\sinnori\impl\message] creation task end
06:35:41.264 [main] INFO  k.p.s.c.buildsystem.ProjectBuilder - main project[sample_test]'s message encoder file[PublicKeyReq][D:\gitsinnori\sinnori\project\sample_test\client_build\app_build\src\main\java\kr\pe\sinnori\impl\message] creation task start
06:35:41.280 [main] INFO  k.p.s.c.buildsystem.ProjectBuilder - main project[sample_test]'s message encoder file[PublicKeyReq][D:\gitsinnori\sinnori\project\sample_test\client_build\app_build\src\main\java\kr\pe\sinnori\impl\message] creation task end
06:35:41.280 [main] INFO  k.p.s.c.buildsystem.ProjectBuilder - main project[sample_test]'s message server codec file[PublicKeyReq][D:\gitsinnori\sinnori\project\sample_test\client_build\app_build\src\main\java\kr\pe\sinnori\impl\message] creation task start
06:35:41.280 [main] INFO  k.p.s.c.buildsystem.ProjectBuilder - main project[sample_test]'s message server codec file[PublicKeyReq][D:\gitsinnori\sinnori\project\sample_test\client_build\app_build\src\main\java\kr\pe\sinnori\impl\message] creation task end
06:35:41.280 [main] INFO  k.p.s.c.buildsystem.ProjectBuilder - main project[sample_test]'s message client codec file[PublicKeyReq][D:\gitsinnori\sinnori\project\sample_test\client_build\app_build\src\main\java\kr\pe\sinnori\impl\message] creation task start
06:35:41.358 [main] INFO  k.p.s.c.buildsystem.ProjectBuilder - main project[sample_test]'s message client codec file[PublicKeyReq][D:\gitsinnori\sinnori\project\sample_test\client_build\app_build\src\main\java\kr\pe\sinnori\impl\message] creation task end
06:35:41.358 [main] INFO  k.p.s.common.util.CommonStaticUtil - the new child relative direcotry[D:\gitsinnori\sinnori\project\sample_test\client_build\app_build\src\main\java\kr\pe\sinnori\impl\message][PublicKeyRes] was created successfully
06:35:41.358 [main] INFO  k.p.s.c.buildsystem.ProjectBuilder - main project[sample_test]'s message file[PublicKeyRes][D:\gitsinnori\sinnori\project\sample_test\client_build\app_build\src\main\java\kr\pe\sinnori\impl\message] creation task start
06:35:41.373 [main] INFO  k.p.s.c.buildsystem.ProjectBuilder - main project[sample_test]'s message file[PublicKeyRes][D:\gitsinnori\sinnori\project\sample_test\client_build\app_build\src\main\java\kr\pe\sinnori\impl\message] creation task end
06:35:41.373 [main] INFO  k.p.s.c.buildsystem.ProjectBuilder - main project[sample_test]'s message decoder file[PublicKeyRes][D:\gitsinnori\sinnori\project\sample_test\client_build\app_build\src\main\java\kr\pe\sinnori\impl\message] creation task start
06:35:41.389 [main] INFO  k.p.s.c.buildsystem.ProjectBuilder - main project[sample_test]'s message decoder file[PublicKeyRes][D:\gitsinnori\sinnori\project\sample_test\client_build\app_build\src\main\java\kr\pe\sinnori\impl\message] creation task end
06:35:41.389 [main] INFO  k.p.s.c.buildsystem.ProjectBuilder - main project[sample_test]'s message encoder file[PublicKeyRes][D:\gitsinnori\sinnori\project\sample_test\client_build\app_build\src\main\java\kr\pe\sinnori\impl\message] creation task start
06:35:41.389 [main] INFO  k.p.s.c.buildsystem.ProjectBuilder - main project[sample_test]'s message encoder file[PublicKeyRes][D:\gitsinnori\sinnori\project\sample_test\client_build\app_build\src\main\java\kr\pe\sinnori\impl\message] creation task end
06:35:41.389 [main] INFO  k.p.s.c.buildsystem.ProjectBuilder - main project[sample_test]'s message server codec file[PublicKeyRes][D:\gitsinnori\sinnori\project\sample_test\client_build\app_build\src\main\java\kr\pe\sinnori\impl\message] creation task start
06:35:41.405 [main] INFO  k.p.s.c.buildsystem.ProjectBuilder - main project[sample_test]'s message server codec file[PublicKeyRes][D:\gitsinnori\sinnori\project\sample_test\client_build\app_build\src\main\java\kr\pe\sinnori\impl\message] creation task end
06:35:41.405 [main] INFO  k.p.s.c.buildsystem.ProjectBuilder - main project[sample_test]'s message client codec file[PublicKeyRes][D:\gitsinnori\sinnori\project\sample_test\client_build\app_build\src\main\java\kr\pe\sinnori\impl\message] creation task start
06:35:41.405 [main] INFO  k.p.s.c.buildsystem.ProjectBuilder - main project[sample_test]'s message client codec file[PublicKeyRes][D:\gitsinnori\sinnori\project\sample_test\client_build\app_build\src\main\java\kr\pe\sinnori\impl\message] creation task end
06:35:41.405 [main] INFO  k.p.s.c.buildsystem.ProjectBuilder - main project[sample_test]'s application client message io file set creation task end
06:35:41.405 [main] INFO  k.p.s.c.buildsystem.ProjectBuilder - mainproject[sample_test]'s application client build system files creation task end
06:35:41.405 [main] INFO  k.p.s.c.buildsystem.ProjectBuilder - main project[sample_test]'s web client build path deletion task start
06:35:41.420 [main] INFO  k.p.s.c.buildsystem.ProjectBuilder - main project[sample_test]'s web client build path deletion task end
06:35:41.420 [main] INFO  k.p.s.c.buildsystem.ProjectBuilder - main project[sample_test]'s web root path deletion task start
06:35:41.420 [main] INFO  k.p.s.c.buildsystem.ProjectBuilder - main project[sample_test]'s web root path deletion task end
06:35:41.420 [main] INFO  k.p.s.c.buildsystem.ProjectBuilder - main project[sample_test]'s config file overwrite task start
06:35:41.436 [main] INFO  k.p.s.c.buildsystem.ProjectBuilder - main project[sample_test]'s config file overwrite task end
06:35:41.436 [main] INFO  k.p.s.c.buildsystem.ProjectBuilder - main project[sample_test] changeProjectState method end
06:35:41.436 [main] INFO  k.p.s.c.buildsystem.ProjectBuilder - the server ant build.xml file[D:\gitsinnori\sinnori\project\sample_test\server_build\build.xml] is bad :: whetherExist[false] isFile[false]
06:35:41.436 [main] INFO  k.p.s.c.buildsystem.ProjectBuilder - the web client ant build.xml file[D:\gitsinnori\sinnori\project\sample_test\client_build\web_build\build.xml] is bad :: whetherExist[false] isFile[false]
06:35:41.436 [main] INFO  k.p.s.c.buildsystem.ProjectBuilder - the web.xml file[D:\gitsinnori\sinnori\project\sample_test\web_app_base\ROOT\WEB-INF\web.xml] located at web root directory is bad :: whetherExist[false] isFile[false]
06:35:41.436 [main] INFO  k.p.s.c.buildsystem.ProjectBuilder - main project[sample_test] changeProjectState method start
06:35:41.436 [main] INFO  k.p.s.c.buildsystem.ProjectBuilder - the server ant build.xml file[D:\gitsinnori\sinnori\project\sample_test\server_build\build.xml] is bad :: whetherExist[false] isFile[false]
06:35:41.436 [main] WARN  k.p.s.c.buildsystem.ProjectBuilder - the server buid.xml file[D:\gitsinnori\sinnori\project\sample_test\server_build\build.xml] is bad beacse it doesn't exist or is not a file, so skip deletion of server build system
06:35:41.436 [main] WARN  k.p.s.c.buildsystem.ProjectBuilder - the app client build path[D:\gitsinnori\sinnori\project\sample_test\client_build\app_build] exist, so skip creation of app client build system
06:35:41.436 [main] INFO  k.p.s.c.buildsystem.ProjectBuilder - main project[sample_test]'s web build child direcotry creation task start
06:35:41.436 [main] INFO  k.p.s.common.util.CommonStaticUtil - the new child relative direcotry[D:\gitsinnori\sinnori\project\sample_test][client_build/web_build/corelib/ex] was created successfully
06:35:41.498 [main] INFO  k.p.s.common.util.CommonStaticUtil - the new child relative direcotry[D:\gitsinnori\sinnori\project\sample_test][client_build/web_build/corelib/in] was created successfully
06:35:41.498 [main] INFO  k.p.s.common.util.CommonStaticUtil - the new child relative direcotry[D:\gitsinnori\sinnori\project\sample_test][client_build/web_build/lib/main/ex] was created successfully
06:35:41.498 [main] INFO  k.p.s.common.util.CommonStaticUtil - the new child relative direcotry[D:\gitsinnori\sinnori\project\sample_test][client_build/web_build/lib/main/in] was created successfully
06:35:41.498 [main] INFO  k.p.s.common.util.CommonStaticUtil - the new child relative direcotry[D:\gitsinnori\sinnori\project\sample_test][client_build/web_build/lib/test] was created successfully
06:35:41.498 [main] INFO  k.p.s.common.util.CommonStaticUtil - the new child relative direcotry[D:\gitsinnori\sinnori\project\sample_test][client_build/web_build/src/main/java/kr/pe/sinnori/impl/message] was created successfully
06:35:41.498 [main] INFO  k.p.s.common.util.CommonStaticUtil - the new child relative direcotry[D:\gitsinnori\sinnori\project\sample_test][client_build/web_build/src/main/java//kr/pe/sinnori/servlet] was created successfully
06:35:41.498 [main] INFO  k.p.s.common.util.CommonStaticUtil - the new child relative direcotry[D:\gitsinnori\sinnori\project\sample_test][client_build/web_build/src/main/java/kr/pe/sinnori/weblib/common] was created successfully
06:35:41.498 [main] INFO  k.p.s.common.util.CommonStaticUtil - the new child relative direcotry[D:\gitsinnori\sinnori\project\sample_test][client_build/web_build/src/main/java/kr/pe/sinnori/weblib/htmlstring] was created successfully
06:35:41.498 [main] INFO  k.p.s.common.util.CommonStaticUtil - the new child relative direcotry[D:\gitsinnori\sinnori\project\sample_test][client_build/web_build/src/main/java/kr/pe/sinnori/weblib/jdf] was created successfully
06:35:41.498 [main] INFO  k.p.s.common.util.CommonStaticUtil - the new child relative direcotry[D:\gitsinnori\sinnori\project\sample_test][client_build/web_build/src/test/java] was created successfully
06:35:41.514 [main] INFO  k.p.s.common.util.CommonStaticUtil - the new child relative direcotry[D:\gitsinnori\sinnori\project\sample_test][client_build/web_build/build] was created successfully
06:35:41.514 [main] INFO  k.p.s.common.util.CommonStaticUtil - the new child relative direcotry[D:\gitsinnori\sinnori\project\sample_test][client_build/web_build/dist] was created successfully
06:35:41.514 [main] INFO  k.p.s.c.buildsystem.ProjectBuilder - main project[sample_test]'s web build child direcotry creation task end
06:35:41.514 [main] INFO  k.p.s.c.buildsystem.ProjectBuilder - main project[sample_test]'s web client build system files creation task start
06:35:41.514 [main] INFO  k.p.s.c.buildsystem.ProjectBuilder - main project[sample_test]'s web client ant build.xml file creation task start
06:35:41.514 [main] INFO  k.p.s.c.buildsystem.ProjectBuilder - main project[sample_test]'s web client ant build.xml file creation task end
06:35:41.514 [main] INFO  k.p.s.c.buildsystem.ProjectBuilder - main project[sample_test]'s web client ant properties file creation task start
06:35:41.514 [main] INFO  k.p.s.c.util.SequencedPropertiesUtil - the sequenced properties file[D:\gitsinnori\sinnori\project\sample_test\client_build\web_build\webAnt.properties] was created
06:35:41.514 [main] INFO  k.p.s.c.buildsystem.ProjectBuilder - main project[sample_test]'s web client ant properties file creation task end
06:35:41.514 [main] INFO  k.p.s.c.buildsystem.ProjectBuilder - main project[sample_test]'s web client message io file set creation task start
06:35:41.514 [main] INFO  k.p.s.common.util.CommonStaticUtil - the new child relative direcotry[D:\gitsinnori\sinnori\project\sample_test\client_build\web_build\src\main\java\kr\pe\sinnori\impl\message][Echo] was created successfully
06:35:41.514 [main] INFO  k.p.s.c.buildsystem.ProjectBuilder - main project[sample_test]'s message file[Echo][D:\gitsinnori\sinnori\project\sample_test\client_build\web_build\src\main\java\kr\pe\sinnori\impl\message] creation task start
06:35:41.530 [main] INFO  k.p.s.c.buildsystem.ProjectBuilder - main project[sample_test]'s message file[Echo][D:\gitsinnori\sinnori\project\sample_test\client_build\web_build\src\main\java\kr\pe\sinnori\impl\message] creation task end
06:35:41.530 [main] INFO  k.p.s.c.buildsystem.ProjectBuilder - main project[sample_test]'s message decoder file[Echo][D:\gitsinnori\sinnori\project\sample_test\client_build\web_build\src\main\java\kr\pe\sinnori\impl\message] creation task start
06:35:41.530 [main] INFO  k.p.s.c.buildsystem.ProjectBuilder - main project[sample_test]'s message decoder file[Echo][D:\gitsinnori\sinnori\project\sample_test\client_build\web_build\src\main\java\kr\pe\sinnori\impl\message] creation task end
06:35:41.530 [main] INFO  k.p.s.c.buildsystem.ProjectBuilder - main project[sample_test]'s message encoder file[Echo][D:\gitsinnori\sinnori\project\sample_test\client_build\web_build\src\main\java\kr\pe\sinnori\impl\message] creation task start
06:35:41.530 [main] INFO  k.p.s.c.buildsystem.ProjectBuilder - main project[sample_test]'s message encoder file[Echo][D:\gitsinnori\sinnori\project\sample_test\client_build\web_build\src\main\java\kr\pe\sinnori\impl\message] creation task end
06:35:41.530 [main] INFO  k.p.s.c.buildsystem.ProjectBuilder - main project[sample_test]'s message server codec file[Echo][D:\gitsinnori\sinnori\project\sample_test\client_build\web_build\src\main\java\kr\pe\sinnori\impl\message] creation task start
06:35:41.530 [main] INFO  k.p.s.c.buildsystem.ProjectBuilder - main project[sample_test]'s message server codec file[Echo][D:\gitsinnori\sinnori\project\sample_test\client_build\web_build\src\main\java\kr\pe\sinnori\impl\message] creation task end
06:35:41.530 [main] INFO  k.p.s.c.buildsystem.ProjectBuilder - main project[sample_test]'s message client codec file[Echo][D:\gitsinnori\sinnori\project\sample_test\client_build\web_build\src\main\java\kr\pe\sinnori\impl\message] creation task start
06:35:41.530 [main] INFO  k.p.s.c.buildsystem.ProjectBuilder - main project[sample_test]'s message client codec file[Echo][D:\gitsinnori\sinnori\project\sample_test\client_build\web_build\src\main\java\kr\pe\sinnori\impl\message] creation task end
06:35:41.530 [main] INFO  k.p.s.common.util.CommonStaticUtil - the new child relative direcotry[D:\gitsinnori\sinnori\project\sample_test\client_build\web_build\src\main\java\kr\pe\sinnori\impl\message][PublicKeyReq] was created successfully
06:35:41.530 [main] INFO  k.p.s.c.buildsystem.ProjectBuilder - main project[sample_test]'s message file[PublicKeyReq][D:\gitsinnori\sinnori\project\sample_test\client_build\web_build\src\main\java\kr\pe\sinnori\impl\message] creation task start
06:35:41.545 [main] INFO  k.p.s.c.buildsystem.ProjectBuilder - main project[sample_test]'s message file[PublicKeyReq][D:\gitsinnori\sinnori\project\sample_test\client_build\web_build\src\main\java\kr\pe\sinnori\impl\message] creation task end
06:35:41.545 [main] INFO  k.p.s.c.buildsystem.ProjectBuilder - main project[sample_test]'s message decoder file[PublicKeyReq][D:\gitsinnori\sinnori\project\sample_test\client_build\web_build\src\main\java\kr\pe\sinnori\impl\message] creation task start
06:35:41.545 [main] INFO  k.p.s.c.buildsystem.ProjectBuilder - main project[sample_test]'s message decoder file[PublicKeyReq][D:\gitsinnori\sinnori\project\sample_test\client_build\web_build\src\main\java\kr\pe\sinnori\impl\message] creation task end
06:35:41.545 [main] INFO  k.p.s.c.buildsystem.ProjectBuilder - main project[sample_test]'s message encoder file[PublicKeyReq][D:\gitsinnori\sinnori\project\sample_test\client_build\web_build\src\main\java\kr\pe\sinnori\impl\message] creation task start
06:35:41.545 [main] INFO  k.p.s.c.buildsystem.ProjectBuilder - main project[sample_test]'s message encoder file[PublicKeyReq][D:\gitsinnori\sinnori\project\sample_test\client_build\web_build\src\main\java\kr\pe\sinnori\impl\message] creation task end
06:35:41.545 [main] INFO  k.p.s.c.buildsystem.ProjectBuilder - main project[sample_test]'s message server codec file[PublicKeyReq][D:\gitsinnori\sinnori\project\sample_test\client_build\web_build\src\main\java\kr\pe\sinnori\impl\message] creation task start
06:35:41.545 [main] INFO  k.p.s.c.buildsystem.ProjectBuilder - main project[sample_test]'s message server codec file[PublicKeyReq][D:\gitsinnori\sinnori\project\sample_test\client_build\web_build\src\main\java\kr\pe\sinnori\impl\message] creation task end
06:35:41.545 [main] INFO  k.p.s.c.buildsystem.ProjectBuilder - main project[sample_test]'s message client codec file[PublicKeyReq][D:\gitsinnori\sinnori\project\sample_test\client_build\web_build\src\main\java\kr\pe\sinnori\impl\message] creation task start
06:35:41.639 [main] INFO  k.p.s.c.buildsystem.ProjectBuilder - main project[sample_test]'s message client codec file[PublicKeyReq][D:\gitsinnori\sinnori\project\sample_test\client_build\web_build\src\main\java\kr\pe\sinnori\impl\message] creation task end
06:35:41.639 [main] INFO  k.p.s.common.util.CommonStaticUtil - the new child relative direcotry[D:\gitsinnori\sinnori\project\sample_test\client_build\web_build\src\main\java\kr\pe\sinnori\impl\message][PublicKeyRes] was created successfully
06:35:41.639 [main] INFO  k.p.s.c.buildsystem.ProjectBuilder - main project[sample_test]'s message file[PublicKeyRes][D:\gitsinnori\sinnori\project\sample_test\client_build\web_build\src\main\java\kr\pe\sinnori\impl\message] creation task start
06:35:41.647 [main] INFO  k.p.s.c.buildsystem.ProjectBuilder - main project[sample_test]'s message file[PublicKeyRes][D:\gitsinnori\sinnori\project\sample_test\client_build\web_build\src\main\java\kr\pe\sinnori\impl\message] creation task end
06:35:41.647 [main] INFO  k.p.s.c.buildsystem.ProjectBuilder - main project[sample_test]'s message decoder file[PublicKeyRes][D:\gitsinnori\sinnori\project\sample_test\client_build\web_build\src\main\java\kr\pe\sinnori\impl\message] creation task start
06:35:41.651 [main] INFO  k.p.s.c.buildsystem.ProjectBuilder - main project[sample_test]'s message decoder file[PublicKeyRes][D:\gitsinnori\sinnori\project\sample_test\client_build\web_build\src\main\java\kr\pe\sinnori\impl\message] creation task end
06:35:41.651 [main] INFO  k.p.s.c.buildsystem.ProjectBuilder - main project[sample_test]'s message encoder file[PublicKeyRes][D:\gitsinnori\sinnori\project\sample_test\client_build\web_build\src\main\java\kr\pe\sinnori\impl\message] creation task start
06:35:41.651 [main] INFO  k.p.s.c.buildsystem.ProjectBuilder - main project[sample_test]'s message encoder file[PublicKeyRes][D:\gitsinnori\sinnori\project\sample_test\client_build\web_build\src\main\java\kr\pe\sinnori\impl\message] creation task end
06:35:41.651 [main] INFO  k.p.s.c.buildsystem.ProjectBuilder - main project[sample_test]'s message server codec file[PublicKeyRes][D:\gitsinnori\sinnori\project\sample_test\client_build\web_build\src\main\java\kr\pe\sinnori\impl\message] creation task start
06:35:41.651 [main] INFO  k.p.s.c.buildsystem.ProjectBuilder - main project[sample_test]'s message server codec file[PublicKeyRes][D:\gitsinnori\sinnori\project\sample_test\client_build\web_build\src\main\java\kr\pe\sinnori\impl\message] creation task end
06:35:41.651 [main] INFO  k.p.s.c.buildsystem.ProjectBuilder - main project[sample_test]'s message client codec file[PublicKeyRes][D:\gitsinnori\sinnori\project\sample_test\client_build\web_build\src\main\java\kr\pe\sinnori\impl\message] creation task start
06:35:41.651 [main] INFO  k.p.s.c.buildsystem.ProjectBuilder - main project[sample_test]'s message client codec file[PublicKeyRes][D:\gitsinnori\sinnori\project\sample_test\client_build\web_build\src\main\java\kr\pe\sinnori\impl\message] creation task end
06:35:41.651 [main] INFO  k.p.s.c.buildsystem.ProjectBuilder - main project[sample_test]'s web client message io file set creation task end
06:35:41.651 [main] INFO  k.p.s.c.buildsystem.ProjectBuilder - mainproject[sample_test]'s web client sample source files copy task start
06:35:41.714 [main] INFO  k.p.s.c.buildsystem.ProjectBuilder - mainproject[sample_test]'s web client sample source files copy task end
06:35:41.714 [main] INFO  k.p.s.c.buildsystem.ProjectBuilder - main project[sample_test]'s web client build system files creation task end
06:35:41.714 [main] INFO  k.p.s.c.buildsystem.ProjectBuilder - main project[sample_test]'s web root child direcotry creation task start
06:35:41.714 [main] INFO  k.p.s.common.util.CommonStaticUtil - the child relative direcotry[D:\gitsinnori\sinnori\project\sample_test][web_app_base/upload] exist, so nothing
06:35:41.714 [main] INFO  k.p.s.common.util.CommonStaticUtil - the new child relative direcotry[D:\gitsinnori\sinnori\project\sample_test][web_app_base/ROOT/WEB-INF/classes] was created successfully
06:35:41.714 [main] INFO  k.p.s.common.util.CommonStaticUtil - the new child relative direcotry[D:\gitsinnori\sinnori\project\sample_test][web_app_base/ROOT/WEB-INF/lib] was created successfully
06:35:41.714 [main] INFO  k.p.s.c.buildsystem.ProjectBuilder - main project[sample_test]'s web root child direcotry creation task end
06:35:41.714 [main] INFO  k.p.s.c.buildsystem.ProjectBuilder - main project[sample_test]'s web root sample files creation task start
06:35:41.714 [main] INFO  k.p.s.c.buildsystem.ProjectBuilder - main project[sample_test]'s web root sample files copy task start
06:35:41.729 [main] INFO  k.p.s.c.buildsystem.ProjectBuilder - main project[sample_test]'s web root sample files copy task end
06:35:41.729 [main] INFO  k.p.s.c.buildsystem.ProjectBuilder - main project[sample_test]'s web root sample files creation task end
06:35:41.729 [main] INFO  k.p.s.c.buildsystem.ProjectBuilder - main project[sample_test]'s config file overwrite task start
06:35:41.729 [main] INFO  k.p.s.c.buildsystem.ProjectBuilder - main project[sample_test]'s config file overwrite task end
06:35:41.729 [main] INFO  k.p.s.c.buildsystem.ProjectBuilder - main project[sample_test] changeProjectState method end
06:35:41.729 [main] INFO  k.p.s.c.buildsystem.ProjectBuilder - the server ant build.xml file[D:\gitsinnori\sinnori\project\sample_test\server_build\build.xml] is bad :: whetherExist[false] isFile[false]
06:35:41.729 [main] INFO  k.p.s.c.buildsystem.ProjectBuilder - main project[sample_test] changeProjectState method start
06:35:41.729 [main] INFO  k.p.s.c.buildsystem.ProjectBuilder - main project[sample_test]'s server child direcotry creation task start
06:35:41.729 [main] INFO  k.p.s.common.util.CommonStaticUtil - the new child relative direcotry[D:\gitsinnori\sinnori\project\sample_test][server_build/APP-INF/classes] was created successfully
06:35:41.761 [main] INFO  k.p.s.common.util.CommonStaticUtil - the new child relative direcotry[D:\gitsinnori\sinnori\project\sample_test][server_build/corelib/ex] was created successfully
06:35:41.761 [main] INFO  k.p.s.common.util.CommonStaticUtil - the new child relative direcotry[D:\gitsinnori\sinnori\project\sample_test][server_build/corelib/in] was created successfully
06:35:41.761 [main] INFO  k.p.s.common.util.CommonStaticUtil - the new child relative direcotry[D:\gitsinnori\sinnori\project\sample_test][server_build/lib/main/ex] was created successfully
06:35:41.761 [main] INFO  k.p.s.common.util.CommonStaticUtil - the new child relative direcotry[D:\gitsinnori\sinnori\project\sample_test][server_build/lib/main/in] was created successfully
06:35:41.761 [main] INFO  k.p.s.common.util.CommonStaticUtil - the new child relative direcotry[D:\gitsinnori\sinnori\project\sample_test][server_build/lib/test] was created successfully
06:35:41.761 [main] INFO  k.p.s.common.util.CommonStaticUtil - the new child relative direcotry[D:\gitsinnori\sinnori\project\sample_test][server_build/src/main/java/kr/pe/sinnori/impl/servertask] was created successfully
06:35:41.761 [main] INFO  k.p.s.common.util.CommonStaticUtil - the new child relative direcotry[D:\gitsinnori\sinnori\project\sample_test][server_build/src/main/java/kr/pe/sinnori/impl/message] was created successfully
06:35:41.761 [main] INFO  k.p.s.common.util.CommonStaticUtil - the new child relative direcotry[D:\gitsinnori\sinnori\project\sample_test][server_build/src/main/java/main] was created successfully
06:35:41.761 [main] INFO  k.p.s.common.util.CommonStaticUtil - the new child relative direcotry[D:\gitsinnori\sinnori\project\sample_test][server_build/src/test/java] was created successfully
06:35:41.761 [main] INFO  k.p.s.common.util.CommonStaticUtil - the new child relative direcotry[D:\gitsinnori\sinnori\project\sample_test][server_build/build] was created successfully
06:35:41.761 [main] INFO  k.p.s.common.util.CommonStaticUtil - the new child relative direcotry[D:\gitsinnori\sinnori\project\sample_test][server_build/dist] was created successfully
06:35:41.761 [main] INFO  k.p.s.c.buildsystem.ProjectBuilder - main project[sample_test]'s server child direcotry creation task end
06:35:41.761 [main] INFO  k.p.s.c.buildsystem.ProjectBuilder - server build system files creation task start
06:35:41.761 [main] INFO  k.p.s.c.buildsystem.ProjectBuilder - main project[sample_test]'s server ant build.xml file creation task start
06:35:41.761 [main] INFO  k.p.s.c.buildsystem.ProjectBuilder - main project[sample_test]'s server ant build.xml file creation task end
06:35:41.761 [main] INFO  k.p.s.c.buildsystem.ProjectBuilder - main project[sample_test]'s server dos shell file creation task start
06:35:41.761 [main] INFO  k.p.s.c.buildsystem.ProjectBuilder - main project[sample_test]'s server dos shell file creation task end
06:35:41.761 [main] INFO  k.p.s.c.buildsystem.ProjectBuilder - main project[sample_test]'s server unix shell file creation task start
06:35:41.761 [main] INFO  k.p.s.c.buildsystem.ProjectBuilder - main project[sample_test]'s server unix shell file creation task end
06:35:41.761 [main] INFO  k.p.s.c.buildsystem.ProjectBuilder - server sample source files copy task start
06:35:41.776 [main] INFO  k.p.s.c.buildsystem.ProjectBuilder - server sample source files copy task end
06:35:41.776 [main] INFO  k.p.s.c.buildsystem.ProjectBuilder - main project[sample_test]'s server message io file set creation task start
06:35:41.776 [main] INFO  k.p.s.common.util.CommonStaticUtil - the new child relative direcotry[D:\gitsinnori\sinnori\project\sample_test\server_build\src\main\java\kr\pe\sinnori\impl\message][Echo] was created successfully
06:35:41.776 [main] INFO  k.p.s.c.buildsystem.ProjectBuilder - main project[sample_test]'s message file[Echo][D:\gitsinnori\sinnori\project\sample_test\server_build\src\main\java\kr\pe\sinnori\impl\message] creation task start
06:35:41.792 [main] INFO  k.p.s.c.buildsystem.ProjectBuilder - main project[sample_test]'s message file[Echo][D:\gitsinnori\sinnori\project\sample_test\server_build\src\main\java\kr\pe\sinnori\impl\message] creation task end
06:35:41.792 [main] INFO  k.p.s.c.buildsystem.ProjectBuilder - main project[sample_test]'s message decoder file[Echo][D:\gitsinnori\sinnori\project\sample_test\server_build\src\main\java\kr\pe\sinnori\impl\message] creation task start
06:35:41.792 [main] INFO  k.p.s.c.buildsystem.ProjectBuilder - main project[sample_test]'s message decoder file[Echo][D:\gitsinnori\sinnori\project\sample_test\server_build\src\main\java\kr\pe\sinnori\impl\message] creation task end
06:35:41.792 [main] INFO  k.p.s.c.buildsystem.ProjectBuilder - main project[sample_test]'s message encoder file[Echo][D:\gitsinnori\sinnori\project\sample_test\server_build\src\main\java\kr\pe\sinnori\impl\message] creation task start
06:35:41.792 [main] INFO  k.p.s.c.buildsystem.ProjectBuilder - main project[sample_test]'s message encoder file[Echo][D:\gitsinnori\sinnori\project\sample_test\server_build\src\main\java\kr\pe\sinnori\impl\message] creation task end
06:35:41.792 [main] INFO  k.p.s.c.buildsystem.ProjectBuilder - main project[sample_test]'s message server codec file[Echo][D:\gitsinnori\sinnori\project\sample_test\server_build\src\main\java\kr\pe\sinnori\impl\message] creation task start
06:35:41.792 [main] INFO  k.p.s.c.buildsystem.ProjectBuilder - main project[sample_test]'s message server codec file[Echo][D:\gitsinnori\sinnori\project\sample_test\server_build\src\main\java\kr\pe\sinnori\impl\message] creation task end
06:35:41.792 [main] INFO  k.p.s.c.buildsystem.ProjectBuilder - main project[sample_test]'s message client codec file[Echo][D:\gitsinnori\sinnori\project\sample_test\server_build\src\main\java\kr\pe\sinnori\impl\message] creation task start
06:35:41.792 [main] INFO  k.p.s.c.buildsystem.ProjectBuilder - main project[sample_test]'s message client codec file[Echo][D:\gitsinnori\sinnori\project\sample_test\server_build\src\main\java\kr\pe\sinnori\impl\message] creation task end
06:35:41.792 [main] INFO  k.p.s.common.util.CommonStaticUtil - the new child relative direcotry[D:\gitsinnori\sinnori\project\sample_test\server_build\src\main\java\kr\pe\sinnori\impl\message][PublicKeyReq] was created successfully
06:35:41.792 [main] INFO  k.p.s.c.buildsystem.ProjectBuilder - main project[sample_test]'s message file[PublicKeyReq][D:\gitsinnori\sinnori\project\sample_test\server_build\src\main\java\kr\pe\sinnori\impl\message] creation task start
06:35:41.807 [main] INFO  k.p.s.c.buildsystem.ProjectBuilder - main project[sample_test]'s message file[PublicKeyReq][D:\gitsinnori\sinnori\project\sample_test\server_build\src\main\java\kr\pe\sinnori\impl\message] creation task end
06:35:41.807 [main] INFO  k.p.s.c.buildsystem.ProjectBuilder - main project[sample_test]'s message decoder file[PublicKeyReq][D:\gitsinnori\sinnori\project\sample_test\server_build\src\main\java\kr\pe\sinnori\impl\message] creation task start
06:35:41.807 [main] INFO  k.p.s.c.buildsystem.ProjectBuilder - main project[sample_test]'s message decoder file[PublicKeyReq][D:\gitsinnori\sinnori\project\sample_test\server_build\src\main\java\kr\pe\sinnori\impl\message] creation task end
06:35:41.823 [main] INFO  k.p.s.c.buildsystem.ProjectBuilder - main project[sample_test]'s message encoder file[PublicKeyReq][D:\gitsinnori\sinnori\project\sample_test\server_build\src\main\java\kr\pe\sinnori\impl\message] creation task start
06:35:41.885 [main] INFO  k.p.s.c.buildsystem.ProjectBuilder - main project[sample_test]'s message encoder file[PublicKeyReq][D:\gitsinnori\sinnori\project\sample_test\server_build\src\main\java\kr\pe\sinnori\impl\message] creation task end
06:35:41.885 [main] INFO  k.p.s.c.buildsystem.ProjectBuilder - main project[sample_test]'s message server codec file[PublicKeyReq][D:\gitsinnori\sinnori\project\sample_test\server_build\src\main\java\kr\pe\sinnori\impl\message] creation task start
06:35:41.885 [main] INFO  k.p.s.c.buildsystem.ProjectBuilder - main project[sample_test]'s message server codec file[PublicKeyReq][D:\gitsinnori\sinnori\project\sample_test\server_build\src\main\java\kr\pe\sinnori\impl\message] creation task end
06:35:41.885 [main] INFO  k.p.s.c.buildsystem.ProjectBuilder - main project[sample_test]'s message client codec file[PublicKeyReq][D:\gitsinnori\sinnori\project\sample_test\server_build\src\main\java\kr\pe\sinnori\impl\message] creation task start
06:35:41.885 [main] INFO  k.p.s.c.buildsystem.ProjectBuilder - main project[sample_test]'s message client codec file[PublicKeyReq][D:\gitsinnori\sinnori\project\sample_test\server_build\src\main\java\kr\pe\sinnori\impl\message] creation task end
06:35:41.885 [main] INFO  k.p.s.common.util.CommonStaticUtil - the new child relative direcotry[D:\gitsinnori\sinnori\project\sample_test\server_build\src\main\java\kr\pe\sinnori\impl\message][PublicKeyRes] was created successfully
06:35:41.885 [main] INFO  k.p.s.c.buildsystem.ProjectBuilder - main project[sample_test]'s message file[PublicKeyRes][D:\gitsinnori\sinnori\project\sample_test\server_build\src\main\java\kr\pe\sinnori\impl\message] creation task start
06:35:41.885 [main] INFO  k.p.s.c.buildsystem.ProjectBuilder - main project[sample_test]'s message file[PublicKeyRes][D:\gitsinnori\sinnori\project\sample_test\server_build\src\main\java\kr\pe\sinnori\impl\message] creation task end
06:35:41.885 [main] INFO  k.p.s.c.buildsystem.ProjectBuilder - main project[sample_test]'s message decoder file[PublicKeyRes][D:\gitsinnori\sinnori\project\sample_test\server_build\src\main\java\kr\pe\sinnori\impl\message] creation task start
06:35:41.901 [main] INFO  k.p.s.c.buildsystem.ProjectBuilder - main project[sample_test]'s message decoder file[PublicKeyRes][D:\gitsinnori\sinnori\project\sample_test\server_build\src\main\java\kr\pe\sinnori\impl\message] creation task end
06:35:41.901 [main] INFO  k.p.s.c.buildsystem.ProjectBuilder - main project[sample_test]'s message encoder file[PublicKeyRes][D:\gitsinnori\sinnori\project\sample_test\server_build\src\main\java\kr\pe\sinnori\impl\message] creation task start
06:35:41.901 [main] INFO  k.p.s.c.buildsystem.ProjectBuilder - main project[sample_test]'s message encoder file[PublicKeyRes][D:\gitsinnori\sinnori\project\sample_test\server_build\src\main\java\kr\pe\sinnori\impl\message] creation task end
06:35:41.901 [main] INFO  k.p.s.c.buildsystem.ProjectBuilder - main project[sample_test]'s message server codec file[PublicKeyRes][D:\gitsinnori\sinnori\project\sample_test\server_build\src\main\java\kr\pe\sinnori\impl\message] creation task start
06:35:41.901 [main] INFO  k.p.s.c.buildsystem.ProjectBuilder - main project[sample_test]'s message server codec file[PublicKeyRes][D:\gitsinnori\sinnori\project\sample_test\server_build\src\main\java\kr\pe\sinnori\impl\message] creation task end
06:35:41.901 [main] INFO  k.p.s.c.buildsystem.ProjectBuilder - main project[sample_test]'s message client codec file[PublicKeyRes][D:\gitsinnori\sinnori\project\sample_test\server_build\src\main\java\kr\pe\sinnori\impl\message] creation task start
06:35:41.901 [main] INFO  k.p.s.c.buildsystem.ProjectBuilder - main project[sample_test]'s message client codec file[PublicKeyRes][D:\gitsinnori\sinnori\project\sample_test\server_build\src\main\java\kr\pe\sinnori\impl\message] creation task end
06:35:41.901 [main] INFO  k.p.s.c.buildsystem.ProjectBuilder - main project[sample_test]'s server message io file set creation task end
06:35:41.901 [main] INFO  k.p.s.c.buildsystem.ProjectBuilder - server build system files creation task end
06:35:41.901 [main] INFO  k.p.s.c.buildsystem.ProjectBuilder - mainproject[sample_test]'s application client build path deletion task start
06:35:41.917 [main] INFO  k.p.s.c.buildsystem.ProjectBuilder - mainproject[sample_test]'s application client build path deletion task end
06:35:41.917 [main] INFO  k.p.s.c.buildsystem.ProjectBuilder - main project[sample_test]'s web client build path deletion task start
06:35:41.932 [main] INFO  k.p.s.c.buildsystem.ProjectBuilder - main project[sample_test]'s web client build path deletion task end
06:35:41.932 [main] INFO  k.p.s.c.buildsystem.ProjectBuilder - main project[sample_test]'s web root path deletion task start
06:35:41.932 [main] INFO  k.p.s.c.buildsystem.ProjectBuilder - main project[sample_test]'s web root path deletion task end
06:35:41.932 [main] INFO  k.p.s.c.buildsystem.ProjectBuilder - main project[sample_test]'s config file overwrite task start
06:35:41.932 [main] INFO  k.p.s.c.buildsystem.ProjectBuilder - main project[sample_test]'s config file overwrite task end
06:35:41.995 [main] INFO  k.p.s.c.buildsystem.ProjectBuilder - main project[sample_test] changeProjectState method end
06:35:41.995 [main] INFO  k.p.s.c.buildsystem.ProjectBuilder - the app client ant build.xml file[D:\gitsinnori\sinnori\project\sample_test\client_build\app_build\build.xml] is bad :: whetherExist[false] isFile[false]
06:35:41.995 [main] INFO  k.p.s.c.buildsystem.ProjectBuilder - the web client ant build.xml file[D:\gitsinnori\sinnori\project\sample_test\client_build\web_build\build.xml] is bad :: whetherExist[false] isFile[false]
06:35:41.995 [main] INFO  k.p.s.c.buildsystem.ProjectBuilder - the web.xml file[D:\gitsinnori\sinnori\project\sample_test\web_app_base\ROOT\WEB-INF\web.xml] located at web root directory is bad :: whetherExist[false] isFile[false]
06:35:41.995 [main] INFO  k.p.s.c.buildsystem.ProjectBuilder - main project[sample_test] changeProjectState method start
06:35:41.995 [main] WARN  k.p.s.c.buildsystem.ProjectBuilder - the server build path[D:\gitsinnori\sinnori\project\sample_test\server_build] exist, so skip creation of server build system
06:35:41.995 [main] INFO  k.p.s.c.buildsystem.ProjectBuilder - the app client ant build.xml file[D:\gitsinnori\sinnori\project\sample_test\client_build\app_build\build.xml] is bad :: whetherExist[false] isFile[false]
06:35:41.995 [main] WARN  k.p.s.c.buildsystem.ProjectBuilder - the app client buid.xml file[D:\gitsinnori\sinnori\project\sample_test\client_build\app_build\build.xml] is bad beacse it doesn't exist or is not a file, so skip deletion of app client build system
06:35:41.995 [main] INFO  k.p.s.c.buildsystem.ProjectBuilder - main project[sample_test]'s web build child direcotry creation task start
06:35:41.995 [main] INFO  k.p.s.common.util.CommonStaticUtil - the new child relative direcotry[D:\gitsinnori\sinnori\project\sample_test][client_build/web_build/corelib/ex] was created successfully
06:35:41.995 [main] INFO  k.p.s.common.util.CommonStaticUtil - the new child relative direcotry[D:\gitsinnori\sinnori\project\sample_test][client_build/web_build/corelib/in] was created successfully
06:35:41.995 [main] INFO  k.p.s.common.util.CommonStaticUtil - the new child relative direcotry[D:\gitsinnori\sinnori\project\sample_test][client_build/web_build/lib/main/ex] was created successfully
06:35:41.995 [main] INFO  k.p.s.common.util.CommonStaticUtil - the new child relative direcotry[D:\gitsinnori\sinnori\project\sample_test][client_build/web_build/lib/main/in] was created successfully
06:35:41.995 [main] INFO  k.p.s.common.util.CommonStaticUtil - the new child relative direcotry[D:\gitsinnori\sinnori\project\sample_test][client_build/web_build/lib/test] was created successfully
06:35:41.995 [main] INFO  k.p.s.common.util.CommonStaticUtil - the new child relative direcotry[D:\gitsinnori\sinnori\project\sample_test][client_build/web_build/src/main/java/kr/pe/sinnori/impl/message] was created successfully
06:35:41.995 [main] INFO  k.p.s.common.util.CommonStaticUtil - the new child relative direcotry[D:\gitsinnori\sinnori\project\sample_test][client_build/web_build/src/main/java//kr/pe/sinnori/servlet] was created successfully
06:35:41.995 [main] INFO  k.p.s.common.util.CommonStaticUtil - the new child relative direcotry[D:\gitsinnori\sinnori\project\sample_test][client_build/web_build/src/main/java/kr/pe/sinnori/weblib/common] was created successfully
06:35:41.995 [main] INFO  k.p.s.common.util.CommonStaticUtil - the new child relative direcotry[D:\gitsinnori\sinnori\project\sample_test][client_build/web_build/src/main/java/kr/pe/sinnori/weblib/htmlstring] was created successfully
06:35:41.995 [main] INFO  k.p.s.common.util.CommonStaticUtil - the new child relative direcotry[D:\gitsinnori\sinnori\project\sample_test][client_build/web_build/src/main/java/kr/pe/sinnori/weblib/jdf] was created successfully
06:35:41.995 [main] INFO  k.p.s.common.util.CommonStaticUtil - the new child relative direcotry[D:\gitsinnori\sinnori\project\sample_test][client_build/web_build/src/test/java] was created successfully
06:35:41.995 [main] INFO  k.p.s.common.util.CommonStaticUtil - the new child relative direcotry[D:\gitsinnori\sinnori\project\sample_test][client_build/web_build/build] was created successfully
06:35:41.995 [main] INFO  k.p.s.common.util.CommonStaticUtil - the new child relative direcotry[D:\gitsinnori\sinnori\project\sample_test][client_build/web_build/dist] was created successfully
06:35:41.995 [main] INFO  k.p.s.c.buildsystem.ProjectBuilder - main project[sample_test]'s web build child direcotry creation task end
06:35:41.995 [main] INFO  k.p.s.c.buildsystem.ProjectBuilder - main project[sample_test]'s web client build system files creation task start
06:35:41.995 [main] INFO  k.p.s.c.buildsystem.ProjectBuilder - main project[sample_test]'s web client ant build.xml file creation task start
06:35:41.995 [main] INFO  k.p.s.c.buildsystem.ProjectBuilder - main project[sample_test]'s web client ant build.xml file creation task end
06:35:41.995 [main] INFO  k.p.s.c.buildsystem.ProjectBuilder - main project[sample_test]'s web client ant properties file creation task start
06:35:41.995 [main] INFO  k.p.s.c.util.SequencedPropertiesUtil - the sequenced properties file[D:\gitsinnori\sinnori\project\sample_test\client_build\web_build\webAnt.properties] was created
06:35:41.995 [main] INFO  k.p.s.c.buildsystem.ProjectBuilder - main project[sample_test]'s web client ant properties file creation task end
06:35:41.995 [main] INFO  k.p.s.c.buildsystem.ProjectBuilder - main project[sample_test]'s web client message io file set creation task start
06:35:41.995 [main] INFO  k.p.s.common.util.CommonStaticUtil - the new child relative direcotry[D:\gitsinnori\sinnori\project\sample_test\client_build\web_build\src\main\java\kr\pe\sinnori\impl\message][Echo] was created successfully
06:35:41.995 [main] INFO  k.p.s.c.buildsystem.ProjectBuilder - main project[sample_test]'s message file[Echo][D:\gitsinnori\sinnori\project\sample_test\client_build\web_build\src\main\java\kr\pe\sinnori\impl\message] creation task start
06:35:42.011 [main] INFO  k.p.s.c.buildsystem.ProjectBuilder - main project[sample_test]'s message file[Echo][D:\gitsinnori\sinnori\project\sample_test\client_build\web_build\src\main\java\kr\pe\sinnori\impl\message] creation task end
06:35:42.011 [main] INFO  k.p.s.c.buildsystem.ProjectBuilder - main project[sample_test]'s message decoder file[Echo][D:\gitsinnori\sinnori\project\sample_test\client_build\web_build\src\main\java\kr\pe\sinnori\impl\message] creation task start
06:35:42.011 [main] INFO  k.p.s.c.buildsystem.ProjectBuilder - main project[sample_test]'s message decoder file[Echo][D:\gitsinnori\sinnori\project\sample_test\client_build\web_build\src\main\java\kr\pe\sinnori\impl\message] creation task end
06:35:42.011 [main] INFO  k.p.s.c.buildsystem.ProjectBuilder - main project[sample_test]'s message encoder file[Echo][D:\gitsinnori\sinnori\project\sample_test\client_build\web_build\src\main\java\kr\pe\sinnori\impl\message] creation task start
06:35:42.011 [main] INFO  k.p.s.c.buildsystem.ProjectBuilder - main project[sample_test]'s message encoder file[Echo][D:\gitsinnori\sinnori\project\sample_test\client_build\web_build\src\main\java\kr\pe\sinnori\impl\message] creation task end
06:35:42.011 [main] INFO  k.p.s.c.buildsystem.ProjectBuilder - main project[sample_test]'s message server codec file[Echo][D:\gitsinnori\sinnori\project\sample_test\client_build\web_build\src\main\java\kr\pe\sinnori\impl\message] creation task start
06:35:42.026 [main] INFO  k.p.s.c.buildsystem.ProjectBuilder - main project[sample_test]'s message server codec file[Echo][D:\gitsinnori\sinnori\project\sample_test\client_build\web_build\src\main\java\kr\pe\sinnori\impl\message] creation task end
06:35:42.026 [main] INFO  k.p.s.c.buildsystem.ProjectBuilder - main project[sample_test]'s message client codec file[Echo][D:\gitsinnori\sinnori\project\sample_test\client_build\web_build\src\main\java\kr\pe\sinnori\impl\message] creation task start
06:35:42.026 [main] INFO  k.p.s.c.buildsystem.ProjectBuilder - main project[sample_test]'s message client codec file[Echo][D:\gitsinnori\sinnori\project\sample_test\client_build\web_build\src\main\java\kr\pe\sinnori\impl\message] creation task end
06:35:42.026 [main] INFO  k.p.s.common.util.CommonStaticUtil - the new child relative direcotry[D:\gitsinnori\sinnori\project\sample_test\client_build\web_build\src\main\java\kr\pe\sinnori\impl\message][PublicKeyReq] was created successfully
06:35:42.026 [main] INFO  k.p.s.c.buildsystem.ProjectBuilder - main project[sample_test]'s message file[PublicKeyReq][D:\gitsinnori\sinnori\project\sample_test\client_build\web_build\src\main\java\kr\pe\sinnori\impl\message] creation task start
06:35:42.026 [main] INFO  k.p.s.c.buildsystem.ProjectBuilder - main project[sample_test]'s message file[PublicKeyReq][D:\gitsinnori\sinnori\project\sample_test\client_build\web_build\src\main\java\kr\pe\sinnori\impl\message] creation task end
06:35:42.026 [main] INFO  k.p.s.c.buildsystem.ProjectBuilder - main project[sample_test]'s message decoder file[PublicKeyReq][D:\gitsinnori\sinnori\project\sample_test\client_build\web_build\src\main\java\kr\pe\sinnori\impl\message] creation task start
06:35:42.042 [main] INFO  k.p.s.c.buildsystem.ProjectBuilder - main project[sample_test]'s message decoder file[PublicKeyReq][D:\gitsinnori\sinnori\project\sample_test\client_build\web_build\src\main\java\kr\pe\sinnori\impl\message] creation task end
06:35:42.042 [main] INFO  k.p.s.c.buildsystem.ProjectBuilder - main project[sample_test]'s message encoder file[PublicKeyReq][D:\gitsinnori\sinnori\project\sample_test\client_build\web_build\src\main\java\kr\pe\sinnori\impl\message] creation task start
06:35:42.042 [main] INFO  k.p.s.c.buildsystem.ProjectBuilder - main project[sample_test]'s message encoder file[PublicKeyReq][D:\gitsinnori\sinnori\project\sample_test\client_build\web_build\src\main\java\kr\pe\sinnori\impl\message] creation task end
06:35:42.042 [main] INFO  k.p.s.c.buildsystem.ProjectBuilder - main project[sample_test]'s message server codec file[PublicKeyReq][D:\gitsinnori\sinnori\project\sample_test\client_build\web_build\src\main\java\kr\pe\sinnori\impl\message] creation task start
06:35:42.042 [main] INFO  k.p.s.c.buildsystem.ProjectBuilder - main project[sample_test]'s message server codec file[PublicKeyReq][D:\gitsinnori\sinnori\project\sample_test\client_build\web_build\src\main\java\kr\pe\sinnori\impl\message] creation task end
06:35:42.042 [main] INFO  k.p.s.c.buildsystem.ProjectBuilder - main project[sample_test]'s message client codec file[PublicKeyReq][D:\gitsinnori\sinnori\project\sample_test\client_build\web_build\src\main\java\kr\pe\sinnori\impl\message] creation task start
06:35:42.118 [main] INFO  k.p.s.c.buildsystem.ProjectBuilder - main project[sample_test]'s message client codec file[PublicKeyReq][D:\gitsinnori\sinnori\project\sample_test\client_build\web_build\src\main\java\kr\pe\sinnori\impl\message] creation task end
06:35:42.119 [main] INFO  k.p.s.common.util.CommonStaticUtil - the new child relative direcotry[D:\gitsinnori\sinnori\project\sample_test\client_build\web_build\src\main\java\kr\pe\sinnori\impl\message][PublicKeyRes] was created successfully
06:35:42.119 [main] INFO  k.p.s.c.buildsystem.ProjectBuilder - main project[sample_test]'s message file[PublicKeyRes][D:\gitsinnori\sinnori\project\sample_test\client_build\web_build\src\main\java\kr\pe\sinnori\impl\message] creation task start
06:35:42.119 [main] INFO  k.p.s.c.buildsystem.ProjectBuilder - main project[sample_test]'s message file[PublicKeyRes][D:\gitsinnori\sinnori\project\sample_test\client_build\web_build\src\main\java\kr\pe\sinnori\impl\message] creation task end
06:35:42.119 [main] INFO  k.p.s.c.buildsystem.ProjectBuilder - main project[sample_test]'s message decoder file[PublicKeyRes][D:\gitsinnori\sinnori\project\sample_test\client_build\web_build\src\main\java\kr\pe\sinnori\impl\message] creation task start
06:35:42.135 [main] INFO  k.p.s.c.buildsystem.ProjectBuilder - main project[sample_test]'s message decoder file[PublicKeyRes][D:\gitsinnori\sinnori\project\sample_test\client_build\web_build\src\main\java\kr\pe\sinnori\impl\message] creation task end
06:35:42.135 [main] INFO  k.p.s.c.buildsystem.ProjectBuilder - main project[sample_test]'s message encoder file[PublicKeyRes][D:\gitsinnori\sinnori\project\sample_test\client_build\web_build\src\main\java\kr\pe\sinnori\impl\message] creation task start
06:35:42.135 [main] INFO  k.p.s.c.buildsystem.ProjectBuilder - main project[sample_test]'s message encoder file[PublicKeyRes][D:\gitsinnori\sinnori\project\sample_test\client_build\web_build\src\main\java\kr\pe\sinnori\impl\message] creation task end
06:35:42.135 [main] INFO  k.p.s.c.buildsystem.ProjectBuilder - main project[sample_test]'s message server codec file[PublicKeyRes][D:\gitsinnori\sinnori\project\sample_test\client_build\web_build\src\main\java\kr\pe\sinnori\impl\message] creation task start
06:35:42.151 [main] INFO  k.p.s.c.buildsystem.ProjectBuilder - main project[sample_test]'s message server codec file[PublicKeyRes][D:\gitsinnori\sinnori\project\sample_test\client_build\web_build\src\main\java\kr\pe\sinnori\impl\message] creation task end
06:35:42.151 [main] INFO  k.p.s.c.buildsystem.ProjectBuilder - main project[sample_test]'s message client codec file[PublicKeyRes][D:\gitsinnori\sinnori\project\sample_test\client_build\web_build\src\main\java\kr\pe\sinnori\impl\message] creation task start
06:35:42.151 [main] INFO  k.p.s.c.buildsystem.ProjectBuilder - main project[sample_test]'s message client codec file[PublicKeyRes][D:\gitsinnori\sinnori\project\sample_test\client_build\web_build\src\main\java\kr\pe\sinnori\impl\message] creation task end
06:35:42.151 [main] INFO  k.p.s.c.buildsystem.ProjectBuilder - main project[sample_test]'s web client message io file set creation task end
06:35:42.151 [main] INFO  k.p.s.c.buildsystem.ProjectBuilder - mainproject[sample_test]'s web client sample source files copy task start
06:35:42.198 [main] INFO  k.p.s.c.buildsystem.ProjectBuilder - mainproject[sample_test]'s web client sample source files copy task end
06:35:42.198 [main] INFO  k.p.s.c.buildsystem.ProjectBuilder - main project[sample_test]'s web client build system files creation task end
06:35:42.198 [main] INFO  k.p.s.c.buildsystem.ProjectBuilder - main project[sample_test]'s web root child direcotry creation task start
06:35:42.198 [main] INFO  k.p.s.common.util.CommonStaticUtil - the child relative direcotry[D:\gitsinnori\sinnori\project\sample_test][web_app_base/upload] exist, so nothing
06:35:42.198 [main] INFO  k.p.s.common.util.CommonStaticUtil - the new child relative direcotry[D:\gitsinnori\sinnori\project\sample_test][web_app_base/ROOT/WEB-INF/classes] was created successfully
06:35:42.198 [main] INFO  k.p.s.common.util.CommonStaticUtil - the new child relative direcotry[D:\gitsinnori\sinnori\project\sample_test][web_app_base/ROOT/WEB-INF/lib] was created successfully
06:35:42.198 [main] INFO  k.p.s.c.buildsystem.ProjectBuilder - main project[sample_test]'s web root child direcotry creation task end
06:35:42.198 [main] INFO  k.p.s.c.buildsystem.ProjectBuilder - main project[sample_test]'s web root sample files creation task start
06:35:42.198 [main] INFO  k.p.s.c.buildsystem.ProjectBuilder - main project[sample_test]'s web root sample files copy task start
06:35:42.213 [main] INFO  k.p.s.c.buildsystem.ProjectBuilder - main project[sample_test]'s web root sample files copy task end
06:35:42.213 [main] INFO  k.p.s.c.buildsystem.ProjectBuilder - main project[sample_test]'s web root sample files creation task end
06:35:42.213 [main] INFO  k.p.s.c.buildsystem.ProjectBuilder - main project[sample_test]'s config file overwrite task start
06:35:42.213 [main] INFO  k.p.s.c.buildsystem.ProjectBuilder - main project[sample_test]'s config file overwrite task end
06:35:42.213 [main] INFO  k.p.s.c.buildsystem.ProjectBuilder - main project[sample_test] changeProjectState method end
06:35:42.213 [main] INFO  k.p.s.c.buildsystem.ProjectBuilder - the app client ant build.xml file[D:\gitsinnori\sinnori\project\sample_test\client_build\app_build\build.xml] is bad :: whetherExist[false] isFile[false]
06:35:42.213 [main] INFO  k.p.s.c.buildsystem.ProjectBuilder - main project[sample_test] changeProjectState method start
06:35:42.213 [main] WARN  k.p.s.c.buildsystem.ProjectBuilder - the server build path[D:\gitsinnori\sinnori\project\sample_test\server_build] exist, so skip creation of server build system
06:35:42.213 [main] INFO  k.p.s.c.buildsystem.ProjectBuilder - main project[sample_test]'s application build child direcotry creation task start
06:35:42.244 [main] INFO  k.p.s.common.util.CommonStaticUtil - the new child relative direcotry[D:\gitsinnori\sinnori\project\sample_test][client_build/app_build/corelib/ex] was created successfully
06:35:42.244 [main] INFO  k.p.s.common.util.CommonStaticUtil - the new child relative direcotry[D:\gitsinnori\sinnori\project\sample_test][client_build/app_build/corelib/in] was created successfully
06:35:42.244 [main] INFO  k.p.s.common.util.CommonStaticUtil - the new child relative direcotry[D:\gitsinnori\sinnori\project\sample_test][client_build/app_build/lib/main/ex] was created successfully
06:35:42.244 [main] INFO  k.p.s.common.util.CommonStaticUtil - the new child relative direcotry[D:\gitsinnori\sinnori\project\sample_test][client_build/app_build/lib/main/in] was created successfully
06:35:42.244 [main] INFO  k.p.s.common.util.CommonStaticUtil - the new child relative direcotry[D:\gitsinnori\sinnori\project\sample_test][client_build/app_build/lib/test] was created successfully
06:35:42.244 [main] INFO  k.p.s.common.util.CommonStaticUtil - the new child relative direcotry[D:\gitsinnori\sinnori\project\sample_test][client_build/app_build/src/main/java/kr/pe/sinnori/impl/message] was created successfully
06:35:42.244 [main] INFO  k.p.s.common.util.CommonStaticUtil - the new child relative direcotry[D:\gitsinnori\sinnori\project\sample_test][client_build/app_build/src/main/java/main] was created successfully
06:35:42.244 [main] INFO  k.p.s.common.util.CommonStaticUtil - the new child relative direcotry[D:\gitsinnori\sinnori\project\sample_test][client_build/app_build/src/test/java] was created successfully
06:35:42.244 [main] INFO  k.p.s.common.util.CommonStaticUtil - the new child relative direcotry[D:\gitsinnori\sinnori\project\sample_test][client_build/app_build/build] was created successfully
06:35:42.244 [main] INFO  k.p.s.common.util.CommonStaticUtil - the new child relative direcotry[D:\gitsinnori\sinnori\project\sample_test][client_build/app_build/dist] was created successfully
06:35:42.244 [main] INFO  k.p.s.c.buildsystem.ProjectBuilder - main project[sample_test]'s application build child direcotry creation task end
06:35:42.244 [main] INFO  k.p.s.c.buildsystem.ProjectBuilder - mainproject[sample_test]'s application client build system files creation task start
06:35:42.244 [main] INFO  k.p.s.c.buildsystem.ProjectBuilder - main project[sample_test]'s application client ant build.xml file creation task start
06:35:42.244 [main] INFO  k.p.s.c.buildsystem.ProjectBuilder - main project[sample_test]'s application client ant build.xml file creation task end
06:35:42.244 [main] INFO  k.p.s.c.buildsystem.ProjectBuilder - main project[sample_test]'s application client dos shell file creation task start
06:35:42.260 [main] INFO  k.p.s.c.buildsystem.ProjectBuilder - main project[sample_test]'s application client dos shell file creation task end
06:35:42.260 [main] INFO  k.p.s.c.buildsystem.ProjectBuilder - main project[sample_test]'s application client unix shell file creation task start
06:35:42.260 [main] INFO  k.p.s.c.buildsystem.ProjectBuilder - main project[sample_test]'s application client unix shell file creation task end
06:35:42.260 [main] INFO  k.p.s.c.buildsystem.ProjectBuilder - application client sample source files copy task start
06:35:42.260 [main] INFO  k.p.s.c.buildsystem.ProjectBuilder - application client sample source files copy task end
06:35:42.260 [main] INFO  k.p.s.c.buildsystem.ProjectBuilder - main project[sample_test]'s application client message io file set creation task start
06:35:42.276 [main] INFO  k.p.s.common.util.CommonStaticUtil - the new child relative direcotry[D:\gitsinnori\sinnori\project\sample_test\client_build\app_build\src\main\java\kr\pe\sinnori\impl\message][Echo] was created successfully
06:35:42.276 [main] INFO  k.p.s.c.buildsystem.ProjectBuilder - main project[sample_test]'s message file[Echo][D:\gitsinnori\sinnori\project\sample_test\client_build\app_build\src\main\java\kr\pe\sinnori\impl\message] creation task start
06:35:42.276 [main] INFO  k.p.s.c.buildsystem.ProjectBuilder - main project[sample_test]'s message file[Echo][D:\gitsinnori\sinnori\project\sample_test\client_build\app_build\src\main\java\kr\pe\sinnori\impl\message] creation task end
06:35:42.276 [main] INFO  k.p.s.c.buildsystem.ProjectBuilder - main project[sample_test]'s message decoder file[Echo][D:\gitsinnori\sinnori\project\sample_test\client_build\app_build\src\main\java\kr\pe\sinnori\impl\message] creation task start
06:35:42.276 [main] INFO  k.p.s.c.buildsystem.ProjectBuilder - main project[sample_test]'s message decoder file[Echo][D:\gitsinnori\sinnori\project\sample_test\client_build\app_build\src\main\java\kr\pe\sinnori\impl\message] creation task end
06:35:42.276 [main] INFO  k.p.s.c.buildsystem.ProjectBuilder - main project[sample_test]'s message encoder file[Echo][D:\gitsinnori\sinnori\project\sample_test\client_build\app_build\src\main\java\kr\pe\sinnori\impl\message] creation task start
06:35:42.276 [main] INFO  k.p.s.c.buildsystem.ProjectBuilder - main project[sample_test]'s message encoder file[Echo][D:\gitsinnori\sinnori\project\sample_test\client_build\app_build\src\main\java\kr\pe\sinnori\impl\message] creation task end
06:35:42.276 [main] INFO  k.p.s.c.buildsystem.ProjectBuilder - main project[sample_test]'s message server codec file[Echo][D:\gitsinnori\sinnori\project\sample_test\client_build\app_build\src\main\java\kr\pe\sinnori\impl\message] creation task start
06:35:42.276 [main] INFO  k.p.s.c.buildsystem.ProjectBuilder - main project[sample_test]'s message server codec file[Echo][D:\gitsinnori\sinnori\project\sample_test\client_build\app_build\src\main\java\kr\pe\sinnori\impl\message] creation task end
06:35:42.276 [main] INFO  k.p.s.c.buildsystem.ProjectBuilder - main project[sample_test]'s message client codec file[Echo][D:\gitsinnori\sinnori\project\sample_test\client_build\app_build\src\main\java\kr\pe\sinnori\impl\message] creation task start
06:35:42.291 [main] INFO  k.p.s.c.buildsystem.ProjectBuilder - main project[sample_test]'s message client codec file[Echo][D:\gitsinnori\sinnori\project\sample_test\client_build\app_build\src\main\java\kr\pe\sinnori\impl\message] creation task end
06:35:42.291 [main] INFO  k.p.s.common.util.CommonStaticUtil - the new child relative direcotry[D:\gitsinnori\sinnori\project\sample_test\client_build\app_build\src\main\java\kr\pe\sinnori\impl\message][PublicKeyReq] was created successfully
06:35:42.291 [main] INFO  k.p.s.c.buildsystem.ProjectBuilder - main project[sample_test]'s message file[PublicKeyReq][D:\gitsinnori\sinnori\project\sample_test\client_build\app_build\src\main\java\kr\pe\sinnori\impl\message] creation task start
06:35:42.291 [main] INFO  k.p.s.c.buildsystem.ProjectBuilder - main project[sample_test]'s message file[PublicKeyReq][D:\gitsinnori\sinnori\project\sample_test\client_build\app_build\src\main\java\kr\pe\sinnori\impl\message] creation task end
06:35:42.291 [main] INFO  k.p.s.c.buildsystem.ProjectBuilder - main project[sample_test]'s message decoder file[PublicKeyReq][D:\gitsinnori\sinnori\project\sample_test\client_build\app_build\src\main\java\kr\pe\sinnori\impl\message] creation task start
06:35:42.291 [main] INFO  k.p.s.c.buildsystem.ProjectBuilder - main project[sample_test]'s message decoder file[PublicKeyReq][D:\gitsinnori\sinnori\project\sample_test\client_build\app_build\src\main\java\kr\pe\sinnori\impl\message] creation task end
06:35:42.291 [main] INFO  k.p.s.c.buildsystem.ProjectBuilder - main project[sample_test]'s message encoder file[PublicKeyReq][D:\gitsinnori\sinnori\project\sample_test\client_build\app_build\src\main\java\kr\pe\sinnori\impl\message] creation task start
06:35:42.291 [main] INFO  k.p.s.c.buildsystem.ProjectBuilder - main project[sample_test]'s message encoder file[PublicKeyReq][D:\gitsinnori\sinnori\project\sample_test\client_build\app_build\src\main\java\kr\pe\sinnori\impl\message] creation task end
06:35:42.291 [main] INFO  k.p.s.c.buildsystem.ProjectBuilder - main project[sample_test]'s message server codec file[PublicKeyReq][D:\gitsinnori\sinnori\project\sample_test\client_build\app_build\src\main\java\kr\pe\sinnori\impl\message] creation task start
06:35:42.307 [main] INFO  k.p.s.c.buildsystem.ProjectBuilder - main project[sample_test]'s message server codec file[PublicKeyReq][D:\gitsinnori\sinnori\project\sample_test\client_build\app_build\src\main\java\kr\pe\sinnori\impl\message] creation task end
06:35:42.307 [main] INFO  k.p.s.c.buildsystem.ProjectBuilder - main project[sample_test]'s message client codec file[PublicKeyReq][D:\gitsinnori\sinnori\project\sample_test\client_build\app_build\src\main\java\kr\pe\sinnori\impl\message] creation task start
06:35:42.307 [main] INFO  k.p.s.c.buildsystem.ProjectBuilder - main project[sample_test]'s message client codec file[PublicKeyReq][D:\gitsinnori\sinnori\project\sample_test\client_build\app_build\src\main\java\kr\pe\sinnori\impl\message] creation task end
06:35:42.307 [main] INFO  k.p.s.common.util.CommonStaticUtil - the new child relative direcotry[D:\gitsinnori\sinnori\project\sample_test\client_build\app_build\src\main\java\kr\pe\sinnori\impl\message][PublicKeyRes] was created successfully
06:35:42.307 [main] INFO  k.p.s.c.buildsystem.ProjectBuilder - main project[sample_test]'s message file[PublicKeyRes][D:\gitsinnori\sinnori\project\sample_test\client_build\app_build\src\main\java\kr\pe\sinnori\impl\message] creation task start
06:35:42.307 [main] INFO  k.p.s.c.buildsystem.ProjectBuilder - main project[sample_test]'s message file[PublicKeyRes][D:\gitsinnori\sinnori\project\sample_test\client_build\app_build\src\main\java\kr\pe\sinnori\impl\message] creation task end
06:35:42.307 [main] INFO  k.p.s.c.buildsystem.ProjectBuilder - main project[sample_test]'s message decoder file[PublicKeyRes][D:\gitsinnori\sinnori\project\sample_test\client_build\app_build\src\main\java\kr\pe\sinnori\impl\message] creation task start
06:35:42.307 [main] INFO  k.p.s.c.buildsystem.ProjectBuilder - main project[sample_test]'s message decoder file[PublicKeyRes][D:\gitsinnori\sinnori\project\sample_test\client_build\app_build\src\main\java\kr\pe\sinnori\impl\message] creation task end
06:35:42.307 [main] INFO  k.p.s.c.buildsystem.ProjectBuilder - main project[sample_test]'s message encoder file[PublicKeyRes][D:\gitsinnori\sinnori\project\sample_test\client_build\app_build\src\main\java\kr\pe\sinnori\impl\message] creation task start
06:35:42.323 [main] INFO  k.p.s.c.buildsystem.ProjectBuilder - main project[sample_test]'s message encoder file[PublicKeyRes][D:\gitsinnori\sinnori\project\sample_test\client_build\app_build\src\main\java\kr\pe\sinnori\impl\message] creation task end
06:35:42.323 [main] INFO  k.p.s.c.buildsystem.ProjectBuilder - main project[sample_test]'s message server codec file[PublicKeyRes][D:\gitsinnori\sinnori\project\sample_test\client_build\app_build\src\main\java\kr\pe\sinnori\impl\message] creation task start
06:35:42.402 [main] INFO  k.p.s.c.buildsystem.ProjectBuilder - main project[sample_test]'s message server codec file[PublicKeyRes][D:\gitsinnori\sinnori\project\sample_test\client_build\app_build\src\main\java\kr\pe\sinnori\impl\message] creation task end
06:35:42.402 [main] INFO  k.p.s.c.buildsystem.ProjectBuilder - main project[sample_test]'s message client codec file[PublicKeyRes][D:\gitsinnori\sinnori\project\sample_test\client_build\app_build\src\main\java\kr\pe\sinnori\impl\message] creation task start
06:35:42.402 [main] INFO  k.p.s.c.buildsystem.ProjectBuilder - main project[sample_test]'s message client codec file[PublicKeyRes][D:\gitsinnori\sinnori\project\sample_test\client_build\app_build\src\main\java\kr\pe\sinnori\impl\message] creation task end
06:35:42.402 [main] INFO  k.p.s.c.buildsystem.ProjectBuilder - main project[sample_test]'s application client message io file set creation task end
06:35:42.402 [main] INFO  k.p.s.c.buildsystem.ProjectBuilder - mainproject[sample_test]'s application client build system files creation task end
06:35:42.402 [main] INFO  k.p.s.c.buildsystem.ProjectBuilder - main project[sample_test]'s web client build path deletion task start
06:35:42.433 [main] INFO  k.p.s.c.buildsystem.ProjectBuilder - main project[sample_test]'s web client build path deletion task end
06:35:42.433 [main] INFO  k.p.s.c.buildsystem.ProjectBuilder - main project[sample_test]'s web root path deletion task start
06:35:42.449 [main] INFO  k.p.s.c.buildsystem.ProjectBuilder - main project[sample_test]'s web root path deletion task end
06:35:42.449 [main] INFO  k.p.s.c.buildsystem.ProjectBuilder - main project[sample_test]'s config file overwrite task start
06:35:42.449 [main] INFO  k.p.s.c.buildsystem.ProjectBuilder - main project[sample_test]'s config file overwrite task end
06:35:42.449 [main] INFO  k.p.s.c.buildsystem.ProjectBuilder - main project[sample_test] changeProjectState method end
06:35:42.449 [main] INFO  k.p.s.c.buildsystem.ProjectBuilder - the web client ant build.xml file[D:\gitsinnori\sinnori\project\sample_test\client_build\web_build\build.xml] is bad :: whetherExist[false] isFile[false]
06:35:42.449 [main] INFO  k.p.s.c.buildsystem.ProjectBuilder - the web.xml file[D:\gitsinnori\sinnori\project\sample_test\web_app_base\ROOT\WEB-INF\web.xml] located at web root directory is bad :: whetherExist[false] isFile[false]
06:35:42.449 [main] INFO  k.p.s.c.buildsystem.ProjectBuilder - main project[sample_test] changeProjectState method start
06:35:42.449 [main] WARN  k.p.s.c.buildsystem.ProjectBuilder - the server build path[D:\gitsinnori\sinnori\project\sample_test\server_build] exist, so skip creation of server build system
06:35:42.449 [main] WARN  k.p.s.c.buildsystem.ProjectBuilder - the app client build path[D:\gitsinnori\sinnori\project\sample_test\client_build\app_build] exist, so skip creation of app client build system
06:35:42.449 [main] INFO  k.p.s.c.buildsystem.ProjectBuilder - main project[sample_test]'s web build child direcotry creation task start
06:35:42.449 [main] INFO  k.p.s.common.util.CommonStaticUtil - the new child relative direcotry[D:\gitsinnori\sinnori\project\sample_test][client_build/web_build/corelib/ex] was created successfully
06:35:42.449 [main] INFO  k.p.s.common.util.CommonStaticUtil - the new child relative direcotry[D:\gitsinnori\sinnori\project\sample_test][client_build/web_build/corelib/in] was created successfully
06:35:42.449 [main] INFO  k.p.s.common.util.CommonStaticUtil - the new child relative direcotry[D:\gitsinnori\sinnori\project\sample_test][client_build/web_build/lib/main/ex] was created successfully
06:35:42.449 [main] INFO  k.p.s.common.util.CommonStaticUtil - the new child relative direcotry[D:\gitsinnori\sinnori\project\sample_test][client_build/web_build/lib/main/in] was created successfully
06:35:42.449 [main] INFO  k.p.s.common.util.CommonStaticUtil - the new child relative direcotry[D:\gitsinnori\sinnori\project\sample_test][client_build/web_build/lib/test] was created successfully
06:35:42.465 [main] INFO  k.p.s.common.util.CommonStaticUtil - the new child relative direcotry[D:\gitsinnori\sinnori\project\sample_test][client_build/web_build/src/main/java/kr/pe/sinnori/impl/message] was created successfully
06:35:42.465 [main] INFO  k.p.s.common.util.CommonStaticUtil - the new child relative direcotry[D:\gitsinnori\sinnori\project\sample_test][client_build/web_build/src/main/java//kr/pe/sinnori/servlet] was created successfully
06:35:42.465 [main] INFO  k.p.s.common.util.CommonStaticUtil - the new child relative direcotry[D:\gitsinnori\sinnori\project\sample_test][client_build/web_build/src/main/java/kr/pe/sinnori/weblib/common] was created successfully
06:35:42.465 [main] INFO  k.p.s.common.util.CommonStaticUtil - the new child relative direcotry[D:\gitsinnori\sinnori\project\sample_test][client_build/web_build/src/main/java/kr/pe/sinnori/weblib/htmlstring] was created successfully
06:35:42.465 [main] INFO  k.p.s.common.util.CommonStaticUtil - the new child relative direcotry[D:\gitsinnori\sinnori\project\sample_test][client_build/web_build/src/main/java/kr/pe/sinnori/weblib/jdf] was created successfully
06:35:42.465 [main] INFO  k.p.s.common.util.CommonStaticUtil - the new child relative direcotry[D:\gitsinnori\sinnori\project\sample_test][client_build/web_build/src/test/java] was created successfully
06:35:42.543 [main] INFO  k.p.s.common.util.CommonStaticUtil - the new child relative direcotry[D:\gitsinnori\sinnori\project\sample_test][client_build/web_build/build] was created successfully
06:35:42.543 [main] INFO  k.p.s.common.util.CommonStaticUtil - the new child relative direcotry[D:\gitsinnori\sinnori\project\sample_test][client_build/web_build/dist] was created successfully
06:35:42.543 [main] INFO  k.p.s.c.buildsystem.ProjectBuilder - main project[sample_test]'s web build child direcotry creation task end
06:35:42.543 [main] INFO  k.p.s.c.buildsystem.ProjectBuilder - main project[sample_test]'s web client build system files creation task start
06:35:42.543 [main] INFO  k.p.s.c.buildsystem.ProjectBuilder - main project[sample_test]'s web client ant build.xml file creation task start
06:35:42.543 [main] INFO  k.p.s.c.buildsystem.ProjectBuilder - main project[sample_test]'s web client ant build.xml file creation task end
06:35:42.543 [main] INFO  k.p.s.c.buildsystem.ProjectBuilder - main project[sample_test]'s web client ant properties file creation task start
06:35:42.543 [main] INFO  k.p.s.c.util.SequencedPropertiesUtil - the sequenced properties file[D:\gitsinnori\sinnori\project\sample_test\client_build\web_build\webAnt.properties] was created
06:35:42.558 [main] INFO  k.p.s.c.buildsystem.ProjectBuilder - main project[sample_test]'s web client ant properties file creation task end
06:35:42.558 [main] INFO  k.p.s.c.buildsystem.ProjectBuilder - main project[sample_test]'s web client message io file set creation task start
06:35:42.558 [main] INFO  k.p.s.common.util.CommonStaticUtil - the new child relative direcotry[D:\gitsinnori\sinnori\project\sample_test\client_build\web_build\src\main\java\kr\pe\sinnori\impl\message][Echo] was created successfully
06:35:42.558 [main] INFO  k.p.s.c.buildsystem.ProjectBuilder - main project[sample_test]'s message file[Echo][D:\gitsinnori\sinnori\project\sample_test\client_build\web_build\src\main\java\kr\pe\sinnori\impl\message] creation task start
06:35:42.574 [main] INFO  k.p.s.c.buildsystem.ProjectBuilder - main project[sample_test]'s message file[Echo][D:\gitsinnori\sinnori\project\sample_test\client_build\web_build\src\main\java\kr\pe\sinnori\impl\message] creation task end
06:35:42.574 [main] INFO  k.p.s.c.buildsystem.ProjectBuilder - main project[sample_test]'s message decoder file[Echo][D:\gitsinnori\sinnori\project\sample_test\client_build\web_build\src\main\java\kr\pe\sinnori\impl\message] creation task start
06:35:42.574 [main] INFO  k.p.s.c.buildsystem.ProjectBuilder - main project[sample_test]'s message decoder file[Echo][D:\gitsinnori\sinnori\project\sample_test\client_build\web_build\src\main\java\kr\pe\sinnori\impl\message] creation task end
06:35:42.574 [main] INFO  k.p.s.c.buildsystem.ProjectBuilder - main project[sample_test]'s message encoder file[Echo][D:\gitsinnori\sinnori\project\sample_test\client_build\web_build\src\main\java\kr\pe\sinnori\impl\message] creation task start
06:35:42.590 [main] INFO  k.p.s.c.buildsystem.ProjectBuilder - main project[sample_test]'s message encoder file[Echo][D:\gitsinnori\sinnori\project\sample_test\client_build\web_build\src\main\java\kr\pe\sinnori\impl\message] creation task end
06:35:42.590 [main] INFO  k.p.s.c.buildsystem.ProjectBuilder - main project[sample_test]'s message server codec file[Echo][D:\gitsinnori\sinnori\project\sample_test\client_build\web_build\src\main\java\kr\pe\sinnori\impl\message] creation task start
06:35:42.590 [main] INFO  k.p.s.c.buildsystem.ProjectBuilder - main project[sample_test]'s message server codec file[Echo][D:\gitsinnori\sinnori\project\sample_test\client_build\web_build\src\main\java\kr\pe\sinnori\impl\message] creation task end
06:35:42.590 [main] INFO  k.p.s.c.buildsystem.ProjectBuilder - main project[sample_test]'s message client codec file[Echo][D:\gitsinnori\sinnori\project\sample_test\client_build\web_build\src\main\java\kr\pe\sinnori\impl\message] creation task start
06:35:42.590 [main] INFO  k.p.s.c.buildsystem.ProjectBuilder - main project[sample_test]'s message client codec file[Echo][D:\gitsinnori\sinnori\project\sample_test\client_build\web_build\src\main\java\kr\pe\sinnori\impl\message] creation task end
06:35:42.590 [main] INFO  k.p.s.common.util.CommonStaticUtil - the new child relative direcotry[D:\gitsinnori\sinnori\project\sample_test\client_build\web_build\src\main\java\kr\pe\sinnori\impl\message][PublicKeyReq] was created successfully
06:35:42.590 [main] INFO  k.p.s.c.buildsystem.ProjectBuilder - main project[sample_test]'s message file[PublicKeyReq][D:\gitsinnori\sinnori\project\sample_test\client_build\web_build\src\main\java\kr\pe\sinnori\impl\message] creation task start
06:35:42.590 [main] INFO  k.p.s.c.buildsystem.ProjectBuilder - main project[sample_test]'s message file[PublicKeyReq][D:\gitsinnori\sinnori\project\sample_test\client_build\web_build\src\main\java\kr\pe\sinnori\impl\message] creation task end
06:35:42.590 [main] INFO  k.p.s.c.buildsystem.ProjectBuilder - main project[sample_test]'s message decoder file[PublicKeyReq][D:\gitsinnori\sinnori\project\sample_test\client_build\web_build\src\main\java\kr\pe\sinnori\impl\message] creation task start
06:35:42.605 [main] INFO  k.p.s.c.buildsystem.ProjectBuilder - main project[sample_test]'s message decoder file[PublicKeyReq][D:\gitsinnori\sinnori\project\sample_test\client_build\web_build\src\main\java\kr\pe\sinnori\impl\message] creation task end
06:35:42.605 [main] INFO  k.p.s.c.buildsystem.ProjectBuilder - main project[sample_test]'s message encoder file[PublicKeyReq][D:\gitsinnori\sinnori\project\sample_test\client_build\web_build\src\main\java\kr\pe\sinnori\impl\message] creation task start
06:35:42.605 [main] INFO  k.p.s.c.buildsystem.ProjectBuilder - main project[sample_test]'s message encoder file[PublicKeyReq][D:\gitsinnori\sinnori\project\sample_test\client_build\web_build\src\main\java\kr\pe\sinnori\impl\message] creation task end
06:35:42.605 [main] INFO  k.p.s.c.buildsystem.ProjectBuilder - main project[sample_test]'s message server codec file[PublicKeyReq][D:\gitsinnori\sinnori\project\sample_test\client_build\web_build\src\main\java\kr\pe\sinnori\impl\message] creation task start
06:35:42.605 [main] INFO  k.p.s.c.buildsystem.ProjectBuilder - main project[sample_test]'s message server codec file[PublicKeyReq][D:\gitsinnori\sinnori\project\sample_test\client_build\web_build\src\main\java\kr\pe\sinnori\impl\message] creation task end
06:35:42.605 [main] INFO  k.p.s.c.buildsystem.ProjectBuilder - main project[sample_test]'s message client codec file[PublicKeyReq][D:\gitsinnori\sinnori\project\sample_test\client_build\web_build\src\main\java\kr\pe\sinnori\impl\message] creation task start
06:35:42.605 [main] INFO  k.p.s.c.buildsystem.ProjectBuilder - main project[sample_test]'s message client codec file[PublicKeyReq][D:\gitsinnori\sinnori\project\sample_test\client_build\web_build\src\main\java\kr\pe\sinnori\impl\message] creation task end
06:35:42.605 [main] INFO  k.p.s.common.util.CommonStaticUtil - the new child relative direcotry[D:\gitsinnori\sinnori\project\sample_test\client_build\web_build\src\main\java\kr\pe\sinnori\impl\message][PublicKeyRes] was created successfully
06:35:42.605 [main] INFO  k.p.s.c.buildsystem.ProjectBuilder - main project[sample_test]'s message file[PublicKeyRes][D:\gitsinnori\sinnori\project\sample_test\client_build\web_build\src\main\java\kr\pe\sinnori\impl\message] creation task start
06:35:42.605 [main] INFO  k.p.s.c.buildsystem.ProjectBuilder - main project[sample_test]'s message file[PublicKeyRes][D:\gitsinnori\sinnori\project\sample_test\client_build\web_build\src\main\java\kr\pe\sinnori\impl\message] creation task end
06:35:42.605 [main] INFO  k.p.s.c.buildsystem.ProjectBuilder - main project[sample_test]'s message decoder file[PublicKeyRes][D:\gitsinnori\sinnori\project\sample_test\client_build\web_build\src\main\java\kr\pe\sinnori\impl\message] creation task start
06:35:42.621 [main] INFO  k.p.s.c.buildsystem.ProjectBuilder - main project[sample_test]'s message decoder file[PublicKeyRes][D:\gitsinnori\sinnori\project\sample_test\client_build\web_build\src\main\java\kr\pe\sinnori\impl\message] creation task end
06:35:42.621 [main] INFO  k.p.s.c.buildsystem.ProjectBuilder - main project[sample_test]'s message encoder file[PublicKeyRes][D:\gitsinnori\sinnori\project\sample_test\client_build\web_build\src\main\java\kr\pe\sinnori\impl\message] creation task start
06:35:42.621 [main] INFO  k.p.s.c.buildsystem.ProjectBuilder - main project[sample_test]'s message encoder file[PublicKeyRes][D:\gitsinnori\sinnori\project\sample_test\client_build\web_build\src\main\java\kr\pe\sinnori\impl\message] creation task end
06:35:42.621 [main] INFO  k.p.s.c.buildsystem.ProjectBuilder - main project[sample_test]'s message server codec file[PublicKeyRes][D:\gitsinnori\sinnori\project\sample_test\client_build\web_build\src\main\java\kr\pe\sinnori\impl\message] creation task start
06:35:42.621 [main] INFO  k.p.s.c.buildsystem.ProjectBuilder - main project[sample_test]'s message server codec file[PublicKeyRes][D:\gitsinnori\sinnori\project\sample_test\client_build\web_build\src\main\java\kr\pe\sinnori\impl\message] creation task end
06:35:42.621 [main] INFO  k.p.s.c.buildsystem.ProjectBuilder - main project[sample_test]'s message client codec file[PublicKeyRes][D:\gitsinnori\sinnori\project\sample_test\client_build\web_build\src\main\java\kr\pe\sinnori\impl\message] creation task start
06:35:42.621 [main] INFO  k.p.s.c.buildsystem.ProjectBuilder - main project[sample_test]'s message client codec file[PublicKeyRes][D:\gitsinnori\sinnori\project\sample_test\client_build\web_build\src\main\java\kr\pe\sinnori\impl\message] creation task end
06:35:42.621 [main] INFO  k.p.s.c.buildsystem.ProjectBuilder - main project[sample_test]'s web client message io file set creation task end
06:35:42.715 [main] INFO  k.p.s.c.buildsystem.ProjectBuilder - mainproject[sample_test]'s web client sample source files copy task start
06:35:42.855 [main] INFO  k.p.s.c.buildsystem.ProjectBuilder - mainproject[sample_test]'s web client sample source files copy task end
06:35:42.855 [main] INFO  k.p.s.c.buildsystem.ProjectBuilder - main project[sample_test]'s web client build system files creation task end
06:35:42.855 [main] INFO  k.p.s.c.buildsystem.ProjectBuilder - main project[sample_test]'s web root child direcotry creation task start
06:35:42.855 [main] INFO  k.p.s.common.util.CommonStaticUtil - the child relative direcotry[D:\gitsinnori\sinnori\project\sample_test][web_app_base/upload] exist, so nothing
06:35:42.855 [main] INFO  k.p.s.common.util.CommonStaticUtil - the new child relative direcotry[D:\gitsinnori\sinnori\project\sample_test][web_app_base/ROOT/WEB-INF/classes] was created successfully
06:35:42.855 [main] INFO  k.p.s.common.util.CommonStaticUtil - the new child relative direcotry[D:\gitsinnori\sinnori\project\sample_test][web_app_base/ROOT/WEB-INF/lib] was created successfully
06:35:42.855 [main] INFO  k.p.s.c.buildsystem.ProjectBuilder - main project[sample_test]'s web root child direcotry creation task end
06:35:42.855 [main] INFO  k.p.s.c.buildsystem.ProjectBuilder - main project[sample_test]'s web root sample files creation task start
06:35:42.855 [main] INFO  k.p.s.c.buildsystem.ProjectBuilder - main project[sample_test]'s web root sample files copy task start
06:35:42.855 [main] INFO  k.p.s.c.buildsystem.ProjectBuilder - main project[sample_test]'s web root sample files copy task end
06:35:42.855 [main] INFO  k.p.s.c.buildsystem.ProjectBuilder - main project[sample_test]'s web root sample files creation task end
06:35:42.855 [main] INFO  k.p.s.c.buildsystem.ProjectBuilder - main project[sample_test]'s config file overwrite task start
06:35:42.871 [main] INFO  k.p.s.c.buildsystem.ProjectBuilder - main project[sample_test]'s config file overwrite task end
06:35:42.871 [main] INFO  k.p.s.c.buildsystem.ProjectBuilder - main project[sample_test] changeProjectState method end
06:35:42.902 [main] INFO  k.p.s.c.buildsystem.ProjectBuilder - main project[sample_test]'s child direcotry creation task start
06:35:42.902 [main] INFO  k.p.s.c.buildsystem.ProjectBuilder - main project[sample_test]'s common child direcotry creation task start
06:35:42.902 [main] INFO  k.p.s.common.util.CommonStaticUtil - the new child relative direcotry[D:\gitsinnori\sinnori\project\sample_test][config] was created successfully
06:35:42.918 [main] INFO  k.p.s.common.util.CommonStaticUtil - the new child relative direcotry[D:\gitsinnori\sinnori\project\sample_test][resources/dbcp] was created successfully
06:35:42.918 [main] INFO  k.p.s.common.util.CommonStaticUtil - the new child relative direcotry[D:\gitsinnori\sinnori\project\sample_test][resources/message_info] was created successfully
06:35:42.918 [main] INFO  k.p.s.common.util.CommonStaticUtil - the new child relative direcotry[D:\gitsinnori\sinnori\project\sample_test][resources/rsa_keypair] was created successfully
06:35:42.918 [main] INFO  k.p.s.common.util.CommonStaticUtil - the new child relative direcotry[D:\gitsinnori\sinnori\project\sample_test][log/apache] was created successfully
06:35:42.918 [main] INFO  k.p.s.common.util.CommonStaticUtil - the new child relative direcotry[D:\gitsinnori\sinnori\project\sample_test][log/client] was created successfully
06:35:42.918 [main] INFO  k.p.s.common.util.CommonStaticUtil - the new child relative direcotry[D:\gitsinnori\sinnori\project\sample_test][log/server] was created successfully
06:35:42.918 [main] INFO  k.p.s.common.util.CommonStaticUtil - the new child relative direcotry[D:\gitsinnori\sinnori\project\sample_test][log/servlet] was created successfully
06:35:42.918 [main] INFO  k.p.s.c.buildsystem.ProjectBuilder - main project[sample_test]'s common child direcotry creation task end
06:35:42.918 [main] INFO  k.p.s.c.buildsystem.ProjectBuilder - main project[sample_test]'s server child direcotry creation task start
06:35:42.918 [main] INFO  k.p.s.common.util.CommonStaticUtil - the new child relative direcotry[D:\gitsinnori\sinnori\project\sample_test][server_build/APP-INF/classes] was created successfully
06:35:42.949 [main] INFO  k.p.s.common.util.CommonStaticUtil - the new child relative direcotry[D:\gitsinnori\sinnori\project\sample_test][server_build/corelib/ex] was created successfully
06:35:42.949 [main] INFO  k.p.s.common.util.CommonStaticUtil - the new child relative direcotry[D:\gitsinnori\sinnori\project\sample_test][server_build/corelib/in] was created successfully
06:35:42.949 [main] INFO  k.p.s.common.util.CommonStaticUtil - the new child relative direcotry[D:\gitsinnori\sinnori\project\sample_test][server_build/lib/main/ex] was created successfully
06:35:42.949 [main] INFO  k.p.s.common.util.CommonStaticUtil - the new child relative direcotry[D:\gitsinnori\sinnori\project\sample_test][server_build/lib/main/in] was created successfully
06:35:42.949 [main] INFO  k.p.s.common.util.CommonStaticUtil - the new child relative direcotry[D:\gitsinnori\sinnori\project\sample_test][server_build/lib/test] was created successfully
06:35:42.949 [main] INFO  k.p.s.common.util.CommonStaticUtil - the new child relative direcotry[D:\gitsinnori\sinnori\project\sample_test][server_build/src/main/java/kr/pe/sinnori/impl/servertask] was created successfully
06:35:42.949 [main] INFO  k.p.s.common.util.CommonStaticUtil - the new child relative direcotry[D:\gitsinnori\sinnori\project\sample_test][server_build/src/main/java/kr/pe/sinnori/impl/message] was created successfully
06:35:42.949 [main] INFO  k.p.s.common.util.CommonStaticUtil - the new child relative direcotry[D:\gitsinnori\sinnori\project\sample_test][server_build/src/main/java/main] was created successfully
06:35:42.949 [main] INFO  k.p.s.common.util.CommonStaticUtil - the new child relative direcotry[D:\gitsinnori\sinnori\project\sample_test][server_build/src/test/java] was created successfully
06:35:42.949 [main] INFO  k.p.s.common.util.CommonStaticUtil - the new child relative direcotry[D:\gitsinnori\sinnori\project\sample_test][server_build/build] was created successfully
06:35:42.949 [main] INFO  k.p.s.common.util.CommonStaticUtil - the new child relative direcotry[D:\gitsinnori\sinnori\project\sample_test][server_build/dist] was created successfully
06:35:42.949 [main] INFO  k.p.s.c.buildsystem.ProjectBuilder - main project[sample_test]'s server child direcotry creation task end
06:35:42.949 [main] INFO  k.p.s.c.buildsystem.ProjectBuilder - main project[sample_test]'s application build child direcotry creation task start
06:35:42.949 [main] INFO  k.p.s.common.util.CommonStaticUtil - the new child relative direcotry[D:\gitsinnori\sinnori\project\sample_test][client_build/app_build/corelib/ex] was created successfully
06:35:42.949 [main] INFO  k.p.s.common.util.CommonStaticUtil - the new child relative direcotry[D:\gitsinnori\sinnori\project\sample_test][client_build/app_build/corelib/in] was created successfully
06:35:42.949 [main] INFO  k.p.s.common.util.CommonStaticUtil - the new child relative direcotry[D:\gitsinnori\sinnori\project\sample_test][client_build/app_build/lib/main/ex] was created successfully
06:35:42.949 [main] INFO  k.p.s.common.util.CommonStaticUtil - the new child relative direcotry[D:\gitsinnori\sinnori\project\sample_test][client_build/app_build/lib/main/in] was created successfully
06:35:42.949 [main] INFO  k.p.s.common.util.CommonStaticUtil - the new child relative direcotry[D:\gitsinnori\sinnori\project\sample_test][client_build/app_build/lib/test] was created successfully
06:35:42.949 [main] INFO  k.p.s.common.util.CommonStaticUtil - the new child relative direcotry[D:\gitsinnori\sinnori\project\sample_test][client_build/app_build/src/main/java/kr/pe/sinnori/impl/message] was created successfully
06:35:42.949 [main] INFO  k.p.s.common.util.CommonStaticUtil - the new child relative direcotry[D:\gitsinnori\sinnori\project\sample_test][client_build/app_build/src/main/java/main] was created successfully
06:35:42.949 [main] INFO  k.p.s.common.util.CommonStaticUtil - the new child relative direcotry[D:\gitsinnori\sinnori\project\sample_test][client_build/app_build/src/test/java] was created successfully
06:35:42.949 [main] INFO  k.p.s.common.util.CommonStaticUtil - the new child relative direcotry[D:\gitsinnori\sinnori\project\sample_test][client_build/app_build/build] was created successfully
06:35:42.949 [main] INFO  k.p.s.common.util.CommonStaticUtil - the new child relative direcotry[D:\gitsinnori\sinnori\project\sample_test][client_build/app_build/dist] was created successfully
06:35:42.949 [main] INFO  k.p.s.c.buildsystem.ProjectBuilder - main project[sample_test]'s application build child direcotry creation task end
06:35:42.949 [main] INFO  k.p.s.c.buildsystem.ProjectBuilder - main project[sample_test]'s child direcotry creation task end
06:35:42.949 [main] INFO  k.p.s.c.buildsystem.ProjectBuilder - main project[sample_test]'s file creation task start
06:35:42.949 [main] INFO  k.p.s.c.buildsystem.ProjectBuilder - main project[sample_test]'s config file creation task start
06:35:42.965 [main] INFO  k.p.s.c.util.SequencedPropertiesUtil - the sequenced properties file[D:\gitsinnori\sinnori\project\sample_test\config\sinnori.properties] was created
06:35:42.965 [main] INFO  k.p.s.c.buildsystem.ProjectBuilder - main project[sample_test]'s config file creation task end
06:35:42.965 [main] INFO  k.p.s.c.buildsystem.ProjectBuilder - the mainproject[sample_test]'s resources directory copy task start
06:35:42.980 [main] INFO  k.p.s.c.buildsystem.ProjectBuilder - the mainproject[sample_test]'s resources directory copy task end
06:35:42.980 [main] INFO  k.p.s.c.buildsystem.ProjectBuilder - server build system files creation task start
06:35:42.980 [main] INFO  k.p.s.c.buildsystem.ProjectBuilder - main project[sample_test]'s server ant build.xml file creation task start
06:35:42.980 [main] INFO  k.p.s.c.buildsystem.ProjectBuilder - main project[sample_test]'s server ant build.xml file creation task end
06:35:42.980 [main] INFO  k.p.s.c.buildsystem.ProjectBuilder - main project[sample_test]'s server dos shell file creation task start
06:35:42.980 [main] INFO  k.p.s.c.buildsystem.ProjectBuilder - main project[sample_test]'s server dos shell file creation task end
06:35:42.980 [main] INFO  k.p.s.c.buildsystem.ProjectBuilder - main project[sample_test]'s server unix shell file creation task start
06:35:42.980 [main] INFO  k.p.s.c.buildsystem.ProjectBuilder - main project[sample_test]'s server unix shell file creation task end
06:35:42.980 [main] INFO  k.p.s.c.buildsystem.ProjectBuilder - server sample source files copy task start
06:35:42.996 [main] INFO  k.p.s.c.buildsystem.ProjectBuilder - server sample source files copy task end
06:35:42.996 [main] INFO  k.p.s.c.buildsystem.ProjectBuilder - main project[sample_test]'s server message io file set creation task start
06:35:42.996 [main] INFO  k.p.s.common.util.CommonStaticUtil - the new child relative direcotry[D:\gitsinnori\sinnori\project\sample_test\server_build\src\main\java\kr\pe\sinnori\impl\message][Echo] was created successfully
06:35:42.996 [main] INFO  k.p.s.c.buildsystem.ProjectBuilder - main project[sample_test]'s message file[Echo][D:\gitsinnori\sinnori\project\sample_test\server_build\src\main\java\kr\pe\sinnori\impl\message] creation task start
06:35:42.996 [main] INFO  k.p.s.c.buildsystem.ProjectBuilder - main project[sample_test]'s message file[Echo][D:\gitsinnori\sinnori\project\sample_test\server_build\src\main\java\kr\pe\sinnori\impl\message] creation task end
06:35:42.996 [main] INFO  k.p.s.c.buildsystem.ProjectBuilder - main project[sample_test]'s message decoder file[Echo][D:\gitsinnori\sinnori\project\sample_test\server_build\src\main\java\kr\pe\sinnori\impl\message] creation task start
06:35:42.996 [main] INFO  k.p.s.c.buildsystem.ProjectBuilder - main project[sample_test]'s message decoder file[Echo][D:\gitsinnori\sinnori\project\sample_test\server_build\src\main\java\kr\pe\sinnori\impl\message] creation task end
06:35:42.996 [main] INFO  k.p.s.c.buildsystem.ProjectBuilder - main project[sample_test]'s message encoder file[Echo][D:\gitsinnori\sinnori\project\sample_test\server_build\src\main\java\kr\pe\sinnori\impl\message] creation task start
06:35:42.996 [main] INFO  k.p.s.c.buildsystem.ProjectBuilder - main project[sample_test]'s message encoder file[Echo][D:\gitsinnori\sinnori\project\sample_test\server_build\src\main\java\kr\pe\sinnori\impl\message] creation task end
06:35:42.996 [main] INFO  k.p.s.c.buildsystem.ProjectBuilder - main project[sample_test]'s message server codec file[Echo][D:\gitsinnori\sinnori\project\sample_test\server_build\src\main\java\kr\pe\sinnori\impl\message] creation task start
06:35:42.996 [main] INFO  k.p.s.c.buildsystem.ProjectBuilder - main project[sample_test]'s message server codec file[Echo][D:\gitsinnori\sinnori\project\sample_test\server_build\src\main\java\kr\pe\sinnori\impl\message] creation task end
06:35:42.996 [main] INFO  k.p.s.c.buildsystem.ProjectBuilder - main project[sample_test]'s message client codec file[Echo][D:\gitsinnori\sinnori\project\sample_test\server_build\src\main\java\kr\pe\sinnori\impl\message] creation task start
06:35:42.996 [main] INFO  k.p.s.c.buildsystem.ProjectBuilder - main project[sample_test]'s message client codec file[Echo][D:\gitsinnori\sinnori\project\sample_test\server_build\src\main\java\kr\pe\sinnori\impl\message] creation task end
06:35:43.074 [main] INFO  k.p.s.common.util.CommonStaticUtil - the new child relative direcotry[D:\gitsinnori\sinnori\project\sample_test\server_build\src\main\java\kr\pe\sinnori\impl\message][PublicKeyReq] was created successfully
06:35:43.074 [main] INFO  k.p.s.c.buildsystem.ProjectBuilder - main project[sample_test]'s message file[PublicKeyReq][D:\gitsinnori\sinnori\project\sample_test\server_build\src\main\java\kr\pe\sinnori\impl\message] creation task start
06:35:43.074 [main] INFO  k.p.s.c.buildsystem.ProjectBuilder - main project[sample_test]'s message file[PublicKeyReq][D:\gitsinnori\sinnori\project\sample_test\server_build\src\main\java\kr\pe\sinnori\impl\message] creation task end
06:35:43.074 [main] INFO  k.p.s.c.buildsystem.ProjectBuilder - main project[sample_test]'s message decoder file[PublicKeyReq][D:\gitsinnori\sinnori\project\sample_test\server_build\src\main\java\kr\pe\sinnori\impl\message] creation task start
06:35:43.090 [main] INFO  k.p.s.c.buildsystem.ProjectBuilder - main project[sample_test]'s message decoder file[PublicKeyReq][D:\gitsinnori\sinnori\project\sample_test\server_build\src\main\java\kr\pe\sinnori\impl\message] creation task end
06:35:43.090 [main] INFO  k.p.s.c.buildsystem.ProjectBuilder - main project[sample_test]'s message encoder file[PublicKeyReq][D:\gitsinnori\sinnori\project\sample_test\server_build\src\main\java\kr\pe\sinnori\impl\message] creation task start
06:35:43.090 [main] INFO  k.p.s.c.buildsystem.ProjectBuilder - main project[sample_test]'s message encoder file[PublicKeyReq][D:\gitsinnori\sinnori\project\sample_test\server_build\src\main\java\kr\pe\sinnori\impl\message] creation task end
06:35:43.090 [main] INFO  k.p.s.c.buildsystem.ProjectBuilder - main project[sample_test]'s message server codec file[PublicKeyReq][D:\gitsinnori\sinnori\project\sample_test\server_build\src\main\java\kr\pe\sinnori\impl\message] creation task start
06:35:43.105 [main] INFO  k.p.s.c.buildsystem.ProjectBuilder - main project[sample_test]'s message server codec file[PublicKeyReq][D:\gitsinnori\sinnori\project\sample_test\server_build\src\main\java\kr\pe\sinnori\impl\message] creation task end
06:35:43.105 [main] INFO  k.p.s.c.buildsystem.ProjectBuilder - main project[sample_test]'s message client codec file[PublicKeyReq][D:\gitsinnori\sinnori\project\sample_test\server_build\src\main\java\kr\pe\sinnori\impl\message] creation task start
06:35:43.105 [main] INFO  k.p.s.c.buildsystem.ProjectBuilder - main project[sample_test]'s message client codec file[PublicKeyReq][D:\gitsinnori\sinnori\project\sample_test\server_build\src\main\java\kr\pe\sinnori\impl\message] creation task end
06:35:43.105 [main] INFO  k.p.s.common.util.CommonStaticUtil - the new child relative direcotry[D:\gitsinnori\sinnori\project\sample_test\server_build\src\main\java\kr\pe\sinnori\impl\message][PublicKeyRes] was created successfully
06:35:43.105 [main] INFO  k.p.s.c.buildsystem.ProjectBuilder - main project[sample_test]'s message file[PublicKeyRes][D:\gitsinnori\sinnori\project\sample_test\server_build\src\main\java\kr\pe\sinnori\impl\message] creation task start
06:35:43.121 [main] INFO  k.p.s.c.buildsystem.ProjectBuilder - main project[sample_test]'s message file[PublicKeyRes][D:\gitsinnori\sinnori\project\sample_test\server_build\src\main\java\kr\pe\sinnori\impl\message] creation task end
06:35:43.121 [main] INFO  k.p.s.c.buildsystem.ProjectBuilder - main project[sample_test]'s message decoder file[PublicKeyRes][D:\gitsinnori\sinnori\project\sample_test\server_build\src\main\java\kr\pe\sinnori\impl\message] creation task start
06:35:43.121 [main] INFO  k.p.s.c.buildsystem.ProjectBuilder - main project[sample_test]'s message decoder file[PublicKeyRes][D:\gitsinnori\sinnori\project\sample_test\server_build\src\main\java\kr\pe\sinnori\impl\message] creation task end
06:35:43.121 [main] INFO  k.p.s.c.buildsystem.ProjectBuilder - main project[sample_test]'s message encoder file[PublicKeyRes][D:\gitsinnori\sinnori\project\sample_test\server_build\src\main\java\kr\pe\sinnori\impl\message] creation task start
06:35:43.121 [main] INFO  k.p.s.c.buildsystem.ProjectBuilder - main project[sample_test]'s message encoder file[PublicKeyRes][D:\gitsinnori\sinnori\project\sample_test\server_build\src\main\java\kr\pe\sinnori\impl\message] creation task end
06:35:43.121 [main] INFO  k.p.s.c.buildsystem.ProjectBuilder - main project[sample_test]'s message server codec file[PublicKeyRes][D:\gitsinnori\sinnori\project\sample_test\server_build\src\main\java\kr\pe\sinnori\impl\message] creation task start
06:35:43.121 [main] INFO  k.p.s.c.buildsystem.ProjectBuilder - main project[sample_test]'s message server codec file[PublicKeyRes][D:\gitsinnori\sinnori\project\sample_test\server_build\src\main\java\kr\pe\sinnori\impl\message] creation task end
06:35:43.121 [main] INFO  k.p.s.c.buildsystem.ProjectBuilder - main project[sample_test]'s message client codec file[PublicKeyRes][D:\gitsinnori\sinnori\project\sample_test\server_build\src\main\java\kr\pe\sinnori\impl\message] creation task start
06:35:43.137 [main] INFO  k.p.s.c.buildsystem.ProjectBuilder - main project[sample_test]'s message client codec file[PublicKeyRes][D:\gitsinnori\sinnori\project\sample_test\server_build\src\main\java\kr\pe\sinnori\impl\message] creation task end
06:35:43.137 [main] INFO  k.p.s.c.buildsystem.ProjectBuilder - main project[sample_test]'s server message io file set creation task end
06:35:43.137 [main] INFO  k.p.s.c.buildsystem.ProjectBuilder - server build system files creation task end
06:35:43.137 [main] INFO  k.p.s.c.buildsystem.ProjectBuilder - mainproject[sample_test]'s application client build system files creation task start
06:35:43.137 [main] INFO  k.p.s.c.buildsystem.ProjectBuilder - main project[sample_test]'s application client ant build.xml file creation task start
06:35:43.137 [main] INFO  k.p.s.c.buildsystem.ProjectBuilder - main project[sample_test]'s application client ant build.xml file creation task end
06:35:43.137 [main] INFO  k.p.s.c.buildsystem.ProjectBuilder - main project[sample_test]'s application client dos shell file creation task start
06:35:43.137 [main] INFO  k.p.s.c.buildsystem.ProjectBuilder - main project[sample_test]'s application client dos shell file creation task end
06:35:43.137 [main] INFO  k.p.s.c.buildsystem.ProjectBuilder - main project[sample_test]'s application client unix shell file creation task start
06:35:43.137 [main] INFO  k.p.s.c.buildsystem.ProjectBuilder - main project[sample_test]'s application client unix shell file creation task end
06:35:43.137 [main] INFO  k.p.s.c.buildsystem.ProjectBuilder - application client sample source files copy task start
06:35:43.152 [main] INFO  k.p.s.c.buildsystem.ProjectBuilder - application client sample source files copy task end
06:35:43.152 [main] INFO  k.p.s.c.buildsystem.ProjectBuilder - main project[sample_test]'s application client message io file set creation task start
06:35:43.152 [main] INFO  k.p.s.common.util.CommonStaticUtil - the new child relative direcotry[D:\gitsinnori\sinnori\project\sample_test\client_build\app_build\src\main\java\kr\pe\sinnori\impl\message][Echo] was created successfully
06:35:43.152 [main] INFO  k.p.s.c.buildsystem.ProjectBuilder - main project[sample_test]'s message file[Echo][D:\gitsinnori\sinnori\project\sample_test\client_build\app_build\src\main\java\kr\pe\sinnori\impl\message] creation task start
06:35:43.152 [main] INFO  k.p.s.c.buildsystem.ProjectBuilder - main project[sample_test]'s message file[Echo][D:\gitsinnori\sinnori\project\sample_test\client_build\app_build\src\main\java\kr\pe\sinnori\impl\message] creation task end
06:35:43.152 [main] INFO  k.p.s.c.buildsystem.ProjectBuilder - main project[sample_test]'s message decoder file[Echo][D:\gitsinnori\sinnori\project\sample_test\client_build\app_build\src\main\java\kr\pe\sinnori\impl\message] creation task start
06:35:43.152 [main] INFO  k.p.s.c.buildsystem.ProjectBuilder - main project[sample_test]'s message decoder file[Echo][D:\gitsinnori\sinnori\project\sample_test\client_build\app_build\src\main\java\kr\pe\sinnori\impl\message] creation task end
06:35:43.152 [main] INFO  k.p.s.c.buildsystem.ProjectBuilder - main project[sample_test]'s message encoder file[Echo][D:\gitsinnori\sinnori\project\sample_test\client_build\app_build\src\main\java\kr\pe\sinnori\impl\message] creation task start
06:35:43.152 [main] INFO  k.p.s.c.buildsystem.ProjectBuilder - main project[sample_test]'s message encoder file[Echo][D:\gitsinnori\sinnori\project\sample_test\client_build\app_build\src\main\java\kr\pe\sinnori\impl\message] creation task end
06:35:43.152 [main] INFO  k.p.s.c.buildsystem.ProjectBuilder - main project[sample_test]'s message server codec file[Echo][D:\gitsinnori\sinnori\project\sample_test\client_build\app_build\src\main\java\kr\pe\sinnori\impl\message] creation task start
06:35:43.152 [main] INFO  k.p.s.c.buildsystem.ProjectBuilder - main project[sample_test]'s message server codec file[Echo][D:\gitsinnori\sinnori\project\sample_test\client_build\app_build\src\main\java\kr\pe\sinnori\impl\message] creation task end
06:35:43.152 [main] INFO  k.p.s.c.buildsystem.ProjectBuilder - main project[sample_test]'s message client codec file[Echo][D:\gitsinnori\sinnori\project\sample_test\client_build\app_build\src\main\java\kr\pe\sinnori\impl\message] creation task start
06:35:43.152 [main] INFO  k.p.s.c.buildsystem.ProjectBuilder - main project[sample_test]'s message client codec file[Echo][D:\gitsinnori\sinnori\project\sample_test\client_build\app_build\src\main\java\kr\pe\sinnori\impl\message] creation task end
06:35:43.152 [main] INFO  k.p.s.common.util.CommonStaticUtil - the new child relative direcotry[D:\gitsinnori\sinnori\project\sample_test\client_build\app_build\src\main\java\kr\pe\sinnori\impl\message][PublicKeyReq] was created successfully
06:35:43.152 [main] INFO  k.p.s.c.buildsystem.ProjectBuilder - main project[sample_test]'s message file[PublicKeyReq][D:\gitsinnori\sinnori\project\sample_test\client_build\app_build\src\main\java\kr\pe\sinnori\impl\message] creation task start
06:35:43.168 [main] INFO  k.p.s.c.buildsystem.ProjectBuilder - main project[sample_test]'s message file[PublicKeyReq][D:\gitsinnori\sinnori\project\sample_test\client_build\app_build\src\main\java\kr\pe\sinnori\impl\message] creation task end
06:35:43.168 [main] INFO  k.p.s.c.buildsystem.ProjectBuilder - main project[sample_test]'s message decoder file[PublicKeyReq][D:\gitsinnori\sinnori\project\sample_test\client_build\app_build\src\main\java\kr\pe\sinnori\impl\message] creation task start
06:35:43.168 [main] INFO  k.p.s.c.buildsystem.ProjectBuilder - main project[sample_test]'s message decoder file[PublicKeyReq][D:\gitsinnori\sinnori\project\sample_test\client_build\app_build\src\main\java\kr\pe\sinnori\impl\message] creation task end
06:35:43.246 [main] INFO  k.p.s.c.buildsystem.ProjectBuilder - main project[sample_test]'s message encoder file[PublicKeyReq][D:\gitsinnori\sinnori\project\sample_test\client_build\app_build\src\main\java\kr\pe\sinnori\impl\message] creation task start
06:35:43.262 [main] INFO  k.p.s.c.buildsystem.ProjectBuilder - main project[sample_test]'s message encoder file[PublicKeyReq][D:\gitsinnori\sinnori\project\sample_test\client_build\app_build\src\main\java\kr\pe\sinnori\impl\message] creation task end
06:35:43.262 [main] INFO  k.p.s.c.buildsystem.ProjectBuilder - main project[sample_test]'s message server codec file[PublicKeyReq][D:\gitsinnori\sinnori\project\sample_test\client_build\app_build\src\main\java\kr\pe\sinnori\impl\message] creation task start
06:35:43.262 [main] INFO  k.p.s.c.buildsystem.ProjectBuilder - main project[sample_test]'s message server codec file[PublicKeyReq][D:\gitsinnori\sinnori\project\sample_test\client_build\app_build\src\main\java\kr\pe\sinnori\impl\message] creation task end
06:35:43.262 [main] INFO  k.p.s.c.buildsystem.ProjectBuilder - main project[sample_test]'s message client codec file[PublicKeyReq][D:\gitsinnori\sinnori\project\sample_test\client_build\app_build\src\main\java\kr\pe\sinnori\impl\message] creation task start
06:35:43.277 [main] INFO  k.p.s.c.buildsystem.ProjectBuilder - main project[sample_test]'s message client codec file[PublicKeyReq][D:\gitsinnori\sinnori\project\sample_test\client_build\app_build\src\main\java\kr\pe\sinnori\impl\message] creation task end
06:35:43.277 [main] INFO  k.p.s.common.util.CommonStaticUtil - the new child relative direcotry[D:\gitsinnori\sinnori\project\sample_test\client_build\app_build\src\main\java\kr\pe\sinnori\impl\message][PublicKeyRes] was created successfully
06:35:43.277 [main] INFO  k.p.s.c.buildsystem.ProjectBuilder - main project[sample_test]'s message file[PublicKeyRes][D:\gitsinnori\sinnori\project\sample_test\client_build\app_build\src\main\java\kr\pe\sinnori\impl\message] creation task start
06:35:43.277 [main] INFO  k.p.s.c.buildsystem.ProjectBuilder - main project[sample_test]'s message file[PublicKeyRes][D:\gitsinnori\sinnori\project\sample_test\client_build\app_build\src\main\java\kr\pe\sinnori\impl\message] creation task end
06:35:43.277 [main] INFO  k.p.s.c.buildsystem.ProjectBuilder - main project[sample_test]'s message decoder file[PublicKeyRes][D:\gitsinnori\sinnori\project\sample_test\client_build\app_build\src\main\java\kr\pe\sinnori\impl\message] creation task start
06:35:43.293 [main] INFO  k.p.s.c.buildsystem.ProjectBuilder - main project[sample_test]'s message decoder file[PublicKeyRes][D:\gitsinnori\sinnori\project\sample_test\client_build\app_build\src\main\java\kr\pe\sinnori\impl\message] creation task end
06:35:43.293 [main] INFO  k.p.s.c.buildsystem.ProjectBuilder - main project[sample_test]'s message encoder file[PublicKeyRes][D:\gitsinnori\sinnori\project\sample_test\client_build\app_build\src\main\java\kr\pe\sinnori\impl\message] creation task start
06:35:43.293 [main] INFO  k.p.s.c.buildsystem.ProjectBuilder - main project[sample_test]'s message encoder file[PublicKeyRes][D:\gitsinnori\sinnori\project\sample_test\client_build\app_build\src\main\java\kr\pe\sinnori\impl\message] creation task end
06:35:43.293 [main] INFO  k.p.s.c.buildsystem.ProjectBuilder - main project[sample_test]'s message server codec file[PublicKeyRes][D:\gitsinnori\sinnori\project\sample_test\client_build\app_build\src\main\java\kr\pe\sinnori\impl\message] creation task start
06:35:43.293 [main] INFO  k.p.s.c.buildsystem.ProjectBuilder - main project[sample_test]'s message server codec file[PublicKeyRes][D:\gitsinnori\sinnori\project\sample_test\client_build\app_build\src\main\java\kr\pe\sinnori\impl\message] creation task end
06:35:43.293 [main] INFO  k.p.s.c.buildsystem.ProjectBuilder - main project[sample_test]'s message client codec file[PublicKeyRes][D:\gitsinnori\sinnori\project\sample_test\client_build\app_build\src\main\java\kr\pe\sinnori\impl\message] creation task start
06:35:43.293 [main] INFO  k.p.s.c.buildsystem.ProjectBuilder - main project[sample_test]'s message client codec file[PublicKeyRes][D:\gitsinnori\sinnori\project\sample_test\client_build\app_build\src\main\java\kr\pe\sinnori\impl\message] creation task end
06:35:43.293 [main] INFO  k.p.s.c.buildsystem.ProjectBuilder - main project[sample_test]'s application client message io file set creation task end
06:35:43.293 [main] INFO  k.p.s.c.buildsystem.ProjectBuilder - mainproject[sample_test]'s application client build system files creation task end
06:35:43.293 [main] INFO  k.p.s.c.buildsystem.ProjectBuilder - main project[sample_test]'s file creation task end
06:35:43.293 [main] INFO  k.p.s.c.config.SinnoriConfiguration - item key[sessionkey.rsa.publickey.file.value]'s value is null because its status is inactive
06:35:43.293 [main] INFO  k.p.s.c.config.SinnoriConfiguration - item key[sessionkey.rsa.privatekey.file.value]'s value is null because its status is inactive
06:35:43.293 [main] INFO  k.p.s.c.buildsystem.ProjectBuilder - main project[sample_test] changeProjectState method start
06:35:43.293 [main] INFO  k.p.s.c.buildsystem.ProjectBuilder - mainproject[sample_test]'s server build path deletion task start
06:35:43.324 [main] INFO  k.p.s.c.buildsystem.ProjectBuilder - mainproject[sample_test]'s server build path deletion task end
06:35:43.324 [main] INFO  k.p.s.c.buildsystem.ProjectBuilder - mainproject[sample_test]'s application client build path deletion task start
06:35:43.324 [main] INFO  k.p.s.c.buildsystem.ProjectBuilder - mainproject[sample_test]'s application client build path deletion task end
06:35:43.324 [main] INFO  k.p.s.c.buildsystem.ProjectBuilder - main project[sample_test]'s web build child direcotry creation task start
06:35:43.324 [main] INFO  k.p.s.common.util.CommonStaticUtil - the new child relative direcotry[D:\gitsinnori\sinnori\project\sample_test][client_build/web_build/corelib/ex] was created successfully
06:35:43.324 [main] INFO  k.p.s.common.util.CommonStaticUtil - the new child relative direcotry[D:\gitsinnori\sinnori\project\sample_test][client_build/web_build/corelib/in] was created successfully
06:35:43.387 [main] INFO  k.p.s.common.util.CommonStaticUtil - the new child relative direcotry[D:\gitsinnori\sinnori\project\sample_test][client_build/web_build/lib/main/ex] was created successfully
06:35:43.387 [main] INFO  k.p.s.common.util.CommonStaticUtil - the new child relative direcotry[D:\gitsinnori\sinnori\project\sample_test][client_build/web_build/lib/main/in] was created successfully
06:35:43.387 [main] INFO  k.p.s.common.util.CommonStaticUtil - the new child relative direcotry[D:\gitsinnori\sinnori\project\sample_test][client_build/web_build/lib/test] was created successfully
06:35:43.387 [main] INFO  k.p.s.common.util.CommonStaticUtil - the new child relative direcotry[D:\gitsinnori\sinnori\project\sample_test][client_build/web_build/src/main/java/kr/pe/sinnori/impl/message] was created successfully
06:35:43.387 [main] INFO  k.p.s.common.util.CommonStaticUtil - the new child relative direcotry[D:\gitsinnori\sinnori\project\sample_test][client_build/web_build/src/main/java//kr/pe/sinnori/servlet] was created successfully
06:35:43.402 [main] INFO  k.p.s.common.util.CommonStaticUtil - the new child relative direcotry[D:\gitsinnori\sinnori\project\sample_test][client_build/web_build/src/main/java/kr/pe/sinnori/weblib/common] was created successfully
06:35:43.402 [main] INFO  k.p.s.common.util.CommonStaticUtil - the new child relative direcotry[D:\gitsinnori\sinnori\project\sample_test][client_build/web_build/src/main/java/kr/pe/sinnori/weblib/htmlstring] was created successfully
06:35:43.402 [main] INFO  k.p.s.common.util.CommonStaticUtil - the new child relative direcotry[D:\gitsinnori\sinnori\project\sample_test][client_build/web_build/src/main/java/kr/pe/sinnori/weblib/jdf] was created successfully
06:35:43.402 [main] INFO  k.p.s.common.util.CommonStaticUtil - the new child relative direcotry[D:\gitsinnori\sinnori\project\sample_test][client_build/web_build/src/test/java] was created successfully
06:35:43.402 [main] INFO  k.p.s.common.util.CommonStaticUtil - the new child relative direcotry[D:\gitsinnori\sinnori\project\sample_test][client_build/web_build/build] was created successfully
06:35:43.402 [main] INFO  k.p.s.common.util.CommonStaticUtil - the new child relative direcotry[D:\gitsinnori\sinnori\project\sample_test][client_build/web_build/dist] was created successfully
06:35:43.402 [main] INFO  k.p.s.c.buildsystem.ProjectBuilder - main project[sample_test]'s web build child direcotry creation task end
06:35:43.402 [main] INFO  k.p.s.c.buildsystem.ProjectBuilder - main project[sample_test]'s web client build system files creation task start
06:35:43.402 [main] INFO  k.p.s.c.buildsystem.ProjectBuilder - main project[sample_test]'s web client ant build.xml file creation task start
06:35:43.402 [main] INFO  k.p.s.c.buildsystem.ProjectBuilder - main project[sample_test]'s web client ant build.xml file creation task end
06:35:43.402 [main] INFO  k.p.s.c.buildsystem.ProjectBuilder - main project[sample_test]'s web client ant properties file creation task start
06:35:43.402 [main] INFO  k.p.s.c.util.SequencedPropertiesUtil - the sequenced properties file[D:\gitsinnori\sinnori\project\sample_test\client_build\web_build\webAnt.properties] was created
06:35:43.418 [main] INFO  k.p.s.c.buildsystem.ProjectBuilder - main project[sample_test]'s web client ant properties file creation task end
06:35:43.418 [main] INFO  k.p.s.c.buildsystem.ProjectBuilder - main project[sample_test]'s web client message io file set creation task start
06:35:43.418 [main] INFO  k.p.s.common.util.CommonStaticUtil - the new child relative direcotry[D:\gitsinnori\sinnori\project\sample_test\client_build\web_build\src\main\java\kr\pe\sinnori\impl\message][Echo] was created successfully
06:35:43.418 [main] INFO  k.p.s.c.buildsystem.ProjectBuilder - main project[sample_test]'s message file[Echo][D:\gitsinnori\sinnori\project\sample_test\client_build\web_build\src\main\java\kr\pe\sinnori\impl\message] creation task start
06:35:43.418 [main] INFO  k.p.s.c.buildsystem.ProjectBuilder - main project[sample_test]'s message file[Echo][D:\gitsinnori\sinnori\project\sample_test\client_build\web_build\src\main\java\kr\pe\sinnori\impl\message] creation task end
06:35:43.418 [main] INFO  k.p.s.c.buildsystem.ProjectBuilder - main project[sample_test]'s message decoder file[Echo][D:\gitsinnori\sinnori\project\sample_test\client_build\web_build\src\main\java\kr\pe\sinnori\impl\message] creation task start
06:35:43.418 [main] INFO  k.p.s.c.buildsystem.ProjectBuilder - main project[sample_test]'s message decoder file[Echo][D:\gitsinnori\sinnori\project\sample_test\client_build\web_build\src\main\java\kr\pe\sinnori\impl\message] creation task end
06:35:43.418 [main] INFO  k.p.s.c.buildsystem.ProjectBuilder - main project[sample_test]'s message encoder file[Echo][D:\gitsinnori\sinnori\project\sample_test\client_build\web_build\src\main\java\kr\pe\sinnori\impl\message] creation task start
06:35:43.433 [main] INFO  k.p.s.c.buildsystem.ProjectBuilder - main project[sample_test]'s message encoder file[Echo][D:\gitsinnori\sinnori\project\sample_test\client_build\web_build\src\main\java\kr\pe\sinnori\impl\message] creation task end
06:35:43.433 [main] INFO  k.p.s.c.buildsystem.ProjectBuilder - main project[sample_test]'s message server codec file[Echo][D:\gitsinnori\sinnori\project\sample_test\client_build\web_build\src\main\java\kr\pe\sinnori\impl\message] creation task start
06:35:43.433 [main] INFO  k.p.s.c.buildsystem.ProjectBuilder - main project[sample_test]'s message server codec file[Echo][D:\gitsinnori\sinnori\project\sample_test\client_build\web_build\src\main\java\kr\pe\sinnori\impl\message] creation task end
06:35:43.433 [main] INFO  k.p.s.c.buildsystem.ProjectBuilder - main project[sample_test]'s message client codec file[Echo][D:\gitsinnori\sinnori\project\sample_test\client_build\web_build\src\main\java\kr\pe\sinnori\impl\message] creation task start
06:35:43.433 [main] INFO  k.p.s.c.buildsystem.ProjectBuilder - main project[sample_test]'s message client codec file[Echo][D:\gitsinnori\sinnori\project\sample_test\client_build\web_build\src\main\java\kr\pe\sinnori\impl\message] creation task end
06:35:43.433 [main] INFO  k.p.s.common.util.CommonStaticUtil - the new child relative direcotry[D:\gitsinnori\sinnori\project\sample_test\client_build\web_build\src\main\java\kr\pe\sinnori\impl\message][PublicKeyReq] was created successfully
06:35:43.433 [main] INFO  k.p.s.c.buildsystem.ProjectBuilder - main project[sample_test]'s message file[PublicKeyReq][D:\gitsinnori\sinnori\project\sample_test\client_build\web_build\src\main\java\kr\pe\sinnori\impl\message] creation task start
06:35:43.433 [main] INFO  k.p.s.c.buildsystem.ProjectBuilder - main project[sample_test]'s message file[PublicKeyReq][D:\gitsinnori\sinnori\project\sample_test\client_build\web_build\src\main\java\kr\pe\sinnori\impl\message] creation task end
06:35:43.433 [main] INFO  k.p.s.c.buildsystem.ProjectBuilder - main project[sample_test]'s message decoder file[PublicKeyReq][D:\gitsinnori\sinnori\project\sample_test\client_build\web_build\src\main\java\kr\pe\sinnori\impl\message] creation task start
06:35:43.449 [main] INFO  k.p.s.c.buildsystem.ProjectBuilder - main project[sample_test]'s message decoder file[PublicKeyReq][D:\gitsinnori\sinnori\project\sample_test\client_build\web_build\src\main\java\kr\pe\sinnori\impl\message] creation task end
06:35:43.449 [main] INFO  k.p.s.c.buildsystem.ProjectBuilder - main project[sample_test]'s message encoder file[PublicKeyReq][D:\gitsinnori\sinnori\project\sample_test\client_build\web_build\src\main\java\kr\pe\sinnori\impl\message] creation task start
06:35:43.449 [main] INFO  k.p.s.c.buildsystem.ProjectBuilder - main project[sample_test]'s message encoder file[PublicKeyReq][D:\gitsinnori\sinnori\project\sample_test\client_build\web_build\src\main\java\kr\pe\sinnori\impl\message] creation task end
06:35:43.449 [main] INFO  k.p.s.c.buildsystem.ProjectBuilder - main project[sample_test]'s message server codec file[PublicKeyReq][D:\gitsinnori\sinnori\project\sample_test\client_build\web_build\src\main\java\kr\pe\sinnori\impl\message] creation task start
06:35:43.527 [main] INFO  k.p.s.c.buildsystem.ProjectBuilder - main project[sample_test]'s message server codec file[PublicKeyReq][D:\gitsinnori\sinnori\project\sample_test\client_build\web_build\src\main\java\kr\pe\sinnori\impl\message] creation task end
06:35:43.527 [main] INFO  k.p.s.c.buildsystem.ProjectBuilder - main project[sample_test]'s message client codec file[PublicKeyReq][D:\gitsinnori\sinnori\project\sample_test\client_build\web_build\src\main\java\kr\pe\sinnori\impl\message] creation task start
06:35:43.527 [main] INFO  k.p.s.c.buildsystem.ProjectBuilder - main project[sample_test]'s message client codec file[PublicKeyReq][D:\gitsinnori\sinnori\project\sample_test\client_build\web_build\src\main\java\kr\pe\sinnori\impl\message] creation task end
06:35:43.527 [main] INFO  k.p.s.common.util.CommonStaticUtil - the new child relative direcotry[D:\gitsinnori\sinnori\project\sample_test\client_build\web_build\src\main\java\kr\pe\sinnori\impl\message][PublicKeyRes] was created successfully
06:35:43.527 [main] INFO  k.p.s.c.buildsystem.ProjectBuilder - main project[sample_test]'s message file[PublicKeyRes][D:\gitsinnori\sinnori\project\sample_test\client_build\web_build\src\main\java\kr\pe\sinnori\impl\message] creation task start
06:35:43.527 [main] INFO  k.p.s.c.buildsystem.ProjectBuilder - main project[sample_test]'s message file[PublicKeyRes][D:\gitsinnori\sinnori\project\sample_test\client_build\web_build\src\main\java\kr\pe\sinnori\impl\message] creation task end
06:35:43.527 [main] INFO  k.p.s.c.buildsystem.ProjectBuilder - main project[sample_test]'s message decoder file[PublicKeyRes][D:\gitsinnori\sinnori\project\sample_test\client_build\web_build\src\main\java\kr\pe\sinnori\impl\message] creation task start
06:35:43.543 [main] INFO  k.p.s.c.buildsystem.ProjectBuilder - main project[sample_test]'s message decoder file[PublicKeyRes][D:\gitsinnori\sinnori\project\sample_test\client_build\web_build\src\main\java\kr\pe\sinnori\impl\message] creation task end
06:35:43.543 [main] INFO  k.p.s.c.buildsystem.ProjectBuilder - main project[sample_test]'s message encoder file[PublicKeyRes][D:\gitsinnori\sinnori\project\sample_test\client_build\web_build\src\main\java\kr\pe\sinnori\impl\message] creation task start
06:35:43.543 [main] INFO  k.p.s.c.buildsystem.ProjectBuilder - main project[sample_test]'s message encoder file[PublicKeyRes][D:\gitsinnori\sinnori\project\sample_test\client_build\web_build\src\main\java\kr\pe\sinnori\impl\message] creation task end
06:35:43.543 [main] INFO  k.p.s.c.buildsystem.ProjectBuilder - main project[sample_test]'s message server codec file[PublicKeyRes][D:\gitsinnori\sinnori\project\sample_test\client_build\web_build\src\main\java\kr\pe\sinnori\impl\message] creation task start
06:35:43.543 [main] INFO  k.p.s.c.buildsystem.ProjectBuilder - main project[sample_test]'s message server codec file[PublicKeyRes][D:\gitsinnori\sinnori\project\sample_test\client_build\web_build\src\main\java\kr\pe\sinnori\impl\message] creation task end
06:35:43.543 [main] INFO  k.p.s.c.buildsystem.ProjectBuilder - main project[sample_test]'s message client codec file[PublicKeyRes][D:\gitsinnori\sinnori\project\sample_test\client_build\web_build\src\main\java\kr\pe\sinnori\impl\message] creation task start
06:35:43.559 [main] INFO  k.p.s.c.buildsystem.ProjectBuilder - main project[sample_test]'s message client codec file[PublicKeyRes][D:\gitsinnori\sinnori\project\sample_test\client_build\web_build\src\main\java\kr\pe\sinnori\impl\message] creation task end
06:35:43.559 [main] INFO  k.p.s.c.buildsystem.ProjectBuilder - main project[sample_test]'s web client message io file set creation task end
06:35:43.559 [main] INFO  k.p.s.c.buildsystem.ProjectBuilder - mainproject[sample_test]'s web client sample source files copy task start
06:35:43.605 [main] INFO  k.p.s.c.buildsystem.ProjectBuilder - mainproject[sample_test]'s web client sample source files copy task end
06:35:43.605 [main] INFO  k.p.s.c.buildsystem.ProjectBuilder - main project[sample_test]'s web client build system files creation task end
06:35:43.605 [main] INFO  k.p.s.c.buildsystem.ProjectBuilder - main project[sample_test]'s web root child direcotry creation task start
06:35:43.605 [main] INFO  k.p.s.common.util.CommonStaticUtil - the new child relative direcotry[D:\gitsinnori\sinnori\project\sample_test][web_app_base/upload] was created successfully
06:35:43.605 [main] INFO  k.p.s.common.util.CommonStaticUtil - the new child relative direcotry[D:\gitsinnori\sinnori\project\sample_test][web_app_base/ROOT/WEB-INF/classes] was created successfully
06:35:43.605 [main] INFO  k.p.s.common.util.CommonStaticUtil - the new child relative direcotry[D:\gitsinnori\sinnori\project\sample_test][web_app_base/ROOT/WEB-INF/lib] was created successfully
06:35:43.605 [main] INFO  k.p.s.c.buildsystem.ProjectBuilder - main project[sample_test]'s web root child direcotry creation task end
06:35:43.605 [main] INFO  k.p.s.c.buildsystem.ProjectBuilder - main project[sample_test]'s web root sample files creation task start
06:35:43.605 [main] INFO  k.p.s.c.buildsystem.ProjectBuilder - main project[sample_test]'s web root sample files copy task start
06:35:43.621 [main] INFO  k.p.s.c.buildsystem.ProjectBuilder - main project[sample_test]'s web root sample files copy task end
06:35:43.621 [main] INFO  k.p.s.c.buildsystem.ProjectBuilder - main project[sample_test]'s web root sample files creation task end
06:35:43.621 [main] INFO  k.p.s.c.buildsystem.ProjectBuilder - main project[sample_test]'s config file overwrite task start
06:35:43.621 [main] INFO  k.p.s.c.buildsystem.ProjectBuilder - main project[sample_test]'s config file overwrite task end
06:35:43.621 [main] INFO  k.p.s.c.buildsystem.ProjectBuilder - main project[sample_test] changeProjectState method end
06:35:43.621 [main] INFO  k.p.s.c.buildsystem.ProjectBuilder - the server ant build.xml file[D:\gitsinnori\sinnori\project\sample_test\server_build\build.xml] is bad :: whetherExist[false] isFile[false]
06:35:43.652 [main] INFO  k.p.s.c.buildsystem.ProjectBuilder - the app client ant build.xml file[D:\gitsinnori\sinnori\project\sample_test\client_build\app_build\build.xml] is bad :: whetherExist[false] isFile[false]
06:35:43.652 [main] INFO  k.p.s.c.buildsystem.ProjectBuilder - main project[sample_test] changeProjectState method start
06:35:43.652 [main] INFO  k.p.s.c.buildsystem.ProjectBuilder - the server ant build.xml file[D:\gitsinnori\sinnori\project\sample_test\server_build\build.xml] is bad :: whetherExist[false] isFile[false]
06:35:43.652 [main] WARN  k.p.s.c.buildsystem.ProjectBuilder - the server buid.xml file[D:\gitsinnori\sinnori\project\sample_test\server_build\build.xml] is bad beacse it doesn't exist or is not a file, so skip deletion of server build system
06:35:43.652 [main] INFO  k.p.s.c.buildsystem.ProjectBuilder - main project[sample_test]'s application build child direcotry creation task start
06:35:43.652 [main] INFO  k.p.s.common.util.CommonStaticUtil - the new child relative direcotry[D:\gitsinnori\sinnori\project\sample_test][client_build/app_build/corelib/ex] was created successfully
06:35:43.652 [main] INFO  k.p.s.common.util.CommonStaticUtil - the new child relative direcotry[D:\gitsinnori\sinnori\project\sample_test][client_build/app_build/corelib/in] was created successfully
06:35:43.652 [main] INFO  k.p.s.common.util.CommonStaticUtil - the new child relative direcotry[D:\gitsinnori\sinnori\project\sample_test][client_build/app_build/lib/main/ex] was created successfully
06:35:43.652 [main] INFO  k.p.s.common.util.CommonStaticUtil - the new child relative direcotry[D:\gitsinnori\sinnori\project\sample_test][client_build/app_build/lib/main/in] was created successfully
06:35:43.652 [main] INFO  k.p.s.common.util.CommonStaticUtil - the new child relative direcotry[D:\gitsinnori\sinnori\project\sample_test][client_build/app_build/lib/test] was created successfully
06:35:43.652 [main] INFO  k.p.s.common.util.CommonStaticUtil - the new child relative direcotry[D:\gitsinnori\sinnori\project\sample_test][client_build/app_build/src/main/java/kr/pe/sinnori/impl/message] was created successfully
06:35:43.652 [main] INFO  k.p.s.common.util.CommonStaticUtil - the new child relative direcotry[D:\gitsinnori\sinnori\project\sample_test][client_build/app_build/src/main/java/main] was created successfully
06:35:43.652 [main] INFO  k.p.s.common.util.CommonStaticUtil - the new child relative direcotry[D:\gitsinnori\sinnori\project\sample_test][client_build/app_build/src/test/java] was created successfully
06:35:43.652 [main] INFO  k.p.s.common.util.CommonStaticUtil - the new child relative direcotry[D:\gitsinnori\sinnori\project\sample_test][client_build/app_build/build] was created successfully
06:35:43.652 [main] INFO  k.p.s.common.util.CommonStaticUtil - the new child relative direcotry[D:\gitsinnori\sinnori\project\sample_test][client_build/app_build/dist] was created successfully
06:35:43.652 [main] INFO  k.p.s.c.buildsystem.ProjectBuilder - main project[sample_test]'s application build child direcotry creation task end
06:35:43.652 [main] INFO  k.p.s.c.buildsystem.ProjectBuilder - mainproject[sample_test]'s application client build system files creation task start
06:35:43.652 [main] INFO  k.p.s.c.buildsystem.ProjectBuilder - main project[sample_test]'s application client ant build.xml file creation task start
06:35:43.668 [main] INFO  k.p.s.c.buildsystem.ProjectBuilder - main project[sample_test]'s application client ant build.xml file creation task end
06:35:43.668 [main] INFO  k.p.s.c.buildsystem.ProjectBuilder - main project[sample_test]'s application client dos shell file creation task start
06:35:43.668 [main] INFO  k.p.s.c.buildsystem.ProjectBuilder - main project[sample_test]'s application client dos shell file creation task end
06:35:43.668 [main] INFO  k.p.s.c.buildsystem.ProjectBuilder - main project[sample_test]'s application client unix shell file creation task start
06:35:43.668 [main] INFO  k.p.s.c.buildsystem.ProjectBuilder - main project[sample_test]'s application client unix shell file creation task end
06:35:43.668 [main] INFO  k.p.s.c.buildsystem.ProjectBuilder - application client sample source files copy task start
06:35:43.684 [main] INFO  k.p.s.c.buildsystem.ProjectBuilder - application client sample source files copy task end
06:35:43.684 [main] INFO  k.p.s.c.buildsystem.ProjectBuilder - main project[sample_test]'s application client message io file set creation task start
06:35:43.684 [main] INFO  k.p.s.common.util.CommonStaticUtil - the new child relative direcotry[D:\gitsinnori\sinnori\project\sample_test\client_build\app_build\src\main\java\kr\pe\sinnori\impl\message][Echo] was created successfully
06:35:43.684 [main] INFO  k.p.s.c.buildsystem.ProjectBuilder - main project[sample_test]'s message file[Echo][D:\gitsinnori\sinnori\project\sample_test\client_build\app_build\src\main\java\kr\pe\sinnori\impl\message] creation task start
06:35:43.684 [main] INFO  k.p.s.c.buildsystem.ProjectBuilder - main project[sample_test]'s message file[Echo][D:\gitsinnori\sinnori\project\sample_test\client_build\app_build\src\main\java\kr\pe\sinnori\impl\message] creation task end
06:35:43.684 [main] INFO  k.p.s.c.buildsystem.ProjectBuilder - main project[sample_test]'s message decoder file[Echo][D:\gitsinnori\sinnori\project\sample_test\client_build\app_build\src\main\java\kr\pe\sinnori\impl\message] creation task start
06:35:43.684 [main] INFO  k.p.s.c.buildsystem.ProjectBuilder - main project[sample_test]'s message decoder file[Echo][D:\gitsinnori\sinnori\project\sample_test\client_build\app_build\src\main\java\kr\pe\sinnori\impl\message] creation task end
06:35:43.684 [main] INFO  k.p.s.c.buildsystem.ProjectBuilder - main project[sample_test]'s message encoder file[Echo][D:\gitsinnori\sinnori\project\sample_test\client_build\app_build\src\main\java\kr\pe\sinnori\impl\message] creation task start
06:35:43.684 [main] INFO  k.p.s.c.buildsystem.ProjectBuilder - main project[sample_test]'s message encoder file[Echo][D:\gitsinnori\sinnori\project\sample_test\client_build\app_build\src\main\java\kr\pe\sinnori\impl\message] creation task end
06:35:43.684 [main] INFO  k.p.s.c.buildsystem.ProjectBuilder - main project[sample_test]'s message server codec file[Echo][D:\gitsinnori\sinnori\project\sample_test\client_build\app_build\src\main\java\kr\pe\sinnori\impl\message] creation task start
06:35:43.684 [main] INFO  k.p.s.c.buildsystem.ProjectBuilder - main project[sample_test]'s message server codec file[Echo][D:\gitsinnori\sinnori\project\sample_test\client_build\app_build\src\main\java\kr\pe\sinnori\impl\message] creation task end
06:35:43.684 [main] INFO  k.p.s.c.buildsystem.ProjectBuilder - main project[sample_test]'s message client codec file[Echo][D:\gitsinnori\sinnori\project\sample_test\client_build\app_build\src\main\java\kr\pe\sinnori\impl\message] creation task start
06:35:43.684 [main] INFO  k.p.s.c.buildsystem.ProjectBuilder - main project[sample_test]'s message client codec file[Echo][D:\gitsinnori\sinnori\project\sample_test\client_build\app_build\src\main\java\kr\pe\sinnori\impl\message] creation task end
06:35:43.684 [main] INFO  k.p.s.common.util.CommonStaticUtil - the new child relative direcotry[D:\gitsinnori\sinnori\project\sample_test\client_build\app_build\src\main\java\kr\pe\sinnori\impl\message][PublicKeyReq] was created successfully
06:35:43.684 [main] INFO  k.p.s.c.buildsystem.ProjectBuilder - main project[sample_test]'s message file[PublicKeyReq][D:\gitsinnori\sinnori\project\sample_test\client_build\app_build\src\main\java\kr\pe\sinnori\impl\message] creation task start
06:35:43.699 [main] INFO  k.p.s.c.buildsystem.ProjectBuilder - main project[sample_test]'s message file[PublicKeyReq][D:\gitsinnori\sinnori\project\sample_test\client_build\app_build\src\main\java\kr\pe\sinnori\impl\message] creation task end
06:35:43.699 [main] INFO  k.p.s.c.buildsystem.ProjectBuilder - main project[sample_test]'s message decoder file[PublicKeyReq][D:\gitsinnori\sinnori\project\sample_test\client_build\app_build\src\main\java\kr\pe\sinnori\impl\message] creation task start
06:35:43.699 [main] INFO  k.p.s.c.buildsystem.ProjectBuilder - main project[sample_test]'s message decoder file[PublicKeyReq][D:\gitsinnori\sinnori\project\sample_test\client_build\app_build\src\main\java\kr\pe\sinnori\impl\message] creation task end
06:35:43.777 [main] INFO  k.p.s.c.buildsystem.ProjectBuilder - main project[sample_test]'s message encoder file[PublicKeyReq][D:\gitsinnori\sinnori\project\sample_test\client_build\app_build\src\main\java\kr\pe\sinnori\impl\message] creation task start
06:35:43.777 [main] INFO  k.p.s.c.buildsystem.ProjectBuilder - main project[sample_test]'s message encoder file[PublicKeyReq][D:\gitsinnori\sinnori\project\sample_test\client_build\app_build\src\main\java\kr\pe\sinnori\impl\message] creation task end
06:35:43.777 [main] INFO  k.p.s.c.buildsystem.ProjectBuilder - main project[sample_test]'s message server codec file[PublicKeyReq][D:\gitsinnori\sinnori\project\sample_test\client_build\app_build\src\main\java\kr\pe\sinnori\impl\message] creation task start
06:35:43.777 [main] INFO  k.p.s.c.buildsystem.ProjectBuilder - main project[sample_test]'s message server codec file[PublicKeyReq][D:\gitsinnori\sinnori\project\sample_test\client_build\app_build\src\main\java\kr\pe\sinnori\impl\message] creation task end
06:35:43.777 [main] INFO  k.p.s.c.buildsystem.ProjectBuilder - main project[sample_test]'s message client codec file[PublicKeyReq][D:\gitsinnori\sinnori\project\sample_test\client_build\app_build\src\main\java\kr\pe\sinnori\impl\message] creation task start
06:35:43.793 [main] INFO  k.p.s.c.buildsystem.ProjectBuilder - main project[sample_test]'s message client codec file[PublicKeyReq][D:\gitsinnori\sinnori\project\sample_test\client_build\app_build\src\main\java\kr\pe\sinnori\impl\message] creation task end
06:35:43.793 [main] INFO  k.p.s.common.util.CommonStaticUtil - the new child relative direcotry[D:\gitsinnori\sinnori\project\sample_test\client_build\app_build\src\main\java\kr\pe\sinnori\impl\message][PublicKeyRes] was created successfully
06:35:43.793 [main] INFO  k.p.s.c.buildsystem.ProjectBuilder - main project[sample_test]'s message file[PublicKeyRes][D:\gitsinnori\sinnori\project\sample_test\client_build\app_build\src\main\java\kr\pe\sinnori\impl\message] creation task start
06:35:43.793 [main] INFO  k.p.s.c.buildsystem.ProjectBuilder - main project[sample_test]'s message file[PublicKeyRes][D:\gitsinnori\sinnori\project\sample_test\client_build\app_build\src\main\java\kr\pe\sinnori\impl\message] creation task end
06:35:43.793 [main] INFO  k.p.s.c.buildsystem.ProjectBuilder - main project[sample_test]'s message decoder file[PublicKeyRes][D:\gitsinnori\sinnori\project\sample_test\client_build\app_build\src\main\java\kr\pe\sinnori\impl\message] creation task start
06:35:43.809 [main] INFO  k.p.s.c.buildsystem.ProjectBuilder - main project[sample_test]'s message decoder file[PublicKeyRes][D:\gitsinnori\sinnori\project\sample_test\client_build\app_build\src\main\java\kr\pe\sinnori\impl\message] creation task end
06:35:43.809 [main] INFO  k.p.s.c.buildsystem.ProjectBuilder - main project[sample_test]'s message encoder file[PublicKeyRes][D:\gitsinnori\sinnori\project\sample_test\client_build\app_build\src\main\java\kr\pe\sinnori\impl\message] creation task start
06:35:43.809 [main] INFO  k.p.s.c.buildsystem.ProjectBuilder - main project[sample_test]'s message encoder file[PublicKeyRes][D:\gitsinnori\sinnori\project\sample_test\client_build\app_build\src\main\java\kr\pe\sinnori\impl\message] creation task end
06:35:43.809 [main] INFO  k.p.s.c.buildsystem.ProjectBuilder - main project[sample_test]'s message server codec file[PublicKeyRes][D:\gitsinnori\sinnori\project\sample_test\client_build\app_build\src\main\java\kr\pe\sinnori\impl\message] creation task start
06:35:43.809 [main] INFO  k.p.s.c.buildsystem.ProjectBuilder - main project[sample_test]'s message server codec file[PublicKeyRes][D:\gitsinnori\sinnori\project\sample_test\client_build\app_build\src\main\java\kr\pe\sinnori\impl\message] creation task end
06:35:43.809 [main] INFO  k.p.s.c.buildsystem.ProjectBuilder - main project[sample_test]'s message client codec file[PublicKeyRes][D:\gitsinnori\sinnori\project\sample_test\client_build\app_build\src\main\java\kr\pe\sinnori\impl\message] creation task start
06:35:43.824 [main] INFO  k.p.s.c.buildsystem.ProjectBuilder - main project[sample_test]'s message client codec file[PublicKeyRes][D:\gitsinnori\sinnori\project\sample_test\client_build\app_build\src\main\java\kr\pe\sinnori\impl\message] creation task end
06:35:43.824 [main] INFO  k.p.s.c.buildsystem.ProjectBuilder - main project[sample_test]'s application client message io file set creation task end
06:35:43.824 [main] INFO  k.p.s.c.buildsystem.ProjectBuilder - mainproject[sample_test]'s application client build system files creation task end
06:35:43.824 [main] INFO  k.p.s.c.buildsystem.ProjectBuilder - main project[sample_test]'s web client build path deletion task start
06:35:43.840 [main] INFO  k.p.s.c.buildsystem.ProjectBuilder - main project[sample_test]'s web client build path deletion task end
06:35:43.840 [main] INFO  k.p.s.c.buildsystem.ProjectBuilder - main project[sample_test]'s web root path deletion task start
06:35:43.840 [main] INFO  k.p.s.c.buildsystem.ProjectBuilder - main project[sample_test]'s web root path deletion task end
06:35:43.840 [main] INFO  k.p.s.c.buildsystem.ProjectBuilder - main project[sample_test]'s config file overwrite task start
06:35:43.840 [main] INFO  k.p.s.c.buildsystem.ProjectBuilder - main project[sample_test]'s config file overwrite task end
06:35:43.840 [main] INFO  k.p.s.c.buildsystem.ProjectBuilder - main project[sample_test] changeProjectState method end
06:35:43.840 [main] INFO  k.p.s.c.buildsystem.ProjectBuilder - the server ant build.xml file[D:\gitsinnori\sinnori\project\sample_test\server_build\build.xml] is bad :: whetherExist[false] isFile[false]
06:35:43.840 [main] INFO  k.p.s.c.buildsystem.ProjectBuilder - the web client ant build.xml file[D:\gitsinnori\sinnori\project\sample_test\client_build\web_build\build.xml] is bad :: whetherExist[false] isFile[false]
06:35:43.840 [main] INFO  k.p.s.c.buildsystem.ProjectBuilder - the web.xml file[D:\gitsinnori\sinnori\project\sample_test\web_app_base\ROOT\WEB-INF\web.xml] located at web root directory is bad :: whetherExist[false] isFile[false]
06:35:43.840 [main] INFO  k.p.s.c.buildsystem.ProjectBuilder - main project[sample_test] changeProjectState method start
06:35:43.840 [main] INFO  k.p.s.c.buildsystem.ProjectBuilder - the server ant build.xml file[D:\gitsinnori\sinnori\project\sample_test\server_build\build.xml] is bad :: whetherExist[false] isFile[false]
06:35:43.840 [main] WARN  k.p.s.c.buildsystem.ProjectBuilder - the server buid.xml file[D:\gitsinnori\sinnori\project\sample_test\server_build\build.xml] is bad beacse it doesn't exist or is not a file, so skip deletion of server build system
06:35:43.840 [main] WARN  k.p.s.c.buildsystem.ProjectBuilder - the app client build path[D:\gitsinnori\sinnori\project\sample_test\client_build\app_build] exist, so skip creation of app client build system
06:35:43.840 [main] INFO  k.p.s.c.buildsystem.ProjectBuilder - main project[sample_test]'s web build child direcotry creation task start
06:35:43.840 [main] INFO  k.p.s.common.util.CommonStaticUtil - the new child relative direcotry[D:\gitsinnori\sinnori\project\sample_test][client_build/web_build/corelib/ex] was created successfully
06:35:43.840 [main] INFO  k.p.s.common.util.CommonStaticUtil - the new child relative direcotry[D:\gitsinnori\sinnori\project\sample_test][client_build/web_build/corelib/in] was created successfully
06:35:43.840 [main] INFO  k.p.s.common.util.CommonStaticUtil - the new child relative direcotry[D:\gitsinnori\sinnori\project\sample_test][client_build/web_build/lib/main/ex] was created successfully
06:35:43.840 [main] INFO  k.p.s.common.util.CommonStaticUtil - the new child relative direcotry[D:\gitsinnori\sinnori\project\sample_test][client_build/web_build/lib/main/in] was created successfully
06:35:43.840 [main] INFO  k.p.s.common.util.CommonStaticUtil - the new child relative direcotry[D:\gitsinnori\sinnori\project\sample_test][client_build/web_build/lib/test] was created successfully
06:35:43.855 [main] INFO  k.p.s.common.util.CommonStaticUtil - the new child relative direcotry[D:\gitsinnori\sinnori\project\sample_test][client_build/web_build/src/main/java/kr/pe/sinnori/impl/message] was created successfully
06:35:43.855 [main] INFO  k.p.s.common.util.CommonStaticUtil - the new child relative direcotry[D:\gitsinnori\sinnori\project\sample_test][client_build/web_build/src/main/java//kr/pe/sinnori/servlet] was created successfully
06:35:43.855 [main] INFO  k.p.s.common.util.CommonStaticUtil - the new child relative direcotry[D:\gitsinnori\sinnori\project\sample_test][client_build/web_build/src/main/java/kr/pe/sinnori/weblib/common] was created successfully
06:35:43.855 [main] INFO  k.p.s.common.util.CommonStaticUtil - the new child relative direcotry[D:\gitsinnori\sinnori\project\sample_test][client_build/web_build/src/main/java/kr/pe/sinnori/weblib/htmlstring] was created successfully
06:35:43.934 [main] INFO  k.p.s.common.util.CommonStaticUtil - the new child relative direcotry[D:\gitsinnori\sinnori\project\sample_test][client_build/web_build/src/main/java/kr/pe/sinnori/weblib/jdf] was created successfully
06:35:43.934 [main] INFO  k.p.s.common.util.CommonStaticUtil - the new child relative direcotry[D:\gitsinnori\sinnori\project\sample_test][client_build/web_build/src/test/java] was created successfully
06:35:43.934 [main] INFO  k.p.s.common.util.CommonStaticUtil - the new child relative direcotry[D:\gitsinnori\sinnori\project\sample_test][client_build/web_build/build] was created successfully
06:35:43.934 [main] INFO  k.p.s.common.util.CommonStaticUtil - the new child relative direcotry[D:\gitsinnori\sinnori\project\sample_test][client_build/web_build/dist] was created successfully
06:35:43.934 [main] INFO  k.p.s.c.buildsystem.ProjectBuilder - main project[sample_test]'s web build child direcotry creation task end
06:35:43.934 [main] INFO  k.p.s.c.buildsystem.ProjectBuilder - main project[sample_test]'s web client build system files creation task start
06:35:43.934 [main] INFO  k.p.s.c.buildsystem.ProjectBuilder - main project[sample_test]'s web client ant build.xml file creation task start
06:35:43.934 [main] INFO  k.p.s.c.buildsystem.ProjectBuilder - main project[sample_test]'s web client ant build.xml file creation task end
06:35:43.934 [main] INFO  k.p.s.c.buildsystem.ProjectBuilder - main project[sample_test]'s web client ant properties file creation task start
06:35:43.934 [main] INFO  k.p.s.c.util.SequencedPropertiesUtil - the sequenced properties file[D:\gitsinnori\sinnori\project\sample_test\client_build\web_build\webAnt.properties] was created
06:35:43.934 [main] INFO  k.p.s.c.buildsystem.ProjectBuilder - main project[sample_test]'s web client ant properties file creation task end
06:35:43.934 [main] INFO  k.p.s.c.buildsystem.ProjectBuilder - main project[sample_test]'s web client message io file set creation task start
06:35:43.934 [main] INFO  k.p.s.common.util.CommonStaticUtil - the new child relative direcotry[D:\gitsinnori\sinnori\project\sample_test\client_build\web_build\src\main\java\kr\pe\sinnori\impl\message][Echo] was created successfully
06:35:43.934 [main] INFO  k.p.s.c.buildsystem.ProjectBuilder - main project[sample_test]'s message file[Echo][D:\gitsinnori\sinnori\project\sample_test\client_build\web_build\src\main\java\kr\pe\sinnori\impl\message] creation task start
06:35:43.949 [main] INFO  k.p.s.c.buildsystem.ProjectBuilder - main project[sample_test]'s message file[Echo][D:\gitsinnori\sinnori\project\sample_test\client_build\web_build\src\main\java\kr\pe\sinnori\impl\message] creation task end
06:35:43.949 [main] INFO  k.p.s.c.buildsystem.ProjectBuilder - main project[sample_test]'s message decoder file[Echo][D:\gitsinnori\sinnori\project\sample_test\client_build\web_build\src\main\java\kr\pe\sinnori\impl\message] creation task start
06:35:43.965 [main] INFO  k.p.s.c.buildsystem.ProjectBuilder - main project[sample_test]'s message decoder file[Echo][D:\gitsinnori\sinnori\project\sample_test\client_build\web_build\src\main\java\kr\pe\sinnori\impl\message] creation task end
06:35:43.965 [main] INFO  k.p.s.c.buildsystem.ProjectBuilder - main project[sample_test]'s message encoder file[Echo][D:\gitsinnori\sinnori\project\sample_test\client_build\web_build\src\main\java\kr\pe\sinnori\impl\message] creation task start
06:35:43.965 [main] INFO  k.p.s.c.buildsystem.ProjectBuilder - main project[sample_test]'s message encoder file[Echo][D:\gitsinnori\sinnori\project\sample_test\client_build\web_build\src\main\java\kr\pe\sinnori\impl\message] creation task end
06:35:43.965 [main] INFO  k.p.s.c.buildsystem.ProjectBuilder - main project[sample_test]'s message server codec file[Echo][D:\gitsinnori\sinnori\project\sample_test\client_build\web_build\src\main\java\kr\pe\sinnori\impl\message] creation task start
06:35:43.965 [main] INFO  k.p.s.c.buildsystem.ProjectBuilder - main project[sample_test]'s message server codec file[Echo][D:\gitsinnori\sinnori\project\sample_test\client_build\web_build\src\main\java\kr\pe\sinnori\impl\message] creation task end
06:35:43.965 [main] INFO  k.p.s.c.buildsystem.ProjectBuilder - main project[sample_test]'s message client codec file[Echo][D:\gitsinnori\sinnori\project\sample_test\client_build\web_build\src\main\java\kr\pe\sinnori\impl\message] creation task start
06:35:43.965 [main] INFO  k.p.s.c.buildsystem.ProjectBuilder - main project[sample_test]'s message client codec file[Echo][D:\gitsinnori\sinnori\project\sample_test\client_build\web_build\src\main\java\kr\pe\sinnori\impl\message] creation task end
06:35:43.965 [main] INFO  k.p.s.common.util.CommonStaticUtil - the new child relative direcotry[D:\gitsinnori\sinnori\project\sample_test\client_build\web_build\src\main\java\kr\pe\sinnori\impl\message][PublicKeyReq] was created successfully
06:35:43.965 [main] INFO  k.p.s.c.buildsystem.ProjectBuilder - main project[sample_test]'s message file[PublicKeyReq][D:\gitsinnori\sinnori\project\sample_test\client_build\web_build\src\main\java\kr\pe\sinnori\impl\message] creation task start
06:35:43.980 [main] INFO  k.p.s.c.buildsystem.ProjectBuilder - main project[sample_test]'s message file[PublicKeyReq][D:\gitsinnori\sinnori\project\sample_test\client_build\web_build\src\main\java\kr\pe\sinnori\impl\message] creation task end
06:35:43.980 [main] INFO  k.p.s.c.buildsystem.ProjectBuilder - main project[sample_test]'s message decoder file[PublicKeyReq][D:\gitsinnori\sinnori\project\sample_test\client_build\web_build\src\main\java\kr\pe\sinnori\impl\message] creation task start
06:35:43.980 [main] INFO  k.p.s.c.buildsystem.ProjectBuilder - main project[sample_test]'s message decoder file[PublicKeyReq][D:\gitsinnori\sinnori\project\sample_test\client_build\web_build\src\main\java\kr\pe\sinnori\impl\message] creation task end
06:35:43.980 [main] INFO  k.p.s.c.buildsystem.ProjectBuilder - main project[sample_test]'s message encoder file[PublicKeyReq][D:\gitsinnori\sinnori\project\sample_test\client_build\web_build\src\main\java\kr\pe\sinnori\impl\message] creation task start
06:35:43.980 [main] INFO  k.p.s.c.buildsystem.ProjectBuilder - main project[sample_test]'s message encoder file[PublicKeyReq][D:\gitsinnori\sinnori\project\sample_test\client_build\web_build\src\main\java\kr\pe\sinnori\impl\message] creation task end
06:35:43.980 [main] INFO  k.p.s.c.buildsystem.ProjectBuilder - main project[sample_test]'s message server codec file[PublicKeyReq][D:\gitsinnori\sinnori\project\sample_test\client_build\web_build\src\main\java\kr\pe\sinnori\impl\message] creation task start
06:35:43.980 [main] INFO  k.p.s.c.buildsystem.ProjectBuilder - main project[sample_test]'s message server codec file[PublicKeyReq][D:\gitsinnori\sinnori\project\sample_test\client_build\web_build\src\main\java\kr\pe\sinnori\impl\message] creation task end
06:35:43.980 [main] INFO  k.p.s.c.buildsystem.ProjectBuilder - main project[sample_test]'s message client codec file[PublicKeyReq][D:\gitsinnori\sinnori\project\sample_test\client_build\web_build\src\main\java\kr\pe\sinnori\impl\message] creation task start
06:35:43.980 [main] INFO  k.p.s.c.buildsystem.ProjectBuilder - main project[sample_test]'s message client codec file[PublicKeyReq][D:\gitsinnori\sinnori\project\sample_test\client_build\web_build\src\main\java\kr\pe\sinnori\impl\message] creation task end
06:35:43.980 [main] INFO  k.p.s.common.util.CommonStaticUtil - the new child relative direcotry[D:\gitsinnori\sinnori\project\sample_test\client_build\web_build\src\main\java\kr\pe\sinnori\impl\message][PublicKeyRes] was created successfully
06:35:43.980 [main] INFO  k.p.s.c.buildsystem.ProjectBuilder - main project[sample_test]'s message file[PublicKeyRes][D:\gitsinnori\sinnori\project\sample_test\client_build\web_build\src\main\java\kr\pe\sinnori\impl\message] creation task start
06:35:43.996 [main] INFO  k.p.s.c.buildsystem.ProjectBuilder - main project[sample_test]'s message file[PublicKeyRes][D:\gitsinnori\sinnori\project\sample_test\client_build\web_build\src\main\java\kr\pe\sinnori\impl\message] creation task end
06:35:43.996 [main] INFO  k.p.s.c.buildsystem.ProjectBuilder - main project[sample_test]'s message decoder file[PublicKeyRes][D:\gitsinnori\sinnori\project\sample_test\client_build\web_build\src\main\java\kr\pe\sinnori\impl\message] creation task start
06:35:43.996 [main] INFO  k.p.s.c.buildsystem.ProjectBuilder - main project[sample_test]'s message decoder file[PublicKeyRes][D:\gitsinnori\sinnori\project\sample_test\client_build\web_build\src\main\java\kr\pe\sinnori\impl\message] creation task end
06:35:43.996 [main] INFO  k.p.s.c.buildsystem.ProjectBuilder - main project[sample_test]'s message encoder file[PublicKeyRes][D:\gitsinnori\sinnori\project\sample_test\client_build\web_build\src\main\java\kr\pe\sinnori\impl\message] creation task start
06:35:43.996 [main] INFO  k.p.s.c.buildsystem.ProjectBuilder - main project[sample_test]'s message encoder file[PublicKeyRes][D:\gitsinnori\sinnori\project\sample_test\client_build\web_build\src\main\java\kr\pe\sinnori\impl\message] creation task end
06:35:43.996 [main] INFO  k.p.s.c.buildsystem.ProjectBuilder - main project[sample_test]'s message server codec file[PublicKeyRes][D:\gitsinnori\sinnori\project\sample_test\client_build\web_build\src\main\java\kr\pe\sinnori\impl\message] creation task start
06:35:44.074 [main] INFO  k.p.s.c.buildsystem.ProjectBuilder - main project[sample_test]'s message server codec file[PublicKeyRes][D:\gitsinnori\sinnori\project\sample_test\client_build\web_build\src\main\java\kr\pe\sinnori\impl\message] creation task end
06:35:44.074 [main] INFO  k.p.s.c.buildsystem.ProjectBuilder - main project[sample_test]'s message client codec file[PublicKeyRes][D:\gitsinnori\sinnori\project\sample_test\client_build\web_build\src\main\java\kr\pe\sinnori\impl\message] creation task start
06:35:44.074 [main] INFO  k.p.s.c.buildsystem.ProjectBuilder - main project[sample_test]'s message client codec file[PublicKeyRes][D:\gitsinnori\sinnori\project\sample_test\client_build\web_build\src\main\java\kr\pe\sinnori\impl\message] creation task end
06:35:44.074 [main] INFO  k.p.s.c.buildsystem.ProjectBuilder - main project[sample_test]'s web client message io file set creation task end
06:35:44.074 [main] INFO  k.p.s.c.buildsystem.ProjectBuilder - mainproject[sample_test]'s web client sample source files copy task start
06:35:44.152 [main] INFO  k.p.s.c.buildsystem.ProjectBuilder - mainproject[sample_test]'s web client sample source files copy task end
06:35:44.152 [main] INFO  k.p.s.c.buildsystem.ProjectBuilder - main project[sample_test]'s web client build system files creation task end
06:35:44.152 [main] INFO  k.p.s.c.buildsystem.ProjectBuilder - main project[sample_test]'s web root child direcotry creation task start
06:35:44.152 [main] INFO  k.p.s.common.util.CommonStaticUtil - the child relative direcotry[D:\gitsinnori\sinnori\project\sample_test][web_app_base/upload] exist, so nothing
06:35:44.152 [main] INFO  k.p.s.common.util.CommonStaticUtil - the new child relative direcotry[D:\gitsinnori\sinnori\project\sample_test][web_app_base/ROOT/WEB-INF/classes] was created successfully
06:35:44.152 [main] INFO  k.p.s.common.util.CommonStaticUtil - the new child relative direcotry[D:\gitsinnori\sinnori\project\sample_test][web_app_base/ROOT/WEB-INF/lib] was created successfully
06:35:44.152 [main] INFO  k.p.s.c.buildsystem.ProjectBuilder - main project[sample_test]'s web root child direcotry creation task end
06:35:44.152 [main] INFO  k.p.s.c.buildsystem.ProjectBuilder - main project[sample_test]'s web root sample files creation task start
06:35:44.152 [main] INFO  k.p.s.c.buildsystem.ProjectBuilder - main project[sample_test]'s web root sample files copy task start
06:35:44.168 [main] INFO  k.p.s.c.buildsystem.ProjectBuilder - main project[sample_test]'s web root sample files copy task end
06:35:44.168 [main] INFO  k.p.s.c.buildsystem.ProjectBuilder - main project[sample_test]'s web root sample files creation task end
06:35:44.168 [main] INFO  k.p.s.c.buildsystem.ProjectBuilder - main project[sample_test]'s config file overwrite task start
06:35:44.168 [main] INFO  k.p.s.c.buildsystem.ProjectBuilder - main project[sample_test]'s config file overwrite task end
06:35:44.168 [main] INFO  k.p.s.c.buildsystem.ProjectBuilder - main project[sample_test] changeProjectState method end
06:35:44.168 [main] INFO  k.p.s.c.buildsystem.ProjectBuilder - the server ant build.xml file[D:\gitsinnori\sinnori\project\sample_test\server_build\build.xml] is bad :: whetherExist[false] isFile[false]
06:35:44.168 [main] INFO  k.p.s.c.buildsystem.ProjectBuilder - main project[sample_test] changeProjectState method start
06:35:44.168 [main] INFO  k.p.s.c.buildsystem.ProjectBuilder - main project[sample_test]'s server child direcotry creation task start
06:35:44.168 [main] INFO  k.p.s.common.util.CommonStaticUtil - the new child relative direcotry[D:\gitsinnori\sinnori\project\sample_test][server_build/APP-INF/classes] was created successfully
06:35:44.168 [main] INFO  k.p.s.common.util.CommonStaticUtil - the new child relative direcotry[D:\gitsinnori\sinnori\project\sample_test][server_build/corelib/ex] was created successfully
06:35:44.168 [main] INFO  k.p.s.common.util.CommonStaticUtil - the new child relative direcotry[D:\gitsinnori\sinnori\project\sample_test][server_build/corelib/in] was created successfully
06:35:44.168 [main] INFO  k.p.s.common.util.CommonStaticUtil - the new child relative direcotry[D:\gitsinnori\sinnori\project\sample_test][server_build/lib/main/ex] was created successfully
06:35:44.168 [main] INFO  k.p.s.common.util.CommonStaticUtil - the new child relative direcotry[D:\gitsinnori\sinnori\project\sample_test][server_build/lib/main/in] was created successfully
06:35:44.168 [main] INFO  k.p.s.common.util.CommonStaticUtil - the new child relative direcotry[D:\gitsinnori\sinnori\project\sample_test][server_build/lib/test] was created successfully
06:35:44.168 [main] INFO  k.p.s.common.util.CommonStaticUtil - the new child relative direcotry[D:\gitsinnori\sinnori\project\sample_test][server_build/src/main/java/kr/pe/sinnori/impl/servertask] was created successfully
06:35:44.168 [main] INFO  k.p.s.common.util.CommonStaticUtil - the new child relative direcotry[D:\gitsinnori\sinnori\project\sample_test][server_build/src/main/java/kr/pe/sinnori/impl/message] was created successfully
06:35:44.168 [main] INFO  k.p.s.common.util.CommonStaticUtil - the new child relative direcotry[D:\gitsinnori\sinnori\project\sample_test][server_build/src/main/java/main] was created successfully
06:35:44.199 [main] INFO  k.p.s.common.util.CommonStaticUtil - the new child relative direcotry[D:\gitsinnori\sinnori\project\sample_test][server_build/src/test/java] was created successfully
06:35:44.199 [main] INFO  k.p.s.common.util.CommonStaticUtil - the new child relative direcotry[D:\gitsinnori\sinnori\project\sample_test][server_build/build] was created successfully
06:35:44.199 [main] INFO  k.p.s.common.util.CommonStaticUtil - the new child relative direcotry[D:\gitsinnori\sinnori\project\sample_test][server_build/dist] was created successfully
06:35:44.199 [main] INFO  k.p.s.c.buildsystem.ProjectBuilder - main project[sample_test]'s server child direcotry creation task end
06:35:44.199 [main] INFO  k.p.s.c.buildsystem.ProjectBuilder - server build system files creation task start
06:35:44.199 [main] INFO  k.p.s.c.buildsystem.ProjectBuilder - main project[sample_test]'s server ant build.xml file creation task start
06:35:44.199 [main] INFO  k.p.s.c.buildsystem.ProjectBuilder - main project[sample_test]'s server ant build.xml file creation task end
06:35:44.199 [main] INFO  k.p.s.c.buildsystem.ProjectBuilder - main project[sample_test]'s server dos shell file creation task start
06:35:44.199 [main] INFO  k.p.s.c.buildsystem.ProjectBuilder - main project[sample_test]'s server dos shell file creation task end
06:35:44.199 [main] INFO  k.p.s.c.buildsystem.ProjectBuilder - main project[sample_test]'s server unix shell file creation task start
06:35:44.199 [main] INFO  k.p.s.c.buildsystem.ProjectBuilder - main project[sample_test]'s server unix shell file creation task end
06:35:44.199 [main] INFO  k.p.s.c.buildsystem.ProjectBuilder - server sample source files copy task start
06:35:44.215 [main] INFO  k.p.s.c.buildsystem.ProjectBuilder - server sample source files copy task end
06:35:44.215 [main] INFO  k.p.s.c.buildsystem.ProjectBuilder - main project[sample_test]'s server message io file set creation task start
06:35:44.215 [main] INFO  k.p.s.common.util.CommonStaticUtil - the new child relative direcotry[D:\gitsinnori\sinnori\project\sample_test\server_build\src\main\java\kr\pe\sinnori\impl\message][Echo] was created successfully
06:35:44.215 [main] INFO  k.p.s.c.buildsystem.ProjectBuilder - main project[sample_test]'s message file[Echo][D:\gitsinnori\sinnori\project\sample_test\server_build\src\main\java\kr\pe\sinnori\impl\message] creation task start
06:35:44.215 [main] INFO  k.p.s.c.buildsystem.ProjectBuilder - main project[sample_test]'s message file[Echo][D:\gitsinnori\sinnori\project\sample_test\server_build\src\main\java\kr\pe\sinnori\impl\message] creation task end
06:35:44.215 [main] INFO  k.p.s.c.buildsystem.ProjectBuilder - main project[sample_test]'s message decoder file[Echo][D:\gitsinnori\sinnori\project\sample_test\server_build\src\main\java\kr\pe\sinnori\impl\message] creation task start
06:35:44.215 [main] INFO  k.p.s.c.buildsystem.ProjectBuilder - main project[sample_test]'s message decoder file[Echo][D:\gitsinnori\sinnori\project\sample_test\server_build\src\main\java\kr\pe\sinnori\impl\message] creation task end
06:35:44.215 [main] INFO  k.p.s.c.buildsystem.ProjectBuilder - main project[sample_test]'s message encoder file[Echo][D:\gitsinnori\sinnori\project\sample_test\server_build\src\main\java\kr\pe\sinnori\impl\message] creation task start
06:35:44.215 [main] INFO  k.p.s.c.buildsystem.ProjectBuilder - main project[sample_test]'s message encoder file[Echo][D:\gitsinnori\sinnori\project\sample_test\server_build\src\main\java\kr\pe\sinnori\impl\message] creation task end
06:35:44.215 [main] INFO  k.p.s.c.buildsystem.ProjectBuilder - main project[sample_test]'s message server codec file[Echo][D:\gitsinnori\sinnori\project\sample_test\server_build\src\main\java\kr\pe\sinnori\impl\message] creation task start
06:35:44.215 [main] INFO  k.p.s.c.buildsystem.ProjectBuilder - main project[sample_test]'s message server codec file[Echo][D:\gitsinnori\sinnori\project\sample_test\server_build\src\main\java\kr\pe\sinnori\impl\message] creation task end
06:35:44.215 [main] INFO  k.p.s.c.buildsystem.ProjectBuilder - main project[sample_test]'s message client codec file[Echo][D:\gitsinnori\sinnori\project\sample_test\server_build\src\main\java\kr\pe\sinnori\impl\message] creation task start
06:35:44.215 [main] INFO  k.p.s.c.buildsystem.ProjectBuilder - main project[sample_test]'s message client codec file[Echo][D:\gitsinnori\sinnori\project\sample_test\server_build\src\main\java\kr\pe\sinnori\impl\message] creation task end
06:35:44.215 [main] INFO  k.p.s.common.util.CommonStaticUtil - the new child relative direcotry[D:\gitsinnori\sinnori\project\sample_test\server_build\src\main\java\kr\pe\sinnori\impl\message][PublicKeyReq] was created successfully
06:35:44.215 [main] INFO  k.p.s.c.buildsystem.ProjectBuilder - main project[sample_test]'s message file[PublicKeyReq][D:\gitsinnori\sinnori\project\sample_test\server_build\src\main\java\kr\pe\sinnori\impl\message] creation task start
06:35:44.230 [main] INFO  k.p.s.c.buildsystem.ProjectBuilder - main project[sample_test]'s message file[PublicKeyReq][D:\gitsinnori\sinnori\project\sample_test\server_build\src\main\java\kr\pe\sinnori\impl\message] creation task end
06:35:44.230 [main] INFO  k.p.s.c.buildsystem.ProjectBuilder - main project[sample_test]'s message decoder file[PublicKeyReq][D:\gitsinnori\sinnori\project\sample_test\server_build\src\main\java\kr\pe\sinnori\impl\message] creation task start
06:35:44.230 [main] INFO  k.p.s.c.buildsystem.ProjectBuilder - main project[sample_test]'s message decoder file[PublicKeyReq][D:\gitsinnori\sinnori\project\sample_test\server_build\src\main\java\kr\pe\sinnori\impl\message] creation task end
06:35:44.230 [main] INFO  k.p.s.c.buildsystem.ProjectBuilder - main project[sample_test]'s message encoder file[PublicKeyReq][D:\gitsinnori\sinnori\project\sample_test\server_build\src\main\java\kr\pe\sinnori\impl\message] creation task start
06:35:44.309 [main] INFO  k.p.s.c.buildsystem.ProjectBuilder - main project[sample_test]'s message encoder file[PublicKeyReq][D:\gitsinnori\sinnori\project\sample_test\server_build\src\main\java\kr\pe\sinnori\impl\message] creation task end
06:35:44.309 [main] INFO  k.p.s.c.buildsystem.ProjectBuilder - main project[sample_test]'s message server codec file[PublicKeyReq][D:\gitsinnori\sinnori\project\sample_test\server_build\src\main\java\kr\pe\sinnori\impl\message] creation task start
06:35:44.309 [main] INFO  k.p.s.c.buildsystem.ProjectBuilder - main project[sample_test]'s message server codec file[PublicKeyReq][D:\gitsinnori\sinnori\project\sample_test\server_build\src\main\java\kr\pe\sinnori\impl\message] creation task end
06:35:44.309 [main] INFO  k.p.s.c.buildsystem.ProjectBuilder - main project[sample_test]'s message client codec file[PublicKeyReq][D:\gitsinnori\sinnori\project\sample_test\server_build\src\main\java\kr\pe\sinnori\impl\message] creation task start
06:35:44.324 [main] INFO  k.p.s.c.buildsystem.ProjectBuilder - main project[sample_test]'s message client codec file[PublicKeyReq][D:\gitsinnori\sinnori\project\sample_test\server_build\src\main\java\kr\pe\sinnori\impl\message] creation task end
06:35:44.324 [main] INFO  k.p.s.common.util.CommonStaticUtil - the new child relative direcotry[D:\gitsinnori\sinnori\project\sample_test\server_build\src\main\java\kr\pe\sinnori\impl\message][PublicKeyRes] was created successfully
06:35:44.324 [main] INFO  k.p.s.c.buildsystem.ProjectBuilder - main project[sample_test]'s message file[PublicKeyRes][D:\gitsinnori\sinnori\project\sample_test\server_build\src\main\java\kr\pe\sinnori\impl\message] creation task start
06:35:44.340 [main] INFO  k.p.s.c.buildsystem.ProjectBuilder - main project[sample_test]'s message file[PublicKeyRes][D:\gitsinnori\sinnori\project\sample_test\server_build\src\main\java\kr\pe\sinnori\impl\message] creation task end
06:35:44.340 [main] INFO  k.p.s.c.buildsystem.ProjectBuilder - main project[sample_test]'s message decoder file[PublicKeyRes][D:\gitsinnori\sinnori\project\sample_test\server_build\src\main\java\kr\pe\sinnori\impl\message] creation task start
06:35:44.340 [main] INFO  k.p.s.c.buildsystem.ProjectBuilder - main project[sample_test]'s message decoder file[PublicKeyRes][D:\gitsinnori\sinnori\project\sample_test\server_build\src\main\java\kr\pe\sinnori\impl\message] creation task end
06:35:44.340 [main] INFO  k.p.s.c.buildsystem.ProjectBuilder - main project[sample_test]'s message encoder file[PublicKeyRes][D:\gitsinnori\sinnori\project\sample_test\server_build\src\main\java\kr\pe\sinnori\impl\message] creation task start
06:35:44.355 [main] INFO  k.p.s.c.buildsystem.ProjectBuilder - main project[sample_test]'s message encoder file[PublicKeyRes][D:\gitsinnori\sinnori\project\sample_test\server_build\src\main\java\kr\pe\sinnori\impl\message] creation task end
06:35:44.355 [main] INFO  k.p.s.c.buildsystem.ProjectBuilder - main project[sample_test]'s message server codec file[PublicKeyRes][D:\gitsinnori\sinnori\project\sample_test\server_build\src\main\java\kr\pe\sinnori\impl\message] creation task start
06:35:44.355 [main] INFO  k.p.s.c.buildsystem.ProjectBuilder - main project[sample_test]'s message server codec file[PublicKeyRes][D:\gitsinnori\sinnori\project\sample_test\server_build\src\main\java\kr\pe\sinnori\impl\message] creation task end
06:35:44.355 [main] INFO  k.p.s.c.buildsystem.ProjectBuilder - main project[sample_test]'s message client codec file[PublicKeyRes][D:\gitsinnori\sinnori\project\sample_test\server_build\src\main\java\kr\pe\sinnori\impl\message] creation task start
06:35:44.355 [main] INFO  k.p.s.c.buildsystem.ProjectBuilder - main project[sample_test]'s message client codec file[PublicKeyRes][D:\gitsinnori\sinnori\project\sample_test\server_build\src\main\java\kr\pe\sinnori\impl\message] creation task end
06:35:44.355 [main] INFO  k.p.s.c.buildsystem.ProjectBuilder - main project[sample_test]'s server message io file set creation task end
06:35:44.355 [main] INFO  k.p.s.c.buildsystem.ProjectBuilder - server build system files creation task end
06:35:44.355 [main] INFO  k.p.s.c.buildsystem.ProjectBuilder - mainproject[sample_test]'s application client build path deletion task start
06:35:44.371 [main] INFO  k.p.s.c.buildsystem.ProjectBuilder - mainproject[sample_test]'s application client build path deletion task end
06:35:44.371 [main] INFO  k.p.s.c.buildsystem.ProjectBuilder - main project[sample_test]'s web client build path deletion task start
06:35:44.387 [main] INFO  k.p.s.c.buildsystem.ProjectBuilder - main project[sample_test]'s web client build path deletion task end
06:35:44.387 [main] INFO  k.p.s.c.buildsystem.ProjectBuilder - main project[sample_test]'s web root path deletion task start
06:35:44.387 [main] INFO  k.p.s.c.buildsystem.ProjectBuilder - main project[sample_test]'s web root path deletion task end
06:35:44.387 [main] INFO  k.p.s.c.buildsystem.ProjectBuilder - main project[sample_test]'s config file overwrite task start
06:35:44.387 [main] INFO  k.p.s.c.buildsystem.ProjectBuilder - main project[sample_test]'s config file overwrite task end
06:35:44.387 [main] INFO  k.p.s.c.buildsystem.ProjectBuilder - main project[sample_test] changeProjectState method end
06:35:44.387 [main] INFO  k.p.s.c.buildsystem.ProjectBuilder - the app client ant build.xml file[D:\gitsinnori\sinnori\project\sample_test\client_build\app_build\build.xml] is bad :: whetherExist[false] isFile[false]
06:35:44.387 [main] INFO  k.p.s.c.buildsystem.ProjectBuilder - the web client ant build.xml file[D:\gitsinnori\sinnori\project\sample_test\client_build\web_build\build.xml] is bad :: whetherExist[false] isFile[false]
06:35:44.387 [main] INFO  k.p.s.c.buildsystem.ProjectBuilder - the web.xml file[D:\gitsinnori\sinnori\project\sample_test\web_app_base\ROOT\WEB-INF\web.xml] located at web root directory is bad :: whetherExist[false] isFile[false]
06:35:44.387 [main] INFO  k.p.s.c.buildsystem.ProjectBuilder - main project[sample_test] changeProjectState method start
06:35:44.387 [main] WARN  k.p.s.c.buildsystem.ProjectBuilder - the server build path[D:\gitsinnori\sinnori\project\sample_test\server_build] exist, so skip creation of server build system
06:35:44.387 [main] INFO  k.p.s.c.buildsystem.ProjectBuilder - the app client ant build.xml file[D:\gitsinnori\sinnori\project\sample_test\client_build\app_build\build.xml] is bad :: whetherExist[false] isFile[false]
06:35:44.387 [main] WARN  k.p.s.c.buildsystem.ProjectBuilder - the app client buid.xml file[D:\gitsinnori\sinnori\project\sample_test\client_build\app_build\build.xml] is bad beacse it doesn't exist or is not a file, so skip deletion of app client build system
06:35:44.387 [main] INFO  k.p.s.c.buildsystem.ProjectBuilder - main project[sample_test]'s web build child direcotry creation task start
06:35:44.466 [main] INFO  k.p.s.common.util.CommonStaticUtil - the new child relative direcotry[D:\gitsinnori\sinnori\project\sample_test][client_build/web_build/corelib/ex] was created successfully
06:35:44.466 [main] INFO  k.p.s.common.util.CommonStaticUtil - the new child relative direcotry[D:\gitsinnori\sinnori\project\sample_test][client_build/web_build/corelib/in] was created successfully
06:35:44.466 [main] INFO  k.p.s.common.util.CommonStaticUtil - the new child relative direcotry[D:\gitsinnori\sinnori\project\sample_test][client_build/web_build/lib/main/ex] was created successfully
06:35:44.466 [main] INFO  k.p.s.common.util.CommonStaticUtil - the new child relative direcotry[D:\gitsinnori\sinnori\project\sample_test][client_build/web_build/lib/main/in] was created successfully
06:35:44.466 [main] INFO  k.p.s.common.util.CommonStaticUtil - the new child relative direcotry[D:\gitsinnori\sinnori\project\sample_test][client_build/web_build/lib/test] was created successfully
06:35:44.466 [main] INFO  k.p.s.common.util.CommonStaticUtil - the new child relative direcotry[D:\gitsinnori\sinnori\project\sample_test][client_build/web_build/src/main/java/kr/pe/sinnori/impl/message] was created successfully
06:35:44.466 [main] INFO  k.p.s.common.util.CommonStaticUtil - the new child relative direcotry[D:\gitsinnori\sinnori\project\sample_test][client_build/web_build/src/main/java//kr/pe/sinnori/servlet] was created successfully
06:35:44.466 [main] INFO  k.p.s.common.util.CommonStaticUtil - the new child relative direcotry[D:\gitsinnori\sinnori\project\sample_test][client_build/web_build/src/main/java/kr/pe/sinnori/weblib/common] was created successfully
06:35:44.466 [main] INFO  k.p.s.common.util.CommonStaticUtil - the new child relative direcotry[D:\gitsinnori\sinnori\project\sample_test][client_build/web_build/src/main/java/kr/pe/sinnori/weblib/htmlstring] was created successfully
06:35:44.466 [main] INFO  k.p.s.common.util.CommonStaticUtil - the new child relative direcotry[D:\gitsinnori\sinnori\project\sample_test][client_build/web_build/src/main/java/kr/pe/sinnori/weblib/jdf] was created successfully
06:35:44.466 [main] INFO  k.p.s.common.util.CommonStaticUtil - the new child relative direcotry[D:\gitsinnori\sinnori\project\sample_test][client_build/web_build/src/test/java] was created successfully
06:35:44.466 [main] INFO  k.p.s.common.util.CommonStaticUtil - the new child relative direcotry[D:\gitsinnori\sinnori\project\sample_test][client_build/web_build/build] was created successfully
06:35:44.466 [main] INFO  k.p.s.common.util.CommonStaticUtil - the new child relative direcotry[D:\gitsinnori\sinnori\project\sample_test][client_build/web_build/dist] was created successfully
06:35:44.466 [main] INFO  k.p.s.c.buildsystem.ProjectBuilder - main project[sample_test]'s web build child direcotry creation task end
06:35:44.466 [main] INFO  k.p.s.c.buildsystem.ProjectBuilder - main project[sample_test]'s web client build system files creation task start
06:35:44.466 [main] INFO  k.p.s.c.buildsystem.ProjectBuilder - main project[sample_test]'s web client ant build.xml file creation task start
06:35:44.466 [main] INFO  k.p.s.c.buildsystem.ProjectBuilder - main project[sample_test]'s web client ant build.xml file creation task end
06:35:44.466 [main] INFO  k.p.s.c.buildsystem.ProjectBuilder - main project[sample_test]'s web client ant properties file creation task start
06:35:44.466 [main] INFO  k.p.s.c.util.SequencedPropertiesUtil - the sequenced properties file[D:\gitsinnori\sinnori\project\sample_test\client_build\web_build\webAnt.properties] was created
06:35:44.482 [main] INFO  k.p.s.c.buildsystem.ProjectBuilder - main project[sample_test]'s web client ant properties file creation task end
06:35:44.482 [main] INFO  k.p.s.c.buildsystem.ProjectBuilder - main project[sample_test]'s web client message io file set creation task start
06:35:44.482 [main] INFO  k.p.s.common.util.CommonStaticUtil - the new child relative direcotry[D:\gitsinnori\sinnori\project\sample_test\client_build\web_build\src\main\java\kr\pe\sinnori\impl\message][Echo] was created successfully
06:35:44.482 [main] INFO  k.p.s.c.buildsystem.ProjectBuilder - main project[sample_test]'s message file[Echo][D:\gitsinnori\sinnori\project\sample_test\client_build\web_build\src\main\java\kr\pe\sinnori\impl\message] creation task start
06:35:44.482 [main] INFO  k.p.s.c.buildsystem.ProjectBuilder - main project[sample_test]'s message file[Echo][D:\gitsinnori\sinnori\project\sample_test\client_build\web_build\src\main\java\kr\pe\sinnori\impl\message] creation task end
06:35:44.482 [main] INFO  k.p.s.c.buildsystem.ProjectBuilder - main project[sample_test]'s message decoder file[Echo][D:\gitsinnori\sinnori\project\sample_test\client_build\web_build\src\main\java\kr\pe\sinnori\impl\message] creation task start
06:35:44.482 [main] INFO  k.p.s.c.buildsystem.ProjectBuilder - main project[sample_test]'s message decoder file[Echo][D:\gitsinnori\sinnori\project\sample_test\client_build\web_build\src\main\java\kr\pe\sinnori\impl\message] creation task end
06:35:44.482 [main] INFO  k.p.s.c.buildsystem.ProjectBuilder - main project[sample_test]'s message encoder file[Echo][D:\gitsinnori\sinnori\project\sample_test\client_build\web_build\src\main\java\kr\pe\sinnori\impl\message] creation task start
06:35:44.497 [main] INFO  k.p.s.c.buildsystem.ProjectBuilder - main project[sample_test]'s message encoder file[Echo][D:\gitsinnori\sinnori\project\sample_test\client_build\web_build\src\main\java\kr\pe\sinnori\impl\message] creation task end
06:35:44.497 [main] INFO  k.p.s.c.buildsystem.ProjectBuilder - main project[sample_test]'s message server codec file[Echo][D:\gitsinnori\sinnori\project\sample_test\client_build\web_build\src\main\java\kr\pe\sinnori\impl\message] creation task start
06:35:44.497 [main] INFO  k.p.s.c.buildsystem.ProjectBuilder - main project[sample_test]'s message server codec file[Echo][D:\gitsinnori\sinnori\project\sample_test\client_build\web_build\src\main\java\kr\pe\sinnori\impl\message] creation task end
06:35:44.497 [main] INFO  k.p.s.c.buildsystem.ProjectBuilder - main project[sample_test]'s message client codec file[Echo][D:\gitsinnori\sinnori\project\sample_test\client_build\web_build\src\main\java\kr\pe\sinnori\impl\message] creation task start
06:35:44.497 [main] INFO  k.p.s.c.buildsystem.ProjectBuilder - main project[sample_test]'s message client codec file[Echo][D:\gitsinnori\sinnori\project\sample_test\client_build\web_build\src\main\java\kr\pe\sinnori\impl\message] creation task end
06:35:44.497 [main] INFO  k.p.s.common.util.CommonStaticUtil - the new child relative direcotry[D:\gitsinnori\sinnori\project\sample_test\client_build\web_build\src\main\java\kr\pe\sinnori\impl\message][PublicKeyReq] was created successfully
06:35:44.497 [main] INFO  k.p.s.c.buildsystem.ProjectBuilder - main project[sample_test]'s message file[PublicKeyReq][D:\gitsinnori\sinnori\project\sample_test\client_build\web_build\src\main\java\kr\pe\sinnori\impl\message] creation task start
06:35:44.497 [main] INFO  k.p.s.c.buildsystem.ProjectBuilder - main project[sample_test]'s message file[PublicKeyReq][D:\gitsinnori\sinnori\project\sample_test\client_build\web_build\src\main\java\kr\pe\sinnori\impl\message] creation task end
06:35:44.575 [main] INFO  k.p.s.c.buildsystem.ProjectBuilder - main project[sample_test]'s message decoder file[PublicKeyReq][D:\gitsinnori\sinnori\project\sample_test\client_build\web_build\src\main\java\kr\pe\sinnori\impl\message] creation task start
06:35:44.575 [main] INFO  k.p.s.c.buildsystem.ProjectBuilder - main project[sample_test]'s message decoder file[PublicKeyReq][D:\gitsinnori\sinnori\project\sample_test\client_build\web_build\src\main\java\kr\pe\sinnori\impl\message] creation task end
06:35:44.575 [main] INFO  k.p.s.c.buildsystem.ProjectBuilder - main project[sample_test]'s message encoder file[PublicKeyReq][D:\gitsinnori\sinnori\project\sample_test\client_build\web_build\src\main\java\kr\pe\sinnori\impl\message] creation task start
06:35:44.591 [main] INFO  k.p.s.c.buildsystem.ProjectBuilder - main project[sample_test]'s message encoder file[PublicKeyReq][D:\gitsinnori\sinnori\project\sample_test\client_build\web_build\src\main\java\kr\pe\sinnori\impl\message] creation task end
06:35:44.591 [main] INFO  k.p.s.c.buildsystem.ProjectBuilder - main project[sample_test]'s message server codec file[PublicKeyReq][D:\gitsinnori\sinnori\project\sample_test\client_build\web_build\src\main\java\kr\pe\sinnori\impl\message] creation task start
06:35:44.591 [main] INFO  k.p.s.c.buildsystem.ProjectBuilder - main project[sample_test]'s message server codec file[PublicKeyReq][D:\gitsinnori\sinnori\project\sample_test\client_build\web_build\src\main\java\kr\pe\sinnori\impl\message] creation task end
06:35:44.591 [main] INFO  k.p.s.c.buildsystem.ProjectBuilder - main project[sample_test]'s message client codec file[PublicKeyReq][D:\gitsinnori\sinnori\project\sample_test\client_build\web_build\src\main\java\kr\pe\sinnori\impl\message] creation task start
06:35:44.591 [main] INFO  k.p.s.c.buildsystem.ProjectBuilder - main project[sample_test]'s message client codec file[PublicKeyReq][D:\gitsinnori\sinnori\project\sample_test\client_build\web_build\src\main\java\kr\pe\sinnori\impl\message] creation task end
06:35:44.607 [main] INFO  k.p.s.common.util.CommonStaticUtil - the new child relative direcotry[D:\gitsinnori\sinnori\project\sample_test\client_build\web_build\src\main\java\kr\pe\sinnori\impl\message][PublicKeyRes] was created successfully
06:35:44.607 [main] INFO  k.p.s.c.buildsystem.ProjectBuilder - main project[sample_test]'s message file[PublicKeyRes][D:\gitsinnori\sinnori\project\sample_test\client_build\web_build\src\main\java\kr\pe\sinnori\impl\message] creation task start
06:35:44.607 [main] INFO  k.p.s.c.buildsystem.ProjectBuilder - main project[sample_test]'s message file[PublicKeyRes][D:\gitsinnori\sinnori\project\sample_test\client_build\web_build\src\main\java\kr\pe\sinnori\impl\message] creation task end
06:35:44.607 [main] INFO  k.p.s.c.buildsystem.ProjectBuilder - main project[sample_test]'s message decoder file[PublicKeyRes][D:\gitsinnori\sinnori\project\sample_test\client_build\web_build\src\main\java\kr\pe\sinnori\impl\message] creation task start
06:35:44.622 [main] INFO  k.p.s.c.buildsystem.ProjectBuilder - main project[sample_test]'s message decoder file[PublicKeyRes][D:\gitsinnori\sinnori\project\sample_test\client_build\web_build\src\main\java\kr\pe\sinnori\impl\message] creation task end
06:35:44.622 [main] INFO  k.p.s.c.buildsystem.ProjectBuilder - main project[sample_test]'s message encoder file[PublicKeyRes][D:\gitsinnori\sinnori\project\sample_test\client_build\web_build\src\main\java\kr\pe\sinnori\impl\message] creation task start
06:35:44.622 [main] INFO  k.p.s.c.buildsystem.ProjectBuilder - main project[sample_test]'s message encoder file[PublicKeyRes][D:\gitsinnori\sinnori\project\sample_test\client_build\web_build\src\main\java\kr\pe\sinnori\impl\message] creation task end
06:35:44.622 [main] INFO  k.p.s.c.buildsystem.ProjectBuilder - main project[sample_test]'s message server codec file[PublicKeyRes][D:\gitsinnori\sinnori\project\sample_test\client_build\web_build\src\main\java\kr\pe\sinnori\impl\message] creation task start
06:35:44.622 [main] INFO  k.p.s.c.buildsystem.ProjectBuilder - main project[sample_test]'s message server codec file[PublicKeyRes][D:\gitsinnori\sinnori\project\sample_test\client_build\web_build\src\main\java\kr\pe\sinnori\impl\message] creation task end
06:35:44.622 [main] INFO  k.p.s.c.buildsystem.ProjectBuilder - main project[sample_test]'s message client codec file[PublicKeyRes][D:\gitsinnori\sinnori\project\sample_test\client_build\web_build\src\main\java\kr\pe\sinnori\impl\message] creation task start
06:35:44.622 [main] INFO  k.p.s.c.buildsystem.ProjectBuilder - main project[sample_test]'s message client codec file[PublicKeyRes][D:\gitsinnori\sinnori\project\sample_test\client_build\web_build\src\main\java\kr\pe\sinnori\impl\message] creation task end
06:35:44.622 [main] INFO  k.p.s.c.buildsystem.ProjectBuilder - main project[sample_test]'s web client message io file set creation task end
06:35:44.622 [main] INFO  k.p.s.c.buildsystem.ProjectBuilder - mainproject[sample_test]'s web client sample source files copy task start
06:35:44.685 [main] INFO  k.p.s.c.buildsystem.ProjectBuilder - mainproject[sample_test]'s web client sample source files copy task end
06:35:44.685 [main] INFO  k.p.s.c.buildsystem.ProjectBuilder - main project[sample_test]'s web client build system files creation task end
06:35:44.685 [main] INFO  k.p.s.c.buildsystem.ProjectBuilder - main project[sample_test]'s web root child direcotry creation task start
06:35:44.685 [main] INFO  k.p.s.common.util.CommonStaticUtil - the child relative direcotry[D:\gitsinnori\sinnori\project\sample_test][web_app_base/upload] exist, so nothing
06:35:44.685 [main] INFO  k.p.s.common.util.CommonStaticUtil - the new child relative direcotry[D:\gitsinnori\sinnori\project\sample_test][web_app_base/ROOT/WEB-INF/classes] was created successfully
06:35:44.685 [main] INFO  k.p.s.common.util.CommonStaticUtil - the new child relative direcotry[D:\gitsinnori\sinnori\project\sample_test][web_app_base/ROOT/WEB-INF/lib] was created successfully
06:35:44.685 [main] INFO  k.p.s.c.buildsystem.ProjectBuilder - main project[sample_test]'s web root child direcotry creation task end
06:35:44.685 [main] INFO  k.p.s.c.buildsystem.ProjectBuilder - main project[sample_test]'s web root sample files creation task start
06:35:44.685 [main] INFO  k.p.s.c.buildsystem.ProjectBuilder - main project[sample_test]'s web root sample files copy task start
06:35:44.700 [main] INFO  k.p.s.c.buildsystem.ProjectBuilder - main project[sample_test]'s web root sample files copy task end
06:35:44.700 [main] INFO  k.p.s.c.buildsystem.ProjectBuilder - main project[sample_test]'s web root sample files creation task end
06:35:44.700 [main] INFO  k.p.s.c.buildsystem.ProjectBuilder - main project[sample_test]'s config file overwrite task start
06:35:44.700 [main] INFO  k.p.s.c.buildsystem.ProjectBuilder - main project[sample_test]'s config file overwrite task end
06:35:44.700 [main] INFO  k.p.s.c.buildsystem.ProjectBuilder - main project[sample_test] changeProjectState method end
06:35:44.700 [main] INFO  k.p.s.c.buildsystem.ProjectBuilder - the app client ant build.xml file[D:\gitsinnori\sinnori\project\sample_test\client_build\app_build\build.xml] is bad :: whetherExist[false] isFile[false]
06:35:44.700 [main] INFO  k.p.s.c.buildsystem.ProjectBuilder - main project[sample_test] changeProjectState method start
06:35:44.700 [main] WARN  k.p.s.c.buildsystem.ProjectBuilder - the server build path[D:\gitsinnori\sinnori\project\sample_test\server_build] exist, so skip creation of server build system
06:35:44.700 [main] INFO  k.p.s.c.buildsystem.ProjectBuilder - main project[sample_test]'s application build child direcotry creation task start
06:35:44.732 [main] INFO  k.p.s.common.util.CommonStaticUtil - the new child relative direcotry[D:\gitsinnori\sinnori\project\sample_test][client_build/app_build/corelib/ex] was created successfully
06:35:44.732 [main] INFO  k.p.s.common.util.CommonStaticUtil - the new child relative direcotry[D:\gitsinnori\sinnori\project\sample_test][client_build/app_build/corelib/in] was created successfully
06:35:44.732 [main] INFO  k.p.s.common.util.CommonStaticUtil - the new child relative direcotry[D:\gitsinnori\sinnori\project\sample_test][client_build/app_build/lib/main/ex] was created successfully
06:35:44.732 [main] INFO  k.p.s.common.util.CommonStaticUtil - the new child relative direcotry[D:\gitsinnori\sinnori\project\sample_test][client_build/app_build/lib/main/in] was created successfully
06:35:44.732 [main] INFO  k.p.s.common.util.CommonStaticUtil - the new child relative direcotry[D:\gitsinnori\sinnori\project\sample_test][client_build/app_build/lib/test] was created successfully
06:35:44.732 [main] INFO  k.p.s.common.util.CommonStaticUtil - the new child relative direcotry[D:\gitsinnori\sinnori\project\sample_test][client_build/app_build/src/main/java/kr/pe/sinnori/impl/message] was created successfully
06:35:44.732 [main] INFO  k.p.s.common.util.CommonStaticUtil - the new child relative direcotry[D:\gitsinnori\sinnori\project\sample_test][client_build/app_build/src/main/java/main] was created successfully
06:35:44.732 [main] INFO  k.p.s.common.util.CommonStaticUtil - the new child relative direcotry[D:\gitsinnori\sinnori\project\sample_test][client_build/app_build/src/test/java] was created successfully
06:35:44.732 [main] INFO  k.p.s.common.util.CommonStaticUtil - the new child relative direcotry[D:\gitsinnori\sinnori\project\sample_test][client_build/app_build/build] was created successfully
06:35:44.732 [main] INFO  k.p.s.common.util.CommonStaticUtil - the new child relative direcotry[D:\gitsinnori\sinnori\project\sample_test][client_build/app_build/dist] was created successfully
06:35:44.732 [main] INFO  k.p.s.c.buildsystem.ProjectBuilder - main project[sample_test]'s application build child direcotry creation task end
06:35:44.732 [main] INFO  k.p.s.c.buildsystem.ProjectBuilder - mainproject[sample_test]'s application client build system files creation task start
06:35:44.732 [main] INFO  k.p.s.c.buildsystem.ProjectBuilder - main project[sample_test]'s application client ant build.xml file creation task start
06:35:44.747 [main] INFO  k.p.s.c.buildsystem.ProjectBuilder - main project[sample_test]'s application client ant build.xml file creation task end
06:35:44.747 [main] INFO  k.p.s.c.buildsystem.ProjectBuilder - main project[sample_test]'s application client dos shell file creation task start
06:35:44.747 [main] INFO  k.p.s.c.buildsystem.ProjectBuilder - main project[sample_test]'s application client dos shell file creation task end
06:35:44.747 [main] INFO  k.p.s.c.buildsystem.ProjectBuilder - main project[sample_test]'s application client unix shell file creation task start
06:35:44.747 [main] INFO  k.p.s.c.buildsystem.ProjectBuilder - main project[sample_test]'s application client unix shell file creation task end
06:35:44.747 [main] INFO  k.p.s.c.buildsystem.ProjectBuilder - application client sample source files copy task start
06:35:44.763 [main] INFO  k.p.s.c.buildsystem.ProjectBuilder - application client sample source files copy task end
06:35:44.763 [main] INFO  k.p.s.c.buildsystem.ProjectBuilder - main project[sample_test]'s application client message io file set creation task start
06:35:44.763 [main] INFO  k.p.s.common.util.CommonStaticUtil - the new child relative direcotry[D:\gitsinnori\sinnori\project\sample_test\client_build\app_build\src\main\java\kr\pe\sinnori\impl\message][Echo] was created successfully
06:35:44.763 [main] INFO  k.p.s.c.buildsystem.ProjectBuilder - main project[sample_test]'s message file[Echo][D:\gitsinnori\sinnori\project\sample_test\client_build\app_build\src\main\java\kr\pe\sinnori\impl\message] creation task start
06:35:44.763 [main] INFO  k.p.s.c.buildsystem.ProjectBuilder - main project[sample_test]'s message file[Echo][D:\gitsinnori\sinnori\project\sample_test\client_build\app_build\src\main\java\kr\pe\sinnori\impl\message] creation task end
06:35:44.763 [main] INFO  k.p.s.c.buildsystem.ProjectBuilder - main project[sample_test]'s message decoder file[Echo][D:\gitsinnori\sinnori\project\sample_test\client_build\app_build\src\main\java\kr\pe\sinnori\impl\message] creation task start
06:35:44.763 [main] INFO  k.p.s.c.buildsystem.ProjectBuilder - main project[sample_test]'s message decoder file[Echo][D:\gitsinnori\sinnori\project\sample_test\client_build\app_build\src\main\java\kr\pe\sinnori\impl\message] creation task end
06:35:44.763 [main] INFO  k.p.s.c.buildsystem.ProjectBuilder - main project[sample_test]'s message encoder file[Echo][D:\gitsinnori\sinnori\project\sample_test\client_build\app_build\src\main\java\kr\pe\sinnori\impl\message] creation task start
06:35:44.779 [main] INFO  k.p.s.c.buildsystem.ProjectBuilder - main project[sample_test]'s message encoder file[Echo][D:\gitsinnori\sinnori\project\sample_test\client_build\app_build\src\main\java\kr\pe\sinnori\impl\message] creation task end
06:35:44.779 [main] INFO  k.p.s.c.buildsystem.ProjectBuilder - main project[sample_test]'s message server codec file[Echo][D:\gitsinnori\sinnori\project\sample_test\client_build\app_build\src\main\java\kr\pe\sinnori\impl\message] creation task start
06:35:44.779 [main] INFO  k.p.s.c.buildsystem.ProjectBuilder - main project[sample_test]'s message server codec file[Echo][D:\gitsinnori\sinnori\project\sample_test\client_build\app_build\src\main\java\kr\pe\sinnori\impl\message] creation task end
06:35:44.779 [main] INFO  k.p.s.c.buildsystem.ProjectBuilder - main project[sample_test]'s message client codec file[Echo][D:\gitsinnori\sinnori\project\sample_test\client_build\app_build\src\main\java\kr\pe\sinnori\impl\message] creation task start
06:35:44.779 [main] INFO  k.p.s.c.buildsystem.ProjectBuilder - main project[sample_test]'s message client codec file[Echo][D:\gitsinnori\sinnori\project\sample_test\client_build\app_build\src\main\java\kr\pe\sinnori\impl\message] creation task end
06:35:44.779 [main] INFO  k.p.s.common.util.CommonStaticUtil - the new child relative direcotry[D:\gitsinnori\sinnori\project\sample_test\client_build\app_build\src\main\java\kr\pe\sinnori\impl\message][PublicKeyReq] was created successfully
06:35:44.779 [main] INFO  k.p.s.c.buildsystem.ProjectBuilder - main project[sample_test]'s message file[PublicKeyReq][D:\gitsinnori\sinnori\project\sample_test\client_build\app_build\src\main\java\kr\pe\sinnori\impl\message] creation task start
06:35:44.779 [main] INFO  k.p.s.c.buildsystem.ProjectBuilder - main project[sample_test]'s message file[PublicKeyReq][D:\gitsinnori\sinnori\project\sample_test\client_build\app_build\src\main\java\kr\pe\sinnori\impl\message] creation task end
06:35:44.779 [main] INFO  k.p.s.c.buildsystem.ProjectBuilder - main project[sample_test]'s message decoder file[PublicKeyReq][D:\gitsinnori\sinnori\project\sample_test\client_build\app_build\src\main\java\kr\pe\sinnori\impl\message] creation task start
06:35:44.779 [main] INFO  k.p.s.c.buildsystem.ProjectBuilder - main project[sample_test]'s message decoder file[PublicKeyReq][D:\gitsinnori\sinnori\project\sample_test\client_build\app_build\src\main\java\kr\pe\sinnori\impl\message] creation task end
06:35:44.857 [main] INFO  k.p.s.c.buildsystem.ProjectBuilder - main project[sample_test]'s message encoder file[PublicKeyReq][D:\gitsinnori\sinnori\project\sample_test\client_build\app_build\src\main\java\kr\pe\sinnori\impl\message] creation task start
06:35:44.857 [main] INFO  k.p.s.c.buildsystem.ProjectBuilder - main project[sample_test]'s message encoder file[PublicKeyReq][D:\gitsinnori\sinnori\project\sample_test\client_build\app_build\src\main\java\kr\pe\sinnori\impl\message] creation task end
06:35:44.857 [main] INFO  k.p.s.c.buildsystem.ProjectBuilder - main project[sample_test]'s message server codec file[PublicKeyReq][D:\gitsinnori\sinnori\project\sample_test\client_build\app_build\src\main\java\kr\pe\sinnori\impl\message] creation task start
06:35:44.857 [main] INFO  k.p.s.c.buildsystem.ProjectBuilder - main project[sample_test]'s message server codec file[PublicKeyReq][D:\gitsinnori\sinnori\project\sample_test\client_build\app_build\src\main\java\kr\pe\sinnori\impl\message] creation task end
06:35:44.857 [main] INFO  k.p.s.c.buildsystem.ProjectBuilder - main project[sample_test]'s message client codec file[PublicKeyReq][D:\gitsinnori\sinnori\project\sample_test\client_build\app_build\src\main\java\kr\pe\sinnori\impl\message] creation task start
06:35:44.857 [main] INFO  k.p.s.c.buildsystem.ProjectBuilder - main project[sample_test]'s message client codec file[PublicKeyReq][D:\gitsinnori\sinnori\project\sample_test\client_build\app_build\src\main\java\kr\pe\sinnori\impl\message] creation task end
06:35:44.857 [main] INFO  k.p.s.common.util.CommonStaticUtil - the new child relative direcotry[D:\gitsinnori\sinnori\project\sample_test\client_build\app_build\src\main\java\kr\pe\sinnori\impl\message][PublicKeyRes] was created successfully
06:35:44.857 [main] INFO  k.p.s.c.buildsystem.ProjectBuilder - main project[sample_test]'s message file[PublicKeyRes][D:\gitsinnori\sinnori\project\sample_test\client_build\app_build\src\main\java\kr\pe\sinnori\impl\message] creation task start
06:35:44.872 [main] INFO  k.p.s.c.buildsystem.ProjectBuilder - main project[sample_test]'s message file[PublicKeyRes][D:\gitsinnori\sinnori\project\sample_test\client_build\app_build\src\main\java\kr\pe\sinnori\impl\message] creation task end
06:35:44.872 [main] INFO  k.p.s.c.buildsystem.ProjectBuilder - main project[sample_test]'s message decoder file[PublicKeyRes][D:\gitsinnori\sinnori\project\sample_test\client_build\app_build\src\main\java\kr\pe\sinnori\impl\message] creation task start
06:35:44.872 [main] INFO  k.p.s.c.buildsystem.ProjectBuilder - main project[sample_test]'s message decoder file[PublicKeyRes][D:\gitsinnori\sinnori\project\sample_test\client_build\app_build\src\main\java\kr\pe\sinnori\impl\message] creation task end
06:35:44.872 [main] INFO  k.p.s.c.buildsystem.ProjectBuilder - main project[sample_test]'s message encoder file[PublicKeyRes][D:\gitsinnori\sinnori\project\sample_test\client_build\app_build\src\main\java\kr\pe\sinnori\impl\message] creation task start
06:35:44.872 [main] INFO  k.p.s.c.buildsystem.ProjectBuilder - main project[sample_test]'s message encoder file[PublicKeyRes][D:\gitsinnori\sinnori\project\sample_test\client_build\app_build\src\main\java\kr\pe\sinnori\impl\message] creation task end
06:35:44.872 [main] INFO  k.p.s.c.buildsystem.ProjectBuilder - main project[sample_test]'s message server codec file[PublicKeyRes][D:\gitsinnori\sinnori\project\sample_test\client_build\app_build\src\main\java\kr\pe\sinnori\impl\message] creation task start
06:35:44.872 [main] INFO  k.p.s.c.buildsystem.ProjectBuilder - main project[sample_test]'s message server codec file[PublicKeyRes][D:\gitsinnori\sinnori\project\sample_test\client_build\app_build\src\main\java\kr\pe\sinnori\impl\message] creation task end
06:35:44.872 [main] INFO  k.p.s.c.buildsystem.ProjectBuilder - main project[sample_test]'s message client codec file[PublicKeyRes][D:\gitsinnori\sinnori\project\sample_test\client_build\app_build\src\main\java\kr\pe\sinnori\impl\message] creation task start
06:35:44.888 [main] INFO  k.p.s.c.buildsystem.ProjectBuilder - main project[sample_test]'s message client codec file[PublicKeyRes][D:\gitsinnori\sinnori\project\sample_test\client_build\app_build\src\main\java\kr\pe\sinnori\impl\message] creation task end
06:35:44.888 [main] INFO  k.p.s.c.buildsystem.ProjectBuilder - main project[sample_test]'s application client message io file set creation task end
06:35:44.888 [main] INFO  k.p.s.c.buildsystem.ProjectBuilder - mainproject[sample_test]'s application client build system files creation task end
06:35:44.888 [main] INFO  k.p.s.c.buildsystem.ProjectBuilder - main project[sample_test]'s web client build path deletion task start
06:35:44.904 [main] INFO  k.p.s.c.buildsystem.ProjectBuilder - main project[sample_test]'s web client build path deletion task end
06:35:44.904 [main] INFO  k.p.s.c.buildsystem.ProjectBuilder - main project[sample_test]'s web root path deletion task start
06:35:44.904 [main] INFO  k.p.s.c.buildsystem.ProjectBuilder - main project[sample_test]'s web root path deletion task end
06:35:44.904 [main] INFO  k.p.s.c.buildsystem.ProjectBuilder - main project[sample_test]'s config file overwrite task start
06:35:44.904 [main] INFO  k.p.s.c.buildsystem.ProjectBuilder - main project[sample_test]'s config file overwrite task end
06:35:44.904 [main] INFO  k.p.s.c.buildsystem.ProjectBuilder - main project[sample_test] changeProjectState method end
06:35:44.904 [main] INFO  k.p.s.c.buildsystem.ProjectBuilder - the web client ant build.xml file[D:\gitsinnori\sinnori\project\sample_test\client_build\web_build\build.xml] is bad :: whetherExist[false] isFile[false]
06:35:44.904 [main] INFO  k.p.s.c.buildsystem.ProjectBuilder - the web.xml file[D:\gitsinnori\sinnori\project\sample_test\web_app_base\ROOT\WEB-INF\web.xml] located at web root directory is bad :: whetherExist[false] isFile[false]
06:35:44.904 [main] INFO  k.p.s.c.buildsystem.ProjectBuilder - main project[sample_test] changeProjectState method start
06:35:44.904 [main] WARN  k.p.s.c.buildsystem.ProjectBuilder - the server build path[D:\gitsinnori\sinnori\project\sample_test\server_build] exist, so skip creation of server build system
06:35:44.904 [main] WARN  k.p.s.c.buildsystem.ProjectBuilder - the app client build path[D:\gitsinnori\sinnori\project\sample_test\client_build\app_build] exist, so skip creation of app client build system
06:35:44.904 [main] INFO  k.p.s.c.buildsystem.ProjectBuilder - main project[sample_test]'s web build child direcotry creation task start
06:35:44.904 [main] INFO  k.p.s.common.util.CommonStaticUtil - the new child relative direcotry[D:\gitsinnori\sinnori\project\sample_test][client_build/web_build/corelib/ex] was created successfully
06:35:44.904 [main] INFO  k.p.s.common.util.CommonStaticUtil - the new child relative direcotry[D:\gitsinnori\sinnori\project\sample_test][client_build/web_build/corelib/in] was created successfully
06:35:44.904 [main] INFO  k.p.s.common.util.CommonStaticUtil - the new child relative direcotry[D:\gitsinnori\sinnori\project\sample_test][client_build/web_build/lib/main/ex] was created successfully
06:35:44.982 [main] INFO  k.p.s.common.util.CommonStaticUtil - the new child relative direcotry[D:\gitsinnori\sinnori\project\sample_test][client_build/web_build/lib/main/in] was created successfully
06:35:44.982 [main] INFO  k.p.s.common.util.CommonStaticUtil - the new child relative direcotry[D:\gitsinnori\sinnori\project\sample_test][client_build/web_build/lib/test] was created successfully
06:35:44.982 [main] INFO  k.p.s.common.util.CommonStaticUtil - the new child relative direcotry[D:\gitsinnori\sinnori\project\sample_test][client_build/web_build/src/main/java/kr/pe/sinnori/impl/message] was created successfully
06:35:44.982 [main] INFO  k.p.s.common.util.CommonStaticUtil - the new child relative direcotry[D:\gitsinnori\sinnori\project\sample_test][client_build/web_build/src/main/java//kr/pe/sinnori/servlet] was created successfully
06:35:44.982 [main] INFO  k.p.s.common.util.CommonStaticUtil - the new child relative direcotry[D:\gitsinnori\sinnori\project\sample_test][client_build/web_build/src/main/java/kr/pe/sinnori/weblib/common] was created successfully
06:35:44.982 [main] INFO  k.p.s.common.util.CommonStaticUtil - the new child relative direcotry[D:\gitsinnori\sinnori\project\sample_test][client_build/web_build/src/main/java/kr/pe/sinnori/weblib/htmlstring] was created successfully
06:35:44.982 [main] INFO  k.p.s.common.util.CommonStaticUtil - the new child relative direcotry[D:\gitsinnori\sinnori\project\sample_test][client_build/web_build/src/main/java/kr/pe/sinnori/weblib/jdf] was created successfully
06:35:44.997 [main] INFO  k.p.s.common.util.CommonStaticUtil - the new child relative direcotry[D:\gitsinnori\sinnori\project\sample_test][client_build/web_build/src/test/java] was created successfully
06:35:44.997 [main] INFO  k.p.s.common.util.CommonStaticUtil - the new child relative direcotry[D:\gitsinnori\sinnori\project\sample_test][client_build/web_build/build] was created successfully
06:35:44.997 [main] INFO  k.p.s.common.util.CommonStaticUtil - the new child relative direcotry[D:\gitsinnori\sinnori\project\sample_test][client_build/web_build/dist] was created successfully
06:35:44.997 [main] INFO  k.p.s.c.buildsystem.ProjectBuilder - main project[sample_test]'s web build child direcotry creation task end
06:35:44.997 [main] INFO  k.p.s.c.buildsystem.ProjectBuilder - main project[sample_test]'s web client build system files creation task start
06:35:44.997 [main] INFO  k.p.s.c.buildsystem.ProjectBuilder - main project[sample_test]'s web client ant build.xml file creation task start
06:35:44.997 [main] INFO  k.p.s.c.buildsystem.ProjectBuilder - main project[sample_test]'s web client ant build.xml file creation task end
06:35:44.997 [main] INFO  k.p.s.c.buildsystem.ProjectBuilder - main project[sample_test]'s web client ant properties file creation task start
06:35:44.997 [main] INFO  k.p.s.c.util.SequencedPropertiesUtil - the sequenced properties file[D:\gitsinnori\sinnori\project\sample_test\client_build\web_build\webAnt.properties] was created
06:35:44.997 [main] INFO  k.p.s.c.buildsystem.ProjectBuilder - main project[sample_test]'s web client ant properties file creation task end
06:35:44.997 [main] INFO  k.p.s.c.buildsystem.ProjectBuilder - main project[sample_test]'s web client message io file set creation task start
06:35:44.997 [main] INFO  k.p.s.common.util.CommonStaticUtil - the new child relative direcotry[D:\gitsinnori\sinnori\project\sample_test\client_build\web_build\src\main\java\kr\pe\sinnori\impl\message][Echo] was created successfully
06:35:44.997 [main] INFO  k.p.s.c.buildsystem.ProjectBuilder - main project[sample_test]'s message file[Echo][D:\gitsinnori\sinnori\project\sample_test\client_build\web_build\src\main\java\kr\pe\sinnori\impl\message] creation task start
06:35:45.013 [main] INFO  k.p.s.c.buildsystem.ProjectBuilder - main project[sample_test]'s message file[Echo][D:\gitsinnori\sinnori\project\sample_test\client_build\web_build\src\main\java\kr\pe\sinnori\impl\message] creation task end
06:35:45.013 [main] INFO  k.p.s.c.buildsystem.ProjectBuilder - main project[sample_test]'s message decoder file[Echo][D:\gitsinnori\sinnori\project\sample_test\client_build\web_build\src\main\java\kr\pe\sinnori\impl\message] creation task start
06:35:45.013 [main] INFO  k.p.s.c.buildsystem.ProjectBuilder - main project[sample_test]'s message decoder file[Echo][D:\gitsinnori\sinnori\project\sample_test\client_build\web_build\src\main\java\kr\pe\sinnori\impl\message] creation task end
06:35:45.013 [main] INFO  k.p.s.c.buildsystem.ProjectBuilder - main project[sample_test]'s message encoder file[Echo][D:\gitsinnori\sinnori\project\sample_test\client_build\web_build\src\main\java\kr\pe\sinnori\impl\message] creation task start
06:35:45.029 [main] INFO  k.p.s.c.buildsystem.ProjectBuilder - main project[sample_test]'s message encoder file[Echo][D:\gitsinnori\sinnori\project\sample_test\client_build\web_build\src\main\java\kr\pe\sinnori\impl\message] creation task end
06:35:45.029 [main] INFO  k.p.s.c.buildsystem.ProjectBuilder - main project[sample_test]'s message server codec file[Echo][D:\gitsinnori\sinnori\project\sample_test\client_build\web_build\src\main\java\kr\pe\sinnori\impl\message] creation task start
06:35:45.029 [main] INFO  k.p.s.c.buildsystem.ProjectBuilder - main project[sample_test]'s message server codec file[Echo][D:\gitsinnori\sinnori\project\sample_test\client_build\web_build\src\main\java\kr\pe\sinnori\impl\message] creation task end
06:35:45.029 [main] INFO  k.p.s.c.buildsystem.ProjectBuilder - main project[sample_test]'s message client codec file[Echo][D:\gitsinnori\sinnori\project\sample_test\client_build\web_build\src\main\java\kr\pe\sinnori\impl\message] creation task start
06:35:45.029 [main] INFO  k.p.s.c.buildsystem.ProjectBuilder - main project[sample_test]'s message client codec file[Echo][D:\gitsinnori\sinnori\project\sample_test\client_build\web_build\src\main\java\kr\pe\sinnori\impl\message] creation task end
06:35:45.029 [main] INFO  k.p.s.common.util.CommonStaticUtil - the new child relative direcotry[D:\gitsinnori\sinnori\project\sample_test\client_build\web_build\src\main\java\kr\pe\sinnori\impl\message][PublicKeyReq] was created successfully
06:35:45.029 [main] INFO  k.p.s.c.buildsystem.ProjectBuilder - main project[sample_test]'s message file[PublicKeyReq][D:\gitsinnori\sinnori\project\sample_test\client_build\web_build\src\main\java\kr\pe\sinnori\impl\message] creation task start
06:35:45.029 [main] INFO  k.p.s.c.buildsystem.ProjectBuilder - main project[sample_test]'s message file[PublicKeyReq][D:\gitsinnori\sinnori\project\sample_test\client_build\web_build\src\main\java\kr\pe\sinnori\impl\message] creation task end
06:35:45.029 [main] INFO  k.p.s.c.buildsystem.ProjectBuilder - main project[sample_test]'s message decoder file[PublicKeyReq][D:\gitsinnori\sinnori\project\sample_test\client_build\web_build\src\main\java\kr\pe\sinnori\impl\message] creation task start
06:35:45.044 [main] INFO  k.p.s.c.buildsystem.ProjectBuilder - main project[sample_test]'s message decoder file[PublicKeyReq][D:\gitsinnori\sinnori\project\sample_test\client_build\web_build\src\main\java\kr\pe\sinnori\impl\message] creation task end
06:35:45.044 [main] INFO  k.p.s.c.buildsystem.ProjectBuilder - main project[sample_test]'s message encoder file[PublicKeyReq][D:\gitsinnori\sinnori\project\sample_test\client_build\web_build\src\main\java\kr\pe\sinnori\impl\message] creation task start
06:35:45.044 [main] INFO  k.p.s.c.buildsystem.ProjectBuilder - main project[sample_test]'s message encoder file[PublicKeyReq][D:\gitsinnori\sinnori\project\sample_test\client_build\web_build\src\main\java\kr\pe\sinnori\impl\message] creation task end
06:35:45.044 [main] INFO  k.p.s.c.buildsystem.ProjectBuilder - main project[sample_test]'s message server codec file[PublicKeyReq][D:\gitsinnori\sinnori\project\sample_test\client_build\web_build\src\main\java\kr\pe\sinnori\impl\message] creation task start
06:35:45.044 [main] INFO  k.p.s.c.buildsystem.ProjectBuilder - main project[sample_test]'s message server codec file[PublicKeyReq][D:\gitsinnori\sinnori\project\sample_test\client_build\web_build\src\main\java\kr\pe\sinnori\impl\message] creation task end
06:35:45.044 [main] INFO  k.p.s.c.buildsystem.ProjectBuilder - main project[sample_test]'s message client codec file[PublicKeyReq][D:\gitsinnori\sinnori\project\sample_test\client_build\web_build\src\main\java\kr\pe\sinnori\impl\message] creation task start
06:35:45.044 [main] INFO  k.p.s.c.buildsystem.ProjectBuilder - main project[sample_test]'s message client codec file[PublicKeyReq][D:\gitsinnori\sinnori\project\sample_test\client_build\web_build\src\main\java\kr\pe\sinnori\impl\message] creation task end
06:35:45.044 [main] INFO  k.p.s.common.util.CommonStaticUtil - the new child relative direcotry[D:\gitsinnori\sinnori\project\sample_test\client_build\web_build\src\main\java\kr\pe\sinnori\impl\message][PublicKeyRes] was created successfully
06:35:45.134 [main] INFO  k.p.s.c.buildsystem.ProjectBuilder - main project[sample_test]'s message file[PublicKeyRes][D:\gitsinnori\sinnori\project\sample_test\client_build\web_build\src\main\java\kr\pe\sinnori\impl\message] creation task start
06:35:45.134 [main] INFO  k.p.s.c.buildsystem.ProjectBuilder - main project[sample_test]'s message file[PublicKeyRes][D:\gitsinnori\sinnori\project\sample_test\client_build\web_build\src\main\java\kr\pe\sinnori\impl\message] creation task end
06:35:45.134 [main] INFO  k.p.s.c.buildsystem.ProjectBuilder - main project[sample_test]'s message decoder file[PublicKeyRes][D:\gitsinnori\sinnori\project\sample_test\client_build\web_build\src\main\java\kr\pe\sinnori\impl\message] creation task start
06:35:45.150 [main] INFO  k.p.s.c.buildsystem.ProjectBuilder - main project[sample_test]'s message decoder file[PublicKeyRes][D:\gitsinnori\sinnori\project\sample_test\client_build\web_build\src\main\java\kr\pe\sinnori\impl\message] creation task end
06:35:45.150 [main] INFO  k.p.s.c.buildsystem.ProjectBuilder - main project[sample_test]'s message encoder file[PublicKeyRes][D:\gitsinnori\sinnori\project\sample_test\client_build\web_build\src\main\java\kr\pe\sinnori\impl\message] creation task start
06:35:45.166 [main] INFO  k.p.s.c.buildsystem.ProjectBuilder - main project[sample_test]'s message encoder file[PublicKeyRes][D:\gitsinnori\sinnori\project\sample_test\client_build\web_build\src\main\java\kr\pe\sinnori\impl\message] creation task end
06:35:45.166 [main] INFO  k.p.s.c.buildsystem.ProjectBuilder - main project[sample_test]'s message server codec file[PublicKeyRes][D:\gitsinnori\sinnori\project\sample_test\client_build\web_build\src\main\java\kr\pe\sinnori\impl\message] creation task start
06:35:45.166 [main] INFO  k.p.s.c.buildsystem.ProjectBuilder - main project[sample_test]'s message server codec file[PublicKeyRes][D:\gitsinnori\sinnori\project\sample_test\client_build\web_build\src\main\java\kr\pe\sinnori\impl\message] creation task end
06:35:45.166 [main] INFO  k.p.s.c.buildsystem.ProjectBuilder - main project[sample_test]'s message client codec file[PublicKeyRes][D:\gitsinnori\sinnori\project\sample_test\client_build\web_build\src\main\java\kr\pe\sinnori\impl\message] creation task start
06:35:45.166 [main] INFO  k.p.s.c.buildsystem.ProjectBuilder - main project[sample_test]'s message client codec file[PublicKeyRes][D:\gitsinnori\sinnori\project\sample_test\client_build\web_build\src\main\java\kr\pe\sinnori\impl\message] creation task end
06:35:45.166 [main] INFO  k.p.s.c.buildsystem.ProjectBuilder - main project[sample_test]'s web client message io file set creation task end
06:35:45.166 [main] INFO  k.p.s.c.buildsystem.ProjectBuilder - mainproject[sample_test]'s web client sample source files copy task start
06:35:45.228 [main] INFO  k.p.s.c.buildsystem.ProjectBuilder - mainproject[sample_test]'s web client sample source files copy task end
06:35:45.228 [main] INFO  k.p.s.c.buildsystem.ProjectBuilder - main project[sample_test]'s web client build system files creation task end
06:35:45.228 [main] INFO  k.p.s.c.buildsystem.ProjectBuilder - main project[sample_test]'s web root child direcotry creation task start
06:35:45.228 [main] INFO  k.p.s.common.util.CommonStaticUtil - the child relative direcotry[D:\gitsinnori\sinnori\project\sample_test][web_app_base/upload] exist, so nothing
06:35:45.228 [main] INFO  k.p.s.common.util.CommonStaticUtil - the new child relative direcotry[D:\gitsinnori\sinnori\project\sample_test][web_app_base/ROOT/WEB-INF/classes] was created successfully
06:35:45.228 [main] INFO  k.p.s.common.util.CommonStaticUtil - the new child relative direcotry[D:\gitsinnori\sinnori\project\sample_test][web_app_base/ROOT/WEB-INF/lib] was created successfully
06:35:45.228 [main] INFO  k.p.s.c.buildsystem.ProjectBuilder - main project[sample_test]'s web root child direcotry creation task end
06:35:45.228 [main] INFO  k.p.s.c.buildsystem.ProjectBuilder - main project[sample_test]'s web root sample files creation task start
06:35:45.228 [main] INFO  k.p.s.c.buildsystem.ProjectBuilder - main project[sample_test]'s web root sample files copy task start
06:35:45.228 [main] INFO  k.p.s.c.buildsystem.ProjectBuilder - main project[sample_test]'s web root sample files copy task end
06:35:45.228 [main] INFO  k.p.s.c.buildsystem.ProjectBuilder - main project[sample_test]'s web root sample files creation task end
06:35:45.228 [main] INFO  k.p.s.c.buildsystem.ProjectBuilder - main project[sample_test]'s config file overwrite task start
06:35:45.228 [main] INFO  k.p.s.c.buildsystem.ProjectBuilder - main project[sample_test]'s config file overwrite task end
06:35:45.228 [main] INFO  k.p.s.c.buildsystem.ProjectBuilder - main project[sample_test] changeProjectState method end
06:35:45.291 [main] INFO  k.p.s.c.buildsystem.ProjectBuilder - main project[sample_test]'s child direcotry creation task start
06:35:45.291 [main] INFO  k.p.s.c.buildsystem.ProjectBuilder - main project[sample_test]'s common child direcotry creation task start
06:35:45.291 [main] INFO  k.p.s.common.util.CommonStaticUtil - the new child relative direcotry[D:\gitsinnori\sinnori\project\sample_test][config] was created successfully
06:35:45.291 [main] INFO  k.p.s.common.util.CommonStaticUtil - the new child relative direcotry[D:\gitsinnori\sinnori\project\sample_test][resources/dbcp] was created successfully
06:35:45.291 [main] INFO  k.p.s.common.util.CommonStaticUtil - the new child relative direcotry[D:\gitsinnori\sinnori\project\sample_test][resources/message_info] was created successfully
06:35:45.291 [main] INFO  k.p.s.common.util.CommonStaticUtil - the new child relative direcotry[D:\gitsinnori\sinnori\project\sample_test][resources/rsa_keypair] was created successfully
06:35:45.291 [main] INFO  k.p.s.common.util.CommonStaticUtil - the new child relative direcotry[D:\gitsinnori\sinnori\project\sample_test][log/apache] was created successfully
06:35:45.291 [main] INFO  k.p.s.common.util.CommonStaticUtil - the new child relative direcotry[D:\gitsinnori\sinnori\project\sample_test][log/client] was created successfully
06:35:45.291 [main] INFO  k.p.s.common.util.CommonStaticUtil - the new child relative direcotry[D:\gitsinnori\sinnori\project\sample_test][log/server] was created successfully
06:35:45.291 [main] INFO  k.p.s.common.util.CommonStaticUtil - the new child relative direcotry[D:\gitsinnori\sinnori\project\sample_test][log/servlet] was created successfully
06:35:45.291 [main] INFO  k.p.s.c.buildsystem.ProjectBuilder - main project[sample_test]'s common child direcotry creation task end
06:35:45.291 [main] INFO  k.p.s.c.buildsystem.ProjectBuilder - main project[sample_test]'s server child direcotry creation task start
06:35:45.291 [main] INFO  k.p.s.common.util.CommonStaticUtil - the new child relative direcotry[D:\gitsinnori\sinnori\project\sample_test][server_build/APP-INF/classes] was created successfully
06:35:45.291 [main] INFO  k.p.s.common.util.CommonStaticUtil - the new child relative direcotry[D:\gitsinnori\sinnori\project\sample_test][server_build/corelib/ex] was created successfully
06:35:45.291 [main] INFO  k.p.s.common.util.CommonStaticUtil - the new child relative direcotry[D:\gitsinnori\sinnori\project\sample_test][server_build/corelib/in] was created successfully
06:35:45.291 [main] INFO  k.p.s.common.util.CommonStaticUtil - the new child relative direcotry[D:\gitsinnori\sinnori\project\sample_test][server_build/lib/main/ex] was created successfully
06:35:45.291 [main] INFO  k.p.s.common.util.CommonStaticUtil - the new child relative direcotry[D:\gitsinnori\sinnori\project\sample_test][server_build/lib/main/in] was created successfully
06:35:45.291 [main] INFO  k.p.s.common.util.CommonStaticUtil - the new child relative direcotry[D:\gitsinnori\sinnori\project\sample_test][server_build/lib/test] was created successfully
06:35:45.291 [main] INFO  k.p.s.common.util.CommonStaticUtil - the new child relative direcotry[D:\gitsinnori\sinnori\project\sample_test][server_build/src/main/java/kr/pe/sinnori/impl/servertask] was created successfully
06:35:45.291 [main] INFO  k.p.s.common.util.CommonStaticUtil - the new child relative direcotry[D:\gitsinnori\sinnori\project\sample_test][server_build/src/main/java/kr/pe/sinnori/impl/message] was created successfully
06:35:45.291 [main] INFO  k.p.s.common.util.CommonStaticUtil - the new child relative direcotry[D:\gitsinnori\sinnori\project\sample_test][server_build/src/main/java/main] was created successfully
06:35:45.291 [main] INFO  k.p.s.common.util.CommonStaticUtil - the new child relative direcotry[D:\gitsinnori\sinnori\project\sample_test][server_build/src/test/java] was created successfully
06:35:45.291 [main] INFO  k.p.s.common.util.CommonStaticUtil - the new child relative direcotry[D:\gitsinnori\sinnori\project\sample_test][server_build/build] was created successfully
06:35:45.384 [main] INFO  k.p.s.common.util.CommonStaticUtil - the new child relative direcotry[D:\gitsinnori\sinnori\project\sample_test][server_build/dist] was created successfully
06:35:45.384 [main] INFO  k.p.s.c.buildsystem.ProjectBuilder - main project[sample_test]'s server child direcotry creation task end
06:35:45.384 [main] INFO  k.p.s.c.buildsystem.ProjectBuilder - main project[sample_test]'s web build child direcotry creation task start
06:35:45.384 [main] INFO  k.p.s.common.util.CommonStaticUtil - the new child relative direcotry[D:\gitsinnori\sinnori\project\sample_test][client_build/web_build/corelib/ex] was created successfully
06:35:45.384 [main] INFO  k.p.s.common.util.CommonStaticUtil - the new child relative direcotry[D:\gitsinnori\sinnori\project\sample_test][client_build/web_build/corelib/in] was created successfully
06:35:45.384 [main] INFO  k.p.s.common.util.CommonStaticUtil - the new child relative direcotry[D:\gitsinnori\sinnori\project\sample_test][client_build/web_build/lib/main/ex] was created successfully
06:35:45.384 [main] INFO  k.p.s.common.util.CommonStaticUtil - the new child relative direcotry[D:\gitsinnori\sinnori\project\sample_test][client_build/web_build/lib/main/in] was created successfully
06:35:45.384 [main] INFO  k.p.s.common.util.CommonStaticUtil - the new child relative direcotry[D:\gitsinnori\sinnori\project\sample_test][client_build/web_build/lib/test] was created successfully
06:35:45.384 [main] INFO  k.p.s.common.util.CommonStaticUtil - the new child relative direcotry[D:\gitsinnori\sinnori\project\sample_test][client_build/web_build/src/main/java/kr/pe/sinnori/impl/message] was created successfully
06:35:45.384 [main] INFO  k.p.s.common.util.CommonStaticUtil - the new child relative direcotry[D:\gitsinnori\sinnori\project\sample_test][client_build/web_build/src/main/java//kr/pe/sinnori/servlet] was created successfully
06:35:45.384 [main] INFO  k.p.s.common.util.CommonStaticUtil - the new child relative direcotry[D:\gitsinnori\sinnori\project\sample_test][client_build/web_build/src/main/java/kr/pe/sinnori/weblib/common] was created successfully
06:35:45.384 [main] INFO  k.p.s.common.util.CommonStaticUtil - the new child relative direcotry[D:\gitsinnori\sinnori\project\sample_test][client_build/web_build/src/main/java/kr/pe/sinnori/weblib/htmlstring] was created successfully
06:35:45.384 [main] INFO  k.p.s.common.util.CommonStaticUtil - the new child relative direcotry[D:\gitsinnori\sinnori\project\sample_test][client_build/web_build/src/main/java/kr/pe/sinnori/weblib/jdf] was created successfully
06:35:45.384 [main] INFO  k.p.s.common.util.CommonStaticUtil - the new child relative direcotry[D:\gitsinnori\sinnori\project\sample_test][client_build/web_build/src/test/java] was created successfully
06:35:45.384 [main] INFO  k.p.s.common.util.CommonStaticUtil - the new child relative direcotry[D:\gitsinnori\sinnori\project\sample_test][client_build/web_build/build] was created successfully
06:35:45.384 [main] INFO  k.p.s.common.util.CommonStaticUtil - the new child relative direcotry[D:\gitsinnori\sinnori\project\sample_test][client_build/web_build/dist] was created successfully
06:35:45.384 [main] INFO  k.p.s.c.buildsystem.ProjectBuilder - main project[sample_test]'s web build child direcotry creation task end
06:35:45.384 [main] INFO  k.p.s.c.buildsystem.ProjectBuilder - main project[sample_test]'s web root child direcotry creation task start
06:35:45.384 [main] INFO  k.p.s.common.util.CommonStaticUtil - the new child relative direcotry[D:\gitsinnori\sinnori\project\sample_test][web_app_base/upload] was created successfully
06:35:45.384 [main] INFO  k.p.s.common.util.CommonStaticUtil - the new child relative direcotry[D:\gitsinnori\sinnori\project\sample_test][web_app_base/ROOT/WEB-INF/classes] was created successfully
06:35:45.384 [main] INFO  k.p.s.common.util.CommonStaticUtil - the new child relative direcotry[D:\gitsinnori\sinnori\project\sample_test][web_app_base/ROOT/WEB-INF/lib] was created successfully
06:35:45.384 [main] INFO  k.p.s.c.buildsystem.ProjectBuilder - main project[sample_test]'s web root child direcotry creation task end
06:35:45.384 [main] INFO  k.p.s.c.buildsystem.ProjectBuilder - main project[sample_test]'s child direcotry creation task end
06:35:45.384 [main] INFO  k.p.s.c.buildsystem.ProjectBuilder - main project[sample_test]'s file creation task start
06:35:45.384 [main] INFO  k.p.s.c.buildsystem.ProjectBuilder - main project[sample_test]'s config file creation task start
06:35:45.384 [main] INFO  k.p.s.c.util.SequencedPropertiesUtil - the sequenced properties file[D:\gitsinnori\sinnori\project\sample_test\config\sinnori.properties] was created
06:35:45.400 [main] INFO  k.p.s.c.buildsystem.ProjectBuilder - main project[sample_test]'s config file creation task end
06:35:45.400 [main] INFO  k.p.s.c.buildsystem.ProjectBuilder - the mainproject[sample_test]'s resources directory copy task start
06:35:45.416 [main] INFO  k.p.s.c.buildsystem.ProjectBuilder - the mainproject[sample_test]'s resources directory copy task end
06:35:45.416 [main] INFO  k.p.s.c.buildsystem.ProjectBuilder - server build system files creation task start
06:35:45.416 [main] INFO  k.p.s.c.buildsystem.ProjectBuilder - main project[sample_test]'s server ant build.xml file creation task start
06:35:45.416 [main] INFO  k.p.s.c.buildsystem.ProjectBuilder - main project[sample_test]'s server ant build.xml file creation task end
06:35:45.416 [main] INFO  k.p.s.c.buildsystem.ProjectBuilder - main project[sample_test]'s server dos shell file creation task start
06:35:45.416 [main] INFO  k.p.s.c.buildsystem.ProjectBuilder - main project[sample_test]'s server dos shell file creation task end
06:35:45.416 [main] INFO  k.p.s.c.buildsystem.ProjectBuilder - main project[sample_test]'s server unix shell file creation task start
06:35:45.416 [main] INFO  k.p.s.c.buildsystem.ProjectBuilder - main project[sample_test]'s server unix shell file creation task end
06:35:45.416 [main] INFO  k.p.s.c.buildsystem.ProjectBuilder - server sample source files copy task start
06:35:45.431 [main] INFO  k.p.s.c.buildsystem.ProjectBuilder - server sample source files copy task end
06:35:45.431 [main] INFO  k.p.s.c.buildsystem.ProjectBuilder - main project[sample_test]'s server message io file set creation task start
06:35:45.431 [main] INFO  k.p.s.common.util.CommonStaticUtil - the new child relative direcotry[D:\gitsinnori\sinnori\project\sample_test\server_build\src\main\java\kr\pe\sinnori\impl\message][Echo] was created successfully
06:35:45.431 [main] INFO  k.p.s.c.buildsystem.ProjectBuilder - main project[sample_test]'s message file[Echo][D:\gitsinnori\sinnori\project\sample_test\server_build\src\main\java\kr\pe\sinnori\impl\message] creation task start
06:35:45.431 [main] INFO  k.p.s.c.buildsystem.ProjectBuilder - main project[sample_test]'s message file[Echo][D:\gitsinnori\sinnori\project\sample_test\server_build\src\main\java\kr\pe\sinnori\impl\message] creation task end
06:35:45.431 [main] INFO  k.p.s.c.buildsystem.ProjectBuilder - main project[sample_test]'s message decoder file[Echo][D:\gitsinnori\sinnori\project\sample_test\server_build\src\main\java\kr\pe\sinnori\impl\message] creation task start
06:35:45.431 [main] INFO  k.p.s.c.buildsystem.ProjectBuilder - main project[sample_test]'s message decoder file[Echo][D:\gitsinnori\sinnori\project\sample_test\server_build\src\main\java\kr\pe\sinnori\impl\message] creation task end
06:35:45.431 [main] INFO  k.p.s.c.buildsystem.ProjectBuilder - main project[sample_test]'s message encoder file[Echo][D:\gitsinnori\sinnori\project\sample_test\server_build\src\main\java\kr\pe\sinnori\impl\message] creation task start
06:35:45.431 [main] INFO  k.p.s.c.buildsystem.ProjectBuilder - main project[sample_test]'s message encoder file[Echo][D:\gitsinnori\sinnori\project\sample_test\server_build\src\main\java\kr\pe\sinnori\impl\message] creation task end
06:35:45.431 [main] INFO  k.p.s.c.buildsystem.ProjectBuilder - main project[sample_test]'s message server codec file[Echo][D:\gitsinnori\sinnori\project\sample_test\server_build\src\main\java\kr\pe\sinnori\impl\message] creation task start
06:35:45.431 [main] INFO  k.p.s.c.buildsystem.ProjectBuilder - main project[sample_test]'s message server codec file[Echo][D:\gitsinnori\sinnori\project\sample_test\server_build\src\main\java\kr\pe\sinnori\impl\message] creation task end
06:35:45.431 [main] INFO  k.p.s.c.buildsystem.ProjectBuilder - main project[sample_test]'s message client codec file[Echo][D:\gitsinnori\sinnori\project\sample_test\server_build\src\main\java\kr\pe\sinnori\impl\message] creation task start
06:35:45.431 [main] INFO  k.p.s.c.buildsystem.ProjectBuilder - main project[sample_test]'s message client codec file[Echo][D:\gitsinnori\sinnori\project\sample_test\server_build\src\main\java\kr\pe\sinnori\impl\message] creation task end
06:35:45.509 [main] INFO  k.p.s.common.util.CommonStaticUtil - the new child relative direcotry[D:\gitsinnori\sinnori\project\sample_test\server_build\src\main\java\kr\pe\sinnori\impl\message][PublicKeyReq] was created successfully
06:35:45.509 [main] INFO  k.p.s.c.buildsystem.ProjectBuilder - main project[sample_test]'s message file[PublicKeyReq][D:\gitsinnori\sinnori\project\sample_test\server_build\src\main\java\kr\pe\sinnori\impl\message] creation task start
06:35:45.509 [main] INFO  k.p.s.c.buildsystem.ProjectBuilder - main project[sample_test]'s message file[PublicKeyReq][D:\gitsinnori\sinnori\project\sample_test\server_build\src\main\java\kr\pe\sinnori\impl\message] creation task end
06:35:45.509 [main] INFO  k.p.s.c.buildsystem.ProjectBuilder - main project[sample_test]'s message decoder file[PublicKeyReq][D:\gitsinnori\sinnori\project\sample_test\server_build\src\main\java\kr\pe\sinnori\impl\message] creation task start
06:35:45.525 [main] INFO  k.p.s.c.buildsystem.ProjectBuilder - main project[sample_test]'s message decoder file[PublicKeyReq][D:\gitsinnori\sinnori\project\sample_test\server_build\src\main\java\kr\pe\sinnori\impl\message] creation task end
06:35:45.525 [main] INFO  k.p.s.c.buildsystem.ProjectBuilder - main project[sample_test]'s message encoder file[PublicKeyReq][D:\gitsinnori\sinnori\project\sample_test\server_build\src\main\java\kr\pe\sinnori\impl\message] creation task start
06:35:45.525 [main] INFO  k.p.s.c.buildsystem.ProjectBuilder - main project[sample_test]'s message encoder file[PublicKeyReq][D:\gitsinnori\sinnori\project\sample_test\server_build\src\main\java\kr\pe\sinnori\impl\message] creation task end
06:35:45.525 [main] INFO  k.p.s.c.buildsystem.ProjectBuilder - main project[sample_test]'s message server codec file[PublicKeyReq][D:\gitsinnori\sinnori\project\sample_test\server_build\src\main\java\kr\pe\sinnori\impl\message] creation task start
06:35:45.541 [main] INFO  k.p.s.c.buildsystem.ProjectBuilder - main project[sample_test]'s message server codec file[PublicKeyReq][D:\gitsinnori\sinnori\project\sample_test\server_build\src\main\java\kr\pe\sinnori\impl\message] creation task end
06:35:45.541 [main] INFO  k.p.s.c.buildsystem.ProjectBuilder - main project[sample_test]'s message client codec file[PublicKeyReq][D:\gitsinnori\sinnori\project\sample_test\server_build\src\main\java\kr\pe\sinnori\impl\message] creation task start
06:35:45.541 [main] INFO  k.p.s.c.buildsystem.ProjectBuilder - main project[sample_test]'s message client codec file[PublicKeyReq][D:\gitsinnori\sinnori\project\sample_test\server_build\src\main\java\kr\pe\sinnori\impl\message] creation task end
06:35:45.541 [main] INFO  k.p.s.common.util.CommonStaticUtil - the new child relative direcotry[D:\gitsinnori\sinnori\project\sample_test\server_build\src\main\java\kr\pe\sinnori\impl\message][PublicKeyRes] was created successfully
06:35:45.541 [main] INFO  k.p.s.c.buildsystem.ProjectBuilder - main project[sample_test]'s message file[PublicKeyRes][D:\gitsinnori\sinnori\project\sample_test\server_build\src\main\java\kr\pe\sinnori\impl\message] creation task start
06:35:45.541 [main] INFO  k.p.s.c.buildsystem.ProjectBuilder - main project[sample_test]'s message file[PublicKeyRes][D:\gitsinnori\sinnori\project\sample_test\server_build\src\main\java\kr\pe\sinnori\impl\message] creation task end
06:35:45.541 [main] INFO  k.p.s.c.buildsystem.ProjectBuilder - main project[sample_test]'s message decoder file[PublicKeyRes][D:\gitsinnori\sinnori\project\sample_test\server_build\src\main\java\kr\pe\sinnori\impl\message] creation task start
06:35:45.541 [main] INFO  k.p.s.c.buildsystem.ProjectBuilder - main project[sample_test]'s message decoder file[PublicKeyRes][D:\gitsinnori\sinnori\project\sample_test\server_build\src\main\java\kr\pe\sinnori\impl\message] creation task end
06:35:45.541 [main] INFO  k.p.s.c.buildsystem.ProjectBuilder - main project[sample_test]'s message encoder file[PublicKeyRes][D:\gitsinnori\sinnori\project\sample_test\server_build\src\main\java\kr\pe\sinnori\impl\message] creation task start
06:35:45.556 [main] INFO  k.p.s.c.buildsystem.ProjectBuilder - main project[sample_test]'s message encoder file[PublicKeyRes][D:\gitsinnori\sinnori\project\sample_test\server_build\src\main\java\kr\pe\sinnori\impl\message] creation task end
06:35:45.556 [main] INFO  k.p.s.c.buildsystem.ProjectBuilder - main project[sample_test]'s message server codec file[PublicKeyRes][D:\gitsinnori\sinnori\project\sample_test\server_build\src\main\java\kr\pe\sinnori\impl\message] creation task start
06:35:45.556 [main] INFO  k.p.s.c.buildsystem.ProjectBuilder - main project[sample_test]'s message server codec file[PublicKeyRes][D:\gitsinnori\sinnori\project\sample_test\server_build\src\main\java\kr\pe\sinnori\impl\message] creation task end
06:35:45.556 [main] INFO  k.p.s.c.buildsystem.ProjectBuilder - main project[sample_test]'s message client codec file[PublicKeyRes][D:\gitsinnori\sinnori\project\sample_test\server_build\src\main\java\kr\pe\sinnori\impl\message] creation task start
06:35:45.556 [main] INFO  k.p.s.c.buildsystem.ProjectBuilder - main project[sample_test]'s message client codec file[PublicKeyRes][D:\gitsinnori\sinnori\project\sample_test\server_build\src\main\java\kr\pe\sinnori\impl\message] creation task end
06:35:45.556 [main] INFO  k.p.s.c.buildsystem.ProjectBuilder - main project[sample_test]'s server message io file set creation task end
06:35:45.556 [main] INFO  k.p.s.c.buildsystem.ProjectBuilder - server build system files creation task end
06:35:45.556 [main] INFO  k.p.s.c.buildsystem.ProjectBuilder - main project[sample_test]'s web client build system files creation task start
06:35:45.556 [main] INFO  k.p.s.c.buildsystem.ProjectBuilder - main project[sample_test]'s web client ant build.xml file creation task start
06:35:45.556 [main] INFO  k.p.s.c.buildsystem.ProjectBuilder - main project[sample_test]'s web client ant build.xml file creation task end
06:35:45.556 [main] INFO  k.p.s.c.buildsystem.ProjectBuilder - main project[sample_test]'s web client ant properties file creation task start
06:35:45.556 [main] INFO  k.p.s.c.util.SequencedPropertiesUtil - the sequenced properties file[D:\gitsinnori\sinnori\project\sample_test\client_build\web_build\webAnt.properties] was created
06:35:45.556 [main] INFO  k.p.s.c.buildsystem.ProjectBuilder - main project[sample_test]'s web client ant properties file creation task end
06:35:45.556 [main] INFO  k.p.s.c.buildsystem.ProjectBuilder - main project[sample_test]'s web client message io file set creation task start
06:35:45.556 [main] INFO  k.p.s.common.util.CommonStaticUtil - the new child relative direcotry[D:\gitsinnori\sinnori\project\sample_test\client_build\web_build\src\main\java\kr\pe\sinnori\impl\message][Echo] was created successfully
06:35:45.556 [main] INFO  k.p.s.c.buildsystem.ProjectBuilder - main project[sample_test]'s message file[Echo][D:\gitsinnori\sinnori\project\sample_test\client_build\web_build\src\main\java\kr\pe\sinnori\impl\message] creation task start
06:35:45.556 [main] INFO  k.p.s.c.buildsystem.ProjectBuilder - main project[sample_test]'s message file[Echo][D:\gitsinnori\sinnori\project\sample_test\client_build\web_build\src\main\java\kr\pe\sinnori\impl\message] creation task end
06:35:45.556 [main] INFO  k.p.s.c.buildsystem.ProjectBuilder - main project[sample_test]'s message decoder file[Echo][D:\gitsinnori\sinnori\project\sample_test\client_build\web_build\src\main\java\kr\pe\sinnori\impl\message] creation task start
06:35:45.572 [main] INFO  k.p.s.c.buildsystem.ProjectBuilder - main project[sample_test]'s message decoder file[Echo][D:\gitsinnori\sinnori\project\sample_test\client_build\web_build\src\main\java\kr\pe\sinnori\impl\message] creation task end
06:35:45.650 [main] INFO  k.p.s.c.buildsystem.ProjectBuilder - main project[sample_test]'s message encoder file[Echo][D:\gitsinnori\sinnori\project\sample_test\client_build\web_build\src\main\java\kr\pe\sinnori\impl\message] creation task start
06:35:45.650 [main] INFO  k.p.s.c.buildsystem.ProjectBuilder - main project[sample_test]'s message encoder file[Echo][D:\gitsinnori\sinnori\project\sample_test\client_build\web_build\src\main\java\kr\pe\sinnori\impl\message] creation task end
06:35:45.650 [main] INFO  k.p.s.c.buildsystem.ProjectBuilder - main project[sample_test]'s message server codec file[Echo][D:\gitsinnori\sinnori\project\sample_test\client_build\web_build\src\main\java\kr\pe\sinnori\impl\message] creation task start
06:35:45.650 [main] INFO  k.p.s.c.buildsystem.ProjectBuilder - main project[sample_test]'s message server codec file[Echo][D:\gitsinnori\sinnori\project\sample_test\client_build\web_build\src\main\java\kr\pe\sinnori\impl\message] creation task end
06:35:45.650 [main] INFO  k.p.s.c.buildsystem.ProjectBuilder - main project[sample_test]'s message client codec file[Echo][D:\gitsinnori\sinnori\project\sample_test\client_build\web_build\src\main\java\kr\pe\sinnori\impl\message] creation task start
06:35:45.650 [main] INFO  k.p.s.c.buildsystem.ProjectBuilder - main project[sample_test]'s message client codec file[Echo][D:\gitsinnori\sinnori\project\sample_test\client_build\web_build\src\main\java\kr\pe\sinnori\impl\message] creation task end
06:35:45.650 [main] INFO  k.p.s.common.util.CommonStaticUtil - the new child relative direcotry[D:\gitsinnori\sinnori\project\sample_test\client_build\web_build\src\main\java\kr\pe\sinnori\impl\message][PublicKeyReq] was created successfully
06:35:45.650 [main] INFO  k.p.s.c.buildsystem.ProjectBuilder - main project[sample_test]'s message file[PublicKeyReq][D:\gitsinnori\sinnori\project\sample_test\client_build\web_build\src\main\java\kr\pe\sinnori\impl\message] creation task start
06:35:45.666 [main] INFO  k.p.s.c.buildsystem.ProjectBuilder - main project[sample_test]'s message file[PublicKeyReq][D:\gitsinnori\sinnori\project\sample_test\client_build\web_build\src\main\java\kr\pe\sinnori\impl\message] creation task end
06:35:45.666 [main] INFO  k.p.s.c.buildsystem.ProjectBuilder - main project[sample_test]'s message decoder file[PublicKeyReq][D:\gitsinnori\sinnori\project\sample_test\client_build\web_build\src\main\java\kr\pe\sinnori\impl\message] creation task start
06:35:45.666 [main] INFO  k.p.s.c.buildsystem.ProjectBuilder - main project[sample_test]'s message decoder file[PublicKeyReq][D:\gitsinnori\sinnori\project\sample_test\client_build\web_build\src\main\java\kr\pe\sinnori\impl\message] creation task end
06:35:45.666 [main] INFO  k.p.s.c.buildsystem.ProjectBuilder - main project[sample_test]'s message encoder file[PublicKeyReq][D:\gitsinnori\sinnori\project\sample_test\client_build\web_build\src\main\java\kr\pe\sinnori\impl\message] creation task start
06:35:45.681 [main] INFO  k.p.s.c.buildsystem.ProjectBuilder - main project[sample_test]'s message encoder file[PublicKeyReq][D:\gitsinnori\sinnori\project\sample_test\client_build\web_build\src\main\java\kr\pe\sinnori\impl\message] creation task end
06:35:45.681 [main] INFO  k.p.s.c.buildsystem.ProjectBuilder - main project[sample_test]'s message server codec file[PublicKeyReq][D:\gitsinnori\sinnori\project\sample_test\client_build\web_build\src\main\java\kr\pe\sinnori\impl\message] creation task start
06:35:45.681 [main] INFO  k.p.s.c.buildsystem.ProjectBuilder - main project[sample_test]'s message server codec file[PublicKeyReq][D:\gitsinnori\sinnori\project\sample_test\client_build\web_build\src\main\java\kr\pe\sinnori\impl\message] creation task end
06:35:45.681 [main] INFO  k.p.s.c.buildsystem.ProjectBuilder - main project[sample_test]'s message client codec file[PublicKeyReq][D:\gitsinnori\sinnori\project\sample_test\client_build\web_build\src\main\java\kr\pe\sinnori\impl\message] creation task start
06:35:45.681 [main] INFO  k.p.s.c.buildsystem.ProjectBuilder - main project[sample_test]'s message client codec file[PublicKeyReq][D:\gitsinnori\sinnori\project\sample_test\client_build\web_build\src\main\java\kr\pe\sinnori\impl\message] creation task end
06:35:45.681 [main] INFO  k.p.s.common.util.CommonStaticUtil - the new child relative direcotry[D:\gitsinnori\sinnori\project\sample_test\client_build\web_build\src\main\java\kr\pe\sinnori\impl\message][PublicKeyRes] was created successfully
06:35:45.681 [main] INFO  k.p.s.c.buildsystem.ProjectBuilder - main project[sample_test]'s message file[PublicKeyRes][D:\gitsinnori\sinnori\project\sample_test\client_build\web_build\src\main\java\kr\pe\sinnori\impl\message] creation task start
06:35:45.697 [main] INFO  k.p.s.c.buildsystem.ProjectBuilder - main project[sample_test]'s message file[PublicKeyRes][D:\gitsinnori\sinnori\project\sample_test\client_build\web_build\src\main\java\kr\pe\sinnori\impl\message] creation task end
06:35:45.697 [main] INFO  k.p.s.c.buildsystem.ProjectBuilder - main project[sample_test]'s message decoder file[PublicKeyRes][D:\gitsinnori\sinnori\project\sample_test\client_build\web_build\src\main\java\kr\pe\sinnori\impl\message] creation task start
06:35:45.697 [main] INFO  k.p.s.c.buildsystem.ProjectBuilder - main project[sample_test]'s message decoder file[PublicKeyRes][D:\gitsinnori\sinnori\project\sample_test\client_build\web_build\src\main\java\kr\pe\sinnori\impl\message] creation task end
06:35:45.697 [main] INFO  k.p.s.c.buildsystem.ProjectBuilder - main project[sample_test]'s message encoder file[PublicKeyRes][D:\gitsinnori\sinnori\project\sample_test\client_build\web_build\src\main\java\kr\pe\sinnori\impl\message] creation task start
06:35:45.713 [main] INFO  k.p.s.c.buildsystem.ProjectBuilder - main project[sample_test]'s message encoder file[PublicKeyRes][D:\gitsinnori\sinnori\project\sample_test\client_build\web_build\src\main\java\kr\pe\sinnori\impl\message] creation task end
06:35:45.713 [main] INFO  k.p.s.c.buildsystem.ProjectBuilder - main project[sample_test]'s message server codec file[PublicKeyRes][D:\gitsinnori\sinnori\project\sample_test\client_build\web_build\src\main\java\kr\pe\sinnori\impl\message] creation task start
06:35:45.713 [main] INFO  k.p.s.c.buildsystem.ProjectBuilder - main project[sample_test]'s message server codec file[PublicKeyRes][D:\gitsinnori\sinnori\project\sample_test\client_build\web_build\src\main\java\kr\pe\sinnori\impl\message] creation task end
06:35:45.713 [main] INFO  k.p.s.c.buildsystem.ProjectBuilder - main project[sample_test]'s message client codec file[PublicKeyRes][D:\gitsinnori\sinnori\project\sample_test\client_build\web_build\src\main\java\kr\pe\sinnori\impl\message] creation task start
06:35:45.713 [main] INFO  k.p.s.c.buildsystem.ProjectBuilder - main project[sample_test]'s message client codec file[PublicKeyRes][D:\gitsinnori\sinnori\project\sample_test\client_build\web_build\src\main\java\kr\pe\sinnori\impl\message] creation task end
06:35:45.713 [main] INFO  k.p.s.c.buildsystem.ProjectBuilder - main project[sample_test]'s web client message io file set creation task end
06:35:45.713 [main] INFO  k.p.s.c.buildsystem.ProjectBuilder - mainproject[sample_test]'s web client sample source files copy task start
06:35:45.759 [main] INFO  k.p.s.c.buildsystem.ProjectBuilder - mainproject[sample_test]'s web client sample source files copy task end
06:35:45.759 [main] INFO  k.p.s.c.buildsystem.ProjectBuilder - main project[sample_test]'s web client build system files creation task end
06:35:45.759 [main] INFO  k.p.s.c.buildsystem.ProjectBuilder - main project[sample_test]'s web root sample files creation task start
06:35:45.759 [main] INFO  k.p.s.c.buildsystem.ProjectBuilder - main project[sample_test]'s web root sample files copy task start
06:35:45.759 [main] INFO  k.p.s.c.buildsystem.ProjectBuilder - main project[sample_test]'s web root sample files copy task end
06:35:45.759 [main] INFO  k.p.s.c.buildsystem.ProjectBuilder - main project[sample_test]'s web root sample files creation task end
06:35:45.759 [main] INFO  k.p.s.c.buildsystem.ProjectBuilder - main project[sample_test]'s file creation task end
06:35:45.775 [main] INFO  k.p.s.c.config.SinnoriConfiguration - item key[sessionkey.rsa.publickey.file.value]'s value is null because its status is inactive
06:35:45.775 [main] INFO  k.p.s.c.config.SinnoriConfiguration - item key[sessionkey.rsa.privatekey.file.value]'s value is null because its status is inactive
06:35:45.775 [main] INFO  k.p.s.c.buildsystem.ProjectBuilder - main project[sample_test] changeProjectState method start
06:35:45.775 [main] INFO  k.p.s.c.buildsystem.ProjectBuilder - mainproject[sample_test]'s server build path deletion task start
06:35:45.775 [main] INFO  k.p.s.c.buildsystem.ProjectBuilder - mainproject[sample_test]'s server build path deletion task end
06:35:45.775 [main] INFO  k.p.s.c.buildsystem.ProjectBuilder - the app client ant build.xml file[D:\gitsinnori\sinnori\project\sample_test\client_build\app_build\build.xml] is bad :: whetherExist[false] isFile[false]
06:35:45.775 [main] WARN  k.p.s.c.buildsystem.ProjectBuilder - the app client buid.xml file[D:\gitsinnori\sinnori\project\sample_test\client_build\app_build\build.xml] is bad beacse it doesn't exist or is not a file, so skip deletion of app client build system
06:35:45.806 [main] INFO  k.p.s.c.buildsystem.ProjectBuilder - main project[sample_test]'s web client ant properties file modification task start
06:35:45.806 [main] INFO  k.p.s.c.buildsystem.ProjectBuilder - main project[sample_test]'s web client ant properties file modification task end
06:35:45.806 [main] WARN  k.p.s.c.buildsystem.ProjectBuilder - the web client build path[D:\gitsinnori\sinnori\project\sample_test\client_build\web_build] exists, so only the web client's ant properties including servlet system library path  was updated for new servletSystemLibraryPathString[D:\apache-tomcat-8.5.15\lib]
06:35:45.806 [main] WARN  k.p.s.c.buildsystem.ProjectBuilder - the web root path[D:\gitsinnori\sinnori\project\sample_test\web_app_base\ROOT] exists, so skip creation of web root
06:35:45.806 [main] INFO  k.p.s.c.buildsystem.ProjectBuilder - main project[sample_test]'s config file overwrite task start
06:35:45.806 [main] INFO  k.p.s.c.buildsystem.ProjectBuilder - main project[sample_test]'s config file overwrite task end
06:35:45.806 [main] INFO  k.p.s.c.buildsystem.ProjectBuilder - main project[sample_test] changeProjectState method end
06:35:45.806 [main] INFO  k.p.s.c.buildsystem.ProjectBuilder - the server ant build.xml file[D:\gitsinnori\sinnori\project\sample_test\server_build\build.xml] is bad :: whetherExist[false] isFile[false]
06:35:45.806 [main] INFO  k.p.s.c.buildsystem.ProjectBuilder - the app client ant build.xml file[D:\gitsinnori\sinnori\project\sample_test\client_build\app_build\build.xml] is bad :: whetherExist[false] isFile[false]
06:35:45.806 [main] INFO  k.p.s.c.buildsystem.ProjectBuilder - main project[sample_test] changeProjectState method start
06:35:45.806 [main] INFO  k.p.s.c.buildsystem.ProjectBuilder - the server ant build.xml file[D:\gitsinnori\sinnori\project\sample_test\server_build\build.xml] is bad :: whetherExist[false] isFile[false]
06:35:45.806 [main] WARN  k.p.s.c.buildsystem.ProjectBuilder - the server buid.xml file[D:\gitsinnori\sinnori\project\sample_test\server_build\build.xml] is bad beacse it doesn't exist or is not a file, so skip deletion of server build system
06:35:45.806 [main] INFO  k.p.s.c.buildsystem.ProjectBuilder - main project[sample_test]'s application build child direcotry creation task start
06:35:45.806 [main] INFO  k.p.s.common.util.CommonStaticUtil - the new child relative direcotry[D:\gitsinnori\sinnori\project\sample_test][client_build/app_build/corelib/ex] was created successfully
06:35:45.806 [main] INFO  k.p.s.common.util.CommonStaticUtil - the new child relative direcotry[D:\gitsinnori\sinnori\project\sample_test][client_build/app_build/corelib/in] was created successfully
06:35:45.806 [main] INFO  k.p.s.common.util.CommonStaticUtil - the new child relative direcotry[D:\gitsinnori\sinnori\project\sample_test][client_build/app_build/lib/main/ex] was created successfully
06:35:45.806 [main] INFO  k.p.s.common.util.CommonStaticUtil - the new child relative direcotry[D:\gitsinnori\sinnori\project\sample_test][client_build/app_build/lib/main/in] was created successfully
06:35:45.806 [main] INFO  k.p.s.common.util.CommonStaticUtil - the new child relative direcotry[D:\gitsinnori\sinnori\project\sample_test][client_build/app_build/lib/test] was created successfully
06:35:45.806 [main] INFO  k.p.s.common.util.CommonStaticUtil - the new child relative direcotry[D:\gitsinnori\sinnori\project\sample_test][client_build/app_build/src/main/java/kr/pe/sinnori/impl/message] was created successfully
06:35:45.806 [main] INFO  k.p.s.common.util.CommonStaticUtil - the new child relative direcotry[D:\gitsinnori\sinnori\project\sample_test][client_build/app_build/src/main/java/main] was created successfully
06:35:45.806 [main] INFO  k.p.s.common.util.CommonStaticUtil - the new child relative direcotry[D:\gitsinnori\sinnori\project\sample_test][client_build/app_build/src/test/java] was created successfully
06:35:45.806 [main] INFO  k.p.s.common.util.CommonStaticUtil - the new child relative direcotry[D:\gitsinnori\sinnori\project\sample_test][client_build/app_build/build] was created successfully
06:35:45.806 [main] INFO  k.p.s.common.util.CommonStaticUtil - the new child relative direcotry[D:\gitsinnori\sinnori\project\sample_test][client_build/app_build/dist] was created successfully
06:35:45.806 [main] INFO  k.p.s.c.buildsystem.ProjectBuilder - main project[sample_test]'s application build child direcotry creation task end
06:35:45.806 [main] INFO  k.p.s.c.buildsystem.ProjectBuilder - mainproject[sample_test]'s application client build system files creation task start
06:35:45.806 [main] INFO  k.p.s.c.buildsystem.ProjectBuilder - main project[sample_test]'s application client ant build.xml file creation task start
06:35:45.822 [main] INFO  k.p.s.c.buildsystem.ProjectBuilder - main project[sample_test]'s application client ant build.xml file creation task end
06:35:45.822 [main] INFO  k.p.s.c.buildsystem.ProjectBuilder - main project[sample_test]'s application client dos shell file creation task start
06:35:45.822 [main] INFO  k.p.s.c.buildsystem.ProjectBuilder - main project[sample_test]'s application client dos shell file creation task end
06:35:45.822 [main] INFO  k.p.s.c.buildsystem.ProjectBuilder - main project[sample_test]'s application client unix shell file creation task start
06:35:45.822 [main] INFO  k.p.s.c.buildsystem.ProjectBuilder - main project[sample_test]'s application client unix shell file creation task end
06:35:45.822 [main] INFO  k.p.s.c.buildsystem.ProjectBuilder - application client sample source files copy task start
06:35:45.822 [main] INFO  k.p.s.c.buildsystem.ProjectBuilder - application client sample source files copy task end
06:35:45.822 [main] INFO  k.p.s.c.buildsystem.ProjectBuilder - main project[sample_test]'s application client message io file set creation task start
06:35:45.822 [main] INFO  k.p.s.common.util.CommonStaticUtil - the new child relative direcotry[D:\gitsinnori\sinnori\project\sample_test\client_build\app_build\src\main\java\kr\pe\sinnori\impl\message][Echo] was created successfully
06:35:45.822 [main] INFO  k.p.s.c.buildsystem.ProjectBuilder - main project[sample_test]'s message file[Echo][D:\gitsinnori\sinnori\project\sample_test\client_build\app_build\src\main\java\kr\pe\sinnori\impl\message] creation task start
06:35:45.822 [main] INFO  k.p.s.c.buildsystem.ProjectBuilder - main project[sample_test]'s message file[Echo][D:\gitsinnori\sinnori\project\sample_test\client_build\app_build\src\main\java\kr\pe\sinnori\impl\message] creation task end
06:35:45.822 [main] INFO  k.p.s.c.buildsystem.ProjectBuilder - main project[sample_test]'s message decoder file[Echo][D:\gitsinnori\sinnori\project\sample_test\client_build\app_build\src\main\java\kr\pe\sinnori\impl\message] creation task start
06:35:45.838 [main] INFO  k.p.s.c.buildsystem.ProjectBuilder - main project[sample_test]'s message decoder file[Echo][D:\gitsinnori\sinnori\project\sample_test\client_build\app_build\src\main\java\kr\pe\sinnori\impl\message] creation task end
06:35:45.838 [main] INFO  k.p.s.c.buildsystem.ProjectBuilder - main project[sample_test]'s message encoder file[Echo][D:\gitsinnori\sinnori\project\sample_test\client_build\app_build\src\main\java\kr\pe\sinnori\impl\message] creation task start
06:35:45.838 [main] INFO  k.p.s.c.buildsystem.ProjectBuilder - main project[sample_test]'s message encoder file[Echo][D:\gitsinnori\sinnori\project\sample_test\client_build\app_build\src\main\java\kr\pe\sinnori\impl\message] creation task end
06:35:45.916 [main] INFO  k.p.s.c.buildsystem.ProjectBuilder - main project[sample_test]'s message server codec file[Echo][D:\gitsinnori\sinnori\project\sample_test\client_build\app_build\src\main\java\kr\pe\sinnori\impl\message] creation task start
06:35:45.916 [main] INFO  k.p.s.c.buildsystem.ProjectBuilder - main project[sample_test]'s message server codec file[Echo][D:\gitsinnori\sinnori\project\sample_test\client_build\app_build\src\main\java\kr\pe\sinnori\impl\message] creation task end
06:35:45.916 [main] INFO  k.p.s.c.buildsystem.ProjectBuilder - main project[sample_test]'s message client codec file[Echo][D:\gitsinnori\sinnori\project\sample_test\client_build\app_build\src\main\java\kr\pe\sinnori\impl\message] creation task start
06:35:45.916 [main] INFO  k.p.s.c.buildsystem.ProjectBuilder - main project[sample_test]'s message client codec file[Echo][D:\gitsinnori\sinnori\project\sample_test\client_build\app_build\src\main\java\kr\pe\sinnori\impl\message] creation task end
06:35:45.916 [main] INFO  k.p.s.common.util.CommonStaticUtil - the new child relative direcotry[D:\gitsinnori\sinnori\project\sample_test\client_build\app_build\src\main\java\kr\pe\sinnori\impl\message][PublicKeyReq] was created successfully
06:35:45.916 [main] INFO  k.p.s.c.buildsystem.ProjectBuilder - main project[sample_test]'s message file[PublicKeyReq][D:\gitsinnori\sinnori\project\sample_test\client_build\app_build\src\main\java\kr\pe\sinnori\impl\message] creation task start
06:35:45.931 [main] INFO  k.p.s.c.buildsystem.ProjectBuilder - main project[sample_test]'s message file[PublicKeyReq][D:\gitsinnori\sinnori\project\sample_test\client_build\app_build\src\main\java\kr\pe\sinnori\impl\message] creation task end
06:35:45.931 [main] INFO  k.p.s.c.buildsystem.ProjectBuilder - main project[sample_test]'s message decoder file[PublicKeyReq][D:\gitsinnori\sinnori\project\sample_test\client_build\app_build\src\main\java\kr\pe\sinnori\impl\message] creation task start
06:35:45.931 [main] INFO  k.p.s.c.buildsystem.ProjectBuilder - main project[sample_test]'s message decoder file[PublicKeyReq][D:\gitsinnori\sinnori\project\sample_test\client_build\app_build\src\main\java\kr\pe\sinnori\impl\message] creation task end
06:35:45.931 [main] INFO  k.p.s.c.buildsystem.ProjectBuilder - main project[sample_test]'s message encoder file[PublicKeyReq][D:\gitsinnori\sinnori\project\sample_test\client_build\app_build\src\main\java\kr\pe\sinnori\impl\message] creation task start
06:35:45.931 [main] INFO  k.p.s.c.buildsystem.ProjectBuilder - main project[sample_test]'s message encoder file[PublicKeyReq][D:\gitsinnori\sinnori\project\sample_test\client_build\app_build\src\main\java\kr\pe\sinnori\impl\message] creation task end
06:35:45.931 [main] INFO  k.p.s.c.buildsystem.ProjectBuilder - main project[sample_test]'s message server codec file[PublicKeyReq][D:\gitsinnori\sinnori\project\sample_test\client_build\app_build\src\main\java\kr\pe\sinnori\impl\message] creation task start
06:35:45.931 [main] INFO  k.p.s.c.buildsystem.ProjectBuilder - main project[sample_test]'s message server codec file[PublicKeyReq][D:\gitsinnori\sinnori\project\sample_test\client_build\app_build\src\main\java\kr\pe\sinnori\impl\message] creation task end
06:35:45.931 [main] INFO  k.p.s.c.buildsystem.ProjectBuilder - main project[sample_test]'s message client codec file[PublicKeyReq][D:\gitsinnori\sinnori\project\sample_test\client_build\app_build\src\main\java\kr\pe\sinnori\impl\message] creation task start
06:35:45.947 [main] INFO  k.p.s.c.buildsystem.ProjectBuilder - main project[sample_test]'s message client codec file[PublicKeyReq][D:\gitsinnori\sinnori\project\sample_test\client_build\app_build\src\main\java\kr\pe\sinnori\impl\message] creation task end
06:35:45.947 [main] INFO  k.p.s.common.util.CommonStaticUtil - the new child relative direcotry[D:\gitsinnori\sinnori\project\sample_test\client_build\app_build\src\main\java\kr\pe\sinnori\impl\message][PublicKeyRes] was created successfully
06:35:45.947 [main] INFO  k.p.s.c.buildsystem.ProjectBuilder - main project[sample_test]'s message file[PublicKeyRes][D:\gitsinnori\sinnori\project\sample_test\client_build\app_build\src\main\java\kr\pe\sinnori\impl\message] creation task start
06:35:45.947 [main] INFO  k.p.s.c.buildsystem.ProjectBuilder - main project[sample_test]'s message file[PublicKeyRes][D:\gitsinnori\sinnori\project\sample_test\client_build\app_build\src\main\java\kr\pe\sinnori\impl\message] creation task end
06:35:45.947 [main] INFO  k.p.s.c.buildsystem.ProjectBuilder - main project[sample_test]'s message decoder file[PublicKeyRes][D:\gitsinnori\sinnori\project\sample_test\client_build\app_build\src\main\java\kr\pe\sinnori\impl\message] creation task start
06:35:45.947 [main] INFO  k.p.s.c.buildsystem.ProjectBuilder - main project[sample_test]'s message decoder file[PublicKeyRes][D:\gitsinnori\sinnori\project\sample_test\client_build\app_build\src\main\java\kr\pe\sinnori\impl\message] creation task end
06:35:45.947 [main] INFO  k.p.s.c.buildsystem.ProjectBuilder - main project[sample_test]'s message encoder file[PublicKeyRes][D:\gitsinnori\sinnori\project\sample_test\client_build\app_build\src\main\java\kr\pe\sinnori\impl\message] creation task start
06:35:45.947 [main] INFO  k.p.s.c.buildsystem.ProjectBuilder - main project[sample_test]'s message encoder file[PublicKeyRes][D:\gitsinnori\sinnori\project\sample_test\client_build\app_build\src\main\java\kr\pe\sinnori\impl\message] creation task end
06:35:45.947 [main] INFO  k.p.s.c.buildsystem.ProjectBuilder - main project[sample_test]'s message server codec file[PublicKeyRes][D:\gitsinnori\sinnori\project\sample_test\client_build\app_build\src\main\java\kr\pe\sinnori\impl\message] creation task start
06:35:45.963 [main] INFO  k.p.s.c.buildsystem.ProjectBuilder - main project[sample_test]'s message server codec file[PublicKeyRes][D:\gitsinnori\sinnori\project\sample_test\client_build\app_build\src\main\java\kr\pe\sinnori\impl\message] creation task end
06:35:45.963 [main] INFO  k.p.s.c.buildsystem.ProjectBuilder - main project[sample_test]'s message client codec file[PublicKeyRes][D:\gitsinnori\sinnori\project\sample_test\client_build\app_build\src\main\java\kr\pe\sinnori\impl\message] creation task start
06:35:45.963 [main] INFO  k.p.s.c.buildsystem.ProjectBuilder - main project[sample_test]'s message client codec file[PublicKeyRes][D:\gitsinnori\sinnori\project\sample_test\client_build\app_build\src\main\java\kr\pe\sinnori\impl\message] creation task end
06:35:45.963 [main] INFO  k.p.s.c.buildsystem.ProjectBuilder - main project[sample_test]'s application client message io file set creation task end
06:35:45.963 [main] INFO  k.p.s.c.buildsystem.ProjectBuilder - mainproject[sample_test]'s application client build system files creation task end
06:35:45.963 [main] INFO  k.p.s.c.buildsystem.ProjectBuilder - main project[sample_test]'s web client build path deletion task start
06:35:45.978 [main] INFO  k.p.s.c.buildsystem.ProjectBuilder - main project[sample_test]'s web client build path deletion task end
06:35:45.978 [main] INFO  k.p.s.c.buildsystem.ProjectBuilder - main project[sample_test]'s web root path deletion task start
06:35:46.041 [main] INFO  k.p.s.c.buildsystem.ProjectBuilder - main project[sample_test]'s web root path deletion task end
06:35:46.041 [main] INFO  k.p.s.c.buildsystem.ProjectBuilder - main project[sample_test]'s config file overwrite task start
06:35:46.041 [main] INFO  k.p.s.c.buildsystem.ProjectBuilder - main project[sample_test]'s config file overwrite task end
06:35:46.041 [main] INFO  k.p.s.c.buildsystem.ProjectBuilder - main project[sample_test] changeProjectState method end
06:35:46.041 [main] INFO  k.p.s.c.buildsystem.ProjectBuilder - the server ant build.xml file[D:\gitsinnori\sinnori\project\sample_test\server_build\build.xml] is bad :: whetherExist[false] isFile[false]
06:35:46.041 [main] INFO  k.p.s.c.buildsystem.ProjectBuilder - the web client ant build.xml file[D:\gitsinnori\sinnori\project\sample_test\client_build\web_build\build.xml] is bad :: whetherExist[false] isFile[false]
06:35:46.041 [main] INFO  k.p.s.c.buildsystem.ProjectBuilder - the web.xml file[D:\gitsinnori\sinnori\project\sample_test\web_app_base\ROOT\WEB-INF\web.xml] located at web root directory is bad :: whetherExist[false] isFile[false]
06:35:46.041 [main] INFO  k.p.s.c.buildsystem.ProjectBuilder - main project[sample_test] changeProjectState method start
06:35:46.041 [main] INFO  k.p.s.c.buildsystem.ProjectBuilder - the server ant build.xml file[D:\gitsinnori\sinnori\project\sample_test\server_build\build.xml] is bad :: whetherExist[false] isFile[false]
06:35:46.041 [main] WARN  k.p.s.c.buildsystem.ProjectBuilder - the server buid.xml file[D:\gitsinnori\sinnori\project\sample_test\server_build\build.xml] is bad beacse it doesn't exist or is not a file, so skip deletion of server build system
06:35:46.041 [main] WARN  k.p.s.c.buildsystem.ProjectBuilder - the app client build path[D:\gitsinnori\sinnori\project\sample_test\client_build\app_build] exist, so skip creation of app client build system
06:35:46.041 [main] INFO  k.p.s.c.buildsystem.ProjectBuilder - main project[sample_test]'s web build child direcotry creation task start
06:35:46.041 [main] INFO  k.p.s.common.util.CommonStaticUtil - the new child relative direcotry[D:\gitsinnori\sinnori\project\sample_test][client_build/web_build/corelib/ex] was created successfully
06:35:46.041 [main] INFO  k.p.s.common.util.CommonStaticUtil - the new child relative direcotry[D:\gitsinnori\sinnori\project\sample_test][client_build/web_build/corelib/in] was created successfully
06:35:46.041 [main] INFO  k.p.s.common.util.CommonStaticUtil - the new child relative direcotry[D:\gitsinnori\sinnori\project\sample_test][client_build/web_build/lib/main/ex] was created successfully
06:35:46.041 [main] INFO  k.p.s.common.util.CommonStaticUtil - the new child relative direcotry[D:\gitsinnori\sinnori\project\sample_test][client_build/web_build/lib/main/in] was created successfully
06:35:46.041 [main] INFO  k.p.s.common.util.CommonStaticUtil - the new child relative direcotry[D:\gitsinnori\sinnori\project\sample_test][client_build/web_build/lib/test] was created successfully
06:35:46.041 [main] INFO  k.p.s.common.util.CommonStaticUtil - the new child relative direcotry[D:\gitsinnori\sinnori\project\sample_test][client_build/web_build/src/main/java/kr/pe/sinnori/impl/message] was created successfully
06:35:46.041 [main] INFO  k.p.s.common.util.CommonStaticUtil - the new child relative direcotry[D:\gitsinnori\sinnori\project\sample_test][client_build/web_build/src/main/java//kr/pe/sinnori/servlet] was created successfully
06:35:46.041 [main] INFO  k.p.s.common.util.CommonStaticUtil - the new child relative direcotry[D:\gitsinnori\sinnori\project\sample_test][client_build/web_build/src/main/java/kr/pe/sinnori/weblib/common] was created successfully
06:35:46.041 [main] INFO  k.p.s.common.util.CommonStaticUtil - the new child relative direcotry[D:\gitsinnori\sinnori\project\sample_test][client_build/web_build/src/main/java/kr/pe/sinnori/weblib/htmlstring] was created successfully
06:35:46.041 [main] INFO  k.p.s.common.util.CommonStaticUtil - the new child relative direcotry[D:\gitsinnori\sinnori\project\sample_test][client_build/web_build/src/main/java/kr/pe/sinnori/weblib/jdf] was created successfully
06:35:46.056 [main] INFO  k.p.s.common.util.CommonStaticUtil - the new child relative direcotry[D:\gitsinnori\sinnori\project\sample_test][client_build/web_build/src/test/java] was created successfully
06:35:46.150 [main] INFO  k.p.s.common.util.CommonStaticUtil - the new child relative direcotry[D:\gitsinnori\sinnori\project\sample_test][client_build/web_build/build] was created successfully
06:35:46.150 [main] INFO  k.p.s.common.util.CommonStaticUtil - the new child relative direcotry[D:\gitsinnori\sinnori\project\sample_test][client_build/web_build/dist] was created successfully
06:35:46.150 [main] INFO  k.p.s.c.buildsystem.ProjectBuilder - main project[sample_test]'s web build child direcotry creation task end
06:35:46.150 [main] INFO  k.p.s.c.buildsystem.ProjectBuilder - main project[sample_test]'s web client build system files creation task start
06:35:46.150 [main] INFO  k.p.s.c.buildsystem.ProjectBuilder - main project[sample_test]'s web client ant build.xml file creation task start
06:35:46.150 [main] INFO  k.p.s.c.buildsystem.ProjectBuilder - main project[sample_test]'s web client ant build.xml file creation task end
06:35:46.150 [main] INFO  k.p.s.c.buildsystem.ProjectBuilder - main project[sample_test]'s web client ant properties file creation task start
06:35:46.150 [main] INFO  k.p.s.c.util.SequencedPropertiesUtil - the sequenced properties file[D:\gitsinnori\sinnori\project\sample_test\client_build\web_build\webAnt.properties] was created
06:35:46.150 [main] INFO  k.p.s.c.buildsystem.ProjectBuilder - main project[sample_test]'s web client ant properties file creation task end
06:35:46.150 [main] INFO  k.p.s.c.buildsystem.ProjectBuilder - main project[sample_test]'s web client message io file set creation task start
06:35:46.150 [main] INFO  k.p.s.common.util.CommonStaticUtil - the new child relative direcotry[D:\gitsinnori\sinnori\project\sample_test\client_build\web_build\src\main\java\kr\pe\sinnori\impl\message][Echo] was created successfully
06:35:46.150 [main] INFO  k.p.s.c.buildsystem.ProjectBuilder - main project[sample_test]'s message file[Echo][D:\gitsinnori\sinnori\project\sample_test\client_build\web_build\src\main\java\kr\pe\sinnori\impl\message] creation task start
06:35:46.150 [main] INFO  k.p.s.c.buildsystem.ProjectBuilder - main project[sample_test]'s message file[Echo][D:\gitsinnori\sinnori\project\sample_test\client_build\web_build\src\main\java\kr\pe\sinnori\impl\message] creation task end
06:35:46.150 [main] INFO  k.p.s.c.buildsystem.ProjectBuilder - main project[sample_test]'s message decoder file[Echo][D:\gitsinnori\sinnori\project\sample_test\client_build\web_build\src\main\java\kr\pe\sinnori\impl\message] creation task start
06:35:46.166 [main] INFO  k.p.s.c.buildsystem.ProjectBuilder - main project[sample_test]'s message decoder file[Echo][D:\gitsinnori\sinnori\project\sample_test\client_build\web_build\src\main\java\kr\pe\sinnori\impl\message] creation task end
06:35:46.166 [main] INFO  k.p.s.c.buildsystem.ProjectBuilder - main project[sample_test]'s message encoder file[Echo][D:\gitsinnori\sinnori\project\sample_test\client_build\web_build\src\main\java\kr\pe\sinnori\impl\message] creation task start
06:35:46.166 [main] INFO  k.p.s.c.buildsystem.ProjectBuilder - main project[sample_test]'s message encoder file[Echo][D:\gitsinnori\sinnori\project\sample_test\client_build\web_build\src\main\java\kr\pe\sinnori\impl\message] creation task end
06:35:46.166 [main] INFO  k.p.s.c.buildsystem.ProjectBuilder - main project[sample_test]'s message server codec file[Echo][D:\gitsinnori\sinnori\project\sample_test\client_build\web_build\src\main\java\kr\pe\sinnori\impl\message] creation task start
06:35:46.166 [main] INFO  k.p.s.c.buildsystem.ProjectBuilder - main project[sample_test]'s message server codec file[Echo][D:\gitsinnori\sinnori\project\sample_test\client_build\web_build\src\main\java\kr\pe\sinnori\impl\message] creation task end
06:35:46.166 [main] INFO  k.p.s.c.buildsystem.ProjectBuilder - main project[sample_test]'s message client codec file[Echo][D:\gitsinnori\sinnori\project\sample_test\client_build\web_build\src\main\java\kr\pe\sinnori\impl\message] creation task start
06:35:46.166 [main] INFO  k.p.s.c.buildsystem.ProjectBuilder - main project[sample_test]'s message client codec file[Echo][D:\gitsinnori\sinnori\project\sample_test\client_build\web_build\src\main\java\kr\pe\sinnori\impl\message] creation task end
06:35:46.166 [main] INFO  k.p.s.common.util.CommonStaticUtil - the new child relative direcotry[D:\gitsinnori\sinnori\project\sample_test\client_build\web_build\src\main\java\kr\pe\sinnori\impl\message][PublicKeyReq] was created successfully
06:35:46.166 [main] INFO  k.p.s.c.buildsystem.ProjectBuilder - main project[sample_test]'s message file[PublicKeyReq][D:\gitsinnori\sinnori\project\sample_test\client_build\web_build\src\main\java\kr\pe\sinnori\impl\message] creation task start
06:35:46.181 [main] INFO  k.p.s.c.buildsystem.ProjectBuilder - main project[sample_test]'s message file[PublicKeyReq][D:\gitsinnori\sinnori\project\sample_test\client_build\web_build\src\main\java\kr\pe\sinnori\impl\message] creation task end
06:35:46.181 [main] INFO  k.p.s.c.buildsystem.ProjectBuilder - main project[sample_test]'s message decoder file[PublicKeyReq][D:\gitsinnori\sinnori\project\sample_test\client_build\web_build\src\main\java\kr\pe\sinnori\impl\message] creation task start
06:35:46.181 [main] INFO  k.p.s.c.buildsystem.ProjectBuilder - main project[sample_test]'s message decoder file[PublicKeyReq][D:\gitsinnori\sinnori\project\sample_test\client_build\web_build\src\main\java\kr\pe\sinnori\impl\message] creation task end
06:35:46.181 [main] INFO  k.p.s.c.buildsystem.ProjectBuilder - main project[sample_test]'s message encoder file[PublicKeyReq][D:\gitsinnori\sinnori\project\sample_test\client_build\web_build\src\main\java\kr\pe\sinnori\impl\message] creation task start
06:35:46.181 [main] INFO  k.p.s.c.buildsystem.ProjectBuilder - main project[sample_test]'s message encoder file[PublicKeyReq][D:\gitsinnori\sinnori\project\sample_test\client_build\web_build\src\main\java\kr\pe\sinnori\impl\message] creation task end
06:35:46.181 [main] INFO  k.p.s.c.buildsystem.ProjectBuilder - main project[sample_test]'s message server codec file[PublicKeyReq][D:\gitsinnori\sinnori\project\sample_test\client_build\web_build\src\main\java\kr\pe\sinnori\impl\message] creation task start
06:35:46.181 [main] INFO  k.p.s.c.buildsystem.ProjectBuilder - main project[sample_test]'s message server codec file[PublicKeyReq][D:\gitsinnori\sinnori\project\sample_test\client_build\web_build\src\main\java\kr\pe\sinnori\impl\message] creation task end
06:35:46.181 [main] INFO  k.p.s.c.buildsystem.ProjectBuilder - main project[sample_test]'s message client codec file[PublicKeyReq][D:\gitsinnori\sinnori\project\sample_test\client_build\web_build\src\main\java\kr\pe\sinnori\impl\message] creation task start
06:35:46.275 [main] INFO  k.p.s.c.buildsystem.ProjectBuilder - main project[sample_test]'s message client codec file[PublicKeyReq][D:\gitsinnori\sinnori\project\sample_test\client_build\web_build\src\main\java\kr\pe\sinnori\impl\message] creation task end
06:35:46.275 [main] INFO  k.p.s.common.util.CommonStaticUtil - the new child relative direcotry[D:\gitsinnori\sinnori\project\sample_test\client_build\web_build\src\main\java\kr\pe\sinnori\impl\message][PublicKeyRes] was created successfully
06:35:46.275 [main] INFO  k.p.s.c.buildsystem.ProjectBuilder - main project[sample_test]'s message file[PublicKeyRes][D:\gitsinnori\sinnori\project\sample_test\client_build\web_build\src\main\java\kr\pe\sinnori\impl\message] creation task start
06:35:46.291 [main] INFO  k.p.s.c.buildsystem.ProjectBuilder - main project[sample_test]'s message file[PublicKeyRes][D:\gitsinnori\sinnori\project\sample_test\client_build\web_build\src\main\java\kr\pe\sinnori\impl\message] creation task end
06:35:46.291 [main] INFO  k.p.s.c.buildsystem.ProjectBuilder - main project[sample_test]'s message decoder file[PublicKeyRes][D:\gitsinnori\sinnori\project\sample_test\client_build\web_build\src\main\java\kr\pe\sinnori\impl\message] creation task start
06:35:46.291 [main] INFO  k.p.s.c.buildsystem.ProjectBuilder - main project[sample_test]'s message decoder file[PublicKeyRes][D:\gitsinnori\sinnori\project\sample_test\client_build\web_build\src\main\java\kr\pe\sinnori\impl\message] creation task end
06:35:46.291 [main] INFO  k.p.s.c.buildsystem.ProjectBuilder - main project[sample_test]'s message encoder file[PublicKeyRes][D:\gitsinnori\sinnori\project\sample_test\client_build\web_build\src\main\java\kr\pe\sinnori\impl\message] creation task start
06:35:46.291 [main] INFO  k.p.s.c.buildsystem.ProjectBuilder - main project[sample_test]'s message encoder file[PublicKeyRes][D:\gitsinnori\sinnori\project\sample_test\client_build\web_build\src\main\java\kr\pe\sinnori\impl\message] creation task end
06:35:46.291 [main] INFO  k.p.s.c.buildsystem.ProjectBuilder - main project[sample_test]'s message server codec file[PublicKeyRes][D:\gitsinnori\sinnori\project\sample_test\client_build\web_build\src\main\java\kr\pe\sinnori\impl\message] creation task start
06:35:46.291 [main] INFO  k.p.s.c.buildsystem.ProjectBuilder - main project[sample_test]'s message server codec file[PublicKeyRes][D:\gitsinnori\sinnori\project\sample_test\client_build\web_build\src\main\java\kr\pe\sinnori\impl\message] creation task end
06:35:46.291 [main] INFO  k.p.s.c.buildsystem.ProjectBuilder - main project[sample_test]'s message client codec file[PublicKeyRes][D:\gitsinnori\sinnori\project\sample_test\client_build\web_build\src\main\java\kr\pe\sinnori\impl\message] creation task start
06:35:46.291 [main] INFO  k.p.s.c.buildsystem.ProjectBuilder - main project[sample_test]'s message client codec file[PublicKeyRes][D:\gitsinnori\sinnori\project\sample_test\client_build\web_build\src\main\java\kr\pe\sinnori\impl\message] creation task end
06:35:46.291 [main] INFO  k.p.s.c.buildsystem.ProjectBuilder - main project[sample_test]'s web client message io file set creation task end
06:35:46.291 [main] INFO  k.p.s.c.buildsystem.ProjectBuilder - mainproject[sample_test]'s web client sample source files copy task start
06:35:46.353 [main] INFO  k.p.s.c.buildsystem.ProjectBuilder - mainproject[sample_test]'s web client sample source files copy task end
06:35:46.353 [main] INFO  k.p.s.c.buildsystem.ProjectBuilder - main project[sample_test]'s web client build system files creation task end
06:35:46.353 [main] INFO  k.p.s.c.buildsystem.ProjectBuilder - main project[sample_test]'s web root child direcotry creation task start
06:35:46.353 [main] INFO  k.p.s.common.util.CommonStaticUtil - the child relative direcotry[D:\gitsinnori\sinnori\project\sample_test][web_app_base/upload] exist, so nothing
06:35:46.353 [main] INFO  k.p.s.common.util.CommonStaticUtil - the new child relative direcotry[D:\gitsinnori\sinnori\project\sample_test][web_app_base/ROOT/WEB-INF/classes] was created successfully
06:35:46.353 [main] INFO  k.p.s.common.util.CommonStaticUtil - the new child relative direcotry[D:\gitsinnori\sinnori\project\sample_test][web_app_base/ROOT/WEB-INF/lib] was created successfully
06:35:46.353 [main] INFO  k.p.s.c.buildsystem.ProjectBuilder - main project[sample_test]'s web root child direcotry creation task end
06:35:46.353 [main] INFO  k.p.s.c.buildsystem.ProjectBuilder - main project[sample_test]'s web root sample files creation task start
06:35:46.353 [main] INFO  k.p.s.c.buildsystem.ProjectBuilder - main project[sample_test]'s web root sample files copy task start
06:35:46.369 [main] INFO  k.p.s.c.buildsystem.ProjectBuilder - main project[sample_test]'s web root sample files copy task end
06:35:46.369 [main] INFO  k.p.s.c.buildsystem.ProjectBuilder - main project[sample_test]'s web root sample files creation task end
06:35:46.369 [main] INFO  k.p.s.c.buildsystem.ProjectBuilder - main project[sample_test]'s config file overwrite task start
06:35:46.369 [main] INFO  k.p.s.c.buildsystem.ProjectBuilder - main project[sample_test]'s config file overwrite task end
06:35:46.369 [main] INFO  k.p.s.c.buildsystem.ProjectBuilder - main project[sample_test] changeProjectState method end
06:35:46.369 [main] INFO  k.p.s.c.buildsystem.ProjectBuilder - the server ant build.xml file[D:\gitsinnori\sinnori\project\sample_test\server_build\build.xml] is bad :: whetherExist[false] isFile[false]
06:35:46.369 [main] INFO  k.p.s.c.buildsystem.ProjectBuilder - main project[sample_test] changeProjectState method start
06:35:46.369 [main] INFO  k.p.s.c.buildsystem.ProjectBuilder - main project[sample_test]'s server child direcotry creation task start
06:35:46.369 [main] INFO  k.p.s.common.util.CommonStaticUtil - the new child relative direcotry[D:\gitsinnori\sinnori\project\sample_test][server_build/APP-INF/classes] was created successfully
06:35:46.369 [main] INFO  k.p.s.common.util.CommonStaticUtil - the new child relative direcotry[D:\gitsinnori\sinnori\project\sample_test][server_build/corelib/ex] was created successfully
06:35:46.369 [main] INFO  k.p.s.common.util.CommonStaticUtil - the new child relative direcotry[D:\gitsinnori\sinnori\project\sample_test][server_build/corelib/in] was created successfully
06:35:46.369 [main] INFO  k.p.s.common.util.CommonStaticUtil - the new child relative direcotry[D:\gitsinnori\sinnori\project\sample_test][server_build/lib/main/ex] was created successfully
06:35:46.369 [main] INFO  k.p.s.common.util.CommonStaticUtil - the new child relative direcotry[D:\gitsinnori\sinnori\project\sample_test][server_build/lib/main/in] was created successfully
06:35:46.369 [main] INFO  k.p.s.common.util.CommonStaticUtil - the new child relative direcotry[D:\gitsinnori\sinnori\project\sample_test][server_build/lib/test] was created successfully
06:35:46.369 [main] INFO  k.p.s.common.util.CommonStaticUtil - the new child relative direcotry[D:\gitsinnori\sinnori\project\sample_test][server_build/src/main/java/kr/pe/sinnori/impl/servertask] was created successfully
06:35:46.369 [main] INFO  k.p.s.common.util.CommonStaticUtil - the new child relative direcotry[D:\gitsinnori\sinnori\project\sample_test][server_build/src/main/java/kr/pe/sinnori/impl/message] was created successfully
06:35:46.369 [main] INFO  k.p.s.common.util.CommonStaticUtil - the new child relative direcotry[D:\gitsinnori\sinnori\project\sample_test][server_build/src/main/java/main] was created successfully
06:35:46.416 [main] INFO  k.p.s.common.util.CommonStaticUtil - the new child relative direcotry[D:\gitsinnori\sinnori\project\sample_test][server_build/src/test/java] was created successfully
06:35:46.416 [main] INFO  k.p.s.common.util.CommonStaticUtil - the new child relative direcotry[D:\gitsinnori\sinnori\project\sample_test][server_build/build] was created successfully
06:35:46.416 [main] INFO  k.p.s.common.util.CommonStaticUtil - the new child relative direcotry[D:\gitsinnori\sinnori\project\sample_test][server_build/dist] was created successfully
06:35:46.416 [main] INFO  k.p.s.c.buildsystem.ProjectBuilder - main project[sample_test]'s server child direcotry creation task end
06:35:46.416 [main] INFO  k.p.s.c.buildsystem.ProjectBuilder - server build system files creation task start
06:35:46.416 [main] INFO  k.p.s.c.buildsystem.ProjectBuilder - main project[sample_test]'s server ant build.xml file creation task start
06:35:46.416 [main] INFO  k.p.s.c.buildsystem.ProjectBuilder - main project[sample_test]'s server ant build.xml file creation task end
06:35:46.416 [main] INFO  k.p.s.c.buildsystem.ProjectBuilder - main project[sample_test]'s server dos shell file creation task start
06:35:46.416 [main] INFO  k.p.s.c.buildsystem.ProjectBuilder - main project[sample_test]'s server dos shell file creation task end
06:35:46.416 [main] INFO  k.p.s.c.buildsystem.ProjectBuilder - main project[sample_test]'s server unix shell file creation task start
06:35:46.416 [main] INFO  k.p.s.c.buildsystem.ProjectBuilder - main project[sample_test]'s server unix shell file creation task end
06:35:46.416 [main] INFO  k.p.s.c.buildsystem.ProjectBuilder - server sample source files copy task start
06:35:46.416 [main] INFO  k.p.s.c.buildsystem.ProjectBuilder - server sample source files copy task end
06:35:46.416 [main] INFO  k.p.s.c.buildsystem.ProjectBuilder - main project[sample_test]'s server message io file set creation task start
06:35:46.416 [main] INFO  k.p.s.common.util.CommonStaticUtil - the new child relative direcotry[D:\gitsinnori\sinnori\project\sample_test\server_build\src\main\java\kr\pe\sinnori\impl\message][Echo] was created successfully
06:35:46.416 [main] INFO  k.p.s.c.buildsystem.ProjectBuilder - main project[sample_test]'s message file[Echo][D:\gitsinnori\sinnori\project\sample_test\server_build\src\main\java\kr\pe\sinnori\impl\message] creation task start
06:35:46.416 [main] INFO  k.p.s.c.buildsystem.ProjectBuilder - main project[sample_test]'s message file[Echo][D:\gitsinnori\sinnori\project\sample_test\server_build\src\main\java\kr\pe\sinnori\impl\message] creation task end
06:35:46.416 [main] INFO  k.p.s.c.buildsystem.ProjectBuilder - main project[sample_test]'s message decoder file[Echo][D:\gitsinnori\sinnori\project\sample_test\server_build\src\main\java\kr\pe\sinnori\impl\message] creation task start
06:35:46.431 [main] INFO  k.p.s.c.buildsystem.ProjectBuilder - main project[sample_test]'s message decoder file[Echo][D:\gitsinnori\sinnori\project\sample_test\server_build\src\main\java\kr\pe\sinnori\impl\message] creation task end
06:35:46.431 [main] INFO  k.p.s.c.buildsystem.ProjectBuilder - main project[sample_test]'s message encoder file[Echo][D:\gitsinnori\sinnori\project\sample_test\server_build\src\main\java\kr\pe\sinnori\impl\message] creation task start
06:35:46.431 [main] INFO  k.p.s.c.buildsystem.ProjectBuilder - main project[sample_test]'s message encoder file[Echo][D:\gitsinnori\sinnori\project\sample_test\server_build\src\main\java\kr\pe\sinnori\impl\message] creation task end
06:35:46.431 [main] INFO  k.p.s.c.buildsystem.ProjectBuilder - main project[sample_test]'s message server codec file[Echo][D:\gitsinnori\sinnori\project\sample_test\server_build\src\main\java\kr\pe\sinnori\impl\message] creation task start
06:35:46.431 [main] INFO  k.p.s.c.buildsystem.ProjectBuilder - main project[sample_test]'s message server codec file[Echo][D:\gitsinnori\sinnori\project\sample_test\server_build\src\main\java\kr\pe\sinnori\impl\message] creation task end
06:35:46.431 [main] INFO  k.p.s.c.buildsystem.ProjectBuilder - main project[sample_test]'s message client codec file[Echo][D:\gitsinnori\sinnori\project\sample_test\server_build\src\main\java\kr\pe\sinnori\impl\message] creation task start
06:35:46.431 [main] INFO  k.p.s.c.buildsystem.ProjectBuilder - main project[sample_test]'s message client codec file[Echo][D:\gitsinnori\sinnori\project\sample_test\server_build\src\main\java\kr\pe\sinnori\impl\message] creation task end
06:35:46.431 [main] INFO  k.p.s.common.util.CommonStaticUtil - the new child relative direcotry[D:\gitsinnori\sinnori\project\sample_test\server_build\src\main\java\kr\pe\sinnori\impl\message][PublicKeyReq] was created successfully
06:35:46.431 [main] INFO  k.p.s.c.buildsystem.ProjectBuilder - main project[sample_test]'s message file[PublicKeyReq][D:\gitsinnori\sinnori\project\sample_test\server_build\src\main\java\kr\pe\sinnori\impl\message] creation task start
06:35:46.447 [main] INFO  k.p.s.c.buildsystem.ProjectBuilder - main project[sample_test]'s message file[PublicKeyReq][D:\gitsinnori\sinnori\project\sample_test\server_build\src\main\java\kr\pe\sinnori\impl\message] creation task end
06:35:46.447 [main] INFO  k.p.s.c.buildsystem.ProjectBuilder - main project[sample_test]'s message decoder file[PublicKeyReq][D:\gitsinnori\sinnori\project\sample_test\server_build\src\main\java\kr\pe\sinnori\impl\message] creation task start
06:35:46.447 [main] INFO  k.p.s.c.buildsystem.ProjectBuilder - main project[sample_test]'s message decoder file[PublicKeyReq][D:\gitsinnori\sinnori\project\sample_test\server_build\src\main\java\kr\pe\sinnori\impl\message] creation task end
06:35:46.447 [main] INFO  k.p.s.c.buildsystem.ProjectBuilder - main project[sample_test]'s message encoder file[PublicKeyReq][D:\gitsinnori\sinnori\project\sample_test\server_build\src\main\java\kr\pe\sinnori\impl\message] creation task start
06:35:46.447 [main] INFO  k.p.s.c.buildsystem.ProjectBuilder - main project[sample_test]'s message encoder file[PublicKeyReq][D:\gitsinnori\sinnori\project\sample_test\server_build\src\main\java\kr\pe\sinnori\impl\message] creation task end
06:35:46.447 [main] INFO  k.p.s.c.buildsystem.ProjectBuilder - main project[sample_test]'s message server codec file[PublicKeyReq][D:\gitsinnori\sinnori\project\sample_test\server_build\src\main\java\kr\pe\sinnori\impl\message] creation task start
06:35:46.447 [main] INFO  k.p.s.c.buildsystem.ProjectBuilder - main project[sample_test]'s message server codec file[PublicKeyReq][D:\gitsinnori\sinnori\project\sample_test\server_build\src\main\java\kr\pe\sinnori\impl\message] creation task end
06:35:46.447 [main] INFO  k.p.s.c.buildsystem.ProjectBuilder - main project[sample_test]'s message client codec file[PublicKeyReq][D:\gitsinnori\sinnori\project\sample_test\server_build\src\main\java\kr\pe\sinnori\impl\message] creation task start
06:35:46.447 [main] INFO  k.p.s.c.buildsystem.ProjectBuilder - main project[sample_test]'s message client codec file[PublicKeyReq][D:\gitsinnori\sinnori\project\sample_test\server_build\src\main\java\kr\pe\sinnori\impl\message] creation task end
06:35:46.447 [main] INFO  k.p.s.common.util.CommonStaticUtil - the new child relative direcotry[D:\gitsinnori\sinnori\project\sample_test\server_build\src\main\java\kr\pe\sinnori\impl\message][PublicKeyRes] was created successfully
06:35:46.447 [main] INFO  k.p.s.c.buildsystem.ProjectBuilder - main project[sample_test]'s message file[PublicKeyRes][D:\gitsinnori\sinnori\project\sample_test\server_build\src\main\java\kr\pe\sinnori\impl\message] creation task start
06:35:46.447 [main] INFO  k.p.s.c.buildsystem.ProjectBuilder - main project[sample_test]'s message file[PublicKeyRes][D:\gitsinnori\sinnori\project\sample_test\server_build\src\main\java\kr\pe\sinnori\impl\message] creation task end
06:35:46.447 [main] INFO  k.p.s.c.buildsystem.ProjectBuilder - main project[sample_test]'s message decoder file[PublicKeyRes][D:\gitsinnori\sinnori\project\sample_test\server_build\src\main\java\kr\pe\sinnori\impl\message] creation task start
06:35:46.463 [main] INFO  k.p.s.c.buildsystem.ProjectBuilder - main project[sample_test]'s message decoder file[PublicKeyRes][D:\gitsinnori\sinnori\project\sample_test\server_build\src\main\java\kr\pe\sinnori\impl\message] creation task end
06:35:46.463 [main] INFO  k.p.s.c.buildsystem.ProjectBuilder - main project[sample_test]'s message encoder file[PublicKeyRes][D:\gitsinnori\sinnori\project\sample_test\server_build\src\main\java\kr\pe\sinnori\impl\message] creation task start
06:35:46.463 [main] INFO  k.p.s.c.buildsystem.ProjectBuilder - main project[sample_test]'s message encoder file[PublicKeyRes][D:\gitsinnori\sinnori\project\sample_test\server_build\src\main\java\kr\pe\sinnori\impl\message] creation task end
06:35:46.463 [main] INFO  k.p.s.c.buildsystem.ProjectBuilder - main project[sample_test]'s message server codec file[PublicKeyRes][D:\gitsinnori\sinnori\project\sample_test\server_build\src\main\java\kr\pe\sinnori\impl\message] creation task start
06:35:46.463 [main] INFO  k.p.s.c.buildsystem.ProjectBuilder - main project[sample_test]'s message server codec file[PublicKeyRes][D:\gitsinnori\sinnori\project\sample_test\server_build\src\main\java\kr\pe\sinnori\impl\message] creation task end
06:35:46.463 [main] INFO  k.p.s.c.buildsystem.ProjectBuilder - main project[sample_test]'s message client codec file[PublicKeyRes][D:\gitsinnori\sinnori\project\sample_test\server_build\src\main\java\kr\pe\sinnori\impl\message] creation task start
06:35:46.463 [main] INFO  k.p.s.c.buildsystem.ProjectBuilder - main project[sample_test]'s message client codec file[PublicKeyRes][D:\gitsinnori\sinnori\project\sample_test\server_build\src\main\java\kr\pe\sinnori\impl\message] creation task end
06:35:46.463 [main] INFO  k.p.s.c.buildsystem.ProjectBuilder - main project[sample_test]'s server message io file set creation task end
06:35:46.463 [main] INFO  k.p.s.c.buildsystem.ProjectBuilder - server build system files creation task end
06:35:46.556 [main] INFO  k.p.s.c.buildsystem.ProjectBuilder - mainproject[sample_test]'s application client build path deletion task start
06:35:46.588 [main] INFO  k.p.s.c.buildsystem.ProjectBuilder - mainproject[sample_test]'s application client build path deletion task end
06:35:46.588 [main] INFO  k.p.s.c.buildsystem.ProjectBuilder - main project[sample_test]'s web client build path deletion task start
06:35:46.603 [main] INFO  k.p.s.c.buildsystem.ProjectBuilder - main project[sample_test]'s web client build path deletion task end
06:35:46.603 [main] INFO  k.p.s.c.buildsystem.ProjectBuilder - main project[sample_test]'s web root path deletion task start
06:35:46.619 [main] INFO  k.p.s.c.buildsystem.ProjectBuilder - main project[sample_test]'s web root path deletion task end
06:35:46.619 [main] INFO  k.p.s.c.buildsystem.ProjectBuilder - main project[sample_test]'s config file overwrite task start
06:35:46.619 [main] INFO  k.p.s.c.buildsystem.ProjectBuilder - main project[sample_test]'s config file overwrite task end
06:35:46.619 [main] INFO  k.p.s.c.buildsystem.ProjectBuilder - main project[sample_test] changeProjectState method end
06:35:46.619 [main] INFO  k.p.s.c.buildsystem.ProjectBuilder - the app client ant build.xml file[D:\gitsinnori\sinnori\project\sample_test\client_build\app_build\build.xml] is bad :: whetherExist[false] isFile[false]
06:35:46.619 [main] INFO  k.p.s.c.buildsystem.ProjectBuilder - the web client ant build.xml file[D:\gitsinnori\sinnori\project\sample_test\client_build\web_build\build.xml] is bad :: whetherExist[false] isFile[false]
06:35:46.619 [main] INFO  k.p.s.c.buildsystem.ProjectBuilder - the web.xml file[D:\gitsinnori\sinnori\project\sample_test\web_app_base\ROOT\WEB-INF\web.xml] located at web root directory is bad :: whetherExist[false] isFile[false]
06:35:46.619 [main] INFO  k.p.s.c.buildsystem.ProjectBuilder - main project[sample_test] changeProjectState method start
06:35:46.619 [main] WARN  k.p.s.c.buildsystem.ProjectBuilder - the server build path[D:\gitsinnori\sinnori\project\sample_test\server_build] exist, so skip creation of server build system
06:35:46.619 [main] INFO  k.p.s.c.buildsystem.ProjectBuilder - the app client ant build.xml file[D:\gitsinnori\sinnori\project\sample_test\client_build\app_build\build.xml] is bad :: whetherExist[false] isFile[false]
06:35:46.619 [main] WARN  k.p.s.c.buildsystem.ProjectBuilder - the app client buid.xml file[D:\gitsinnori\sinnori\project\sample_test\client_build\app_build\build.xml] is bad beacse it doesn't exist or is not a file, so skip deletion of app client build system
06:35:46.619 [main] INFO  k.p.s.c.buildsystem.ProjectBuilder - main project[sample_test]'s web build child direcotry creation task start
06:35:46.619 [main] INFO  k.p.s.common.util.CommonStaticUtil - the new child relative direcotry[D:\gitsinnori\sinnori\project\sample_test][client_build/web_build/corelib/ex] was created successfully
06:35:46.619 [main] INFO  k.p.s.common.util.CommonStaticUtil - the new child relative direcotry[D:\gitsinnori\sinnori\project\sample_test][client_build/web_build/corelib/in] was created successfully
06:35:46.619 [main] INFO  k.p.s.common.util.CommonStaticUtil - the new child relative direcotry[D:\gitsinnori\sinnori\project\sample_test][client_build/web_build/lib/main/ex] was created successfully
06:35:46.619 [main] INFO  k.p.s.common.util.CommonStaticUtil - the new child relative direcotry[D:\gitsinnori\sinnori\project\sample_test][client_build/web_build/lib/main/in] was created successfully
06:35:46.619 [main] INFO  k.p.s.common.util.CommonStaticUtil - the new child relative direcotry[D:\gitsinnori\sinnori\project\sample_test][client_build/web_build/lib/test] was created successfully
06:35:46.635 [main] INFO  k.p.s.common.util.CommonStaticUtil - the new child relative direcotry[D:\gitsinnori\sinnori\project\sample_test][client_build/web_build/src/main/java/kr/pe/sinnori/impl/message] was created successfully
06:35:46.635 [main] INFO  k.p.s.common.util.CommonStaticUtil - the new child relative direcotry[D:\gitsinnori\sinnori\project\sample_test][client_build/web_build/src/main/java//kr/pe/sinnori/servlet] was created successfully
06:35:46.635 [main] INFO  k.p.s.common.util.CommonStaticUtil - the new child relative direcotry[D:\gitsinnori\sinnori\project\sample_test][client_build/web_build/src/main/java/kr/pe/sinnori/weblib/common] was created successfully
06:35:46.681 [main] INFO  k.p.s.common.util.CommonStaticUtil - the new child relative direcotry[D:\gitsinnori\sinnori\project\sample_test][client_build/web_build/src/main/java/kr/pe/sinnori/weblib/htmlstring] was created successfully
06:35:46.681 [main] INFO  k.p.s.common.util.CommonStaticUtil - the new child relative direcotry[D:\gitsinnori\sinnori\project\sample_test][client_build/web_build/src/main/java/kr/pe/sinnori/weblib/jdf] was created successfully
06:35:46.681 [main] INFO  k.p.s.common.util.CommonStaticUtil - the new child relative direcotry[D:\gitsinnori\sinnori\project\sample_test][client_build/web_build/src/test/java] was created successfully
06:35:46.681 [main] INFO  k.p.s.common.util.CommonStaticUtil - the new child relative direcotry[D:\gitsinnori\sinnori\project\sample_test][client_build/web_build/build] was created successfully
06:35:46.681 [main] INFO  k.p.s.common.util.CommonStaticUtil - the new child relative direcotry[D:\gitsinnori\sinnori\project\sample_test][client_build/web_build/dist] was created successfully
06:35:46.681 [main] INFO  k.p.s.c.buildsystem.ProjectBuilder - main project[sample_test]'s web build child direcotry creation task end
06:35:46.681 [main] INFO  k.p.s.c.buildsystem.ProjectBuilder - main project[sample_test]'s web client build system files creation task start
06:35:46.681 [main] INFO  k.p.s.c.buildsystem.ProjectBuilder - main project[sample_test]'s web client ant build.xml file creation task start
06:35:46.681 [main] INFO  k.p.s.c.buildsystem.ProjectBuilder - main project[sample_test]'s web client ant build.xml file creation task end
06:35:46.681 [main] INFO  k.p.s.c.buildsystem.ProjectBuilder - main project[sample_test]'s web client ant properties file creation task start
06:35:46.681 [main] INFO  k.p.s.c.util.SequencedPropertiesUtil - the sequenced properties file[D:\gitsinnori\sinnori\project\sample_test\client_build\web_build\webAnt.properties] was created
06:35:46.697 [main] INFO  k.p.s.c.buildsystem.ProjectBuilder - main project[sample_test]'s web client ant properties file creation task end
06:35:46.697 [main] INFO  k.p.s.c.buildsystem.ProjectBuilder - main project[sample_test]'s web client message io file set creation task start
06:35:46.697 [main] INFO  k.p.s.common.util.CommonStaticUtil - the new child relative direcotry[D:\gitsinnori\sinnori\project\sample_test\client_build\web_build\src\main\java\kr\pe\sinnori\impl\message][Echo] was created successfully
06:35:46.697 [main] INFO  k.p.s.c.buildsystem.ProjectBuilder - main project[sample_test]'s message file[Echo][D:\gitsinnori\sinnori\project\sample_test\client_build\web_build\src\main\java\kr\pe\sinnori\impl\message] creation task start
06:35:46.697 [main] INFO  k.p.s.c.buildsystem.ProjectBuilder - main project[sample_test]'s message file[Echo][D:\gitsinnori\sinnori\project\sample_test\client_build\web_build\src\main\java\kr\pe\sinnori\impl\message] creation task end
06:35:46.697 [main] INFO  k.p.s.c.buildsystem.ProjectBuilder - main project[sample_test]'s message decoder file[Echo][D:\gitsinnori\sinnori\project\sample_test\client_build\web_build\src\main\java\kr\pe\sinnori\impl\message] creation task start
06:35:46.713 [main] INFO  k.p.s.c.buildsystem.ProjectBuilder - main project[sample_test]'s message decoder file[Echo][D:\gitsinnori\sinnori\project\sample_test\client_build\web_build\src\main\java\kr\pe\sinnori\impl\message] creation task end
06:35:46.713 [main] INFO  k.p.s.c.buildsystem.ProjectBuilder - main project[sample_test]'s message encoder file[Echo][D:\gitsinnori\sinnori\project\sample_test\client_build\web_build\src\main\java\kr\pe\sinnori\impl\message] creation task start
06:35:46.713 [main] INFO  k.p.s.c.buildsystem.ProjectBuilder - main project[sample_test]'s message encoder file[Echo][D:\gitsinnori\sinnori\project\sample_test\client_build\web_build\src\main\java\kr\pe\sinnori\impl\message] creation task end
06:35:46.713 [main] INFO  k.p.s.c.buildsystem.ProjectBuilder - main project[sample_test]'s message server codec file[Echo][D:\gitsinnori\sinnori\project\sample_test\client_build\web_build\src\main\java\kr\pe\sinnori\impl\message] creation task start
06:35:46.713 [main] INFO  k.p.s.c.buildsystem.ProjectBuilder - main project[sample_test]'s message server codec file[Echo][D:\gitsinnori\sinnori\project\sample_test\client_build\web_build\src\main\java\kr\pe\sinnori\impl\message] creation task end
06:35:46.713 [main] INFO  k.p.s.c.buildsystem.ProjectBuilder - main project[sample_test]'s message client codec file[Echo][D:\gitsinnori\sinnori\project\sample_test\client_build\web_build\src\main\java\kr\pe\sinnori\impl\message] creation task start
06:35:46.713 [main] INFO  k.p.s.c.buildsystem.ProjectBuilder - main project[sample_test]'s message client codec file[Echo][D:\gitsinnori\sinnori\project\sample_test\client_build\web_build\src\main\java\kr\pe\sinnori\impl\message] creation task end
06:35:46.713 [main] INFO  k.p.s.common.util.CommonStaticUtil - the new child relative direcotry[D:\gitsinnori\sinnori\project\sample_test\client_build\web_build\src\main\java\kr\pe\sinnori\impl\message][PublicKeyReq] was created successfully
06:35:46.713 [main] INFO  k.p.s.c.buildsystem.ProjectBuilder - main project[sample_test]'s message file[PublicKeyReq][D:\gitsinnori\sinnori\project\sample_test\client_build\web_build\src\main\java\kr\pe\sinnori\impl\message] creation task start
06:35:46.728 [main] INFO  k.p.s.c.buildsystem.ProjectBuilder - main project[sample_test]'s message file[PublicKeyReq][D:\gitsinnori\sinnori\project\sample_test\client_build\web_build\src\main\java\kr\pe\sinnori\impl\message] creation task end
06:35:46.728 [main] INFO  k.p.s.c.buildsystem.ProjectBuilder - main project[sample_test]'s message decoder file[PublicKeyReq][D:\gitsinnori\sinnori\project\sample_test\client_build\web_build\src\main\java\kr\pe\sinnori\impl\message] creation task start
06:35:46.728 [main] INFO  k.p.s.c.buildsystem.ProjectBuilder - main project[sample_test]'s message decoder file[PublicKeyReq][D:\gitsinnori\sinnori\project\sample_test\client_build\web_build\src\main\java\kr\pe\sinnori\impl\message] creation task end
06:35:46.728 [main] INFO  k.p.s.c.buildsystem.ProjectBuilder - main project[sample_test]'s message encoder file[PublicKeyReq][D:\gitsinnori\sinnori\project\sample_test\client_build\web_build\src\main\java\kr\pe\sinnori\impl\message] creation task start
06:35:46.728 [main] INFO  k.p.s.c.buildsystem.ProjectBuilder - main project[sample_test]'s message encoder file[PublicKeyReq][D:\gitsinnori\sinnori\project\sample_test\client_build\web_build\src\main\java\kr\pe\sinnori\impl\message] creation task end
06:35:46.728 [main] INFO  k.p.s.c.buildsystem.ProjectBuilder - main project[sample_test]'s message server codec file[PublicKeyReq][D:\gitsinnori\sinnori\project\sample_test\client_build\web_build\src\main\java\kr\pe\sinnori\impl\message] creation task start
06:35:46.728 [main] INFO  k.p.s.c.buildsystem.ProjectBuilder - main project[sample_test]'s message server codec file[PublicKeyReq][D:\gitsinnori\sinnori\project\sample_test\client_build\web_build\src\main\java\kr\pe\sinnori\impl\message] creation task end
06:35:46.728 [main] INFO  k.p.s.c.buildsystem.ProjectBuilder - main project[sample_test]'s message client codec file[PublicKeyReq][D:\gitsinnori\sinnori\project\sample_test\client_build\web_build\src\main\java\kr\pe\sinnori\impl\message] creation task start
06:35:46.744 [main] INFO  k.p.s.c.buildsystem.ProjectBuilder - main project[sample_test]'s message client codec file[PublicKeyReq][D:\gitsinnori\sinnori\project\sample_test\client_build\web_build\src\main\java\kr\pe\sinnori\impl\message] creation task end
06:35:46.744 [main] INFO  k.p.s.common.util.CommonStaticUtil - the new child relative direcotry[D:\gitsinnori\sinnori\project\sample_test\client_build\web_build\src\main\java\kr\pe\sinnori\impl\message][PublicKeyRes] was created successfully
06:35:46.744 [main] INFO  k.p.s.c.buildsystem.ProjectBuilder - main project[sample_test]'s message file[PublicKeyRes][D:\gitsinnori\sinnori\project\sample_test\client_build\web_build\src\main\java\kr\pe\sinnori\impl\message] creation task start
06:35:46.744 [main] INFO  k.p.s.c.buildsystem.ProjectBuilder - main project[sample_test]'s message file[PublicKeyRes][D:\gitsinnori\sinnori\project\sample_test\client_build\web_build\src\main\java\kr\pe\sinnori\impl\message] creation task end
06:35:46.744 [main] INFO  k.p.s.c.buildsystem.ProjectBuilder - main project[sample_test]'s message decoder file[PublicKeyRes][D:\gitsinnori\sinnori\project\sample_test\client_build\web_build\src\main\java\kr\pe\sinnori\impl\message] creation task start
06:35:46.744 [main] INFO  k.p.s.c.buildsystem.ProjectBuilder - main project[sample_test]'s message decoder file[PublicKeyRes][D:\gitsinnori\sinnori\project\sample_test\client_build\web_build\src\main\java\kr\pe\sinnori\impl\message] creation task end
06:35:46.744 [main] INFO  k.p.s.c.buildsystem.ProjectBuilder - main project[sample_test]'s message encoder file[PublicKeyRes][D:\gitsinnori\sinnori\project\sample_test\client_build\web_build\src\main\java\kr\pe\sinnori\impl\message] creation task start
06:35:46.744 [main] INFO  k.p.s.c.buildsystem.ProjectBuilder - main project[sample_test]'s message encoder file[PublicKeyRes][D:\gitsinnori\sinnori\project\sample_test\client_build\web_build\src\main\java\kr\pe\sinnori\impl\message] creation task end
06:35:46.744 [main] INFO  k.p.s.c.buildsystem.ProjectBuilder - main project[sample_test]'s message server codec file[PublicKeyRes][D:\gitsinnori\sinnori\project\sample_test\client_build\web_build\src\main\java\kr\pe\sinnori\impl\message] creation task start
06:35:46.744 [main] INFO  k.p.s.c.buildsystem.ProjectBuilder - main project[sample_test]'s message server codec file[PublicKeyRes][D:\gitsinnori\sinnori\project\sample_test\client_build\web_build\src\main\java\kr\pe\sinnori\impl\message] creation task end
06:35:46.744 [main] INFO  k.p.s.c.buildsystem.ProjectBuilder - main project[sample_test]'s message client codec file[PublicKeyRes][D:\gitsinnori\sinnori\project\sample_test\client_build\web_build\src\main\java\kr\pe\sinnori\impl\message] creation task start
06:35:46.838 [main] INFO  k.p.s.c.buildsystem.ProjectBuilder - main project[sample_test]'s message client codec file[PublicKeyRes][D:\gitsinnori\sinnori\project\sample_test\client_build\web_build\src\main\java\kr\pe\sinnori\impl\message] creation task end
06:35:46.838 [main] INFO  k.p.s.c.buildsystem.ProjectBuilder - main project[sample_test]'s web client message io file set creation task end
06:35:46.838 [main] INFO  k.p.s.c.buildsystem.ProjectBuilder - mainproject[sample_test]'s web client sample source files copy task start
06:35:46.916 [main] INFO  k.p.s.c.buildsystem.ProjectBuilder - mainproject[sample_test]'s web client sample source files copy task end
06:35:46.916 [main] INFO  k.p.s.c.buildsystem.ProjectBuilder - main project[sample_test]'s web client build system files creation task end
06:35:46.916 [main] INFO  k.p.s.c.buildsystem.ProjectBuilder - main project[sample_test]'s web root child direcotry creation task start
06:35:46.916 [main] INFO  k.p.s.common.util.CommonStaticUtil - the child relative direcotry[D:\gitsinnori\sinnori\project\sample_test][web_app_base/upload] exist, so nothing
06:35:46.916 [main] INFO  k.p.s.common.util.CommonStaticUtil - the new child relative direcotry[D:\gitsinnori\sinnori\project\sample_test][web_app_base/ROOT/WEB-INF/classes] was created successfully
06:35:46.916 [main] INFO  k.p.s.common.util.CommonStaticUtil - the new child relative direcotry[D:\gitsinnori\sinnori\project\sample_test][web_app_base/ROOT/WEB-INF/lib] was created successfully
06:35:46.916 [main] INFO  k.p.s.c.buildsystem.ProjectBuilder - main project[sample_test]'s web root child direcotry creation task end
06:35:46.916 [main] INFO  k.p.s.c.buildsystem.ProjectBuilder - main project[sample_test]'s web root sample files creation task start
06:35:46.916 [main] INFO  k.p.s.c.buildsystem.ProjectBuilder - main project[sample_test]'s web root sample files copy task start
06:35:46.931 [main] INFO  k.p.s.c.buildsystem.ProjectBuilder - main project[sample_test]'s web root sample files copy task end
06:35:46.931 [main] INFO  k.p.s.c.buildsystem.ProjectBuilder - main project[sample_test]'s web root sample files creation task end
06:35:46.931 [main] INFO  k.p.s.c.buildsystem.ProjectBuilder - main project[sample_test]'s config file overwrite task start
06:35:46.931 [main] INFO  k.p.s.c.buildsystem.ProjectBuilder - main project[sample_test]'s config file overwrite task end
06:35:46.931 [main] INFO  k.p.s.c.buildsystem.ProjectBuilder - main project[sample_test] changeProjectState method end
06:35:46.931 [main] INFO  k.p.s.c.buildsystem.ProjectBuilder - the app client ant build.xml file[D:\gitsinnori\sinnori\project\sample_test\client_build\app_build\build.xml] is bad :: whetherExist[false] isFile[false]
06:35:46.931 [main] INFO  k.p.s.c.buildsystem.ProjectBuilder - main project[sample_test] changeProjectState method start
06:35:46.931 [main] WARN  k.p.s.c.buildsystem.ProjectBuilder - the server build path[D:\gitsinnori\sinnori\project\sample_test\server_build] exist, so skip creation of server build system
06:35:46.931 [main] INFO  k.p.s.c.buildsystem.ProjectBuilder - main project[sample_test]'s application build child direcotry creation task start
06:35:46.931 [main] INFO  k.p.s.common.util.CommonStaticUtil - the new child relative direcotry[D:\gitsinnori\sinnori\project\sample_test][client_build/app_build/corelib/ex] was created successfully
06:35:46.931 [main] INFO  k.p.s.common.util.CommonStaticUtil - the new child relative direcotry[D:\gitsinnori\sinnori\project\sample_test][client_build/app_build/corelib/in] was created successfully
06:35:46.931 [main] INFO  k.p.s.common.util.CommonStaticUtil - the new child relative direcotry[D:\gitsinnori\sinnori\project\sample_test][client_build/app_build/lib/main/ex] was created successfully
06:35:46.931 [main] INFO  k.p.s.common.util.CommonStaticUtil - the new child relative direcotry[D:\gitsinnori\sinnori\project\sample_test][client_build/app_build/lib/main/in] was created successfully
06:35:46.931 [main] INFO  k.p.s.common.util.CommonStaticUtil - the new child relative direcotry[D:\gitsinnori\sinnori\project\sample_test][client_build/app_build/lib/test] was created successfully
06:35:46.931 [main] INFO  k.p.s.common.util.CommonStaticUtil - the new child relative direcotry[D:\gitsinnori\sinnori\project\sample_test][client_build/app_build/src/main/java/kr/pe/sinnori/impl/message] was created successfully
06:35:46.931 [main] INFO  k.p.s.common.util.CommonStaticUtil - the new child relative direcotry[D:\gitsinnori\sinnori\project\sample_test][client_build/app_build/src/main/java/main] was created successfully
06:35:46.963 [main] INFO  k.p.s.common.util.CommonStaticUtil - the new child relative direcotry[D:\gitsinnori\sinnori\project\sample_test][client_build/app_build/src/test/java] was created successfully
06:35:46.963 [main] INFO  k.p.s.common.util.CommonStaticUtil - the new child relative direcotry[D:\gitsinnori\sinnori\project\sample_test][client_build/app_build/build] was created successfully
06:35:46.963 [main] INFO  k.p.s.common.util.CommonStaticUtil - the new child relative direcotry[D:\gitsinnori\sinnori\project\sample_test][client_build/app_build/dist] was created successfully
06:35:46.963 [main] INFO  k.p.s.c.buildsystem.ProjectBuilder - main project[sample_test]'s application build child direcotry creation task end
06:35:46.963 [main] INFO  k.p.s.c.buildsystem.ProjectBuilder - mainproject[sample_test]'s application client build system files creation task start
06:35:46.963 [main] INFO  k.p.s.c.buildsystem.ProjectBuilder - main project[sample_test]'s application client ant build.xml file creation task start
06:35:46.963 [main] INFO  k.p.s.c.buildsystem.ProjectBuilder - main project[sample_test]'s application client ant build.xml file creation task end
06:35:46.963 [main] INFO  k.p.s.c.buildsystem.ProjectBuilder - main project[sample_test]'s application client dos shell file creation task start
06:35:46.963 [main] INFO  k.p.s.c.buildsystem.ProjectBuilder - main project[sample_test]'s application client dos shell file creation task end
06:35:46.963 [main] INFO  k.p.s.c.buildsystem.ProjectBuilder - main project[sample_test]'s application client unix shell file creation task start
06:35:46.963 [main] INFO  k.p.s.c.buildsystem.ProjectBuilder - main project[sample_test]'s application client unix shell file creation task end
06:35:46.963 [main] INFO  k.p.s.c.buildsystem.ProjectBuilder - application client sample source files copy task start
06:35:46.963 [main] INFO  k.p.s.c.buildsystem.ProjectBuilder - application client sample source files copy task end
06:35:46.963 [main] INFO  k.p.s.c.buildsystem.ProjectBuilder - main project[sample_test]'s application client message io file set creation task start
06:35:46.963 [main] INFO  k.p.s.common.util.CommonStaticUtil - the new child relative direcotry[D:\gitsinnori\sinnori\project\sample_test\client_build\app_build\src\main\java\kr\pe\sinnori\impl\message][Echo] was created successfully
06:35:46.963 [main] INFO  k.p.s.c.buildsystem.ProjectBuilder - main project[sample_test]'s message file[Echo][D:\gitsinnori\sinnori\project\sample_test\client_build\app_build\src\main\java\kr\pe\sinnori\impl\message] creation task start
06:35:46.978 [main] INFO  k.p.s.c.buildsystem.ProjectBuilder - main project[sample_test]'s message file[Echo][D:\gitsinnori\sinnori\project\sample_test\client_build\app_build\src\main\java\kr\pe\sinnori\impl\message] creation task end
06:35:46.978 [main] INFO  k.p.s.c.buildsystem.ProjectBuilder - main project[sample_test]'s message decoder file[Echo][D:\gitsinnori\sinnori\project\sample_test\client_build\app_build\src\main\java\kr\pe\sinnori\impl\message] creation task start
06:35:46.978 [main] INFO  k.p.s.c.buildsystem.ProjectBuilder - main project[sample_test]'s message decoder file[Echo][D:\gitsinnori\sinnori\project\sample_test\client_build\app_build\src\main\java\kr\pe\sinnori\impl\message] creation task end
06:35:46.978 [main] INFO  k.p.s.c.buildsystem.ProjectBuilder - main project[sample_test]'s message encoder file[Echo][D:\gitsinnori\sinnori\project\sample_test\client_build\app_build\src\main\java\kr\pe\sinnori\impl\message] creation task start
06:35:46.978 [main] INFO  k.p.s.c.buildsystem.ProjectBuilder - main project[sample_test]'s message encoder file[Echo][D:\gitsinnori\sinnori\project\sample_test\client_build\app_build\src\main\java\kr\pe\sinnori\impl\message] creation task end
06:35:46.978 [main] INFO  k.p.s.c.buildsystem.ProjectBuilder - main project[sample_test]'s message server codec file[Echo][D:\gitsinnori\sinnori\project\sample_test\client_build\app_build\src\main\java\kr\pe\sinnori\impl\message] creation task start
06:35:46.978 [main] INFO  k.p.s.c.buildsystem.ProjectBuilder - main project[sample_test]'s message server codec file[Echo][D:\gitsinnori\sinnori\project\sample_test\client_build\app_build\src\main\java\kr\pe\sinnori\impl\message] creation task end
06:35:46.978 [main] INFO  k.p.s.c.buildsystem.ProjectBuilder - main project[sample_test]'s message client codec file[Echo][D:\gitsinnori\sinnori\project\sample_test\client_build\app_build\src\main\java\kr\pe\sinnori\impl\message] creation task start
06:35:46.978 [main] INFO  k.p.s.c.buildsystem.ProjectBuilder - main project[sample_test]'s message client codec file[Echo][D:\gitsinnori\sinnori\project\sample_test\client_build\app_build\src\main\java\kr\pe\sinnori\impl\message] creation task end
06:35:46.978 [main] INFO  k.p.s.common.util.CommonStaticUtil - the new child relative direcotry[D:\gitsinnori\sinnori\project\sample_test\client_build\app_build\src\main\java\kr\pe\sinnori\impl\message][PublicKeyReq] was created successfully
06:35:46.978 [main] INFO  k.p.s.c.buildsystem.ProjectBuilder - main project[sample_test]'s message file[PublicKeyReq][D:\gitsinnori\sinnori\project\sample_test\client_build\app_build\src\main\java\kr\pe\sinnori\impl\message] creation task start
06:35:46.978 [main] INFO  k.p.s.c.buildsystem.ProjectBuilder - main project[sample_test]'s message file[PublicKeyReq][D:\gitsinnori\sinnori\project\sample_test\client_build\app_build\src\main\java\kr\pe\sinnori\impl\message] creation task end
06:35:46.978 [main] INFO  k.p.s.c.buildsystem.ProjectBuilder - main project[sample_test]'s message decoder file[PublicKeyReq][D:\gitsinnori\sinnori\project\sample_test\client_build\app_build\src\main\java\kr\pe\sinnori\impl\message] creation task start
06:35:46.994 [main] INFO  k.p.s.c.buildsystem.ProjectBuilder - main project[sample_test]'s message decoder file[PublicKeyReq][D:\gitsinnori\sinnori\project\sample_test\client_build\app_build\src\main\java\kr\pe\sinnori\impl\message] creation task end
06:35:46.994 [main] INFO  k.p.s.c.buildsystem.ProjectBuilder - main project[sample_test]'s message encoder file[PublicKeyReq][D:\gitsinnori\sinnori\project\sample_test\client_build\app_build\src\main\java\kr\pe\sinnori\impl\message] creation task start
06:35:46.994 [main] INFO  k.p.s.c.buildsystem.ProjectBuilder - main project[sample_test]'s message encoder file[PublicKeyReq][D:\gitsinnori\sinnori\project\sample_test\client_build\app_build\src\main\java\kr\pe\sinnori\impl\message] creation task end
06:35:46.994 [main] INFO  k.p.s.c.buildsystem.ProjectBuilder - main project[sample_test]'s message server codec file[PublicKeyReq][D:\gitsinnori\sinnori\project\sample_test\client_build\app_build\src\main\java\kr\pe\sinnori\impl\message] creation task start
06:35:47.072 [main] INFO  k.p.s.c.buildsystem.ProjectBuilder - main project[sample_test]'s message server codec file[PublicKeyReq][D:\gitsinnori\sinnori\project\sample_test\client_build\app_build\src\main\java\kr\pe\sinnori\impl\message] creation task end
06:35:47.072 [main] INFO  k.p.s.c.buildsystem.ProjectBuilder - main project[sample_test]'s message client codec file[PublicKeyReq][D:\gitsinnori\sinnori\project\sample_test\client_build\app_build\src\main\java\kr\pe\sinnori\impl\message] creation task start
06:35:47.072 [main] INFO  k.p.s.c.buildsystem.ProjectBuilder - main project[sample_test]'s message client codec file[PublicKeyReq][D:\gitsinnori\sinnori\project\sample_test\client_build\app_build\src\main\java\kr\pe\sinnori\impl\message] creation task end
06:35:47.072 [main] INFO  k.p.s.common.util.CommonStaticUtil - the new child relative direcotry[D:\gitsinnori\sinnori\project\sample_test\client_build\app_build\src\main\java\kr\pe\sinnori\impl\message][PublicKeyRes] was created successfully
06:35:47.072 [main] INFO  k.p.s.c.buildsystem.ProjectBuilder - main project[sample_test]'s message file[PublicKeyRes][D:\gitsinnori\sinnori\project\sample_test\client_build\app_build\src\main\java\kr\pe\sinnori\impl\message] creation task start
06:35:47.088 [main] INFO  k.p.s.c.buildsystem.ProjectBuilder - main project[sample_test]'s message file[PublicKeyRes][D:\gitsinnori\sinnori\project\sample_test\client_build\app_build\src\main\java\kr\pe\sinnori\impl\message] creation task end
06:35:47.088 [main] INFO  k.p.s.c.buildsystem.ProjectBuilder - main project[sample_test]'s message decoder file[PublicKeyRes][D:\gitsinnori\sinnori\project\sample_test\client_build\app_build\src\main\java\kr\pe\sinnori\impl\message] creation task start
06:35:47.088 [main] INFO  k.p.s.c.buildsystem.ProjectBuilder - main project[sample_test]'s message decoder file[PublicKeyRes][D:\gitsinnori\sinnori\project\sample_test\client_build\app_build\src\main\java\kr\pe\sinnori\impl\message] creation task end
06:35:47.088 [main] INFO  k.p.s.c.buildsystem.ProjectBuilder - main project[sample_test]'s message encoder file[PublicKeyRes][D:\gitsinnori\sinnori\project\sample_test\client_build\app_build\src\main\java\kr\pe\sinnori\impl\message] creation task start
06:35:47.103 [main] INFO  k.p.s.c.buildsystem.ProjectBuilder - main project[sample_test]'s message encoder file[PublicKeyRes][D:\gitsinnori\sinnori\project\sample_test\client_build\app_build\src\main\java\kr\pe\sinnori\impl\message] creation task end
06:35:47.103 [main] INFO  k.p.s.c.buildsystem.ProjectBuilder - main project[sample_test]'s message server codec file[PublicKeyRes][D:\gitsinnori\sinnori\project\sample_test\client_build\app_build\src\main\java\kr\pe\sinnori\impl\message] creation task start
06:35:47.103 [main] INFO  k.p.s.c.buildsystem.ProjectBuilder - main project[sample_test]'s message server codec file[PublicKeyRes][D:\gitsinnori\sinnori\project\sample_test\client_build\app_build\src\main\java\kr\pe\sinnori\impl\message] creation task end
06:35:47.103 [main] INFO  k.p.s.c.buildsystem.ProjectBuilder - main project[sample_test]'s message client codec file[PublicKeyRes][D:\gitsinnori\sinnori\project\sample_test\client_build\app_build\src\main\java\kr\pe\sinnori\impl\message] creation task start
06:35:47.103 [main] INFO  k.p.s.c.buildsystem.ProjectBuilder - main project[sample_test]'s message client codec file[PublicKeyRes][D:\gitsinnori\sinnori\project\sample_test\client_build\app_build\src\main\java\kr\pe\sinnori\impl\message] creation task end
06:35:47.103 [main] INFO  k.p.s.c.buildsystem.ProjectBuilder - main project[sample_test]'s application client message io file set creation task end
06:35:47.103 [main] INFO  k.p.s.c.buildsystem.ProjectBuilder - mainproject[sample_test]'s application client build system files creation task end
06:35:47.103 [main] INFO  k.p.s.c.buildsystem.ProjectBuilder - main project[sample_test]'s web client build path deletion task start
06:35:47.119 [main] INFO  k.p.s.c.buildsystem.ProjectBuilder - main project[sample_test]'s web client build path deletion task end
06:35:47.119 [main] INFO  k.p.s.c.buildsystem.ProjectBuilder - main project[sample_test]'s web root path deletion task start
06:35:47.135 [main] INFO  k.p.s.c.buildsystem.ProjectBuilder - main project[sample_test]'s web root path deletion task end
06:35:47.135 [main] INFO  k.p.s.c.buildsystem.ProjectBuilder - main project[sample_test]'s config file overwrite task start
06:35:47.135 [main] INFO  k.p.s.c.buildsystem.ProjectBuilder - main project[sample_test]'s config file overwrite task end
06:35:47.135 [main] INFO  k.p.s.c.buildsystem.ProjectBuilder - main project[sample_test] changeProjectState method end
06:35:47.135 [main] INFO  k.p.s.c.buildsystem.ProjectBuilder - the web client ant build.xml file[D:\gitsinnori\sinnori\project\sample_test\client_build\web_build\build.xml] is bad :: whetherExist[false] isFile[false]
06:35:47.135 [main] INFO  k.p.s.c.buildsystem.ProjectBuilder - the web.xml file[D:\gitsinnori\sinnori\project\sample_test\web_app_base\ROOT\WEB-INF\web.xml] located at web root directory is bad :: whetherExist[false] isFile[false]
06:35:47.135 [main] INFO  k.p.s.c.buildsystem.ProjectBuilder - main project[sample_test] changeProjectState method start
06:35:47.135 [main] WARN  k.p.s.c.buildsystem.ProjectBuilder - the server build path[D:\gitsinnori\sinnori\project\sample_test\server_build] exist, so skip creation of server build system
06:35:47.135 [main] WARN  k.p.s.c.buildsystem.ProjectBuilder - the app client build path[D:\gitsinnori\sinnori\project\sample_test\client_build\app_build] exist, so skip creation of app client build system
06:35:47.135 [main] INFO  k.p.s.c.buildsystem.ProjectBuilder - main project[sample_test]'s web build child direcotry creation task start
06:35:47.135 [main] INFO  k.p.s.common.util.CommonStaticUtil - the new child relative direcotry[D:\gitsinnori\sinnori\project\sample_test][client_build/web_build/corelib/ex] was created successfully
06:35:47.135 [main] INFO  k.p.s.common.util.CommonStaticUtil - the new child relative direcotry[D:\gitsinnori\sinnori\project\sample_test][client_build/web_build/corelib/in] was created successfully
06:35:47.135 [main] INFO  k.p.s.common.util.CommonStaticUtil - the new child relative direcotry[D:\gitsinnori\sinnori\project\sample_test][client_build/web_build/lib/main/ex] was created successfully
06:35:47.135 [main] INFO  k.p.s.common.util.CommonStaticUtil - the new child relative direcotry[D:\gitsinnori\sinnori\project\sample_test][client_build/web_build/lib/main/in] was created successfully
06:35:47.135 [main] INFO  k.p.s.common.util.CommonStaticUtil - the new child relative direcotry[D:\gitsinnori\sinnori\project\sample_test][client_build/web_build/lib/test] was created successfully
06:35:47.135 [main] INFO  k.p.s.common.util.CommonStaticUtil - the new child relative direcotry[D:\gitsinnori\sinnori\project\sample_test][client_build/web_build/src/main/java/kr/pe/sinnori/impl/message] was created successfully
06:35:47.135 [main] INFO  k.p.s.common.util.CommonStaticUtil - the new child relative direcotry[D:\gitsinnori\sinnori\project\sample_test][client_build/web_build/src/main/java//kr/pe/sinnori/servlet] was created successfully
06:35:47.135 [main] INFO  k.p.s.common.util.CommonStaticUtil - the new child relative direcotry[D:\gitsinnori\sinnori\project\sample_test][client_build/web_build/src/main/java/kr/pe/sinnori/weblib/common] was created successfully
06:35:47.135 [main] INFO  k.p.s.common.util.CommonStaticUtil - the new child relative direcotry[D:\gitsinnori\sinnori\project\sample_test][client_build/web_build/src/main/java/kr/pe/sinnori/weblib/htmlstring] was created successfully
06:35:47.135 [main] INFO  k.p.s.common.util.CommonStaticUtil - the new child relative direcotry[D:\gitsinnori\sinnori\project\sample_test][client_build/web_build/src/main/java/kr/pe/sinnori/weblib/jdf] was created successfully
06:35:47.135 [main] INFO  k.p.s.common.util.CommonStaticUtil - the new child relative direcotry[D:\gitsinnori\sinnori\project\sample_test][client_build/web_build/src/test/java] was created successfully
06:35:47.213 [main] INFO  k.p.s.common.util.CommonStaticUtil - the new child relative direcotry[D:\gitsinnori\sinnori\project\sample_test][client_build/web_build/build] was created successfully
06:35:47.213 [main] INFO  k.p.s.common.util.CommonStaticUtil - the new child relative direcotry[D:\gitsinnori\sinnori\project\sample_test][client_build/web_build/dist] was created successfully
06:35:47.213 [main] INFO  k.p.s.c.buildsystem.ProjectBuilder - main project[sample_test]'s web build child direcotry creation task end
06:35:47.213 [main] INFO  k.p.s.c.buildsystem.ProjectBuilder - main project[sample_test]'s web client build system files creation task start
06:35:47.213 [main] INFO  k.p.s.c.buildsystem.ProjectBuilder - main project[sample_test]'s web client ant build.xml file creation task start
06:35:47.213 [main] INFO  k.p.s.c.buildsystem.ProjectBuilder - main project[sample_test]'s web client ant build.xml file creation task end
06:35:47.213 [main] INFO  k.p.s.c.buildsystem.ProjectBuilder - main project[sample_test]'s web client ant properties file creation task start
06:35:47.213 [main] INFO  k.p.s.c.util.SequencedPropertiesUtil - the sequenced properties file[D:\gitsinnori\sinnori\project\sample_test\client_build\web_build\webAnt.properties] was created
06:35:47.213 [main] INFO  k.p.s.c.buildsystem.ProjectBuilder - main project[sample_test]'s web client ant properties file creation task end
06:35:47.213 [main] INFO  k.p.s.c.buildsystem.ProjectBuilder - main project[sample_test]'s web client message io file set creation task start
06:35:47.213 [main] INFO  k.p.s.common.util.CommonStaticUtil - the new child relative direcotry[D:\gitsinnori\sinnori\project\sample_test\client_build\web_build\src\main\java\kr\pe\sinnori\impl\message][Echo] was created successfully
06:35:47.213 [main] INFO  k.p.s.c.buildsystem.ProjectBuilder - main project[sample_test]'s message file[Echo][D:\gitsinnori\sinnori\project\sample_test\client_build\web_build\src\main\java\kr\pe\sinnori\impl\message] creation task start
06:35:47.228 [main] INFO  k.p.s.c.buildsystem.ProjectBuilder - main project[sample_test]'s message file[Echo][D:\gitsinnori\sinnori\project\sample_test\client_build\web_build\src\main\java\kr\pe\sinnori\impl\message] creation task end
06:35:47.228 [main] INFO  k.p.s.c.buildsystem.ProjectBuilder - main project[sample_test]'s message decoder file[Echo][D:\gitsinnori\sinnori\project\sample_test\client_build\web_build\src\main\java\kr\pe\sinnori\impl\message] creation task start
06:35:47.228 [main] INFO  k.p.s.c.buildsystem.ProjectBuilder - main project[sample_test]'s message decoder file[Echo][D:\gitsinnori\sinnori\project\sample_test\client_build\web_build\src\main\java\kr\pe\sinnori\impl\message] creation task end
06:35:47.228 [main] INFO  k.p.s.c.buildsystem.ProjectBuilder - main project[sample_test]'s message encoder file[Echo][D:\gitsinnori\sinnori\project\sample_test\client_build\web_build\src\main\java\kr\pe\sinnori\impl\message] creation task start
06:35:47.228 [main] INFO  k.p.s.c.buildsystem.ProjectBuilder - main project[sample_test]'s message encoder file[Echo][D:\gitsinnori\sinnori\project\sample_test\client_build\web_build\src\main\java\kr\pe\sinnori\impl\message] creation task end
06:35:47.228 [main] INFO  k.p.s.c.buildsystem.ProjectBuilder - main project[sample_test]'s message server codec file[Echo][D:\gitsinnori\sinnori\project\sample_test\client_build\web_build\src\main\java\kr\pe\sinnori\impl\message] creation task start
06:35:47.244 [main] INFO  k.p.s.c.buildsystem.ProjectBuilder - main project[sample_test]'s message server codec file[Echo][D:\gitsinnori\sinnori\project\sample_test\client_build\web_build\src\main\java\kr\pe\sinnori\impl\message] creation task end
06:35:47.244 [main] INFO  k.p.s.c.buildsystem.ProjectBuilder - main project[sample_test]'s message client codec file[Echo][D:\gitsinnori\sinnori\project\sample_test\client_build\web_build\src\main\java\kr\pe\sinnori\impl\message] creation task start
06:35:47.244 [main] INFO  k.p.s.c.buildsystem.ProjectBuilder - main project[sample_test]'s message client codec file[Echo][D:\gitsinnori\sinnori\project\sample_test\client_build\web_build\src\main\java\kr\pe\sinnori\impl\message] creation task end
06:35:47.244 [main] INFO  k.p.s.common.util.CommonStaticUtil - the new child relative direcotry[D:\gitsinnori\sinnori\project\sample_test\client_build\web_build\src\main\java\kr\pe\sinnori\impl\message][PublicKeyReq] was created successfully
06:35:47.244 [main] INFO  k.p.s.c.buildsystem.ProjectBuilder - main project[sample_test]'s message file[PublicKeyReq][D:\gitsinnori\sinnori\project\sample_test\client_build\web_build\src\main\java\kr\pe\sinnori\impl\message] creation task start
06:35:47.244 [main] INFO  k.p.s.c.buildsystem.ProjectBuilder - main project[sample_test]'s message file[PublicKeyReq][D:\gitsinnori\sinnori\project\sample_test\client_build\web_build\src\main\java\kr\pe\sinnori\impl\message] creation task end
06:35:47.244 [main] INFO  k.p.s.c.buildsystem.ProjectBuilder - main project[sample_test]'s message decoder file[PublicKeyReq][D:\gitsinnori\sinnori\project\sample_test\client_build\web_build\src\main\java\kr\pe\sinnori\impl\message] creation task start
06:35:47.260 [main] INFO  k.p.s.c.buildsystem.ProjectBuilder - main project[sample_test]'s message decoder file[PublicKeyReq][D:\gitsinnori\sinnori\project\sample_test\client_build\web_build\src\main\java\kr\pe\sinnori\impl\message] creation task end
06:35:47.260 [main] INFO  k.p.s.c.buildsystem.ProjectBuilder - main project[sample_test]'s message encoder file[PublicKeyReq][D:\gitsinnori\sinnori\project\sample_test\client_build\web_build\src\main\java\kr\pe\sinnori\impl\message] creation task start
06:35:47.260 [main] INFO  k.p.s.c.buildsystem.ProjectBuilder - main project[sample_test]'s message encoder file[PublicKeyReq][D:\gitsinnori\sinnori\project\sample_test\client_build\web_build\src\main\java\kr\pe\sinnori\impl\message] creation task end
06:35:47.260 [main] INFO  k.p.s.c.buildsystem.ProjectBuilder - main project[sample_test]'s message server codec file[PublicKeyReq][D:\gitsinnori\sinnori\project\sample_test\client_build\web_build\src\main\java\kr\pe\sinnori\impl\message] creation task start
06:35:47.260 [main] INFO  k.p.s.c.buildsystem.ProjectBuilder - main project[sample_test]'s message server codec file[PublicKeyReq][D:\gitsinnori\sinnori\project\sample_test\client_build\web_build\src\main\java\kr\pe\sinnori\impl\message] creation task end
06:35:47.260 [main] INFO  k.p.s.c.buildsystem.ProjectBuilder - main project[sample_test]'s message client codec file[PublicKeyReq][D:\gitsinnori\sinnori\project\sample_test\client_build\web_build\src\main\java\kr\pe\sinnori\impl\message] creation task start
06:35:47.340 [main] INFO  k.p.s.c.buildsystem.ProjectBuilder - main project[sample_test]'s message client codec file[PublicKeyReq][D:\gitsinnori\sinnori\project\sample_test\client_build\web_build\src\main\java\kr\pe\sinnori\impl\message] creation task end
06:35:47.340 [main] INFO  k.p.s.common.util.CommonStaticUtil - the new child relative direcotry[D:\gitsinnori\sinnori\project\sample_test\client_build\web_build\src\main\java\kr\pe\sinnori\impl\message][PublicKeyRes] was created successfully
06:35:47.340 [main] INFO  k.p.s.c.buildsystem.ProjectBuilder - main project[sample_test]'s message file[PublicKeyRes][D:\gitsinnori\sinnori\project\sample_test\client_build\web_build\src\main\java\kr\pe\sinnori\impl\message] creation task start
06:35:47.340 [main] INFO  k.p.s.c.buildsystem.ProjectBuilder - main project[sample_test]'s message file[PublicKeyRes][D:\gitsinnori\sinnori\project\sample_test\client_build\web_build\src\main\java\kr\pe\sinnori\impl\message] creation task end
06:35:47.340 [main] INFO  k.p.s.c.buildsystem.ProjectBuilder - main project[sample_test]'s message decoder file[PublicKeyRes][D:\gitsinnori\sinnori\project\sample_test\client_build\web_build\src\main\java\kr\pe\sinnori\impl\message] creation task start
06:35:47.356 [main] INFO  k.p.s.c.buildsystem.ProjectBuilder - main project[sample_test]'s message decoder file[PublicKeyRes][D:\gitsinnori\sinnori\project\sample_test\client_build\web_build\src\main\java\kr\pe\sinnori\impl\message] creation task end
06:35:47.356 [main] INFO  k.p.s.c.buildsystem.ProjectBuilder - main project[sample_test]'s message encoder file[PublicKeyRes][D:\gitsinnori\sinnori\project\sample_test\client_build\web_build\src\main\java\kr\pe\sinnori\impl\message] creation task start
06:35:47.372 [main] INFO  k.p.s.c.buildsystem.ProjectBuilder - main project[sample_test]'s message encoder file[PublicKeyRes][D:\gitsinnori\sinnori\project\sample_test\client_build\web_build\src\main\java\kr\pe\sinnori\impl\message] creation task end
06:35:47.372 [main] INFO  k.p.s.c.buildsystem.ProjectBuilder - main project[sample_test]'s message server codec file[PublicKeyRes][D:\gitsinnori\sinnori\project\sample_test\client_build\web_build\src\main\java\kr\pe\sinnori\impl\message] creation task start
06:35:47.372 [main] INFO  k.p.s.c.buildsystem.ProjectBuilder - main project[sample_test]'s message server codec file[PublicKeyRes][D:\gitsinnori\sinnori\project\sample_test\client_build\web_build\src\main\java\kr\pe\sinnori\impl\message] creation task end
06:35:47.372 [main] INFO  k.p.s.c.buildsystem.ProjectBuilder - main project[sample_test]'s message client codec file[PublicKeyRes][D:\gitsinnori\sinnori\project\sample_test\client_build\web_build\src\main\java\kr\pe\sinnori\impl\message] creation task start
06:35:47.372 [main] INFO  k.p.s.c.buildsystem.ProjectBuilder - main project[sample_test]'s message client codec file[PublicKeyRes][D:\gitsinnori\sinnori\project\sample_test\client_build\web_build\src\main\java\kr\pe\sinnori\impl\message] creation task end
06:35:47.372 [main] INFO  k.p.s.c.buildsystem.ProjectBuilder - main project[sample_test]'s web client message io file set creation task end
06:35:47.372 [main] INFO  k.p.s.c.buildsystem.ProjectBuilder - mainproject[sample_test]'s web client sample source files copy task start
06:35:47.434 [main] INFO  k.p.s.c.buildsystem.ProjectBuilder - mainproject[sample_test]'s web client sample source files copy task end
06:35:47.434 [main] INFO  k.p.s.c.buildsystem.ProjectBuilder - main project[sample_test]'s web client build system files creation task end
06:35:47.434 [main] INFO  k.p.s.c.buildsystem.ProjectBuilder - main project[sample_test]'s web root child direcotry creation task start
06:35:47.434 [main] INFO  k.p.s.common.util.CommonStaticUtil - the child relative direcotry[D:\gitsinnori\sinnori\project\sample_test][web_app_base/upload] exist, so nothing
06:35:47.434 [main] INFO  k.p.s.common.util.CommonStaticUtil - the new child relative direcotry[D:\gitsinnori\sinnori\project\sample_test][web_app_base/ROOT/WEB-INF/classes] was created successfully
06:35:47.434 [main] INFO  k.p.s.common.util.CommonStaticUtil - the new child relative direcotry[D:\gitsinnori\sinnori\project\sample_test][web_app_base/ROOT/WEB-INF/lib] was created successfully
06:35:47.434 [main] INFO  k.p.s.c.buildsystem.ProjectBuilder - main project[sample_test]'s web root child direcotry creation task end
06:35:47.434 [main] INFO  k.p.s.c.buildsystem.ProjectBuilder - main project[sample_test]'s web root sample files creation task start
06:35:47.434 [main] INFO  k.p.s.c.buildsystem.ProjectBuilder - main project[sample_test]'s web root sample files copy task start
06:35:47.450 [main] INFO  k.p.s.c.buildsystem.ProjectBuilder - main project[sample_test]'s web root sample files copy task end
06:35:47.450 [main] INFO  k.p.s.c.buildsystem.ProjectBuilder - main project[sample_test]'s web root sample files creation task end
06:35:47.450 [main] INFO  k.p.s.c.buildsystem.ProjectBuilder - main project[sample_test]'s config file overwrite task start
06:35:47.450 [main] INFO  k.p.s.c.buildsystem.ProjectBuilder - main project[sample_test]'s config file overwrite task end
06:35:47.450 [main] INFO  k.p.s.c.buildsystem.ProjectBuilder - main project[sample_test] changeProjectState method end
06:35:47.497 [main] INFO  k.p.s.c.buildsystem.ProjectBuilder - main project[sample_test]'s child direcotry creation task start
06:35:47.497 [main] INFO  k.p.s.c.buildsystem.ProjectBuilder - main project[sample_test]'s common child direcotry creation task start
06:35:47.497 [main] INFO  k.p.s.common.util.CommonStaticUtil - the new child relative direcotry[D:\gitsinnori\sinnori\project\sample_test][config] was created successfully
06:35:47.497 [main] INFO  k.p.s.common.util.CommonStaticUtil - the new child relative direcotry[D:\gitsinnori\sinnori\project\sample_test][resources/dbcp] was created successfully
06:35:47.497 [main] INFO  k.p.s.common.util.CommonStaticUtil - the new child relative direcotry[D:\gitsinnori\sinnori\project\sample_test][resources/message_info] was created successfully
06:35:47.497 [main] INFO  k.p.s.common.util.CommonStaticUtil - the new child relative direcotry[D:\gitsinnori\sinnori\project\sample_test][resources/rsa_keypair] was created successfully
06:35:47.497 [main] INFO  k.p.s.common.util.CommonStaticUtil - the new child relative direcotry[D:\gitsinnori\sinnori\project\sample_test][log/apache] was created successfully
06:35:47.497 [main] INFO  k.p.s.common.util.CommonStaticUtil - the new child relative direcotry[D:\gitsinnori\sinnori\project\sample_test][log/client] was created successfully
06:35:47.497 [main] INFO  k.p.s.common.util.CommonStaticUtil - the new child relative direcotry[D:\gitsinnori\sinnori\project\sample_test][log/server] was created successfully
06:35:47.497 [main] INFO  k.p.s.common.util.CommonStaticUtil - the new child relative direcotry[D:\gitsinnori\sinnori\project\sample_test][log/servlet] was created successfully
06:35:47.497 [main] INFO  k.p.s.c.buildsystem.ProjectBuilder - main project[sample_test]'s common child direcotry creation task end
06:35:47.497 [main] INFO  k.p.s.c.buildsystem.ProjectBuilder - main project[sample_test]'s server child direcotry creation task start
06:35:47.497 [main] INFO  k.p.s.common.util.CommonStaticUtil - the new child relative direcotry[D:\gitsinnori\sinnori\project\sample_test][server_build/APP-INF/classes] was created successfully
06:35:47.497 [main] INFO  k.p.s.common.util.CommonStaticUtil - the new child relative direcotry[D:\gitsinnori\sinnori\project\sample_test][server_build/corelib/ex] was created successfully
06:35:47.497 [main] INFO  k.p.s.common.util.CommonStaticUtil - the new child relative direcotry[D:\gitsinnori\sinnori\project\sample_test][server_build/corelib/in] was created successfully
06:35:47.497 [main] INFO  k.p.s.common.util.CommonStaticUtil - the new child relative direcotry[D:\gitsinnori\sinnori\project\sample_test][server_build/lib/main/ex] was created successfully
06:35:47.497 [main] INFO  k.p.s.common.util.CommonStaticUtil - the new child relative direcotry[D:\gitsinnori\sinnori\project\sample_test][server_build/lib/main/in] was created successfully
06:35:47.497 [main] INFO  k.p.s.common.util.CommonStaticUtil - the new child relative direcotry[D:\gitsinnori\sinnori\project\sample_test][server_build/lib/test] was created successfully
06:35:47.497 [main] INFO  k.p.s.common.util.CommonStaticUtil - the new child relative direcotry[D:\gitsinnori\sinnori\project\sample_test][server_build/src/main/java/kr/pe/sinnori/impl/servertask] was created successfully
06:35:47.497 [main] INFO  k.p.s.common.util.CommonStaticUtil - the new child relative direcotry[D:\gitsinnori\sinnori\project\sample_test][server_build/src/main/java/kr/pe/sinnori/impl/message] was created successfully
06:35:47.497 [main] INFO  k.p.s.common.util.CommonStaticUtil - the new child relative direcotry[D:\gitsinnori\sinnori\project\sample_test][server_build/src/main/java/main] was created successfully
06:35:47.497 [main] INFO  k.p.s.common.util.CommonStaticUtil - the new child relative direcotry[D:\gitsinnori\sinnori\project\sample_test][server_build/src/test/java] was created successfully
06:35:47.497 [main] INFO  k.p.s.common.util.CommonStaticUtil - the new child relative direcotry[D:\gitsinnori\sinnori\project\sample_test][server_build/build] was created successfully
06:35:47.590 [main] INFO  k.p.s.common.util.CommonStaticUtil - the new child relative direcotry[D:\gitsinnori\sinnori\project\sample_test][server_build/dist] was created successfully
06:35:47.590 [main] INFO  k.p.s.c.buildsystem.ProjectBuilder - main project[sample_test]'s server child direcotry creation task end
06:35:47.590 [main] INFO  k.p.s.c.buildsystem.ProjectBuilder - main project[sample_test]'s child direcotry creation task end
06:35:47.590 [main] INFO  k.p.s.c.buildsystem.ProjectBuilder - main project[sample_test]'s file creation task start
06:35:47.590 [main] INFO  k.p.s.c.buildsystem.ProjectBuilder - main project[sample_test]'s config file creation task start
06:35:47.590 [main] INFO  k.p.s.c.util.SequencedPropertiesUtil - the sequenced properties file[D:\gitsinnori\sinnori\project\sample_test\config\sinnori.properties] was created
06:35:47.606 [main] INFO  k.p.s.c.buildsystem.ProjectBuilder - main project[sample_test]'s config file creation task end
06:35:47.606 [main] INFO  k.p.s.c.buildsystem.ProjectBuilder - the mainproject[sample_test]'s resources directory copy task start
06:35:47.637 [main] INFO  k.p.s.c.buildsystem.ProjectBuilder - the mainproject[sample_test]'s resources directory copy task end
06:35:47.637 [main] INFO  k.p.s.c.buildsystem.ProjectBuilder - server build system files creation task start
06:35:47.637 [main] INFO  k.p.s.c.buildsystem.ProjectBuilder - main project[sample_test]'s server ant build.xml file creation task start
06:35:47.637 [main] INFO  k.p.s.c.buildsystem.ProjectBuilder - main project[sample_test]'s server ant build.xml file creation task end
06:35:47.637 [main] INFO  k.p.s.c.buildsystem.ProjectBuilder - main project[sample_test]'s server dos shell file creation task start
06:35:47.637 [main] INFO  k.p.s.c.buildsystem.ProjectBuilder - main project[sample_test]'s server dos shell file creation task end
06:35:47.637 [main] INFO  k.p.s.c.buildsystem.ProjectBuilder - main project[sample_test]'s server unix shell file creation task start
06:35:47.637 [main] INFO  k.p.s.c.buildsystem.ProjectBuilder - main project[sample_test]'s server unix shell file creation task end
06:35:47.637 [main] INFO  k.p.s.c.buildsystem.ProjectBuilder - server sample source files copy task start
06:35:47.653 [main] INFO  k.p.s.c.buildsystem.ProjectBuilder - server sample source files copy task end
06:35:47.653 [main] INFO  k.p.s.c.buildsystem.ProjectBuilder - main project[sample_test]'s server message io file set creation task start
06:35:47.653 [main] INFO  k.p.s.common.util.CommonStaticUtil - the new child relative direcotry[D:\gitsinnori\sinnori\project\sample_test\server_build\src\main\java\kr\pe\sinnori\impl\message][Echo] was created successfully
06:35:47.653 [main] INFO  k.p.s.c.buildsystem.ProjectBuilder - main project[sample_test]'s message file[Echo][D:\gitsinnori\sinnori\project\sample_test\server_build\src\main\java\kr\pe\sinnori\impl\message] creation task start
06:35:47.653 [main] INFO  k.p.s.c.buildsystem.ProjectBuilder - main project[sample_test]'s message file[Echo][D:\gitsinnori\sinnori\project\sample_test\server_build\src\main\java\kr\pe\sinnori\impl\message] creation task end
06:35:47.653 [main] INFO  k.p.s.c.buildsystem.ProjectBuilder - main project[sample_test]'s message decoder file[Echo][D:\gitsinnori\sinnori\project\sample_test\server_build\src\main\java\kr\pe\sinnori\impl\message] creation task start
06:35:47.653 [main] INFO  k.p.s.c.buildsystem.ProjectBuilder - main project[sample_test]'s message decoder file[Echo][D:\gitsinnori\sinnori\project\sample_test\server_build\src\main\java\kr\pe\sinnori\impl\message] creation task end
06:35:47.653 [main] INFO  k.p.s.c.buildsystem.ProjectBuilder - main project[sample_test]'s message encoder file[Echo][D:\gitsinnori\sinnori\project\sample_test\server_build\src\main\java\kr\pe\sinnori\impl\message] creation task start
06:35:47.653 [main] INFO  k.p.s.c.buildsystem.ProjectBuilder - main project[sample_test]'s message encoder file[Echo][D:\gitsinnori\sinnori\project\sample_test\server_build\src\main\java\kr\pe\sinnori\impl\message] creation task end
06:35:47.653 [main] INFO  k.p.s.c.buildsystem.ProjectBuilder - main project[sample_test]'s message server codec file[Echo][D:\gitsinnori\sinnori\project\sample_test\server_build\src\main\java\kr\pe\sinnori\impl\message] creation task start
06:35:47.653 [main] INFO  k.p.s.c.buildsystem.ProjectBuilder - main project[sample_test]'s message server codec file[Echo][D:\gitsinnori\sinnori\project\sample_test\server_build\src\main\java\kr\pe\sinnori\impl\message] creation task end
06:35:47.653 [main] INFO  k.p.s.c.buildsystem.ProjectBuilder - main project[sample_test]'s message client codec file[Echo][D:\gitsinnori\sinnori\project\sample_test\server_build\src\main\java\kr\pe\sinnori\impl\message] creation task start
06:35:47.653 [main] INFO  k.p.s.c.buildsystem.ProjectBuilder - main project[sample_test]'s message client codec file[Echo][D:\gitsinnori\sinnori\project\sample_test\server_build\src\main\java\kr\pe\sinnori\impl\message] creation task end
06:35:47.653 [main] INFO  k.p.s.common.util.CommonStaticUtil - the new child relative direcotry[D:\gitsinnori\sinnori\project\sample_test\server_build\src\main\java\kr\pe\sinnori\impl\message][PublicKeyReq] was created successfully
06:35:47.731 [main] INFO  k.p.s.c.buildsystem.ProjectBuilder - main project[sample_test]'s message file[PublicKeyReq][D:\gitsinnori\sinnori\project\sample_test\server_build\src\main\java\kr\pe\sinnori\impl\message] creation task start
06:35:47.731 [main] INFO  k.p.s.c.buildsystem.ProjectBuilder - main project[sample_test]'s message file[PublicKeyReq][D:\gitsinnori\sinnori\project\sample_test\server_build\src\main\java\kr\pe\sinnori\impl\message] creation task end
06:35:47.731 [main] INFO  k.p.s.c.buildsystem.ProjectBuilder - main project[sample_test]'s message decoder file[PublicKeyReq][D:\gitsinnori\sinnori\project\sample_test\server_build\src\main\java\kr\pe\sinnori\impl\message] creation task start
06:35:47.747 [main] INFO  k.p.s.c.buildsystem.ProjectBuilder - main project[sample_test]'s message decoder file[PublicKeyReq][D:\gitsinnori\sinnori\project\sample_test\server_build\src\main\java\kr\pe\sinnori\impl\message] creation task end
06:35:47.747 [main] INFO  k.p.s.c.buildsystem.ProjectBuilder - main project[sample_test]'s message encoder file[PublicKeyReq][D:\gitsinnori\sinnori\project\sample_test\server_build\src\main\java\kr\pe\sinnori\impl\message] creation task start
06:35:47.747 [main] INFO  k.p.s.c.buildsystem.ProjectBuilder - main project[sample_test]'s message encoder file[PublicKeyReq][D:\gitsinnori\sinnori\project\sample_test\server_build\src\main\java\kr\pe\sinnori\impl\message] creation task end
06:35:47.747 [main] INFO  k.p.s.c.buildsystem.ProjectBuilder - main project[sample_test]'s message server codec file[PublicKeyReq][D:\gitsinnori\sinnori\project\sample_test\server_build\src\main\java\kr\pe\sinnori\impl\message] creation task start
06:35:47.747 [main] INFO  k.p.s.c.buildsystem.ProjectBuilder - main project[sample_test]'s message server codec file[PublicKeyReq][D:\gitsinnori\sinnori\project\sample_test\server_build\src\main\java\kr\pe\sinnori\impl\message] creation task end
06:35:47.747 [main] INFO  k.p.s.c.buildsystem.ProjectBuilder - main project[sample_test]'s message client codec file[PublicKeyReq][D:\gitsinnori\sinnori\project\sample_test\server_build\src\main\java\kr\pe\sinnori\impl\message] creation task start
06:35:47.762 [main] INFO  k.p.s.c.buildsystem.ProjectBuilder - main project[sample_test]'s message client codec file[PublicKeyReq][D:\gitsinnori\sinnori\project\sample_test\server_build\src\main\java\kr\pe\sinnori\impl\message] creation task end
06:35:47.762 [main] INFO  k.p.s.common.util.CommonStaticUtil - the new child relative direcotry[D:\gitsinnori\sinnori\project\sample_test\server_build\src\main\java\kr\pe\sinnori\impl\message][PublicKeyRes] was created successfully
06:35:47.762 [main] INFO  k.p.s.c.buildsystem.ProjectBuilder - main project[sample_test]'s message file[PublicKeyRes][D:\gitsinnori\sinnori\project\sample_test\server_build\src\main\java\kr\pe\sinnori\impl\message] creation task start
06:35:47.762 [main] INFO  k.p.s.c.buildsystem.ProjectBuilder - main project[sample_test]'s message file[PublicKeyRes][D:\gitsinnori\sinnori\project\sample_test\server_build\src\main\java\kr\pe\sinnori\impl\message] creation task end
06:35:47.762 [main] INFO  k.p.s.c.buildsystem.ProjectBuilder - main project[sample_test]'s message decoder file[PublicKeyRes][D:\gitsinnori\sinnori\project\sample_test\server_build\src\main\java\kr\pe\sinnori\impl\message] creation task start
06:35:47.762 [main] INFO  k.p.s.c.buildsystem.ProjectBuilder - main project[sample_test]'s message decoder file[PublicKeyRes][D:\gitsinnori\sinnori\project\sample_test\server_build\src\main\java\kr\pe\sinnori\impl\message] creation task end
06:35:47.762 [main] INFO  k.p.s.c.buildsystem.ProjectBuilder - main project[sample_test]'s message encoder file[PublicKeyRes][D:\gitsinnori\sinnori\project\sample_test\server_build\src\main\java\kr\pe\sinnori\impl\message] creation task start
06:35:47.778 [main] INFO  k.p.s.c.buildsystem.ProjectBuilder - main project[sample_test]'s message encoder file[PublicKeyRes][D:\gitsinnori\sinnori\project\sample_test\server_build\src\main\java\kr\pe\sinnori\impl\message] creation task end
06:35:47.778 [main] INFO  k.p.s.c.buildsystem.ProjectBuilder - main project[sample_test]'s message server codec file[PublicKeyRes][D:\gitsinnori\sinnori\project\sample_test\server_build\src\main\java\kr\pe\sinnori\impl\message] creation task start
06:35:47.778 [main] INFO  k.p.s.c.buildsystem.ProjectBuilder - main project[sample_test]'s message server codec file[PublicKeyRes][D:\gitsinnori\sinnori\project\sample_test\server_build\src\main\java\kr\pe\sinnori\impl\message] creation task end
06:35:47.778 [main] INFO  k.p.s.c.buildsystem.ProjectBuilder - main project[sample_test]'s message client codec file[PublicKeyRes][D:\gitsinnori\sinnori\project\sample_test\server_build\src\main\java\kr\pe\sinnori\impl\message] creation task start
06:35:47.778 [main] INFO  k.p.s.c.buildsystem.ProjectBuilder - main project[sample_test]'s message client codec file[PublicKeyRes][D:\gitsinnori\sinnori\project\sample_test\server_build\src\main\java\kr\pe\sinnori\impl\message] creation task end
06:35:47.778 [main] INFO  k.p.s.c.buildsystem.ProjectBuilder - main project[sample_test]'s server message io file set creation task end
06:35:47.778 [main] INFO  k.p.s.c.buildsystem.ProjectBuilder - server build system files creation task end
06:35:47.778 [main] INFO  k.p.s.c.buildsystem.ProjectBuilder - main project[sample_test]'s file creation task end
06:35:47.778 [main] INFO  k.p.s.c.config.SinnoriConfiguration - item key[sessionkey.rsa.publickey.file.value]'s value is null because its status is inactive
06:35:47.778 [main] INFO  k.p.s.c.config.SinnoriConfiguration - item key[sessionkey.rsa.privatekey.file.value]'s value is null because its status is inactive
06:35:47.778 [main] INFO  k.p.s.c.buildsystem.ProjectBuilder - main project[sample_test] changeProjectState method start
06:35:47.778 [main] INFO  k.p.s.c.buildsystem.ProjectBuilder - mainproject[sample_test]'s server build path deletion task start
06:35:47.794 [main] INFO  k.p.s.c.buildsystem.ProjectBuilder - mainproject[sample_test]'s server build path deletion task end
06:35:47.794 [main] INFO  k.p.s.c.buildsystem.ProjectBuilder - the app client ant build.xml file[D:\gitsinnori\sinnori\project\sample_test\client_build\app_build\build.xml] is bad :: whetherExist[false] isFile[false]
06:35:47.794 [main] WARN  k.p.s.c.buildsystem.ProjectBuilder - the app client buid.xml file[D:\gitsinnori\sinnori\project\sample_test\client_build\app_build\build.xml] is bad beacse it doesn't exist or is not a file, so skip deletion of app client build system
06:35:47.794 [main] INFO  k.p.s.c.buildsystem.ProjectBuilder - main project[sample_test]'s web build child direcotry creation task start
06:35:47.794 [main] INFO  k.p.s.common.util.CommonStaticUtil - the new child relative direcotry[D:\gitsinnori\sinnori\project\sample_test][client_build/web_build/corelib/ex] was created successfully
06:35:47.794 [main] INFO  k.p.s.common.util.CommonStaticUtil - the new child relative direcotry[D:\gitsinnori\sinnori\project\sample_test][client_build/web_build/corelib/in] was created successfully
06:35:47.794 [main] INFO  k.p.s.common.util.CommonStaticUtil - the new child relative direcotry[D:\gitsinnori\sinnori\project\sample_test][client_build/web_build/lib/main/ex] was created successfully
06:35:47.794 [main] INFO  k.p.s.common.util.CommonStaticUtil - the new child relative direcotry[D:\gitsinnori\sinnori\project\sample_test][client_build/web_build/lib/main/in] was created successfully
06:35:47.794 [main] INFO  k.p.s.common.util.CommonStaticUtil - the new child relative direcotry[D:\gitsinnori\sinnori\project\sample_test][client_build/web_build/lib/test] was created successfully
06:35:47.809 [main] INFO  k.p.s.common.util.CommonStaticUtil - the new child relative direcotry[D:\gitsinnori\sinnori\project\sample_test][client_build/web_build/src/main/java/kr/pe/sinnori/impl/message] was created successfully
06:35:47.809 [main] INFO  k.p.s.common.util.CommonStaticUtil - the new child relative direcotry[D:\gitsinnori\sinnori\project\sample_test][client_build/web_build/src/main/java//kr/pe/sinnori/servlet] was created successfully
06:35:47.809 [main] INFO  k.p.s.common.util.CommonStaticUtil - the new child relative direcotry[D:\gitsinnori\sinnori\project\sample_test][client_build/web_build/src/main/java/kr/pe/sinnori/weblib/common] was created successfully
06:35:47.809 [main] INFO  k.p.s.common.util.CommonStaticUtil - the new child relative direcotry[D:\gitsinnori\sinnori\project\sample_test][client_build/web_build/src/main/java/kr/pe/sinnori/weblib/htmlstring] was created successfully
06:35:47.809 [main] INFO  k.p.s.common.util.CommonStaticUtil - the new child relative direcotry[D:\gitsinnori\sinnori\project\sample_test][client_build/web_build/src/main/java/kr/pe/sinnori/weblib/jdf] was created successfully
06:35:47.809 [main] INFO  k.p.s.common.util.CommonStaticUtil - the new child relative direcotry[D:\gitsinnori\sinnori\project\sample_test][client_build/web_build/src/test/java] was created successfully
06:35:47.809 [main] INFO  k.p.s.common.util.CommonStaticUtil - the new child relative direcotry[D:\gitsinnori\sinnori\project\sample_test][client_build/web_build/build] was created successfully
06:35:47.809 [main] INFO  k.p.s.common.util.CommonStaticUtil - the new child relative direcotry[D:\gitsinnori\sinnori\project\sample_test][client_build/web_build/dist] was created successfully
06:35:47.809 [main] INFO  k.p.s.c.buildsystem.ProjectBuilder - main project[sample_test]'s web build child direcotry creation task end
06:35:47.809 [main] INFO  k.p.s.c.buildsystem.ProjectBuilder - main project[sample_test]'s web client build system files creation task start
06:35:47.809 [main] INFO  k.p.s.c.buildsystem.ProjectBuilder - main project[sample_test]'s web client ant build.xml file creation task start
06:35:47.809 [main] INFO  k.p.s.c.buildsystem.ProjectBuilder - main project[sample_test]'s web client ant build.xml file creation task end
06:35:47.809 [main] INFO  k.p.s.c.buildsystem.ProjectBuilder - main project[sample_test]'s web client ant properties file creation task start
06:35:47.903 [main] INFO  k.p.s.c.util.SequencedPropertiesUtil - the sequenced properties file[D:\gitsinnori\sinnori\project\sample_test\client_build\web_build\webAnt.properties] was created
06:35:47.903 [main] INFO  k.p.s.c.buildsystem.ProjectBuilder - main project[sample_test]'s web client ant properties file creation task end
06:35:47.903 [main] INFO  k.p.s.c.buildsystem.ProjectBuilder - main project[sample_test]'s web client message io file set creation task start
06:35:47.903 [main] INFO  k.p.s.common.util.CommonStaticUtil - the new child relative direcotry[D:\gitsinnori\sinnori\project\sample_test\client_build\web_build\src\main\java\kr\pe\sinnori\impl\message][Echo] was created successfully
06:35:47.903 [main] INFO  k.p.s.c.buildsystem.ProjectBuilder - main project[sample_test]'s message file[Echo][D:\gitsinnori\sinnori\project\sample_test\client_build\web_build\src\main\java\kr\pe\sinnori\impl\message] creation task start
06:35:47.903 [main] INFO  k.p.s.c.buildsystem.ProjectBuilder - main project[sample_test]'s message file[Echo][D:\gitsinnori\sinnori\project\sample_test\client_build\web_build\src\main\java\kr\pe\sinnori\impl\message] creation task end
06:35:47.903 [main] INFO  k.p.s.c.buildsystem.ProjectBuilder - main project[sample_test]'s message decoder file[Echo][D:\gitsinnori\sinnori\project\sample_test\client_build\web_build\src\main\java\kr\pe\sinnori\impl\message] creation task start
06:35:47.919 [main] INFO  k.p.s.c.buildsystem.ProjectBuilder - main project[sample_test]'s message decoder file[Echo][D:\gitsinnori\sinnori\project\sample_test\client_build\web_build\src\main\java\kr\pe\sinnori\impl\message] creation task end
06:35:47.919 [main] INFO  k.p.s.c.buildsystem.ProjectBuilder - main project[sample_test]'s message encoder file[Echo][D:\gitsinnori\sinnori\project\sample_test\client_build\web_build\src\main\java\kr\pe\sinnori\impl\message] creation task start
06:35:47.934 [main] INFO  k.p.s.c.buildsystem.ProjectBuilder - main project[sample_test]'s message encoder file[Echo][D:\gitsinnori\sinnori\project\sample_test\client_build\web_build\src\main\java\kr\pe\sinnori\impl\message] creation task end
06:35:47.934 [main] INFO  k.p.s.c.buildsystem.ProjectBuilder - main project[sample_test]'s message server codec file[Echo][D:\gitsinnori\sinnori\project\sample_test\client_build\web_build\src\main\java\kr\pe\sinnori\impl\message] creation task start
06:35:47.934 [main] INFO  k.p.s.c.buildsystem.ProjectBuilder - main project[sample_test]'s message server codec file[Echo][D:\gitsinnori\sinnori\project\sample_test\client_build\web_build\src\main\java\kr\pe\sinnori\impl\message] creation task end
06:35:47.934 [main] INFO  k.p.s.c.buildsystem.ProjectBuilder - main project[sample_test]'s message client codec file[Echo][D:\gitsinnori\sinnori\project\sample_test\client_build\web_build\src\main\java\kr\pe\sinnori\impl\message] creation task start
06:35:47.934 [main] INFO  k.p.s.c.buildsystem.ProjectBuilder - main project[sample_test]'s message client codec file[Echo][D:\gitsinnori\sinnori\project\sample_test\client_build\web_build\src\main\java\kr\pe\sinnori\impl\message] creation task end
06:35:47.950 [main] INFO  k.p.s.common.util.CommonStaticUtil - the new child relative direcotry[D:\gitsinnori\sinnori\project\sample_test\client_build\web_build\src\main\java\kr\pe\sinnori\impl\message][PublicKeyReq] was created successfully
06:35:47.950 [main] INFO  k.p.s.c.buildsystem.ProjectBuilder - main project[sample_test]'s message file[PublicKeyReq][D:\gitsinnori\sinnori\project\sample_test\client_build\web_build\src\main\java\kr\pe\sinnori\impl\message] creation task start
06:35:47.950 [main] INFO  k.p.s.c.buildsystem.ProjectBuilder - main project[sample_test]'s message file[PublicKeyReq][D:\gitsinnori\sinnori\project\sample_test\client_build\web_build\src\main\java\kr\pe\sinnori\impl\message] creation task end
06:35:47.950 [main] INFO  k.p.s.c.buildsystem.ProjectBuilder - main project[sample_test]'s message decoder file[PublicKeyReq][D:\gitsinnori\sinnori\project\sample_test\client_build\web_build\src\main\java\kr\pe\sinnori\impl\message] creation task start
06:35:47.950 [main] INFO  k.p.s.c.buildsystem.ProjectBuilder - main project[sample_test]'s message decoder file[PublicKeyReq][D:\gitsinnori\sinnori\project\sample_test\client_build\web_build\src\main\java\kr\pe\sinnori\impl\message] creation task end
06:35:47.950 [main] INFO  k.p.s.c.buildsystem.ProjectBuilder - main project[sample_test]'s message encoder file[PublicKeyReq][D:\gitsinnori\sinnori\project\sample_test\client_build\web_build\src\main\java\kr\pe\sinnori\impl\message] creation task start
06:35:47.950 [main] INFO  k.p.s.c.buildsystem.ProjectBuilder - main project[sample_test]'s message encoder file[PublicKeyReq][D:\gitsinnori\sinnori\project\sample_test\client_build\web_build\src\main\java\kr\pe\sinnori\impl\message] creation task end
06:35:47.950 [main] INFO  k.p.s.c.buildsystem.ProjectBuilder - main project[sample_test]'s message server codec file[PublicKeyReq][D:\gitsinnori\sinnori\project\sample_test\client_build\web_build\src\main\java\kr\pe\sinnori\impl\message] creation task start
06:35:47.965 [main] INFO  k.p.s.c.buildsystem.ProjectBuilder - main project[sample_test]'s message server codec file[PublicKeyReq][D:\gitsinnori\sinnori\project\sample_test\client_build\web_build\src\main\java\kr\pe\sinnori\impl\message] creation task end
06:35:47.965 [main] INFO  k.p.s.c.buildsystem.ProjectBuilder - main project[sample_test]'s message client codec file[PublicKeyReq][D:\gitsinnori\sinnori\project\sample_test\client_build\web_build\src\main\java\kr\pe\sinnori\impl\message] creation task start
06:35:47.965 [main] INFO  k.p.s.c.buildsystem.ProjectBuilder - main project[sample_test]'s message client codec file[PublicKeyReq][D:\gitsinnori\sinnori\project\sample_test\client_build\web_build\src\main\java\kr\pe\sinnori\impl\message] creation task end
06:35:47.965 [main] INFO  k.p.s.common.util.CommonStaticUtil - the new child relative direcotry[D:\gitsinnori\sinnori\project\sample_test\client_build\web_build\src\main\java\kr\pe\sinnori\impl\message][PublicKeyRes] was created successfully
06:35:47.965 [main] INFO  k.p.s.c.buildsystem.ProjectBuilder - main project[sample_test]'s message file[PublicKeyRes][D:\gitsinnori\sinnori\project\sample_test\client_build\web_build\src\main\java\kr\pe\sinnori\impl\message] creation task start
06:35:47.965 [main] INFO  k.p.s.c.buildsystem.ProjectBuilder - main project[sample_test]'s message file[PublicKeyRes][D:\gitsinnori\sinnori\project\sample_test\client_build\web_build\src\main\java\kr\pe\sinnori\impl\message] creation task end
06:35:47.965 [main] INFO  k.p.s.c.buildsystem.ProjectBuilder - main project[sample_test]'s message decoder file[PublicKeyRes][D:\gitsinnori\sinnori\project\sample_test\client_build\web_build\src\main\java\kr\pe\sinnori\impl\message] creation task start
06:35:47.965 [main] INFO  k.p.s.c.buildsystem.ProjectBuilder - main project[sample_test]'s message decoder file[PublicKeyRes][D:\gitsinnori\sinnori\project\sample_test\client_build\web_build\src\main\java\kr\pe\sinnori\impl\message] creation task end
06:35:47.965 [main] INFO  k.p.s.c.buildsystem.ProjectBuilder - main project[sample_test]'s message encoder file[PublicKeyRes][D:\gitsinnori\sinnori\project\sample_test\client_build\web_build\src\main\java\kr\pe\sinnori\impl\message] creation task start
06:35:47.965 [main] INFO  k.p.s.c.buildsystem.ProjectBuilder - main project[sample_test]'s message encoder file[PublicKeyRes][D:\gitsinnori\sinnori\project\sample_test\client_build\web_build\src\main\java\kr\pe\sinnori\impl\message] creation task end
06:35:47.965 [main] INFO  k.p.s.c.buildsystem.ProjectBuilder - main project[sample_test]'s message server codec file[PublicKeyRes][D:\gitsinnori\sinnori\project\sample_test\client_build\web_build\src\main\java\kr\pe\sinnori\impl\message] creation task start
06:35:48.059 [main] INFO  k.p.s.c.buildsystem.ProjectBuilder - main project[sample_test]'s message server codec file[PublicKeyRes][D:\gitsinnori\sinnori\project\sample_test\client_build\web_build\src\main\java\kr\pe\sinnori\impl\message] creation task end
06:35:48.059 [main] INFO  k.p.s.c.buildsystem.ProjectBuilder - main project[sample_test]'s message client codec file[PublicKeyRes][D:\gitsinnori\sinnori\project\sample_test\client_build\web_build\src\main\java\kr\pe\sinnori\impl\message] creation task start
06:35:48.059 [main] INFO  k.p.s.c.buildsystem.ProjectBuilder - main project[sample_test]'s message client codec file[PublicKeyRes][D:\gitsinnori\sinnori\project\sample_test\client_build\web_build\src\main\java\kr\pe\sinnori\impl\message] creation task end
06:35:48.059 [main] INFO  k.p.s.c.buildsystem.ProjectBuilder - main project[sample_test]'s web client message io file set creation task end
06:35:48.059 [main] INFO  k.p.s.c.buildsystem.ProjectBuilder - mainproject[sample_test]'s web client sample source files copy task start
06:35:48.165 [main] INFO  k.p.s.c.buildsystem.ProjectBuilder - mainproject[sample_test]'s web client sample source files copy task end
06:35:48.165 [main] INFO  k.p.s.c.buildsystem.ProjectBuilder - main project[sample_test]'s web client build system files creation task end
06:35:48.165 [main] INFO  k.p.s.c.buildsystem.ProjectBuilder - main project[sample_test]'s web root child direcotry creation task start
06:35:48.165 [main] INFO  k.p.s.common.util.CommonStaticUtil - the new child relative direcotry[D:\gitsinnori\sinnori\project\sample_test][web_app_base/upload] was created successfully
06:35:48.165 [main] INFO  k.p.s.common.util.CommonStaticUtil - the new child relative direcotry[D:\gitsinnori\sinnori\project\sample_test][web_app_base/ROOT/WEB-INF/classes] was created successfully
06:35:48.165 [main] INFO  k.p.s.common.util.CommonStaticUtil - the new child relative direcotry[D:\gitsinnori\sinnori\project\sample_test][web_app_base/ROOT/WEB-INF/lib] was created successfully
06:35:48.165 [main] INFO  k.p.s.c.buildsystem.ProjectBuilder - main project[sample_test]'s web root child direcotry creation task end
06:35:48.165 [main] INFO  k.p.s.c.buildsystem.ProjectBuilder - main project[sample_test]'s web root sample files creation task start
06:35:48.165 [main] INFO  k.p.s.c.buildsystem.ProjectBuilder - main project[sample_test]'s web root sample files copy task start
06:35:48.181 [main] INFO  k.p.s.c.buildsystem.ProjectBuilder - main project[sample_test]'s web root sample files copy task end
06:35:48.181 [main] INFO  k.p.s.c.buildsystem.ProjectBuilder - main project[sample_test]'s web root sample files creation task end
06:35:48.181 [main] INFO  k.p.s.c.buildsystem.ProjectBuilder - main project[sample_test]'s config file overwrite task start
06:35:48.181 [main] INFO  k.p.s.c.buildsystem.ProjectBuilder - main project[sample_test]'s config file overwrite task end
06:35:48.181 [main] INFO  k.p.s.c.buildsystem.ProjectBuilder - main project[sample_test] changeProjectState method end
06:35:48.181 [main] INFO  k.p.s.c.buildsystem.ProjectBuilder - the server ant build.xml file[D:\gitsinnori\sinnori\project\sample_test\server_build\build.xml] is bad :: whetherExist[false] isFile[false]
06:35:48.181 [main] INFO  k.p.s.c.buildsystem.ProjectBuilder - the app client ant build.xml file[D:\gitsinnori\sinnori\project\sample_test\client_build\app_build\build.xml] is bad :: whetherExist[false] isFile[false]
06:35:48.181 [main] INFO  k.p.s.c.buildsystem.ProjectBuilder - main project[sample_test] changeProjectState method start
06:35:48.181 [main] INFO  k.p.s.c.buildsystem.ProjectBuilder - the server ant build.xml file[D:\gitsinnori\sinnori\project\sample_test\server_build\build.xml] is bad :: whetherExist[false] isFile[false]
06:35:48.181 [main] WARN  k.p.s.c.buildsystem.ProjectBuilder - the server buid.xml file[D:\gitsinnori\sinnori\project\sample_test\server_build\build.xml] is bad beacse it doesn't exist or is not a file, so skip deletion of server build system
06:35:48.181 [main] INFO  k.p.s.c.buildsystem.ProjectBuilder - main project[sample_test]'s application build child direcotry creation task start
06:35:48.181 [main] INFO  k.p.s.common.util.CommonStaticUtil - the new child relative direcotry[D:\gitsinnori\sinnori\project\sample_test][client_build/app_build/corelib/ex] was created successfully
06:35:48.181 [main] INFO  k.p.s.common.util.CommonStaticUtil - the new child relative direcotry[D:\gitsinnori\sinnori\project\sample_test][client_build/app_build/corelib/in] was created successfully
06:35:48.181 [main] INFO  k.p.s.common.util.CommonStaticUtil - the new child relative direcotry[D:\gitsinnori\sinnori\project\sample_test][client_build/app_build/lib/main/ex] was created successfully
06:35:48.181 [main] INFO  k.p.s.common.util.CommonStaticUtil - the new child relative direcotry[D:\gitsinnori\sinnori\project\sample_test][client_build/app_build/lib/main/in] was created successfully
06:35:48.181 [main] INFO  k.p.s.common.util.CommonStaticUtil - the new child relative direcotry[D:\gitsinnori\sinnori\project\sample_test][client_build/app_build/lib/test] was created successfully
06:35:48.181 [main] INFO  k.p.s.common.util.CommonStaticUtil - the new child relative direcotry[D:\gitsinnori\sinnori\project\sample_test][client_build/app_build/src/main/java/kr/pe/sinnori/impl/message] was created successfully
06:35:48.181 [main] INFO  k.p.s.common.util.CommonStaticUtil - the new child relative direcotry[D:\gitsinnori\sinnori\project\sample_test][client_build/app_build/src/main/java/main] was created successfully
06:35:48.181 [main] INFO  k.p.s.common.util.CommonStaticUtil - the new child relative direcotry[D:\gitsinnori\sinnori\project\sample_test][client_build/app_build/src/test/java] was created successfully
06:35:48.181 [main] INFO  k.p.s.common.util.CommonStaticUtil - the new child relative direcotry[D:\gitsinnori\sinnori\project\sample_test][client_build/app_build/build] was created successfully
06:35:48.181 [main] INFO  k.p.s.common.util.CommonStaticUtil - the new child relative direcotry[D:\gitsinnori\sinnori\project\sample_test][client_build/app_build/dist] was created successfully
06:35:48.181 [main] INFO  k.p.s.c.buildsystem.ProjectBuilder - main project[sample_test]'s application build child direcotry creation task end
06:35:48.181 [main] INFO  k.p.s.c.buildsystem.ProjectBuilder - mainproject[sample_test]'s application client build system files creation task start
06:35:48.181 [main] INFO  k.p.s.c.buildsystem.ProjectBuilder - main project[sample_test]'s application client ant build.xml file creation task start
06:35:48.290 [main] INFO  k.p.s.c.buildsystem.ProjectBuilder - main project[sample_test]'s application client ant build.xml file creation task end
06:35:48.290 [main] INFO  k.p.s.c.buildsystem.ProjectBuilder - main project[sample_test]'s application client dos shell file creation task start
06:35:48.290 [main] INFO  k.p.s.c.buildsystem.ProjectBuilder - main project[sample_test]'s application client dos shell file creation task end
06:35:48.290 [main] INFO  k.p.s.c.buildsystem.ProjectBuilder - main project[sample_test]'s application client unix shell file creation task start
06:35:48.290 [main] INFO  k.p.s.c.buildsystem.ProjectBuilder - main project[sample_test]'s application client unix shell file creation task end
06:35:48.290 [main] INFO  k.p.s.c.buildsystem.ProjectBuilder - application client sample source files copy task start
06:35:48.321 [main] INFO  k.p.s.c.buildsystem.ProjectBuilder - application client sample source files copy task end
06:35:48.321 [main] INFO  k.p.s.c.buildsystem.ProjectBuilder - main project[sample_test]'s application client message io file set creation task start
06:35:48.321 [main] INFO  k.p.s.common.util.CommonStaticUtil - the new child relative direcotry[D:\gitsinnori\sinnori\project\sample_test\client_build\app_build\src\main\java\kr\pe\sinnori\impl\message][Echo] was created successfully
06:35:48.321 [main] INFO  k.p.s.c.buildsystem.ProjectBuilder - main project[sample_test]'s message file[Echo][D:\gitsinnori\sinnori\project\sample_test\client_build\app_build\src\main\java\kr\pe\sinnori\impl\message] creation task start
06:35:48.321 [main] INFO  k.p.s.c.buildsystem.ProjectBuilder - main project[sample_test]'s message file[Echo][D:\gitsinnori\sinnori\project\sample_test\client_build\app_build\src\main\java\kr\pe\sinnori\impl\message] creation task end
06:35:48.321 [main] INFO  k.p.s.c.buildsystem.ProjectBuilder - main project[sample_test]'s message decoder file[Echo][D:\gitsinnori\sinnori\project\sample_test\client_build\app_build\src\main\java\kr\pe\sinnori\impl\message] creation task start
06:35:48.337 [main] INFO  k.p.s.c.buildsystem.ProjectBuilder - main project[sample_test]'s message decoder file[Echo][D:\gitsinnori\sinnori\project\sample_test\client_build\app_build\src\main\java\kr\pe\sinnori\impl\message] creation task end
06:35:48.337 [main] INFO  k.p.s.c.buildsystem.ProjectBuilder - main project[sample_test]'s message encoder file[Echo][D:\gitsinnori\sinnori\project\sample_test\client_build\app_build\src\main\java\kr\pe\sinnori\impl\message] creation task start
06:35:48.352 [main] INFO  k.p.s.c.buildsystem.ProjectBuilder - main project[sample_test]'s message encoder file[Echo][D:\gitsinnori\sinnori\project\sample_test\client_build\app_build\src\main\java\kr\pe\sinnori\impl\message] creation task end
06:35:48.352 [main] INFO  k.p.s.c.buildsystem.ProjectBuilder - main project[sample_test]'s message server codec file[Echo][D:\gitsinnori\sinnori\project\sample_test\client_build\app_build\src\main\java\kr\pe\sinnori\impl\message] creation task start
06:35:48.352 [main] INFO  k.p.s.c.buildsystem.ProjectBuilder - main project[sample_test]'s message server codec file[Echo][D:\gitsinnori\sinnori\project\sample_test\client_build\app_build\src\main\java\kr\pe\sinnori\impl\message] creation task end
06:35:48.352 [main] INFO  k.p.s.c.buildsystem.ProjectBuilder - main project[sample_test]'s message client codec file[Echo][D:\gitsinnori\sinnori\project\sample_test\client_build\app_build\src\main\java\kr\pe\sinnori\impl\message] creation task start
06:35:48.352 [main] INFO  k.p.s.c.buildsystem.ProjectBuilder - main project[sample_test]'s message client codec file[Echo][D:\gitsinnori\sinnori\project\sample_test\client_build\app_build\src\main\java\kr\pe\sinnori\impl\message] creation task end
06:35:48.352 [main] INFO  k.p.s.common.util.CommonStaticUtil - the new child relative direcotry[D:\gitsinnori\sinnori\project\sample_test\client_build\app_build\src\main\java\kr\pe\sinnori\impl\message][PublicKeyReq] was created successfully
06:35:48.352 [main] INFO  k.p.s.c.buildsystem.ProjectBuilder - main project[sample_test]'s message file[PublicKeyReq][D:\gitsinnori\sinnori\project\sample_test\client_build\app_build\src\main\java\kr\pe\sinnori\impl\message] creation task start
06:35:48.352 [main] INFO  k.p.s.c.buildsystem.ProjectBuilder - main project[sample_test]'s message file[PublicKeyReq][D:\gitsinnori\sinnori\project\sample_test\client_build\app_build\src\main\java\kr\pe\sinnori\impl\message] creation task end
06:35:48.352 [main] INFO  k.p.s.c.buildsystem.ProjectBuilder - main project[sample_test]'s message decoder file[PublicKeyReq][D:\gitsinnori\sinnori\project\sample_test\client_build\app_build\src\main\java\kr\pe\sinnori\impl\message] creation task start
06:35:48.352 [main] INFO  k.p.s.c.buildsystem.ProjectBuilder - main project[sample_test]'s message decoder file[PublicKeyReq][D:\gitsinnori\sinnori\project\sample_test\client_build\app_build\src\main\java\kr\pe\sinnori\impl\message] creation task end
06:35:48.352 [main] INFO  k.p.s.c.buildsystem.ProjectBuilder - main project[sample_test]'s message encoder file[PublicKeyReq][D:\gitsinnori\sinnori\project\sample_test\client_build\app_build\src\main\java\kr\pe\sinnori\impl\message] creation task start
06:35:48.368 [main] INFO  k.p.s.c.buildsystem.ProjectBuilder - main project[sample_test]'s message encoder file[PublicKeyReq][D:\gitsinnori\sinnori\project\sample_test\client_build\app_build\src\main\java\kr\pe\sinnori\impl\message] creation task end
06:35:48.368 [main] INFO  k.p.s.c.buildsystem.ProjectBuilder - main project[sample_test]'s message server codec file[PublicKeyReq][D:\gitsinnori\sinnori\project\sample_test\client_build\app_build\src\main\java\kr\pe\sinnori\impl\message] creation task start
06:35:48.423 [main] INFO  k.p.s.c.buildsystem.ProjectBuilder - main project[sample_test]'s message server codec file[PublicKeyReq][D:\gitsinnori\sinnori\project\sample_test\client_build\app_build\src\main\java\kr\pe\sinnori\impl\message] creation task end
06:35:48.423 [main] INFO  k.p.s.c.buildsystem.ProjectBuilder - main project[sample_test]'s message client codec file[PublicKeyReq][D:\gitsinnori\sinnori\project\sample_test\client_build\app_build\src\main\java\kr\pe\sinnori\impl\message] creation task start
06:35:48.423 [main] INFO  k.p.s.c.buildsystem.ProjectBuilder - main project[sample_test]'s message client codec file[PublicKeyReq][D:\gitsinnori\sinnori\project\sample_test\client_build\app_build\src\main\java\kr\pe\sinnori\impl\message] creation task end
06:35:48.423 [main] INFO  k.p.s.common.util.CommonStaticUtil - the new child relative direcotry[D:\gitsinnori\sinnori\project\sample_test\client_build\app_build\src\main\java\kr\pe\sinnori\impl\message][PublicKeyRes] was created successfully
06:35:48.423 [main] INFO  k.p.s.c.buildsystem.ProjectBuilder - main project[sample_test]'s message file[PublicKeyRes][D:\gitsinnori\sinnori\project\sample_test\client_build\app_build\src\main\java\kr\pe\sinnori\impl\message] creation task start
06:35:48.423 [main] INFO  k.p.s.c.buildsystem.ProjectBuilder - main project[sample_test]'s message file[PublicKeyRes][D:\gitsinnori\sinnori\project\sample_test\client_build\app_build\src\main\java\kr\pe\sinnori\impl\message] creation task end
06:35:48.423 [main] INFO  k.p.s.c.buildsystem.ProjectBuilder - main project[sample_test]'s message decoder file[PublicKeyRes][D:\gitsinnori\sinnori\project\sample_test\client_build\app_build\src\main\java\kr\pe\sinnori\impl\message] creation task start
06:35:48.423 [main] INFO  k.p.s.c.buildsystem.ProjectBuilder - main project[sample_test]'s message decoder file[PublicKeyRes][D:\gitsinnori\sinnori\project\sample_test\client_build\app_build\src\main\java\kr\pe\sinnori\impl\message] creation task end
06:35:48.423 [main] INFO  k.p.s.c.buildsystem.ProjectBuilder - main project[sample_test]'s message encoder file[PublicKeyRes][D:\gitsinnori\sinnori\project\sample_test\client_build\app_build\src\main\java\kr\pe\sinnori\impl\message] creation task start
06:35:48.439 [main] INFO  k.p.s.c.buildsystem.ProjectBuilder - main project[sample_test]'s message encoder file[PublicKeyRes][D:\gitsinnori\sinnori\project\sample_test\client_build\app_build\src\main\java\kr\pe\sinnori\impl\message] creation task end
06:35:48.439 [main] INFO  k.p.s.c.buildsystem.ProjectBuilder - main project[sample_test]'s message server codec file[PublicKeyRes][D:\gitsinnori\sinnori\project\sample_test\client_build\app_build\src\main\java\kr\pe\sinnori\impl\message] creation task start
06:35:48.439 [main] INFO  k.p.s.c.buildsystem.ProjectBuilder - main project[sample_test]'s message server codec file[PublicKeyRes][D:\gitsinnori\sinnori\project\sample_test\client_build\app_build\src\main\java\kr\pe\sinnori\impl\message] creation task end
06:35:48.439 [main] INFO  k.p.s.c.buildsystem.ProjectBuilder - main project[sample_test]'s message client codec file[PublicKeyRes][D:\gitsinnori\sinnori\project\sample_test\client_build\app_build\src\main\java\kr\pe\sinnori\impl\message] creation task start
06:35:48.439 [main] INFO  k.p.s.c.buildsystem.ProjectBuilder - main project[sample_test]'s message client codec file[PublicKeyRes][D:\gitsinnori\sinnori\project\sample_test\client_build\app_build\src\main\java\kr\pe\sinnori\impl\message] creation task end
06:35:48.439 [main] INFO  k.p.s.c.buildsystem.ProjectBuilder - main project[sample_test]'s application client message io file set creation task end
06:35:48.439 [main] INFO  k.p.s.c.buildsystem.ProjectBuilder - mainproject[sample_test]'s application client build system files creation task end
06:35:48.439 [main] INFO  k.p.s.c.buildsystem.ProjectBuilder - main project[sample_test]'s web client build path deletion task start
06:35:48.454 [main] INFO  k.p.s.c.buildsystem.ProjectBuilder - main project[sample_test]'s web client build path deletion task end
06:35:48.454 [main] INFO  k.p.s.c.buildsystem.ProjectBuilder - main project[sample_test]'s web root path deletion task start
06:35:48.470 [main] INFO  k.p.s.c.buildsystem.ProjectBuilder - main project[sample_test]'s web root path deletion task end
06:35:48.470 [main] INFO  k.p.s.c.buildsystem.ProjectBuilder - main project[sample_test]'s config file overwrite task start
06:35:48.470 [main] INFO  k.p.s.c.buildsystem.ProjectBuilder - main project[sample_test]'s config file overwrite task end
06:35:48.470 [main] INFO  k.p.s.c.buildsystem.ProjectBuilder - main project[sample_test] changeProjectState method end
06:35:48.470 [main] INFO  k.p.s.c.buildsystem.ProjectBuilder - the server ant build.xml file[D:\gitsinnori\sinnori\project\sample_test\server_build\build.xml] is bad :: whetherExist[false] isFile[false]
06:35:48.470 [main] INFO  k.p.s.c.buildsystem.ProjectBuilder - the web client ant build.xml file[D:\gitsinnori\sinnori\project\sample_test\client_build\web_build\build.xml] is bad :: whetherExist[false] isFile[false]
06:35:48.470 [main] INFO  k.p.s.c.buildsystem.ProjectBuilder - the web.xml file[D:\gitsinnori\sinnori\project\sample_test\web_app_base\ROOT\WEB-INF\web.xml] located at web root directory is bad :: whetherExist[false] isFile[false]
06:35:48.470 [main] INFO  k.p.s.c.buildsystem.ProjectBuilder - main project[sample_test] changeProjectState method start
06:35:48.470 [main] INFO  k.p.s.c.buildsystem.ProjectBuilder - the server ant build.xml file[D:\gitsinnori\sinnori\project\sample_test\server_build\build.xml] is bad :: whetherExist[false] isFile[false]
06:35:48.470 [main] WARN  k.p.s.c.buildsystem.ProjectBuilder - the server buid.xml file[D:\gitsinnori\sinnori\project\sample_test\server_build\build.xml] is bad beacse it doesn't exist or is not a file, so skip deletion of server build system
06:35:48.533 [main] WARN  k.p.s.c.buildsystem.ProjectBuilder - the app client build path[D:\gitsinnori\sinnori\project\sample_test\client_build\app_build] exist, so skip creation of app client build system
06:35:48.533 [main] INFO  k.p.s.c.buildsystem.ProjectBuilder - main project[sample_test]'s web build child direcotry creation task start
06:35:48.533 [main] INFO  k.p.s.common.util.CommonStaticUtil - the new child relative direcotry[D:\gitsinnori\sinnori\project\sample_test][client_build/web_build/corelib/ex] was created successfully
06:35:48.533 [main] INFO  k.p.s.common.util.CommonStaticUtil - the new child relative direcotry[D:\gitsinnori\sinnori\project\sample_test][client_build/web_build/corelib/in] was created successfully
06:35:48.533 [main] INFO  k.p.s.common.util.CommonStaticUtil - the new child relative direcotry[D:\gitsinnori\sinnori\project\sample_test][client_build/web_build/lib/main/ex] was created successfully
06:35:48.533 [main] INFO  k.p.s.common.util.CommonStaticUtil - the new child relative direcotry[D:\gitsinnori\sinnori\project\sample_test][client_build/web_build/lib/main/in] was created successfully
06:35:48.533 [main] INFO  k.p.s.common.util.CommonStaticUtil - the new child relative direcotry[D:\gitsinnori\sinnori\project\sample_test][client_build/web_build/lib/test] was created successfully
06:35:48.533 [main] INFO  k.p.s.common.util.CommonStaticUtil - the new child relative direcotry[D:\gitsinnori\sinnori\project\sample_test][client_build/web_build/src/main/java/kr/pe/sinnori/impl/message] was created successfully
06:35:48.533 [main] INFO  k.p.s.common.util.CommonStaticUtil - the new child relative direcotry[D:\gitsinnori\sinnori\project\sample_test][client_build/web_build/src/main/java//kr/pe/sinnori/servlet] was created successfully
06:35:48.533 [main] INFO  k.p.s.common.util.CommonStaticUtil - the new child relative direcotry[D:\gitsinnori\sinnori\project\sample_test][client_build/web_build/src/main/java/kr/pe/sinnori/weblib/common] was created successfully
06:35:48.533 [main] INFO  k.p.s.common.util.CommonStaticUtil - the new child relative direcotry[D:\gitsinnori\sinnori\project\sample_test][client_build/web_build/src/main/java/kr/pe/sinnori/weblib/htmlstring] was created successfully
06:35:48.533 [main] INFO  k.p.s.common.util.CommonStaticUtil - the new child relative direcotry[D:\gitsinnori\sinnori\project\sample_test][client_build/web_build/src/main/java/kr/pe/sinnori/weblib/jdf] was created successfully
06:35:48.533 [main] INFO  k.p.s.common.util.CommonStaticUtil - the new child relative direcotry[D:\gitsinnori\sinnori\project\sample_test][client_build/web_build/src/test/java] was created successfully
06:35:48.533 [main] INFO  k.p.s.common.util.CommonStaticUtil - the new child relative direcotry[D:\gitsinnori\sinnori\project\sample_test][client_build/web_build/build] was created successfully
06:35:48.533 [main] INFO  k.p.s.common.util.CommonStaticUtil - the new child relative direcotry[D:\gitsinnori\sinnori\project\sample_test][client_build/web_build/dist] was created successfully
06:35:48.533 [main] INFO  k.p.s.c.buildsystem.ProjectBuilder - main project[sample_test]'s web build child direcotry creation task end
06:35:48.533 [main] INFO  k.p.s.c.buildsystem.ProjectBuilder - main project[sample_test]'s web client build system files creation task start
06:35:48.533 [main] INFO  k.p.s.c.buildsystem.ProjectBuilder - main project[sample_test]'s web client ant build.xml file creation task start
06:35:48.533 [main] INFO  k.p.s.c.buildsystem.ProjectBuilder - main project[sample_test]'s web client ant build.xml file creation task end
06:35:48.533 [main] INFO  k.p.s.c.buildsystem.ProjectBuilder - main project[sample_test]'s web client ant properties file creation task start
06:35:48.533 [main] INFO  k.p.s.c.util.SequencedPropertiesUtil - the sequenced properties file[D:\gitsinnori\sinnori\project\sample_test\client_build\web_build\webAnt.properties] was created
06:35:48.533 [main] INFO  k.p.s.c.buildsystem.ProjectBuilder - main project[sample_test]'s web client ant properties file creation task end
06:35:48.533 [main] INFO  k.p.s.c.buildsystem.ProjectBuilder - main project[sample_test]'s web client message io file set creation task start
06:35:48.533 [main] INFO  k.p.s.common.util.CommonStaticUtil - the new child relative direcotry[D:\gitsinnori\sinnori\project\sample_test\client_build\web_build\src\main\java\kr\pe\sinnori\impl\message][Echo] was created successfully
06:35:48.533 [main] INFO  k.p.s.c.buildsystem.ProjectBuilder - main project[sample_test]'s message file[Echo][D:\gitsinnori\sinnori\project\sample_test\client_build\web_build\src\main\java\kr\pe\sinnori\impl\message] creation task start
06:35:48.548 [main] INFO  k.p.s.c.buildsystem.ProjectBuilder - main project[sample_test]'s message file[Echo][D:\gitsinnori\sinnori\project\sample_test\client_build\web_build\src\main\java\kr\pe\sinnori\impl\message] creation task end
06:35:48.548 [main] INFO  k.p.s.c.buildsystem.ProjectBuilder - main project[sample_test]'s message decoder file[Echo][D:\gitsinnori\sinnori\project\sample_test\client_build\web_build\src\main\java\kr\pe\sinnori\impl\message] creation task start
06:35:48.548 [main] INFO  k.p.s.c.buildsystem.ProjectBuilder - main project[sample_test]'s message decoder file[Echo][D:\gitsinnori\sinnori\project\sample_test\client_build\web_build\src\main\java\kr\pe\sinnori\impl\message] creation task end
06:35:48.548 [main] INFO  k.p.s.c.buildsystem.ProjectBuilder - main project[sample_test]'s message encoder file[Echo][D:\gitsinnori\sinnori\project\sample_test\client_build\web_build\src\main\java\kr\pe\sinnori\impl\message] creation task start
06:35:48.548 [main] INFO  k.p.s.c.buildsystem.ProjectBuilder - main project[sample_test]'s message encoder file[Echo][D:\gitsinnori\sinnori\project\sample_test\client_build\web_build\src\main\java\kr\pe\sinnori\impl\message] creation task end
06:35:48.548 [main] INFO  k.p.s.c.buildsystem.ProjectBuilder - main project[sample_test]'s message server codec file[Echo][D:\gitsinnori\sinnori\project\sample_test\client_build\web_build\src\main\java\kr\pe\sinnori\impl\message] creation task start
06:35:48.548 [main] INFO  k.p.s.c.buildsystem.ProjectBuilder - main project[sample_test]'s message server codec file[Echo][D:\gitsinnori\sinnori\project\sample_test\client_build\web_build\src\main\java\kr\pe\sinnori\impl\message] creation task end
06:35:48.548 [main] INFO  k.p.s.c.buildsystem.ProjectBuilder - main project[sample_test]'s message client codec file[Echo][D:\gitsinnori\sinnori\project\sample_test\client_build\web_build\src\main\java\kr\pe\sinnori\impl\message] creation task start
06:35:48.548 [main] INFO  k.p.s.c.buildsystem.ProjectBuilder - main project[sample_test]'s message client codec file[Echo][D:\gitsinnori\sinnori\project\sample_test\client_build\web_build\src\main\java\kr\pe\sinnori\impl\message] creation task end
06:35:48.548 [main] INFO  k.p.s.common.util.CommonStaticUtil - the new child relative direcotry[D:\gitsinnori\sinnori\project\sample_test\client_build\web_build\src\main\java\kr\pe\sinnori\impl\message][PublicKeyReq] was created successfully
06:35:48.548 [main] INFO  k.p.s.c.buildsystem.ProjectBuilder - main project[sample_test]'s message file[PublicKeyReq][D:\gitsinnori\sinnori\project\sample_test\client_build\web_build\src\main\java\kr\pe\sinnori\impl\message] creation task start
06:35:48.548 [main] INFO  k.p.s.c.buildsystem.ProjectBuilder - main project[sample_test]'s message file[PublicKeyReq][D:\gitsinnori\sinnori\project\sample_test\client_build\web_build\src\main\java\kr\pe\sinnori\impl\message] creation task end
06:35:48.548 [main] INFO  k.p.s.c.buildsystem.ProjectBuilder - main project[sample_test]'s message decoder file[PublicKeyReq][D:\gitsinnori\sinnori\project\sample_test\client_build\web_build\src\main\java\kr\pe\sinnori\impl\message] creation task start
06:35:48.642 [main] INFO  k.p.s.c.buildsystem.ProjectBuilder - main project[sample_test]'s message decoder file[PublicKeyReq][D:\gitsinnori\sinnori\project\sample_test\client_build\web_build\src\main\java\kr\pe\sinnori\impl\message] creation task end
06:35:48.642 [main] INFO  k.p.s.c.buildsystem.ProjectBuilder - main project[sample_test]'s message encoder file[PublicKeyReq][D:\gitsinnori\sinnori\project\sample_test\client_build\web_build\src\main\java\kr\pe\sinnori\impl\message] creation task start
06:35:48.642 [main] INFO  k.p.s.c.buildsystem.ProjectBuilder - main project[sample_test]'s message encoder file[PublicKeyReq][D:\gitsinnori\sinnori\project\sample_test\client_build\web_build\src\main\java\kr\pe\sinnori\impl\message] creation task end
06:35:48.642 [main] INFO  k.p.s.c.buildsystem.ProjectBuilder - main project[sample_test]'s message server codec file[PublicKeyReq][D:\gitsinnori\sinnori\project\sample_test\client_build\web_build\src\main\java\kr\pe\sinnori\impl\message] creation task start
06:35:48.642 [main] INFO  k.p.s.c.buildsystem.ProjectBuilder - main project[sample_test]'s message server codec file[PublicKeyReq][D:\gitsinnori\sinnori\project\sample_test\client_build\web_build\src\main\java\kr\pe\sinnori\impl\message] creation task end
06:35:48.642 [main] INFO  k.p.s.c.buildsystem.ProjectBuilder - main project[sample_test]'s message client codec file[PublicKeyReq][D:\gitsinnori\sinnori\project\sample_test\client_build\web_build\src\main\java\kr\pe\sinnori\impl\message] creation task start
06:35:48.642 [main] INFO  k.p.s.c.buildsystem.ProjectBuilder - main project[sample_test]'s message client codec file[PublicKeyReq][D:\gitsinnori\sinnori\project\sample_test\client_build\web_build\src\main\java\kr\pe\sinnori\impl\message] creation task end
06:35:48.658 [main] INFO  k.p.s.common.util.CommonStaticUtil - the new child relative direcotry[D:\gitsinnori\sinnori\project\sample_test\client_build\web_build\src\main\java\kr\pe\sinnori\impl\message][PublicKeyRes] was created successfully
06:35:48.658 [main] INFO  k.p.s.c.buildsystem.ProjectBuilder - main project[sample_test]'s message file[PublicKeyRes][D:\gitsinnori\sinnori\project\sample_test\client_build\web_build\src\main\java\kr\pe\sinnori\impl\message] creation task start
06:35:48.658 [main] INFO  k.p.s.c.buildsystem.ProjectBuilder - main project[sample_test]'s message file[PublicKeyRes][D:\gitsinnori\sinnori\project\sample_test\client_build\web_build\src\main\java\kr\pe\sinnori\impl\message] creation task end
06:35:48.658 [main] INFO  k.p.s.c.buildsystem.ProjectBuilder - main project[sample_test]'s message decoder file[PublicKeyRes][D:\gitsinnori\sinnori\project\sample_test\client_build\web_build\src\main\java\kr\pe\sinnori\impl\message] creation task start
06:35:48.658 [main] INFO  k.p.s.c.buildsystem.ProjectBuilder - main project[sample_test]'s message decoder file[PublicKeyRes][D:\gitsinnori\sinnori\project\sample_test\client_build\web_build\src\main\java\kr\pe\sinnori\impl\message] creation task end
06:35:48.658 [main] INFO  k.p.s.c.buildsystem.ProjectBuilder - main project[sample_test]'s message encoder file[PublicKeyRes][D:\gitsinnori\sinnori\project\sample_test\client_build\web_build\src\main\java\kr\pe\sinnori\impl\message] creation task start
06:35:48.673 [main] INFO  k.p.s.c.buildsystem.ProjectBuilder - main project[sample_test]'s message encoder file[PublicKeyRes][D:\gitsinnori\sinnori\project\sample_test\client_build\web_build\src\main\java\kr\pe\sinnori\impl\message] creation task end
06:35:48.673 [main] INFO  k.p.s.c.buildsystem.ProjectBuilder - main project[sample_test]'s message server codec file[PublicKeyRes][D:\gitsinnori\sinnori\project\sample_test\client_build\web_build\src\main\java\kr\pe\sinnori\impl\message] creation task start
06:35:48.673 [main] INFO  k.p.s.c.buildsystem.ProjectBuilder - main project[sample_test]'s message server codec file[PublicKeyRes][D:\gitsinnori\sinnori\project\sample_test\client_build\web_build\src\main\java\kr\pe\sinnori\impl\message] creation task end
06:35:48.673 [main] INFO  k.p.s.c.buildsystem.ProjectBuilder - main project[sample_test]'s message client codec file[PublicKeyRes][D:\gitsinnori\sinnori\project\sample_test\client_build\web_build\src\main\java\kr\pe\sinnori\impl\message] creation task start
06:35:48.673 [main] INFO  k.p.s.c.buildsystem.ProjectBuilder - main project[sample_test]'s message client codec file[PublicKeyRes][D:\gitsinnori\sinnori\project\sample_test\client_build\web_build\src\main\java\kr\pe\sinnori\impl\message] creation task end
06:35:48.673 [main] INFO  k.p.s.c.buildsystem.ProjectBuilder - main project[sample_test]'s web client message io file set creation task end
06:35:48.673 [main] INFO  k.p.s.c.buildsystem.ProjectBuilder - mainproject[sample_test]'s web client sample source files copy task start
06:35:48.720 [main] INFO  k.p.s.c.buildsystem.ProjectBuilder - mainproject[sample_test]'s web client sample source files copy task end
06:35:48.720 [main] INFO  k.p.s.c.buildsystem.ProjectBuilder - main project[sample_test]'s web client build system files creation task end
06:35:48.720 [main] INFO  k.p.s.c.buildsystem.ProjectBuilder - main project[sample_test]'s web root child direcotry creation task start
06:35:48.720 [main] INFO  k.p.s.common.util.CommonStaticUtil - the child relative direcotry[D:\gitsinnori\sinnori\project\sample_test][web_app_base/upload] exist, so nothing
06:35:48.720 [main] INFO  k.p.s.common.util.CommonStaticUtil - the new child relative direcotry[D:\gitsinnori\sinnori\project\sample_test][web_app_base/ROOT/WEB-INF/classes] was created successfully
06:35:48.736 [main] INFO  k.p.s.common.util.CommonStaticUtil - the new child relative direcotry[D:\gitsinnori\sinnori\project\sample_test][web_app_base/ROOT/WEB-INF/lib] was created successfully
06:35:48.736 [main] INFO  k.p.s.c.buildsystem.ProjectBuilder - main project[sample_test]'s web root child direcotry creation task end
06:35:48.736 [main] INFO  k.p.s.c.buildsystem.ProjectBuilder - main project[sample_test]'s web root sample files creation task start
06:35:48.736 [main] INFO  k.p.s.c.buildsystem.ProjectBuilder - main project[sample_test]'s web root sample files copy task start
06:35:48.736 [main] INFO  k.p.s.c.buildsystem.ProjectBuilder - main project[sample_test]'s web root sample files copy task end
06:35:48.736 [main] INFO  k.p.s.c.buildsystem.ProjectBuilder - main project[sample_test]'s web root sample files creation task end
06:35:48.767 [main] INFO  k.p.s.c.buildsystem.ProjectBuilder - main project[sample_test]'s config file overwrite task start
06:35:48.767 [main] INFO  k.p.s.c.buildsystem.ProjectBuilder - main project[sample_test]'s config file overwrite task end
06:35:48.767 [main] INFO  k.p.s.c.buildsystem.ProjectBuilder - main project[sample_test] changeProjectState method end
06:35:48.767 [main] INFO  k.p.s.c.buildsystem.ProjectBuilder - the server ant build.xml file[D:\gitsinnori\sinnori\project\sample_test\server_build\build.xml] is bad :: whetherExist[false] isFile[false]
06:35:48.767 [main] INFO  k.p.s.c.buildsystem.ProjectBuilder - main project[sample_test] changeProjectState method start
06:35:48.767 [main] INFO  k.p.s.c.buildsystem.ProjectBuilder - main project[sample_test]'s server child direcotry creation task start
06:35:48.767 [main] INFO  k.p.s.common.util.CommonStaticUtil - the new child relative direcotry[D:\gitsinnori\sinnori\project\sample_test][server_build/APP-INF/classes] was created successfully
06:35:48.767 [main] INFO  k.p.s.common.util.CommonStaticUtil - the new child relative direcotry[D:\gitsinnori\sinnori\project\sample_test][server_build/corelib/ex] was created successfully
06:35:48.767 [main] INFO  k.p.s.common.util.CommonStaticUtil - the new child relative direcotry[D:\gitsinnori\sinnori\project\sample_test][server_build/corelib/in] was created successfully
06:35:48.767 [main] INFO  k.p.s.common.util.CommonStaticUtil - the new child relative direcotry[D:\gitsinnori\sinnori\project\sample_test][server_build/lib/main/ex] was created successfully
06:35:48.767 [main] INFO  k.p.s.common.util.CommonStaticUtil - the new child relative direcotry[D:\gitsinnori\sinnori\project\sample_test][server_build/lib/main/in] was created successfully
06:35:48.767 [main] INFO  k.p.s.common.util.CommonStaticUtil - the new child relative direcotry[D:\gitsinnori\sinnori\project\sample_test][server_build/lib/test] was created successfully
06:35:48.767 [main] INFO  k.p.s.common.util.CommonStaticUtil - the new child relative direcotry[D:\gitsinnori\sinnori\project\sample_test][server_build/src/main/java/kr/pe/sinnori/impl/servertask] was created successfully
06:35:48.767 [main] INFO  k.p.s.common.util.CommonStaticUtil - the new child relative direcotry[D:\gitsinnori\sinnori\project\sample_test][server_build/src/main/java/kr/pe/sinnori/impl/message] was created successfully
06:35:48.767 [main] INFO  k.p.s.common.util.CommonStaticUtil - the new child relative direcotry[D:\gitsinnori\sinnori\project\sample_test][server_build/src/main/java/main] was created successfully
06:35:48.783 [main] INFO  k.p.s.common.util.CommonStaticUtil - the new child relative direcotry[D:\gitsinnori\sinnori\project\sample_test][server_build/src/test/java] was created successfully
06:35:48.783 [main] INFO  k.p.s.common.util.CommonStaticUtil - the new child relative direcotry[D:\gitsinnori\sinnori\project\sample_test][server_build/build] was created successfully
06:35:48.783 [main] INFO  k.p.s.common.util.CommonStaticUtil - the new child relative direcotry[D:\gitsinnori\sinnori\project\sample_test][server_build/dist] was created successfully
06:35:48.783 [main] INFO  k.p.s.c.buildsystem.ProjectBuilder - main project[sample_test]'s server child direcotry creation task end
06:35:48.783 [main] INFO  k.p.s.c.buildsystem.ProjectBuilder - server build system files creation task start
06:35:48.783 [main] INFO  k.p.s.c.buildsystem.ProjectBuilder - main project[sample_test]'s server ant build.xml file creation task start
06:35:48.783 [main] INFO  k.p.s.c.buildsystem.ProjectBuilder - main project[sample_test]'s server ant build.xml file creation task end
06:35:48.783 [main] INFO  k.p.s.c.buildsystem.ProjectBuilder - main project[sample_test]'s server dos shell file creation task start
06:35:48.783 [main] INFO  k.p.s.c.buildsystem.ProjectBuilder - main project[sample_test]'s server dos shell file creation task end
06:35:48.783 [main] INFO  k.p.s.c.buildsystem.ProjectBuilder - main project[sample_test]'s server unix shell file creation task start
06:35:48.783 [main] INFO  k.p.s.c.buildsystem.ProjectBuilder - main project[sample_test]'s server unix shell file creation task end
06:35:48.783 [main] INFO  k.p.s.c.buildsystem.ProjectBuilder - server sample source files copy task start
06:35:48.798 [main] INFO  k.p.s.c.buildsystem.ProjectBuilder - server sample source files copy task end
06:35:48.798 [main] INFO  k.p.s.c.buildsystem.ProjectBuilder - main project[sample_test]'s server message io file set creation task start
06:35:48.798 [main] INFO  k.p.s.common.util.CommonStaticUtil - the new child relative direcotry[D:\gitsinnori\sinnori\project\sample_test\server_build\src\main\java\kr\pe\sinnori\impl\message][Echo] was created successfully
06:35:48.798 [main] INFO  k.p.s.c.buildsystem.ProjectBuilder - main project[sample_test]'s message file[Echo][D:\gitsinnori\sinnori\project\sample_test\server_build\src\main\java\kr\pe\sinnori\impl\message] creation task start
06:35:48.798 [main] INFO  k.p.s.c.buildsystem.ProjectBuilder - main project[sample_test]'s message file[Echo][D:\gitsinnori\sinnori\project\sample_test\server_build\src\main\java\kr\pe\sinnori\impl\message] creation task end
06:35:48.798 [main] INFO  k.p.s.c.buildsystem.ProjectBuilder - main project[sample_test]'s message decoder file[Echo][D:\gitsinnori\sinnori\project\sample_test\server_build\src\main\java\kr\pe\sinnori\impl\message] creation task start
06:35:48.798 [main] INFO  k.p.s.c.buildsystem.ProjectBuilder - main project[sample_test]'s message decoder file[Echo][D:\gitsinnori\sinnori\project\sample_test\server_build\src\main\java\kr\pe\sinnori\impl\message] creation task end
06:35:48.798 [main] INFO  k.p.s.c.buildsystem.ProjectBuilder - main project[sample_test]'s message encoder file[Echo][D:\gitsinnori\sinnori\project\sample_test\server_build\src\main\java\kr\pe\sinnori\impl\message] creation task start
06:35:48.798 [main] INFO  k.p.s.c.buildsystem.ProjectBuilder - main project[sample_test]'s message encoder file[Echo][D:\gitsinnori\sinnori\project\sample_test\server_build\src\main\java\kr\pe\sinnori\impl\message] creation task end
06:35:48.798 [main] INFO  k.p.s.c.buildsystem.ProjectBuilder - main project[sample_test]'s message server codec file[Echo][D:\gitsinnori\sinnori\project\sample_test\server_build\src\main\java\kr\pe\sinnori\impl\message] creation task start
06:35:48.798 [main] INFO  k.p.s.c.buildsystem.ProjectBuilder - main project[sample_test]'s message server codec file[Echo][D:\gitsinnori\sinnori\project\sample_test\server_build\src\main\java\kr\pe\sinnori\impl\message] creation task end
06:35:48.798 [main] INFO  k.p.s.c.buildsystem.ProjectBuilder - main project[sample_test]'s message client codec file[Echo][D:\gitsinnori\sinnori\project\sample_test\server_build\src\main\java\kr\pe\sinnori\impl\message] creation task start
06:35:48.814 [main] INFO  k.p.s.c.buildsystem.ProjectBuilder - main project[sample_test]'s message client codec file[Echo][D:\gitsinnori\sinnori\project\sample_test\server_build\src\main\java\kr\pe\sinnori\impl\message] creation task end
06:35:48.814 [main] INFO  k.p.s.common.util.CommonStaticUtil - the new child relative direcotry[D:\gitsinnori\sinnori\project\sample_test\server_build\src\main\java\kr\pe\sinnori\impl\message][PublicKeyReq] was created successfully
06:35:48.814 [main] INFO  k.p.s.c.buildsystem.ProjectBuilder - main project[sample_test]'s message file[PublicKeyReq][D:\gitsinnori\sinnori\project\sample_test\server_build\src\main\java\kr\pe\sinnori\impl\message] creation task start
06:35:48.814 [main] INFO  k.p.s.c.buildsystem.ProjectBuilder - main project[sample_test]'s message file[PublicKeyReq][D:\gitsinnori\sinnori\project\sample_test\server_build\src\main\java\kr\pe\sinnori\impl\message] creation task end
06:35:48.814 [main] INFO  k.p.s.c.buildsystem.ProjectBuilder - main project[sample_test]'s message decoder file[PublicKeyReq][D:\gitsinnori\sinnori\project\sample_test\server_build\src\main\java\kr\pe\sinnori\impl\message] creation task start
06:35:48.814 [main] INFO  k.p.s.c.buildsystem.ProjectBuilder - main project[sample_test]'s message decoder file[PublicKeyReq][D:\gitsinnori\sinnori\project\sample_test\server_build\src\main\java\kr\pe\sinnori\impl\message] creation task end
06:35:48.814 [main] INFO  k.p.s.c.buildsystem.ProjectBuilder - main project[sample_test]'s message encoder file[PublicKeyReq][D:\gitsinnori\sinnori\project\sample_test\server_build\src\main\java\kr\pe\sinnori\impl\message] creation task start
06:35:48.892 [main] INFO  k.p.s.c.buildsystem.ProjectBuilder - main project[sample_test]'s message encoder file[PublicKeyReq][D:\gitsinnori\sinnori\project\sample_test\server_build\src\main\java\kr\pe\sinnori\impl\message] creation task end
06:35:48.892 [main] INFO  k.p.s.c.buildsystem.ProjectBuilder - main project[sample_test]'s message server codec file[PublicKeyReq][D:\gitsinnori\sinnori\project\sample_test\server_build\src\main\java\kr\pe\sinnori\impl\message] creation task start
06:35:48.892 [main] INFO  k.p.s.c.buildsystem.ProjectBuilder - main project[sample_test]'s message server codec file[PublicKeyReq][D:\gitsinnori\sinnori\project\sample_test\server_build\src\main\java\kr\pe\sinnori\impl\message] creation task end
06:35:48.892 [main] INFO  k.p.s.c.buildsystem.ProjectBuilder - main project[sample_test]'s message client codec file[PublicKeyReq][D:\gitsinnori\sinnori\project\sample_test\server_build\src\main\java\kr\pe\sinnori\impl\message] creation task start
06:35:48.892 [main] INFO  k.p.s.c.buildsystem.ProjectBuilder - main project[sample_test]'s message client codec file[PublicKeyReq][D:\gitsinnori\sinnori\project\sample_test\server_build\src\main\java\kr\pe\sinnori\impl\message] creation task end
06:35:48.892 [main] INFO  k.p.s.common.util.CommonStaticUtil - the new child relative direcotry[D:\gitsinnori\sinnori\project\sample_test\server_build\src\main\java\kr\pe\sinnori\impl\message][PublicKeyRes] was created successfully
06:35:48.892 [main] INFO  k.p.s.c.buildsystem.ProjectBuilder - main project[sample_test]'s message file[PublicKeyRes][D:\gitsinnori\sinnori\project\sample_test\server_build\src\main\java\kr\pe\sinnori\impl\message] creation task start
06:35:48.892 [main] INFO  k.p.s.c.buildsystem.ProjectBuilder - main project[sample_test]'s message file[PublicKeyRes][D:\gitsinnori\sinnori\project\sample_test\server_build\src\main\java\kr\pe\sinnori\impl\message] creation task end
06:35:48.892 [main] INFO  k.p.s.c.buildsystem.ProjectBuilder - main project[sample_test]'s message decoder file[PublicKeyRes][D:\gitsinnori\sinnori\project\sample_test\server_build\src\main\java\kr\pe\sinnori\impl\message] creation task start
06:35:48.892 [main] INFO  k.p.s.c.buildsystem.ProjectBuilder - main project[sample_test]'s message decoder file[PublicKeyRes][D:\gitsinnori\sinnori\project\sample_test\server_build\src\main\java\kr\pe\sinnori\impl\message] creation task end
06:35:48.892 [main] INFO  k.p.s.c.buildsystem.ProjectBuilder - main project[sample_test]'s message encoder file[PublicKeyRes][D:\gitsinnori\sinnori\project\sample_test\server_build\src\main\java\kr\pe\sinnori\impl\message] creation task start
06:35:48.908 [main] INFO  k.p.s.c.buildsystem.ProjectBuilder - main project[sample_test]'s message encoder file[PublicKeyRes][D:\gitsinnori\sinnori\project\sample_test\server_build\src\main\java\kr\pe\sinnori\impl\message] creation task end
06:35:48.908 [main] INFO  k.p.s.c.buildsystem.ProjectBuilder - main project[sample_test]'s message server codec file[PublicKeyRes][D:\gitsinnori\sinnori\project\sample_test\server_build\src\main\java\kr\pe\sinnori\impl\message] creation task start
06:35:48.908 [main] INFO  k.p.s.c.buildsystem.ProjectBuilder - main project[sample_test]'s message server codec file[PublicKeyRes][D:\gitsinnori\sinnori\project\sample_test\server_build\src\main\java\kr\pe\sinnori\impl\message] creation task end
06:35:48.908 [main] INFO  k.p.s.c.buildsystem.ProjectBuilder - main project[sample_test]'s message client codec file[PublicKeyRes][D:\gitsinnori\sinnori\project\sample_test\server_build\src\main\java\kr\pe\sinnori\impl\message] creation task start
06:35:48.908 [main] INFO  k.p.s.c.buildsystem.ProjectBuilder - main project[sample_test]'s message client codec file[PublicKeyRes][D:\gitsinnori\sinnori\project\sample_test\server_build\src\main\java\kr\pe\sinnori\impl\message] creation task end
06:35:48.908 [main] INFO  k.p.s.c.buildsystem.ProjectBuilder - main project[sample_test]'s server message io file set creation task end
06:35:48.908 [main] INFO  k.p.s.c.buildsystem.ProjectBuilder - server build system files creation task end
06:35:48.908 [main] INFO  k.p.s.c.buildsystem.ProjectBuilder - mainproject[sample_test]'s application client build path deletion task start
06:35:48.908 [main] INFO  k.p.s.c.buildsystem.ProjectBuilder - mainproject[sample_test]'s application client build path deletion task end
06:35:48.908 [main] INFO  k.p.s.c.buildsystem.ProjectBuilder - main project[sample_test]'s web client build path deletion task start
06:35:48.923 [main] INFO  k.p.s.c.buildsystem.ProjectBuilder - main project[sample_test]'s web client build path deletion task end
06:35:48.923 [main] INFO  k.p.s.c.buildsystem.ProjectBuilder - main project[sample_test]'s web root path deletion task start
06:35:48.923 [main] INFO  k.p.s.c.buildsystem.ProjectBuilder - main project[sample_test]'s web root path deletion task end
06:35:48.923 [main] INFO  k.p.s.c.buildsystem.ProjectBuilder - main project[sample_test]'s config file overwrite task start
06:35:48.939 [main] INFO  k.p.s.c.buildsystem.ProjectBuilder - main project[sample_test]'s config file overwrite task end
06:35:48.939 [main] INFO  k.p.s.c.buildsystem.ProjectBuilder - main project[sample_test] changeProjectState method end
06:35:48.939 [main] INFO  k.p.s.c.buildsystem.ProjectBuilder - the app client ant build.xml file[D:\gitsinnori\sinnori\project\sample_test\client_build\app_build\build.xml] is bad :: whetherExist[false] isFile[false]
06:35:48.939 [main] INFO  k.p.s.c.buildsystem.ProjectBuilder - the web client ant build.xml file[D:\gitsinnori\sinnori\project\sample_test\client_build\web_build\build.xml] is bad :: whetherExist[false] isFile[false]
06:35:48.939 [main] INFO  k.p.s.c.buildsystem.ProjectBuilder - the web.xml file[D:\gitsinnori\sinnori\project\sample_test\web_app_base\ROOT\WEB-INF\web.xml] located at web root directory is bad :: whetherExist[false] isFile[false]
06:35:49.001 [main] INFO  k.p.s.c.buildsystem.ProjectBuilder - main project[sample_test] changeProjectState method start
06:35:49.001 [main] WARN  k.p.s.c.buildsystem.ProjectBuilder - the server build path[D:\gitsinnori\sinnori\project\sample_test\server_build] exist, so skip creation of server build system
06:35:49.001 [main] INFO  k.p.s.c.buildsystem.ProjectBuilder - the app client ant build.xml file[D:\gitsinnori\sinnori\project\sample_test\client_build\app_build\build.xml] is bad :: whetherExist[false] isFile[false]
06:35:49.001 [main] WARN  k.p.s.c.buildsystem.ProjectBuilder - the app client buid.xml file[D:\gitsinnori\sinnori\project\sample_test\client_build\app_build\build.xml] is bad beacse it doesn't exist or is not a file, so skip deletion of app client build system
06:35:49.001 [main] INFO  k.p.s.c.buildsystem.ProjectBuilder - main project[sample_test]'s web build child direcotry creation task start
06:35:49.001 [main] INFO  k.p.s.common.util.CommonStaticUtil - the new child relative direcotry[D:\gitsinnori\sinnori\project\sample_test][client_build/web_build/corelib/ex] was created successfully
06:35:49.001 [main] INFO  k.p.s.common.util.CommonStaticUtil - the new child relative direcotry[D:\gitsinnori\sinnori\project\sample_test][client_build/web_build/corelib/in] was created successfully
06:35:49.001 [main] INFO  k.p.s.common.util.CommonStaticUtil - the new child relative direcotry[D:\gitsinnori\sinnori\project\sample_test][client_build/web_build/lib/main/ex] was created successfully
06:35:49.001 [main] INFO  k.p.s.common.util.CommonStaticUtil - the new child relative direcotry[D:\gitsinnori\sinnori\project\sample_test][client_build/web_build/lib/main/in] was created successfully
06:35:49.001 [main] INFO  k.p.s.common.util.CommonStaticUtil - the new child relative direcotry[D:\gitsinnori\sinnori\project\sample_test][client_build/web_build/lib/test] was created successfully
06:35:49.001 [main] INFO  k.p.s.common.util.CommonStaticUtil - the new child relative direcotry[D:\gitsinnori\sinnori\project\sample_test][client_build/web_build/src/main/java/kr/pe/sinnori/impl/message] was created successfully
06:35:49.001 [main] INFO  k.p.s.common.util.CommonStaticUtil - the new child relative direcotry[D:\gitsinnori\sinnori\project\sample_test][client_build/web_build/src/main/java//kr/pe/sinnori/servlet] was created successfully
06:35:49.001 [main] INFO  k.p.s.common.util.CommonStaticUtil - the new child relative direcotry[D:\gitsinnori\sinnori\project\sample_test][client_build/web_build/src/main/java/kr/pe/sinnori/weblib/common] was created successfully
06:35:49.001 [main] INFO  k.p.s.common.util.CommonStaticUtil - the new child relative direcotry[D:\gitsinnori\sinnori\project\sample_test][client_build/web_build/src/main/java/kr/pe/sinnori/weblib/htmlstring] was created successfully
06:35:49.001 [main] INFO  k.p.s.common.util.CommonStaticUtil - the new child relative direcotry[D:\gitsinnori\sinnori\project\sample_test][client_build/web_build/src/main/java/kr/pe/sinnori/weblib/jdf] was created successfully
06:35:49.001 [main] INFO  k.p.s.common.util.CommonStaticUtil - the new child relative direcotry[D:\gitsinnori\sinnori\project\sample_test][client_build/web_build/src/test/java] was created successfully
06:35:49.001 [main] INFO  k.p.s.common.util.CommonStaticUtil - the new child relative direcotry[D:\gitsinnori\sinnori\project\sample_test][client_build/web_build/build] was created successfully
06:35:49.001 [main] INFO  k.p.s.common.util.CommonStaticUtil - the new child relative direcotry[D:\gitsinnori\sinnori\project\sample_test][client_build/web_build/dist] was created successfully
06:35:49.001 [main] INFO  k.p.s.c.buildsystem.ProjectBuilder - main project[sample_test]'s web build child direcotry creation task end
06:35:49.001 [main] INFO  k.p.s.c.buildsystem.ProjectBuilder - main project[sample_test]'s web client build system files creation task start
06:35:49.001 [main] INFO  k.p.s.c.buildsystem.ProjectBuilder - main project[sample_test]'s web client ant build.xml file creation task start
06:35:49.017 [main] INFO  k.p.s.c.buildsystem.ProjectBuilder - main project[sample_test]'s web client ant build.xml file creation task end
06:35:49.017 [main] INFO  k.p.s.c.buildsystem.ProjectBuilder - main project[sample_test]'s web client ant properties file creation task start
06:35:49.017 [main] INFO  k.p.s.c.util.SequencedPropertiesUtil - the sequenced properties file[D:\gitsinnori\sinnori\project\sample_test\client_build\web_build\webAnt.properties] was created
06:35:49.017 [main] INFO  k.p.s.c.buildsystem.ProjectBuilder - main project[sample_test]'s web client ant properties file creation task end
06:35:49.017 [main] INFO  k.p.s.c.buildsystem.ProjectBuilder - main project[sample_test]'s web client message io file set creation task start
06:35:49.017 [main] INFO  k.p.s.common.util.CommonStaticUtil - the new child relative direcotry[D:\gitsinnori\sinnori\project\sample_test\client_build\web_build\src\main\java\kr\pe\sinnori\impl\message][Echo] was created successfully
06:35:49.017 [main] INFO  k.p.s.c.buildsystem.ProjectBuilder - main project[sample_test]'s message file[Echo][D:\gitsinnori\sinnori\project\sample_test\client_build\web_build\src\main\java\kr\pe\sinnori\impl\message] creation task start
06:35:49.033 [main] INFO  k.p.s.c.buildsystem.ProjectBuilder - main project[sample_test]'s message file[Echo][D:\gitsinnori\sinnori\project\sample_test\client_build\web_build\src\main\java\kr\pe\sinnori\impl\message] creation task end
06:35:49.033 [main] INFO  k.p.s.c.buildsystem.ProjectBuilder - main project[sample_test]'s message decoder file[Echo][D:\gitsinnori\sinnori\project\sample_test\client_build\web_build\src\main\java\kr\pe\sinnori\impl\message] creation task start
06:35:49.033 [main] INFO  k.p.s.c.buildsystem.ProjectBuilder - main project[sample_test]'s message decoder file[Echo][D:\gitsinnori\sinnori\project\sample_test\client_build\web_build\src\main\java\kr\pe\sinnori\impl\message] creation task end
06:35:49.033 [main] INFO  k.p.s.c.buildsystem.ProjectBuilder - main project[sample_test]'s message encoder file[Echo][D:\gitsinnori\sinnori\project\sample_test\client_build\web_build\src\main\java\kr\pe\sinnori\impl\message] creation task start
06:35:49.033 [main] INFO  k.p.s.c.buildsystem.ProjectBuilder - main project[sample_test]'s message encoder file[Echo][D:\gitsinnori\sinnori\project\sample_test\client_build\web_build\src\main\java\kr\pe\sinnori\impl\message] creation task end
06:35:49.033 [main] INFO  k.p.s.c.buildsystem.ProjectBuilder - main project[sample_test]'s message server codec file[Echo][D:\gitsinnori\sinnori\project\sample_test\client_build\web_build\src\main\java\kr\pe\sinnori\impl\message] creation task start
06:35:49.033 [main] INFO  k.p.s.c.buildsystem.ProjectBuilder - main project[sample_test]'s message server codec file[Echo][D:\gitsinnori\sinnori\project\sample_test\client_build\web_build\src\main\java\kr\pe\sinnori\impl\message] creation task end
06:35:49.033 [main] INFO  k.p.s.c.buildsystem.ProjectBuilder - main project[sample_test]'s message client codec file[Echo][D:\gitsinnori\sinnori\project\sample_test\client_build\web_build\src\main\java\kr\pe\sinnori\impl\message] creation task start
06:35:49.033 [main] INFO  k.p.s.c.buildsystem.ProjectBuilder - main project[sample_test]'s message client codec file[Echo][D:\gitsinnori\sinnori\project\sample_test\client_build\web_build\src\main\java\kr\pe\sinnori\impl\message] creation task end
06:35:49.033 [main] INFO  k.p.s.common.util.CommonStaticUtil - the new child relative direcotry[D:\gitsinnori\sinnori\project\sample_test\client_build\web_build\src\main\java\kr\pe\sinnori\impl\message][PublicKeyReq] was created successfully
06:35:49.033 [main] INFO  k.p.s.c.buildsystem.ProjectBuilder - main project[sample_test]'s message file[PublicKeyReq][D:\gitsinnori\sinnori\project\sample_test\client_build\web_build\src\main\java\kr\pe\sinnori\impl\message] creation task start
06:35:49.033 [main] INFO  k.p.s.c.buildsystem.ProjectBuilder - main project[sample_test]'s message file[PublicKeyReq][D:\gitsinnori\sinnori\project\sample_test\client_build\web_build\src\main\java\kr\pe\sinnori\impl\message] creation task end
06:35:49.033 [main] INFO  k.p.s.c.buildsystem.ProjectBuilder - main project[sample_test]'s message decoder file[PublicKeyReq][D:\gitsinnori\sinnori\project\sample_test\client_build\web_build\src\main\java\kr\pe\sinnori\impl\message] creation task start
06:35:49.048 [main] INFO  k.p.s.c.buildsystem.ProjectBuilder - main project[sample_test]'s message decoder file[PublicKeyReq][D:\gitsinnori\sinnori\project\sample_test\client_build\web_build\src\main\java\kr\pe\sinnori\impl\message] creation task end
06:35:49.048 [main] INFO  k.p.s.c.buildsystem.ProjectBuilder - main project[sample_test]'s message encoder file[PublicKeyReq][D:\gitsinnori\sinnori\project\sample_test\client_build\web_build\src\main\java\kr\pe\sinnori\impl\message] creation task start
06:35:49.048 [main] INFO  k.p.s.c.buildsystem.ProjectBuilder - main project[sample_test]'s message encoder file[PublicKeyReq][D:\gitsinnori\sinnori\project\sample_test\client_build\web_build\src\main\java\kr\pe\sinnori\impl\message] creation task end
06:35:49.048 [main] INFO  k.p.s.c.buildsystem.ProjectBuilder - main project[sample_test]'s message server codec file[PublicKeyReq][D:\gitsinnori\sinnori\project\sample_test\client_build\web_build\src\main\java\kr\pe\sinnori\impl\message] creation task start
06:35:49.048 [main] INFO  k.p.s.c.buildsystem.ProjectBuilder - main project[sample_test]'s message server codec file[PublicKeyReq][D:\gitsinnori\sinnori\project\sample_test\client_build\web_build\src\main\java\kr\pe\sinnori\impl\message] creation task end
06:35:49.048 [main] INFO  k.p.s.c.buildsystem.ProjectBuilder - main project[sample_test]'s message client codec file[PublicKeyReq][D:\gitsinnori\sinnori\project\sample_test\client_build\web_build\src\main\java\kr\pe\sinnori\impl\message] creation task start
06:35:49.048 [main] INFO  k.p.s.c.buildsystem.ProjectBuilder - main project[sample_test]'s message client codec file[PublicKeyReq][D:\gitsinnori\sinnori\project\sample_test\client_build\web_build\src\main\java\kr\pe\sinnori\impl\message] creation task end
06:35:49.048 [main] INFO  k.p.s.common.util.CommonStaticUtil - the new child relative direcotry[D:\gitsinnori\sinnori\project\sample_test\client_build\web_build\src\main\java\kr\pe\sinnori\impl\message][PublicKeyRes] was created successfully
06:35:49.142 [main] INFO  k.p.s.c.buildsystem.ProjectBuilder - main project[sample_test]'s message file[PublicKeyRes][D:\gitsinnori\sinnori\project\sample_test\client_build\web_build\src\main\java\kr\pe\sinnori\impl\message] creation task start
06:35:49.142 [main] INFO  k.p.s.c.buildsystem.ProjectBuilder - main project[sample_test]'s message file[PublicKeyRes][D:\gitsinnori\sinnori\project\sample_test\client_build\web_build\src\main\java\kr\pe\sinnori\impl\message] creation task end
06:35:49.142 [main] INFO  k.p.s.c.buildsystem.ProjectBuilder - main project[sample_test]'s message decoder file[PublicKeyRes][D:\gitsinnori\sinnori\project\sample_test\client_build\web_build\src\main\java\kr\pe\sinnori\impl\message] creation task start
06:35:49.158 [main] INFO  k.p.s.c.buildsystem.ProjectBuilder - main project[sample_test]'s message decoder file[PublicKeyRes][D:\gitsinnori\sinnori\project\sample_test\client_build\web_build\src\main\java\kr\pe\sinnori\impl\message] creation task end
06:35:49.158 [main] INFO  k.p.s.c.buildsystem.ProjectBuilder - main project[sample_test]'s message encoder file[PublicKeyRes][D:\gitsinnori\sinnori\project\sample_test\client_build\web_build\src\main\java\kr\pe\sinnori\impl\message] creation task start
06:35:49.158 [main] INFO  k.p.s.c.buildsystem.ProjectBuilder - main project[sample_test]'s message encoder file[PublicKeyRes][D:\gitsinnori\sinnori\project\sample_test\client_build\web_build\src\main\java\kr\pe\sinnori\impl\message] creation task end
06:35:49.158 [main] INFO  k.p.s.c.buildsystem.ProjectBuilder - main project[sample_test]'s message server codec file[PublicKeyRes][D:\gitsinnori\sinnori\project\sample_test\client_build\web_build\src\main\java\kr\pe\sinnori\impl\message] creation task start
06:35:49.173 [main] INFO  k.p.s.c.buildsystem.ProjectBuilder - main project[sample_test]'s message server codec file[PublicKeyRes][D:\gitsinnori\sinnori\project\sample_test\client_build\web_build\src\main\java\kr\pe\sinnori\impl\message] creation task end
06:35:49.173 [main] INFO  k.p.s.c.buildsystem.ProjectBuilder - main project[sample_test]'s message client codec file[PublicKeyRes][D:\gitsinnori\sinnori\project\sample_test\client_build\web_build\src\main\java\kr\pe\sinnori\impl\message] creation task start
06:35:49.173 [main] INFO  k.p.s.c.buildsystem.ProjectBuilder - main project[sample_test]'s message client codec file[PublicKeyRes][D:\gitsinnori\sinnori\project\sample_test\client_build\web_build\src\main\java\kr\pe\sinnori\impl\message] creation task end
06:35:49.173 [main] INFO  k.p.s.c.buildsystem.ProjectBuilder - main project[sample_test]'s web client message io file set creation task end
06:35:49.173 [main] INFO  k.p.s.c.buildsystem.ProjectBuilder - mainproject[sample_test]'s web client sample source files copy task start
06:35:49.236 [main] INFO  k.p.s.c.buildsystem.ProjectBuilder - mainproject[sample_test]'s web client sample source files copy task end
06:35:49.236 [main] INFO  k.p.s.c.buildsystem.ProjectBuilder - main project[sample_test]'s web client build system files creation task end
06:35:49.236 [main] INFO  k.p.s.c.buildsystem.ProjectBuilder - main project[sample_test]'s web root child direcotry creation task start
06:35:49.236 [main] INFO  k.p.s.common.util.CommonStaticUtil - the child relative direcotry[D:\gitsinnori\sinnori\project\sample_test][web_app_base/upload] exist, so nothing
06:35:49.236 [main] INFO  k.p.s.common.util.CommonStaticUtil - the new child relative direcotry[D:\gitsinnori\sinnori\project\sample_test][web_app_base/ROOT/WEB-INF/classes] was created successfully
06:35:49.236 [main] INFO  k.p.s.common.util.CommonStaticUtil - the new child relative direcotry[D:\gitsinnori\sinnori\project\sample_test][web_app_base/ROOT/WEB-INF/lib] was created successfully
06:35:49.236 [main] INFO  k.p.s.c.buildsystem.ProjectBuilder - main project[sample_test]'s web root child direcotry creation task end
06:35:49.236 [main] INFO  k.p.s.c.buildsystem.ProjectBuilder - main project[sample_test]'s web root sample files creation task start
06:35:49.236 [main] INFO  k.p.s.c.buildsystem.ProjectBuilder - main project[sample_test]'s web root sample files copy task start
06:35:49.236 [main] INFO  k.p.s.c.buildsystem.ProjectBuilder - main project[sample_test]'s web root sample files copy task end
06:35:49.236 [main] INFO  k.p.s.c.buildsystem.ProjectBuilder - main project[sample_test]'s web root sample files creation task end
06:35:49.236 [main] INFO  k.p.s.c.buildsystem.ProjectBuilder - main project[sample_test]'s config file overwrite task start
06:35:49.236 [main] INFO  k.p.s.c.buildsystem.ProjectBuilder - main project[sample_test]'s config file overwrite task end
06:35:49.236 [main] INFO  k.p.s.c.buildsystem.ProjectBuilder - main project[sample_test] changeProjectState method end
06:35:49.236 [main] INFO  k.p.s.c.buildsystem.ProjectBuilder - the app client ant build.xml file[D:\gitsinnori\sinnori\project\sample_test\client_build\app_build\build.xml] is bad :: whetherExist[false] isFile[false]
06:35:49.236 [main] INFO  k.p.s.c.buildsystem.ProjectBuilder - main project[sample_test] changeProjectState method start
06:35:49.236 [main] WARN  k.p.s.c.buildsystem.ProjectBuilder - the server build path[D:\gitsinnori\sinnori\project\sample_test\server_build] exist, so skip creation of server build system
06:35:49.236 [main] INFO  k.p.s.c.buildsystem.ProjectBuilder - main project[sample_test]'s application build child direcotry creation task start
06:35:49.236 [main] INFO  k.p.s.common.util.CommonStaticUtil - the new child relative direcotry[D:\gitsinnori\sinnori\project\sample_test][client_build/app_build/corelib/ex] was created successfully
06:35:49.236 [main] INFO  k.p.s.common.util.CommonStaticUtil - the new child relative direcotry[D:\gitsinnori\sinnori\project\sample_test][client_build/app_build/corelib/in] was created successfully
06:35:49.236 [main] INFO  k.p.s.common.util.CommonStaticUtil - the new child relative direcotry[D:\gitsinnori\sinnori\project\sample_test][client_build/app_build/lib/main/ex] was created successfully
06:35:49.236 [main] INFO  k.p.s.common.util.CommonStaticUtil - the new child relative direcotry[D:\gitsinnori\sinnori\project\sample_test][client_build/app_build/lib/main/in] was created successfully
06:35:49.236 [main] INFO  k.p.s.common.util.CommonStaticUtil - the new child relative direcotry[D:\gitsinnori\sinnori\project\sample_test][client_build/app_build/lib/test] was created successfully
06:35:49.251 [main] INFO  k.p.s.common.util.CommonStaticUtil - the new child relative direcotry[D:\gitsinnori\sinnori\project\sample_test][client_build/app_build/src/main/java/kr/pe/sinnori/impl/message] was created successfully
06:35:49.251 [main] INFO  k.p.s.common.util.CommonStaticUtil - the new child relative direcotry[D:\gitsinnori\sinnori\project\sample_test][client_build/app_build/src/main/java/main] was created successfully
06:35:49.283 [main] INFO  k.p.s.common.util.CommonStaticUtil - the new child relative direcotry[D:\gitsinnori\sinnori\project\sample_test][client_build/app_build/src/test/java] was created successfully
06:35:49.283 [main] INFO  k.p.s.common.util.CommonStaticUtil - the new child relative direcotry[D:\gitsinnori\sinnori\project\sample_test][client_build/app_build/build] was created successfully
06:35:49.283 [main] INFO  k.p.s.common.util.CommonStaticUtil - the new child relative direcotry[D:\gitsinnori\sinnori\project\sample_test][client_build/app_build/dist] was created successfully
06:35:49.283 [main] INFO  k.p.s.c.buildsystem.ProjectBuilder - main project[sample_test]'s application build child direcotry creation task end
06:35:49.283 [main] INFO  k.p.s.c.buildsystem.ProjectBuilder - mainproject[sample_test]'s application client build system files creation task start
06:35:49.283 [main] INFO  k.p.s.c.buildsystem.ProjectBuilder - main project[sample_test]'s application client ant build.xml file creation task start
06:35:49.283 [main] INFO  k.p.s.c.buildsystem.ProjectBuilder - main project[sample_test]'s application client ant build.xml file creation task end
06:35:49.283 [main] INFO  k.p.s.c.buildsystem.ProjectBuilder - main project[sample_test]'s application client dos shell file creation task start
06:35:49.283 [main] INFO  k.p.s.c.buildsystem.ProjectBuilder - main project[sample_test]'s application client dos shell file creation task end
06:35:49.283 [main] INFO  k.p.s.c.buildsystem.ProjectBuilder - main project[sample_test]'s application client unix shell file creation task start
06:35:49.283 [main] INFO  k.p.s.c.buildsystem.ProjectBuilder - main project[sample_test]'s application client unix shell file creation task end
06:35:49.283 [main] INFO  k.p.s.c.buildsystem.ProjectBuilder - application client sample source files copy task start
06:35:49.283 [main] INFO  k.p.s.c.buildsystem.ProjectBuilder - application client sample source files copy task end
06:35:49.283 [main] INFO  k.p.s.c.buildsystem.ProjectBuilder - main project[sample_test]'s application client message io file set creation task start
06:35:49.283 [main] INFO  k.p.s.common.util.CommonStaticUtil - the new child relative direcotry[D:\gitsinnori\sinnori\project\sample_test\client_build\app_build\src\main\java\kr\pe\sinnori\impl\message][Echo] was created successfully
06:35:49.283 [main] INFO  k.p.s.c.buildsystem.ProjectBuilder - main project[sample_test]'s message file[Echo][D:\gitsinnori\sinnori\project\sample_test\client_build\app_build\src\main\java\kr\pe\sinnori\impl\message] creation task start
06:35:49.298 [main] INFO  k.p.s.c.buildsystem.ProjectBuilder - main project[sample_test]'s message file[Echo][D:\gitsinnori\sinnori\project\sample_test\client_build\app_build\src\main\java\kr\pe\sinnori\impl\message] creation task end
06:35:49.298 [main] INFO  k.p.s.c.buildsystem.ProjectBuilder - main project[sample_test]'s message decoder file[Echo][D:\gitsinnori\sinnori\project\sample_test\client_build\app_build\src\main\java\kr\pe\sinnori\impl\message] creation task start
06:35:49.298 [main] INFO  k.p.s.c.buildsystem.ProjectBuilder - main project[sample_test]'s message decoder file[Echo][D:\gitsinnori\sinnori\project\sample_test\client_build\app_build\src\main\java\kr\pe\sinnori\impl\message] creation task end
06:35:49.298 [main] INFO  k.p.s.c.buildsystem.ProjectBuilder - main project[sample_test]'s message encoder file[Echo][D:\gitsinnori\sinnori\project\sample_test\client_build\app_build\src\main\java\kr\pe\sinnori\impl\message] creation task start
06:35:49.298 [main] INFO  k.p.s.c.buildsystem.ProjectBuilder - main project[sample_test]'s message encoder file[Echo][D:\gitsinnori\sinnori\project\sample_test\client_build\app_build\src\main\java\kr\pe\sinnori\impl\message] creation task end
06:35:49.298 [main] INFO  k.p.s.c.buildsystem.ProjectBuilder - main project[sample_test]'s message server codec file[Echo][D:\gitsinnori\sinnori\project\sample_test\client_build\app_build\src\main\java\kr\pe\sinnori\impl\message] creation task start
06:35:49.298 [main] INFO  k.p.s.c.buildsystem.ProjectBuilder - main project[sample_test]'s message server codec file[Echo][D:\gitsinnori\sinnori\project\sample_test\client_build\app_build\src\main\java\kr\pe\sinnori\impl\message] creation task end
06:35:49.298 [main] INFO  k.p.s.c.buildsystem.ProjectBuilder - main project[sample_test]'s message client codec file[Echo][D:\gitsinnori\sinnori\project\sample_test\client_build\app_build\src\main\java\kr\pe\sinnori\impl\message] creation task start
06:35:49.298 [main] INFO  k.p.s.c.buildsystem.ProjectBuilder - main project[sample_test]'s message client codec file[Echo][D:\gitsinnori\sinnori\project\sample_test\client_build\app_build\src\main\java\kr\pe\sinnori\impl\message] creation task end
06:35:49.298 [main] INFO  k.p.s.common.util.CommonStaticUtil - the new child relative direcotry[D:\gitsinnori\sinnori\project\sample_test\client_build\app_build\src\main\java\kr\pe\sinnori\impl\message][PublicKeyReq] was created successfully
06:35:49.298 [main] INFO  k.p.s.c.buildsystem.ProjectBuilder - main project[sample_test]'s message file[PublicKeyReq][D:\gitsinnori\sinnori\project\sample_test\client_build\app_build\src\main\java\kr\pe\sinnori\impl\message] creation task start
06:35:49.298 [main] INFO  k.p.s.c.buildsystem.ProjectBuilder - main project[sample_test]'s message file[PublicKeyReq][D:\gitsinnori\sinnori\project\sample_test\client_build\app_build\src\main\java\kr\pe\sinnori\impl\message] creation task end
06:35:49.298 [main] INFO  k.p.s.c.buildsystem.ProjectBuilder - main project[sample_test]'s message decoder file[PublicKeyReq][D:\gitsinnori\sinnori\project\sample_test\client_build\app_build\src\main\java\kr\pe\sinnori\impl\message] creation task start
06:35:49.298 [main] INFO  k.p.s.c.buildsystem.ProjectBuilder - main project[sample_test]'s message decoder file[PublicKeyReq][D:\gitsinnori\sinnori\project\sample_test\client_build\app_build\src\main\java\kr\pe\sinnori\impl\message] creation task end
06:35:49.392 [main] INFO  k.p.s.c.buildsystem.ProjectBuilder - main project[sample_test]'s message encoder file[PublicKeyReq][D:\gitsinnori\sinnori\project\sample_test\client_build\app_build\src\main\java\kr\pe\sinnori\impl\message] creation task start
06:35:49.392 [main] INFO  k.p.s.c.buildsystem.ProjectBuilder - main project[sample_test]'s message encoder file[PublicKeyReq][D:\gitsinnori\sinnori\project\sample_test\client_build\app_build\src\main\java\kr\pe\sinnori\impl\message] creation task end
06:35:49.392 [main] INFO  k.p.s.c.buildsystem.ProjectBuilder - main project[sample_test]'s message server codec file[PublicKeyReq][D:\gitsinnori\sinnori\project\sample_test\client_build\app_build\src\main\java\kr\pe\sinnori\impl\message] creation task start
06:35:49.392 [main] INFO  k.p.s.c.buildsystem.ProjectBuilder - main project[sample_test]'s message server codec file[PublicKeyReq][D:\gitsinnori\sinnori\project\sample_test\client_build\app_build\src\main\java\kr\pe\sinnori\impl\message] creation task end
06:35:49.392 [main] INFO  k.p.s.c.buildsystem.ProjectBuilder - main project[sample_test]'s message client codec file[PublicKeyReq][D:\gitsinnori\sinnori\project\sample_test\client_build\app_build\src\main\java\kr\pe\sinnori\impl\message] creation task start
06:35:49.408 [main] INFO  k.p.s.c.buildsystem.ProjectBuilder - main project[sample_test]'s message client codec file[PublicKeyReq][D:\gitsinnori\sinnori\project\sample_test\client_build\app_build\src\main\java\kr\pe\sinnori\impl\message] creation task end
06:35:49.408 [main] INFO  k.p.s.common.util.CommonStaticUtil - the new child relative direcotry[D:\gitsinnori\sinnori\project\sample_test\client_build\app_build\src\main\java\kr\pe\sinnori\impl\message][PublicKeyRes] was created successfully
06:35:49.408 [main] INFO  k.p.s.c.buildsystem.ProjectBuilder - main project[sample_test]'s message file[PublicKeyRes][D:\gitsinnori\sinnori\project\sample_test\client_build\app_build\src\main\java\kr\pe\sinnori\impl\message] creation task start
06:35:49.408 [main] INFO  k.p.s.c.buildsystem.ProjectBuilder - main project[sample_test]'s message file[PublicKeyRes][D:\gitsinnori\sinnori\project\sample_test\client_build\app_build\src\main\java\kr\pe\sinnori\impl\message] creation task end
06:35:49.408 [main] INFO  k.p.s.c.buildsystem.ProjectBuilder - main project[sample_test]'s message decoder file[PublicKeyRes][D:\gitsinnori\sinnori\project\sample_test\client_build\app_build\src\main\java\kr\pe\sinnori\impl\message] creation task start
06:35:49.423 [main] INFO  k.p.s.c.buildsystem.ProjectBuilder - main project[sample_test]'s message decoder file[PublicKeyRes][D:\gitsinnori\sinnori\project\sample_test\client_build\app_build\src\main\java\kr\pe\sinnori\impl\message] creation task end
06:35:49.423 [main] INFO  k.p.s.c.buildsystem.ProjectBuilder - main project[sample_test]'s message encoder file[PublicKeyRes][D:\gitsinnori\sinnori\project\sample_test\client_build\app_build\src\main\java\kr\pe\sinnori\impl\message] creation task start
06:35:49.423 [main] INFO  k.p.s.c.buildsystem.ProjectBuilder - main project[sample_test]'s message encoder file[PublicKeyRes][D:\gitsinnori\sinnori\project\sample_test\client_build\app_build\src\main\java\kr\pe\sinnori\impl\message] creation task end
06:35:49.423 [main] INFO  k.p.s.c.buildsystem.ProjectBuilder - main project[sample_test]'s message server codec file[PublicKeyRes][D:\gitsinnori\sinnori\project\sample_test\client_build\app_build\src\main\java\kr\pe\sinnori\impl\message] creation task start
06:35:49.423 [main] INFO  k.p.s.c.buildsystem.ProjectBuilder - main project[sample_test]'s message server codec file[PublicKeyRes][D:\gitsinnori\sinnori\project\sample_test\client_build\app_build\src\main\java\kr\pe\sinnori\impl\message] creation task end
06:35:49.423 [main] INFO  k.p.s.c.buildsystem.ProjectBuilder - main project[sample_test]'s message client codec file[PublicKeyRes][D:\gitsinnori\sinnori\project\sample_test\client_build\app_build\src\main\java\kr\pe\sinnori\impl\message] creation task start
06:35:49.423 [main] INFO  k.p.s.c.buildsystem.ProjectBuilder - main project[sample_test]'s message client codec file[PublicKeyRes][D:\gitsinnori\sinnori\project\sample_test\client_build\app_build\src\main\java\kr\pe\sinnori\impl\message] creation task end
06:35:49.423 [main] INFO  k.p.s.c.buildsystem.ProjectBuilder - main project[sample_test]'s application client message io file set creation task end
06:35:49.423 [main] INFO  k.p.s.c.buildsystem.ProjectBuilder - mainproject[sample_test]'s application client build system files creation task end
06:35:49.423 [main] INFO  k.p.s.c.buildsystem.ProjectBuilder - main project[sample_test]'s web client build path deletion task start
06:35:49.454 [main] INFO  k.p.s.c.buildsystem.ProjectBuilder - main project[sample_test]'s web client build path deletion task end
06:35:49.454 [main] INFO  k.p.s.c.buildsystem.ProjectBuilder - main project[sample_test]'s web root path deletion task start
06:35:49.454 [main] INFO  k.p.s.c.buildsystem.ProjectBuilder - main project[sample_test]'s web root path deletion task end
06:35:49.454 [main] INFO  k.p.s.c.buildsystem.ProjectBuilder - main project[sample_test]'s config file overwrite task start
06:35:49.454 [main] INFO  k.p.s.c.buildsystem.ProjectBuilder - main project[sample_test]'s config file overwrite task end
06:35:49.454 [main] INFO  k.p.s.c.buildsystem.ProjectBuilder - main project[sample_test] changeProjectState method end
06:35:49.454 [main] INFO  k.p.s.c.buildsystem.ProjectBuilder - the web client ant build.xml file[D:\gitsinnori\sinnori\project\sample_test\client_build\web_build\build.xml] is bad :: whetherExist[false] isFile[false]
06:35:49.454 [main] INFO  k.p.s.c.buildsystem.ProjectBuilder - the web.xml file[D:\gitsinnori\sinnori\project\sample_test\web_app_base\ROOT\WEB-INF\web.xml] located at web root directory is bad :: whetherExist[false] isFile[false]
06:35:49.454 [main] INFO  k.p.s.c.buildsystem.ProjectBuilder - main project[sample_test] changeProjectState method start
06:35:49.454 [main] WARN  k.p.s.c.buildsystem.ProjectBuilder - the server build path[D:\gitsinnori\sinnori\project\sample_test\server_build] exist, so skip creation of server build system
06:35:49.454 [main] WARN  k.p.s.c.buildsystem.ProjectBuilder - the app client build path[D:\gitsinnori\sinnori\project\sample_test\client_build\app_build] exist, so skip creation of app client build system
06:35:49.454 [main] INFO  k.p.s.c.buildsystem.ProjectBuilder - main project[sample_test]'s web build child direcotry creation task start
06:35:49.454 [main] INFO  k.p.s.common.util.CommonStaticUtil - the new child relative direcotry[D:\gitsinnori\sinnori\project\sample_test][client_build/web_build/corelib/ex] was created successfully
06:35:49.454 [main] INFO  k.p.s.common.util.CommonStaticUtil - the new child relative direcotry[D:\gitsinnori\sinnori\project\sample_test][client_build/web_build/corelib/in] was created successfully
06:35:49.454 [main] INFO  k.p.s.common.util.CommonStaticUtil - the new child relative direcotry[D:\gitsinnori\sinnori\project\sample_test][client_build/web_build/lib/main/ex] was created successfully
06:35:49.533 [main] INFO  k.p.s.common.util.CommonStaticUtil - the new child relative direcotry[D:\gitsinnori\sinnori\project\sample_test][client_build/web_build/lib/main/in] was created successfully
06:35:49.533 [main] INFO  k.p.s.common.util.CommonStaticUtil - the new child relative direcotry[D:\gitsinnori\sinnori\project\sample_test][client_build/web_build/lib/test] was created successfully
06:35:49.533 [main] INFO  k.p.s.common.util.CommonStaticUtil - the new child relative direcotry[D:\gitsinnori\sinnori\project\sample_test][client_build/web_build/src/main/java/kr/pe/sinnori/impl/message] was created successfully
06:35:49.533 [main] INFO  k.p.s.common.util.CommonStaticUtil - the new child relative direcotry[D:\gitsinnori\sinnori\project\sample_test][client_build/web_build/src/main/java//kr/pe/sinnori/servlet] was created successfully
06:35:49.533 [main] INFO  k.p.s.common.util.CommonStaticUtil - the new child relative direcotry[D:\gitsinnori\sinnori\project\sample_test][client_build/web_build/src/main/java/kr/pe/sinnori/weblib/common] was created successfully
06:35:49.533 [main] INFO  k.p.s.common.util.CommonStaticUtil - the new child relative direcotry[D:\gitsinnori\sinnori\project\sample_test][client_build/web_build/src/main/java/kr/pe/sinnori/weblib/htmlstring] was created successfully
06:35:49.533 [main] INFO  k.p.s.common.util.CommonStaticUtil - the new child relative direcotry[D:\gitsinnori\sinnori\project\sample_test][client_build/web_build/src/main/java/kr/pe/sinnori/weblib/jdf] was created successfully
06:35:49.533 [main] INFO  k.p.s.common.util.CommonStaticUtil - the new child relative direcotry[D:\gitsinnori\sinnori\project\sample_test][client_build/web_build/src/test/java] was created successfully
06:35:49.533 [main] INFO  k.p.s.common.util.CommonStaticUtil - the new child relative direcotry[D:\gitsinnori\sinnori\project\sample_test][client_build/web_build/build] was created successfully
06:35:49.533 [main] INFO  k.p.s.common.util.CommonStaticUtil - the new child relative direcotry[D:\gitsinnori\sinnori\project\sample_test][client_build/web_build/dist] was created successfully
06:35:49.533 [main] INFO  k.p.s.c.buildsystem.ProjectBuilder - main project[sample_test]'s web build child direcotry creation task end
06:35:49.533 [main] INFO  k.p.s.c.buildsystem.ProjectBuilder - main project[sample_test]'s web client build system files creation task start
06:35:49.533 [main] INFO  k.p.s.c.buildsystem.ProjectBuilder - main project[sample_test]'s web client ant build.xml file creation task start
06:35:49.533 [main] INFO  k.p.s.c.buildsystem.ProjectBuilder - main project[sample_test]'s web client ant build.xml file creation task end
06:35:49.533 [main] INFO  k.p.s.c.buildsystem.ProjectBuilder - main project[sample_test]'s web client ant properties file creation task start
06:35:49.533 [main] INFO  k.p.s.c.util.SequencedPropertiesUtil - the sequenced properties file[D:\gitsinnori\sinnori\project\sample_test\client_build\web_build\webAnt.properties] was created
06:35:49.533 [main] INFO  k.p.s.c.buildsystem.ProjectBuilder - main project[sample_test]'s web client ant properties file creation task end
06:35:49.533 [main] INFO  k.p.s.c.buildsystem.ProjectBuilder - main project[sample_test]'s web client message io file set creation task start
06:35:49.533 [main] INFO  k.p.s.common.util.CommonStaticUtil - the new child relative direcotry[D:\gitsinnori\sinnori\project\sample_test\client_build\web_build\src\main\java\kr\pe\sinnori\impl\message][Echo] was created successfully
06:35:49.533 [main] INFO  k.p.s.c.buildsystem.ProjectBuilder - main project[sample_test]'s message file[Echo][D:\gitsinnori\sinnori\project\sample_test\client_build\web_build\src\main\java\kr\pe\sinnori\impl\message] creation task start
06:35:49.533 [main] INFO  k.p.s.c.buildsystem.ProjectBuilder - main project[sample_test]'s message file[Echo][D:\gitsinnori\sinnori\project\sample_test\client_build\web_build\src\main\java\kr\pe\sinnori\impl\message] creation task end
06:35:49.533 [main] INFO  k.p.s.c.buildsystem.ProjectBuilder - main project[sample_test]'s message decoder file[Echo][D:\gitsinnori\sinnori\project\sample_test\client_build\web_build\src\main\java\kr\pe\sinnori\impl\message] creation task start
06:35:49.548 [main] INFO  k.p.s.c.buildsystem.ProjectBuilder - main project[sample_test]'s message decoder file[Echo][D:\gitsinnori\sinnori\project\sample_test\client_build\web_build\src\main\java\kr\pe\sinnori\impl\message] creation task end
06:35:49.548 [main] INFO  k.p.s.c.buildsystem.ProjectBuilder - main project[sample_test]'s message encoder file[Echo][D:\gitsinnori\sinnori\project\sample_test\client_build\web_build\src\main\java\kr\pe\sinnori\impl\message] creation task start
06:35:49.548 [main] INFO  k.p.s.c.buildsystem.ProjectBuilder - main project[sample_test]'s message encoder file[Echo][D:\gitsinnori\sinnori\project\sample_test\client_build\web_build\src\main\java\kr\pe\sinnori\impl\message] creation task end
06:35:49.548 [main] INFO  k.p.s.c.buildsystem.ProjectBuilder - main project[sample_test]'s message server codec file[Echo][D:\gitsinnori\sinnori\project\sample_test\client_build\web_build\src\main\java\kr\pe\sinnori\impl\message] creation task start
06:35:49.548 [main] INFO  k.p.s.c.buildsystem.ProjectBuilder - main project[sample_test]'s message server codec file[Echo][D:\gitsinnori\sinnori\project\sample_test\client_build\web_build\src\main\java\kr\pe\sinnori\impl\message] creation task end
06:35:49.548 [main] INFO  k.p.s.c.buildsystem.ProjectBuilder - main project[sample_test]'s message client codec file[Echo][D:\gitsinnori\sinnori\project\sample_test\client_build\web_build\src\main\java\kr\pe\sinnori\impl\message] creation task start
06:35:49.548 [main] INFO  k.p.s.c.buildsystem.ProjectBuilder - main project[sample_test]'s message client codec file[Echo][D:\gitsinnori\sinnori\project\sample_test\client_build\web_build\src\main\java\kr\pe\sinnori\impl\message] creation task end
06:35:49.548 [main] INFO  k.p.s.common.util.CommonStaticUtil - the new child relative direcotry[D:\gitsinnori\sinnori\project\sample_test\client_build\web_build\src\main\java\kr\pe\sinnori\impl\message][PublicKeyReq] was created successfully
06:35:49.548 [main] INFO  k.p.s.c.buildsystem.ProjectBuilder - main project[sample_test]'s message file[PublicKeyReq][D:\gitsinnori\sinnori\project\sample_test\client_build\web_build\src\main\java\kr\pe\sinnori\impl\message] creation task start
06:35:49.548 [main] INFO  k.p.s.c.buildsystem.ProjectBuilder - main project[sample_test]'s message file[PublicKeyReq][D:\gitsinnori\sinnori\project\sample_test\client_build\web_build\src\main\java\kr\pe\sinnori\impl\message] creation task end
06:35:49.548 [main] INFO  k.p.s.c.buildsystem.ProjectBuilder - main project[sample_test]'s message decoder file[PublicKeyReq][D:\gitsinnori\sinnori\project\sample_test\client_build\web_build\src\main\java\kr\pe\sinnori\impl\message] creation task start
06:35:49.548 [main] INFO  k.p.s.c.buildsystem.ProjectBuilder - main project[sample_test]'s message decoder file[PublicKeyReq][D:\gitsinnori\sinnori\project\sample_test\client_build\web_build\src\main\java\kr\pe\sinnori\impl\message] creation task end
06:35:49.548 [main] INFO  k.p.s.c.buildsystem.ProjectBuilder - main project[sample_test]'s message encoder file[PublicKeyReq][D:\gitsinnori\sinnori\project\sample_test\client_build\web_build\src\main\java\kr\pe\sinnori\impl\message] creation task start
06:35:49.564 [main] INFO  k.p.s.c.buildsystem.ProjectBuilder - main project[sample_test]'s message encoder file[PublicKeyReq][D:\gitsinnori\sinnori\project\sample_test\client_build\web_build\src\main\java\kr\pe\sinnori\impl\message] creation task end
06:35:49.564 [main] INFO  k.p.s.c.buildsystem.ProjectBuilder - main project[sample_test]'s message server codec file[PublicKeyReq][D:\gitsinnori\sinnori\project\sample_test\client_build\web_build\src\main\java\kr\pe\sinnori\impl\message] creation task start
06:35:49.564 [main] INFO  k.p.s.c.buildsystem.ProjectBuilder - main project[sample_test]'s message server codec file[PublicKeyReq][D:\gitsinnori\sinnori\project\sample_test\client_build\web_build\src\main\java\kr\pe\sinnori\impl\message] creation task end
06:35:49.564 [main] INFO  k.p.s.c.buildsystem.ProjectBuilder - main project[sample_test]'s message client codec file[PublicKeyReq][D:\gitsinnori\sinnori\project\sample_test\client_build\web_build\src\main\java\kr\pe\sinnori\impl\message] creation task start
06:35:49.564 [main] INFO  k.p.s.c.buildsystem.ProjectBuilder - main project[sample_test]'s message client codec file[PublicKeyReq][D:\gitsinnori\sinnori\project\sample_test\client_build\web_build\src\main\java\kr\pe\sinnori\impl\message] creation task end
06:35:49.564 [main] INFO  k.p.s.common.util.CommonStaticUtil - the new child relative direcotry[D:\gitsinnori\sinnori\project\sample_test\client_build\web_build\src\main\java\kr\pe\sinnori\impl\message][PublicKeyRes] was created successfully
06:35:49.658 [main] INFO  k.p.s.c.buildsystem.ProjectBuilder - main project[sample_test]'s message file[PublicKeyRes][D:\gitsinnori\sinnori\project\sample_test\client_build\web_build\src\main\java\kr\pe\sinnori\impl\message] creation task start
06:35:49.658 [main] INFO  k.p.s.c.buildsystem.ProjectBuilder - main project[sample_test]'s message file[PublicKeyRes][D:\gitsinnori\sinnori\project\sample_test\client_build\web_build\src\main\java\kr\pe\sinnori\impl\message] creation task end
06:35:49.658 [main] INFO  k.p.s.c.buildsystem.ProjectBuilder - main project[sample_test]'s message decoder file[PublicKeyRes][D:\gitsinnori\sinnori\project\sample_test\client_build\web_build\src\main\java\kr\pe\sinnori\impl\message] creation task start
06:35:49.673 [main] INFO  k.p.s.c.buildsystem.ProjectBuilder - main project[sample_test]'s message decoder file[PublicKeyRes][D:\gitsinnori\sinnori\project\sample_test\client_build\web_build\src\main\java\kr\pe\sinnori\impl\message] creation task end
06:35:49.673 [main] INFO  k.p.s.c.buildsystem.ProjectBuilder - main project[sample_test]'s message encoder file[PublicKeyRes][D:\gitsinnori\sinnori\project\sample_test\client_build\web_build\src\main\java\kr\pe\sinnori\impl\message] creation task start
06:35:49.673 [main] INFO  k.p.s.c.buildsystem.ProjectBuilder - main project[sample_test]'s message encoder file[PublicKeyRes][D:\gitsinnori\sinnori\project\sample_test\client_build\web_build\src\main\java\kr\pe\sinnori\impl\message] creation task end
06:35:49.673 [main] INFO  k.p.s.c.buildsystem.ProjectBuilder - main project[sample_test]'s message server codec file[PublicKeyRes][D:\gitsinnori\sinnori\project\sample_test\client_build\web_build\src\main\java\kr\pe\sinnori\impl\message] creation task start
06:35:49.689 [main] INFO  k.p.s.c.buildsystem.ProjectBuilder - main project[sample_test]'s message server codec file[PublicKeyRes][D:\gitsinnori\sinnori\project\sample_test\client_build\web_build\src\main\java\kr\pe\sinnori\impl\message] creation task end
06:35:49.689 [main] INFO  k.p.s.c.buildsystem.ProjectBuilder - main project[sample_test]'s message client codec file[PublicKeyRes][D:\gitsinnori\sinnori\project\sample_test\client_build\web_build\src\main\java\kr\pe\sinnori\impl\message] creation task start
06:35:49.689 [main] INFO  k.p.s.c.buildsystem.ProjectBuilder - main project[sample_test]'s message client codec file[PublicKeyRes][D:\gitsinnori\sinnori\project\sample_test\client_build\web_build\src\main\java\kr\pe\sinnori\impl\message] creation task end
06:35:49.689 [main] INFO  k.p.s.c.buildsystem.ProjectBuilder - main project[sample_test]'s web client message io file set creation task end
06:35:49.689 [main] INFO  k.p.s.c.buildsystem.ProjectBuilder - mainproject[sample_test]'s web client sample source files copy task start
06:35:49.751 [main] INFO  k.p.s.c.buildsystem.ProjectBuilder - mainproject[sample_test]'s web client sample source files copy task end
06:35:49.751 [main] INFO  k.p.s.c.buildsystem.ProjectBuilder - main project[sample_test]'s web client build system files creation task end
06:35:49.751 [main] INFO  k.p.s.c.buildsystem.ProjectBuilder - main project[sample_test]'s web root child direcotry creation task start
06:35:49.751 [main] INFO  k.p.s.common.util.CommonStaticUtil - the child relative direcotry[D:\gitsinnori\sinnori\project\sample_test][web_app_base/upload] exist, so nothing
06:35:49.751 [main] INFO  k.p.s.common.util.CommonStaticUtil - the new child relative direcotry[D:\gitsinnori\sinnori\project\sample_test][web_app_base/ROOT/WEB-INF/classes] was created successfully
06:35:49.751 [main] INFO  k.p.s.common.util.CommonStaticUtil - the new child relative direcotry[D:\gitsinnori\sinnori\project\sample_test][web_app_base/ROOT/WEB-INF/lib] was created successfully
06:35:49.751 [main] INFO  k.p.s.c.buildsystem.ProjectBuilder - main project[sample_test]'s web root child direcotry creation task end
06:35:49.751 [main] INFO  k.p.s.c.buildsystem.ProjectBuilder - main project[sample_test]'s web root sample files creation task start
06:35:49.751 [main] INFO  k.p.s.c.buildsystem.ProjectBuilder - main project[sample_test]'s web root sample files copy task start
06:35:49.751 [main] INFO  k.p.s.c.buildsystem.ProjectBuilder - main project[sample_test]'s web root sample files copy task end
06:35:49.751 [main] INFO  k.p.s.c.buildsystem.ProjectBuilder - main project[sample_test]'s web root sample files creation task end
06:35:49.751 [main] INFO  k.p.s.c.buildsystem.ProjectBuilder - main project[sample_test]'s config file overwrite task start
06:35:49.830 [main] INFO  k.p.s.c.buildsystem.ProjectBuilder - main project[sample_test]'s config file overwrite task end
06:35:49.830 [main] INFO  k.p.s.c.buildsystem.ProjectBuilder - main project[sample_test] changeProjectState method end
06:35:49.892 [main] INFO  k.p.s.c.buildsystem.ProjectBuilder - main project[sample_test]'s child direcotry creation task start
06:35:49.892 [main] INFO  k.p.s.c.buildsystem.ProjectBuilder - main project[sample_test]'s common child direcotry creation task start
06:35:49.892 [main] INFO  k.p.s.common.util.CommonStaticUtil - the new child relative direcotry[D:\gitsinnori\sinnori\project\sample_test][config] was created successfully
06:35:49.892 [main] INFO  k.p.s.common.util.CommonStaticUtil - the new child relative direcotry[D:\gitsinnori\sinnori\project\sample_test][resources/dbcp] was created successfully
06:35:49.892 [main] INFO  k.p.s.common.util.CommonStaticUtil - the new child relative direcotry[D:\gitsinnori\sinnori\project\sample_test][resources/message_info] was created successfully
06:35:49.892 [main] INFO  k.p.s.common.util.CommonStaticUtil - the new child relative direcotry[D:\gitsinnori\sinnori\project\sample_test][resources/rsa_keypair] was created successfully
06:35:49.892 [main] INFO  k.p.s.common.util.CommonStaticUtil - the new child relative direcotry[D:\gitsinnori\sinnori\project\sample_test][log/apache] was created successfully
06:35:49.892 [main] INFO  k.p.s.common.util.CommonStaticUtil - the new child relative direcotry[D:\gitsinnori\sinnori\project\sample_test][log/client] was created successfully
06:35:49.892 [main] INFO  k.p.s.common.util.CommonStaticUtil - the new child relative direcotry[D:\gitsinnori\sinnori\project\sample_test][log/server] was created successfully
06:35:49.892 [main] INFO  k.p.s.common.util.CommonStaticUtil - the new child relative direcotry[D:\gitsinnori\sinnori\project\sample_test][log/servlet] was created successfully
06:35:49.892 [main] INFO  k.p.s.c.buildsystem.ProjectBuilder - main project[sample_test]'s common child direcotry creation task end
06:35:49.892 [main] INFO  k.p.s.c.buildsystem.ProjectBuilder - main project[sample_test]'s application build child direcotry creation task start
06:35:49.892 [main] INFO  k.p.s.common.util.CommonStaticUtil - the new child relative direcotry[D:\gitsinnori\sinnori\project\sample_test][client_build/app_build/corelib/ex] was created successfully
06:35:49.892 [main] INFO  k.p.s.common.util.CommonStaticUtil - the new child relative direcotry[D:\gitsinnori\sinnori\project\sample_test][client_build/app_build/corelib/in] was created successfully
06:35:49.892 [main] INFO  k.p.s.common.util.CommonStaticUtil - the new child relative direcotry[D:\gitsinnori\sinnori\project\sample_test][client_build/app_build/lib/main/ex] was created successfully
06:35:49.892 [main] INFO  k.p.s.common.util.CommonStaticUtil - the new child relative direcotry[D:\gitsinnori\sinnori\project\sample_test][client_build/app_build/lib/main/in] was created successfully
06:35:49.892 [main] INFO  k.p.s.common.util.CommonStaticUtil - the new child relative direcotry[D:\gitsinnori\sinnori\project\sample_test][client_build/app_build/lib/test] was created successfully
06:35:49.892 [main] INFO  k.p.s.common.util.CommonStaticUtil - the new child relative direcotry[D:\gitsinnori\sinnori\project\sample_test][client_build/app_build/src/main/java/kr/pe/sinnori/impl/message] was created successfully
06:35:49.892 [main] INFO  k.p.s.common.util.CommonStaticUtil - the new child relative direcotry[D:\gitsinnori\sinnori\project\sample_test][client_build/app_build/src/main/java/main] was created successfully
06:35:49.892 [main] INFO  k.p.s.common.util.CommonStaticUtil - the new child relative direcotry[D:\gitsinnori\sinnori\project\sample_test][client_build/app_build/src/test/java] was created successfully
06:35:49.892 [main] INFO  k.p.s.common.util.CommonStaticUtil - the new child relative direcotry[D:\gitsinnori\sinnori\project\sample_test][client_build/app_build/build] was created successfully
06:35:49.892 [main] INFO  k.p.s.common.util.CommonStaticUtil - the new child relative direcotry[D:\gitsinnori\sinnori\project\sample_test][client_build/app_build/dist] was created successfully
06:35:49.908 [main] INFO  k.p.s.c.buildsystem.ProjectBuilder - main project[sample_test]'s application build child direcotry creation task end
06:35:49.908 [main] INFO  k.p.s.c.buildsystem.ProjectBuilder - main project[sample_test]'s web build child direcotry creation task start
06:35:49.908 [main] INFO  k.p.s.common.util.CommonStaticUtil - the new child relative direcotry[D:\gitsinnori\sinnori\project\sample_test][client_build/web_build/corelib/ex] was created successfully
06:35:49.908 [main] INFO  k.p.s.common.util.CommonStaticUtil - the new child relative direcotry[D:\gitsinnori\sinnori\project\sample_test][client_build/web_build/corelib/in] was created successfully
06:35:49.908 [main] INFO  k.p.s.common.util.CommonStaticUtil - the new child relative direcotry[D:\gitsinnori\sinnori\project\sample_test][client_build/web_build/lib/main/ex] was created successfully
06:35:49.908 [main] INFO  k.p.s.common.util.CommonStaticUtil - the new child relative direcotry[D:\gitsinnori\sinnori\project\sample_test][client_build/web_build/lib/main/in] was created successfully
06:35:49.908 [main] INFO  k.p.s.common.util.CommonStaticUtil - the new child relative direcotry[D:\gitsinnori\sinnori\project\sample_test][client_build/web_build/lib/test] was created successfully
06:35:49.908 [main] INFO  k.p.s.common.util.CommonStaticUtil - the new child relative direcotry[D:\gitsinnori\sinnori\project\sample_test][client_build/web_build/src/main/java/kr/pe/sinnori/impl/message] was created successfully
06:35:49.908 [main] INFO  k.p.s.common.util.CommonStaticUtil - the new child relative direcotry[D:\gitsinnori\sinnori\project\sample_test][client_build/web_build/src/main/java//kr/pe/sinnori/servlet] was created successfully
06:35:49.908 [main] INFO  k.p.s.common.util.CommonStaticUtil - the new child relative direcotry[D:\gitsinnori\sinnori\project\sample_test][client_build/web_build/src/main/java/kr/pe/sinnori/weblib/common] was created successfully
06:35:49.908 [main] INFO  k.p.s.common.util.CommonStaticUtil - the new child relative direcotry[D:\gitsinnori\sinnori\project\sample_test][client_build/web_build/src/main/java/kr/pe/sinnori/weblib/htmlstring] was created successfully
06:35:49.908 [main] INFO  k.p.s.common.util.CommonStaticUtil - the new child relative direcotry[D:\gitsinnori\sinnori\project\sample_test][client_build/web_build/src/main/java/kr/pe/sinnori/weblib/jdf] was created successfully
06:35:49.908 [main] INFO  k.p.s.common.util.CommonStaticUtil - the new child relative direcotry[D:\gitsinnori\sinnori\project\sample_test][client_build/web_build/src/test/java] was created successfully
06:35:49.908 [main] INFO  k.p.s.common.util.CommonStaticUtil - the new child relative direcotry[D:\gitsinnori\sinnori\project\sample_test][client_build/web_build/build] was created successfully
06:35:49.908 [main] INFO  k.p.s.common.util.CommonStaticUtil - the new child relative direcotry[D:\gitsinnori\sinnori\project\sample_test][client_build/web_build/dist] was created successfully
06:35:49.908 [main] INFO  k.p.s.c.buildsystem.ProjectBuilder - main project[sample_test]'s web build child direcotry creation task end
06:35:49.908 [main] INFO  k.p.s.c.buildsystem.ProjectBuilder - main project[sample_test]'s web root child direcotry creation task start
06:35:49.908 [main] INFO  k.p.s.common.util.CommonStaticUtil - the new child relative direcotry[D:\gitsinnori\sinnori\project\sample_test][web_app_base/upload] was created successfully
06:35:49.908 [main] INFO  k.p.s.common.util.CommonStaticUtil - the new child relative direcotry[D:\gitsinnori\sinnori\project\sample_test][web_app_base/ROOT/WEB-INF/classes] was created successfully
06:35:49.908 [main] INFO  k.p.s.common.util.CommonStaticUtil - the new child relative direcotry[D:\gitsinnori\sinnori\project\sample_test][web_app_base/ROOT/WEB-INF/lib] was created successfully
06:35:49.908 [main] INFO  k.p.s.c.buildsystem.ProjectBuilder - main project[sample_test]'s web root child direcotry creation task end
06:35:49.908 [main] INFO  k.p.s.c.buildsystem.ProjectBuilder - main project[sample_test]'s child direcotry creation task end
06:35:49.908 [main] INFO  k.p.s.c.buildsystem.ProjectBuilder - main project[sample_test]'s file creation task start
06:35:49.908 [main] INFO  k.p.s.c.buildsystem.ProjectBuilder - main project[sample_test]'s config file creation task start
06:35:49.908 [main] INFO  k.p.s.c.util.SequencedPropertiesUtil - the sequenced properties file[D:\gitsinnori\sinnori\project\sample_test\config\sinnori.properties] was created
06:35:49.923 [main] INFO  k.p.s.c.buildsystem.ProjectBuilder - main project[sample_test]'s config file creation task end
06:35:49.923 [main] INFO  k.p.s.c.buildsystem.ProjectBuilder - the mainproject[sample_test]'s resources directory copy task start
06:35:49.939 [main] INFO  k.p.s.c.buildsystem.ProjectBuilder - the mainproject[sample_test]'s resources directory copy task end
06:35:49.939 [main] INFO  k.p.s.c.buildsystem.ProjectBuilder - mainproject[sample_test]'s application client build system files creation task start
06:35:49.939 [main] INFO  k.p.s.c.buildsystem.ProjectBuilder - main project[sample_test]'s application client ant build.xml file creation task start
06:35:49.939 [main] INFO  k.p.s.c.buildsystem.ProjectBuilder - main project[sample_test]'s application client ant build.xml file creation task end
06:35:49.939 [main] INFO  k.p.s.c.buildsystem.ProjectBuilder - main project[sample_test]'s application client dos shell file creation task start
06:35:49.939 [main] INFO  k.p.s.c.buildsystem.ProjectBuilder - main project[sample_test]'s application client dos shell file creation task end
06:35:49.939 [main] INFO  k.p.s.c.buildsystem.ProjectBuilder - main project[sample_test]'s application client unix shell file creation task start
06:35:49.939 [main] INFO  k.p.s.c.buildsystem.ProjectBuilder - main project[sample_test]'s application client unix shell file creation task end
06:35:49.939 [main] INFO  k.p.s.c.buildsystem.ProjectBuilder - application client sample source files copy task start
06:35:49.939 [main] INFO  k.p.s.c.buildsystem.ProjectBuilder - application client sample source files copy task end
06:35:49.939 [main] INFO  k.p.s.c.buildsystem.ProjectBuilder - main project[sample_test]'s application client message io file set creation task start
06:35:49.939 [main] INFO  k.p.s.common.util.CommonStaticUtil - the new child relative direcotry[D:\gitsinnori\sinnori\project\sample_test\client_build\app_build\src\main\java\kr\pe\sinnori\impl\message][Echo] was created successfully
06:35:49.939 [main] INFO  k.p.s.c.buildsystem.ProjectBuilder - main project[sample_test]'s message file[Echo][D:\gitsinnori\sinnori\project\sample_test\client_build\app_build\src\main\java\kr\pe\sinnori\impl\message] creation task start
06:35:49.955 [main] INFO  k.p.s.c.buildsystem.ProjectBuilder - main project[sample_test]'s message file[Echo][D:\gitsinnori\sinnori\project\sample_test\client_build\app_build\src\main\java\kr\pe\sinnori\impl\message] creation task end
06:35:49.955 [main] INFO  k.p.s.c.buildsystem.ProjectBuilder - main project[sample_test]'s message decoder file[Echo][D:\gitsinnori\sinnori\project\sample_test\client_build\app_build\src\main\java\kr\pe\sinnori\impl\message] creation task start
06:35:49.955 [main] INFO  k.p.s.c.buildsystem.ProjectBuilder - main project[sample_test]'s message decoder file[Echo][D:\gitsinnori\sinnori\project\sample_test\client_build\app_build\src\main\java\kr\pe\sinnori\impl\message] creation task end
06:35:49.955 [main] INFO  k.p.s.c.buildsystem.ProjectBuilder - main project[sample_test]'s message encoder file[Echo][D:\gitsinnori\sinnori\project\sample_test\client_build\app_build\src\main\java\kr\pe\sinnori\impl\message] creation task start
06:35:49.955 [main] INFO  k.p.s.c.buildsystem.ProjectBuilder - main project[sample_test]'s message encoder file[Echo][D:\gitsinnori\sinnori\project\sample_test\client_build\app_build\src\main\java\kr\pe\sinnori\impl\message] creation task end
06:35:49.955 [main] INFO  k.p.s.c.buildsystem.ProjectBuilder - main project[sample_test]'s message server codec file[Echo][D:\gitsinnori\sinnori\project\sample_test\client_build\app_build\src\main\java\kr\pe\sinnori\impl\message] creation task start
06:35:49.955 [main] INFO  k.p.s.c.buildsystem.ProjectBuilder - main project[sample_test]'s message server codec file[Echo][D:\gitsinnori\sinnori\project\sample_test\client_build\app_build\src\main\java\kr\pe\sinnori\impl\message] creation task end
06:35:49.955 [main] INFO  k.p.s.c.buildsystem.ProjectBuilder - main project[sample_test]'s message client codec file[Echo][D:\gitsinnori\sinnori\project\sample_test\client_build\app_build\src\main\java\kr\pe\sinnori\impl\message] creation task start
06:35:50.017 [main] INFO  k.p.s.c.buildsystem.ProjectBuilder - main project[sample_test]'s message client codec file[Echo][D:\gitsinnori\sinnori\project\sample_test\client_build\app_build\src\main\java\kr\pe\sinnori\impl\message] creation task end
06:35:50.017 [main] INFO  k.p.s.common.util.CommonStaticUtil - the new child relative direcotry[D:\gitsinnori\sinnori\project\sample_test\client_build\app_build\src\main\java\kr\pe\sinnori\impl\message][PublicKeyReq] was created successfully
06:35:50.017 [main] INFO  k.p.s.c.buildsystem.ProjectBuilder - main project[sample_test]'s message file[PublicKeyReq][D:\gitsinnori\sinnori\project\sample_test\client_build\app_build\src\main\java\kr\pe\sinnori\impl\message] creation task start
06:35:50.017 [main] INFO  k.p.s.c.buildsystem.ProjectBuilder - main project[sample_test]'s message file[PublicKeyReq][D:\gitsinnori\sinnori\project\sample_test\client_build\app_build\src\main\java\kr\pe\sinnori\impl\message] creation task end
06:35:50.017 [main] INFO  k.p.s.c.buildsystem.ProjectBuilder - main project[sample_test]'s message decoder file[PublicKeyReq][D:\gitsinnori\sinnori\project\sample_test\client_build\app_build\src\main\java\kr\pe\sinnori\impl\message] creation task start
06:35:50.033 [main] INFO  k.p.s.c.buildsystem.ProjectBuilder - main project[sample_test]'s message decoder file[PublicKeyReq][D:\gitsinnori\sinnori\project\sample_test\client_build\app_build\src\main\java\kr\pe\sinnori\impl\message] creation task end
06:35:50.033 [main] INFO  k.p.s.c.buildsystem.ProjectBuilder - main project[sample_test]'s message encoder file[PublicKeyReq][D:\gitsinnori\sinnori\project\sample_test\client_build\app_build\src\main\java\kr\pe\sinnori\impl\message] creation task start
06:35:50.048 [main] INFO  k.p.s.c.buildsystem.ProjectBuilder - main project[sample_test]'s message encoder file[PublicKeyReq][D:\gitsinnori\sinnori\project\sample_test\client_build\app_build\src\main\java\kr\pe\sinnori\impl\message] creation task end
06:35:50.048 [main] INFO  k.p.s.c.buildsystem.ProjectBuilder - main project[sample_test]'s message server codec file[PublicKeyReq][D:\gitsinnori\sinnori\project\sample_test\client_build\app_build\src\main\java\kr\pe\sinnori\impl\message] creation task start
06:35:50.048 [main] INFO  k.p.s.c.buildsystem.ProjectBuilder - main project[sample_test]'s message server codec file[PublicKeyReq][D:\gitsinnori\sinnori\project\sample_test\client_build\app_build\src\main\java\kr\pe\sinnori\impl\message] creation task end
06:35:50.048 [main] INFO  k.p.s.c.buildsystem.ProjectBuilder - main project[sample_test]'s message client codec file[PublicKeyReq][D:\gitsinnori\sinnori\project\sample_test\client_build\app_build\src\main\java\kr\pe\sinnori\impl\message] creation task start
06:35:50.048 [main] INFO  k.p.s.c.buildsystem.ProjectBuilder - main project[sample_test]'s message client codec file[PublicKeyReq][D:\gitsinnori\sinnori\project\sample_test\client_build\app_build\src\main\java\kr\pe\sinnori\impl\message] creation task end
06:35:50.048 [main] INFO  k.p.s.common.util.CommonStaticUtil - the new child relative direcotry[D:\gitsinnori\sinnori\project\sample_test\client_build\app_build\src\main\java\kr\pe\sinnori\impl\message][PublicKeyRes] was created successfully
06:35:50.048 [main] INFO  k.p.s.c.buildsystem.ProjectBuilder - main project[sample_test]'s message file[PublicKeyRes][D:\gitsinnori\sinnori\project\sample_test\client_build\app_build\src\main\java\kr\pe\sinnori\impl\message] creation task start
06:35:50.048 [main] INFO  k.p.s.c.buildsystem.ProjectBuilder - main project[sample_test]'s message file[PublicKeyRes][D:\gitsinnori\sinnori\project\sample_test\client_build\app_build\src\main\java\kr\pe\sinnori\impl\message] creation task end
06:35:50.048 [main] INFO  k.p.s.c.buildsystem.ProjectBuilder - main project[sample_test]'s message decoder file[PublicKeyRes][D:\gitsinnori\sinnori\project\sample_test\client_build\app_build\src\main\java\kr\pe\sinnori\impl\message] creation task start
06:35:50.048 [main] INFO  k.p.s.c.buildsystem.ProjectBuilder - main project[sample_test]'s message decoder file[PublicKeyRes][D:\gitsinnori\sinnori\project\sample_test\client_build\app_build\src\main\java\kr\pe\sinnori\impl\message] creation task end
06:35:50.048 [main] INFO  k.p.s.c.buildsystem.ProjectBuilder - main project[sample_test]'s message encoder file[PublicKeyRes][D:\gitsinnori\sinnori\project\sample_test\client_build\app_build\src\main\java\kr\pe\sinnori\impl\message] creation task start
06:35:50.064 [main] INFO  k.p.s.c.buildsystem.ProjectBuilder - main project[sample_test]'s message encoder file[PublicKeyRes][D:\gitsinnori\sinnori\project\sample_test\client_build\app_build\src\main\java\kr\pe\sinnori\impl\message] creation task end
06:35:50.064 [main] INFO  k.p.s.c.buildsystem.ProjectBuilder - main project[sample_test]'s message server codec file[PublicKeyRes][D:\gitsinnori\sinnori\project\sample_test\client_build\app_build\src\main\java\kr\pe\sinnori\impl\message] creation task start
06:35:50.064 [main] INFO  k.p.s.c.buildsystem.ProjectBuilder - main project[sample_test]'s message server codec file[PublicKeyRes][D:\gitsinnori\sinnori\project\sample_test\client_build\app_build\src\main\java\kr\pe\sinnori\impl\message] creation task end
06:35:50.064 [main] INFO  k.p.s.c.buildsystem.ProjectBuilder - main project[sample_test]'s message client codec file[PublicKeyRes][D:\gitsinnori\sinnori\project\sample_test\client_build\app_build\src\main\java\kr\pe\sinnori\impl\message] creation task start
06:35:50.064 [main] INFO  k.p.s.c.buildsystem.ProjectBuilder - main project[sample_test]'s message client codec file[PublicKeyRes][D:\gitsinnori\sinnori\project\sample_test\client_build\app_build\src\main\java\kr\pe\sinnori\impl\message] creation task end
06:35:50.064 [main] INFO  k.p.s.c.buildsystem.ProjectBuilder - main project[sample_test]'s application client message io file set creation task end
06:35:50.064 [main] INFO  k.p.s.c.buildsystem.ProjectBuilder - mainproject[sample_test]'s application client build system files creation task end
06:35:50.064 [main] INFO  k.p.s.c.buildsystem.ProjectBuilder - main project[sample_test]'s web client build system files creation task start
06:35:50.064 [main] INFO  k.p.s.c.buildsystem.ProjectBuilder - main project[sample_test]'s web client ant build.xml file creation task start
06:35:50.064 [main] INFO  k.p.s.c.buildsystem.ProjectBuilder - main project[sample_test]'s web client ant build.xml file creation task end
06:35:50.064 [main] INFO  k.p.s.c.buildsystem.ProjectBuilder - main project[sample_test]'s web client ant properties file creation task start
06:35:50.064 [main] INFO  k.p.s.c.util.SequencedPropertiesUtil - the sequenced properties file[D:\gitsinnori\sinnori\project\sample_test\client_build\web_build\webAnt.properties] was created
06:35:50.064 [main] INFO  k.p.s.c.buildsystem.ProjectBuilder - main project[sample_test]'s web client ant properties file creation task end
06:35:50.064 [main] INFO  k.p.s.c.buildsystem.ProjectBuilder - main project[sample_test]'s web client message io file set creation task start
06:35:50.064 [main] INFO  k.p.s.common.util.CommonStaticUtil - the new child relative direcotry[D:\gitsinnori\sinnori\project\sample_test\client_build\web_build\src\main\java\kr\pe\sinnori\impl\message][Echo] was created successfully
06:35:50.064 [main] INFO  k.p.s.c.buildsystem.ProjectBuilder - main project[sample_test]'s message file[Echo][D:\gitsinnori\sinnori\project\sample_test\client_build\web_build\src\main\java\kr\pe\sinnori\impl\message] creation task start
06:35:50.080 [main] INFO  k.p.s.c.buildsystem.ProjectBuilder - main project[sample_test]'s message file[Echo][D:\gitsinnori\sinnori\project\sample_test\client_build\web_build\src\main\java\kr\pe\sinnori\impl\message] creation task end
06:35:50.158 [main] INFO  k.p.s.c.buildsystem.ProjectBuilder - main project[sample_test]'s message decoder file[Echo][D:\gitsinnori\sinnori\project\sample_test\client_build\web_build\src\main\java\kr\pe\sinnori\impl\message] creation task start
06:35:50.158 [main] INFO  k.p.s.c.buildsystem.ProjectBuilder - main project[sample_test]'s message decoder file[Echo][D:\gitsinnori\sinnori\project\sample_test\client_build\web_build\src\main\java\kr\pe\sinnori\impl\message] creation task end
06:35:50.158 [main] INFO  k.p.s.c.buildsystem.ProjectBuilder - main project[sample_test]'s message encoder file[Echo][D:\gitsinnori\sinnori\project\sample_test\client_build\web_build\src\main\java\kr\pe\sinnori\impl\message] creation task start
06:35:50.173 [main] INFO  k.p.s.c.buildsystem.ProjectBuilder - main project[sample_test]'s message encoder file[Echo][D:\gitsinnori\sinnori\project\sample_test\client_build\web_build\src\main\java\kr\pe\sinnori\impl\message] creation task end
06:35:50.173 [main] INFO  k.p.s.c.buildsystem.ProjectBuilder - main project[sample_test]'s message server codec file[Echo][D:\gitsinnori\sinnori\project\sample_test\client_build\web_build\src\main\java\kr\pe\sinnori\impl\message] creation task start
06:35:50.173 [main] INFO  k.p.s.c.buildsystem.ProjectBuilder - main project[sample_test]'s message server codec file[Echo][D:\gitsinnori\sinnori\project\sample_test\client_build\web_build\src\main\java\kr\pe\sinnori\impl\message] creation task end
06:35:50.173 [main] INFO  k.p.s.c.buildsystem.ProjectBuilder - main project[sample_test]'s message client codec file[Echo][D:\gitsinnori\sinnori\project\sample_test\client_build\web_build\src\main\java\kr\pe\sinnori\impl\message] creation task start
06:35:50.173 [main] INFO  k.p.s.c.buildsystem.ProjectBuilder - main project[sample_test]'s message client codec file[Echo][D:\gitsinnori\sinnori\project\sample_test\client_build\web_build\src\main\java\kr\pe\sinnori\impl\message] creation task end
06:35:50.173 [main] INFO  k.p.s.common.util.CommonStaticUtil - the new child relative direcotry[D:\gitsinnori\sinnori\project\sample_test\client_build\web_build\src\main\java\kr\pe\sinnori\impl\message][PublicKeyReq] was created successfully
06:35:50.173 [main] INFO  k.p.s.c.buildsystem.ProjectBuilder - main project[sample_test]'s message file[PublicKeyReq][D:\gitsinnori\sinnori\project\sample_test\client_build\web_build\src\main\java\kr\pe\sinnori\impl\message] creation task start
06:35:50.189 [main] INFO  k.p.s.c.buildsystem.ProjectBuilder - main project[sample_test]'s message file[PublicKeyReq][D:\gitsinnori\sinnori\project\sample_test\client_build\web_build\src\main\java\kr\pe\sinnori\impl\message] creation task end
06:35:50.189 [main] INFO  k.p.s.c.buildsystem.ProjectBuilder - main project[sample_test]'s message decoder file[PublicKeyReq][D:\gitsinnori\sinnori\project\sample_test\client_build\web_build\src\main\java\kr\pe\sinnori\impl\message] creation task start
06:35:50.189 [main] INFO  k.p.s.c.buildsystem.ProjectBuilder - main project[sample_test]'s message decoder file[PublicKeyReq][D:\gitsinnori\sinnori\project\sample_test\client_build\web_build\src\main\java\kr\pe\sinnori\impl\message] creation task end
06:35:50.189 [main] INFO  k.p.s.c.buildsystem.ProjectBuilder - main project[sample_test]'s message encoder file[PublicKeyReq][D:\gitsinnori\sinnori\project\sample_test\client_build\web_build\src\main\java\kr\pe\sinnori\impl\message] creation task start
06:35:50.205 [main] INFO  k.p.s.c.buildsystem.ProjectBuilder - main project[sample_test]'s message encoder file[PublicKeyReq][D:\gitsinnori\sinnori\project\sample_test\client_build\web_build\src\main\java\kr\pe\sinnori\impl\message] creation task end
06:35:50.205 [main] INFO  k.p.s.c.buildsystem.ProjectBuilder - main project[sample_test]'s message server codec file[PublicKeyReq][D:\gitsinnori\sinnori\project\sample_test\client_build\web_build\src\main\java\kr\pe\sinnori\impl\message] creation task start
06:35:50.205 [main] INFO  k.p.s.c.buildsystem.ProjectBuilder - main project[sample_test]'s message server codec file[PublicKeyReq][D:\gitsinnori\sinnori\project\sample_test\client_build\web_build\src\main\java\kr\pe\sinnori\impl\message] creation task end
06:35:50.205 [main] INFO  k.p.s.c.buildsystem.ProjectBuilder - main project[sample_test]'s message client codec file[PublicKeyReq][D:\gitsinnori\sinnori\project\sample_test\client_build\web_build\src\main\java\kr\pe\sinnori\impl\message] creation task start
06:35:50.205 [main] INFO  k.p.s.c.buildsystem.ProjectBuilder - main project[sample_test]'s message client codec file[PublicKeyReq][D:\gitsinnori\sinnori\project\sample_test\client_build\web_build\src\main\java\kr\pe\sinnori\impl\message] creation task end
06:35:50.205 [main] INFO  k.p.s.common.util.CommonStaticUtil - the new child relative direcotry[D:\gitsinnori\sinnori\project\sample_test\client_build\web_build\src\main\java\kr\pe\sinnori\impl\message][PublicKeyRes] was created successfully
06:35:50.205 [main] INFO  k.p.s.c.buildsystem.ProjectBuilder - main project[sample_test]'s message file[PublicKeyRes][D:\gitsinnori\sinnori\project\sample_test\client_build\web_build\src\main\java\kr\pe\sinnori\impl\message] creation task start
06:35:50.205 [main] INFO  k.p.s.c.buildsystem.ProjectBuilder - main project[sample_test]'s message file[PublicKeyRes][D:\gitsinnori\sinnori\project\sample_test\client_build\web_build\src\main\java\kr\pe\sinnori\impl\message] creation task end
06:35:50.205 [main] INFO  k.p.s.c.buildsystem.ProjectBuilder - main project[sample_test]'s message decoder file[PublicKeyRes][D:\gitsinnori\sinnori\project\sample_test\client_build\web_build\src\main\java\kr\pe\sinnori\impl\message] creation task start
06:35:50.220 [main] INFO  k.p.s.c.buildsystem.ProjectBuilder - main project[sample_test]'s message decoder file[PublicKeyRes][D:\gitsinnori\sinnori\project\sample_test\client_build\web_build\src\main\java\kr\pe\sinnori\impl\message] creation task end
06:35:50.220 [main] INFO  k.p.s.c.buildsystem.ProjectBuilder - main project[sample_test]'s message encoder file[PublicKeyRes][D:\gitsinnori\sinnori\project\sample_test\client_build\web_build\src\main\java\kr\pe\sinnori\impl\message] creation task start
06:35:50.220 [main] INFO  k.p.s.c.buildsystem.ProjectBuilder - main project[sample_test]'s message encoder file[PublicKeyRes][D:\gitsinnori\sinnori\project\sample_test\client_build\web_build\src\main\java\kr\pe\sinnori\impl\message] creation task end
06:35:50.220 [main] INFO  k.p.s.c.buildsystem.ProjectBuilder - main project[sample_test]'s message server codec file[PublicKeyRes][D:\gitsinnori\sinnori\project\sample_test\client_build\web_build\src\main\java\kr\pe\sinnori\impl\message] creation task start
06:35:50.220 [main] INFO  k.p.s.c.buildsystem.ProjectBuilder - main project[sample_test]'s message server codec file[PublicKeyRes][D:\gitsinnori\sinnori\project\sample_test\client_build\web_build\src\main\java\kr\pe\sinnori\impl\message] creation task end
06:35:50.220 [main] INFO  k.p.s.c.buildsystem.ProjectBuilder - main project[sample_test]'s message client codec file[PublicKeyRes][D:\gitsinnori\sinnori\project\sample_test\client_build\web_build\src\main\java\kr\pe\sinnori\impl\message] creation task start
06:35:50.220 [main] INFO  k.p.s.c.buildsystem.ProjectBuilder - main project[sample_test]'s message client codec file[PublicKeyRes][D:\gitsinnori\sinnori\project\sample_test\client_build\web_build\src\main\java\kr\pe\sinnori\impl\message] creation task end
06:35:50.220 [main] INFO  k.p.s.c.buildsystem.ProjectBuilder - main project[sample_test]'s web client message io file set creation task end
06:35:50.220 [main] INFO  k.p.s.c.buildsystem.ProjectBuilder - mainproject[sample_test]'s web client sample source files copy task start
06:35:50.283 [main] INFO  k.p.s.c.buildsystem.ProjectBuilder - mainproject[sample_test]'s web client sample source files copy task end
06:35:50.283 [main] INFO  k.p.s.c.buildsystem.ProjectBuilder - main project[sample_test]'s web client build system files creation task end
06:35:50.283 [main] INFO  k.p.s.c.buildsystem.ProjectBuilder - main project[sample_test]'s web root sample files creation task start
06:35:50.283 [main] INFO  k.p.s.c.buildsystem.ProjectBuilder - main project[sample_test]'s web root sample files copy task start
06:35:50.283 [main] INFO  k.p.s.c.buildsystem.ProjectBuilder - main project[sample_test]'s web root sample files copy task end
06:35:50.283 [main] INFO  k.p.s.c.buildsystem.ProjectBuilder - main project[sample_test]'s web root sample files creation task end
06:35:50.283 [main] INFO  k.p.s.c.buildsystem.ProjectBuilder - main project[sample_test]'s file creation task end
06:35:50.314 [main] INFO  k.p.s.c.config.SinnoriConfiguration - item key[sessionkey.rsa.publickey.file.value]'s value is null because its status is inactive
06:35:50.314 [main] INFO  k.p.s.c.config.SinnoriConfiguration - item key[sessionkey.rsa.privatekey.file.value]'s value is null because its status is inactive
06:35:50.314 [main] INFO  k.p.s.c.buildsystem.ProjectBuilder - main project[sample_test] changeProjectState method start
06:35:50.314 [main] INFO  k.p.s.c.buildsystem.ProjectBuilder - the server ant build.xml file[D:\gitsinnori\sinnori\project\sample_test\server_build\build.xml] is bad :: whetherExist[false] isFile[false]
06:35:50.314 [main] WARN  k.p.s.c.buildsystem.ProjectBuilder - the server buid.xml file[D:\gitsinnori\sinnori\project\sample_test\server_build\build.xml] is bad beacse it doesn't exist or is not a file, so skip deletion of server build system
06:35:50.314 [main] INFO  k.p.s.c.buildsystem.ProjectBuilder - mainproject[sample_test]'s application client build path deletion task start
06:35:50.330 [main] INFO  k.p.s.c.buildsystem.ProjectBuilder - mainproject[sample_test]'s application client build path deletion task end
06:35:50.330 [main] INFO  k.p.s.c.buildsystem.ProjectBuilder - main project[sample_test]'s web client ant properties file modification task start
06:35:50.330 [main] INFO  k.p.s.c.buildsystem.ProjectBuilder - main project[sample_test]'s web client ant properties file modification task end
06:35:50.330 [main] WARN  k.p.s.c.buildsystem.ProjectBuilder - the web client build path[D:\gitsinnori\sinnori\project\sample_test\client_build\web_build] exists, so only the web client's ant properties including servlet system library path  was updated for new servletSystemLibraryPathString[D:\apache-tomcat-8.5.15\lib]
06:35:50.330 [main] WARN  k.p.s.c.buildsystem.ProjectBuilder - the web root path[D:\gitsinnori\sinnori\project\sample_test\web_app_base\ROOT] exists, so skip creation of web root
06:35:50.330 [main] INFO  k.p.s.c.buildsystem.ProjectBuilder - main project[sample_test]'s config file overwrite task start
06:35:50.345 [main] INFO  k.p.s.c.buildsystem.ProjectBuilder - main project[sample_test]'s config file overwrite task end
06:35:50.345 [main] INFO  k.p.s.c.buildsystem.ProjectBuilder - main project[sample_test] changeProjectState method end
06:35:50.345 [main] INFO  k.p.s.c.buildsystem.ProjectBuilder - the server ant build.xml file[D:\gitsinnori\sinnori\project\sample_test\server_build\build.xml] is bad :: whetherExist[false] isFile[false]
06:35:50.345 [main] INFO  k.p.s.c.buildsystem.ProjectBuilder - the app client ant build.xml file[D:\gitsinnori\sinnori\project\sample_test\client_build\app_build\build.xml] is bad :: whetherExist[false] isFile[false]
06:35:50.345 [main] INFO  k.p.s.c.buildsystem.ProjectBuilder - main project[sample_test] changeProjectState method start
06:35:50.345 [main] INFO  k.p.s.c.buildsystem.ProjectBuilder - the server ant build.xml file[D:\gitsinnori\sinnori\project\sample_test\server_build\build.xml] is bad :: whetherExist[false] isFile[false]
06:35:50.345 [main] WARN  k.p.s.c.buildsystem.ProjectBuilder - the server buid.xml file[D:\gitsinnori\sinnori\project\sample_test\server_build\build.xml] is bad beacse it doesn't exist or is not a file, so skip deletion of server build system
06:35:50.345 [main] INFO  k.p.s.c.buildsystem.ProjectBuilder - main project[sample_test]'s application build child direcotry creation task start
06:35:50.345 [main] INFO  k.p.s.common.util.CommonStaticUtil - the new child relative direcotry[D:\gitsinnori\sinnori\project\sample_test][client_build/app_build/corelib/ex] was created successfully
06:35:50.345 [main] INFO  k.p.s.common.util.CommonStaticUtil - the new child relative direcotry[D:\gitsinnori\sinnori\project\sample_test][client_build/app_build/corelib/in] was created successfully
06:35:50.345 [main] INFO  k.p.s.common.util.CommonStaticUtil - the new child relative direcotry[D:\gitsinnori\sinnori\project\sample_test][client_build/app_build/lib/main/ex] was created successfully
06:35:50.345 [main] INFO  k.p.s.common.util.CommonStaticUtil - the new child relative direcotry[D:\gitsinnori\sinnori\project\sample_test][client_build/app_build/lib/main/in] was created successfully
06:35:50.345 [main] INFO  k.p.s.common.util.CommonStaticUtil - the new child relative direcotry[D:\gitsinnori\sinnori\project\sample_test][client_build/app_build/lib/test] was created successfully
06:35:50.345 [main] INFO  k.p.s.common.util.CommonStaticUtil - the new child relative direcotry[D:\gitsinnori\sinnori\project\sample_test][client_build/app_build/src/main/java/kr/pe/sinnori/impl/message] was created successfully
06:35:50.345 [main] INFO  k.p.s.common.util.CommonStaticUtil - the new child relative direcotry[D:\gitsinnori\sinnori\project\sample_test][client_build/app_build/src/main/java/main] was created successfully
06:35:50.345 [main] INFO  k.p.s.common.util.CommonStaticUtil - the new child relative direcotry[D:\gitsinnori\sinnori\project\sample_test][client_build/app_build/src/test/java] was created successfully
06:35:50.345 [main] INFO  k.p.s.common.util.CommonStaticUtil - the new child relative direcotry[D:\gitsinnori\sinnori\project\sample_test][client_build/app_build/build] was created successfully
06:35:50.439 [main] INFO  k.p.s.common.util.CommonStaticUtil - the new child relative direcotry[D:\gitsinnori\sinnori\project\sample_test][client_build/app_build/dist] was created successfully
06:35:50.439 [main] INFO  k.p.s.c.buildsystem.ProjectBuilder - main project[sample_test]'s application build child direcotry creation task end
06:35:50.439 [main] INFO  k.p.s.c.buildsystem.ProjectBuilder - mainproject[sample_test]'s application client build system files creation task start
06:35:50.439 [main] INFO  k.p.s.c.buildsystem.ProjectBuilder - main project[sample_test]'s application client ant build.xml file creation task start
06:35:50.439 [main] INFO  k.p.s.c.buildsystem.ProjectBuilder - main project[sample_test]'s application client ant build.xml file creation task end
06:35:50.439 [main] INFO  k.p.s.c.buildsystem.ProjectBuilder - main project[sample_test]'s application client dos shell file creation task start
06:35:50.439 [main] INFO  k.p.s.c.buildsystem.ProjectBuilder - main project[sample_test]'s application client dos shell file creation task end
06:35:50.439 [main] INFO  k.p.s.c.buildsystem.ProjectBuilder - main project[sample_test]'s application client unix shell file creation task start
06:35:50.439 [main] INFO  k.p.s.c.buildsystem.ProjectBuilder - main project[sample_test]'s application client unix shell file creation task end
06:35:50.439 [main] INFO  k.p.s.c.buildsystem.ProjectBuilder - application client sample source files copy task start
06:35:50.455 [main] INFO  k.p.s.c.buildsystem.ProjectBuilder - application client sample source files copy task end
06:35:50.455 [main] INFO  k.p.s.c.buildsystem.ProjectBuilder - main project[sample_test]'s application client message io file set creation task start
06:35:50.845 [main] INFO  k.p.s.common.util.CommonStaticUtil - the new child relative direcotry[D:\gitsinnori\sinnori\project\sample_test\client_build\app_build\src\main\java\kr\pe\sinnori\impl\message][Echo] was created successfully
06:35:50.845 [main] INFO  k.p.s.c.buildsystem.ProjectBuilder - main project[sample_test]'s message file[Echo][D:\gitsinnori\sinnori\project\sample_test\client_build\app_build\src\main\java\kr\pe\sinnori\impl\message] creation task start
06:35:50.845 [main] INFO  k.p.s.c.buildsystem.ProjectBuilder - main project[sample_test]'s message file[Echo][D:\gitsinnori\sinnori\project\sample_test\client_build\app_build\src\main\java\kr\pe\sinnori\impl\message] creation task end
06:35:50.845 [main] INFO  k.p.s.c.buildsystem.ProjectBuilder - main project[sample_test]'s message decoder file[Echo][D:\gitsinnori\sinnori\project\sample_test\client_build\app_build\src\main\java\kr\pe\sinnori\impl\message] creation task start
06:35:50.861 [main] INFO  k.p.s.c.buildsystem.ProjectBuilder - main project[sample_test]'s message decoder file[Echo][D:\gitsinnori\sinnori\project\sample_test\client_build\app_build\src\main\java\kr\pe\sinnori\impl\message] creation task end
06:35:50.861 [main] INFO  k.p.s.c.buildsystem.ProjectBuilder - main project[sample_test]'s message encoder file[Echo][D:\gitsinnori\sinnori\project\sample_test\client_build\app_build\src\main\java\kr\pe\sinnori\impl\message] creation task start
06:35:50.861 [main] INFO  k.p.s.c.buildsystem.ProjectBuilder - main project[sample_test]'s message encoder file[Echo][D:\gitsinnori\sinnori\project\sample_test\client_build\app_build\src\main\java\kr\pe\sinnori\impl\message] creation task end
06:35:50.861 [main] INFO  k.p.s.c.buildsystem.ProjectBuilder - main project[sample_test]'s message server codec file[Echo][D:\gitsinnori\sinnori\project\sample_test\client_build\app_build\src\main\java\kr\pe\sinnori\impl\message] creation task start
06:35:50.877 [main] INFO  k.p.s.c.buildsystem.ProjectBuilder - main project[sample_test]'s message server codec file[Echo][D:\gitsinnori\sinnori\project\sample_test\client_build\app_build\src\main\java\kr\pe\sinnori\impl\message] creation task end
06:35:50.877 [main] INFO  k.p.s.c.buildsystem.ProjectBuilder - main project[sample_test]'s message client codec file[Echo][D:\gitsinnori\sinnori\project\sample_test\client_build\app_build\src\main\java\kr\pe\sinnori\impl\message] creation task start
06:35:50.877 [main] INFO  k.p.s.c.buildsystem.ProjectBuilder - main project[sample_test]'s message client codec file[Echo][D:\gitsinnori\sinnori\project\sample_test\client_build\app_build\src\main\java\kr\pe\sinnori\impl\message] creation task end
06:35:50.877 [main] INFO  k.p.s.common.util.CommonStaticUtil - the new child relative direcotry[D:\gitsinnori\sinnori\project\sample_test\client_build\app_build\src\main\java\kr\pe\sinnori\impl\message][PublicKeyReq] was created successfully
06:35:50.877 [main] INFO  k.p.s.c.buildsystem.ProjectBuilder - main project[sample_test]'s message file[PublicKeyReq][D:\gitsinnori\sinnori\project\sample_test\client_build\app_build\src\main\java\kr\pe\sinnori\impl\message] creation task start
06:35:50.892 [main] INFO  k.p.s.c.buildsystem.ProjectBuilder - main project[sample_test]'s message file[PublicKeyReq][D:\gitsinnori\sinnori\project\sample_test\client_build\app_build\src\main\java\kr\pe\sinnori\impl\message] creation task end
06:35:50.892 [main] INFO  k.p.s.c.buildsystem.ProjectBuilder - main project[sample_test]'s message decoder file[PublicKeyReq][D:\gitsinnori\sinnori\project\sample_test\client_build\app_build\src\main\java\kr\pe\sinnori\impl\message] creation task start
06:35:50.892 [main] INFO  k.p.s.c.buildsystem.ProjectBuilder - main project[sample_test]'s message decoder file[PublicKeyReq][D:\gitsinnori\sinnori\project\sample_test\client_build\app_build\src\main\java\kr\pe\sinnori\impl\message] creation task end
06:35:50.892 [main] INFO  k.p.s.c.buildsystem.ProjectBuilder - main project[sample_test]'s message encoder file[PublicKeyReq][D:\gitsinnori\sinnori\project\sample_test\client_build\app_build\src\main\java\kr\pe\sinnori\impl\message] creation task start
06:35:50.908 [main] INFO  k.p.s.c.buildsystem.ProjectBuilder - main project[sample_test]'s message encoder file[PublicKeyReq][D:\gitsinnori\sinnori\project\sample_test\client_build\app_build\src\main\java\kr\pe\sinnori\impl\message] creation task end
06:35:50.908 [main] INFO  k.p.s.c.buildsystem.ProjectBuilder - main project[sample_test]'s message server codec file[PublicKeyReq][D:\gitsinnori\sinnori\project\sample_test\client_build\app_build\src\main\java\kr\pe\sinnori\impl\message] creation task start
06:35:50.908 [main] INFO  k.p.s.c.buildsystem.ProjectBuilder - main project[sample_test]'s message server codec file[PublicKeyReq][D:\gitsinnori\sinnori\project\sample_test\client_build\app_build\src\main\java\kr\pe\sinnori\impl\message] creation task end
06:35:50.908 [main] INFO  k.p.s.c.buildsystem.ProjectBuilder - main project[sample_test]'s message client codec file[PublicKeyReq][D:\gitsinnori\sinnori\project\sample_test\client_build\app_build\src\main\java\kr\pe\sinnori\impl\message] creation task start
06:35:50.908 [main] INFO  k.p.s.c.buildsystem.ProjectBuilder - main project[sample_test]'s message client codec file[PublicKeyReq][D:\gitsinnori\sinnori\project\sample_test\client_build\app_build\src\main\java\kr\pe\sinnori\impl\message] creation task end
06:35:50.908 [main] INFO  k.p.s.common.util.CommonStaticUtil - the new child relative direcotry[D:\gitsinnori\sinnori\project\sample_test\client_build\app_build\src\main\java\kr\pe\sinnori\impl\message][PublicKeyRes] was created successfully
06:35:50.908 [main] INFO  k.p.s.c.buildsystem.ProjectBuilder - main project[sample_test]'s message file[PublicKeyRes][D:\gitsinnori\sinnori\project\sample_test\client_build\app_build\src\main\java\kr\pe\sinnori\impl\message] creation task start
06:35:50.908 [main] INFO  k.p.s.c.buildsystem.ProjectBuilder - main project[sample_test]'s message file[PublicKeyRes][D:\gitsinnori\sinnori\project\sample_test\client_build\app_build\src\main\java\kr\pe\sinnori\impl\message] creation task end
06:35:50.908 [main] INFO  k.p.s.c.buildsystem.ProjectBuilder - main project[sample_test]'s message decoder file[PublicKeyRes][D:\gitsinnori\sinnori\project\sample_test\client_build\app_build\src\main\java\kr\pe\sinnori\impl\message] creation task start
06:35:50.923 [main] INFO  k.p.s.c.buildsystem.ProjectBuilder - main project[sample_test]'s message decoder file[PublicKeyRes][D:\gitsinnori\sinnori\project\sample_test\client_build\app_build\src\main\java\kr\pe\sinnori\impl\message] creation task end
06:35:50.923 [main] INFO  k.p.s.c.buildsystem.ProjectBuilder - main project[sample_test]'s message encoder file[PublicKeyRes][D:\gitsinnori\sinnori\project\sample_test\client_build\app_build\src\main\java\kr\pe\sinnori\impl\message] creation task start
06:35:50.923 [main] INFO  k.p.s.c.buildsystem.ProjectBuilder - main project[sample_test]'s message encoder file[PublicKeyRes][D:\gitsinnori\sinnori\project\sample_test\client_build\app_build\src\main\java\kr\pe\sinnori\impl\message] creation task end
06:35:50.923 [main] INFO  k.p.s.c.buildsystem.ProjectBuilder - main project[sample_test]'s message server codec file[PublicKeyRes][D:\gitsinnori\sinnori\project\sample_test\client_build\app_build\src\main\java\kr\pe\sinnori\impl\message] creation task start
06:35:50.923 [main] INFO  k.p.s.c.buildsystem.ProjectBuilder - main project[sample_test]'s message server codec file[PublicKeyRes][D:\gitsinnori\sinnori\project\sample_test\client_build\app_build\src\main\java\kr\pe\sinnori\impl\message] creation task end
06:35:50.923 [main] INFO  k.p.s.c.buildsystem.ProjectBuilder - main project[sample_test]'s message client codec file[PublicKeyRes][D:\gitsinnori\sinnori\project\sample_test\client_build\app_build\src\main\java\kr\pe\sinnori\impl\message] creation task start
06:35:50.923 [main] INFO  k.p.s.c.buildsystem.ProjectBuilder - main project[sample_test]'s message client codec file[PublicKeyRes][D:\gitsinnori\sinnori\project\sample_test\client_build\app_build\src\main\java\kr\pe\sinnori\impl\message] creation task end
06:35:50.923 [main] INFO  k.p.s.c.buildsystem.ProjectBuilder - main project[sample_test]'s application client message io file set creation task end
06:35:50.923 [main] INFO  k.p.s.c.buildsystem.ProjectBuilder - mainproject[sample_test]'s application client build system files creation task end
06:35:50.923 [main] INFO  k.p.s.c.buildsystem.ProjectBuilder - main project[sample_test]'s web client build path deletion task start
06:35:50.939 [main] INFO  k.p.s.c.buildsystem.ProjectBuilder - main project[sample_test]'s web client build path deletion task end
06:35:50.939 [main] INFO  k.p.s.c.buildsystem.ProjectBuilder - main project[sample_test]'s web root path deletion task start
06:35:50.939 [main] INFO  k.p.s.c.buildsystem.ProjectBuilder - main project[sample_test]'s web root path deletion task end
06:35:50.939 [main] INFO  k.p.s.c.buildsystem.ProjectBuilder - main project[sample_test]'s config file overwrite task start
06:35:50.939 [main] INFO  k.p.s.c.buildsystem.ProjectBuilder - main project[sample_test]'s config file overwrite task end
06:35:50.939 [main] INFO  k.p.s.c.buildsystem.ProjectBuilder - main project[sample_test] changeProjectState method end
06:35:50.939 [main] INFO  k.p.s.c.buildsystem.ProjectBuilder - the server ant build.xml file[D:\gitsinnori\sinnori\project\sample_test\server_build\build.xml] is bad :: whetherExist[false] isFile[false]
06:35:50.939 [main] INFO  k.p.s.c.buildsystem.ProjectBuilder - the web client ant build.xml file[D:\gitsinnori\sinnori\project\sample_test\client_build\web_build\build.xml] is bad :: whetherExist[false] isFile[false]
06:35:50.939 [main] INFO  k.p.s.c.buildsystem.ProjectBuilder - the web.xml file[D:\gitsinnori\sinnori\project\sample_test\web_app_base\ROOT\WEB-INF\web.xml] located at web root directory is bad :: whetherExist[false] isFile[false]
06:35:50.939 [main] INFO  k.p.s.c.buildsystem.ProjectBuilder - main project[sample_test] changeProjectState method start
06:35:50.939 [main] INFO  k.p.s.c.buildsystem.ProjectBuilder - the server ant build.xml file[D:\gitsinnori\sinnori\project\sample_test\server_build\build.xml] is bad :: whetherExist[false] isFile[false]
06:35:50.939 [main] WARN  k.p.s.c.buildsystem.ProjectBuilder - the server buid.xml file[D:\gitsinnori\sinnori\project\sample_test\server_build\build.xml] is bad beacse it doesn't exist or is not a file, so skip deletion of server build system
06:35:51.033 [main] WARN  k.p.s.c.buildsystem.ProjectBuilder - the app client build path[D:\gitsinnori\sinnori\project\sample_test\client_build\app_build] exist, so skip creation of app client build system
06:35:51.033 [main] INFO  k.p.s.c.buildsystem.ProjectBuilder - main project[sample_test]'s web build child direcotry creation task start
06:35:51.033 [main] INFO  k.p.s.common.util.CommonStaticUtil - the new child relative direcotry[D:\gitsinnori\sinnori\project\sample_test][client_build/web_build/corelib/ex] was created successfully
06:35:51.033 [main] INFO  k.p.s.common.util.CommonStaticUtil - the new child relative direcotry[D:\gitsinnori\sinnori\project\sample_test][client_build/web_build/corelib/in] was created successfully
06:35:51.033 [main] INFO  k.p.s.common.util.CommonStaticUtil - the new child relative direcotry[D:\gitsinnori\sinnori\project\sample_test][client_build/web_build/lib/main/ex] was created successfully
06:35:51.033 [main] INFO  k.p.s.common.util.CommonStaticUtil - the new child relative direcotry[D:\gitsinnori\sinnori\project\sample_test][client_build/web_build/lib/main/in] was created successfully
06:35:51.033 [main] INFO  k.p.s.common.util.CommonStaticUtil - the new child relative direcotry[D:\gitsinnori\sinnori\project\sample_test][client_build/web_build/lib/test] was created successfully
06:35:51.048 [main] INFO  k.p.s.common.util.CommonStaticUtil - the new child relative direcotry[D:\gitsinnori\sinnori\project\sample_test][client_build/web_build/src/main/java/kr/pe/sinnori/impl/message] was created successfully
06:35:51.048 [main] INFO  k.p.s.common.util.CommonStaticUtil - the new child relative direcotry[D:\gitsinnori\sinnori\project\sample_test][client_build/web_build/src/main/java//kr/pe/sinnori/servlet] was created successfully
06:35:51.048 [main] INFO  k.p.s.common.util.CommonStaticUtil - the new child relative direcotry[D:\gitsinnori\sinnori\project\sample_test][client_build/web_build/src/main/java/kr/pe/sinnori/weblib/common] was created successfully
06:35:51.048 [main] INFO  k.p.s.common.util.CommonStaticUtil - the new child relative direcotry[D:\gitsinnori\sinnori\project\sample_test][client_build/web_build/src/main/java/kr/pe/sinnori/weblib/htmlstring] was created successfully
06:35:51.048 [main] INFO  k.p.s.common.util.CommonStaticUtil - the new child relative direcotry[D:\gitsinnori\sinnori\project\sample_test][client_build/web_build/src/main/java/kr/pe/sinnori/weblib/jdf] was created successfully
06:35:51.048 [main] INFO  k.p.s.common.util.CommonStaticUtil - the new child relative direcotry[D:\gitsinnori\sinnori\project\sample_test][client_build/web_build/src/test/java] was created successfully
06:35:51.048 [main] INFO  k.p.s.common.util.CommonStaticUtil - the new child relative direcotry[D:\gitsinnori\sinnori\project\sample_test][client_build/web_build/build] was created successfully
06:35:51.048 [main] INFO  k.p.s.common.util.CommonStaticUtil - the new child relative direcotry[D:\gitsinnori\sinnori\project\sample_test][client_build/web_build/dist] was created successfully
06:35:51.048 [main] INFO  k.p.s.c.buildsystem.ProjectBuilder - main project[sample_test]'s web build child direcotry creation task end
06:35:51.048 [main] INFO  k.p.s.c.buildsystem.ProjectBuilder - main project[sample_test]'s web client build system files creation task start
06:35:51.048 [main] INFO  k.p.s.c.buildsystem.ProjectBuilder - main project[sample_test]'s web client ant build.xml file creation task start
06:35:51.064 [main] INFO  k.p.s.c.buildsystem.ProjectBuilder - main project[sample_test]'s web client ant build.xml file creation task end
06:35:51.064 [main] INFO  k.p.s.c.buildsystem.ProjectBuilder - main project[sample_test]'s web client ant properties file creation task start
06:35:51.064 [main] INFO  k.p.s.c.util.SequencedPropertiesUtil - the sequenced properties file[D:\gitsinnori\sinnori\project\sample_test\client_build\web_build\webAnt.properties] was created
06:35:51.064 [main] INFO  k.p.s.c.buildsystem.ProjectBuilder - main project[sample_test]'s web client ant properties file creation task end
06:35:51.064 [main] INFO  k.p.s.c.buildsystem.ProjectBuilder - main project[sample_test]'s web client message io file set creation task start
06:35:51.064 [main] INFO  k.p.s.common.util.CommonStaticUtil - the new child relative direcotry[D:\gitsinnori\sinnori\project\sample_test\client_build\web_build\src\main\java\kr\pe\sinnori\impl\message][Echo] was created successfully
06:35:51.064 [main] INFO  k.p.s.c.buildsystem.ProjectBuilder - main project[sample_test]'s message file[Echo][D:\gitsinnori\sinnori\project\sample_test\client_build\web_build\src\main\java\kr\pe\sinnori\impl\message] creation task start
06:35:51.064 [main] INFO  k.p.s.c.buildsystem.ProjectBuilder - main project[sample_test]'s message file[Echo][D:\gitsinnori\sinnori\project\sample_test\client_build\web_build\src\main\java\kr\pe\sinnori\impl\message] creation task end
06:35:51.064 [main] INFO  k.p.s.c.buildsystem.ProjectBuilder - main project[sample_test]'s message decoder file[Echo][D:\gitsinnori\sinnori\project\sample_test\client_build\web_build\src\main\java\kr\pe\sinnori\impl\message] creation task start
06:35:51.080 [main] INFO  k.p.s.c.buildsystem.ProjectBuilder - main project[sample_test]'s message decoder file[Echo][D:\gitsinnori\sinnori\project\sample_test\client_build\web_build\src\main\java\kr\pe\sinnori\impl\message] creation task end
06:35:51.080 [main] INFO  k.p.s.c.buildsystem.ProjectBuilder - main project[sample_test]'s message encoder file[Echo][D:\gitsinnori\sinnori\project\sample_test\client_build\web_build\src\main\java\kr\pe\sinnori\impl\message] creation task start
06:35:51.080 [main] INFO  k.p.s.c.buildsystem.ProjectBuilder - main project[sample_test]'s message encoder file[Echo][D:\gitsinnori\sinnori\project\sample_test\client_build\web_build\src\main\java\kr\pe\sinnori\impl\message] creation task end
06:35:51.080 [main] INFO  k.p.s.c.buildsystem.ProjectBuilder - main project[sample_test]'s message server codec file[Echo][D:\gitsinnori\sinnori\project\sample_test\client_build\web_build\src\main\java\kr\pe\sinnori\impl\message] creation task start
06:35:51.080 [main] INFO  k.p.s.c.buildsystem.ProjectBuilder - main project[sample_test]'s message server codec file[Echo][D:\gitsinnori\sinnori\project\sample_test\client_build\web_build\src\main\java\kr\pe\sinnori\impl\message] creation task end
06:35:51.080 [main] INFO  k.p.s.c.buildsystem.ProjectBuilder - main project[sample_test]'s message client codec file[Echo][D:\gitsinnori\sinnori\project\sample_test\client_build\web_build\src\main\java\kr\pe\sinnori\impl\message] creation task start
06:35:51.080 [main] INFO  k.p.s.c.buildsystem.ProjectBuilder - main project[sample_test]'s message client codec file[Echo][D:\gitsinnori\sinnori\project\sample_test\client_build\web_build\src\main\java\kr\pe\sinnori\impl\message] creation task end
06:35:51.080 [main] INFO  k.p.s.common.util.CommonStaticUtil - the new child relative direcotry[D:\gitsinnori\sinnori\project\sample_test\client_build\web_build\src\main\java\kr\pe\sinnori\impl\message][PublicKeyReq] was created successfully
06:35:51.080 [main] INFO  k.p.s.c.buildsystem.ProjectBuilder - main project[sample_test]'s message file[PublicKeyReq][D:\gitsinnori\sinnori\project\sample_test\client_build\web_build\src\main\java\kr\pe\sinnori\impl\message] creation task start
06:35:51.095 [main] INFO  k.p.s.c.buildsystem.ProjectBuilder - main project[sample_test]'s message file[PublicKeyReq][D:\gitsinnori\sinnori\project\sample_test\client_build\web_build\src\main\java\kr\pe\sinnori\impl\message] creation task end
06:35:51.095 [main] INFO  k.p.s.c.buildsystem.ProjectBuilder - main project[sample_test]'s message decoder file[PublicKeyReq][D:\gitsinnori\sinnori\project\sample_test\client_build\web_build\src\main\java\kr\pe\sinnori\impl\message] creation task start
06:35:51.095 [main] INFO  k.p.s.c.buildsystem.ProjectBuilder - main project[sample_test]'s message decoder file[PublicKeyReq][D:\gitsinnori\sinnori\project\sample_test\client_build\web_build\src\main\java\kr\pe\sinnori\impl\message] creation task end
06:35:51.095 [main] INFO  k.p.s.c.buildsystem.ProjectBuilder - main project[sample_test]'s message encoder file[PublicKeyReq][D:\gitsinnori\sinnori\project\sample_test\client_build\web_build\src\main\java\kr\pe\sinnori\impl\message] creation task start
06:35:51.095 [main] INFO  k.p.s.c.buildsystem.ProjectBuilder - main project[sample_test]'s message encoder file[PublicKeyReq][D:\gitsinnori\sinnori\project\sample_test\client_build\web_build\src\main\java\kr\pe\sinnori\impl\message] creation task end
06:35:51.095 [main] INFO  k.p.s.c.buildsystem.ProjectBuilder - main project[sample_test]'s message server codec file[PublicKeyReq][D:\gitsinnori\sinnori\project\sample_test\client_build\web_build\src\main\java\kr\pe\sinnori\impl\message] creation task start
06:35:51.095 [main] INFO  k.p.s.c.buildsystem.ProjectBuilder - main project[sample_test]'s message server codec file[PublicKeyReq][D:\gitsinnori\sinnori\project\sample_test\client_build\web_build\src\main\java\kr\pe\sinnori\impl\message] creation task end
06:35:51.095 [main] INFO  k.p.s.c.buildsystem.ProjectBuilder - main project[sample_test]'s message client codec file[PublicKeyReq][D:\gitsinnori\sinnori\project\sample_test\client_build\web_build\src\main\java\kr\pe\sinnori\impl\message] creation task start
06:35:51.095 [main] INFO  k.p.s.c.buildsystem.ProjectBuilder - main project[sample_test]'s message client codec file[PublicKeyReq][D:\gitsinnori\sinnori\project\sample_test\client_build\web_build\src\main\java\kr\pe\sinnori\impl\message] creation task end
06:35:51.095 [main] INFO  k.p.s.common.util.CommonStaticUtil - the new child relative direcotry[D:\gitsinnori\sinnori\project\sample_test\client_build\web_build\src\main\java\kr\pe\sinnori\impl\message][PublicKeyRes] was created successfully
06:35:51.181 [main] INFO  k.p.s.c.buildsystem.ProjectBuilder - main project[sample_test]'s message file[PublicKeyRes][D:\gitsinnori\sinnori\project\sample_test\client_build\web_build\src\main\java\kr\pe\sinnori\impl\message] creation task start
06:35:51.181 [main] INFO  k.p.s.c.buildsystem.ProjectBuilder - main project[sample_test]'s message file[PublicKeyRes][D:\gitsinnori\sinnori\project\sample_test\client_build\web_build\src\main\java\kr\pe\sinnori\impl\message] creation task end
06:35:51.181 [main] INFO  k.p.s.c.buildsystem.ProjectBuilder - main project[sample_test]'s message decoder file[PublicKeyRes][D:\gitsinnori\sinnori\project\sample_test\client_build\web_build\src\main\java\kr\pe\sinnori\impl\message] creation task start
06:35:51.181 [main] INFO  k.p.s.c.buildsystem.ProjectBuilder - main project[sample_test]'s message decoder file[PublicKeyRes][D:\gitsinnori\sinnori\project\sample_test\client_build\web_build\src\main\java\kr\pe\sinnori\impl\message] creation task end
06:35:51.181 [main] INFO  k.p.s.c.buildsystem.ProjectBuilder - main project[sample_test]'s message encoder file[PublicKeyRes][D:\gitsinnori\sinnori\project\sample_test\client_build\web_build\src\main\java\kr\pe\sinnori\impl\message] creation task start
06:35:51.181 [main] INFO  k.p.s.c.buildsystem.ProjectBuilder - main project[sample_test]'s message encoder file[PublicKeyRes][D:\gitsinnori\sinnori\project\sample_test\client_build\web_build\src\main\java\kr\pe\sinnori\impl\message] creation task end
06:35:51.181 [main] INFO  k.p.s.c.buildsystem.ProjectBuilder - main project[sample_test]'s message server codec file[PublicKeyRes][D:\gitsinnori\sinnori\project\sample_test\client_build\web_build\src\main\java\kr\pe\sinnori\impl\message] creation task start
06:35:51.197 [main] INFO  k.p.s.c.buildsystem.ProjectBuilder - main project[sample_test]'s message server codec file[PublicKeyRes][D:\gitsinnori\sinnori\project\sample_test\client_build\web_build\src\main\java\kr\pe\sinnori\impl\message] creation task end
06:35:51.197 [main] INFO  k.p.s.c.buildsystem.ProjectBuilder - main project[sample_test]'s message client codec file[PublicKeyRes][D:\gitsinnori\sinnori\project\sample_test\client_build\web_build\src\main\java\kr\pe\sinnori\impl\message] creation task start
06:35:51.197 [main] INFO  k.p.s.c.buildsystem.ProjectBuilder - main project[sample_test]'s message client codec file[PublicKeyRes][D:\gitsinnori\sinnori\project\sample_test\client_build\web_build\src\main\java\kr\pe\sinnori\impl\message] creation task end
06:35:51.197 [main] INFO  k.p.s.c.buildsystem.ProjectBuilder - main project[sample_test]'s web client message io file set creation task end
06:35:51.197 [main] INFO  k.p.s.c.buildsystem.ProjectBuilder - mainproject[sample_test]'s web client sample source files copy task start
06:35:51.259 [main] INFO  k.p.s.c.buildsystem.ProjectBuilder - mainproject[sample_test]'s web client sample source files copy task end
06:35:51.259 [main] INFO  k.p.s.c.buildsystem.ProjectBuilder - main project[sample_test]'s web client build system files creation task end
06:35:51.259 [main] INFO  k.p.s.c.buildsystem.ProjectBuilder - main project[sample_test]'s web root child direcotry creation task start
06:35:51.259 [main] INFO  k.p.s.common.util.CommonStaticUtil - the child relative direcotry[D:\gitsinnori\sinnori\project\sample_test][web_app_base/upload] exist, so nothing
06:35:51.259 [main] INFO  k.p.s.common.util.CommonStaticUtil - the new child relative direcotry[D:\gitsinnori\sinnori\project\sample_test][web_app_base/ROOT/WEB-INF/classes] was created successfully
06:35:51.259 [main] INFO  k.p.s.common.util.CommonStaticUtil - the new child relative direcotry[D:\gitsinnori\sinnori\project\sample_test][web_app_base/ROOT/WEB-INF/lib] was created successfully
06:35:51.259 [main] INFO  k.p.s.c.buildsystem.ProjectBuilder - main project[sample_test]'s web root child direcotry creation task end
06:35:51.259 [main] INFO  k.p.s.c.buildsystem.ProjectBuilder - main project[sample_test]'s web root sample files creation task start
06:35:51.259 [main] INFO  k.p.s.c.buildsystem.ProjectBuilder - main project[sample_test]'s web root sample files copy task start
06:35:51.259 [main] INFO  k.p.s.c.buildsystem.ProjectBuilder - main project[sample_test]'s web root sample files copy task end
06:35:51.259 [main] INFO  k.p.s.c.buildsystem.ProjectBuilder - main project[sample_test]'s web root sample files creation task end
06:35:51.259 [main] INFO  k.p.s.c.buildsystem.ProjectBuilder - main project[sample_test]'s config file overwrite task start
06:35:51.275 [main] INFO  k.p.s.c.buildsystem.ProjectBuilder - main project[sample_test]'s config file overwrite task end
06:35:51.275 [main] INFO  k.p.s.c.buildsystem.ProjectBuilder - main project[sample_test] changeProjectState method end
06:35:51.275 [main] INFO  k.p.s.c.buildsystem.ProjectBuilder - the server ant build.xml file[D:\gitsinnori\sinnori\project\sample_test\server_build\build.xml] is bad :: whetherExist[false] isFile[false]
06:35:51.275 [main] INFO  k.p.s.c.buildsystem.ProjectBuilder - main project[sample_test] changeProjectState method start
06:35:51.275 [main] INFO  k.p.s.c.buildsystem.ProjectBuilder - main project[sample_test]'s server child direcotry creation task start
06:35:51.275 [main] INFO  k.p.s.common.util.CommonStaticUtil - the new child relative direcotry[D:\gitsinnori\sinnori\project\sample_test][server_build/APP-INF/classes] was created successfully
06:35:51.275 [main] INFO  k.p.s.common.util.CommonStaticUtil - the new child relative direcotry[D:\gitsinnori\sinnori\project\sample_test][server_build/corelib/ex] was created successfully
06:35:51.275 [main] INFO  k.p.s.common.util.CommonStaticUtil - the new child relative direcotry[D:\gitsinnori\sinnori\project\sample_test][server_build/corelib/in] was created successfully
06:35:51.275 [main] INFO  k.p.s.common.util.CommonStaticUtil - the new child relative direcotry[D:\gitsinnori\sinnori\project\sample_test][server_build/lib/main/ex] was created successfully
06:35:51.275 [main] INFO  k.p.s.common.util.CommonStaticUtil - the new child relative direcotry[D:\gitsinnori\sinnori\project\sample_test][server_build/lib/main/in] was created successfully
06:35:51.275 [main] INFO  k.p.s.common.util.CommonStaticUtil - the new child relative direcotry[D:\gitsinnori\sinnori\project\sample_test][server_build/lib/test] was created successfully
06:35:51.275 [main] INFO  k.p.s.common.util.CommonStaticUtil - the new child relative direcotry[D:\gitsinnori\sinnori\project\sample_test][server_build/src/main/java/kr/pe/sinnori/impl/servertask] was created successfully
06:35:51.275 [main] INFO  k.p.s.common.util.CommonStaticUtil - the new child relative direcotry[D:\gitsinnori\sinnori\project\sample_test][server_build/src/main/java/kr/pe/sinnori/impl/message] was created successfully
06:35:51.275 [main] INFO  k.p.s.common.util.CommonStaticUtil - the new child relative direcotry[D:\gitsinnori\sinnori\project\sample_test][server_build/src/main/java/main] was created successfully
06:35:51.306 [main] INFO  k.p.s.common.util.CommonStaticUtil - the new child relative direcotry[D:\gitsinnori\sinnori\project\sample_test][server_build/src/test/java] was created successfully
06:35:51.306 [main] INFO  k.p.s.common.util.CommonStaticUtil - the new child relative direcotry[D:\gitsinnori\sinnori\project\sample_test][server_build/build] was created successfully
06:35:51.306 [main] INFO  k.p.s.common.util.CommonStaticUtil - the new child relative direcotry[D:\gitsinnori\sinnori\project\sample_test][server_build/dist] was created successfully
06:35:51.306 [main] INFO  k.p.s.c.buildsystem.ProjectBuilder - main project[sample_test]'s server child direcotry creation task end
06:35:51.306 [main] INFO  k.p.s.c.buildsystem.ProjectBuilder - server build system files creation task start
06:35:51.306 [main] INFO  k.p.s.c.buildsystem.ProjectBuilder - main project[sample_test]'s server ant build.xml file creation task start
06:35:51.306 [main] INFO  k.p.s.c.buildsystem.ProjectBuilder - main project[sample_test]'s server ant build.xml file creation task end
06:35:51.306 [main] INFO  k.p.s.c.buildsystem.ProjectBuilder - main project[sample_test]'s server dos shell file creation task start
06:35:51.306 [main] INFO  k.p.s.c.buildsystem.ProjectBuilder - main project[sample_test]'s server dos shell file creation task end
06:35:51.306 [main] INFO  k.p.s.c.buildsystem.ProjectBuilder - main project[sample_test]'s server unix shell file creation task start
06:35:51.306 [main] INFO  k.p.s.c.buildsystem.ProjectBuilder - main project[sample_test]'s server unix shell file creation task end
06:35:51.306 [main] INFO  k.p.s.c.buildsystem.ProjectBuilder - server sample source files copy task start
06:35:51.322 [main] INFO  k.p.s.c.buildsystem.ProjectBuilder - server sample source files copy task end
06:35:51.322 [main] INFO  k.p.s.c.buildsystem.ProjectBuilder - main project[sample_test]'s server message io file set creation task start
06:35:51.322 [main] INFO  k.p.s.common.util.CommonStaticUtil - the new child relative direcotry[D:\gitsinnori\sinnori\project\sample_test\server_build\src\main\java\kr\pe\sinnori\impl\message][Echo] was created successfully
06:35:51.322 [main] INFO  k.p.s.c.buildsystem.ProjectBuilder - main project[sample_test]'s message file[Echo][D:\gitsinnori\sinnori\project\sample_test\server_build\src\main\java\kr\pe\sinnori\impl\message] creation task start
06:35:51.322 [main] INFO  k.p.s.c.buildsystem.ProjectBuilder - main project[sample_test]'s message file[Echo][D:\gitsinnori\sinnori\project\sample_test\server_build\src\main\java\kr\pe\sinnori\impl\message] creation task end
06:35:51.322 [main] INFO  k.p.s.c.buildsystem.ProjectBuilder - main project[sample_test]'s message decoder file[Echo][D:\gitsinnori\sinnori\project\sample_test\server_build\src\main\java\kr\pe\sinnori\impl\message] creation task start
06:35:51.322 [main] INFO  k.p.s.c.buildsystem.ProjectBuilder - main project[sample_test]'s message decoder file[Echo][D:\gitsinnori\sinnori\project\sample_test\server_build\src\main\java\kr\pe\sinnori\impl\message] creation task end
06:35:51.322 [main] INFO  k.p.s.c.buildsystem.ProjectBuilder - main project[sample_test]'s message encoder file[Echo][D:\gitsinnori\sinnori\project\sample_test\server_build\src\main\java\kr\pe\sinnori\impl\message] creation task start
06:35:51.322 [main] INFO  k.p.s.c.buildsystem.ProjectBuilder - main project[sample_test]'s message encoder file[Echo][D:\gitsinnori\sinnori\project\sample_test\server_build\src\main\java\kr\pe\sinnori\impl\message] creation task end
06:35:51.322 [main] INFO  k.p.s.c.buildsystem.ProjectBuilder - main project[sample_test]'s message server codec file[Echo][D:\gitsinnori\sinnori\project\sample_test\server_build\src\main\java\kr\pe\sinnori\impl\message] creation task start
06:35:51.322 [main] INFO  k.p.s.c.buildsystem.ProjectBuilder - main project[sample_test]'s message server codec file[Echo][D:\gitsinnori\sinnori\project\sample_test\server_build\src\main\java\kr\pe\sinnori\impl\message] creation task end
06:35:51.322 [main] INFO  k.p.s.c.buildsystem.ProjectBuilder - main project[sample_test]'s message client codec file[Echo][D:\gitsinnori\sinnori\project\sample_test\server_build\src\main\java\kr\pe\sinnori\impl\message] creation task start
06:35:51.322 [main] INFO  k.p.s.c.buildsystem.ProjectBuilder - main project[sample_test]'s message client codec file[Echo][D:\gitsinnori\sinnori\project\sample_test\server_build\src\main\java\kr\pe\sinnori\impl\message] creation task end
06:35:51.322 [main] INFO  k.p.s.common.util.CommonStaticUtil - the new child relative direcotry[D:\gitsinnori\sinnori\project\sample_test\server_build\src\main\java\kr\pe\sinnori\impl\message][PublicKeyReq] was created successfully
06:35:51.337 [main] INFO  k.p.s.c.buildsystem.ProjectBuilder - main project[sample_test]'s message file[PublicKeyReq][D:\gitsinnori\sinnori\project\sample_test\server_build\src\main\java\kr\pe\sinnori\impl\message] creation task start
06:35:51.337 [main] INFO  k.p.s.c.buildsystem.ProjectBuilder - main project[sample_test]'s message file[PublicKeyReq][D:\gitsinnori\sinnori\project\sample_test\server_build\src\main\java\kr\pe\sinnori\impl\message] creation task end
06:35:51.337 [main] INFO  k.p.s.c.buildsystem.ProjectBuilder - main project[sample_test]'s message decoder file[PublicKeyReq][D:\gitsinnori\sinnori\project\sample_test\server_build\src\main\java\kr\pe\sinnori\impl\message] creation task start
06:35:51.337 [main] INFO  k.p.s.c.buildsystem.ProjectBuilder - main project[sample_test]'s message decoder file[PublicKeyReq][D:\gitsinnori\sinnori\project\sample_test\server_build\src\main\java\kr\pe\sinnori\impl\message] creation task end
06:35:51.337 [main] INFO  k.p.s.c.buildsystem.ProjectBuilder - main project[sample_test]'s message encoder file[PublicKeyReq][D:\gitsinnori\sinnori\project\sample_test\server_build\src\main\java\kr\pe\sinnori\impl\message] creation task start
06:35:51.415 [main] INFO  k.p.s.c.buildsystem.ProjectBuilder - main project[sample_test]'s message encoder file[PublicKeyReq][D:\gitsinnori\sinnori\project\sample_test\server_build\src\main\java\kr\pe\sinnori\impl\message] creation task end
06:35:51.415 [main] INFO  k.p.s.c.buildsystem.ProjectBuilder - main project[sample_test]'s message server codec file[PublicKeyReq][D:\gitsinnori\sinnori\project\sample_test\server_build\src\main\java\kr\pe\sinnori\impl\message] creation task start
06:35:51.415 [main] INFO  k.p.s.c.buildsystem.ProjectBuilder - main project[sample_test]'s message server codec file[PublicKeyReq][D:\gitsinnori\sinnori\project\sample_test\server_build\src\main\java\kr\pe\sinnori\impl\message] creation task end
06:35:51.415 [main] INFO  k.p.s.c.buildsystem.ProjectBuilder - main project[sample_test]'s message client codec file[PublicKeyReq][D:\gitsinnori\sinnori\project\sample_test\server_build\src\main\java\kr\pe\sinnori\impl\message] creation task start
06:35:51.431 [main] INFO  k.p.s.c.buildsystem.ProjectBuilder - main project[sample_test]'s message client codec file[PublicKeyReq][D:\gitsinnori\sinnori\project\sample_test\server_build\src\main\java\kr\pe\sinnori\impl\message] creation task end
06:35:51.431 [main] INFO  k.p.s.common.util.CommonStaticUtil - the new child relative direcotry[D:\gitsinnori\sinnori\project\sample_test\server_build\src\main\java\kr\pe\sinnori\impl\message][PublicKeyRes] was created successfully
06:35:51.431 [main] INFO  k.p.s.c.buildsystem.ProjectBuilder - main project[sample_test]'s message file[PublicKeyRes][D:\gitsinnori\sinnori\project\sample_test\server_build\src\main\java\kr\pe\sinnori\impl\message] creation task start
06:35:51.431 [main] INFO  k.p.s.c.buildsystem.ProjectBuilder - main project[sample_test]'s message file[PublicKeyRes][D:\gitsinnori\sinnori\project\sample_test\server_build\src\main\java\kr\pe\sinnori\impl\message] creation task end
06:35:51.431 [main] INFO  k.p.s.c.buildsystem.ProjectBuilder - main project[sample_test]'s message decoder file[PublicKeyRes][D:\gitsinnori\sinnori\project\sample_test\server_build\src\main\java\kr\pe\sinnori\impl\message] creation task start
06:35:51.462 [main] INFO  k.p.s.c.buildsystem.ProjectBuilder - main project[sample_test]'s message decoder file[PublicKeyRes][D:\gitsinnori\sinnori\project\sample_test\server_build\src\main\java\kr\pe\sinnori\impl\message] creation task end
06:35:51.462 [main] INFO  k.p.s.c.buildsystem.ProjectBuilder - main project[sample_test]'s message encoder file[PublicKeyRes][D:\gitsinnori\sinnori\project\sample_test\server_build\src\main\java\kr\pe\sinnori\impl\message] creation task start
06:35:51.462 [main] INFO  k.p.s.c.buildsystem.ProjectBuilder - main project[sample_test]'s message encoder file[PublicKeyRes][D:\gitsinnori\sinnori\project\sample_test\server_build\src\main\java\kr\pe\sinnori\impl\message] creation task end
06:35:51.462 [main] INFO  k.p.s.c.buildsystem.ProjectBuilder - main project[sample_test]'s message server codec file[PublicKeyRes][D:\gitsinnori\sinnori\project\sample_test\server_build\src\main\java\kr\pe\sinnori\impl\message] creation task start
06:35:51.462 [main] INFO  k.p.s.c.buildsystem.ProjectBuilder - main project[sample_test]'s message server codec file[PublicKeyRes][D:\gitsinnori\sinnori\project\sample_test\server_build\src\main\java\kr\pe\sinnori\impl\message] creation task end
06:35:51.462 [main] INFO  k.p.s.c.buildsystem.ProjectBuilder - main project[sample_test]'s message client codec file[PublicKeyRes][D:\gitsinnori\sinnori\project\sample_test\server_build\src\main\java\kr\pe\sinnori\impl\message] creation task start
06:35:51.462 [main] INFO  k.p.s.c.buildsystem.ProjectBuilder - main project[sample_test]'s message client codec file[PublicKeyRes][D:\gitsinnori\sinnori\project\sample_test\server_build\src\main\java\kr\pe\sinnori\impl\message] creation task end
06:35:51.462 [main] INFO  k.p.s.c.buildsystem.ProjectBuilder - main project[sample_test]'s server message io file set creation task end
06:35:51.462 [main] INFO  k.p.s.c.buildsystem.ProjectBuilder - server build system files creation task end
06:35:51.462 [main] INFO  k.p.s.c.buildsystem.ProjectBuilder - mainproject[sample_test]'s application client build path deletion task start
06:35:51.478 [main] INFO  k.p.s.c.buildsystem.ProjectBuilder - mainproject[sample_test]'s application client build path deletion task end
06:35:51.478 [main] INFO  k.p.s.c.buildsystem.ProjectBuilder - main project[sample_test]'s web client build path deletion task start
06:35:51.493 [main] INFO  k.p.s.c.buildsystem.ProjectBuilder - main project[sample_test]'s web client build path deletion task end
06:35:51.493 [main] INFO  k.p.s.c.buildsystem.ProjectBuilder - main project[sample_test]'s web root path deletion task start
06:35:51.493 [main] INFO  k.p.s.c.buildsystem.ProjectBuilder - main project[sample_test]'s web root path deletion task end
06:35:51.493 [main] INFO  k.p.s.c.buildsystem.ProjectBuilder - main project[sample_test]'s config file overwrite task start
06:35:51.509 [main] INFO  k.p.s.c.buildsystem.ProjectBuilder - main project[sample_test]'s config file overwrite task end
06:35:51.509 [main] INFO  k.p.s.c.buildsystem.ProjectBuilder - main project[sample_test] changeProjectState method end
06:35:51.509 [main] INFO  k.p.s.c.buildsystem.ProjectBuilder - the app client ant build.xml file[D:\gitsinnori\sinnori\project\sample_test\client_build\app_build\build.xml] is bad :: whetherExist[false] isFile[false]
06:35:51.509 [main] INFO  k.p.s.c.buildsystem.ProjectBuilder - the web client ant build.xml file[D:\gitsinnori\sinnori\project\sample_test\client_build\web_build\build.xml] is bad :: whetherExist[false] isFile[false]
06:35:51.509 [main] INFO  k.p.s.c.buildsystem.ProjectBuilder - the web.xml file[D:\gitsinnori\sinnori\project\sample_test\web_app_base\ROOT\WEB-INF\web.xml] located at web root directory is bad :: whetherExist[false] isFile[false]
06:35:51.509 [main] INFO  k.p.s.c.buildsystem.ProjectBuilder - main project[sample_test] changeProjectState method start
06:35:51.509 [main] WARN  k.p.s.c.buildsystem.ProjectBuilder - the server build path[D:\gitsinnori\sinnori\project\sample_test\server_build] exist, so skip creation of server build system
06:35:51.509 [main] INFO  k.p.s.c.buildsystem.ProjectBuilder - the app client ant build.xml file[D:\gitsinnori\sinnori\project\sample_test\client_build\app_build\build.xml] is bad :: whetherExist[false] isFile[false]
06:35:51.509 [main] WARN  k.p.s.c.buildsystem.ProjectBuilder - the app client buid.xml file[D:\gitsinnori\sinnori\project\sample_test\client_build\app_build\build.xml] is bad beacse it doesn't exist or is not a file, so skip deletion of app client build system
06:35:51.509 [main] INFO  k.p.s.c.buildsystem.ProjectBuilder - main project[sample_test]'s web build child direcotry creation task start
06:35:51.509 [main] INFO  k.p.s.common.util.CommonStaticUtil - the new child relative direcotry[D:\gitsinnori\sinnori\project\sample_test][client_build/web_build/corelib/ex] was created successfully
06:35:51.509 [main] INFO  k.p.s.common.util.CommonStaticUtil - the new child relative direcotry[D:\gitsinnori\sinnori\project\sample_test][client_build/web_build/corelib/in] was created successfully
06:35:51.509 [main] INFO  k.p.s.common.util.CommonStaticUtil - the new child relative direcotry[D:\gitsinnori\sinnori\project\sample_test][client_build/web_build/lib/main/ex] was created successfully
06:35:51.509 [main] INFO  k.p.s.common.util.CommonStaticUtil - the new child relative direcotry[D:\gitsinnori\sinnori\project\sample_test][client_build/web_build/lib/main/in] was created successfully
06:35:51.509 [main] INFO  k.p.s.common.util.CommonStaticUtil - the new child relative direcotry[D:\gitsinnori\sinnori\project\sample_test][client_build/web_build/lib/test] was created successfully
06:35:51.509 [main] INFO  k.p.s.common.util.CommonStaticUtil - the new child relative direcotry[D:\gitsinnori\sinnori\project\sample_test][client_build/web_build/src/main/java/kr/pe/sinnori/impl/message] was created successfully
06:35:51.509 [main] INFO  k.p.s.common.util.CommonStaticUtil - the new child relative direcotry[D:\gitsinnori\sinnori\project\sample_test][client_build/web_build/src/main/java//kr/pe/sinnori/servlet] was created successfully
06:35:51.509 [main] INFO  k.p.s.common.util.CommonStaticUtil - the new child relative direcotry[D:\gitsinnori\sinnori\project\sample_test][client_build/web_build/src/main/java/kr/pe/sinnori/weblib/common] was created successfully
06:35:51.587 [main] INFO  k.p.s.common.util.CommonStaticUtil - the new child relative direcotry[D:\gitsinnori\sinnori\project\sample_test][client_build/web_build/src/main/java/kr/pe/sinnori/weblib/htmlstring] was created successfully
06:35:51.587 [main] INFO  k.p.s.common.util.CommonStaticUtil - the new child relative direcotry[D:\gitsinnori\sinnori\project\sample_test][client_build/web_build/src/main/java/kr/pe/sinnori/weblib/jdf] was created successfully
06:35:51.587 [main] INFO  k.p.s.common.util.CommonStaticUtil - the new child relative direcotry[D:\gitsinnori\sinnori\project\sample_test][client_build/web_build/src/test/java] was created successfully
06:35:51.587 [main] INFO  k.p.s.common.util.CommonStaticUtil - the new child relative direcotry[D:\gitsinnori\sinnori\project\sample_test][client_build/web_build/build] was created successfully
06:35:51.587 [main] INFO  k.p.s.common.util.CommonStaticUtil - the new child relative direcotry[D:\gitsinnori\sinnori\project\sample_test][client_build/web_build/dist] was created successfully
06:35:51.587 [main] INFO  k.p.s.c.buildsystem.ProjectBuilder - main project[sample_test]'s web build child direcotry creation task end
06:35:51.587 [main] INFO  k.p.s.c.buildsystem.ProjectBuilder - main project[sample_test]'s web client build system files creation task start
06:35:51.587 [main] INFO  k.p.s.c.buildsystem.ProjectBuilder - main project[sample_test]'s web client ant build.xml file creation task start
06:35:51.587 [main] INFO  k.p.s.c.buildsystem.ProjectBuilder - main project[sample_test]'s web client ant build.xml file creation task end
06:35:51.587 [main] INFO  k.p.s.c.buildsystem.ProjectBuilder - main project[sample_test]'s web client ant properties file creation task start
06:35:51.587 [main] INFO  k.p.s.c.util.SequencedPropertiesUtil - the sequenced properties file[D:\gitsinnori\sinnori\project\sample_test\client_build\web_build\webAnt.properties] was created
06:35:51.603 [main] INFO  k.p.s.c.buildsystem.ProjectBuilder - main project[sample_test]'s web client ant properties file creation task end
06:35:51.603 [main] INFO  k.p.s.c.buildsystem.ProjectBuilder - main project[sample_test]'s web client message io file set creation task start
06:35:51.603 [main] INFO  k.p.s.common.util.CommonStaticUtil - the new child relative direcotry[D:\gitsinnori\sinnori\project\sample_test\client_build\web_build\src\main\java\kr\pe\sinnori\impl\message][Echo] was created successfully
06:35:51.603 [main] INFO  k.p.s.c.buildsystem.ProjectBuilder - main project[sample_test]'s message file[Echo][D:\gitsinnori\sinnori\project\sample_test\client_build\web_build\src\main\java\kr\pe\sinnori\impl\message] creation task start
06:35:51.603 [main] INFO  k.p.s.c.buildsystem.ProjectBuilder - main project[sample_test]'s message file[Echo][D:\gitsinnori\sinnori\project\sample_test\client_build\web_build\src\main\java\kr\pe\sinnori\impl\message] creation task end
06:35:51.603 [main] INFO  k.p.s.c.buildsystem.ProjectBuilder - main project[sample_test]'s message decoder file[Echo][D:\gitsinnori\sinnori\project\sample_test\client_build\web_build\src\main\java\kr\pe\sinnori\impl\message] creation task start
06:35:51.603 [main] INFO  k.p.s.c.buildsystem.ProjectBuilder - main project[sample_test]'s message decoder file[Echo][D:\gitsinnori\sinnori\project\sample_test\client_build\web_build\src\main\java\kr\pe\sinnori\impl\message] creation task end
06:35:51.603 [main] INFO  k.p.s.c.buildsystem.ProjectBuilder - main project[sample_test]'s message encoder file[Echo][D:\gitsinnori\sinnori\project\sample_test\client_build\web_build\src\main\java\kr\pe\sinnori\impl\message] creation task start
06:35:51.603 [main] INFO  k.p.s.c.buildsystem.ProjectBuilder - main project[sample_test]'s message encoder file[Echo][D:\gitsinnori\sinnori\project\sample_test\client_build\web_build\src\main\java\kr\pe\sinnori\impl\message] creation task end
06:35:51.603 [main] INFO  k.p.s.c.buildsystem.ProjectBuilder - main project[sample_test]'s message server codec file[Echo][D:\gitsinnori\sinnori\project\sample_test\client_build\web_build\src\main\java\kr\pe\sinnori\impl\message] creation task start
06:35:51.618 [main] INFO  k.p.s.c.buildsystem.ProjectBuilder - main project[sample_test]'s message server codec file[Echo][D:\gitsinnori\sinnori\project\sample_test\client_build\web_build\src\main\java\kr\pe\sinnori\impl\message] creation task end
06:35:51.618 [main] INFO  k.p.s.c.buildsystem.ProjectBuilder - main project[sample_test]'s message client codec file[Echo][D:\gitsinnori\sinnori\project\sample_test\client_build\web_build\src\main\java\kr\pe\sinnori\impl\message] creation task start
06:35:51.618 [main] INFO  k.p.s.c.buildsystem.ProjectBuilder - main project[sample_test]'s message client codec file[Echo][D:\gitsinnori\sinnori\project\sample_test\client_build\web_build\src\main\java\kr\pe\sinnori\impl\message] creation task end
06:35:51.618 [main] INFO  k.p.s.common.util.CommonStaticUtil - the new child relative direcotry[D:\gitsinnori\sinnori\project\sample_test\client_build\web_build\src\main\java\kr\pe\sinnori\impl\message][PublicKeyReq] was created successfully
06:35:51.618 [main] INFO  k.p.s.c.buildsystem.ProjectBuilder - main project[sample_test]'s message file[PublicKeyReq][D:\gitsinnori\sinnori\project\sample_test\client_build\web_build\src\main\java\kr\pe\sinnori\impl\message] creation task start
06:35:51.634 [main] INFO  k.p.s.c.buildsystem.ProjectBuilder - main project[sample_test]'s message file[PublicKeyReq][D:\gitsinnori\sinnori\project\sample_test\client_build\web_build\src\main\java\kr\pe\sinnori\impl\message] creation task end
06:35:51.634 [main] INFO  k.p.s.c.buildsystem.ProjectBuilder - main project[sample_test]'s message decoder file[PublicKeyReq][D:\gitsinnori\sinnori\project\sample_test\client_build\web_build\src\main\java\kr\pe\sinnori\impl\message] creation task start
06:35:51.634 [main] INFO  k.p.s.c.buildsystem.ProjectBuilder - main project[sample_test]'s message decoder file[PublicKeyReq][D:\gitsinnori\sinnori\project\sample_test\client_build\web_build\src\main\java\kr\pe\sinnori\impl\message] creation task end
06:35:51.634 [main] INFO  k.p.s.c.buildsystem.ProjectBuilder - main project[sample_test]'s message encoder file[PublicKeyReq][D:\gitsinnori\sinnori\project\sample_test\client_build\web_build\src\main\java\kr\pe\sinnori\impl\message] creation task start
06:35:51.634 [main] INFO  k.p.s.c.buildsystem.ProjectBuilder - main project[sample_test]'s message encoder file[PublicKeyReq][D:\gitsinnori\sinnori\project\sample_test\client_build\web_build\src\main\java\kr\pe\sinnori\impl\message] creation task end
06:35:51.634 [main] INFO  k.p.s.c.buildsystem.ProjectBuilder - main project[sample_test]'s message server codec file[PublicKeyReq][D:\gitsinnori\sinnori\project\sample_test\client_build\web_build\src\main\java\kr\pe\sinnori\impl\message] creation task start
06:35:51.634 [main] INFO  k.p.s.c.buildsystem.ProjectBuilder - main project[sample_test]'s message server codec file[PublicKeyReq][D:\gitsinnori\sinnori\project\sample_test\client_build\web_build\src\main\java\kr\pe\sinnori\impl\message] creation task end
06:35:51.634 [main] INFO  k.p.s.c.buildsystem.ProjectBuilder - main project[sample_test]'s message client codec file[PublicKeyReq][D:\gitsinnori\sinnori\project\sample_test\client_build\web_build\src\main\java\kr\pe\sinnori\impl\message] creation task start
06:35:51.634 [main] INFO  k.p.s.c.buildsystem.ProjectBuilder - main project[sample_test]'s message client codec file[PublicKeyReq][D:\gitsinnori\sinnori\project\sample_test\client_build\web_build\src\main\java\kr\pe\sinnori\impl\message] creation task end
06:35:51.634 [main] INFO  k.p.s.common.util.CommonStaticUtil - the new child relative direcotry[D:\gitsinnori\sinnori\project\sample_test\client_build\web_build\src\main\java\kr\pe\sinnori\impl\message][PublicKeyRes] was created successfully
06:35:51.634 [main] INFO  k.p.s.c.buildsystem.ProjectBuilder - main project[sample_test]'s message file[PublicKeyRes][D:\gitsinnori\sinnori\project\sample_test\client_build\web_build\src\main\java\kr\pe\sinnori\impl\message] creation task start
06:35:51.634 [main] INFO  k.p.s.c.buildsystem.ProjectBuilder - main project[sample_test]'s message file[PublicKeyRes][D:\gitsinnori\sinnori\project\sample_test\client_build\web_build\src\main\java\kr\pe\sinnori\impl\message] creation task end
06:35:51.650 [main] INFO  k.p.s.c.buildsystem.ProjectBuilder - main project[sample_test]'s message decoder file[PublicKeyRes][D:\gitsinnori\sinnori\project\sample_test\client_build\web_build\src\main\java\kr\pe\sinnori\impl\message] creation task start
06:35:51.650 [main] INFO  k.p.s.c.buildsystem.ProjectBuilder - main project[sample_test]'s message decoder file[PublicKeyRes][D:\gitsinnori\sinnori\project\sample_test\client_build\web_build\src\main\java\kr\pe\sinnori\impl\message] creation task end
06:35:51.650 [main] INFO  k.p.s.c.buildsystem.ProjectBuilder - main project[sample_test]'s message encoder file[PublicKeyRes][D:\gitsinnori\sinnori\project\sample_test\client_build\web_build\src\main\java\kr\pe\sinnori\impl\message] creation task start
06:35:51.650 [main] INFO  k.p.s.c.buildsystem.ProjectBuilder - main project[sample_test]'s message encoder file[PublicKeyRes][D:\gitsinnori\sinnori\project\sample_test\client_build\web_build\src\main\java\kr\pe\sinnori\impl\message] creation task end
06:35:51.650 [main] INFO  k.p.s.c.buildsystem.ProjectBuilder - main project[sample_test]'s message server codec file[PublicKeyRes][D:\gitsinnori\sinnori\project\sample_test\client_build\web_build\src\main\java\kr\pe\sinnori\impl\message] creation task start
06:35:51.650 [main] INFO  k.p.s.c.buildsystem.ProjectBuilder - main project[sample_test]'s message server codec file[PublicKeyRes][D:\gitsinnori\sinnori\project\sample_test\client_build\web_build\src\main\java\kr\pe\sinnori\impl\message] creation task end
06:35:51.650 [main] INFO  k.p.s.c.buildsystem.ProjectBuilder - main project[sample_test]'s message client codec file[PublicKeyRes][D:\gitsinnori\sinnori\project\sample_test\client_build\web_build\src\main\java\kr\pe\sinnori\impl\message] creation task start
06:35:51.650 [main] INFO  k.p.s.c.buildsystem.ProjectBuilder - main project[sample_test]'s message client codec file[PublicKeyRes][D:\gitsinnori\sinnori\project\sample_test\client_build\web_build\src\main\java\kr\pe\sinnori\impl\message] creation task end
06:35:51.650 [main] INFO  k.p.s.c.buildsystem.ProjectBuilder - main project[sample_test]'s web client message io file set creation task end
06:35:51.650 [main] INFO  k.p.s.c.buildsystem.ProjectBuilder - mainproject[sample_test]'s web client sample source files copy task start
06:35:51.712 [main] INFO  k.p.s.c.buildsystem.ProjectBuilder - mainproject[sample_test]'s web client sample source files copy task end
06:35:51.712 [main] INFO  k.p.s.c.buildsystem.ProjectBuilder - main project[sample_test]'s web client build system files creation task end
06:35:51.712 [main] INFO  k.p.s.c.buildsystem.ProjectBuilder - main project[sample_test]'s web root child direcotry creation task start
06:35:51.712 [main] INFO  k.p.s.common.util.CommonStaticUtil - the child relative direcotry[D:\gitsinnori\sinnori\project\sample_test][web_app_base/upload] exist, so nothing
06:35:51.712 [main] INFO  k.p.s.common.util.CommonStaticUtil - the new child relative direcotry[D:\gitsinnori\sinnori\project\sample_test][web_app_base/ROOT/WEB-INF/classes] was created successfully
06:35:51.712 [main] INFO  k.p.s.common.util.CommonStaticUtil - the new child relative direcotry[D:\gitsinnori\sinnori\project\sample_test][web_app_base/ROOT/WEB-INF/lib] was created successfully
06:35:51.712 [main] INFO  k.p.s.c.buildsystem.ProjectBuilder - main project[sample_test]'s web root child direcotry creation task end
06:35:51.712 [main] INFO  k.p.s.c.buildsystem.ProjectBuilder - main project[sample_test]'s web root sample files creation task start
06:35:51.712 [main] INFO  k.p.s.c.buildsystem.ProjectBuilder - main project[sample_test]'s web root sample files copy task start
06:35:51.712 [main] INFO  k.p.s.c.buildsystem.ProjectBuilder - main project[sample_test]'s web root sample files copy task end
06:35:51.712 [main] INFO  k.p.s.c.buildsystem.ProjectBuilder - main project[sample_test]'s web root sample files creation task end
06:35:51.712 [main] INFO  k.p.s.c.buildsystem.ProjectBuilder - main project[sample_test]'s config file overwrite task start
06:35:51.728 [main] INFO  k.p.s.c.buildsystem.ProjectBuilder - main project[sample_test]'s config file overwrite task end
06:35:51.728 [main] INFO  k.p.s.c.buildsystem.ProjectBuilder - main project[sample_test] changeProjectState method end
06:35:51.728 [main] INFO  k.p.s.c.buildsystem.ProjectBuilder - the app client ant build.xml file[D:\gitsinnori\sinnori\project\sample_test\client_build\app_build\build.xml] is bad :: whetherExist[false] isFile[false]
06:35:51.728 [main] INFO  k.p.s.c.buildsystem.ProjectBuilder - main project[sample_test] changeProjectState method start
06:35:51.728 [main] WARN  k.p.s.c.buildsystem.ProjectBuilder - the server build path[D:\gitsinnori\sinnori\project\sample_test\server_build] exist, so skip creation of server build system
06:35:51.728 [main] INFO  k.p.s.c.buildsystem.ProjectBuilder - main project[sample_test]'s application build child direcotry creation task start
06:35:51.728 [main] INFO  k.p.s.common.util.CommonStaticUtil - the new child relative direcotry[D:\gitsinnori\sinnori\project\sample_test][client_build/app_build/corelib/ex] was created successfully
06:35:51.728 [main] INFO  k.p.s.common.util.CommonStaticUtil - the new child relative direcotry[D:\gitsinnori\sinnori\project\sample_test][client_build/app_build/corelib/in] was created successfully
06:35:51.728 [main] INFO  k.p.s.common.util.CommonStaticUtil - the new child relative direcotry[D:\gitsinnori\sinnori\project\sample_test][client_build/app_build/lib/main/ex] was created successfully
06:35:51.728 [main] INFO  k.p.s.common.util.CommonStaticUtil - the new child relative direcotry[D:\gitsinnori\sinnori\project\sample_test][client_build/app_build/lib/main/in] was created successfully
06:35:51.728 [main] INFO  k.p.s.common.util.CommonStaticUtil - the new child relative direcotry[D:\gitsinnori\sinnori\project\sample_test][client_build/app_build/lib/test] was created successfully
06:35:51.728 [main] INFO  k.p.s.common.util.CommonStaticUtil - the new child relative direcotry[D:\gitsinnori\sinnori\project\sample_test][client_build/app_build/src/main/java/kr/pe/sinnori/impl/message] was created successfully
06:35:51.728 [main] INFO  k.p.s.common.util.CommonStaticUtil - the new child relative direcotry[D:\gitsinnori\sinnori\project\sample_test][client_build/app_build/src/main/java/main] was created successfully
06:35:51.775 [main] INFO  k.p.s.common.util.CommonStaticUtil - the new child relative direcotry[D:\gitsinnori\sinnori\project\sample_test][client_build/app_build/src/test/java] was created successfully
06:35:51.775 [main] INFO  k.p.s.common.util.CommonStaticUtil - the new child relative direcotry[D:\gitsinnori\sinnori\project\sample_test][client_build/app_build/build] was created successfully
06:35:51.775 [main] INFO  k.p.s.common.util.CommonStaticUtil - the new child relative direcotry[D:\gitsinnori\sinnori\project\sample_test][client_build/app_build/dist] was created successfully
06:35:51.775 [main] INFO  k.p.s.c.buildsystem.ProjectBuilder - main project[sample_test]'s application build child direcotry creation task end
06:35:51.775 [main] INFO  k.p.s.c.buildsystem.ProjectBuilder - mainproject[sample_test]'s application client build system files creation task start
06:35:51.775 [main] INFO  k.p.s.c.buildsystem.ProjectBuilder - main project[sample_test]'s application client ant build.xml file creation task start
06:35:51.775 [main] INFO  k.p.s.c.buildsystem.ProjectBuilder - main project[sample_test]'s application client ant build.xml file creation task end
06:35:51.775 [main] INFO  k.p.s.c.buildsystem.ProjectBuilder - main project[sample_test]'s application client dos shell file creation task start
06:35:51.775 [main] INFO  k.p.s.c.buildsystem.ProjectBuilder - main project[sample_test]'s application client dos shell file creation task end
06:35:51.775 [main] INFO  k.p.s.c.buildsystem.ProjectBuilder - main project[sample_test]'s application client unix shell file creation task start
06:35:51.775 [main] INFO  k.p.s.c.buildsystem.ProjectBuilder - main project[sample_test]'s application client unix shell file creation task end
06:35:51.775 [main] INFO  k.p.s.c.buildsystem.ProjectBuilder - application client sample source files copy task start
06:35:51.775 [main] INFO  k.p.s.c.buildsystem.ProjectBuilder - application client sample source files copy task end
06:35:51.775 [main] INFO  k.p.s.c.buildsystem.ProjectBuilder - main project[sample_test]'s application client message io file set creation task start
06:35:51.775 [main] INFO  k.p.s.common.util.CommonStaticUtil - the new child relative direcotry[D:\gitsinnori\sinnori\project\sample_test\client_build\app_build\src\main\java\kr\pe\sinnori\impl\message][Echo] was created successfully
06:35:51.775 [main] INFO  k.p.s.c.buildsystem.ProjectBuilder - main project[sample_test]'s message file[Echo][D:\gitsinnori\sinnori\project\sample_test\client_build\app_build\src\main\java\kr\pe\sinnori\impl\message] creation task start
06:35:51.775 [main] INFO  k.p.s.c.buildsystem.ProjectBuilder - main project[sample_test]'s message file[Echo][D:\gitsinnori\sinnori\project\sample_test\client_build\app_build\src\main\java\kr\pe\sinnori\impl\message] creation task end
06:35:51.775 [main] INFO  k.p.s.c.buildsystem.ProjectBuilder - main project[sample_test]'s message decoder file[Echo][D:\gitsinnori\sinnori\project\sample_test\client_build\app_build\src\main\java\kr\pe\sinnori\impl\message] creation task start
06:35:51.790 [main] INFO  k.p.s.c.buildsystem.ProjectBuilder - main project[sample_test]'s message decoder file[Echo][D:\gitsinnori\sinnori\project\sample_test\client_build\app_build\src\main\java\kr\pe\sinnori\impl\message] creation task end
06:35:51.790 [main] INFO  k.p.s.c.buildsystem.ProjectBuilder - main project[sample_test]'s message encoder file[Echo][D:\gitsinnori\sinnori\project\sample_test\client_build\app_build\src\main\java\kr\pe\sinnori\impl\message] creation task start
06:35:51.790 [main] INFO  k.p.s.c.buildsystem.ProjectBuilder - main project[sample_test]'s message encoder file[Echo][D:\gitsinnori\sinnori\project\sample_test\client_build\app_build\src\main\java\kr\pe\sinnori\impl\message] creation task end
06:35:51.790 [main] INFO  k.p.s.c.buildsystem.ProjectBuilder - main project[sample_test]'s message server codec file[Echo][D:\gitsinnori\sinnori\project\sample_test\client_build\app_build\src\main\java\kr\pe\sinnori\impl\message] creation task start
06:35:51.790 [main] INFO  k.p.s.c.buildsystem.ProjectBuilder - main project[sample_test]'s message server codec file[Echo][D:\gitsinnori\sinnori\project\sample_test\client_build\app_build\src\main\java\kr\pe\sinnori\impl\message] creation task end
06:35:51.790 [main] INFO  k.p.s.c.buildsystem.ProjectBuilder - main project[sample_test]'s message client codec file[Echo][D:\gitsinnori\sinnori\project\sample_test\client_build\app_build\src\main\java\kr\pe\sinnori\impl\message] creation task start
06:35:51.790 [main] INFO  k.p.s.c.buildsystem.ProjectBuilder - main project[sample_test]'s message client codec file[Echo][D:\gitsinnori\sinnori\project\sample_test\client_build\app_build\src\main\java\kr\pe\sinnori\impl\message] creation task end
06:35:51.790 [main] INFO  k.p.s.common.util.CommonStaticUtil - the new child relative direcotry[D:\gitsinnori\sinnori\project\sample_test\client_build\app_build\src\main\java\kr\pe\sinnori\impl\message][PublicKeyReq] was created successfully
06:35:51.790 [main] INFO  k.p.s.c.buildsystem.ProjectBuilder - main project[sample_test]'s message file[PublicKeyReq][D:\gitsinnori\sinnori\project\sample_test\client_build\app_build\src\main\java\kr\pe\sinnori\impl\message] creation task start
06:35:51.790 [main] INFO  k.p.s.c.buildsystem.ProjectBuilder - main project[sample_test]'s message file[PublicKeyReq][D:\gitsinnori\sinnori\project\sample_test\client_build\app_build\src\main\java\kr\pe\sinnori\impl\message] creation task end
06:35:51.790 [main] INFO  k.p.s.c.buildsystem.ProjectBuilder - main project[sample_test]'s message decoder file[PublicKeyReq][D:\gitsinnori\sinnori\project\sample_test\client_build\app_build\src\main\java\kr\pe\sinnori\impl\message] creation task start
06:35:51.790 [main] INFO  k.p.s.c.buildsystem.ProjectBuilder - main project[sample_test]'s message decoder file[PublicKeyReq][D:\gitsinnori\sinnori\project\sample_test\client_build\app_build\src\main\java\kr\pe\sinnori\impl\message] creation task end
06:35:51.884 [main] INFO  k.p.s.c.buildsystem.ProjectBuilder - main project[sample_test]'s message encoder file[PublicKeyReq][D:\gitsinnori\sinnori\project\sample_test\client_build\app_build\src\main\java\kr\pe\sinnori\impl\message] creation task start
06:35:51.884 [main] INFO  k.p.s.c.buildsystem.ProjectBuilder - main project[sample_test]'s message encoder file[PublicKeyReq][D:\gitsinnori\sinnori\project\sample_test\client_build\app_build\src\main\java\kr\pe\sinnori\impl\message] creation task end
06:35:51.884 [main] INFO  k.p.s.c.buildsystem.ProjectBuilder - main project[sample_test]'s message server codec file[PublicKeyReq][D:\gitsinnori\sinnori\project\sample_test\client_build\app_build\src\main\java\kr\pe\sinnori\impl\message] creation task start
06:35:51.884 [main] INFO  k.p.s.c.buildsystem.ProjectBuilder - main project[sample_test]'s message server codec file[PublicKeyReq][D:\gitsinnori\sinnori\project\sample_test\client_build\app_build\src\main\java\kr\pe\sinnori\impl\message] creation task end
06:35:51.884 [main] INFO  k.p.s.c.buildsystem.ProjectBuilder - main project[sample_test]'s message client codec file[PublicKeyReq][D:\gitsinnori\sinnori\project\sample_test\client_build\app_build\src\main\java\kr\pe\sinnori\impl\message] creation task start
06:35:51.884 [main] INFO  k.p.s.c.buildsystem.ProjectBuilder - main project[sample_test]'s message client codec file[PublicKeyReq][D:\gitsinnori\sinnori\project\sample_test\client_build\app_build\src\main\java\kr\pe\sinnori\impl\message] creation task end
06:35:51.884 [main] INFO  k.p.s.common.util.CommonStaticUtil - the new child relative direcotry[D:\gitsinnori\sinnori\project\sample_test\client_build\app_build\src\main\java\kr\pe\sinnori\impl\message][PublicKeyRes] was created successfully
06:35:51.884 [main] INFO  k.p.s.c.buildsystem.ProjectBuilder - main project[sample_test]'s message file[PublicKeyRes][D:\gitsinnori\sinnori\project\sample_test\client_build\app_build\src\main\java\kr\pe\sinnori\impl\message] creation task start
06:35:51.884 [main] INFO  k.p.s.c.buildsystem.ProjectBuilder - main project[sample_test]'s message file[PublicKeyRes][D:\gitsinnori\sinnori\project\sample_test\client_build\app_build\src\main\java\kr\pe\sinnori\impl\message] creation task end
06:35:51.884 [main] INFO  k.p.s.c.buildsystem.ProjectBuilder - main project[sample_test]'s message decoder file[PublicKeyRes][D:\gitsinnori\sinnori\project\sample_test\client_build\app_build\src\main\java\kr\pe\sinnori\impl\message] creation task start
06:35:51.900 [main] INFO  k.p.s.c.buildsystem.ProjectBuilder - main project[sample_test]'s message decoder file[PublicKeyRes][D:\gitsinnori\sinnori\project\sample_test\client_build\app_build\src\main\java\kr\pe\sinnori\impl\message] creation task end
06:35:51.900 [main] INFO  k.p.s.c.buildsystem.ProjectBuilder - main project[sample_test]'s message encoder file[PublicKeyRes][D:\gitsinnori\sinnori\project\sample_test\client_build\app_build\src\main\java\kr\pe\sinnori\impl\message] creation task start
06:35:51.900 [main] INFO  k.p.s.c.buildsystem.ProjectBuilder - main project[sample_test]'s message encoder file[PublicKeyRes][D:\gitsinnori\sinnori\project\sample_test\client_build\app_build\src\main\java\kr\pe\sinnori\impl\message] creation task end
06:35:51.900 [main] INFO  k.p.s.c.buildsystem.ProjectBuilder - main project[sample_test]'s message server codec file[PublicKeyRes][D:\gitsinnori\sinnori\project\sample_test\client_build\app_build\src\main\java\kr\pe\sinnori\impl\message] creation task start
06:35:51.900 [main] INFO  k.p.s.c.buildsystem.ProjectBuilder - main project[sample_test]'s message server codec file[PublicKeyRes][D:\gitsinnori\sinnori\project\sample_test\client_build\app_build\src\main\java\kr\pe\sinnori\impl\message] creation task end
06:35:51.900 [main] INFO  k.p.s.c.buildsystem.ProjectBuilder - main project[sample_test]'s message client codec file[PublicKeyRes][D:\gitsinnori\sinnori\project\sample_test\client_build\app_build\src\main\java\kr\pe\sinnori\impl\message] creation task start
06:35:51.900 [main] INFO  k.p.s.c.buildsystem.ProjectBuilder - main project[sample_test]'s message client codec file[PublicKeyRes][D:\gitsinnori\sinnori\project\sample_test\client_build\app_build\src\main\java\kr\pe\sinnori\impl\message] creation task end
06:35:51.900 [main] INFO  k.p.s.c.buildsystem.ProjectBuilder - main project[sample_test]'s application client message io file set creation task end
06:35:51.900 [main] INFO  k.p.s.c.buildsystem.ProjectBuilder - mainproject[sample_test]'s application client build system files creation task end
06:35:51.900 [main] INFO  k.p.s.c.buildsystem.ProjectBuilder - main project[sample_test]'s web client build path deletion task start
06:35:51.915 [main] INFO  k.p.s.c.buildsystem.ProjectBuilder - main project[sample_test]'s web client build path deletion task end
06:35:51.915 [main] INFO  k.p.s.c.buildsystem.ProjectBuilder - main project[sample_test]'s web root path deletion task start
06:35:51.915 [main] INFO  k.p.s.c.buildsystem.ProjectBuilder - main project[sample_test]'s web root path deletion task end
06:35:51.915 [main] INFO  k.p.s.c.buildsystem.ProjectBuilder - main project[sample_test]'s config file overwrite task start
06:35:51.915 [main] INFO  k.p.s.c.buildsystem.ProjectBuilder - main project[sample_test]'s config file overwrite task end
06:35:51.915 [main] INFO  k.p.s.c.buildsystem.ProjectBuilder - main project[sample_test] changeProjectState method end
06:35:51.915 [main] INFO  k.p.s.c.buildsystem.ProjectBuilder - the web client ant build.xml file[D:\gitsinnori\sinnori\project\sample_test\client_build\web_build\build.xml] is bad :: whetherExist[false] isFile[false]
06:35:51.915 [main] INFO  k.p.s.c.buildsystem.ProjectBuilder - the web.xml file[D:\gitsinnori\sinnori\project\sample_test\web_app_base\ROOT\WEB-INF\web.xml] located at web root directory is bad :: whetherExist[false] isFile[false]
06:35:51.915 [main] INFO  k.p.s.c.buildsystem.ProjectBuilder - main project[sample_test] changeProjectState method start
06:35:51.915 [main] WARN  k.p.s.c.buildsystem.ProjectBuilder - the server build path[D:\gitsinnori\sinnori\project\sample_test\server_build] exist, so skip creation of server build system
06:35:51.915 [main] WARN  k.p.s.c.buildsystem.ProjectBuilder - the app client build path[D:\gitsinnori\sinnori\project\sample_test\client_build\app_build] exist, so skip creation of app client build system
06:35:51.915 [main] INFO  k.p.s.c.buildsystem.ProjectBuilder - main project[sample_test]'s web build child direcotry creation task start
06:35:51.915 [main] INFO  k.p.s.common.util.CommonStaticUtil - the new child relative direcotry[D:\gitsinnori\sinnori\project\sample_test][client_build/web_build/corelib/ex] was created successfully
06:35:51.994 [main] INFO  k.p.s.common.util.CommonStaticUtil - the new child relative direcotry[D:\gitsinnori\sinnori\project\sample_test][client_build/web_build/corelib/in] was created successfully
06:35:51.994 [main] INFO  k.p.s.common.util.CommonStaticUtil - the new child relative direcotry[D:\gitsinnori\sinnori\project\sample_test][client_build/web_build/lib/main/ex] was created successfully
06:35:51.994 [main] INFO  k.p.s.common.util.CommonStaticUtil - the new child relative direcotry[D:\gitsinnori\sinnori\project\sample_test][client_build/web_build/lib/main/in] was created successfully
06:35:51.994 [main] INFO  k.p.s.common.util.CommonStaticUtil - the new child relative direcotry[D:\gitsinnori\sinnori\project\sample_test][client_build/web_build/lib/test] was created successfully
06:35:52.009 [main] INFO  k.p.s.common.util.CommonStaticUtil - the new child relative direcotry[D:\gitsinnori\sinnori\project\sample_test][client_build/web_build/src/main/java/kr/pe/sinnori/impl/message] was created successfully
06:35:52.009 [main] INFO  k.p.s.common.util.CommonStaticUtil - the new child relative direcotry[D:\gitsinnori\sinnori\project\sample_test][client_build/web_build/src/main/java//kr/pe/sinnori/servlet] was created successfully
06:35:52.009 [main] INFO  k.p.s.common.util.CommonStaticUtil - the new child relative direcotry[D:\gitsinnori\sinnori\project\sample_test][client_build/web_build/src/main/java/kr/pe/sinnori/weblib/common] was created successfully
06:35:52.009 [main] INFO  k.p.s.common.util.CommonStaticUtil - the new child relative direcotry[D:\gitsinnori\sinnori\project\sample_test][client_build/web_build/src/main/java/kr/pe/sinnori/weblib/htmlstring] was created successfully
06:35:52.009 [main] INFO  k.p.s.common.util.CommonStaticUtil - the new child relative direcotry[D:\gitsinnori\sinnori\project\sample_test][client_build/web_build/src/main/java/kr/pe/sinnori/weblib/jdf] was created successfully
06:35:52.009 [main] INFO  k.p.s.common.util.CommonStaticUtil - the new child relative direcotry[D:\gitsinnori\sinnori\project\sample_test][client_build/web_build/src/test/java] was created successfully
06:35:52.009 [main] INFO  k.p.s.common.util.CommonStaticUtil - the new child relative direcotry[D:\gitsinnori\sinnori\project\sample_test][client_build/web_build/build] was created successfully
06:35:52.009 [main] INFO  k.p.s.common.util.CommonStaticUtil - the new child relative direcotry[D:\gitsinnori\sinnori\project\sample_test][client_build/web_build/dist] was created successfully
06:35:52.009 [main] INFO  k.p.s.c.buildsystem.ProjectBuilder - main project[sample_test]'s web build child direcotry creation task end
06:35:52.009 [main] INFO  k.p.s.c.buildsystem.ProjectBuilder - main project[sample_test]'s web client build system files creation task start
06:35:52.009 [main] INFO  k.p.s.c.buildsystem.ProjectBuilder - main project[sample_test]'s web client ant build.xml file creation task start
06:35:52.009 [main] INFO  k.p.s.c.buildsystem.ProjectBuilder - main project[sample_test]'s web client ant build.xml file creation task end
06:35:52.009 [main] INFO  k.p.s.c.buildsystem.ProjectBuilder - main project[sample_test]'s web client ant properties file creation task start
06:35:52.009 [main] INFO  k.p.s.c.util.SequencedPropertiesUtil - the sequenced properties file[D:\gitsinnori\sinnori\project\sample_test\client_build\web_build\webAnt.properties] was created
06:35:52.025 [main] INFO  k.p.s.c.buildsystem.ProjectBuilder - main project[sample_test]'s web client ant properties file creation task end
06:35:52.025 [main] INFO  k.p.s.c.buildsystem.ProjectBuilder - main project[sample_test]'s web client message io file set creation task start
06:35:52.025 [main] INFO  k.p.s.common.util.CommonStaticUtil - the new child relative direcotry[D:\gitsinnori\sinnori\project\sample_test\client_build\web_build\src\main\java\kr\pe\sinnori\impl\message][Echo] was created successfully
06:35:52.025 [main] INFO  k.p.s.c.buildsystem.ProjectBuilder - main project[sample_test]'s message file[Echo][D:\gitsinnori\sinnori\project\sample_test\client_build\web_build\src\main\java\kr\pe\sinnori\impl\message] creation task start
06:35:52.025 [main] INFO  k.p.s.c.buildsystem.ProjectBuilder - main project[sample_test]'s message file[Echo][D:\gitsinnori\sinnori\project\sample_test\client_build\web_build\src\main\java\kr\pe\sinnori\impl\message] creation task end
06:35:52.025 [main] INFO  k.p.s.c.buildsystem.ProjectBuilder - main project[sample_test]'s message decoder file[Echo][D:\gitsinnori\sinnori\project\sample_test\client_build\web_build\src\main\java\kr\pe\sinnori\impl\message] creation task start
06:35:52.025 [main] INFO  k.p.s.c.buildsystem.ProjectBuilder - main project[sample_test]'s message decoder file[Echo][D:\gitsinnori\sinnori\project\sample_test\client_build\web_build\src\main\java\kr\pe\sinnori\impl\message] creation task end
06:35:52.025 [main] INFO  k.p.s.c.buildsystem.ProjectBuilder - main project[sample_test]'s message encoder file[Echo][D:\gitsinnori\sinnori\project\sample_test\client_build\web_build\src\main\java\kr\pe\sinnori\impl\message] creation task start
06:35:52.040 [main] INFO  k.p.s.c.buildsystem.ProjectBuilder - main project[sample_test]'s message encoder file[Echo][D:\gitsinnori\sinnori\project\sample_test\client_build\web_build\src\main\java\kr\pe\sinnori\impl\message] creation task end
06:35:52.040 [main] INFO  k.p.s.c.buildsystem.ProjectBuilder - main project[sample_test]'s message server codec file[Echo][D:\gitsinnori\sinnori\project\sample_test\client_build\web_build\src\main\java\kr\pe\sinnori\impl\message] creation task start
06:35:52.040 [main] INFO  k.p.s.c.buildsystem.ProjectBuilder - main project[sample_test]'s message server codec file[Echo][D:\gitsinnori\sinnori\project\sample_test\client_build\web_build\src\main\java\kr\pe\sinnori\impl\message] creation task end
06:35:52.040 [main] INFO  k.p.s.c.buildsystem.ProjectBuilder - main project[sample_test]'s message client codec file[Echo][D:\gitsinnori\sinnori\project\sample_test\client_build\web_build\src\main\java\kr\pe\sinnori\impl\message] creation task start
06:35:52.040 [main] INFO  k.p.s.c.buildsystem.ProjectBuilder - main project[sample_test]'s message client codec file[Echo][D:\gitsinnori\sinnori\project\sample_test\client_build\web_build\src\main\java\kr\pe\sinnori\impl\message] creation task end
06:35:52.040 [main] INFO  k.p.s.common.util.CommonStaticUtil - the new child relative direcotry[D:\gitsinnori\sinnori\project\sample_test\client_build\web_build\src\main\java\kr\pe\sinnori\impl\message][PublicKeyReq] was created successfully
06:35:52.040 [main] INFO  k.p.s.c.buildsystem.ProjectBuilder - main project[sample_test]'s message file[PublicKeyReq][D:\gitsinnori\sinnori\project\sample_test\client_build\web_build\src\main\java\kr\pe\sinnori\impl\message] creation task start
06:35:52.040 [main] INFO  k.p.s.c.buildsystem.ProjectBuilder - main project[sample_test]'s message file[PublicKeyReq][D:\gitsinnori\sinnori\project\sample_test\client_build\web_build\src\main\java\kr\pe\sinnori\impl\message] creation task end
06:35:52.040 [main] INFO  k.p.s.c.buildsystem.ProjectBuilder - main project[sample_test]'s message decoder file[PublicKeyReq][D:\gitsinnori\sinnori\project\sample_test\client_build\web_build\src\main\java\kr\pe\sinnori\impl\message] creation task start
06:35:52.040 [main] INFO  k.p.s.c.buildsystem.ProjectBuilder - main project[sample_test]'s message decoder file[PublicKeyReq][D:\gitsinnori\sinnori\project\sample_test\client_build\web_build\src\main\java\kr\pe\sinnori\impl\message] creation task end
06:35:52.040 [main] INFO  k.p.s.c.buildsystem.ProjectBuilder - main project[sample_test]'s message encoder file[PublicKeyReq][D:\gitsinnori\sinnori\project\sample_test\client_build\web_build\src\main\java\kr\pe\sinnori\impl\message] creation task start
06:35:52.056 [main] INFO  k.p.s.c.buildsystem.ProjectBuilder - main project[sample_test]'s message encoder file[PublicKeyReq][D:\gitsinnori\sinnori\project\sample_test\client_build\web_build\src\main\java\kr\pe\sinnori\impl\message] creation task end
06:35:52.056 [main] INFO  k.p.s.c.buildsystem.ProjectBuilder - main project[sample_test]'s message server codec file[PublicKeyReq][D:\gitsinnori\sinnori\project\sample_test\client_build\web_build\src\main\java\kr\pe\sinnori\impl\message] creation task start
06:35:52.056 [main] INFO  k.p.s.c.buildsystem.ProjectBuilder - main project[sample_test]'s message server codec file[PublicKeyReq][D:\gitsinnori\sinnori\project\sample_test\client_build\web_build\src\main\java\kr\pe\sinnori\impl\message] creation task end
06:35:52.056 [main] INFO  k.p.s.c.buildsystem.ProjectBuilder - main project[sample_test]'s message client codec file[PublicKeyReq][D:\gitsinnori\sinnori\project\sample_test\client_build\web_build\src\main\java\kr\pe\sinnori\impl\message] creation task start
06:35:52.134 [main] INFO  k.p.s.c.buildsystem.ProjectBuilder - main project[sample_test]'s message client codec file[PublicKeyReq][D:\gitsinnori\sinnori\project\sample_test\client_build\web_build\src\main\java\kr\pe\sinnori\impl\message] creation task end
06:35:52.134 [main] INFO  k.p.s.common.util.CommonStaticUtil - the new child relative direcotry[D:\gitsinnori\sinnori\project\sample_test\client_build\web_build\src\main\java\kr\pe\sinnori\impl\message][PublicKeyRes] was created successfully
06:35:52.134 [main] INFO  k.p.s.c.buildsystem.ProjectBuilder - main project[sample_test]'s message file[PublicKeyRes][D:\gitsinnori\sinnori\project\sample_test\client_build\web_build\src\main\java\kr\pe\sinnori\impl\message] creation task start
06:35:52.134 [main] INFO  k.p.s.c.buildsystem.ProjectBuilder - main project[sample_test]'s message file[PublicKeyRes][D:\gitsinnori\sinnori\project\sample_test\client_build\web_build\src\main\java\kr\pe\sinnori\impl\message] creation task end
06:35:52.134 [main] INFO  k.p.s.c.buildsystem.ProjectBuilder - main project[sample_test]'s message decoder file[PublicKeyRes][D:\gitsinnori\sinnori\project\sample_test\client_build\web_build\src\main\java\kr\pe\sinnori\impl\message] creation task start
06:35:52.150 [main] INFO  k.p.s.c.buildsystem.ProjectBuilder - main project[sample_test]'s message decoder file[PublicKeyRes][D:\gitsinnori\sinnori\project\sample_test\client_build\web_build\src\main\java\kr\pe\sinnori\impl\message] creation task end
06:35:52.150 [main] INFO  k.p.s.c.buildsystem.ProjectBuilder - main project[sample_test]'s message encoder file[PublicKeyRes][D:\gitsinnori\sinnori\project\sample_test\client_build\web_build\src\main\java\kr\pe\sinnori\impl\message] creation task start
06:35:52.150 [main] INFO  k.p.s.c.buildsystem.ProjectBuilder - main project[sample_test]'s message encoder file[PublicKeyRes][D:\gitsinnori\sinnori\project\sample_test\client_build\web_build\src\main\java\kr\pe\sinnori\impl\message] creation task end
06:35:52.150 [main] INFO  k.p.s.c.buildsystem.ProjectBuilder - main project[sample_test]'s message server codec file[PublicKeyRes][D:\gitsinnori\sinnori\project\sample_test\client_build\web_build\src\main\java\kr\pe\sinnori\impl\message] creation task start
06:35:52.150 [main] INFO  k.p.s.c.buildsystem.ProjectBuilder - main project[sample_test]'s message server codec file[PublicKeyRes][D:\gitsinnori\sinnori\project\sample_test\client_build\web_build\src\main\java\kr\pe\sinnori\impl\message] creation task end
06:35:52.150 [main] INFO  k.p.s.c.buildsystem.ProjectBuilder - main project[sample_test]'s message client codec file[PublicKeyRes][D:\gitsinnori\sinnori\project\sample_test\client_build\web_build\src\main\java\kr\pe\sinnori\impl\message] creation task start
06:35:52.150 [main] INFO  k.p.s.c.buildsystem.ProjectBuilder - main project[sample_test]'s message client codec file[PublicKeyRes][D:\gitsinnori\sinnori\project\sample_test\client_build\web_build\src\main\java\kr\pe\sinnori\impl\message] creation task end
06:35:52.165 [main] INFO  k.p.s.c.buildsystem.ProjectBuilder - main project[sample_test]'s web client message io file set creation task end
06:35:52.165 [main] INFO  k.p.s.c.buildsystem.ProjectBuilder - mainproject[sample_test]'s web client sample source files copy task start
06:35:52.228 [main] INFO  k.p.s.c.buildsystem.ProjectBuilder - mainproject[sample_test]'s web client sample source files copy task end
06:35:52.228 [main] INFO  k.p.s.c.buildsystem.ProjectBuilder - main project[sample_test]'s web client build system files creation task end
06:35:52.228 [main] INFO  k.p.s.c.buildsystem.ProjectBuilder - main project[sample_test]'s web root child direcotry creation task start
06:35:52.228 [main] INFO  k.p.s.common.util.CommonStaticUtil - the child relative direcotry[D:\gitsinnori\sinnori\project\sample_test][web_app_base/upload] exist, so nothing
06:35:52.228 [main] INFO  k.p.s.common.util.CommonStaticUtil - the new child relative direcotry[D:\gitsinnori\sinnori\project\sample_test][web_app_base/ROOT/WEB-INF/classes] was created successfully
06:35:52.228 [main] INFO  k.p.s.common.util.CommonStaticUtil - the new child relative direcotry[D:\gitsinnori\sinnori\project\sample_test][web_app_base/ROOT/WEB-INF/lib] was created successfully
06:35:52.228 [main] INFO  k.p.s.c.buildsystem.ProjectBuilder - main project[sample_test]'s web root child direcotry creation task end
06:35:52.228 [main] INFO  k.p.s.c.buildsystem.ProjectBuilder - main project[sample_test]'s web root sample files creation task start
06:35:52.228 [main] INFO  k.p.s.c.buildsystem.ProjectBuilder - main project[sample_test]'s web root sample files copy task start
06:35:52.244 [main] INFO  k.p.s.c.buildsystem.ProjectBuilder - main project[sample_test]'s web root sample files copy task end
06:35:52.244 [main] INFO  k.p.s.c.buildsystem.ProjectBuilder - main project[sample_test]'s web root sample files creation task end
06:35:52.244 [main] INFO  k.p.s.c.buildsystem.ProjectBuilder - main project[sample_test]'s config file overwrite task start
06:35:52.244 [main] INFO  k.p.s.c.buildsystem.ProjectBuilder - main project[sample_test]'s config file overwrite task end
06:35:52.244 [main] INFO  k.p.s.c.buildsystem.ProjectBuilder - main project[sample_test] changeProjectState method end
06:35:52.290 [main] INFO  k.p.s.c.buildsystem.ProjectBuilder - main project[sample_test]'s child direcotry creation task start
06:35:52.290 [main] INFO  k.p.s.c.buildsystem.ProjectBuilder - main project[sample_test]'s common child direcotry creation task start
06:35:52.290 [main] INFO  k.p.s.common.util.CommonStaticUtil - the new child relative direcotry[D:\gitsinnori\sinnori\project\sample_test][config] was created successfully
06:35:52.290 [main] INFO  k.p.s.common.util.CommonStaticUtil - the new child relative direcotry[D:\gitsinnori\sinnori\project\sample_test][resources/dbcp] was created successfully
06:35:52.290 [main] INFO  k.p.s.common.util.CommonStaticUtil - the new child relative direcotry[D:\gitsinnori\sinnori\project\sample_test][resources/message_info] was created successfully
06:35:52.290 [main] INFO  k.p.s.common.util.CommonStaticUtil - the new child relative direcotry[D:\gitsinnori\sinnori\project\sample_test][resources/rsa_keypair] was created successfully
06:35:52.290 [main] INFO  k.p.s.common.util.CommonStaticUtil - the new child relative direcotry[D:\gitsinnori\sinnori\project\sample_test][log/apache] was created successfully
06:35:52.290 [main] INFO  k.p.s.common.util.CommonStaticUtil - the new child relative direcotry[D:\gitsinnori\sinnori\project\sample_test][log/client] was created successfully
06:35:52.290 [main] INFO  k.p.s.common.util.CommonStaticUtil - the new child relative direcotry[D:\gitsinnori\sinnori\project\sample_test][log/server] was created successfully
06:35:52.290 [main] INFO  k.p.s.common.util.CommonStaticUtil - the new child relative direcotry[D:\gitsinnori\sinnori\project\sample_test][log/servlet] was created successfully
06:35:52.290 [main] INFO  k.p.s.c.buildsystem.ProjectBuilder - main project[sample_test]'s common child direcotry creation task end
06:35:52.290 [main] INFO  k.p.s.c.buildsystem.ProjectBuilder - main project[sample_test]'s application build child direcotry creation task start
06:35:52.290 [main] INFO  k.p.s.common.util.CommonStaticUtil - the new child relative direcotry[D:\gitsinnori\sinnori\project\sample_test][client_build/app_build/corelib/ex] was created successfully
06:35:52.290 [main] INFO  k.p.s.common.util.CommonStaticUtil - the new child relative direcotry[D:\gitsinnori\sinnori\project\sample_test][client_build/app_build/corelib/in] was created successfully
06:35:52.290 [main] INFO  k.p.s.common.util.CommonStaticUtil - the new child relative direcotry[D:\gitsinnori\sinnori\project\sample_test][client_build/app_build/lib/main/ex] was created successfully
06:35:52.290 [main] INFO  k.p.s.common.util.CommonStaticUtil - the new child relative direcotry[D:\gitsinnori\sinnori\project\sample_test][client_build/app_build/lib/main/in] was created successfully
06:35:52.290 [main] INFO  k.p.s.common.util.CommonStaticUtil - the new child relative direcotry[D:\gitsinnori\sinnori\project\sample_test][client_build/app_build/lib/test] was created successfully
06:35:52.290 [main] INFO  k.p.s.common.util.CommonStaticUtil - the new child relative direcotry[D:\gitsinnori\sinnori\project\sample_test][client_build/app_build/src/main/java/kr/pe/sinnori/impl/message] was created successfully
06:35:52.290 [main] INFO  k.p.s.common.util.CommonStaticUtil - the new child relative direcotry[D:\gitsinnori\sinnori\project\sample_test][client_build/app_build/src/main/java/main] was created successfully
06:35:52.290 [main] INFO  k.p.s.common.util.CommonStaticUtil - the new child relative direcotry[D:\gitsinnori\sinnori\project\sample_test][client_build/app_build/src/test/java] was created successfully
06:35:52.290 [main] INFO  k.p.s.common.util.CommonStaticUtil - the new child relative direcotry[D:\gitsinnori\sinnori\project\sample_test][client_build/app_build/build] was created successfully
06:35:52.290 [main] INFO  k.p.s.common.util.CommonStaticUtil - the new child relative direcotry[D:\gitsinnori\sinnori\project\sample_test][client_build/app_build/dist] was created successfully
06:35:52.290 [main] INFO  k.p.s.c.buildsystem.ProjectBuilder - main project[sample_test]'s application build child direcotry creation task end
06:35:52.386 [main] INFO  k.p.s.c.buildsystem.ProjectBuilder - main project[sample_test]'s child direcotry creation task end
06:35:52.386 [main] INFO  k.p.s.c.buildsystem.ProjectBuilder - main project[sample_test]'s file creation task start
06:35:52.386 [main] INFO  k.p.s.c.buildsystem.ProjectBuilder - main project[sample_test]'s config file creation task start
06:35:52.386 [main] INFO  k.p.s.c.util.SequencedPropertiesUtil - the sequenced properties file[D:\gitsinnori\sinnori\project\sample_test\config\sinnori.properties] was created
06:35:52.386 [main] INFO  k.p.s.c.buildsystem.ProjectBuilder - main project[sample_test]'s config file creation task end
06:35:52.386 [main] INFO  k.p.s.c.buildsystem.ProjectBuilder - the mainproject[sample_test]'s resources directory copy task start
06:35:52.402 [main] INFO  k.p.s.c.buildsystem.ProjectBuilder - the mainproject[sample_test]'s resources directory copy task end
06:35:52.402 [main] INFO  k.p.s.c.buildsystem.ProjectBuilder - mainproject[sample_test]'s application client build system files creation task start
06:35:52.402 [main] INFO  k.p.s.c.buildsystem.ProjectBuilder - main project[sample_test]'s application client ant build.xml file creation task start
06:35:52.402 [main] INFO  k.p.s.c.buildsystem.ProjectBuilder - main project[sample_test]'s application client ant build.xml file creation task end
06:35:52.402 [main] INFO  k.p.s.c.buildsystem.ProjectBuilder - main project[sample_test]'s application client dos shell file creation task start
06:35:52.402 [main] INFO  k.p.s.c.buildsystem.ProjectBuilder - main project[sample_test]'s application client dos shell file creation task end
06:35:52.402 [main] INFO  k.p.s.c.buildsystem.ProjectBuilder - main project[sample_test]'s application client unix shell file creation task start
06:35:52.402 [main] INFO  k.p.s.c.buildsystem.ProjectBuilder - main project[sample_test]'s application client unix shell file creation task end
06:35:52.402 [main] INFO  k.p.s.c.buildsystem.ProjectBuilder - application client sample source files copy task start
06:35:52.417 [main] INFO  k.p.s.c.buildsystem.ProjectBuilder - application client sample source files copy task end
06:35:52.417 [main] INFO  k.p.s.c.buildsystem.ProjectBuilder - main project[sample_test]'s application client message io file set creation task start
06:35:52.417 [main] INFO  k.p.s.common.util.CommonStaticUtil - the new child relative direcotry[D:\gitsinnori\sinnori\project\sample_test\client_build\app_build\src\main\java\kr\pe\sinnori\impl\message][Echo] was created successfully
06:35:52.417 [main] INFO  k.p.s.c.buildsystem.ProjectBuilder - main project[sample_test]'s message file[Echo][D:\gitsinnori\sinnori\project\sample_test\client_build\app_build\src\main\java\kr\pe\sinnori\impl\message] creation task start
06:35:52.417 [main] INFO  k.p.s.c.buildsystem.ProjectBuilder - main project[sample_test]'s message file[Echo][D:\gitsinnori\sinnori\project\sample_test\client_build\app_build\src\main\java\kr\pe\sinnori\impl\message] creation task end
06:35:52.417 [main] INFO  k.p.s.c.buildsystem.ProjectBuilder - main project[sample_test]'s message decoder file[Echo][D:\gitsinnori\sinnori\project\sample_test\client_build\app_build\src\main\java\kr\pe\sinnori\impl\message] creation task start
06:35:52.417 [main] INFO  k.p.s.c.buildsystem.ProjectBuilder - main project[sample_test]'s message decoder file[Echo][D:\gitsinnori\sinnori\project\sample_test\client_build\app_build\src\main\java\kr\pe\sinnori\impl\message] creation task end
06:35:52.417 [main] INFO  k.p.s.c.buildsystem.ProjectBuilder - main project[sample_test]'s message encoder file[Echo][D:\gitsinnori\sinnori\project\sample_test\client_build\app_build\src\main\java\kr\pe\sinnori\impl\message] creation task start
06:35:52.417 [main] INFO  k.p.s.c.buildsystem.ProjectBuilder - main project[sample_test]'s message encoder file[Echo][D:\gitsinnori\sinnori\project\sample_test\client_build\app_build\src\main\java\kr\pe\sinnori\impl\message] creation task end
06:35:52.417 [main] INFO  k.p.s.c.buildsystem.ProjectBuilder - main project[sample_test]'s message server codec file[Echo][D:\gitsinnori\sinnori\project\sample_test\client_build\app_build\src\main\java\kr\pe\sinnori\impl\message] creation task start
06:35:52.417 [main] INFO  k.p.s.c.buildsystem.ProjectBuilder - main project[sample_test]'s message server codec file[Echo][D:\gitsinnori\sinnori\project\sample_test\client_build\app_build\src\main\java\kr\pe\sinnori\impl\message] creation task end
06:35:52.417 [main] INFO  k.p.s.c.buildsystem.ProjectBuilder - main project[sample_test]'s message client codec file[Echo][D:\gitsinnori\sinnori\project\sample_test\client_build\app_build\src\main\java\kr\pe\sinnori\impl\message] creation task start
06:35:52.417 [main] INFO  k.p.s.c.buildsystem.ProjectBuilder - main project[sample_test]'s message client codec file[Echo][D:\gitsinnori\sinnori\project\sample_test\client_build\app_build\src\main\java\kr\pe\sinnori\impl\message] creation task end
06:35:52.495 [main] INFO  k.p.s.common.util.CommonStaticUtil - the new child relative direcotry[D:\gitsinnori\sinnori\project\sample_test\client_build\app_build\src\main\java\kr\pe\sinnori\impl\message][PublicKeyReq] was created successfully
06:35:52.495 [main] INFO  k.p.s.c.buildsystem.ProjectBuilder - main project[sample_test]'s message file[PublicKeyReq][D:\gitsinnori\sinnori\project\sample_test\client_build\app_build\src\main\java\kr\pe\sinnori\impl\message] creation task start
06:35:52.495 [main] INFO  k.p.s.c.buildsystem.ProjectBuilder - main project[sample_test]'s message file[PublicKeyReq][D:\gitsinnori\sinnori\project\sample_test\client_build\app_build\src\main\java\kr\pe\sinnori\impl\message] creation task end
06:35:52.495 [main] INFO  k.p.s.c.buildsystem.ProjectBuilder - main project[sample_test]'s message decoder file[PublicKeyReq][D:\gitsinnori\sinnori\project\sample_test\client_build\app_build\src\main\java\kr\pe\sinnori\impl\message] creation task start
06:35:52.511 [main] INFO  k.p.s.c.buildsystem.ProjectBuilder - main project[sample_test]'s message decoder file[PublicKeyReq][D:\gitsinnori\sinnori\project\sample_test\client_build\app_build\src\main\java\kr\pe\sinnori\impl\message] creation task end
06:35:52.511 [main] INFO  k.p.s.c.buildsystem.ProjectBuilder - main project[sample_test]'s message encoder file[PublicKeyReq][D:\gitsinnori\sinnori\project\sample_test\client_build\app_build\src\main\java\kr\pe\sinnori\impl\message] creation task start
06:35:52.511 [main] INFO  k.p.s.c.buildsystem.ProjectBuilder - main project[sample_test]'s message encoder file[PublicKeyReq][D:\gitsinnori\sinnori\project\sample_test\client_build\app_build\src\main\java\kr\pe\sinnori\impl\message] creation task end
06:35:52.511 [main] INFO  k.p.s.c.buildsystem.ProjectBuilder - main project[sample_test]'s message server codec file[PublicKeyReq][D:\gitsinnori\sinnori\project\sample_test\client_build\app_build\src\main\java\kr\pe\sinnori\impl\message] creation task start
06:35:52.527 [main] INFO  k.p.s.c.buildsystem.ProjectBuilder - main project[sample_test]'s message server codec file[PublicKeyReq][D:\gitsinnori\sinnori\project\sample_test\client_build\app_build\src\main\java\kr\pe\sinnori\impl\message] creation task end
06:35:52.527 [main] INFO  k.p.s.c.buildsystem.ProjectBuilder - main project[sample_test]'s message client codec file[PublicKeyReq][D:\gitsinnori\sinnori\project\sample_test\client_build\app_build\src\main\java\kr\pe\sinnori\impl\message] creation task start
06:35:52.527 [main] INFO  k.p.s.c.buildsystem.ProjectBuilder - main project[sample_test]'s message client codec file[PublicKeyReq][D:\gitsinnori\sinnori\project\sample_test\client_build\app_build\src\main\java\kr\pe\sinnori\impl\message] creation task end
06:35:52.527 [main] INFO  k.p.s.common.util.CommonStaticUtil - the new child relative direcotry[D:\gitsinnori\sinnori\project\sample_test\client_build\app_build\src\main\java\kr\pe\sinnori\impl\message][PublicKeyRes] was created successfully
06:35:52.527 [main] INFO  k.p.s.c.buildsystem.ProjectBuilder - main project[sample_test]'s message file[PublicKeyRes][D:\gitsinnori\sinnori\project\sample_test\client_build\app_build\src\main\java\kr\pe\sinnori\impl\message] creation task start
06:35:52.542 [main] INFO  k.p.s.c.buildsystem.ProjectBuilder - main project[sample_test]'s message file[PublicKeyRes][D:\gitsinnori\sinnori\project\sample_test\client_build\app_build\src\main\java\kr\pe\sinnori\impl\message] creation task end
06:35:52.542 [main] INFO  k.p.s.c.buildsystem.ProjectBuilder - main project[sample_test]'s message decoder file[PublicKeyRes][D:\gitsinnori\sinnori\project\sample_test\client_build\app_build\src\main\java\kr\pe\sinnori\impl\message] creation task start
06:35:52.542 [main] INFO  k.p.s.c.buildsystem.ProjectBuilder - main project[sample_test]'s message decoder file[PublicKeyRes][D:\gitsinnori\sinnori\project\sample_test\client_build\app_build\src\main\java\kr\pe\sinnori\impl\message] creation task end
06:35:52.542 [main] INFO  k.p.s.c.buildsystem.ProjectBuilder - main project[sample_test]'s message encoder file[PublicKeyRes][D:\gitsinnori\sinnori\project\sample_test\client_build\app_build\src\main\java\kr\pe\sinnori\impl\message] creation task start
06:35:52.542 [main] INFO  k.p.s.c.buildsystem.ProjectBuilder - main project[sample_test]'s message encoder file[PublicKeyRes][D:\gitsinnori\sinnori\project\sample_test\client_build\app_build\src\main\java\kr\pe\sinnori\impl\message] creation task end
06:35:52.542 [main] INFO  k.p.s.c.buildsystem.ProjectBuilder - main project[sample_test]'s message server codec file[PublicKeyRes][D:\gitsinnori\sinnori\project\sample_test\client_build\app_build\src\main\java\kr\pe\sinnori\impl\message] creation task start
06:35:52.542 [main] INFO  k.p.s.c.buildsystem.ProjectBuilder - main project[sample_test]'s message server codec file[PublicKeyRes][D:\gitsinnori\sinnori\project\sample_test\client_build\app_build\src\main\java\kr\pe\sinnori\impl\message] creation task end
06:35:52.542 [main] INFO  k.p.s.c.buildsystem.ProjectBuilder - main project[sample_test]'s message client codec file[PublicKeyRes][D:\gitsinnori\sinnori\project\sample_test\client_build\app_build\src\main\java\kr\pe\sinnori\impl\message] creation task start
06:35:52.574 [main] INFO  k.p.s.c.buildsystem.ProjectBuilder - main project[sample_test]'s message client codec file[PublicKeyRes][D:\gitsinnori\sinnori\project\sample_test\client_build\app_build\src\main\java\kr\pe\sinnori\impl\message] creation task end
06:35:52.574 [main] INFO  k.p.s.c.buildsystem.ProjectBuilder - main project[sample_test]'s application client message io file set creation task end
06:35:52.574 [main] INFO  k.p.s.c.buildsystem.ProjectBuilder - mainproject[sample_test]'s application client build system files creation task end
06:35:52.574 [main] INFO  k.p.s.c.buildsystem.ProjectBuilder - main project[sample_test]'s file creation task end
06:35:52.574 [main] INFO  k.p.s.c.config.SinnoriConfiguration - item key[sessionkey.rsa.publickey.file.value]'s value is null because its status is inactive
06:35:52.574 [main] INFO  k.p.s.c.config.SinnoriConfiguration - item key[sessionkey.rsa.privatekey.file.value]'s value is null because its status is inactive
06:35:52.574 [main] INFO  k.p.s.c.buildsystem.ProjectBuilder - main project[sample_test] changeProjectState method start
06:35:52.574 [main] INFO  k.p.s.c.buildsystem.ProjectBuilder - the server ant build.xml file[D:\gitsinnori\sinnori\project\sample_test\server_build\build.xml] is bad :: whetherExist[false] isFile[false]
06:35:52.574 [main] WARN  k.p.s.c.buildsystem.ProjectBuilder - the server buid.xml file[D:\gitsinnori\sinnori\project\sample_test\server_build\build.xml] is bad beacse it doesn't exist or is not a file, so skip deletion of server build system
06:35:52.574 [main] INFO  k.p.s.c.buildsystem.ProjectBuilder - mainproject[sample_test]'s application client build path deletion task start
06:35:52.574 [main] INFO  k.p.s.c.buildsystem.ProjectBuilder - mainproject[sample_test]'s application client build path deletion task end
06:35:52.574 [main] INFO  k.p.s.c.buildsystem.ProjectBuilder - main project[sample_test]'s web build child direcotry creation task start
06:35:52.589 [main] INFO  k.p.s.common.util.CommonStaticUtil - the new child relative direcotry[D:\gitsinnori\sinnori\project\sample_test][client_build/web_build/corelib/ex] was created successfully
06:35:52.636 [main] INFO  k.p.s.common.util.CommonStaticUtil - the new child relative direcotry[D:\gitsinnori\sinnori\project\sample_test][client_build/web_build/corelib/in] was created successfully
06:35:52.636 [main] INFO  k.p.s.common.util.CommonStaticUtil - the new child relative direcotry[D:\gitsinnori\sinnori\project\sample_test][client_build/web_build/lib/main/ex] was created successfully
06:35:52.636 [main] INFO  k.p.s.common.util.CommonStaticUtil - the new child relative direcotry[D:\gitsinnori\sinnori\project\sample_test][client_build/web_build/lib/main/in] was created successfully
06:35:52.636 [main] INFO  k.p.s.common.util.CommonStaticUtil - the new child relative direcotry[D:\gitsinnori\sinnori\project\sample_test][client_build/web_build/lib/test] was created successfully
06:35:52.636 [main] INFO  k.p.s.common.util.CommonStaticUtil - the new child relative direcotry[D:\gitsinnori\sinnori\project\sample_test][client_build/web_build/src/main/java/kr/pe/sinnori/impl/message] was created successfully
06:35:52.636 [main] INFO  k.p.s.common.util.CommonStaticUtil - the new child relative direcotry[D:\gitsinnori\sinnori\project\sample_test][client_build/web_build/src/main/java//kr/pe/sinnori/servlet] was created successfully
06:35:52.636 [main] INFO  k.p.s.common.util.CommonStaticUtil - the new child relative direcotry[D:\gitsinnori\sinnori\project\sample_test][client_build/web_build/src/main/java/kr/pe/sinnori/weblib/common] was created successfully
06:35:52.636 [main] INFO  k.p.s.common.util.CommonStaticUtil - the new child relative direcotry[D:\gitsinnori\sinnori\project\sample_test][client_build/web_build/src/main/java/kr/pe/sinnori/weblib/htmlstring] was created successfully
06:35:52.636 [main] INFO  k.p.s.common.util.CommonStaticUtil - the new child relative direcotry[D:\gitsinnori\sinnori\project\sample_test][client_build/web_build/src/main/java/kr/pe/sinnori/weblib/jdf] was created successfully
06:35:52.636 [main] INFO  k.p.s.common.util.CommonStaticUtil - the new child relative direcotry[D:\gitsinnori\sinnori\project\sample_test][client_build/web_build/src/test/java] was created successfully
06:35:52.636 [main] INFO  k.p.s.common.util.CommonStaticUtil - the new child relative direcotry[D:\gitsinnori\sinnori\project\sample_test][client_build/web_build/build] was created successfully
06:35:52.636 [main] INFO  k.p.s.common.util.CommonStaticUtil - the new child relative direcotry[D:\gitsinnori\sinnori\project\sample_test][client_build/web_build/dist] was created successfully
06:35:52.636 [main] INFO  k.p.s.c.buildsystem.ProjectBuilder - main project[sample_test]'s web build child direcotry creation task end
06:35:52.636 [main] INFO  k.p.s.c.buildsystem.ProjectBuilder - main project[sample_test]'s web client build system files creation task start
06:35:52.636 [main] INFO  k.p.s.c.buildsystem.ProjectBuilder - main project[sample_test]'s web client ant build.xml file creation task start
06:35:52.636 [main] INFO  k.p.s.c.buildsystem.ProjectBuilder - main project[sample_test]'s web client ant build.xml file creation task end
06:35:52.636 [main] INFO  k.p.s.c.buildsystem.ProjectBuilder - main project[sample_test]'s web client ant properties file creation task start
06:35:52.636 [main] INFO  k.p.s.c.util.SequencedPropertiesUtil - the sequenced properties file[D:\gitsinnori\sinnori\project\sample_test\client_build\web_build\webAnt.properties] was created
06:35:52.636 [main] INFO  k.p.s.c.buildsystem.ProjectBuilder - main project[sample_test]'s web client ant properties file creation task end
06:35:52.636 [main] INFO  k.p.s.c.buildsystem.ProjectBuilder - main project[sample_test]'s web client message io file set creation task start
06:35:52.636 [main] INFO  k.p.s.common.util.CommonStaticUtil - the new child relative direcotry[D:\gitsinnori\sinnori\project\sample_test\client_build\web_build\src\main\java\kr\pe\sinnori\impl\message][Echo] was created successfully
06:35:52.636 [main] INFO  k.p.s.c.buildsystem.ProjectBuilder - main project[sample_test]'s message file[Echo][D:\gitsinnori\sinnori\project\sample_test\client_build\web_build\src\main\java\kr\pe\sinnori\impl\message] creation task start
06:35:52.636 [main] INFO  k.p.s.c.buildsystem.ProjectBuilder - main project[sample_test]'s message file[Echo][D:\gitsinnori\sinnori\project\sample_test\client_build\web_build\src\main\java\kr\pe\sinnori\impl\message] creation task end
06:35:52.636 [main] INFO  k.p.s.c.buildsystem.ProjectBuilder - main project[sample_test]'s message decoder file[Echo][D:\gitsinnori\sinnori\project\sample_test\client_build\web_build\src\main\java\kr\pe\sinnori\impl\message] creation task start
06:35:52.652 [main] INFO  k.p.s.c.buildsystem.ProjectBuilder - main project[sample_test]'s message decoder file[Echo][D:\gitsinnori\sinnori\project\sample_test\client_build\web_build\src\main\java\kr\pe\sinnori\impl\message] creation task end
06:35:52.652 [main] INFO  k.p.s.c.buildsystem.ProjectBuilder - main project[sample_test]'s message encoder file[Echo][D:\gitsinnori\sinnori\project\sample_test\client_build\web_build\src\main\java\kr\pe\sinnori\impl\message] creation task start
06:35:52.652 [main] INFO  k.p.s.c.buildsystem.ProjectBuilder - main project[sample_test]'s message encoder file[Echo][D:\gitsinnori\sinnori\project\sample_test\client_build\web_build\src\main\java\kr\pe\sinnori\impl\message] creation task end
06:35:52.652 [main] INFO  k.p.s.c.buildsystem.ProjectBuilder - main project[sample_test]'s message server codec file[Echo][D:\gitsinnori\sinnori\project\sample_test\client_build\web_build\src\main\java\kr\pe\sinnori\impl\message] creation task start
06:35:52.652 [main] INFO  k.p.s.c.buildsystem.ProjectBuilder - main project[sample_test]'s message server codec file[Echo][D:\gitsinnori\sinnori\project\sample_test\client_build\web_build\src\main\java\kr\pe\sinnori\impl\message] creation task end
06:35:52.652 [main] INFO  k.p.s.c.buildsystem.ProjectBuilder - main project[sample_test]'s message client codec file[Echo][D:\gitsinnori\sinnori\project\sample_test\client_build\web_build\src\main\java\kr\pe\sinnori\impl\message] creation task start
06:35:52.652 [main] INFO  k.p.s.c.buildsystem.ProjectBuilder - main project[sample_test]'s message client codec file[Echo][D:\gitsinnori\sinnori\project\sample_test\client_build\web_build\src\main\java\kr\pe\sinnori\impl\message] creation task end
06:35:52.652 [main] INFO  k.p.s.common.util.CommonStaticUtil - the new child relative direcotry[D:\gitsinnori\sinnori\project\sample_test\client_build\web_build\src\main\java\kr\pe\sinnori\impl\message][PublicKeyReq] was created successfully
06:35:52.652 [main] INFO  k.p.s.c.buildsystem.ProjectBuilder - main project[sample_test]'s message file[PublicKeyReq][D:\gitsinnori\sinnori\project\sample_test\client_build\web_build\src\main\java\kr\pe\sinnori\impl\message] creation task start
06:35:52.652 [main] INFO  k.p.s.c.buildsystem.ProjectBuilder - main project[sample_test]'s message file[PublicKeyReq][D:\gitsinnori\sinnori\project\sample_test\client_build\web_build\src\main\java\kr\pe\sinnori\impl\message] creation task end
06:35:52.652 [main] INFO  k.p.s.c.buildsystem.ProjectBuilder - main project[sample_test]'s message decoder file[PublicKeyReq][D:\gitsinnori\sinnori\project\sample_test\client_build\web_build\src\main\java\kr\pe\sinnori\impl\message] creation task start
06:35:52.652 [main] INFO  k.p.s.c.buildsystem.ProjectBuilder - main project[sample_test]'s message decoder file[PublicKeyReq][D:\gitsinnori\sinnori\project\sample_test\client_build\web_build\src\main\java\kr\pe\sinnori\impl\message] creation task end
06:35:52.652 [main] INFO  k.p.s.c.buildsystem.ProjectBuilder - main project[sample_test]'s message encoder file[PublicKeyReq][D:\gitsinnori\sinnori\project\sample_test\client_build\web_build\src\main\java\kr\pe\sinnori\impl\message] creation task start
06:35:52.667 [main] INFO  k.p.s.c.buildsystem.ProjectBuilder - main project[sample_test]'s message encoder file[PublicKeyReq][D:\gitsinnori\sinnori\project\sample_test\client_build\web_build\src\main\java\kr\pe\sinnori\impl\message] creation task end
06:35:52.667 [main] INFO  k.p.s.c.buildsystem.ProjectBuilder - main project[sample_test]'s message server codec file[PublicKeyReq][D:\gitsinnori\sinnori\project\sample_test\client_build\web_build\src\main\java\kr\pe\sinnori\impl\message] creation task start
06:35:52.667 [main] INFO  k.p.s.c.buildsystem.ProjectBuilder - main project[sample_test]'s message server codec file[PublicKeyReq][D:\gitsinnori\sinnori\project\sample_test\client_build\web_build\src\main\java\kr\pe\sinnori\impl\message] creation task end
06:35:52.667 [main] INFO  k.p.s.c.buildsystem.ProjectBuilder - main project[sample_test]'s message client codec file[PublicKeyReq][D:\gitsinnori\sinnori\project\sample_test\client_build\web_build\src\main\java\kr\pe\sinnori\impl\message] creation task start
06:35:52.745 [main] INFO  k.p.s.c.buildsystem.ProjectBuilder - main project[sample_test]'s message client codec file[PublicKeyReq][D:\gitsinnori\sinnori\project\sample_test\client_build\web_build\src\main\java\kr\pe\sinnori\impl\message] creation task end
06:35:52.745 [main] INFO  k.p.s.common.util.CommonStaticUtil - the new child relative direcotry[D:\gitsinnori\sinnori\project\sample_test\client_build\web_build\src\main\java\kr\pe\sinnori\impl\message][PublicKeyRes] was created successfully
06:35:52.745 [main] INFO  k.p.s.c.buildsystem.ProjectBuilder - main project[sample_test]'s message file[PublicKeyRes][D:\gitsinnori\sinnori\project\sample_test\client_build\web_build\src\main\java\kr\pe\sinnori\impl\message] creation task start
06:35:52.745 [main] INFO  k.p.s.c.buildsystem.ProjectBuilder - main project[sample_test]'s message file[PublicKeyRes][D:\gitsinnori\sinnori\project\sample_test\client_build\web_build\src\main\java\kr\pe\sinnori\impl\message] creation task end
06:35:52.745 [main] INFO  k.p.s.c.buildsystem.ProjectBuilder - main project[sample_test]'s message decoder file[PublicKeyRes][D:\gitsinnori\sinnori\project\sample_test\client_build\web_build\src\main\java\kr\pe\sinnori\impl\message] creation task start
06:35:52.761 [main] INFO  k.p.s.c.buildsystem.ProjectBuilder - main project[sample_test]'s message decoder file[PublicKeyRes][D:\gitsinnori\sinnori\project\sample_test\client_build\web_build\src\main\java\kr\pe\sinnori\impl\message] creation task end
06:35:52.761 [main] INFO  k.p.s.c.buildsystem.ProjectBuilder - main project[sample_test]'s message encoder file[PublicKeyRes][D:\gitsinnori\sinnori\project\sample_test\client_build\web_build\src\main\java\kr\pe\sinnori\impl\message] creation task start
06:35:52.761 [main] INFO  k.p.s.c.buildsystem.ProjectBuilder - main project[sample_test]'s message encoder file[PublicKeyRes][D:\gitsinnori\sinnori\project\sample_test\client_build\web_build\src\main\java\kr\pe\sinnori\impl\message] creation task end
06:35:52.761 [main] INFO  k.p.s.c.buildsystem.ProjectBuilder - main project[sample_test]'s message server codec file[PublicKeyRes][D:\gitsinnori\sinnori\project\sample_test\client_build\web_build\src\main\java\kr\pe\sinnori\impl\message] creation task start
06:35:52.777 [main] INFO  k.p.s.c.buildsystem.ProjectBuilder - main project[sample_test]'s message server codec file[PublicKeyRes][D:\gitsinnori\sinnori\project\sample_test\client_build\web_build\src\main\java\kr\pe\sinnori\impl\message] creation task end
06:35:52.777 [main] INFO  k.p.s.c.buildsystem.ProjectBuilder - main project[sample_test]'s message client codec file[PublicKeyRes][D:\gitsinnori\sinnori\project\sample_test\client_build\web_build\src\main\java\kr\pe\sinnori\impl\message] creation task start
06:35:52.777 [main] INFO  k.p.s.c.buildsystem.ProjectBuilder - main project[sample_test]'s message client codec file[PublicKeyRes][D:\gitsinnori\sinnori\project\sample_test\client_build\web_build\src\main\java\kr\pe\sinnori\impl\message] creation task end
06:35:52.777 [main] INFO  k.p.s.c.buildsystem.ProjectBuilder - main project[sample_test]'s web client message io file set creation task end
06:35:52.777 [main] INFO  k.p.s.c.buildsystem.ProjectBuilder - mainproject[sample_test]'s web client sample source files copy task start
06:35:52.839 [main] INFO  k.p.s.c.buildsystem.ProjectBuilder - mainproject[sample_test]'s web client sample source files copy task end
06:35:52.839 [main] INFO  k.p.s.c.buildsystem.ProjectBuilder - main project[sample_test]'s web client build system files creation task end
06:35:52.839 [main] INFO  k.p.s.c.buildsystem.ProjectBuilder - main project[sample_test]'s web root child direcotry creation task start
06:35:52.839 [main] INFO  k.p.s.common.util.CommonStaticUtil - the new child relative direcotry[D:\gitsinnori\sinnori\project\sample_test][web_app_base/upload] was created successfully
06:35:52.839 [main] INFO  k.p.s.common.util.CommonStaticUtil - the new child relative direcotry[D:\gitsinnori\sinnori\project\sample_test][web_app_base/ROOT/WEB-INF/classes] was created successfully
06:35:52.839 [main] INFO  k.p.s.common.util.CommonStaticUtil - the new child relative direcotry[D:\gitsinnori\sinnori\project\sample_test][web_app_base/ROOT/WEB-INF/lib] was created successfully
06:35:52.839 [main] INFO  k.p.s.c.buildsystem.ProjectBuilder - main project[sample_test]'s web root child direcotry creation task end
06:35:52.839 [main] INFO  k.p.s.c.buildsystem.ProjectBuilder - main project[sample_test]'s web root sample files creation task start
06:35:52.839 [main] INFO  k.p.s.c.buildsystem.ProjectBuilder - main project[sample_test]'s web root sample files copy task start
06:35:52.839 [main] INFO  k.p.s.c.buildsystem.ProjectBuilder - main project[sample_test]'s web root sample files copy task end
06:35:52.839 [main] INFO  k.p.s.c.buildsystem.ProjectBuilder - main project[sample_test]'s web root sample files creation task end
06:35:52.839 [main] INFO  k.p.s.c.buildsystem.ProjectBuilder - main project[sample_test]'s config file overwrite task start
06:35:52.839 [main] INFO  k.p.s.c.buildsystem.ProjectBuilder - main project[sample_test]'s config file overwrite task end
06:35:52.839 [main] INFO  k.p.s.c.buildsystem.ProjectBuilder - main project[sample_test] changeProjectState method end
06:35:52.839 [main] INFO  k.p.s.c.buildsystem.ProjectBuilder - the server ant build.xml file[D:\gitsinnori\sinnori\project\sample_test\server_build\build.xml] is bad :: whetherExist[false] isFile[false]
06:35:52.839 [main] INFO  k.p.s.c.buildsystem.ProjectBuilder - the app client ant build.xml file[D:\gitsinnori\sinnori\project\sample_test\client_build\app_build\build.xml] is bad :: whetherExist[false] isFile[false]
06:35:52.839 [main] INFO  k.p.s.c.buildsystem.ProjectBuilder - main project[sample_test] changeProjectState method start
06:35:52.839 [main] INFO  k.p.s.c.buildsystem.ProjectBuilder - the server ant build.xml file[D:\gitsinnori\sinnori\project\sample_test\server_build\build.xml] is bad :: whetherExist[false] isFile[false]
06:35:52.839 [main] WARN  k.p.s.c.buildsystem.ProjectBuilder - the server buid.xml file[D:\gitsinnori\sinnori\project\sample_test\server_build\build.xml] is bad beacse it doesn't exist or is not a file, so skip deletion of server build system
06:35:52.839 [main] INFO  k.p.s.c.buildsystem.ProjectBuilder - main project[sample_test]'s application build child direcotry creation task start
06:35:52.839 [main] INFO  k.p.s.common.util.CommonStaticUtil - the new child relative direcotry[D:\gitsinnori\sinnori\project\sample_test][client_build/app_build/corelib/ex] was created successfully
06:35:52.839 [main] INFO  k.p.s.common.util.CommonStaticUtil - the new child relative direcotry[D:\gitsinnori\sinnori\project\sample_test][client_build/app_build/corelib/in] was created successfully
06:35:52.855 [main] INFO  k.p.s.common.util.CommonStaticUtil - the new child relative direcotry[D:\gitsinnori\sinnori\project\sample_test][client_build/app_build/lib/main/ex] was created successfully
06:35:52.855 [main] INFO  k.p.s.common.util.CommonStaticUtil - the new child relative direcotry[D:\gitsinnori\sinnori\project\sample_test][client_build/app_build/lib/main/in] was created successfully
06:35:52.855 [main] INFO  k.p.s.common.util.CommonStaticUtil - the new child relative direcotry[D:\gitsinnori\sinnori\project\sample_test][client_build/app_build/lib/test] was created successfully
06:35:52.886 [main] INFO  k.p.s.common.util.CommonStaticUtil - the new child relative direcotry[D:\gitsinnori\sinnori\project\sample_test][client_build/app_build/src/main/java/kr/pe/sinnori/impl/message] was created successfully
06:35:52.886 [main] INFO  k.p.s.common.util.CommonStaticUtil - the new child relative direcotry[D:\gitsinnori\sinnori\project\sample_test][client_build/app_build/src/main/java/main] was created successfully
06:35:52.886 [main] INFO  k.p.s.common.util.CommonStaticUtil - the new child relative direcotry[D:\gitsinnori\sinnori\project\sample_test][client_build/app_build/src/test/java] was created successfully
06:35:52.886 [main] INFO  k.p.s.common.util.CommonStaticUtil - the new child relative direcotry[D:\gitsinnori\sinnori\project\sample_test][client_build/app_build/build] was created successfully
06:35:52.886 [main] INFO  k.p.s.common.util.CommonStaticUtil - the new child relative direcotry[D:\gitsinnori\sinnori\project\sample_test][client_build/app_build/dist] was created successfully
06:35:52.886 [main] INFO  k.p.s.c.buildsystem.ProjectBuilder - main project[sample_test]'s application build child direcotry creation task end
06:35:52.886 [main] INFO  k.p.s.c.buildsystem.ProjectBuilder - mainproject[sample_test]'s application client build system files creation task start
06:35:52.886 [main] INFO  k.p.s.c.buildsystem.ProjectBuilder - main project[sample_test]'s application client ant build.xml file creation task start
06:35:52.886 [main] INFO  k.p.s.c.buildsystem.ProjectBuilder - main project[sample_test]'s application client ant build.xml file creation task end
06:35:52.886 [main] INFO  k.p.s.c.buildsystem.ProjectBuilder - main project[sample_test]'s application client dos shell file creation task start
06:35:52.886 [main] INFO  k.p.s.c.buildsystem.ProjectBuilder - main project[sample_test]'s application client dos shell file creation task end
06:35:52.886 [main] INFO  k.p.s.c.buildsystem.ProjectBuilder - main project[sample_test]'s application client unix shell file creation task start
06:35:52.886 [main] INFO  k.p.s.c.buildsystem.ProjectBuilder - main project[sample_test]'s application client unix shell file creation task end
06:35:52.886 [main] INFO  k.p.s.c.buildsystem.ProjectBuilder - application client sample source files copy task start
06:35:52.886 [main] INFO  k.p.s.c.buildsystem.ProjectBuilder - application client sample source files copy task end
06:35:52.886 [main] INFO  k.p.s.c.buildsystem.ProjectBuilder - main project[sample_test]'s application client message io file set creation task start
06:35:52.886 [main] INFO  k.p.s.common.util.CommonStaticUtil - the new child relative direcotry[D:\gitsinnori\sinnori\project\sample_test\client_build\app_build\src\main\java\kr\pe\sinnori\impl\message][Echo] was created successfully
06:35:52.886 [main] INFO  k.p.s.c.buildsystem.ProjectBuilder - main project[sample_test]'s message file[Echo][D:\gitsinnori\sinnori\project\sample_test\client_build\app_build\src\main\java\kr\pe\sinnori\impl\message] creation task start
06:35:52.902 [main] INFO  k.p.s.c.buildsystem.ProjectBuilder - main project[sample_test]'s message file[Echo][D:\gitsinnori\sinnori\project\sample_test\client_build\app_build\src\main\java\kr\pe\sinnori\impl\message] creation task end
06:35:52.902 [main] INFO  k.p.s.c.buildsystem.ProjectBuilder - main project[sample_test]'s message decoder file[Echo][D:\gitsinnori\sinnori\project\sample_test\client_build\app_build\src\main\java\kr\pe\sinnori\impl\message] creation task start
06:35:52.902 [main] INFO  k.p.s.c.buildsystem.ProjectBuilder - main project[sample_test]'s message decoder file[Echo][D:\gitsinnori\sinnori\project\sample_test\client_build\app_build\src\main\java\kr\pe\sinnori\impl\message] creation task end
06:35:52.902 [main] INFO  k.p.s.c.buildsystem.ProjectBuilder - main project[sample_test]'s message encoder file[Echo][D:\gitsinnori\sinnori\project\sample_test\client_build\app_build\src\main\java\kr\pe\sinnori\impl\message] creation task start
06:35:52.902 [main] INFO  k.p.s.c.buildsystem.ProjectBuilder - main project[sample_test]'s message encoder file[Echo][D:\gitsinnori\sinnori\project\sample_test\client_build\app_build\src\main\java\kr\pe\sinnori\impl\message] creation task end
06:35:52.902 [main] INFO  k.p.s.c.buildsystem.ProjectBuilder - main project[sample_test]'s message server codec file[Echo][D:\gitsinnori\sinnori\project\sample_test\client_build\app_build\src\main\java\kr\pe\sinnori\impl\message] creation task start
06:35:52.902 [main] INFO  k.p.s.c.buildsystem.ProjectBuilder - main project[sample_test]'s message server codec file[Echo][D:\gitsinnori\sinnori\project\sample_test\client_build\app_build\src\main\java\kr\pe\sinnori\impl\message] creation task end
06:35:52.902 [main] INFO  k.p.s.c.buildsystem.ProjectBuilder - main project[sample_test]'s message client codec file[Echo][D:\gitsinnori\sinnori\project\sample_test\client_build\app_build\src\main\java\kr\pe\sinnori\impl\message] creation task start
06:35:52.902 [main] INFO  k.p.s.c.buildsystem.ProjectBuilder - main project[sample_test]'s message client codec file[Echo][D:\gitsinnori\sinnori\project\sample_test\client_build\app_build\src\main\java\kr\pe\sinnori\impl\message] creation task end
06:35:52.902 [main] INFO  k.p.s.common.util.CommonStaticUtil - the new child relative direcotry[D:\gitsinnori\sinnori\project\sample_test\client_build\app_build\src\main\java\kr\pe\sinnori\impl\message][PublicKeyReq] was created successfully
06:35:52.902 [main] INFO  k.p.s.c.buildsystem.ProjectBuilder - main project[sample_test]'s message file[PublicKeyReq][D:\gitsinnori\sinnori\project\sample_test\client_build\app_build\src\main\java\kr\pe\sinnori\impl\message] creation task start
06:35:52.902 [main] INFO  k.p.s.c.buildsystem.ProjectBuilder - main project[sample_test]'s message file[PublicKeyReq][D:\gitsinnori\sinnori\project\sample_test\client_build\app_build\src\main\java\kr\pe\sinnori\impl\message] creation task end
06:35:52.902 [main] INFO  k.p.s.c.buildsystem.ProjectBuilder - main project[sample_test]'s message decoder file[PublicKeyReq][D:\gitsinnori\sinnori\project\sample_test\client_build\app_build\src\main\java\kr\pe\sinnori\impl\message] creation task start
06:35:52.996 [main] INFO  k.p.s.c.buildsystem.ProjectBuilder - main project[sample_test]'s message decoder file[PublicKeyReq][D:\gitsinnori\sinnori\project\sample_test\client_build\app_build\src\main\java\kr\pe\sinnori\impl\message] creation task end
06:35:52.996 [main] INFO  k.p.s.c.buildsystem.ProjectBuilder - main project[sample_test]'s message encoder file[PublicKeyReq][D:\gitsinnori\sinnori\project\sample_test\client_build\app_build\src\main\java\kr\pe\sinnori\impl\message] creation task start
06:35:52.996 [main] INFO  k.p.s.c.buildsystem.ProjectBuilder - main project[sample_test]'s message encoder file[PublicKeyReq][D:\gitsinnori\sinnori\project\sample_test\client_build\app_build\src\main\java\kr\pe\sinnori\impl\message] creation task end
06:35:52.996 [main] INFO  k.p.s.c.buildsystem.ProjectBuilder - main project[sample_test]'s message server codec file[PublicKeyReq][D:\gitsinnori\sinnori\project\sample_test\client_build\app_build\src\main\java\kr\pe\sinnori\impl\message] creation task start
06:35:52.996 [main] INFO  k.p.s.c.buildsystem.ProjectBuilder - main project[sample_test]'s message server codec file[PublicKeyReq][D:\gitsinnori\sinnori\project\sample_test\client_build\app_build\src\main\java\kr\pe\sinnori\impl\message] creation task end
06:35:52.996 [main] INFO  k.p.s.c.buildsystem.ProjectBuilder - main project[sample_test]'s message client codec file[PublicKeyReq][D:\gitsinnori\sinnori\project\sample_test\client_build\app_build\src\main\java\kr\pe\sinnori\impl\message] creation task start
06:35:52.996 [main] INFO  k.p.s.c.buildsystem.ProjectBuilder - main project[sample_test]'s message client codec file[PublicKeyReq][D:\gitsinnori\sinnori\project\sample_test\client_build\app_build\src\main\java\kr\pe\sinnori\impl\message] creation task end
06:35:52.996 [main] INFO  k.p.s.common.util.CommonStaticUtil - the new child relative direcotry[D:\gitsinnori\sinnori\project\sample_test\client_build\app_build\src\main\java\kr\pe\sinnori\impl\message][PublicKeyRes] was created successfully
06:35:52.996 [main] INFO  k.p.s.c.buildsystem.ProjectBuilder - main project[sample_test]'s message file[PublicKeyRes][D:\gitsinnori\sinnori\project\sample_test\client_build\app_build\src\main\java\kr\pe\sinnori\impl\message] creation task start
06:35:53.011 [main] INFO  k.p.s.c.buildsystem.ProjectBuilder - main project[sample_test]'s message file[PublicKeyRes][D:\gitsinnori\sinnori\project\sample_test\client_build\app_build\src\main\java\kr\pe\sinnori\impl\message] creation task end
06:35:53.011 [main] INFO  k.p.s.c.buildsystem.ProjectBuilder - main project[sample_test]'s message decoder file[PublicKeyRes][D:\gitsinnori\sinnori\project\sample_test\client_build\app_build\src\main\java\kr\pe\sinnori\impl\message] creation task start
06:35:53.011 [main] INFO  k.p.s.c.buildsystem.ProjectBuilder - main project[sample_test]'s message decoder file[PublicKeyRes][D:\gitsinnori\sinnori\project\sample_test\client_build\app_build\src\main\java\kr\pe\sinnori\impl\message] creation task end
06:35:53.011 [main] INFO  k.p.s.c.buildsystem.ProjectBuilder - main project[sample_test]'s message encoder file[PublicKeyRes][D:\gitsinnori\sinnori\project\sample_test\client_build\app_build\src\main\java\kr\pe\sinnori\impl\message] creation task start
06:35:53.011 [main] INFO  k.p.s.c.buildsystem.ProjectBuilder - main project[sample_test]'s message encoder file[PublicKeyRes][D:\gitsinnori\sinnori\project\sample_test\client_build\app_build\src\main\java\kr\pe\sinnori\impl\message] creation task end
06:35:53.011 [main] INFO  k.p.s.c.buildsystem.ProjectBuilder - main project[sample_test]'s message server codec file[PublicKeyRes][D:\gitsinnori\sinnori\project\sample_test\client_build\app_build\src\main\java\kr\pe\sinnori\impl\message] creation task start
06:35:53.011 [main] INFO  k.p.s.c.buildsystem.ProjectBuilder - main project[sample_test]'s message server codec file[PublicKeyRes][D:\gitsinnori\sinnori\project\sample_test\client_build\app_build\src\main\java\kr\pe\sinnori\impl\message] creation task end
06:35:53.011 [main] INFO  k.p.s.c.buildsystem.ProjectBuilder - main project[sample_test]'s message client codec file[PublicKeyRes][D:\gitsinnori\sinnori\project\sample_test\client_build\app_build\src\main\java\kr\pe\sinnori\impl\message] creation task start
06:35:53.011 [main] INFO  k.p.s.c.buildsystem.ProjectBuilder - main project[sample_test]'s message client codec file[PublicKeyRes][D:\gitsinnori\sinnori\project\sample_test\client_build\app_build\src\main\java\kr\pe\sinnori\impl\message] creation task end
06:35:53.011 [main] INFO  k.p.s.c.buildsystem.ProjectBuilder - main project[sample_test]'s application client message io file set creation task end
06:35:53.011 [main] INFO  k.p.s.c.buildsystem.ProjectBuilder - mainproject[sample_test]'s application client build system files creation task end
06:35:53.011 [main] INFO  k.p.s.c.buildsystem.ProjectBuilder - main project[sample_test]'s web client build path deletion task start
06:35:53.027 [main] INFO  k.p.s.c.buildsystem.ProjectBuilder - main project[sample_test]'s web client build path deletion task end
06:35:53.027 [main] INFO  k.p.s.c.buildsystem.ProjectBuilder - main project[sample_test]'s web root path deletion task start
06:35:53.027 [main] INFO  k.p.s.c.buildsystem.ProjectBuilder - main project[sample_test]'s web root path deletion task end
06:35:53.027 [main] INFO  k.p.s.c.buildsystem.ProjectBuilder - main project[sample_test]'s config file overwrite task start
06:35:53.042 [main] INFO  k.p.s.c.buildsystem.ProjectBuilder - main project[sample_test]'s config file overwrite task end
06:35:53.042 [main] INFO  k.p.s.c.buildsystem.ProjectBuilder - main project[sample_test] changeProjectState method end
06:35:53.042 [main] INFO  k.p.s.c.buildsystem.ProjectBuilder - the server ant build.xml file[D:\gitsinnori\sinnori\project\sample_test\server_build\build.xml] is bad :: whetherExist[false] isFile[false]
06:35:53.042 [main] INFO  k.p.s.c.buildsystem.ProjectBuilder - the web client ant build.xml file[D:\gitsinnori\sinnori\project\sample_test\client_build\web_build\build.xml] is bad :: whetherExist[false] isFile[false]
06:35:53.042 [main] INFO  k.p.s.c.buildsystem.ProjectBuilder - the web.xml file[D:\gitsinnori\sinnori\project\sample_test\web_app_base\ROOT\WEB-INF\web.xml] located at web root directory is bad :: whetherExist[false] isFile[false]
06:35:53.105 [main] INFO  k.p.s.c.buildsystem.ProjectBuilder - main project[sample_test] changeProjectState method start
06:35:53.105 [main] INFO  k.p.s.c.buildsystem.ProjectBuilder - the server ant build.xml file[D:\gitsinnori\sinnori\project\sample_test\server_build\build.xml] is bad :: whetherExist[false] isFile[false]
06:35:53.105 [main] WARN  k.p.s.c.buildsystem.ProjectBuilder - the server buid.xml file[D:\gitsinnori\sinnori\project\sample_test\server_build\build.xml] is bad beacse it doesn't exist or is not a file, so skip deletion of server build system
06:35:53.105 [main] WARN  k.p.s.c.buildsystem.ProjectBuilder - the app client build path[D:\gitsinnori\sinnori\project\sample_test\client_build\app_build] exist, so skip creation of app client build system
06:35:53.105 [main] INFO  k.p.s.c.buildsystem.ProjectBuilder - main project[sample_test]'s web build child direcotry creation task start
06:35:53.105 [main] INFO  k.p.s.common.util.CommonStaticUtil - the new child relative direcotry[D:\gitsinnori\sinnori\project\sample_test][client_build/web_build/corelib/ex] was created successfully
06:35:53.105 [main] INFO  k.p.s.common.util.CommonStaticUtil - the new child relative direcotry[D:\gitsinnori\sinnori\project\sample_test][client_build/web_build/corelib/in] was created successfully
06:35:53.105 [main] INFO  k.p.s.common.util.CommonStaticUtil - the new child relative direcotry[D:\gitsinnori\sinnori\project\sample_test][client_build/web_build/lib/main/ex] was created successfully
06:35:53.105 [main] INFO  k.p.s.common.util.CommonStaticUtil - the new child relative direcotry[D:\gitsinnori\sinnori\project\sample_test][client_build/web_build/lib/main/in] was created successfully
06:35:53.105 [main] INFO  k.p.s.common.util.CommonStaticUtil - the new child relative direcotry[D:\gitsinnori\sinnori\project\sample_test][client_build/web_build/lib/test] was created successfully
06:35:53.105 [main] INFO  k.p.s.common.util.CommonStaticUtil - the new child relative direcotry[D:\gitsinnori\sinnori\project\sample_test][client_build/web_build/src/main/java/kr/pe/sinnori/impl/message] was created successfully
06:35:53.105 [main] INFO  k.p.s.common.util.CommonStaticUtil - the new child relative direcotry[D:\gitsinnori\sinnori\project\sample_test][client_build/web_build/src/main/java//kr/pe/sinnori/servlet] was created successfully
06:35:53.105 [main] INFO  k.p.s.common.util.CommonStaticUtil - the new child relative direcotry[D:\gitsinnori\sinnori\project\sample_test][client_build/web_build/src/main/java/kr/pe/sinnori/weblib/common] was created successfully
06:35:53.105 [main] INFO  k.p.s.common.util.CommonStaticUtil - the new child relative direcotry[D:\gitsinnori\sinnori\project\sample_test][client_build/web_build/src/main/java/kr/pe/sinnori/weblib/htmlstring] was created successfully
06:35:53.105 [main] INFO  k.p.s.common.util.CommonStaticUtil - the new child relative direcotry[D:\gitsinnori\sinnori\project\sample_test][client_build/web_build/src/main/java/kr/pe/sinnori/weblib/jdf] was created successfully
06:35:53.105 [main] INFO  k.p.s.common.util.CommonStaticUtil - the new child relative direcotry[D:\gitsinnori\sinnori\project\sample_test][client_build/web_build/src/test/java] was created successfully
06:35:53.105 [main] INFO  k.p.s.common.util.CommonStaticUtil - the new child relative direcotry[D:\gitsinnori\sinnori\project\sample_test][client_build/web_build/build] was created successfully
06:35:53.105 [main] INFO  k.p.s.common.util.CommonStaticUtil - the new child relative direcotry[D:\gitsinnori\sinnori\project\sample_test][client_build/web_build/dist] was created successfully
06:35:53.105 [main] INFO  k.p.s.c.buildsystem.ProjectBuilder - main project[sample_test]'s web build child direcotry creation task end
06:35:53.105 [main] INFO  k.p.s.c.buildsystem.ProjectBuilder - main project[sample_test]'s web client build system files creation task start
06:35:53.105 [main] INFO  k.p.s.c.buildsystem.ProjectBuilder - main project[sample_test]'s web client ant build.xml file creation task start
06:35:53.105 [main] INFO  k.p.s.c.buildsystem.ProjectBuilder - main project[sample_test]'s web client ant build.xml file creation task end
06:35:53.105 [main] INFO  k.p.s.c.buildsystem.ProjectBuilder - main project[sample_test]'s web client ant properties file creation task start
06:35:53.105 [main] INFO  k.p.s.c.util.SequencedPropertiesUtil - the sequenced properties file[D:\gitsinnori\sinnori\project\sample_test\client_build\web_build\webAnt.properties] was created
06:35:53.105 [main] INFO  k.p.s.c.buildsystem.ProjectBuilder - main project[sample_test]'s web client ant properties file creation task end
06:35:53.105 [main] INFO  k.p.s.c.buildsystem.ProjectBuilder - main project[sample_test]'s web client message io file set creation task start
06:35:53.105 [main] INFO  k.p.s.common.util.CommonStaticUtil - the new child relative direcotry[D:\gitsinnori\sinnori\project\sample_test\client_build\web_build\src\main\java\kr\pe\sinnori\impl\message][Echo] was created successfully
06:35:53.105 [main] INFO  k.p.s.c.buildsystem.ProjectBuilder - main project[sample_test]'s message file[Echo][D:\gitsinnori\sinnori\project\sample_test\client_build\web_build\src\main\java\kr\pe\sinnori\impl\message] creation task start
06:35:53.120 [main] INFO  k.p.s.c.buildsystem.ProjectBuilder - main project[sample_test]'s message file[Echo][D:\gitsinnori\sinnori\project\sample_test\client_build\web_build\src\main\java\kr\pe\sinnori\impl\message] creation task end
06:35:53.120 [main] INFO  k.p.s.c.buildsystem.ProjectBuilder - main project[sample_test]'s message decoder file[Echo][D:\gitsinnori\sinnori\project\sample_test\client_build\web_build\src\main\java\kr\pe\sinnori\impl\message] creation task start
06:35:53.120 [main] INFO  k.p.s.c.buildsystem.ProjectBuilder - main project[sample_test]'s message decoder file[Echo][D:\gitsinnori\sinnori\project\sample_test\client_build\web_build\src\main\java\kr\pe\sinnori\impl\message] creation task end
06:35:53.120 [main] INFO  k.p.s.c.buildsystem.ProjectBuilder - main project[sample_test]'s message encoder file[Echo][D:\gitsinnori\sinnori\project\sample_test\client_build\web_build\src\main\java\kr\pe\sinnori\impl\message] creation task start
06:35:53.120 [main] INFO  k.p.s.c.buildsystem.ProjectBuilder - main project[sample_test]'s message encoder file[Echo][D:\gitsinnori\sinnori\project\sample_test\client_build\web_build\src\main\java\kr\pe\sinnori\impl\message] creation task end
06:35:53.214 [main] INFO  k.p.s.c.buildsystem.ProjectBuilder - main project[sample_test]'s message server codec file[Echo][D:\gitsinnori\sinnori\project\sample_test\client_build\web_build\src\main\java\kr\pe\sinnori\impl\message] creation task start
06:35:53.214 [main] INFO  k.p.s.c.buildsystem.ProjectBuilder - main project[sample_test]'s message server codec file[Echo][D:\gitsinnori\sinnori\project\sample_test\client_build\web_build\src\main\java\kr\pe\sinnori\impl\message] creation task end
06:35:53.214 [main] INFO  k.p.s.c.buildsystem.ProjectBuilder - main project[sample_test]'s message client codec file[Echo][D:\gitsinnori\sinnori\project\sample_test\client_build\web_build\src\main\java\kr\pe\sinnori\impl\message] creation task start
06:35:53.214 [main] INFO  k.p.s.c.buildsystem.ProjectBuilder - main project[sample_test]'s message client codec file[Echo][D:\gitsinnori\sinnori\project\sample_test\client_build\web_build\src\main\java\kr\pe\sinnori\impl\message] creation task end
06:35:53.214 [main] INFO  k.p.s.common.util.CommonStaticUtil - the new child relative direcotry[D:\gitsinnori\sinnori\project\sample_test\client_build\web_build\src\main\java\kr\pe\sinnori\impl\message][PublicKeyReq] was created successfully
06:35:53.214 [main] INFO  k.p.s.c.buildsystem.ProjectBuilder - main project[sample_test]'s message file[PublicKeyReq][D:\gitsinnori\sinnori\project\sample_test\client_build\web_build\src\main\java\kr\pe\sinnori\impl\message] creation task start
06:35:53.230 [main] INFO  k.p.s.c.buildsystem.ProjectBuilder - main project[sample_test]'s message file[PublicKeyReq][D:\gitsinnori\sinnori\project\sample_test\client_build\web_build\src\main\java\kr\pe\sinnori\impl\message] creation task end
06:35:53.230 [main] INFO  k.p.s.c.buildsystem.ProjectBuilder - main project[sample_test]'s message decoder file[PublicKeyReq][D:\gitsinnori\sinnori\project\sample_test\client_build\web_build\src\main\java\kr\pe\sinnori\impl\message] creation task start
06:35:53.230 [main] INFO  k.p.s.c.buildsystem.ProjectBuilder - main project[sample_test]'s message decoder file[PublicKeyReq][D:\gitsinnori\sinnori\project\sample_test\client_build\web_build\src\main\java\kr\pe\sinnori\impl\message] creation task end
06:35:53.230 [main] INFO  k.p.s.c.buildsystem.ProjectBuilder - main project[sample_test]'s message encoder file[PublicKeyReq][D:\gitsinnori\sinnori\project\sample_test\client_build\web_build\src\main\java\kr\pe\sinnori\impl\message] creation task start
06:35:53.246 [main] INFO  k.p.s.c.buildsystem.ProjectBuilder - main project[sample_test]'s message encoder file[PublicKeyReq][D:\gitsinnori\sinnori\project\sample_test\client_build\web_build\src\main\java\kr\pe\sinnori\impl\message] creation task end
06:35:53.246 [main] INFO  k.p.s.c.buildsystem.ProjectBuilder - main project[sample_test]'s message server codec file[PublicKeyReq][D:\gitsinnori\sinnori\project\sample_test\client_build\web_build\src\main\java\kr\pe\sinnori\impl\message] creation task start
06:35:53.246 [main] INFO  k.p.s.c.buildsystem.ProjectBuilder - main project[sample_test]'s message server codec file[PublicKeyReq][D:\gitsinnori\sinnori\project\sample_test\client_build\web_build\src\main\java\kr\pe\sinnori\impl\message] creation task end
06:35:53.246 [main] INFO  k.p.s.c.buildsystem.ProjectBuilder - main project[sample_test]'s message client codec file[PublicKeyReq][D:\gitsinnori\sinnori\project\sample_test\client_build\web_build\src\main\java\kr\pe\sinnori\impl\message] creation task start
06:35:53.246 [main] INFO  k.p.s.c.buildsystem.ProjectBuilder - main project[sample_test]'s message client codec file[PublicKeyReq][D:\gitsinnori\sinnori\project\sample_test\client_build\web_build\src\main\java\kr\pe\sinnori\impl\message] creation task end
06:35:53.246 [main] INFO  k.p.s.common.util.CommonStaticUtil - the new child relative direcotry[D:\gitsinnori\sinnori\project\sample_test\client_build\web_build\src\main\java\kr\pe\sinnori\impl\message][PublicKeyRes] was created successfully
06:35:53.246 [main] INFO  k.p.s.c.buildsystem.ProjectBuilder - main project[sample_test]'s message file[PublicKeyRes][D:\gitsinnori\sinnori\project\sample_test\client_build\web_build\src\main\java\kr\pe\sinnori\impl\message] creation task start
06:35:53.261 [main] INFO  k.p.s.c.buildsystem.ProjectBuilder - main project[sample_test]'s message file[PublicKeyRes][D:\gitsinnori\sinnori\project\sample_test\client_build\web_build\src\main\java\kr\pe\sinnori\impl\message] creation task end
06:35:53.261 [main] INFO  k.p.s.c.buildsystem.ProjectBuilder - main project[sample_test]'s message decoder file[PublicKeyRes][D:\gitsinnori\sinnori\project\sample_test\client_build\web_build\src\main\java\kr\pe\sinnori\impl\message] creation task start
06:35:53.261 [main] INFO  k.p.s.c.buildsystem.ProjectBuilder - main project[sample_test]'s message decoder file[PublicKeyRes][D:\gitsinnori\sinnori\project\sample_test\client_build\web_build\src\main\java\kr\pe\sinnori\impl\message] creation task end
06:35:53.261 [main] INFO  k.p.s.c.buildsystem.ProjectBuilder - main project[sample_test]'s message encoder file[PublicKeyRes][D:\gitsinnori\sinnori\project\sample_test\client_build\web_build\src\main\java\kr\pe\sinnori\impl\message] creation task start
06:35:53.261 [main] INFO  k.p.s.c.buildsystem.ProjectBuilder - main project[sample_test]'s message encoder file[PublicKeyRes][D:\gitsinnori\sinnori\project\sample_test\client_build\web_build\src\main\java\kr\pe\sinnori\impl\message] creation task end
06:35:53.261 [main] INFO  k.p.s.c.buildsystem.ProjectBuilder - main project[sample_test]'s message server codec file[PublicKeyRes][D:\gitsinnori\sinnori\project\sample_test\client_build\web_build\src\main\java\kr\pe\sinnori\impl\message] creation task start
06:35:53.261 [main] INFO  k.p.s.c.buildsystem.ProjectBuilder - main project[sample_test]'s message server codec file[PublicKeyRes][D:\gitsinnori\sinnori\project\sample_test\client_build\web_build\src\main\java\kr\pe\sinnori\impl\message] creation task end
06:35:53.261 [main] INFO  k.p.s.c.buildsystem.ProjectBuilder - main project[sample_test]'s message client codec file[PublicKeyRes][D:\gitsinnori\sinnori\project\sample_test\client_build\web_build\src\main\java\kr\pe\sinnori\impl\message] creation task start
06:35:53.261 [main] INFO  k.p.s.c.buildsystem.ProjectBuilder - main project[sample_test]'s message client codec file[PublicKeyRes][D:\gitsinnori\sinnori\project\sample_test\client_build\web_build\src\main\java\kr\pe\sinnori\impl\message] creation task end
06:35:53.261 [main] INFO  k.p.s.c.buildsystem.ProjectBuilder - main project[sample_test]'s web client message io file set creation task end
06:35:53.261 [main] INFO  k.p.s.c.buildsystem.ProjectBuilder - mainproject[sample_test]'s web client sample source files copy task start
06:35:53.324 [main] INFO  k.p.s.c.buildsystem.ProjectBuilder - mainproject[sample_test]'s web client sample source files copy task end
06:35:53.324 [main] INFO  k.p.s.c.buildsystem.ProjectBuilder - main project[sample_test]'s web client build system files creation task end
06:35:53.324 [main] INFO  k.p.s.c.buildsystem.ProjectBuilder - main project[sample_test]'s web root child direcotry creation task start
06:35:53.324 [main] INFO  k.p.s.common.util.CommonStaticUtil - the child relative direcotry[D:\gitsinnori\sinnori\project\sample_test][web_app_base/upload] exist, so nothing
06:35:53.324 [main] INFO  k.p.s.common.util.CommonStaticUtil - the new child relative direcotry[D:\gitsinnori\sinnori\project\sample_test][web_app_base/ROOT/WEB-INF/classes] was created successfully
06:35:53.324 [main] INFO  k.p.s.common.util.CommonStaticUtil - the new child relative direcotry[D:\gitsinnori\sinnori\project\sample_test][web_app_base/ROOT/WEB-INF/lib] was created successfully
06:35:53.324 [main] INFO  k.p.s.c.buildsystem.ProjectBuilder - main project[sample_test]'s web root child direcotry creation task end
06:35:53.324 [main] INFO  k.p.s.c.buildsystem.ProjectBuilder - main project[sample_test]'s web root sample files creation task start
06:35:53.324 [main] INFO  k.p.s.c.buildsystem.ProjectBuilder - main project[sample_test]'s web root sample files copy task start
06:35:53.339 [main] INFO  k.p.s.c.buildsystem.ProjectBuilder - main project[sample_test]'s web root sample files copy task end
06:35:53.339 [main] INFO  k.p.s.c.buildsystem.ProjectBuilder - main project[sample_test]'s web root sample files creation task end
06:35:53.355 [main] INFO  k.p.s.c.buildsystem.ProjectBuilder - main project[sample_test]'s config file overwrite task start
06:35:53.355 [main] INFO  k.p.s.c.buildsystem.ProjectBuilder - main project[sample_test]'s config file overwrite task end
06:35:53.355 [main] INFO  k.p.s.c.buildsystem.ProjectBuilder - main project[sample_test] changeProjectState method end
06:35:53.355 [main] INFO  k.p.s.c.buildsystem.ProjectBuilder - the server ant build.xml file[D:\gitsinnori\sinnori\project\sample_test\server_build\build.xml] is bad :: whetherExist[false] isFile[false]
06:35:53.355 [main] INFO  k.p.s.c.buildsystem.ProjectBuilder - main project[sample_test] changeProjectState method start
06:35:53.355 [main] INFO  k.p.s.c.buildsystem.ProjectBuilder - main project[sample_test]'s server child direcotry creation task start
06:35:53.355 [main] INFO  k.p.s.common.util.CommonStaticUtil - the new child relative direcotry[D:\gitsinnori\sinnori\project\sample_test][server_build/APP-INF/classes] was created successfully
06:35:53.355 [main] INFO  k.p.s.common.util.CommonStaticUtil - the new child relative direcotry[D:\gitsinnori\sinnori\project\sample_test][server_build/corelib/ex] was created successfully
06:35:53.355 [main] INFO  k.p.s.common.util.CommonStaticUtil - the new child relative direcotry[D:\gitsinnori\sinnori\project\sample_test][server_build/corelib/in] was created successfully
06:35:53.355 [main] INFO  k.p.s.common.util.CommonStaticUtil - the new child relative direcotry[D:\gitsinnori\sinnori\project\sample_test][server_build/lib/main/ex] was created successfully
06:35:53.355 [main] INFO  k.p.s.common.util.CommonStaticUtil - the new child relative direcotry[D:\gitsinnori\sinnori\project\sample_test][server_build/lib/main/in] was created successfully
06:35:53.355 [main] INFO  k.p.s.common.util.CommonStaticUtil - the new child relative direcotry[D:\gitsinnori\sinnori\project\sample_test][server_build/lib/test] was created successfully
06:35:53.355 [main] INFO  k.p.s.common.util.CommonStaticUtil - the new child relative direcotry[D:\gitsinnori\sinnori\project\sample_test][server_build/src/main/java/kr/pe/sinnori/impl/servertask] was created successfully
06:35:53.355 [main] INFO  k.p.s.common.util.CommonStaticUtil - the new child relative direcotry[D:\gitsinnori\sinnori\project\sample_test][server_build/src/main/java/kr/pe/sinnori/impl/message] was created successfully
06:35:53.355 [main] INFO  k.p.s.common.util.CommonStaticUtil - the new child relative direcotry[D:\gitsinnori\sinnori\project\sample_test][server_build/src/main/java/main] was created successfully
06:35:53.355 [main] INFO  k.p.s.common.util.CommonStaticUtil - the new child relative direcotry[D:\gitsinnori\sinnori\project\sample_test][server_build/src/test/java] was created successfully
06:35:53.355 [main] INFO  k.p.s.common.util.CommonStaticUtil - the new child relative direcotry[D:\gitsinnori\sinnori\project\sample_test][server_build/build] was created successfully
06:35:53.355 [main] INFO  k.p.s.common.util.CommonStaticUtil - the new child relative direcotry[D:\gitsinnori\sinnori\project\sample_test][server_build/dist] was created successfully
06:35:53.355 [main] INFO  k.p.s.c.buildsystem.ProjectBuilder - main project[sample_test]'s server child direcotry creation task end
06:35:53.355 [main] INFO  k.p.s.c.buildsystem.ProjectBuilder - server build system files creation task start
06:35:53.355 [main] INFO  k.p.s.c.buildsystem.ProjectBuilder - main project[sample_test]'s server ant build.xml file creation task start
06:35:53.355 [main] INFO  k.p.s.c.buildsystem.ProjectBuilder - main project[sample_test]'s server ant build.xml file creation task end
06:35:53.355 [main] INFO  k.p.s.c.buildsystem.ProjectBuilder - main project[sample_test]'s server dos shell file creation task start
06:35:53.355 [main] INFO  k.p.s.c.buildsystem.ProjectBuilder - main project[sample_test]'s server dos shell file creation task end
06:35:53.355 [main] INFO  k.p.s.c.buildsystem.ProjectBuilder - main project[sample_test]'s server unix shell file creation task start
06:35:53.371 [main] INFO  k.p.s.c.buildsystem.ProjectBuilder - main project[sample_test]'s server unix shell file creation task end
06:35:53.371 [main] INFO  k.p.s.c.buildsystem.ProjectBuilder - server sample source files copy task start
06:35:53.371 [main] INFO  k.p.s.c.buildsystem.ProjectBuilder - server sample source files copy task end
06:35:53.371 [main] INFO  k.p.s.c.buildsystem.ProjectBuilder - main project[sample_test]'s server message io file set creation task start
06:35:53.371 [main] INFO  k.p.s.common.util.CommonStaticUtil - the new child relative direcotry[D:\gitsinnori\sinnori\project\sample_test\server_build\src\main\java\kr\pe\sinnori\impl\message][Echo] was created successfully
06:35:53.371 [main] INFO  k.p.s.c.buildsystem.ProjectBuilder - main project[sample_test]'s message file[Echo][D:\gitsinnori\sinnori\project\sample_test\server_build\src\main\java\kr\pe\sinnori\impl\message] creation task start
06:35:53.371 [main] INFO  k.p.s.c.buildsystem.ProjectBuilder - main project[sample_test]'s message file[Echo][D:\gitsinnori\sinnori\project\sample_test\server_build\src\main\java\kr\pe\sinnori\impl\message] creation task end
06:35:53.371 [main] INFO  k.p.s.c.buildsystem.ProjectBuilder - main project[sample_test]'s message decoder file[Echo][D:\gitsinnori\sinnori\project\sample_test\server_build\src\main\java\kr\pe\sinnori\impl\message] creation task start
06:35:53.371 [main] INFO  k.p.s.c.buildsystem.ProjectBuilder - main project[sample_test]'s message decoder file[Echo][D:\gitsinnori\sinnori\project\sample_test\server_build\src\main\java\kr\pe\sinnori\impl\message] creation task end
06:35:53.371 [main] INFO  k.p.s.c.buildsystem.ProjectBuilder - main project[sample_test]'s message encoder file[Echo][D:\gitsinnori\sinnori\project\sample_test\server_build\src\main\java\kr\pe\sinnori\impl\message] creation task start
06:35:53.386 [main] INFO  k.p.s.c.buildsystem.ProjectBuilder - main project[sample_test]'s message encoder file[Echo][D:\gitsinnori\sinnori\project\sample_test\server_build\src\main\java\kr\pe\sinnori\impl\message] creation task end
06:35:53.386 [main] INFO  k.p.s.c.buildsystem.ProjectBuilder - main project[sample_test]'s message server codec file[Echo][D:\gitsinnori\sinnori\project\sample_test\server_build\src\main\java\kr\pe\sinnori\impl\message] creation task start
06:35:53.386 [main] INFO  k.p.s.c.buildsystem.ProjectBuilder - main project[sample_test]'s message server codec file[Echo][D:\gitsinnori\sinnori\project\sample_test\server_build\src\main\java\kr\pe\sinnori\impl\message] creation task end
06:35:53.386 [main] INFO  k.p.s.c.buildsystem.ProjectBuilder - main project[sample_test]'s message client codec file[Echo][D:\gitsinnori\sinnori\project\sample_test\server_build\src\main\java\kr\pe\sinnori\impl\message] creation task start
06:35:53.386 [main] INFO  k.p.s.c.buildsystem.ProjectBuilder - main project[sample_test]'s message client codec file[Echo][D:\gitsinnori\sinnori\project\sample_test\server_build\src\main\java\kr\pe\sinnori\impl\message] creation task end
06:35:53.386 [main] INFO  k.p.s.common.util.CommonStaticUtil - the new child relative direcotry[D:\gitsinnori\sinnori\project\sample_test\server_build\src\main\java\kr\pe\sinnori\impl\message][PublicKeyReq] was created successfully
06:35:53.386 [main] INFO  k.p.s.c.buildsystem.ProjectBuilder - main project[sample_test]'s message file[PublicKeyReq][D:\gitsinnori\sinnori\project\sample_test\server_build\src\main\java\kr\pe\sinnori\impl\message] creation task start
06:35:53.386 [main] INFO  k.p.s.c.buildsystem.ProjectBuilder - main project[sample_test]'s message file[PublicKeyReq][D:\gitsinnori\sinnori\project\sample_test\server_build\src\main\java\kr\pe\sinnori\impl\message] creation task end
06:35:53.386 [main] INFO  k.p.s.c.buildsystem.ProjectBuilder - main project[sample_test]'s message decoder file[PublicKeyReq][D:\gitsinnori\sinnori\project\sample_test\server_build\src\main\java\kr\pe\sinnori\impl\message] creation task start
06:35:53.386 [main] INFO  k.p.s.c.buildsystem.ProjectBuilder - main project[sample_test]'s message decoder file[PublicKeyReq][D:\gitsinnori\sinnori\project\sample_test\server_build\src\main\java\kr\pe\sinnori\impl\message] creation task end
06:35:53.386 [main] INFO  k.p.s.c.buildsystem.ProjectBuilder - main project[sample_test]'s message encoder file[PublicKeyReq][D:\gitsinnori\sinnori\project\sample_test\server_build\src\main\java\kr\pe\sinnori\impl\message] creation task start
06:35:53.480 [main] INFO  k.p.s.c.buildsystem.ProjectBuilder - main project[sample_test]'s message encoder file[PublicKeyReq][D:\gitsinnori\sinnori\project\sample_test\server_build\src\main\java\kr\pe\sinnori\impl\message] creation task end
06:35:53.480 [main] INFO  k.p.s.c.buildsystem.ProjectBuilder - main project[sample_test]'s message server codec file[PublicKeyReq][D:\gitsinnori\sinnori\project\sample_test\server_build\src\main\java\kr\pe\sinnori\impl\message] creation task start
06:35:53.480 [main] INFO  k.p.s.c.buildsystem.ProjectBuilder - main project[sample_test]'s message server codec file[PublicKeyReq][D:\gitsinnori\sinnori\project\sample_test\server_build\src\main\java\kr\pe\sinnori\impl\message] creation task end
06:35:53.480 [main] INFO  k.p.s.c.buildsystem.ProjectBuilder - main project[sample_test]'s message client codec file[PublicKeyReq][D:\gitsinnori\sinnori\project\sample_test\server_build\src\main\java\kr\pe\sinnori\impl\message] creation task start
06:35:53.480 [main] INFO  k.p.s.c.buildsystem.ProjectBuilder - main project[sample_test]'s message client codec file[PublicKeyReq][D:\gitsinnori\sinnori\project\sample_test\server_build\src\main\java\kr\pe\sinnori\impl\message] creation task end
06:35:53.480 [main] INFO  k.p.s.common.util.CommonStaticUtil - the new child relative direcotry[D:\gitsinnori\sinnori\project\sample_test\server_build\src\main\java\kr\pe\sinnori\impl\message][PublicKeyRes] was created successfully
06:35:53.480 [main] INFO  k.p.s.c.buildsystem.ProjectBuilder - main project[sample_test]'s message file[PublicKeyRes][D:\gitsinnori\sinnori\project\sample_test\server_build\src\main\java\kr\pe\sinnori\impl\message] creation task start
06:35:53.480 [main] INFO  k.p.s.c.buildsystem.ProjectBuilder - main project[sample_test]'s message file[PublicKeyRes][D:\gitsinnori\sinnori\project\sample_test\server_build\src\main\java\kr\pe\sinnori\impl\message] creation task end
06:35:53.480 [main] INFO  k.p.s.c.buildsystem.ProjectBuilder - main project[sample_test]'s message decoder file[PublicKeyRes][D:\gitsinnori\sinnori\project\sample_test\server_build\src\main\java\kr\pe\sinnori\impl\message] creation task start
06:35:53.480 [main] INFO  k.p.s.c.buildsystem.ProjectBuilder - main project[sample_test]'s message decoder file[PublicKeyRes][D:\gitsinnori\sinnori\project\sample_test\server_build\src\main\java\kr\pe\sinnori\impl\message] creation task end
06:35:53.480 [main] INFO  k.p.s.c.buildsystem.ProjectBuilder - main project[sample_test]'s message encoder file[PublicKeyRes][D:\gitsinnori\sinnori\project\sample_test\server_build\src\main\java\kr\pe\sinnori\impl\message] creation task start
06:35:53.496 [main] INFO  k.p.s.c.buildsystem.ProjectBuilder - main project[sample_test]'s message encoder file[PublicKeyRes][D:\gitsinnori\sinnori\project\sample_test\server_build\src\main\java\kr\pe\sinnori\impl\message] creation task end
06:35:53.496 [main] INFO  k.p.s.c.buildsystem.ProjectBuilder - main project[sample_test]'s message server codec file[PublicKeyRes][D:\gitsinnori\sinnori\project\sample_test\server_build\src\main\java\kr\pe\sinnori\impl\message] creation task start
06:35:53.496 [main] INFO  k.p.s.c.buildsystem.ProjectBuilder - main project[sample_test]'s message server codec file[PublicKeyRes][D:\gitsinnori\sinnori\project\sample_test\server_build\src\main\java\kr\pe\sinnori\impl\message] creation task end
06:35:53.496 [main] INFO  k.p.s.c.buildsystem.ProjectBuilder - main project[sample_test]'s message client codec file[PublicKeyRes][D:\gitsinnori\sinnori\project\sample_test\server_build\src\main\java\kr\pe\sinnori\impl\message] creation task start
06:35:53.496 [main] INFO  k.p.s.c.buildsystem.ProjectBuilder - main project[sample_test]'s message client codec file[PublicKeyRes][D:\gitsinnori\sinnori\project\sample_test\server_build\src\main\java\kr\pe\sinnori\impl\message] creation task end
06:35:53.496 [main] INFO  k.p.s.c.buildsystem.ProjectBuilder - main project[sample_test]'s server message io file set creation task end
06:35:53.496 [main] INFO  k.p.s.c.buildsystem.ProjectBuilder - server build system files creation task end
06:35:53.496 [main] INFO  k.p.s.c.buildsystem.ProjectBuilder - mainproject[sample_test]'s application client build path deletion task start
06:35:53.496 [main] INFO  k.p.s.c.buildsystem.ProjectBuilder - mainproject[sample_test]'s application client build path deletion task end
06:35:53.496 [main] INFO  k.p.s.c.buildsystem.ProjectBuilder - main project[sample_test]'s web client build path deletion task start
06:35:53.511 [main] INFO  k.p.s.c.buildsystem.ProjectBuilder - main project[sample_test]'s web client build path deletion task end
06:35:53.511 [main] INFO  k.p.s.c.buildsystem.ProjectBuilder - main project[sample_test]'s web root path deletion task start
06:35:53.527 [main] INFO  k.p.s.c.buildsystem.ProjectBuilder - main project[sample_test]'s web root path deletion task end
06:35:53.527 [main] INFO  k.p.s.c.buildsystem.ProjectBuilder - main project[sample_test]'s config file overwrite task start
06:35:53.527 [main] INFO  k.p.s.c.buildsystem.ProjectBuilder - main project[sample_test]'s config file overwrite task end
06:35:53.527 [main] INFO  k.p.s.c.buildsystem.ProjectBuilder - main project[sample_test] changeProjectState method end
06:35:53.527 [main] INFO  k.p.s.c.buildsystem.ProjectBuilder - the app client ant build.xml file[D:\gitsinnori\sinnori\project\sample_test\client_build\app_build\build.xml] is bad :: whetherExist[false] isFile[false]
06:35:53.527 [main] INFO  k.p.s.c.buildsystem.ProjectBuilder - the web client ant build.xml file[D:\gitsinnori\sinnori\project\sample_test\client_build\web_build\build.xml] is bad :: whetherExist[false] isFile[false]
06:35:53.527 [main] INFO  k.p.s.c.buildsystem.ProjectBuilder - the web.xml file[D:\gitsinnori\sinnori\project\sample_test\web_app_base\ROOT\WEB-INF\web.xml] located at web root directory is bad :: whetherExist[false] isFile[false]
06:35:53.589 [main] INFO  k.p.s.c.buildsystem.ProjectBuilder - main project[sample_test] changeProjectState method start
06:35:53.589 [main] WARN  k.p.s.c.buildsystem.ProjectBuilder - the server build path[D:\gitsinnori\sinnori\project\sample_test\server_build] exist, so skip creation of server build system
06:35:53.589 [main] INFO  k.p.s.c.buildsystem.ProjectBuilder - the app client ant build.xml file[D:\gitsinnori\sinnori\project\sample_test\client_build\app_build\build.xml] is bad :: whetherExist[false] isFile[false]
06:35:53.589 [main] WARN  k.p.s.c.buildsystem.ProjectBuilder - the app client buid.xml file[D:\gitsinnori\sinnori\project\sample_test\client_build\app_build\build.xml] is bad beacse it doesn't exist or is not a file, so skip deletion of app client build system
06:35:53.589 [main] INFO  k.p.s.c.buildsystem.ProjectBuilder - main project[sample_test]'s web build child direcotry creation task start
06:35:53.589 [main] INFO  k.p.s.common.util.CommonStaticUtil - the new child relative direcotry[D:\gitsinnori\sinnori\project\sample_test][client_build/web_build/corelib/ex] was created successfully
06:35:53.589 [main] INFO  k.p.s.common.util.CommonStaticUtil - the new child relative direcotry[D:\gitsinnori\sinnori\project\sample_test][client_build/web_build/corelib/in] was created successfully
06:35:53.589 [main] INFO  k.p.s.common.util.CommonStaticUtil - the new child relative direcotry[D:\gitsinnori\sinnori\project\sample_test][client_build/web_build/lib/main/ex] was created successfully
06:35:53.589 [main] INFO  k.p.s.common.util.CommonStaticUtil - the new child relative direcotry[D:\gitsinnori\sinnori\project\sample_test][client_build/web_build/lib/main/in] was created successfully
06:35:53.589 [main] INFO  k.p.s.common.util.CommonStaticUtil - the new child relative direcotry[D:\gitsinnori\sinnori\project\sample_test][client_build/web_build/lib/test] was created successfully
06:35:53.605 [main] INFO  k.p.s.common.util.CommonStaticUtil - the new child relative direcotry[D:\gitsinnori\sinnori\project\sample_test][client_build/web_build/src/main/java/kr/pe/sinnori/impl/message] was created successfully
06:35:53.605 [main] INFO  k.p.s.common.util.CommonStaticUtil - the new child relative direcotry[D:\gitsinnori\sinnori\project\sample_test][client_build/web_build/src/main/java//kr/pe/sinnori/servlet] was created successfully
06:35:53.605 [main] INFO  k.p.s.common.util.CommonStaticUtil - the new child relative direcotry[D:\gitsinnori\sinnori\project\sample_test][client_build/web_build/src/main/java/kr/pe/sinnori/weblib/common] was created successfully
06:35:53.605 [main] INFO  k.p.s.common.util.CommonStaticUtil - the new child relative direcotry[D:\gitsinnori\sinnori\project\sample_test][client_build/web_build/src/main/java/kr/pe/sinnori/weblib/htmlstring] was created successfully
06:35:53.605 [main] INFO  k.p.s.common.util.CommonStaticUtil - the new child relative direcotry[D:\gitsinnori\sinnori\project\sample_test][client_build/web_build/src/main/java/kr/pe/sinnori/weblib/jdf] was created successfully
06:35:53.605 [main] INFO  k.p.s.common.util.CommonStaticUtil - the new child relative direcotry[D:\gitsinnori\sinnori\project\sample_test][client_build/web_build/src/test/java] was created successfully
06:35:53.605 [main] INFO  k.p.s.common.util.CommonStaticUtil - the new child relative direcotry[D:\gitsinnori\sinnori\project\sample_test][client_build/web_build/build] was created successfully
06:35:53.605 [main] INFO  k.p.s.common.util.CommonStaticUtil - the new child relative direcotry[D:\gitsinnori\sinnori\project\sample_test][client_build/web_build/dist] was created successfully
06:35:53.605 [main] INFO  k.p.s.c.buildsystem.ProjectBuilder - main project[sample_test]'s web build child direcotry creation task end
06:35:53.605 [main] INFO  k.p.s.c.buildsystem.ProjectBuilder - main project[sample_test]'s web client build system files creation task start
06:35:53.605 [main] INFO  k.p.s.c.buildsystem.ProjectBuilder - main project[sample_test]'s web client ant build.xml file creation task start
06:35:53.605 [main] INFO  k.p.s.c.buildsystem.ProjectBuilder - main project[sample_test]'s web client ant build.xml file creation task end
06:35:53.605 [main] INFO  k.p.s.c.buildsystem.ProjectBuilder - main project[sample_test]'s web client ant properties file creation task start
06:35:53.605 [main] INFO  k.p.s.c.util.SequencedPropertiesUtil - the sequenced properties file[D:\gitsinnori\sinnori\project\sample_test\client_build\web_build\webAnt.properties] was created
06:35:53.621 [main] INFO  k.p.s.c.buildsystem.ProjectBuilder - main project[sample_test]'s web client ant properties file creation task end
06:35:53.621 [main] INFO  k.p.s.c.buildsystem.ProjectBuilder - main project[sample_test]'s web client message io file set creation task start
06:35:53.621 [main] INFO  k.p.s.common.util.CommonStaticUtil - the new child relative direcotry[D:\gitsinnori\sinnori\project\sample_test\client_build\web_build\src\main\java\kr\pe\sinnori\impl\message][Echo] was created successfully
06:35:53.621 [main] INFO  k.p.s.c.buildsystem.ProjectBuilder - main project[sample_test]'s message file[Echo][D:\gitsinnori\sinnori\project\sample_test\client_build\web_build\src\main\java\kr\pe\sinnori\impl\message] creation task start
06:35:53.621 [main] INFO  k.p.s.c.buildsystem.ProjectBuilder - main project[sample_test]'s message file[Echo][D:\gitsinnori\sinnori\project\sample_test\client_build\web_build\src\main\java\kr\pe\sinnori\impl\message] creation task end
06:35:53.621 [main] INFO  k.p.s.c.buildsystem.ProjectBuilder - main project[sample_test]'s message decoder file[Echo][D:\gitsinnori\sinnori\project\sample_test\client_build\web_build\src\main\java\kr\pe\sinnori\impl\message] creation task start
06:35:53.621 [main] INFO  k.p.s.c.buildsystem.ProjectBuilder - main project[sample_test]'s message decoder file[Echo][D:\gitsinnori\sinnori\project\sample_test\client_build\web_build\src\main\java\kr\pe\sinnori\impl\message] creation task end
06:35:53.621 [main] INFO  k.p.s.c.buildsystem.ProjectBuilder - main project[sample_test]'s message encoder file[Echo][D:\gitsinnori\sinnori\project\sample_test\client_build\web_build\src\main\java\kr\pe\sinnori\impl\message] creation task start
06:35:53.621 [main] INFO  k.p.s.c.buildsystem.ProjectBuilder - main project[sample_test]'s message encoder file[Echo][D:\gitsinnori\sinnori\project\sample_test\client_build\web_build\src\main\java\kr\pe\sinnori\impl\message] creation task end
06:35:53.621 [main] INFO  k.p.s.c.buildsystem.ProjectBuilder - main project[sample_test]'s message server codec file[Echo][D:\gitsinnori\sinnori\project\sample_test\client_build\web_build\src\main\java\kr\pe\sinnori\impl\message] creation task start
06:35:53.636 [main] INFO  k.p.s.c.buildsystem.ProjectBuilder - main project[sample_test]'s message server codec file[Echo][D:\gitsinnori\sinnori\project\sample_test\client_build\web_build\src\main\java\kr\pe\sinnori\impl\message] creation task end
06:35:53.636 [main] INFO  k.p.s.c.buildsystem.ProjectBuilder - main project[sample_test]'s message client codec file[Echo][D:\gitsinnori\sinnori\project\sample_test\client_build\web_build\src\main\java\kr\pe\sinnori\impl\message] creation task start
06:35:53.636 [main] INFO  k.p.s.c.buildsystem.ProjectBuilder - main project[sample_test]'s message client codec file[Echo][D:\gitsinnori\sinnori\project\sample_test\client_build\web_build\src\main\java\kr\pe\sinnori\impl\message] creation task end
06:35:53.636 [main] INFO  k.p.s.common.util.CommonStaticUtil - the new child relative direcotry[D:\gitsinnori\sinnori\project\sample_test\client_build\web_build\src\main\java\kr\pe\sinnori\impl\message][PublicKeyReq] was created successfully
06:35:53.636 [main] INFO  k.p.s.c.buildsystem.ProjectBuilder - main project[sample_test]'s message file[PublicKeyReq][D:\gitsinnori\sinnori\project\sample_test\client_build\web_build\src\main\java\kr\pe\sinnori\impl\message] creation task start
06:35:53.636 [main] INFO  k.p.s.c.buildsystem.ProjectBuilder - main project[sample_test]'s message file[PublicKeyReq][D:\gitsinnori\sinnori\project\sample_test\client_build\web_build\src\main\java\kr\pe\sinnori\impl\message] creation task end
06:35:53.636 [main] INFO  k.p.s.c.buildsystem.ProjectBuilder - main project[sample_test]'s message decoder file[PublicKeyReq][D:\gitsinnori\sinnori\project\sample_test\client_build\web_build\src\main\java\kr\pe\sinnori\impl\message] creation task start
06:35:53.636 [main] INFO  k.p.s.c.buildsystem.ProjectBuilder - main project[sample_test]'s message decoder file[PublicKeyReq][D:\gitsinnori\sinnori\project\sample_test\client_build\web_build\src\main\java\kr\pe\sinnori\impl\message] creation task end
06:35:53.636 [main] INFO  k.p.s.c.buildsystem.ProjectBuilder - main project[sample_test]'s message encoder file[PublicKeyReq][D:\gitsinnori\sinnori\project\sample_test\client_build\web_build\src\main\java\kr\pe\sinnori\impl\message] creation task start
06:35:53.636 [main] INFO  k.p.s.c.buildsystem.ProjectBuilder - main project[sample_test]'s message encoder file[PublicKeyReq][D:\gitsinnori\sinnori\project\sample_test\client_build\web_build\src\main\java\kr\pe\sinnori\impl\message] creation task end
06:35:53.636 [main] INFO  k.p.s.c.buildsystem.ProjectBuilder - main project[sample_test]'s message server codec file[PublicKeyReq][D:\gitsinnori\sinnori\project\sample_test\client_build\web_build\src\main\java\kr\pe\sinnori\impl\message] creation task start
06:35:53.636 [main] INFO  k.p.s.c.buildsystem.ProjectBuilder - main project[sample_test]'s message server codec file[PublicKeyReq][D:\gitsinnori\sinnori\project\sample_test\client_build\web_build\src\main\java\kr\pe\sinnori\impl\message] creation task end
06:35:53.636 [main] INFO  k.p.s.c.buildsystem.ProjectBuilder - main project[sample_test]'s message client codec file[PublicKeyReq][D:\gitsinnori\sinnori\project\sample_test\client_build\web_build\src\main\java\kr\pe\sinnori\impl\message] creation task start
06:35:53.730 [main] INFO  k.p.s.c.buildsystem.ProjectBuilder - main project[sample_test]'s message client codec file[PublicKeyReq][D:\gitsinnori\sinnori\project\sample_test\client_build\web_build\src\main\java\kr\pe\sinnori\impl\message] creation task end
06:35:53.730 [main] INFO  k.p.s.common.util.CommonStaticUtil - the new child relative direcotry[D:\gitsinnori\sinnori\project\sample_test\client_build\web_build\src\main\java\kr\pe\sinnori\impl\message][PublicKeyRes] was created successfully
06:35:53.730 [main] INFO  k.p.s.c.buildsystem.ProjectBuilder - main project[sample_test]'s message file[PublicKeyRes][D:\gitsinnori\sinnori\project\sample_test\client_build\web_build\src\main\java\kr\pe\sinnori\impl\message] creation task start
06:35:53.730 [main] INFO  k.p.s.c.buildsystem.ProjectBuilder - main project[sample_test]'s message file[PublicKeyRes][D:\gitsinnori\sinnori\project\sample_test\client_build\web_build\src\main\java\kr\pe\sinnori\impl\message] creation task end
06:35:53.730 [main] INFO  k.p.s.c.buildsystem.ProjectBuilder - main project[sample_test]'s message decoder file[PublicKeyRes][D:\gitsinnori\sinnori\project\sample_test\client_build\web_build\src\main\java\kr\pe\sinnori\impl\message] creation task start
06:35:53.746 [main] INFO  k.p.s.c.buildsystem.ProjectBuilder - main project[sample_test]'s message decoder file[PublicKeyRes][D:\gitsinnori\sinnori\project\sample_test\client_build\web_build\src\main\java\kr\pe\sinnori\impl\message] creation task end
06:35:53.746 [main] INFO  k.p.s.c.buildsystem.ProjectBuilder - main project[sample_test]'s message encoder file[PublicKeyRes][D:\gitsinnori\sinnori\project\sample_test\client_build\web_build\src\main\java\kr\pe\sinnori\impl\message] creation task start
06:35:53.746 [main] INFO  k.p.s.c.buildsystem.ProjectBuilder - main project[sample_test]'s message encoder file[PublicKeyRes][D:\gitsinnori\sinnori\project\sample_test\client_build\web_build\src\main\java\kr\pe\sinnori\impl\message] creation task end
06:35:53.746 [main] INFO  k.p.s.c.buildsystem.ProjectBuilder - main project[sample_test]'s message server codec file[PublicKeyRes][D:\gitsinnori\sinnori\project\sample_test\client_build\web_build\src\main\java\kr\pe\sinnori\impl\message] creation task start
06:35:53.761 [main] INFO  k.p.s.c.buildsystem.ProjectBuilder - main project[sample_test]'s message server codec file[PublicKeyRes][D:\gitsinnori\sinnori\project\sample_test\client_build\web_build\src\main\java\kr\pe\sinnori\impl\message] creation task end
06:35:53.761 [main] INFO  k.p.s.c.buildsystem.ProjectBuilder - main project[sample_test]'s message client codec file[PublicKeyRes][D:\gitsinnori\sinnori\project\sample_test\client_build\web_build\src\main\java\kr\pe\sinnori\impl\message] creation task start
06:35:53.761 [main] INFO  k.p.s.c.buildsystem.ProjectBuilder - main project[sample_test]'s message client codec file[PublicKeyRes][D:\gitsinnori\sinnori\project\sample_test\client_build\web_build\src\main\java\kr\pe\sinnori\impl\message] creation task end
06:35:53.761 [main] INFO  k.p.s.c.buildsystem.ProjectBuilder - main project[sample_test]'s web client message io file set creation task end
06:35:53.761 [main] INFO  k.p.s.c.buildsystem.ProjectBuilder - mainproject[sample_test]'s web client sample source files copy task start
06:35:53.855 [main] INFO  k.p.s.c.buildsystem.ProjectBuilder - mainproject[sample_test]'s web client sample source files copy task end
06:35:53.855 [main] INFO  k.p.s.c.buildsystem.ProjectBuilder - main project[sample_test]'s web client build system files creation task end
06:35:53.855 [main] INFO  k.p.s.c.buildsystem.ProjectBuilder - main project[sample_test]'s web root child direcotry creation task start
06:35:53.855 [main] INFO  k.p.s.common.util.CommonStaticUtil - the child relative direcotry[D:\gitsinnori\sinnori\project\sample_test][web_app_base/upload] exist, so nothing
06:35:53.855 [main] INFO  k.p.s.common.util.CommonStaticUtil - the new child relative direcotry[D:\gitsinnori\sinnori\project\sample_test][web_app_base/ROOT/WEB-INF/classes] was created successfully
06:35:53.855 [main] INFO  k.p.s.common.util.CommonStaticUtil - the new child relative direcotry[D:\gitsinnori\sinnori\project\sample_test][web_app_base/ROOT/WEB-INF/lib] was created successfully
06:35:53.855 [main] INFO  k.p.s.c.buildsystem.ProjectBuilder - main project[sample_test]'s web root child direcotry creation task end
06:35:53.855 [main] INFO  k.p.s.c.buildsystem.ProjectBuilder - main project[sample_test]'s web root sample files creation task start
06:35:53.855 [main] INFO  k.p.s.c.buildsystem.ProjectBuilder - main project[sample_test]'s web root sample files copy task start
06:35:53.871 [main] INFO  k.p.s.c.buildsystem.ProjectBuilder - main project[sample_test]'s web root sample files copy task end
06:35:53.871 [main] INFO  k.p.s.c.buildsystem.ProjectBuilder - main project[sample_test]'s web root sample files creation task end
06:35:53.871 [main] INFO  k.p.s.c.buildsystem.ProjectBuilder - main project[sample_test]'s config file overwrite task start
06:35:53.871 [main] INFO  k.p.s.c.buildsystem.ProjectBuilder - main project[sample_test]'s config file overwrite task end
06:35:53.871 [main] INFO  k.p.s.c.buildsystem.ProjectBuilder - main project[sample_test] changeProjectState method end
06:35:53.871 [main] INFO  k.p.s.c.buildsystem.ProjectBuilder - the app client ant build.xml file[D:\gitsinnori\sinnori\project\sample_test\client_build\app_build\build.xml] is bad :: whetherExist[false] isFile[false]
06:35:53.871 [main] INFO  k.p.s.c.buildsystem.ProjectBuilder - main project[sample_test] changeProjectState method start
06:35:53.871 [main] WARN  k.p.s.c.buildsystem.ProjectBuilder - the server build path[D:\gitsinnori\sinnori\project\sample_test\server_build] exist, so skip creation of server build system
06:35:53.871 [main] INFO  k.p.s.c.buildsystem.ProjectBuilder - main project[sample_test]'s application build child direcotry creation task start
06:35:53.871 [main] INFO  k.p.s.common.util.CommonStaticUtil - the new child relative direcotry[D:\gitsinnori\sinnori\project\sample_test][client_build/app_build/corelib/ex] was created successfully
06:35:53.871 [main] INFO  k.p.s.common.util.CommonStaticUtil - the new child relative direcotry[D:\gitsinnori\sinnori\project\sample_test][client_build/app_build/corelib/in] was created successfully
06:35:53.871 [main] INFO  k.p.s.common.util.CommonStaticUtil - the new child relative direcotry[D:\gitsinnori\sinnori\project\sample_test][client_build/app_build/lib/main/ex] was created successfully
06:35:53.871 [main] INFO  k.p.s.common.util.CommonStaticUtil - the new child relative direcotry[D:\gitsinnori\sinnori\project\sample_test][client_build/app_build/lib/main/in] was created successfully
06:35:53.871 [main] INFO  k.p.s.common.util.CommonStaticUtil - the new child relative direcotry[D:\gitsinnori\sinnori\project\sample_test][client_build/app_build/lib/test] was created successfully
06:35:53.886 [main] INFO  k.p.s.common.util.CommonStaticUtil - the new child relative direcotry[D:\gitsinnori\sinnori\project\sample_test][client_build/app_build/src/main/java/kr/pe/sinnori/impl/message] was created successfully
06:35:53.886 [main] INFO  k.p.s.common.util.CommonStaticUtil - the new child relative direcotry[D:\gitsinnori\sinnori\project\sample_test][client_build/app_build/src/main/java/main] was created successfully
06:35:53.886 [main] INFO  k.p.s.common.util.CommonStaticUtil - the new child relative direcotry[D:\gitsinnori\sinnori\project\sample_test][client_build/app_build/src/test/java] was created successfully
06:35:53.886 [main] INFO  k.p.s.common.util.CommonStaticUtil - the new child relative direcotry[D:\gitsinnori\sinnori\project\sample_test][client_build/app_build/build] was created successfully
06:35:53.886 [main] INFO  k.p.s.common.util.CommonStaticUtil - the new child relative direcotry[D:\gitsinnori\sinnori\project\sample_test][client_build/app_build/dist] was created successfully
06:35:53.886 [main] INFO  k.p.s.c.buildsystem.ProjectBuilder - main project[sample_test]'s application build child direcotry creation task end
06:35:53.886 [main] INFO  k.p.s.c.buildsystem.ProjectBuilder - mainproject[sample_test]'s application client build system files creation task start
06:35:53.886 [main] INFO  k.p.s.c.buildsystem.ProjectBuilder - main project[sample_test]'s application client ant build.xml file creation task start
06:35:53.886 [main] INFO  k.p.s.c.buildsystem.ProjectBuilder - main project[sample_test]'s application client ant build.xml file creation task end
06:35:53.886 [main] INFO  k.p.s.c.buildsystem.ProjectBuilder - main project[sample_test]'s application client dos shell file creation task start
06:35:53.886 [main] INFO  k.p.s.c.buildsystem.ProjectBuilder - main project[sample_test]'s application client dos shell file creation task end
06:35:53.964 [main] INFO  k.p.s.c.buildsystem.ProjectBuilder - main project[sample_test]'s application client unix shell file creation task start
06:35:53.964 [main] INFO  k.p.s.c.buildsystem.ProjectBuilder - main project[sample_test]'s application client unix shell file creation task end
06:35:53.964 [main] INFO  k.p.s.c.buildsystem.ProjectBuilder - application client sample source files copy task start
06:35:53.980 [main] INFO  k.p.s.c.buildsystem.ProjectBuilder - application client sample source files copy task end
06:35:53.980 [main] INFO  k.p.s.c.buildsystem.ProjectBuilder - main project[sample_test]'s application client message io file set creation task start
06:35:53.980 [main] INFO  k.p.s.common.util.CommonStaticUtil - the new child relative direcotry[D:\gitsinnori\sinnori\project\sample_test\client_build\app_build\src\main\java\kr\pe\sinnori\impl\message][Echo] was created successfully
06:35:53.980 [main] INFO  k.p.s.c.buildsystem.ProjectBuilder - main project[sample_test]'s message file[Echo][D:\gitsinnori\sinnori\project\sample_test\client_build\app_build\src\main\java\kr\pe\sinnori\impl\message] creation task start
06:35:53.980 [main] INFO  k.p.s.c.buildsystem.ProjectBuilder - main project[sample_test]'s message file[Echo][D:\gitsinnori\sinnori\project\sample_test\client_build\app_build\src\main\java\kr\pe\sinnori\impl\message] creation task end
06:35:53.980 [main] INFO  k.p.s.c.buildsystem.ProjectBuilder - main project[sample_test]'s message decoder file[Echo][D:\gitsinnori\sinnori\project\sample_test\client_build\app_build\src\main\java\kr\pe\sinnori\impl\message] creation task start
06:35:53.996 [main] INFO  k.p.s.c.buildsystem.ProjectBuilder - main project[sample_test]'s message decoder file[Echo][D:\gitsinnori\sinnori\project\sample_test\client_build\app_build\src\main\java\kr\pe\sinnori\impl\message] creation task end
06:35:53.996 [main] INFO  k.p.s.c.buildsystem.ProjectBuilder - main project[sample_test]'s message encoder file[Echo][D:\gitsinnori\sinnori\project\sample_test\client_build\app_build\src\main\java\kr\pe\sinnori\impl\message] creation task start
06:35:53.996 [main] INFO  k.p.s.c.buildsystem.ProjectBuilder - main project[sample_test]'s message encoder file[Echo][D:\gitsinnori\sinnori\project\sample_test\client_build\app_build\src\main\java\kr\pe\sinnori\impl\message] creation task end
06:35:53.996 [main] INFO  k.p.s.c.buildsystem.ProjectBuilder - main project[sample_test]'s message server codec file[Echo][D:\gitsinnori\sinnori\project\sample_test\client_build\app_build\src\main\java\kr\pe\sinnori\impl\message] creation task start
06:35:54.011 [main] INFO  k.p.s.c.buildsystem.ProjectBuilder - main project[sample_test]'s message server codec file[Echo][D:\gitsinnori\sinnori\project\sample_test\client_build\app_build\src\main\java\kr\pe\sinnori\impl\message] creation task end
06:35:54.011 [main] INFO  k.p.s.c.buildsystem.ProjectBuilder - main project[sample_test]'s message client codec file[Echo][D:\gitsinnori\sinnori\project\sample_test\client_build\app_build\src\main\java\kr\pe\sinnori\impl\message] creation task start
06:35:54.011 [main] INFO  k.p.s.c.buildsystem.ProjectBuilder - main project[sample_test]'s message client codec file[Echo][D:\gitsinnori\sinnori\project\sample_test\client_build\app_build\src\main\java\kr\pe\sinnori\impl\message] creation task end
06:35:54.011 [main] INFO  k.p.s.common.util.CommonStaticUtil - the new child relative direcotry[D:\gitsinnori\sinnori\project\sample_test\client_build\app_build\src\main\java\kr\pe\sinnori\impl\message][PublicKeyReq] was created successfully
06:35:54.011 [main] INFO  k.p.s.c.buildsystem.ProjectBuilder - main project[sample_test]'s message file[PublicKeyReq][D:\gitsinnori\sinnori\project\sample_test\client_build\app_build\src\main\java\kr\pe\sinnori\impl\message] creation task start
06:35:54.011 [main] INFO  k.p.s.c.buildsystem.ProjectBuilder - main project[sample_test]'s message file[PublicKeyReq][D:\gitsinnori\sinnori\project\sample_test\client_build\app_build\src\main\java\kr\pe\sinnori\impl\message] creation task end
06:35:54.011 [main] INFO  k.p.s.c.buildsystem.ProjectBuilder - main project[sample_test]'s message decoder file[PublicKeyReq][D:\gitsinnori\sinnori\project\sample_test\client_build\app_build\src\main\java\kr\pe\sinnori\impl\message] creation task start
06:35:54.011 [main] INFO  k.p.s.c.buildsystem.ProjectBuilder - main project[sample_test]'s message decoder file[PublicKeyReq][D:\gitsinnori\sinnori\project\sample_test\client_build\app_build\src\main\java\kr\pe\sinnori\impl\message] creation task end
06:35:54.011 [main] INFO  k.p.s.c.buildsystem.ProjectBuilder - main project[sample_test]'s message encoder file[PublicKeyReq][D:\gitsinnori\sinnori\project\sample_test\client_build\app_build\src\main\java\kr\pe\sinnori\impl\message] creation task start
06:35:54.011 [main] INFO  k.p.s.c.buildsystem.ProjectBuilder - main project[sample_test]'s message encoder file[PublicKeyReq][D:\gitsinnori\sinnori\project\sample_test\client_build\app_build\src\main\java\kr\pe\sinnori\impl\message] creation task end
06:35:54.011 [main] INFO  k.p.s.c.buildsystem.ProjectBuilder - main project[sample_test]'s message server codec file[PublicKeyReq][D:\gitsinnori\sinnori\project\sample_test\client_build\app_build\src\main\java\kr\pe\sinnori\impl\message] creation task start
06:35:54.027 [main] INFO  k.p.s.c.buildsystem.ProjectBuilder - main project[sample_test]'s message server codec file[PublicKeyReq][D:\gitsinnori\sinnori\project\sample_test\client_build\app_build\src\main\java\kr\pe\sinnori\impl\message] creation task end
06:35:54.027 [main] INFO  k.p.s.c.buildsystem.ProjectBuilder - main project[sample_test]'s message client codec file[PublicKeyReq][D:\gitsinnori\sinnori\project\sample_test\client_build\app_build\src\main\java\kr\pe\sinnori\impl\message] creation task start
06:35:54.105 [main] INFO  k.p.s.c.buildsystem.ProjectBuilder - main project[sample_test]'s message client codec file[PublicKeyReq][D:\gitsinnori\sinnori\project\sample_test\client_build\app_build\src\main\java\kr\pe\sinnori\impl\message] creation task end
06:35:54.105 [main] INFO  k.p.s.common.util.CommonStaticUtil - the new child relative direcotry[D:\gitsinnori\sinnori\project\sample_test\client_build\app_build\src\main\java\kr\pe\sinnori\impl\message][PublicKeyRes] was created successfully
06:35:54.105 [main] INFO  k.p.s.c.buildsystem.ProjectBuilder - main project[sample_test]'s message file[PublicKeyRes][D:\gitsinnori\sinnori\project\sample_test\client_build\app_build\src\main\java\kr\pe\sinnori\impl\message] creation task start
06:35:54.105 [main] INFO  k.p.s.c.buildsystem.ProjectBuilder - main project[sample_test]'s message file[PublicKeyRes][D:\gitsinnori\sinnori\project\sample_test\client_build\app_build\src\main\java\kr\pe\sinnori\impl\message] creation task end
06:35:54.105 [main] INFO  k.p.s.c.buildsystem.ProjectBuilder - main project[sample_test]'s message decoder file[PublicKeyRes][D:\gitsinnori\sinnori\project\sample_test\client_build\app_build\src\main\java\kr\pe\sinnori\impl\message] creation task start
06:35:54.105 [main] INFO  k.p.s.c.buildsystem.ProjectBuilder - main project[sample_test]'s message decoder file[PublicKeyRes][D:\gitsinnori\sinnori\project\sample_test\client_build\app_build\src\main\java\kr\pe\sinnori\impl\message] creation task end
06:35:54.105 [main] INFO  k.p.s.c.buildsystem.ProjectBuilder - main project[sample_test]'s message encoder file[PublicKeyRes][D:\gitsinnori\sinnori\project\sample_test\client_build\app_build\src\main\java\kr\pe\sinnori\impl\message] creation task start
06:35:54.121 [main] INFO  k.p.s.c.buildsystem.ProjectBuilder - main project[sample_test]'s message encoder file[PublicKeyRes][D:\gitsinnori\sinnori\project\sample_test\client_build\app_build\src\main\java\kr\pe\sinnori\impl\message] creation task end
06:35:54.121 [main] INFO  k.p.s.c.buildsystem.ProjectBuilder - main project[sample_test]'s message server codec file[PublicKeyRes][D:\gitsinnori\sinnori\project\sample_test\client_build\app_build\src\main\java\kr\pe\sinnori\impl\message] creation task start
06:35:54.121 [main] INFO  k.p.s.c.buildsystem.ProjectBuilder - main project[sample_test]'s message server codec file[PublicKeyRes][D:\gitsinnori\sinnori\project\sample_test\client_build\app_build\src\main\java\kr\pe\sinnori\impl\message] creation task end
06:35:54.121 [main] INFO  k.p.s.c.buildsystem.ProjectBuilder - main project[sample_test]'s message client codec file[PublicKeyRes][D:\gitsinnori\sinnori\project\sample_test\client_build\app_build\src\main\java\kr\pe\sinnori\impl\message] creation task start
06:35:54.121 [main] INFO  k.p.s.c.buildsystem.ProjectBuilder - main project[sample_test]'s message client codec file[PublicKeyRes][D:\gitsinnori\sinnori\project\sample_test\client_build\app_build\src\main\java\kr\pe\sinnori\impl\message] creation task end
06:35:54.121 [main] INFO  k.p.s.c.buildsystem.ProjectBuilder - main project[sample_test]'s application client message io file set creation task end
06:35:54.121 [main] INFO  k.p.s.c.buildsystem.ProjectBuilder - mainproject[sample_test]'s application client build system files creation task end
06:35:54.121 [main] INFO  k.p.s.c.buildsystem.ProjectBuilder - main project[sample_test]'s web client build path deletion task start
06:35:54.136 [main] INFO  k.p.s.c.buildsystem.ProjectBuilder - main project[sample_test]'s web client build path deletion task end
06:35:54.136 [main] INFO  k.p.s.c.buildsystem.ProjectBuilder - main project[sample_test]'s web root path deletion task start
06:35:54.136 [main] INFO  k.p.s.c.buildsystem.ProjectBuilder - main project[sample_test]'s web root path deletion task end
06:35:54.136 [main] INFO  k.p.s.c.buildsystem.ProjectBuilder - main project[sample_test]'s config file overwrite task start
06:35:54.136 [main] INFO  k.p.s.c.buildsystem.ProjectBuilder - main project[sample_test]'s config file overwrite task end
06:35:54.136 [main] INFO  k.p.s.c.buildsystem.ProjectBuilder - main project[sample_test] changeProjectState method end
06:35:54.136 [main] INFO  k.p.s.c.buildsystem.ProjectBuilder - the web client ant build.xml file[D:\gitsinnori\sinnori\project\sample_test\client_build\web_build\build.xml] is bad :: whetherExist[false] isFile[false]
06:35:54.136 [main] INFO  k.p.s.c.buildsystem.ProjectBuilder - the web.xml file[D:\gitsinnori\sinnori\project\sample_test\web_app_base\ROOT\WEB-INF\web.xml] located at web root directory is bad :: whetherExist[false] isFile[false]
06:35:54.136 [main] INFO  k.p.s.c.buildsystem.ProjectBuilder - main project[sample_test] changeProjectState method start
06:35:54.136 [main] WARN  k.p.s.c.buildsystem.ProjectBuilder - the server build path[D:\gitsinnori\sinnori\project\sample_test\server_build] exist, so skip creation of server build system
06:35:54.136 [main] WARN  k.p.s.c.buildsystem.ProjectBuilder - the app client build path[D:\gitsinnori\sinnori\project\sample_test\client_build\app_build] exist, so skip creation of app client build system
06:35:54.136 [main] INFO  k.p.s.c.buildsystem.ProjectBuilder - main project[sample_test]'s web build child direcotry creation task start
06:35:54.136 [main] INFO  k.p.s.common.util.CommonStaticUtil - the new child relative direcotry[D:\gitsinnori\sinnori\project\sample_test][client_build/web_build/corelib/ex] was created successfully
06:35:54.136 [main] INFO  k.p.s.common.util.CommonStaticUtil - the new child relative direcotry[D:\gitsinnori\sinnori\project\sample_test][client_build/web_build/corelib/in] was created successfully
06:35:54.136 [main] INFO  k.p.s.common.util.CommonStaticUtil - the new child relative direcotry[D:\gitsinnori\sinnori\project\sample_test][client_build/web_build/lib/main/ex] was created successfully
06:35:54.136 [main] INFO  k.p.s.common.util.CommonStaticUtil - the new child relative direcotry[D:\gitsinnori\sinnori\project\sample_test][client_build/web_build/lib/main/in] was created successfully
06:35:54.136 [main] INFO  k.p.s.common.util.CommonStaticUtil - the new child relative direcotry[D:\gitsinnori\sinnori\project\sample_test][client_build/web_build/lib/test] was created successfully
06:35:54.152 [main] INFO  k.p.s.common.util.CommonStaticUtil - the new child relative direcotry[D:\gitsinnori\sinnori\project\sample_test][client_build/web_build/src/main/java/kr/pe/sinnori/impl/message] was created successfully
06:35:54.152 [main] INFO  k.p.s.common.util.CommonStaticUtil - the new child relative direcotry[D:\gitsinnori\sinnori\project\sample_test][client_build/web_build/src/main/java//kr/pe/sinnori/servlet] was created successfully
06:35:54.152 [main] INFO  k.p.s.common.util.CommonStaticUtil - the new child relative direcotry[D:\gitsinnori\sinnori\project\sample_test][client_build/web_build/src/main/java/kr/pe/sinnori/weblib/common] was created successfully
06:35:54.152 [main] INFO  k.p.s.common.util.CommonStaticUtil - the new child relative direcotry[D:\gitsinnori\sinnori\project\sample_test][client_build/web_build/src/main/java/kr/pe/sinnori/weblib/htmlstring] was created successfully
06:35:54.152 [main] INFO  k.p.s.common.util.CommonStaticUtil - the new child relative direcotry[D:\gitsinnori\sinnori\project\sample_test][client_build/web_build/src/main/java/kr/pe/sinnori/weblib/jdf] was created successfully
06:35:54.152 [main] INFO  k.p.s.common.util.CommonStaticUtil - the new child relative direcotry[D:\gitsinnori\sinnori\project\sample_test][client_build/web_build/src/test/java] was created successfully
06:35:54.230 [main] INFO  k.p.s.common.util.CommonStaticUtil - the new child relative direcotry[D:\gitsinnori\sinnori\project\sample_test][client_build/web_build/build] was created successfully
06:35:54.230 [main] INFO  k.p.s.common.util.CommonStaticUtil - the new child relative direcotry[D:\gitsinnori\sinnori\project\sample_test][client_build/web_build/dist] was created successfully
06:35:54.230 [main] INFO  k.p.s.c.buildsystem.ProjectBuilder - main project[sample_test]'s web build child direcotry creation task end
06:35:54.230 [main] INFO  k.p.s.c.buildsystem.ProjectBuilder - main project[sample_test]'s web client build system files creation task start
06:35:54.230 [main] INFO  k.p.s.c.buildsystem.ProjectBuilder - main project[sample_test]'s web client ant build.xml file creation task start
06:35:54.230 [main] INFO  k.p.s.c.buildsystem.ProjectBuilder - main project[sample_test]'s web client ant build.xml file creation task end
06:35:54.230 [main] INFO  k.p.s.c.buildsystem.ProjectBuilder - main project[sample_test]'s web client ant properties file creation task start
06:35:54.230 [main] INFO  k.p.s.c.util.SequencedPropertiesUtil - the sequenced properties file[D:\gitsinnori\sinnori\project\sample_test\client_build\web_build\webAnt.properties] was created
06:35:54.246 [main] INFO  k.p.s.c.buildsystem.ProjectBuilder - main project[sample_test]'s web client ant properties file creation task end
06:35:54.246 [main] INFO  k.p.s.c.buildsystem.ProjectBuilder - main project[sample_test]'s web client message io file set creation task start
06:35:54.246 [main] INFO  k.p.s.common.util.CommonStaticUtil - the new child relative direcotry[D:\gitsinnori\sinnori\project\sample_test\client_build\web_build\src\main\java\kr\pe\sinnori\impl\message][Echo] was created successfully
06:35:54.246 [main] INFO  k.p.s.c.buildsystem.ProjectBuilder - main project[sample_test]'s message file[Echo][D:\gitsinnori\sinnori\project\sample_test\client_build\web_build\src\main\java\kr\pe\sinnori\impl\message] creation task start
06:35:54.246 [main] INFO  k.p.s.c.buildsystem.ProjectBuilder - main project[sample_test]'s message file[Echo][D:\gitsinnori\sinnori\project\sample_test\client_build\web_build\src\main\java\kr\pe\sinnori\impl\message] creation task end
06:35:54.246 [main] INFO  k.p.s.c.buildsystem.ProjectBuilder - main project[sample_test]'s message decoder file[Echo][D:\gitsinnori\sinnori\project\sample_test\client_build\web_build\src\main\java\kr\pe\sinnori\impl\message] creation task start
06:35:54.246 [main] INFO  k.p.s.c.buildsystem.ProjectBuilder - main project[sample_test]'s message decoder file[Echo][D:\gitsinnori\sinnori\project\sample_test\client_build\web_build\src\main\java\kr\pe\sinnori\impl\message] creation task end
06:35:54.246 [main] INFO  k.p.s.c.buildsystem.ProjectBuilder - main project[sample_test]'s message encoder file[Echo][D:\gitsinnori\sinnori\project\sample_test\client_build\web_build\src\main\java\kr\pe\sinnori\impl\message] creation task start
06:35:54.246 [main] INFO  k.p.s.c.buildsystem.ProjectBuilder - main project[sample_test]'s message encoder file[Echo][D:\gitsinnori\sinnori\project\sample_test\client_build\web_build\src\main\java\kr\pe\sinnori\impl\message] creation task end
06:35:54.246 [main] INFO  k.p.s.c.buildsystem.ProjectBuilder - main project[sample_test]'s message server codec file[Echo][D:\gitsinnori\sinnori\project\sample_test\client_build\web_build\src\main\java\kr\pe\sinnori\impl\message] creation task start
06:35:54.261 [main] INFO  k.p.s.c.buildsystem.ProjectBuilder - main project[sample_test]'s message server codec file[Echo][D:\gitsinnori\sinnori\project\sample_test\client_build\web_build\src\main\java\kr\pe\sinnori\impl\message] creation task end
06:35:54.261 [main] INFO  k.p.s.c.buildsystem.ProjectBuilder - main project[sample_test]'s message client codec file[Echo][D:\gitsinnori\sinnori\project\sample_test\client_build\web_build\src\main\java\kr\pe\sinnori\impl\message] creation task start
06:35:54.261 [main] INFO  k.p.s.c.buildsystem.ProjectBuilder - main project[sample_test]'s message client codec file[Echo][D:\gitsinnori\sinnori\project\sample_test\client_build\web_build\src\main\java\kr\pe\sinnori\impl\message] creation task end
06:35:54.261 [main] INFO  k.p.s.common.util.CommonStaticUtil - the new child relative direcotry[D:\gitsinnori\sinnori\project\sample_test\client_build\web_build\src\main\java\kr\pe\sinnori\impl\message][PublicKeyReq] was created successfully
06:35:54.261 [main] INFO  k.p.s.c.buildsystem.ProjectBuilder - main project[sample_test]'s message file[PublicKeyReq][D:\gitsinnori\sinnori\project\sample_test\client_build\web_build\src\main\java\kr\pe\sinnori\impl\message] creation task start
06:35:54.261 [main] INFO  k.p.s.c.buildsystem.ProjectBuilder - main project[sample_test]'s message file[PublicKeyReq][D:\gitsinnori\sinnori\project\sample_test\client_build\web_build\src\main\java\kr\pe\sinnori\impl\message] creation task end
06:35:54.261 [main] INFO  k.p.s.c.buildsystem.ProjectBuilder - main project[sample_test]'s message decoder file[PublicKeyReq][D:\gitsinnori\sinnori\project\sample_test\client_build\web_build\src\main\java\kr\pe\sinnori\impl\message] creation task start
06:35:54.277 [main] INFO  k.p.s.c.buildsystem.ProjectBuilder - main project[sample_test]'s message decoder file[PublicKeyReq][D:\gitsinnori\sinnori\project\sample_test\client_build\web_build\src\main\java\kr\pe\sinnori\impl\message] creation task end
06:35:54.277 [main] INFO  k.p.s.c.buildsystem.ProjectBuilder - main project[sample_test]'s message encoder file[PublicKeyReq][D:\gitsinnori\sinnori\project\sample_test\client_build\web_build\src\main\java\kr\pe\sinnori\impl\message] creation task start
06:35:54.277 [main] INFO  k.p.s.c.buildsystem.ProjectBuilder - main project[sample_test]'s message encoder file[PublicKeyReq][D:\gitsinnori\sinnori\project\sample_test\client_build\web_build\src\main\java\kr\pe\sinnori\impl\message] creation task end
06:35:54.277 [main] INFO  k.p.s.c.buildsystem.ProjectBuilder - main project[sample_test]'s message server codec file[PublicKeyReq][D:\gitsinnori\sinnori\project\sample_test\client_build\web_build\src\main\java\kr\pe\sinnori\impl\message] creation task start
06:35:54.277 [main] INFO  k.p.s.c.buildsystem.ProjectBuilder - main project[sample_test]'s message server codec file[PublicKeyReq][D:\gitsinnori\sinnori\project\sample_test\client_build\web_build\src\main\java\kr\pe\sinnori\impl\message] creation task end
06:35:54.277 [main] INFO  k.p.s.c.buildsystem.ProjectBuilder - main project[sample_test]'s message client codec file[PublicKeyReq][D:\gitsinnori\sinnori\project\sample_test\client_build\web_build\src\main\java\kr\pe\sinnori\impl\message] creation task start
06:35:54.277 [main] INFO  k.p.s.c.buildsystem.ProjectBuilder - main project[sample_test]'s message client codec file[PublicKeyReq][D:\gitsinnori\sinnori\project\sample_test\client_build\web_build\src\main\java\kr\pe\sinnori\impl\message] creation task end
06:35:54.277 [main] INFO  k.p.s.common.util.CommonStaticUtil - the new child relative direcotry[D:\gitsinnori\sinnori\project\sample_test\client_build\web_build\src\main\java\kr\pe\sinnori\impl\message][PublicKeyRes] was created successfully
06:35:54.355 [main] INFO  k.p.s.c.buildsystem.ProjectBuilder - main project[sample_test]'s message file[PublicKeyRes][D:\gitsinnori\sinnori\project\sample_test\client_build\web_build\src\main\java\kr\pe\sinnori\impl\message] creation task start
06:35:54.355 [main] INFO  k.p.s.c.buildsystem.ProjectBuilder - main project[sample_test]'s message file[PublicKeyRes][D:\gitsinnori\sinnori\project\sample_test\client_build\web_build\src\main\java\kr\pe\sinnori\impl\message] creation task end
06:35:54.355 [main] INFO  k.p.s.c.buildsystem.ProjectBuilder - main project[sample_test]'s message decoder file[PublicKeyRes][D:\gitsinnori\sinnori\project\sample_test\client_build\web_build\src\main\java\kr\pe\sinnori\impl\message] creation task start
06:35:54.355 [main] INFO  k.p.s.c.buildsystem.ProjectBuilder - main project[sample_test]'s message decoder file[PublicKeyRes][D:\gitsinnori\sinnori\project\sample_test\client_build\web_build\src\main\java\kr\pe\sinnori\impl\message] creation task end
06:35:54.355 [main] INFO  k.p.s.c.buildsystem.ProjectBuilder - main project[sample_test]'s message encoder file[PublicKeyRes][D:\gitsinnori\sinnori\project\sample_test\client_build\web_build\src\main\java\kr\pe\sinnori\impl\message] creation task start
06:35:54.371 [main] INFO  k.p.s.c.buildsystem.ProjectBuilder - main project[sample_test]'s message encoder file[PublicKeyRes][D:\gitsinnori\sinnori\project\sample_test\client_build\web_build\src\main\java\kr\pe\sinnori\impl\message] creation task end
06:35:54.371 [main] INFO  k.p.s.c.buildsystem.ProjectBuilder - main project[sample_test]'s message server codec file[PublicKeyRes][D:\gitsinnori\sinnori\project\sample_test\client_build\web_build\src\main\java\kr\pe\sinnori\impl\message] creation task start
06:35:54.371 [main] INFO  k.p.s.c.buildsystem.ProjectBuilder - main project[sample_test]'s message server codec file[PublicKeyRes][D:\gitsinnori\sinnori\project\sample_test\client_build\web_build\src\main\java\kr\pe\sinnori\impl\message] creation task end
06:35:54.371 [main] INFO  k.p.s.c.buildsystem.ProjectBuilder - main project[sample_test]'s message client codec file[PublicKeyRes][D:\gitsinnori\sinnori\project\sample_test\client_build\web_build\src\main\java\kr\pe\sinnori\impl\message] creation task start
06:35:54.371 [main] INFO  k.p.s.c.buildsystem.ProjectBuilder - main project[sample_test]'s message client codec file[PublicKeyRes][D:\gitsinnori\sinnori\project\sample_test\client_build\web_build\src\main\java\kr\pe\sinnori\impl\message] creation task end
06:35:54.371 [main] INFO  k.p.s.c.buildsystem.ProjectBuilder - main project[sample_test]'s web client message io file set creation task end
06:35:54.371 [main] INFO  k.p.s.c.buildsystem.ProjectBuilder - mainproject[sample_test]'s web client sample source files copy task start
06:35:54.449 [main] INFO  k.p.s.c.buildsystem.ProjectBuilder - mainproject[sample_test]'s web client sample source files copy task end
06:35:54.449 [main] INFO  k.p.s.c.buildsystem.ProjectBuilder - main project[sample_test]'s web client build system files creation task end
06:35:54.449 [main] INFO  k.p.s.c.buildsystem.ProjectBuilder - main project[sample_test]'s web root child direcotry creation task start
06:35:54.449 [main] INFO  k.p.s.common.util.CommonStaticUtil - the child relative direcotry[D:\gitsinnori\sinnori\project\sample_test][web_app_base/upload] exist, so nothing
06:35:54.449 [main] INFO  k.p.s.common.util.CommonStaticUtil - the new child relative direcotry[D:\gitsinnori\sinnori\project\sample_test][web_app_base/ROOT/WEB-INF/classes] was created successfully
06:35:54.449 [main] INFO  k.p.s.common.util.CommonStaticUtil - the new child relative direcotry[D:\gitsinnori\sinnori\project\sample_test][web_app_base/ROOT/WEB-INF/lib] was created successfully
06:35:54.449 [main] INFO  k.p.s.c.buildsystem.ProjectBuilder - main project[sample_test]'s web root child direcotry creation task end
06:35:54.449 [main] INFO  k.p.s.c.buildsystem.ProjectBuilder - main project[sample_test]'s web root sample files creation task start
06:35:54.449 [main] INFO  k.p.s.c.buildsystem.ProjectBuilder - main project[sample_test]'s web root sample files copy task start
06:35:54.449 [main] INFO  k.p.s.c.buildsystem.ProjectBuilder - main project[sample_test]'s web root sample files copy task end
06:35:54.449 [main] INFO  k.p.s.c.buildsystem.ProjectBuilder - main project[sample_test]'s web root sample files creation task end
06:35:54.449 [main] INFO  k.p.s.c.buildsystem.ProjectBuilder - main project[sample_test]'s config file overwrite task start
06:35:54.449 [main] INFO  k.p.s.c.buildsystem.ProjectBuilder - main project[sample_test]'s config file overwrite task end
06:35:54.449 [main] INFO  k.p.s.c.buildsystem.ProjectBuilder - main project[sample_test] changeProjectState method end
06:35:54.496 [main] INFO  k.p.s.c.buildsystem.ProjectBuilder - main project[sample_test]'s child direcotry creation task start
06:35:54.496 [main] INFO  k.p.s.c.buildsystem.ProjectBuilder - main project[sample_test]'s common child direcotry creation task start
06:35:54.496 [main] INFO  k.p.s.common.util.CommonStaticUtil - the new child relative direcotry[D:\gitsinnori\sinnori\project\sample_test][config] was created successfully
06:35:54.496 [main] INFO  k.p.s.common.util.CommonStaticUtil - the new child relative direcotry[D:\gitsinnori\sinnori\project\sample_test][resources/dbcp] was created successfully
06:35:54.496 [main] INFO  k.p.s.common.util.CommonStaticUtil - the new child relative direcotry[D:\gitsinnori\sinnori\project\sample_test][resources/message_info] was created successfully
06:35:54.496 [main] INFO  k.p.s.common.util.CommonStaticUtil - the new child relative direcotry[D:\gitsinnori\sinnori\project\sample_test][resources/rsa_keypair] was created successfully
06:35:54.496 [main] INFO  k.p.s.common.util.CommonStaticUtil - the new child relative direcotry[D:\gitsinnori\sinnori\project\sample_test][log/apache] was created successfully
06:35:54.496 [main] INFO  k.p.s.common.util.CommonStaticUtil - the new child relative direcotry[D:\gitsinnori\sinnori\project\sample_test][log/client] was created successfully
06:35:54.496 [main] INFO  k.p.s.common.util.CommonStaticUtil - the new child relative direcotry[D:\gitsinnori\sinnori\project\sample_test][log/server] was created successfully
06:35:54.496 [main] INFO  k.p.s.common.util.CommonStaticUtil - the new child relative direcotry[D:\gitsinnori\sinnori\project\sample_test][log/servlet] was created successfully
06:35:54.496 [main] INFO  k.p.s.c.buildsystem.ProjectBuilder - main project[sample_test]'s common child direcotry creation task end
06:35:54.496 [main] INFO  k.p.s.c.buildsystem.ProjectBuilder - main project[sample_test]'s web build child direcotry creation task start
06:35:54.496 [main] INFO  k.p.s.common.util.CommonStaticUtil - the new child relative direcotry[D:\gitsinnori\sinnori\project\sample_test][client_build/web_build/corelib/ex] was created successfully
06:35:54.496 [main] INFO  k.p.s.common.util.CommonStaticUtil - the new child relative direcotry[D:\gitsinnori\sinnori\project\sample_test][client_build/web_build/corelib/in] was created successfully
06:35:54.496 [main] INFO  k.p.s.common.util.CommonStaticUtil - the new child relative direcotry[D:\gitsinnori\sinnori\project\sample_test][client_build/web_build/lib/main/ex] was created successfully
06:35:54.496 [main] INFO  k.p.s.common.util.CommonStaticUtil - the new child relative direcotry[D:\gitsinnori\sinnori\project\sample_test][client_build/web_build/lib/main/in] was created successfully
06:35:54.496 [main] INFO  k.p.s.common.util.CommonStaticUtil - the new child relative direcotry[D:\gitsinnori\sinnori\project\sample_test][client_build/web_build/lib/test] was created successfully
06:35:54.496 [main] INFO  k.p.s.common.util.CommonStaticUtil - the new child relative direcotry[D:\gitsinnori\sinnori\project\sample_test][client_build/web_build/src/main/java/kr/pe/sinnori/impl/message] was created successfully
06:35:54.496 [main] INFO  k.p.s.common.util.CommonStaticUtil - the new child relative direcotry[D:\gitsinnori\sinnori\project\sample_test][client_build/web_build/src/main/java//kr/pe/sinnori/servlet] was created successfully
06:35:54.496 [main] INFO  k.p.s.common.util.CommonStaticUtil - the new child relative direcotry[D:\gitsinnori\sinnori\project\sample_test][client_build/web_build/src/main/java/kr/pe/sinnori/weblib/common] was created successfully
06:35:54.496 [main] INFO  k.p.s.common.util.CommonStaticUtil - the new child relative direcotry[D:\gitsinnori\sinnori\project\sample_test][client_build/web_build/src/main/java/kr/pe/sinnori/weblib/htmlstring] was created successfully
06:35:54.496 [main] INFO  k.p.s.common.util.CommonStaticUtil - the new child relative direcotry[D:\gitsinnori\sinnori\project\sample_test][client_build/web_build/src/main/java/kr/pe/sinnori/weblib/jdf] was created successfully
06:35:54.605 [main] INFO  k.p.s.common.util.CommonStaticUtil - the new child relative direcotry[D:\gitsinnori\sinnori\project\sample_test][client_build/web_build/src/test/java] was created successfully
06:35:54.605 [main] INFO  k.p.s.common.util.CommonStaticUtil - the new child relative direcotry[D:\gitsinnori\sinnori\project\sample_test][client_build/web_build/build] was created successfully
06:35:54.605 [main] INFO  k.p.s.common.util.CommonStaticUtil - the new child relative direcotry[D:\gitsinnori\sinnori\project\sample_test][client_build/web_build/dist] was created successfully
06:35:54.605 [main] INFO  k.p.s.c.buildsystem.ProjectBuilder - main project[sample_test]'s web build child direcotry creation task end
06:35:54.605 [main] INFO  k.p.s.c.buildsystem.ProjectBuilder - main project[sample_test]'s web root child direcotry creation task start
06:35:54.605 [main] INFO  k.p.s.common.util.CommonStaticUtil - the new child relative direcotry[D:\gitsinnori\sinnori\project\sample_test][web_app_base/upload] was created successfully
06:35:54.605 [main] INFO  k.p.s.common.util.CommonStaticUtil - the new child relative direcotry[D:\gitsinnori\sinnori\project\sample_test][web_app_base/ROOT/WEB-INF/classes] was created successfully
06:35:54.605 [main] INFO  k.p.s.common.util.CommonStaticUtil - the new child relative direcotry[D:\gitsinnori\sinnori\project\sample_test][web_app_base/ROOT/WEB-INF/lib] was created successfully
06:35:54.605 [main] INFO  k.p.s.c.buildsystem.ProjectBuilder - main project[sample_test]'s web root child direcotry creation task end
06:35:54.605 [main] INFO  k.p.s.c.buildsystem.ProjectBuilder - main project[sample_test]'s child direcotry creation task end
06:35:54.605 [main] INFO  k.p.s.c.buildsystem.ProjectBuilder - main project[sample_test]'s file creation task start
06:35:54.605 [main] INFO  k.p.s.c.buildsystem.ProjectBuilder - main project[sample_test]'s config file creation task start
06:35:54.605 [main] INFO  k.p.s.c.util.SequencedPropertiesUtil - the sequenced properties file[D:\gitsinnori\sinnori\project\sample_test\config\sinnori.properties] was created
06:35:54.621 [main] INFO  k.p.s.c.buildsystem.ProjectBuilder - main project[sample_test]'s config file creation task end
06:35:54.621 [main] INFO  k.p.s.c.buildsystem.ProjectBuilder - the mainproject[sample_test]'s resources directory copy task start
06:35:54.652 [main] INFO  k.p.s.c.buildsystem.ProjectBuilder - the mainproject[sample_test]'s resources directory copy task end
06:35:54.652 [main] INFO  k.p.s.c.buildsystem.ProjectBuilder - main project[sample_test]'s web client build system files creation task start
06:35:54.652 [main] INFO  k.p.s.c.buildsystem.ProjectBuilder - main project[sample_test]'s web client ant build.xml file creation task start
06:35:54.652 [main] INFO  k.p.s.c.buildsystem.ProjectBuilder - main project[sample_test]'s web client ant build.xml file creation task end
06:35:54.652 [main] INFO  k.p.s.c.buildsystem.ProjectBuilder - main project[sample_test]'s web client ant properties file creation task start
06:35:54.652 [main] INFO  k.p.s.c.util.SequencedPropertiesUtil - the sequenced properties file[D:\gitsinnori\sinnori\project\sample_test\client_build\web_build\webAnt.properties] was created
06:35:54.652 [main] INFO  k.p.s.c.buildsystem.ProjectBuilder - main project[sample_test]'s web client ant properties file creation task end
06:35:54.652 [main] INFO  k.p.s.c.buildsystem.ProjectBuilder - main project[sample_test]'s web client message io file set creation task start
06:35:54.652 [main] INFO  k.p.s.common.util.CommonStaticUtil - the new child relative direcotry[D:\gitsinnori\sinnori\project\sample_test\client_build\web_build\src\main\java\kr\pe\sinnori\impl\message][Echo] was created successfully
06:35:54.652 [main] INFO  k.p.s.c.buildsystem.ProjectBuilder - main project[sample_test]'s message file[Echo][D:\gitsinnori\sinnori\project\sample_test\client_build\web_build\src\main\java\kr\pe\sinnori\impl\message] creation task start
06:35:54.668 [main] INFO  k.p.s.c.buildsystem.ProjectBuilder - main project[sample_test]'s message file[Echo][D:\gitsinnori\sinnori\project\sample_test\client_build\web_build\src\main\java\kr\pe\sinnori\impl\message] creation task end
06:35:54.668 [main] INFO  k.p.s.c.buildsystem.ProjectBuilder - main project[sample_test]'s message decoder file[Echo][D:\gitsinnori\sinnori\project\sample_test\client_build\web_build\src\main\java\kr\pe\sinnori\impl\message] creation task start
06:35:54.668 [main] INFO  k.p.s.c.buildsystem.ProjectBuilder - main project[sample_test]'s message decoder file[Echo][D:\gitsinnori\sinnori\project\sample_test\client_build\web_build\src\main\java\kr\pe\sinnori\impl\message] creation task end
06:35:54.668 [main] INFO  k.p.s.c.buildsystem.ProjectBuilder - main project[sample_test]'s message encoder file[Echo][D:\gitsinnori\sinnori\project\sample_test\client_build\web_build\src\main\java\kr\pe\sinnori\impl\message] creation task start
06:35:54.668 [main] INFO  k.p.s.c.buildsystem.ProjectBuilder - main project[sample_test]'s message encoder file[Echo][D:\gitsinnori\sinnori\project\sample_test\client_build\web_build\src\main\java\kr\pe\sinnori\impl\message] creation task end
06:35:54.668 [main] INFO  k.p.s.c.buildsystem.ProjectBuilder - main project[sample_test]'s message server codec file[Echo][D:\gitsinnori\sinnori\project\sample_test\client_build\web_build\src\main\java\kr\pe\sinnori\impl\message] creation task start
06:35:54.668 [main] INFO  k.p.s.c.buildsystem.ProjectBuilder - main project[sample_test]'s message server codec file[Echo][D:\gitsinnori\sinnori\project\sample_test\client_build\web_build\src\main\java\kr\pe\sinnori\impl\message] creation task end
06:35:54.668 [main] INFO  k.p.s.c.buildsystem.ProjectBuilder - main project[sample_test]'s message client codec file[Echo][D:\gitsinnori\sinnori\project\sample_test\client_build\web_build\src\main\java\kr\pe\sinnori\impl\message] creation task start
06:35:54.668 [main] INFO  k.p.s.c.buildsystem.ProjectBuilder - main project[sample_test]'s message client codec file[Echo][D:\gitsinnori\sinnori\project\sample_test\client_build\web_build\src\main\java\kr\pe\sinnori\impl\message] creation task end
06:35:54.668 [main] INFO  k.p.s.common.util.CommonStaticUtil - the new child relative direcotry[D:\gitsinnori\sinnori\project\sample_test\client_build\web_build\src\main\java\kr\pe\sinnori\impl\message][PublicKeyReq] was created successfully
06:35:54.668 [main] INFO  k.p.s.c.buildsystem.ProjectBuilder - main project[sample_test]'s message file[PublicKeyReq][D:\gitsinnori\sinnori\project\sample_test\client_build\web_build\src\main\java\kr\pe\sinnori\impl\message] creation task start
06:35:54.746 [main] INFO  k.p.s.c.buildsystem.ProjectBuilder - main project[sample_test]'s message file[PublicKeyReq][D:\gitsinnori\sinnori\project\sample_test\client_build\web_build\src\main\java\kr\pe\sinnori\impl\message] creation task end
06:35:54.746 [main] INFO  k.p.s.c.buildsystem.ProjectBuilder - main project[sample_test]'s message decoder file[PublicKeyReq][D:\gitsinnori\sinnori\project\sample_test\client_build\web_build\src\main\java\kr\pe\sinnori\impl\message] creation task start
06:35:54.746 [main] INFO  k.p.s.c.buildsystem.ProjectBuilder - main project[sample_test]'s message decoder file[PublicKeyReq][D:\gitsinnori\sinnori\project\sample_test\client_build\web_build\src\main\java\kr\pe\sinnori\impl\message] creation task end
06:35:54.746 [main] INFO  k.p.s.c.buildsystem.ProjectBuilder - main project[sample_test]'s message encoder file[PublicKeyReq][D:\gitsinnori\sinnori\project\sample_test\client_build\web_build\src\main\java\kr\pe\sinnori\impl\message] creation task start
06:35:54.746 [main] INFO  k.p.s.c.buildsystem.ProjectBuilder - main project[sample_test]'s message encoder file[PublicKeyReq][D:\gitsinnori\sinnori\project\sample_test\client_build\web_build\src\main\java\kr\pe\sinnori\impl\message] creation task end
06:35:54.746 [main] INFO  k.p.s.c.buildsystem.ProjectBuilder - main project[sample_test]'s message server codec file[PublicKeyReq][D:\gitsinnori\sinnori\project\sample_test\client_build\web_build\src\main\java\kr\pe\sinnori\impl\message] creation task start
06:35:54.746 [main] INFO  k.p.s.c.buildsystem.ProjectBuilder - main project[sample_test]'s message server codec file[PublicKeyReq][D:\gitsinnori\sinnori\project\sample_test\client_build\web_build\src\main\java\kr\pe\sinnori\impl\message] creation task end
06:35:54.746 [main] INFO  k.p.s.c.buildsystem.ProjectBuilder - main project[sample_test]'s message client codec file[PublicKeyReq][D:\gitsinnori\sinnori\project\sample_test\client_build\web_build\src\main\java\kr\pe\sinnori\impl\message] creation task start
06:35:54.746 [main] INFO  k.p.s.c.buildsystem.ProjectBuilder - main project[sample_test]'s message client codec file[PublicKeyReq][D:\gitsinnori\sinnori\project\sample_test\client_build\web_build\src\main\java\kr\pe\sinnori\impl\message] creation task end
06:35:54.746 [main] INFO  k.p.s.common.util.CommonStaticUtil - the new child relative direcotry[D:\gitsinnori\sinnori\project\sample_test\client_build\web_build\src\main\java\kr\pe\sinnori\impl\message][PublicKeyRes] was created successfully
06:35:54.746 [main] INFO  k.p.s.c.buildsystem.ProjectBuilder - main project[sample_test]'s message file[PublicKeyRes][D:\gitsinnori\sinnori\project\sample_test\client_build\web_build\src\main\java\kr\pe\sinnori\impl\message] creation task start
06:35:54.746 [main] INFO  k.p.s.c.buildsystem.ProjectBuilder - main project[sample_test]'s message file[PublicKeyRes][D:\gitsinnori\sinnori\project\sample_test\client_build\web_build\src\main\java\kr\pe\sinnori\impl\message] creation task end
06:35:54.746 [main] INFO  k.p.s.c.buildsystem.ProjectBuilder - main project[sample_test]'s message decoder file[PublicKeyRes][D:\gitsinnori\sinnori\project\sample_test\client_build\web_build\src\main\java\kr\pe\sinnori\impl\message] creation task start
06:35:54.761 [main] INFO  k.p.s.c.buildsystem.ProjectBuilder - main project[sample_test]'s message decoder file[PublicKeyRes][D:\gitsinnori\sinnori\project\sample_test\client_build\web_build\src\main\java\kr\pe\sinnori\impl\message] creation task end
06:35:54.761 [main] INFO  k.p.s.c.buildsystem.ProjectBuilder - main project[sample_test]'s message encoder file[PublicKeyRes][D:\gitsinnori\sinnori\project\sample_test\client_build\web_build\src\main\java\kr\pe\sinnori\impl\message] creation task start
06:35:54.761 [main] INFO  k.p.s.c.buildsystem.ProjectBuilder - main project[sample_test]'s message encoder file[PublicKeyRes][D:\gitsinnori\sinnori\project\sample_test\client_build\web_build\src\main\java\kr\pe\sinnori\impl\message] creation task end
06:35:54.761 [main] INFO  k.p.s.c.buildsystem.ProjectBuilder - main project[sample_test]'s message server codec file[PublicKeyRes][D:\gitsinnori\sinnori\project\sample_test\client_build\web_build\src\main\java\kr\pe\sinnori\impl\message] creation task start
06:35:54.761 [main] INFO  k.p.s.c.buildsystem.ProjectBuilder - main project[sample_test]'s message server codec file[PublicKeyRes][D:\gitsinnori\sinnori\project\sample_test\client_build\web_build\src\main\java\kr\pe\sinnori\impl\message] creation task end
06:35:54.761 [main] INFO  k.p.s.c.buildsystem.ProjectBuilder - main project[sample_test]'s message client codec file[PublicKeyRes][D:\gitsinnori\sinnori\project\sample_test\client_build\web_build\src\main\java\kr\pe\sinnori\impl\message] creation task start
06:35:54.855 [main] INFO  k.p.s.c.buildsystem.ProjectBuilder - main project[sample_test]'s message client codec file[PublicKeyRes][D:\gitsinnori\sinnori\project\sample_test\client_build\web_build\src\main\java\kr\pe\sinnori\impl\message] creation task end
06:35:54.855 [main] INFO  k.p.s.c.buildsystem.ProjectBuilder - main project[sample_test]'s web client message io file set creation task end
06:35:54.855 [main] INFO  k.p.s.c.buildsystem.ProjectBuilder - mainproject[sample_test]'s web client sample source files copy task start
06:35:54.902 [main] INFO  k.p.s.c.buildsystem.ProjectBuilder - mainproject[sample_test]'s web client sample source files copy task end
06:35:54.902 [main] INFO  k.p.s.c.buildsystem.ProjectBuilder - main project[sample_test]'s web client build system files creation task end
06:35:54.902 [main] INFO  k.p.s.c.buildsystem.ProjectBuilder - main project[sample_test]'s web root sample files creation task start
06:35:54.902 [main] INFO  k.p.s.c.buildsystem.ProjectBuilder - main project[sample_test]'s web root sample files copy task start
06:35:54.918 [main] INFO  k.p.s.c.buildsystem.ProjectBuilder - main project[sample_test]'s web root sample files copy task end
06:35:54.918 [main] INFO  k.p.s.c.buildsystem.ProjectBuilder - main project[sample_test]'s web root sample files creation task end
06:35:54.918 [main] INFO  k.p.s.c.buildsystem.ProjectBuilder - main project[sample_test]'s file creation task end
06:35:54.918 [main] INFO  k.p.s.c.config.SinnoriConfiguration - item key[sessionkey.rsa.publickey.file.value]'s value is null because its status is inactive
06:35:54.918 [main] INFO  k.p.s.c.config.SinnoriConfiguration - item key[sessionkey.rsa.privatekey.file.value]'s value is null because its status is inactive
06:35:54.918 [main] INFO  k.p.s.c.buildsystem.ProjectBuilder - main project[sample_test] changeProjectState method start
06:35:54.918 [main] INFO  k.p.s.c.buildsystem.ProjectBuilder - the server ant build.xml file[D:\gitsinnori\sinnori\project\sample_test\server_build\build.xml] is bad :: whetherExist[false] isFile[false]
06:35:54.918 [main] WARN  k.p.s.c.buildsystem.ProjectBuilder - the server buid.xml file[D:\gitsinnori\sinnori\project\sample_test\server_build\build.xml] is bad beacse it doesn't exist or is not a file, so skip deletion of server build system
06:35:54.918 [main] INFO  k.p.s.c.buildsystem.ProjectBuilder - the app client ant build.xml file[D:\gitsinnori\sinnori\project\sample_test\client_build\app_build\build.xml] is bad :: whetherExist[false] isFile[false]
06:35:54.918 [main] WARN  k.p.s.c.buildsystem.ProjectBuilder - the app client buid.xml file[D:\gitsinnori\sinnori\project\sample_test\client_build\app_build\build.xml] is bad beacse it doesn't exist or is not a file, so skip deletion of app client build system
06:35:54.918 [main] INFO  k.p.s.c.buildsystem.ProjectBuilder - main project[sample_test]'s web client ant properties file modification task start
06:35:54.918 [main] INFO  k.p.s.c.buildsystem.ProjectBuilder - main project[sample_test]'s web client ant properties file modification task end
06:35:54.918 [main] WARN  k.p.s.c.buildsystem.ProjectBuilder - the web client build path[D:\gitsinnori\sinnori\project\sample_test\client_build\web_build] exists, so only the web client's ant properties including servlet system library path  was updated for new servletSystemLibraryPathString[D:\apache-tomcat-8.5.15\lib]
06:35:54.918 [main] WARN  k.p.s.c.buildsystem.ProjectBuilder - the web root path[D:\gitsinnori\sinnori\project\sample_test\web_app_base\ROOT] exists, so skip creation of web root
06:35:54.918 [main] INFO  k.p.s.c.buildsystem.ProjectBuilder - main project[sample_test]'s config file overwrite task start
06:35:54.918 [main] INFO  k.p.s.c.buildsystem.ProjectBuilder - main project[sample_test]'s config file overwrite task end
06:35:54.918 [main] INFO  k.p.s.c.buildsystem.ProjectBuilder - main project[sample_test] changeProjectState method end
06:35:54.918 [main] INFO  k.p.s.c.buildsystem.ProjectBuilder - the server ant build.xml file[D:\gitsinnori\sinnori\project\sample_test\server_build\build.xml] is bad :: whetherExist[false] isFile[false]
06:35:54.918 [main] INFO  k.p.s.c.buildsystem.ProjectBuilder - the app client ant build.xml file[D:\gitsinnori\sinnori\project\sample_test\client_build\app_build\build.xml] is bad :: whetherExist[false] isFile[false]
06:35:54.918 [main] INFO  k.p.s.c.buildsystem.ProjectBuilder - main project[sample_test] changeProjectState method start
06:35:54.918 [main] INFO  k.p.s.c.buildsystem.ProjectBuilder - the server ant build.xml file[D:\gitsinnori\sinnori\project\sample_test\server_build\build.xml] is bad :: whetherExist[false] isFile[false]
06:35:54.964 [main] WARN  k.p.s.c.buildsystem.ProjectBuilder - the server buid.xml file[D:\gitsinnori\sinnori\project\sample_test\server_build\build.xml] is bad beacse it doesn't exist or is not a file, so skip deletion of server build system
06:35:54.964 [main] INFO  k.p.s.c.buildsystem.ProjectBuilder - main project[sample_test]'s application build child direcotry creation task start
06:35:54.964 [main] INFO  k.p.s.common.util.CommonStaticUtil - the new child relative direcotry[D:\gitsinnori\sinnori\project\sample_test][client_build/app_build/corelib/ex] was created successfully
06:35:54.964 [main] INFO  k.p.s.common.util.CommonStaticUtil - the new child relative direcotry[D:\gitsinnori\sinnori\project\sample_test][client_build/app_build/corelib/in] was created successfully
06:35:54.964 [main] INFO  k.p.s.common.util.CommonStaticUtil - the new child relative direcotry[D:\gitsinnori\sinnori\project\sample_test][client_build/app_build/lib/main/ex] was created successfully
06:35:54.964 [main] INFO  k.p.s.common.util.CommonStaticUtil - the new child relative direcotry[D:\gitsinnori\sinnori\project\sample_test][client_build/app_build/lib/main/in] was created successfully
06:35:54.964 [main] INFO  k.p.s.common.util.CommonStaticUtil - the new child relative direcotry[D:\gitsinnori\sinnori\project\sample_test][client_build/app_build/lib/test] was created successfully
06:35:54.964 [main] INFO  k.p.s.common.util.CommonStaticUtil - the new child relative direcotry[D:\gitsinnori\sinnori\project\sample_test][client_build/app_build/src/main/java/kr/pe/sinnori/impl/message] was created successfully
06:35:54.964 [main] INFO  k.p.s.common.util.CommonStaticUtil - the new child relative direcotry[D:\gitsinnori\sinnori\project\sample_test][client_build/app_build/src/main/java/main] was created successfully
06:35:54.964 [main] INFO  k.p.s.common.util.CommonStaticUtil - the new child relative direcotry[D:\gitsinnori\sinnori\project\sample_test][client_build/app_build/src/test/java] was created successfully
06:35:54.964 [main] INFO  k.p.s.common.util.CommonStaticUtil - the new child relative direcotry[D:\gitsinnori\sinnori\project\sample_test][client_build/app_build/build] was created successfully
06:35:54.964 [main] INFO  k.p.s.common.util.CommonStaticUtil - the new child relative direcotry[D:\gitsinnori\sinnori\project\sample_test][client_build/app_build/dist] was created successfully
06:35:54.964 [main] INFO  k.p.s.c.buildsystem.ProjectBuilder - main project[sample_test]'s application build child direcotry creation task end
06:35:54.964 [main] INFO  k.p.s.c.buildsystem.ProjectBuilder - mainproject[sample_test]'s application client build system files creation task start
06:35:54.964 [main] INFO  k.p.s.c.buildsystem.ProjectBuilder - main project[sample_test]'s application client ant build.xml file creation task start
06:35:54.964 [main] INFO  k.p.s.c.buildsystem.ProjectBuilder - main project[sample_test]'s application client ant build.xml file creation task end
06:35:54.964 [main] INFO  k.p.s.c.buildsystem.ProjectBuilder - main project[sample_test]'s application client dos shell file creation task start
06:35:54.964 [main] INFO  k.p.s.c.buildsystem.ProjectBuilder - main project[sample_test]'s application client dos shell file creation task end
06:35:54.964 [main] INFO  k.p.s.c.buildsystem.ProjectBuilder - main project[sample_test]'s application client unix shell file creation task start
06:35:54.964 [main] INFO  k.p.s.c.buildsystem.ProjectBuilder - main project[sample_test]'s application client unix shell file creation task end
06:35:54.964 [main] INFO  k.p.s.c.buildsystem.ProjectBuilder - application client sample source files copy task start
06:35:54.980 [main] INFO  k.p.s.c.buildsystem.ProjectBuilder - application client sample source files copy task end
06:35:54.980 [main] INFO  k.p.s.c.buildsystem.ProjectBuilder - main project[sample_test]'s application client message io file set creation task start
06:35:54.980 [main] INFO  k.p.s.common.util.CommonStaticUtil - the new child relative direcotry[D:\gitsinnori\sinnori\project\sample_test\client_build\app_build\src\main\java\kr\pe\sinnori\impl\message][Echo] was created successfully
06:35:54.980 [main] INFO  k.p.s.c.buildsystem.ProjectBuilder - main project[sample_test]'s message file[Echo][D:\gitsinnori\sinnori\project\sample_test\client_build\app_build\src\main\java\kr\pe\sinnori\impl\message] creation task start
06:35:54.980 [main] INFO  k.p.s.c.buildsystem.ProjectBuilder - main project[sample_test]'s message file[Echo][D:\gitsinnori\sinnori\project\sample_test\client_build\app_build\src\main\java\kr\pe\sinnori\impl\message] creation task end
06:35:54.980 [main] INFO  k.p.s.c.buildsystem.ProjectBuilder - main project[sample_test]'s message decoder file[Echo][D:\gitsinnori\sinnori\project\sample_test\client_build\app_build\src\main\java\kr\pe\sinnori\impl\message] creation task start
06:35:54.980 [main] INFO  k.p.s.c.buildsystem.ProjectBuilder - main project[sample_test]'s message decoder file[Echo][D:\gitsinnori\sinnori\project\sample_test\client_build\app_build\src\main\java\kr\pe\sinnori\impl\message] creation task end
06:35:54.980 [main] INFO  k.p.s.c.buildsystem.ProjectBuilder - main project[sample_test]'s message encoder file[Echo][D:\gitsinnori\sinnori\project\sample_test\client_build\app_build\src\main\java\kr\pe\sinnori\impl\message] creation task start
06:35:54.980 [main] INFO  k.p.s.c.buildsystem.ProjectBuilder - main project[sample_test]'s message encoder file[Echo][D:\gitsinnori\sinnori\project\sample_test\client_build\app_build\src\main\java\kr\pe\sinnori\impl\message] creation task end
06:35:54.980 [main] INFO  k.p.s.c.buildsystem.ProjectBuilder - main project[sample_test]'s message server codec file[Echo][D:\gitsinnori\sinnori\project\sample_test\client_build\app_build\src\main\java\kr\pe\sinnori\impl\message] creation task start
06:35:54.980 [main] INFO  k.p.s.c.buildsystem.ProjectBuilder - main project[sample_test]'s message server codec file[Echo][D:\gitsinnori\sinnori\project\sample_test\client_build\app_build\src\main\java\kr\pe\sinnori\impl\message] creation task end
06:35:54.980 [main] INFO  k.p.s.c.buildsystem.ProjectBuilder - main project[sample_test]'s message client codec file[Echo][D:\gitsinnori\sinnori\project\sample_test\client_build\app_build\src\main\java\kr\pe\sinnori\impl\message] creation task start
06:35:54.980 [main] INFO  k.p.s.c.buildsystem.ProjectBuilder - main project[sample_test]'s message client codec file[Echo][D:\gitsinnori\sinnori\project\sample_test\client_build\app_build\src\main\java\kr\pe\sinnori\impl\message] creation task end
06:35:54.980 [main] INFO  k.p.s.common.util.CommonStaticUtil - the new child relative direcotry[D:\gitsinnori\sinnori\project\sample_test\client_build\app_build\src\main\java\kr\pe\sinnori\impl\message][PublicKeyReq] was created successfully
06:35:54.980 [main] INFO  k.p.s.c.buildsystem.ProjectBuilder - main project[sample_test]'s message file[PublicKeyReq][D:\gitsinnori\sinnori\project\sample_test\client_build\app_build\src\main\java\kr\pe\sinnori\impl\message] creation task start
06:35:54.980 [main] INFO  k.p.s.c.buildsystem.ProjectBuilder - main project[sample_test]'s message file[PublicKeyReq][D:\gitsinnori\sinnori\project\sample_test\client_build\app_build\src\main\java\kr\pe\sinnori\impl\message] creation task end
06:35:55.074 [main] INFO  k.p.s.c.buildsystem.ProjectBuilder - main project[sample_test]'s message decoder file[PublicKeyReq][D:\gitsinnori\sinnori\project\sample_test\client_build\app_build\src\main\java\kr\pe\sinnori\impl\message] creation task start
06:35:55.074 [main] INFO  k.p.s.c.buildsystem.ProjectBuilder - main project[sample_test]'s message decoder file[PublicKeyReq][D:\gitsinnori\sinnori\project\sample_test\client_build\app_build\src\main\java\kr\pe\sinnori\impl\message] creation task end
06:35:55.074 [main] INFO  k.p.s.c.buildsystem.ProjectBuilder - main project[sample_test]'s message encoder file[PublicKeyReq][D:\gitsinnori\sinnori\project\sample_test\client_build\app_build\src\main\java\kr\pe\sinnori\impl\message] creation task start
06:35:55.074 [main] INFO  k.p.s.c.buildsystem.ProjectBuilder - main project[sample_test]'s message encoder file[PublicKeyReq][D:\gitsinnori\sinnori\project\sample_test\client_build\app_build\src\main\java\kr\pe\sinnori\impl\message] creation task end
06:35:55.074 [main] INFO  k.p.s.c.buildsystem.ProjectBuilder - main project[sample_test]'s message server codec file[PublicKeyReq][D:\gitsinnori\sinnori\project\sample_test\client_build\app_build\src\main\java\kr\pe\sinnori\impl\message] creation task start
06:35:55.089 [main] INFO  k.p.s.c.buildsystem.ProjectBuilder - main project[sample_test]'s message server codec file[PublicKeyReq][D:\gitsinnori\sinnori\project\sample_test\client_build\app_build\src\main\java\kr\pe\sinnori\impl\message] creation task end
06:35:55.089 [main] INFO  k.p.s.c.buildsystem.ProjectBuilder - main project[sample_test]'s message client codec file[PublicKeyReq][D:\gitsinnori\sinnori\project\sample_test\client_build\app_build\src\main\java\kr\pe\sinnori\impl\message] creation task start
06:35:55.089 [main] INFO  k.p.s.c.buildsystem.ProjectBuilder - main project[sample_test]'s message client codec file[PublicKeyReq][D:\gitsinnori\sinnori\project\sample_test\client_build\app_build\src\main\java\kr\pe\sinnori\impl\message] creation task end
06:35:55.089 [main] INFO  k.p.s.common.util.CommonStaticUtil - the new child relative direcotry[D:\gitsinnori\sinnori\project\sample_test\client_build\app_build\src\main\java\kr\pe\sinnori\impl\message][PublicKeyRes] was created successfully
06:35:55.089 [main] INFO  k.p.s.c.buildsystem.ProjectBuilder - main project[sample_test]'s message file[PublicKeyRes][D:\gitsinnori\sinnori\project\sample_test\client_build\app_build\src\main\java\kr\pe\sinnori\impl\message] creation task start
06:35:55.089 [main] INFO  k.p.s.c.buildsystem.ProjectBuilder - main project[sample_test]'s message file[PublicKeyRes][D:\gitsinnori\sinnori\project\sample_test\client_build\app_build\src\main\java\kr\pe\sinnori\impl\message] creation task end
06:35:55.089 [main] INFO  k.p.s.c.buildsystem.ProjectBuilder - main project[sample_test]'s message decoder file[PublicKeyRes][D:\gitsinnori\sinnori\project\sample_test\client_build\app_build\src\main\java\kr\pe\sinnori\impl\message] creation task start
06:35:55.105 [main] INFO  k.p.s.c.buildsystem.ProjectBuilder - main project[sample_test]'s message decoder file[PublicKeyRes][D:\gitsinnori\sinnori\project\sample_test\client_build\app_build\src\main\java\kr\pe\sinnori\impl\message] creation task end
06:35:55.105 [main] INFO  k.p.s.c.buildsystem.ProjectBuilder - main project[sample_test]'s message encoder file[PublicKeyRes][D:\gitsinnori\sinnori\project\sample_test\client_build\app_build\src\main\java\kr\pe\sinnori\impl\message] creation task start
06:35:55.105 [main] INFO  k.p.s.c.buildsystem.ProjectBuilder - main project[sample_test]'s message encoder file[PublicKeyRes][D:\gitsinnori\sinnori\project\sample_test\client_build\app_build\src\main\java\kr\pe\sinnori\impl\message] creation task end
06:35:55.105 [main] INFO  k.p.s.c.buildsystem.ProjectBuilder - main project[sample_test]'s message server codec file[PublicKeyRes][D:\gitsinnori\sinnori\project\sample_test\client_build\app_build\src\main\java\kr\pe\sinnori\impl\message] creation task start
06:35:55.105 [main] INFO  k.p.s.c.buildsystem.ProjectBuilder - main project[sample_test]'s message server codec file[PublicKeyRes][D:\gitsinnori\sinnori\project\sample_test\client_build\app_build\src\main\java\kr\pe\sinnori\impl\message] creation task end
06:35:55.105 [main] INFO  k.p.s.c.buildsystem.ProjectBuilder - main project[sample_test]'s message client codec file[PublicKeyRes][D:\gitsinnori\sinnori\project\sample_test\client_build\app_build\src\main\java\kr\pe\sinnori\impl\message] creation task start
06:35:55.105 [main] INFO  k.p.s.c.buildsystem.ProjectBuilder - main project[sample_test]'s message client codec file[PublicKeyRes][D:\gitsinnori\sinnori\project\sample_test\client_build\app_build\src\main\java\kr\pe\sinnori\impl\message] creation task end
06:35:55.105 [main] INFO  k.p.s.c.buildsystem.ProjectBuilder - main project[sample_test]'s application client message io file set creation task end
06:35:55.105 [main] INFO  k.p.s.c.buildsystem.ProjectBuilder - mainproject[sample_test]'s application client build system files creation task end
06:35:55.121 [main] INFO  k.p.s.c.buildsystem.ProjectBuilder - main project[sample_test]'s web client build path deletion task start
06:35:55.136 [main] INFO  k.p.s.c.buildsystem.ProjectBuilder - main project[sample_test]'s web client build path deletion task end
06:35:55.136 [main] INFO  k.p.s.c.buildsystem.ProjectBuilder - main project[sample_test]'s web root path deletion task start
06:35:55.136 [main] INFO  k.p.s.c.buildsystem.ProjectBuilder - main project[sample_test]'s web root path deletion task end
06:35:55.136 [main] INFO  k.p.s.c.buildsystem.ProjectBuilder - main project[sample_test]'s config file overwrite task start
06:35:55.136 [main] INFO  k.p.s.c.buildsystem.ProjectBuilder - main project[sample_test]'s config file overwrite task end
06:35:55.136 [main] INFO  k.p.s.c.buildsystem.ProjectBuilder - main project[sample_test] changeProjectState method end
06:35:55.136 [main] INFO  k.p.s.c.buildsystem.ProjectBuilder - the server ant build.xml file[D:\gitsinnori\sinnori\project\sample_test\server_build\build.xml] is bad :: whetherExist[false] isFile[false]
06:35:55.136 [main] INFO  k.p.s.c.buildsystem.ProjectBuilder - the web client ant build.xml file[D:\gitsinnori\sinnori\project\sample_test\client_build\web_build\build.xml] is bad :: whetherExist[false] isFile[false]
06:35:55.136 [main] INFO  k.p.s.c.buildsystem.ProjectBuilder - the web.xml file[D:\gitsinnori\sinnori\project\sample_test\web_app_base\ROOT\WEB-INF\web.xml] located at web root directory is bad :: whetherExist[false] isFile[false]
06:35:55.199 [main] INFO  k.p.s.c.buildsystem.ProjectBuilder - main project[sample_test] changeProjectState method start
06:35:55.199 [main] INFO  k.p.s.c.buildsystem.ProjectBuilder - the server ant build.xml file[D:\gitsinnori\sinnori\project\sample_test\server_build\build.xml] is bad :: whetherExist[false] isFile[false]
06:35:55.199 [main] WARN  k.p.s.c.buildsystem.ProjectBuilder - the server buid.xml file[D:\gitsinnori\sinnori\project\sample_test\server_build\build.xml] is bad beacse it doesn't exist or is not a file, so skip deletion of server build system
06:35:55.199 [main] WARN  k.p.s.c.buildsystem.ProjectBuilder - the app client build path[D:\gitsinnori\sinnori\project\sample_test\client_build\app_build] exist, so skip creation of app client build system
06:35:55.199 [main] INFO  k.p.s.c.buildsystem.ProjectBuilder - main project[sample_test]'s web build child direcotry creation task start
06:35:55.199 [main] INFO  k.p.s.common.util.CommonStaticUtil - the new child relative direcotry[D:\gitsinnori\sinnori\project\sample_test][client_build/web_build/corelib/ex] was created successfully
06:35:55.199 [main] INFO  k.p.s.common.util.CommonStaticUtil - the new child relative direcotry[D:\gitsinnori\sinnori\project\sample_test][client_build/web_build/corelib/in] was created successfully
06:35:55.199 [main] INFO  k.p.s.common.util.CommonStaticUtil - the new child relative direcotry[D:\gitsinnori\sinnori\project\sample_test][client_build/web_build/lib/main/ex] was created successfully
06:35:55.199 [main] INFO  k.p.s.common.util.CommonStaticUtil - the new child relative direcotry[D:\gitsinnori\sinnori\project\sample_test][client_build/web_build/lib/main/in] was created successfully
06:35:55.199 [main] INFO  k.p.s.common.util.CommonStaticUtil - the new child relative direcotry[D:\gitsinnori\sinnori\project\sample_test][client_build/web_build/lib/test] was created successfully
06:35:55.199 [main] INFO  k.p.s.common.util.CommonStaticUtil - the new child relative direcotry[D:\gitsinnori\sinnori\project\sample_test][client_build/web_build/src/main/java/kr/pe/sinnori/impl/message] was created successfully
06:35:55.199 [main] INFO  k.p.s.common.util.CommonStaticUtil - the new child relative direcotry[D:\gitsinnori\sinnori\project\sample_test][client_build/web_build/src/main/java//kr/pe/sinnori/servlet] was created successfully
06:35:55.199 [main] INFO  k.p.s.common.util.CommonStaticUtil - the new child relative direcotry[D:\gitsinnori\sinnori\project\sample_test][client_build/web_build/src/main/java/kr/pe/sinnori/weblib/common] was created successfully
06:35:55.199 [main] INFO  k.p.s.common.util.CommonStaticUtil - the new child relative direcotry[D:\gitsinnori\sinnori\project\sample_test][client_build/web_build/src/main/java/kr/pe/sinnori/weblib/htmlstring] was created successfully
06:35:55.199 [main] INFO  k.p.s.common.util.CommonStaticUtil - the new child relative direcotry[D:\gitsinnori\sinnori\project\sample_test][client_build/web_build/src/main/java/kr/pe/sinnori/weblib/jdf] was created successfully
06:35:55.199 [main] INFO  k.p.s.common.util.CommonStaticUtil - the new child relative direcotry[D:\gitsinnori\sinnori\project\sample_test][client_build/web_build/src/test/java] was created successfully
06:35:55.199 [main] INFO  k.p.s.common.util.CommonStaticUtil - the new child relative direcotry[D:\gitsinnori\sinnori\project\sample_test][client_build/web_build/build] was created successfully
06:35:55.199 [main] INFO  k.p.s.common.util.CommonStaticUtil - the new child relative direcotry[D:\gitsinnori\sinnori\project\sample_test][client_build/web_build/dist] was created successfully
06:35:55.199 [main] INFO  k.p.s.c.buildsystem.ProjectBuilder - main project[sample_test]'s web build child direcotry creation task end
06:35:55.199 [main] INFO  k.p.s.c.buildsystem.ProjectBuilder - main project[sample_test]'s web client build system files creation task start
06:35:55.199 [main] INFO  k.p.s.c.buildsystem.ProjectBuilder - main project[sample_test]'s web client ant build.xml file creation task start
06:35:55.199 [main] INFO  k.p.s.c.buildsystem.ProjectBuilder - main project[sample_test]'s web client ant build.xml file creation task end
06:35:55.199 [main] INFO  k.p.s.c.buildsystem.ProjectBuilder - main project[sample_test]'s web client ant properties file creation task start
06:35:55.199 [main] INFO  k.p.s.c.util.SequencedPropertiesUtil - the sequenced properties file[D:\gitsinnori\sinnori\project\sample_test\client_build\web_build\webAnt.properties] was created
06:35:55.214 [main] INFO  k.p.s.c.buildsystem.ProjectBuilder - main project[sample_test]'s web client ant properties file creation task end
06:35:55.214 [main] INFO  k.p.s.c.buildsystem.ProjectBuilder - main project[sample_test]'s web client message io file set creation task start
06:35:55.214 [main] INFO  k.p.s.common.util.CommonStaticUtil - the new child relative direcotry[D:\gitsinnori\sinnori\project\sample_test\client_build\web_build\src\main\java\kr\pe\sinnori\impl\message][Echo] was created successfully
06:35:55.214 [main] INFO  k.p.s.c.buildsystem.ProjectBuilder - main project[sample_test]'s message file[Echo][D:\gitsinnori\sinnori\project\sample_test\client_build\web_build\src\main\java\kr\pe\sinnori\impl\message] creation task start
06:35:55.214 [main] INFO  k.p.s.c.buildsystem.ProjectBuilder - main project[sample_test]'s message file[Echo][D:\gitsinnori\sinnori\project\sample_test\client_build\web_build\src\main\java\kr\pe\sinnori\impl\message] creation task end
06:35:55.214 [main] INFO  k.p.s.c.buildsystem.ProjectBuilder - main project[sample_test]'s message decoder file[Echo][D:\gitsinnori\sinnori\project\sample_test\client_build\web_build\src\main\java\kr\pe\sinnori\impl\message] creation task start
06:35:55.214 [main] INFO  k.p.s.c.buildsystem.ProjectBuilder - main project[sample_test]'s message decoder file[Echo][D:\gitsinnori\sinnori\project\sample_test\client_build\web_build\src\main\java\kr\pe\sinnori\impl\message] creation task end
06:35:55.214 [main] INFO  k.p.s.c.buildsystem.ProjectBuilder - main project[sample_test]'s message encoder file[Echo][D:\gitsinnori\sinnori\project\sample_test\client_build\web_build\src\main\java\kr\pe\sinnori\impl\message] creation task start
06:35:55.230 [main] INFO  k.p.s.c.buildsystem.ProjectBuilder - main project[sample_test]'s message encoder file[Echo][D:\gitsinnori\sinnori\project\sample_test\client_build\web_build\src\main\java\kr\pe\sinnori\impl\message] creation task end
06:35:55.230 [main] INFO  k.p.s.c.buildsystem.ProjectBuilder - main project[sample_test]'s message server codec file[Echo][D:\gitsinnori\sinnori\project\sample_test\client_build\web_build\src\main\java\kr\pe\sinnori\impl\message] creation task start
06:35:55.230 [main] INFO  k.p.s.c.buildsystem.ProjectBuilder - main project[sample_test]'s message server codec file[Echo][D:\gitsinnori\sinnori\project\sample_test\client_build\web_build\src\main\java\kr\pe\sinnori\impl\message] creation task end
06:35:55.230 [main] INFO  k.p.s.c.buildsystem.ProjectBuilder - main project[sample_test]'s message client codec file[Echo][D:\gitsinnori\sinnori\project\sample_test\client_build\web_build\src\main\java\kr\pe\sinnori\impl\message] creation task start
06:35:55.230 [main] INFO  k.p.s.c.buildsystem.ProjectBuilder - main project[sample_test]'s message client codec file[Echo][D:\gitsinnori\sinnori\project\sample_test\client_build\web_build\src\main\java\kr\pe\sinnori\impl\message] creation task end
06:35:55.230 [main] INFO  k.p.s.common.util.CommonStaticUtil - the new child relative direcotry[D:\gitsinnori\sinnori\project\sample_test\client_build\web_build\src\main\java\kr\pe\sinnori\impl\message][PublicKeyReq] was created successfully
06:35:55.230 [main] INFO  k.p.s.c.buildsystem.ProjectBuilder - main project[sample_test]'s message file[PublicKeyReq][D:\gitsinnori\sinnori\project\sample_test\client_build\web_build\src\main\java\kr\pe\sinnori\impl\message] creation task start
06:35:55.230 [main] INFO  k.p.s.c.buildsystem.ProjectBuilder - main project[sample_test]'s message file[PublicKeyReq][D:\gitsinnori\sinnori\project\sample_test\client_build\web_build\src\main\java\kr\pe\sinnori\impl\message] creation task end
06:35:55.230 [main] INFO  k.p.s.c.buildsystem.ProjectBuilder - main project[sample_test]'s message decoder file[PublicKeyReq][D:\gitsinnori\sinnori\project\sample_test\client_build\web_build\src\main\java\kr\pe\sinnori\impl\message] creation task start
06:35:55.230 [main] INFO  k.p.s.c.buildsystem.ProjectBuilder - main project[sample_test]'s message decoder file[PublicKeyReq][D:\gitsinnori\sinnori\project\sample_test\client_build\web_build\src\main\java\kr\pe\sinnori\impl\message] creation task end
06:35:55.324 [main] INFO  k.p.s.c.buildsystem.ProjectBuilder - main project[sample_test]'s message encoder file[PublicKeyReq][D:\gitsinnori\sinnori\project\sample_test\client_build\web_build\src\main\java\kr\pe\sinnori\impl\message] creation task start
06:35:55.324 [main] INFO  k.p.s.c.buildsystem.ProjectBuilder - main project[sample_test]'s message encoder file[PublicKeyReq][D:\gitsinnori\sinnori\project\sample_test\client_build\web_build\src\main\java\kr\pe\sinnori\impl\message] creation task end
06:35:55.324 [main] INFO  k.p.s.c.buildsystem.ProjectBuilder - main project[sample_test]'s message server codec file[PublicKeyReq][D:\gitsinnori\sinnori\project\sample_test\client_build\web_build\src\main\java\kr\pe\sinnori\impl\message] creation task start
06:35:55.324 [main] INFO  k.p.s.c.buildsystem.ProjectBuilder - main project[sample_test]'s message server codec file[PublicKeyReq][D:\gitsinnori\sinnori\project\sample_test\client_build\web_build\src\main\java\kr\pe\sinnori\impl\message] creation task end
06:35:55.324 [main] INFO  k.p.s.c.buildsystem.ProjectBuilder - main project[sample_test]'s message client codec file[PublicKeyReq][D:\gitsinnori\sinnori\project\sample_test\client_build\web_build\src\main\java\kr\pe\sinnori\impl\message] creation task start
06:35:55.324 [main] INFO  k.p.s.c.buildsystem.ProjectBuilder - main project[sample_test]'s message client codec file[PublicKeyReq][D:\gitsinnori\sinnori\project\sample_test\client_build\web_build\src\main\java\kr\pe\sinnori\impl\message] creation task end
06:35:55.324 [main] INFO  k.p.s.common.util.CommonStaticUtil - the new child relative direcotry[D:\gitsinnori\sinnori\project\sample_test\client_build\web_build\src\main\java\kr\pe\sinnori\impl\message][PublicKeyRes] was created successfully
06:35:55.324 [main] INFO  k.p.s.c.buildsystem.ProjectBuilder - main project[sample_test]'s message file[PublicKeyRes][D:\gitsinnori\sinnori\project\sample_test\client_build\web_build\src\main\java\kr\pe\sinnori\impl\message] creation task start
06:35:55.324 [main] INFO  k.p.s.c.buildsystem.ProjectBuilder - main project[sample_test]'s message file[PublicKeyRes][D:\gitsinnori\sinnori\project\sample_test\client_build\web_build\src\main\java\kr\pe\sinnori\impl\message] creation task end
06:35:55.324 [main] INFO  k.p.s.c.buildsystem.ProjectBuilder - main project[sample_test]'s message decoder file[PublicKeyRes][D:\gitsinnori\sinnori\project\sample_test\client_build\web_build\src\main\java\kr\pe\sinnori\impl\message] creation task start
06:35:55.339 [main] INFO  k.p.s.c.buildsystem.ProjectBuilder - main project[sample_test]'s message decoder file[PublicKeyRes][D:\gitsinnori\sinnori\project\sample_test\client_build\web_build\src\main\java\kr\pe\sinnori\impl\message] creation task end
06:35:55.339 [main] INFO  k.p.s.c.buildsystem.ProjectBuilder - main project[sample_test]'s message encoder file[PublicKeyRes][D:\gitsinnori\sinnori\project\sample_test\client_build\web_build\src\main\java\kr\pe\sinnori\impl\message] creation task start
06:35:55.339 [main] INFO  k.p.s.c.buildsystem.ProjectBuilder - main project[sample_test]'s message encoder file[PublicKeyRes][D:\gitsinnori\sinnori\project\sample_test\client_build\web_build\src\main\java\kr\pe\sinnori\impl\message] creation task end
06:35:55.339 [main] INFO  k.p.s.c.buildsystem.ProjectBuilder - main project[sample_test]'s message server codec file[PublicKeyRes][D:\gitsinnori\sinnori\project\sample_test\client_build\web_build\src\main\java\kr\pe\sinnori\impl\message] creation task start
06:35:55.339 [main] INFO  k.p.s.c.buildsystem.ProjectBuilder - main project[sample_test]'s message server codec file[PublicKeyRes][D:\gitsinnori\sinnori\project\sample_test\client_build\web_build\src\main\java\kr\pe\sinnori\impl\message] creation task end
06:35:55.339 [main] INFO  k.p.s.c.buildsystem.ProjectBuilder - main project[sample_test]'s message client codec file[PublicKeyRes][D:\gitsinnori\sinnori\project\sample_test\client_build\web_build\src\main\java\kr\pe\sinnori\impl\message] creation task start
06:35:55.339 [main] INFO  k.p.s.c.buildsystem.ProjectBuilder - main project[sample_test]'s message client codec file[PublicKeyRes][D:\gitsinnori\sinnori\project\sample_test\client_build\web_build\src\main\java\kr\pe\sinnori\impl\message] creation task end
06:35:55.339 [main] INFO  k.p.s.c.buildsystem.ProjectBuilder - main project[sample_test]'s web client message io file set creation task end
06:35:55.339 [main] INFO  k.p.s.c.buildsystem.ProjectBuilder - mainproject[sample_test]'s web client sample source files copy task start
06:35:55.386 [main] INFO  k.p.s.c.buildsystem.ProjectBuilder - mainproject[sample_test]'s web client sample source files copy task end
06:35:55.386 [main] INFO  k.p.s.c.buildsystem.ProjectBuilder - main project[sample_test]'s web client build system files creation task end
06:35:55.386 [main] INFO  k.p.s.c.buildsystem.ProjectBuilder - main project[sample_test]'s web root child direcotry creation task start
06:35:55.386 [main] INFO  k.p.s.common.util.CommonStaticUtil - the child relative direcotry[D:\gitsinnori\sinnori\project\sample_test][web_app_base/upload] exist, so nothing
06:35:55.386 [main] INFO  k.p.s.common.util.CommonStaticUtil - the new child relative direcotry[D:\gitsinnori\sinnori\project\sample_test][web_app_base/ROOT/WEB-INF/classes] was created successfully
06:35:55.386 [main] INFO  k.p.s.common.util.CommonStaticUtil - the new child relative direcotry[D:\gitsinnori\sinnori\project\sample_test][web_app_base/ROOT/WEB-INF/lib] was created successfully
06:35:55.386 [main] INFO  k.p.s.c.buildsystem.ProjectBuilder - main project[sample_test]'s web root child direcotry creation task end
06:35:55.386 [main] INFO  k.p.s.c.buildsystem.ProjectBuilder - main project[sample_test]'s web root sample files creation task start
06:35:55.386 [main] INFO  k.p.s.c.buildsystem.ProjectBuilder - main project[sample_test]'s web root sample files copy task start
06:35:55.402 [main] INFO  k.p.s.c.buildsystem.ProjectBuilder - main project[sample_test]'s web root sample files copy task end
06:35:55.402 [main] INFO  k.p.s.c.buildsystem.ProjectBuilder - main project[sample_test]'s web root sample files creation task end
06:35:55.433 [main] INFO  k.p.s.c.buildsystem.ProjectBuilder - main project[sample_test]'s config file overwrite task start
06:35:55.433 [main] INFO  k.p.s.c.buildsystem.ProjectBuilder - main project[sample_test]'s config file overwrite task end
06:35:55.433 [main] INFO  k.p.s.c.buildsystem.ProjectBuilder - main project[sample_test] changeProjectState method end
06:35:55.433 [main] INFO  k.p.s.c.buildsystem.ProjectBuilder - the server ant build.xml file[D:\gitsinnori\sinnori\project\sample_test\server_build\build.xml] is bad :: whetherExist[false] isFile[false]
06:35:55.433 [main] INFO  k.p.s.c.buildsystem.ProjectBuilder - main project[sample_test] changeProjectState method start
06:35:55.433 [main] INFO  k.p.s.c.buildsystem.ProjectBuilder - main project[sample_test]'s server child direcotry creation task start
06:35:55.433 [main] INFO  k.p.s.common.util.CommonStaticUtil - the new child relative direcotry[D:\gitsinnori\sinnori\project\sample_test][server_build/APP-INF/classes] was created successfully
06:35:55.433 [main] INFO  k.p.s.common.util.CommonStaticUtil - the new child relative direcotry[D:\gitsinnori\sinnori\project\sample_test][server_build/corelib/ex] was created successfully
06:35:55.433 [main] INFO  k.p.s.common.util.CommonStaticUtil - the new child relative direcotry[D:\gitsinnori\sinnori\project\sample_test][server_build/corelib/in] was created successfully
06:35:55.433 [main] INFO  k.p.s.common.util.CommonStaticUtil - the new child relative direcotry[D:\gitsinnori\sinnori\project\sample_test][server_build/lib/main/ex] was created successfully
06:35:55.433 [main] INFO  k.p.s.common.util.CommonStaticUtil - the new child relative direcotry[D:\gitsinnori\sinnori\project\sample_test][server_build/lib/main/in] was created successfully
06:35:55.433 [main] INFO  k.p.s.common.util.CommonStaticUtil - the new child relative direcotry[D:\gitsinnori\sinnori\project\sample_test][server_build/lib/test] was created successfully
06:35:55.433 [main] INFO  k.p.s.common.util.CommonStaticUtil - the new child relative direcotry[D:\gitsinnori\sinnori\project\sample_test][server_build/src/main/java/kr/pe/sinnori/impl/servertask] was created successfully
06:35:55.433 [main] INFO  k.p.s.common.util.CommonStaticUtil - the new child relative direcotry[D:\gitsinnori\sinnori\project\sample_test][server_build/src/main/java/kr/pe/sinnori/impl/message] was created successfully
06:35:55.433 [main] INFO  k.p.s.common.util.CommonStaticUtil - the new child relative direcotry[D:\gitsinnori\sinnori\project\sample_test][server_build/src/main/java/main] was created successfully
06:35:55.433 [main] INFO  k.p.s.common.util.CommonStaticUtil - the new child relative direcotry[D:\gitsinnori\sinnori\project\sample_test][server_build/src/test/java] was created successfully
06:35:55.433 [main] INFO  k.p.s.common.util.CommonStaticUtil - the new child relative direcotry[D:\gitsinnori\sinnori\project\sample_test][server_build/build] was created successfully
06:35:55.433 [main] INFO  k.p.s.common.util.CommonStaticUtil - the new child relative direcotry[D:\gitsinnori\sinnori\project\sample_test][server_build/dist] was created successfully
06:35:55.433 [main] INFO  k.p.s.c.buildsystem.ProjectBuilder - main project[sample_test]'s server child direcotry creation task end
06:35:55.433 [main] INFO  k.p.s.c.buildsystem.ProjectBuilder - server build system files creation task start
06:35:55.433 [main] INFO  k.p.s.c.buildsystem.ProjectBuilder - main project[sample_test]'s server ant build.xml file creation task start
06:35:55.433 [main] INFO  k.p.s.c.buildsystem.ProjectBuilder - main project[sample_test]'s server ant build.xml file creation task end
06:35:55.449 [main] INFO  k.p.s.c.buildsystem.ProjectBuilder - main project[sample_test]'s server dos shell file creation task start
06:35:55.449 [main] INFO  k.p.s.c.buildsystem.ProjectBuilder - main project[sample_test]'s server dos shell file creation task end
06:35:55.449 [main] INFO  k.p.s.c.buildsystem.ProjectBuilder - main project[sample_test]'s server unix shell file creation task start
06:35:55.449 [main] INFO  k.p.s.c.buildsystem.ProjectBuilder - main project[sample_test]'s server unix shell file creation task end
06:35:55.449 [main] INFO  k.p.s.c.buildsystem.ProjectBuilder - server sample source files copy task start
06:35:55.449 [main] INFO  k.p.s.c.buildsystem.ProjectBuilder - server sample source files copy task end
06:35:55.449 [main] INFO  k.p.s.c.buildsystem.ProjectBuilder - main project[sample_test]'s server message io file set creation task start
06:35:55.449 [main] INFO  k.p.s.common.util.CommonStaticUtil - the new child relative direcotry[D:\gitsinnori\sinnori\project\sample_test\server_build\src\main\java\kr\pe\sinnori\impl\message][Echo] was created successfully
06:35:55.449 [main] INFO  k.p.s.c.buildsystem.ProjectBuilder - main project[sample_test]'s message file[Echo][D:\gitsinnori\sinnori\project\sample_test\server_build\src\main\java\kr\pe\sinnori\impl\message] creation task start
06:35:55.464 [main] INFO  k.p.s.c.buildsystem.ProjectBuilder - main project[sample_test]'s message file[Echo][D:\gitsinnori\sinnori\project\sample_test\server_build\src\main\java\kr\pe\sinnori\impl\message] creation task end
06:35:55.464 [main] INFO  k.p.s.c.buildsystem.ProjectBuilder - main project[sample_test]'s message decoder file[Echo][D:\gitsinnori\sinnori\project\sample_test\server_build\src\main\java\kr\pe\sinnori\impl\message] creation task start
06:35:55.464 [main] INFO  k.p.s.c.buildsystem.ProjectBuilder - main project[sample_test]'s message decoder file[Echo][D:\gitsinnori\sinnori\project\sample_test\server_build\src\main\java\kr\pe\sinnori\impl\message] creation task end
06:35:55.464 [main] INFO  k.p.s.c.buildsystem.ProjectBuilder - main project[sample_test]'s message encoder file[Echo][D:\gitsinnori\sinnori\project\sample_test\server_build\src\main\java\kr\pe\sinnori\impl\message] creation task start
06:35:55.480 [main] INFO  k.p.s.c.buildsystem.ProjectBuilder - main project[sample_test]'s message encoder file[Echo][D:\gitsinnori\sinnori\project\sample_test\server_build\src\main\java\kr\pe\sinnori\impl\message] creation task end
06:35:55.543 [main] INFO  k.p.s.c.buildsystem.ProjectBuilder - main project[sample_test]'s message server codec file[Echo][D:\gitsinnori\sinnori\project\sample_test\server_build\src\main\java\kr\pe\sinnori\impl\message] creation task start
06:35:55.543 [main] INFO  k.p.s.c.buildsystem.ProjectBuilder - main project[sample_test]'s message server codec file[Echo][D:\gitsinnori\sinnori\project\sample_test\server_build\src\main\java\kr\pe\sinnori\impl\message] creation task end
06:35:55.543 [main] INFO  k.p.s.c.buildsystem.ProjectBuilder - main project[sample_test]'s message client codec file[Echo][D:\gitsinnori\sinnori\project\sample_test\server_build\src\main\java\kr\pe\sinnori\impl\message] creation task start
06:35:55.543 [main] INFO  k.p.s.c.buildsystem.ProjectBuilder - main project[sample_test]'s message client codec file[Echo][D:\gitsinnori\sinnori\project\sample_test\server_build\src\main\java\kr\pe\sinnori\impl\message] creation task end
06:35:55.543 [main] INFO  k.p.s.common.util.CommonStaticUtil - the new child relative direcotry[D:\gitsinnori\sinnori\project\sample_test\server_build\src\main\java\kr\pe\sinnori\impl\message][PublicKeyReq] was created successfully
06:35:55.543 [main] INFO  k.p.s.c.buildsystem.ProjectBuilder - main project[sample_test]'s message file[PublicKeyReq][D:\gitsinnori\sinnori\project\sample_test\server_build\src\main\java\kr\pe\sinnori\impl\message] creation task start
06:35:55.543 [main] INFO  k.p.s.c.buildsystem.ProjectBuilder - main project[sample_test]'s message file[PublicKeyReq][D:\gitsinnori\sinnori\project\sample_test\server_build\src\main\java\kr\pe\sinnori\impl\message] creation task end
06:35:55.543 [main] INFO  k.p.s.c.buildsystem.ProjectBuilder - main project[sample_test]'s message decoder file[PublicKeyReq][D:\gitsinnori\sinnori\project\sample_test\server_build\src\main\java\kr\pe\sinnori\impl\message] creation task start
06:35:55.543 [main] INFO  k.p.s.c.buildsystem.ProjectBuilder - main project[sample_test]'s message decoder file[PublicKeyReq][D:\gitsinnori\sinnori\project\sample_test\server_build\src\main\java\kr\pe\sinnori\impl\message] creation task end
06:35:55.543 [main] INFO  k.p.s.c.buildsystem.ProjectBuilder - main project[sample_test]'s message encoder file[PublicKeyReq][D:\gitsinnori\sinnori\project\sample_test\server_build\src\main\java\kr\pe\sinnori\impl\message] creation task start
06:35:55.558 [main] INFO  k.p.s.c.buildsystem.ProjectBuilder - main project[sample_test]'s message encoder file[PublicKeyReq][D:\gitsinnori\sinnori\project\sample_test\server_build\src\main\java\kr\pe\sinnori\impl\message] creation task end
06:35:55.558 [main] INFO  k.p.s.c.buildsystem.ProjectBuilder - main project[sample_test]'s message server codec file[PublicKeyReq][D:\gitsinnori\sinnori\project\sample_test\server_build\src\main\java\kr\pe\sinnori\impl\message] creation task start
06:35:55.558 [main] INFO  k.p.s.c.buildsystem.ProjectBuilder - main project[sample_test]'s message server codec file[PublicKeyReq][D:\gitsinnori\sinnori\project\sample_test\server_build\src\main\java\kr\pe\sinnori\impl\message] creation task end
06:35:55.558 [main] INFO  k.p.s.c.buildsystem.ProjectBuilder - main project[sample_test]'s message client codec file[PublicKeyReq][D:\gitsinnori\sinnori\project\sample_test\server_build\src\main\java\kr\pe\sinnori\impl\message] creation task start
06:35:55.558 [main] INFO  k.p.s.c.buildsystem.ProjectBuilder - main project[sample_test]'s message client codec file[PublicKeyReq][D:\gitsinnori\sinnori\project\sample_test\server_build\src\main\java\kr\pe\sinnori\impl\message] creation task end
06:35:55.558 [main] INFO  k.p.s.common.util.CommonStaticUtil - the new child relative direcotry[D:\gitsinnori\sinnori\project\sample_test\server_build\src\main\java\kr\pe\sinnori\impl\message][PublicKeyRes] was created successfully
06:35:55.558 [main] INFO  k.p.s.c.buildsystem.ProjectBuilder - main project[sample_test]'s message file[PublicKeyRes][D:\gitsinnori\sinnori\project\sample_test\server_build\src\main\java\kr\pe\sinnori\impl\message] creation task start
06:35:55.558 [main] INFO  k.p.s.c.buildsystem.ProjectBuilder - main project[sample_test]'s message file[PublicKeyRes][D:\gitsinnori\sinnori\project\sample_test\server_build\src\main\java\kr\pe\sinnori\impl\message] creation task end
06:35:55.558 [main] INFO  k.p.s.c.buildsystem.ProjectBuilder - main project[sample_test]'s message decoder file[PublicKeyRes][D:\gitsinnori\sinnori\project\sample_test\server_build\src\main\java\kr\pe\sinnori\impl\message] creation task start
06:35:55.558 [main] INFO  k.p.s.c.buildsystem.ProjectBuilder - main project[sample_test]'s message decoder file[PublicKeyRes][D:\gitsinnori\sinnori\project\sample_test\server_build\src\main\java\kr\pe\sinnori\impl\message] creation task end
06:35:55.558 [main] INFO  k.p.s.c.buildsystem.ProjectBuilder - main project[sample_test]'s message encoder file[PublicKeyRes][D:\gitsinnori\sinnori\project\sample_test\server_build\src\main\java\kr\pe\sinnori\impl\message] creation task start
06:35:55.558 [main] INFO  k.p.s.c.buildsystem.ProjectBuilder - main project[sample_test]'s message encoder file[PublicKeyRes][D:\gitsinnori\sinnori\project\sample_test\server_build\src\main\java\kr\pe\sinnori\impl\message] creation task end
06:35:55.558 [main] INFO  k.p.s.c.buildsystem.ProjectBuilder - main project[sample_test]'s message server codec file[PublicKeyRes][D:\gitsinnori\sinnori\project\sample_test\server_build\src\main\java\kr\pe\sinnori\impl\message] creation task start
06:35:55.558 [main] INFO  k.p.s.c.buildsystem.ProjectBuilder - main project[sample_test]'s message server codec file[PublicKeyRes][D:\gitsinnori\sinnori\project\sample_test\server_build\src\main\java\kr\pe\sinnori\impl\message] creation task end
06:35:55.558 [main] INFO  k.p.s.c.buildsystem.ProjectBuilder - main project[sample_test]'s message client codec file[PublicKeyRes][D:\gitsinnori\sinnori\project\sample_test\server_build\src\main\java\kr\pe\sinnori\impl\message] creation task start
06:35:55.574 [main] INFO  k.p.s.c.buildsystem.ProjectBuilder - main project[sample_test]'s message client codec file[PublicKeyRes][D:\gitsinnori\sinnori\project\sample_test\server_build\src\main\java\kr\pe\sinnori\impl\message] creation task end
06:35:55.574 [main] INFO  k.p.s.c.buildsystem.ProjectBuilder - main project[sample_test]'s server message io file set creation task end
06:35:55.574 [main] INFO  k.p.s.c.buildsystem.ProjectBuilder - server build system files creation task end
06:35:55.652 [main] INFO  k.p.s.c.buildsystem.ProjectBuilder - mainproject[sample_test]'s application client build path deletion task start
06:35:55.683 [main] INFO  k.p.s.c.buildsystem.ProjectBuilder - mainproject[sample_test]'s application client build path deletion task end
06:35:55.683 [main] INFO  k.p.s.c.buildsystem.ProjectBuilder - main project[sample_test]'s web client build path deletion task start
06:35:55.699 [main] INFO  k.p.s.c.buildsystem.ProjectBuilder - main project[sample_test]'s web client build path deletion task end
06:35:55.699 [main] INFO  k.p.s.c.buildsystem.ProjectBuilder - main project[sample_test]'s web root path deletion task start
06:35:55.699 [main] INFO  k.p.s.c.buildsystem.ProjectBuilder - main project[sample_test]'s web root path deletion task end
06:35:55.699 [main] INFO  k.p.s.c.buildsystem.ProjectBuilder - main project[sample_test]'s config file overwrite task start
06:35:55.699 [main] INFO  k.p.s.c.buildsystem.ProjectBuilder - main project[sample_test]'s config file overwrite task end
06:35:55.699 [main] INFO  k.p.s.c.buildsystem.ProjectBuilder - main project[sample_test] changeProjectState method end
06:35:55.699 [main] INFO  k.p.s.c.buildsystem.ProjectBuilder - the app client ant build.xml file[D:\gitsinnori\sinnori\project\sample_test\client_build\app_build\build.xml] is bad :: whetherExist[false] isFile[false]
06:35:55.699 [main] INFO  k.p.s.c.buildsystem.ProjectBuilder - the web client ant build.xml file[D:\gitsinnori\sinnori\project\sample_test\client_build\web_build\build.xml] is bad :: whetherExist[false] isFile[false]
06:35:55.699 [main] INFO  k.p.s.c.buildsystem.ProjectBuilder - the web.xml file[D:\gitsinnori\sinnori\project\sample_test\web_app_base\ROOT\WEB-INF\web.xml] located at web root directory is bad :: whetherExist[false] isFile[false]
06:35:55.699 [main] INFO  k.p.s.c.buildsystem.ProjectBuilder - main project[sample_test] changeProjectState method start
06:35:55.699 [main] WARN  k.p.s.c.buildsystem.ProjectBuilder - the server build path[D:\gitsinnori\sinnori\project\sample_test\server_build] exist, so skip creation of server build system
06:35:55.699 [main] INFO  k.p.s.c.buildsystem.ProjectBuilder - the app client ant build.xml file[D:\gitsinnori\sinnori\project\sample_test\client_build\app_build\build.xml] is bad :: whetherExist[false] isFile[false]
06:35:55.699 [main] WARN  k.p.s.c.buildsystem.ProjectBuilder - the app client buid.xml file[D:\gitsinnori\sinnori\project\sample_test\client_build\app_build\build.xml] is bad beacse it doesn't exist or is not a file, so skip deletion of app client build system
06:35:55.699 [main] INFO  k.p.s.c.buildsystem.ProjectBuilder - main project[sample_test]'s web build child direcotry creation task start
06:35:55.715 [main] INFO  k.p.s.common.util.CommonStaticUtil - the new child relative direcotry[D:\gitsinnori\sinnori\project\sample_test][client_build/web_build/corelib/ex] was created successfully
06:35:55.715 [main] INFO  k.p.s.common.util.CommonStaticUtil - the new child relative direcotry[D:\gitsinnori\sinnori\project\sample_test][client_build/web_build/corelib/in] was created successfully
06:35:55.715 [main] INFO  k.p.s.common.util.CommonStaticUtil - the new child relative direcotry[D:\gitsinnori\sinnori\project\sample_test][client_build/web_build/lib/main/ex] was created successfully
06:35:55.715 [main] INFO  k.p.s.common.util.CommonStaticUtil - the new child relative direcotry[D:\gitsinnori\sinnori\project\sample_test][client_build/web_build/lib/main/in] was created successfully
06:35:55.715 [main] INFO  k.p.s.common.util.CommonStaticUtil - the new child relative direcotry[D:\gitsinnori\sinnori\project\sample_test][client_build/web_build/lib/test] was created successfully
06:35:55.715 [main] INFO  k.p.s.common.util.CommonStaticUtil - the new child relative direcotry[D:\gitsinnori\sinnori\project\sample_test][client_build/web_build/src/main/java/kr/pe/sinnori/impl/message] was created successfully
06:35:55.715 [main] INFO  k.p.s.common.util.CommonStaticUtil - the new child relative direcotry[D:\gitsinnori\sinnori\project\sample_test][client_build/web_build/src/main/java//kr/pe/sinnori/servlet] was created successfully
06:35:55.715 [main] INFO  k.p.s.common.util.CommonStaticUtil - the new child relative direcotry[D:\gitsinnori\sinnori\project\sample_test][client_build/web_build/src/main/java/kr/pe/sinnori/weblib/common] was created successfully
06:35:55.715 [main] INFO  k.p.s.common.util.CommonStaticUtil - the new child relative direcotry[D:\gitsinnori\sinnori\project\sample_test][client_build/web_build/src/main/java/kr/pe/sinnori/weblib/htmlstring] was created successfully
06:35:55.793 [main] INFO  k.p.s.common.util.CommonStaticUtil - the new child relative direcotry[D:\gitsinnori\sinnori\project\sample_test][client_build/web_build/src/main/java/kr/pe/sinnori/weblib/jdf] was created successfully
06:35:55.793 [main] INFO  k.p.s.common.util.CommonStaticUtil - the new child relative direcotry[D:\gitsinnori\sinnori\project\sample_test][client_build/web_build/src/test/java] was created successfully
06:35:55.793 [main] INFO  k.p.s.common.util.CommonStaticUtil - the new child relative direcotry[D:\gitsinnori\sinnori\project\sample_test][client_build/web_build/build] was created successfully
06:35:55.793 [main] INFO  k.p.s.common.util.CommonStaticUtil - the new child relative direcotry[D:\gitsinnori\sinnori\project\sample_test][client_build/web_build/dist] was created successfully
06:35:55.793 [main] INFO  k.p.s.c.buildsystem.ProjectBuilder - main project[sample_test]'s web build child direcotry creation task end
06:35:55.793 [main] INFO  k.p.s.c.buildsystem.ProjectBuilder - main project[sample_test]'s web client build system files creation task start
06:35:55.793 [main] INFO  k.p.s.c.buildsystem.ProjectBuilder - main project[sample_test]'s web client ant build.xml file creation task start
06:35:55.793 [main] INFO  k.p.s.c.buildsystem.ProjectBuilder - main project[sample_test]'s web client ant build.xml file creation task end
06:35:55.793 [main] INFO  k.p.s.c.buildsystem.ProjectBuilder - main project[sample_test]'s web client ant properties file creation task start
06:35:55.793 [main] INFO  k.p.s.c.util.SequencedPropertiesUtil - the sequenced properties file[D:\gitsinnori\sinnori\project\sample_test\client_build\web_build\webAnt.properties] was created
06:35:55.793 [main] INFO  k.p.s.c.buildsystem.ProjectBuilder - main project[sample_test]'s web client ant properties file creation task end
06:35:55.793 [main] INFO  k.p.s.c.buildsystem.ProjectBuilder - main project[sample_test]'s web client message io file set creation task start
06:35:55.793 [main] INFO  k.p.s.common.util.CommonStaticUtil - the new child relative direcotry[D:\gitsinnori\sinnori\project\sample_test\client_build\web_build\src\main\java\kr\pe\sinnori\impl\message][Echo] was created successfully
06:35:55.793 [main] INFO  k.p.s.c.buildsystem.ProjectBuilder - main project[sample_test]'s message file[Echo][D:\gitsinnori\sinnori\project\sample_test\client_build\web_build\src\main\java\kr\pe\sinnori\impl\message] creation task start
06:35:55.793 [main] INFO  k.p.s.c.buildsystem.ProjectBuilder - main project[sample_test]'s message file[Echo][D:\gitsinnori\sinnori\project\sample_test\client_build\web_build\src\main\java\kr\pe\sinnori\impl\message] creation task end
06:35:55.793 [main] INFO  k.p.s.c.buildsystem.ProjectBuilder - main project[sample_test]'s message decoder file[Echo][D:\gitsinnori\sinnori\project\sample_test\client_build\web_build\src\main\java\kr\pe\sinnori\impl\message] creation task start
06:35:55.793 [main] INFO  k.p.s.c.buildsystem.ProjectBuilder - main project[sample_test]'s message decoder file[Echo][D:\gitsinnori\sinnori\project\sample_test\client_build\web_build\src\main\java\kr\pe\sinnori\impl\message] creation task end
06:35:55.793 [main] INFO  k.p.s.c.buildsystem.ProjectBuilder - main project[sample_test]'s message encoder file[Echo][D:\gitsinnori\sinnori\project\sample_test\client_build\web_build\src\main\java\kr\pe\sinnori\impl\message] creation task start
06:35:55.793 [main] INFO  k.p.s.c.buildsystem.ProjectBuilder - main project[sample_test]'s message encoder file[Echo][D:\gitsinnori\sinnori\project\sample_test\client_build\web_build\src\main\java\kr\pe\sinnori\impl\message] creation task end
06:35:55.793 [main] INFO  k.p.s.c.buildsystem.ProjectBuilder - main project[sample_test]'s message server codec file[Echo][D:\gitsinnori\sinnori\project\sample_test\client_build\web_build\src\main\java\kr\pe\sinnori\impl\message] creation task start
06:35:55.793 [main] INFO  k.p.s.c.buildsystem.ProjectBuilder - main project[sample_test]'s message server codec file[Echo][D:\gitsinnori\sinnori\project\sample_test\client_build\web_build\src\main\java\kr\pe\sinnori\impl\message] creation task end
06:35:55.808 [main] INFO  k.p.s.c.buildsystem.ProjectBuilder - main project[sample_test]'s message client codec file[Echo][D:\gitsinnori\sinnori\project\sample_test\client_build\web_build\src\main\java\kr\pe\sinnori\impl\message] creation task start
06:35:55.808 [main] INFO  k.p.s.c.buildsystem.ProjectBuilder - main project[sample_test]'s message client codec file[Echo][D:\gitsinnori\sinnori\project\sample_test\client_build\web_build\src\main\java\kr\pe\sinnori\impl\message] creation task end
06:35:55.808 [main] INFO  k.p.s.common.util.CommonStaticUtil - the new child relative direcotry[D:\gitsinnori\sinnori\project\sample_test\client_build\web_build\src\main\java\kr\pe\sinnori\impl\message][PublicKeyReq] was created successfully
06:35:55.808 [main] INFO  k.p.s.c.buildsystem.ProjectBuilder - main project[sample_test]'s message file[PublicKeyReq][D:\gitsinnori\sinnori\project\sample_test\client_build\web_build\src\main\java\kr\pe\sinnori\impl\message] creation task start
06:35:55.808 [main] INFO  k.p.s.c.buildsystem.ProjectBuilder - main project[sample_test]'s message file[PublicKeyReq][D:\gitsinnori\sinnori\project\sample_test\client_build\web_build\src\main\java\kr\pe\sinnori\impl\message] creation task end
06:35:55.808 [main] INFO  k.p.s.c.buildsystem.ProjectBuilder - main project[sample_test]'s message decoder file[PublicKeyReq][D:\gitsinnori\sinnori\project\sample_test\client_build\web_build\src\main\java\kr\pe\sinnori\impl\message] creation task start
06:35:55.808 [main] INFO  k.p.s.c.buildsystem.ProjectBuilder - main project[sample_test]'s message decoder file[PublicKeyReq][D:\gitsinnori\sinnori\project\sample_test\client_build\web_build\src\main\java\kr\pe\sinnori\impl\message] creation task end
06:35:55.808 [main] INFO  k.p.s.c.buildsystem.ProjectBuilder - main project[sample_test]'s message encoder file[PublicKeyReq][D:\gitsinnori\sinnori\project\sample_test\client_build\web_build\src\main\java\kr\pe\sinnori\impl\message] creation task start
06:35:55.808 [main] INFO  k.p.s.c.buildsystem.ProjectBuilder - main project[sample_test]'s message encoder file[PublicKeyReq][D:\gitsinnori\sinnori\project\sample_test\client_build\web_build\src\main\java\kr\pe\sinnori\impl\message] creation task end
06:35:55.808 [main] INFO  k.p.s.c.buildsystem.ProjectBuilder - main project[sample_test]'s message server codec file[PublicKeyReq][D:\gitsinnori\sinnori\project\sample_test\client_build\web_build\src\main\java\kr\pe\sinnori\impl\message] creation task start
06:35:55.808 [main] INFO  k.p.s.c.buildsystem.ProjectBuilder - main project[sample_test]'s message server codec file[PublicKeyReq][D:\gitsinnori\sinnori\project\sample_test\client_build\web_build\src\main\java\kr\pe\sinnori\impl\message] creation task end
06:35:55.808 [main] INFO  k.p.s.c.buildsystem.ProjectBuilder - main project[sample_test]'s message client codec file[PublicKeyReq][D:\gitsinnori\sinnori\project\sample_test\client_build\web_build\src\main\java\kr\pe\sinnori\impl\message] creation task start
06:35:55.902 [main] INFO  k.p.s.c.buildsystem.ProjectBuilder - main project[sample_test]'s message client codec file[PublicKeyReq][D:\gitsinnori\sinnori\project\sample_test\client_build\web_build\src\main\java\kr\pe\sinnori\impl\message] creation task end
06:35:55.902 [main] INFO  k.p.s.common.util.CommonStaticUtil - the new child relative direcotry[D:\gitsinnori\sinnori\project\sample_test\client_build\web_build\src\main\java\kr\pe\sinnori\impl\message][PublicKeyRes] was created successfully
06:35:55.902 [main] INFO  k.p.s.c.buildsystem.ProjectBuilder - main project[sample_test]'s message file[PublicKeyRes][D:\gitsinnori\sinnori\project\sample_test\client_build\web_build\src\main\java\kr\pe\sinnori\impl\message] creation task start
06:35:55.902 [main] INFO  k.p.s.c.buildsystem.ProjectBuilder - main project[sample_test]'s message file[PublicKeyRes][D:\gitsinnori\sinnori\project\sample_test\client_build\web_build\src\main\java\kr\pe\sinnori\impl\message] creation task end
06:35:55.902 [main] INFO  k.p.s.c.buildsystem.ProjectBuilder - main project[sample_test]'s message decoder file[PublicKeyRes][D:\gitsinnori\sinnori\project\sample_test\client_build\web_build\src\main\java\kr\pe\sinnori\impl\message] creation task start
06:35:55.918 [main] INFO  k.p.s.c.buildsystem.ProjectBuilder - main project[sample_test]'s message decoder file[PublicKeyRes][D:\gitsinnori\sinnori\project\sample_test\client_build\web_build\src\main\java\kr\pe\sinnori\impl\message] creation task end
06:35:55.918 [main] INFO  k.p.s.c.buildsystem.ProjectBuilder - main project[sample_test]'s message encoder file[PublicKeyRes][D:\gitsinnori\sinnori\project\sample_test\client_build\web_build\src\main\java\kr\pe\sinnori\impl\message] creation task start
06:35:55.918 [main] INFO  k.p.s.c.buildsystem.ProjectBuilder - main project[sample_test]'s message encoder file[PublicKeyRes][D:\gitsinnori\sinnori\project\sample_test\client_build\web_build\src\main\java\kr\pe\sinnori\impl\message] creation task end
06:35:55.918 [main] INFO  k.p.s.c.buildsystem.ProjectBuilder - main project[sample_test]'s message server codec file[PublicKeyRes][D:\gitsinnori\sinnori\project\sample_test\client_build\web_build\src\main\java\kr\pe\sinnori\impl\message] creation task start
06:35:55.933 [main] INFO  k.p.s.c.buildsystem.ProjectBuilder - main project[sample_test]'s message server codec file[PublicKeyRes][D:\gitsinnori\sinnori\project\sample_test\client_build\web_build\src\main\java\kr\pe\sinnori\impl\message] creation task end
06:35:55.933 [main] INFO  k.p.s.c.buildsystem.ProjectBuilder - main project[sample_test]'s message client codec file[PublicKeyRes][D:\gitsinnori\sinnori\project\sample_test\client_build\web_build\src\main\java\kr\pe\sinnori\impl\message] creation task start
06:35:55.933 [main] INFO  k.p.s.c.buildsystem.ProjectBuilder - main project[sample_test]'s message client codec file[PublicKeyRes][D:\gitsinnori\sinnori\project\sample_test\client_build\web_build\src\main\java\kr\pe\sinnori\impl\message] creation task end
06:35:55.933 [main] INFO  k.p.s.c.buildsystem.ProjectBuilder - main project[sample_test]'s web client message io file set creation task end
06:35:55.933 [main] INFO  k.p.s.c.buildsystem.ProjectBuilder - mainproject[sample_test]'s web client sample source files copy task start
06:35:55.996 [main] INFO  k.p.s.c.buildsystem.ProjectBuilder - mainproject[sample_test]'s web client sample source files copy task end
06:35:55.996 [main] INFO  k.p.s.c.buildsystem.ProjectBuilder - main project[sample_test]'s web client build system files creation task end
06:35:55.996 [main] INFO  k.p.s.c.buildsystem.ProjectBuilder - main project[sample_test]'s web root child direcotry creation task start
06:35:55.996 [main] INFO  k.p.s.common.util.CommonStaticUtil - the child relative direcotry[D:\gitsinnori\sinnori\project\sample_test][web_app_base/upload] exist, so nothing
06:35:55.996 [main] INFO  k.p.s.common.util.CommonStaticUtil - the new child relative direcotry[D:\gitsinnori\sinnori\project\sample_test][web_app_base/ROOT/WEB-INF/classes] was created successfully
06:35:55.996 [main] INFO  k.p.s.common.util.CommonStaticUtil - the new child relative direcotry[D:\gitsinnori\sinnori\project\sample_test][web_app_base/ROOT/WEB-INF/lib] was created successfully
06:35:55.996 [main] INFO  k.p.s.c.buildsystem.ProjectBuilder - main project[sample_test]'s web root child direcotry creation task end
06:35:55.996 [main] INFO  k.p.s.c.buildsystem.ProjectBuilder - main project[sample_test]'s web root sample files creation task start
06:35:55.996 [main] INFO  k.p.s.c.buildsystem.ProjectBuilder - main project[sample_test]'s web root sample files copy task start
06:35:55.996 [main] INFO  k.p.s.c.buildsystem.ProjectBuilder - main project[sample_test]'s web root sample files copy task end
06:35:55.996 [main] INFO  k.p.s.c.buildsystem.ProjectBuilder - main project[sample_test]'s web root sample files creation task end
06:35:55.996 [main] INFO  k.p.s.c.buildsystem.ProjectBuilder - main project[sample_test]'s config file overwrite task start
06:35:56.011 [main] INFO  k.p.s.c.buildsystem.ProjectBuilder - main project[sample_test]'s config file overwrite task end
06:35:56.011 [main] INFO  k.p.s.c.buildsystem.ProjectBuilder - main project[sample_test] changeProjectState method end
06:35:56.011 [main] INFO  k.p.s.c.buildsystem.ProjectBuilder - the app client ant build.xml file[D:\gitsinnori\sinnori\project\sample_test\client_build\app_build\build.xml] is bad :: whetherExist[false] isFile[false]
06:35:56.011 [main] INFO  k.p.s.c.buildsystem.ProjectBuilder - main project[sample_test] changeProjectState method start
06:35:56.011 [main] WARN  k.p.s.c.buildsystem.ProjectBuilder - the server build path[D:\gitsinnori\sinnori\project\sample_test\server_build] exist, so skip creation of server build system
06:35:56.011 [main] INFO  k.p.s.c.buildsystem.ProjectBuilder - main project[sample_test]'s application build child direcotry creation task start
06:35:56.011 [main] INFO  k.p.s.common.util.CommonStaticUtil - the new child relative direcotry[D:\gitsinnori\sinnori\project\sample_test][client_build/app_build/corelib/ex] was created successfully
06:35:56.011 [main] INFO  k.p.s.common.util.CommonStaticUtil - the new child relative direcotry[D:\gitsinnori\sinnori\project\sample_test][client_build/app_build/corelib/in] was created successfully
06:35:56.011 [main] INFO  k.p.s.common.util.CommonStaticUtil - the new child relative direcotry[D:\gitsinnori\sinnori\project\sample_test][client_build/app_build/lib/main/ex] was created successfully
06:35:56.011 [main] INFO  k.p.s.common.util.CommonStaticUtil - the new child relative direcotry[D:\gitsinnori\sinnori\project\sample_test][client_build/app_build/lib/main/in] was created successfully
06:35:56.011 [main] INFO  k.p.s.common.util.CommonStaticUtil - the new child relative direcotry[D:\gitsinnori\sinnori\project\sample_test][client_build/app_build/lib/test] was created successfully
06:35:56.011 [main] INFO  k.p.s.common.util.CommonStaticUtil - the new child relative direcotry[D:\gitsinnori\sinnori\project\sample_test][client_build/app_build/src/main/java/kr/pe/sinnori/impl/message] was created successfully
06:35:56.011 [main] INFO  k.p.s.common.util.CommonStaticUtil - the new child relative direcotry[D:\gitsinnori\sinnori\project\sample_test][client_build/app_build/src/main/java/main] was created successfully
06:35:56.043 [main] INFO  k.p.s.common.util.CommonStaticUtil - the new child relative direcotry[D:\gitsinnori\sinnori\project\sample_test][client_build/app_build/src/test/java] was created successfully
06:35:56.043 [main] INFO  k.p.s.common.util.CommonStaticUtil - the new child relative direcotry[D:\gitsinnori\sinnori\project\sample_test][client_build/app_build/build] was created successfully
06:35:56.043 [main] INFO  k.p.s.common.util.CommonStaticUtil - the new child relative direcotry[D:\gitsinnori\sinnori\project\sample_test][client_build/app_build/dist] was created successfully
06:35:56.043 [main] INFO  k.p.s.c.buildsystem.ProjectBuilder - main project[sample_test]'s application build child direcotry creation task end
06:35:56.043 [main] INFO  k.p.s.c.buildsystem.ProjectBuilder - mainproject[sample_test]'s application client build system files creation task start
06:35:56.043 [main] INFO  k.p.s.c.buildsystem.ProjectBuilder - main project[sample_test]'s application client ant build.xml file creation task start
06:35:56.043 [main] INFO  k.p.s.c.buildsystem.ProjectBuilder - main project[sample_test]'s application client ant build.xml file creation task end
06:35:56.043 [main] INFO  k.p.s.c.buildsystem.ProjectBuilder - main project[sample_test]'s application client dos shell file creation task start
06:35:56.043 [main] INFO  k.p.s.c.buildsystem.ProjectBuilder - main project[sample_test]'s application client dos shell file creation task end
06:35:56.043 [main] INFO  k.p.s.c.buildsystem.ProjectBuilder - main project[sample_test]'s application client unix shell file creation task start
06:35:56.043 [main] INFO  k.p.s.c.buildsystem.ProjectBuilder - main project[sample_test]'s application client unix shell file creation task end
06:35:56.043 [main] INFO  k.p.s.c.buildsystem.ProjectBuilder - application client sample source files copy task start
06:35:56.058 [main] INFO  k.p.s.c.buildsystem.ProjectBuilder - application client sample source files copy task end
06:35:56.058 [main] INFO  k.p.s.c.buildsystem.ProjectBuilder - main project[sample_test]'s application client message io file set creation task start
06:35:56.058 [main] INFO  k.p.s.common.util.CommonStaticUtil - the new child relative direcotry[D:\gitsinnori\sinnori\project\sample_test\client_build\app_build\src\main\java\kr\pe\sinnori\impl\message][Echo] was created successfully
06:35:56.058 [main] INFO  k.p.s.c.buildsystem.ProjectBuilder - main project[sample_test]'s message file[Echo][D:\gitsinnori\sinnori\project\sample_test\client_build\app_build\src\main\java\kr\pe\sinnori\impl\message] creation task start
06:35:56.058 [main] INFO  k.p.s.c.buildsystem.ProjectBuilder - main project[sample_test]'s message file[Echo][D:\gitsinnori\sinnori\project\sample_test\client_build\app_build\src\main\java\kr\pe\sinnori\impl\message] creation task end
06:35:56.058 [main] INFO  k.p.s.c.buildsystem.ProjectBuilder - main project[sample_test]'s message decoder file[Echo][D:\gitsinnori\sinnori\project\sample_test\client_build\app_build\src\main\java\kr\pe\sinnori\impl\message] creation task start
06:35:56.058 [main] INFO  k.p.s.c.buildsystem.ProjectBuilder - main project[sample_test]'s message decoder file[Echo][D:\gitsinnori\sinnori\project\sample_test\client_build\app_build\src\main\java\kr\pe\sinnori\impl\message] creation task end
06:35:56.058 [main] INFO  k.p.s.c.buildsystem.ProjectBuilder - main project[sample_test]'s message encoder file[Echo][D:\gitsinnori\sinnori\project\sample_test\client_build\app_build\src\main\java\kr\pe\sinnori\impl\message] creation task start
06:35:56.074 [main] INFO  k.p.s.c.buildsystem.ProjectBuilder - main project[sample_test]'s message encoder file[Echo][D:\gitsinnori\sinnori\project\sample_test\client_build\app_build\src\main\java\kr\pe\sinnori\impl\message] creation task end
06:35:56.074 [main] INFO  k.p.s.c.buildsystem.ProjectBuilder - main project[sample_test]'s message server codec file[Echo][D:\gitsinnori\sinnori\project\sample_test\client_build\app_build\src\main\java\kr\pe\sinnori\impl\message] creation task start
06:35:56.074 [main] INFO  k.p.s.c.buildsystem.ProjectBuilder - main project[sample_test]'s message server codec file[Echo][D:\gitsinnori\sinnori\project\sample_test\client_build\app_build\src\main\java\kr\pe\sinnori\impl\message] creation task end
06:35:56.074 [main] INFO  k.p.s.c.buildsystem.ProjectBuilder - main project[sample_test]'s message client codec file[Echo][D:\gitsinnori\sinnori\project\sample_test\client_build\app_build\src\main\java\kr\pe\sinnori\impl\message] creation task start
06:35:56.074 [main] INFO  k.p.s.c.buildsystem.ProjectBuilder - main project[sample_test]'s message client codec file[Echo][D:\gitsinnori\sinnori\project\sample_test\client_build\app_build\src\main\java\kr\pe\sinnori\impl\message] creation task end
06:35:56.074 [main] INFO  k.p.s.common.util.CommonStaticUtil - the new child relative direcotry[D:\gitsinnori\sinnori\project\sample_test\client_build\app_build\src\main\java\kr\pe\sinnori\impl\message][PublicKeyReq] was created successfully
06:35:56.074 [main] INFO  k.p.s.c.buildsystem.ProjectBuilder - main project[sample_test]'s message file[PublicKeyReq][D:\gitsinnori\sinnori\project\sample_test\client_build\app_build\src\main\java\kr\pe\sinnori\impl\message] creation task start
06:35:56.074 [main] INFO  k.p.s.c.buildsystem.ProjectBuilder - main project[sample_test]'s message file[PublicKeyReq][D:\gitsinnori\sinnori\project\sample_test\client_build\app_build\src\main\java\kr\pe\sinnori\impl\message] creation task end
06:35:56.074 [main] INFO  k.p.s.c.buildsystem.ProjectBuilder - main project[sample_test]'s message decoder file[PublicKeyReq][D:\gitsinnori\sinnori\project\sample_test\client_build\app_build\src\main\java\kr\pe\sinnori\impl\message] creation task start
06:35:56.074 [main] INFO  k.p.s.c.buildsystem.ProjectBuilder - main project[sample_test]'s message decoder file[PublicKeyReq][D:\gitsinnori\sinnori\project\sample_test\client_build\app_build\src\main\java\kr\pe\sinnori\impl\message] creation task end
06:35:56.074 [main] INFO  k.p.s.c.buildsystem.ProjectBuilder - main project[sample_test]'s message encoder file[PublicKeyReq][D:\gitsinnori\sinnori\project\sample_test\client_build\app_build\src\main\java\kr\pe\sinnori\impl\message] creation task start
06:35:56.074 [main] INFO  k.p.s.c.buildsystem.ProjectBuilder - main project[sample_test]'s message encoder file[PublicKeyReq][D:\gitsinnori\sinnori\project\sample_test\client_build\app_build\src\main\java\kr\pe\sinnori\impl\message] creation task end
06:35:56.074 [main] INFO  k.p.s.c.buildsystem.ProjectBuilder - main project[sample_test]'s message server codec file[PublicKeyReq][D:\gitsinnori\sinnori\project\sample_test\client_build\app_build\src\main\java\kr\pe\sinnori\impl\message] creation task start
06:35:56.074 [main] INFO  k.p.s.c.buildsystem.ProjectBuilder - main project[sample_test]'s message server codec file[PublicKeyReq][D:\gitsinnori\sinnori\project\sample_test\client_build\app_build\src\main\java\kr\pe\sinnori\impl\message] creation task end
06:35:56.074 [main] INFO  k.p.s.c.buildsystem.ProjectBuilder - main project[sample_test]'s message client codec file[PublicKeyReq][D:\gitsinnori\sinnori\project\sample_test\client_build\app_build\src\main\java\kr\pe\sinnori\impl\message] creation task start
06:35:56.170 [main] INFO  k.p.s.c.buildsystem.ProjectBuilder - main project[sample_test]'s message client codec file[PublicKeyReq][D:\gitsinnori\sinnori\project\sample_test\client_build\app_build\src\main\java\kr\pe\sinnori\impl\message] creation task end
06:35:56.170 [main] INFO  k.p.s.common.util.CommonStaticUtil - the new child relative direcotry[D:\gitsinnori\sinnori\project\sample_test\client_build\app_build\src\main\java\kr\pe\sinnori\impl\message][PublicKeyRes] was created successfully
06:35:56.170 [main] INFO  k.p.s.c.buildsystem.ProjectBuilder - main project[sample_test]'s message file[PublicKeyRes][D:\gitsinnori\sinnori\project\sample_test\client_build\app_build\src\main\java\kr\pe\sinnori\impl\message] creation task start
06:35:56.170 [main] INFO  k.p.s.c.buildsystem.ProjectBuilder - main project[sample_test]'s message file[PublicKeyRes][D:\gitsinnori\sinnori\project\sample_test\client_build\app_build\src\main\java\kr\pe\sinnori\impl\message] creation task end
06:35:56.170 [main] INFO  k.p.s.c.buildsystem.ProjectBuilder - main project[sample_test]'s message decoder file[PublicKeyRes][D:\gitsinnori\sinnori\project\sample_test\client_build\app_build\src\main\java\kr\pe\sinnori\impl\message] creation task start
06:35:56.185 [main] INFO  k.p.s.c.buildsystem.ProjectBuilder - main project[sample_test]'s message decoder file[PublicKeyRes][D:\gitsinnori\sinnori\project\sample_test\client_build\app_build\src\main\java\kr\pe\sinnori\impl\message] creation task end
06:35:56.185 [main] INFO  k.p.s.c.buildsystem.ProjectBuilder - main project[sample_test]'s message encoder file[PublicKeyRes][D:\gitsinnori\sinnori\project\sample_test\client_build\app_build\src\main\java\kr\pe\sinnori\impl\message] creation task start
06:35:56.201 [main] INFO  k.p.s.c.buildsystem.ProjectBuilder - main project[sample_test]'s message encoder file[PublicKeyRes][D:\gitsinnori\sinnori\project\sample_test\client_build\app_build\src\main\java\kr\pe\sinnori\impl\message] creation task end
06:35:56.201 [main] INFO  k.p.s.c.buildsystem.ProjectBuilder - main project[sample_test]'s message server codec file[PublicKeyRes][D:\gitsinnori\sinnori\project\sample_test\client_build\app_build\src\main\java\kr\pe\sinnori\impl\message] creation task start
06:35:56.201 [main] INFO  k.p.s.c.buildsystem.ProjectBuilder - main project[sample_test]'s message server codec file[PublicKeyRes][D:\gitsinnori\sinnori\project\sample_test\client_build\app_build\src\main\java\kr\pe\sinnori\impl\message] creation task end
06:35:56.201 [main] INFO  k.p.s.c.buildsystem.ProjectBuilder - main project[sample_test]'s message client codec file[PublicKeyRes][D:\gitsinnori\sinnori\project\sample_test\client_build\app_build\src\main\java\kr\pe\sinnori\impl\message] creation task start
06:35:56.201 [main] INFO  k.p.s.c.buildsystem.ProjectBuilder - main project[sample_test]'s message client codec file[PublicKeyRes][D:\gitsinnori\sinnori\project\sample_test\client_build\app_build\src\main\java\kr\pe\sinnori\impl\message] creation task end
06:35:56.201 [main] INFO  k.p.s.c.buildsystem.ProjectBuilder - main project[sample_test]'s application client message io file set creation task end
06:35:56.201 [main] INFO  k.p.s.c.buildsystem.ProjectBuilder - mainproject[sample_test]'s application client build system files creation task end
06:35:56.201 [main] INFO  k.p.s.c.buildsystem.ProjectBuilder - main project[sample_test]'s web client build path deletion task start
06:35:56.217 [main] INFO  k.p.s.c.buildsystem.ProjectBuilder - main project[sample_test]'s web client build path deletion task end
06:35:56.217 [main] INFO  k.p.s.c.buildsystem.ProjectBuilder - main project[sample_test]'s web root path deletion task start
06:35:56.232 [main] INFO  k.p.s.c.buildsystem.ProjectBuilder - main project[sample_test]'s web root path deletion task end
06:35:56.232 [main] INFO  k.p.s.c.buildsystem.ProjectBuilder - main project[sample_test]'s config file overwrite task start
06:35:56.232 [main] INFO  k.p.s.c.buildsystem.ProjectBuilder - main project[sample_test]'s config file overwrite task end
06:35:56.232 [main] INFO  k.p.s.c.buildsystem.ProjectBuilder - main project[sample_test] changeProjectState method end
06:35:56.232 [main] INFO  k.p.s.c.buildsystem.ProjectBuilder - the web client ant build.xml file[D:\gitsinnori\sinnori\project\sample_test\client_build\web_build\build.xml] is bad :: whetherExist[false] isFile[false]
06:35:56.232 [main] INFO  k.p.s.c.buildsystem.ProjectBuilder - the web.xml file[D:\gitsinnori\sinnori\project\sample_test\web_app_base\ROOT\WEB-INF\web.xml] located at web root directory is bad :: whetherExist[false] isFile[false]
06:35:56.232 [main] INFO  k.p.s.c.buildsystem.ProjectBuilder - main project[sample_test] changeProjectState method start
06:35:56.232 [main] WARN  k.p.s.c.buildsystem.ProjectBuilder - the server build path[D:\gitsinnori\sinnori\project\sample_test\server_build] exist, so skip creation of server build system
06:35:56.232 [main] WARN  k.p.s.c.buildsystem.ProjectBuilder - the app client build path[D:\gitsinnori\sinnori\project\sample_test\client_build\app_build] exist, so skip creation of app client build system
06:35:56.232 [main] INFO  k.p.s.c.buildsystem.ProjectBuilder - main project[sample_test]'s web build child direcotry creation task start
06:35:56.232 [main] INFO  k.p.s.common.util.CommonStaticUtil - the new child relative direcotry[D:\gitsinnori\sinnori\project\sample_test][client_build/web_build/corelib/ex] was created successfully
06:35:56.232 [main] INFO  k.p.s.common.util.CommonStaticUtil - the new child relative direcotry[D:\gitsinnori\sinnori\project\sample_test][client_build/web_build/corelib/in] was created successfully
06:35:56.232 [main] INFO  k.p.s.common.util.CommonStaticUtil - the new child relative direcotry[D:\gitsinnori\sinnori\project\sample_test][client_build/web_build/lib/main/ex] was created successfully
06:35:56.232 [main] INFO  k.p.s.common.util.CommonStaticUtil - the new child relative direcotry[D:\gitsinnori\sinnori\project\sample_test][client_build/web_build/lib/main/in] was created successfully
06:35:56.232 [main] INFO  k.p.s.common.util.CommonStaticUtil - the new child relative direcotry[D:\gitsinnori\sinnori\project\sample_test][client_build/web_build/lib/test] was created successfully
06:35:56.232 [main] INFO  k.p.s.common.util.CommonStaticUtil - the new child relative direcotry[D:\gitsinnori\sinnori\project\sample_test][client_build/web_build/src/main/java/kr/pe/sinnori/impl/message] was created successfully
06:35:56.232 [main] INFO  k.p.s.common.util.CommonStaticUtil - the new child relative direcotry[D:\gitsinnori\sinnori\project\sample_test][client_build/web_build/src/main/java//kr/pe/sinnori/servlet] was created successfully
06:35:56.232 [main] INFO  k.p.s.common.util.CommonStaticUtil - the new child relative direcotry[D:\gitsinnori\sinnori\project\sample_test][client_build/web_build/src/main/java/kr/pe/sinnori/weblib/common] was created successfully
06:35:56.232 [main] INFO  k.p.s.common.util.CommonStaticUtil - the new child relative direcotry[D:\gitsinnori\sinnori\project\sample_test][client_build/web_build/src/main/java/kr/pe/sinnori/weblib/htmlstring] was created successfully
06:35:56.232 [main] INFO  k.p.s.common.util.CommonStaticUtil - the new child relative direcotry[D:\gitsinnori\sinnori\project\sample_test][client_build/web_build/src/main/java/kr/pe/sinnori/weblib/jdf] was created successfully
06:35:56.232 [main] INFO  k.p.s.common.util.CommonStaticUtil - the new child relative direcotry[D:\gitsinnori\sinnori\project\sample_test][client_build/web_build/src/test/java] was created successfully
06:35:56.326 [main] INFO  k.p.s.common.util.CommonStaticUtil - the new child relative direcotry[D:\gitsinnori\sinnori\project\sample_test][client_build/web_build/build] was created successfully
06:35:56.326 [main] INFO  k.p.s.common.util.CommonStaticUtil - the new child relative direcotry[D:\gitsinnori\sinnori\project\sample_test][client_build/web_build/dist] was created successfully
06:35:56.326 [main] INFO  k.p.s.c.buildsystem.ProjectBuilder - main project[sample_test]'s web build child direcotry creation task end
06:35:56.326 [main] INFO  k.p.s.c.buildsystem.ProjectBuilder - main project[sample_test]'s web client build system files creation task start
06:35:56.326 [main] INFO  k.p.s.c.buildsystem.ProjectBuilder - main project[sample_test]'s web client ant build.xml file creation task start
06:35:56.326 [main] INFO  k.p.s.c.buildsystem.ProjectBuilder - main project[sample_test]'s web client ant build.xml file creation task end
06:35:56.326 [main] INFO  k.p.s.c.buildsystem.ProjectBuilder - main project[sample_test]'s web client ant properties file creation task start
06:35:56.326 [main] INFO  k.p.s.c.util.SequencedPropertiesUtil - the sequenced properties file[D:\gitsinnori\sinnori\project\sample_test\client_build\web_build\webAnt.properties] was created
06:35:56.342 [main] INFO  k.p.s.c.buildsystem.ProjectBuilder - main project[sample_test]'s web client ant properties file creation task end
06:35:56.342 [main] INFO  k.p.s.c.buildsystem.ProjectBuilder - main project[sample_test]'s web client message io file set creation task start
06:35:56.342 [main] INFO  k.p.s.common.util.CommonStaticUtil - the new child relative direcotry[D:\gitsinnori\sinnori\project\sample_test\client_build\web_build\src\main\java\kr\pe\sinnori\impl\message][Echo] was created successfully
06:35:56.342 [main] INFO  k.p.s.c.buildsystem.ProjectBuilder - main project[sample_test]'s message file[Echo][D:\gitsinnori\sinnori\project\sample_test\client_build\web_build\src\main\java\kr\pe\sinnori\impl\message] creation task start
06:35:56.342 [main] INFO  k.p.s.c.buildsystem.ProjectBuilder - main project[sample_test]'s message file[Echo][D:\gitsinnori\sinnori\project\sample_test\client_build\web_build\src\main\java\kr\pe\sinnori\impl\message] creation task end
06:35:56.342 [main] INFO  k.p.s.c.buildsystem.ProjectBuilder - main project[sample_test]'s message decoder file[Echo][D:\gitsinnori\sinnori\project\sample_test\client_build\web_build\src\main\java\kr\pe\sinnori\impl\message] creation task start
06:35:56.357 [main] INFO  k.p.s.c.buildsystem.ProjectBuilder - main project[sample_test]'s message decoder file[Echo][D:\gitsinnori\sinnori\project\sample_test\client_build\web_build\src\main\java\kr\pe\sinnori\impl\message] creation task end
06:35:56.357 [main] INFO  k.p.s.c.buildsystem.ProjectBuilder - main project[sample_test]'s message encoder file[Echo][D:\gitsinnori\sinnori\project\sample_test\client_build\web_build\src\main\java\kr\pe\sinnori\impl\message] creation task start
06:35:56.357 [main] INFO  k.p.s.c.buildsystem.ProjectBuilder - main project[sample_test]'s message encoder file[Echo][D:\gitsinnori\sinnori\project\sample_test\client_build\web_build\src\main\java\kr\pe\sinnori\impl\message] creation task end
06:35:56.357 [main] INFO  k.p.s.c.buildsystem.ProjectBuilder - main project[sample_test]'s message server codec file[Echo][D:\gitsinnori\sinnori\project\sample_test\client_build\web_build\src\main\java\kr\pe\sinnori\impl\message] creation task start
06:35:56.373 [main] INFO  k.p.s.c.buildsystem.ProjectBuilder - main project[sample_test]'s message server codec file[Echo][D:\gitsinnori\sinnori\project\sample_test\client_build\web_build\src\main\java\kr\pe\sinnori\impl\message] creation task end
06:35:56.373 [main] INFO  k.p.s.c.buildsystem.ProjectBuilder - main project[sample_test]'s message client codec file[Echo][D:\gitsinnori\sinnori\project\sample_test\client_build\web_build\src\main\java\kr\pe\sinnori\impl\message] creation task start
06:35:56.373 [main] INFO  k.p.s.c.buildsystem.ProjectBuilder - main project[sample_test]'s message client codec file[Echo][D:\gitsinnori\sinnori\project\sample_test\client_build\web_build\src\main\java\kr\pe\sinnori\impl\message] creation task end
06:35:56.373 [main] INFO  k.p.s.common.util.CommonStaticUtil - the new child relative direcotry[D:\gitsinnori\sinnori\project\sample_test\client_build\web_build\src\main\java\kr\pe\sinnori\impl\message][PublicKeyReq] was created successfully
06:35:56.373 [main] INFO  k.p.s.c.buildsystem.ProjectBuilder - main project[sample_test]'s message file[PublicKeyReq][D:\gitsinnori\sinnori\project\sample_test\client_build\web_build\src\main\java\kr\pe\sinnori\impl\message] creation task start
06:35:56.373 [main] INFO  k.p.s.c.buildsystem.ProjectBuilder - main project[sample_test]'s message file[PublicKeyReq][D:\gitsinnori\sinnori\project\sample_test\client_build\web_build\src\main\java\kr\pe\sinnori\impl\message] creation task end
06:35:56.373 [main] INFO  k.p.s.c.buildsystem.ProjectBuilder - main project[sample_test]'s message decoder file[PublicKeyReq][D:\gitsinnori\sinnori\project\sample_test\client_build\web_build\src\main\java\kr\pe\sinnori\impl\message] creation task start
06:35:56.373 [main] INFO  k.p.s.c.buildsystem.ProjectBuilder - main project[sample_test]'s message decoder file[PublicKeyReq][D:\gitsinnori\sinnori\project\sample_test\client_build\web_build\src\main\java\kr\pe\sinnori\impl\message] creation task end
06:35:56.373 [main] INFO  k.p.s.c.buildsystem.ProjectBuilder - main project[sample_test]'s message encoder file[PublicKeyReq][D:\gitsinnori\sinnori\project\sample_test\client_build\web_build\src\main\java\kr\pe\sinnori\impl\message] creation task start
06:35:56.373 [main] INFO  k.p.s.c.buildsystem.ProjectBuilder - main project[sample_test]'s message encoder file[PublicKeyReq][D:\gitsinnori\sinnori\project\sample_test\client_build\web_build\src\main\java\kr\pe\sinnori\impl\message] creation task end
06:35:56.373 [main] INFO  k.p.s.c.buildsystem.ProjectBuilder - main project[sample_test]'s message server codec file[PublicKeyReq][D:\gitsinnori\sinnori\project\sample_test\client_build\web_build\src\main\java\kr\pe\sinnori\impl\message] creation task start
06:35:56.389 [main] INFO  k.p.s.c.buildsystem.ProjectBuilder - main project[sample_test]'s message server codec file[PublicKeyReq][D:\gitsinnori\sinnori\project\sample_test\client_build\web_build\src\main\java\kr\pe\sinnori\impl\message] creation task end
06:35:56.389 [main] INFO  k.p.s.c.buildsystem.ProjectBuilder - main project[sample_test]'s message client codec file[PublicKeyReq][D:\gitsinnori\sinnori\project\sample_test\client_build\web_build\src\main\java\kr\pe\sinnori\impl\message] creation task start
06:35:56.389 [main] INFO  k.p.s.c.buildsystem.ProjectBuilder - main project[sample_test]'s message client codec file[PublicKeyReq][D:\gitsinnori\sinnori\project\sample_test\client_build\web_build\src\main\java\kr\pe\sinnori\impl\message] creation task end
06:35:56.389 [main] INFO  k.p.s.common.util.CommonStaticUtil - the new child relative direcotry[D:\gitsinnori\sinnori\project\sample_test\client_build\web_build\src\main\java\kr\pe\sinnori\impl\message][PublicKeyRes] was created successfully
06:35:56.389 [main] INFO  k.p.s.c.buildsystem.ProjectBuilder - main project[sample_test]'s message file[PublicKeyRes][D:\gitsinnori\sinnori\project\sample_test\client_build\web_build\src\main\java\kr\pe\sinnori\impl\message] creation task start
06:35:56.389 [main] INFO  k.p.s.c.buildsystem.ProjectBuilder - main project[sample_test]'s message file[PublicKeyRes][D:\gitsinnori\sinnori\project\sample_test\client_build\web_build\src\main\java\kr\pe\sinnori\impl\message] creation task end
06:35:56.389 [main] INFO  k.p.s.c.buildsystem.ProjectBuilder - main project[sample_test]'s message decoder file[PublicKeyRes][D:\gitsinnori\sinnori\project\sample_test\client_build\web_build\src\main\java\kr\pe\sinnori\impl\message] creation task start
06:35:56.389 [main] INFO  k.p.s.c.buildsystem.ProjectBuilder - main project[sample_test]'s message decoder file[PublicKeyRes][D:\gitsinnori\sinnori\project\sample_test\client_build\web_build\src\main\java\kr\pe\sinnori\impl\message] creation task end
06:35:56.389 [main] INFO  k.p.s.c.buildsystem.ProjectBuilder - main project[sample_test]'s message encoder file[PublicKeyRes][D:\gitsinnori\sinnori\project\sample_test\client_build\web_build\src\main\java\kr\pe\sinnori\impl\message] creation task start
06:35:56.404 [main] INFO  k.p.s.c.buildsystem.ProjectBuilder - main project[sample_test]'s message encoder file[PublicKeyRes][D:\gitsinnori\sinnori\project\sample_test\client_build\web_build\src\main\java\kr\pe\sinnori\impl\message] creation task end
06:35:56.404 [main] INFO  k.p.s.c.buildsystem.ProjectBuilder - main project[sample_test]'s message server codec file[PublicKeyRes][D:\gitsinnori\sinnori\project\sample_test\client_build\web_build\src\main\java\kr\pe\sinnori\impl\message] creation task start
06:35:56.482 [main] INFO  k.p.s.c.buildsystem.ProjectBuilder - main project[sample_test]'s message server codec file[PublicKeyRes][D:\gitsinnori\sinnori\project\sample_test\client_build\web_build\src\main\java\kr\pe\sinnori\impl\message] creation task end
06:35:56.482 [main] INFO  k.p.s.c.buildsystem.ProjectBuilder - main project[sample_test]'s message client codec file[PublicKeyRes][D:\gitsinnori\sinnori\project\sample_test\client_build\web_build\src\main\java\kr\pe\sinnori\impl\message] creation task start
06:35:56.482 [main] INFO  k.p.s.c.buildsystem.ProjectBuilder - main project[sample_test]'s message client codec file[PublicKeyRes][D:\gitsinnori\sinnori\project\sample_test\client_build\web_build\src\main\java\kr\pe\sinnori\impl\message] creation task end
06:35:56.482 [main] INFO  k.p.s.c.buildsystem.ProjectBuilder - main project[sample_test]'s web client message io file set creation task end
06:35:56.482 [main] INFO  k.p.s.c.buildsystem.ProjectBuilder - mainproject[sample_test]'s web client sample source files copy task start
06:35:56.592 [main] INFO  k.p.s.c.buildsystem.ProjectBuilder - mainproject[sample_test]'s web client sample source files copy task end
06:35:56.592 [main] INFO  k.p.s.c.buildsystem.ProjectBuilder - main project[sample_test]'s web client build system files creation task end
06:35:56.592 [main] INFO  k.p.s.c.buildsystem.ProjectBuilder - main project[sample_test]'s web root child direcotry creation task start
06:35:56.592 [main] INFO  k.p.s.common.util.CommonStaticUtil - the child relative direcotry[D:\gitsinnori\sinnori\project\sample_test][web_app_base/upload] exist, so nothing
06:35:56.592 [main] INFO  k.p.s.common.util.CommonStaticUtil - the new child relative direcotry[D:\gitsinnori\sinnori\project\sample_test][web_app_base/ROOT/WEB-INF/classes] was created successfully
06:35:56.592 [main] INFO  k.p.s.common.util.CommonStaticUtil - the new child relative direcotry[D:\gitsinnori\sinnori\project\sample_test][web_app_base/ROOT/WEB-INF/lib] was created successfully
06:35:56.592 [main] INFO  k.p.s.c.buildsystem.ProjectBuilder - main project[sample_test]'s web root child direcotry creation task end
06:35:56.592 [main] INFO  k.p.s.c.buildsystem.ProjectBuilder - main project[sample_test]'s web root sample files creation task start
06:35:56.592 [main] INFO  k.p.s.c.buildsystem.ProjectBuilder - main project[sample_test]'s web root sample files copy task start
06:35:56.592 [main] INFO  k.p.s.c.buildsystem.ProjectBuilder - main project[sample_test]'s web root sample files copy task end
06:35:56.592 [main] INFO  k.p.s.c.buildsystem.ProjectBuilder - main project[sample_test]'s web root sample files creation task end
06:35:56.592 [main] INFO  k.p.s.c.buildsystem.ProjectBuilder - main project[sample_test]'s config file overwrite task start
06:35:56.607 [main] INFO  k.p.s.c.buildsystem.ProjectBuilder - main project[sample_test]'s config file overwrite task end
06:35:56.607 [main] INFO  k.p.s.c.buildsystem.ProjectBuilder - main project[sample_test] changeProjectState method end
06:35:56.654 [main] INFO  k.p.s.c.buildsystem.ProjectBuilder - main project[sample_test]'s child direcotry creation task start
06:35:56.654 [main] INFO  k.p.s.c.buildsystem.ProjectBuilder - main project[sample_test]'s common child direcotry creation task start
06:35:56.654 [main] INFO  k.p.s.common.util.CommonStaticUtil - the new child relative direcotry[D:\gitsinnori\sinnori\project\sample_test][config] was created successfully
06:35:56.654 [main] INFO  k.p.s.common.util.CommonStaticUtil - the new child relative direcotry[D:\gitsinnori\sinnori\project\sample_test][resources/dbcp] was created successfully
06:35:56.654 [main] INFO  k.p.s.common.util.CommonStaticUtil - the new child relative direcotry[D:\gitsinnori\sinnori\project\sample_test][resources/message_info] was created successfully
06:35:56.654 [main] INFO  k.p.s.common.util.CommonStaticUtil - the new child relative direcotry[D:\gitsinnori\sinnori\project\sample_test][resources/rsa_keypair] was created successfully
06:35:56.654 [main] INFO  k.p.s.common.util.CommonStaticUtil - the new child relative direcotry[D:\gitsinnori\sinnori\project\sample_test][log/apache] was created successfully
06:35:56.654 [main] INFO  k.p.s.common.util.CommonStaticUtil - the new child relative direcotry[D:\gitsinnori\sinnori\project\sample_test][log/client] was created successfully
06:35:56.654 [main] INFO  k.p.s.common.util.CommonStaticUtil - the new child relative direcotry[D:\gitsinnori\sinnori\project\sample_test][log/server] was created successfully
06:35:56.654 [main] INFO  k.p.s.common.util.CommonStaticUtil - the new child relative direcotry[D:\gitsinnori\sinnori\project\sample_test][log/servlet] was created successfully
06:35:56.654 [main] INFO  k.p.s.c.buildsystem.ProjectBuilder - main project[sample_test]'s common child direcotry creation task end
06:35:56.654 [main] INFO  k.p.s.c.buildsystem.ProjectBuilder - main project[sample_test]'s server child direcotry creation task start
06:35:56.654 [main] INFO  k.p.s.common.util.CommonStaticUtil - the new child relative direcotry[D:\gitsinnori\sinnori\project\sample_test][server_build/APP-INF/classes] was created successfully
06:35:56.654 [main] INFO  k.p.s.common.util.CommonStaticUtil - the new child relative direcotry[D:\gitsinnori\sinnori\project\sample_test][server_build/corelib/ex] was created successfully
06:35:56.654 [main] INFO  k.p.s.common.util.CommonStaticUtil - the new child relative direcotry[D:\gitsinnori\sinnori\project\sample_test][server_build/corelib/in] was created successfully
06:35:56.654 [main] INFO  k.p.s.common.util.CommonStaticUtil - the new child relative direcotry[D:\gitsinnori\sinnori\project\sample_test][server_build/lib/main/ex] was created successfully
06:35:56.654 [main] INFO  k.p.s.common.util.CommonStaticUtil - the new child relative direcotry[D:\gitsinnori\sinnori\project\sample_test][server_build/lib/main/in] was created successfully
06:35:56.654 [main] INFO  k.p.s.common.util.CommonStaticUtil - the new child relative direcotry[D:\gitsinnori\sinnori\project\sample_test][server_build/lib/test] was created successfully
06:35:56.654 [main] INFO  k.p.s.common.util.CommonStaticUtil - the new child relative direcotry[D:\gitsinnori\sinnori\project\sample_test][server_build/src/main/java/kr/pe/sinnori/impl/servertask] was created successfully
06:35:56.654 [main] INFO  k.p.s.common.util.CommonStaticUtil - the new child relative direcotry[D:\gitsinnori\sinnori\project\sample_test][server_build/src/main/java/kr/pe/sinnori/impl/message] was created successfully
06:35:56.654 [main] INFO  k.p.s.common.util.CommonStaticUtil - the new child relative direcotry[D:\gitsinnori\sinnori\project\sample_test][server_build/src/main/java/main] was created successfully
06:35:56.654 [main] INFO  k.p.s.common.util.CommonStaticUtil - the new child relative direcotry[D:\gitsinnori\sinnori\project\sample_test][server_build/src/test/java] was created successfully
06:35:56.654 [main] INFO  k.p.s.common.util.CommonStaticUtil - the new child relative direcotry[D:\gitsinnori\sinnori\project\sample_test][server_build/build] was created successfully
06:35:56.717 [main] INFO  k.p.s.common.util.CommonStaticUtil - the new child relative direcotry[D:\gitsinnori\sinnori\project\sample_test][server_build/dist] was created successfully
06:35:56.717 [main] INFO  k.p.s.c.buildsystem.ProjectBuilder - main project[sample_test]'s server child direcotry creation task end
06:35:56.717 [main] INFO  k.p.s.c.buildsystem.ProjectBuilder - main project[sample_test]'s application build child direcotry creation task start
06:35:56.717 [main] INFO  k.p.s.common.util.CommonStaticUtil - the new child relative direcotry[D:\gitsinnori\sinnori\project\sample_test][client_build/app_build/corelib/ex] was created successfully
06:35:56.717 [main] INFO  k.p.s.common.util.CommonStaticUtil - the new child relative direcotry[D:\gitsinnori\sinnori\project\sample_test][client_build/app_build/corelib/in] was created successfully
06:35:56.717 [main] INFO  k.p.s.common.util.CommonStaticUtil - the new child relative direcotry[D:\gitsinnori\sinnori\project\sample_test][client_build/app_build/lib/main/ex] was created successfully
06:35:56.717 [main] INFO  k.p.s.common.util.CommonStaticUtil - the new child relative direcotry[D:\gitsinnori\sinnori\project\sample_test][client_build/app_build/lib/main/in] was created successfully
06:35:56.717 [main] INFO  k.p.s.common.util.CommonStaticUtil - the new child relative direcotry[D:\gitsinnori\sinnori\project\sample_test][client_build/app_build/lib/test] was created successfully
06:35:56.732 [main] INFO  k.p.s.common.util.CommonStaticUtil - the new child relative direcotry[D:\gitsinnori\sinnori\project\sample_test][client_build/app_build/src/main/java/kr/pe/sinnori/impl/message] was created successfully
06:35:56.732 [main] INFO  k.p.s.common.util.CommonStaticUtil - the new child relative direcotry[D:\gitsinnori\sinnori\project\sample_test][client_build/app_build/src/main/java/main] was created successfully
06:35:56.732 [main] INFO  k.p.s.common.util.CommonStaticUtil - the new child relative direcotry[D:\gitsinnori\sinnori\project\sample_test][client_build/app_build/src/test/java] was created successfully
06:35:56.732 [main] INFO  k.p.s.common.util.CommonStaticUtil - the new child relative direcotry[D:\gitsinnori\sinnori\project\sample_test][client_build/app_build/build] was created successfully
06:35:56.732 [main] INFO  k.p.s.common.util.CommonStaticUtil - the new child relative direcotry[D:\gitsinnori\sinnori\project\sample_test][client_build/app_build/dist] was created successfully
06:35:56.732 [main] INFO  k.p.s.c.buildsystem.ProjectBuilder - main project[sample_test]'s application build child direcotry creation task end
06:35:56.732 [main] INFO  k.p.s.c.buildsystem.ProjectBuilder - main project[sample_test]'s web build child direcotry creation task start
06:35:56.732 [main] INFO  k.p.s.common.util.CommonStaticUtil - the new child relative direcotry[D:\gitsinnori\sinnori\project\sample_test][client_build/web_build/corelib/ex] was created successfully
06:35:56.732 [main] INFO  k.p.s.common.util.CommonStaticUtil - the new child relative direcotry[D:\gitsinnori\sinnori\project\sample_test][client_build/web_build/corelib/in] was created successfully
06:35:56.732 [main] INFO  k.p.s.common.util.CommonStaticUtil - the new child relative direcotry[D:\gitsinnori\sinnori\project\sample_test][client_build/web_build/lib/main/ex] was created successfully
06:35:56.732 [main] INFO  k.p.s.common.util.CommonStaticUtil - the new child relative direcotry[D:\gitsinnori\sinnori\project\sample_test][client_build/web_build/lib/main/in] was created successfully
06:35:56.732 [main] INFO  k.p.s.common.util.CommonStaticUtil - the new child relative direcotry[D:\gitsinnori\sinnori\project\sample_test][client_build/web_build/lib/test] was created successfully
06:35:56.748 [main] INFO  k.p.s.common.util.CommonStaticUtil - the new child relative direcotry[D:\gitsinnori\sinnori\project\sample_test][client_build/web_build/src/main/java/kr/pe/sinnori/impl/message] was created successfully
06:35:56.748 [main] INFO  k.p.s.common.util.CommonStaticUtil - the new child relative direcotry[D:\gitsinnori\sinnori\project\sample_test][client_build/web_build/src/main/java//kr/pe/sinnori/servlet] was created successfully
06:35:56.748 [main] INFO  k.p.s.common.util.CommonStaticUtil - the new child relative direcotry[D:\gitsinnori\sinnori\project\sample_test][client_build/web_build/src/main/java/kr/pe/sinnori/weblib/common] was created successfully
06:35:56.748 [main] INFO  k.p.s.common.util.CommonStaticUtil - the new child relative direcotry[D:\gitsinnori\sinnori\project\sample_test][client_build/web_build/src/main/java/kr/pe/sinnori/weblib/htmlstring] was created successfully
06:35:56.748 [main] INFO  k.p.s.common.util.CommonStaticUtil - the new child relative direcotry[D:\gitsinnori\sinnori\project\sample_test][client_build/web_build/src/main/java/kr/pe/sinnori/weblib/jdf] was created successfully
06:35:56.764 [main] INFO  k.p.s.common.util.CommonStaticUtil - the new child relative direcotry[D:\gitsinnori\sinnori\project\sample_test][client_build/web_build/src/test/java] was created successfully
06:35:56.764 [main] INFO  k.p.s.common.util.CommonStaticUtil - the new child relative direcotry[D:\gitsinnori\sinnori\project\sample_test][client_build/web_build/build] was created successfully
06:35:56.764 [main] INFO  k.p.s.common.util.CommonStaticUtil - the new child relative direcotry[D:\gitsinnori\sinnori\project\sample_test][client_build/web_build/dist] was created successfully
06:35:56.764 [main] INFO  k.p.s.c.buildsystem.ProjectBuilder - main project[sample_test]'s web build child direcotry creation task end
06:35:56.764 [main] INFO  k.p.s.c.buildsystem.ProjectBuilder - main project[sample_test]'s web root child direcotry creation task start
06:35:56.764 [main] INFO  k.p.s.common.util.CommonStaticUtil - the new child relative direcotry[D:\gitsinnori\sinnori\project\sample_test][web_app_base/upload] was created successfully
06:35:56.764 [main] INFO  k.p.s.common.util.CommonStaticUtil - the new child relative direcotry[D:\gitsinnori\sinnori\project\sample_test][web_app_base/ROOT/WEB-INF/classes] was created successfully
06:35:56.764 [main] INFO  k.p.s.common.util.CommonStaticUtil - the new child relative direcotry[D:\gitsinnori\sinnori\project\sample_test][web_app_base/ROOT/WEB-INF/lib] was created successfully
06:35:56.764 [main] INFO  k.p.s.c.buildsystem.ProjectBuilder - main project[sample_test]'s web root child direcotry creation task end
06:35:56.764 [main] INFO  k.p.s.c.buildsystem.ProjectBuilder - main project[sample_test]'s child direcotry creation task end
06:35:56.764 [main] INFO  k.p.s.c.buildsystem.ProjectBuilder - main project[sample_test]'s file creation task start
06:35:56.764 [main] INFO  k.p.s.c.buildsystem.ProjectBuilder - main project[sample_test]'s config file creation task start
06:35:56.764 [main] INFO  k.p.s.c.util.SequencedPropertiesUtil - the sequenced properties file[D:\gitsinnori\sinnori\project\sample_test\config\sinnori.properties] was created
06:35:56.764 [main] INFO  k.p.s.c.buildsystem.ProjectBuilder - main project[sample_test]'s config file creation task end
06:35:56.764 [main] INFO  k.p.s.c.buildsystem.ProjectBuilder - the mainproject[sample_test]'s resources directory copy task start
06:35:56.795 [main] INFO  k.p.s.c.buildsystem.ProjectBuilder - the mainproject[sample_test]'s resources directory copy task end
06:35:56.795 [main] INFO  k.p.s.c.buildsystem.ProjectBuilder - server build system files creation task start
06:35:56.795 [main] INFO  k.p.s.c.buildsystem.ProjectBuilder - main project[sample_test]'s server ant build.xml file creation task start
06:35:56.795 [main] INFO  k.p.s.c.buildsystem.ProjectBuilder - main project[sample_test]'s server ant build.xml file creation task end
06:35:56.795 [main] INFO  k.p.s.c.buildsystem.ProjectBuilder - main project[sample_test]'s server dos shell file creation task start
06:35:56.795 [main] INFO  k.p.s.c.buildsystem.ProjectBuilder - main project[sample_test]'s server dos shell file creation task end
06:35:56.795 [main] INFO  k.p.s.c.buildsystem.ProjectBuilder - main project[sample_test]'s server unix shell file creation task start
06:35:56.795 [main] INFO  k.p.s.c.buildsystem.ProjectBuilder - main project[sample_test]'s server unix shell file creation task end
06:35:56.795 [main] INFO  k.p.s.c.buildsystem.ProjectBuilder - server sample source files copy task start
06:35:56.795 [main] INFO  k.p.s.c.buildsystem.ProjectBuilder - server sample source files copy task end
06:35:56.795 [main] INFO  k.p.s.c.buildsystem.ProjectBuilder - main project[sample_test]'s server message io file set creation task start
06:35:56.795 [main] INFO  k.p.s.common.util.CommonStaticUtil - the new child relative direcotry[D:\gitsinnori\sinnori\project\sample_test\server_build\src\main\java\kr\pe\sinnori\impl\message][Echo] was created successfully
06:35:56.795 [main] INFO  k.p.s.c.buildsystem.ProjectBuilder - main project[sample_test]'s message file[Echo][D:\gitsinnori\sinnori\project\sample_test\server_build\src\main\java\kr\pe\sinnori\impl\message] creation task start
06:35:56.811 [main] INFO  k.p.s.c.buildsystem.ProjectBuilder - main project[sample_test]'s message file[Echo][D:\gitsinnori\sinnori\project\sample_test\server_build\src\main\java\kr\pe\sinnori\impl\message] creation task end
06:35:56.811 [main] INFO  k.p.s.c.buildsystem.ProjectBuilder - main project[sample_test]'s message decoder file[Echo][D:\gitsinnori\sinnori\project\sample_test\server_build\src\main\java\kr\pe\sinnori\impl\message] creation task start
06:35:56.811 [main] INFO  k.p.s.c.buildsystem.ProjectBuilder - main project[sample_test]'s message decoder file[Echo][D:\gitsinnori\sinnori\project\sample_test\server_build\src\main\java\kr\pe\sinnori\impl\message] creation task end
06:35:56.811 [main] INFO  k.p.s.c.buildsystem.ProjectBuilder - main project[sample_test]'s message encoder file[Echo][D:\gitsinnori\sinnori\project\sample_test\server_build\src\main\java\kr\pe\sinnori\impl\message] creation task start
06:35:56.811 [main] INFO  k.p.s.c.buildsystem.ProjectBuilder - main project[sample_test]'s message encoder file[Echo][D:\gitsinnori\sinnori\project\sample_test\server_build\src\main\java\kr\pe\sinnori\impl\message] creation task end
06:35:56.811 [main] INFO  k.p.s.c.buildsystem.ProjectBuilder - main project[sample_test]'s message server codec file[Echo][D:\gitsinnori\sinnori\project\sample_test\server_build\src\main\java\kr\pe\sinnori\impl\message] creation task start
06:35:56.811 [main] INFO  k.p.s.c.buildsystem.ProjectBuilder - main project[sample_test]'s message server codec file[Echo][D:\gitsinnori\sinnori\project\sample_test\server_build\src\main\java\kr\pe\sinnori\impl\message] creation task end
06:35:56.811 [main] INFO  k.p.s.c.buildsystem.ProjectBuilder - main project[sample_test]'s message client codec file[Echo][D:\gitsinnori\sinnori\project\sample_test\server_build\src\main\java\kr\pe\sinnori\impl\message] creation task start
06:35:56.811 [main] INFO  k.p.s.c.buildsystem.ProjectBuilder - main project[sample_test]'s message client codec file[Echo][D:\gitsinnori\sinnori\project\sample_test\server_build\src\main\java\kr\pe\sinnori\impl\message] creation task end
06:35:56.811 [main] INFO  k.p.s.common.util.CommonStaticUtil - the new child relative direcotry[D:\gitsinnori\sinnori\project\sample_test\server_build\src\main\java\kr\pe\sinnori\impl\message][PublicKeyReq] was created successfully
06:35:56.811 [main] INFO  k.p.s.c.buildsystem.ProjectBuilder - main project[sample_test]'s message file[PublicKeyReq][D:\gitsinnori\sinnori\project\sample_test\server_build\src\main\java\kr\pe\sinnori\impl\message] creation task start
06:35:56.811 [main] INFO  k.p.s.c.buildsystem.ProjectBuilder - main project[sample_test]'s message file[PublicKeyReq][D:\gitsinnori\sinnori\project\sample_test\server_build\src\main\java\kr\pe\sinnori\impl\message] creation task end
06:35:56.811 [main] INFO  k.p.s.c.buildsystem.ProjectBuilder - main project[sample_test]'s message decoder file[PublicKeyReq][D:\gitsinnori\sinnori\project\sample_test\server_build\src\main\java\kr\pe\sinnori\impl\message] creation task start
06:35:56.811 [main] INFO  k.p.s.c.buildsystem.ProjectBuilder - main project[sample_test]'s message decoder file[PublicKeyReq][D:\gitsinnori\sinnori\project\sample_test\server_build\src\main\java\kr\pe\sinnori\impl\message] creation task end
06:35:56.904 [main] INFO  k.p.s.c.buildsystem.ProjectBuilder - main project[sample_test]'s message encoder file[PublicKeyReq][D:\gitsinnori\sinnori\project\sample_test\server_build\src\main\java\kr\pe\sinnori\impl\message] creation task start
06:35:56.904 [main] INFO  k.p.s.c.buildsystem.ProjectBuilder - main project[sample_test]'s message encoder file[PublicKeyReq][D:\gitsinnori\sinnori\project\sample_test\server_build\src\main\java\kr\pe\sinnori\impl\message] creation task end
06:35:56.904 [main] INFO  k.p.s.c.buildsystem.ProjectBuilder - main project[sample_test]'s message server codec file[PublicKeyReq][D:\gitsinnori\sinnori\project\sample_test\server_build\src\main\java\kr\pe\sinnori\impl\message] creation task start
06:35:56.904 [main] INFO  k.p.s.c.buildsystem.ProjectBuilder - main project[sample_test]'s message server codec file[PublicKeyReq][D:\gitsinnori\sinnori\project\sample_test\server_build\src\main\java\kr\pe\sinnori\impl\message] creation task end
06:35:56.904 [main] INFO  k.p.s.c.buildsystem.ProjectBuilder - main project[sample_test]'s message client codec file[PublicKeyReq][D:\gitsinnori\sinnori\project\sample_test\server_build\src\main\java\kr\pe\sinnori\impl\message] creation task start
06:35:56.920 [main] INFO  k.p.s.c.buildsystem.ProjectBuilder - main project[sample_test]'s message client codec file[PublicKeyReq][D:\gitsinnori\sinnori\project\sample_test\server_build\src\main\java\kr\pe\sinnori\impl\message] creation task end
06:35:56.920 [main] INFO  k.p.s.common.util.CommonStaticUtil - the new child relative direcotry[D:\gitsinnori\sinnori\project\sample_test\server_build\src\main\java\kr\pe\sinnori\impl\message][PublicKeyRes] was created successfully
06:35:56.920 [main] INFO  k.p.s.c.buildsystem.ProjectBuilder - main project[sample_test]'s message file[PublicKeyRes][D:\gitsinnori\sinnori\project\sample_test\server_build\src\main\java\kr\pe\sinnori\impl\message] creation task start
06:35:56.920 [main] INFO  k.p.s.c.buildsystem.ProjectBuilder - main project[sample_test]'s message file[PublicKeyRes][D:\gitsinnori\sinnori\project\sample_test\server_build\src\main\java\kr\pe\sinnori\impl\message] creation task end
06:35:56.920 [main] INFO  k.p.s.c.buildsystem.ProjectBuilder - main project[sample_test]'s message decoder file[PublicKeyRes][D:\gitsinnori\sinnori\project\sample_test\server_build\src\main\java\kr\pe\sinnori\impl\message] creation task start
06:35:56.936 [main] INFO  k.p.s.c.buildsystem.ProjectBuilder - main project[sample_test]'s message decoder file[PublicKeyRes][D:\gitsinnori\sinnori\project\sample_test\server_build\src\main\java\kr\pe\sinnori\impl\message] creation task end
06:35:56.936 [main] INFO  k.p.s.c.buildsystem.ProjectBuilder - main project[sample_test]'s message encoder file[PublicKeyRes][D:\gitsinnori\sinnori\project\sample_test\server_build\src\main\java\kr\pe\sinnori\impl\message] creation task start
06:35:56.936 [main] INFO  k.p.s.c.buildsystem.ProjectBuilder - main project[sample_test]'s message encoder file[PublicKeyRes][D:\gitsinnori\sinnori\project\sample_test\server_build\src\main\java\kr\pe\sinnori\impl\message] creation task end
06:35:56.936 [main] INFO  k.p.s.c.buildsystem.ProjectBuilder - main project[sample_test]'s message server codec file[PublicKeyRes][D:\gitsinnori\sinnori\project\sample_test\server_build\src\main\java\kr\pe\sinnori\impl\message] creation task start
06:35:56.936 [main] INFO  k.p.s.c.buildsystem.ProjectBuilder - main project[sample_test]'s message server codec file[PublicKeyRes][D:\gitsinnori\sinnori\project\sample_test\server_build\src\main\java\kr\pe\sinnori\impl\message] creation task end
06:35:56.936 [main] INFO  k.p.s.c.buildsystem.ProjectBuilder - main project[sample_test]'s message client codec file[PublicKeyRes][D:\gitsinnori\sinnori\project\sample_test\server_build\src\main\java\kr\pe\sinnori\impl\message] creation task start
06:35:56.951 [main] INFO  k.p.s.c.buildsystem.ProjectBuilder - main project[sample_test]'s message client codec file[PublicKeyRes][D:\gitsinnori\sinnori\project\sample_test\server_build\src\main\java\kr\pe\sinnori\impl\message] creation task end
06:35:56.951 [main] INFO  k.p.s.c.buildsystem.ProjectBuilder - main project[sample_test]'s server message io file set creation task end
06:35:56.951 [main] INFO  k.p.s.c.buildsystem.ProjectBuilder - server build system files creation task end
06:35:56.951 [main] INFO  k.p.s.c.buildsystem.ProjectBuilder - mainproject[sample_test]'s application client build system files creation task start
06:35:56.951 [main] INFO  k.p.s.c.buildsystem.ProjectBuilder - main project[sample_test]'s application client ant build.xml file creation task start
06:35:56.951 [main] INFO  k.p.s.c.buildsystem.ProjectBuilder - main project[sample_test]'s application client ant build.xml file creation task end
06:35:56.951 [main] INFO  k.p.s.c.buildsystem.ProjectBuilder - main project[sample_test]'s application client dos shell file creation task start
06:35:56.951 [main] INFO  k.p.s.c.buildsystem.ProjectBuilder - main project[sample_test]'s application client dos shell file creation task end
06:35:56.951 [main] INFO  k.p.s.c.buildsystem.ProjectBuilder - main project[sample_test]'s application client unix shell file creation task start
06:35:56.951 [main] INFO  k.p.s.c.buildsystem.ProjectBuilder - main project[sample_test]'s application client unix shell file creation task end
06:35:56.951 [main] INFO  k.p.s.c.buildsystem.ProjectBuilder - application client sample source files copy task start
06:35:56.951 [main] INFO  k.p.s.c.buildsystem.ProjectBuilder - application client sample source files copy task end
06:35:56.951 [main] INFO  k.p.s.c.buildsystem.ProjectBuilder - main project[sample_test]'s application client message io file set creation task start
06:35:56.951 [main] INFO  k.p.s.common.util.CommonStaticUtil - the new child relative direcotry[D:\gitsinnori\sinnori\project\sample_test\client_build\app_build\src\main\java\kr\pe\sinnori\impl\message][Echo] was created successfully
06:35:56.951 [main] INFO  k.p.s.c.buildsystem.ProjectBuilder - main project[sample_test]'s message file[Echo][D:\gitsinnori\sinnori\project\sample_test\client_build\app_build\src\main\java\kr\pe\sinnori\impl\message] creation task start
06:35:56.967 [main] INFO  k.p.s.c.buildsystem.ProjectBuilder - main project[sample_test]'s message file[Echo][D:\gitsinnori\sinnori\project\sample_test\client_build\app_build\src\main\java\kr\pe\sinnori\impl\message] creation task end
06:35:56.967 [main] INFO  k.p.s.c.buildsystem.ProjectBuilder - main project[sample_test]'s message decoder file[Echo][D:\gitsinnori\sinnori\project\sample_test\client_build\app_build\src\main\java\kr\pe\sinnori\impl\message] creation task start
06:35:56.967 [main] INFO  k.p.s.c.buildsystem.ProjectBuilder - main project[sample_test]'s message decoder file[Echo][D:\gitsinnori\sinnori\project\sample_test\client_build\app_build\src\main\java\kr\pe\sinnori\impl\message] creation task end
06:35:56.967 [main] INFO  k.p.s.c.buildsystem.ProjectBuilder - main project[sample_test]'s message encoder file[Echo][D:\gitsinnori\sinnori\project\sample_test\client_build\app_build\src\main\java\kr\pe\sinnori\impl\message] creation task start
06:35:56.967 [main] INFO  k.p.s.c.buildsystem.ProjectBuilder - main project[sample_test]'s message encoder file[Echo][D:\gitsinnori\sinnori\project\sample_test\client_build\app_build\src\main\java\kr\pe\sinnori\impl\message] creation task end
06:35:56.967 [main] INFO  k.p.s.c.buildsystem.ProjectBuilder - main project[sample_test]'s message server codec file[Echo][D:\gitsinnori\sinnori\project\sample_test\client_build\app_build\src\main\java\kr\pe\sinnori\impl\message] creation task start
06:35:56.967 [main] INFO  k.p.s.c.buildsystem.ProjectBuilder - main project[sample_test]'s message server codec file[Echo][D:\gitsinnori\sinnori\project\sample_test\client_build\app_build\src\main\java\kr\pe\sinnori\impl\message] creation task end
06:35:56.967 [main] INFO  k.p.s.c.buildsystem.ProjectBuilder - main project[sample_test]'s message client codec file[Echo][D:\gitsinnori\sinnori\project\sample_test\client_build\app_build\src\main\java\kr\pe\sinnori\impl\message] creation task start
06:35:56.967 [main] INFO  k.p.s.c.buildsystem.ProjectBuilder - main project[sample_test]'s message client codec file[Echo][D:\gitsinnori\sinnori\project\sample_test\client_build\app_build\src\main\java\kr\pe\sinnori\impl\message] creation task end
06:35:56.967 [main] INFO  k.p.s.common.util.CommonStaticUtil - the new child relative direcotry[D:\gitsinnori\sinnori\project\sample_test\client_build\app_build\src\main\java\kr\pe\sinnori\impl\message][PublicKeyReq] was created successfully
06:35:56.967 [main] INFO  k.p.s.c.buildsystem.ProjectBuilder - main project[sample_test]'s message file[PublicKeyReq][D:\gitsinnori\sinnori\project\sample_test\client_build\app_build\src\main\java\kr\pe\sinnori\impl\message] creation task start
06:35:56.982 [main] INFO  k.p.s.c.buildsystem.ProjectBuilder - main project[sample_test]'s message file[PublicKeyReq][D:\gitsinnori\sinnori\project\sample_test\client_build\app_build\src\main\java\kr\pe\sinnori\impl\message] creation task end
06:35:56.982 [main] INFO  k.p.s.c.buildsystem.ProjectBuilder - main project[sample_test]'s message decoder file[PublicKeyReq][D:\gitsinnori\sinnori\project\sample_test\client_build\app_build\src\main\java\kr\pe\sinnori\impl\message] creation task start
06:35:56.982 [main] INFO  k.p.s.c.buildsystem.ProjectBuilder - main project[sample_test]'s message decoder file[PublicKeyReq][D:\gitsinnori\sinnori\project\sample_test\client_build\app_build\src\main\java\kr\pe\sinnori\impl\message] creation task end
06:35:57.061 [main] INFO  k.p.s.c.buildsystem.ProjectBuilder - main project[sample_test]'s message encoder file[PublicKeyReq][D:\gitsinnori\sinnori\project\sample_test\client_build\app_build\src\main\java\kr\pe\sinnori\impl\message] creation task start
06:35:57.061 [main] INFO  k.p.s.c.buildsystem.ProjectBuilder - main project[sample_test]'s message encoder file[PublicKeyReq][D:\gitsinnori\sinnori\project\sample_test\client_build\app_build\src\main\java\kr\pe\sinnori\impl\message] creation task end
06:35:57.061 [main] INFO  k.p.s.c.buildsystem.ProjectBuilder - main project[sample_test]'s message server codec file[PublicKeyReq][D:\gitsinnori\sinnori\project\sample_test\client_build\app_build\src\main\java\kr\pe\sinnori\impl\message] creation task start
06:35:57.061 [main] INFO  k.p.s.c.buildsystem.ProjectBuilder - main project[sample_test]'s message server codec file[PublicKeyReq][D:\gitsinnori\sinnori\project\sample_test\client_build\app_build\src\main\java\kr\pe\sinnori\impl\message] creation task end
06:35:57.061 [main] INFO  k.p.s.c.buildsystem.ProjectBuilder - main project[sample_test]'s message client codec file[PublicKeyReq][D:\gitsinnori\sinnori\project\sample_test\client_build\app_build\src\main\java\kr\pe\sinnori\impl\message] creation task start
06:35:57.076 [main] INFO  k.p.s.c.buildsystem.ProjectBuilder - main project[sample_test]'s message client codec file[PublicKeyReq][D:\gitsinnori\sinnori\project\sample_test\client_build\app_build\src\main\java\kr\pe\sinnori\impl\message] creation task end
06:35:57.076 [main] INFO  k.p.s.common.util.CommonStaticUtil - the new child relative direcotry[D:\gitsinnori\sinnori\project\sample_test\client_build\app_build\src\main\java\kr\pe\sinnori\impl\message][PublicKeyRes] was created successfully
06:35:57.076 [main] INFO  k.p.s.c.buildsystem.ProjectBuilder - main project[sample_test]'s message file[PublicKeyRes][D:\gitsinnori\sinnori\project\sample_test\client_build\app_build\src\main\java\kr\pe\sinnori\impl\message] creation task start
06:35:57.076 [main] INFO  k.p.s.c.buildsystem.ProjectBuilder - main project[sample_test]'s message file[PublicKeyRes][D:\gitsinnori\sinnori\project\sample_test\client_build\app_build\src\main\java\kr\pe\sinnori\impl\message] creation task end
06:35:57.076 [main] INFO  k.p.s.c.buildsystem.ProjectBuilder - main project[sample_test]'s message decoder file[PublicKeyRes][D:\gitsinnori\sinnori\project\sample_test\client_build\app_build\src\main\java\kr\pe\sinnori\impl\message] creation task start
06:35:57.092 [main] INFO  k.p.s.c.buildsystem.ProjectBuilder - main project[sample_test]'s message decoder file[PublicKeyRes][D:\gitsinnori\sinnori\project\sample_test\client_build\app_build\src\main\java\kr\pe\sinnori\impl\message] creation task end
06:35:57.092 [main] INFO  k.p.s.c.buildsystem.ProjectBuilder - main project[sample_test]'s message encoder file[PublicKeyRes][D:\gitsinnori\sinnori\project\sample_test\client_build\app_build\src\main\java\kr\pe\sinnori\impl\message] creation task start
06:35:57.092 [main] INFO  k.p.s.c.buildsystem.ProjectBuilder - main project[sample_test]'s message encoder file[PublicKeyRes][D:\gitsinnori\sinnori\project\sample_test\client_build\app_build\src\main\java\kr\pe\sinnori\impl\message] creation task end
06:35:57.092 [main] INFO  k.p.s.c.buildsystem.ProjectBuilder - main project[sample_test]'s message server codec file[PublicKeyRes][D:\gitsinnori\sinnori\project\sample_test\client_build\app_build\src\main\java\kr\pe\sinnori\impl\message] creation task start
06:35:57.092 [main] INFO  k.p.s.c.buildsystem.ProjectBuilder - main project[sample_test]'s message server codec file[PublicKeyRes][D:\gitsinnori\sinnori\project\sample_test\client_build\app_build\src\main\java\kr\pe\sinnori\impl\message] creation task end
06:35:57.092 [main] INFO  k.p.s.c.buildsystem.ProjectBuilder - main project[sample_test]'s message client codec file[PublicKeyRes][D:\gitsinnori\sinnori\project\sample_test\client_build\app_build\src\main\java\kr\pe\sinnori\impl\message] creation task start
06:35:57.092 [main] INFO  k.p.s.c.buildsystem.ProjectBuilder - main project[sample_test]'s message client codec file[PublicKeyRes][D:\gitsinnori\sinnori\project\sample_test\client_build\app_build\src\main\java\kr\pe\sinnori\impl\message] creation task end
06:35:57.092 [main] INFO  k.p.s.c.buildsystem.ProjectBuilder - main project[sample_test]'s application client message io file set creation task end
06:35:57.092 [main] INFO  k.p.s.c.buildsystem.ProjectBuilder - mainproject[sample_test]'s application client build system files creation task end
06:35:57.092 [main] INFO  k.p.s.c.buildsystem.ProjectBuilder - main project[sample_test]'s web client build system files creation task start
06:35:57.092 [main] INFO  k.p.s.c.buildsystem.ProjectBuilder - main project[sample_test]'s web client ant build.xml file creation task start
06:35:57.092 [main] INFO  k.p.s.c.buildsystem.ProjectBuilder - main project[sample_test]'s web client ant build.xml file creation task end
06:35:57.092 [main] INFO  k.p.s.c.buildsystem.ProjectBuilder - main project[sample_test]'s web client ant properties file creation task start
06:35:57.092 [main] INFO  k.p.s.c.util.SequencedPropertiesUtil - the sequenced properties file[D:\gitsinnori\sinnori\project\sample_test\client_build\web_build\webAnt.properties] was created
06:35:57.107 [main] INFO  k.p.s.c.buildsystem.ProjectBuilder - main project[sample_test]'s web client ant properties file creation task end
06:35:57.107 [main] INFO  k.p.s.c.buildsystem.ProjectBuilder - main project[sample_test]'s web client message io file set creation task start
06:35:57.107 [main] INFO  k.p.s.common.util.CommonStaticUtil - the new child relative direcotry[D:\gitsinnori\sinnori\project\sample_test\client_build\web_build\src\main\java\kr\pe\sinnori\impl\message][Echo] was created successfully
06:35:57.107 [main] INFO  k.p.s.c.buildsystem.ProjectBuilder - main project[sample_test]'s message file[Echo][D:\gitsinnori\sinnori\project\sample_test\client_build\web_build\src\main\java\kr\pe\sinnori\impl\message] creation task start
06:35:57.107 [main] INFO  k.p.s.c.buildsystem.ProjectBuilder - main project[sample_test]'s message file[Echo][D:\gitsinnori\sinnori\project\sample_test\client_build\web_build\src\main\java\kr\pe\sinnori\impl\message] creation task end
06:35:57.107 [main] INFO  k.p.s.c.buildsystem.ProjectBuilder - main project[sample_test]'s message decoder file[Echo][D:\gitsinnori\sinnori\project\sample_test\client_build\web_build\src\main\java\kr\pe\sinnori\impl\message] creation task start
06:35:57.107 [main] INFO  k.p.s.c.buildsystem.ProjectBuilder - main project[sample_test]'s message decoder file[Echo][D:\gitsinnori\sinnori\project\sample_test\client_build\web_build\src\main\java\kr\pe\sinnori\impl\message] creation task end
06:35:57.107 [main] INFO  k.p.s.c.buildsystem.ProjectBuilder - main project[sample_test]'s message encoder file[Echo][D:\gitsinnori\sinnori\project\sample_test\client_build\web_build\src\main\java\kr\pe\sinnori\impl\message] creation task start
06:35:57.107 [main] INFO  k.p.s.c.buildsystem.ProjectBuilder - main project[sample_test]'s message encoder file[Echo][D:\gitsinnori\sinnori\project\sample_test\client_build\web_build\src\main\java\kr\pe\sinnori\impl\message] creation task end
06:35:57.107 [main] INFO  k.p.s.c.buildsystem.ProjectBuilder - main project[sample_test]'s message server codec file[Echo][D:\gitsinnori\sinnori\project\sample_test\client_build\web_build\src\main\java\kr\pe\sinnori\impl\message] creation task start
06:35:57.107 [main] INFO  k.p.s.c.buildsystem.ProjectBuilder - main project[sample_test]'s message server codec file[Echo][D:\gitsinnori\sinnori\project\sample_test\client_build\web_build\src\main\java\kr\pe\sinnori\impl\message] creation task end
06:35:57.107 [main] INFO  k.p.s.c.buildsystem.ProjectBuilder - main project[sample_test]'s message client codec file[Echo][D:\gitsinnori\sinnori\project\sample_test\client_build\web_build\src\main\java\kr\pe\sinnori\impl\message] creation task start
06:35:57.123 [main] INFO  k.p.s.c.buildsystem.ProjectBuilder - main project[sample_test]'s message client codec file[Echo][D:\gitsinnori\sinnori\project\sample_test\client_build\web_build\src\main\java\kr\pe\sinnori\impl\message] creation task end
06:35:57.123 [main] INFO  k.p.s.common.util.CommonStaticUtil - the new child relative direcotry[D:\gitsinnori\sinnori\project\sample_test\client_build\web_build\src\main\java\kr\pe\sinnori\impl\message][PublicKeyReq] was created successfully
06:35:57.123 [main] INFO  k.p.s.c.buildsystem.ProjectBuilder - main project[sample_test]'s message file[PublicKeyReq][D:\gitsinnori\sinnori\project\sample_test\client_build\web_build\src\main\java\kr\pe\sinnori\impl\message] creation task start
06:35:57.123 [main] INFO  k.p.s.c.buildsystem.ProjectBuilder - main project[sample_test]'s message file[PublicKeyReq][D:\gitsinnori\sinnori\project\sample_test\client_build\web_build\src\main\java\kr\pe\sinnori\impl\message] creation task end
06:35:57.123 [main] INFO  k.p.s.c.buildsystem.ProjectBuilder - main project[sample_test]'s message decoder file[PublicKeyReq][D:\gitsinnori\sinnori\project\sample_test\client_build\web_build\src\main\java\kr\pe\sinnori\impl\message] creation task start
06:35:57.123 [main] INFO  k.p.s.c.buildsystem.ProjectBuilder - main project[sample_test]'s message decoder file[PublicKeyReq][D:\gitsinnori\sinnori\project\sample_test\client_build\web_build\src\main\java\kr\pe\sinnori\impl\message] creation task end
06:35:57.201 [main] INFO  k.p.s.c.buildsystem.ProjectBuilder - main project[sample_test]'s message encoder file[PublicKeyReq][D:\gitsinnori\sinnori\project\sample_test\client_build\web_build\src\main\java\kr\pe\sinnori\impl\message] creation task start
06:35:57.201 [main] INFO  k.p.s.c.buildsystem.ProjectBuilder - main project[sample_test]'s message encoder file[PublicKeyReq][D:\gitsinnori\sinnori\project\sample_test\client_build\web_build\src\main\java\kr\pe\sinnori\impl\message] creation task end
06:35:57.201 [main] INFO  k.p.s.c.buildsystem.ProjectBuilder - main project[sample_test]'s message server codec file[PublicKeyReq][D:\gitsinnori\sinnori\project\sample_test\client_build\web_build\src\main\java\kr\pe\sinnori\impl\message] creation task start
06:35:57.201 [main] INFO  k.p.s.c.buildsystem.ProjectBuilder - main project[sample_test]'s message server codec file[PublicKeyReq][D:\gitsinnori\sinnori\project\sample_test\client_build\web_build\src\main\java\kr\pe\sinnori\impl\message] creation task end
06:35:57.201 [main] INFO  k.p.s.c.buildsystem.ProjectBuilder - main project[sample_test]'s message client codec file[PublicKeyReq][D:\gitsinnori\sinnori\project\sample_test\client_build\web_build\src\main\java\kr\pe\sinnori\impl\message] creation task start
06:35:57.201 [main] INFO  k.p.s.c.buildsystem.ProjectBuilder - main project[sample_test]'s message client codec file[PublicKeyReq][D:\gitsinnori\sinnori\project\sample_test\client_build\web_build\src\main\java\kr\pe\sinnori\impl\message] creation task end
06:35:57.201 [main] INFO  k.p.s.common.util.CommonStaticUtil - the new child relative direcotry[D:\gitsinnori\sinnori\project\sample_test\client_build\web_build\src\main\java\kr\pe\sinnori\impl\message][PublicKeyRes] was created successfully
06:35:57.201 [main] INFO  k.p.s.c.buildsystem.ProjectBuilder - main project[sample_test]'s message file[PublicKeyRes][D:\gitsinnori\sinnori\project\sample_test\client_build\web_build\src\main\java\kr\pe\sinnori\impl\message] creation task start
06:35:57.201 [main] INFO  k.p.s.c.buildsystem.ProjectBuilder - main project[sample_test]'s message file[PublicKeyRes][D:\gitsinnori\sinnori\project\sample_test\client_build\web_build\src\main\java\kr\pe\sinnori\impl\message] creation task end
06:35:57.201 [main] INFO  k.p.s.c.buildsystem.ProjectBuilder - main project[sample_test]'s message decoder file[PublicKeyRes][D:\gitsinnori\sinnori\project\sample_test\client_build\web_build\src\main\java\kr\pe\sinnori\impl\message] creation task start
06:35:57.201 [main] INFO  k.p.s.c.buildsystem.ProjectBuilder - main project[sample_test]'s message decoder file[PublicKeyRes][D:\gitsinnori\sinnori\project\sample_test\client_build\web_build\src\main\java\kr\pe\sinnori\impl\message] creation task end
06:35:57.201 [main] INFO  k.p.s.c.buildsystem.ProjectBuilder - main project[sample_test]'s message encoder file[PublicKeyRes][D:\gitsinnori\sinnori\project\sample_test\client_build\web_build\src\main\java\kr\pe\sinnori\impl\message] creation task start
06:35:57.217 [main] INFO  k.p.s.c.buildsystem.ProjectBuilder - main project[sample_test]'s message encoder file[PublicKeyRes][D:\gitsinnori\sinnori\project\sample_test\client_build\web_build\src\main\java\kr\pe\sinnori\impl\message] creation task end
06:35:57.217 [main] INFO  k.p.s.c.buildsystem.ProjectBuilder - main project[sample_test]'s message server codec file[PublicKeyRes][D:\gitsinnori\sinnori\project\sample_test\client_build\web_build\src\main\java\kr\pe\sinnori\impl\message] creation task start
06:35:57.217 [main] INFO  k.p.s.c.buildsystem.ProjectBuilder - main project[sample_test]'s message server codec file[PublicKeyRes][D:\gitsinnori\sinnori\project\sample_test\client_build\web_build\src\main\java\kr\pe\sinnori\impl\message] creation task end
06:35:57.217 [main] INFO  k.p.s.c.buildsystem.ProjectBuilder - main project[sample_test]'s message client codec file[PublicKeyRes][D:\gitsinnori\sinnori\project\sample_test\client_build\web_build\src\main\java\kr\pe\sinnori\impl\message] creation task start
06:35:57.217 [main] INFO  k.p.s.c.buildsystem.ProjectBuilder - main project[sample_test]'s message client codec file[PublicKeyRes][D:\gitsinnori\sinnori\project\sample_test\client_build\web_build\src\main\java\kr\pe\sinnori\impl\message] creation task end
06:35:57.217 [main] INFO  k.p.s.c.buildsystem.ProjectBuilder - main project[sample_test]'s web client message io file set creation task end
06:35:57.217 [main] INFO  k.p.s.c.buildsystem.ProjectBuilder - mainproject[sample_test]'s web client sample source files copy task start
06:35:57.264 [main] INFO  k.p.s.c.buildsystem.ProjectBuilder - mainproject[sample_test]'s web client sample source files copy task end
06:35:57.264 [main] INFO  k.p.s.c.buildsystem.ProjectBuilder - main project[sample_test]'s web client build system files creation task end
06:35:57.264 [main] INFO  k.p.s.c.buildsystem.ProjectBuilder - main project[sample_test]'s web root sample files creation task start
06:35:57.264 [main] INFO  k.p.s.c.buildsystem.ProjectBuilder - main project[sample_test]'s web root sample files copy task start
06:35:57.264 [main] INFO  k.p.s.c.buildsystem.ProjectBuilder - main project[sample_test]'s web root sample files copy task end
06:35:57.264 [main] INFO  k.p.s.c.buildsystem.ProjectBuilder - main project[sample_test]'s web root sample files creation task end
06:35:57.264 [main] INFO  k.p.s.c.buildsystem.ProjectBuilder - main project[sample_test]'s file creation task end
06:35:57.279 [main] INFO  k.p.s.c.config.SinnoriConfiguration - item key[sessionkey.rsa.publickey.file.value]'s value is null because its status is inactive
06:35:57.279 [main] INFO  k.p.s.c.config.SinnoriConfiguration - item key[sessionkey.rsa.privatekey.file.value]'s value is null because its status is inactive
06:35:57.311 [main] INFO  k.p.s.c.buildsystem.ProjectBuilder - main project[sample_test]'s child direcotry creation task start
06:35:57.311 [main] INFO  k.p.s.c.buildsystem.ProjectBuilder - main project[sample_test]'s common child direcotry creation task start
06:35:57.311 [main] INFO  k.p.s.common.util.CommonStaticUtil - the new child relative direcotry[D:\gitsinnori\sinnori\project\sample_test][config] was created successfully
06:35:57.311 [main] INFO  k.p.s.common.util.CommonStaticUtil - the new child relative direcotry[D:\gitsinnori\sinnori\project\sample_test][resources/dbcp] was created successfully
06:35:57.311 [main] INFO  k.p.s.common.util.CommonStaticUtil - the new child relative direcotry[D:\gitsinnori\sinnori\project\sample_test][resources/message_info] was created successfully
06:35:57.311 [main] INFO  k.p.s.common.util.CommonStaticUtil - the new child relative direcotry[D:\gitsinnori\sinnori\project\sample_test][resources/rsa_keypair] was created successfully
06:35:57.311 [main] INFO  k.p.s.common.util.CommonStaticUtil - the new child relative direcotry[D:\gitsinnori\sinnori\project\sample_test][log/apache] was created successfully
06:35:57.311 [main] INFO  k.p.s.common.util.CommonStaticUtil - the new child relative direcotry[D:\gitsinnori\sinnori\project\sample_test][log/client] was created successfully
06:35:57.311 [main] INFO  k.p.s.common.util.CommonStaticUtil - the new child relative direcotry[D:\gitsinnori\sinnori\project\sample_test][log/server] was created successfully
06:35:57.311 [main] INFO  k.p.s.common.util.CommonStaticUtil - the new child relative direcotry[D:\gitsinnori\sinnori\project\sample_test][log/servlet] was created successfully
06:35:57.311 [main] INFO  k.p.s.c.buildsystem.ProjectBuilder - main project[sample_test]'s common child direcotry creation task end
06:35:57.311 [main] INFO  k.p.s.c.buildsystem.ProjectBuilder - main project[sample_test]'s server child direcotry creation task start
06:35:57.311 [main] INFO  k.p.s.common.util.CommonStaticUtil - the new child relative direcotry[D:\gitsinnori\sinnori\project\sample_test][server_build/APP-INF/classes] was created successfully
06:35:57.311 [main] INFO  k.p.s.common.util.CommonStaticUtil - the new child relative direcotry[D:\gitsinnori\sinnori\project\sample_test][server_build/corelib/ex] was created successfully
06:35:57.311 [main] INFO  k.p.s.common.util.CommonStaticUtil - the new child relative direcotry[D:\gitsinnori\sinnori\project\sample_test][server_build/corelib/in] was created successfully
06:35:57.311 [main] INFO  k.p.s.common.util.CommonStaticUtil - the new child relative direcotry[D:\gitsinnori\sinnori\project\sample_test][server_build/lib/main/ex] was created successfully
06:35:57.311 [main] INFO  k.p.s.common.util.CommonStaticUtil - the new child relative direcotry[D:\gitsinnori\sinnori\project\sample_test][server_build/lib/main/in] was created successfully
06:35:57.311 [main] INFO  k.p.s.common.util.CommonStaticUtil - the new child relative direcotry[D:\gitsinnori\sinnori\project\sample_test][server_build/lib/test] was created successfully
06:35:57.326 [main] INFO  k.p.s.common.util.CommonStaticUtil - the new child relative direcotry[D:\gitsinnori\sinnori\project\sample_test][server_build/src/main/java/kr/pe/sinnori/impl/servertask] was created successfully
06:35:57.326 [main] INFO  k.p.s.common.util.CommonStaticUtil - the new child relative direcotry[D:\gitsinnori\sinnori\project\sample_test][server_build/src/main/java/kr/pe/sinnori/impl/message] was created successfully
06:35:57.326 [main] INFO  k.p.s.common.util.CommonStaticUtil - the new child relative direcotry[D:\gitsinnori\sinnori\project\sample_test][server_build/src/main/java/main] was created successfully
06:35:57.326 [main] INFO  k.p.s.common.util.CommonStaticUtil - the new child relative direcotry[D:\gitsinnori\sinnori\project\sample_test][server_build/src/test/java] was created successfully
06:35:57.326 [main] INFO  k.p.s.common.util.CommonStaticUtil - the new child relative direcotry[D:\gitsinnori\sinnori\project\sample_test][server_build/build] was created successfully
06:35:57.422 [main] INFO  k.p.s.common.util.CommonStaticUtil - the new child relative direcotry[D:\gitsinnori\sinnori\project\sample_test][server_build/dist] was created successfully
06:35:57.422 [main] INFO  k.p.s.c.buildsystem.ProjectBuilder - main project[sample_test]'s server child direcotry creation task end
06:35:57.422 [main] INFO  k.p.s.c.buildsystem.ProjectBuilder - main project[sample_test]'s application build child direcotry creation task start
06:35:57.422 [main] INFO  k.p.s.common.util.CommonStaticUtil - the new child relative direcotry[D:\gitsinnori\sinnori\project\sample_test][client_build/app_build/corelib/ex] was created successfully
06:35:57.422 [main] INFO  k.p.s.common.util.CommonStaticUtil - the new child relative direcotry[D:\gitsinnori\sinnori\project\sample_test][client_build/app_build/corelib/in] was created successfully
06:35:57.422 [main] INFO  k.p.s.common.util.CommonStaticUtil - the new child relative direcotry[D:\gitsinnori\sinnori\project\sample_test][client_build/app_build/lib/main/ex] was created successfully
06:35:57.422 [main] INFO  k.p.s.common.util.CommonStaticUtil - the new child relative direcotry[D:\gitsinnori\sinnori\project\sample_test][client_build/app_build/lib/main/in] was created successfully
06:35:57.422 [main] INFO  k.p.s.common.util.CommonStaticUtil - the new child relative direcotry[D:\gitsinnori\sinnori\project\sample_test][client_build/app_build/lib/test] was created successfully
06:35:57.437 [main] INFO  k.p.s.common.util.CommonStaticUtil - the new child relative direcotry[D:\gitsinnori\sinnori\project\sample_test][client_build/app_build/src/main/java/kr/pe/sinnori/impl/message] was created successfully
06:35:57.437 [main] INFO  k.p.s.common.util.CommonStaticUtil - the new child relative direcotry[D:\gitsinnori\sinnori\project\sample_test][client_build/app_build/src/main/java/main] was created successfully
06:35:57.437 [main] INFO  k.p.s.common.util.CommonStaticUtil - the new child relative direcotry[D:\gitsinnori\sinnori\project\sample_test][client_build/app_build/src/test/java] was created successfully
06:35:57.437 [main] INFO  k.p.s.common.util.CommonStaticUtil - the new child relative direcotry[D:\gitsinnori\sinnori\project\sample_test][client_build/app_build/build] was created successfully
06:35:57.437 [main] INFO  k.p.s.common.util.CommonStaticUtil - the new child relative direcotry[D:\gitsinnori\sinnori\project\sample_test][client_build/app_build/dist] was created successfully
06:35:57.437 [main] INFO  k.p.s.c.buildsystem.ProjectBuilder - main project[sample_test]'s application build child direcotry creation task end
06:35:57.437 [main] INFO  k.p.s.c.buildsystem.ProjectBuilder - main project[sample_test]'s child direcotry creation task end
06:35:57.437 [main] INFO  k.p.s.c.buildsystem.ProjectBuilder - main project[sample_test]'s file creation task start
06:35:57.437 [main] INFO  k.p.s.c.buildsystem.ProjectBuilder - main project[sample_test]'s config file creation task start
06:35:57.437 [main] INFO  k.p.s.c.util.SequencedPropertiesUtil - the sequenced properties file[D:\gitsinnori\sinnori\project\sample_test\config\sinnori.properties] was created
06:35:57.453 [main] INFO  k.p.s.c.buildsystem.ProjectBuilder - main project[sample_test]'s config file creation task end
06:35:57.453 [main] INFO  k.p.s.c.buildsystem.ProjectBuilder - the mainproject[sample_test]'s resources directory copy task start
06:35:57.469 [main] INFO  k.p.s.c.buildsystem.ProjectBuilder - the mainproject[sample_test]'s resources directory copy task end
06:35:57.469 [main] INFO  k.p.s.c.buildsystem.ProjectBuilder - server build system files creation task start
06:35:57.469 [main] INFO  k.p.s.c.buildsystem.ProjectBuilder - main project[sample_test]'s server ant build.xml file creation task start
06:35:57.469 [main] INFO  k.p.s.c.buildsystem.ProjectBuilder - main project[sample_test]'s server ant build.xml file creation task end
06:35:57.469 [main] INFO  k.p.s.c.buildsystem.ProjectBuilder - main project[sample_test]'s server dos shell file creation task start
06:35:57.469 [main] INFO  k.p.s.c.buildsystem.ProjectBuilder - main project[sample_test]'s server dos shell file creation task end
06:35:57.469 [main] INFO  k.p.s.c.buildsystem.ProjectBuilder - main project[sample_test]'s server unix shell file creation task start
06:35:57.484 [main] INFO  k.p.s.c.buildsystem.ProjectBuilder - main project[sample_test]'s server unix shell file creation task end
06:35:57.484 [main] INFO  k.p.s.c.buildsystem.ProjectBuilder - server sample source files copy task start
06:35:57.484 [main] INFO  k.p.s.c.buildsystem.ProjectBuilder - server sample source files copy task end
06:35:57.484 [main] INFO  k.p.s.c.buildsystem.ProjectBuilder - main project[sample_test]'s server message io file set creation task start
06:35:57.484 [main] INFO  k.p.s.common.util.CommonStaticUtil - the new child relative direcotry[D:\gitsinnori\sinnori\project\sample_test\server_build\src\main\java\kr\pe\sinnori\impl\message][Echo] was created successfully
06:35:57.484 [main] INFO  k.p.s.c.buildsystem.ProjectBuilder - main project[sample_test]'s message file[Echo][D:\gitsinnori\sinnori\project\sample_test\server_build\src\main\java\kr\pe\sinnori\impl\message] creation task start
06:35:57.484 [main] INFO  k.p.s.c.buildsystem.ProjectBuilder - main project[sample_test]'s message file[Echo][D:\gitsinnori\sinnori\project\sample_test\server_build\src\main\java\kr\pe\sinnori\impl\message] creation task end
06:35:57.484 [main] INFO  k.p.s.c.buildsystem.ProjectBuilder - main project[sample_test]'s message decoder file[Echo][D:\gitsinnori\sinnori\project\sample_test\server_build\src\main\java\kr\pe\sinnori\impl\message] creation task start
06:35:57.484 [main] INFO  k.p.s.c.buildsystem.ProjectBuilder - main project[sample_test]'s message decoder file[Echo][D:\gitsinnori\sinnori\project\sample_test\server_build\src\main\java\kr\pe\sinnori\impl\message] creation task end
06:35:57.484 [main] INFO  k.p.s.c.buildsystem.ProjectBuilder - main project[sample_test]'s message encoder file[Echo][D:\gitsinnori\sinnori\project\sample_test\server_build\src\main\java\kr\pe\sinnori\impl\message] creation task start
06:35:57.500 [main] INFO  k.p.s.c.buildsystem.ProjectBuilder - main project[sample_test]'s message encoder file[Echo][D:\gitsinnori\sinnori\project\sample_test\server_build\src\main\java\kr\pe\sinnori\impl\message] creation task end
06:35:57.500 [main] INFO  k.p.s.c.buildsystem.ProjectBuilder - main project[sample_test]'s message server codec file[Echo][D:\gitsinnori\sinnori\project\sample_test\server_build\src\main\java\kr\pe\sinnori\impl\message] creation task start
06:35:57.500 [main] INFO  k.p.s.c.buildsystem.ProjectBuilder - main project[sample_test]'s message server codec file[Echo][D:\gitsinnori\sinnori\project\sample_test\server_build\src\main\java\kr\pe\sinnori\impl\message] creation task end
06:35:57.500 [main] INFO  k.p.s.c.buildsystem.ProjectBuilder - main project[sample_test]'s message client codec file[Echo][D:\gitsinnori\sinnori\project\sample_test\server_build\src\main\java\kr\pe\sinnori\impl\message] creation task start
06:35:57.500 [main] INFO  k.p.s.c.buildsystem.ProjectBuilder - main project[sample_test]'s message client codec file[Echo][D:\gitsinnori\sinnori\project\sample_test\server_build\src\main\java\kr\pe\sinnori\impl\message] creation task end
06:35:57.500 [main] INFO  k.p.s.common.util.CommonStaticUtil - the new child relative direcotry[D:\gitsinnori\sinnori\project\sample_test\server_build\src\main\java\kr\pe\sinnori\impl\message][PublicKeyReq] was created successfully
06:35:57.562 [main] INFO  k.p.s.c.buildsystem.ProjectBuilder - main project[sample_test]'s message file[PublicKeyReq][D:\gitsinnori\sinnori\project\sample_test\server_build\src\main\java\kr\pe\sinnori\impl\message] creation task start
06:35:57.562 [main] INFO  k.p.s.c.buildsystem.ProjectBuilder - main project[sample_test]'s message file[PublicKeyReq][D:\gitsinnori\sinnori\project\sample_test\server_build\src\main\java\kr\pe\sinnori\impl\message] creation task end
06:35:57.562 [main] INFO  k.p.s.c.buildsystem.ProjectBuilder - main project[sample_test]'s message decoder file[PublicKeyReq][D:\gitsinnori\sinnori\project\sample_test\server_build\src\main\java\kr\pe\sinnori\impl\message] creation task start
06:35:57.562 [main] INFO  k.p.s.c.buildsystem.ProjectBuilder - main project[sample_test]'s message decoder file[PublicKeyReq][D:\gitsinnori\sinnori\project\sample_test\server_build\src\main\java\kr\pe\sinnori\impl\message] creation task end
06:35:57.562 [main] INFO  k.p.s.c.buildsystem.ProjectBuilder - main project[sample_test]'s message encoder file[PublicKeyReq][D:\gitsinnori\sinnori\project\sample_test\server_build\src\main\java\kr\pe\sinnori\impl\message] creation task start
06:35:57.562 [main] INFO  k.p.s.c.buildsystem.ProjectBuilder - main project[sample_test]'s message encoder file[PublicKeyReq][D:\gitsinnori\sinnori\project\sample_test\server_build\src\main\java\kr\pe\sinnori\impl\message] creation task end
06:35:57.562 [main] INFO  k.p.s.c.buildsystem.ProjectBuilder - main project[sample_test]'s message server codec file[PublicKeyReq][D:\gitsinnori\sinnori\project\sample_test\server_build\src\main\java\kr\pe\sinnori\impl\message] creation task start
06:35:57.562 [main] INFO  k.p.s.c.buildsystem.ProjectBuilder - main project[sample_test]'s message server codec file[PublicKeyReq][D:\gitsinnori\sinnori\project\sample_test\server_build\src\main\java\kr\pe\sinnori\impl\message] creation task end
06:35:57.562 [main] INFO  k.p.s.c.buildsystem.ProjectBuilder - main project[sample_test]'s message client codec file[PublicKeyReq][D:\gitsinnori\sinnori\project\sample_test\server_build\src\main\java\kr\pe\sinnori\impl\message] creation task start
06:35:57.578 [main] INFO  k.p.s.c.buildsystem.ProjectBuilder - main project[sample_test]'s message client codec file[PublicKeyReq][D:\gitsinnori\sinnori\project\sample_test\server_build\src\main\java\kr\pe\sinnori\impl\message] creation task end
06:35:57.578 [main] INFO  k.p.s.common.util.CommonStaticUtil - the new child relative direcotry[D:\gitsinnori\sinnori\project\sample_test\server_build\src\main\java\kr\pe\sinnori\impl\message][PublicKeyRes] was created successfully
06:35:57.578 [main] INFO  k.p.s.c.buildsystem.ProjectBuilder - main project[sample_test]'s message file[PublicKeyRes][D:\gitsinnori\sinnori\project\sample_test\server_build\src\main\java\kr\pe\sinnori\impl\message] creation task start
06:35:57.578 [main] INFO  k.p.s.c.buildsystem.ProjectBuilder - main project[sample_test]'s message file[PublicKeyRes][D:\gitsinnori\sinnori\project\sample_test\server_build\src\main\java\kr\pe\sinnori\impl\message] creation task end
06:35:57.578 [main] INFO  k.p.s.c.buildsystem.ProjectBuilder - main project[sample_test]'s message decoder file[PublicKeyRes][D:\gitsinnori\sinnori\project\sample_test\server_build\src\main\java\kr\pe\sinnori\impl\message] creation task start
06:35:57.578 [main] INFO  k.p.s.c.buildsystem.ProjectBuilder - main project[sample_test]'s message decoder file[PublicKeyRes][D:\gitsinnori\sinnori\project\sample_test\server_build\src\main\java\kr\pe\sinnori\impl\message] creation task end
06:35:57.578 [main] INFO  k.p.s.c.buildsystem.ProjectBuilder - main project[sample_test]'s message encoder file[PublicKeyRes][D:\gitsinnori\sinnori\project\sample_test\server_build\src\main\java\kr\pe\sinnori\impl\message] creation task start
06:35:57.578 [main] INFO  k.p.s.c.buildsystem.ProjectBuilder - main project[sample_test]'s message encoder file[PublicKeyRes][D:\gitsinnori\sinnori\project\sample_test\server_build\src\main\java\kr\pe\sinnori\impl\message] creation task end
06:35:57.578 [main] INFO  k.p.s.c.buildsystem.ProjectBuilder - main project[sample_test]'s message server codec file[PublicKeyRes][D:\gitsinnori\sinnori\project\sample_test\server_build\src\main\java\kr\pe\sinnori\impl\message] creation task start
06:35:57.578 [main] INFO  k.p.s.c.buildsystem.ProjectBuilder - main project[sample_test]'s message server codec file[PublicKeyRes][D:\gitsinnori\sinnori\project\sample_test\server_build\src\main\java\kr\pe\sinnori\impl\message] creation task end
06:35:57.578 [main] INFO  k.p.s.c.buildsystem.ProjectBuilder - main project[sample_test]'s message client codec file[PublicKeyRes][D:\gitsinnori\sinnori\project\sample_test\server_build\src\main\java\kr\pe\sinnori\impl\message] creation task start
06:35:57.594 [main] INFO  k.p.s.c.buildsystem.ProjectBuilder - main project[sample_test]'s message client codec file[PublicKeyRes][D:\gitsinnori\sinnori\project\sample_test\server_build\src\main\java\kr\pe\sinnori\impl\message] creation task end
06:35:57.594 [main] INFO  k.p.s.c.buildsystem.ProjectBuilder - main project[sample_test]'s server message io file set creation task end
06:35:57.594 [main] INFO  k.p.s.c.buildsystem.ProjectBuilder - server build system files creation task end
06:35:57.594 [main] INFO  k.p.s.c.buildsystem.ProjectBuilder - mainproject[sample_test]'s application client build system files creation task start
06:35:57.594 [main] INFO  k.p.s.c.buildsystem.ProjectBuilder - main project[sample_test]'s application client ant build.xml file creation task start
06:35:57.594 [main] INFO  k.p.s.c.buildsystem.ProjectBuilder - main project[sample_test]'s application client ant build.xml file creation task end
06:35:57.594 [main] INFO  k.p.s.c.buildsystem.ProjectBuilder - main project[sample_test]'s application client dos shell file creation task start
06:35:57.594 [main] INFO  k.p.s.c.buildsystem.ProjectBuilder - main project[sample_test]'s application client dos shell file creation task end
06:35:57.594 [main] INFO  k.p.s.c.buildsystem.ProjectBuilder - main project[sample_test]'s application client unix shell file creation task start
06:35:57.594 [main] INFO  k.p.s.c.buildsystem.ProjectBuilder - main project[sample_test]'s application client unix shell file creation task end
06:35:57.594 [main] INFO  k.p.s.c.buildsystem.ProjectBuilder - application client sample source files copy task start
06:35:57.594 [main] INFO  k.p.s.c.buildsystem.ProjectBuilder - application client sample source files copy task end
06:35:57.594 [main] INFO  k.p.s.c.buildsystem.ProjectBuilder - main project[sample_test]'s application client message io file set creation task start
06:35:57.609 [main] INFO  k.p.s.common.util.CommonStaticUtil - the new child relative direcotry[D:\gitsinnori\sinnori\project\sample_test\client_build\app_build\src\main\java\kr\pe\sinnori\impl\message][Echo] was created successfully
06:35:57.609 [main] INFO  k.p.s.c.buildsystem.ProjectBuilder - main project[sample_test]'s message file[Echo][D:\gitsinnori\sinnori\project\sample_test\client_build\app_build\src\main\java\kr\pe\sinnori\impl\message] creation task start
06:35:57.609 [main] INFO  k.p.s.c.buildsystem.ProjectBuilder - main project[sample_test]'s message file[Echo][D:\gitsinnori\sinnori\project\sample_test\client_build\app_build\src\main\java\kr\pe\sinnori\impl\message] creation task end
06:35:57.609 [main] INFO  k.p.s.c.buildsystem.ProjectBuilder - main project[sample_test]'s message decoder file[Echo][D:\gitsinnori\sinnori\project\sample_test\client_build\app_build\src\main\java\kr\pe\sinnori\impl\message] creation task start
06:35:57.688 [main] INFO  k.p.s.c.buildsystem.ProjectBuilder - main project[sample_test]'s message decoder file[Echo][D:\gitsinnori\sinnori\project\sample_test\client_build\app_build\src\main\java\kr\pe\sinnori\impl\message] creation task end
06:35:57.688 [main] INFO  k.p.s.c.buildsystem.ProjectBuilder - main project[sample_test]'s message encoder file[Echo][D:\gitsinnori\sinnori\project\sample_test\client_build\app_build\src\main\java\kr\pe\sinnori\impl\message] creation task start
06:35:57.703 [main] INFO  k.p.s.c.buildsystem.ProjectBuilder - main project[sample_test]'s message encoder file[Echo][D:\gitsinnori\sinnori\project\sample_test\client_build\app_build\src\main\java\kr\pe\sinnori\impl\message] creation task end
06:35:57.703 [main] INFO  k.p.s.c.buildsystem.ProjectBuilder - main project[sample_test]'s message server codec file[Echo][D:\gitsinnori\sinnori\project\sample_test\client_build\app_build\src\main\java\kr\pe\sinnori\impl\message] creation task start
06:35:57.703 [main] INFO  k.p.s.c.buildsystem.ProjectBuilder - main project[sample_test]'s message server codec file[Echo][D:\gitsinnori\sinnori\project\sample_test\client_build\app_build\src\main\java\kr\pe\sinnori\impl\message] creation task end
06:35:57.703 [main] INFO  k.p.s.c.buildsystem.ProjectBuilder - main project[sample_test]'s message client codec file[Echo][D:\gitsinnori\sinnori\project\sample_test\client_build\app_build\src\main\java\kr\pe\sinnori\impl\message] creation task start
06:35:57.703 [main] INFO  k.p.s.c.buildsystem.ProjectBuilder - main project[sample_test]'s message client codec file[Echo][D:\gitsinnori\sinnori\project\sample_test\client_build\app_build\src\main\java\kr\pe\sinnori\impl\message] creation task end
06:35:57.703 [main] INFO  k.p.s.common.util.CommonStaticUtil - the new child relative direcotry[D:\gitsinnori\sinnori\project\sample_test\client_build\app_build\src\main\java\kr\pe\sinnori\impl\message][PublicKeyReq] was created successfully
06:35:57.703 [main] INFO  k.p.s.c.buildsystem.ProjectBuilder - main project[sample_test]'s message file[PublicKeyReq][D:\gitsinnori\sinnori\project\sample_test\client_build\app_build\src\main\java\kr\pe\sinnori\impl\message] creation task start
06:35:57.703 [main] INFO  k.p.s.c.buildsystem.ProjectBuilder - main project[sample_test]'s message file[PublicKeyReq][D:\gitsinnori\sinnori\project\sample_test\client_build\app_build\src\main\java\kr\pe\sinnori\impl\message] creation task end
06:35:57.703 [main] INFO  k.p.s.c.buildsystem.ProjectBuilder - main project[sample_test]'s message decoder file[PublicKeyReq][D:\gitsinnori\sinnori\project\sample_test\client_build\app_build\src\main\java\kr\pe\sinnori\impl\message] creation task start
06:35:57.703 [main] INFO  k.p.s.c.buildsystem.ProjectBuilder - main project[sample_test]'s message decoder file[PublicKeyReq][D:\gitsinnori\sinnori\project\sample_test\client_build\app_build\src\main\java\kr\pe\sinnori\impl\message] creation task end
06:35:57.703 [main] INFO  k.p.s.c.buildsystem.ProjectBuilder - main project[sample_test]'s message encoder file[PublicKeyReq][D:\gitsinnori\sinnori\project\sample_test\client_build\app_build\src\main\java\kr\pe\sinnori\impl\message] creation task start
06:35:57.719 [main] INFO  k.p.s.c.buildsystem.ProjectBuilder - main project[sample_test]'s message encoder file[PublicKeyReq][D:\gitsinnori\sinnori\project\sample_test\client_build\app_build\src\main\java\kr\pe\sinnori\impl\message] creation task end
06:35:57.719 [main] INFO  k.p.s.c.buildsystem.ProjectBuilder - main project[sample_test]'s message server codec file[PublicKeyReq][D:\gitsinnori\sinnori\project\sample_test\client_build\app_build\src\main\java\kr\pe\sinnori\impl\message] creation task start
06:35:57.719 [main] INFO  k.p.s.c.buildsystem.ProjectBuilder - main project[sample_test]'s message server codec file[PublicKeyReq][D:\gitsinnori\sinnori\project\sample_test\client_build\app_build\src\main\java\kr\pe\sinnori\impl\message] creation task end
06:35:57.719 [main] INFO  k.p.s.c.buildsystem.ProjectBuilder - main project[sample_test]'s message client codec file[PublicKeyReq][D:\gitsinnori\sinnori\project\sample_test\client_build\app_build\src\main\java\kr\pe\sinnori\impl\message] creation task start
06:35:57.719 [main] INFO  k.p.s.c.buildsystem.ProjectBuilder - main project[sample_test]'s message client codec file[PublicKeyReq][D:\gitsinnori\sinnori\project\sample_test\client_build\app_build\src\main\java\kr\pe\sinnori\impl\message] creation task end
06:35:57.719 [main] INFO  k.p.s.common.util.CommonStaticUtil - the new child relative direcotry[D:\gitsinnori\sinnori\project\sample_test\client_build\app_build\src\main\java\kr\pe\sinnori\impl\message][PublicKeyRes] was created successfully
06:35:57.719 [main] INFO  k.p.s.c.buildsystem.ProjectBuilder - main project[sample_test]'s message file[PublicKeyRes][D:\gitsinnori\sinnori\project\sample_test\client_build\app_build\src\main\java\kr\pe\sinnori\impl\message] creation task start
06:35:57.719 [main] INFO  k.p.s.c.buildsystem.ProjectBuilder - main project[sample_test]'s message file[PublicKeyRes][D:\gitsinnori\sinnori\project\sample_test\client_build\app_build\src\main\java\kr\pe\sinnori\impl\message] creation task end
06:35:57.719 [main] INFO  k.p.s.c.buildsystem.ProjectBuilder - main project[sample_test]'s message decoder file[PublicKeyRes][D:\gitsinnori\sinnori\project\sample_test\client_build\app_build\src\main\java\kr\pe\sinnori\impl\message] creation task start
06:35:57.719 [main] INFO  k.p.s.c.buildsystem.ProjectBuilder - main project[sample_test]'s message decoder file[PublicKeyRes][D:\gitsinnori\sinnori\project\sample_test\client_build\app_build\src\main\java\kr\pe\sinnori\impl\message] creation task end
06:35:57.719 [main] INFO  k.p.s.c.buildsystem.ProjectBuilder - main project[sample_test]'s message encoder file[PublicKeyRes][D:\gitsinnori\sinnori\project\sample_test\client_build\app_build\src\main\java\kr\pe\sinnori\impl\message] creation task start
06:35:57.719 [main] INFO  k.p.s.c.buildsystem.ProjectBuilder - main project[sample_test]'s message encoder file[PublicKeyRes][D:\gitsinnori\sinnori\project\sample_test\client_build\app_build\src\main\java\kr\pe\sinnori\impl\message] creation task end
06:35:57.719 [main] INFO  k.p.s.c.buildsystem.ProjectBuilder - main project[sample_test]'s message server codec file[PublicKeyRes][D:\gitsinnori\sinnori\project\sample_test\client_build\app_build\src\main\java\kr\pe\sinnori\impl\message] creation task start
06:35:57.734 [main] INFO  k.p.s.c.buildsystem.ProjectBuilder - main project[sample_test]'s message server codec file[PublicKeyRes][D:\gitsinnori\sinnori\project\sample_test\client_build\app_build\src\main\java\kr\pe\sinnori\impl\message] creation task end
06:35:57.734 [main] INFO  k.p.s.c.buildsystem.ProjectBuilder - main project[sample_test]'s message client codec file[PublicKeyRes][D:\gitsinnori\sinnori\project\sample_test\client_build\app_build\src\main\java\kr\pe\sinnori\impl\message] creation task start
06:35:57.734 [main] INFO  k.p.s.c.buildsystem.ProjectBuilder - main project[sample_test]'s message client codec file[PublicKeyRes][D:\gitsinnori\sinnori\project\sample_test\client_build\app_build\src\main\java\kr\pe\sinnori\impl\message] creation task end
06:35:57.734 [main] INFO  k.p.s.c.buildsystem.ProjectBuilder - main project[sample_test]'s application client message io file set creation task end
06:35:57.734 [main] INFO  k.p.s.c.buildsystem.ProjectBuilder - mainproject[sample_test]'s application client build system files creation task end
06:35:57.734 [main] INFO  k.p.s.c.buildsystem.ProjectBuilder - main project[sample_test]'s file creation task end
06:35:57.734 [main] INFO  k.p.s.c.buildsystem.ProjectBuilder - the web client ant build.xml file[D:\gitsinnori\sinnori\project\sample_test\client_build\web_build\build.xml] is bad :: whetherExist[false] isFile[false]
06:35:57.734 [main] INFO  k.p.s.c.config.SinnoriConfiguration - item key[sessionkey.rsa.publickey.file.value]'s value is null because its status is inactive
06:35:57.734 [main] INFO  k.p.s.c.config.SinnoriConfiguration - item key[sessionkey.rsa.privatekey.file.value]'s value is null because its status is inactive
06:35:57.750 [main] INFO  k.p.s.c.buildsystem.ProjectBuilder - main project[sample_test]'s child direcotry creation task start
06:35:57.750 [main] INFO  k.p.s.c.buildsystem.ProjectBuilder - main project[sample_test]'s common child direcotry creation task start
06:35:57.766 [main] INFO  k.p.s.common.util.CommonStaticUtil - the new child relative direcotry[D:\gitsinnori\sinnori\project\sample_test][config] was created successfully
06:35:57.766 [main] INFO  k.p.s.common.util.CommonStaticUtil - the new child relative direcotry[D:\gitsinnori\sinnori\project\sample_test][resources/dbcp] was created successfully
06:35:57.766 [main] INFO  k.p.s.common.util.CommonStaticUtil - the new child relative direcotry[D:\gitsinnori\sinnori\project\sample_test][resources/message_info] was created successfully
06:35:57.766 [main] INFO  k.p.s.common.util.CommonStaticUtil - the new child relative direcotry[D:\gitsinnori\sinnori\project\sample_test][resources/rsa_keypair] was created successfully
06:35:57.828 [main] INFO  k.p.s.common.util.CommonStaticUtil - the new child relative direcotry[D:\gitsinnori\sinnori\project\sample_test][log/apache] was created successfully
06:35:57.828 [main] INFO  k.p.s.common.util.CommonStaticUtil - the new child relative direcotry[D:\gitsinnori\sinnori\project\sample_test][log/client] was created successfully
06:35:57.828 [main] INFO  k.p.s.common.util.CommonStaticUtil - the new child relative direcotry[D:\gitsinnori\sinnori\project\sample_test][log/server] was created successfully
06:35:57.828 [main] INFO  k.p.s.common.util.CommonStaticUtil - the new child relative direcotry[D:\gitsinnori\sinnori\project\sample_test][log/servlet] was created successfully
06:35:57.828 [main] INFO  k.p.s.c.buildsystem.ProjectBuilder - main project[sample_test]'s common child direcotry creation task end
06:35:57.828 [main] INFO  k.p.s.c.buildsystem.ProjectBuilder - main project[sample_test]'s server child direcotry creation task start
06:35:57.828 [main] INFO  k.p.s.common.util.CommonStaticUtil - the new child relative direcotry[D:\gitsinnori\sinnori\project\sample_test][server_build/APP-INF/classes] was created successfully
06:35:57.828 [main] INFO  k.p.s.common.util.CommonStaticUtil - the new child relative direcotry[D:\gitsinnori\sinnori\project\sample_test][server_build/corelib/ex] was created successfully
06:35:57.828 [main] INFO  k.p.s.common.util.CommonStaticUtil - the new child relative direcotry[D:\gitsinnori\sinnori\project\sample_test][server_build/corelib/in] was created successfully
06:35:57.828 [main] INFO  k.p.s.common.util.CommonStaticUtil - the new child relative direcotry[D:\gitsinnori\sinnori\project\sample_test][server_build/lib/main/ex] was created successfully
06:35:57.828 [main] INFO  k.p.s.common.util.CommonStaticUtil - the new child relative direcotry[D:\gitsinnori\sinnori\project\sample_test][server_build/lib/main/in] was created successfully
06:35:57.828 [main] INFO  k.p.s.common.util.CommonStaticUtil - the new child relative direcotry[D:\gitsinnori\sinnori\project\sample_test][server_build/lib/test] was created successfully
06:35:57.832 [main] INFO  k.p.s.common.util.CommonStaticUtil - the new child relative direcotry[D:\gitsinnori\sinnori\project\sample_test][server_build/src/main/java/kr/pe/sinnori/impl/servertask] was created successfully
06:35:57.832 [main] INFO  k.p.s.common.util.CommonStaticUtil - the new child relative direcotry[D:\gitsinnori\sinnori\project\sample_test][server_build/src/main/java/kr/pe/sinnori/impl/message] was created successfully
06:35:57.832 [main] INFO  k.p.s.common.util.CommonStaticUtil - the new child relative direcotry[D:\gitsinnori\sinnori\project\sample_test][server_build/src/main/java/main] was created successfully
06:35:57.832 [main] INFO  k.p.s.common.util.CommonStaticUtil - the new child relative direcotry[D:\gitsinnori\sinnori\project\sample_test][server_build/src/test/java] was created successfully
06:35:57.832 [main] INFO  k.p.s.common.util.CommonStaticUtil - the new child relative direcotry[D:\gitsinnori\sinnori\project\sample_test][server_build/build] was created successfully
06:35:57.832 [main] INFO  k.p.s.common.util.CommonStaticUtil - the new child relative direcotry[D:\gitsinnori\sinnori\project\sample_test][server_build/dist] was created successfully
06:35:57.832 [main] INFO  k.p.s.c.buildsystem.ProjectBuilder - main project[sample_test]'s server child direcotry creation task end
06:35:57.832 [main] INFO  k.p.s.c.buildsystem.ProjectBuilder - main project[sample_test]'s web build child direcotry creation task start
06:35:57.836 [main] INFO  k.p.s.common.util.CommonStaticUtil - the new child relative direcotry[D:\gitsinnori\sinnori\project\sample_test][client_build/web_build/corelib/ex] was created successfully
06:35:57.836 [main] INFO  k.p.s.common.util.CommonStaticUtil - the new child relative direcotry[D:\gitsinnori\sinnori\project\sample_test][client_build/web_build/corelib/in] was created successfully
06:35:57.836 [main] INFO  k.p.s.common.util.CommonStaticUtil - the new child relative direcotry[D:\gitsinnori\sinnori\project\sample_test][client_build/web_build/lib/main/ex] was created successfully
06:35:57.836 [main] INFO  k.p.s.common.util.CommonStaticUtil - the new child relative direcotry[D:\gitsinnori\sinnori\project\sample_test][client_build/web_build/lib/main/in] was created successfully
06:35:57.836 [main] INFO  k.p.s.common.util.CommonStaticUtil - the new child relative direcotry[D:\gitsinnori\sinnori\project\sample_test][client_build/web_build/lib/test] was created successfully
06:35:57.841 [main] INFO  k.p.s.common.util.CommonStaticUtil - the new child relative direcotry[D:\gitsinnori\sinnori\project\sample_test][client_build/web_build/src/main/java/kr/pe/sinnori/impl/message] was created successfully
06:35:57.841 [main] INFO  k.p.s.common.util.CommonStaticUtil - the new child relative direcotry[D:\gitsinnori\sinnori\project\sample_test][client_build/web_build/src/main/java//kr/pe/sinnori/servlet] was created successfully
06:35:57.841 [main] INFO  k.p.s.common.util.CommonStaticUtil - the new child relative direcotry[D:\gitsinnori\sinnori\project\sample_test][client_build/web_build/src/main/java/kr/pe/sinnori/weblib/common] was created successfully
06:35:57.841 [main] INFO  k.p.s.common.util.CommonStaticUtil - the new child relative direcotry[D:\gitsinnori\sinnori\project\sample_test][client_build/web_build/src/main/java/kr/pe/sinnori/weblib/htmlstring] was created successfully
06:35:57.841 [main] INFO  k.p.s.common.util.CommonStaticUtil - the new child relative direcotry[D:\gitsinnori\sinnori\project\sample_test][client_build/web_build/src/main/java/kr/pe/sinnori/weblib/jdf] was created successfully
06:35:57.841 [main] INFO  k.p.s.common.util.CommonStaticUtil - the new child relative direcotry[D:\gitsinnori\sinnori\project\sample_test][client_build/web_build/src/test/java] was created successfully
06:35:57.841 [main] INFO  k.p.s.common.util.CommonStaticUtil - the new child relative direcotry[D:\gitsinnori\sinnori\project\sample_test][client_build/web_build/build] was created successfully
06:35:57.841 [main] INFO  k.p.s.common.util.CommonStaticUtil - the new child relative direcotry[D:\gitsinnori\sinnori\project\sample_test][client_build/web_build/dist] was created successfully
06:35:57.841 [main] INFO  k.p.s.c.buildsystem.ProjectBuilder - main project[sample_test]'s web build child direcotry creation task end
06:35:57.841 [main] INFO  k.p.s.c.buildsystem.ProjectBuilder - main project[sample_test]'s web root child direcotry creation task start
06:35:57.841 [main] INFO  k.p.s.common.util.CommonStaticUtil - the new child relative direcotry[D:\gitsinnori\sinnori\project\sample_test][web_app_base/upload] was created successfully
06:35:57.841 [main] INFO  k.p.s.common.util.CommonStaticUtil - the new child relative direcotry[D:\gitsinnori\sinnori\project\sample_test][web_app_base/ROOT/WEB-INF/classes] was created successfully
06:35:57.841 [main] INFO  k.p.s.common.util.CommonStaticUtil - the new child relative direcotry[D:\gitsinnori\sinnori\project\sample_test][web_app_base/ROOT/WEB-INF/lib] was created successfully
06:35:57.841 [main] INFO  k.p.s.c.buildsystem.ProjectBuilder - main project[sample_test]'s web root child direcotry creation task end
06:35:57.841 [main] INFO  k.p.s.c.buildsystem.ProjectBuilder - main project[sample_test]'s child direcotry creation task end
06:35:57.841 [main] INFO  k.p.s.c.buildsystem.ProjectBuilder - main project[sample_test]'s file creation task start
06:35:57.841 [main] INFO  k.p.s.c.buildsystem.ProjectBuilder - main project[sample_test]'s config file creation task start
06:35:57.841 [main] INFO  k.p.s.c.util.SequencedPropertiesUtil - the sequenced properties file[D:\gitsinnori\sinnori\project\sample_test\config\sinnori.properties] was created
06:35:57.841 [main] INFO  k.p.s.c.buildsystem.ProjectBuilder - main project[sample_test]'s config file creation task end
06:35:57.841 [main] INFO  k.p.s.c.buildsystem.ProjectBuilder - the mainproject[sample_test]'s resources directory copy task start
06:35:57.856 [main] INFO  k.p.s.c.buildsystem.ProjectBuilder - the mainproject[sample_test]'s resources directory copy task end
06:35:57.856 [main] INFO  k.p.s.c.buildsystem.ProjectBuilder - server build system files creation task start
06:35:57.856 [main] INFO  k.p.s.c.buildsystem.ProjectBuilder - main project[sample_test]'s server ant build.xml file creation task start
06:35:57.856 [main] INFO  k.p.s.c.buildsystem.ProjectBuilder - main project[sample_test]'s server ant build.xml file creation task end
06:35:57.856 [main] INFO  k.p.s.c.buildsystem.ProjectBuilder - main project[sample_test]'s server dos shell file creation task start
06:35:57.856 [main] INFO  k.p.s.c.buildsystem.ProjectBuilder - main project[sample_test]'s server dos shell file creation task end
06:35:57.856 [main] INFO  k.p.s.c.buildsystem.ProjectBuilder - main project[sample_test]'s server unix shell file creation task start
06:35:57.856 [main] INFO  k.p.s.c.buildsystem.ProjectBuilder - main project[sample_test]'s server unix shell file creation task end
06:35:57.856 [main] INFO  k.p.s.c.buildsystem.ProjectBuilder - server sample source files copy task start
06:35:57.872 [main] INFO  k.p.s.c.buildsystem.ProjectBuilder - server sample source files copy task end
06:35:57.872 [main] INFO  k.p.s.c.buildsystem.ProjectBuilder - main project[sample_test]'s server message io file set creation task start
06:35:57.872 [main] INFO  k.p.s.common.util.CommonStaticUtil - the new child relative direcotry[D:\gitsinnori\sinnori\project\sample_test\server_build\src\main\java\kr\pe\sinnori\impl\message][Echo] was created successfully
06:35:57.872 [main] INFO  k.p.s.c.buildsystem.ProjectBuilder - main project[sample_test]'s message file[Echo][D:\gitsinnori\sinnori\project\sample_test\server_build\src\main\java\kr\pe\sinnori\impl\message] creation task start
06:35:57.872 [main] INFO  k.p.s.c.buildsystem.ProjectBuilder - main project[sample_test]'s message file[Echo][D:\gitsinnori\sinnori\project\sample_test\server_build\src\main\java\kr\pe\sinnori\impl\message] creation task end
06:35:57.872 [main] INFO  k.p.s.c.buildsystem.ProjectBuilder - main project[sample_test]'s message decoder file[Echo][D:\gitsinnori\sinnori\project\sample_test\server_build\src\main\java\kr\pe\sinnori\impl\message] creation task start
06:35:57.872 [main] INFO  k.p.s.c.buildsystem.ProjectBuilder - main project[sample_test]'s message decoder file[Echo][D:\gitsinnori\sinnori\project\sample_test\server_build\src\main\java\kr\pe\sinnori\impl\message] creation task end
06:35:57.872 [main] INFO  k.p.s.c.buildsystem.ProjectBuilder - main project[sample_test]'s message encoder file[Echo][D:\gitsinnori\sinnori\project\sample_test\server_build\src\main\java\kr\pe\sinnori\impl\message] creation task start
06:35:57.872 [main] INFO  k.p.s.c.buildsystem.ProjectBuilder - main project[sample_test]'s message encoder file[Echo][D:\gitsinnori\sinnori\project\sample_test\server_build\src\main\java\kr\pe\sinnori\impl\message] creation task end
06:35:57.872 [main] INFO  k.p.s.c.buildsystem.ProjectBuilder - main project[sample_test]'s message server codec file[Echo][D:\gitsinnori\sinnori\project\sample_test\server_build\src\main\java\kr\pe\sinnori\impl\message] creation task start
06:35:57.872 [main] INFO  k.p.s.c.buildsystem.ProjectBuilder - main project[sample_test]'s message server codec file[Echo][D:\gitsinnori\sinnori\project\sample_test\server_build\src\main\java\kr\pe\sinnori\impl\message] creation task end
06:35:57.872 [main] INFO  k.p.s.c.buildsystem.ProjectBuilder - main project[sample_test]'s message client codec file[Echo][D:\gitsinnori\sinnori\project\sample_test\server_build\src\main\java\kr\pe\sinnori\impl\message] creation task start
06:35:57.888 [main] INFO  k.p.s.c.buildsystem.ProjectBuilder - main project[sample_test]'s message client codec file[Echo][D:\gitsinnori\sinnori\project\sample_test\server_build\src\main\java\kr\pe\sinnori\impl\message] creation task end
06:35:58.028 [main] INFO  k.p.s.common.util.CommonStaticUtil - the new child relative direcotry[D:\gitsinnori\sinnori\project\sample_test\server_build\src\main\java\kr\pe\sinnori\impl\message][PublicKeyReq] was created successfully
06:35:58.028 [main] INFO  k.p.s.c.buildsystem.ProjectBuilder - main project[sample_test]'s message file[PublicKeyReq][D:\gitsinnori\sinnori\project\sample_test\server_build\src\main\java\kr\pe\sinnori\impl\message] creation task start
06:35:58.044 [main] INFO  k.p.s.c.buildsystem.ProjectBuilder - main project[sample_test]'s message file[PublicKeyReq][D:\gitsinnori\sinnori\project\sample_test\server_build\src\main\java\kr\pe\sinnori\impl\message] creation task end
06:35:58.044 [main] INFO  k.p.s.c.buildsystem.ProjectBuilder - main project[sample_test]'s message decoder file[PublicKeyReq][D:\gitsinnori\sinnori\project\sample_test\server_build\src\main\java\kr\pe\sinnori\impl\message] creation task start
06:35:58.060 [main] INFO  k.p.s.c.buildsystem.ProjectBuilder - main project[sample_test]'s message decoder file[PublicKeyReq][D:\gitsinnori\sinnori\project\sample_test\server_build\src\main\java\kr\pe\sinnori\impl\message] creation task end
06:35:58.060 [main] INFO  k.p.s.c.buildsystem.ProjectBuilder - main project[sample_test]'s message encoder file[PublicKeyReq][D:\gitsinnori\sinnori\project\sample_test\server_build\src\main\java\kr\pe\sinnori\impl\message] creation task start
06:35:58.060 [main] INFO  k.p.s.c.buildsystem.ProjectBuilder - main project[sample_test]'s message encoder file[PublicKeyReq][D:\gitsinnori\sinnori\project\sample_test\server_build\src\main\java\kr\pe\sinnori\impl\message] creation task end
06:35:58.060 [main] INFO  k.p.s.c.buildsystem.ProjectBuilder - main project[sample_test]'s message server codec file[PublicKeyReq][D:\gitsinnori\sinnori\project\sample_test\server_build\src\main\java\kr\pe\sinnori\impl\message] creation task start
06:35:58.060 [main] INFO  k.p.s.c.buildsystem.ProjectBuilder - main project[sample_test]'s message server codec file[PublicKeyReq][D:\gitsinnori\sinnori\project\sample_test\server_build\src\main\java\kr\pe\sinnori\impl\message] creation task end
06:35:58.060 [main] INFO  k.p.s.c.buildsystem.ProjectBuilder - main project[sample_test]'s message client codec file[PublicKeyReq][D:\gitsinnori\sinnori\project\sample_test\server_build\src\main\java\kr\pe\sinnori\impl\message] creation task start
06:35:58.075 [main] INFO  k.p.s.c.buildsystem.ProjectBuilder - main project[sample_test]'s message client codec file[PublicKeyReq][D:\gitsinnori\sinnori\project\sample_test\server_build\src\main\java\kr\pe\sinnori\impl\message] creation task end
06:35:58.075 [main] INFO  k.p.s.common.util.CommonStaticUtil - the new child relative direcotry[D:\gitsinnori\sinnori\project\sample_test\server_build\src\main\java\kr\pe\sinnori\impl\message][PublicKeyRes] was created successfully
06:35:58.075 [main] INFO  k.p.s.c.buildsystem.ProjectBuilder - main project[sample_test]'s message file[PublicKeyRes][D:\gitsinnori\sinnori\project\sample_test\server_build\src\main\java\kr\pe\sinnori\impl\message] creation task start
06:35:58.075 [main] INFO  k.p.s.c.buildsystem.ProjectBuilder - main project[sample_test]'s message file[PublicKeyRes][D:\gitsinnori\sinnori\project\sample_test\server_build\src\main\java\kr\pe\sinnori\impl\message] creation task end
06:35:58.075 [main] INFO  k.p.s.c.buildsystem.ProjectBuilder - main project[sample_test]'s message decoder file[PublicKeyRes][D:\gitsinnori\sinnori\project\sample_test\server_build\src\main\java\kr\pe\sinnori\impl\message] creation task start
06:35:58.091 [main] INFO  k.p.s.c.buildsystem.ProjectBuilder - main project[sample_test]'s message decoder file[PublicKeyRes][D:\gitsinnori\sinnori\project\sample_test\server_build\src\main\java\kr\pe\sinnori\impl\message] creation task end
06:35:58.091 [main] INFO  k.p.s.c.buildsystem.ProjectBuilder - main project[sample_test]'s message encoder file[PublicKeyRes][D:\gitsinnori\sinnori\project\sample_test\server_build\src\main\java\kr\pe\sinnori\impl\message] creation task start
06:35:58.091 [main] INFO  k.p.s.c.buildsystem.ProjectBuilder - main project[sample_test]'s message encoder file[PublicKeyRes][D:\gitsinnori\sinnori\project\sample_test\server_build\src\main\java\kr\pe\sinnori\impl\message] creation task end
06:35:58.091 [main] INFO  k.p.s.c.buildsystem.ProjectBuilder - main project[sample_test]'s message server codec file[PublicKeyRes][D:\gitsinnori\sinnori\project\sample_test\server_build\src\main\java\kr\pe\sinnori\impl\message] creation task start
06:35:58.091 [main] INFO  k.p.s.c.buildsystem.ProjectBuilder - main project[sample_test]'s message server codec file[PublicKeyRes][D:\gitsinnori\sinnori\project\sample_test\server_build\src\main\java\kr\pe\sinnori\impl\message] creation task end
06:35:58.091 [main] INFO  k.p.s.c.buildsystem.ProjectBuilder - main project[sample_test]'s message client codec file[PublicKeyRes][D:\gitsinnori\sinnori\project\sample_test\server_build\src\main\java\kr\pe\sinnori\impl\message] creation task start
06:35:58.091 [main] INFO  k.p.s.c.buildsystem.ProjectBuilder - main project[sample_test]'s message client codec file[PublicKeyRes][D:\gitsinnori\sinnori\project\sample_test\server_build\src\main\java\kr\pe\sinnori\impl\message] creation task end
06:35:58.091 [main] INFO  k.p.s.c.buildsystem.ProjectBuilder - main project[sample_test]'s server message io file set creation task end
06:35:58.091 [main] INFO  k.p.s.c.buildsystem.ProjectBuilder - server build system files creation task end
06:35:58.091 [main] INFO  k.p.s.c.buildsystem.ProjectBuilder - main project[sample_test]'s web client build system files creation task start
06:35:58.091 [main] INFO  k.p.s.c.buildsystem.ProjectBuilder - main project[sample_test]'s web client ant build.xml file creation task start
06:35:58.091 [main] INFO  k.p.s.c.buildsystem.ProjectBuilder - main project[sample_test]'s web client ant build.xml file creation task end
06:35:58.091 [main] INFO  k.p.s.c.buildsystem.ProjectBuilder - main project[sample_test]'s web client ant properties file creation task start
06:35:58.091 [main] INFO  k.p.s.c.util.SequencedPropertiesUtil - the sequenced properties file[D:\gitsinnori\sinnori\project\sample_test\client_build\web_build\webAnt.properties] was created
06:35:58.106 [main] INFO  k.p.s.c.buildsystem.ProjectBuilder - main project[sample_test]'s web client ant properties file creation task end
06:35:58.106 [main] INFO  k.p.s.c.buildsystem.ProjectBuilder - main project[sample_test]'s web client message io file set creation task start
06:35:58.106 [main] INFO  k.p.s.common.util.CommonStaticUtil - the new child relative direcotry[D:\gitsinnori\sinnori\project\sample_test\client_build\web_build\src\main\java\kr\pe\sinnori\impl\message][Echo] was created successfully
06:35:58.106 [main] INFO  k.p.s.c.buildsystem.ProjectBuilder - main project[sample_test]'s message file[Echo][D:\gitsinnori\sinnori\project\sample_test\client_build\web_build\src\main\java\kr\pe\sinnori\impl\message] creation task start
06:35:58.106 [main] INFO  k.p.s.c.buildsystem.ProjectBuilder - main project[sample_test]'s message file[Echo][D:\gitsinnori\sinnori\project\sample_test\client_build\web_build\src\main\java\kr\pe\sinnori\impl\message] creation task end
06:35:58.106 [main] INFO  k.p.s.c.buildsystem.ProjectBuilder - main project[sample_test]'s message decoder file[Echo][D:\gitsinnori\sinnori\project\sample_test\client_build\web_build\src\main\java\kr\pe\sinnori\impl\message] creation task start
06:35:58.106 [main] INFO  k.p.s.c.buildsystem.ProjectBuilder - main project[sample_test]'s message decoder file[Echo][D:\gitsinnori\sinnori\project\sample_test\client_build\web_build\src\main\java\kr\pe\sinnori\impl\message] creation task end
06:35:58.106 [main] INFO  k.p.s.c.buildsystem.ProjectBuilder - main project[sample_test]'s message encoder file[Echo][D:\gitsinnori\sinnori\project\sample_test\client_build\web_build\src\main\java\kr\pe\sinnori\impl\message] creation task start
06:35:58.122 [main] INFO  k.p.s.c.buildsystem.ProjectBuilder - main project[sample_test]'s message encoder file[Echo][D:\gitsinnori\sinnori\project\sample_test\client_build\web_build\src\main\java\kr\pe\sinnori\impl\message] creation task end
06:35:58.200 [main] INFO  k.p.s.c.buildsystem.ProjectBuilder - main project[sample_test]'s message server codec file[Echo][D:\gitsinnori\sinnori\project\sample_test\client_build\web_build\src\main\java\kr\pe\sinnori\impl\message] creation task start
06:35:58.200 [main] INFO  k.p.s.c.buildsystem.ProjectBuilder - main project[sample_test]'s message server codec file[Echo][D:\gitsinnori\sinnori\project\sample_test\client_build\web_build\src\main\java\kr\pe\sinnori\impl\message] creation task end
06:35:58.200 [main] INFO  k.p.s.c.buildsystem.ProjectBuilder - main project[sample_test]'s message client codec file[Echo][D:\gitsinnori\sinnori\project\sample_test\client_build\web_build\src\main\java\kr\pe\sinnori\impl\message] creation task start
06:35:58.200 [main] INFO  k.p.s.c.buildsystem.ProjectBuilder - main project[sample_test]'s message client codec file[Echo][D:\gitsinnori\sinnori\project\sample_test\client_build\web_build\src\main\java\kr\pe\sinnori\impl\message] creation task end
06:35:58.200 [main] INFO  k.p.s.common.util.CommonStaticUtil - the new child relative direcotry[D:\gitsinnori\sinnori\project\sample_test\client_build\web_build\src\main\java\kr\pe\sinnori\impl\message][PublicKeyReq] was created successfully
06:35:58.200 [main] INFO  k.p.s.c.buildsystem.ProjectBuilder - main project[sample_test]'s message file[PublicKeyReq][D:\gitsinnori\sinnori\project\sample_test\client_build\web_build\src\main\java\kr\pe\sinnori\impl\message] creation task start
06:35:58.216 [main] INFO  k.p.s.c.buildsystem.ProjectBuilder - main project[sample_test]'s message file[PublicKeyReq][D:\gitsinnori\sinnori\project\sample_test\client_build\web_build\src\main\java\kr\pe\sinnori\impl\message] creation task end
06:35:58.216 [main] INFO  k.p.s.c.buildsystem.ProjectBuilder - main project[sample_test]'s message decoder file[PublicKeyReq][D:\gitsinnori\sinnori\project\sample_test\client_build\web_build\src\main\java\kr\pe\sinnori\impl\message] creation task start
06:35:58.216 [main] INFO  k.p.s.c.buildsystem.ProjectBuilder - main project[sample_test]'s message decoder file[PublicKeyReq][D:\gitsinnori\sinnori\project\sample_test\client_build\web_build\src\main\java\kr\pe\sinnori\impl\message] creation task end
06:35:58.216 [main] INFO  k.p.s.c.buildsystem.ProjectBuilder - main project[sample_test]'s message encoder file[PublicKeyReq][D:\gitsinnori\sinnori\project\sample_test\client_build\web_build\src\main\java\kr\pe\sinnori\impl\message] creation task start
06:35:58.231 [main] INFO  k.p.s.c.buildsystem.ProjectBuilder - main project[sample_test]'s message encoder file[PublicKeyReq][D:\gitsinnori\sinnori\project\sample_test\client_build\web_build\src\main\java\kr\pe\sinnori\impl\message] creation task end
06:35:58.231 [main] INFO  k.p.s.c.buildsystem.ProjectBuilder - main project[sample_test]'s message server codec file[PublicKeyReq][D:\gitsinnori\sinnori\project\sample_test\client_build\web_build\src\main\java\kr\pe\sinnori\impl\message] creation task start
06:35:58.231 [main] INFO  k.p.s.c.buildsystem.ProjectBuilder - main project[sample_test]'s message server codec file[PublicKeyReq][D:\gitsinnori\sinnori\project\sample_test\client_build\web_build\src\main\java\kr\pe\sinnori\impl\message] creation task end
06:35:58.231 [main] INFO  k.p.s.c.buildsystem.ProjectBuilder - main project[sample_test]'s message client codec file[PublicKeyReq][D:\gitsinnori\sinnori\project\sample_test\client_build\web_build\src\main\java\kr\pe\sinnori\impl\message] creation task start
06:35:58.231 [main] INFO  k.p.s.c.buildsystem.ProjectBuilder - main project[sample_test]'s message client codec file[PublicKeyReq][D:\gitsinnori\sinnori\project\sample_test\client_build\web_build\src\main\java\kr\pe\sinnori\impl\message] creation task end
06:35:58.231 [main] INFO  k.p.s.common.util.CommonStaticUtil - the new child relative direcotry[D:\gitsinnori\sinnori\project\sample_test\client_build\web_build\src\main\java\kr\pe\sinnori\impl\message][PublicKeyRes] was created successfully
06:35:58.231 [main] INFO  k.p.s.c.buildsystem.ProjectBuilder - main project[sample_test]'s message file[PublicKeyRes][D:\gitsinnori\sinnori\project\sample_test\client_build\web_build\src\main\java\kr\pe\sinnori\impl\message] creation task start
06:35:58.231 [main] INFO  k.p.s.c.buildsystem.ProjectBuilder - main project[sample_test]'s message file[PublicKeyRes][D:\gitsinnori\sinnori\project\sample_test\client_build\web_build\src\main\java\kr\pe\sinnori\impl\message] creation task end
06:35:58.231 [main] INFO  k.p.s.c.buildsystem.ProjectBuilder - main project[sample_test]'s message decoder file[PublicKeyRes][D:\gitsinnori\sinnori\project\sample_test\client_build\web_build\src\main\java\kr\pe\sinnori\impl\message] creation task start
06:35:58.247 [main] INFO  k.p.s.c.buildsystem.ProjectBuilder - main project[sample_test]'s message decoder file[PublicKeyRes][D:\gitsinnori\sinnori\project\sample_test\client_build\web_build\src\main\java\kr\pe\sinnori\impl\message] creation task end
06:35:58.247 [main] INFO  k.p.s.c.buildsystem.ProjectBuilder - main project[sample_test]'s message encoder file[PublicKeyRes][D:\gitsinnori\sinnori\project\sample_test\client_build\web_build\src\main\java\kr\pe\sinnori\impl\message] creation task start
06:35:58.247 [main] INFO  k.p.s.c.buildsystem.ProjectBuilder - main project[sample_test]'s message encoder file[PublicKeyRes][D:\gitsinnori\sinnori\project\sample_test\client_build\web_build\src\main\java\kr\pe\sinnori\impl\message] creation task end
06:35:58.247 [main] INFO  k.p.s.c.buildsystem.ProjectBuilder - main project[sample_test]'s message server codec file[PublicKeyRes][D:\gitsinnori\sinnori\project\sample_test\client_build\web_build\src\main\java\kr\pe\sinnori\impl\message] creation task start
06:35:58.247 [main] INFO  k.p.s.c.buildsystem.ProjectBuilder - main project[sample_test]'s message server codec file[PublicKeyRes][D:\gitsinnori\sinnori\project\sample_test\client_build\web_build\src\main\java\kr\pe\sinnori\impl\message] creation task end
06:35:58.247 [main] INFO  k.p.s.c.buildsystem.ProjectBuilder - main project[sample_test]'s message client codec file[PublicKeyRes][D:\gitsinnori\sinnori\project\sample_test\client_build\web_build\src\main\java\kr\pe\sinnori\impl\message] creation task start
06:35:58.247 [main] INFO  k.p.s.c.buildsystem.ProjectBuilder - main project[sample_test]'s message client codec file[PublicKeyRes][D:\gitsinnori\sinnori\project\sample_test\client_build\web_build\src\main\java\kr\pe\sinnori\impl\message] creation task end
06:35:58.247 [main] INFO  k.p.s.c.buildsystem.ProjectBuilder - main project[sample_test]'s web client message io file set creation task end
06:35:58.247 [main] INFO  k.p.s.c.buildsystem.ProjectBuilder - mainproject[sample_test]'s web client sample source files copy task start
06:35:58.310 [main] INFO  k.p.s.c.buildsystem.ProjectBuilder - mainproject[sample_test]'s web client sample source files copy task end
06:35:58.310 [main] INFO  k.p.s.c.buildsystem.ProjectBuilder - main project[sample_test]'s web client build system files creation task end
06:35:58.310 [main] INFO  k.p.s.c.buildsystem.ProjectBuilder - main project[sample_test]'s web root sample files creation task start
06:35:58.310 [main] INFO  k.p.s.c.buildsystem.ProjectBuilder - main project[sample_test]'s web root sample files copy task start
06:35:58.325 [main] INFO  k.p.s.c.buildsystem.ProjectBuilder - main project[sample_test]'s web root sample files copy task end
06:35:58.325 [main] INFO  k.p.s.c.buildsystem.ProjectBuilder - main project[sample_test]'s web root sample files creation task end
06:35:58.325 [main] INFO  k.p.s.c.buildsystem.ProjectBuilder - main project[sample_test]'s file creation task end
06:35:58.325 [main] INFO  k.p.s.c.buildsystem.ProjectBuilder - the app client ant build.xml file[D:\gitsinnori\sinnori\project\sample_test\client_build\app_build\build.xml] is bad :: whetherExist[false] isFile[false]
06:35:58.325 [main] INFO  k.p.s.c.config.SinnoriConfiguration - item key[sessionkey.rsa.publickey.file.value]'s value is null because its status is inactive
06:35:58.325 [main] INFO  k.p.s.c.config.SinnoriConfiguration - item key[sessionkey.rsa.privatekey.file.value]'s value is null because its status is inactive
06:35:58.356 [main] INFO  k.p.s.c.buildsystem.ProjectBuilder - main project[sample_test]'s child direcotry creation task start
06:35:58.356 [main] INFO  k.p.s.c.buildsystem.ProjectBuilder - main project[sample_test]'s common child direcotry creation task start
06:35:58.356 [main] INFO  k.p.s.common.util.CommonStaticUtil - the new child relative direcotry[D:\gitsinnori\sinnori\project\sample_test][config] was created successfully
06:35:58.356 [main] INFO  k.p.s.common.util.CommonStaticUtil - the new child relative direcotry[D:\gitsinnori\sinnori\project\sample_test][resources/dbcp] was created successfully
06:35:58.356 [main] INFO  k.p.s.common.util.CommonStaticUtil - the new child relative direcotry[D:\gitsinnori\sinnori\project\sample_test][resources/message_info] was created successfully
06:35:58.356 [main] INFO  k.p.s.common.util.CommonStaticUtil - the new child relative direcotry[D:\gitsinnori\sinnori\project\sample_test][resources/rsa_keypair] was created successfully
06:35:58.356 [main] INFO  k.p.s.common.util.CommonStaticUtil - the new child relative direcotry[D:\gitsinnori\sinnori\project\sample_test][log/apache] was created successfully
06:35:58.356 [main] INFO  k.p.s.common.util.CommonStaticUtil - the new child relative direcotry[D:\gitsinnori\sinnori\project\sample_test][log/client] was created successfully
06:35:58.356 [main] INFO  k.p.s.common.util.CommonStaticUtil - the new child relative direcotry[D:\gitsinnori\sinnori\project\sample_test][log/server] was created successfully
06:35:58.356 [main] INFO  k.p.s.common.util.CommonStaticUtil - the new child relative direcotry[D:\gitsinnori\sinnori\project\sample_test][log/servlet] was created successfully
06:35:58.356 [main] INFO  k.p.s.c.buildsystem.ProjectBuilder - main project[sample_test]'s common child direcotry creation task end
06:35:58.356 [main] INFO  k.p.s.c.buildsystem.ProjectBuilder - main project[sample_test]'s server child direcotry creation task start
06:35:58.356 [main] INFO  k.p.s.common.util.CommonStaticUtil - the new child relative direcotry[D:\gitsinnori\sinnori\project\sample_test][server_build/APP-INF/classes] was created successfully
06:35:58.356 [main] INFO  k.p.s.common.util.CommonStaticUtil - the new child relative direcotry[D:\gitsinnori\sinnori\project\sample_test][server_build/corelib/ex] was created successfully
06:35:58.356 [main] INFO  k.p.s.common.util.CommonStaticUtil - the new child relative direcotry[D:\gitsinnori\sinnori\project\sample_test][server_build/corelib/in] was created successfully
06:35:58.356 [main] INFO  k.p.s.common.util.CommonStaticUtil - the new child relative direcotry[D:\gitsinnori\sinnori\project\sample_test][server_build/lib/main/ex] was created successfully
06:35:58.372 [main] INFO  k.p.s.common.util.CommonStaticUtil - the new child relative direcotry[D:\gitsinnori\sinnori\project\sample_test][server_build/lib/main/in] was created successfully
06:35:58.372 [main] INFO  k.p.s.common.util.CommonStaticUtil - the new child relative direcotry[D:\gitsinnori\sinnori\project\sample_test][server_build/lib/test] was created successfully
06:35:58.372 [main] INFO  k.p.s.common.util.CommonStaticUtil - the new child relative direcotry[D:\gitsinnori\sinnori\project\sample_test][server_build/src/main/java/kr/pe/sinnori/impl/servertask] was created successfully
06:35:58.372 [main] INFO  k.p.s.common.util.CommonStaticUtil - the new child relative direcotry[D:\gitsinnori\sinnori\project\sample_test][server_build/src/main/java/kr/pe/sinnori/impl/message] was created successfully
06:35:58.372 [main] INFO  k.p.s.common.util.CommonStaticUtil - the new child relative direcotry[D:\gitsinnori\sinnori\project\sample_test][server_build/src/main/java/main] was created successfully
06:35:58.372 [main] INFO  k.p.s.common.util.CommonStaticUtil - the new child relative direcotry[D:\gitsinnori\sinnori\project\sample_test][server_build/src/test/java] was created successfully
06:35:58.372 [main] INFO  k.p.s.common.util.CommonStaticUtil - the new child relative direcotry[D:\gitsinnori\sinnori\project\sample_test][server_build/build] was created successfully
06:35:58.372 [main] INFO  k.p.s.common.util.CommonStaticUtil - the new child relative direcotry[D:\gitsinnori\sinnori\project\sample_test][server_build/dist] was created successfully
06:35:58.372 [main] INFO  k.p.s.c.buildsystem.ProjectBuilder - main project[sample_test]'s server child direcotry creation task end
06:35:58.372 [main] INFO  k.p.s.c.buildsystem.ProjectBuilder - main project[sample_test]'s child direcotry creation task end
06:35:58.372 [main] INFO  k.p.s.c.buildsystem.ProjectBuilder - main project[sample_test]'s file creation task start
06:35:58.372 [main] INFO  k.p.s.c.buildsystem.ProjectBuilder - main project[sample_test]'s config file creation task start
06:35:58.372 [main] INFO  k.p.s.c.util.SequencedPropertiesUtil - the sequenced properties file[D:\gitsinnori\sinnori\project\sample_test\config\sinnori.properties] was created
06:35:58.372 [main] INFO  k.p.s.c.buildsystem.ProjectBuilder - main project[sample_test]'s config file creation task end
06:35:58.372 [main] INFO  k.p.s.c.buildsystem.ProjectBuilder - the mainproject[sample_test]'s resources directory copy task start
06:35:58.388 [main] INFO  k.p.s.c.buildsystem.ProjectBuilder - the mainproject[sample_test]'s resources directory copy task end
06:35:58.388 [main] INFO  k.p.s.c.buildsystem.ProjectBuilder - server build system files creation task start
06:35:58.388 [main] INFO  k.p.s.c.buildsystem.ProjectBuilder - main project[sample_test]'s server ant build.xml file creation task start
06:35:58.388 [main] INFO  k.p.s.c.buildsystem.ProjectBuilder - main project[sample_test]'s server ant build.xml file creation task end
06:35:58.388 [main] INFO  k.p.s.c.buildsystem.ProjectBuilder - main project[sample_test]'s server dos shell file creation task start
06:35:58.388 [main] INFO  k.p.s.c.buildsystem.ProjectBuilder - main project[sample_test]'s server dos shell file creation task end
06:35:58.388 [main] INFO  k.p.s.c.buildsystem.ProjectBuilder - main project[sample_test]'s server unix shell file creation task start
06:35:58.388 [main] INFO  k.p.s.c.buildsystem.ProjectBuilder - main project[sample_test]'s server unix shell file creation task end
06:35:58.388 [main] INFO  k.p.s.c.buildsystem.ProjectBuilder - server sample source files copy task start
06:35:58.403 [main] INFO  k.p.s.c.buildsystem.ProjectBuilder - server sample source files copy task end
06:35:58.403 [main] INFO  k.p.s.c.buildsystem.ProjectBuilder - main project[sample_test]'s server message io file set creation task start
06:35:58.403 [main] INFO  k.p.s.common.util.CommonStaticUtil - the new child relative direcotry[D:\gitsinnori\sinnori\project\sample_test\server_build\src\main\java\kr\pe\sinnori\impl\message][Echo] was created successfully
06:35:58.403 [main] INFO  k.p.s.c.buildsystem.ProjectBuilder - main project[sample_test]'s message file[Echo][D:\gitsinnori\sinnori\project\sample_test\server_build\src\main\java\kr\pe\sinnori\impl\message] creation task start
06:35:58.403 [main] INFO  k.p.s.c.buildsystem.ProjectBuilder - main project[sample_test]'s message file[Echo][D:\gitsinnori\sinnori\project\sample_test\server_build\src\main\java\kr\pe\sinnori\impl\message] creation task end
06:35:58.403 [main] INFO  k.p.s.c.buildsystem.ProjectBuilder - main project[sample_test]'s message decoder file[Echo][D:\gitsinnori\sinnori\project\sample_test\server_build\src\main\java\kr\pe\sinnori\impl\message] creation task start
06:35:58.403 [main] INFO  k.p.s.c.buildsystem.ProjectBuilder - main project[sample_test]'s message decoder file[Echo][D:\gitsinnori\sinnori\project\sample_test\server_build\src\main\java\kr\pe\sinnori\impl\message] creation task end
06:35:58.403 [main] INFO  k.p.s.c.buildsystem.ProjectBuilder - main project[sample_test]'s message encoder file[Echo][D:\gitsinnori\sinnori\project\sample_test\server_build\src\main\java\kr\pe\sinnori\impl\message] creation task start
06:35:58.403 [main] INFO  k.p.s.c.buildsystem.ProjectBuilder - main project[sample_test]'s message encoder file[Echo][D:\gitsinnori\sinnori\project\sample_test\server_build\src\main\java\kr\pe\sinnori\impl\message] creation task end
06:35:58.403 [main] INFO  k.p.s.c.buildsystem.ProjectBuilder - main project[sample_test]'s message server codec file[Echo][D:\gitsinnori\sinnori\project\sample_test\server_build\src\main\java\kr\pe\sinnori\impl\message] creation task start
06:35:58.403 [main] INFO  k.p.s.c.buildsystem.ProjectBuilder - main project[sample_test]'s message server codec file[Echo][D:\gitsinnori\sinnori\project\sample_test\server_build\src\main\java\kr\pe\sinnori\impl\message] creation task end
06:35:58.403 [main] INFO  k.p.s.c.buildsystem.ProjectBuilder - main project[sample_test]'s message client codec file[Echo][D:\gitsinnori\sinnori\project\sample_test\server_build\src\main\java\kr\pe\sinnori\impl\message] creation task start
06:35:58.403 [main] INFO  k.p.s.c.buildsystem.ProjectBuilder - main project[sample_test]'s message client codec file[Echo][D:\gitsinnori\sinnori\project\sample_test\server_build\src\main\java\kr\pe\sinnori\impl\message] creation task end
06:35:58.481 [main] INFO  k.p.s.common.util.CommonStaticUtil - the new child relative direcotry[D:\gitsinnori\sinnori\project\sample_test\server_build\src\main\java\kr\pe\sinnori\impl\message][PublicKeyReq] was created successfully
06:35:58.481 [main] INFO  k.p.s.c.buildsystem.ProjectBuilder - main project[sample_test]'s message file[PublicKeyReq][D:\gitsinnori\sinnori\project\sample_test\server_build\src\main\java\kr\pe\sinnori\impl\message] creation task start
06:35:58.481 [main] INFO  k.p.s.c.buildsystem.ProjectBuilder - main project[sample_test]'s message file[PublicKeyReq][D:\gitsinnori\sinnori\project\sample_test\server_build\src\main\java\kr\pe\sinnori\impl\message] creation task end
06:35:58.481 [main] INFO  k.p.s.c.buildsystem.ProjectBuilder - main project[sample_test]'s message decoder file[PublicKeyReq][D:\gitsinnori\sinnori\project\sample_test\server_build\src\main\java\kr\pe\sinnori\impl\message] creation task start
06:35:58.497 [main] INFO  k.p.s.c.buildsystem.ProjectBuilder - main project[sample_test]'s message decoder file[PublicKeyReq][D:\gitsinnori\sinnori\project\sample_test\server_build\src\main\java\kr\pe\sinnori\impl\message] creation task end
06:35:58.497 [main] INFO  k.p.s.c.buildsystem.ProjectBuilder - main project[sample_test]'s message encoder file[PublicKeyReq][D:\gitsinnori\sinnori\project\sample_test\server_build\src\main\java\kr\pe\sinnori\impl\message] creation task start
06:35:58.513 [main] INFO  k.p.s.c.buildsystem.ProjectBuilder - main project[sample_test]'s message encoder file[PublicKeyReq][D:\gitsinnori\sinnori\project\sample_test\server_build\src\main\java\kr\pe\sinnori\impl\message] creation task end
06:35:58.513 [main] INFO  k.p.s.c.buildsystem.ProjectBuilder - main project[sample_test]'s message server codec file[PublicKeyReq][D:\gitsinnori\sinnori\project\sample_test\server_build\src\main\java\kr\pe\sinnori\impl\message] creation task start
06:35:58.513 [main] INFO  k.p.s.c.buildsystem.ProjectBuilder - main project[sample_test]'s message server codec file[PublicKeyReq][D:\gitsinnori\sinnori\project\sample_test\server_build\src\main\java\kr\pe\sinnori\impl\message] creation task end
06:35:58.513 [main] INFO  k.p.s.c.buildsystem.ProjectBuilder - main project[sample_test]'s message client codec file[PublicKeyReq][D:\gitsinnori\sinnori\project\sample_test\server_build\src\main\java\kr\pe\sinnori\impl\message] creation task start
06:35:58.513 [main] INFO  k.p.s.c.buildsystem.ProjectBuilder - main project[sample_test]'s message client codec file[PublicKeyReq][D:\gitsinnori\sinnori\project\sample_test\server_build\src\main\java\kr\pe\sinnori\impl\message] creation task end
06:35:58.513 [main] INFO  k.p.s.common.util.CommonStaticUtil - the new child relative direcotry[D:\gitsinnori\sinnori\project\sample_test\server_build\src\main\java\kr\pe\sinnori\impl\message][PublicKeyRes] was created successfully
06:35:58.513 [main] INFO  k.p.s.c.buildsystem.ProjectBuilder - main project[sample_test]'s message file[PublicKeyRes][D:\gitsinnori\sinnori\project\sample_test\server_build\src\main\java\kr\pe\sinnori\impl\message] creation task start
06:35:58.513 [main] INFO  k.p.s.c.buildsystem.ProjectBuilder - main project[sample_test]'s message file[PublicKeyRes][D:\gitsinnori\sinnori\project\sample_test\server_build\src\main\java\kr\pe\sinnori\impl\message] creation task end
06:35:58.513 [main] INFO  k.p.s.c.buildsystem.ProjectBuilder - main project[sample_test]'s message decoder file[PublicKeyRes][D:\gitsinnori\sinnori\project\sample_test\server_build\src\main\java\kr\pe\sinnori\impl\message] creation task start
06:35:58.528 [main] INFO  k.p.s.c.buildsystem.ProjectBuilder - main project[sample_test]'s message decoder file[PublicKeyRes][D:\gitsinnori\sinnori\project\sample_test\server_build\src\main\java\kr\pe\sinnori\impl\message] creation task end
06:35:58.528 [main] INFO  k.p.s.c.buildsystem.ProjectBuilder - main project[sample_test]'s message encoder file[PublicKeyRes][D:\gitsinnori\sinnori\project\sample_test\server_build\src\main\java\kr\pe\sinnori\impl\message] creation task start
06:35:58.528 [main] INFO  k.p.s.c.buildsystem.ProjectBuilder - main project[sample_test]'s message encoder file[PublicKeyRes][D:\gitsinnori\sinnori\project\sample_test\server_build\src\main\java\kr\pe\sinnori\impl\message] creation task end
06:35:58.528 [main] INFO  k.p.s.c.buildsystem.ProjectBuilder - main project[sample_test]'s message server codec file[PublicKeyRes][D:\gitsinnori\sinnori\project\sample_test\server_build\src\main\java\kr\pe\sinnori\impl\message] creation task start
06:35:58.528 [main] INFO  k.p.s.c.buildsystem.ProjectBuilder - main project[sample_test]'s message server codec file[PublicKeyRes][D:\gitsinnori\sinnori\project\sample_test\server_build\src\main\java\kr\pe\sinnori\impl\message] creation task end
06:35:58.528 [main] INFO  k.p.s.c.buildsystem.ProjectBuilder - main project[sample_test]'s message client codec file[PublicKeyRes][D:\gitsinnori\sinnori\project\sample_test\server_build\src\main\java\kr\pe\sinnori\impl\message] creation task start
06:35:58.528 [main] INFO  k.p.s.c.buildsystem.ProjectBuilder - main project[sample_test]'s message client codec file[PublicKeyRes][D:\gitsinnori\sinnori\project\sample_test\server_build\src\main\java\kr\pe\sinnori\impl\message] creation task end
06:35:58.528 [main] INFO  k.p.s.c.buildsystem.ProjectBuilder - main project[sample_test]'s server message io file set creation task end
06:35:58.528 [main] INFO  k.p.s.c.buildsystem.ProjectBuilder - server build system files creation task end
06:35:58.528 [main] INFO  k.p.s.c.buildsystem.ProjectBuilder - main project[sample_test]'s file creation task end
06:35:58.528 [main] INFO  k.p.s.c.buildsystem.ProjectBuilder - the app client ant build.xml file[D:\gitsinnori\sinnori\project\sample_test\client_build\app_build\build.xml] is bad :: whetherExist[false] isFile[false]
06:35:58.528 [main] INFO  k.p.s.c.buildsystem.ProjectBuilder - the web client ant build.xml file[D:\gitsinnori\sinnori\project\sample_test\client_build\web_build\build.xml] is bad :: whetherExist[false] isFile[false]
06:35:58.528 [main] INFO  k.p.s.c.config.SinnoriConfiguration - item key[sessionkey.rsa.publickey.file.value]'s value is null because its status is inactive
06:35:58.528 [main] INFO  k.p.s.c.config.SinnoriConfiguration - item key[sessionkey.rsa.privatekey.file.value]'s value is null because its status is inactive
06:35:58.544 [main] INFO  k.p.s.c.buildsystem.ProjectBuilder - main project[sample_test]'s child direcotry creation task start
06:35:58.544 [main] INFO  k.p.s.c.buildsystem.ProjectBuilder - main project[sample_test]'s common child direcotry creation task start
06:35:58.544 [main] INFO  k.p.s.common.util.CommonStaticUtil - the new child relative direcotry[D:\gitsinnori\sinnori\project\sample_test][config] was created successfully
06:35:58.544 [main] INFO  k.p.s.common.util.CommonStaticUtil - the new child relative direcotry[D:\gitsinnori\sinnori\project\sample_test][resources/dbcp] was created successfully
06:35:58.544 [main] INFO  k.p.s.common.util.CommonStaticUtil - the new child relative direcotry[D:\gitsinnori\sinnori\project\sample_test][resources/message_info] was created successfully
06:35:58.544 [main] INFO  k.p.s.common.util.CommonStaticUtil - the new child relative direcotry[D:\gitsinnori\sinnori\project\sample_test][resources/rsa_keypair] was created successfully
06:35:58.544 [main] INFO  k.p.s.common.util.CommonStaticUtil - the new child relative direcotry[D:\gitsinnori\sinnori\project\sample_test][log/apache] was created successfully
06:35:58.544 [main] INFO  k.p.s.common.util.CommonStaticUtil - the new child relative direcotry[D:\gitsinnori\sinnori\project\sample_test][log/client] was created successfully
06:35:58.560 [main] INFO  k.p.s.common.util.CommonStaticUtil - the new child relative direcotry[D:\gitsinnori\sinnori\project\sample_test][log/server] was created successfully
06:35:58.560 [main] INFO  k.p.s.common.util.CommonStaticUtil - the new child relative direcotry[D:\gitsinnori\sinnori\project\sample_test][log/servlet] was created successfully
06:35:58.560 [main] INFO  k.p.s.c.buildsystem.ProjectBuilder - main project[sample_test]'s common child direcotry creation task end
06:35:58.560 [main] INFO  k.p.s.c.buildsystem.ProjectBuilder - main project[sample_test]'s application build child direcotry creation task start
06:35:58.560 [main] INFO  k.p.s.common.util.CommonStaticUtil - the new child relative direcotry[D:\gitsinnori\sinnori\project\sample_test][client_build/app_build/corelib/ex] was created successfully
06:35:58.560 [main] INFO  k.p.s.common.util.CommonStaticUtil - the new child relative direcotry[D:\gitsinnori\sinnori\project\sample_test][client_build/app_build/corelib/in] was created successfully
06:35:58.560 [main] INFO  k.p.s.common.util.CommonStaticUtil - the new child relative direcotry[D:\gitsinnori\sinnori\project\sample_test][client_build/app_build/lib/main/ex] was created successfully
06:35:58.560 [main] INFO  k.p.s.common.util.CommonStaticUtil - the new child relative direcotry[D:\gitsinnori\sinnori\project\sample_test][client_build/app_build/lib/main/in] was created successfully
06:35:58.560 [main] INFO  k.p.s.common.util.CommonStaticUtil - the new child relative direcotry[D:\gitsinnori\sinnori\project\sample_test][client_build/app_build/lib/test] was created successfully
06:35:58.560 [main] INFO  k.p.s.common.util.CommonStaticUtil - the new child relative direcotry[D:\gitsinnori\sinnori\project\sample_test][client_build/app_build/src/main/java/kr/pe/sinnori/impl/message] was created successfully
06:35:58.560 [main] INFO  k.p.s.common.util.CommonStaticUtil - the new child relative direcotry[D:\gitsinnori\sinnori\project\sample_test][client_build/app_build/src/main/java/main] was created successfully
06:35:58.560 [main] INFO  k.p.s.common.util.CommonStaticUtil - the new child relative direcotry[D:\gitsinnori\sinnori\project\sample_test][client_build/app_build/src/test/java] was created successfully
06:35:58.560 [main] INFO  k.p.s.common.util.CommonStaticUtil - the new child relative direcotry[D:\gitsinnori\sinnori\project\sample_test][client_build/app_build/build] was created successfully
06:35:58.560 [main] INFO  k.p.s.common.util.CommonStaticUtil - the new child relative direcotry[D:\gitsinnori\sinnori\project\sample_test][client_build/app_build/dist] was created successfully
06:35:58.560 [main] INFO  k.p.s.c.buildsystem.ProjectBuilder - main project[sample_test]'s application build child direcotry creation task end
06:35:58.560 [main] INFO  k.p.s.c.buildsystem.ProjectBuilder - main project[sample_test]'s web build child direcotry creation task start
06:35:58.560 [main] INFO  k.p.s.common.util.CommonStaticUtil - the new child relative direcotry[D:\gitsinnori\sinnori\project\sample_test][client_build/web_build/corelib/ex] was created successfully
06:35:58.560 [main] INFO  k.p.s.common.util.CommonStaticUtil - the new child relative direcotry[D:\gitsinnori\sinnori\project\sample_test][client_build/web_build/corelib/in] was created successfully
06:35:58.560 [main] INFO  k.p.s.common.util.CommonStaticUtil - the new child relative direcotry[D:\gitsinnori\sinnori\project\sample_test][client_build/web_build/lib/main/ex] was created successfully
06:35:58.560 [main] INFO  k.p.s.common.util.CommonStaticUtil - the new child relative direcotry[D:\gitsinnori\sinnori\project\sample_test][client_build/web_build/lib/main/in] was created successfully
06:35:58.560 [main] INFO  k.p.s.common.util.CommonStaticUtil - the new child relative direcotry[D:\gitsinnori\sinnori\project\sample_test][client_build/web_build/lib/test] was created successfully
06:35:58.575 [main] INFO  k.p.s.common.util.CommonStaticUtil - the new child relative direcotry[D:\gitsinnori\sinnori\project\sample_test][client_build/web_build/src/main/java/kr/pe/sinnori/impl/message] was created successfully
06:35:58.575 [main] INFO  k.p.s.common.util.CommonStaticUtil - the new child relative direcotry[D:\gitsinnori\sinnori\project\sample_test][client_build/web_build/src/main/java//kr/pe/sinnori/servlet] was created successfully
06:35:58.575 [main] INFO  k.p.s.common.util.CommonStaticUtil - the new child relative direcotry[D:\gitsinnori\sinnori\project\sample_test][client_build/web_build/src/main/java/kr/pe/sinnori/weblib/common] was created successfully
06:35:58.575 [main] INFO  k.p.s.common.util.CommonStaticUtil - the new child relative direcotry[D:\gitsinnori\sinnori\project\sample_test][client_build/web_build/src/main/java/kr/pe/sinnori/weblib/htmlstring] was created successfully
06:35:58.575 [main] INFO  k.p.s.common.util.CommonStaticUtil - the new child relative direcotry[D:\gitsinnori\sinnori\project\sample_test][client_build/web_build/src/main/java/kr/pe/sinnori/weblib/jdf] was created successfully
06:35:58.575 [main] INFO  k.p.s.common.util.CommonStaticUtil - the new child relative direcotry[D:\gitsinnori\sinnori\project\sample_test][client_build/web_build/src/test/java] was created successfully
06:35:58.575 [main] INFO  k.p.s.common.util.CommonStaticUtil - the new child relative direcotry[D:\gitsinnori\sinnori\project\sample_test][client_build/web_build/build] was created successfully
06:35:58.575 [main] INFO  k.p.s.common.util.CommonStaticUtil - the new child relative direcotry[D:\gitsinnori\sinnori\project\sample_test][client_build/web_build/dist] was created successfully
06:35:58.575 [main] INFO  k.p.s.c.buildsystem.ProjectBuilder - main project[sample_test]'s web build child direcotry creation task end
06:35:58.575 [main] INFO  k.p.s.c.buildsystem.ProjectBuilder - main project[sample_test]'s web root child direcotry creation task start
06:35:58.575 [main] INFO  k.p.s.common.util.CommonStaticUtil - the new child relative direcotry[D:\gitsinnori\sinnori\project\sample_test][web_app_base/upload] was created successfully
06:35:58.575 [main] INFO  k.p.s.common.util.CommonStaticUtil - the new child relative direcotry[D:\gitsinnori\sinnori\project\sample_test][web_app_base/ROOT/WEB-INF/classes] was created successfully
06:35:58.575 [main] INFO  k.p.s.common.util.CommonStaticUtil - the new child relative direcotry[D:\gitsinnori\sinnori\project\sample_test][web_app_base/ROOT/WEB-INF/lib] was created successfully
06:35:58.575 [main] INFO  k.p.s.c.buildsystem.ProjectBuilder - main project[sample_test]'s web root child direcotry creation task end
06:35:58.575 [main] INFO  k.p.s.c.buildsystem.ProjectBuilder - main project[sample_test]'s child direcotry creation task end
06:35:58.575 [main] INFO  k.p.s.c.buildsystem.ProjectBuilder - main project[sample_test]'s file creation task start
06:35:58.575 [main] INFO  k.p.s.c.buildsystem.ProjectBuilder - main project[sample_test]'s config file creation task start
06:35:58.575 [main] INFO  k.p.s.c.util.SequencedPropertiesUtil - the sequenced properties file[D:\gitsinnori\sinnori\project\sample_test\config\sinnori.properties] was created
06:35:58.575 [main] INFO  k.p.s.c.buildsystem.ProjectBuilder - main project[sample_test]'s config file creation task end
06:35:58.575 [main] INFO  k.p.s.c.buildsystem.ProjectBuilder - the mainproject[sample_test]'s resources directory copy task start
06:35:58.591 [main] INFO  k.p.s.c.buildsystem.ProjectBuilder - the mainproject[sample_test]'s resources directory copy task end
06:35:58.591 [main] INFO  k.p.s.c.buildsystem.ProjectBuilder - mainproject[sample_test]'s application client build system files creation task start
06:35:58.591 [main] INFO  k.p.s.c.buildsystem.ProjectBuilder - main project[sample_test]'s application client ant build.xml file creation task start
06:35:58.607 [main] INFO  k.p.s.c.buildsystem.ProjectBuilder - main project[sample_test]'s application client ant build.xml file creation task end
06:35:58.607 [main] INFO  k.p.s.c.buildsystem.ProjectBuilder - main project[sample_test]'s application client dos shell file creation task start
06:35:58.607 [main] INFO  k.p.s.c.buildsystem.ProjectBuilder - main project[sample_test]'s application client dos shell file creation task end
06:35:58.607 [main] INFO  k.p.s.c.buildsystem.ProjectBuilder - main project[sample_test]'s application client unix shell file creation task start
06:35:58.607 [main] INFO  k.p.s.c.buildsystem.ProjectBuilder - main project[sample_test]'s application client unix shell file creation task end
06:35:58.607 [main] INFO  k.p.s.c.buildsystem.ProjectBuilder - application client sample source files copy task start
06:35:58.607 [main] INFO  k.p.s.c.buildsystem.ProjectBuilder - application client sample source files copy task end
06:35:58.607 [main] INFO  k.p.s.c.buildsystem.ProjectBuilder - main project[sample_test]'s application client message io file set creation task start
06:35:58.607 [main] INFO  k.p.s.common.util.CommonStaticUtil - the new child relative direcotry[D:\gitsinnori\sinnori\project\sample_test\client_build\app_build\src\main\java\kr\pe\sinnori\impl\message][Echo] was created successfully
06:35:58.607 [main] INFO  k.p.s.c.buildsystem.ProjectBuilder - main project[sample_test]'s message file[Echo][D:\gitsinnori\sinnori\project\sample_test\client_build\app_build\src\main\java\kr\pe\sinnori\impl\message] creation task start
06:35:58.607 [main] INFO  k.p.s.c.buildsystem.ProjectBuilder - main project[sample_test]'s message file[Echo][D:\gitsinnori\sinnori\project\sample_test\client_build\app_build\src\main\java\kr\pe\sinnori\impl\message] creation task end
06:35:58.607 [main] INFO  k.p.s.c.buildsystem.ProjectBuilder - main project[sample_test]'s message decoder file[Echo][D:\gitsinnori\sinnori\project\sample_test\client_build\app_build\src\main\java\kr\pe\sinnori\impl\message] creation task start
06:35:58.607 [main] INFO  k.p.s.c.buildsystem.ProjectBuilder - main project[sample_test]'s message decoder file[Echo][D:\gitsinnori\sinnori\project\sample_test\client_build\app_build\src\main\java\kr\pe\sinnori\impl\message] creation task end
06:35:58.607 [main] INFO  k.p.s.c.buildsystem.ProjectBuilder - main project[sample_test]'s message encoder file[Echo][D:\gitsinnori\sinnori\project\sample_test\client_build\app_build\src\main\java\kr\pe\sinnori\impl\message] creation task start
06:35:58.622 [main] INFO  k.p.s.c.buildsystem.ProjectBuilder - main project[sample_test]'s message encoder file[Echo][D:\gitsinnori\sinnori\project\sample_test\client_build\app_build\src\main\java\kr\pe\sinnori\impl\message] creation task end
06:35:58.622 [main] INFO  k.p.s.c.buildsystem.ProjectBuilder - main project[sample_test]'s message server codec file[Echo][D:\gitsinnori\sinnori\project\sample_test\client_build\app_build\src\main\java\kr\pe\sinnori\impl\message] creation task start
06:35:58.622 [main] INFO  k.p.s.c.buildsystem.ProjectBuilder - main project[sample_test]'s message server codec file[Echo][D:\gitsinnori\sinnori\project\sample_test\client_build\app_build\src\main\java\kr\pe\sinnori\impl\message] creation task end
06:35:58.622 [main] INFO  k.p.s.c.buildsystem.ProjectBuilder - main project[sample_test]'s message client codec file[Echo][D:\gitsinnori\sinnori\project\sample_test\client_build\app_build\src\main\java\kr\pe\sinnori\impl\message] creation task start
06:35:58.622 [main] INFO  k.p.s.c.buildsystem.ProjectBuilder - main project[sample_test]'s message client codec file[Echo][D:\gitsinnori\sinnori\project\sample_test\client_build\app_build\src\main\java\kr\pe\sinnori\impl\message] creation task end
06:35:58.700 [main] INFO  k.p.s.common.util.CommonStaticUtil - the new child relative direcotry[D:\gitsinnori\sinnori\project\sample_test\client_build\app_build\src\main\java\kr\pe\sinnori\impl\message][PublicKeyReq] was created successfully
06:35:58.700 [main] INFO  k.p.s.c.buildsystem.ProjectBuilder - main project[sample_test]'s message file[PublicKeyReq][D:\gitsinnori\sinnori\project\sample_test\client_build\app_build\src\main\java\kr\pe\sinnori\impl\message] creation task start
06:35:58.700 [main] INFO  k.p.s.c.buildsystem.ProjectBuilder - main project[sample_test]'s message file[PublicKeyReq][D:\gitsinnori\sinnori\project\sample_test\client_build\app_build\src\main\java\kr\pe\sinnori\impl\message] creation task end
06:35:58.700 [main] INFO  k.p.s.c.buildsystem.ProjectBuilder - main project[sample_test]'s message decoder file[PublicKeyReq][D:\gitsinnori\sinnori\project\sample_test\client_build\app_build\src\main\java\kr\pe\sinnori\impl\message] creation task start
06:35:58.716 [main] INFO  k.p.s.c.buildsystem.ProjectBuilder - main project[sample_test]'s message decoder file[PublicKeyReq][D:\gitsinnori\sinnori\project\sample_test\client_build\app_build\src\main\java\kr\pe\sinnori\impl\message] creation task end
06:35:58.716 [main] INFO  k.p.s.c.buildsystem.ProjectBuilder - main project[sample_test]'s message encoder file[PublicKeyReq][D:\gitsinnori\sinnori\project\sample_test\client_build\app_build\src\main\java\kr\pe\sinnori\impl\message] creation task start
06:35:58.716 [main] INFO  k.p.s.c.buildsystem.ProjectBuilder - main project[sample_test]'s message encoder file[PublicKeyReq][D:\gitsinnori\sinnori\project\sample_test\client_build\app_build\src\main\java\kr\pe\sinnori\impl\message] creation task end
06:35:58.716 [main] INFO  k.p.s.c.buildsystem.ProjectBuilder - main project[sample_test]'s message server codec file[PublicKeyReq][D:\gitsinnori\sinnori\project\sample_test\client_build\app_build\src\main\java\kr\pe\sinnori\impl\message] creation task start
06:35:58.716 [main] INFO  k.p.s.c.buildsystem.ProjectBuilder - main project[sample_test]'s message server codec file[PublicKeyReq][D:\gitsinnori\sinnori\project\sample_test\client_build\app_build\src\main\java\kr\pe\sinnori\impl\message] creation task end
06:35:58.716 [main] INFO  k.p.s.c.buildsystem.ProjectBuilder - main project[sample_test]'s message client codec file[PublicKeyReq][D:\gitsinnori\sinnori\project\sample_test\client_build\app_build\src\main\java\kr\pe\sinnori\impl\message] creation task start
06:35:58.731 [main] INFO  k.p.s.c.buildsystem.ProjectBuilder - main project[sample_test]'s message client codec file[PublicKeyReq][D:\gitsinnori\sinnori\project\sample_test\client_build\app_build\src\main\java\kr\pe\sinnori\impl\message] creation task end
06:35:58.731 [main] INFO  k.p.s.common.util.CommonStaticUtil - the new child relative direcotry[D:\gitsinnori\sinnori\project\sample_test\client_build\app_build\src\main\java\kr\pe\sinnori\impl\message][PublicKeyRes] was created successfully
06:35:58.731 [main] INFO  k.p.s.c.buildsystem.ProjectBuilder - main project[sample_test]'s message file[PublicKeyRes][D:\gitsinnori\sinnori\project\sample_test\client_build\app_build\src\main\java\kr\pe\sinnori\impl\message] creation task start
06:35:58.731 [main] INFO  k.p.s.c.buildsystem.ProjectBuilder - main project[sample_test]'s message file[PublicKeyRes][D:\gitsinnori\sinnori\project\sample_test\client_build\app_build\src\main\java\kr\pe\sinnori\impl\message] creation task end
06:35:58.731 [main] INFO  k.p.s.c.buildsystem.ProjectBuilder - main project[sample_test]'s message decoder file[PublicKeyRes][D:\gitsinnori\sinnori\project\sample_test\client_build\app_build\src\main\java\kr\pe\sinnori\impl\message] creation task start
06:35:58.747 [main] INFO  k.p.s.c.buildsystem.ProjectBuilder - main project[sample_test]'s message decoder file[PublicKeyRes][D:\gitsinnori\sinnori\project\sample_test\client_build\app_build\src\main\java\kr\pe\sinnori\impl\message] creation task end
06:35:58.747 [main] INFO  k.p.s.c.buildsystem.ProjectBuilder - main project[sample_test]'s message encoder file[PublicKeyRes][D:\gitsinnori\sinnori\project\sample_test\client_build\app_build\src\main\java\kr\pe\sinnori\impl\message] creation task start
06:35:58.747 [main] INFO  k.p.s.c.buildsystem.ProjectBuilder - main project[sample_test]'s message encoder file[PublicKeyRes][D:\gitsinnori\sinnori\project\sample_test\client_build\app_build\src\main\java\kr\pe\sinnori\impl\message] creation task end
06:35:58.747 [main] INFO  k.p.s.c.buildsystem.ProjectBuilder - main project[sample_test]'s message server codec file[PublicKeyRes][D:\gitsinnori\sinnori\project\sample_test\client_build\app_build\src\main\java\kr\pe\sinnori\impl\message] creation task start
06:35:58.747 [main] INFO  k.p.s.c.buildsystem.ProjectBuilder - main project[sample_test]'s message server codec file[PublicKeyRes][D:\gitsinnori\sinnori\project\sample_test\client_build\app_build\src\main\java\kr\pe\sinnori\impl\message] creation task end
06:35:58.747 [main] INFO  k.p.s.c.buildsystem.ProjectBuilder - main project[sample_test]'s message client codec file[PublicKeyRes][D:\gitsinnori\sinnori\project\sample_test\client_build\app_build\src\main\java\kr\pe\sinnori\impl\message] creation task start
06:35:58.747 [main] INFO  k.p.s.c.buildsystem.ProjectBuilder - main project[sample_test]'s message client codec file[PublicKeyRes][D:\gitsinnori\sinnori\project\sample_test\client_build\app_build\src\main\java\kr\pe\sinnori\impl\message] creation task end
06:35:58.747 [main] INFO  k.p.s.c.buildsystem.ProjectBuilder - main project[sample_test]'s application client message io file set creation task end
06:35:58.747 [main] INFO  k.p.s.c.buildsystem.ProjectBuilder - mainproject[sample_test]'s application client build system files creation task end
06:35:58.747 [main] INFO  k.p.s.c.buildsystem.ProjectBuilder - main project[sample_test]'s web client build system files creation task start
06:35:58.747 [main] INFO  k.p.s.c.buildsystem.ProjectBuilder - main project[sample_test]'s web client ant build.xml file creation task start
06:35:58.747 [main] INFO  k.p.s.c.buildsystem.ProjectBuilder - main project[sample_test]'s web client ant build.xml file creation task end
06:35:58.747 [main] INFO  k.p.s.c.buildsystem.ProjectBuilder - main project[sample_test]'s web client ant properties file creation task start
06:35:58.747 [main] INFO  k.p.s.c.util.SequencedPropertiesUtil - the sequenced properties file[D:\gitsinnori\sinnori\project\sample_test\client_build\web_build\webAnt.properties] was created
06:35:58.747 [main] INFO  k.p.s.c.buildsystem.ProjectBuilder - main project[sample_test]'s web client ant properties file creation task end
06:35:58.747 [main] INFO  k.p.s.c.buildsystem.ProjectBuilder - main project[sample_test]'s web client message io file set creation task start
06:35:58.747 [main] INFO  k.p.s.common.util.CommonStaticUtil - the new child relative direcotry[D:\gitsinnori\sinnori\project\sample_test\client_build\web_build\src\main\java\kr\pe\sinnori\impl\message][Echo] was created successfully
06:35:58.747 [main] INFO  k.p.s.c.buildsystem.ProjectBuilder - main project[sample_test]'s message file[Echo][D:\gitsinnori\sinnori\project\sample_test\client_build\web_build\src\main\java\kr\pe\sinnori\impl\message] creation task start
06:35:58.763 [main] INFO  k.p.s.c.buildsystem.ProjectBuilder - main project[sample_test]'s message file[Echo][D:\gitsinnori\sinnori\project\sample_test\client_build\web_build\src\main\java\kr\pe\sinnori\impl\message] creation task end
06:35:58.763 [main] INFO  k.p.s.c.buildsystem.ProjectBuilder - main project[sample_test]'s message decoder file[Echo][D:\gitsinnori\sinnori\project\sample_test\client_build\web_build\src\main\java\kr\pe\sinnori\impl\message] creation task start
06:35:58.763 [main] INFO  k.p.s.c.buildsystem.ProjectBuilder - main project[sample_test]'s message decoder file[Echo][D:\gitsinnori\sinnori\project\sample_test\client_build\web_build\src\main\java\kr\pe\sinnori\impl\message] creation task end
06:35:58.763 [main] INFO  k.p.s.c.buildsystem.ProjectBuilder - main project[sample_test]'s message encoder file[Echo][D:\gitsinnori\sinnori\project\sample_test\client_build\web_build\src\main\java\kr\pe\sinnori\impl\message] creation task start
06:35:58.763 [main] INFO  k.p.s.c.buildsystem.ProjectBuilder - main project[sample_test]'s message encoder file[Echo][D:\gitsinnori\sinnori\project\sample_test\client_build\web_build\src\main\java\kr\pe\sinnori\impl\message] creation task end
06:35:58.853 [main] INFO  k.p.s.c.buildsystem.ProjectBuilder - main project[sample_test]'s message server codec file[Echo][D:\gitsinnori\sinnori\project\sample_test\client_build\web_build\src\main\java\kr\pe\sinnori\impl\message] creation task start
06:35:58.853 [main] INFO  k.p.s.c.buildsystem.ProjectBuilder - main project[sample_test]'s message server codec file[Echo][D:\gitsinnori\sinnori\project\sample_test\client_build\web_build\src\main\java\kr\pe\sinnori\impl\message] creation task end
06:35:58.853 [main] INFO  k.p.s.c.buildsystem.ProjectBuilder - main project[sample_test]'s message client codec file[Echo][D:\gitsinnori\sinnori\project\sample_test\client_build\web_build\src\main\java\kr\pe\sinnori\impl\message] creation task start
06:35:58.853 [main] INFO  k.p.s.c.buildsystem.ProjectBuilder - main project[sample_test]'s message client codec file[Echo][D:\gitsinnori\sinnori\project\sample_test\client_build\web_build\src\main\java\kr\pe\sinnori\impl\message] creation task end
06:35:58.853 [main] INFO  k.p.s.common.util.CommonStaticUtil - the new child relative direcotry[D:\gitsinnori\sinnori\project\sample_test\client_build\web_build\src\main\java\kr\pe\sinnori\impl\message][PublicKeyReq] was created successfully
06:35:58.853 [main] INFO  k.p.s.c.buildsystem.ProjectBuilder - main project[sample_test]'s message file[PublicKeyReq][D:\gitsinnori\sinnori\project\sample_test\client_build\web_build\src\main\java\kr\pe\sinnori\impl\message] creation task start
06:35:58.869 [main] INFO  k.p.s.c.buildsystem.ProjectBuilder - main project[sample_test]'s message file[PublicKeyReq][D:\gitsinnori\sinnori\project\sample_test\client_build\web_build\src\main\java\kr\pe\sinnori\impl\message] creation task end
06:35:58.869 [main] INFO  k.p.s.c.buildsystem.ProjectBuilder - main project[sample_test]'s message decoder file[PublicKeyReq][D:\gitsinnori\sinnori\project\sample_test\client_build\web_build\src\main\java\kr\pe\sinnori\impl\message] creation task start
06:35:58.869 [main] INFO  k.p.s.c.buildsystem.ProjectBuilder - main project[sample_test]'s message decoder file[PublicKeyReq][D:\gitsinnori\sinnori\project\sample_test\client_build\web_build\src\main\java\kr\pe\sinnori\impl\message] creation task end
06:35:58.869 [main] INFO  k.p.s.c.buildsystem.ProjectBuilder - main project[sample_test]'s message encoder file[PublicKeyReq][D:\gitsinnori\sinnori\project\sample_test\client_build\web_build\src\main\java\kr\pe\sinnori\impl\message] creation task start
06:35:58.869 [main] INFO  k.p.s.c.buildsystem.ProjectBuilder - main project[sample_test]'s message encoder file[PublicKeyReq][D:\gitsinnori\sinnori\project\sample_test\client_build\web_build\src\main\java\kr\pe\sinnori\impl\message] creation task end
06:35:58.869 [main] INFO  k.p.s.c.buildsystem.ProjectBuilder - main project[sample_test]'s message server codec file[PublicKeyReq][D:\gitsinnori\sinnori\project\sample_test\client_build\web_build\src\main\java\kr\pe\sinnori\impl\message] creation task start
06:35:58.869 [main] INFO  k.p.s.c.buildsystem.ProjectBuilder - main project[sample_test]'s message server codec file[PublicKeyReq][D:\gitsinnori\sinnori\project\sample_test\client_build\web_build\src\main\java\kr\pe\sinnori\impl\message] creation task end
06:35:58.869 [main] INFO  k.p.s.c.buildsystem.ProjectBuilder - main project[sample_test]'s message client codec file[PublicKeyReq][D:\gitsinnori\sinnori\project\sample_test\client_build\web_build\src\main\java\kr\pe\sinnori\impl\message] creation task start
06:35:58.869 [main] INFO  k.p.s.c.buildsystem.ProjectBuilder - main project[sample_test]'s message client codec file[PublicKeyReq][D:\gitsinnori\sinnori\project\sample_test\client_build\web_build\src\main\java\kr\pe\sinnori\impl\message] creation task end
06:35:58.869 [main] INFO  k.p.s.common.util.CommonStaticUtil - the new child relative direcotry[D:\gitsinnori\sinnori\project\sample_test\client_build\web_build\src\main\java\kr\pe\sinnori\impl\message][PublicKeyRes] was created successfully
06:35:58.869 [main] INFO  k.p.s.c.buildsystem.ProjectBuilder - main project[sample_test]'s message file[PublicKeyRes][D:\gitsinnori\sinnori\project\sample_test\client_build\web_build\src\main\java\kr\pe\sinnori\impl\message] creation task start
06:35:58.884 [main] INFO  k.p.s.c.buildsystem.ProjectBuilder - main project[sample_test]'s message file[PublicKeyRes][D:\gitsinnori\sinnori\project\sample_test\client_build\web_build\src\main\java\kr\pe\sinnori\impl\message] creation task end
06:35:58.884 [main] INFO  k.p.s.c.buildsystem.ProjectBuilder - main project[sample_test]'s message decoder file[PublicKeyRes][D:\gitsinnori\sinnori\project\sample_test\client_build\web_build\src\main\java\kr\pe\sinnori\impl\message] creation task start
06:35:58.884 [main] INFO  k.p.s.c.buildsystem.ProjectBuilder - main project[sample_test]'s message decoder file[PublicKeyRes][D:\gitsinnori\sinnori\project\sample_test\client_build\web_build\src\main\java\kr\pe\sinnori\impl\message] creation task end
06:35:58.884 [main] INFO  k.p.s.c.buildsystem.ProjectBuilder - main project[sample_test]'s message encoder file[PublicKeyRes][D:\gitsinnori\sinnori\project\sample_test\client_build\web_build\src\main\java\kr\pe\sinnori\impl\message] creation task start
06:35:58.884 [main] INFO  k.p.s.c.buildsystem.ProjectBuilder - main project[sample_test]'s message encoder file[PublicKeyRes][D:\gitsinnori\sinnori\project\sample_test\client_build\web_build\src\main\java\kr\pe\sinnori\impl\message] creation task end
06:35:58.884 [main] INFO  k.p.s.c.buildsystem.ProjectBuilder - main project[sample_test]'s message server codec file[PublicKeyRes][D:\gitsinnori\sinnori\project\sample_test\client_build\web_build\src\main\java\kr\pe\sinnori\impl\message] creation task start
06:35:58.900 [main] INFO  k.p.s.c.buildsystem.ProjectBuilder - main project[sample_test]'s message server codec file[PublicKeyRes][D:\gitsinnori\sinnori\project\sample_test\client_build\web_build\src\main\java\kr\pe\sinnori\impl\message] creation task end
06:35:58.900 [main] INFO  k.p.s.c.buildsystem.ProjectBuilder - main project[sample_test]'s message client codec file[PublicKeyRes][D:\gitsinnori\sinnori\project\sample_test\client_build\web_build\src\main\java\kr\pe\sinnori\impl\message] creation task start
06:35:58.900 [main] INFO  k.p.s.c.buildsystem.ProjectBuilder - main project[sample_test]'s message client codec file[PublicKeyRes][D:\gitsinnori\sinnori\project\sample_test\client_build\web_build\src\main\java\kr\pe\sinnori\impl\message] creation task end
06:35:58.900 [main] INFO  k.p.s.c.buildsystem.ProjectBuilder - main project[sample_test]'s web client message io file set creation task end
06:35:58.900 [main] INFO  k.p.s.c.buildsystem.ProjectBuilder - mainproject[sample_test]'s web client sample source files copy task start
06:35:58.947 [main] INFO  k.p.s.c.buildsystem.ProjectBuilder - mainproject[sample_test]'s web client sample source files copy task end
06:35:58.947 [main] INFO  k.p.s.c.buildsystem.ProjectBuilder - main project[sample_test]'s web client build system files creation task end
06:35:58.947 [main] INFO  k.p.s.c.buildsystem.ProjectBuilder - main project[sample_test]'s web root sample files creation task start
06:35:58.947 [main] INFO  k.p.s.c.buildsystem.ProjectBuilder - main project[sample_test]'s web root sample files copy task start
06:35:58.947 [main] INFO  k.p.s.c.buildsystem.ProjectBuilder - main project[sample_test]'s web root sample files copy task end
06:35:58.947 [main] INFO  k.p.s.c.buildsystem.ProjectBuilder - main project[sample_test]'s web root sample files creation task end
06:35:58.947 [main] INFO  k.p.s.c.buildsystem.ProjectBuilder - main project[sample_test]'s file creation task end
06:35:58.947 [main] INFO  k.p.s.c.buildsystem.ProjectBuilder - the server ant build.xml file[D:\gitsinnori\sinnori\project\sample_test\server_build\build.xml] is bad :: whetherExist[false] isFile[false]
06:35:58.947 [main] INFO  k.p.s.c.config.SinnoriConfiguration - item key[sessionkey.rsa.publickey.file.value]'s value is null because its status is inactive
06:35:58.947 [main] INFO  k.p.s.c.config.SinnoriConfiguration - item key[sessionkey.rsa.privatekey.file.value]'s value is null because its status is inactive
06:35:58.978 [main] INFO  k.p.s.c.buildsystem.ProjectBuilder - main project[sample_test]'s child direcotry creation task start
06:35:58.978 [main] INFO  k.p.s.c.buildsystem.ProjectBuilder - main project[sample_test]'s common child direcotry creation task start
06:35:58.978 [main] INFO  k.p.s.common.util.CommonStaticUtil - the new child relative direcotry[D:\gitsinnori\sinnori\project\sample_test][config] was created successfully
06:35:58.978 [main] INFO  k.p.s.common.util.CommonStaticUtil - the new child relative direcotry[D:\gitsinnori\sinnori\project\sample_test][resources/dbcp] was created successfully
06:35:58.994 [main] INFO  k.p.s.common.util.CommonStaticUtil - the new child relative direcotry[D:\gitsinnori\sinnori\project\sample_test][resources/message_info] was created successfully
06:35:58.994 [main] INFO  k.p.s.common.util.CommonStaticUtil - the new child relative direcotry[D:\gitsinnori\sinnori\project\sample_test][resources/rsa_keypair] was created successfully
06:35:58.994 [main] INFO  k.p.s.common.util.CommonStaticUtil - the new child relative direcotry[D:\gitsinnori\sinnori\project\sample_test][log/apache] was created successfully
06:35:58.994 [main] INFO  k.p.s.common.util.CommonStaticUtil - the new child relative direcotry[D:\gitsinnori\sinnori\project\sample_test][log/client] was created successfully
06:35:58.994 [main] INFO  k.p.s.common.util.CommonStaticUtil - the new child relative direcotry[D:\gitsinnori\sinnori\project\sample_test][log/server] was created successfully
06:35:58.994 [main] INFO  k.p.s.common.util.CommonStaticUtil - the new child relative direcotry[D:\gitsinnori\sinnori\project\sample_test][log/servlet] was created successfully
06:35:58.994 [main] INFO  k.p.s.c.buildsystem.ProjectBuilder - main project[sample_test]'s common child direcotry creation task end
06:35:58.994 [main] INFO  k.p.s.c.buildsystem.ProjectBuilder - main project[sample_test]'s application build child direcotry creation task start
06:35:58.994 [main] INFO  k.p.s.common.util.CommonStaticUtil - the new child relative direcotry[D:\gitsinnori\sinnori\project\sample_test][client_build/app_build/corelib/ex] was created successfully
06:35:58.994 [main] INFO  k.p.s.common.util.CommonStaticUtil - the new child relative direcotry[D:\gitsinnori\sinnori\project\sample_test][client_build/app_build/corelib/in] was created successfully
06:35:58.994 [main] INFO  k.p.s.common.util.CommonStaticUtil - the new child relative direcotry[D:\gitsinnori\sinnori\project\sample_test][client_build/app_build/lib/main/ex] was created successfully
06:35:58.994 [main] INFO  k.p.s.common.util.CommonStaticUtil - the new child relative direcotry[D:\gitsinnori\sinnori\project\sample_test][client_build/app_build/lib/main/in] was created successfully
06:35:58.994 [main] INFO  k.p.s.common.util.CommonStaticUtil - the new child relative direcotry[D:\gitsinnori\sinnori\project\sample_test][client_build/app_build/lib/test] was created successfully
06:35:58.994 [main] INFO  k.p.s.common.util.CommonStaticUtil - the new child relative direcotry[D:\gitsinnori\sinnori\project\sample_test][client_build/app_build/src/main/java/kr/pe/sinnori/impl/message] was created successfully
06:35:58.994 [main] INFO  k.p.s.common.util.CommonStaticUtil - the new child relative direcotry[D:\gitsinnori\sinnori\project\sample_test][client_build/app_build/src/main/java/main] was created successfully
06:35:58.994 [main] INFO  k.p.s.common.util.CommonStaticUtil - the new child relative direcotry[D:\gitsinnori\sinnori\project\sample_test][client_build/app_build/src/test/java] was created successfully
06:35:58.994 [main] INFO  k.p.s.common.util.CommonStaticUtil - the new child relative direcotry[D:\gitsinnori\sinnori\project\sample_test][client_build/app_build/build] was created successfully
06:35:58.994 [main] INFO  k.p.s.common.util.CommonStaticUtil - the new child relative direcotry[D:\gitsinnori\sinnori\project\sample_test][client_build/app_build/dist] was created successfully
06:35:58.994 [main] INFO  k.p.s.c.buildsystem.ProjectBuilder - main project[sample_test]'s application build child direcotry creation task end
06:35:58.994 [main] INFO  k.p.s.c.buildsystem.ProjectBuilder - main project[sample_test]'s child direcotry creation task end
06:35:58.994 [main] INFO  k.p.s.c.buildsystem.ProjectBuilder - main project[sample_test]'s file creation task start
06:35:58.994 [main] INFO  k.p.s.c.buildsystem.ProjectBuilder - main project[sample_test]'s config file creation task start
06:35:58.994 [main] INFO  k.p.s.c.util.SequencedPropertiesUtil - the sequenced properties file[D:\gitsinnori\sinnori\project\sample_test\config\sinnori.properties] was created
06:35:58.994 [main] INFO  k.p.s.c.buildsystem.ProjectBuilder - main project[sample_test]'s config file creation task end
06:35:58.994 [main] INFO  k.p.s.c.buildsystem.ProjectBuilder - the mainproject[sample_test]'s resources directory copy task start
06:35:59.025 [main] INFO  k.p.s.c.buildsystem.ProjectBuilder - the mainproject[sample_test]'s resources directory copy task end
06:35:59.025 [main] INFO  k.p.s.c.buildsystem.ProjectBuilder - mainproject[sample_test]'s application client build system files creation task start
06:35:59.025 [main] INFO  k.p.s.c.buildsystem.ProjectBuilder - main project[sample_test]'s application client ant build.xml file creation task start
06:35:59.025 [main] INFO  k.p.s.c.buildsystem.ProjectBuilder - main project[sample_test]'s application client ant build.xml file creation task end
06:35:59.025 [main] INFO  k.p.s.c.buildsystem.ProjectBuilder - main project[sample_test]'s application client dos shell file creation task start
06:35:59.025 [main] INFO  k.p.s.c.buildsystem.ProjectBuilder - main project[sample_test]'s application client dos shell file creation task end
06:35:59.025 [main] INFO  k.p.s.c.buildsystem.ProjectBuilder - main project[sample_test]'s application client unix shell file creation task start
06:35:59.025 [main] INFO  k.p.s.c.buildsystem.ProjectBuilder - main project[sample_test]'s application client unix shell file creation task end
06:35:59.025 [main] INFO  k.p.s.c.buildsystem.ProjectBuilder - application client sample source files copy task start
06:35:59.025 [main] INFO  k.p.s.c.buildsystem.ProjectBuilder - application client sample source files copy task end
06:35:59.025 [main] INFO  k.p.s.c.buildsystem.ProjectBuilder - main project[sample_test]'s application client message io file set creation task start
06:35:59.025 [main] INFO  k.p.s.common.util.CommonStaticUtil - the new child relative direcotry[D:\gitsinnori\sinnori\project\sample_test\client_build\app_build\src\main\java\kr\pe\sinnori\impl\message][Echo] was created successfully
06:35:59.025 [main] INFO  k.p.s.c.buildsystem.ProjectBuilder - main project[sample_test]'s message file[Echo][D:\gitsinnori\sinnori\project\sample_test\client_build\app_build\src\main\java\kr\pe\sinnori\impl\message] creation task start
06:35:59.025 [main] INFO  k.p.s.c.buildsystem.ProjectBuilder - main project[sample_test]'s message file[Echo][D:\gitsinnori\sinnori\project\sample_test\client_build\app_build\src\main\java\kr\pe\sinnori\impl\message] creation task end
06:35:59.025 [main] INFO  k.p.s.c.buildsystem.ProjectBuilder - main project[sample_test]'s message decoder file[Echo][D:\gitsinnori\sinnori\project\sample_test\client_build\app_build\src\main\java\kr\pe\sinnori\impl\message] creation task start
06:35:59.025 [main] INFO  k.p.s.c.buildsystem.ProjectBuilder - main project[sample_test]'s message decoder file[Echo][D:\gitsinnori\sinnori\project\sample_test\client_build\app_build\src\main\java\kr\pe\sinnori\impl\message] creation task end
06:35:59.025 [main] INFO  k.p.s.c.buildsystem.ProjectBuilder - main project[sample_test]'s message encoder file[Echo][D:\gitsinnori\sinnori\project\sample_test\client_build\app_build\src\main\java\kr\pe\sinnori\impl\message] creation task start
06:35:59.041 [main] INFO  k.p.s.c.buildsystem.ProjectBuilder - main project[sample_test]'s message encoder file[Echo][D:\gitsinnori\sinnori\project\sample_test\client_build\app_build\src\main\java\kr\pe\sinnori\impl\message] creation task end
06:35:59.041 [main] INFO  k.p.s.c.buildsystem.ProjectBuilder - main project[sample_test]'s message server codec file[Echo][D:\gitsinnori\sinnori\project\sample_test\client_build\app_build\src\main\java\kr\pe\sinnori\impl\message] creation task start
06:35:59.041 [main] INFO  k.p.s.c.buildsystem.ProjectBuilder - main project[sample_test]'s message server codec file[Echo][D:\gitsinnori\sinnori\project\sample_test\client_build\app_build\src\main\java\kr\pe\sinnori\impl\message] creation task end
06:35:59.041 [main] INFO  k.p.s.c.buildsystem.ProjectBuilder - main project[sample_test]'s message client codec file[Echo][D:\gitsinnori\sinnori\project\sample_test\client_build\app_build\src\main\java\kr\pe\sinnori\impl\message] creation task start
06:35:59.103 [main] INFO  k.p.s.c.buildsystem.ProjectBuilder - main project[sample_test]'s message client codec file[Echo][D:\gitsinnori\sinnori\project\sample_test\client_build\app_build\src\main\java\kr\pe\sinnori\impl\message] creation task end
06:35:59.103 [main] INFO  k.p.s.common.util.CommonStaticUtil - the new child relative direcotry[D:\gitsinnori\sinnori\project\sample_test\client_build\app_build\src\main\java\kr\pe\sinnori\impl\message][PublicKeyReq] was created successfully
06:35:59.103 [main] INFO  k.p.s.c.buildsystem.ProjectBuilder - main project[sample_test]'s message file[PublicKeyReq][D:\gitsinnori\sinnori\project\sample_test\client_build\app_build\src\main\java\kr\pe\sinnori\impl\message] creation task start
06:35:59.103 [main] INFO  k.p.s.c.buildsystem.ProjectBuilder - main project[sample_test]'s message file[PublicKeyReq][D:\gitsinnori\sinnori\project\sample_test\client_build\app_build\src\main\java\kr\pe\sinnori\impl\message] creation task end
06:35:59.103 [main] INFO  k.p.s.c.buildsystem.ProjectBuilder - main project[sample_test]'s message decoder file[PublicKeyReq][D:\gitsinnori\sinnori\project\sample_test\client_build\app_build\src\main\java\kr\pe\sinnori\impl\message] creation task start
06:35:59.119 [main] INFO  k.p.s.c.buildsystem.ProjectBuilder - main project[sample_test]'s message decoder file[PublicKeyReq][D:\gitsinnori\sinnori\project\sample_test\client_build\app_build\src\main\java\kr\pe\sinnori\impl\message] creation task end
06:35:59.119 [main] INFO  k.p.s.c.buildsystem.ProjectBuilder - main project[sample_test]'s message encoder file[PublicKeyReq][D:\gitsinnori\sinnori\project\sample_test\client_build\app_build\src\main\java\kr\pe\sinnori\impl\message] creation task start
06:35:59.119 [main] INFO  k.p.s.c.buildsystem.ProjectBuilder - main project[sample_test]'s message encoder file[PublicKeyReq][D:\gitsinnori\sinnori\project\sample_test\client_build\app_build\src\main\java\kr\pe\sinnori\impl\message] creation task end
06:35:59.119 [main] INFO  k.p.s.c.buildsystem.ProjectBuilder - main project[sample_test]'s message server codec file[PublicKeyReq][D:\gitsinnori\sinnori\project\sample_test\client_build\app_build\src\main\java\kr\pe\sinnori\impl\message] creation task start
06:35:59.134 [main] INFO  k.p.s.c.buildsystem.ProjectBuilder - main project[sample_test]'s message server codec file[PublicKeyReq][D:\gitsinnori\sinnori\project\sample_test\client_build\app_build\src\main\java\kr\pe\sinnori\impl\message] creation task end
06:35:59.134 [main] INFO  k.p.s.c.buildsystem.ProjectBuilder - main project[sample_test]'s message client codec file[PublicKeyReq][D:\gitsinnori\sinnori\project\sample_test\client_build\app_build\src\main\java\kr\pe\sinnori\impl\message] creation task start
06:35:59.134 [main] INFO  k.p.s.c.buildsystem.ProjectBuilder - main project[sample_test]'s message client codec file[PublicKeyReq][D:\gitsinnori\sinnori\project\sample_test\client_build\app_build\src\main\java\kr\pe\sinnori\impl\message] creation task end
06:35:59.134 [main] INFO  k.p.s.common.util.CommonStaticUtil - the new child relative direcotry[D:\gitsinnori\sinnori\project\sample_test\client_build\app_build\src\main\java\kr\pe\sinnori\impl\message][PublicKeyRes] was created successfully
06:35:59.134 [main] INFO  k.p.s.c.buildsystem.ProjectBuilder - main project[sample_test]'s message file[PublicKeyRes][D:\gitsinnori\sinnori\project\sample_test\client_build\app_build\src\main\java\kr\pe\sinnori\impl\message] creation task start
06:35:59.134 [main] INFO  k.p.s.c.buildsystem.ProjectBuilder - main project[sample_test]'s message file[PublicKeyRes][D:\gitsinnori\sinnori\project\sample_test\client_build\app_build\src\main\java\kr\pe\sinnori\impl\message] creation task end
06:35:59.134 [main] INFO  k.p.s.c.buildsystem.ProjectBuilder - main project[sample_test]'s message decoder file[PublicKeyRes][D:\gitsinnori\sinnori\project\sample_test\client_build\app_build\src\main\java\kr\pe\sinnori\impl\message] creation task start
06:35:59.134 [main] INFO  k.p.s.c.buildsystem.ProjectBuilder - main project[sample_test]'s message decoder file[PublicKeyRes][D:\gitsinnori\sinnori\project\sample_test\client_build\app_build\src\main\java\kr\pe\sinnori\impl\message] creation task end
06:35:59.134 [main] INFO  k.p.s.c.buildsystem.ProjectBuilder - main project[sample_test]'s message encoder file[PublicKeyRes][D:\gitsinnori\sinnori\project\sample_test\client_build\app_build\src\main\java\kr\pe\sinnori\impl\message] creation task start
06:35:59.150 [main] INFO  k.p.s.c.buildsystem.ProjectBuilder - main project[sample_test]'s message encoder file[PublicKeyRes][D:\gitsinnori\sinnori\project\sample_test\client_build\app_build\src\main\java\kr\pe\sinnori\impl\message] creation task end
06:35:59.150 [main] INFO  k.p.s.c.buildsystem.ProjectBuilder - main project[sample_test]'s message server codec file[PublicKeyRes][D:\gitsinnori\sinnori\project\sample_test\client_build\app_build\src\main\java\kr\pe\sinnori\impl\message] creation task start
06:35:59.150 [main] INFO  k.p.s.c.buildsystem.ProjectBuilder - main project[sample_test]'s message server codec file[PublicKeyRes][D:\gitsinnori\sinnori\project\sample_test\client_build\app_build\src\main\java\kr\pe\sinnori\impl\message] creation task end
06:35:59.150 [main] INFO  k.p.s.c.buildsystem.ProjectBuilder - main project[sample_test]'s message client codec file[PublicKeyRes][D:\gitsinnori\sinnori\project\sample_test\client_build\app_build\src\main\java\kr\pe\sinnori\impl\message] creation task start
06:35:59.150 [main] INFO  k.p.s.c.buildsystem.ProjectBuilder - main project[sample_test]'s message client codec file[PublicKeyRes][D:\gitsinnori\sinnori\project\sample_test\client_build\app_build\src\main\java\kr\pe\sinnori\impl\message] creation task end
06:35:59.150 [main] INFO  k.p.s.c.buildsystem.ProjectBuilder - main project[sample_test]'s application client message io file set creation task end
06:35:59.150 [main] INFO  k.p.s.c.buildsystem.ProjectBuilder - mainproject[sample_test]'s application client build system files creation task end
06:35:59.150 [main] INFO  k.p.s.c.buildsystem.ProjectBuilder - main project[sample_test]'s file creation task end
06:35:59.150 [main] INFO  k.p.s.c.buildsystem.ProjectBuilder - the server ant build.xml file[D:\gitsinnori\sinnori\project\sample_test\server_build\build.xml] is bad :: whetherExist[false] isFile[false]
06:35:59.150 [main] INFO  k.p.s.c.buildsystem.ProjectBuilder - the web client ant build.xml file[D:\gitsinnori\sinnori\project\sample_test\client_build\web_build\build.xml] is bad :: whetherExist[false] isFile[false]
06:35:59.150 [main] INFO  k.p.s.c.config.SinnoriConfiguration - item key[sessionkey.rsa.publickey.file.value]'s value is null because its status is inactive
06:35:59.150 [main] INFO  k.p.s.c.config.SinnoriConfiguration - item key[sessionkey.rsa.privatekey.file.value]'s value is null because its status is inactive
06:35:59.166 [main] INFO  k.p.s.c.buildsystem.ProjectBuilder - main project[sample_test]'s child direcotry creation task start
06:35:59.166 [main] INFO  k.p.s.c.buildsystem.ProjectBuilder - main project[sample_test]'s common child direcotry creation task start
06:35:59.166 [main] INFO  k.p.s.common.util.CommonStaticUtil - the new child relative direcotry[D:\gitsinnori\sinnori\project\sample_test][config] was created successfully
06:35:59.166 [main] INFO  k.p.s.common.util.CommonStaticUtil - the new child relative direcotry[D:\gitsinnori\sinnori\project\sample_test][resources/dbcp] was created successfully
06:35:59.166 [main] INFO  k.p.s.common.util.CommonStaticUtil - the new child relative direcotry[D:\gitsinnori\sinnori\project\sample_test][resources/message_info] was created successfully
06:35:59.166 [main] INFO  k.p.s.common.util.CommonStaticUtil - the new child relative direcotry[D:\gitsinnori\sinnori\project\sample_test][resources/rsa_keypair] was created successfully
06:35:59.166 [main] INFO  k.p.s.common.util.CommonStaticUtil - the new child relative direcotry[D:\gitsinnori\sinnori\project\sample_test][log/apache] was created successfully
06:35:59.166 [main] INFO  k.p.s.common.util.CommonStaticUtil - the new child relative direcotry[D:\gitsinnori\sinnori\project\sample_test][log/client] was created successfully
06:35:59.244 [main] INFO  k.p.s.common.util.CommonStaticUtil - the new child relative direcotry[D:\gitsinnori\sinnori\project\sample_test][log/server] was created successfully
06:35:59.244 [main] INFO  k.p.s.common.util.CommonStaticUtil - the new child relative direcotry[D:\gitsinnori\sinnori\project\sample_test][log/servlet] was created successfully
06:35:59.244 [main] INFO  k.p.s.c.buildsystem.ProjectBuilder - main project[sample_test]'s common child direcotry creation task end
06:35:59.244 [main] INFO  k.p.s.c.buildsystem.ProjectBuilder - main project[sample_test]'s web build child direcotry creation task start
06:35:59.244 [main] INFO  k.p.s.common.util.CommonStaticUtil - the new child relative direcotry[D:\gitsinnori\sinnori\project\sample_test][client_build/web_build/corelib/ex] was created successfully
06:35:59.244 [main] INFO  k.p.s.common.util.CommonStaticUtil - the new child relative direcotry[D:\gitsinnori\sinnori\project\sample_test][client_build/web_build/corelib/in] was created successfully
06:35:59.244 [main] INFO  k.p.s.common.util.CommonStaticUtil - the new child relative direcotry[D:\gitsinnori\sinnori\project\sample_test][client_build/web_build/lib/main/ex] was created successfully
06:35:59.244 [main] INFO  k.p.s.common.util.CommonStaticUtil - the new child relative direcotry[D:\gitsinnori\sinnori\project\sample_test][client_build/web_build/lib/main/in] was created successfully
06:35:59.244 [main] INFO  k.p.s.common.util.CommonStaticUtil - the new child relative direcotry[D:\gitsinnori\sinnori\project\sample_test][client_build/web_build/lib/test] was created successfully
06:35:59.244 [main] INFO  k.p.s.common.util.CommonStaticUtil - the new child relative direcotry[D:\gitsinnori\sinnori\project\sample_test][client_build/web_build/src/main/java/kr/pe/sinnori/impl/message] was created successfully
06:35:59.244 [main] INFO  k.p.s.common.util.CommonStaticUtil - the new child relative direcotry[D:\gitsinnori\sinnori\project\sample_test][client_build/web_build/src/main/java//kr/pe/sinnori/servlet] was created successfully
06:35:59.244 [main] INFO  k.p.s.common.util.CommonStaticUtil - the new child relative direcotry[D:\gitsinnori\sinnori\project\sample_test][client_build/web_build/src/main/java/kr/pe/sinnori/weblib/common] was created successfully
06:35:59.244 [main] INFO  k.p.s.common.util.CommonStaticUtil - the new child relative direcotry[D:\gitsinnori\sinnori\project\sample_test][client_build/web_build/src/main/java/kr/pe/sinnori/weblib/htmlstring] was created successfully
06:35:59.244 [main] INFO  k.p.s.common.util.CommonStaticUtil - the new child relative direcotry[D:\gitsinnori\sinnori\project\sample_test][client_build/web_build/src/main/java/kr/pe/sinnori/weblib/jdf] was created successfully
06:35:59.244 [main] INFO  k.p.s.common.util.CommonStaticUtil - the new child relative direcotry[D:\gitsinnori\sinnori\project\sample_test][client_build/web_build/src/test/java] was created successfully
06:35:59.244 [main] INFO  k.p.s.common.util.CommonStaticUtil - the new child relative direcotry[D:\gitsinnori\sinnori\project\sample_test][client_build/web_build/build] was created successfully
06:35:59.244 [main] INFO  k.p.s.common.util.CommonStaticUtil - the new child relative direcotry[D:\gitsinnori\sinnori\project\sample_test][client_build/web_build/dist] was created successfully
06:35:59.244 [main] INFO  k.p.s.c.buildsystem.ProjectBuilder - main project[sample_test]'s web build child direcotry creation task end
06:35:59.244 [main] INFO  k.p.s.c.buildsystem.ProjectBuilder - main project[sample_test]'s web root child direcotry creation task start
06:35:59.244 [main] INFO  k.p.s.common.util.CommonStaticUtil - the new child relative direcotry[D:\gitsinnori\sinnori\project\sample_test][web_app_base/upload] was created successfully
06:35:59.244 [main] INFO  k.p.s.common.util.CommonStaticUtil - the new child relative direcotry[D:\gitsinnori\sinnori\project\sample_test][web_app_base/ROOT/WEB-INF/classes] was created successfully
06:35:59.244 [main] INFO  k.p.s.common.util.CommonStaticUtil - the new child relative direcotry[D:\gitsinnori\sinnori\project\sample_test][web_app_base/ROOT/WEB-INF/lib] was created successfully
06:35:59.244 [main] INFO  k.p.s.c.buildsystem.ProjectBuilder - main project[sample_test]'s web root child direcotry creation task end
06:35:59.244 [main] INFO  k.p.s.c.buildsystem.ProjectBuilder - main project[sample_test]'s child direcotry creation task end
06:35:59.244 [main] INFO  k.p.s.c.buildsystem.ProjectBuilder - main project[sample_test]'s file creation task start
06:35:59.244 [main] INFO  k.p.s.c.buildsystem.ProjectBuilder - main project[sample_test]'s config file creation task start
06:35:59.244 [main] INFO  k.p.s.c.util.SequencedPropertiesUtil - the sequenced properties file[D:\gitsinnori\sinnori\project\sample_test\config\sinnori.properties] was created
06:35:59.259 [main] INFO  k.p.s.c.buildsystem.ProjectBuilder - main project[sample_test]'s config file creation task end
06:35:59.259 [main] INFO  k.p.s.c.buildsystem.ProjectBuilder - the mainproject[sample_test]'s resources directory copy task start
06:35:59.275 [main] INFO  k.p.s.c.buildsystem.ProjectBuilder - the mainproject[sample_test]'s resources directory copy task end
06:35:59.275 [main] INFO  k.p.s.c.buildsystem.ProjectBuilder - main project[sample_test]'s web client build system files creation task start
06:35:59.275 [main] INFO  k.p.s.c.buildsystem.ProjectBuilder - main project[sample_test]'s web client ant build.xml file creation task start
06:35:59.275 [main] INFO  k.p.s.c.buildsystem.ProjectBuilder - main project[sample_test]'s web client ant build.xml file creation task end
06:35:59.275 [main] INFO  k.p.s.c.buildsystem.ProjectBuilder - main project[sample_test]'s web client ant properties file creation task start
06:35:59.275 [main] INFO  k.p.s.c.util.SequencedPropertiesUtil - the sequenced properties file[D:\gitsinnori\sinnori\project\sample_test\client_build\web_build\webAnt.properties] was created
06:35:59.275 [main] INFO  k.p.s.c.buildsystem.ProjectBuilder - main project[sample_test]'s web client ant properties file creation task end
06:35:59.275 [main] INFO  k.p.s.c.buildsystem.ProjectBuilder - main project[sample_test]'s web client message io file set creation task start
06:35:59.275 [main] INFO  k.p.s.common.util.CommonStaticUtil - the new child relative direcotry[D:\gitsinnori\sinnori\project\sample_test\client_build\web_build\src\main\java\kr\pe\sinnori\impl\message][Echo] was created successfully
06:35:59.275 [main] INFO  k.p.s.c.buildsystem.ProjectBuilder - main project[sample_test]'s message file[Echo][D:\gitsinnori\sinnori\project\sample_test\client_build\web_build\src\main\java\kr\pe\sinnori\impl\message] creation task start
06:35:59.275 [main] INFO  k.p.s.c.buildsystem.ProjectBuilder - main project[sample_test]'s message file[Echo][D:\gitsinnori\sinnori\project\sample_test\client_build\web_build\src\main\java\kr\pe\sinnori\impl\message] creation task end
06:35:59.275 [main] INFO  k.p.s.c.buildsystem.ProjectBuilder - main project[sample_test]'s message decoder file[Echo][D:\gitsinnori\sinnori\project\sample_test\client_build\web_build\src\main\java\kr\pe\sinnori\impl\message] creation task start
06:35:59.275 [main] INFO  k.p.s.c.buildsystem.ProjectBuilder - main project[sample_test]'s message decoder file[Echo][D:\gitsinnori\sinnori\project\sample_test\client_build\web_build\src\main\java\kr\pe\sinnori\impl\message] creation task end
06:35:59.275 [main] INFO  k.p.s.c.buildsystem.ProjectBuilder - main project[sample_test]'s message encoder file[Echo][D:\gitsinnori\sinnori\project\sample_test\client_build\web_build\src\main\java\kr\pe\sinnori\impl\message] creation task start
06:35:59.275 [main] INFO  k.p.s.c.buildsystem.ProjectBuilder - main project[sample_test]'s message encoder file[Echo][D:\gitsinnori\sinnori\project\sample_test\client_build\web_build\src\main\java\kr\pe\sinnori\impl\message] creation task end
06:35:59.275 [main] INFO  k.p.s.c.buildsystem.ProjectBuilder - main project[sample_test]'s message server codec file[Echo][D:\gitsinnori\sinnori\project\sample_test\client_build\web_build\src\main\java\kr\pe\sinnori\impl\message] creation task start
06:35:59.275 [main] INFO  k.p.s.c.buildsystem.ProjectBuilder - main project[sample_test]'s message server codec file[Echo][D:\gitsinnori\sinnori\project\sample_test\client_build\web_build\src\main\java\kr\pe\sinnori\impl\message] creation task end
06:35:59.275 [main] INFO  k.p.s.c.buildsystem.ProjectBuilder - main project[sample_test]'s message client codec file[Echo][D:\gitsinnori\sinnori\project\sample_test\client_build\web_build\src\main\java\kr\pe\sinnori\impl\message] creation task start
06:35:59.275 [main] INFO  k.p.s.c.buildsystem.ProjectBuilder - main project[sample_test]'s message client codec file[Echo][D:\gitsinnori\sinnori\project\sample_test\client_build\web_build\src\main\java\kr\pe\sinnori\impl\message] creation task end
06:35:59.275 [main] INFO  k.p.s.common.util.CommonStaticUtil - the new child relative direcotry[D:\gitsinnori\sinnori\project\sample_test\client_build\web_build\src\main\java\kr\pe\sinnori\impl\message][PublicKeyReq] was created successfully
06:35:59.353 [main] INFO  k.p.s.c.buildsystem.ProjectBuilder - main project[sample_test]'s message file[PublicKeyReq][D:\gitsinnori\sinnori\project\sample_test\client_build\web_build\src\main\java\kr\pe\sinnori\impl\message] creation task start
06:35:59.353 [main] INFO  k.p.s.c.buildsystem.ProjectBuilder - main project[sample_test]'s message file[PublicKeyReq][D:\gitsinnori\sinnori\project\sample_test\client_build\web_build\src\main\java\kr\pe\sinnori\impl\message] creation task end
06:35:59.353 [main] INFO  k.p.s.c.buildsystem.ProjectBuilder - main project[sample_test]'s message decoder file[PublicKeyReq][D:\gitsinnori\sinnori\project\sample_test\client_build\web_build\src\main\java\kr\pe\sinnori\impl\message] creation task start
06:35:59.369 [main] INFO  k.p.s.c.buildsystem.ProjectBuilder - main project[sample_test]'s message decoder file[PublicKeyReq][D:\gitsinnori\sinnori\project\sample_test\client_build\web_build\src\main\java\kr\pe\sinnori\impl\message] creation task end
06:35:59.369 [main] INFO  k.p.s.c.buildsystem.ProjectBuilder - main project[sample_test]'s message encoder file[PublicKeyReq][D:\gitsinnori\sinnori\project\sample_test\client_build\web_build\src\main\java\kr\pe\sinnori\impl\message] creation task start
06:35:59.369 [main] INFO  k.p.s.c.buildsystem.ProjectBuilder - main project[sample_test]'s message encoder file[PublicKeyReq][D:\gitsinnori\sinnori\project\sample_test\client_build\web_build\src\main\java\kr\pe\sinnori\impl\message] creation task end
06:35:59.369 [main] INFO  k.p.s.c.buildsystem.ProjectBuilder - main project[sample_test]'s message server codec file[PublicKeyReq][D:\gitsinnori\sinnori\project\sample_test\client_build\web_build\src\main\java\kr\pe\sinnori\impl\message] creation task start
06:35:59.369 [main] INFO  k.p.s.c.buildsystem.ProjectBuilder - main project[sample_test]'s message server codec file[PublicKeyReq][D:\gitsinnori\sinnori\project\sample_test\client_build\web_build\src\main\java\kr\pe\sinnori\impl\message] creation task end
06:35:59.369 [main] INFO  k.p.s.c.buildsystem.ProjectBuilder - main project[sample_test]'s message client codec file[PublicKeyReq][D:\gitsinnori\sinnori\project\sample_test\client_build\web_build\src\main\java\kr\pe\sinnori\impl\message] creation task start
06:35:59.384 [main] INFO  k.p.s.c.buildsystem.ProjectBuilder - main project[sample_test]'s message client codec file[PublicKeyReq][D:\gitsinnori\sinnori\project\sample_test\client_build\web_build\src\main\java\kr\pe\sinnori\impl\message] creation task end
06:35:59.384 [main] INFO  k.p.s.common.util.CommonStaticUtil - the new child relative direcotry[D:\gitsinnori\sinnori\project\sample_test\client_build\web_build\src\main\java\kr\pe\sinnori\impl\message][PublicKeyRes] was created successfully
06:35:59.384 [main] INFO  k.p.s.c.buildsystem.ProjectBuilder - main project[sample_test]'s message file[PublicKeyRes][D:\gitsinnori\sinnori\project\sample_test\client_build\web_build\src\main\java\kr\pe\sinnori\impl\message] creation task start
06:35:59.384 [main] INFO  k.p.s.c.buildsystem.ProjectBuilder - main project[sample_test]'s message file[PublicKeyRes][D:\gitsinnori\sinnori\project\sample_test\client_build\web_build\src\main\java\kr\pe\sinnori\impl\message] creation task end
06:35:59.384 [main] INFO  k.p.s.c.buildsystem.ProjectBuilder - main project[sample_test]'s message decoder file[PublicKeyRes][D:\gitsinnori\sinnori\project\sample_test\client_build\web_build\src\main\java\kr\pe\sinnori\impl\message] creation task start
06:35:59.384 [main] INFO  k.p.s.c.buildsystem.ProjectBuilder - main project[sample_test]'s message decoder file[PublicKeyRes][D:\gitsinnori\sinnori\project\sample_test\client_build\web_build\src\main\java\kr\pe\sinnori\impl\message] creation task end
06:35:59.384 [main] INFO  k.p.s.c.buildsystem.ProjectBuilder - main project[sample_test]'s message encoder file[PublicKeyRes][D:\gitsinnori\sinnori\project\sample_test\client_build\web_build\src\main\java\kr\pe\sinnori\impl\message] creation task start
06:35:59.400 [main] INFO  k.p.s.c.buildsystem.ProjectBuilder - main project[sample_test]'s message encoder file[PublicKeyRes][D:\gitsinnori\sinnori\project\sample_test\client_build\web_build\src\main\java\kr\pe\sinnori\impl\message] creation task end
06:35:59.400 [main] INFO  k.p.s.c.buildsystem.ProjectBuilder - main project[sample_test]'s message server codec file[PublicKeyRes][D:\gitsinnori\sinnori\project\sample_test\client_build\web_build\src\main\java\kr\pe\sinnori\impl\message] creation task start
06:35:59.400 [main] INFO  k.p.s.c.buildsystem.ProjectBuilder - main project[sample_test]'s message server codec file[PublicKeyRes][D:\gitsinnori\sinnori\project\sample_test\client_build\web_build\src\main\java\kr\pe\sinnori\impl\message] creation task end
06:35:59.400 [main] INFO  k.p.s.c.buildsystem.ProjectBuilder - main project[sample_test]'s message client codec file[PublicKeyRes][D:\gitsinnori\sinnori\project\sample_test\client_build\web_build\src\main\java\kr\pe\sinnori\impl\message] creation task start
06:35:59.400 [main] INFO  k.p.s.c.buildsystem.ProjectBuilder - main project[sample_test]'s message client codec file[PublicKeyRes][D:\gitsinnori\sinnori\project\sample_test\client_build\web_build\src\main\java\kr\pe\sinnori\impl\message] creation task end
06:35:59.400 [main] INFO  k.p.s.c.buildsystem.ProjectBuilder - main project[sample_test]'s web client message io file set creation task end
06:35:59.400 [main] INFO  k.p.s.c.buildsystem.ProjectBuilder - mainproject[sample_test]'s web client sample source files copy task start
06:35:59.447 [main] INFO  k.p.s.c.buildsystem.ProjectBuilder - mainproject[sample_test]'s web client sample source files copy task end
06:35:59.447 [main] INFO  k.p.s.c.buildsystem.ProjectBuilder - main project[sample_test]'s web client build system files creation task end
06:35:59.447 [main] INFO  k.p.s.c.buildsystem.ProjectBuilder - main project[sample_test]'s web root sample files creation task start
06:35:59.447 [main] INFO  k.p.s.c.buildsystem.ProjectBuilder - main project[sample_test]'s web root sample files copy task start
06:35:59.463 [main] INFO  k.p.s.c.buildsystem.ProjectBuilder - main project[sample_test]'s web root sample files copy task end
06:35:59.463 [main] INFO  k.p.s.c.buildsystem.ProjectBuilder - main project[sample_test]'s web root sample files creation task end
06:35:59.463 [main] INFO  k.p.s.c.buildsystem.ProjectBuilder - main project[sample_test]'s file creation task end
06:35:59.463 [main] INFO  k.p.s.c.buildsystem.ProjectBuilder - the server ant build.xml file[D:\gitsinnori\sinnori\project\sample_test\server_build\build.xml] is bad :: whetherExist[false] isFile[false]
06:35:59.463 [main] INFO  k.p.s.c.buildsystem.ProjectBuilder - the app client ant build.xml file[D:\gitsinnori\sinnori\project\sample_test\client_build\app_build\build.xml] is bad :: whetherExist[false] isFile[false]
06:35:59.463 [main] INFO  k.p.s.c.config.SinnoriConfiguration - item key[sessionkey.rsa.publickey.file.value]'s value is null because its status is inactive
06:35:59.463 [main] INFO  k.p.s.c.config.SinnoriConfiguration - item key[sessionkey.rsa.privatekey.file.value]'s value is null because its status is inactive
06:35:59.478 [main] INFO  k.p.s.c.buildsystem.ProjectBuilder - main project[sample_test]'s child direcotry creation task start
06:35:59.478 [main] INFO  k.p.s.c.buildsystem.ProjectBuilder - main project[sample_test]'s common child direcotry creation task start
06:35:59.478 [main] INFO  k.p.s.common.util.CommonStaticUtil - the new child relative direcotry[D:\gitsinnori\sinnori\project\sample_test][config] was created successfully
06:35:59.494 [main] INFO  k.p.s.common.util.CommonStaticUtil - the new child relative direcotry[D:\gitsinnori\sinnori\project\sample_test][resources/dbcp] was created successfully
06:35:59.494 [main] INFO  k.p.s.common.util.CommonStaticUtil - the new child relative direcotry[D:\gitsinnori\sinnori\project\sample_test][resources/message_info] was created successfully
06:35:59.494 [main] INFO  k.p.s.common.util.CommonStaticUtil - the new child relative direcotry[D:\gitsinnori\sinnori\project\sample_test][resources/rsa_keypair] was created successfully
06:35:59.494 [main] INFO  k.p.s.common.util.CommonStaticUtil - the new child relative direcotry[D:\gitsinnori\sinnori\project\sample_test][log/apache] was created successfully
06:35:59.494 [main] INFO  k.p.s.common.util.CommonStaticUtil - the new child relative direcotry[D:\gitsinnori\sinnori\project\sample_test][log/client] was created successfully
06:35:59.494 [main] INFO  k.p.s.common.util.CommonStaticUtil - the new child relative direcotry[D:\gitsinnori\sinnori\project\sample_test][log/server] was created successfully
06:35:59.494 [main] INFO  k.p.s.common.util.CommonStaticUtil - the new child relative direcotry[D:\gitsinnori\sinnori\project\sample_test][log/servlet] was created successfully
06:35:59.494 [main] INFO  k.p.s.c.buildsystem.ProjectBuilder - main project[sample_test]'s common child direcotry creation task end
06:35:59.494 [main] INFO  k.p.s.c.buildsystem.ProjectBuilder - main project[sample_test]'s application build child direcotry creation task start
06:35:59.494 [main] INFO  k.p.s.common.util.CommonStaticUtil - the new child relative direcotry[D:\gitsinnori\sinnori\project\sample_test][client_build/app_build/corelib/ex] was created successfully
06:35:59.494 [main] INFO  k.p.s.common.util.CommonStaticUtil - the new child relative direcotry[D:\gitsinnori\sinnori\project\sample_test][client_build/app_build/corelib/in] was created successfully
06:35:59.494 [main] INFO  k.p.s.common.util.CommonStaticUtil - the new child relative direcotry[D:\gitsinnori\sinnori\project\sample_test][client_build/app_build/lib/main/ex] was created successfully
06:35:59.494 [main] INFO  k.p.s.common.util.CommonStaticUtil - the new child relative direcotry[D:\gitsinnori\sinnori\project\sample_test][client_build/app_build/lib/main/in] was created successfully
06:35:59.494 [main] INFO  k.p.s.common.util.CommonStaticUtil - the new child relative direcotry[D:\gitsinnori\sinnori\project\sample_test][client_build/app_build/lib/test] was created successfully
06:35:59.494 [main] INFO  k.p.s.common.util.CommonStaticUtil - the new child relative direcotry[D:\gitsinnori\sinnori\project\sample_test][client_build/app_build/src/main/java/kr/pe/sinnori/impl/message] was created successfully
06:35:59.494 [main] INFO  k.p.s.common.util.CommonStaticUtil - the new child relative direcotry[D:\gitsinnori\sinnori\project\sample_test][client_build/app_build/src/main/java/main] was created successfully
06:35:59.494 [main] INFO  k.p.s.common.util.CommonStaticUtil - the new child relative direcotry[D:\gitsinnori\sinnori\project\sample_test][client_build/app_build/src/test/java] was created successfully
06:35:59.494 [main] INFO  k.p.s.common.util.CommonStaticUtil - the new child relative direcotry[D:\gitsinnori\sinnori\project\sample_test][client_build/app_build/build] was created successfully
06:35:59.494 [main] INFO  k.p.s.common.util.CommonStaticUtil - the new child relative direcotry[D:\gitsinnori\sinnori\project\sample_test][client_build/app_build/dist] was created successfully
06:35:59.494 [main] INFO  k.p.s.c.buildsystem.ProjectBuilder - main project[sample_test]'s application build child direcotry creation task end
06:35:59.494 [main] INFO  k.p.s.c.buildsystem.ProjectBuilder - main project[sample_test]'s child direcotry creation task end
06:35:59.494 [main] INFO  k.p.s.c.buildsystem.ProjectBuilder - main project[sample_test]'s file creation task start
06:35:59.494 [main] INFO  k.p.s.c.buildsystem.ProjectBuilder - main project[sample_test]'s config file creation task start
06:35:59.494 [main] INFO  k.p.s.c.util.SequencedPropertiesUtil - the sequenced properties file[D:\gitsinnori\sinnori\project\sample_test\config\sinnori.properties] was created
06:35:59.494 [main] INFO  k.p.s.c.buildsystem.ProjectBuilder - main project[sample_test]'s config file creation task end
06:35:59.494 [main] INFO  k.p.s.c.buildsystem.ProjectBuilder - the mainproject[sample_test]'s resources directory copy task start
06:35:59.509 [main] INFO  k.p.s.c.buildsystem.ProjectBuilder - the mainproject[sample_test]'s resources directory copy task end
06:35:59.509 [main] INFO  k.p.s.c.buildsystem.ProjectBuilder - mainproject[sample_test]'s application client build system files creation task start
06:35:59.509 [main] INFO  k.p.s.c.buildsystem.ProjectBuilder - main project[sample_test]'s application client ant build.xml file creation task start
06:35:59.509 [main] INFO  k.p.s.c.buildsystem.ProjectBuilder - main project[sample_test]'s application client ant build.xml file creation task end
06:35:59.509 [main] INFO  k.p.s.c.buildsystem.ProjectBuilder - main project[sample_test]'s application client dos shell file creation task start
06:35:59.525 [main] INFO  k.p.s.c.buildsystem.ProjectBuilder - main project[sample_test]'s application client dos shell file creation task end
06:35:59.525 [main] INFO  k.p.s.c.buildsystem.ProjectBuilder - main project[sample_test]'s application client unix shell file creation task start
06:35:59.525 [main] INFO  k.p.s.c.buildsystem.ProjectBuilder - main project[sample_test]'s application client unix shell file creation task end
06:35:59.525 [main] INFO  k.p.s.c.buildsystem.ProjectBuilder - application client sample source files copy task start
06:35:59.525 [main] INFO  k.p.s.c.buildsystem.ProjectBuilder - application client sample source files copy task end
06:35:59.525 [main] INFO  k.p.s.c.buildsystem.ProjectBuilder - main project[sample_test]'s application client message io file set creation task start
06:35:59.525 [main] INFO  k.p.s.common.util.CommonStaticUtil - the new child relative direcotry[D:\gitsinnori\sinnori\project\sample_test\client_build\app_build\src\main\java\kr\pe\sinnori\impl\message][Echo] was created successfully
06:35:59.525 [main] INFO  k.p.s.c.buildsystem.ProjectBuilder - main project[sample_test]'s message file[Echo][D:\gitsinnori\sinnori\project\sample_test\client_build\app_build\src\main\java\kr\pe\sinnori\impl\message] creation task start
06:35:59.525 [main] INFO  k.p.s.c.buildsystem.ProjectBuilder - main project[sample_test]'s message file[Echo][D:\gitsinnori\sinnori\project\sample_test\client_build\app_build\src\main\java\kr\pe\sinnori\impl\message] creation task end
06:35:59.525 [main] INFO  k.p.s.c.buildsystem.ProjectBuilder - main project[sample_test]'s message decoder file[Echo][D:\gitsinnori\sinnori\project\sample_test\client_build\app_build\src\main\java\kr\pe\sinnori\impl\message] creation task start
06:35:59.525 [main] INFO  k.p.s.c.buildsystem.ProjectBuilder - main project[sample_test]'s message decoder file[Echo][D:\gitsinnori\sinnori\project\sample_test\client_build\app_build\src\main\java\kr\pe\sinnori\impl\message] creation task end
06:35:59.603 [main] INFO  k.p.s.c.buildsystem.ProjectBuilder - main project[sample_test]'s message encoder file[Echo][D:\gitsinnori\sinnori\project\sample_test\client_build\app_build\src\main\java\kr\pe\sinnori\impl\message] creation task start
06:35:59.603 [main] INFO  k.p.s.c.buildsystem.ProjectBuilder - main project[sample_test]'s message encoder file[Echo][D:\gitsinnori\sinnori\project\sample_test\client_build\app_build\src\main\java\kr\pe\sinnori\impl\message] creation task end
06:35:59.603 [main] INFO  k.p.s.c.buildsystem.ProjectBuilder - main project[sample_test]'s message server codec file[Echo][D:\gitsinnori\sinnori\project\sample_test\client_build\app_build\src\main\java\kr\pe\sinnori\impl\message] creation task start
06:35:59.603 [main] INFO  k.p.s.c.buildsystem.ProjectBuilder - main project[sample_test]'s message server codec file[Echo][D:\gitsinnori\sinnori\project\sample_test\client_build\app_build\src\main\java\kr\pe\sinnori\impl\message] creation task end
06:35:59.603 [main] INFO  k.p.s.c.buildsystem.ProjectBuilder - main project[sample_test]'s message client codec file[Echo][D:\gitsinnori\sinnori\project\sample_test\client_build\app_build\src\main\java\kr\pe\sinnori\impl\message] creation task start
06:35:59.603 [main] INFO  k.p.s.c.buildsystem.ProjectBuilder - main project[sample_test]'s message client codec file[Echo][D:\gitsinnori\sinnori\project\sample_test\client_build\app_build\src\main\java\kr\pe\sinnori\impl\message] creation task end
06:35:59.603 [main] INFO  k.p.s.common.util.CommonStaticUtil - the new child relative direcotry[D:\gitsinnori\sinnori\project\sample_test\client_build\app_build\src\main\java\kr\pe\sinnori\impl\message][PublicKeyReq] was created successfully
06:35:59.603 [main] INFO  k.p.s.c.buildsystem.ProjectBuilder - main project[sample_test]'s message file[PublicKeyReq][D:\gitsinnori\sinnori\project\sample_test\client_build\app_build\src\main\java\kr\pe\sinnori\impl\message] creation task start
06:35:59.619 [main] INFO  k.p.s.c.buildsystem.ProjectBuilder - main project[sample_test]'s message file[PublicKeyReq][D:\gitsinnori\sinnori\project\sample_test\client_build\app_build\src\main\java\kr\pe\sinnori\impl\message] creation task end
06:35:59.619 [main] INFO  k.p.s.c.buildsystem.ProjectBuilder - main project[sample_test]'s message decoder file[PublicKeyReq][D:\gitsinnori\sinnori\project\sample_test\client_build\app_build\src\main\java\kr\pe\sinnori\impl\message] creation task start
06:35:59.619 [main] INFO  k.p.s.c.buildsystem.ProjectBuilder - main project[sample_test]'s message decoder file[PublicKeyReq][D:\gitsinnori\sinnori\project\sample_test\client_build\app_build\src\main\java\kr\pe\sinnori\impl\message] creation task end
06:35:59.619 [main] INFO  k.p.s.c.buildsystem.ProjectBuilder - main project[sample_test]'s message encoder file[PublicKeyReq][D:\gitsinnori\sinnori\project\sample_test\client_build\app_build\src\main\java\kr\pe\sinnori\impl\message] creation task start
06:35:59.619 [main] INFO  k.p.s.c.buildsystem.ProjectBuilder - main project[sample_test]'s message encoder file[PublicKeyReq][D:\gitsinnori\sinnori\project\sample_test\client_build\app_build\src\main\java\kr\pe\sinnori\impl\message] creation task end
06:35:59.619 [main] INFO  k.p.s.c.buildsystem.ProjectBuilder - main project[sample_test]'s message server codec file[PublicKeyReq][D:\gitsinnori\sinnori\project\sample_test\client_build\app_build\src\main\java\kr\pe\sinnori\impl\message] creation task start
06:35:59.619 [main] INFO  k.p.s.c.buildsystem.ProjectBuilder - main project[sample_test]'s message server codec file[PublicKeyReq][D:\gitsinnori\sinnori\project\sample_test\client_build\app_build\src\main\java\kr\pe\sinnori\impl\message] creation task end
06:35:59.619 [main] INFO  k.p.s.c.buildsystem.ProjectBuilder - main project[sample_test]'s message client codec file[PublicKeyReq][D:\gitsinnori\sinnori\project\sample_test\client_build\app_build\src\main\java\kr\pe\sinnori\impl\message] creation task start
06:35:59.619 [main] INFO  k.p.s.c.buildsystem.ProjectBuilder - main project[sample_test]'s message client codec file[PublicKeyReq][D:\gitsinnori\sinnori\project\sample_test\client_build\app_build\src\main\java\kr\pe\sinnori\impl\message] creation task end
06:35:59.619 [main] INFO  k.p.s.common.util.CommonStaticUtil - the new child relative direcotry[D:\gitsinnori\sinnori\project\sample_test\client_build\app_build\src\main\java\kr\pe\sinnori\impl\message][PublicKeyRes] was created successfully
06:35:59.634 [main] INFO  k.p.s.c.buildsystem.ProjectBuilder - main project[sample_test]'s message file[PublicKeyRes][D:\gitsinnori\sinnori\project\sample_test\client_build\app_build\src\main\java\kr\pe\sinnori\impl\message] creation task start
06:35:59.634 [main] INFO  k.p.s.c.buildsystem.ProjectBuilder - main project[sample_test]'s message file[PublicKeyRes][D:\gitsinnori\sinnori\project\sample_test\client_build\app_build\src\main\java\kr\pe\sinnori\impl\message] creation task end
06:35:59.634 [main] INFO  k.p.s.c.buildsystem.ProjectBuilder - main project[sample_test]'s message decoder file[PublicKeyRes][D:\gitsinnori\sinnori\project\sample_test\client_build\app_build\src\main\java\kr\pe\sinnori\impl\message] creation task start
06:35:59.634 [main] INFO  k.p.s.c.buildsystem.ProjectBuilder - main project[sample_test]'s message decoder file[PublicKeyRes][D:\gitsinnori\sinnori\project\sample_test\client_build\app_build\src\main\java\kr\pe\sinnori\impl\message] creation task end
06:35:59.634 [main] INFO  k.p.s.c.buildsystem.ProjectBuilder - main project[sample_test]'s message encoder file[PublicKeyRes][D:\gitsinnori\sinnori\project\sample_test\client_build\app_build\src\main\java\kr\pe\sinnori\impl\message] creation task start
06:35:59.634 [main] INFO  k.p.s.c.buildsystem.ProjectBuilder - main project[sample_test]'s message encoder file[PublicKeyRes][D:\gitsinnori\sinnori\project\sample_test\client_build\app_build\src\main\java\kr\pe\sinnori\impl\message] creation task end
06:35:59.634 [main] INFO  k.p.s.c.buildsystem.ProjectBuilder - main project[sample_test]'s message server codec file[PublicKeyRes][D:\gitsinnori\sinnori\project\sample_test\client_build\app_build\src\main\java\kr\pe\sinnori\impl\message] creation task start
06:35:59.650 [main] INFO  k.p.s.c.buildsystem.ProjectBuilder - main project[sample_test]'s message server codec file[PublicKeyRes][D:\gitsinnori\sinnori\project\sample_test\client_build\app_build\src\main\java\kr\pe\sinnori\impl\message] creation task end
06:35:59.650 [main] INFO  k.p.s.c.buildsystem.ProjectBuilder - main project[sample_test]'s message client codec file[PublicKeyRes][D:\gitsinnori\sinnori\project\sample_test\client_build\app_build\src\main\java\kr\pe\sinnori\impl\message] creation task start
06:35:59.650 [main] INFO  k.p.s.c.buildsystem.ProjectBuilder - main project[sample_test]'s message client codec file[PublicKeyRes][D:\gitsinnori\sinnori\project\sample_test\client_build\app_build\src\main\java\kr\pe\sinnori\impl\message] creation task end
06:35:59.650 [main] INFO  k.p.s.c.buildsystem.ProjectBuilder - main project[sample_test]'s application client message io file set creation task end
06:35:59.650 [main] INFO  k.p.s.c.buildsystem.ProjectBuilder - mainproject[sample_test]'s application client build system files creation task end
06:35:59.650 [main] INFO  k.p.s.c.buildsystem.ProjectBuilder - main project[sample_test]'s file creation task end
06:35:59.650 [main] INFO  k.p.s.c.b.ProjectBuilderTest - {mainproject.server.pool.accept_queue_size.desc=접속 승인 큐 크기, default value[10], min[10], max[2147483647], mainproject.client.asyn.output_message_reader.pool_size.value=4, mainproject.client.asyn.executor.pool_size.value=1, mainproject.server.pool.output_message_queue_size.desc=출력 메시지 큐 크기, default value[10], min[10], max[2147483647], sessionkey.rsa.keypair_source.desc=세션키에 사용되는 공개키 키쌍 생성 방법, API:내부적으로 RSA 키쌍 생성, File:외부 파일를 읽어와서 RSA  키쌍을 생성, default value[SERVER], the rsa keypair source of sessionkey set[SERVER, FILE], mainproject.common.port.desc=포트 번호, default value[9090], min[1024], max[2147483647], mainproject.client.monitor.time_interval.desc=모니터링 주기, 단위 ms, default value[5000], min[1000], max[2147483647], mainproject.client.monitor.time_interval.value=5000, mainproject.client.connection.count.value=1, mainproject.common.charset.desc=문자셋, default value[UTF-8], mainproject.server.pool.output_message_writer.size.value=1, mainproject.client.connection.max_count.value=5, mainproject.client.asyn.input_message_queue_size.desc=클라이언트 비동기 입출력 지원용 입력 메시지 큐 크기, default value[10], min[1], max[2147483647], mainproject.common.host.desc=클라이언트에서 접속할 서버 주소, default value[localhost], mainproject.client.asyn.read_selector_wakeup_interval.desc=클라이언트 비동기 입출력 지원용 출력 메시지 소켓 읽기 담당 쓰레드에서 블락된 읽기 이벤트 전용 selector 를 깨우는 주기. 단위 ms, default value[10], min[1], max[2147483647], mainproject.server.pool.executor_processor.max_size.value=1, common.updownfile.local_source_file_resource_cnt.value=10, mainproject.client.asyn.output_message_reader.pool_size.desc=클라이언트 비동기 입출력 지원용 입력 메시지 소켓 읽기 담당 쓰레드 갯수, default value[4], min[1], max[2147483647], mainproject.client.socket.timeout.value=5000, mainproject.client.asyn.input_message_writer.pool_size.value=2, sessionkey.symmetric_key.algorithm.value=AES, common.cached_object.max_size.value=100, mainproject.server.pool.executor_processor.max_size.desc=서버 비지니스 로직 수행 담당 쓰레드 최대 갯수, default value[1], min[1], max[2147483647], sessionkey.rsa.keysize.value=1024, mainproject.common.data_packet_buffer_pool_size.desc=데이터 패킷 버퍼 큐 크기, default value[1000], min[1], max[2147483647], mainproject.common.data_packet_buffer_size.desc=데이터 패킷 버퍼 크기, 단위 byte, default value[4096], min[1024], max[2147483647], common.updownfile.local_target_file_resource_cnt.desc=로컬 목적지 파일 자원 갯수, default value[10], min[1], max[2147483647], sessionkey.symmetric_key.algorithm.desc=세션키에 사용되는 대칭키 알고리즘, default value[AES], the string set[DES, DESede, AES], mainproject.server.pool.output_message_writer.max_size.desc=출력 메시지 소켓 쓰기 담당 쓰레드 최대 갯수, default value[1], min[1], max[2147483647], mainproject.client.connection.type.value=ASYN_PRIVATE, mainproject.common.byteorder.value=LITTLE_ENDIAN, common.updownfile.local_target_file_resource_cnt.value=10, mainproject.server.pool.read_selector_wakeup_interval.desc=입력 메시지 소켓 읽기 담당 쓰레드에서 블락된 읽기 이벤트 전용 selector 를 깨우는 주기. 단위 ms, default value[10], min[10], max[2147483647], mainproject.common.first_prefix_dynamic_class_full_name.value=kr.pe.sinnori.impl., mainproject.common.data_packet_buffer_max_cnt_per_message.desc=1개 메시지당 할당 받을 수 있는 데이터 패킷 버퍼 최대수, default value[1000], min[1], max[2147483647], mainproject.client.asyn.executor.pool_size.desc=비동기 출력 메시지 처리자 쓰레드 갯수, default value[1], min[1], max[2147483647], mainproject.server.pool.executor_processor.size.desc=서버 비지니스 로직 수행 담당 쓰레드 갯수, default value[1], min[1], max[2147483647], sessionkey.rsa.publickey.file.desc=세션키에 사용되는 RSA 공개키 파일, default value[<sinnnori installed path>/project/<main project name>/resouces/rsa_keypair/sinnori.publickey], dbcp.name_list.value=, mainproject.client.asyn.input_message_queue_size.value=10, mainproject.server.pool.output_message_writer.max_size.value=1, mainproject.server.pool.executor_processor.size.value=1, mainproject.common.data_packet_buffer_max_cnt_per_message.value=1000, mainproject.server.max_clients.value=5, mainproject.client.connection.count.desc=연결 갯수, default value[1], min[1], max[2147483647], mainproject.client.connection.type.desc=소캣 랩퍼 클래스인 연결 종류, ASYN_PRIVATE:비공유+비동기, ASYN_SHARE:공유+비동기, SYNC_PRIVATE:비공유+동기, default value[ASYN_PRIVATE], the connection type set[ASYN_SHARE, ASYN_PRIVATE, SYNC_PRIVATE], common.cached_object.max_size.desc=싱글턴 객체 캐쉬 관리자에서 캐쉬로 관리할 객체의 최대 갯수. 주로 캐쉬되는 대상 객체는 xxxServerCodec, xxxClientCodec 이다, default value[100], min[1], max[2147483647], mainproject.server.monitor.time_interval.desc=모니터링 주기, 단위 ms, default value[5000], min[1000], max[2147483647], mainproject.server.mybatis.config_file_relative_path.value=, mainproject.server.pool.accept_queue_size.value=10, common.updownfile.file_block_max_size.desc=파일 송수신 파일 블락 최대 크기, 1024 배수, 단위 byte, default value[1048576], mainproject.server.pool.input_message_reader.size.value=1, mainproject.client.connection.max_count.desc=연결 최대 갯수, default value[5], min[1], max[2147483647], mainproject.common.port.value=9090, mainproject.server.max_clients.desc=서버로 접속할 수 있는 최대 클라이언트 수, default value[5], min[1], max[2147483647], sessionkey.rsa.privatekey.file.desc=세션키에 사용되는 RSA 개인키 파일, default value[<sinnnori installed path>/project/<main project name>/resouces/rsa_keypair/sinnori.privatekey], servlet_jsp.jdf_error_message_page.value=/errorMessagePage.jsp, common.updownfile.local_source_file_resource_cnt.desc=로컬 원본 파일 자원 갯수, default value[10], min[1], max[2147483647], mainproject.server.pool.input_message_reader.max_size.desc=입력 메시지 소켓 읽기 담당 쓰레드 최대 갯수, default value[1], min[1], max[2147483647], servlet_jsp.web_layout_control_page.desc=신놀이 웹 사이트의 레이아웃 컨트롤러 jsp, default value[/PageJump.jsp], mainproject.common.charset.value=UTF-8, mainproject.common.message_protocol_type.value=DHB, mainproject.server.pool.accept_processor.max_size.desc=접속 요청이 승락된 클라이언트의 등록을 담당하는 쓰레드 최대 갯수, default value[1], min[1], max[2147483647], servlet_jsp.jdf_error_message_page.desc=JDF framework 에서 에러 발생시 에러 내용을 보여주는 사용자 친화적인 화면을 전담할 jsp, default value[/errorMessagePage.jsp], mainproject.common.byteorder.desc=바이트 오더, LITTLE_ENDIAN:리틀 엔디안, BIG_ENDIAN:빅 엔디안, default value[LITTLE_ENDIAN], the byteorder set[BIG_ENDIAN, LITTLE_ENDIAN], mainproject.server.pool.input_message_queue_size.value=10, mainproject.client.asyn.read_selector_wakeup_interval.value=10, mainproject.client.socket.timeout.desc=소켓 타임아웃, 단위 ms, default value[5000], min[1000], max[2147483647], mainproject.server.pool.input_message_queue_size.desc=입력 메시지 큐 크기, default value[10], min[10], max[2147483647], sessionkey.rsa.keysize.desc=세션키에 사용하는 공개키 크기, 단위 byte, default value[1024], the integer set[2048, 512, 1024], mainproject.server.monitor.time_interval.value=5000, mainproject.server.pool.input_message_reader.max_size.value=1, mainproject.server.pool.accept_processor.max_size.value=1, mainproject.common.host.value=localhost, mainproject.common.message_protocol_type.desc=메시지 프로토콜, DHB:교차 md5 헤더+바디, DJSON:길이+존슨문자열, THB:길이+바디, default value[DHB], the message protocol set[DJSON, DHB, THB], sessionkey.iv_size.value=16, mainproject.client.asyn.public.private_mailbox_cnt_per_connection.value=2, mainproject.client.asyn.output_message_queue_size.desc=비동기 메시지에 대한 1:1 비지니스 로직 처리기(ClientExecutor) 가  갖는 출력 메시지 큐 크기, default value[10], min[1], max[2147483647], mainproject.client.asyn.output_message_queue_size.value=10, mainproject.client.asyn.input_message_writer.pool_size.desc=클라이언트 비동기 입출력 지원용 입력 메시지 소켓 쓰기 담당 쓰레드 갯수, default value[2], min[1], max[2147483647], sessionkey.symmetric_key.size.value=16, mainproject.common.data_packet_buffer_pool_size.value=1000, sessionkey.symmetric_key.size.desc=세션키에 사용되는 대칭키 크기, default value[16], the integer set[24, 16, 8], subproject.name_list.value=, mainproject.server.pool.input_message_reader.size.desc=입력 메시지 소켓 읽기 담당 쓰레드 갯수, default value[1], min[1], max[2147483647], sessionkey.rsa.keypair_source.value=SERVER, mainproject.common.message_id_fixed_size.desc=데이터 송수신시 메시지 식별자 크기, default value[50], min[7], max[2147483647], mainproject.server.pool.output_message_queue_size.value=10, sessionkey.rsa.privatekey.file.value=D:\gitsinnori\sinnori2\project\sample_test\resources\rsa_keypair\sinnori.privatekey, mainproject.client.asyn.public.private_mailbox_cnt_per_connection.desc=비동기+공유 연결 클래스(ShareAsynConnection)의 메일함 갯수, default value[2], min[1], max[2147483647], servlet_jsp.jdf_servlet_trace.desc=JDF framework에서 서블릿 경과시간 추적 여부, default value[true], the boolean set[false, true], sessionkey.rsa.publickey.file.value=D:\gitsinnori\sinnori2\project\sample_test\resources\rsa_keypair\sinnori.publickey, servlet_jsp.web_layout_control_page.value=/PageJump.jsp, servlet_jsp.jdf_login_page.desc=로그인 처리 jsp, default value[/menu/member/login.jsp], mainproject.common.data_packet_buffer_size.value=4096, servlet_jsp.jdf_servlet_trace.value=true, mainproject.server.pool.read_selector_wakeup_interval.value=10, mainproject.server.pool.accept_processor.size.desc=접속 요청이 승락된 클라이언트의 등록을 담당하는 쓰레드 갯수, default value[1], min[1], max[2147483647], mainproject.server.mybatis.config_file_relative_path.desc=mybatis 설정 파일의 상대 경로, [프로젝트 경로]/resources 경로 기준으로 읽어오며 구별자가 '/' 문자로된 상대 경로로 기술되어야 한다. ex) kr/pe/sinnori/mybatis/mybatisConfig.xml, default value[], mainproject.common.message_id_fixed_size.value=50, common.updownfile.file_block_max_size.value=1048576, mainproject.server.pool.accept_processor.size.value=1, sessionkey.iv_size.desc=세션키에 사용되는 대칭키와 같이 사용되는 IV 크기, default value[16], the integer set[24, 16, 8], servlet_jsp.jdf_login_page.value=/menu/member/login.jsp, mainproject.common.first_prefix_dynamic_class_full_name.desc=동적 클래스 패키지명 접두어, 동적 클래스 여부를 판단하는 기준, default value[kr.pe.sinnori.impl.], mainproject.server.pool.output_message_writer.size.desc=출력 메시지 소켓 쓰기 담당 쓰레드 갯수, default value[1], min[1], max[2147483647]}
06:35:59.775 [main] INFO  k.p.s.c.buildsystem.ProjectBuilder - main project[sample_test]'s child direcotry creation task start
06:35:59.775 [main] INFO  k.p.s.c.buildsystem.ProjectBuilder - main project[sample_test]'s common child direcotry creation task start
06:35:59.791 [main] INFO  k.p.s.common.util.CommonStaticUtil - the new child relative direcotry[D:\gitsinnori\sinnori\project\sample_test][config] was created successfully
06:35:59.791 [main] INFO  k.p.s.common.util.CommonStaticUtil - the new child relative direcotry[D:\gitsinnori\sinnori\project\sample_test][resources/dbcp] was created successfully
06:35:59.791 [main] INFO  k.p.s.common.util.CommonStaticUtil - the new child relative direcotry[D:\gitsinnori\sinnori\project\sample_test][resources/message_info] was created successfully
06:35:59.791 [main] INFO  k.p.s.common.util.CommonStaticUtil - the new child relative direcotry[D:\gitsinnori\sinnori\project\sample_test][resources/rsa_keypair] was created successfully
06:35:59.791 [main] INFO  k.p.s.common.util.CommonStaticUtil - the new child relative direcotry[D:\gitsinnori\sinnori\project\sample_test][log/apache] was created successfully
06:35:59.791 [main] INFO  k.p.s.common.util.CommonStaticUtil - the new child relative direcotry[D:\gitsinnori\sinnori\project\sample_test][log/client] was created successfully
06:35:59.791 [main] INFO  k.p.s.common.util.CommonStaticUtil - the new child relative direcotry[D:\gitsinnori\sinnori\project\sample_test][log/server] was created successfully
06:35:59.791 [main] INFO  k.p.s.common.util.CommonStaticUtil - the new child relative direcotry[D:\gitsinnori\sinnori\project\sample_test][log/servlet] was created successfully
06:35:59.791 [main] INFO  k.p.s.c.buildsystem.ProjectBuilder - main project[sample_test]'s common child direcotry creation task end
06:35:59.791 [main] INFO  k.p.s.c.buildsystem.ProjectBuilder - main project[sample_test]'s server child direcotry creation task start
06:35:59.791 [main] INFO  k.p.s.common.util.CommonStaticUtil - the new child relative direcotry[D:\gitsinnori\sinnori\project\sample_test][server_build/APP-INF/classes] was created successfully
06:35:59.791 [main] INFO  k.p.s.common.util.CommonStaticUtil - the new child relative direcotry[D:\gitsinnori\sinnori\project\sample_test][server_build/corelib/ex] was created successfully
06:35:59.791 [main] INFO  k.p.s.common.util.CommonStaticUtil - the new child relative direcotry[D:\gitsinnori\sinnori\project\sample_test][server_build/corelib/in] was created successfully
06:35:59.791 [main] INFO  k.p.s.common.util.CommonStaticUtil - the new child relative direcotry[D:\gitsinnori\sinnori\project\sample_test][server_build/lib/main/ex] was created successfully
06:35:59.791 [main] INFO  k.p.s.common.util.CommonStaticUtil - the new child relative direcotry[D:\gitsinnori\sinnori\project\sample_test][server_build/lib/main/in] was created successfully
06:35:59.791 [main] INFO  k.p.s.common.util.CommonStaticUtil - the new child relative direcotry[D:\gitsinnori\sinnori\project\sample_test][server_build/lib/test] was created successfully
06:35:59.791 [main] INFO  k.p.s.common.util.CommonStaticUtil - the new child relative direcotry[D:\gitsinnori\sinnori\project\sample_test][server_build/src/main/java/kr/pe/sinnori/impl/servertask] was created successfully
06:35:59.791 [main] INFO  k.p.s.common.util.CommonStaticUtil - the new child relative direcotry[D:\gitsinnori\sinnori\project\sample_test][server_build/src/main/java/kr/pe/sinnori/impl/message] was created successfully
06:35:59.791 [main] INFO  k.p.s.common.util.CommonStaticUtil - the new child relative direcotry[D:\gitsinnori\sinnori\project\sample_test][server_build/src/main/java/main] was created successfully
06:35:59.791 [main] INFO  k.p.s.common.util.CommonStaticUtil - the new child relative direcotry[D:\gitsinnori\sinnori\project\sample_test][server_build/src/test/java] was created successfully
06:35:59.791 [main] INFO  k.p.s.common.util.CommonStaticUtil - the new child relative direcotry[D:\gitsinnori\sinnori\project\sample_test][server_build/build] was created successfully
06:35:59.884 [main] INFO  k.p.s.common.util.CommonStaticUtil - the new child relative direcotry[D:\gitsinnori\sinnori\project\sample_test][server_build/dist] was created successfully
06:35:59.884 [main] INFO  k.p.s.c.buildsystem.ProjectBuilder - main project[sample_test]'s server child direcotry creation task end
06:35:59.884 [main] INFO  k.p.s.c.buildsystem.ProjectBuilder - main project[sample_test]'s child direcotry creation task end
06:35:59.884 [main] INFO  k.p.s.c.buildsystem.ProjectBuilder - main project[sample_test]'s file creation task start
06:35:59.884 [main] INFO  k.p.s.c.buildsystem.ProjectBuilder - main project[sample_test]'s config file creation task start
06:35:59.884 [main] INFO  k.p.s.c.util.SequencedPropertiesUtil - the sequenced properties file[D:\gitsinnori\sinnori\project\sample_test\config\sinnori.properties] was created
06:35:59.900 [main] INFO  k.p.s.c.buildsystem.ProjectBuilder - main project[sample_test]'s config file creation task end
06:35:59.900 [main] INFO  k.p.s.c.buildsystem.ProjectBuilder - the mainproject[sample_test]'s resources directory copy task start
06:35:59.931 [main] INFO  k.p.s.c.buildsystem.ProjectBuilder - the mainproject[sample_test]'s resources directory copy task end
06:35:59.931 [main] INFO  k.p.s.c.buildsystem.ProjectBuilder - server build system files creation task start
06:35:59.931 [main] INFO  k.p.s.c.buildsystem.ProjectBuilder - main project[sample_test]'s server ant build.xml file creation task start
06:35:59.931 [main] INFO  k.p.s.c.buildsystem.ProjectBuilder - main project[sample_test]'s server ant build.xml file creation task end
06:35:59.931 [main] INFO  k.p.s.c.buildsystem.ProjectBuilder - main project[sample_test]'s server dos shell file creation task start
06:35:59.931 [main] INFO  k.p.s.c.buildsystem.ProjectBuilder - main project[sample_test]'s server dos shell file creation task end
06:35:59.931 [main] INFO  k.p.s.c.buildsystem.ProjectBuilder - main project[sample_test]'s server unix shell file creation task start
06:35:59.931 [main] INFO  k.p.s.c.buildsystem.ProjectBuilder - main project[sample_test]'s server unix shell file creation task end
06:35:59.931 [main] INFO  k.p.s.c.buildsystem.ProjectBuilder - server sample source files copy task start
06:35:59.947 [main] INFO  k.p.s.c.buildsystem.ProjectBuilder - server sample source files copy task end
06:35:59.947 [main] INFO  k.p.s.c.buildsystem.ProjectBuilder - main project[sample_test]'s server message io file set creation task start
06:35:59.947 [main] INFO  k.p.s.common.util.CommonStaticUtil - the new child relative direcotry[D:\gitsinnori\sinnori\project\sample_test\server_build\src\main\java\kr\pe\sinnori\impl\message][Echo] was created successfully
06:35:59.947 [main] INFO  k.p.s.c.buildsystem.ProjectBuilder - main project[sample_test]'s message file[Echo][D:\gitsinnori\sinnori\project\sample_test\server_build\src\main\java\kr\pe\sinnori\impl\message] creation task start
06:35:59.947 [main] INFO  k.p.s.c.buildsystem.ProjectBuilder - main project[sample_test]'s message file[Echo][D:\gitsinnori\sinnori\project\sample_test\server_build\src\main\java\kr\pe\sinnori\impl\message] creation task end
06:35:59.947 [main] INFO  k.p.s.c.buildsystem.ProjectBuilder - main project[sample_test]'s message decoder file[Echo][D:\gitsinnori\sinnori\project\sample_test\server_build\src\main\java\kr\pe\sinnori\impl\message] creation task start
06:35:59.947 [main] INFO  k.p.s.c.buildsystem.ProjectBuilder - main project[sample_test]'s message decoder file[Echo][D:\gitsinnori\sinnori\project\sample_test\server_build\src\main\java\kr\pe\sinnori\impl\message] creation task end
06:35:59.947 [main] INFO  k.p.s.c.buildsystem.ProjectBuilder - main project[sample_test]'s message encoder file[Echo][D:\gitsinnori\sinnori\project\sample_test\server_build\src\main\java\kr\pe\sinnori\impl\message] creation task start
06:35:59.947 [main] INFO  k.p.s.c.buildsystem.ProjectBuilder - main project[sample_test]'s message encoder file[Echo][D:\gitsinnori\sinnori\project\sample_test\server_build\src\main\java\kr\pe\sinnori\impl\message] creation task end
06:35:59.947 [main] INFO  k.p.s.c.buildsystem.ProjectBuilder - main project[sample_test]'s message server codec file[Echo][D:\gitsinnori\sinnori\project\sample_test\server_build\src\main\java\kr\pe\sinnori\impl\message] creation task start
06:35:59.947 [main] INFO  k.p.s.c.buildsystem.ProjectBuilder - main project[sample_test]'s message server codec file[Echo][D:\gitsinnori\sinnori\project\sample_test\server_build\src\main\java\kr\pe\sinnori\impl\message] creation task end
06:35:59.947 [main] INFO  k.p.s.c.buildsystem.ProjectBuilder - main project[sample_test]'s message client codec file[Echo][D:\gitsinnori\sinnori\project\sample_test\server_build\src\main\java\kr\pe\sinnori\impl\message] creation task start
06:35:59.947 [main] INFO  k.p.s.c.buildsystem.ProjectBuilder - main project[sample_test]'s message client codec file[Echo][D:\gitsinnori\sinnori\project\sample_test\server_build\src\main\java\kr\pe\sinnori\impl\message] creation task end
06:35:59.947 [main] INFO  k.p.s.common.util.CommonStaticUtil - the new child relative direcotry[D:\gitsinnori\sinnori\project\sample_test\server_build\src\main\java\kr\pe\sinnori\impl\message][PublicKeyReq] was created successfully
06:36:00.025 [main] INFO  k.p.s.c.buildsystem.ProjectBuilder - main project[sample_test]'s message file[PublicKeyReq][D:\gitsinnori\sinnori\project\sample_test\server_build\src\main\java\kr\pe\sinnori\impl\message] creation task start
06:36:00.025 [main] INFO  k.p.s.c.buildsystem.ProjectBuilder - main project[sample_test]'s message file[PublicKeyReq][D:\gitsinnori\sinnori\project\sample_test\server_build\src\main\java\kr\pe\sinnori\impl\message] creation task end
06:36:00.025 [main] INFO  k.p.s.c.buildsystem.ProjectBuilder - main project[sample_test]'s message decoder file[PublicKeyReq][D:\gitsinnori\sinnori\project\sample_test\server_build\src\main\java\kr\pe\sinnori\impl\message] creation task start
06:36:00.041 [main] INFO  k.p.s.c.buildsystem.ProjectBuilder - main project[sample_test]'s message decoder file[PublicKeyReq][D:\gitsinnori\sinnori\project\sample_test\server_build\src\main\java\kr\pe\sinnori\impl\message] creation task end
06:36:00.041 [main] INFO  k.p.s.c.buildsystem.ProjectBuilder - main project[sample_test]'s message encoder file[PublicKeyReq][D:\gitsinnori\sinnori\project\sample_test\server_build\src\main\java\kr\pe\sinnori\impl\message] creation task start
06:36:00.041 [main] INFO  k.p.s.c.buildsystem.ProjectBuilder - main project[sample_test]'s message encoder file[PublicKeyReq][D:\gitsinnori\sinnori\project\sample_test\server_build\src\main\java\kr\pe\sinnori\impl\message] creation task end
06:36:00.041 [main] INFO  k.p.s.c.buildsystem.ProjectBuilder - main project[sample_test]'s message server codec file[PublicKeyReq][D:\gitsinnori\sinnori\project\sample_test\server_build\src\main\java\kr\pe\sinnori\impl\message] creation task start
06:36:00.041 [main] INFO  k.p.s.c.buildsystem.ProjectBuilder - main project[sample_test]'s message server codec file[PublicKeyReq][D:\gitsinnori\sinnori\project\sample_test\server_build\src\main\java\kr\pe\sinnori\impl\message] creation task end
06:36:00.041 [main] INFO  k.p.s.c.buildsystem.ProjectBuilder - main project[sample_test]'s message client codec file[PublicKeyReq][D:\gitsinnori\sinnori\project\sample_test\server_build\src\main\java\kr\pe\sinnori\impl\message] creation task start
06:36:00.041 [main] INFO  k.p.s.c.buildsystem.ProjectBuilder - main project[sample_test]'s message client codec file[PublicKeyReq][D:\gitsinnori\sinnori\project\sample_test\server_build\src\main\java\kr\pe\sinnori\impl\message] creation task end
06:36:00.041 [main] INFO  k.p.s.common.util.CommonStaticUtil - the new child relative direcotry[D:\gitsinnori\sinnori\project\sample_test\server_build\src\main\java\kr\pe\sinnori\impl\message][PublicKeyRes] was created successfully
06:36:00.041 [main] INFO  k.p.s.c.buildsystem.ProjectBuilder - main project[sample_test]'s message file[PublicKeyRes][D:\gitsinnori\sinnori\project\sample_test\server_build\src\main\java\kr\pe\sinnori\impl\message] creation task start
06:36:00.041 [main] INFO  k.p.s.c.buildsystem.ProjectBuilder - main project[sample_test]'s message file[PublicKeyRes][D:\gitsinnori\sinnori\project\sample_test\server_build\src\main\java\kr\pe\sinnori\impl\message] creation task end
06:36:00.041 [main] INFO  k.p.s.c.buildsystem.ProjectBuilder - main project[sample_test]'s message decoder file[PublicKeyRes][D:\gitsinnori\sinnori\project\sample_test\server_build\src\main\java\kr\pe\sinnori\impl\message] creation task start
06:36:00.056 [main] INFO  k.p.s.c.buildsystem.ProjectBuilder - main project[sample_test]'s message decoder file[PublicKeyRes][D:\gitsinnori\sinnori\project\sample_test\server_build\src\main\java\kr\pe\sinnori\impl\message] creation task end
06:36:00.056 [main] INFO  k.p.s.c.buildsystem.ProjectBuilder - main project[sample_test]'s message encoder file[PublicKeyRes][D:\gitsinnori\sinnori\project\sample_test\server_build\src\main\java\kr\pe\sinnori\impl\message] creation task start
06:36:00.056 [main] INFO  k.p.s.c.buildsystem.ProjectBuilder - main project[sample_test]'s message encoder file[PublicKeyRes][D:\gitsinnori\sinnori\project\sample_test\server_build\src\main\java\kr\pe\sinnori\impl\message] creation task end
06:36:00.056 [main] INFO  k.p.s.c.buildsystem.ProjectBuilder - main project[sample_test]'s message server codec file[PublicKeyRes][D:\gitsinnori\sinnori\project\sample_test\server_build\src\main\java\kr\pe\sinnori\impl\message] creation task start
06:36:00.056 [main] INFO  k.p.s.c.buildsystem.ProjectBuilder - main project[sample_test]'s message server codec file[PublicKeyRes][D:\gitsinnori\sinnori\project\sample_test\server_build\src\main\java\kr\pe\sinnori\impl\message] creation task end
06:36:00.056 [main] INFO  k.p.s.c.buildsystem.ProjectBuilder - main project[sample_test]'s message client codec file[PublicKeyRes][D:\gitsinnori\sinnori\project\sample_test\server_build\src\main\java\kr\pe\sinnori\impl\message] creation task start
06:36:00.056 [main] INFO  k.p.s.c.buildsystem.ProjectBuilder - main project[sample_test]'s message client codec file[PublicKeyRes][D:\gitsinnori\sinnori\project\sample_test\server_build\src\main\java\kr\pe\sinnori\impl\message] creation task end
06:36:00.056 [main] INFO  k.p.s.c.buildsystem.ProjectBuilder - main project[sample_test]'s server message io file set creation task end
06:36:00.056 [main] INFO  k.p.s.c.buildsystem.ProjectBuilder - server build system files creation task end
06:36:00.056 [main] INFO  k.p.s.c.buildsystem.ProjectBuilder - main project[sample_test]'s file creation task end
06:36:00.088 [main] INFO  k.p.s.c.buildsystem.ProjectBuilder - main project[sample_test]'s child direcotry creation task start
06:36:00.088 [main] INFO  k.p.s.c.buildsystem.ProjectBuilder - main project[sample_test]'s common child direcotry creation task start
06:36:00.088 [main] INFO  k.p.s.common.util.CommonStaticUtil - the new child relative direcotry[D:\gitsinnori\sinnori\project\sample_test][config] was created successfully
06:36:00.088 [main] INFO  k.p.s.common.util.CommonStaticUtil - the new child relative direcotry[D:\gitsinnori\sinnori\project\sample_test][resources/dbcp] was created successfully
06:36:00.088 [main] INFO  k.p.s.common.util.CommonStaticUtil - the new child relative direcotry[D:\gitsinnori\sinnori\project\sample_test][resources/message_info] was created successfully
06:36:00.088 [main] INFO  k.p.s.common.util.CommonStaticUtil - the new child relative direcotry[D:\gitsinnori\sinnori\project\sample_test][resources/rsa_keypair] was created successfully
06:36:00.088 [main] INFO  k.p.s.common.util.CommonStaticUtil - the new child relative direcotry[D:\gitsinnori\sinnori\project\sample_test][log/apache] was created successfully
06:36:00.088 [main] INFO  k.p.s.common.util.CommonStaticUtil - the new child relative direcotry[D:\gitsinnori\sinnori\project\sample_test][log/client] was created successfully
06:36:00.088 [main] INFO  k.p.s.common.util.CommonStaticUtil - the new child relative direcotry[D:\gitsinnori\sinnori\project\sample_test][log/server] was created successfully
06:36:00.088 [main] INFO  k.p.s.common.util.CommonStaticUtil - the new child relative direcotry[D:\gitsinnori\sinnori\project\sample_test][log/servlet] was created successfully
06:36:00.088 [main] INFO  k.p.s.c.buildsystem.ProjectBuilder - main project[sample_test]'s common child direcotry creation task end
06:36:00.088 [main] INFO  k.p.s.c.buildsystem.ProjectBuilder - main project[sample_test]'s server child direcotry creation task start
06:36:00.088 [main] INFO  k.p.s.common.util.CommonStaticUtil - the new child relative direcotry[D:\gitsinnori\sinnori\project\sample_test][server_build/APP-INF/classes] was created successfully
06:36:00.088 [main] INFO  k.p.s.common.util.CommonStaticUtil - the new child relative direcotry[D:\gitsinnori\sinnori\project\sample_test][server_build/corelib/ex] was created successfully
06:36:00.088 [main] INFO  k.p.s.common.util.CommonStaticUtil - the new child relative direcotry[D:\gitsinnori\sinnori\project\sample_test][server_build/corelib/in] was created successfully
06:36:00.088 [main] INFO  k.p.s.common.util.CommonStaticUtil - the new child relative direcotry[D:\gitsinnori\sinnori\project\sample_test][server_build/lib/main/ex] was created successfully
06:36:00.088 [main] INFO  k.p.s.common.util.CommonStaticUtil - the new child relative direcotry[D:\gitsinnori\sinnori\project\sample_test][server_build/lib/main/in] was created successfully
06:36:00.088 [main] INFO  k.p.s.common.util.CommonStaticUtil - the new child relative direcotry[D:\gitsinnori\sinnori\project\sample_test][server_build/lib/test] was created successfully
06:36:00.088 [main] INFO  k.p.s.common.util.CommonStaticUtil - the new child relative direcotry[D:\gitsinnori\sinnori\project\sample_test][server_build/src/main/java/kr/pe/sinnori/impl/servertask] was created successfully
06:36:00.088 [main] INFO  k.p.s.common.util.CommonStaticUtil - the new child relative direcotry[D:\gitsinnori\sinnori\project\sample_test][server_build/src/main/java/kr/pe/sinnori/impl/message] was created successfully
06:36:00.166 [main] INFO  k.p.s.common.util.CommonStaticUtil - the new child relative direcotry[D:\gitsinnori\sinnori\project\sample_test][server_build/src/main/java/main] was created successfully
06:36:00.166 [main] INFO  k.p.s.common.util.CommonStaticUtil - the new child relative direcotry[D:\gitsinnori\sinnori\project\sample_test][server_build/src/test/java] was created successfully
06:36:00.166 [main] INFO  k.p.s.common.util.CommonStaticUtil - the new child relative direcotry[D:\gitsinnori\sinnori\project\sample_test][server_build/build] was created successfully
06:36:00.166 [main] INFO  k.p.s.common.util.CommonStaticUtil - the new child relative direcotry[D:\gitsinnori\sinnori\project\sample_test][server_build/dist] was created successfully
06:36:00.166 [main] INFO  k.p.s.c.buildsystem.ProjectBuilder - main project[sample_test]'s server child direcotry creation task end
06:36:00.166 [main] INFO  k.p.s.c.buildsystem.ProjectBuilder - main project[sample_test]'s application build child direcotry creation task start
06:36:00.166 [main] INFO  k.p.s.common.util.CommonStaticUtil - the new child relative direcotry[D:\gitsinnori\sinnori\project\sample_test][client_build/app_build/corelib/ex] was created successfully
06:36:00.166 [main] INFO  k.p.s.common.util.CommonStaticUtil - the new child relative direcotry[D:\gitsinnori\sinnori\project\sample_test][client_build/app_build/corelib/in] was created successfully
06:36:00.166 [main] INFO  k.p.s.common.util.CommonStaticUtil - the new child relative direcotry[D:\gitsinnori\sinnori\project\sample_test][client_build/app_build/lib/main/ex] was created successfully
06:36:00.166 [main] INFO  k.p.s.common.util.CommonStaticUtil - the new child relative direcotry[D:\gitsinnori\sinnori\project\sample_test][client_build/app_build/lib/main/in] was created successfully
06:36:00.166 [main] INFO  k.p.s.common.util.CommonStaticUtil - the new child relative direcotry[D:\gitsinnori\sinnori\project\sample_test][client_build/app_build/lib/test] was created successfully
06:36:00.181 [main] INFO  k.p.s.common.util.CommonStaticUtil - the new child relative direcotry[D:\gitsinnori\sinnori\project\sample_test][client_build/app_build/src/main/java/kr/pe/sinnori/impl/message] was created successfully
06:36:00.181 [main] INFO  k.p.s.common.util.CommonStaticUtil - the new child relative direcotry[D:\gitsinnori\sinnori\project\sample_test][client_build/app_build/src/main/java/main] was created successfully
06:36:00.181 [main] INFO  k.p.s.common.util.CommonStaticUtil - the new child relative direcotry[D:\gitsinnori\sinnori\project\sample_test][client_build/app_build/src/test/java] was created successfully
06:36:00.181 [main] INFO  k.p.s.common.util.CommonStaticUtil - the new child relative direcotry[D:\gitsinnori\sinnori\project\sample_test][client_build/app_build/build] was created successfully
06:36:00.181 [main] INFO  k.p.s.common.util.CommonStaticUtil - the new child relative direcotry[D:\gitsinnori\sinnori\project\sample_test][client_build/app_build/dist] was created successfully
06:36:00.181 [main] INFO  k.p.s.c.buildsystem.ProjectBuilder - main project[sample_test]'s application build child direcotry creation task end
06:36:00.181 [main] INFO  k.p.s.c.buildsystem.ProjectBuilder - main project[sample_test]'s web build child direcotry creation task start
06:36:00.181 [main] INFO  k.p.s.common.util.CommonStaticUtil - the new child relative direcotry[D:\gitsinnori\sinnori\project\sample_test][client_build/web_build/corelib/ex] was created successfully
06:36:00.181 [main] INFO  k.p.s.common.util.CommonStaticUtil - the new child relative direcotry[D:\gitsinnori\sinnori\project\sample_test][client_build/web_build/corelib/in] was created successfully
06:36:00.181 [main] INFO  k.p.s.common.util.CommonStaticUtil - the new child relative direcotry[D:\gitsinnori\sinnori\project\sample_test][client_build/web_build/lib/main/ex] was created successfully
06:36:00.181 [main] INFO  k.p.s.common.util.CommonStaticUtil - the new child relative direcotry[D:\gitsinnori\sinnori\project\sample_test][client_build/web_build/lib/main/in] was created successfully
06:36:00.181 [main] INFO  k.p.s.common.util.CommonStaticUtil - the new child relative direcotry[D:\gitsinnori\sinnori\project\sample_test][client_build/web_build/lib/test] was created successfully
06:36:00.181 [main] INFO  k.p.s.common.util.CommonStaticUtil - the new child relative direcotry[D:\gitsinnori\sinnori\project\sample_test][client_build/web_build/src/main/java/kr/pe/sinnori/impl/message] was created successfully
06:36:00.181 [main] INFO  k.p.s.common.util.CommonStaticUtil - the new child relative direcotry[D:\gitsinnori\sinnori\project\sample_test][client_build/web_build/src/main/java//kr/pe/sinnori/servlet] was created successfully
06:36:00.181 [main] INFO  k.p.s.common.util.CommonStaticUtil - the new child relative direcotry[D:\gitsinnori\sinnori\project\sample_test][client_build/web_build/src/main/java/kr/pe/sinnori/weblib/common] was created successfully
06:36:00.181 [main] INFO  k.p.s.common.util.CommonStaticUtil - the new child relative direcotry[D:\gitsinnori\sinnori\project\sample_test][client_build/web_build/src/main/java/kr/pe/sinnori/weblib/htmlstring] was created successfully
06:36:00.181 [main] INFO  k.p.s.common.util.CommonStaticUtil - the new child relative direcotry[D:\gitsinnori\sinnori\project\sample_test][client_build/web_build/src/main/java/kr/pe/sinnori/weblib/jdf] was created successfully
06:36:00.181 [main] INFO  k.p.s.common.util.CommonStaticUtil - the new child relative direcotry[D:\gitsinnori\sinnori\project\sample_test][client_build/web_build/src/test/java] was created successfully
06:36:00.181 [main] INFO  k.p.s.common.util.CommonStaticUtil - the new child relative direcotry[D:\gitsinnori\sinnori\project\sample_test][client_build/web_build/build] was created successfully
06:36:00.181 [main] INFO  k.p.s.common.util.CommonStaticUtil - the new child relative direcotry[D:\gitsinnori\sinnori\project\sample_test][client_build/web_build/dist] was created successfully
06:36:00.181 [main] INFO  k.p.s.c.buildsystem.ProjectBuilder - main project[sample_test]'s web build child direcotry creation task end
06:36:00.181 [main] INFO  k.p.s.c.buildsystem.ProjectBuilder - main project[sample_test]'s web root child direcotry creation task start
06:36:00.181 [main] INFO  k.p.s.common.util.CommonStaticUtil - the new child relative direcotry[D:\gitsinnori\sinnori\project\sample_test][web_app_base/upload] was created successfully
06:36:00.197 [main] INFO  k.p.s.common.util.CommonStaticUtil - the new child relative direcotry[D:\gitsinnori\sinnori\project\sample_test][web_app_base/ROOT/WEB-INF/classes] was created successfully
06:36:00.197 [main] INFO  k.p.s.common.util.CommonStaticUtil - the new child relative direcotry[D:\gitsinnori\sinnori\project\sample_test][web_app_base/ROOT/WEB-INF/lib] was created successfully
06:36:00.197 [main] INFO  k.p.s.c.buildsystem.ProjectBuilder - main project[sample_test]'s web root child direcotry creation task end
06:36:00.197 [main] INFO  k.p.s.c.buildsystem.ProjectBuilder - main project[sample_test]'s child direcotry creation task end
06:36:00.197 [main] INFO  k.p.s.c.buildsystem.ProjectBuilder - main project[sample_test]'s file creation task start
06:36:00.197 [main] INFO  k.p.s.c.buildsystem.ProjectBuilder - main project[sample_test]'s config file creation task start
06:36:00.197 [main] INFO  k.p.s.c.util.SequencedPropertiesUtil - the sequenced properties file[D:\gitsinnori\sinnori\project\sample_test\config\sinnori.properties] was created
06:36:00.197 [main] INFO  k.p.s.c.buildsystem.ProjectBuilder - main project[sample_test]'s config file creation task end
06:36:00.197 [main] INFO  k.p.s.c.buildsystem.ProjectBuilder - the mainproject[sample_test]'s resources directory copy task start
06:36:00.213 [main] INFO  k.p.s.c.buildsystem.ProjectBuilder - the mainproject[sample_test]'s resources directory copy task end
06:36:00.213 [main] INFO  k.p.s.c.buildsystem.ProjectBuilder - server build system files creation task start
06:36:00.213 [main] INFO  k.p.s.c.buildsystem.ProjectBuilder - main project[sample_test]'s server ant build.xml file creation task start
06:36:00.213 [main] INFO  k.p.s.c.buildsystem.ProjectBuilder - main project[sample_test]'s server ant build.xml file creation task end
06:36:00.213 [main] INFO  k.p.s.c.buildsystem.ProjectBuilder - main project[sample_test]'s server dos shell file creation task start
06:36:00.213 [main] INFO  k.p.s.c.buildsystem.ProjectBuilder - main project[sample_test]'s server dos shell file creation task end
06:36:00.213 [main] INFO  k.p.s.c.buildsystem.ProjectBuilder - main project[sample_test]'s server unix shell file creation task start
06:36:00.213 [main] INFO  k.p.s.c.buildsystem.ProjectBuilder - main project[sample_test]'s server unix shell file creation task end
06:36:00.213 [main] INFO  k.p.s.c.buildsystem.ProjectBuilder - server sample source files copy task start
06:36:00.228 [main] INFO  k.p.s.c.buildsystem.ProjectBuilder - server sample source files copy task end
06:36:00.228 [main] INFO  k.p.s.c.buildsystem.ProjectBuilder - main project[sample_test]'s server message io file set creation task start
06:36:00.228 [main] INFO  k.p.s.common.util.CommonStaticUtil - the new child relative direcotry[D:\gitsinnori\sinnori\project\sample_test\server_build\src\main\java\kr\pe\sinnori\impl\message][Echo] was created successfully
06:36:00.228 [main] INFO  k.p.s.c.buildsystem.ProjectBuilder - main project[sample_test]'s message file[Echo][D:\gitsinnori\sinnori\project\sample_test\server_build\src\main\java\kr\pe\sinnori\impl\message] creation task start
06:36:00.228 [main] INFO  k.p.s.c.buildsystem.ProjectBuilder - main project[sample_test]'s message file[Echo][D:\gitsinnori\sinnori\project\sample_test\server_build\src\main\java\kr\pe\sinnori\impl\message] creation task end
06:36:00.228 [main] INFO  k.p.s.c.buildsystem.ProjectBuilder - main project[sample_test]'s message decoder file[Echo][D:\gitsinnori\sinnori\project\sample_test\server_build\src\main\java\kr\pe\sinnori\impl\message] creation task start
06:36:00.228 [main] INFO  k.p.s.c.buildsystem.ProjectBuilder - main project[sample_test]'s message decoder file[Echo][D:\gitsinnori\sinnori\project\sample_test\server_build\src\main\java\kr\pe\sinnori\impl\message] creation task end
06:36:00.228 [main] INFO  k.p.s.c.buildsystem.ProjectBuilder - main project[sample_test]'s message encoder file[Echo][D:\gitsinnori\sinnori\project\sample_test\server_build\src\main\java\kr\pe\sinnori\impl\message] creation task start
06:36:00.228 [main] INFO  k.p.s.c.buildsystem.ProjectBuilder - main project[sample_test]'s message encoder file[Echo][D:\gitsinnori\sinnori\project\sample_test\server_build\src\main\java\kr\pe\sinnori\impl\message] creation task end
06:36:00.228 [main] INFO  k.p.s.c.buildsystem.ProjectBuilder - main project[sample_test]'s message server codec file[Echo][D:\gitsinnori\sinnori\project\sample_test\server_build\src\main\java\kr\pe\sinnori\impl\message] creation task start
06:36:00.228 [main] INFO  k.p.s.c.buildsystem.ProjectBuilder - main project[sample_test]'s message server codec file[Echo][D:\gitsinnori\sinnori\project\sample_test\server_build\src\main\java\kr\pe\sinnori\impl\message] creation task end
06:36:00.228 [main] INFO  k.p.s.c.buildsystem.ProjectBuilder - main project[sample_test]'s message client codec file[Echo][D:\gitsinnori\sinnori\project\sample_test\server_build\src\main\java\kr\pe\sinnori\impl\message] creation task start
06:36:00.244 [main] INFO  k.p.s.c.buildsystem.ProjectBuilder - main project[sample_test]'s message client codec file[Echo][D:\gitsinnori\sinnori\project\sample_test\server_build\src\main\java\kr\pe\sinnori\impl\message] creation task end
06:36:00.306 [main] INFO  k.p.s.common.util.CommonStaticUtil - the new child relative direcotry[D:\gitsinnori\sinnori\project\sample_test\server_build\src\main\java\kr\pe\sinnori\impl\message][PublicKeyReq] was created successfully
06:36:00.306 [main] INFO  k.p.s.c.buildsystem.ProjectBuilder - main project[sample_test]'s message file[PublicKeyReq][D:\gitsinnori\sinnori\project\sample_test\server_build\src\main\java\kr\pe\sinnori\impl\message] creation task start
06:36:00.306 [main] INFO  k.p.s.c.buildsystem.ProjectBuilder - main project[sample_test]'s message file[PublicKeyReq][D:\gitsinnori\sinnori\project\sample_test\server_build\src\main\java\kr\pe\sinnori\impl\message] creation task end
06:36:00.306 [main] INFO  k.p.s.c.buildsystem.ProjectBuilder - main project[sample_test]'s message decoder file[PublicKeyReq][D:\gitsinnori\sinnori\project\sample_test\server_build\src\main\java\kr\pe\sinnori\impl\message] creation task start
06:36:00.322 [main] INFO  k.p.s.c.buildsystem.ProjectBuilder - main project[sample_test]'s message decoder file[PublicKeyReq][D:\gitsinnori\sinnori\project\sample_test\server_build\src\main\java\kr\pe\sinnori\impl\message] creation task end
06:36:00.322 [main] INFO  k.p.s.c.buildsystem.ProjectBuilder - main project[sample_test]'s message encoder file[PublicKeyReq][D:\gitsinnori\sinnori\project\sample_test\server_build\src\main\java\kr\pe\sinnori\impl\message] creation task start
06:36:00.322 [main] INFO  k.p.s.c.buildsystem.ProjectBuilder - main project[sample_test]'s message encoder file[PublicKeyReq][D:\gitsinnori\sinnori\project\sample_test\server_build\src\main\java\kr\pe\sinnori\impl\message] creation task end
06:36:00.322 [main] INFO  k.p.s.c.buildsystem.ProjectBuilder - main project[sample_test]'s message server codec file[PublicKeyReq][D:\gitsinnori\sinnori\project\sample_test\server_build\src\main\java\kr\pe\sinnori\impl\message] creation task start
06:36:00.322 [main] INFO  k.p.s.c.buildsystem.ProjectBuilder - main project[sample_test]'s message server codec file[PublicKeyReq][D:\gitsinnori\sinnori\project\sample_test\server_build\src\main\java\kr\pe\sinnori\impl\message] creation task end
06:36:00.322 [main] INFO  k.p.s.c.buildsystem.ProjectBuilder - main project[sample_test]'s message client codec file[PublicKeyReq][D:\gitsinnori\sinnori\project\sample_test\server_build\src\main\java\kr\pe\sinnori\impl\message] creation task start
06:36:00.338 [main] INFO  k.p.s.c.buildsystem.ProjectBuilder - main project[sample_test]'s message client codec file[PublicKeyReq][D:\gitsinnori\sinnori\project\sample_test\server_build\src\main\java\kr\pe\sinnori\impl\message] creation task end
06:36:00.338 [main] INFO  k.p.s.common.util.CommonStaticUtil - the new child relative direcotry[D:\gitsinnori\sinnori\project\sample_test\server_build\src\main\java\kr\pe\sinnori\impl\message][PublicKeyRes] was created successfully
06:36:00.338 [main] INFO  k.p.s.c.buildsystem.ProjectBuilder - main project[sample_test]'s message file[PublicKeyRes][D:\gitsinnori\sinnori\project\sample_test\server_build\src\main\java\kr\pe\sinnori\impl\message] creation task start
06:36:00.338 [main] INFO  k.p.s.c.buildsystem.ProjectBuilder - main project[sample_test]'s message file[PublicKeyRes][D:\gitsinnori\sinnori\project\sample_test\server_build\src\main\java\kr\pe\sinnori\impl\message] creation task end
06:36:00.338 [main] INFO  k.p.s.c.buildsystem.ProjectBuilder - main project[sample_test]'s message decoder file[PublicKeyRes][D:\gitsinnori\sinnori\project\sample_test\server_build\src\main\java\kr\pe\sinnori\impl\message] creation task start
06:36:00.338 [main] INFO  k.p.s.c.buildsystem.ProjectBuilder - main project[sample_test]'s message decoder file[PublicKeyRes][D:\gitsinnori\sinnori\project\sample_test\server_build\src\main\java\kr\pe\sinnori\impl\message] creation task end
06:36:00.338 [main] INFO  k.p.s.c.buildsystem.ProjectBuilder - main project[sample_test]'s message encoder file[PublicKeyRes][D:\gitsinnori\sinnori\project\sample_test\server_build\src\main\java\kr\pe\sinnori\impl\message] creation task start
06:36:00.338 [main] INFO  k.p.s.c.buildsystem.ProjectBuilder - main project[sample_test]'s message encoder file[PublicKeyRes][D:\gitsinnori\sinnori\project\sample_test\server_build\src\main\java\kr\pe\sinnori\impl\message] creation task end
06:36:00.338 [main] INFO  k.p.s.c.buildsystem.ProjectBuilder - main project[sample_test]'s message server codec file[PublicKeyRes][D:\gitsinnori\sinnori\project\sample_test\server_build\src\main\java\kr\pe\sinnori\impl\message] creation task start
06:36:00.353 [main] INFO  k.p.s.c.buildsystem.ProjectBuilder - main project[sample_test]'s message server codec file[PublicKeyRes][D:\gitsinnori\sinnori\project\sample_test\server_build\src\main\java\kr\pe\sinnori\impl\message] creation task end
06:36:00.353 [main] INFO  k.p.s.c.buildsystem.ProjectBuilder - main project[sample_test]'s message client codec file[PublicKeyRes][D:\gitsinnori\sinnori\project\sample_test\server_build\src\main\java\kr\pe\sinnori\impl\message] creation task start
06:36:00.353 [main] INFO  k.p.s.c.buildsystem.ProjectBuilder - main project[sample_test]'s message client codec file[PublicKeyRes][D:\gitsinnori\sinnori\project\sample_test\server_build\src\main\java\kr\pe\sinnori\impl\message] creation task end
06:36:00.353 [main] INFO  k.p.s.c.buildsystem.ProjectBuilder - main project[sample_test]'s server message io file set creation task end
06:36:00.353 [main] INFO  k.p.s.c.buildsystem.ProjectBuilder - server build system files creation task end
06:36:00.353 [main] INFO  k.p.s.c.buildsystem.ProjectBuilder - mainproject[sample_test]'s application client build system files creation task start
06:36:00.353 [main] INFO  k.p.s.c.buildsystem.ProjectBuilder - main project[sample_test]'s application client ant build.xml file creation task start
06:36:00.353 [main] INFO  k.p.s.c.buildsystem.ProjectBuilder - main project[sample_test]'s application client ant build.xml file creation task end
06:36:00.353 [main] INFO  k.p.s.c.buildsystem.ProjectBuilder - main project[sample_test]'s application client dos shell file creation task start
06:36:00.353 [main] INFO  k.p.s.c.buildsystem.ProjectBuilder - main project[sample_test]'s application client dos shell file creation task end
06:36:00.353 [main] INFO  k.p.s.c.buildsystem.ProjectBuilder - main project[sample_test]'s application client unix shell file creation task start
06:36:00.353 [main] INFO  k.p.s.c.buildsystem.ProjectBuilder - main project[sample_test]'s application client unix shell file creation task end
06:36:00.353 [main] INFO  k.p.s.c.buildsystem.ProjectBuilder - application client sample source files copy task start
06:36:00.369 [main] INFO  k.p.s.c.buildsystem.ProjectBuilder - application client sample source files copy task end
06:36:00.369 [main] INFO  k.p.s.c.buildsystem.ProjectBuilder - main project[sample_test]'s application client message io file set creation task start
06:36:00.369 [main] INFO  k.p.s.common.util.CommonStaticUtil - the new child relative direcotry[D:\gitsinnori\sinnori\project\sample_test\client_build\app_build\src\main\java\kr\pe\sinnori\impl\message][Echo] was created successfully
06:36:00.369 [main] INFO  k.p.s.c.buildsystem.ProjectBuilder - main project[sample_test]'s message file[Echo][D:\gitsinnori\sinnori\project\sample_test\client_build\app_build\src\main\java\kr\pe\sinnori\impl\message] creation task start
06:36:00.369 [main] INFO  k.p.s.c.buildsystem.ProjectBuilder - main project[sample_test]'s message file[Echo][D:\gitsinnori\sinnori\project\sample_test\client_build\app_build\src\main\java\kr\pe\sinnori\impl\message] creation task end
06:36:00.369 [main] INFO  k.p.s.c.buildsystem.ProjectBuilder - main project[sample_test]'s message decoder file[Echo][D:\gitsinnori\sinnori\project\sample_test\client_build\app_build\src\main\java\kr\pe\sinnori\impl\message] creation task start
06:36:00.369 [main] INFO  k.p.s.c.buildsystem.ProjectBuilder - main project[sample_test]'s message decoder file[Echo][D:\gitsinnori\sinnori\project\sample_test\client_build\app_build\src\main\java\kr\pe\sinnori\impl\message] creation task end
06:36:00.369 [main] INFO  k.p.s.c.buildsystem.ProjectBuilder - main project[sample_test]'s message encoder file[Echo][D:\gitsinnori\sinnori\project\sample_test\client_build\app_build\src\main\java\kr\pe\sinnori\impl\message] creation task start
06:36:00.369 [main] INFO  k.p.s.c.buildsystem.ProjectBuilder - main project[sample_test]'s message encoder file[Echo][D:\gitsinnori\sinnori\project\sample_test\client_build\app_build\src\main\java\kr\pe\sinnori\impl\message] creation task end
06:36:00.369 [main] INFO  k.p.s.c.buildsystem.ProjectBuilder - main project[sample_test]'s message server codec file[Echo][D:\gitsinnori\sinnori\project\sample_test\client_build\app_build\src\main\java\kr\pe\sinnori\impl\message] creation task start
06:36:00.369 [main] INFO  k.p.s.c.buildsystem.ProjectBuilder - main project[sample_test]'s message server codec file[Echo][D:\gitsinnori\sinnori\project\sample_test\client_build\app_build\src\main\java\kr\pe\sinnori\impl\message] creation task end
06:36:00.369 [main] INFO  k.p.s.c.buildsystem.ProjectBuilder - main project[sample_test]'s message client codec file[Echo][D:\gitsinnori\sinnori\project\sample_test\client_build\app_build\src\main\java\kr\pe\sinnori\impl\message] creation task start
06:36:00.369 [main] INFO  k.p.s.c.buildsystem.ProjectBuilder - main project[sample_test]'s message client codec file[Echo][D:\gitsinnori\sinnori\project\sample_test\client_build\app_build\src\main\java\kr\pe\sinnori\impl\message] creation task end
06:36:00.369 [main] INFO  k.p.s.common.util.CommonStaticUtil - the new child relative direcotry[D:\gitsinnori\sinnori\project\sample_test\client_build\app_build\src\main\java\kr\pe\sinnori\impl\message][PublicKeyReq] was created successfully
06:36:00.369 [main] INFO  k.p.s.c.buildsystem.ProjectBuilder - main project[sample_test]'s message file[PublicKeyReq][D:\gitsinnori\sinnori\project\sample_test\client_build\app_build\src\main\java\kr\pe\sinnori\impl\message] creation task start
06:36:00.369 [main] INFO  k.p.s.c.buildsystem.ProjectBuilder - main project[sample_test]'s message file[PublicKeyReq][D:\gitsinnori\sinnori\project\sample_test\client_build\app_build\src\main\java\kr\pe\sinnori\impl\message] creation task end
06:36:00.463 [main] INFO  k.p.s.c.buildsystem.ProjectBuilder - main project[sample_test]'s message decoder file[PublicKeyReq][D:\gitsinnori\sinnori\project\sample_test\client_build\app_build\src\main\java\kr\pe\sinnori\impl\message] creation task start
06:36:00.463 [main] INFO  k.p.s.c.buildsystem.ProjectBuilder - main project[sample_test]'s message decoder file[PublicKeyReq][D:\gitsinnori\sinnori\project\sample_test\client_build\app_build\src\main\java\kr\pe\sinnori\impl\message] creation task end
06:36:00.463 [main] INFO  k.p.s.c.buildsystem.ProjectBuilder - main project[sample_test]'s message encoder file[PublicKeyReq][D:\gitsinnori\sinnori\project\sample_test\client_build\app_build\src\main\java\kr\pe\sinnori\impl\message] creation task start
06:36:00.463 [main] INFO  k.p.s.c.buildsystem.ProjectBuilder - main project[sample_test]'s message encoder file[PublicKeyReq][D:\gitsinnori\sinnori\project\sample_test\client_build\app_build\src\main\java\kr\pe\sinnori\impl\message] creation task end
06:36:00.463 [main] INFO  k.p.s.c.buildsystem.ProjectBuilder - main project[sample_test]'s message server codec file[PublicKeyReq][D:\gitsinnori\sinnori\project\sample_test\client_build\app_build\src\main\java\kr\pe\sinnori\impl\message] creation task start
06:36:00.478 [main] INFO  k.p.s.c.buildsystem.ProjectBuilder - main project[sample_test]'s message server codec file[PublicKeyReq][D:\gitsinnori\sinnori\project\sample_test\client_build\app_build\src\main\java\kr\pe\sinnori\impl\message] creation task end
06:36:00.478 [main] INFO  k.p.s.c.buildsystem.ProjectBuilder - main project[sample_test]'s message client codec file[PublicKeyReq][D:\gitsinnori\sinnori\project\sample_test\client_build\app_build\src\main\java\kr\pe\sinnori\impl\message] creation task start
06:36:00.478 [main] INFO  k.p.s.c.buildsystem.ProjectBuilder - main project[sample_test]'s message client codec file[PublicKeyReq][D:\gitsinnori\sinnori\project\sample_test\client_build\app_build\src\main\java\kr\pe\sinnori\impl\message] creation task end
06:36:00.478 [main] INFO  k.p.s.common.util.CommonStaticUtil - the new child relative direcotry[D:\gitsinnori\sinnori\project\sample_test\client_build\app_build\src\main\java\kr\pe\sinnori\impl\message][PublicKeyRes] was created successfully
06:36:00.478 [main] INFO  k.p.s.c.buildsystem.ProjectBuilder - main project[sample_test]'s message file[PublicKeyRes][D:\gitsinnori\sinnori\project\sample_test\client_build\app_build\src\main\java\kr\pe\sinnori\impl\message] creation task start
06:36:00.494 [main] INFO  k.p.s.c.buildsystem.ProjectBuilder - main project[sample_test]'s message file[PublicKeyRes][D:\gitsinnori\sinnori\project\sample_test\client_build\app_build\src\main\java\kr\pe\sinnori\impl\message] creation task end
06:36:00.494 [main] INFO  k.p.s.c.buildsystem.ProjectBuilder - main project[sample_test]'s message decoder file[PublicKeyRes][D:\gitsinnori\sinnori\project\sample_test\client_build\app_build\src\main\java\kr\pe\sinnori\impl\message] creation task start
06:36:00.494 [main] INFO  k.p.s.c.buildsystem.ProjectBuilder - main project[sample_test]'s message decoder file[PublicKeyRes][D:\gitsinnori\sinnori\project\sample_test\client_build\app_build\src\main\java\kr\pe\sinnori\impl\message] creation task end
06:36:00.494 [main] INFO  k.p.s.c.buildsystem.ProjectBuilder - main project[sample_test]'s message encoder file[PublicKeyRes][D:\gitsinnori\sinnori\project\sample_test\client_build\app_build\src\main\java\kr\pe\sinnori\impl\message] creation task start
06:36:00.494 [main] INFO  k.p.s.c.buildsystem.ProjectBuilder - main project[sample_test]'s message encoder file[PublicKeyRes][D:\gitsinnori\sinnori\project\sample_test\client_build\app_build\src\main\java\kr\pe\sinnori\impl\message] creation task end
06:36:00.494 [main] INFO  k.p.s.c.buildsystem.ProjectBuilder - main project[sample_test]'s message server codec file[PublicKeyRes][D:\gitsinnori\sinnori\project\sample_test\client_build\app_build\src\main\java\kr\pe\sinnori\impl\message] creation task start
06:36:00.494 [main] INFO  k.p.s.c.buildsystem.ProjectBuilder - main project[sample_test]'s message server codec file[PublicKeyRes][D:\gitsinnori\sinnori\project\sample_test\client_build\app_build\src\main\java\kr\pe\sinnori\impl\message] creation task end
06:36:00.494 [main] INFO  k.p.s.c.buildsystem.ProjectBuilder - main project[sample_test]'s message client codec file[PublicKeyRes][D:\gitsinnori\sinnori\project\sample_test\client_build\app_build\src\main\java\kr\pe\sinnori\impl\message] creation task start
06:36:00.494 [main] INFO  k.p.s.c.buildsystem.ProjectBuilder - main project[sample_test]'s message client codec file[PublicKeyRes][D:\gitsinnori\sinnori\project\sample_test\client_build\app_build\src\main\java\kr\pe\sinnori\impl\message] creation task end
06:36:00.494 [main] INFO  k.p.s.c.buildsystem.ProjectBuilder - main project[sample_test]'s application client message io file set creation task end
06:36:00.494 [main] INFO  k.p.s.c.buildsystem.ProjectBuilder - mainproject[sample_test]'s application client build system files creation task end
06:36:00.494 [main] INFO  k.p.s.c.buildsystem.ProjectBuilder - main project[sample_test]'s web client build system files creation task start
06:36:00.494 [main] INFO  k.p.s.c.buildsystem.ProjectBuilder - main project[sample_test]'s web client ant build.xml file creation task start
06:36:00.510 [main] INFO  k.p.s.c.buildsystem.ProjectBuilder - main project[sample_test]'s web client ant build.xml file creation task end
06:36:00.510 [main] INFO  k.p.s.c.buildsystem.ProjectBuilder - main project[sample_test]'s web client ant properties file creation task start
06:36:00.510 [main] INFO  k.p.s.c.util.SequencedPropertiesUtil - the sequenced properties file[D:\gitsinnori\sinnori\project\sample_test\client_build\web_build\webAnt.properties] was created
06:36:00.510 [main] INFO  k.p.s.c.buildsystem.ProjectBuilder - main project[sample_test]'s web client ant properties file creation task end
06:36:00.510 [main] INFO  k.p.s.c.buildsystem.ProjectBuilder - main project[sample_test]'s web client message io file set creation task start
06:36:00.510 [main] INFO  k.p.s.common.util.CommonStaticUtil - the new child relative direcotry[D:\gitsinnori\sinnori\project\sample_test\client_build\web_build\src\main\java\kr\pe\sinnori\impl\message][Echo] was created successfully
06:36:00.510 [main] INFO  k.p.s.c.buildsystem.ProjectBuilder - main project[sample_test]'s message file[Echo][D:\gitsinnori\sinnori\project\sample_test\client_build\web_build\src\main\java\kr\pe\sinnori\impl\message] creation task start
06:36:00.510 [main] INFO  k.p.s.c.buildsystem.ProjectBuilder - main project[sample_test]'s message file[Echo][D:\gitsinnori\sinnori\project\sample_test\client_build\web_build\src\main\java\kr\pe\sinnori\impl\message] creation task end
06:36:00.510 [main] INFO  k.p.s.c.buildsystem.ProjectBuilder - main project[sample_test]'s message decoder file[Echo][D:\gitsinnori\sinnori\project\sample_test\client_build\web_build\src\main\java\kr\pe\sinnori\impl\message] creation task start
06:36:00.525 [main] INFO  k.p.s.c.buildsystem.ProjectBuilder - main project[sample_test]'s message decoder file[Echo][D:\gitsinnori\sinnori\project\sample_test\client_build\web_build\src\main\java\kr\pe\sinnori\impl\message] creation task end
06:36:00.603 [main] INFO  k.p.s.c.buildsystem.ProjectBuilder - main project[sample_test]'s message encoder file[Echo][D:\gitsinnori\sinnori\project\sample_test\client_build\web_build\src\main\java\kr\pe\sinnori\impl\message] creation task start
06:36:00.603 [main] INFO  k.p.s.c.buildsystem.ProjectBuilder - main project[sample_test]'s message encoder file[Echo][D:\gitsinnori\sinnori\project\sample_test\client_build\web_build\src\main\java\kr\pe\sinnori\impl\message] creation task end
06:36:00.603 [main] INFO  k.p.s.c.buildsystem.ProjectBuilder - main project[sample_test]'s message server codec file[Echo][D:\gitsinnori\sinnori\project\sample_test\client_build\web_build\src\main\java\kr\pe\sinnori\impl\message] creation task start
06:36:00.603 [main] INFO  k.p.s.c.buildsystem.ProjectBuilder - main project[sample_test]'s message server codec file[Echo][D:\gitsinnori\sinnori\project\sample_test\client_build\web_build\src\main\java\kr\pe\sinnori\impl\message] creation task end
06:36:00.603 [main] INFO  k.p.s.c.buildsystem.ProjectBuilder - main project[sample_test]'s message client codec file[Echo][D:\gitsinnori\sinnori\project\sample_test\client_build\web_build\src\main\java\kr\pe\sinnori\impl\message] creation task start
06:36:00.619 [main] INFO  k.p.s.c.buildsystem.ProjectBuilder - main project[sample_test]'s message client codec file[Echo][D:\gitsinnori\sinnori\project\sample_test\client_build\web_build\src\main\java\kr\pe\sinnori\impl\message] creation task end
06:36:00.619 [main] INFO  k.p.s.common.util.CommonStaticUtil - the new child relative direcotry[D:\gitsinnori\sinnori\project\sample_test\client_build\web_build\src\main\java\kr\pe\sinnori\impl\message][PublicKeyReq] was created successfully
06:36:00.619 [main] INFO  k.p.s.c.buildsystem.ProjectBuilder - main project[sample_test]'s message file[PublicKeyReq][D:\gitsinnori\sinnori\project\sample_test\client_build\web_build\src\main\java\kr\pe\sinnori\impl\message] creation task start
06:36:00.619 [main] INFO  k.p.s.c.buildsystem.ProjectBuilder - main project[sample_test]'s message file[PublicKeyReq][D:\gitsinnori\sinnori\project\sample_test\client_build\web_build\src\main\java\kr\pe\sinnori\impl\message] creation task end
06:36:00.619 [main] INFO  k.p.s.c.buildsystem.ProjectBuilder - main project[sample_test]'s message decoder file[PublicKeyReq][D:\gitsinnori\sinnori\project\sample_test\client_build\web_build\src\main\java\kr\pe\sinnori\impl\message] creation task start
06:36:00.635 [main] INFO  k.p.s.c.buildsystem.ProjectBuilder - main project[sample_test]'s message decoder file[PublicKeyReq][D:\gitsinnori\sinnori\project\sample_test\client_build\web_build\src\main\java\kr\pe\sinnori\impl\message] creation task end
06:36:00.635 [main] INFO  k.p.s.c.buildsystem.ProjectBuilder - main project[sample_test]'s message encoder file[PublicKeyReq][D:\gitsinnori\sinnori\project\sample_test\client_build\web_build\src\main\java\kr\pe\sinnori\impl\message] creation task start
06:36:00.635 [main] INFO  k.p.s.c.buildsystem.ProjectBuilder - main project[sample_test]'s message encoder file[PublicKeyReq][D:\gitsinnori\sinnori\project\sample_test\client_build\web_build\src\main\java\kr\pe\sinnori\impl\message] creation task end
06:36:00.635 [main] INFO  k.p.s.c.buildsystem.ProjectBuilder - main project[sample_test]'s message server codec file[PublicKeyReq][D:\gitsinnori\sinnori\project\sample_test\client_build\web_build\src\main\java\kr\pe\sinnori\impl\message] creation task start
06:36:00.635 [main] INFO  k.p.s.c.buildsystem.ProjectBuilder - main project[sample_test]'s message server codec file[PublicKeyReq][D:\gitsinnori\sinnori\project\sample_test\client_build\web_build\src\main\java\kr\pe\sinnori\impl\message] creation task end
06:36:00.635 [main] INFO  k.p.s.c.buildsystem.ProjectBuilder - main project[sample_test]'s message client codec file[PublicKeyReq][D:\gitsinnori\sinnori\project\sample_test\client_build\web_build\src\main\java\kr\pe\sinnori\impl\message] creation task start
06:36:00.635 [main] INFO  k.p.s.c.buildsystem.ProjectBuilder - main project[sample_test]'s message client codec file[PublicKeyReq][D:\gitsinnori\sinnori\project\sample_test\client_build\web_build\src\main\java\kr\pe\sinnori\impl\message] creation task end
06:36:00.635 [main] INFO  k.p.s.common.util.CommonStaticUtil - the new child relative direcotry[D:\gitsinnori\sinnori\project\sample_test\client_build\web_build\src\main\java\kr\pe\sinnori\impl\message][PublicKeyRes] was created successfully
06:36:00.635 [main] INFO  k.p.s.c.buildsystem.ProjectBuilder - main project[sample_test]'s message file[PublicKeyRes][D:\gitsinnori\sinnori\project\sample_test\client_build\web_build\src\main\java\kr\pe\sinnori\impl\message] creation task start
06:36:00.635 [main] INFO  k.p.s.c.buildsystem.ProjectBuilder - main project[sample_test]'s message file[PublicKeyRes][D:\gitsinnori\sinnori\project\sample_test\client_build\web_build\src\main\java\kr\pe\sinnori\impl\message] creation task end
06:36:00.635 [main] INFO  k.p.s.c.buildsystem.ProjectBuilder - main project[sample_test]'s message decoder file[PublicKeyRes][D:\gitsinnori\sinnori\project\sample_test\client_build\web_build\src\main\java\kr\pe\sinnori\impl\message] creation task start
06:36:00.650 [main] INFO  k.p.s.c.buildsystem.ProjectBuilder - main project[sample_test]'s message decoder file[PublicKeyRes][D:\gitsinnori\sinnori\project\sample_test\client_build\web_build\src\main\java\kr\pe\sinnori\impl\message] creation task end
06:36:00.650 [main] INFO  k.p.s.c.buildsystem.ProjectBuilder - main project[sample_test]'s message encoder file[PublicKeyRes][D:\gitsinnori\sinnori\project\sample_test\client_build\web_build\src\main\java\kr\pe\sinnori\impl\message] creation task start
06:36:00.650 [main] INFO  k.p.s.c.buildsystem.ProjectBuilder - main project[sample_test]'s message encoder file[PublicKeyRes][D:\gitsinnori\sinnori\project\sample_test\client_build\web_build\src\main\java\kr\pe\sinnori\impl\message] creation task end
06:36:00.650 [main] INFO  k.p.s.c.buildsystem.ProjectBuilder - main project[sample_test]'s message server codec file[PublicKeyRes][D:\gitsinnori\sinnori\project\sample_test\client_build\web_build\src\main\java\kr\pe\sinnori\impl\message] creation task start
06:36:00.650 [main] INFO  k.p.s.c.buildsystem.ProjectBuilder - main project[sample_test]'s message server codec file[PublicKeyRes][D:\gitsinnori\sinnori\project\sample_test\client_build\web_build\src\main\java\kr\pe\sinnori\impl\message] creation task end
06:36:00.650 [main] INFO  k.p.s.c.buildsystem.ProjectBuilder - main project[sample_test]'s message client codec file[PublicKeyRes][D:\gitsinnori\sinnori\project\sample_test\client_build\web_build\src\main\java\kr\pe\sinnori\impl\message] creation task start
06:36:00.650 [main] INFO  k.p.s.c.buildsystem.ProjectBuilder - main project[sample_test]'s message client codec file[PublicKeyRes][D:\gitsinnori\sinnori\project\sample_test\client_build\web_build\src\main\java\kr\pe\sinnori\impl\message] creation task end
06:36:00.650 [main] INFO  k.p.s.c.buildsystem.ProjectBuilder - main project[sample_test]'s web client message io file set creation task end
06:36:00.650 [main] INFO  k.p.s.c.buildsystem.ProjectBuilder - mainproject[sample_test]'s web client sample source files copy task start
06:36:00.713 [main] INFO  k.p.s.c.buildsystem.ProjectBuilder - mainproject[sample_test]'s web client sample source files copy task end
06:36:00.713 [main] INFO  k.p.s.c.buildsystem.ProjectBuilder - main project[sample_test]'s web client build system files creation task end
06:36:00.713 [main] INFO  k.p.s.c.buildsystem.ProjectBuilder - main project[sample_test]'s web root sample files creation task start
06:36:00.713 [main] INFO  k.p.s.c.buildsystem.ProjectBuilder - main project[sample_test]'s web root sample files copy task start
06:36:00.713 [main] INFO  k.p.s.c.buildsystem.ProjectBuilder - main project[sample_test]'s web root sample files copy task end
06:36:00.713 [main] INFO  k.p.s.c.buildsystem.ProjectBuilder - main project[sample_test]'s web root sample files creation task end
06:36:00.713 [main] INFO  k.p.s.c.buildsystem.ProjectBuilder - main project[sample_test]'s file creation task end
Buildfile: D:\gitsinnori\sinnori\project\sample_test\server_build\build.xml

init.var:
     [echo] java.complile.option.debug=on
     [echo] is.windows.yes=true, is.unix.yes=${is.unix.yes}

make.doscore:
     [exec] Buildfile: D:\gitsinnori\sinnori\core_build\build.xml
     [exec] 
     [exec] init.core:
     [exec]      [echo] java.complile.option.debug=on
     [exec] 
     [exec] compile.common:
     [exec] 
     [exec] make.common:
     [exec] 
     [exec] compile.client:
     [exec]      [echo] this compile.client task doesn't have 'depends' tag so you must call make.common task before this task
     [exec] 
     [exec] compile.server:
     [exec]      [echo] this compile.server task doesn't have 'depends' tag so you must call make.common task before this task
     [exec] 
     [exec] make.core:
     [exec] 
     [exec] BUILD SUCCESSFUL
     [exec] Total time: 0 seconds

make.unixcore:

make.core:

copy.core:
   [delete] Deleting directory D:\gitsinnori\sinnori\project\sample_test\server_build\corelib
    [mkdir] Created dir: D:\gitsinnori\sinnori\project\sample_test\server_build\corelib\ex
    [mkdir] Created dir: D:\gitsinnori\sinnori\project\sample_test\server_build\corelib\in
     [copy] Copying 1 file to D:\gitsinnori\sinnori\project\sample_test\server_build\corelib\in
     [copy] Copying D:\gitsinnori\sinnori\core_build\dist\sinnori-core.jar to D:\gitsinnori\sinnori\project\sample_test\server_build\corelib\in\sinnori-core.jar
     [copy] Copying 12 files to D:\gitsinnori\sinnori\project\sample_test\server_build\corelib\ex
     [copy] Copying D:\gitsinnori\sinnori\core_build\lib\main\ex\commons-codec-1.9.jar to D:\gitsinnori\sinnori\project\sample_test\server_build\corelib\ex\commons-codec-1.9.jar
     [copy] Copying D:\gitsinnori\sinnori\core_build\lib\main\ex\commons-collections4-4.1.jar to D:\gitsinnori\sinnori\project\sample_test\server_build\corelib\ex\commons-collections4-4.1.jar
     [copy] Copying D:\gitsinnori\sinnori\core_build\lib\main\ex\commons-dbcp2-2.0.1.jar to D:\gitsinnori\sinnori\project\sample_test\server_build\corelib\ex\commons-dbcp2-2.0.1.jar
     [copy] Copying D:\gitsinnori\sinnori\core_build\lib\main\ex\commons-io-2.5.jar to D:\gitsinnori\sinnori\project\sample_test\server_build\corelib\ex\commons-io-2.5.jar
     [copy] Copying D:\gitsinnori\sinnori\core_build\lib\main\ex\commons-pool2-2.2.jar to D:\gitsinnori\sinnori\project\sample_test\server_build\corelib\ex\commons-pool2-2.2.jar
     [copy] Copying D:\gitsinnori\sinnori\core_build\lib\main\ex\jcl-over-slf4j-1.7.7.jar to D:\gitsinnori\sinnori\project\sample_test\server_build\corelib\ex\jcl-over-slf4j-1.7.7.jar
     [copy] Copying D:\gitsinnori\sinnori\core_build\lib\main\ex\json-simple-1.1.1.jar to D:\gitsinnori\sinnori\project\sample_test\server_build\corelib\ex\json-simple-1.1.1.jar
     [copy] Copying D:\gitsinnori\sinnori\core_build\lib\main\ex\logback-classic-1.1.2.jar to D:\gitsinnori\sinnori\project\sample_test\server_build\corelib\ex\logback-classic-1.1.2.jar
     [copy] Copying D:\gitsinnori\sinnori\core_build\lib\main\ex\logback-core-1.1.2.jar to D:\gitsinnori\sinnori\project\sample_test\server_build\corelib\ex\logback-core-1.1.2.jar
     [copy] Copying D:\gitsinnori\sinnori\core_build\lib\main\ex\mybatis-3.3.0-SNAPSHOT.jar to D:\gitsinnori\sinnori\project\sample_test\server_build\corelib\ex\mybatis-3.3.0-SNAPSHOT.jar
     [copy] Copying D:\gitsinnori\sinnori\core_build\lib\main\ex\mysql-connector-java-5.1.37-bin.jar to D:\gitsinnori\sinnori\project\sample_test\server_build\corelib\ex\mysql-connector-java-5.1.37-bin.jar
     [copy] Copying D:\gitsinnori\sinnori\core_build\lib\main\ex\slf4j-api-1.7.7.jar to D:\gitsinnori\sinnori\project\sample_test\server_build\corelib\ex\slf4j-api-1.7.7.jar

copy.appinf:
   [delete] Deleting directory D:\gitsinnori\sinnori\project\sample_test\server_build\APP-INF\classes
    [mkdir] Created dir: D:\gitsinnori\sinnori\project\sample_test\server_build\APP-INF\classes
    [mkdir] Created dir: D:\gitsinnori\sinnori\project\sample_test\server_build\APP-INF\resources
     [copy] Copying 2 files to D:\gitsinnori\sinnori\project\sample_test\server_build\APP-INF\resources
     [copy] Copying D:\gitsinnori\sinnori\core_build\APP-INF\resources\kr\pe\sinnori\impl\mybatis\mybatisConfig.xml.sample to D:\gitsinnori\sinnori\project\sample_test\server_build\APP-INF\resources\kr\pe\sinnori\impl\mybatis\mybatisConfig.xml.sample
     [copy] Copying D:\gitsinnori\sinnori\core_build\APP-INF\resources\kr\pe\sinnori\impl\mybatis\sinnoriWebMapper.xml.sample to D:\gitsinnori\sinnori\project\sample_test\server_build\APP-INF\resources\kr\pe\sinnori\impl\mybatis\sinnoriWebMapper.xml.sample

compile.main:
   [delete] Deleting directory D:\gitsinnori\sinnori\project\sample_test\server_build\build
    [mkdir] Created dir: D:\gitsinnori\sinnori\project\sample_test\server_build\build
    [javac] Compiling 1 source file to D:\gitsinnori\sinnori\project\sample_test\server_build\build

copy.distlib:
   [delete] Deleting directory D:\gitsinnori\sinnori\project\sample_test\server_build\dist
    [mkdir] Created dir: D:\gitsinnori\sinnori\project\sample_test\server_build\dist\lib
     [copy] Copying 12 files to D:\gitsinnori\sinnori\project\sample_test\server_build\dist\lib
     [copy] Copying D:\gitsinnori\sinnori\project\sample_test\server_build\corelib\ex\commons-codec-1.9.jar to D:\gitsinnori\sinnori\project\sample_test\server_build\dist\lib\commons-codec-1.9.jar
     [copy] Copying D:\gitsinnori\sinnori\project\sample_test\server_build\corelib\ex\commons-collections4-4.1.jar to D:\gitsinnori\sinnori\project\sample_test\server_build\dist\lib\commons-collections4-4.1.jar
     [copy] Copying D:\gitsinnori\sinnori\project\sample_test\server_build\corelib\ex\commons-dbcp2-2.0.1.jar to D:\gitsinnori\sinnori\project\sample_test\server_build\dist\lib\commons-dbcp2-2.0.1.jar
     [copy] Copying D:\gitsinnori\sinnori\project\sample_test\server_build\corelib\ex\commons-io-2.5.jar to D:\gitsinnori\sinnori\project\sample_test\server_build\dist\lib\commons-io-2.5.jar
     [copy] Copying D:\gitsinnori\sinnori\project\sample_test\server_build\corelib\ex\commons-pool2-2.2.jar to D:\gitsinnori\sinnori\project\sample_test\server_build\dist\lib\commons-pool2-2.2.jar
     [copy] Copying D:\gitsinnori\sinnori\project\sample_test\server_build\corelib\ex\jcl-over-slf4j-1.7.7.jar to D:\gitsinnori\sinnori\project\sample_test\server_build\dist\lib\jcl-over-slf4j-1.7.7.jar
     [copy] Copying D:\gitsinnori\sinnori\project\sample_test\server_build\corelib\ex\json-simple-1.1.1.jar to D:\gitsinnori\sinnori\project\sample_test\server_build\dist\lib\json-simple-1.1.1.jar
     [copy] Copying D:\gitsinnori\sinnori\project\sample_test\server_build\corelib\ex\logback-classic-1.1.2.jar to D:\gitsinnori\sinnori\project\sample_test\server_build\dist\lib\logback-classic-1.1.2.jar
     [copy] Copying D:\gitsinnori\sinnori\project\sample_test\server_build\corelib\ex\logback-core-1.1.2.jar to D:\gitsinnori\sinnori\project\sample_test\server_build\dist\lib\logback-core-1.1.2.jar
     [copy] Copying D:\gitsinnori\sinnori\project\sample_test\server_build\corelib\ex\mybatis-3.3.0-SNAPSHOT.jar to D:\gitsinnori\sinnori\project\sample_test\server_build\dist\lib\mybatis-3.3.0-SNAPSHOT.jar
     [copy] Copying D:\gitsinnori\sinnori\project\sample_test\server_build\corelib\ex\mysql-connector-java-5.1.37-bin.jar to D:\gitsinnori\sinnori\project\sample_test\server_build\dist\lib\mysql-connector-java-5.1.37-bin.jar
     [copy] Copying D:\gitsinnori\sinnori\project\sample_test\server_build\corelib\ex\slf4j-api-1.7.7.jar to D:\gitsinnori\sinnori\project\sample_test\server_build\dist\lib\slf4j-api-1.7.7.jar

make.main:
      [jar] Building jar: D:\gitsinnori\sinnori\project\sample_test\server_build\dist\SinnoriServerRun.jar

compile.appinf:
    [javac] Compiling 17 source files to D:\gitsinnori\sinnori\project\sample_test\server_build\APP-INF\classes

all:

BUILD SUCCESSFUL
Total time: 5 seconds
06:36:06.974 [main] INFO  k.p.s.c.b.ProjectBuilderTest - success server ant build
Buildfile: D:\gitsinnori\sinnori\project\sample_test\client_build\app_build\build.xml

init.var:
     [echo] java.complile.option.debug=on
     [echo] is.windows.yes=true, is.unix.yes=${is.unix.yes}

make.doscore:
     [exec] Buildfile: D:\gitsinnori\sinnori\core_build\build.xml
     [exec] 
     [exec] init.core:
     [exec]      [echo] java.complile.option.debug=on
     [exec] 
     [exec] compile.common:
     [exec] 
     [exec] make.common:
     [exec] 
     [exec] compile.client:
     [exec]      [echo] this compile.client task doesn't have 'depends' tag so you must call make.common task before this task
     [exec] 
     [exec] compile.server:
     [exec]      [echo] this compile.server task doesn't have 'depends' tag so you must call make.common task before this task
     [exec] 
     [exec] make.core:
     [exec] 
     [exec] BUILD SUCCESSFUL
     [exec] Total time: 0 seconds

make.unixcore:

make.core:

copy.core:
   [delete] Deleting directory D:\gitsinnori\sinnori\project\sample_test\client_build\app_build\corelib
    [mkdir] Created dir: D:\gitsinnori\sinnori\project\sample_test\client_build\app_build\corelib\ex
    [mkdir] Created dir: D:\gitsinnori\sinnori\project\sample_test\client_build\app_build\corelib\in
     [copy] Copying 1 file to D:\gitsinnori\sinnori\project\sample_test\client_build\app_build\corelib\in
     [copy] Copying D:\gitsinnori\sinnori\core_build\dist\sinnori-core.jar to D:\gitsinnori\sinnori\project\sample_test\client_build\app_build\corelib\in\sinnori-core.jar
     [copy] Copying 12 files to D:\gitsinnori\sinnori\project\sample_test\client_build\app_build\corelib\ex
     [copy] Copying D:\gitsinnori\sinnori\core_build\lib\main\ex\commons-codec-1.9.jar to D:\gitsinnori\sinnori\project\sample_test\client_build\app_build\corelib\ex\commons-codec-1.9.jar
     [copy] Copying D:\gitsinnori\sinnori\core_build\lib\main\ex\commons-collections4-4.1.jar to D:\gitsinnori\sinnori\project\sample_test\client_build\app_build\corelib\ex\commons-collections4-4.1.jar
     [copy] Copying D:\gitsinnori\sinnori\core_build\lib\main\ex\commons-dbcp2-2.0.1.jar to D:\gitsinnori\sinnori\project\sample_test\client_build\app_build\corelib\ex\commons-dbcp2-2.0.1.jar
     [copy] Copying D:\gitsinnori\sinnori\core_build\lib\main\ex\commons-io-2.5.jar to D:\gitsinnori\sinnori\project\sample_test\client_build\app_build\corelib\ex\commons-io-2.5.jar
     [copy] Copying D:\gitsinnori\sinnori\core_build\lib\main\ex\commons-pool2-2.2.jar to D:\gitsinnori\sinnori\project\sample_test\client_build\app_build\corelib\ex\commons-pool2-2.2.jar
     [copy] Copying D:\gitsinnori\sinnori\core_build\lib\main\ex\jcl-over-slf4j-1.7.7.jar to D:\gitsinnori\sinnori\project\sample_test\client_build\app_build\corelib\ex\jcl-over-slf4j-1.7.7.jar
     [copy] Copying D:\gitsinnori\sinnori\core_build\lib\main\ex\json-simple-1.1.1.jar to D:\gitsinnori\sinnori\project\sample_test\client_build\app_build\corelib\ex\json-simple-1.1.1.jar
     [copy] Copying D:\gitsinnori\sinnori\core_build\lib\main\ex\logback-classic-1.1.2.jar to D:\gitsinnori\sinnori\project\sample_test\client_build\app_build\corelib\ex\logback-classic-1.1.2.jar
     [copy] Copying D:\gitsinnori\sinnori\core_build\lib\main\ex\logback-core-1.1.2.jar to D:\gitsinnori\sinnori\project\sample_test\client_build\app_build\corelib\ex\logback-core-1.1.2.jar
     [copy] Copying D:\gitsinnori\sinnori\core_build\lib\main\ex\mybatis-3.3.0-SNAPSHOT.jar to D:\gitsinnori\sinnori\project\sample_test\client_build\app_build\corelib\ex\mybatis-3.3.0-SNAPSHOT.jar
     [copy] Copying D:\gitsinnori\sinnori\core_build\lib\main\ex\mysql-connector-java-5.1.37-bin.jar to D:\gitsinnori\sinnori\project\sample_test\client_build\app_build\corelib\ex\mysql-connector-java-5.1.37-bin.jar
     [copy] Copying D:\gitsinnori\sinnori\core_build\lib\main\ex\slf4j-api-1.7.7.jar to D:\gitsinnori\sinnori\project\sample_test\client_build\app_build\corelib\ex\slf4j-api-1.7.7.jar

compile.main:
   [delete] Deleting directory D:\gitsinnori\sinnori\project\sample_test\client_build\app_build\build
    [mkdir] Created dir: D:\gitsinnori\sinnori\project\sample_test\client_build\app_build\build
    [javac] Compiling 17 source files to D:\gitsinnori\sinnori\project\sample_test\client_build\app_build\build

copy.distlib:
   [delete] Deleting directory D:\gitsinnori\sinnori\project\sample_test\client_build\app_build\dist
    [mkdir] Created dir: D:\gitsinnori\sinnori\project\sample_test\client_build\app_build\dist\lib
     [copy] Copying 12 files to D:\gitsinnori\sinnori\project\sample_test\client_build\app_build\dist\lib
     [copy] Copying D:\gitsinnori\sinnori\project\sample_test\client_build\app_build\corelib\ex\commons-codec-1.9.jar to D:\gitsinnori\sinnori\project\sample_test\client_build\app_build\dist\lib\commons-codec-1.9.jar
     [copy] Copying D:\gitsinnori\sinnori\project\sample_test\client_build\app_build\corelib\ex\commons-collections4-4.1.jar to D:\gitsinnori\sinnori\project\sample_test\client_build\app_build\dist\lib\commons-collections4-4.1.jar
     [copy] Copying D:\gitsinnori\sinnori\project\sample_test\client_build\app_build\corelib\ex\commons-dbcp2-2.0.1.jar to D:\gitsinnori\sinnori\project\sample_test\client_build\app_build\dist\lib\commons-dbcp2-2.0.1.jar
     [copy] Copying D:\gitsinnori\sinnori\project\sample_test\client_build\app_build\corelib\ex\commons-io-2.5.jar to D:\gitsinnori\sinnori\project\sample_test\client_build\app_build\dist\lib\commons-io-2.5.jar
     [copy] Copying D:\gitsinnori\sinnori\project\sample_test\client_build\app_build\corelib\ex\commons-pool2-2.2.jar to D:\gitsinnori\sinnori\project\sample_test\client_build\app_build\dist\lib\commons-pool2-2.2.jar
     [copy] Copying D:\gitsinnori\sinnori\project\sample_test\client_build\app_build\corelib\ex\jcl-over-slf4j-1.7.7.jar to D:\gitsinnori\sinnori\project\sample_test\client_build\app_build\dist\lib\jcl-over-slf4j-1.7.7.jar
     [copy] Copying D:\gitsinnori\sinnori\project\sample_test\client_build\app_build\corelib\ex\json-simple-1.1.1.jar to D:\gitsinnori\sinnori\project\sample_test\client_build\app_build\dist\lib\json-simple-1.1.1.jar
     [copy] Copying D:\gitsinnori\sinnori\project\sample_test\client_build\app_build\corelib\ex\logback-classic-1.1.2.jar to D:\gitsinnori\sinnori\project\sample_test\client_build\app_build\dist\lib\logback-classic-1.1.2.jar
     [copy] Copying D:\gitsinnori\sinnori\project\sample_test\client_build\app_build\corelib\ex\logback-core-1.1.2.jar to D:\gitsinnori\sinnori\project\sample_test\client_build\app_build\dist\lib\logback-core-1.1.2.jar
     [copy] Copying D:\gitsinnori\sinnori\project\sample_test\client_build\app_build\corelib\ex\mybatis-3.3.0-SNAPSHOT.jar to D:\gitsinnori\sinnori\project\sample_test\client_build\app_build\dist\lib\mybatis-3.3.0-SNAPSHOT.jar
     [copy] Copying D:\gitsinnori\sinnori\project\sample_test\client_build\app_build\corelib\ex\mysql-connector-java-5.1.37-bin.jar to D:\gitsinnori\sinnori\project\sample_test\client_build\app_build\dist\lib\mysql-connector-java-5.1.37-bin.jar
     [copy] Copying D:\gitsinnori\sinnori\project\sample_test\client_build\app_build\corelib\ex\slf4j-api-1.7.7.jar to D:\gitsinnori\sinnori\project\sample_test\client_build\app_build\dist\lib\slf4j-api-1.7.7.jar

make.main:
      [jar] Building jar: D:\gitsinnori\sinnori\project\sample_test\client_build\app_build\dist\SinnoriAppClientRun.jar

all:

BUILD SUCCESSFUL
Total time: 6 seconds
06:36:13.391 [main] INFO  k.p.s.c.b.ProjectBuilderTest - success app-client ant build
Buildfile: D:\gitsinnori\sinnori\project\sample_test\client_build\web_build\build.xml

init.dos:

init.unix:

init.var:
     [echo] java.complile.option.debug=on
     [echo] is.windows.yes=true, is.unix.yes=${is.unix.yes}
     [echo] servlet.systemlib.path=D:\apache-tomcat-8.5.15\lib

make.doscore:
     [exec] Buildfile: D:\gitsinnori\sinnori\core_build\build.xml
     [exec] 
     [exec] init.core:
     [exec]      [echo] java.complile.option.debug=on
     [exec] 
     [exec] compile.common:
     [exec] 
     [exec] make.common:
     [exec] 
     [exec] compile.client:
     [exec]      [echo] this compile.client task doesn't have 'depends' tag so you must call make.common task before this task
     [exec] 
     [exec] compile.server:
     [exec]      [echo] this compile.server task doesn't have 'depends' tag so you must call make.common task before this task
     [exec] 
     [exec] make.core:
     [exec] 
     [exec] BUILD SUCCESSFUL
     [exec] Total time: 0 seconds

make.unixcore:

make.core:

copy.core:
   [delete] Deleting directory D:\gitsinnori\sinnori\project\sample_test\client_build\web_build\corelib
    [mkdir] Created dir: D:\gitsinnori\sinnori\project\sample_test\client_build\web_build\corelib\ex
     [copy] Copying 1 file to D:\gitsinnori\sinnori\project\sample_test\client_build\web_build\corelib\ex
     [copy] Copying D:\gitsinnori\sinnori\core_build\dist\sinnori-core.jar to D:\gitsinnori\sinnori\project\sample_test\client_build\web_build\corelib\ex\sinnori-core.jar
     [copy] Copying 12 files to D:\gitsinnori\sinnori\project\sample_test\client_build\web_build\corelib\ex
     [copy] Copying D:\gitsinnori\sinnori\core_build\lib\main\ex\commons-codec-1.9.jar to D:\gitsinnori\sinnori\project\sample_test\client_build\web_build\corelib\ex\commons-codec-1.9.jar
     [copy] Copying D:\gitsinnori\sinnori\core_build\lib\main\ex\commons-collections4-4.1.jar to D:\gitsinnori\sinnori\project\sample_test\client_build\web_build\corelib\ex\commons-collections4-4.1.jar
     [copy] Copying D:\gitsinnori\sinnori\core_build\lib\main\ex\commons-dbcp2-2.0.1.jar to D:\gitsinnori\sinnori\project\sample_test\client_build\web_build\corelib\ex\commons-dbcp2-2.0.1.jar
     [copy] Copying D:\gitsinnori\sinnori\core_build\lib\main\ex\commons-io-2.5.jar to D:\gitsinnori\sinnori\project\sample_test\client_build\web_build\corelib\ex\commons-io-2.5.jar
     [copy] Copying D:\gitsinnori\sinnori\core_build\lib\main\ex\commons-pool2-2.2.jar to D:\gitsinnori\sinnori\project\sample_test\client_build\web_build\corelib\ex\commons-pool2-2.2.jar
     [copy] Copying D:\gitsinnori\sinnori\core_build\lib\main\ex\jcl-over-slf4j-1.7.7.jar to D:\gitsinnori\sinnori\project\sample_test\client_build\web_build\corelib\ex\jcl-over-slf4j-1.7.7.jar
     [copy] Copying D:\gitsinnori\sinnori\core_build\lib\main\ex\json-simple-1.1.1.jar to D:\gitsinnori\sinnori\project\sample_test\client_build\web_build\corelib\ex\json-simple-1.1.1.jar
     [copy] Copying D:\gitsinnori\sinnori\core_build\lib\main\ex\logback-classic-1.1.2.jar to D:\gitsinnori\sinnori\project\sample_test\client_build\web_build\corelib\ex\logback-classic-1.1.2.jar
     [copy] Copying D:\gitsinnori\sinnori\core_build\lib\main\ex\logback-core-1.1.2.jar to D:\gitsinnori\sinnori\project\sample_test\client_build\web_build\corelib\ex\logback-core-1.1.2.jar
     [copy] Copying D:\gitsinnori\sinnori\core_build\lib\main\ex\mybatis-3.3.0-SNAPSHOT.jar to D:\gitsinnori\sinnori\project\sample_test\client_build\web_build\corelib\ex\mybatis-3.3.0-SNAPSHOT.jar
     [copy] Copying D:\gitsinnori\sinnori\core_build\lib\main\ex\mysql-connector-java-5.1.37-bin.jar to D:\gitsinnori\sinnori\project\sample_test\client_build\web_build\corelib\ex\mysql-connector-java-5.1.37-bin.jar
     [copy] Copying D:\gitsinnori\sinnori\core_build\lib\main\ex\slf4j-api-1.7.7.jar to D:\gitsinnori\sinnori\project\sample_test\client_build\web_build\corelib\ex\slf4j-api-1.7.7.jar

compile.weblib:
    [mkdir] Created dir: D:\gitsinnori\sinnori\project\sample_test\client_build\web_build\build\weblib
    [javac] Compiling 16 source files to D:\gitsinnori\sinnori\project\sample_test\client_build\web_build\build\weblib

make.weblib:
   [delete] Deleting directory D:\gitsinnori\sinnori\project\sample_test\client_build\web_build\dist
    [mkdir] Created dir: D:\gitsinnori\sinnori\project\sample_test\client_build\web_build\dist
      [jar] Building jar: D:\gitsinnori\sinnori\project\sample_test\client_build\web_build\dist\SinnoriWebLib.jar

dist.weblib:
     [copy] Copying 4 files to D:\gitsinnori\sinnori\project\sample_test\web_app_base\ROOT\WEB-INF\lib
     [copy] Copying D:\gitsinnori\sinnori\project\sample_test\client_build\web_build\dist\SinnoriWebLib.jar to D:\gitsinnori\sinnori\project\sample_test\web_app_base\ROOT\WEB-INF\lib\SinnoriWebLib.jar
     [copy] Copying D:\gitsinnori\sinnori\project\sample_test\client_build\web_build\lib\main\ex\commons-fileupload-1.3.2.jar to D:\gitsinnori\sinnori\project\sample_test\web_app_base\ROOT\WEB-INF\lib\commons-fileupload-1.3.2.jar
     [copy] Copying D:\gitsinnori\sinnori\project\sample_test\client_build\web_build\lib\main\ex\commons-lang3-3.5.jar to D:\gitsinnori\sinnori\project\sample_test\web_app_base\ROOT\WEB-INF\lib\commons-lang3-3.5.jar
     [copy] Copying D:\gitsinnori\sinnori\project\sample_test\client_build\web_build\lib\main\ex\simplecaptcha-1.2.1.jar to D:\gitsinnori\sinnori\project\sample_test\web_app_base\ROOT\WEB-INF\lib\simplecaptcha-1.2.1.jar

compile.webclass:
   [delete] Deleting directory D:\gitsinnori\sinnori\project\sample_test\web_app_base\ROOT\WEB-INF\classes
    [mkdir] Created dir: D:\gitsinnori\sinnori\project\sample_test\web_app_base\ROOT\WEB-INF\classes
    [javac] Compiling 16 source files to D:\gitsinnori\sinnori\project\sample_test\web_app_base\ROOT\WEB-INF\classes

all:
     [echo] is.windows.yes=true, is.unix.yes=${is.unix.yes}, java.debug=on

BUILD SUCCESSFUL
Total time: 2 seconds
06:36:16.225 [main] INFO  k.p.s.c.b.ProjectBuilderTest - success web-client ant build
06:36:16.303 [main] INFO  k.p.s.c.buildsystem.ProjectBuilder - main project[sample_test]'s child direcotry creation task start
06:36:16.303 [main] INFO  k.p.s.c.buildsystem.ProjectBuilder - main project[sample_test]'s common child direcotry creation task start
06:36:16.303 [main] INFO  k.p.s.common.util.CommonStaticUtil - the new child relative direcotry[D:\gitsinnori\sinnori\project\sample_test][config] was created successfully
06:36:16.303 [main] INFO  k.p.s.common.util.CommonStaticUtil - the new child relative direcotry[D:\gitsinnori\sinnori\project\sample_test][resources/dbcp] was created successfully
06:36:16.303 [main] INFO  k.p.s.common.util.CommonStaticUtil - the new child relative direcotry[D:\gitsinnori\sinnori\project\sample_test][resources/message_info] was created successfully
06:36:16.303 [main] INFO  k.p.s.common.util.CommonStaticUtil - the new child relative direcotry[D:\gitsinnori\sinnori\project\sample_test][resources/rsa_keypair] was created successfully
06:36:16.303 [main] INFO  k.p.s.common.util.CommonStaticUtil - the new child relative direcotry[D:\gitsinnori\sinnori\project\sample_test][log/apache] was created successfully
06:36:16.303 [main] INFO  k.p.s.common.util.CommonStaticUtil - the new child relative direcotry[D:\gitsinnori\sinnori\project\sample_test][log/client] was created successfully
06:36:16.303 [main] INFO  k.p.s.common.util.CommonStaticUtil - the new child relative direcotry[D:\gitsinnori\sinnori\project\sample_test][log/server] was created successfully
06:36:16.303 [main] INFO  k.p.s.common.util.CommonStaticUtil - the new child relative direcotry[D:\gitsinnori\sinnori\project\sample_test][log/servlet] was created successfully
06:36:16.303 [main] INFO  k.p.s.c.buildsystem.ProjectBuilder - main project[sample_test]'s common child direcotry creation task end
06:36:16.303 [main] INFO  k.p.s.c.buildsystem.ProjectBuilder - main project[sample_test]'s server child direcotry creation task start
06:36:16.303 [main] INFO  k.p.s.common.util.CommonStaticUtil - the new child relative direcotry[D:\gitsinnori\sinnori\project\sample_test][server_build/APP-INF/classes] was created successfully
06:36:16.303 [main] INFO  k.p.s.common.util.CommonStaticUtil - the new child relative direcotry[D:\gitsinnori\sinnori\project\sample_test][server_build/corelib/ex] was created successfully
06:36:16.303 [main] INFO  k.p.s.common.util.CommonStaticUtil - the new child relative direcotry[D:\gitsinnori\sinnori\project\sample_test][server_build/corelib/in] was created successfully
06:36:16.303 [main] INFO  k.p.s.common.util.CommonStaticUtil - the new child relative direcotry[D:\gitsinnori\sinnori\project\sample_test][server_build/lib/main/ex] was created successfully
06:36:16.303 [main] INFO  k.p.s.common.util.CommonStaticUtil - the new child relative direcotry[D:\gitsinnori\sinnori\project\sample_test][server_build/lib/main/in] was created successfully
06:36:16.303 [main] INFO  k.p.s.common.util.CommonStaticUtil - the new child relative direcotry[D:\gitsinnori\sinnori\project\sample_test][server_build/lib/test] was created successfully
06:36:16.318 [main] INFO  k.p.s.common.util.CommonStaticUtil - the new child relative direcotry[D:\gitsinnori\sinnori\project\sample_test][server_build/src/main/java/kr/pe/sinnori/impl/servertask] was created successfully
06:36:16.318 [main] INFO  k.p.s.common.util.CommonStaticUtil - the new child relative direcotry[D:\gitsinnori\sinnori\project\sample_test][server_build/src/main/java/kr/pe/sinnori/impl/message] was created successfully
06:36:16.318 [main] INFO  k.p.s.common.util.CommonStaticUtil - the new child relative direcotry[D:\gitsinnori\sinnori\project\sample_test][server_build/src/main/java/main] was created successfully
06:36:16.318 [main] INFO  k.p.s.common.util.CommonStaticUtil - the new child relative direcotry[D:\gitsinnori\sinnori\project\sample_test][server_build/src/test/java] was created successfully
06:36:16.318 [main] INFO  k.p.s.common.util.CommonStaticUtil - the new child relative direcotry[D:\gitsinnori\sinnori\project\sample_test][server_build/build] was created successfully
06:36:16.334 [main] INFO  k.p.s.common.util.CommonStaticUtil - the new child relative direcotry[D:\gitsinnori\sinnori\project\sample_test][server_build/dist] was created successfully
06:36:16.334 [main] INFO  k.p.s.c.buildsystem.ProjectBuilder - main project[sample_test]'s server child direcotry creation task end
06:36:16.334 [main] INFO  k.p.s.c.buildsystem.ProjectBuilder - main project[sample_test]'s application build child direcotry creation task start
06:36:16.334 [main] INFO  k.p.s.common.util.CommonStaticUtil - the new child relative direcotry[D:\gitsinnori\sinnori\project\sample_test][client_build/app_build/corelib/ex] was created successfully
06:36:16.334 [main] INFO  k.p.s.common.util.CommonStaticUtil - the new child relative direcotry[D:\gitsinnori\sinnori\project\sample_test][client_build/app_build/corelib/in] was created successfully
06:36:16.334 [main] INFO  k.p.s.common.util.CommonStaticUtil - the new child relative direcotry[D:\gitsinnori\sinnori\project\sample_test][client_build/app_build/lib/main/ex] was created successfully
06:36:16.334 [main] INFO  k.p.s.common.util.CommonStaticUtil - the new child relative direcotry[D:\gitsinnori\sinnori\project\sample_test][client_build/app_build/lib/main/in] was created successfully
06:36:16.334 [main] INFO  k.p.s.common.util.CommonStaticUtil - the new child relative direcotry[D:\gitsinnori\sinnori\project\sample_test][client_build/app_build/lib/test] was created successfully
06:36:16.334 [main] INFO  k.p.s.common.util.CommonStaticUtil - the new child relative direcotry[D:\gitsinnori\sinnori\project\sample_test][client_build/app_build/src/main/java/kr/pe/sinnori/impl/message] was created successfully
06:36:16.334 [main] INFO  k.p.s.common.util.CommonStaticUtil - the new child relative direcotry[D:\gitsinnori\sinnori\project\sample_test][client_build/app_build/src/main/java/main] was created successfully
06:36:16.334 [main] INFO  k.p.s.common.util.CommonStaticUtil - the new child relative direcotry[D:\gitsinnori\sinnori\project\sample_test][client_build/app_build/src/test/java] was created successfully
06:36:16.334 [main] INFO  k.p.s.common.util.CommonStaticUtil - the new child relative direcotry[D:\gitsinnori\sinnori\project\sample_test][client_build/app_build/build] was created successfully
06:36:16.334 [main] INFO  k.p.s.common.util.CommonStaticUtil - the new child relative direcotry[D:\gitsinnori\sinnori\project\sample_test][client_build/app_build/dist] was created successfully
06:36:16.334 [main] INFO  k.p.s.c.buildsystem.ProjectBuilder - main project[sample_test]'s application build child direcotry creation task end
06:36:16.334 [main] INFO  k.p.s.c.buildsystem.ProjectBuilder - main project[sample_test]'s web build child direcotry creation task start
06:36:16.334 [main] INFO  k.p.s.common.util.CommonStaticUtil - the new child relative direcotry[D:\gitsinnori\sinnori\project\sample_test][client_build/web_build/corelib/ex] was created successfully
06:36:16.334 [main] INFO  k.p.s.common.util.CommonStaticUtil - the new child relative direcotry[D:\gitsinnori\sinnori\project\sample_test][client_build/web_build/corelib/in] was created successfully
06:36:16.334 [main] INFO  k.p.s.common.util.CommonStaticUtil - the new child relative direcotry[D:\gitsinnori\sinnori\project\sample_test][client_build/web_build/lib/main/ex] was created successfully
06:36:16.334 [main] INFO  k.p.s.common.util.CommonStaticUtil - the new child relative direcotry[D:\gitsinnori\sinnori\project\sample_test][client_build/web_build/lib/main/in] was created successfully
06:36:16.334 [main] INFO  k.p.s.common.util.CommonStaticUtil - the new child relative direcotry[D:\gitsinnori\sinnori\project\sample_test][client_build/web_build/lib/test] was created successfully
06:36:16.334 [main] INFO  k.p.s.common.util.CommonStaticUtil - the new child relative direcotry[D:\gitsinnori\sinnori\project\sample_test][client_build/web_build/src/main/java/kr/pe/sinnori/impl/message] was created successfully
06:36:16.334 [main] INFO  k.p.s.common.util.CommonStaticUtil - the new child relative direcotry[D:\gitsinnori\sinnori\project\sample_test][client_build/web_build/src/main/java//kr/pe/sinnori/servlet] was created successfully
06:36:16.334 [main] INFO  k.p.s.common.util.CommonStaticUtil - the new child relative direcotry[D:\gitsinnori\sinnori\project\sample_test][client_build/web_build/src/main/java/kr/pe/sinnori/weblib/common] was created successfully
06:36:16.334 [main] INFO  k.p.s.common.util.CommonStaticUtil - the new child relative direcotry[D:\gitsinnori\sinnori\project\sample_test][client_build/web_build/src/main/java/kr/pe/sinnori/weblib/htmlstring] was created successfully
06:36:16.334 [main] INFO  k.p.s.common.util.CommonStaticUtil - the new child relative direcotry[D:\gitsinnori\sinnori\project\sample_test][client_build/web_build/src/main/java/kr/pe/sinnori/weblib/jdf] was created successfully
06:36:16.334 [main] INFO  k.p.s.common.util.CommonStaticUtil - the new child relative direcotry[D:\gitsinnori\sinnori\project\sample_test][client_build/web_build/src/test/java] was created successfully
06:36:16.334 [main] INFO  k.p.s.common.util.CommonStaticUtil - the new child relative direcotry[D:\gitsinnori\sinnori\project\sample_test][client_build/web_build/build] was created successfully
06:36:16.334 [main] INFO  k.p.s.common.util.CommonStaticUtil - the new child relative direcotry[D:\gitsinnori\sinnori\project\sample_test][client_build/web_build/dist] was created successfully
06:36:16.334 [main] INFO  k.p.s.c.buildsystem.ProjectBuilder - main project[sample_test]'s web build child direcotry creation task end
06:36:16.334 [main] INFO  k.p.s.c.buildsystem.ProjectBuilder - main project[sample_test]'s web root child direcotry creation task start
06:36:16.350 [main] INFO  k.p.s.common.util.CommonStaticUtil - the new child relative direcotry[D:\gitsinnori\sinnori\project\sample_test][web_app_base/upload] was created successfully
06:36:16.350 [main] INFO  k.p.s.common.util.CommonStaticUtil - the new child relative direcotry[D:\gitsinnori\sinnori\project\sample_test][web_app_base/ROOT/WEB-INF/classes] was created successfully
06:36:16.350 [main] INFO  k.p.s.common.util.CommonStaticUtil - the new child relative direcotry[D:\gitsinnori\sinnori\project\sample_test][web_app_base/ROOT/WEB-INF/lib] was created successfully
06:36:16.350 [main] INFO  k.p.s.c.buildsystem.ProjectBuilder - main project[sample_test]'s web root child direcotry creation task end
06:36:16.350 [main] INFO  k.p.s.c.buildsystem.ProjectBuilder - main project[sample_test]'s child direcotry creation task end
06:36:16.350 [main] INFO  k.p.s.c.buildsystem.ProjectBuilder - main project[sample_test]'s file creation task start
06:36:16.350 [main] INFO  k.p.s.c.buildsystem.ProjectBuilder - main project[sample_test]'s config file creation task start
06:36:16.350 [main] INFO  k.p.s.c.util.SequencedPropertiesUtil - the sequenced properties file[D:\gitsinnori\sinnori\project\sample_test\config\sinnori.properties] was created
06:36:16.350 [main] INFO  k.p.s.c.buildsystem.ProjectBuilder - main project[sample_test]'s config file creation task end
06:36:16.350 [main] INFO  k.p.s.c.buildsystem.ProjectBuilder - the mainproject[sample_test]'s resources directory copy task start
06:36:16.365 [main] INFO  k.p.s.c.buildsystem.ProjectBuilder - the mainproject[sample_test]'s resources directory copy task end
06:36:16.365 [main] INFO  k.p.s.c.buildsystem.ProjectBuilder - server build system files creation task start
06:36:16.365 [main] INFO  k.p.s.c.buildsystem.ProjectBuilder - main project[sample_test]'s server ant build.xml file creation task start
06:36:16.365 [main] INFO  k.p.s.c.buildsystem.ProjectBuilder - main project[sample_test]'s server ant build.xml file creation task end
06:36:16.365 [main] INFO  k.p.s.c.buildsystem.ProjectBuilder - main project[sample_test]'s server dos shell file creation task start
06:36:16.443 [main] INFO  k.p.s.c.buildsystem.ProjectBuilder - main project[sample_test]'s server dos shell file creation task end
06:36:16.443 [main] INFO  k.p.s.c.buildsystem.ProjectBuilder - main project[sample_test]'s server unix shell file creation task start
06:36:16.443 [main] INFO  k.p.s.c.buildsystem.ProjectBuilder - main project[sample_test]'s server unix shell file creation task end
06:36:16.443 [main] INFO  k.p.s.c.buildsystem.ProjectBuilder - server sample source files copy task start
06:36:16.459 [main] INFO  k.p.s.c.buildsystem.ProjectBuilder - server sample source files copy task end
06:36:16.459 [main] INFO  k.p.s.c.buildsystem.ProjectBuilder - main project[sample_test]'s server message io file set creation task start
06:36:16.459 [main] INFO  k.p.s.common.util.CommonStaticUtil - the new child relative direcotry[D:\gitsinnori\sinnori\project\sample_test\server_build\src\main\java\kr\pe\sinnori\impl\message][Echo] was created successfully
06:36:16.459 [main] INFO  k.p.s.c.buildsystem.ProjectBuilder - main project[sample_test]'s message file[Echo][D:\gitsinnori\sinnori\project\sample_test\server_build\src\main\java\kr\pe\sinnori\impl\message] creation task start
06:36:16.459 [main] INFO  k.p.s.c.buildsystem.ProjectBuilder - main project[sample_test]'s message file[Echo][D:\gitsinnori\sinnori\project\sample_test\server_build\src\main\java\kr\pe\sinnori\impl\message] creation task end
06:36:16.459 [main] INFO  k.p.s.c.buildsystem.ProjectBuilder - main project[sample_test]'s message decoder file[Echo][D:\gitsinnori\sinnori\project\sample_test\server_build\src\main\java\kr\pe\sinnori\impl\message] creation task start
06:36:16.459 [main] INFO  k.p.s.c.buildsystem.ProjectBuilder - main project[sample_test]'s message decoder file[Echo][D:\gitsinnori\sinnori\project\sample_test\server_build\src\main\java\kr\pe\sinnori\impl\message] creation task end
06:36:16.459 [main] INFO  k.p.s.c.buildsystem.ProjectBuilder - main project[sample_test]'s message encoder file[Echo][D:\gitsinnori\sinnori\project\sample_test\server_build\src\main\java\kr\pe\sinnori\impl\message] creation task start
06:36:16.459 [main] INFO  k.p.s.c.buildsystem.ProjectBuilder - main project[sample_test]'s message encoder file[Echo][D:\gitsinnori\sinnori\project\sample_test\server_build\src\main\java\kr\pe\sinnori\impl\message] creation task end
06:36:16.459 [main] INFO  k.p.s.c.buildsystem.ProjectBuilder - main project[sample_test]'s message server codec file[Echo][D:\gitsinnori\sinnori\project\sample_test\server_build\src\main\java\kr\pe\sinnori\impl\message] creation task start
06:36:16.459 [main] INFO  k.p.s.c.buildsystem.ProjectBuilder - main project[sample_test]'s message server codec file[Echo][D:\gitsinnori\sinnori\project\sample_test\server_build\src\main\java\kr\pe\sinnori\impl\message] creation task end
06:36:16.459 [main] INFO  k.p.s.c.buildsystem.ProjectBuilder - main project[sample_test]'s message client codec file[Echo][D:\gitsinnori\sinnori\project\sample_test\server_build\src\main\java\kr\pe\sinnori\impl\message] creation task start
06:36:16.459 [main] INFO  k.p.s.c.buildsystem.ProjectBuilder - main project[sample_test]'s message client codec file[Echo][D:\gitsinnori\sinnori\project\sample_test\server_build\src\main\java\kr\pe\sinnori\impl\message] creation task end
06:36:16.459 [main] INFO  k.p.s.common.util.CommonStaticUtil - the new child relative direcotry[D:\gitsinnori\sinnori\project\sample_test\server_build\src\main\java\kr\pe\sinnori\impl\message][PublicKeyReq] was created successfully
06:36:16.459 [main] INFO  k.p.s.c.buildsystem.ProjectBuilder - main project[sample_test]'s message file[PublicKeyReq][D:\gitsinnori\sinnori\project\sample_test\server_build\src\main\java\kr\pe\sinnori\impl\message] creation task start
06:36:16.475 [main] INFO  k.p.s.c.buildsystem.ProjectBuilder - main project[sample_test]'s message file[PublicKeyReq][D:\gitsinnori\sinnori\project\sample_test\server_build\src\main\java\kr\pe\sinnori\impl\message] creation task end
06:36:16.475 [main] INFO  k.p.s.c.buildsystem.ProjectBuilder - main project[sample_test]'s message decoder file[PublicKeyReq][D:\gitsinnori\sinnori\project\sample_test\server_build\src\main\java\kr\pe\sinnori\impl\message] creation task start
06:36:16.553 [main] INFO  k.p.s.c.buildsystem.ProjectBuilder - main project[sample_test]'s message decoder file[PublicKeyReq][D:\gitsinnori\sinnori\project\sample_test\server_build\src\main\java\kr\pe\sinnori\impl\message] creation task end
06:36:16.553 [main] INFO  k.p.s.c.buildsystem.ProjectBuilder - main project[sample_test]'s message encoder file[PublicKeyReq][D:\gitsinnori\sinnori\project\sample_test\server_build\src\main\java\kr\pe\sinnori\impl\message] creation task start
06:36:16.568 [main] INFO  k.p.s.c.buildsystem.ProjectBuilder - main project[sample_test]'s message encoder file[PublicKeyReq][D:\gitsinnori\sinnori\project\sample_test\server_build\src\main\java\kr\pe\sinnori\impl\message] creation task end
06:36:16.568 [main] INFO  k.p.s.c.buildsystem.ProjectBuilder - main project[sample_test]'s message server codec file[PublicKeyReq][D:\gitsinnori\sinnori\project\sample_test\server_build\src\main\java\kr\pe\sinnori\impl\message] creation task start
06:36:16.568 [main] INFO  k.p.s.c.buildsystem.ProjectBuilder - main project[sample_test]'s message server codec file[PublicKeyReq][D:\gitsinnori\sinnori\project\sample_test\server_build\src\main\java\kr\pe\sinnori\impl\message] creation task end
06:36:16.568 [main] INFO  k.p.s.c.buildsystem.ProjectBuilder - main project[sample_test]'s message client codec file[PublicKeyReq][D:\gitsinnori\sinnori\project\sample_test\server_build\src\main\java\kr\pe\sinnori\impl\message] creation task start
06:36:16.568 [main] INFO  k.p.s.c.buildsystem.ProjectBuilder - main project[sample_test]'s message client codec file[PublicKeyReq][D:\gitsinnori\sinnori\project\sample_test\server_build\src\main\java\kr\pe\sinnori\impl\message] creation task end
06:36:16.568 [main] INFO  k.p.s.common.util.CommonStaticUtil - the new child relative direcotry[D:\gitsinnori\sinnori\project\sample_test\server_build\src\main\java\kr\pe\sinnori\impl\message][PublicKeyRes] was created successfully
06:36:16.568 [main] INFO  k.p.s.c.buildsystem.ProjectBuilder - main project[sample_test]'s message file[PublicKeyRes][D:\gitsinnori\sinnori\project\sample_test\server_build\src\main\java\kr\pe\sinnori\impl\message] creation task start
06:36:16.600 [main] INFO  k.p.s.c.buildsystem.ProjectBuilder - main project[sample_test]'s message file[PublicKeyRes][D:\gitsinnori\sinnori\project\sample_test\server_build\src\main\java\kr\pe\sinnori\impl\message] creation task end
06:36:16.600 [main] INFO  k.p.s.c.buildsystem.ProjectBuilder - main project[sample_test]'s message decoder file[PublicKeyRes][D:\gitsinnori\sinnori\project\sample_test\server_build\src\main\java\kr\pe\sinnori\impl\message] creation task start
06:36:16.600 [main] INFO  k.p.s.c.buildsystem.ProjectBuilder - main project[sample_test]'s message decoder file[PublicKeyRes][D:\gitsinnori\sinnori\project\sample_test\server_build\src\main\java\kr\pe\sinnori\impl\message] creation task end
06:36:16.600 [main] INFO  k.p.s.c.buildsystem.ProjectBuilder - main project[sample_test]'s message encoder file[PublicKeyRes][D:\gitsinnori\sinnori\project\sample_test\server_build\src\main\java\kr\pe\sinnori\impl\message] creation task start
06:36:16.600 [main] INFO  k.p.s.c.buildsystem.ProjectBuilder - main project[sample_test]'s message encoder file[PublicKeyRes][D:\gitsinnori\sinnori\project\sample_test\server_build\src\main\java\kr\pe\sinnori\impl\message] creation task end
06:36:16.600 [main] INFO  k.p.s.c.buildsystem.ProjectBuilder - main project[sample_test]'s message server codec file[PublicKeyRes][D:\gitsinnori\sinnori\project\sample_test\server_build\src\main\java\kr\pe\sinnori\impl\message] creation task start
06:36:16.600 [main] INFO  k.p.s.c.buildsystem.ProjectBuilder - main project[sample_test]'s message server codec file[PublicKeyRes][D:\gitsinnori\sinnori\project\sample_test\server_build\src\main\java\kr\pe\sinnori\impl\message] creation task end
06:36:16.600 [main] INFO  k.p.s.c.buildsystem.ProjectBuilder - main project[sample_test]'s message client codec file[PublicKeyRes][D:\gitsinnori\sinnori\project\sample_test\server_build\src\main\java\kr\pe\sinnori\impl\message] creation task start
06:36:16.600 [main] INFO  k.p.s.c.buildsystem.ProjectBuilder - main project[sample_test]'s message client codec file[PublicKeyRes][D:\gitsinnori\sinnori\project\sample_test\server_build\src\main\java\kr\pe\sinnori\impl\message] creation task end
06:36:16.600 [main] INFO  k.p.s.c.buildsystem.ProjectBuilder - main project[sample_test]'s server message io file set creation task end
06:36:16.600 [main] INFO  k.p.s.c.buildsystem.ProjectBuilder - server build system files creation task end
06:36:16.600 [main] INFO  k.p.s.c.buildsystem.ProjectBuilder - mainproject[sample_test]'s application client build system files creation task start
06:36:16.600 [main] INFO  k.p.s.c.buildsystem.ProjectBuilder - main project[sample_test]'s application client ant build.xml file creation task start
06:36:16.600 [main] INFO  k.p.s.c.buildsystem.ProjectBuilder - main project[sample_test]'s application client ant build.xml file creation task end
06:36:16.600 [main] INFO  k.p.s.c.buildsystem.ProjectBuilder - main project[sample_test]'s application client dos shell file creation task start
06:36:16.615 [main] INFO  k.p.s.c.buildsystem.ProjectBuilder - main project[sample_test]'s application client dos shell file creation task end
06:36:16.615 [main] INFO  k.p.s.c.buildsystem.ProjectBuilder - main project[sample_test]'s application client unix shell file creation task start
06:36:16.615 [main] INFO  k.p.s.c.buildsystem.ProjectBuilder - main project[sample_test]'s application client unix shell file creation task end
06:36:16.615 [main] INFO  k.p.s.c.buildsystem.ProjectBuilder - application client sample source files copy task start
06:36:16.615 [main] INFO  k.p.s.c.buildsystem.ProjectBuilder - application client sample source files copy task end
06:36:16.615 [main] INFO  k.p.s.c.buildsystem.ProjectBuilder - main project[sample_test]'s application client message io file set creation task start
06:36:16.615 [main] INFO  k.p.s.common.util.CommonStaticUtil - the new child relative direcotry[D:\gitsinnori\sinnori\project\sample_test\client_build\app_build\src\main\java\kr\pe\sinnori\impl\message][Echo] was created successfully
06:36:16.615 [main] INFO  k.p.s.c.buildsystem.ProjectBuilder - main project[sample_test]'s message file[Echo][D:\gitsinnori\sinnori\project\sample_test\client_build\app_build\src\main\java\kr\pe\sinnori\impl\message] creation task start
06:36:16.694 [main] INFO  k.p.s.c.buildsystem.ProjectBuilder - main project[sample_test]'s message file[Echo][D:\gitsinnori\sinnori\project\sample_test\client_build\app_build\src\main\java\kr\pe\sinnori\impl\message] creation task end
06:36:16.694 [main] INFO  k.p.s.c.buildsystem.ProjectBuilder - main project[sample_test]'s message decoder file[Echo][D:\gitsinnori\sinnori\project\sample_test\client_build\app_build\src\main\java\kr\pe\sinnori\impl\message] creation task start
06:36:16.709 [main] INFO  k.p.s.c.buildsystem.ProjectBuilder - main project[sample_test]'s message decoder file[Echo][D:\gitsinnori\sinnori\project\sample_test\client_build\app_build\src\main\java\kr\pe\sinnori\impl\message] creation task end
06:36:16.709 [main] INFO  k.p.s.c.buildsystem.ProjectBuilder - main project[sample_test]'s message encoder file[Echo][D:\gitsinnori\sinnori\project\sample_test\client_build\app_build\src\main\java\kr\pe\sinnori\impl\message] creation task start
06:36:16.709 [main] INFO  k.p.s.c.buildsystem.ProjectBuilder - main project[sample_test]'s message encoder file[Echo][D:\gitsinnori\sinnori\project\sample_test\client_build\app_build\src\main\java\kr\pe\sinnori\impl\message] creation task end
06:36:16.709 [main] INFO  k.p.s.c.buildsystem.ProjectBuilder - main project[sample_test]'s message server codec file[Echo][D:\gitsinnori\sinnori\project\sample_test\client_build\app_build\src\main\java\kr\pe\sinnori\impl\message] creation task start
06:36:16.725 [main] INFO  k.p.s.c.buildsystem.ProjectBuilder - main project[sample_test]'s message server codec file[Echo][D:\gitsinnori\sinnori\project\sample_test\client_build\app_build\src\main\java\kr\pe\sinnori\impl\message] creation task end
06:36:16.725 [main] INFO  k.p.s.c.buildsystem.ProjectBuilder - main project[sample_test]'s message client codec file[Echo][D:\gitsinnori\sinnori\project\sample_test\client_build\app_build\src\main\java\kr\pe\sinnori\impl\message] creation task start
06:36:16.725 [main] INFO  k.p.s.c.buildsystem.ProjectBuilder - main project[sample_test]'s message client codec file[Echo][D:\gitsinnori\sinnori\project\sample_test\client_build\app_build\src\main\java\kr\pe\sinnori\impl\message] creation task end
06:36:16.725 [main] INFO  k.p.s.common.util.CommonStaticUtil - the new child relative direcotry[D:\gitsinnori\sinnori\project\sample_test\client_build\app_build\src\main\java\kr\pe\sinnori\impl\message][PublicKeyReq] was created successfully
06:36:16.725 [main] INFO  k.p.s.c.buildsystem.ProjectBuilder - main project[sample_test]'s message file[PublicKeyReq][D:\gitsinnori\sinnori\project\sample_test\client_build\app_build\src\main\java\kr\pe\sinnori\impl\message] creation task start
06:36:16.725 [main] INFO  k.p.s.c.buildsystem.ProjectBuilder - main project[sample_test]'s message file[PublicKeyReq][D:\gitsinnori\sinnori\project\sample_test\client_build\app_build\src\main\java\kr\pe\sinnori\impl\message] creation task end
06:36:16.725 [main] INFO  k.p.s.c.buildsystem.ProjectBuilder - main project[sample_test]'s message decoder file[PublicKeyReq][D:\gitsinnori\sinnori\project\sample_test\client_build\app_build\src\main\java\kr\pe\sinnori\impl\message] creation task start
06:36:16.725 [main] INFO  k.p.s.c.buildsystem.ProjectBuilder - main project[sample_test]'s message decoder file[PublicKeyReq][D:\gitsinnori\sinnori\project\sample_test\client_build\app_build\src\main\java\kr\pe\sinnori\impl\message] creation task end
06:36:16.725 [main] INFO  k.p.s.c.buildsystem.ProjectBuilder - main project[sample_test]'s message encoder file[PublicKeyReq][D:\gitsinnori\sinnori\project\sample_test\client_build\app_build\src\main\java\kr\pe\sinnori\impl\message] creation task start
06:36:16.725 [main] INFO  k.p.s.c.buildsystem.ProjectBuilder - main project[sample_test]'s message encoder file[PublicKeyReq][D:\gitsinnori\sinnori\project\sample_test\client_build\app_build\src\main\java\kr\pe\sinnori\impl\message] creation task end
06:36:16.725 [main] INFO  k.p.s.c.buildsystem.ProjectBuilder - main project[sample_test]'s message server codec file[PublicKeyReq][D:\gitsinnori\sinnori\project\sample_test\client_build\app_build\src\main\java\kr\pe\sinnori\impl\message] creation task start
06:36:16.725 [main] INFO  k.p.s.c.buildsystem.ProjectBuilder - main project[sample_test]'s message server codec file[PublicKeyReq][D:\gitsinnori\sinnori\project\sample_test\client_build\app_build\src\main\java\kr\pe\sinnori\impl\message] creation task end
06:36:16.725 [main] INFO  k.p.s.c.buildsystem.ProjectBuilder - main project[sample_test]'s message client codec file[PublicKeyReq][D:\gitsinnori\sinnori\project\sample_test\client_build\app_build\src\main\java\kr\pe\sinnori\impl\message] creation task start
06:36:16.740 [main] INFO  k.p.s.c.buildsystem.ProjectBuilder - main project[sample_test]'s message client codec file[PublicKeyReq][D:\gitsinnori\sinnori\project\sample_test\client_build\app_build\src\main\java\kr\pe\sinnori\impl\message] creation task end
06:36:16.740 [main] INFO  k.p.s.common.util.CommonStaticUtil - the new child relative direcotry[D:\gitsinnori\sinnori\project\sample_test\client_build\app_build\src\main\java\kr\pe\sinnori\impl\message][PublicKeyRes] was created successfully
06:36:16.740 [main] INFO  k.p.s.c.buildsystem.ProjectBuilder - main project[sample_test]'s message file[PublicKeyRes][D:\gitsinnori\sinnori\project\sample_test\client_build\app_build\src\main\java\kr\pe\sinnori\impl\message] creation task start
06:36:16.740 [main] INFO  k.p.s.c.buildsystem.ProjectBuilder - main project[sample_test]'s message file[PublicKeyRes][D:\gitsinnori\sinnori\project\sample_test\client_build\app_build\src\main\java\kr\pe\sinnori\impl\message] creation task end
06:36:16.740 [main] INFO  k.p.s.c.buildsystem.ProjectBuilder - main project[sample_test]'s message decoder file[PublicKeyRes][D:\gitsinnori\sinnori\project\sample_test\client_build\app_build\src\main\java\kr\pe\sinnori\impl\message] creation task start
06:36:16.740 [main] INFO  k.p.s.c.buildsystem.ProjectBuilder - main project[sample_test]'s message decoder file[PublicKeyRes][D:\gitsinnori\sinnori\project\sample_test\client_build\app_build\src\main\java\kr\pe\sinnori\impl\message] creation task end
06:36:16.740 [main] INFO  k.p.s.c.buildsystem.ProjectBuilder - main project[sample_test]'s message encoder file[PublicKeyRes][D:\gitsinnori\sinnori\project\sample_test\client_build\app_build\src\main\java\kr\pe\sinnori\impl\message] creation task start
06:36:16.740 [main] INFO  k.p.s.c.buildsystem.ProjectBuilder - main project[sample_test]'s message encoder file[PublicKeyRes][D:\gitsinnori\sinnori\project\sample_test\client_build\app_build\src\main\java\kr\pe\sinnori\impl\message] creation task end
06:36:16.740 [main] INFO  k.p.s.c.buildsystem.ProjectBuilder - main project[sample_test]'s message server codec file[PublicKeyRes][D:\gitsinnori\sinnori\project\sample_test\client_build\app_build\src\main\java\kr\pe\sinnori\impl\message] creation task start
06:36:16.740 [main] INFO  k.p.s.c.buildsystem.ProjectBuilder - main project[sample_test]'s message server codec file[PublicKeyRes][D:\gitsinnori\sinnori\project\sample_test\client_build\app_build\src\main\java\kr\pe\sinnori\impl\message] creation task end
06:36:16.740 [main] INFO  k.p.s.c.buildsystem.ProjectBuilder - main project[sample_test]'s message client codec file[PublicKeyRes][D:\gitsinnori\sinnori\project\sample_test\client_build\app_build\src\main\java\kr\pe\sinnori\impl\message] creation task start
06:36:16.840 [main] INFO  k.p.s.c.buildsystem.ProjectBuilder - main project[sample_test]'s message client codec file[PublicKeyRes][D:\gitsinnori\sinnori\project\sample_test\client_build\app_build\src\main\java\kr\pe\sinnori\impl\message] creation task end
06:36:16.840 [main] INFO  k.p.s.c.buildsystem.ProjectBuilder - main project[sample_test]'s application client message io file set creation task end
06:36:16.840 [main] INFO  k.p.s.c.buildsystem.ProjectBuilder - mainproject[sample_test]'s application client build system files creation task end
06:36:16.840 [main] INFO  k.p.s.c.buildsystem.ProjectBuilder - main project[sample_test]'s web client build system files creation task start
06:36:16.840 [main] INFO  k.p.s.c.buildsystem.ProjectBuilder - main project[sample_test]'s web client ant build.xml file creation task start
06:36:16.840 [main] INFO  k.p.s.c.buildsystem.ProjectBuilder - main project[sample_test]'s web client ant build.xml file creation task end
06:36:16.840 [main] INFO  k.p.s.c.buildsystem.ProjectBuilder - main project[sample_test]'s web client ant properties file creation task start
06:36:16.840 [main] INFO  k.p.s.c.util.SequencedPropertiesUtil - the sequenced properties file[D:\gitsinnori\sinnori\project\sample_test\client_build\web_build\webAnt.properties] was created
06:36:16.856 [main] INFO  k.p.s.c.buildsystem.ProjectBuilder - main project[sample_test]'s web client ant properties file creation task end
06:36:16.856 [main] INFO  k.p.s.c.buildsystem.ProjectBuilder - main project[sample_test]'s web client message io file set creation task start
06:36:16.856 [main] INFO  k.p.s.common.util.CommonStaticUtil - the new child relative direcotry[D:\gitsinnori\sinnori\project\sample_test\client_build\web_build\src\main\java\kr\pe\sinnori\impl\message][Echo] was created successfully
06:36:16.856 [main] INFO  k.p.s.c.buildsystem.ProjectBuilder - main project[sample_test]'s message file[Echo][D:\gitsinnori\sinnori\project\sample_test\client_build\web_build\src\main\java\kr\pe\sinnori\impl\message] creation task start
06:36:16.871 [main] INFO  k.p.s.c.buildsystem.ProjectBuilder - main project[sample_test]'s message file[Echo][D:\gitsinnori\sinnori\project\sample_test\client_build\web_build\src\main\java\kr\pe\sinnori\impl\message] creation task end
06:36:16.871 [main] INFO  k.p.s.c.buildsystem.ProjectBuilder - main project[sample_test]'s message decoder file[Echo][D:\gitsinnori\sinnori\project\sample_test\client_build\web_build\src\main\java\kr\pe\sinnori\impl\message] creation task start
06:36:16.871 [main] INFO  k.p.s.c.buildsystem.ProjectBuilder - main project[sample_test]'s message decoder file[Echo][D:\gitsinnori\sinnori\project\sample_test\client_build\web_build\src\main\java\kr\pe\sinnori\impl\message] creation task end
06:36:16.871 [main] INFO  k.p.s.c.buildsystem.ProjectBuilder - main project[sample_test]'s message encoder file[Echo][D:\gitsinnori\sinnori\project\sample_test\client_build\web_build\src\main\java\kr\pe\sinnori\impl\message] creation task start
06:36:16.871 [main] INFO  k.p.s.c.buildsystem.ProjectBuilder - main project[sample_test]'s message encoder file[Echo][D:\gitsinnori\sinnori\project\sample_test\client_build\web_build\src\main\java\kr\pe\sinnori\impl\message] creation task end
06:36:16.871 [main] INFO  k.p.s.c.buildsystem.ProjectBuilder - main project[sample_test]'s message server codec file[Echo][D:\gitsinnori\sinnori\project\sample_test\client_build\web_build\src\main\java\kr\pe\sinnori\impl\message] creation task start
06:36:16.871 [main] INFO  k.p.s.c.buildsystem.ProjectBuilder - main project[sample_test]'s message server codec file[Echo][D:\gitsinnori\sinnori\project\sample_test\client_build\web_build\src\main\java\kr\pe\sinnori\impl\message] creation task end
06:36:16.871 [main] INFO  k.p.s.c.buildsystem.ProjectBuilder - main project[sample_test]'s message client codec file[Echo][D:\gitsinnori\sinnori\project\sample_test\client_build\web_build\src\main\java\kr\pe\sinnori\impl\message] creation task start
06:36:16.871 [main] INFO  k.p.s.c.buildsystem.ProjectBuilder - main project[sample_test]'s message client codec file[Echo][D:\gitsinnori\sinnori\project\sample_test\client_build\web_build\src\main\java\kr\pe\sinnori\impl\message] creation task end
06:36:16.871 [main] INFO  k.p.s.common.util.CommonStaticUtil - the new child relative direcotry[D:\gitsinnori\sinnori\project\sample_test\client_build\web_build\src\main\java\kr\pe\sinnori\impl\message][PublicKeyReq] was created successfully
06:36:16.871 [main] INFO  k.p.s.c.buildsystem.ProjectBuilder - main project[sample_test]'s message file[PublicKeyReq][D:\gitsinnori\sinnori\project\sample_test\client_build\web_build\src\main\java\kr\pe\sinnori\impl\message] creation task start
06:36:16.887 [main] INFO  k.p.s.c.buildsystem.ProjectBuilder - main project[sample_test]'s message file[PublicKeyReq][D:\gitsinnori\sinnori\project\sample_test\client_build\web_build\src\main\java\kr\pe\sinnori\impl\message] creation task end
06:36:16.887 [main] INFO  k.p.s.c.buildsystem.ProjectBuilder - main project[sample_test]'s message decoder file[PublicKeyReq][D:\gitsinnori\sinnori\project\sample_test\client_build\web_build\src\main\java\kr\pe\sinnori\impl\message] creation task start
06:36:16.887 [main] INFO  k.p.s.c.buildsystem.ProjectBuilder - main project[sample_test]'s message decoder file[PublicKeyReq][D:\gitsinnori\sinnori\project\sample_test\client_build\web_build\src\main\java\kr\pe\sinnori\impl\message] creation task end
06:36:16.887 [main] INFO  k.p.s.c.buildsystem.ProjectBuilder - main project[sample_test]'s message encoder file[PublicKeyReq][D:\gitsinnori\sinnori\project\sample_test\client_build\web_build\src\main\java\kr\pe\sinnori\impl\message] creation task start
06:36:16.887 [main] INFO  k.p.s.c.buildsystem.ProjectBuilder - main project[sample_test]'s message encoder file[PublicKeyReq][D:\gitsinnori\sinnori\project\sample_test\client_build\web_build\src\main\java\kr\pe\sinnori\impl\message] creation task end
06:36:16.887 [main] INFO  k.p.s.c.buildsystem.ProjectBuilder - main project[sample_test]'s message server codec file[PublicKeyReq][D:\gitsinnori\sinnori\project\sample_test\client_build\web_build\src\main\java\kr\pe\sinnori\impl\message] creation task start
06:36:16.887 [main] INFO  k.p.s.c.buildsystem.ProjectBuilder - main project[sample_test]'s message server codec file[PublicKeyReq][D:\gitsinnori\sinnori\project\sample_test\client_build\web_build\src\main\java\kr\pe\sinnori\impl\message] creation task end
06:36:16.887 [main] INFO  k.p.s.c.buildsystem.ProjectBuilder - main project[sample_test]'s message client codec file[PublicKeyReq][D:\gitsinnori\sinnori\project\sample_test\client_build\web_build\src\main\java\kr\pe\sinnori\impl\message] creation task start
06:36:16.887 [main] INFO  k.p.s.c.buildsystem.ProjectBuilder - main project[sample_test]'s message client codec file[PublicKeyReq][D:\gitsinnori\sinnori\project\sample_test\client_build\web_build\src\main\java\kr\pe\sinnori\impl\message] creation task end
06:36:16.887 [main] INFO  k.p.s.common.util.CommonStaticUtil - the new child relative direcotry[D:\gitsinnori\sinnori\project\sample_test\client_build\web_build\src\main\java\kr\pe\sinnori\impl\message][PublicKeyRes] was created successfully
06:36:16.887 [main] INFO  k.p.s.c.buildsystem.ProjectBuilder - main project[sample_test]'s message file[PublicKeyRes][D:\gitsinnori\sinnori\project\sample_test\client_build\web_build\src\main\java\kr\pe\sinnori\impl\message] creation task start
06:36:16.903 [main] INFO  k.p.s.c.buildsystem.ProjectBuilder - main project[sample_test]'s message file[PublicKeyRes][D:\gitsinnori\sinnori\project\sample_test\client_build\web_build\src\main\java\kr\pe\sinnori\impl\message] creation task end
06:36:16.981 [main] INFO  k.p.s.c.buildsystem.ProjectBuilder - main project[sample_test]'s message decoder file[PublicKeyRes][D:\gitsinnori\sinnori\project\sample_test\client_build\web_build\src\main\java\kr\pe\sinnori\impl\message] creation task start
06:36:16.981 [main] INFO  k.p.s.c.buildsystem.ProjectBuilder - main project[sample_test]'s message decoder file[PublicKeyRes][D:\gitsinnori\sinnori\project\sample_test\client_build\web_build\src\main\java\kr\pe\sinnori\impl\message] creation task end
06:36:16.981 [main] INFO  k.p.s.c.buildsystem.ProjectBuilder - main project[sample_test]'s message encoder file[PublicKeyRes][D:\gitsinnori\sinnori\project\sample_test\client_build\web_build\src\main\java\kr\pe\sinnori\impl\message] creation task start
06:36:16.996 [main] INFO  k.p.s.c.buildsystem.ProjectBuilder - main project[sample_test]'s message encoder file[PublicKeyRes][D:\gitsinnori\sinnori\project\sample_test\client_build\web_build\src\main\java\kr\pe\sinnori\impl\message] creation task end
06:36:16.996 [main] INFO  k.p.s.c.buildsystem.ProjectBuilder - main project[sample_test]'s message server codec file[PublicKeyRes][D:\gitsinnori\sinnori\project\sample_test\client_build\web_build\src\main\java\kr\pe\sinnori\impl\message] creation task start
06:36:16.996 [main] INFO  k.p.s.c.buildsystem.ProjectBuilder - main project[sample_test]'s message server codec file[PublicKeyRes][D:\gitsinnori\sinnori\project\sample_test\client_build\web_build\src\main\java\kr\pe\sinnori\impl\message] creation task end
06:36:16.996 [main] INFO  k.p.s.c.buildsystem.ProjectBuilder - main project[sample_test]'s message client codec file[PublicKeyRes][D:\gitsinnori\sinnori\project\sample_test\client_build\web_build\src\main\java\kr\pe\sinnori\impl\message] creation task start
06:36:16.996 [main] INFO  k.p.s.c.buildsystem.ProjectBuilder - main project[sample_test]'s message client codec file[PublicKeyRes][D:\gitsinnori\sinnori\project\sample_test\client_build\web_build\src\main\java\kr\pe\sinnori\impl\message] creation task end
06:36:16.996 [main] INFO  k.p.s.c.buildsystem.ProjectBuilder - main project[sample_test]'s web client message io file set creation task end
06:36:16.996 [main] INFO  k.p.s.c.buildsystem.ProjectBuilder - mainproject[sample_test]'s web client sample source files copy task start
06:36:17.090 [main] INFO  k.p.s.c.buildsystem.ProjectBuilder - mainproject[sample_test]'s web client sample source files copy task end
06:36:17.090 [main] INFO  k.p.s.c.buildsystem.ProjectBuilder - main project[sample_test]'s web client build system files creation task end
06:36:17.090 [main] INFO  k.p.s.c.buildsystem.ProjectBuilder - main project[sample_test]'s web root sample files creation task start
06:36:17.090 [main] INFO  k.p.s.c.buildsystem.ProjectBuilder - main project[sample_test]'s web root sample files copy task start
06:36:17.106 [main] INFO  k.p.s.c.buildsystem.ProjectBuilder - main project[sample_test]'s web root sample files copy task end
06:36:17.106 [main] INFO  k.p.s.c.buildsystem.ProjectBuilder - main project[sample_test]'s web root sample files creation task end
06:36:17.106 [main] INFO  k.p.s.c.buildsystem.ProjectBuilder - main project[sample_test]'s file creation task end
06:36:17.106 [main] INFO  k.p.s.c.config.SinnoriConfiguration - item key[sessionkey.rsa.publickey.file.value]'s value is null because its status is inactive
06:36:17.106 [main] INFO  k.p.s.c.config.SinnoriConfiguration - item key[sessionkey.rsa.privatekey.file.value]'s value is null because its status is inactive
06:36:17.106 [main] INFO  k.p.s.c.buildsystem.ProjectBuilder - main project[sample_test]'s config file overwrite task start
06:36:17.106 [main] INFO  k.p.s.c.buildsystem.ProjectBuilder - main project[sample_test]'s config file overwrite task end
06:36:17.106 [main] INFO  k.p.s.c.config.SinnoriConfiguration - item key[sessionkey.rsa.publickey.file.value]'s value is null because its status is inactive
06:36:17.106 [main] INFO  k.p.s.c.config.SinnoriConfiguration - item key[sessionkey.rsa.privatekey.file.value]'s value is null because its status is inactive
06:36:17.121 [main] INFO  k.p.s.c.buildsystem.ProjectBuilder - main project[sample_test]'s server dos shell file overwrite task start
06:36:17.121 [main] INFO  k.p.s.c.buildsystem.ProjectBuilder - main project[sample_test]'s server dos shell file overwrite task end
06:36:17.121 [main] INFO  k.p.s.c.buildsystem.ProjectBuilder - main project[sample_test]'s application client dos shell file  overwrite task start
06:36:17.121 [main] INFO  k.p.s.c.buildsystem.ProjectBuilder - main project[sample_test]'s application client dos shell file overwrite task end
06:36:17.121 [main] INFO  k.p.s.c.config.SinnoriConfiguration - item key[sessionkey.rsa.publickey.file.value]'s value is null because its status is inactive
06:36:17.121 [main] INFO  k.p.s.c.config.SinnoriConfiguration - item key[sessionkey.rsa.privatekey.file.value]'s value is null because its status is inactive
06:36:17.121 [main] INFO  k.p.s.c.config.SinnoriConfiguration - item key[sessionkey.rsa.publickey.file.value]'s value is null because its status is inactive
06:36:17.121 [main] INFO  k.p.s.c.config.SinnoriConfiguration - item key[sessionkey.rsa.privatekey.file.value]'s value is null because its status is inactive
06:36:17.168 [main] INFO  k.p.s.c.buildsystem.ProjectBuilder - main project[sample_test]'s child direcotry creation task start
06:36:17.168 [main] INFO  k.p.s.c.buildsystem.ProjectBuilder - main project[sample_test]'s common child direcotry creation task start
06:36:17.168 [main] INFO  k.p.s.common.util.CommonStaticUtil - the new child relative direcotry[D:\gitsinnori\sinnori\project\sample_test][config] was created successfully
06:36:17.168 [main] INFO  k.p.s.common.util.CommonStaticUtil - the new child relative direcotry[D:\gitsinnori\sinnori\project\sample_test][resources/dbcp] was created successfully
06:36:17.168 [main] INFO  k.p.s.common.util.CommonStaticUtil - the new child relative direcotry[D:\gitsinnori\sinnori\project\sample_test][resources/message_info] was created successfully
06:36:17.168 [main] INFO  k.p.s.common.util.CommonStaticUtil - the new child relative direcotry[D:\gitsinnori\sinnori\project\sample_test][resources/rsa_keypair] was created successfully
06:36:17.168 [main] INFO  k.p.s.common.util.CommonStaticUtil - the new child relative direcotry[D:\gitsinnori\sinnori\project\sample_test][log/apache] was created successfully
06:36:17.168 [main] INFO  k.p.s.common.util.CommonStaticUtil - the new child relative direcotry[D:\gitsinnori\sinnori\project\sample_test][log/client] was created successfully
06:36:17.168 [main] INFO  k.p.s.common.util.CommonStaticUtil - the new child relative direcotry[D:\gitsinnori\sinnori\project\sample_test][log/server] was created successfully
06:36:17.168 [main] INFO  k.p.s.common.util.CommonStaticUtil - the new child relative direcotry[D:\gitsinnori\sinnori\project\sample_test][log/servlet] was created successfully
06:36:17.168 [main] INFO  k.p.s.c.buildsystem.ProjectBuilder - main project[sample_test]'s common child direcotry creation task end
06:36:17.168 [main] INFO  k.p.s.c.buildsystem.ProjectBuilder - main project[sample_test]'s server child direcotry creation task start
06:36:17.168 [main] INFO  k.p.s.common.util.CommonStaticUtil - the new child relative direcotry[D:\gitsinnori\sinnori\project\sample_test][server_build/APP-INF/classes] was created successfully
06:36:17.168 [main] INFO  k.p.s.common.util.CommonStaticUtil - the new child relative direcotry[D:\gitsinnori\sinnori\project\sample_test][server_build/corelib/ex] was created successfully
06:36:17.168 [main] INFO  k.p.s.common.util.CommonStaticUtil - the new child relative direcotry[D:\gitsinnori\sinnori\project\sample_test][server_build/corelib/in] was created successfully
06:36:17.168 [main] INFO  k.p.s.common.util.CommonStaticUtil - the new child relative direcotry[D:\gitsinnori\sinnori\project\sample_test][server_build/lib/main/ex] was created successfully
06:36:17.168 [main] INFO  k.p.s.common.util.CommonStaticUtil - the new child relative direcotry[D:\gitsinnori\sinnori\project\sample_test][server_build/lib/main/in] was created successfully
06:36:17.168 [main] INFO  k.p.s.common.util.CommonStaticUtil - the new child relative direcotry[D:\gitsinnori\sinnori\project\sample_test][server_build/lib/test] was created successfully
06:36:17.184 [main] INFO  k.p.s.common.util.CommonStaticUtil - the new child relative direcotry[D:\gitsinnori\sinnori\project\sample_test][server_build/src/main/java/kr/pe/sinnori/impl/servertask] was created successfully
06:36:17.184 [main] INFO  k.p.s.common.util.CommonStaticUtil - the new child relative direcotry[D:\gitsinnori\sinnori\project\sample_test][server_build/src/main/java/kr/pe/sinnori/impl/message] was created successfully
06:36:17.184 [main] INFO  k.p.s.common.util.CommonStaticUtil - the new child relative direcotry[D:\gitsinnori\sinnori\project\sample_test][server_build/src/main/java/main] was created successfully
06:36:17.184 [main] INFO  k.p.s.common.util.CommonStaticUtil - the new child relative direcotry[D:\gitsinnori\sinnori\project\sample_test][server_build/src/test/java] was created successfully
06:36:17.184 [main] INFO  k.p.s.common.util.CommonStaticUtil - the new child relative direcotry[D:\gitsinnori\sinnori\project\sample_test][server_build/build] was created successfully
06:36:17.231 [main] INFO  k.p.s.common.util.CommonStaticUtil - the new child relative direcotry[D:\gitsinnori\sinnori\project\sample_test][server_build/dist] was created successfully
06:36:17.231 [main] INFO  k.p.s.c.buildsystem.ProjectBuilder - main project[sample_test]'s server child direcotry creation task end
06:36:17.231 [main] INFO  k.p.s.c.buildsystem.ProjectBuilder - main project[sample_test]'s child direcotry creation task end
06:36:17.231 [main] INFO  k.p.s.c.buildsystem.ProjectBuilder - main project[sample_test]'s file creation task start
06:36:17.231 [main] INFO  k.p.s.c.buildsystem.ProjectBuilder - main project[sample_test]'s config file creation task start
06:36:17.231 [main] INFO  k.p.s.c.util.SequencedPropertiesUtil - the sequenced properties file[D:\gitsinnori\sinnori\project\sample_test\config\sinnori.properties] was created
06:36:17.231 [main] INFO  k.p.s.c.buildsystem.ProjectBuilder - main project[sample_test]'s config file creation task end
06:36:17.231 [main] INFO  k.p.s.c.buildsystem.ProjectBuilder - the mainproject[sample_test]'s resources directory copy task start
06:36:17.246 [main] INFO  k.p.s.c.buildsystem.ProjectBuilder - the mainproject[sample_test]'s resources directory copy task end
06:36:17.246 [main] INFO  k.p.s.c.buildsystem.ProjectBuilder - server build system files creation task start
06:36:17.246 [main] INFO  k.p.s.c.buildsystem.ProjectBuilder - main project[sample_test]'s server ant build.xml file creation task start
06:36:17.246 [main] INFO  k.p.s.c.buildsystem.ProjectBuilder - main project[sample_test]'s server ant build.xml file creation task end
06:36:17.246 [main] INFO  k.p.s.c.buildsystem.ProjectBuilder - main project[sample_test]'s server dos shell file creation task start
06:36:17.246 [main] INFO  k.p.s.c.buildsystem.ProjectBuilder - main project[sample_test]'s server dos shell file creation task end
06:36:17.246 [main] INFO  k.p.s.c.buildsystem.ProjectBuilder - main project[sample_test]'s server unix shell file creation task start
06:36:17.246 [main] INFO  k.p.s.c.buildsystem.ProjectBuilder - main project[sample_test]'s server unix shell file creation task end
06:36:17.246 [main] INFO  k.p.s.c.buildsystem.ProjectBuilder - server sample source files copy task start
06:36:17.262 [main] INFO  k.p.s.c.buildsystem.ProjectBuilder - server sample source files copy task end
06:36:17.262 [main] INFO  k.p.s.c.buildsystem.ProjectBuilder - main project[sample_test]'s server message io file set creation task start
06:36:17.262 [main] INFO  k.p.s.common.util.CommonStaticUtil - the new child relative direcotry[D:\gitsinnori\sinnori\project\sample_test\server_build\src\main\java\kr\pe\sinnori\impl\message][Echo] was created successfully
06:36:17.262 [main] INFO  k.p.s.c.buildsystem.ProjectBuilder - main project[sample_test]'s message file[Echo][D:\gitsinnori\sinnori\project\sample_test\server_build\src\main\java\kr\pe\sinnori\impl\message] creation task start
06:36:17.262 [main] INFO  k.p.s.c.buildsystem.ProjectBuilder - main project[sample_test]'s message file[Echo][D:\gitsinnori\sinnori\project\sample_test\server_build\src\main\java\kr\pe\sinnori\impl\message] creation task end
06:36:17.262 [main] INFO  k.p.s.c.buildsystem.ProjectBuilder - main project[sample_test]'s message decoder file[Echo][D:\gitsinnori\sinnori\project\sample_test\server_build\src\main\java\kr\pe\sinnori\impl\message] creation task start
06:36:17.262 [main] INFO  k.p.s.c.buildsystem.ProjectBuilder - main project[sample_test]'s message decoder file[Echo][D:\gitsinnori\sinnori\project\sample_test\server_build\src\main\java\kr\pe\sinnori\impl\message] creation task end
06:36:17.262 [main] INFO  k.p.s.c.buildsystem.ProjectBuilder - main project[sample_test]'s message encoder file[Echo][D:\gitsinnori\sinnori\project\sample_test\server_build\src\main\java\kr\pe\sinnori\impl\message] creation task start
06:36:17.262 [main] INFO  k.p.s.c.buildsystem.ProjectBuilder - main project[sample_test]'s message encoder file[Echo][D:\gitsinnori\sinnori\project\sample_test\server_build\src\main\java\kr\pe\sinnori\impl\message] creation task end
06:36:17.262 [main] INFO  k.p.s.c.buildsystem.ProjectBuilder - main project[sample_test]'s message server codec file[Echo][D:\gitsinnori\sinnori\project\sample_test\server_build\src\main\java\kr\pe\sinnori\impl\message] creation task start
06:36:17.262 [main] INFO  k.p.s.c.buildsystem.ProjectBuilder - main project[sample_test]'s message server codec file[Echo][D:\gitsinnori\sinnori\project\sample_test\server_build\src\main\java\kr\pe\sinnori\impl\message] creation task end
06:36:17.262 [main] INFO  k.p.s.c.buildsystem.ProjectBuilder - main project[sample_test]'s message client codec file[Echo][D:\gitsinnori\sinnori\project\sample_test\server_build\src\main\java\kr\pe\sinnori\impl\message] creation task start
06:36:17.262 [main] INFO  k.p.s.c.buildsystem.ProjectBuilder - main project[sample_test]'s message client codec file[Echo][D:\gitsinnori\sinnori\project\sample_test\server_build\src\main\java\kr\pe\sinnori\impl\message] creation task end
06:36:17.278 [main] INFO  k.p.s.common.util.CommonStaticUtil - the new child relative direcotry[D:\gitsinnori\sinnori\project\sample_test\server_build\src\main\java\kr\pe\sinnori\impl\message][PublicKeyReq] was created successfully
06:36:17.340 [main] INFO  k.p.s.c.buildsystem.ProjectBuilder - main project[sample_test]'s message file[PublicKeyReq][D:\gitsinnori\sinnori\project\sample_test\server_build\src\main\java\kr\pe\sinnori\impl\message] creation task start
06:36:17.344 [main] INFO  k.p.s.c.buildsystem.ProjectBuilder - main project[sample_test]'s message file[PublicKeyReq][D:\gitsinnori\sinnori\project\sample_test\server_build\src\main\java\kr\pe\sinnori\impl\message] creation task end
06:36:17.344 [main] INFO  k.p.s.c.buildsystem.ProjectBuilder - main project[sample_test]'s message decoder file[PublicKeyReq][D:\gitsinnori\sinnori\project\sample_test\server_build\src\main\java\kr\pe\sinnori\impl\message] creation task start
06:36:17.344 [main] INFO  k.p.s.c.buildsystem.ProjectBuilder - main project[sample_test]'s message decoder file[PublicKeyReq][D:\gitsinnori\sinnori\project\sample_test\server_build\src\main\java\kr\pe\sinnori\impl\message] creation task end
06:36:17.344 [main] INFO  k.p.s.c.buildsystem.ProjectBuilder - main project[sample_test]'s message encoder file[PublicKeyReq][D:\gitsinnori\sinnori\project\sample_test\server_build\src\main\java\kr\pe\sinnori\impl\message] creation task start
06:36:17.359 [main] INFO  k.p.s.c.buildsystem.ProjectBuilder - main project[sample_test]'s message encoder file[PublicKeyReq][D:\gitsinnori\sinnori\project\sample_test\server_build\src\main\java\kr\pe\sinnori\impl\message] creation task end
06:36:17.359 [main] INFO  k.p.s.c.buildsystem.ProjectBuilder - main project[sample_test]'s message server codec file[PublicKeyReq][D:\gitsinnori\sinnori\project\sample_test\server_build\src\main\java\kr\pe\sinnori\impl\message] creation task start
06:36:17.359 [main] INFO  k.p.s.c.buildsystem.ProjectBuilder - main project[sample_test]'s message server codec file[PublicKeyReq][D:\gitsinnori\sinnori\project\sample_test\server_build\src\main\java\kr\pe\sinnori\impl\message] creation task end
06:36:17.359 [main] INFO  k.p.s.c.buildsystem.ProjectBuilder - main project[sample_test]'s message client codec file[PublicKeyReq][D:\gitsinnori\sinnori\project\sample_test\server_build\src\main\java\kr\pe\sinnori\impl\message] creation task start
06:36:17.359 [main] INFO  k.p.s.c.buildsystem.ProjectBuilder - main project[sample_test]'s message client codec file[PublicKeyReq][D:\gitsinnori\sinnori\project\sample_test\server_build\src\main\java\kr\pe\sinnori\impl\message] creation task end
06:36:17.359 [main] INFO  k.p.s.common.util.CommonStaticUtil - the new child relative direcotry[D:\gitsinnori\sinnori\project\sample_test\server_build\src\main\java\kr\pe\sinnori\impl\message][PublicKeyRes] was created successfully
06:36:17.359 [main] INFO  k.p.s.c.buildsystem.ProjectBuilder - main project[sample_test]'s message file[PublicKeyRes][D:\gitsinnori\sinnori\project\sample_test\server_build\src\main\java\kr\pe\sinnori\impl\message] creation task start
06:36:17.375 [main] INFO  k.p.s.c.buildsystem.ProjectBuilder - main project[sample_test]'s message file[PublicKeyRes][D:\gitsinnori\sinnori\project\sample_test\server_build\src\main\java\kr\pe\sinnori\impl\message] creation task end
06:36:17.375 [main] INFO  k.p.s.c.buildsystem.ProjectBuilder - main project[sample_test]'s message decoder file[PublicKeyRes][D:\gitsinnori\sinnori\project\sample_test\server_build\src\main\java\kr\pe\sinnori\impl\message] creation task start
06:36:17.375 [main] INFO  k.p.s.c.buildsystem.ProjectBuilder - main project[sample_test]'s message decoder file[PublicKeyRes][D:\gitsinnori\sinnori\project\sample_test\server_build\src\main\java\kr\pe\sinnori\impl\message] creation task end
06:36:17.375 [main] INFO  k.p.s.c.buildsystem.ProjectBuilder - main project[sample_test]'s message encoder file[PublicKeyRes][D:\gitsinnori\sinnori\project\sample_test\server_build\src\main\java\kr\pe\sinnori\impl\message] creation task start
06:36:17.375 [main] INFO  k.p.s.c.buildsystem.ProjectBuilder - main project[sample_test]'s message encoder file[PublicKeyRes][D:\gitsinnori\sinnori\project\sample_test\server_build\src\main\java\kr\pe\sinnori\impl\message] creation task end
06:36:17.375 [main] INFO  k.p.s.c.buildsystem.ProjectBuilder - main project[sample_test]'s message server codec file[PublicKeyRes][D:\gitsinnori\sinnori\project\sample_test\server_build\src\main\java\kr\pe\sinnori\impl\message] creation task start
06:36:17.375 [main] INFO  k.p.s.c.buildsystem.ProjectBuilder - main project[sample_test]'s message server codec file[PublicKeyRes][D:\gitsinnori\sinnori\project\sample_test\server_build\src\main\java\kr\pe\sinnori\impl\message] creation task end
06:36:17.375 [main] INFO  k.p.s.c.buildsystem.ProjectBuilder - main project[sample_test]'s message client codec file[PublicKeyRes][D:\gitsinnori\sinnori\project\sample_test\server_build\src\main\java\kr\pe\sinnori\impl\message] creation task start
06:36:17.375 [main] INFO  k.p.s.c.buildsystem.ProjectBuilder - main project[sample_test]'s message client codec file[PublicKeyRes][D:\gitsinnori\sinnori\project\sample_test\server_build\src\main\java\kr\pe\sinnori\impl\message] creation task end
06:36:17.375 [main] INFO  k.p.s.c.buildsystem.ProjectBuilder - main project[sample_test]'s server message io file set creation task end
06:36:17.375 [main] INFO  k.p.s.c.buildsystem.ProjectBuilder - server build system files creation task end
06:36:17.375 [main] INFO  k.p.s.c.buildsystem.ProjectBuilder - main project[sample_test]'s file creation task end
]]></system-out>
  <system-err><![CDATA[]]></system-err>
</testsuite>
