<?xml version="1.0" encoding="UTF-8" ?>
<testsuite errors="0" failures="0" hostname="madang02-pc" name="kr.pe.sinnori.client.asyn.AsynPrivateMailboxTest" skipped="0" tests="2" time="15.728" timestamp="2018-03-04T21:35:21">
  <properties>
    <property name="java.vendor" value="Oracle Corporation" />
    <property name="dir.build" value="D:\gitsinnori\sinnori\core_build\build" />
    <property name="sun.java.launcher" value="SUN_STANDARD" />
    <property name="sun.management.compiler" value="HotSpot 64-Bit Tiered Compilers" />
    <property name="dir.dist" value="D:\gitsinnori\sinnori\core_build\dist" />
    <property name="os.name" value="Windows 10" />
    <property name="sun.boot.class.path" value="C:\Program Files\Java\jdk1.8.0_131\jre\lib\resources.jar;C:\Program Files\Java\jdk1.8.0_131\jre\lib\rt.jar;C:\Program Files\Java\jdk1.8.0_131\jre\lib\sunrsasign.jar;C:\Program Files\Java\jdk1.8.0_131\jre\lib\jsse.jar;C:\Program Files\Java\jdk1.8.0_131\jre\lib\jce.jar;C:\Program Files\Java\jdk1.8.0_131\jre\lib\charsets.jar;C:\Program Files\Java\jdk1.8.0_131\jre\lib\jfr.jar;C:\Program Files\Java\jdk1.8.0_131\jre\classes" />
    <property name="sun.desktop" value="windows" />
    <property name="java.vm.specification.vendor" value="Oracle Corporation" />
    <property name="ant.home" value="D:\apache-ant-1.10.0\bin\.." />
    <property name="java.runtime.version" value="1.8.0_131-b11" />
    <property name="user.name" value="madang03" />
    <property name="dir.report" value="D:\gitsinnori\sinnori\core_build\report" />
    <property name="user.language" value="ko" />
    <property name="sun.boot.library.path" value="C:\Program Files\Java\jdk1.8.0_131\jre\bin" />
    <property name="ant.project.default-target" value="make.core" />
    <property name="ant.project.name" value="sinnori_core_build" />
    <property name="java.version" value="1.8.0_131" />
    <property name="user.timezone" value="" />
    <property name="java.complile.option.debug" value="on" />
    <property name="sun.arch.data.model" value="64" />
    <property name="java.endorsed.dirs" value="C:\Program Files\Java\jdk1.8.0_131\jre\lib\endorsed" />
    <property name="sun.cpu.isalist" value="amd64" />
    <property name="sun.jnu.encoding" value="MS949" />
    <property name="file.encoding.pkg" value="sun.io" />
    <property name="file.separator" value="\" />
    <property name="dir.appinf" value="D:\gitsinnori\sinnori\core_build\APP-INF" />
    <property name="java.specification.name" value="Java Platform API Specification" />
    <property name="java.class.version" value="52.0" />
    <property name="dir.testlib" value="D:\gitsinnori\sinnori\core_build\lib\test" />
    <property name="user.country" value="KR" />
    <property name="java.home" value="C:\Program Files\Java\jdk1.8.0_131\jre" />
    <property name="ant.file.sinnori_core_build" value="D:\gitsinnori\sinnori\core_build\build.xml" />
    <property name="java.vm.info" value="mixed mode" />
    <property name="ant.file" value="D:\gitsinnori\sinnori\core_build\build.xml" />
    <property name="os.version" value="10.0" />
    <property name="path.separator" value=";" />
    <property name="java.vm.version" value="25.131-b11" />
    <property name="user.variant" value="" />
    <property name="ant.library.dir" value="D:\apache-ant-1.10.0\lib" />
    <property name="java.awt.printerjob" value="sun.awt.windows.WPrinterJob" />
    <property name="sun.io.unicode.encoding" value="UnicodeLittle" />
    <property name="awt.toolkit" value="sun.awt.windows.WToolkit" />
    <property name="sun.stdout.encoding" value="ms949" />
    <property name="user.script" value="" />
    <property name="user.home" value="C:\Users\user" />
    <property name="java.specification.vendor" value="Oracle Corporation" />
    <property name="java.library.path" value="C:\Program Files\Java\jdk1.8.0_131\jre\bin;C:\WINDOWS\Sun\Java\bin;C:\WINDOWS\system32;C:\WINDOWS;C:\ProgramData\Oracle\Java\javapath;C:\Windows\system32;C:\Windows;C:\Windows\System32\Wbem;C:\Windows\System32\WindowsPowerShell\v1.0\;C:\Program Files (x86)\NVIDIA Corporation\PhysX\Common;C:\Program Files\Java\jdk1.8.0_131\bin;C:\Program Files\Git\cmd;D:\apache-ant-1.10.0\bin;C:\WINDOWS\system32;C:\WINDOWS;C:\WINDOWS\System32\Wbem;C:\WINDOWS\System32\WindowsPowerShell\v1.0\;D:\gradle-4.5\bin;C:\Users\user\AppData\Local\Microsoft\WindowsApps;;." />
    <property name="java.vendor.url" value="http://java.oracle.com/" />
    <property name="ant.file.type.sinnori_core_build" value="file" />
    <property name="java.vm.vendor" value="Oracle Corporation" />
    <property name="dir.src" value="D:\gitsinnori\sinnori\core_build\src\main\java" />
    <property name="java.runtime.name" value="Java(TM) SE Runtime Environment" />
    <property name="sun.java.command" value="org.apache.tools.ant.taskdefs.optional.junit.JUnitTestRunner kr.pe.sinnori.client.asyn.AsynPrivateMailboxTest skipNonTests=false filtertrace=true haltOnError=true haltOnFailure=true formatter=org.apache.tools.ant.taskdefs.optional.junit.SummaryJUnitResultFormatter showoutput=true outputtoformatters=true logfailedtests=true threadid=0 logtestlistenerevents=false formatter=org.apache.tools.ant.taskdefs.optional.junit.XMLJUnitResultFormatter,D:\gitsinnori\sinnori\core_build\report\TEST-kr.pe.sinnori.client.asyn.AsynPrivateMailboxTest.xml crashfile=D:\gitsinnori\sinnori\core_build\junitvmwatcher843423183865018797.properties propsfile=D:\gitsinnori\sinnori\core_build\junit5390043167415335663.properties" />
    <property name="java.class.path" value="D:\gitsinnori\sinnori\core_build\dist\sinnori-core.jar;D:\gitsinnori\sinnori\core_build\lib\main\ex\commons-codec-1.9.jar;D:\gitsinnori\sinnori\core_build\lib\main\ex\commons-collections4-4.1.jar;D:\gitsinnori\sinnori\core_build\lib\main\ex\commons-dbcp2-2.0.1.jar;D:\gitsinnori\sinnori\core_build\lib\main\ex\commons-io-2.5.jar;D:\gitsinnori\sinnori\core_build\lib\main\ex\commons-pool2-2.2.jar;D:\gitsinnori\sinnori\core_build\lib\main\ex\jcl-over-slf4j-1.7.7.jar;D:\gitsinnori\sinnori\core_build\lib\main\ex\json-simple-1.1.1.jar;D:\gitsinnori\sinnori\core_build\lib\main\ex\logback-classic-1.1.2.jar;D:\gitsinnori\sinnori\core_build\lib\main\ex\logback-core-1.1.2.jar;D:\gitsinnori\sinnori\core_build\lib\main\ex\mybatis-3.3.0-SNAPSHOT.jar;D:\gitsinnori\sinnori\core_build\lib\main\ex\mysql-connector-java-5.1.37-bin.jar;D:\gitsinnori\sinnori\core_build\lib\main\ex\slf4j-api-1.7.7.jar;D:\gitsinnori\sinnori\core_build\lib\test\byte-buddy-1.7.9.jar;D:\gitsinnori\sinnori\core_build\lib\test\byte-buddy-agent-1.7.9.jar;D:\gitsinnori\sinnori\core_build\lib\test\commons-exec-1.3.jar;D:\gitsinnori\sinnori\core_build\lib\test\hamcrest-core-1.3.jar;D:\gitsinnori\sinnori\core_build\lib\test\junit-4.12.jar;D:\gitsinnori\sinnori\core_build\lib\test\mockito-core-2.13.4.jar;D:\gitsinnori\sinnori\core_build\lib\test\objenesis-2.6.jar;D:\gitsinnori\sinnori\core_build\build\test;D:\apache-ant-1.10.0\lib\ant-launcher.jar;D:\apache-ant-1.10.0\lib\ant.jar;D:\apache-ant-1.10.0\lib\ant-junit.jar;D:\apache-ant-1.10.0\lib\ant-junit4.jar" />
    <property name="ant.version" value="Apache Ant(TM) version 1.10.0 compiled on December 27 2016" />
    <property name="dir.testsrc" value="D:\gitsinnori\sinnori\core_build\src\test\java" />
    <property name="java.vm.specification.name" value="Java Virtual Machine Specification" />
    <property name="ant.file.type" value="file" />
    <property name="java.vm.specification.version" value="1.8" />
    <property name="sun.cpu.endian" value="little" />
    <property name="sun.os.patch.level" value="" />
    <property name="dir.mainlib" value="D:\gitsinnori\sinnori\core_build\lib\main" />
    <property name="java.io.tmpdir" value="C:\Users\user\AppData\Local\Temp\" />
    <property name="java.vendor.url.bug" value="http://bugreport.sun.com/bugreport/" />
    <property name="os.arch" value="amd64" />
    <property name="java.awt.graphicsenv" value="sun.awt.Win32GraphicsEnvironment" />
    <property name="java.ext.dirs" value="C:\Program Files\Java\jdk1.8.0_131\jre\lib\ext;C:\WINDOWS\Sun\Java\lib\ext" />
    <property name="user.dir" value="D:\gitsinnori\sinnori\core_build" />
    <property name="line.separator" value="&#xd;&#xa;" />
    <property name="java.vm.name" value="Java HotSpot(TM) 64-Bit Server VM" />
    <property name="basedir" value="D:\gitsinnori\sinnori\core_build" />
    <property name="ant.java.version" value="1.8" />
    <property name="ant.core.lib" value="D:\apache-ant-1.10.0\lib\ant.jar" />
    <property name="dir.guilib" value="D:\gitsinnori\sinnori\core_build\guilib" />
    <property name="file.encoding" value="MS949" />
    <property name="sun.stderr.encoding" value="ms949" />
    <property name="java.specification.version" value="1.8" />
    <property name="ant.project.invoked-targets" value="test" />
  </properties>
  <testcase classname="kr.pe.sinnori.client.asyn.AsynPrivateMailboxTest" name="test_생산자소비자쓰레드테스트" time="15.661" />
  <testcase classname="kr.pe.sinnori.client.asyn.AsynPrivateMailboxTest" name="testputToSyncOutputMessageQueue_2번연속호출하여큐를비우는로직테스트" time="0.016" />
  <system-out><![CDATA[2018-03-05 06:35:21,368 INFO  [Thread-0] AsynPrivateMailboxProducerThread::toLetter=LetterToServer [toSocketChannel=455300407, messageID=Echo, mailboxID=2, mailID=-2147483648, wrapBufferList size=0] (AsynPrivateMailboxProducerThread.java:75)
2018-03-05 06:35:21,368 INFO  [Thread-4] AsynPrivateMailboxProducerThread::toLetter=LetterToServer [toSocketChannel=1102422325, messageID=Echo, mailboxID=1, mailID=-2147483648, wrapBufferList size=0] (AsynPrivateMailboxProducerThread.java:75)
2018-03-05 06:35:21,878 WARN  [Thread-0] 1.서버 응답 시간[500]이 초과되었습니다. mailboxID=[2], mailID=[-2147483648] (AsynPrivateMailboxProducerThread.java:86)
2018-03-05 06:35:21,878 WARN  [Thread-4] 1.서버 응답 시간[500]이 초과되었습니다. mailboxID=[1], mailID=[-2147483648] (AsynPrivateMailboxProducerThread.java:86)
2018-03-05 06:35:21,879 INFO  [Thread-0] AsynPrivateMailboxProducerThread::toLetter=LetterToServer [toSocketChannel=1819272096, messageID=Echo, mailboxID=2, mailID=-2147483647, wrapBufferList size=0] (AsynPrivateMailboxProducerThread.java:75)
2018-03-05 06:35:21,879 INFO  [Thread-4] AsynPrivateMailboxProducerThread::toLetter=LetterToServer [toSocketChannel=1332893555, messageID=Echo, mailboxID=1, mailID=-2147483647, wrapBufferList size=0] (AsynPrivateMailboxProducerThread.java:75)
2018-03-05 06:35:21,890 WARN  [Thread-5] drop the received message[ReceivedLetter [messageID=Echo, mailboxID=2, mailID=-2147483648]] because it's mail id is different form this mailbox's mail id[-2147483647] (AsynPrivateMailbox.java:113)
2018-03-05 06:35:22,368 INFO  [Thread-2] 소켓 타임 아웃 발생 (AsynPrivateMailboxProducerThread.java:60)
2018-03-05 06:35:22,368 INFO  [Thread-3] 소켓 타임 아웃 발생 (AsynPrivateMailboxProducerThread.java:60)
2018-03-05 06:35:22,368 INFO  [Thread-1] 소켓 타임 아웃 발생 (AsynPrivateMailboxProducerThread.java:60)
2018-03-05 06:35:22,381 WARN  [Thread-0] 1.서버 응답 시간[500]이 초과되었습니다. mailboxID=[2], mailID=[-2147483647] (AsynPrivateMailboxProducerThread.java:86)
2018-03-05 06:35:22,381 WARN  [Thread-4] 1.서버 응답 시간[500]이 초과되었습니다. mailboxID=[1], mailID=[-2147483647] (AsynPrivateMailboxProducerThread.java:86)
2018-03-05 06:35:22,382 INFO  [Thread-0] AsynPrivateMailboxProducerThread::toLetter=LetterToServer [toSocketChannel=1101820276, messageID=Echo, mailboxID=2, mailID=-2147483646, wrapBufferList size=0] (AsynPrivateMailboxProducerThread.java:75)
2018-03-05 06:35:22,382 INFO  [Thread-4] AsynPrivateMailboxProducerThread::toLetter=LetterToServer [toSocketChannel=1263389253, messageID=Echo, mailboxID=1, mailID=-2147483646, wrapBufferList size=0] (AsynPrivateMailboxProducerThread.java:75)
2018-03-05 06:35:22,640 WARN  [Thread-8] drop the received message[ReceivedLetter [messageID=Echo, mailboxID=1, mailID=-2147483647]] because it's mail id is different form this mailbox's mail id[-2147483646] (AsynPrivateMailbox.java:113)
2018-03-05 06:35:22,885 WARN  [Thread-0] 1.서버 응답 시간[500]이 초과되었습니다. mailboxID=[2], mailID=[-2147483646] (AsynPrivateMailboxProducerThread.java:86)
2018-03-05 06:35:22,885 WARN  [Thread-4] 1.서버 응답 시간[500]이 초과되었습니다. mailboxID=[1], mailID=[-2147483646] (AsynPrivateMailboxProducerThread.java:86)
2018-03-05 06:35:22,886 INFO  [Thread-0] AsynPrivateMailboxProducerThread::toLetter=LetterToServer [toSocketChannel=223921424, messageID=Echo, mailboxID=2, mailID=-2147483645, wrapBufferList size=0] (AsynPrivateMailboxProducerThread.java:75)
2018-03-05 06:35:22,887 INFO  [Thread-4] AsynPrivateMailboxProducerThread::toLetter=LetterToServer [toSocketChannel=240082248, messageID=Echo, mailboxID=1, mailID=-2147483645, wrapBufferList size=0] (AsynPrivateMailboxProducerThread.java:75)
2018-03-05 06:35:23,050 WARN  [Thread-7] drop the received message[ReceivedLetter [messageID=Echo, mailboxID=1, mailID=-2147483648]] because it's mail id is different form this mailbox's mail id[-2147483645] (AsynPrivateMailbox.java:113)
2018-03-05 06:35:23,370 INFO  [Thread-2] 소켓 타임 아웃 발생 (AsynPrivateMailboxProducerThread.java:60)
2018-03-05 06:35:23,370 INFO  [Thread-3] 소켓 타임 아웃 발생 (AsynPrivateMailboxProducerThread.java:60)
2018-03-05 06:35:23,372 INFO  [Thread-1] 소켓 타임 아웃 발생 (AsynPrivateMailboxProducerThread.java:60)
2018-03-05 06:35:23,388 WARN  [Thread-0] 1.서버 응답 시간[500]이 초과되었습니다. mailboxID=[2], mailID=[-2147483645] (AsynPrivateMailboxProducerThread.java:86)
2018-03-05 06:35:23,388 WARN  [Thread-4] 1.서버 응답 시간[500]이 초과되었습니다. mailboxID=[1], mailID=[-2147483645] (AsynPrivateMailboxProducerThread.java:86)
2018-03-05 06:35:23,389 INFO  [Thread-2] AsynPrivateMailboxProducerThread::toLetter=LetterToServer [toSocketChannel=1852352057, messageID=Echo, mailboxID=2, mailID=-2147483644, wrapBufferList size=0] (AsynPrivateMailboxProducerThread.java:75)
2018-03-05 06:35:23,389 INFO  [Thread-4] AsynPrivateMailboxProducerThread::toLetter=LetterToServer [toSocketChannel=1646262717, messageID=Echo, mailboxID=1, mailID=-2147483644, wrapBufferList size=0] (AsynPrivateMailboxProducerThread.java:75)
2018-03-05 06:35:23,891 WARN  [Thread-4] 1.서버 응답 시간[500]이 초과되었습니다. mailboxID=[1], mailID=[-2147483644] (AsynPrivateMailboxProducerThread.java:86)
2018-03-05 06:35:23,891 WARN  [Thread-2] 1.서버 응답 시간[500]이 초과되었습니다. mailboxID=[2], mailID=[-2147483644] (AsynPrivateMailboxProducerThread.java:86)
2018-03-05 06:35:23,893 INFO  [Thread-2] AsynPrivateMailboxProducerThread::toLetter=LetterToServer [toSocketChannel=1622099332, messageID=Echo, mailboxID=2, mailID=-2147483643, wrapBufferList size=0] (AsynPrivateMailboxProducerThread.java:75)
2018-03-05 06:35:23,898 INFO  [Thread-4] AsynPrivateMailboxProducerThread::toLetter=LetterToServer [toSocketChannel=1066136386, messageID=Echo, mailboxID=1, mailID=-2147483643, wrapBufferList size=0] (AsynPrivateMailboxProducerThread.java:75)
2018-03-05 06:35:24,061 WARN  [Thread-5] drop the received message[ReceivedLetter [messageID=Echo, mailboxID=1, mailID=-2147483646]] because it's mail id is different form this mailbox's mail id[-2147483643] (AsynPrivateMailbox.java:113)
2018-03-05 06:35:24,274 WARN  [Thread-5] drop the received message[ReceivedLetter [messageID=Echo, mailboxID=2, mailID=-2147483644]] because it's mail id is different form this mailbox's mail id[-2147483643] (AsynPrivateMailbox.java:113)
2018-03-05 06:35:24,372 INFO  [Thread-3] 소켓 타임 아웃 발생 (AsynPrivateMailboxProducerThread.java:60)
2018-03-05 06:35:24,374 INFO  [Thread-1] 소켓 타임 아웃 발생 (AsynPrivateMailboxProducerThread.java:60)
2018-03-05 06:35:24,390 INFO  [Thread-0] 소켓 타임 아웃 발생 (AsynPrivateMailboxProducerThread.java:60)
2018-03-05 06:35:24,395 WARN  [Thread-2] 1.서버 응답 시간[500]이 초과되었습니다. mailboxID=[2], mailID=[-2147483643] (AsynPrivateMailboxProducerThread.java:86)
2018-03-05 06:35:24,396 INFO  [Thread-2] AsynPrivateMailboxProducerThread::toLetter=LetterToServer [toSocketChannel=1687211337, messageID=Echo, mailboxID=2, mailID=-2147483642, wrapBufferList size=0] (AsynPrivateMailboxProducerThread.java:75)
2018-03-05 06:35:24,400 WARN  [Thread-4] 1.서버 응답 시간[500]이 초과되었습니다. mailboxID=[1], mailID=[-2147483643] (AsynPrivateMailboxProducerThread.java:86)
2018-03-05 06:35:24,401 INFO  [Thread-4] AsynPrivateMailboxProducerThread::toLetter=LetterToServer [toSocketChannel=439421204, messageID=Echo, mailboxID=1, mailID=-2147483642, wrapBufferList size=0] (AsynPrivateMailboxProducerThread.java:75)
2018-03-05 06:35:24,425 WARN  [Thread-6] drop the received message[ReceivedLetter [messageID=Echo, mailboxID=2, mailID=-2147483646]] because it's mail id is different form this mailbox's mail id[-2147483642] (AsynPrivateMailbox.java:113)
2018-03-05 06:35:24,897 WARN  [Thread-2] 1.서버 응답 시간[500]이 초과되었습니다. mailboxID=[2], mailID=[-2147483642] (AsynPrivateMailboxProducerThread.java:86)
2018-03-05 06:35:24,897 INFO  [Thread-0] AsynPrivateMailboxProducerThread::toLetter=LetterToServer [toSocketChannel=1640469131, messageID=Echo, mailboxID=2, mailID=-2147483641, wrapBufferList size=0] (AsynPrivateMailboxProducerThread.java:75)
2018-03-05 06:35:24,902 WARN  [Thread-4] 1.서버 응답 시간[500]이 초과되었습니다. mailboxID=[1], mailID=[-2147483642] (AsynPrivateMailboxProducerThread.java:86)
2018-03-05 06:35:24,902 INFO  [Thread-4] AsynPrivateMailboxProducerThread::toLetter=LetterToServer [toSocketChannel=1851826695, messageID=Echo, mailboxID=1, mailID=-2147483641, wrapBufferList size=0] (AsynPrivateMailboxProducerThread.java:75)
2018-03-05 06:35:25,373 INFO  [Thread-3] 소켓 타임 아웃 발생 (AsynPrivateMailboxProducerThread.java:60)
2018-03-05 06:35:25,375 INFO  [Thread-1] 소켓 타임 아웃 발생 (AsynPrivateMailboxProducerThread.java:60)
2018-03-05 06:35:25,398 WARN  [Thread-0] 1.서버 응답 시간[500]이 초과되었습니다. mailboxID=[2], mailID=[-2147483641] (AsynPrivateMailboxProducerThread.java:86)
2018-03-05 06:35:25,399 INFO  [Thread-0] AsynPrivateMailboxProducerThread::toLetter=LetterToServer [toSocketChannel=1923485680, messageID=Echo, mailboxID=2, mailID=-2147483640, wrapBufferList size=0] (AsynPrivateMailboxProducerThread.java:75)
2018-03-05 06:35:25,404 WARN  [Thread-4] 1.서버 응답 시간[500]이 초과되었습니다. mailboxID=[1], mailID=[-2147483641] (AsynPrivateMailboxProducerThread.java:86)
2018-03-05 06:35:25,405 INFO  [Thread-4] AsynPrivateMailboxProducerThread::toLetter=LetterToServer [toSocketChannel=1932487783, messageID=Echo, mailboxID=1, mailID=-2147483640, wrapBufferList size=0] (AsynPrivateMailboxProducerThread.java:75)
2018-03-05 06:35:25,610 WARN  [Thread-8] drop the received message[ReceivedLetter [messageID=Echo, mailboxID=2, mailID=-2147483645]] because it's mail id is different form this mailbox's mail id[-2147483640] (AsynPrivateMailbox.java:113)
2018-03-05 06:35:25,900 INFO  [Thread-2] 소켓 타임 아웃 발생 (AsynPrivateMailboxProducerThread.java:60)
2018-03-05 06:35:26,006 WARN  [Thread-9] drop the received message[ReceivedLetter [messageID=Echo, mailboxID=2, mailID=-2147483647]] because it's mail id is different form this mailbox's mail id[-2147483640] (AsynPrivateMailbox.java:113)
2018-03-05 06:35:26,112 WARN  [Thread-0] 1.서버 응답 시간[500]이 초과되었습니다. mailboxID=[2], mailID=[-2147483640] (AsynPrivateMailboxProducerThread.java:86)
2018-03-05 06:35:26,113 INFO  [Thread-0] AsynPrivateMailboxProducerThread::toLetter=LetterToServer [toSocketChannel=1344534273, messageID=Echo, mailboxID=2, mailID=-2147483639, wrapBufferList size=0] (AsynPrivateMailboxProducerThread.java:75)
2018-03-05 06:35:26,375 INFO  [Thread-3] 소켓 타임 아웃 발생 (AsynPrivateMailboxProducerThread.java:60)
2018-03-05 06:35:26,377 INFO  [Thread-1] 소켓 타임 아웃 발생 (AsynPrivateMailboxProducerThread.java:60)
2018-03-05 06:35:26,509 WARN  [Thread-4] 1.서버 응답 시간[500]이 초과되었습니다. mailboxID=[1], mailID=[-2147483640] (AsynPrivateMailboxProducerThread.java:86)
2018-03-05 06:35:26,509 INFO  [Thread-4] AsynPrivateMailboxProducerThread::toLetter=LetterToServer [toSocketChannel=324960419, messageID=Echo, mailboxID=1, mailID=-2147483639, wrapBufferList size=0] (AsynPrivateMailboxProducerThread.java:75)
2018-03-05 06:35:26,767 WARN  [Thread-7] drop the received message[ReceivedLetter [messageID=Echo, mailboxID=1, mailID=-2147483645]] because it's mail id is different form this mailbox's mail id[-2147483639] (AsynPrivateMailbox.java:113)
2018-03-05 06:35:26,901 INFO  [Thread-2] 소켓 타임 아웃 발생 (AsynPrivateMailboxProducerThread.java:60)
2018-03-05 06:35:27,268 WARN  [Thread-0] 1.서버 응답 시간[500]이 초과되었습니다. mailboxID=[2], mailID=[-2147483639] (AsynPrivateMailboxProducerThread.java:86)
2018-03-05 06:35:27,269 INFO  [Thread-0] AsynPrivateMailboxProducerThread::toLetter=LetterToServer [toSocketChannel=463001680, messageID=Echo, mailboxID=2, mailID=-2147483638, wrapBufferList size=0] (AsynPrivateMailboxProducerThread.java:75)
2018-03-05 06:35:27,378 INFO  [Thread-3] 소켓 타임 아웃 발생 (AsynPrivateMailboxProducerThread.java:60)
2018-03-05 06:35:27,379 INFO  [Thread-1] 소켓 타임 아웃 발생 (AsynPrivateMailboxProducerThread.java:60)
2018-03-05 06:35:27,895 WARN  [Thread-5] drop the received message[ReceivedLetter [messageID=Echo, mailboxID=1, mailID=-2147483644]] because it's mail id is different form this mailbox's mail id[-2147483639] (AsynPrivateMailbox.java:113)
2018-03-05 06:35:27,902 INFO  [Thread-2] 소켓 타임 아웃 발생 (AsynPrivateMailboxProducerThread.java:60)
2018-03-05 06:35:28,123 WARN  [Thread-8] drop the received message[ReceivedLetter [messageID=Echo, mailboxID=1, mailID=-2147483643]] because it's mail id is different form this mailbox's mail id[-2147483639] (AsynPrivateMailbox.java:113)
2018-03-05 06:35:28,370 WARN  [Thread-5] drop the received message[ReceivedLetter [messageID=Echo, mailboxID=2, mailID=-2147483641]] because it's mail id is different form this mailbox's mail id[-2147483638] (AsynPrivateMailbox.java:113)
2018-03-05 06:35:28,380 INFO  [Thread-3] 소켓 타임 아웃 발생 (AsynPrivateMailboxProducerThread.java:60)
2018-03-05 06:35:28,382 INFO  [Thread-1] 소켓 타임 아웃 발생 (AsynPrivateMailboxProducerThread.java:60)
2018-03-05 06:35:28,398 WARN  [Thread-4] 1.서버 응답 시간[500]이 초과되었습니다. mailboxID=[1], mailID=[-2147483639] (AsynPrivateMailboxProducerThread.java:86)
2018-03-05 06:35:28,398 INFO  [Thread-2] AsynPrivateMailboxProducerThread::toLetter=LetterToServer [toSocketChannel=563236799, messageID=Echo, mailboxID=1, mailID=-2147483638, wrapBufferList size=0] (AsynPrivateMailboxProducerThread.java:75)
2018-03-05 06:35:28,407 WARN  [Thread-6] drop the received message[ReceivedLetter [messageID=Echo, mailboxID=2, mailID=-2147483643]] because it's mail id is different form this mailbox's mail id[-2147483638] (AsynPrivateMailbox.java:113)
2018-03-05 06:35:28,548 WARN  [Thread-6] drop the received message[ReceivedLetter [messageID=Echo, mailboxID=1, mailID=-2147483640]] because it's mail id is different form this mailbox's mail id[-2147483638] (AsynPrivateMailbox.java:113)
2018-03-05 06:35:28,622 WARN  [Thread-7] drop the received message[ReceivedLetter [messageID=Echo, mailboxID=1, mailID=-2147483642]] because it's mail id is different form this mailbox's mail id[-2147483638] (AsynPrivateMailbox.java:113)
2018-03-05 06:35:28,624 WARN  [Thread-0] 1.서버 응답 시간[500]이 초과되었습니다. mailboxID=[2], mailID=[-2147483638] (AsynPrivateMailboxProducerThread.java:86)
2018-03-05 06:35:28,625 INFO  [Thread-0] AsynPrivateMailboxProducerThread::toLetter=LetterToServer [toSocketChannel=1184252514, messageID=Echo, mailboxID=2, mailID=-2147483637, wrapBufferList size=0] (AsynPrivateMailboxProducerThread.java:75)
2018-03-05 06:35:28,908 WARN  [Thread-2] 1.서버 응답 시간[500]이 초과되었습니다. mailboxID=[1], mailID=[-2147483638] (AsynPrivateMailboxProducerThread.java:86)
2018-03-05 06:35:28,909 INFO  [Thread-1] AsynPrivateMailboxProducerThread::toLetter=LetterToServer [toSocketChannel=986720868, messageID=Echo, mailboxID=1, mailID=-2147483637, wrapBufferList size=0] (AsynPrivateMailboxProducerThread.java:75)
2018-03-05 06:35:29,127 WARN  [Thread-0] 1.서버 응답 시간[500]이 초과되었습니다. mailboxID=[2], mailID=[-2147483637] (AsynPrivateMailboxProducerThread.java:86)
2018-03-05 06:35:29,128 INFO  [Thread-3] AsynPrivateMailboxProducerThread::toLetter=LetterToServer [toSocketChannel=722472625, messageID=Echo, mailboxID=2, mailID=-2147483636, wrapBufferList size=0] (AsynPrivateMailboxProducerThread.java:75)
2018-03-05 06:35:29,411 WARN  [Thread-1] 1.서버 응답 시간[500]이 초과되었습니다. mailboxID=[1], mailID=[-2147483637] (AsynPrivateMailboxProducerThread.java:86)
2018-03-05 06:35:29,413 INFO  [Thread-2] AsynPrivateMailboxProducerThread::toLetter=LetterToServer [toSocketChannel=174095578, messageID=Echo, mailboxID=1, mailID=-2147483636, wrapBufferList size=0] (AsynPrivateMailboxProducerThread.java:75)
2018-03-05 06:35:29,630 WARN  [Thread-3] 1.서버 응답 시간[500]이 초과되었습니다. mailboxID=[2], mailID=[-2147483636] (AsynPrivateMailboxProducerThread.java:86)
2018-03-05 06:35:29,631 INFO  [Thread-3] AsynPrivateMailboxProducerThread::toLetter=LetterToServer [toSocketChannel=634910115, messageID=Echo, mailboxID=2, mailID=-2147483635, wrapBufferList size=0] (AsynPrivateMailboxProducerThread.java:75)
2018-03-05 06:35:30,120 WARN  [Thread-7] drop the received message[ReceivedLetter [messageID=Echo, mailboxID=1, mailID=-2147483639]] because it's mail id is different form this mailbox's mail id[-2147483636] (AsynPrivateMailbox.java:113)
2018-03-05 06:35:30,222 WARN  [Thread-9] drop the received message[ReceivedLetter [messageID=Echo, mailboxID=2, mailID=-2147483642]] because it's mail id is different form this mailbox's mail id[-2147483635] (AsynPrivateMailbox.java:113)
2018-03-05 06:35:30,415 INFO  [Thread-1] 소켓 타임 아웃 발생 (AsynPrivateMailboxProducerThread.java:60)
2018-03-05 06:35:30,622 WARN  [Thread-2] 1.서버 응답 시간[500]이 초과되었습니다. mailboxID=[1], mailID=[-2147483636] (AsynPrivateMailboxProducerThread.java:86)
2018-03-05 06:35:30,623 INFO  [Thread-1] AsynPrivateMailboxProducerThread::toLetter=LetterToServer [toSocketChannel=873972558, messageID=Echo, mailboxID=1, mailID=-2147483635, wrapBufferList size=0] (AsynPrivateMailboxProducerThread.java:75)
2018-03-05 06:35:30,723 WARN  [Thread-3] 1.서버 응답 시간[500]이 초과되었습니다. mailboxID=[2], mailID=[-2147483635] (AsynPrivateMailboxProducerThread.java:86)
2018-03-05 06:35:30,723 INFO  [Thread-3] AsynPrivateMailboxProducerThread::toLetter=LetterToServer [toSocketChannel=568878529, messageID=Echo, mailboxID=2, mailID=-2147483634, wrapBufferList size=0] (AsynPrivateMailboxProducerThread.java:75)
2018-03-05 06:35:30,836 WARN  [Thread-7] drop the received message[ReceivedLetter [messageID=Echo, mailboxID=2, mailID=-2147483638]] because it's mail id is different form this mailbox's mail id[-2147483634] (AsynPrivateMailbox.java:113)
2018-03-05 06:35:31,339 WARN  [Thread-1] 1.서버 응답 시간[500]이 초과되었습니다. mailboxID=[1], mailID=[-2147483635] (AsynPrivateMailboxProducerThread.java:86)
2018-03-05 06:35:31,367 WARN  [Thread-6] drop the received message[ReceivedLetter [messageID=Echo, mailboxID=2, mailID=-2147483639]] because it's mail id is different form this mailbox's mail id[-2147483634] (AsynPrivateMailbox.java:113)
2018-03-05 06:35:31,868 WARN  [Thread-3] 1.서버 응답 시간[500]이 초과되었습니다. mailboxID=[2], mailID=[-2147483634] (AsynPrivateMailboxProducerThread.java:86)
2018-03-05 06:35:31,868 INFO  [main] call sleep (AsynPrivateMailboxTest.java:117)
2018-03-05 06:35:32,242 WARN  [Thread-8] drop the received message[ReceivedLetter [messageID=Echo, mailboxID=1, mailID=-2147483641]] because it's mail id is different form this mailbox's mail id[-2147483634] (AsynPrivateMailbox.java:113)
2018-03-05 06:35:33,079 WARN  [Thread-5] drop the received message[ReceivedLetter [messageID=Echo, mailboxID=2, mailID=-2147483640]] because it's mail id is different form this mailbox's mail id[-2147483633] (AsynPrivateMailbox.java:113)
2018-03-05 06:35:33,528 WARN  [Thread-9] drop the received message[ReceivedLetter [messageID=Echo, mailboxID=1, mailID=-2147483638]] because it's mail id is different form this mailbox's mail id[-2147483634] (AsynPrivateMailbox.java:113)
2018-03-05 06:35:34,090 WARN  [Thread-8] drop the received message[ReceivedLetter [messageID=Echo, mailboxID=2, mailID=-2147483636]] because it's mail id is different form this mailbox's mail id[-2147483633] (AsynPrivateMailbox.java:113)
2018-03-05 06:35:34,347 WARN  [Thread-9] drop the received message[ReceivedLetter [messageID=Echo, mailboxID=2, mailID=-2147483635]] because it's mail id is different form this mailbox's mail id[-2147483633] (AsynPrivateMailbox.java:113)
2018-03-05 06:35:34,360 WARN  [Thread-5] drop the received message[ReceivedLetter [messageID=Echo, mailboxID=1, mailID=-2147483636]] because it's mail id is different form this mailbox's mail id[-2147483634] (AsynPrivateMailbox.java:113)
2018-03-05 06:35:34,819 WARN  [Thread-7] drop the received message[ReceivedLetter [messageID=Echo, mailboxID=2, mailID=-2147483637]] because it's mail id is different form this mailbox's mail id[-2147483633] (AsynPrivateMailbox.java:113)
2018-03-05 06:35:35,021 WARN  [Thread-6] drop the received message[ReceivedLetter [messageID=Echo, mailboxID=1, mailID=-2147483637]] because it's mail id is different form this mailbox's mail id[-2147483634] (AsynPrivateMailbox.java:113)
2018-03-05 06:35:36,893 WARN  [main] drop the received message[ReceivedLetter [messageID=Echo, mailboxID=1, mailID=-2147483648]] because it was failed to insert the received message into outputmessage-queue[isEmpty=true] (AsynPrivateMailbox.java:133)
2018-03-05 06:35:36,893 WARN  [main] drop the received message[ReceivedLetter [messageID=Echo, mailboxID=1, mailID=-2147483648]] because it was failed to insert the received message into outputmessage-queue[isEmpty=true] (AsynPrivateMailbox.java:133)
]]></system-out>
  <system-err><![CDATA[]]></system-err>
</testsuite>
