<?xml version="1.0" encoding="UTF-8" ?>
<testsuite errors="0" failures="0" hostname="madang02-pc" name="kr.pe.sinnori.common.buildsystem.ProjectBuilderTest" skipped="0" tests="16" time="45.654" timestamp="2018-04-11T09:00:07">
  <properties>
    <property name="java.vendor" value="Oracle Corporation" />
    <property name="dir.build" value="D:\gitsinnori\sinnori\core_build\build" />
    <property name="sun.java.launcher" value="SUN_STANDARD" />
    <property name="sun.management.compiler" value="HotSpot 64-Bit Tiered Compilers" />
    <property name="dir.dist" value="D:\gitsinnori\sinnori\core_build\dist" />
    <property name="os.name" value="Windows 10" />
    <property name="sun.boot.class.path" value="C:\Program Files\Java\jdk1.8.0_131\jre\lib\resources.jar;C:\Program Files\Java\jdk1.8.0_131\jre\lib\rt.jar;C:\Program Files\Java\jdk1.8.0_131\jre\lib\sunrsasign.jar;C:\Program Files\Java\jdk1.8.0_131\jre\lib\jsse.jar;C:\Program Files\Java\jdk1.8.0_131\jre\lib\jce.jar;C:\Program Files\Java\jdk1.8.0_131\jre\lib\charsets.jar;C:\Program Files\Java\jdk1.8.0_131\jre\lib\jfr.jar;C:\Program Files\Java\jdk1.8.0_131\jre\classes" />
    <property name="sun.desktop" value="windows" />
    <property name="java.vm.specification.vendor" value="Oracle Corporation" />
    <property name="ant.home" value="D:\apache-ant-1.10.0\bin\.." />
    <property name="java.runtime.version" value="1.8.0_131-b11" />
    <property name="user.name" value="madang03" />
    <property name="dir.report" value="D:\gitsinnori\sinnori\core_build\report" />
    <property name="user.language" value="ko" />
    <property name="sun.boot.library.path" value="C:\Program Files\Java\jdk1.8.0_131\jre\bin" />
    <property name="ant.project.default-target" value="make.core" />
    <property name="ant.project.name" value="sinnori_core_build" />
    <property name="java.version" value="1.8.0_131" />
    <property name="user.timezone" value="" />
    <property name="java.complile.option.debug" value="on" />
    <property name="sun.arch.data.model" value="64" />
    <property name="java.endorsed.dirs" value="C:\Program Files\Java\jdk1.8.0_131\jre\lib\endorsed" />
    <property name="sun.cpu.isalist" value="amd64" />
    <property name="sun.jnu.encoding" value="MS949" />
    <property name="file.encoding.pkg" value="sun.io" />
    <property name="file.separator" value="\" />
    <property name="dir.appinf" value="D:\gitsinnori\sinnori\core_build\APP-INF" />
    <property name="java.specification.name" value="Java Platform API Specification" />
    <property name="java.class.version" value="52.0" />
    <property name="dir.testlib" value="D:\gitsinnori\sinnori\core_build\lib\test" />
    <property name="user.country" value="KR" />
    <property name="java.home" value="C:\Program Files\Java\jdk1.8.0_131\jre" />
    <property name="ant.file.sinnori_core_build" value="D:\gitsinnori\sinnori\core_build\build.xml" />
    <property name="java.vm.info" value="mixed mode" />
    <property name="ant.file" value="D:\gitsinnori\sinnori\core_build\build.xml" />
    <property name="os.version" value="10.0" />
    <property name="path.separator" value=";" />
    <property name="java.vm.version" value="25.131-b11" />
    <property name="user.variant" value="" />
    <property name="ant.library.dir" value="D:\apache-ant-1.10.0\lib" />
    <property name="java.awt.printerjob" value="sun.awt.windows.WPrinterJob" />
    <property name="sun.io.unicode.encoding" value="UnicodeLittle" />
    <property name="awt.toolkit" value="sun.awt.windows.WToolkit" />
    <property name="sun.stdout.encoding" value="ms949" />
    <property name="user.script" value="" />
    <property name="user.home" value="C:\Users\user" />
    <property name="java.specification.vendor" value="Oracle Corporation" />
    <property name="java.library.path" value="C:\Program Files\Java\jdk1.8.0_131\jre\bin;C:\WINDOWS\Sun\Java\bin;C:\WINDOWS\system32;C:\WINDOWS;C:\ProgramData\Oracle\Java\javapath;C:\Windows\system32;C:\Windows;C:\Windows\System32\Wbem;C:\Windows\System32\WindowsPowerShell\v1.0\;C:\Program Files (x86)\NVIDIA Corporation\PhysX\Common;C:\Program Files\Java\jdk1.8.0_131\bin;C:\Program Files\Git\cmd;D:\apache-ant-1.10.0\bin;C:\WINDOWS\system32;C:\WINDOWS;C:\WINDOWS\System32\Wbem;C:\WINDOWS\System32\WindowsPowerShell\v1.0\;D:\gradle-4.5\bin;C:\Users\user\AppData\Local\Microsoft\WindowsApps;;." />
    <property name="java.vendor.url" value="http://java.oracle.com/" />
    <property name="ant.file.type.sinnori_core_build" value="file" />
    <property name="java.vm.vendor" value="Oracle Corporation" />
    <property name="dir.src" value="D:\gitsinnori\sinnori\core_build\src\main\java" />
    <property name="java.runtime.name" value="Java(TM) SE Runtime Environment" />
    <property name="sun.java.command" value="org.apache.tools.ant.taskdefs.optional.junit.JUnitTestRunner kr.pe.sinnori.common.buildsystem.ProjectBuilderTest skipNonTests=false filtertrace=true haltOnError=true haltOnFailure=true formatter=org.apache.tools.ant.taskdefs.optional.junit.SummaryJUnitResultFormatter showoutput=true outputtoformatters=true logfailedtests=true threadid=0 logtestlistenerevents=false formatter=org.apache.tools.ant.taskdefs.optional.junit.XMLJUnitResultFormatter,D:\gitsinnori\sinnori\core_build\report\TEST-kr.pe.sinnori.common.buildsystem.ProjectBuilderTest.xml crashfile=D:\gitsinnori\sinnori\core_build\junitvmwatcher4685498290530233725.properties propsfile=D:\gitsinnori\sinnori\core_build\junit8466981645520557880.properties" />
    <property name="java.class.path" value="D:\gitsinnori\sinnori\core_build\dist\sinnori-core.jar;D:\gitsinnori\sinnori\core_build\lib\main\ex\json-simple-1.1.1.jar;D:\gitsinnori\sinnori\core_build\lib\main\ex\commons-lang3-3.7.jar;D:\gitsinnori\sinnori\core_build\lib\main\ex\commons-io-2.6.jar;D:\gitsinnori\sinnori\core_build\lib\main\ex\commons-collections4-4.1.jar;D:\gitsinnori\sinnori\core_build\lib\main\ex\commons-codec-1.11.jar;D:\gitsinnori\sinnori\core_build\lib\main\ex\mysql-connector-java-5.1.37-bin.jar;D:\gitsinnori\sinnori\core_build\lib\main\ex\jooq-meta-3.10.6.jar;D:\gitsinnori\sinnori\core_build\lib\main\ex\jooq-codegen-3.10.6.jar;D:\gitsinnori\sinnori\core_build\lib\main\ex\jooq-3.10.6.jar;D:\gitsinnori\sinnori\core_build\lib\test\byte-buddy-1.7.9.jar;D:\gitsinnori\sinnori\core_build\lib\test\byte-buddy-agent-1.7.9.jar;D:\gitsinnori\sinnori\core_build\lib\test\commons-exec-1.3.jar;D:\gitsinnori\sinnori\core_build\lib\test\hamcrest-core-1.3.jar;D:\gitsinnori\sinnori\core_build\lib\test\junit-4.12.jar;D:\gitsinnori\sinnori\core_build\lib\test\mockito-core-2.13.4.jar;D:\gitsinnori\sinnori\core_build\lib\test\objenesis-2.6.jar;D:\gitsinnori\sinnori\core_build\build\test;D:\apache-ant-1.10.0\lib\ant-launcher.jar;D:\apache-ant-1.10.0\lib\ant.jar;D:\apache-ant-1.10.0\lib\ant-junit.jar;D:\apache-ant-1.10.0\lib\ant-junit4.jar" />
    <property name="ant.version" value="Apache Ant(TM) version 1.10.0 compiled on December 27 2016" />
    <property name="dir.testsrc" value="D:\gitsinnori\sinnori\core_build\src\test\java" />
    <property name="java.vm.specification.name" value="Java Virtual Machine Specification" />
    <property name="ant.file.type" value="file" />
    <property name="java.vm.specification.version" value="1.8" />
    <property name="sun.cpu.endian" value="little" />
    <property name="sun.os.patch.level" value="" />
    <property name="dir.mainlib" value="D:\gitsinnori\sinnori\core_build\lib\main" />
    <property name="java.io.tmpdir" value="C:\Users\user\AppData\Local\Temp\" />
    <property name="java.vendor.url.bug" value="http://bugreport.sun.com/bugreport/" />
    <property name="os.arch" value="amd64" />
    <property name="java.awt.graphicsenv" value="sun.awt.Win32GraphicsEnvironment" />
    <property name="java.ext.dirs" value="C:\Program Files\Java\jdk1.8.0_131\jre\lib\ext;C:\WINDOWS\Sun\Java\lib\ext" />
    <property name="user.dir" value="D:\gitsinnori\sinnori\core_build" />
    <property name="line.separator" value="&#xd;&#xa;" />
    <property name="java.vm.name" value="Java HotSpot(TM) 64-Bit Server VM" />
    <property name="basedir" value="D:\gitsinnori\sinnori\core_build" />
    <property name="ant.java.version" value="1.8" />
    <property name="ant.core.lib" value="D:\apache-ant-1.10.0\lib\ant.jar" />
    <property name="dir.guilib" value="D:\gitsinnori\sinnori\core_build\guilib" />
    <property name="file.encoding" value="MS949" />
    <property name="sun.stderr.encoding" value="ms949" />
    <property name="java.specification.version" value="1.8" />
    <property name="ant.project.invoked-targets" value="test" />
  </properties>
  <testcase classname="kr.pe.sinnori.common.buildsystem.ProjectBuilderTest" name="testCreateProject_onlyWebClientBuild" time="0.556" />
  <testcase classname="kr.pe.sinnori.common.buildsystem.ProjectBuilderTest" name="testChangeProjectState" time="19.658" />
  <testcase classname="kr.pe.sinnori.common.buildsystem.ProjectBuilderTest" name="testConstructor_badSinnoriInstalledPath_notExist" time="0.0" />
  <testcase classname="kr.pe.sinnori.common.buildsystem.ProjectBuilderTest" name="testGetMainProjectBuildSystemState" time="3.945" />
  <testcase classname="kr.pe.sinnori.common.buildsystem.ProjectBuilderTest" name="testConstructor_badProjectName_notDirectory" time="0.001" />
  <testcase classname="kr.pe.sinnori.common.buildsystem.ProjectBuilderTest" name="testConstructor_badSinnoriInstalledPath_notDirecotry" time="0.0" />
  <testcase classname="kr.pe.sinnori.common.buildsystem.ProjectBuilderTest" name="testCreateProject_onlyAppClientBuild" time="0.299" />
  <testcase classname="kr.pe.sinnori.common.buildsystem.ProjectBuilderTest" name="test" time="0.097" />
  <testcase classname="kr.pe.sinnori.common.buildsystem.ProjectBuilderTest" name="testIsValidSeverAntBuildXMLFile" time="0.294" />
  <testcase classname="kr.pe.sinnori.common.buildsystem.ProjectBuilderTest" name="testWhetherOnlyProjectPathExists_projectPathNotExsitCase" time="0.0" />
  <testcase classname="kr.pe.sinnori.common.buildsystem.ProjectBuilderTest" name="testCreateProject_AllTypeBuild" time="19.424" />
  <testcase classname="kr.pe.sinnori.common.buildsystem.ProjectBuilderTest" name="testConstructor_badProjectBasePath_notDirectory" time="0.001" />
  <testcase classname="kr.pe.sinnori.common.buildsystem.ProjectBuilderTest" name="testApplySinnoriInstalledPath" time="0.994" />
  <testcase classname="kr.pe.sinnori.common.buildsystem.ProjectBuilderTest" name="testWhetherOnlyProjectPathExists_projectPathExsitCase" time="0.0" />
  <testcase classname="kr.pe.sinnori.common.buildsystem.ProjectBuilderTest" name="testConstructor_badProjectBasePath_notExist" time="0.0" />
  <testcase classname="kr.pe.sinnori.common.buildsystem.ProjectBuilderTest" name="testCreateProject_onlyServerBuild" time="0.244" />
  <system-out><![CDATA[Buildfile: D:\gitsinnori\sinnori\project\sample_test\server_build\build.xml

init.var:
     [echo] java.complile.option.debug=on
     [echo] is.windows.yes=true, is.unix.yes=${is.unix.yes}

make.doscore:
     [exec] Buildfile: D:\gitsinnori\sinnori\core_build\build.xml
     [exec] 
     [exec] init.core:
     [exec]      [echo] java.complile.option.debug=on
     [exec] 
     [exec] compile.logger:
     [exec] 
     [exec] compile.common:
     [exec] 
     [exec] make.common:
     [exec] 
     [exec] compile.client:
     [exec]      [echo] this compile.client task doesn't have 'depends' tag so you must call make.common task before this task
     [exec] 
     [exec] compile.server:
     [exec]      [echo] this compile.server task doesn't have 'depends' tag so you must call make.common task before this task
     [exec] 
     [exec] make.core:
     [exec] 
     [exec] BUILD SUCCESSFUL
     [exec] Total time: 0 seconds

make.unixcore:

make.core:

copy.core:
   [delete] Deleting directory D:\gitsinnori\sinnori\project\sample_test\server_build\corelib
    [mkdir] Created dir: D:\gitsinnori\sinnori\project\sample_test\server_build\corelib\ex
    [mkdir] Created dir: D:\gitsinnori\sinnori\project\sample_test\server_build\corelib\in
     [copy] Copying 1 file to D:\gitsinnori\sinnori\project\sample_test\server_build\corelib\in
     [copy] Copying D:\gitsinnori\sinnori\core_build\dist\sinnori-core.jar to D:\gitsinnori\sinnori\project\sample_test\server_build\corelib\in\sinnori-core.jar
     [copy] Copying 19 files to D:\gitsinnori\sinnori\project\sample_test\server_build\corelib\ex
     [copy] Copying D:\gitsinnori\sinnori\core_build\lib\main\ex\commons-codec-1.11.jar to D:\gitsinnori\sinnori\project\sample_test\server_build\corelib\ex\commons-codec-1.11.jar
     [copy] Copying D:\gitsinnori\sinnori\core_build\lib\main\ex\commons-collections4-4.1.jar to D:\gitsinnori\sinnori\project\sample_test\server_build\corelib\ex\commons-collections4-4.1.jar
     [copy] Copying D:\gitsinnori\sinnori\core_build\lib\main\ex\commons-dbcp2-2.0.1.jar to D:\gitsinnori\sinnori\project\sample_test\server_build\corelib\ex\commons-dbcp2-2.0.1.jar
     [copy] Copying D:\gitsinnori\sinnori\core_build\lib\main\ex\commons-io-2.6.jar to D:\gitsinnori\sinnori\project\sample_test\server_build\corelib\ex\commons-io-2.6.jar
     [copy] Copying D:\gitsinnori\sinnori\core_build\lib\main\ex\commons-lang3-3.7.jar to D:\gitsinnori\sinnori\project\sample_test\server_build\corelib\ex\commons-lang3-3.7.jar
     [copy] Copying D:\gitsinnori\sinnori\core_build\lib\main\ex\commons-logging-1.2.jar to D:\gitsinnori\sinnori\project\sample_test\server_build\corelib\ex\commons-logging-1.2.jar
     [copy] Copying D:\gitsinnori\sinnori\core_build\lib\main\ex\commons-pool2-2.5.0.jar to D:\gitsinnori\sinnori\project\sample_test\server_build\corelib\ex\commons-pool2-2.5.0.jar
     [copy] Copying D:\gitsinnori\sinnori\core_build\lib\main\ex\jcl-over-slf4j-1.7.25.jar to D:\gitsinnori\sinnori\project\sample_test\server_build\corelib\ex\jcl-over-slf4j-1.7.25.jar
     [copy] Copying D:\gitsinnori\sinnori\core_build\lib\main\ex\jooq-3.10.6.jar to D:\gitsinnori\sinnori\project\sample_test\server_build\corelib\ex\jooq-3.10.6.jar
     [copy] Copying D:\gitsinnori\sinnori\core_build\lib\main\ex\jooq-codegen-3.10.6.jar to D:\gitsinnori\sinnori\project\sample_test\server_build\corelib\ex\jooq-codegen-3.10.6.jar
     [copy] Copying D:\gitsinnori\sinnori\core_build\lib\main\ex\jooq-meta-3.10.6.jar to D:\gitsinnori\sinnori\project\sample_test\server_build\corelib\ex\jooq-meta-3.10.6.jar
     [copy] Copying D:\gitsinnori\sinnori\core_build\lib\main\ex\json-simple-1.1.1.jar to D:\gitsinnori\sinnori\project\sample_test\server_build\corelib\ex\json-simple-1.1.1.jar
     [copy] Copying D:\gitsinnori\sinnori\core_build\lib\main\ex\log4j-1.2.17.jar to D:\gitsinnori\sinnori\project\sample_test\server_build\corelib\ex\log4j-1.2.17.jar
     [copy] Copying D:\gitsinnori\sinnori\core_build\lib\main\ex\log4j-api-2.11.0.jar to D:\gitsinnori\sinnori\project\sample_test\server_build\corelib\ex\log4j-api-2.11.0.jar
     [copy] Copying D:\gitsinnori\sinnori\core_build\lib\main\ex\log4j-core-2.11.0.jar to D:\gitsinnori\sinnori\project\sample_test\server_build\corelib\ex\log4j-core-2.11.0.jar
     [copy] Copying D:\gitsinnori\sinnori\core_build\lib\main\ex\logback-classic-1.2.3.jar to D:\gitsinnori\sinnori\project\sample_test\server_build\corelib\ex\logback-classic-1.2.3.jar
     [copy] Copying D:\gitsinnori\sinnori\core_build\lib\main\ex\logback-core-1.2.3.jar to D:\gitsinnori\sinnori\project\sample_test\server_build\corelib\ex\logback-core-1.2.3.jar
     [copy] Copying D:\gitsinnori\sinnori\core_build\lib\main\ex\mysql-connector-java-5.1.37-bin.jar to D:\gitsinnori\sinnori\project\sample_test\server_build\corelib\ex\mysql-connector-java-5.1.37-bin.jar
     [copy] Copying D:\gitsinnori\sinnori\core_build\lib\main\ex\slf4j-api-1.7.25.jar to D:\gitsinnori\sinnori\project\sample_test\server_build\corelib\ex\slf4j-api-1.7.25.jar

copy.appinf:
   [delete] Deleting directory D:\gitsinnori\sinnori\project\sample_test\server_build\APP-INF\classes
    [mkdir] Created dir: D:\gitsinnori\sinnori\project\sample_test\server_build\APP-INF\classes
    [mkdir] Created dir: D:\gitsinnori\sinnori\project\sample_test\server_build\APP-INF\resources
     [copy] Copying 2 files to D:\gitsinnori\sinnori\project\sample_test\server_build\APP-INF\resources
     [copy] Copying D:\gitsinnori\sinnori\core_build\APP-INF\resources\kr\pe\sinnori\impl\mybatis\mybatisConfig.xml.sample to D:\gitsinnori\sinnori\project\sample_test\server_build\APP-INF\resources\kr\pe\sinnori\impl\mybatis\mybatisConfig.xml.sample
     [copy] Copying D:\gitsinnori\sinnori\core_build\APP-INF\resources\kr\pe\sinnori\impl\mybatis\sinnoriWebMapper.xml.sample to D:\gitsinnori\sinnori\project\sample_test\server_build\APP-INF\resources\kr\pe\sinnori\impl\mybatis\sinnoriWebMapper.xml.sample

compile.main:
   [delete] Deleting directory D:\gitsinnori\sinnori\project\sample_test\server_build\build
    [mkdir] Created dir: D:\gitsinnori\sinnori\project\sample_test\server_build\build
    [javac] Compiling 1 source file to D:\gitsinnori\sinnori\project\sample_test\server_build\build

copy.distlib:
   [delete] Deleting directory D:\gitsinnori\sinnori\project\sample_test\server_build\dist
    [mkdir] Created dir: D:\gitsinnori\sinnori\project\sample_test\server_build\dist\lib
     [copy] Copying 19 files to D:\gitsinnori\sinnori\project\sample_test\server_build\dist\lib
     [copy] Copying D:\gitsinnori\sinnori\project\sample_test\server_build\corelib\ex\commons-codec-1.11.jar to D:\gitsinnori\sinnori\project\sample_test\server_build\dist\lib\commons-codec-1.11.jar
     [copy] Copying D:\gitsinnori\sinnori\project\sample_test\server_build\corelib\ex\commons-collections4-4.1.jar to D:\gitsinnori\sinnori\project\sample_test\server_build\dist\lib\commons-collections4-4.1.jar
     [copy] Copying D:\gitsinnori\sinnori\project\sample_test\server_build\corelib\ex\commons-dbcp2-2.0.1.jar to D:\gitsinnori\sinnori\project\sample_test\server_build\dist\lib\commons-dbcp2-2.0.1.jar
     [copy] Copying D:\gitsinnori\sinnori\project\sample_test\server_build\corelib\ex\commons-io-2.6.jar to D:\gitsinnori\sinnori\project\sample_test\server_build\dist\lib\commons-io-2.6.jar
     [copy] Copying D:\gitsinnori\sinnori\project\sample_test\server_build\corelib\ex\commons-lang3-3.7.jar to D:\gitsinnori\sinnori\project\sample_test\server_build\dist\lib\commons-lang3-3.7.jar
     [copy] Copying D:\gitsinnori\sinnori\project\sample_test\server_build\corelib\ex\commons-logging-1.2.jar to D:\gitsinnori\sinnori\project\sample_test\server_build\dist\lib\commons-logging-1.2.jar
     [copy] Copying D:\gitsinnori\sinnori\project\sample_test\server_build\corelib\ex\commons-pool2-2.5.0.jar to D:\gitsinnori\sinnori\project\sample_test\server_build\dist\lib\commons-pool2-2.5.0.jar
     [copy] Copying D:\gitsinnori\sinnori\project\sample_test\server_build\corelib\ex\jcl-over-slf4j-1.7.25.jar to D:\gitsinnori\sinnori\project\sample_test\server_build\dist\lib\jcl-over-slf4j-1.7.25.jar
     [copy] Copying D:\gitsinnori\sinnori\project\sample_test\server_build\corelib\ex\jooq-3.10.6.jar to D:\gitsinnori\sinnori\project\sample_test\server_build\dist\lib\jooq-3.10.6.jar
     [copy] Copying D:\gitsinnori\sinnori\project\sample_test\server_build\corelib\ex\jooq-codegen-3.10.6.jar to D:\gitsinnori\sinnori\project\sample_test\server_build\dist\lib\jooq-codegen-3.10.6.jar
     [copy] Copying D:\gitsinnori\sinnori\project\sample_test\server_build\corelib\ex\jooq-meta-3.10.6.jar to D:\gitsinnori\sinnori\project\sample_test\server_build\dist\lib\jooq-meta-3.10.6.jar
     [copy] Copying D:\gitsinnori\sinnori\project\sample_test\server_build\corelib\ex\json-simple-1.1.1.jar to D:\gitsinnori\sinnori\project\sample_test\server_build\dist\lib\json-simple-1.1.1.jar
     [copy] Copying D:\gitsinnori\sinnori\project\sample_test\server_build\corelib\ex\log4j-1.2.17.jar to D:\gitsinnori\sinnori\project\sample_test\server_build\dist\lib\log4j-1.2.17.jar
     [copy] Copying D:\gitsinnori\sinnori\project\sample_test\server_build\corelib\ex\log4j-api-2.11.0.jar to D:\gitsinnori\sinnori\project\sample_test\server_build\dist\lib\log4j-api-2.11.0.jar
     [copy] Copying D:\gitsinnori\sinnori\project\sample_test\server_build\corelib\ex\log4j-core-2.11.0.jar to D:\gitsinnori\sinnori\project\sample_test\server_build\dist\lib\log4j-core-2.11.0.jar
     [copy] Copying D:\gitsinnori\sinnori\project\sample_test\server_build\corelib\ex\logback-classic-1.2.3.jar to D:\gitsinnori\sinnori\project\sample_test\server_build\dist\lib\logback-classic-1.2.3.jar
     [copy] Copying D:\gitsinnori\sinnori\project\sample_test\server_build\corelib\ex\logback-core-1.2.3.jar to D:\gitsinnori\sinnori\project\sample_test\server_build\dist\lib\logback-core-1.2.3.jar
     [copy] Copying D:\gitsinnori\sinnori\project\sample_test\server_build\corelib\ex\mysql-connector-java-5.1.37-bin.jar to D:\gitsinnori\sinnori\project\sample_test\server_build\dist\lib\mysql-connector-java-5.1.37-bin.jar
     [copy] Copying D:\gitsinnori\sinnori\project\sample_test\server_build\corelib\ex\slf4j-api-1.7.25.jar to D:\gitsinnori\sinnori\project\sample_test\server_build\dist\lib\slf4j-api-1.7.25.jar

make.main:
      [jar] Building jar: D:\gitsinnori\sinnori\project\sample_test\server_build\dist\SinnoriServerRun.jar

compile.appinf:
    [javac] Compiling 17 source files to D:\gitsinnori\sinnori\project\sample_test\server_build\APP-INF\classes

all:

BUILD SUCCESSFUL
Total time: 6 seconds
Buildfile: D:\gitsinnori\sinnori\project\sample_test\client_build\app_build\build.xml

init.var:
     [echo] java.complile.option.debug=on
     [echo] is.windows.yes=true, is.unix.yes=${is.unix.yes}

make.doscore:
     [exec] Buildfile: D:\gitsinnori\sinnori\core_build\build.xml
     [exec] 
     [exec] init.core:
     [exec]      [echo] java.complile.option.debug=on
     [exec] 
     [exec] compile.logger:
     [exec] 
     [exec] compile.common:
     [exec] 
     [exec] make.common:
     [exec] 
     [exec] compile.client:
     [exec]      [echo] this compile.client task doesn't have 'depends' tag so you must call make.common task before this task
     [exec] 
     [exec] compile.server:
     [exec]      [echo] this compile.server task doesn't have 'depends' tag so you must call make.common task before this task
     [exec] 
     [exec] make.core:
     [exec] 
     [exec] BUILD SUCCESSFUL
     [exec] Total time: 0 seconds

make.unixcore:

make.core:

copy.core:
   [delete] Deleting directory D:\gitsinnori\sinnori\project\sample_test\client_build\app_build\corelib
    [mkdir] Created dir: D:\gitsinnori\sinnori\project\sample_test\client_build\app_build\corelib\ex
    [mkdir] Created dir: D:\gitsinnori\sinnori\project\sample_test\client_build\app_build\corelib\in
     [copy] Copying 1 file to D:\gitsinnori\sinnori\project\sample_test\client_build\app_build\corelib\in
     [copy] Copying D:\gitsinnori\sinnori\core_build\dist\sinnori-core.jar to D:\gitsinnori\sinnori\project\sample_test\client_build\app_build\corelib\in\sinnori-core.jar
     [copy] Copying 19 files to D:\gitsinnori\sinnori\project\sample_test\client_build\app_build\corelib\ex
     [copy] Copying D:\gitsinnori\sinnori\core_build\lib\main\ex\commons-codec-1.11.jar to D:\gitsinnori\sinnori\project\sample_test\client_build\app_build\corelib\ex\commons-codec-1.11.jar
     [copy] Copying D:\gitsinnori\sinnori\core_build\lib\main\ex\commons-collections4-4.1.jar to D:\gitsinnori\sinnori\project\sample_test\client_build\app_build\corelib\ex\commons-collections4-4.1.jar
     [copy] Copying D:\gitsinnori\sinnori\core_build\lib\main\ex\commons-dbcp2-2.0.1.jar to D:\gitsinnori\sinnori\project\sample_test\client_build\app_build\corelib\ex\commons-dbcp2-2.0.1.jar
     [copy] Copying D:\gitsinnori\sinnori\core_build\lib\main\ex\commons-io-2.6.jar to D:\gitsinnori\sinnori\project\sample_test\client_build\app_build\corelib\ex\commons-io-2.6.jar
     [copy] Copying D:\gitsinnori\sinnori\core_build\lib\main\ex\commons-lang3-3.7.jar to D:\gitsinnori\sinnori\project\sample_test\client_build\app_build\corelib\ex\commons-lang3-3.7.jar
     [copy] Copying D:\gitsinnori\sinnori\core_build\lib\main\ex\commons-logging-1.2.jar to D:\gitsinnori\sinnori\project\sample_test\client_build\app_build\corelib\ex\commons-logging-1.2.jar
     [copy] Copying D:\gitsinnori\sinnori\core_build\lib\main\ex\commons-pool2-2.5.0.jar to D:\gitsinnori\sinnori\project\sample_test\client_build\app_build\corelib\ex\commons-pool2-2.5.0.jar
     [copy] Copying D:\gitsinnori\sinnori\core_build\lib\main\ex\jcl-over-slf4j-1.7.25.jar to D:\gitsinnori\sinnori\project\sample_test\client_build\app_build\corelib\ex\jcl-over-slf4j-1.7.25.jar
     [copy] Copying D:\gitsinnori\sinnori\core_build\lib\main\ex\jooq-3.10.6.jar to D:\gitsinnori\sinnori\project\sample_test\client_build\app_build\corelib\ex\jooq-3.10.6.jar
     [copy] Copying D:\gitsinnori\sinnori\core_build\lib\main\ex\jooq-codegen-3.10.6.jar to D:\gitsinnori\sinnori\project\sample_test\client_build\app_build\corelib\ex\jooq-codegen-3.10.6.jar
     [copy] Copying D:\gitsinnori\sinnori\core_build\lib\main\ex\jooq-meta-3.10.6.jar to D:\gitsinnori\sinnori\project\sample_test\client_build\app_build\corelib\ex\jooq-meta-3.10.6.jar
     [copy] Copying D:\gitsinnori\sinnori\core_build\lib\main\ex\json-simple-1.1.1.jar to D:\gitsinnori\sinnori\project\sample_test\client_build\app_build\corelib\ex\json-simple-1.1.1.jar
     [copy] Copying D:\gitsinnori\sinnori\core_build\lib\main\ex\log4j-1.2.17.jar to D:\gitsinnori\sinnori\project\sample_test\client_build\app_build\corelib\ex\log4j-1.2.17.jar
     [copy] Copying D:\gitsinnori\sinnori\core_build\lib\main\ex\log4j-api-2.11.0.jar to D:\gitsinnori\sinnori\project\sample_test\client_build\app_build\corelib\ex\log4j-api-2.11.0.jar
     [copy] Copying D:\gitsinnori\sinnori\core_build\lib\main\ex\log4j-core-2.11.0.jar to D:\gitsinnori\sinnori\project\sample_test\client_build\app_build\corelib\ex\log4j-core-2.11.0.jar
     [copy] Copying D:\gitsinnori\sinnori\core_build\lib\main\ex\logback-classic-1.2.3.jar to D:\gitsinnori\sinnori\project\sample_test\client_build\app_build\corelib\ex\logback-classic-1.2.3.jar
     [copy] Copying D:\gitsinnori\sinnori\core_build\lib\main\ex\logback-core-1.2.3.jar to D:\gitsinnori\sinnori\project\sample_test\client_build\app_build\corelib\ex\logback-core-1.2.3.jar
     [copy] Copying D:\gitsinnori\sinnori\core_build\lib\main\ex\mysql-connector-java-5.1.37-bin.jar to D:\gitsinnori\sinnori\project\sample_test\client_build\app_build\corelib\ex\mysql-connector-java-5.1.37-bin.jar
     [copy] Copying D:\gitsinnori\sinnori\core_build\lib\main\ex\slf4j-api-1.7.25.jar to D:\gitsinnori\sinnori\project\sample_test\client_build\app_build\corelib\ex\slf4j-api-1.7.25.jar

compile.main:
   [delete] Deleting directory D:\gitsinnori\sinnori\project\sample_test\client_build\app_build\build
    [mkdir] Created dir: D:\gitsinnori\sinnori\project\sample_test\client_build\app_build\build
    [javac] Compiling 17 source files to D:\gitsinnori\sinnori\project\sample_test\client_build\app_build\build

copy.distlib:
   [delete] Deleting directory D:\gitsinnori\sinnori\project\sample_test\client_build\app_build\dist
    [mkdir] Created dir: D:\gitsinnori\sinnori\project\sample_test\client_build\app_build\dist\lib
     [copy] Copying 19 files to D:\gitsinnori\sinnori\project\sample_test\client_build\app_build\dist\lib
     [copy] Copying D:\gitsinnori\sinnori\project\sample_test\client_build\app_build\corelib\ex\commons-codec-1.11.jar to D:\gitsinnori\sinnori\project\sample_test\client_build\app_build\dist\lib\commons-codec-1.11.jar
     [copy] Copying D:\gitsinnori\sinnori\project\sample_test\client_build\app_build\corelib\ex\commons-collections4-4.1.jar to D:\gitsinnori\sinnori\project\sample_test\client_build\app_build\dist\lib\commons-collections4-4.1.jar
     [copy] Copying D:\gitsinnori\sinnori\project\sample_test\client_build\app_build\corelib\ex\commons-dbcp2-2.0.1.jar to D:\gitsinnori\sinnori\project\sample_test\client_build\app_build\dist\lib\commons-dbcp2-2.0.1.jar
     [copy] Copying D:\gitsinnori\sinnori\project\sample_test\client_build\app_build\corelib\ex\commons-io-2.6.jar to D:\gitsinnori\sinnori\project\sample_test\client_build\app_build\dist\lib\commons-io-2.6.jar
     [copy] Copying D:\gitsinnori\sinnori\project\sample_test\client_build\app_build\corelib\ex\commons-lang3-3.7.jar to D:\gitsinnori\sinnori\project\sample_test\client_build\app_build\dist\lib\commons-lang3-3.7.jar
     [copy] Copying D:\gitsinnori\sinnori\project\sample_test\client_build\app_build\corelib\ex\commons-logging-1.2.jar to D:\gitsinnori\sinnori\project\sample_test\client_build\app_build\dist\lib\commons-logging-1.2.jar
     [copy] Copying D:\gitsinnori\sinnori\project\sample_test\client_build\app_build\corelib\ex\commons-pool2-2.5.0.jar to D:\gitsinnori\sinnori\project\sample_test\client_build\app_build\dist\lib\commons-pool2-2.5.0.jar
     [copy] Copying D:\gitsinnori\sinnori\project\sample_test\client_build\app_build\corelib\ex\jcl-over-slf4j-1.7.25.jar to D:\gitsinnori\sinnori\project\sample_test\client_build\app_build\dist\lib\jcl-over-slf4j-1.7.25.jar
     [copy] Copying D:\gitsinnori\sinnori\project\sample_test\client_build\app_build\corelib\ex\jooq-3.10.6.jar to D:\gitsinnori\sinnori\project\sample_test\client_build\app_build\dist\lib\jooq-3.10.6.jar
     [copy] Copying D:\gitsinnori\sinnori\project\sample_test\client_build\app_build\corelib\ex\jooq-codegen-3.10.6.jar to D:\gitsinnori\sinnori\project\sample_test\client_build\app_build\dist\lib\jooq-codegen-3.10.6.jar
     [copy] Copying D:\gitsinnori\sinnori\project\sample_test\client_build\app_build\corelib\ex\jooq-meta-3.10.6.jar to D:\gitsinnori\sinnori\project\sample_test\client_build\app_build\dist\lib\jooq-meta-3.10.6.jar
     [copy] Copying D:\gitsinnori\sinnori\project\sample_test\client_build\app_build\corelib\ex\json-simple-1.1.1.jar to D:\gitsinnori\sinnori\project\sample_test\client_build\app_build\dist\lib\json-simple-1.1.1.jar
     [copy] Copying D:\gitsinnori\sinnori\project\sample_test\client_build\app_build\corelib\ex\log4j-1.2.17.jar to D:\gitsinnori\sinnori\project\sample_test\client_build\app_build\dist\lib\log4j-1.2.17.jar
     [copy] Copying D:\gitsinnori\sinnori\project\sample_test\client_build\app_build\corelib\ex\log4j-api-2.11.0.jar to D:\gitsinnori\sinnori\project\sample_test\client_build\app_build\dist\lib\log4j-api-2.11.0.jar
     [copy] Copying D:\gitsinnori\sinnori\project\sample_test\client_build\app_build\corelib\ex\log4j-core-2.11.0.jar to D:\gitsinnori\sinnori\project\sample_test\client_build\app_build\dist\lib\log4j-core-2.11.0.jar
     [copy] Copying D:\gitsinnori\sinnori\project\sample_test\client_build\app_build\corelib\ex\logback-classic-1.2.3.jar to D:\gitsinnori\sinnori\project\sample_test\client_build\app_build\dist\lib\logback-classic-1.2.3.jar
     [copy] Copying D:\gitsinnori\sinnori\project\sample_test\client_build\app_build\corelib\ex\logback-core-1.2.3.jar to D:\gitsinnori\sinnori\project\sample_test\client_build\app_build\dist\lib\logback-core-1.2.3.jar
     [copy] Copying D:\gitsinnori\sinnori\project\sample_test\client_build\app_build\corelib\ex\mysql-connector-java-5.1.37-bin.jar to D:\gitsinnori\sinnori\project\sample_test\client_build\app_build\dist\lib\mysql-connector-java-5.1.37-bin.jar
     [copy] Copying D:\gitsinnori\sinnori\project\sample_test\client_build\app_build\corelib\ex\slf4j-api-1.7.25.jar to D:\gitsinnori\sinnori\project\sample_test\client_build\app_build\dist\lib\slf4j-api-1.7.25.jar

make.main:
      [jar] Building jar: D:\gitsinnori\sinnori\project\sample_test\client_build\app_build\dist\SinnoriAppClientRun.jar

all:

BUILD SUCCESSFUL
Total time: 7 seconds
Buildfile: D:\gitsinnori\sinnori\project\sample_test\client_build\web_build\build.xml

init.dos:

init.unix:

init.var:
     [echo] java.complile.option.debug=on
     [echo] is.windows.yes=true, is.unix.yes=${is.unix.yes}
     [echo] servlet.systemlib.path=D:\apache-tomcat-8.5.15\lib

make.doscore:
     [exec] Buildfile: D:\gitsinnori\sinnori\core_build\build.xml
     [exec] 
     [exec] init.core:
     [exec]      [echo] java.complile.option.debug=on
     [exec] 
     [exec] compile.logger:
     [exec] 
     [exec] compile.common:
     [exec] 
     [exec] make.common:
     [exec] 
     [exec] compile.client:
     [exec]      [echo] this compile.client task doesn't have 'depends' tag so you must call make.common task before this task
     [exec] 
     [exec] compile.server:
     [exec]      [echo] this compile.server task doesn't have 'depends' tag so you must call make.common task before this task
     [exec] 
     [exec] make.core:
     [exec] 
     [exec] BUILD SUCCESSFUL
     [exec] Total time: 0 seconds

make.unixcore:

make.core:

copy.core:
   [delete] Deleting directory D:\gitsinnori\sinnori\project\sample_test\client_build\web_build\corelib
    [mkdir] Created dir: D:\gitsinnori\sinnori\project\sample_test\client_build\web_build\corelib\ex
     [copy] Copying 1 file to D:\gitsinnori\sinnori\project\sample_test\client_build\web_build\corelib\ex
     [copy] Copying D:\gitsinnori\sinnori\core_build\dist\sinnori-core.jar to D:\gitsinnori\sinnori\project\sample_test\client_build\web_build\corelib\ex\sinnori-core.jar
     [copy] Copying 19 files to D:\gitsinnori\sinnori\project\sample_test\client_build\web_build\corelib\ex
     [copy] Copying D:\gitsinnori\sinnori\core_build\lib\main\ex\commons-codec-1.11.jar to D:\gitsinnori\sinnori\project\sample_test\client_build\web_build\corelib\ex\commons-codec-1.11.jar
     [copy] Copying D:\gitsinnori\sinnori\core_build\lib\main\ex\commons-collections4-4.1.jar to D:\gitsinnori\sinnori\project\sample_test\client_build\web_build\corelib\ex\commons-collections4-4.1.jar
     [copy] Copying D:\gitsinnori\sinnori\core_build\lib\main\ex\commons-dbcp2-2.0.1.jar to D:\gitsinnori\sinnori\project\sample_test\client_build\web_build\corelib\ex\commons-dbcp2-2.0.1.jar
     [copy] Copying D:\gitsinnori\sinnori\core_build\lib\main\ex\commons-io-2.6.jar to D:\gitsinnori\sinnori\project\sample_test\client_build\web_build\corelib\ex\commons-io-2.6.jar
     [copy] Copying D:\gitsinnori\sinnori\core_build\lib\main\ex\commons-lang3-3.7.jar to D:\gitsinnori\sinnori\project\sample_test\client_build\web_build\corelib\ex\commons-lang3-3.7.jar
     [copy] Copying D:\gitsinnori\sinnori\core_build\lib\main\ex\commons-logging-1.2.jar to D:\gitsinnori\sinnori\project\sample_test\client_build\web_build\corelib\ex\commons-logging-1.2.jar
     [copy] Copying D:\gitsinnori\sinnori\core_build\lib\main\ex\commons-pool2-2.5.0.jar to D:\gitsinnori\sinnori\project\sample_test\client_build\web_build\corelib\ex\commons-pool2-2.5.0.jar
     [copy] Copying D:\gitsinnori\sinnori\core_build\lib\main\ex\jcl-over-slf4j-1.7.25.jar to D:\gitsinnori\sinnori\project\sample_test\client_build\web_build\corelib\ex\jcl-over-slf4j-1.7.25.jar
     [copy] Copying D:\gitsinnori\sinnori\core_build\lib\main\ex\jooq-3.10.6.jar to D:\gitsinnori\sinnori\project\sample_test\client_build\web_build\corelib\ex\jooq-3.10.6.jar
     [copy] Copying D:\gitsinnori\sinnori\core_build\lib\main\ex\jooq-codegen-3.10.6.jar to D:\gitsinnori\sinnori\project\sample_test\client_build\web_build\corelib\ex\jooq-codegen-3.10.6.jar
     [copy] Copying D:\gitsinnori\sinnori\core_build\lib\main\ex\jooq-meta-3.10.6.jar to D:\gitsinnori\sinnori\project\sample_test\client_build\web_build\corelib\ex\jooq-meta-3.10.6.jar
     [copy] Copying D:\gitsinnori\sinnori\core_build\lib\main\ex\json-simple-1.1.1.jar to D:\gitsinnori\sinnori\project\sample_test\client_build\web_build\corelib\ex\json-simple-1.1.1.jar
     [copy] Copying D:\gitsinnori\sinnori\core_build\lib\main\ex\log4j-1.2.17.jar to D:\gitsinnori\sinnori\project\sample_test\client_build\web_build\corelib\ex\log4j-1.2.17.jar
     [copy] Copying D:\gitsinnori\sinnori\core_build\lib\main\ex\log4j-api-2.11.0.jar to D:\gitsinnori\sinnori\project\sample_test\client_build\web_build\corelib\ex\log4j-api-2.11.0.jar
     [copy] Copying D:\gitsinnori\sinnori\core_build\lib\main\ex\log4j-core-2.11.0.jar to D:\gitsinnori\sinnori\project\sample_test\client_build\web_build\corelib\ex\log4j-core-2.11.0.jar
     [copy] Copying D:\gitsinnori\sinnori\core_build\lib\main\ex\logback-classic-1.2.3.jar to D:\gitsinnori\sinnori\project\sample_test\client_build\web_build\corelib\ex\logback-classic-1.2.3.jar
     [copy] Copying D:\gitsinnori\sinnori\core_build\lib\main\ex\logback-core-1.2.3.jar to D:\gitsinnori\sinnori\project\sample_test\client_build\web_build\corelib\ex\logback-core-1.2.3.jar
     [copy] Copying D:\gitsinnori\sinnori\core_build\lib\main\ex\mysql-connector-java-5.1.37-bin.jar to D:\gitsinnori\sinnori\project\sample_test\client_build\web_build\corelib\ex\mysql-connector-java-5.1.37-bin.jar
     [copy] Copying D:\gitsinnori\sinnori\core_build\lib\main\ex\slf4j-api-1.7.25.jar to D:\gitsinnori\sinnori\project\sample_test\client_build\web_build\corelib\ex\slf4j-api-1.7.25.jar

compile.weblib:
    [mkdir] Created dir: D:\gitsinnori\sinnori\project\sample_test\client_build\web_build\build\weblib
    [javac] Compiling 16 source files to D:\gitsinnori\sinnori\project\sample_test\client_build\web_build\build\weblib
    [javac] warning: Implicitly compiled files were not subject to annotation processing.
    [javac]   Use -proc:none to disable annotation processing or -implicit to specify a policy for implicit compilation.
    [javac] Note: Some input files use or override a deprecated API.
    [javac] Note: Recompile with -Xlint:deprecation for details.
    [javac] 1 warning

make.weblib:
   [delete] Deleting directory D:\gitsinnori\sinnori\project\sample_test\client_build\web_build\dist
    [mkdir] Created dir: D:\gitsinnori\sinnori\project\sample_test\client_build\web_build\dist
      [jar] Building jar: D:\gitsinnori\sinnori\project\sample_test\client_build\web_build\dist\SinnoriWebLib.jar

dist.weblib:
     [copy] Copying 4 files to D:\gitsinnori\sinnori\project\sample_test\web_app_base\ROOT\WEB-INF\lib
     [copy] Copying D:\gitsinnori\sinnori\project\sample_test\client_build\web_build\dist\SinnoriWebLib.jar to D:\gitsinnori\sinnori\project\sample_test\web_app_base\ROOT\WEB-INF\lib\SinnoriWebLib.jar
     [copy] Copying D:\gitsinnori\sinnori\project\sample_test\client_build\web_build\lib\main\ex\commons-fileupload-1.3.2.jar to D:\gitsinnori\sinnori\project\sample_test\web_app_base\ROOT\WEB-INF\lib\commons-fileupload-1.3.2.jar
     [copy] Copying D:\gitsinnori\sinnori\project\sample_test\client_build\web_build\lib\main\ex\commons-lang3-3.5.jar to D:\gitsinnori\sinnori\project\sample_test\web_app_base\ROOT\WEB-INF\lib\commons-lang3-3.5.jar
     [copy] Copying D:\gitsinnori\sinnori\project\sample_test\client_build\web_build\lib\main\ex\simplecaptcha-1.2.1.jar to D:\gitsinnori\sinnori\project\sample_test\web_app_base\ROOT\WEB-INF\lib\simplecaptcha-1.2.1.jar

compile.webclass:
   [delete] Deleting directory D:\gitsinnori\sinnori\project\sample_test\web_app_base\ROOT\WEB-INF\classes
    [mkdir] Created dir: D:\gitsinnori\sinnori\project\sample_test\web_app_base\ROOT\WEB-INF\classes
    [javac] Compiling 16 source files to D:\gitsinnori\sinnori\project\sample_test\web_app_base\ROOT\WEB-INF\classes

all:
     [echo] is.windows.yes=true, is.unix.yes=${is.unix.yes}, java.debug=on

BUILD SUCCESSFUL
Total time: 3 seconds
]]></system-out>
  <system-err><![CDATA[4월 11, 2018 6:00:07 오후 kr.pe.sinnori.common.buildsystem.ProjectBuilder createChildDirectories
정보: main project[sample_test]'s child direcotry creation task start
4월 11, 2018 6:00:07 오후 kr.pe.sinnori.common.buildsystem.ProjectBuilder createCommonChildDirectories
정보: main project[sample_test]'s common child direcotry creation task start
4월 11, 2018 6:00:07 오후 kr.pe.sinnori.common.util.CommonStaticUtil createChildDirectoriesOfBasePath
정보: the new child relative direcotry[D:\gitsinnori\sinnori\project\sample_test][config] was created successfully
4월 11, 2018 6:00:07 오후 kr.pe.sinnori.common.util.CommonStaticUtil createChildDirectoriesOfBasePath
정보: the new child relative direcotry[D:\gitsinnori\sinnori\project\sample_test][resources/dbcp] was created successfully
4월 11, 2018 6:00:07 오후 kr.pe.sinnori.common.util.CommonStaticUtil createChildDirectoriesOfBasePath
정보: the new child relative direcotry[D:\gitsinnori\sinnori\project\sample_test][resources/message_info] was created successfully
4월 11, 2018 6:00:07 오후 kr.pe.sinnori.common.util.CommonStaticUtil createChildDirectoriesOfBasePath
정보: the new child relative direcotry[D:\gitsinnori\sinnori\project\sample_test][resources/rsa_keypair] was created successfully
4월 11, 2018 6:00:07 오후 kr.pe.sinnori.common.util.CommonStaticUtil createChildDirectoriesOfBasePath
정보: the new child relative direcotry[D:\gitsinnori\sinnori\project\sample_test][log/apache] was created successfully
4월 11, 2018 6:00:07 오후 kr.pe.sinnori.common.util.CommonStaticUtil createChildDirectoriesOfBasePath
정보: the new child relative direcotry[D:\gitsinnori\sinnori\project\sample_test][log/client] was created successfully
4월 11, 2018 6:00:07 오후 kr.pe.sinnori.common.util.CommonStaticUtil createChildDirectoriesOfBasePath
정보: the new child relative direcotry[D:\gitsinnori\sinnori\project\sample_test][log/server] was created successfully
4월 11, 2018 6:00:07 오후 kr.pe.sinnori.common.util.CommonStaticUtil createChildDirectoriesOfBasePath
정보: the new child relative direcotry[D:\gitsinnori\sinnori\project\sample_test][log/servlet] was created successfully
4월 11, 2018 6:00:07 오후 kr.pe.sinnori.common.buildsystem.ProjectBuilder createCommonChildDirectories
정보: main project[sample_test]'s common child direcotry creation task end
4월 11, 2018 6:00:07 오후 kr.pe.sinnori.common.buildsystem.ProjectBuilder createWebBuildChildDirectories
정보: main project[sample_test]'s web build child direcotry creation task start
4월 11, 2018 6:00:07 오후 kr.pe.sinnori.common.util.CommonStaticUtil createChildDirectoriesOfBasePath
정보: the new child relative direcotry[D:\gitsinnori\sinnori\project\sample_test][client_build/web_build/corelib/ex] was created successfully
4월 11, 2018 6:00:07 오후 kr.pe.sinnori.common.util.CommonStaticUtil createChildDirectoriesOfBasePath
정보: the new child relative direcotry[D:\gitsinnori\sinnori\project\sample_test][client_build/web_build/corelib/in] was created successfully
4월 11, 2018 6:00:07 오후 kr.pe.sinnori.common.util.CommonStaticUtil createChildDirectoriesOfBasePath
정보: the new child relative direcotry[D:\gitsinnori\sinnori\project\sample_test][client_build/web_build/lib/main/ex] was created successfully
4월 11, 2018 6:00:07 오후 kr.pe.sinnori.common.util.CommonStaticUtil createChildDirectoriesOfBasePath
정보: the new child relative direcotry[D:\gitsinnori\sinnori\project\sample_test][client_build/web_build/lib/main/in] was created successfully
4월 11, 2018 6:00:07 오후 kr.pe.sinnori.common.util.CommonStaticUtil createChildDirectoriesOfBasePath
정보: the new child relative direcotry[D:\gitsinnori\sinnori\project\sample_test][client_build/web_build/lib/test] was created successfully
4월 11, 2018 6:00:07 오후 kr.pe.sinnori.common.util.CommonStaticUtil createChildDirectoriesOfBasePath
정보: the new child relative direcotry[D:\gitsinnori\sinnori\project\sample_test][client_build/web_build/src/main/java/kr/pe/sinnori/impl/message] was created successfully
4월 11, 2018 6:00:07 오후 kr.pe.sinnori.common.util.CommonStaticUtil createChildDirectoriesOfBasePath
정보: the new child relative direcotry[D:\gitsinnori\sinnori\project\sample_test][client_build/web_build/src/main/java//kr/pe/sinnori/servlet] was created successfully
4월 11, 2018 6:00:07 오후 kr.pe.sinnori.common.util.CommonStaticUtil createChildDirectoriesOfBasePath
정보: the new child relative direcotry[D:\gitsinnori\sinnori\project\sample_test][client_build/web_build/src/main/java/kr/pe/sinnori/weblib/common] was created successfully
4월 11, 2018 6:00:07 오후 kr.pe.sinnori.common.util.CommonStaticUtil createChildDirectoriesOfBasePath
정보: the new child relative direcotry[D:\gitsinnori\sinnori\project\sample_test][client_build/web_build/src/main/java/kr/pe/sinnori/weblib/htmlstring] was created successfully
4월 11, 2018 6:00:07 오후 kr.pe.sinnori.common.util.CommonStaticUtil createChildDirectoriesOfBasePath
정보: the new child relative direcotry[D:\gitsinnori\sinnori\project\sample_test][client_build/web_build/src/main/java/kr/pe/sinnori/weblib/jdf] was created successfully
4월 11, 2018 6:00:07 오후 kr.pe.sinnori.common.util.CommonStaticUtil createChildDirectoriesOfBasePath
정보: the new child relative direcotry[D:\gitsinnori\sinnori\project\sample_test][client_build/web_build/src/test/java] was created successfully
4월 11, 2018 6:00:07 오후 kr.pe.sinnori.common.util.CommonStaticUtil createChildDirectoriesOfBasePath
정보: the new child relative direcotry[D:\gitsinnori\sinnori\project\sample_test][client_build/web_build/build] was created successfully
4월 11, 2018 6:00:07 오후 kr.pe.sinnori.common.util.CommonStaticUtil createChildDirectoriesOfBasePath
정보: the new child relative direcotry[D:\gitsinnori\sinnori\project\sample_test][client_build/web_build/dist] was created successfully
4월 11, 2018 6:00:07 오후 kr.pe.sinnori.common.buildsystem.ProjectBuilder createWebBuildChildDirectories
정보: main project[sample_test]'s web build child direcotry creation task end
4월 11, 2018 6:00:07 오후 kr.pe.sinnori.common.buildsystem.ProjectBuilder createWebRootChildDirectories
정보: main project[sample_test]'s web root child direcotry creation task start
4월 11, 2018 6:00:07 오후 kr.pe.sinnori.common.util.CommonStaticUtil createChildDirectoriesOfBasePath
정보: the new child relative direcotry[D:\gitsinnori\sinnori\project\sample_test][web_app_base/upload] was created successfully
4월 11, 2018 6:00:07 오후 kr.pe.sinnori.common.util.CommonStaticUtil createChildDirectoriesOfBasePath
정보: the new child relative direcotry[D:\gitsinnori\sinnori\project\sample_test][web_app_base/ROOT/WEB-INF/classes] was created successfully
4월 11, 2018 6:00:07 오후 kr.pe.sinnori.common.util.CommonStaticUtil createChildDirectoriesOfBasePath
정보: the new child relative direcotry[D:\gitsinnori\sinnori\project\sample_test][web_app_base/ROOT/WEB-INF/lib] was created successfully
4월 11, 2018 6:00:07 오후 kr.pe.sinnori.common.buildsystem.ProjectBuilder createWebRootChildDirectories
정보: main project[sample_test]'s web root child direcotry creation task end
4월 11, 2018 6:00:07 오후 kr.pe.sinnori.common.buildsystem.ProjectBuilder createChildDirectories
정보: main project[sample_test]'s child direcotry creation task end
4월 11, 2018 6:00:07 오후 kr.pe.sinnori.common.buildsystem.ProjectBuilder createFiles
정보: main project[sample_test]'s file creation task start
4월 11, 2018 6:00:07 오후 kr.pe.sinnori.common.buildsystem.ProjectBuilder createNewSinnoriConfigFile
정보: main project[sample_test]'s config file creation task start
4월 11, 2018 6:00:07 오후 kr.pe.sinnori.common.util.SequencedPropertiesUtil createNewSequencedPropertiesFile
정보: the sequenced properties file[D:\gitsinnori\sinnori\project\sample_test\config\sinnori.properties] was created
4월 11, 2018 6:00:07 오후 kr.pe.sinnori.common.buildsystem.ProjectBuilder createNewSinnoriConfigFile
정보: main project[sample_test]'s config file creation task end
4월 11, 2018 6:00:07 오후 kr.pe.sinnori.common.buildsystem.ProjectBuilder copySampleFilesToResoruces
정보: the mainproject[sample_test]'s resources directory copy task start
4월 11, 2018 6:00:07 오후 kr.pe.sinnori.common.buildsystem.ProjectBuilder copySampleFilesToResoruces
정보: the mainproject[sample_test]'s resources directory copy task end
4월 11, 2018 6:00:07 오후 kr.pe.sinnori.common.buildsystem.ProjectBuilder createWebClientBuildSystemFiles
정보: main project[sample_test]'s web client build system files creation task start
4월 11, 2018 6:00:07 오후 kr.pe.sinnori.common.buildsystem.ProjectBuilder createNewWebClientAntBuildFile
정보: main project[sample_test]'s web client ant build.xml file creation task start
4월 11, 2018 6:00:07 오후 kr.pe.sinnori.common.buildsystem.ProjectBuilder createNewWebClientAntBuildFile
정보: main project[sample_test]'s web client ant build.xml file creation task end
4월 11, 2018 6:00:07 오후 kr.pe.sinnori.common.buildsystem.ProjectBuilder createNewWebClientAntPropertiesFile
정보: main project[sample_test]'s web client ant properties file creation task start
4월 11, 2018 6:00:07 오후 kr.pe.sinnori.common.util.SequencedPropertiesUtil createNewSequencedPropertiesFile
정보: the sequenced properties file[D:\gitsinnori\sinnori\project\sample_test\client_build\web_build\webAnt.properties] was created
4월 11, 2018 6:00:07 오후 kr.pe.sinnori.common.buildsystem.ProjectBuilder createNewWebClientAntPropertiesFile
정보: main project[sample_test]'s web client ant properties file creation task end
4월 11, 2018 6:00:07 오후 kr.pe.sinnori.common.buildsystem.ProjectBuilder createNewWebClientMessageIOFileSet
정보: main project[sample_test]'s web client message io file set creation task start
4월 11, 2018 6:00:07 오후 kr.pe.sinnori.common.util.CommonStaticUtil createChildDirectoriesOfBasePath
정보: the new child relative direcotry[D:\gitsinnori\sinnori\project\sample_test\client_build\web_build\src\main\java\kr\pe\sinnori\impl\message][Echo] was created successfully
4월 11, 2018 6:00:07 오후 kr.pe.sinnori.common.buildsystem.ProjectBuilder createNewMessageSourceFile
정보: main project[sample_test]'s message file[Echo][D:\gitsinnori\sinnori\project\sample_test\client_build\web_build\src\main\java\kr\pe\sinnori\impl\message] creation task start
4월 11, 2018 6:00:07 오후 kr.pe.sinnori.common.message.builder.info.SingleItemTypeManger <init>
정보: the sinnori message information .xsl temporary file[C:\Users\user\AppData\Local\Temp\SinnoriMsgXSL2553864095760922263.tmp] was created successfully
4월 11, 2018 6:00:07 오후 kr.pe.sinnori.common.buildsystem.ProjectBuilder createNewMessageSourceFile
정보: main project[sample_test]'s message file[Echo][D:\gitsinnori\sinnori\project\sample_test\client_build\web_build\src\main\java\kr\pe\sinnori\impl\message] creation task end
4월 11, 2018 6:00:07 오후 kr.pe.sinnori.common.buildsystem.ProjectBuilder createNewDecoderSourceFile
정보: main project[sample_test]'s message decoder file[Echo][D:\gitsinnori\sinnori\project\sample_test\client_build\web_build\src\main\java\kr\pe\sinnori\impl\message] creation task start
4월 11, 2018 6:00:08 오후 kr.pe.sinnori.common.buildsystem.ProjectBuilder createNewDecoderSourceFile
정보: main project[sample_test]'s message decoder file[Echo][D:\gitsinnori\sinnori\project\sample_test\client_build\web_build\src\main\java\kr\pe\sinnori\impl\message] creation task end
4월 11, 2018 6:00:08 오후 kr.pe.sinnori.common.buildsystem.ProjectBuilder createNewEncoderSourceFile
정보: main project[sample_test]'s message encoder file[Echo][D:\gitsinnori\sinnori\project\sample_test\client_build\web_build\src\main\java\kr\pe\sinnori\impl\message] creation task start
4월 11, 2018 6:00:08 오후 kr.pe.sinnori.common.buildsystem.ProjectBuilder createNewEncoderSourceFile
정보: main project[sample_test]'s message encoder file[Echo][D:\gitsinnori\sinnori\project\sample_test\client_build\web_build\src\main\java\kr\pe\sinnori\impl\message] creation task end
4월 11, 2018 6:00:08 오후 kr.pe.sinnori.common.buildsystem.ProjectBuilder createNewServerCodecSourceFile
정보: main project[sample_test]'s message server codec file[Echo][D:\gitsinnori\sinnori\project\sample_test\client_build\web_build\src\main\java\kr\pe\sinnori\impl\message] creation task start
4월 11, 2018 6:00:08 오후 kr.pe.sinnori.common.buildsystem.ProjectBuilder createNewServerCodecSourceFile
정보: main project[sample_test]'s message server codec file[Echo][D:\gitsinnori\sinnori\project\sample_test\client_build\web_build\src\main\java\kr\pe\sinnori\impl\message] creation task end
4월 11, 2018 6:00:08 오후 kr.pe.sinnori.common.buildsystem.ProjectBuilder createNewClientCodecSourceFile
정보: main project[sample_test]'s message client codec file[Echo][D:\gitsinnori\sinnori\project\sample_test\client_build\web_build\src\main\java\kr\pe\sinnori\impl\message] creation task start
4월 11, 2018 6:00:08 오후 kr.pe.sinnori.common.buildsystem.ProjectBuilder createNewClientCodecSourceFile
정보: main project[sample_test]'s message client codec file[Echo][D:\gitsinnori\sinnori\project\sample_test\client_build\web_build\src\main\java\kr\pe\sinnori\impl\message] creation task end
4월 11, 2018 6:00:08 오후 kr.pe.sinnori.common.util.CommonStaticUtil createChildDirectoriesOfBasePath
정보: the new child relative direcotry[D:\gitsinnori\sinnori\project\sample_test\client_build\web_build\src\main\java\kr\pe\sinnori\impl\message][PublicKeyReq] was created successfully
4월 11, 2018 6:00:08 오후 kr.pe.sinnori.common.buildsystem.ProjectBuilder createNewMessageSourceFile
정보: main project[sample_test]'s message file[PublicKeyReq][D:\gitsinnori\sinnori\project\sample_test\client_build\web_build\src\main\java\kr\pe\sinnori\impl\message] creation task start
4월 11, 2018 6:00:08 오후 kr.pe.sinnori.common.buildsystem.ProjectBuilder createNewMessageSourceFile
정보: main project[sample_test]'s message file[PublicKeyReq][D:\gitsinnori\sinnori\project\sample_test\client_build\web_build\src\main\java\kr\pe\sinnori\impl\message] creation task end
4월 11, 2018 6:00:08 오후 kr.pe.sinnori.common.buildsystem.ProjectBuilder createNewDecoderSourceFile
정보: main project[sample_test]'s message decoder file[PublicKeyReq][D:\gitsinnori\sinnori\project\sample_test\client_build\web_build\src\main\java\kr\pe\sinnori\impl\message] creation task start
4월 11, 2018 6:00:08 오후 kr.pe.sinnori.common.buildsystem.ProjectBuilder createNewDecoderSourceFile
정보: main project[sample_test]'s message decoder file[PublicKeyReq][D:\gitsinnori\sinnori\project\sample_test\client_build\web_build\src\main\java\kr\pe\sinnori\impl\message] creation task end
4월 11, 2018 6:00:08 오후 kr.pe.sinnori.common.buildsystem.ProjectBuilder createNewEncoderSourceFile
정보: main project[sample_test]'s message encoder file[PublicKeyReq][D:\gitsinnori\sinnori\project\sample_test\client_build\web_build\src\main\java\kr\pe\sinnori\impl\message] creation task start
4월 11, 2018 6:00:08 오후 kr.pe.sinnori.common.buildsystem.ProjectBuilder createNewEncoderSourceFile
정보: main project[sample_test]'s message encoder file[PublicKeyReq][D:\gitsinnori\sinnori\project\sample_test\client_build\web_build\src\main\java\kr\pe\sinnori\impl\message] creation task end
4월 11, 2018 6:00:08 오후 kr.pe.sinnori.common.buildsystem.ProjectBuilder createNewServerCodecSourceFile
정보: main project[sample_test]'s message server codec file[PublicKeyReq][D:\gitsinnori\sinnori\project\sample_test\client_build\web_build\src\main\java\kr\pe\sinnori\impl\message] creation task start
4월 11, 2018 6:00:08 오후 kr.pe.sinnori.common.buildsystem.ProjectBuilder createNewServerCodecSourceFile
정보: main project[sample_test]'s message server codec file[PublicKeyReq][D:\gitsinnori\sinnori\project\sample_test\client_build\web_build\src\main\java\kr\pe\sinnori\impl\message] creation task end
4월 11, 2018 6:00:08 오후 kr.pe.sinnori.common.buildsystem.ProjectBuilder createNewClientCodecSourceFile
정보: main project[sample_test]'s message client codec file[PublicKeyReq][D:\gitsinnori\sinnori\project\sample_test\client_build\web_build\src\main\java\kr\pe\sinnori\impl\message] creation task start
4월 11, 2018 6:00:08 오후 kr.pe.sinnori.common.buildsystem.ProjectBuilder createNewClientCodecSourceFile
정보: main project[sample_test]'s message client codec file[PublicKeyReq][D:\gitsinnori\sinnori\project\sample_test\client_build\web_build\src\main\java\kr\pe\sinnori\impl\message] creation task end
4월 11, 2018 6:00:08 오후 kr.pe.sinnori.common.util.CommonStaticUtil createChildDirectoriesOfBasePath
정보: the new child relative direcotry[D:\gitsinnori\sinnori\project\sample_test\client_build\web_build\src\main\java\kr\pe\sinnori\impl\message][PublicKeyRes] was created successfully
4월 11, 2018 6:00:08 오후 kr.pe.sinnori.common.buildsystem.ProjectBuilder createNewMessageSourceFile
정보: main project[sample_test]'s message file[PublicKeyRes][D:\gitsinnori\sinnori\project\sample_test\client_build\web_build\src\main\java\kr\pe\sinnori\impl\message] creation task start
4월 11, 2018 6:00:08 오후 kr.pe.sinnori.common.buildsystem.ProjectBuilder createNewMessageSourceFile
정보: main project[sample_test]'s message file[PublicKeyRes][D:\gitsinnori\sinnori\project\sample_test\client_build\web_build\src\main\java\kr\pe\sinnori\impl\message] creation task end
4월 11, 2018 6:00:08 오후 kr.pe.sinnori.common.buildsystem.ProjectBuilder createNewDecoderSourceFile
정보: main project[sample_test]'s message decoder file[PublicKeyRes][D:\gitsinnori\sinnori\project\sample_test\client_build\web_build\src\main\java\kr\pe\sinnori\impl\message] creation task start
4월 11, 2018 6:00:08 오후 kr.pe.sinnori.common.buildsystem.ProjectBuilder createNewDecoderSourceFile
정보: main project[sample_test]'s message decoder file[PublicKeyRes][D:\gitsinnori\sinnori\project\sample_test\client_build\web_build\src\main\java\kr\pe\sinnori\impl\message] creation task end
4월 11, 2018 6:00:08 오후 kr.pe.sinnori.common.buildsystem.ProjectBuilder createNewEncoderSourceFile
정보: main project[sample_test]'s message encoder file[PublicKeyRes][D:\gitsinnori\sinnori\project\sample_test\client_build\web_build\src\main\java\kr\pe\sinnori\impl\message] creation task start
4월 11, 2018 6:00:08 오후 kr.pe.sinnori.common.buildsystem.ProjectBuilder createNewEncoderSourceFile
정보: main project[sample_test]'s message encoder file[PublicKeyRes][D:\gitsinnori\sinnori\project\sample_test\client_build\web_build\src\main\java\kr\pe\sinnori\impl\message] creation task end
4월 11, 2018 6:00:08 오후 kr.pe.sinnori.common.buildsystem.ProjectBuilder createNewServerCodecSourceFile
정보: main project[sample_test]'s message server codec file[PublicKeyRes][D:\gitsinnori\sinnori\project\sample_test\client_build\web_build\src\main\java\kr\pe\sinnori\impl\message] creation task start
4월 11, 2018 6:00:08 오후 kr.pe.sinnori.common.buildsystem.ProjectBuilder createNewServerCodecSourceFile
정보: main project[sample_test]'s message server codec file[PublicKeyRes][D:\gitsinnori\sinnori\project\sample_test\client_build\web_build\src\main\java\kr\pe\sinnori\impl\message] creation task end
4월 11, 2018 6:00:08 오후 kr.pe.sinnori.common.buildsystem.ProjectBuilder createNewClientCodecSourceFile
정보: main project[sample_test]'s message client codec file[PublicKeyRes][D:\gitsinnori\sinnori\project\sample_test\client_build\web_build\src\main\java\kr\pe\sinnori\impl\message] creation task start
4월 11, 2018 6:00:08 오후 kr.pe.sinnori.common.buildsystem.ProjectBuilder createNewClientCodecSourceFile
정보: main project[sample_test]'s message client codec file[PublicKeyRes][D:\gitsinnori\sinnori\project\sample_test\client_build\web_build\src\main\java\kr\pe\sinnori\impl\message] creation task end
4월 11, 2018 6:00:08 오후 kr.pe.sinnori.common.buildsystem.ProjectBuilder createNewWebClientMessageIOFileSet
정보: main project[sample_test]'s web client message io file set creation task end
4월 11, 2018 6:00:08 오후 kr.pe.sinnori.common.buildsystem.ProjectBuilder copyWebClientSampleFiles
정보: mainproject[sample_test]'s web client sample source files copy task start
4월 11, 2018 6:00:08 오후 kr.pe.sinnori.common.buildsystem.ProjectBuilder copyWebClientSampleFiles
정보: mainproject[sample_test]'s web client sample source files copy task end
4월 11, 2018 6:00:08 오후 kr.pe.sinnori.common.buildsystem.ProjectBuilder createWebClientBuildSystemFiles
정보: main project[sample_test]'s web client build system files creation task end
4월 11, 2018 6:00:08 오후 kr.pe.sinnori.common.buildsystem.ProjectBuilder createWebRootSampleFiles
정보: main project[sample_test]'s web root sample files creation task start
4월 11, 2018 6:00:08 오후 kr.pe.sinnori.common.buildsystem.ProjectBuilder copyWebRootSampleFiles
정보: main project[sample_test]'s web root sample files copy task start
4월 11, 2018 6:00:08 오후 kr.pe.sinnori.common.buildsystem.ProjectBuilder copyWebRootSampleFiles
정보: main project[sample_test]'s web root sample files copy task end
4월 11, 2018 6:00:08 오후 kr.pe.sinnori.common.buildsystem.ProjectBuilder createWebRootSampleFiles
정보: main project[sample_test]'s web root sample files creation task end
4월 11, 2018 6:00:08 오후 kr.pe.sinnori.common.buildsystem.ProjectBuilder createFiles
정보: main project[sample_test]'s file creation task end
4월 11, 2018 6:00:08 오후 kr.pe.sinnori.common.buildsystem.ProjectBuilder createChildDirectories
정보: main project[sample_test]'s child direcotry creation task start
4월 11, 2018 6:00:08 오후 kr.pe.sinnori.common.buildsystem.ProjectBuilder createCommonChildDirectories
정보: main project[sample_test]'s common child direcotry creation task start
4월 11, 2018 6:00:08 오후 kr.pe.sinnori.common.util.CommonStaticUtil createChildDirectoriesOfBasePath
정보: the new child relative direcotry[D:\gitsinnori\sinnori\project\sample_test][config] was created successfully
4월 11, 2018 6:00:08 오후 kr.pe.sinnori.common.util.CommonStaticUtil createChildDirectoriesOfBasePath
정보: the new child relative direcotry[D:\gitsinnori\sinnori\project\sample_test][resources/dbcp] was created successfully
4월 11, 2018 6:00:08 오후 kr.pe.sinnori.common.util.CommonStaticUtil createChildDirectoriesOfBasePath
정보: the new child relative direcotry[D:\gitsinnori\sinnori\project\sample_test][resources/message_info] was created successfully
4월 11, 2018 6:00:08 오후 kr.pe.sinnori.common.util.CommonStaticUtil createChildDirectoriesOfBasePath
정보: the new child relative direcotry[D:\gitsinnori\sinnori\project\sample_test][resources/rsa_keypair] was created successfully
4월 11, 2018 6:00:08 오후 kr.pe.sinnori.common.util.CommonStaticUtil createChildDirectoriesOfBasePath
정보: the new child relative direcotry[D:\gitsinnori\sinnori\project\sample_test][log/apache] was created successfully
4월 11, 2018 6:00:08 오후 kr.pe.sinnori.common.util.CommonStaticUtil createChildDirectoriesOfBasePath
정보: the new child relative direcotry[D:\gitsinnori\sinnori\project\sample_test][log/client] was created successfully
4월 11, 2018 6:00:08 오후 kr.pe.sinnori.common.util.CommonStaticUtil createChildDirectoriesOfBasePath
정보: the new child relative direcotry[D:\gitsinnori\sinnori\project\sample_test][log/server] was created successfully
4월 11, 2018 6:00:08 오후 kr.pe.sinnori.common.util.CommonStaticUtil createChildDirectoriesOfBasePath
정보: the new child relative direcotry[D:\gitsinnori\sinnori\project\sample_test][log/servlet] was created successfully
4월 11, 2018 6:00:08 오후 kr.pe.sinnori.common.buildsystem.ProjectBuilder createCommonChildDirectories
정보: main project[sample_test]'s common child direcotry creation task end
4월 11, 2018 6:00:08 오후 kr.pe.sinnori.common.buildsystem.ProjectBuilder createServerBuildChildDirectories
정보: main project[sample_test]'s server child direcotry creation task start
4월 11, 2018 6:00:08 오후 kr.pe.sinnori.common.util.CommonStaticUtil createChildDirectoriesOfBasePath
정보: the new child relative direcotry[D:\gitsinnori\sinnori\project\sample_test][server_build/APP-INF/classes] was created successfully
4월 11, 2018 6:00:08 오후 kr.pe.sinnori.common.util.CommonStaticUtil createChildDirectoriesOfBasePath
정보: the new child relative direcotry[D:\gitsinnori\sinnori\project\sample_test][server_build/corelib/ex] was created successfully
4월 11, 2018 6:00:08 오후 kr.pe.sinnori.common.util.CommonStaticUtil createChildDirectoriesOfBasePath
정보: the new child relative direcotry[D:\gitsinnori\sinnori\project\sample_test][server_build/corelib/in] was created successfully
4월 11, 2018 6:00:08 오후 kr.pe.sinnori.common.util.CommonStaticUtil createChildDirectoriesOfBasePath
정보: the new child relative direcotry[D:\gitsinnori\sinnori\project\sample_test][server_build/lib/main/ex] was created successfully
4월 11, 2018 6:00:08 오후 kr.pe.sinnori.common.util.CommonStaticUtil createChildDirectoriesOfBasePath
정보: the new child relative direcotry[D:\gitsinnori\sinnori\project\sample_test][server_build/lib/main/in] was created successfully
4월 11, 2018 6:00:08 오후 kr.pe.sinnori.common.util.CommonStaticUtil createChildDirectoriesOfBasePath
정보: the new child relative direcotry[D:\gitsinnori\sinnori\project\sample_test][server_build/lib/test] was created successfully
4월 11, 2018 6:00:08 오후 kr.pe.sinnori.common.util.CommonStaticUtil createChildDirectoriesOfBasePath
정보: the new child relative direcotry[D:\gitsinnori\sinnori\project\sample_test][server_build/src/main/java/kr/pe/sinnori/impl/servertask] was created successfully
4월 11, 2018 6:00:08 오후 kr.pe.sinnori.common.util.CommonStaticUtil createChildDirectoriesOfBasePath
정보: the new child relative direcotry[D:\gitsinnori\sinnori\project\sample_test][server_build/src/main/java/kr/pe/sinnori/impl/message] was created successfully
4월 11, 2018 6:00:08 오후 kr.pe.sinnori.common.util.CommonStaticUtil createChildDirectoriesOfBasePath
정보: the new child relative direcotry[D:\gitsinnori\sinnori\project\sample_test][server_build/src/main/java/main] was created successfully
4월 11, 2018 6:00:08 오후 kr.pe.sinnori.common.util.CommonStaticUtil createChildDirectoriesOfBasePath
정보: the new child relative direcotry[D:\gitsinnori\sinnori\project\sample_test][server_build/src/test/java] was created successfully
4월 11, 2018 6:00:08 오후 kr.pe.sinnori.common.util.CommonStaticUtil createChildDirectoriesOfBasePath
정보: the new child relative direcotry[D:\gitsinnori\sinnori\project\sample_test][server_build/build] was created successfully
4월 11, 2018 6:00:08 오후 kr.pe.sinnori.common.util.CommonStaticUtil createChildDirectoriesOfBasePath
정보: the new child relative direcotry[D:\gitsinnori\sinnori\project\sample_test][server_build/dist] was created successfully
4월 11, 2018 6:00:08 오후 kr.pe.sinnori.common.buildsystem.ProjectBuilder createServerBuildChildDirectories
정보: main project[sample_test]'s server child direcotry creation task end
4월 11, 2018 6:00:08 오후 kr.pe.sinnori.common.buildsystem.ProjectBuilder createAppBuildChildDirectories
정보: main project[sample_test]'s application build child direcotry creation task start
4월 11, 2018 6:00:08 오후 kr.pe.sinnori.common.util.CommonStaticUtil createChildDirectoriesOfBasePath
정보: the new child relative direcotry[D:\gitsinnori\sinnori\project\sample_test][client_build/app_build/corelib/ex] was created successfully
4월 11, 2018 6:00:08 오후 kr.pe.sinnori.common.util.CommonStaticUtil createChildDirectoriesOfBasePath
정보: the new child relative direcotry[D:\gitsinnori\sinnori\project\sample_test][client_build/app_build/corelib/in] was created successfully
4월 11, 2018 6:00:08 오후 kr.pe.sinnori.common.util.CommonStaticUtil createChildDirectoriesOfBasePath
정보: the new child relative direcotry[D:\gitsinnori\sinnori\project\sample_test][client_build/app_build/lib/main/ex] was created successfully
4월 11, 2018 6:00:08 오후 kr.pe.sinnori.common.util.CommonStaticUtil createChildDirectoriesOfBasePath
정보: the new child relative direcotry[D:\gitsinnori\sinnori\project\sample_test][client_build/app_build/lib/main/in] was created successfully
4월 11, 2018 6:00:08 오후 kr.pe.sinnori.common.util.CommonStaticUtil createChildDirectoriesOfBasePath
정보: the new child relative direcotry[D:\gitsinnori\sinnori\project\sample_test][client_build/app_build/lib/test] was created successfully
4월 11, 2018 6:00:08 오후 kr.pe.sinnori.common.util.CommonStaticUtil createChildDirectoriesOfBasePath
정보: the new child relative direcotry[D:\gitsinnori\sinnori\project\sample_test][client_build/app_build/src/main/java/kr/pe/sinnori/impl/message] was created successfully
4월 11, 2018 6:00:08 오후 kr.pe.sinnori.common.util.CommonStaticUtil createChildDirectoriesOfBasePath
정보: the new child relative direcotry[D:\gitsinnori\sinnori\project\sample_test][client_build/app_build/src/main/java/main] was created successfully
4월 11, 2018 6:00:08 오후 kr.pe.sinnori.common.util.CommonStaticUtil createChildDirectoriesOfBasePath
정보: the new child relative direcotry[D:\gitsinnori\sinnori\project\sample_test][client_build/app_build/src/test/java] was created successfully
4월 11, 2018 6:00:08 오후 kr.pe.sinnori.common.util.CommonStaticUtil createChildDirectoriesOfBasePath
정보: the new child relative direcotry[D:\gitsinnori\sinnori\project\sample_test][client_build/app_build/build] was created successfully
4월 11, 2018 6:00:08 오후 kr.pe.sinnori.common.util.CommonStaticUtil createChildDirectoriesOfBasePath
정보: the new child relative direcotry[D:\gitsinnori\sinnori\project\sample_test][client_build/app_build/dist] was created successfully
4월 11, 2018 6:00:08 오후 kr.pe.sinnori.common.buildsystem.ProjectBuilder createAppBuildChildDirectories
정보: main project[sample_test]'s application build child direcotry creation task end
4월 11, 2018 6:00:08 오후 kr.pe.sinnori.common.buildsystem.ProjectBuilder createWebBuildChildDirectories
정보: main project[sample_test]'s web build child direcotry creation task start
4월 11, 2018 6:00:08 오후 kr.pe.sinnori.common.util.CommonStaticUtil createChildDirectoriesOfBasePath
정보: the new child relative direcotry[D:\gitsinnori\sinnori\project\sample_test][client_build/web_build/corelib/ex] was created successfully
4월 11, 2018 6:00:08 오후 kr.pe.sinnori.common.util.CommonStaticUtil createChildDirectoriesOfBasePath
정보: the new child relative direcotry[D:\gitsinnori\sinnori\project\sample_test][client_build/web_build/corelib/in] was created successfully
4월 11, 2018 6:00:08 오후 kr.pe.sinnori.common.util.CommonStaticUtil createChildDirectoriesOfBasePath
정보: the new child relative direcotry[D:\gitsinnori\sinnori\project\sample_test][client_build/web_build/lib/main/ex] was created successfully
4월 11, 2018 6:00:08 오후 kr.pe.sinnori.common.util.CommonStaticUtil createChildDirectoriesOfBasePath
정보: the new child relative direcotry[D:\gitsinnori\sinnori\project\sample_test][client_build/web_build/lib/main/in] was created successfully
4월 11, 2018 6:00:08 오후 kr.pe.sinnori.common.util.CommonStaticUtil createChildDirectoriesOfBasePath
정보: the new child relative direcotry[D:\gitsinnori\sinnori\project\sample_test][client_build/web_build/lib/test] was created successfully
4월 11, 2018 6:00:08 오후 kr.pe.sinnori.common.util.CommonStaticUtil createChildDirectoriesOfBasePath
정보: the new child relative direcotry[D:\gitsinnori\sinnori\project\sample_test][client_build/web_build/src/main/java/kr/pe/sinnori/impl/message] was created successfully
4월 11, 2018 6:00:08 오후 kr.pe.sinnori.common.util.CommonStaticUtil createChildDirectoriesOfBasePath
정보: the new child relative direcotry[D:\gitsinnori\sinnori\project\sample_test][client_build/web_build/src/main/java//kr/pe/sinnori/servlet] was created successfully
4월 11, 2018 6:00:08 오후 kr.pe.sinnori.common.util.CommonStaticUtil createChildDirectoriesOfBasePath
정보: the new child relative direcotry[D:\gitsinnori\sinnori\project\sample_test][client_build/web_build/src/main/java/kr/pe/sinnori/weblib/common] was created successfully
4월 11, 2018 6:00:08 오후 kr.pe.sinnori.common.util.CommonStaticUtil createChildDirectoriesOfBasePath
정보: the new child relative direcotry[D:\gitsinnori\sinnori\project\sample_test][client_build/web_build/src/main/java/kr/pe/sinnori/weblib/htmlstring] was created successfully
4월 11, 2018 6:00:08 오후 kr.pe.sinnori.common.util.CommonStaticUtil createChildDirectoriesOfBasePath
정보: the new child relative direcotry[D:\gitsinnori\sinnori\project\sample_test][client_build/web_build/src/main/java/kr/pe/sinnori/weblib/jdf] was created successfully
4월 11, 2018 6:00:08 오후 kr.pe.sinnori.common.util.CommonStaticUtil createChildDirectoriesOfBasePath
정보: the new child relative direcotry[D:\gitsinnori\sinnori\project\sample_test][client_build/web_build/src/test/java] was created successfully
4월 11, 2018 6:00:08 오후 kr.pe.sinnori.common.util.CommonStaticUtil createChildDirectoriesOfBasePath
정보: the new child relative direcotry[D:\gitsinnori\sinnori\project\sample_test][client_build/web_build/build] was created successfully
4월 11, 2018 6:00:08 오후 kr.pe.sinnori.common.util.CommonStaticUtil createChildDirectoriesOfBasePath
정보: the new child relative direcotry[D:\gitsinnori\sinnori\project\sample_test][client_build/web_build/dist] was created successfully
4월 11, 2018 6:00:08 오후 kr.pe.sinnori.common.buildsystem.ProjectBuilder createWebBuildChildDirectories
정보: main project[sample_test]'s web build child direcotry creation task end
4월 11, 2018 6:00:08 오후 kr.pe.sinnori.common.buildsystem.ProjectBuilder createWebRootChildDirectories
정보: main project[sample_test]'s web root child direcotry creation task start
4월 11, 2018 6:00:08 오후 kr.pe.sinnori.common.util.CommonStaticUtil createChildDirectoriesOfBasePath
정보: the new child relative direcotry[D:\gitsinnori\sinnori\project\sample_test][web_app_base/upload] was created successfully
4월 11, 2018 6:00:08 오후 kr.pe.sinnori.common.util.CommonStaticUtil createChildDirectoriesOfBasePath
정보: the new child relative direcotry[D:\gitsinnori\sinnori\project\sample_test][web_app_base/ROOT/WEB-INF/classes] was created successfully
4월 11, 2018 6:00:08 오후 kr.pe.sinnori.common.util.CommonStaticUtil createChildDirectoriesOfBasePath
정보: the new child relative direcotry[D:\gitsinnori\sinnori\project\sample_test][web_app_base/ROOT/WEB-INF/lib] was created successfully
4월 11, 2018 6:00:08 오후 kr.pe.sinnori.common.buildsystem.ProjectBuilder createWebRootChildDirectories
정보: main project[sample_test]'s web root child direcotry creation task end
4월 11, 2018 6:00:08 오후 kr.pe.sinnori.common.buildsystem.ProjectBuilder createChildDirectories
정보: main project[sample_test]'s child direcotry creation task end
4월 11, 2018 6:00:08 오후 kr.pe.sinnori.common.buildsystem.ProjectBuilder createFiles
정보: main project[sample_test]'s file creation task start
4월 11, 2018 6:00:08 오후 kr.pe.sinnori.common.buildsystem.ProjectBuilder createNewSinnoriConfigFile
정보: main project[sample_test]'s config file creation task start
4월 11, 2018 6:00:08 오후 kr.pe.sinnori.common.util.SequencedPropertiesUtil createNewSequencedPropertiesFile
정보: the sequenced properties file[D:\gitsinnori\sinnori\project\sample_test\config\sinnori.properties] was created
4월 11, 2018 6:00:08 오후 kr.pe.sinnori.common.buildsystem.ProjectBuilder createNewSinnoriConfigFile
정보: main project[sample_test]'s config file creation task end
4월 11, 2018 6:00:08 오후 kr.pe.sinnori.common.buildsystem.ProjectBuilder copySampleFilesToResoruces
정보: the mainproject[sample_test]'s resources directory copy task start
4월 11, 2018 6:00:08 오후 kr.pe.sinnori.common.buildsystem.ProjectBuilder copySampleFilesToResoruces
정보: the mainproject[sample_test]'s resources directory copy task end
4월 11, 2018 6:00:08 오후 kr.pe.sinnori.common.buildsystem.ProjectBuilder createServerBuildSystemFiles
정보: server build system files creation task start
4월 11, 2018 6:00:08 오후 kr.pe.sinnori.common.buildsystem.ProjectBuilder createNewServerAntBuildXMLFile
정보: main project[sample_test]'s server ant build.xml file creation task start
4월 11, 2018 6:00:08 오후 kr.pe.sinnori.common.buildsystem.ProjectBuilder createNewServerAntBuildXMLFile
정보: main project[sample_test]'s server ant build.xml file creation task end
4월 11, 2018 6:00:08 오후 kr.pe.sinnori.common.buildsystem.ProjectBuilder createNewServerDosShellFile
정보: main project[sample_test]'s server dos shell file creation task start
4월 11, 2018 6:00:08 오후 kr.pe.sinnori.common.buildsystem.ProjectBuilder createNewServerDosShellFile
정보: main project[sample_test]'s server dos shell file creation task end
4월 11, 2018 6:00:08 오후 kr.pe.sinnori.common.buildsystem.ProjectBuilder createNewServerUnixShellFile
정보: main project[sample_test]'s server unix shell file creation task start
4월 11, 2018 6:00:08 오후 kr.pe.sinnori.common.buildsystem.ProjectBuilder createNewServerUnixShellFile
정보: main project[sample_test]'s server unix shell file creation task end
4월 11, 2018 6:00:08 오후 kr.pe.sinnori.common.buildsystem.ProjectBuilder copyServerSampleFiles
정보: server sample source files copy task start
4월 11, 2018 6:00:08 오후 kr.pe.sinnori.common.buildsystem.ProjectBuilder copyServerSampleFiles
정보: server sample source files copy task end
4월 11, 2018 6:00:08 오후 kr.pe.sinnori.common.buildsystem.ProjectBuilder createServerMessageIOFileSet
정보: main project[sample_test]'s server message io file set creation task start
4월 11, 2018 6:00:08 오후 kr.pe.sinnori.common.util.CommonStaticUtil createChildDirectoriesOfBasePath
정보: the new child relative direcotry[D:\gitsinnori\sinnori\project\sample_test\server_build\src\main\java\kr\pe\sinnori\impl\message][Echo] was created successfully
4월 11, 2018 6:00:08 오후 kr.pe.sinnori.common.buildsystem.ProjectBuilder createNewMessageSourceFile
정보: main project[sample_test]'s message file[Echo][D:\gitsinnori\sinnori\project\sample_test\server_build\src\main\java\kr\pe\sinnori\impl\message] creation task start
4월 11, 2018 6:00:08 오후 kr.pe.sinnori.common.buildsystem.ProjectBuilder createNewMessageSourceFile
정보: main project[sample_test]'s message file[Echo][D:\gitsinnori\sinnori\project\sample_test\server_build\src\main\java\kr\pe\sinnori\impl\message] creation task end
4월 11, 2018 6:00:08 오후 kr.pe.sinnori.common.buildsystem.ProjectBuilder createNewDecoderSourceFile
정보: main project[sample_test]'s message decoder file[Echo][D:\gitsinnori\sinnori\project\sample_test\server_build\src\main\java\kr\pe\sinnori\impl\message] creation task start
4월 11, 2018 6:00:08 오후 kr.pe.sinnori.common.buildsystem.ProjectBuilder createNewDecoderSourceFile
정보: main project[sample_test]'s message decoder file[Echo][D:\gitsinnori\sinnori\project\sample_test\server_build\src\main\java\kr\pe\sinnori\impl\message] creation task end
4월 11, 2018 6:00:08 오후 kr.pe.sinnori.common.buildsystem.ProjectBuilder createNewEncoderSourceFile
정보: main project[sample_test]'s message encoder file[Echo][D:\gitsinnori\sinnori\project\sample_test\server_build\src\main\java\kr\pe\sinnori\impl\message] creation task start
4월 11, 2018 6:00:08 오후 kr.pe.sinnori.common.buildsystem.ProjectBuilder createNewEncoderSourceFile
정보: main project[sample_test]'s message encoder file[Echo][D:\gitsinnori\sinnori\project\sample_test\server_build\src\main\java\kr\pe\sinnori\impl\message] creation task end
4월 11, 2018 6:00:08 오후 kr.pe.sinnori.common.buildsystem.ProjectBuilder createNewServerCodecSourceFile
정보: main project[sample_test]'s message server codec file[Echo][D:\gitsinnori\sinnori\project\sample_test\server_build\src\main\java\kr\pe\sinnori\impl\message] creation task start
4월 11, 2018 6:00:08 오후 kr.pe.sinnori.common.buildsystem.ProjectBuilder createNewServerCodecSourceFile
정보: main project[sample_test]'s message server codec file[Echo][D:\gitsinnori\sinnori\project\sample_test\server_build\src\main\java\kr\pe\sinnori\impl\message] creation task end
4월 11, 2018 6:00:08 오후 kr.pe.sinnori.common.buildsystem.ProjectBuilder createNewClientCodecSourceFile
정보: main project[sample_test]'s message client codec file[Echo][D:\gitsinnori\sinnori\project\sample_test\server_build\src\main\java\kr\pe\sinnori\impl\message] creation task start
4월 11, 2018 6:00:08 오후 kr.pe.sinnori.common.buildsystem.ProjectBuilder createNewClientCodecSourceFile
정보: main project[sample_test]'s message client codec file[Echo][D:\gitsinnori\sinnori\project\sample_test\server_build\src\main\java\kr\pe\sinnori\impl\message] creation task end
4월 11, 2018 6:00:08 오후 kr.pe.sinnori.common.util.CommonStaticUtil createChildDirectoriesOfBasePath
정보: the new child relative direcotry[D:\gitsinnori\sinnori\project\sample_test\server_build\src\main\java\kr\pe\sinnori\impl\message][PublicKeyReq] was created successfully
4월 11, 2018 6:00:08 오후 kr.pe.sinnori.common.buildsystem.ProjectBuilder createNewMessageSourceFile
정보: main project[sample_test]'s message file[PublicKeyReq][D:\gitsinnori\sinnori\project\sample_test\server_build\src\main\java\kr\pe\sinnori\impl\message] creation task start
4월 11, 2018 6:00:08 오후 kr.pe.sinnori.common.buildsystem.ProjectBuilder createNewMessageSourceFile
정보: main project[sample_test]'s message file[PublicKeyReq][D:\gitsinnori\sinnori\project\sample_test\server_build\src\main\java\kr\pe\sinnori\impl\message] creation task end
4월 11, 2018 6:00:08 오후 kr.pe.sinnori.common.buildsystem.ProjectBuilder createNewDecoderSourceFile
정보: main project[sample_test]'s message decoder file[PublicKeyReq][D:\gitsinnori\sinnori\project\sample_test\server_build\src\main\java\kr\pe\sinnori\impl\message] creation task start
4월 11, 2018 6:00:08 오후 kr.pe.sinnori.common.buildsystem.ProjectBuilder createNewDecoderSourceFile
정보: main project[sample_test]'s message decoder file[PublicKeyReq][D:\gitsinnori\sinnori\project\sample_test\server_build\src\main\java\kr\pe\sinnori\impl\message] creation task end
4월 11, 2018 6:00:08 오후 kr.pe.sinnori.common.buildsystem.ProjectBuilder createNewEncoderSourceFile
정보: main project[sample_test]'s message encoder file[PublicKeyReq][D:\gitsinnori\sinnori\project\sample_test\server_build\src\main\java\kr\pe\sinnori\impl\message] creation task start
4월 11, 2018 6:00:08 오후 kr.pe.sinnori.common.buildsystem.ProjectBuilder createNewEncoderSourceFile
정보: main project[sample_test]'s message encoder file[PublicKeyReq][D:\gitsinnori\sinnori\project\sample_test\server_build\src\main\java\kr\pe\sinnori\impl\message] creation task end
4월 11, 2018 6:00:08 오후 kr.pe.sinnori.common.buildsystem.ProjectBuilder createNewServerCodecSourceFile
정보: main project[sample_test]'s message server codec file[PublicKeyReq][D:\gitsinnori\sinnori\project\sample_test\server_build\src\main\java\kr\pe\sinnori\impl\message] creation task start
4월 11, 2018 6:00:08 오후 kr.pe.sinnori.common.buildsystem.ProjectBuilder createNewServerCodecSourceFile
정보: main project[sample_test]'s message server codec file[PublicKeyReq][D:\gitsinnori\sinnori\project\sample_test\server_build\src\main\java\kr\pe\sinnori\impl\message] creation task end
4월 11, 2018 6:00:08 오후 kr.pe.sinnori.common.buildsystem.ProjectBuilder createNewClientCodecSourceFile
정보: main project[sample_test]'s message client codec file[PublicKeyReq][D:\gitsinnori\sinnori\project\sample_test\server_build\src\main\java\kr\pe\sinnori\impl\message] creation task start
4월 11, 2018 6:00:08 오후 kr.pe.sinnori.common.buildsystem.ProjectBuilder createNewClientCodecSourceFile
정보: main project[sample_test]'s message client codec file[PublicKeyReq][D:\gitsinnori\sinnori\project\sample_test\server_build\src\main\java\kr\pe\sinnori\impl\message] creation task end
4월 11, 2018 6:00:08 오후 kr.pe.sinnori.common.util.CommonStaticUtil createChildDirectoriesOfBasePath
정보: the new child relative direcotry[D:\gitsinnori\sinnori\project\sample_test\server_build\src\main\java\kr\pe\sinnori\impl\message][PublicKeyRes] was created successfully
4월 11, 2018 6:00:08 오후 kr.pe.sinnori.common.buildsystem.ProjectBuilder createNewMessageSourceFile
정보: main project[sample_test]'s message file[PublicKeyRes][D:\gitsinnori\sinnori\project\sample_test\server_build\src\main\java\kr\pe\sinnori\impl\message] creation task start
4월 11, 2018 6:00:08 오후 kr.pe.sinnori.common.buildsystem.ProjectBuilder createNewMessageSourceFile
정보: main project[sample_test]'s message file[PublicKeyRes][D:\gitsinnori\sinnori\project\sample_test\server_build\src\main\java\kr\pe\sinnori\impl\message] creation task end
4월 11, 2018 6:00:08 오후 kr.pe.sinnori.common.buildsystem.ProjectBuilder createNewDecoderSourceFile
정보: main project[sample_test]'s message decoder file[PublicKeyRes][D:\gitsinnori\sinnori\project\sample_test\server_build\src\main\java\kr\pe\sinnori\impl\message] creation task start
4월 11, 2018 6:00:08 오후 kr.pe.sinnori.common.buildsystem.ProjectBuilder createNewDecoderSourceFile
정보: main project[sample_test]'s message decoder file[PublicKeyRes][D:\gitsinnori\sinnori\project\sample_test\server_build\src\main\java\kr\pe\sinnori\impl\message] creation task end
4월 11, 2018 6:00:08 오후 kr.pe.sinnori.common.buildsystem.ProjectBuilder createNewEncoderSourceFile
정보: main project[sample_test]'s message encoder file[PublicKeyRes][D:\gitsinnori\sinnori\project\sample_test\server_build\src\main\java\kr\pe\sinnori\impl\message] creation task start
4월 11, 2018 6:00:08 오후 kr.pe.sinnori.common.buildsystem.ProjectBuilder createNewEncoderSourceFile
정보: main project[sample_test]'s message encoder file[PublicKeyRes][D:\gitsinnori\sinnori\project\sample_test\server_build\src\main\java\kr\pe\sinnori\impl\message] creation task end
4월 11, 2018 6:00:08 오후 kr.pe.sinnori.common.buildsystem.ProjectBuilder createNewServerCodecSourceFile
정보: main project[sample_test]'s message server codec file[PublicKeyRes][D:\gitsinnori\sinnori\project\sample_test\server_build\src\main\java\kr\pe\sinnori\impl\message] creation task start
4월 11, 2018 6:00:08 오후 kr.pe.sinnori.common.buildsystem.ProjectBuilder createNewServerCodecSourceFile
정보: main project[sample_test]'s message server codec file[PublicKeyRes][D:\gitsinnori\sinnori\project\sample_test\server_build\src\main\java\kr\pe\sinnori\impl\message] creation task end
4월 11, 2018 6:00:08 오후 kr.pe.sinnori.common.buildsystem.ProjectBuilder createNewClientCodecSourceFile
정보: main project[sample_test]'s message client codec file[PublicKeyRes][D:\gitsinnori\sinnori\project\sample_test\server_build\src\main\java\kr\pe\sinnori\impl\message] creation task start
4월 11, 2018 6:00:08 오후 kr.pe.sinnori.common.buildsystem.ProjectBuilder createNewClientCodecSourceFile
정보: main project[sample_test]'s message client codec file[PublicKeyRes][D:\gitsinnori\sinnori\project\sample_test\server_build\src\main\java\kr\pe\sinnori\impl\message] creation task end
4월 11, 2018 6:00:08 오후 kr.pe.sinnori.common.buildsystem.ProjectBuilder createServerMessageIOFileSet
정보: main project[sample_test]'s server message io file set creation task end
4월 11, 2018 6:00:08 오후 kr.pe.sinnori.common.buildsystem.ProjectBuilder createServerBuildSystemFiles
정보: server build system files creation task end
4월 11, 2018 6:00:08 오후 kr.pe.sinnori.common.buildsystem.ProjectBuilder createAppClientBuildSystemFiles
정보: mainproject[sample_test]'s application client build system files creation task start
4월 11, 2018 6:00:08 오후 kr.pe.sinnori.common.buildsystem.ProjectBuilder createNewAppClientAntBuildXMLFile
정보: main project[sample_test]'s application client ant build.xml file creation task start
4월 11, 2018 6:00:08 오후 kr.pe.sinnori.common.buildsystem.ProjectBuilder createNewAppClientAntBuildXMLFile
정보: main project[sample_test]'s application client ant build.xml file creation task end
4월 11, 2018 6:00:08 오후 kr.pe.sinnori.common.buildsystem.ProjectBuilder createNewAppClientDosShellFile
정보: main project[sample_test]'s application client dos shell file creation task start
4월 11, 2018 6:00:08 오후 kr.pe.sinnori.common.buildsystem.ProjectBuilder createNewAppClientDosShellFile
정보: main project[sample_test]'s application client dos shell file creation task end
4월 11, 2018 6:00:08 오후 kr.pe.sinnori.common.buildsystem.ProjectBuilder createNewAppClientUnixShellFile
정보: main project[sample_test]'s application client unix shell file creation task start
4월 11, 2018 6:00:08 오후 kr.pe.sinnori.common.buildsystem.ProjectBuilder createNewAppClientUnixShellFile
정보: main project[sample_test]'s application client unix shell file creation task end
4월 11, 2018 6:00:08 오후 kr.pe.sinnori.common.buildsystem.ProjectBuilder copyAppClientSampleFiles
정보: application client sample source files copy task start
4월 11, 2018 6:00:08 오후 kr.pe.sinnori.common.buildsystem.ProjectBuilder copyAppClientSampleFiles
정보: application client sample source files copy task end
4월 11, 2018 6:00:08 오후 kr.pe.sinnori.common.buildsystem.ProjectBuilder createNewAppClientAllMessageIOFileSet
정보: main project[sample_test]'s application client message io file set creation task start
4월 11, 2018 6:00:08 오후 kr.pe.sinnori.common.util.CommonStaticUtil createChildDirectoriesOfBasePath
정보: the new child relative direcotry[D:\gitsinnori\sinnori\project\sample_test\client_build\app_build\src\main\java\kr\pe\sinnori\impl\message][Echo] was created successfully
4월 11, 2018 6:00:08 오후 kr.pe.sinnori.common.buildsystem.ProjectBuilder createNewMessageSourceFile
정보: main project[sample_test]'s message file[Echo][D:\gitsinnori\sinnori\project\sample_test\client_build\app_build\src\main\java\kr\pe\sinnori\impl\message] creation task start
4월 11, 2018 6:00:08 오후 kr.pe.sinnori.common.buildsystem.ProjectBuilder createNewMessageSourceFile
정보: main project[sample_test]'s message file[Echo][D:\gitsinnori\sinnori\project\sample_test\client_build\app_build\src\main\java\kr\pe\sinnori\impl\message] creation task end
4월 11, 2018 6:00:08 오후 kr.pe.sinnori.common.buildsystem.ProjectBuilder createNewDecoderSourceFile
정보: main project[sample_test]'s message decoder file[Echo][D:\gitsinnori\sinnori\project\sample_test\client_build\app_build\src\main\java\kr\pe\sinnori\impl\message] creation task start
4월 11, 2018 6:00:08 오후 kr.pe.sinnori.common.buildsystem.ProjectBuilder createNewDecoderSourceFile
정보: main project[sample_test]'s message decoder file[Echo][D:\gitsinnori\sinnori\project\sample_test\client_build\app_build\src\main\java\kr\pe\sinnori\impl\message] creation task end
4월 11, 2018 6:00:08 오후 kr.pe.sinnori.common.buildsystem.ProjectBuilder createNewEncoderSourceFile
정보: main project[sample_test]'s message encoder file[Echo][D:\gitsinnori\sinnori\project\sample_test\client_build\app_build\src\main\java\kr\pe\sinnori\impl\message] creation task start
4월 11, 2018 6:00:08 오후 kr.pe.sinnori.common.buildsystem.ProjectBuilder createNewEncoderSourceFile
정보: main project[sample_test]'s message encoder file[Echo][D:\gitsinnori\sinnori\project\sample_test\client_build\app_build\src\main\java\kr\pe\sinnori\impl\message] creation task end
4월 11, 2018 6:00:08 오후 kr.pe.sinnori.common.buildsystem.ProjectBuilder createNewServerCodecSourceFile
정보: main project[sample_test]'s message server codec file[Echo][D:\gitsinnori\sinnori\project\sample_test\client_build\app_build\src\main\java\kr\pe\sinnori\impl\message] creation task start
4월 11, 2018 6:00:08 오후 kr.pe.sinnori.common.buildsystem.ProjectBuilder createNewServerCodecSourceFile
정보: main project[sample_test]'s message server codec file[Echo][D:\gitsinnori\sinnori\project\sample_test\client_build\app_build\src\main\java\kr\pe\sinnori\impl\message] creation task end
4월 11, 2018 6:00:08 오후 kr.pe.sinnori.common.buildsystem.ProjectBuilder createNewClientCodecSourceFile
정보: main project[sample_test]'s message client codec file[Echo][D:\gitsinnori\sinnori\project\sample_test\client_build\app_build\src\main\java\kr\pe\sinnori\impl\message] creation task start
4월 11, 2018 6:00:08 오후 kr.pe.sinnori.common.buildsystem.ProjectBuilder createNewClientCodecSourceFile
정보: main project[sample_test]'s message client codec file[Echo][D:\gitsinnori\sinnori\project\sample_test\client_build\app_build\src\main\java\kr\pe\sinnori\impl\message] creation task end
4월 11, 2018 6:00:08 오후 kr.pe.sinnori.common.util.CommonStaticUtil createChildDirectoriesOfBasePath
정보: the new child relative direcotry[D:\gitsinnori\sinnori\project\sample_test\client_build\app_build\src\main\java\kr\pe\sinnori\impl\message][PublicKeyReq] was created successfully
4월 11, 2018 6:00:08 오후 kr.pe.sinnori.common.buildsystem.ProjectBuilder createNewMessageSourceFile
정보: main project[sample_test]'s message file[PublicKeyReq][D:\gitsinnori\sinnori\project\sample_test\client_build\app_build\src\main\java\kr\pe\sinnori\impl\message] creation task start
4월 11, 2018 6:00:08 오후 kr.pe.sinnori.common.buildsystem.ProjectBuilder createNewMessageSourceFile
정보: main project[sample_test]'s message file[PublicKeyReq][D:\gitsinnori\sinnori\project\sample_test\client_build\app_build\src\main\java\kr\pe\sinnori\impl\message] creation task end
4월 11, 2018 6:00:08 오후 kr.pe.sinnori.common.buildsystem.ProjectBuilder createNewDecoderSourceFile
정보: main project[sample_test]'s message decoder file[PublicKeyReq][D:\gitsinnori\sinnori\project\sample_test\client_build\app_build\src\main\java\kr\pe\sinnori\impl\message] creation task start
4월 11, 2018 6:00:08 오후 kr.pe.sinnori.common.buildsystem.ProjectBuilder createNewDecoderSourceFile
정보: main project[sample_test]'s message decoder file[PublicKeyReq][D:\gitsinnori\sinnori\project\sample_test\client_build\app_build\src\main\java\kr\pe\sinnori\impl\message] creation task end
4월 11, 2018 6:00:08 오후 kr.pe.sinnori.common.buildsystem.ProjectBuilder createNewEncoderSourceFile
정보: main project[sample_test]'s message encoder file[PublicKeyReq][D:\gitsinnori\sinnori\project\sample_test\client_build\app_build\src\main\java\kr\pe\sinnori\impl\message] creation task start
4월 11, 2018 6:00:08 오후 kr.pe.sinnori.common.buildsystem.ProjectBuilder createNewEncoderSourceFile
정보: main project[sample_test]'s message encoder file[PublicKeyReq][D:\gitsinnori\sinnori\project\sample_test\client_build\app_build\src\main\java\kr\pe\sinnori\impl\message] creation task end
4월 11, 2018 6:00:08 오후 kr.pe.sinnori.common.buildsystem.ProjectBuilder createNewServerCodecSourceFile
정보: main project[sample_test]'s message server codec file[PublicKeyReq][D:\gitsinnori\sinnori\project\sample_test\client_build\app_build\src\main\java\kr\pe\sinnori\impl\message] creation task start
4월 11, 2018 6:00:08 오후 kr.pe.sinnori.common.buildsystem.ProjectBuilder createNewServerCodecSourceFile
정보: main project[sample_test]'s message server codec file[PublicKeyReq][D:\gitsinnori\sinnori\project\sample_test\client_build\app_build\src\main\java\kr\pe\sinnori\impl\message] creation task end
4월 11, 2018 6:00:08 오후 kr.pe.sinnori.common.buildsystem.ProjectBuilder createNewClientCodecSourceFile
정보: main project[sample_test]'s message client codec file[PublicKeyReq][D:\gitsinnori\sinnori\project\sample_test\client_build\app_build\src\main\java\kr\pe\sinnori\impl\message] creation task start
4월 11, 2018 6:00:08 오후 kr.pe.sinnori.common.buildsystem.ProjectBuilder createNewClientCodecSourceFile
정보: main project[sample_test]'s message client codec file[PublicKeyReq][D:\gitsinnori\sinnori\project\sample_test\client_build\app_build\src\main\java\kr\pe\sinnori\impl\message] creation task end
4월 11, 2018 6:00:08 오후 kr.pe.sinnori.common.util.CommonStaticUtil createChildDirectoriesOfBasePath
정보: the new child relative direcotry[D:\gitsinnori\sinnori\project\sample_test\client_build\app_build\src\main\java\kr\pe\sinnori\impl\message][PublicKeyRes] was created successfully
4월 11, 2018 6:00:08 오후 kr.pe.sinnori.common.buildsystem.ProjectBuilder createNewMessageSourceFile
정보: main project[sample_test]'s message file[PublicKeyRes][D:\gitsinnori\sinnori\project\sample_test\client_build\app_build\src\main\java\kr\pe\sinnori\impl\message] creation task start
4월 11, 2018 6:00:08 오후 kr.pe.sinnori.common.buildsystem.ProjectBuilder createNewMessageSourceFile
정보: main project[sample_test]'s message file[PublicKeyRes][D:\gitsinnori\sinnori\project\sample_test\client_build\app_build\src\main\java\kr\pe\sinnori\impl\message] creation task end
4월 11, 2018 6:00:08 오후 kr.pe.sinnori.common.buildsystem.ProjectBuilder createNewDecoderSourceFile
정보: main project[sample_test]'s message decoder file[PublicKeyRes][D:\gitsinnori\sinnori\project\sample_test\client_build\app_build\src\main\java\kr\pe\sinnori\impl\message] creation task start
4월 11, 2018 6:00:08 오후 kr.pe.sinnori.common.buildsystem.ProjectBuilder createNewDecoderSourceFile
정보: main project[sample_test]'s message decoder file[PublicKeyRes][D:\gitsinnori\sinnori\project\sample_test\client_build\app_build\src\main\java\kr\pe\sinnori\impl\message] creation task end
4월 11, 2018 6:00:08 오후 kr.pe.sinnori.common.buildsystem.ProjectBuilder createNewEncoderSourceFile
정보: main project[sample_test]'s message encoder file[PublicKeyRes][D:\gitsinnori\sinnori\project\sample_test\client_build\app_build\src\main\java\kr\pe\sinnori\impl\message] creation task start
4월 11, 2018 6:00:08 오후 kr.pe.sinnori.common.buildsystem.ProjectBuilder createNewEncoderSourceFile
정보: main project[sample_test]'s message encoder file[PublicKeyRes][D:\gitsinnori\sinnori\project\sample_test\client_build\app_build\src\main\java\kr\pe\sinnori\impl\message] creation task end
4월 11, 2018 6:00:08 오후 kr.pe.sinnori.common.buildsystem.ProjectBuilder createNewServerCodecSourceFile
정보: main project[sample_test]'s message server codec file[PublicKeyRes][D:\gitsinnori\sinnori\project\sample_test\client_build\app_build\src\main\java\kr\pe\sinnori\impl\message] creation task start
4월 11, 2018 6:00:08 오후 kr.pe.sinnori.common.buildsystem.ProjectBuilder createNewServerCodecSourceFile
정보: main project[sample_test]'s message server codec file[PublicKeyRes][D:\gitsinnori\sinnori\project\sample_test\client_build\app_build\src\main\java\kr\pe\sinnori\impl\message] creation task end
4월 11, 2018 6:00:08 오후 kr.pe.sinnori.common.buildsystem.ProjectBuilder createNewClientCodecSourceFile
정보: main project[sample_test]'s message client codec file[PublicKeyRes][D:\gitsinnori\sinnori\project\sample_test\client_build\app_build\src\main\java\kr\pe\sinnori\impl\message] creation task start
4월 11, 2018 6:00:08 오후 kr.pe.sinnori.common.buildsystem.ProjectBuilder createNewClientCodecSourceFile
정보: main project[sample_test]'s message client codec file[PublicKeyRes][D:\gitsinnori\sinnori\project\sample_test\client_build\app_build\src\main\java\kr\pe\sinnori\impl\message] creation task end
4월 11, 2018 6:00:08 오후 kr.pe.sinnori.common.buildsystem.ProjectBuilder createNewAppClientAllMessageIOFileSet
정보: main project[sample_test]'s application client message io file set creation task end
4월 11, 2018 6:00:08 오후 kr.pe.sinnori.common.buildsystem.ProjectBuilder createAppClientBuildSystemFiles
정보: mainproject[sample_test]'s application client build system files creation task end
4월 11, 2018 6:00:08 오후 kr.pe.sinnori.common.buildsystem.ProjectBuilder createWebClientBuildSystemFiles
정보: main project[sample_test]'s web client build system files creation task start
4월 11, 2018 6:00:08 오후 kr.pe.sinnori.common.buildsystem.ProjectBuilder createNewWebClientAntBuildFile
정보: main project[sample_test]'s web client ant build.xml file creation task start
4월 11, 2018 6:00:08 오후 kr.pe.sinnori.common.buildsystem.ProjectBuilder createNewWebClientAntBuildFile
정보: main project[sample_test]'s web client ant build.xml file creation task end
4월 11, 2018 6:00:08 오후 kr.pe.sinnori.common.buildsystem.ProjectBuilder createNewWebClientAntPropertiesFile
정보: main project[sample_test]'s web client ant properties file creation task start
4월 11, 2018 6:00:08 오후 kr.pe.sinnori.common.util.SequencedPropertiesUtil createNewSequencedPropertiesFile
정보: the sequenced properties file[D:\gitsinnori\sinnori\project\sample_test\client_build\web_build\webAnt.properties] was created
4월 11, 2018 6:00:08 오후 kr.pe.sinnori.common.buildsystem.ProjectBuilder createNewWebClientAntPropertiesFile
정보: main project[sample_test]'s web client ant properties file creation task end
4월 11, 2018 6:00:08 오후 kr.pe.sinnori.common.buildsystem.ProjectBuilder createNewWebClientMessageIOFileSet
정보: main project[sample_test]'s web client message io file set creation task start
4월 11, 2018 6:00:08 오후 kr.pe.sinnori.common.util.CommonStaticUtil createChildDirectoriesOfBasePath
정보: the new child relative direcotry[D:\gitsinnori\sinnori\project\sample_test\client_build\web_build\src\main\java\kr\pe\sinnori\impl\message][Echo] was created successfully
4월 11, 2018 6:00:08 오후 kr.pe.sinnori.common.buildsystem.ProjectBuilder createNewMessageSourceFile
정보: main project[sample_test]'s message file[Echo][D:\gitsinnori\sinnori\project\sample_test\client_build\web_build\src\main\java\kr\pe\sinnori\impl\message] creation task start
4월 11, 2018 6:00:08 오후 kr.pe.sinnori.common.buildsystem.ProjectBuilder createNewMessageSourceFile
정보: main project[sample_test]'s message file[Echo][D:\gitsinnori\sinnori\project\sample_test\client_build\web_build\src\main\java\kr\pe\sinnori\impl\message] creation task end
4월 11, 2018 6:00:08 오후 kr.pe.sinnori.common.buildsystem.ProjectBuilder createNewDecoderSourceFile
정보: main project[sample_test]'s message decoder file[Echo][D:\gitsinnori\sinnori\project\sample_test\client_build\web_build\src\main\java\kr\pe\sinnori\impl\message] creation task start
4월 11, 2018 6:00:08 오후 kr.pe.sinnori.common.buildsystem.ProjectBuilder createNewDecoderSourceFile
정보: main project[sample_test]'s message decoder file[Echo][D:\gitsinnori\sinnori\project\sample_test\client_build\web_build\src\main\java\kr\pe\sinnori\impl\message] creation task end
4월 11, 2018 6:00:08 오후 kr.pe.sinnori.common.buildsystem.ProjectBuilder createNewEncoderSourceFile
정보: main project[sample_test]'s message encoder file[Echo][D:\gitsinnori\sinnori\project\sample_test\client_build\web_build\src\main\java\kr\pe\sinnori\impl\message] creation task start
4월 11, 2018 6:00:09 오후 kr.pe.sinnori.common.buildsystem.ProjectBuilder createNewEncoderSourceFile
정보: main project[sample_test]'s message encoder file[Echo][D:\gitsinnori\sinnori\project\sample_test\client_build\web_build\src\main\java\kr\pe\sinnori\impl\message] creation task end
4월 11, 2018 6:00:09 오후 kr.pe.sinnori.common.buildsystem.ProjectBuilder createNewServerCodecSourceFile
정보: main project[sample_test]'s message server codec file[Echo][D:\gitsinnori\sinnori\project\sample_test\client_build\web_build\src\main\java\kr\pe\sinnori\impl\message] creation task start
4월 11, 2018 6:00:09 오후 kr.pe.sinnori.common.buildsystem.ProjectBuilder createNewServerCodecSourceFile
정보: main project[sample_test]'s message server codec file[Echo][D:\gitsinnori\sinnori\project\sample_test\client_build\web_build\src\main\java\kr\pe\sinnori\impl\message] creation task end
4월 11, 2018 6:00:09 오후 kr.pe.sinnori.common.buildsystem.ProjectBuilder createNewClientCodecSourceFile
정보: main project[sample_test]'s message client codec file[Echo][D:\gitsinnori\sinnori\project\sample_test\client_build\web_build\src\main\java\kr\pe\sinnori\impl\message] creation task start
4월 11, 2018 6:00:09 오후 kr.pe.sinnori.common.buildsystem.ProjectBuilder createNewClientCodecSourceFile
정보: main project[sample_test]'s message client codec file[Echo][D:\gitsinnori\sinnori\project\sample_test\client_build\web_build\src\main\java\kr\pe\sinnori\impl\message] creation task end
4월 11, 2018 6:00:09 오후 kr.pe.sinnori.common.util.CommonStaticUtil createChildDirectoriesOfBasePath
정보: the new child relative direcotry[D:\gitsinnori\sinnori\project\sample_test\client_build\web_build\src\main\java\kr\pe\sinnori\impl\message][PublicKeyReq] was created successfully
4월 11, 2018 6:00:09 오후 kr.pe.sinnori.common.buildsystem.ProjectBuilder createNewMessageSourceFile
정보: main project[sample_test]'s message file[PublicKeyReq][D:\gitsinnori\sinnori\project\sample_test\client_build\web_build\src\main\java\kr\pe\sinnori\impl\message] creation task start
4월 11, 2018 6:00:09 오후 kr.pe.sinnori.common.buildsystem.ProjectBuilder createNewMessageSourceFile
정보: main project[sample_test]'s message file[PublicKeyReq][D:\gitsinnori\sinnori\project\sample_test\client_build\web_build\src\main\java\kr\pe\sinnori\impl\message] creation task end
4월 11, 2018 6:00:09 오후 kr.pe.sinnori.common.buildsystem.ProjectBuilder createNewDecoderSourceFile
정보: main project[sample_test]'s message decoder file[PublicKeyReq][D:\gitsinnori\sinnori\project\sample_test\client_build\web_build\src\main\java\kr\pe\sinnori\impl\message] creation task start
4월 11, 2018 6:00:09 오후 kr.pe.sinnori.common.buildsystem.ProjectBuilder createNewDecoderSourceFile
정보: main project[sample_test]'s message decoder file[PublicKeyReq][D:\gitsinnori\sinnori\project\sample_test\client_build\web_build\src\main\java\kr\pe\sinnori\impl\message] creation task end
4월 11, 2018 6:00:09 오후 kr.pe.sinnori.common.buildsystem.ProjectBuilder createNewEncoderSourceFile
정보: main project[sample_test]'s message encoder file[PublicKeyReq][D:\gitsinnori\sinnori\project\sample_test\client_build\web_build\src\main\java\kr\pe\sinnori\impl\message] creation task start
4월 11, 2018 6:00:09 오후 kr.pe.sinnori.common.buildsystem.ProjectBuilder createNewEncoderSourceFile
정보: main project[sample_test]'s message encoder file[PublicKeyReq][D:\gitsinnori\sinnori\project\sample_test\client_build\web_build\src\main\java\kr\pe\sinnori\impl\message] creation task end
4월 11, 2018 6:00:09 오후 kr.pe.sinnori.common.buildsystem.ProjectBuilder createNewServerCodecSourceFile
정보: main project[sample_test]'s message server codec file[PublicKeyReq][D:\gitsinnori\sinnori\project\sample_test\client_build\web_build\src\main\java\kr\pe\sinnori\impl\message] creation task start
4월 11, 2018 6:00:09 오후 kr.pe.sinnori.common.buildsystem.ProjectBuilder createNewServerCodecSourceFile
정보: main project[sample_test]'s message server codec file[PublicKeyReq][D:\gitsinnori\sinnori\project\sample_test\client_build\web_build\src\main\java\kr\pe\sinnori\impl\message] creation task end
4월 11, 2018 6:00:09 오후 kr.pe.sinnori.common.buildsystem.ProjectBuilder createNewClientCodecSourceFile
정보: main project[sample_test]'s message client codec file[PublicKeyReq][D:\gitsinnori\sinnori\project\sample_test\client_build\web_build\src\main\java\kr\pe\sinnori\impl\message] creation task start
4월 11, 2018 6:00:09 오후 kr.pe.sinnori.common.buildsystem.ProjectBuilder createNewClientCodecSourceFile
정보: main project[sample_test]'s message client codec file[PublicKeyReq][D:\gitsinnori\sinnori\project\sample_test\client_build\web_build\src\main\java\kr\pe\sinnori\impl\message] creation task end
4월 11, 2018 6:00:09 오후 kr.pe.sinnori.common.util.CommonStaticUtil createChildDirectoriesOfBasePath
정보: the new child relative direcotry[D:\gitsinnori\sinnori\project\sample_test\client_build\web_build\src\main\java\kr\pe\sinnori\impl\message][PublicKeyRes] was created successfully
4월 11, 2018 6:00:09 오후 kr.pe.sinnori.common.buildsystem.ProjectBuilder createNewMessageSourceFile
정보: main project[sample_test]'s message file[PublicKeyRes][D:\gitsinnori\sinnori\project\sample_test\client_build\web_build\src\main\java\kr\pe\sinnori\impl\message] creation task start
4월 11, 2018 6:00:09 오후 kr.pe.sinnori.common.buildsystem.ProjectBuilder createNewMessageSourceFile
정보: main project[sample_test]'s message file[PublicKeyRes][D:\gitsinnori\sinnori\project\sample_test\client_build\web_build\src\main\java\kr\pe\sinnori\impl\message] creation task end
4월 11, 2018 6:00:09 오후 kr.pe.sinnori.common.buildsystem.ProjectBuilder createNewDecoderSourceFile
정보: main project[sample_test]'s message decoder file[PublicKeyRes][D:\gitsinnori\sinnori\project\sample_test\client_build\web_build\src\main\java\kr\pe\sinnori\impl\message] creation task start
4월 11, 2018 6:00:09 오후 kr.pe.sinnori.common.buildsystem.ProjectBuilder createNewDecoderSourceFile
정보: main project[sample_test]'s message decoder file[PublicKeyRes][D:\gitsinnori\sinnori\project\sample_test\client_build\web_build\src\main\java\kr\pe\sinnori\impl\message] creation task end
4월 11, 2018 6:00:09 오후 kr.pe.sinnori.common.buildsystem.ProjectBuilder createNewEncoderSourceFile
정보: main project[sample_test]'s message encoder file[PublicKeyRes][D:\gitsinnori\sinnori\project\sample_test\client_build\web_build\src\main\java\kr\pe\sinnori\impl\message] creation task start
4월 11, 2018 6:00:09 오후 kr.pe.sinnori.common.buildsystem.ProjectBuilder createNewEncoderSourceFile
정보: main project[sample_test]'s message encoder file[PublicKeyRes][D:\gitsinnori\sinnori\project\sample_test\client_build\web_build\src\main\java\kr\pe\sinnori\impl\message] creation task end
4월 11, 2018 6:00:09 오후 kr.pe.sinnori.common.buildsystem.ProjectBuilder createNewServerCodecSourceFile
정보: main project[sample_test]'s message server codec file[PublicKeyRes][D:\gitsinnori\sinnori\project\sample_test\client_build\web_build\src\main\java\kr\pe\sinnori\impl\message] creation task start
4월 11, 2018 6:00:09 오후 kr.pe.sinnori.common.buildsystem.ProjectBuilder createNewServerCodecSourceFile
정보: main project[sample_test]'s message server codec file[PublicKeyRes][D:\gitsinnori\sinnori\project\sample_test\client_build\web_build\src\main\java\kr\pe\sinnori\impl\message] creation task end
4월 11, 2018 6:00:09 오후 kr.pe.sinnori.common.buildsystem.ProjectBuilder createNewClientCodecSourceFile
정보: main project[sample_test]'s message client codec file[PublicKeyRes][D:\gitsinnori\sinnori\project\sample_test\client_build\web_build\src\main\java\kr\pe\sinnori\impl\message] creation task start
4월 11, 2018 6:00:09 오후 kr.pe.sinnori.common.buildsystem.ProjectBuilder createNewClientCodecSourceFile
정보: main project[sample_test]'s message client codec file[PublicKeyRes][D:\gitsinnori\sinnori\project\sample_test\client_build\web_build\src\main\java\kr\pe\sinnori\impl\message] creation task end
4월 11, 2018 6:00:09 오후 kr.pe.sinnori.common.buildsystem.ProjectBuilder createNewWebClientMessageIOFileSet
정보: main project[sample_test]'s web client message io file set creation task end
4월 11, 2018 6:00:09 오후 kr.pe.sinnori.common.buildsystem.ProjectBuilder copyWebClientSampleFiles
정보: mainproject[sample_test]'s web client sample source files copy task start
4월 11, 2018 6:00:09 오후 kr.pe.sinnori.common.buildsystem.ProjectBuilder copyWebClientSampleFiles
정보: mainproject[sample_test]'s web client sample source files copy task end
4월 11, 2018 6:00:09 오후 kr.pe.sinnori.common.buildsystem.ProjectBuilder createWebClientBuildSystemFiles
정보: main project[sample_test]'s web client build system files creation task end
4월 11, 2018 6:00:09 오후 kr.pe.sinnori.common.buildsystem.ProjectBuilder createWebRootSampleFiles
정보: main project[sample_test]'s web root sample files creation task start
4월 11, 2018 6:00:09 오후 kr.pe.sinnori.common.buildsystem.ProjectBuilder copyWebRootSampleFiles
정보: main project[sample_test]'s web root sample files copy task start
4월 11, 2018 6:00:09 오후 kr.pe.sinnori.common.buildsystem.ProjectBuilder copyWebRootSampleFiles
정보: main project[sample_test]'s web root sample files copy task end
4월 11, 2018 6:00:09 오후 kr.pe.sinnori.common.buildsystem.ProjectBuilder createWebRootSampleFiles
정보: main project[sample_test]'s web root sample files creation task end
4월 11, 2018 6:00:09 오후 kr.pe.sinnori.common.buildsystem.ProjectBuilder createFiles
정보: main project[sample_test]'s file creation task end
4월 11, 2018 6:00:09 오후 kr.pe.sinnori.common.config.SinnoriConfiguration convertSinnoriConfigSequencedPropertiesToAllPartItemsWithValidation
정보: item key[sessionkey.rsa.publickey.file.value]'s value is null because its status is inactive
4월 11, 2018 6:00:09 오후 kr.pe.sinnori.common.config.SinnoriConfiguration convertSinnoriConfigSequencedPropertiesToAllPartItemsWithValidation
정보: item key[sessionkey.rsa.privatekey.file.value]'s value is null because its status is inactive
4월 11, 2018 6:00:09 오후 kr.pe.sinnori.common.buildsystem.ProjectBuilder changeProjectState
정보: main project[sample_test] changeProjectState method start
4월 11, 2018 6:00:09 오후 kr.pe.sinnori.common.buildsystem.ProjectBuilder deleteServerBuildPath
정보: mainproject[sample_test]'s server build path deletion task start
4월 11, 2018 6:00:09 오후 kr.pe.sinnori.common.buildsystem.ProjectBuilder deleteServerBuildPath
정보: mainproject[sample_test]'s server build path deletion task end
4월 11, 2018 6:00:09 오후 kr.pe.sinnori.common.buildsystem.ProjectBuilder deleteAppClientBuildPath
정보: mainproject[sample_test]'s application client build path deletion task start
4월 11, 2018 6:00:09 오후 kr.pe.sinnori.common.buildsystem.ProjectBuilder deleteAppClientBuildPath
정보: mainproject[sample_test]'s application client build path deletion task end
4월 11, 2018 6:00:09 오후 kr.pe.sinnori.common.buildsystem.ProjectBuilder modifyWebClientAntPropertiesFile
정보: main project[sample_test]'s web client ant properties file modification task start
4월 11, 2018 6:00:09 오후 kr.pe.sinnori.common.buildsystem.ProjectBuilder modifyWebClientAntPropertiesFile
정보: main project[sample_test]'s web client ant properties file modification task end
4월 11, 2018 6:00:09 오후 kr.pe.sinnori.common.buildsystem.ProjectBuilder changeProjectState
경고: the web client build path[D:\gitsinnori\sinnori\project\sample_test\client_build\web_build] exists, so only the web client's ant properties including servlet system library path  was updated for new servletSystemLibraryPathString[D:\apache-tomcat-8.5.15\lib]
4월 11, 2018 6:00:09 오후 kr.pe.sinnori.common.buildsystem.ProjectBuilder changeProjectState
경고: the web root path[D:\gitsinnori\sinnori\project\sample_test\web_app_base\ROOT] exists, so skip creation of web root
4월 11, 2018 6:00:09 오후 kr.pe.sinnori.common.buildsystem.ProjectBuilder overwriteSinnoriConfigFile
정보: main project[sample_test]'s config file overwrite task start
4월 11, 2018 6:00:09 오후 kr.pe.sinnori.common.buildsystem.ProjectBuilder overwriteSinnoriConfigFile
정보: main project[sample_test]'s config file overwrite task end
4월 11, 2018 6:00:09 오후 kr.pe.sinnori.common.buildsystem.ProjectBuilder changeProjectState
정보: main project[sample_test] changeProjectState method end
4월 11, 2018 6:00:09 오후 kr.pe.sinnori.common.buildsystem.ProjectBuilder isValidServerAntBuildXMLFile
정보: the server ant build.xml file[D:\gitsinnori\sinnori\project\sample_test\server_build\build.xml] is bad :: whetherExist[false] isFile[false]
4월 11, 2018 6:00:09 오후 kr.pe.sinnori.common.buildsystem.ProjectBuilder isValidAppClientAntBuildXMLFile
정보: the app client ant build.xml file[D:\gitsinnori\sinnori\project\sample_test\client_build\app_build\build.xml] is bad :: whetherExist[false] isFile[false]
4월 11, 2018 6:00:09 오후 kr.pe.sinnori.common.buildsystem.ProjectBuilder changeProjectState
정보: main project[sample_test] changeProjectState method start
4월 11, 2018 6:00:09 오후 kr.pe.sinnori.common.buildsystem.ProjectBuilder isValidServerAntBuildXMLFile
정보: the server ant build.xml file[D:\gitsinnori\sinnori\project\sample_test\server_build\build.xml] is bad :: whetherExist[false] isFile[false]
4월 11, 2018 6:00:09 오후 kr.pe.sinnori.common.buildsystem.ProjectBuilder changeProjectState
경고: the server buid.xml file[D:\gitsinnori\sinnori\project\sample_test\server_build\build.xml] is bad beacse it doesn't exist or is not a file, so skip deletion of server build system
4월 11, 2018 6:00:09 오후 kr.pe.sinnori.common.buildsystem.ProjectBuilder createAppBuildChildDirectories
정보: main project[sample_test]'s application build child direcotry creation task start
4월 11, 2018 6:00:09 오후 kr.pe.sinnori.common.util.CommonStaticUtil createChildDirectoriesOfBasePath
정보: the new child relative direcotry[D:\gitsinnori\sinnori\project\sample_test][client_build/app_build/corelib/ex] was created successfully
4월 11, 2018 6:00:09 오후 kr.pe.sinnori.common.util.CommonStaticUtil createChildDirectoriesOfBasePath
정보: the new child relative direcotry[D:\gitsinnori\sinnori\project\sample_test][client_build/app_build/corelib/in] was created successfully
4월 11, 2018 6:00:09 오후 kr.pe.sinnori.common.util.CommonStaticUtil createChildDirectoriesOfBasePath
정보: the new child relative direcotry[D:\gitsinnori\sinnori\project\sample_test][client_build/app_build/lib/main/ex] was created successfully
4월 11, 2018 6:00:09 오후 kr.pe.sinnori.common.util.CommonStaticUtil createChildDirectoriesOfBasePath
정보: the new child relative direcotry[D:\gitsinnori\sinnori\project\sample_test][client_build/app_build/lib/main/in] was created successfully
4월 11, 2018 6:00:09 오후 kr.pe.sinnori.common.util.CommonStaticUtil createChildDirectoriesOfBasePath
정보: the new child relative direcotry[D:\gitsinnori\sinnori\project\sample_test][client_build/app_build/lib/test] was created successfully
4월 11, 2018 6:00:09 오후 kr.pe.sinnori.common.util.CommonStaticUtil createChildDirectoriesOfBasePath
정보: the new child relative direcotry[D:\gitsinnori\sinnori\project\sample_test][client_build/app_build/src/main/java/kr/pe/sinnori/impl/message] was created successfully
4월 11, 2018 6:00:09 오후 kr.pe.sinnori.common.util.CommonStaticUtil createChildDirectoriesOfBasePath
정보: the new child relative direcotry[D:\gitsinnori\sinnori\project\sample_test][client_build/app_build/src/main/java/main] was created successfully
4월 11, 2018 6:00:09 오후 kr.pe.sinnori.common.util.CommonStaticUtil createChildDirectoriesOfBasePath
정보: the new child relative direcotry[D:\gitsinnori\sinnori\project\sample_test][client_build/app_build/src/test/java] was created successfully
4월 11, 2018 6:00:09 오후 kr.pe.sinnori.common.util.CommonStaticUtil createChildDirectoriesOfBasePath
정보: the new child relative direcotry[D:\gitsinnori\sinnori\project\sample_test][client_build/app_build/build] was created successfully
4월 11, 2018 6:00:09 오후 kr.pe.sinnori.common.util.CommonStaticUtil createChildDirectoriesOfBasePath
정보: the new child relative direcotry[D:\gitsinnori\sinnori\project\sample_test][client_build/app_build/dist] was created successfully
4월 11, 2018 6:00:09 오후 kr.pe.sinnori.common.buildsystem.ProjectBuilder createAppBuildChildDirectories
정보: main project[sample_test]'s application build child direcotry creation task end
4월 11, 2018 6:00:09 오후 kr.pe.sinnori.common.buildsystem.ProjectBuilder createAppClientBuildSystemFiles
정보: mainproject[sample_test]'s application client build system files creation task start
4월 11, 2018 6:00:09 오후 kr.pe.sinnori.common.buildsystem.ProjectBuilder createNewAppClientAntBuildXMLFile
정보: main project[sample_test]'s application client ant build.xml file creation task start
4월 11, 2018 6:00:09 오후 kr.pe.sinnori.common.buildsystem.ProjectBuilder createNewAppClientAntBuildXMLFile
정보: main project[sample_test]'s application client ant build.xml file creation task end
4월 11, 2018 6:00:09 오후 kr.pe.sinnori.common.buildsystem.ProjectBuilder createNewAppClientDosShellFile
정보: main project[sample_test]'s application client dos shell file creation task start
4월 11, 2018 6:00:09 오후 kr.pe.sinnori.common.buildsystem.ProjectBuilder createNewAppClientDosShellFile
정보: main project[sample_test]'s application client dos shell file creation task end
4월 11, 2018 6:00:09 오후 kr.pe.sinnori.common.buildsystem.ProjectBuilder createNewAppClientUnixShellFile
정보: main project[sample_test]'s application client unix shell file creation task start
4월 11, 2018 6:00:09 오후 kr.pe.sinnori.common.buildsystem.ProjectBuilder createNewAppClientUnixShellFile
정보: main project[sample_test]'s application client unix shell file creation task end
4월 11, 2018 6:00:09 오후 kr.pe.sinnori.common.buildsystem.ProjectBuilder copyAppClientSampleFiles
정보: application client sample source files copy task start
4월 11, 2018 6:00:09 오후 kr.pe.sinnori.common.buildsystem.ProjectBuilder copyAppClientSampleFiles
정보: application client sample source files copy task end
4월 11, 2018 6:00:09 오후 kr.pe.sinnori.common.buildsystem.ProjectBuilder createNewAppClientAllMessageIOFileSet
정보: main project[sample_test]'s application client message io file set creation task start
4월 11, 2018 6:00:09 오후 kr.pe.sinnori.common.util.CommonStaticUtil createChildDirectoriesOfBasePath
정보: the new child relative direcotry[D:\gitsinnori\sinnori\project\sample_test\client_build\app_build\src\main\java\kr\pe\sinnori\impl\message][Echo] was created successfully
4월 11, 2018 6:00:09 오후 kr.pe.sinnori.common.buildsystem.ProjectBuilder createNewMessageSourceFile
정보: main project[sample_test]'s message file[Echo][D:\gitsinnori\sinnori\project\sample_test\client_build\app_build\src\main\java\kr\pe\sinnori\impl\message] creation task start
4월 11, 2018 6:00:09 오후 kr.pe.sinnori.common.buildsystem.ProjectBuilder createNewMessageSourceFile
정보: main project[sample_test]'s message file[Echo][D:\gitsinnori\sinnori\project\sample_test\client_build\app_build\src\main\java\kr\pe\sinnori\impl\message] creation task end
4월 11, 2018 6:00:09 오후 kr.pe.sinnori.common.buildsystem.ProjectBuilder createNewDecoderSourceFile
정보: main project[sample_test]'s message decoder file[Echo][D:\gitsinnori\sinnori\project\sample_test\client_build\app_build\src\main\java\kr\pe\sinnori\impl\message] creation task start
4월 11, 2018 6:00:09 오후 kr.pe.sinnori.common.buildsystem.ProjectBuilder createNewDecoderSourceFile
정보: main project[sample_test]'s message decoder file[Echo][D:\gitsinnori\sinnori\project\sample_test\client_build\app_build\src\main\java\kr\pe\sinnori\impl\message] creation task end
4월 11, 2018 6:00:09 오후 kr.pe.sinnori.common.buildsystem.ProjectBuilder createNewEncoderSourceFile
정보: main project[sample_test]'s message encoder file[Echo][D:\gitsinnori\sinnori\project\sample_test\client_build\app_build\src\main\java\kr\pe\sinnori\impl\message] creation task start
4월 11, 2018 6:00:09 오후 kr.pe.sinnori.common.buildsystem.ProjectBuilder createNewEncoderSourceFile
정보: main project[sample_test]'s message encoder file[Echo][D:\gitsinnori\sinnori\project\sample_test\client_build\app_build\src\main\java\kr\pe\sinnori\impl\message] creation task end
4월 11, 2018 6:00:09 오후 kr.pe.sinnori.common.buildsystem.ProjectBuilder createNewServerCodecSourceFile
정보: main project[sample_test]'s message server codec file[Echo][D:\gitsinnori\sinnori\project\sample_test\client_build\app_build\src\main\java\kr\pe\sinnori\impl\message] creation task start
4월 11, 2018 6:00:09 오후 kr.pe.sinnori.common.buildsystem.ProjectBuilder createNewServerCodecSourceFile
정보: main project[sample_test]'s message server codec file[Echo][D:\gitsinnori\sinnori\project\sample_test\client_build\app_build\src\main\java\kr\pe\sinnori\impl\message] creation task end
4월 11, 2018 6:00:09 오후 kr.pe.sinnori.common.buildsystem.ProjectBuilder createNewClientCodecSourceFile
정보: main project[sample_test]'s message client codec file[Echo][D:\gitsinnori\sinnori\project\sample_test\client_build\app_build\src\main\java\kr\pe\sinnori\impl\message] creation task start
4월 11, 2018 6:00:09 오후 kr.pe.sinnori.common.buildsystem.ProjectBuilder createNewClientCodecSourceFile
정보: main project[sample_test]'s message client codec file[Echo][D:\gitsinnori\sinnori\project\sample_test\client_build\app_build\src\main\java\kr\pe\sinnori\impl\message] creation task end
4월 11, 2018 6:00:09 오후 kr.pe.sinnori.common.util.CommonStaticUtil createChildDirectoriesOfBasePath
정보: the new child relative direcotry[D:\gitsinnori\sinnori\project\sample_test\client_build\app_build\src\main\java\kr\pe\sinnori\impl\message][PublicKeyReq] was created successfully
4월 11, 2018 6:00:09 오후 kr.pe.sinnori.common.buildsystem.ProjectBuilder createNewMessageSourceFile
정보: main project[sample_test]'s message file[PublicKeyReq][D:\gitsinnori\sinnori\project\sample_test\client_build\app_build\src\main\java\kr\pe\sinnori\impl\message] creation task start
4월 11, 2018 6:00:09 오후 kr.pe.sinnori.common.buildsystem.ProjectBuilder createNewMessageSourceFile
정보: main project[sample_test]'s message file[PublicKeyReq][D:\gitsinnori\sinnori\project\sample_test\client_build\app_build\src\main\java\kr\pe\sinnori\impl\message] creation task end
4월 11, 2018 6:00:09 오후 kr.pe.sinnori.common.buildsystem.ProjectBuilder createNewDecoderSourceFile
정보: main project[sample_test]'s message decoder file[PublicKeyReq][D:\gitsinnori\sinnori\project\sample_test\client_build\app_build\src\main\java\kr\pe\sinnori\impl\message] creation task start
4월 11, 2018 6:00:09 오후 kr.pe.sinnori.common.buildsystem.ProjectBuilder createNewDecoderSourceFile
정보: main project[sample_test]'s message decoder file[PublicKeyReq][D:\gitsinnori\sinnori\project\sample_test\client_build\app_build\src\main\java\kr\pe\sinnori\impl\message] creation task end
4월 11, 2018 6:00:09 오후 kr.pe.sinnori.common.buildsystem.ProjectBuilder createNewEncoderSourceFile
정보: main project[sample_test]'s message encoder file[PublicKeyReq][D:\gitsinnori\sinnori\project\sample_test\client_build\app_build\src\main\java\kr\pe\sinnori\impl\message] creation task start
4월 11, 2018 6:00:09 오후 kr.pe.sinnori.common.buildsystem.ProjectBuilder createNewEncoderSourceFile
정보: main project[sample_test]'s message encoder file[PublicKeyReq][D:\gitsinnori\sinnori\project\sample_test\client_build\app_build\src\main\java\kr\pe\sinnori\impl\message] creation task end
4월 11, 2018 6:00:09 오후 kr.pe.sinnori.common.buildsystem.ProjectBuilder createNewServerCodecSourceFile
정보: main project[sample_test]'s message server codec file[PublicKeyReq][D:\gitsinnori\sinnori\project\sample_test\client_build\app_build\src\main\java\kr\pe\sinnori\impl\message] creation task start
4월 11, 2018 6:00:09 오후 kr.pe.sinnori.common.buildsystem.ProjectBuilder createNewServerCodecSourceFile
정보: main project[sample_test]'s message server codec file[PublicKeyReq][D:\gitsinnori\sinnori\project\sample_test\client_build\app_build\src\main\java\kr\pe\sinnori\impl\message] creation task end
4월 11, 2018 6:00:09 오후 kr.pe.sinnori.common.buildsystem.ProjectBuilder createNewClientCodecSourceFile
정보: main project[sample_test]'s message client codec file[PublicKeyReq][D:\gitsinnori\sinnori\project\sample_test\client_build\app_build\src\main\java\kr\pe\sinnori\impl\message] creation task start
4월 11, 2018 6:00:09 오후 kr.pe.sinnori.common.buildsystem.ProjectBuilder createNewClientCodecSourceFile
정보: main project[sample_test]'s message client codec file[PublicKeyReq][D:\gitsinnori\sinnori\project\sample_test\client_build\app_build\src\main\java\kr\pe\sinnori\impl\message] creation task end
4월 11, 2018 6:00:09 오후 kr.pe.sinnori.common.util.CommonStaticUtil createChildDirectoriesOfBasePath
정보: the new child relative direcotry[D:\gitsinnori\sinnori\project\sample_test\client_build\app_build\src\main\java\kr\pe\sinnori\impl\message][PublicKeyRes] was created successfully
4월 11, 2018 6:00:09 오후 kr.pe.sinnori.common.buildsystem.ProjectBuilder createNewMessageSourceFile
정보: main project[sample_test]'s message file[PublicKeyRes][D:\gitsinnori\sinnori\project\sample_test\client_build\app_build\src\main\java\kr\pe\sinnori\impl\message] creation task start
4월 11, 2018 6:00:09 오후 kr.pe.sinnori.common.buildsystem.ProjectBuilder createNewMessageSourceFile
정보: main project[sample_test]'s message file[PublicKeyRes][D:\gitsinnori\sinnori\project\sample_test\client_build\app_build\src\main\java\kr\pe\sinnori\impl\message] creation task end
4월 11, 2018 6:00:09 오후 kr.pe.sinnori.common.buildsystem.ProjectBuilder createNewDecoderSourceFile
정보: main project[sample_test]'s message decoder file[PublicKeyRes][D:\gitsinnori\sinnori\project\sample_test\client_build\app_build\src\main\java\kr\pe\sinnori\impl\message] creation task start
4월 11, 2018 6:00:09 오후 kr.pe.sinnori.common.buildsystem.ProjectBuilder createNewDecoderSourceFile
정보: main project[sample_test]'s message decoder file[PublicKeyRes][D:\gitsinnori\sinnori\project\sample_test\client_build\app_build\src\main\java\kr\pe\sinnori\impl\message] creation task end
4월 11, 2018 6:00:09 오후 kr.pe.sinnori.common.buildsystem.ProjectBuilder createNewEncoderSourceFile
정보: main project[sample_test]'s message encoder file[PublicKeyRes][D:\gitsinnori\sinnori\project\sample_test\client_build\app_build\src\main\java\kr\pe\sinnori\impl\message] creation task start
4월 11, 2018 6:00:09 오후 kr.pe.sinnori.common.buildsystem.ProjectBuilder createNewEncoderSourceFile
정보: main project[sample_test]'s message encoder file[PublicKeyRes][D:\gitsinnori\sinnori\project\sample_test\client_build\app_build\src\main\java\kr\pe\sinnori\impl\message] creation task end
4월 11, 2018 6:00:09 오후 kr.pe.sinnori.common.buildsystem.ProjectBuilder createNewServerCodecSourceFile
정보: main project[sample_test]'s message server codec file[PublicKeyRes][D:\gitsinnori\sinnori\project\sample_test\client_build\app_build\src\main\java\kr\pe\sinnori\impl\message] creation task start
4월 11, 2018 6:00:09 오후 kr.pe.sinnori.common.buildsystem.ProjectBuilder createNewServerCodecSourceFile
정보: main project[sample_test]'s message server codec file[PublicKeyRes][D:\gitsinnori\sinnori\project\sample_test\client_build\app_build\src\main\java\kr\pe\sinnori\impl\message] creation task end
4월 11, 2018 6:00:09 오후 kr.pe.sinnori.common.buildsystem.ProjectBuilder createNewClientCodecSourceFile
정보: main project[sample_test]'s message client codec file[PublicKeyRes][D:\gitsinnori\sinnori\project\sample_test\client_build\app_build\src\main\java\kr\pe\sinnori\impl\message] creation task start
4월 11, 2018 6:00:09 오후 kr.pe.sinnori.common.buildsystem.ProjectBuilder createNewClientCodecSourceFile
정보: main project[sample_test]'s message client codec file[PublicKeyRes][D:\gitsinnori\sinnori\project\sample_test\client_build\app_build\src\main\java\kr\pe\sinnori\impl\message] creation task end
4월 11, 2018 6:00:09 오후 kr.pe.sinnori.common.buildsystem.ProjectBuilder createNewAppClientAllMessageIOFileSet
정보: main project[sample_test]'s application client message io file set creation task end
4월 11, 2018 6:00:09 오후 kr.pe.sinnori.common.buildsystem.ProjectBuilder createAppClientBuildSystemFiles
정보: mainproject[sample_test]'s application client build system files creation task end
4월 11, 2018 6:00:09 오후 kr.pe.sinnori.common.buildsystem.ProjectBuilder deleteWebCientBuildPath
정보: main project[sample_test]'s web client build path deletion task start
4월 11, 2018 6:00:09 오후 kr.pe.sinnori.common.buildsystem.ProjectBuilder deleteWebCientBuildPath
정보: main project[sample_test]'s web client build path deletion task end
4월 11, 2018 6:00:09 오후 kr.pe.sinnori.common.buildsystem.ProjectBuilder deleteWebRoot
정보: main project[sample_test]'s web root path deletion task start
4월 11, 2018 6:00:09 오후 kr.pe.sinnori.common.buildsystem.ProjectBuilder deleteWebRoot
정보: main project[sample_test]'s web root path deletion task end
4월 11, 2018 6:00:09 오후 kr.pe.sinnori.common.buildsystem.ProjectBuilder overwriteSinnoriConfigFile
정보: main project[sample_test]'s config file overwrite task start
4월 11, 2018 6:00:09 오후 kr.pe.sinnori.common.buildsystem.ProjectBuilder overwriteSinnoriConfigFile
정보: main project[sample_test]'s config file overwrite task end
4월 11, 2018 6:00:09 오후 kr.pe.sinnori.common.buildsystem.ProjectBuilder changeProjectState
정보: main project[sample_test] changeProjectState method end
4월 11, 2018 6:00:09 오후 kr.pe.sinnori.common.buildsystem.ProjectBuilder isValidServerAntBuildXMLFile
정보: the server ant build.xml file[D:\gitsinnori\sinnori\project\sample_test\server_build\build.xml] is bad :: whetherExist[false] isFile[false]
4월 11, 2018 6:00:09 오후 kr.pe.sinnori.common.buildsystem.ProjectBuilder isValidWebClientAntBuildXMLFile
정보: the web client ant build.xml file[D:\gitsinnori\sinnori\project\sample_test\client_build\web_build\build.xml] is bad :: whetherExist[false] isFile[false]
4월 11, 2018 6:00:09 오후 kr.pe.sinnori.common.buildsystem.ProjectBuilder isValidWebRootXMLFile
정보: the web.xml file[D:\gitsinnori\sinnori\project\sample_test\web_app_base\ROOT\WEB-INF\web.xml] located at web root directory is bad :: whetherExist[false] isFile[false]
4월 11, 2018 6:00:09 오후 kr.pe.sinnori.common.buildsystem.ProjectBuilder changeProjectState
정보: main project[sample_test] changeProjectState method start
4월 11, 2018 6:00:09 오후 kr.pe.sinnori.common.buildsystem.ProjectBuilder isValidServerAntBuildXMLFile
정보: the server ant build.xml file[D:\gitsinnori\sinnori\project\sample_test\server_build\build.xml] is bad :: whetherExist[false] isFile[false]
4월 11, 2018 6:00:09 오후 kr.pe.sinnori.common.buildsystem.ProjectBuilder changeProjectState
경고: the server buid.xml file[D:\gitsinnori\sinnori\project\sample_test\server_build\build.xml] is bad beacse it doesn't exist or is not a file, so skip deletion of server build system
4월 11, 2018 6:00:09 오후 kr.pe.sinnori.common.buildsystem.ProjectBuilder changeProjectState
경고: the app client build path[D:\gitsinnori\sinnori\project\sample_test\client_build\app_build] exist, so skip creation of app client build system
4월 11, 2018 6:00:09 오후 kr.pe.sinnori.common.buildsystem.ProjectBuilder createWebBuildChildDirectories
정보: main project[sample_test]'s web build child direcotry creation task start
4월 11, 2018 6:00:09 오후 kr.pe.sinnori.common.util.CommonStaticUtil createChildDirectoriesOfBasePath
정보: the new child relative direcotry[D:\gitsinnori\sinnori\project\sample_test][client_build/web_build/corelib/ex] was created successfully
4월 11, 2018 6:00:09 오후 kr.pe.sinnori.common.util.CommonStaticUtil createChildDirectoriesOfBasePath
정보: the new child relative direcotry[D:\gitsinnori\sinnori\project\sample_test][client_build/web_build/corelib/in] was created successfully
4월 11, 2018 6:00:09 오후 kr.pe.sinnori.common.util.CommonStaticUtil createChildDirectoriesOfBasePath
정보: the new child relative direcotry[D:\gitsinnori\sinnori\project\sample_test][client_build/web_build/lib/main/ex] was created successfully
4월 11, 2018 6:00:09 오후 kr.pe.sinnori.common.util.CommonStaticUtil createChildDirectoriesOfBasePath
정보: the new child relative direcotry[D:\gitsinnori\sinnori\project\sample_test][client_build/web_build/lib/main/in] was created successfully
4월 11, 2018 6:00:09 오후 kr.pe.sinnori.common.util.CommonStaticUtil createChildDirectoriesOfBasePath
정보: the new child relative direcotry[D:\gitsinnori\sinnori\project\sample_test][client_build/web_build/lib/test] was created successfully
4월 11, 2018 6:00:09 오후 kr.pe.sinnori.common.util.CommonStaticUtil createChildDirectoriesOfBasePath
정보: the new child relative direcotry[D:\gitsinnori\sinnori\project\sample_test][client_build/web_build/src/main/java/kr/pe/sinnori/impl/message] was created successfully
4월 11, 2018 6:00:09 오후 kr.pe.sinnori.common.util.CommonStaticUtil createChildDirectoriesOfBasePath
정보: the new child relative direcotry[D:\gitsinnori\sinnori\project\sample_test][client_build/web_build/src/main/java//kr/pe/sinnori/servlet] was created successfully
4월 11, 2018 6:00:09 오후 kr.pe.sinnori.common.util.CommonStaticUtil createChildDirectoriesOfBasePath
정보: the new child relative direcotry[D:\gitsinnori\sinnori\project\sample_test][client_build/web_build/src/main/java/kr/pe/sinnori/weblib/common] was created successfully
4월 11, 2018 6:00:09 오후 kr.pe.sinnori.common.util.CommonStaticUtil createChildDirectoriesOfBasePath
정보: the new child relative direcotry[D:\gitsinnori\sinnori\project\sample_test][client_build/web_build/src/main/java/kr/pe/sinnori/weblib/htmlstring] was created successfully
4월 11, 2018 6:00:09 오후 kr.pe.sinnori.common.util.CommonStaticUtil createChildDirectoriesOfBasePath
정보: the new child relative direcotry[D:\gitsinnori\sinnori\project\sample_test][client_build/web_build/src/main/java/kr/pe/sinnori/weblib/jdf] was created successfully
4월 11, 2018 6:00:09 오후 kr.pe.sinnori.common.util.CommonStaticUtil createChildDirectoriesOfBasePath
정보: the new child relative direcotry[D:\gitsinnori\sinnori\project\sample_test][client_build/web_build/src/test/java] was created successfully
4월 11, 2018 6:00:09 오후 kr.pe.sinnori.common.util.CommonStaticUtil createChildDirectoriesOfBasePath
정보: the new child relative direcotry[D:\gitsinnori\sinnori\project\sample_test][client_build/web_build/build] was created successfully
4월 11, 2018 6:00:09 오후 kr.pe.sinnori.common.util.CommonStaticUtil createChildDirectoriesOfBasePath
정보: the new child relative direcotry[D:\gitsinnori\sinnori\project\sample_test][client_build/web_build/dist] was created successfully
4월 11, 2018 6:00:09 오후 kr.pe.sinnori.common.buildsystem.ProjectBuilder createWebBuildChildDirectories
정보: main project[sample_test]'s web build child direcotry creation task end
4월 11, 2018 6:00:09 오후 kr.pe.sinnori.common.buildsystem.ProjectBuilder createWebClientBuildSystemFiles
정보: main project[sample_test]'s web client build system files creation task start
4월 11, 2018 6:00:09 오후 kr.pe.sinnori.common.buildsystem.ProjectBuilder createNewWebClientAntBuildFile
정보: main project[sample_test]'s web client ant build.xml file creation task start
4월 11, 2018 6:00:09 오후 kr.pe.sinnori.common.buildsystem.ProjectBuilder createNewWebClientAntBuildFile
정보: main project[sample_test]'s web client ant build.xml file creation task end
4월 11, 2018 6:00:09 오후 kr.pe.sinnori.common.buildsystem.ProjectBuilder createNewWebClientAntPropertiesFile
정보: main project[sample_test]'s web client ant properties file creation task start
4월 11, 2018 6:00:09 오후 kr.pe.sinnori.common.util.SequencedPropertiesUtil createNewSequencedPropertiesFile
정보: the sequenced properties file[D:\gitsinnori\sinnori\project\sample_test\client_build\web_build\webAnt.properties] was created
4월 11, 2018 6:00:09 오후 kr.pe.sinnori.common.buildsystem.ProjectBuilder createNewWebClientAntPropertiesFile
정보: main project[sample_test]'s web client ant properties file creation task end
4월 11, 2018 6:00:09 오후 kr.pe.sinnori.common.buildsystem.ProjectBuilder createNewWebClientMessageIOFileSet
정보: main project[sample_test]'s web client message io file set creation task start
4월 11, 2018 6:00:09 오후 kr.pe.sinnori.common.util.CommonStaticUtil createChildDirectoriesOfBasePath
정보: the new child relative direcotry[D:\gitsinnori\sinnori\project\sample_test\client_build\web_build\src\main\java\kr\pe\sinnori\impl\message][Echo] was created successfully
4월 11, 2018 6:00:09 오후 kr.pe.sinnori.common.buildsystem.ProjectBuilder createNewMessageSourceFile
정보: main project[sample_test]'s message file[Echo][D:\gitsinnori\sinnori\project\sample_test\client_build\web_build\src\main\java\kr\pe\sinnori\impl\message] creation task start
4월 11, 2018 6:00:09 오후 kr.pe.sinnori.common.buildsystem.ProjectBuilder createNewMessageSourceFile
정보: main project[sample_test]'s message file[Echo][D:\gitsinnori\sinnori\project\sample_test\client_build\web_build\src\main\java\kr\pe\sinnori\impl\message] creation task end
4월 11, 2018 6:00:09 오후 kr.pe.sinnori.common.buildsystem.ProjectBuilder createNewDecoderSourceFile
정보: main project[sample_test]'s message decoder file[Echo][D:\gitsinnori\sinnori\project\sample_test\client_build\web_build\src\main\java\kr\pe\sinnori\impl\message] creation task start
4월 11, 2018 6:00:09 오후 kr.pe.sinnori.common.buildsystem.ProjectBuilder createNewDecoderSourceFile
정보: main project[sample_test]'s message decoder file[Echo][D:\gitsinnori\sinnori\project\sample_test\client_build\web_build\src\main\java\kr\pe\sinnori\impl\message] creation task end
4월 11, 2018 6:00:09 오후 kr.pe.sinnori.common.buildsystem.ProjectBuilder createNewEncoderSourceFile
정보: main project[sample_test]'s message encoder file[Echo][D:\gitsinnori\sinnori\project\sample_test\client_build\web_build\src\main\java\kr\pe\sinnori\impl\message] creation task start
4월 11, 2018 6:00:09 오후 kr.pe.sinnori.common.buildsystem.ProjectBuilder createNewEncoderSourceFile
정보: main project[sample_test]'s message encoder file[Echo][D:\gitsinnori\sinnori\project\sample_test\client_build\web_build\src\main\java\kr\pe\sinnori\impl\message] creation task end
4월 11, 2018 6:00:09 오후 kr.pe.sinnori.common.buildsystem.ProjectBuilder createNewServerCodecSourceFile
정보: main project[sample_test]'s message server codec file[Echo][D:\gitsinnori\sinnori\project\sample_test\client_build\web_build\src\main\java\kr\pe\sinnori\impl\message] creation task start
4월 11, 2018 6:00:09 오후 kr.pe.sinnori.common.buildsystem.ProjectBuilder createNewServerCodecSourceFile
정보: main project[sample_test]'s message server codec file[Echo][D:\gitsinnori\sinnori\project\sample_test\client_build\web_build\src\main\java\kr\pe\sinnori\impl\message] creation task end
4월 11, 2018 6:00:09 오후 kr.pe.sinnori.common.buildsystem.ProjectBuilder createNewClientCodecSourceFile
정보: main project[sample_test]'s message client codec file[Echo][D:\gitsinnori\sinnori\project\sample_test\client_build\web_build\src\main\java\kr\pe\sinnori\impl\message] creation task start
4월 11, 2018 6:00:09 오후 kr.pe.sinnori.common.buildsystem.ProjectBuilder createNewClientCodecSourceFile
정보: main project[sample_test]'s message client codec file[Echo][D:\gitsinnori\sinnori\project\sample_test\client_build\web_build\src\main\java\kr\pe\sinnori\impl\message] creation task end
4월 11, 2018 6:00:09 오후 kr.pe.sinnori.common.util.CommonStaticUtil createChildDirectoriesOfBasePath
정보: the new child relative direcotry[D:\gitsinnori\sinnori\project\sample_test\client_build\web_build\src\main\java\kr\pe\sinnori\impl\message][PublicKeyReq] was created successfully
4월 11, 2018 6:00:09 오후 kr.pe.sinnori.common.buildsystem.ProjectBuilder createNewMessageSourceFile
정보: main project[sample_test]'s message file[PublicKeyReq][D:\gitsinnori\sinnori\project\sample_test\client_build\web_build\src\main\java\kr\pe\sinnori\impl\message] creation task start
4월 11, 2018 6:00:09 오후 kr.pe.sinnori.common.buildsystem.ProjectBuilder createNewMessageSourceFile
정보: main project[sample_test]'s message file[PublicKeyReq][D:\gitsinnori\sinnori\project\sample_test\client_build\web_build\src\main\java\kr\pe\sinnori\impl\message] creation task end
4월 11, 2018 6:00:09 오후 kr.pe.sinnori.common.buildsystem.ProjectBuilder createNewDecoderSourceFile
정보: main project[sample_test]'s message decoder file[PublicKeyReq][D:\gitsinnori\sinnori\project\sample_test\client_build\web_build\src\main\java\kr\pe\sinnori\impl\message] creation task start
4월 11, 2018 6:00:09 오후 kr.pe.sinnori.common.buildsystem.ProjectBuilder createNewDecoderSourceFile
정보: main project[sample_test]'s message decoder file[PublicKeyReq][D:\gitsinnori\sinnori\project\sample_test\client_build\web_build\src\main\java\kr\pe\sinnori\impl\message] creation task end
4월 11, 2018 6:00:09 오후 kr.pe.sinnori.common.buildsystem.ProjectBuilder createNewEncoderSourceFile
정보: main project[sample_test]'s message encoder file[PublicKeyReq][D:\gitsinnori\sinnori\project\sample_test\client_build\web_build\src\main\java\kr\pe\sinnori\impl\message] creation task start
4월 11, 2018 6:00:09 오후 kr.pe.sinnori.common.buildsystem.ProjectBuilder createNewEncoderSourceFile
정보: main project[sample_test]'s message encoder file[PublicKeyReq][D:\gitsinnori\sinnori\project\sample_test\client_build\web_build\src\main\java\kr\pe\sinnori\impl\message] creation task end
4월 11, 2018 6:00:09 오후 kr.pe.sinnori.common.buildsystem.ProjectBuilder createNewServerCodecSourceFile
정보: main project[sample_test]'s message server codec file[PublicKeyReq][D:\gitsinnori\sinnori\project\sample_test\client_build\web_build\src\main\java\kr\pe\sinnori\impl\message] creation task start
4월 11, 2018 6:00:09 오후 kr.pe.sinnori.common.buildsystem.ProjectBuilder createNewServerCodecSourceFile
정보: main project[sample_test]'s message server codec file[PublicKeyReq][D:\gitsinnori\sinnori\project\sample_test\client_build\web_build\src\main\java\kr\pe\sinnori\impl\message] creation task end
4월 11, 2018 6:00:09 오후 kr.pe.sinnori.common.buildsystem.ProjectBuilder createNewClientCodecSourceFile
정보: main project[sample_test]'s message client codec file[PublicKeyReq][D:\gitsinnori\sinnori\project\sample_test\client_build\web_build\src\main\java\kr\pe\sinnori\impl\message] creation task start
4월 11, 2018 6:00:09 오후 kr.pe.sinnori.common.buildsystem.ProjectBuilder createNewClientCodecSourceFile
정보: main project[sample_test]'s message client codec file[PublicKeyReq][D:\gitsinnori\sinnori\project\sample_test\client_build\web_build\src\main\java\kr\pe\sinnori\impl\message] creation task end
4월 11, 2018 6:00:09 오후 kr.pe.sinnori.common.util.CommonStaticUtil createChildDirectoriesOfBasePath
정보: the new child relative direcotry[D:\gitsinnori\sinnori\project\sample_test\client_build\web_build\src\main\java\kr\pe\sinnori\impl\message][PublicKeyRes] was created successfully
4월 11, 2018 6:00:09 오후 kr.pe.sinnori.common.buildsystem.ProjectBuilder createNewMessageSourceFile
정보: main project[sample_test]'s message file[PublicKeyRes][D:\gitsinnori\sinnori\project\sample_test\client_build\web_build\src\main\java\kr\pe\sinnori\impl\message] creation task start
4월 11, 2018 6:00:09 오후 kr.pe.sinnori.common.buildsystem.ProjectBuilder createNewMessageSourceFile
정보: main project[sample_test]'s message file[PublicKeyRes][D:\gitsinnori\sinnori\project\sample_test\client_build\web_build\src\main\java\kr\pe\sinnori\impl\message] creation task end
4월 11, 2018 6:00:09 오후 kr.pe.sinnori.common.buildsystem.ProjectBuilder createNewDecoderSourceFile
정보: main project[sample_test]'s message decoder file[PublicKeyRes][D:\gitsinnori\sinnori\project\sample_test\client_build\web_build\src\main\java\kr\pe\sinnori\impl\message] creation task start
4월 11, 2018 6:00:09 오후 kr.pe.sinnori.common.buildsystem.ProjectBuilder createNewDecoderSourceFile
정보: main project[sample_test]'s message decoder file[PublicKeyRes][D:\gitsinnori\sinnori\project\sample_test\client_build\web_build\src\main\java\kr\pe\sinnori\impl\message] creation task end
4월 11, 2018 6:00:09 오후 kr.pe.sinnori.common.buildsystem.ProjectBuilder createNewEncoderSourceFile
정보: main project[sample_test]'s message encoder file[PublicKeyRes][D:\gitsinnori\sinnori\project\sample_test\client_build\web_build\src\main\java\kr\pe\sinnori\impl\message] creation task start
4월 11, 2018 6:00:09 오후 kr.pe.sinnori.common.buildsystem.ProjectBuilder createNewEncoderSourceFile
정보: main project[sample_test]'s message encoder file[PublicKeyRes][D:\gitsinnori\sinnori\project\sample_test\client_build\web_build\src\main\java\kr\pe\sinnori\impl\message] creation task end
4월 11, 2018 6:00:09 오후 kr.pe.sinnori.common.buildsystem.ProjectBuilder createNewServerCodecSourceFile
정보: main project[sample_test]'s message server codec file[PublicKeyRes][D:\gitsinnori\sinnori\project\sample_test\client_build\web_build\src\main\java\kr\pe\sinnori\impl\message] creation task start
4월 11, 2018 6:00:09 오후 kr.pe.sinnori.common.buildsystem.ProjectBuilder createNewServerCodecSourceFile
정보: main project[sample_test]'s message server codec file[PublicKeyRes][D:\gitsinnori\sinnori\project\sample_test\client_build\web_build\src\main\java\kr\pe\sinnori\impl\message] creation task end
4월 11, 2018 6:00:09 오후 kr.pe.sinnori.common.buildsystem.ProjectBuilder createNewClientCodecSourceFile
정보: main project[sample_test]'s message client codec file[PublicKeyRes][D:\gitsinnori\sinnori\project\sample_test\client_build\web_build\src\main\java\kr\pe\sinnori\impl\message] creation task start
4월 11, 2018 6:00:09 오후 kr.pe.sinnori.common.buildsystem.ProjectBuilder createNewClientCodecSourceFile
정보: main project[sample_test]'s message client codec file[PublicKeyRes][D:\gitsinnori\sinnori\project\sample_test\client_build\web_build\src\main\java\kr\pe\sinnori\impl\message] creation task end
4월 11, 2018 6:00:09 오후 kr.pe.sinnori.common.buildsystem.ProjectBuilder createNewWebClientMessageIOFileSet
정보: main project[sample_test]'s web client message io file set creation task end
4월 11, 2018 6:00:09 오후 kr.pe.sinnori.common.buildsystem.ProjectBuilder copyWebClientSampleFiles
정보: mainproject[sample_test]'s web client sample source files copy task start
4월 11, 2018 6:00:10 오후 kr.pe.sinnori.common.buildsystem.ProjectBuilder copyWebClientSampleFiles
정보: mainproject[sample_test]'s web client sample source files copy task end
4월 11, 2018 6:00:10 오후 kr.pe.sinnori.common.buildsystem.ProjectBuilder createWebClientBuildSystemFiles
정보: main project[sample_test]'s web client build system files creation task end
4월 11, 2018 6:00:10 오후 kr.pe.sinnori.common.buildsystem.ProjectBuilder createWebRootChildDirectories
정보: main project[sample_test]'s web root child direcotry creation task start
4월 11, 2018 6:00:10 오후 kr.pe.sinnori.common.util.CommonStaticUtil createChildDirectoriesOfBasePath
정보: the child relative direcotry[D:\gitsinnori\sinnori\project\sample_test][web_app_base/upload] exist, so nothing
4월 11, 2018 6:00:10 오후 kr.pe.sinnori.common.util.CommonStaticUtil createChildDirectoriesOfBasePath
정보: the new child relative direcotry[D:\gitsinnori\sinnori\project\sample_test][web_app_base/ROOT/WEB-INF/classes] was created successfully
4월 11, 2018 6:00:10 오후 kr.pe.sinnori.common.util.CommonStaticUtil createChildDirectoriesOfBasePath
정보: the new child relative direcotry[D:\gitsinnori\sinnori\project\sample_test][web_app_base/ROOT/WEB-INF/lib] was created successfully
4월 11, 2018 6:00:10 오후 kr.pe.sinnori.common.buildsystem.ProjectBuilder createWebRootChildDirectories
정보: main project[sample_test]'s web root child direcotry creation task end
4월 11, 2018 6:00:10 오후 kr.pe.sinnori.common.buildsystem.ProjectBuilder createWebRootSampleFiles
정보: main project[sample_test]'s web root sample files creation task start
4월 11, 2018 6:00:10 오후 kr.pe.sinnori.common.buildsystem.ProjectBuilder copyWebRootSampleFiles
정보: main project[sample_test]'s web root sample files copy task start
4월 11, 2018 6:00:10 오후 kr.pe.sinnori.common.buildsystem.ProjectBuilder copyWebRootSampleFiles
정보: main project[sample_test]'s web root sample files copy task end
4월 11, 2018 6:00:10 오후 kr.pe.sinnori.common.buildsystem.ProjectBuilder createWebRootSampleFiles
정보: main project[sample_test]'s web root sample files creation task end
4월 11, 2018 6:00:10 오후 kr.pe.sinnori.common.buildsystem.ProjectBuilder overwriteSinnoriConfigFile
정보: main project[sample_test]'s config file overwrite task start
4월 11, 2018 6:00:10 오후 kr.pe.sinnori.common.buildsystem.ProjectBuilder overwriteSinnoriConfigFile
정보: main project[sample_test]'s config file overwrite task end
4월 11, 2018 6:00:10 오후 kr.pe.sinnori.common.buildsystem.ProjectBuilder changeProjectState
정보: main project[sample_test] changeProjectState method end
4월 11, 2018 6:00:10 오후 kr.pe.sinnori.common.buildsystem.ProjectBuilder isValidServerAntBuildXMLFile
정보: the server ant build.xml file[D:\gitsinnori\sinnori\project\sample_test\server_build\build.xml] is bad :: whetherExist[false] isFile[false]
4월 11, 2018 6:00:10 오후 kr.pe.sinnori.common.buildsystem.ProjectBuilder changeProjectState
정보: main project[sample_test] changeProjectState method start
4월 11, 2018 6:00:10 오후 kr.pe.sinnori.common.buildsystem.ProjectBuilder createServerBuildChildDirectories
정보: main project[sample_test]'s server child direcotry creation task start
4월 11, 2018 6:00:10 오후 kr.pe.sinnori.common.util.CommonStaticUtil createChildDirectoriesOfBasePath
정보: the new child relative direcotry[D:\gitsinnori\sinnori\project\sample_test][server_build/APP-INF/classes] was created successfully
4월 11, 2018 6:00:10 오후 kr.pe.sinnori.common.util.CommonStaticUtil createChildDirectoriesOfBasePath
정보: the new child relative direcotry[D:\gitsinnori\sinnori\project\sample_test][server_build/corelib/ex] was created successfully
4월 11, 2018 6:00:10 오후 kr.pe.sinnori.common.util.CommonStaticUtil createChildDirectoriesOfBasePath
정보: the new child relative direcotry[D:\gitsinnori\sinnori\project\sample_test][server_build/corelib/in] was created successfully
4월 11, 2018 6:00:10 오후 kr.pe.sinnori.common.util.CommonStaticUtil createChildDirectoriesOfBasePath
정보: the new child relative direcotry[D:\gitsinnori\sinnori\project\sample_test][server_build/lib/main/ex] was created successfully
4월 11, 2018 6:00:10 오후 kr.pe.sinnori.common.util.CommonStaticUtil createChildDirectoriesOfBasePath
정보: the new child relative direcotry[D:\gitsinnori\sinnori\project\sample_test][server_build/lib/main/in] was created successfully
4월 11, 2018 6:00:10 오후 kr.pe.sinnori.common.util.CommonStaticUtil createChildDirectoriesOfBasePath
정보: the new child relative direcotry[D:\gitsinnori\sinnori\project\sample_test][server_build/lib/test] was created successfully
4월 11, 2018 6:00:10 오후 kr.pe.sinnori.common.util.CommonStaticUtil createChildDirectoriesOfBasePath
정보: the new child relative direcotry[D:\gitsinnori\sinnori\project\sample_test][server_build/src/main/java/kr/pe/sinnori/impl/servertask] was created successfully
4월 11, 2018 6:00:10 오후 kr.pe.sinnori.common.util.CommonStaticUtil createChildDirectoriesOfBasePath
정보: the new child relative direcotry[D:\gitsinnori\sinnori\project\sample_test][server_build/src/main/java/kr/pe/sinnori/impl/message] was created successfully
4월 11, 2018 6:00:10 오후 kr.pe.sinnori.common.util.CommonStaticUtil createChildDirectoriesOfBasePath
정보: the new child relative direcotry[D:\gitsinnori\sinnori\project\sample_test][server_build/src/main/java/main] was created successfully
4월 11, 2018 6:00:10 오후 kr.pe.sinnori.common.util.CommonStaticUtil createChildDirectoriesOfBasePath
정보: the new child relative direcotry[D:\gitsinnori\sinnori\project\sample_test][server_build/src/test/java] was created successfully
4월 11, 2018 6:00:10 오후 kr.pe.sinnori.common.util.CommonStaticUtil createChildDirectoriesOfBasePath
정보: the new child relative direcotry[D:\gitsinnori\sinnori\project\sample_test][server_build/build] was created successfully
4월 11, 2018 6:00:10 오후 kr.pe.sinnori.common.util.CommonStaticUtil createChildDirectoriesOfBasePath
정보: the new child relative direcotry[D:\gitsinnori\sinnori\project\sample_test][server_build/dist] was created successfully
4월 11, 2018 6:00:10 오후 kr.pe.sinnori.common.buildsystem.ProjectBuilder createServerBuildChildDirectories
정보: main project[sample_test]'s server child direcotry creation task end
4월 11, 2018 6:00:10 오후 kr.pe.sinnori.common.buildsystem.ProjectBuilder createServerBuildSystemFiles
정보: server build system files creation task start
4월 11, 2018 6:00:10 오후 kr.pe.sinnori.common.buildsystem.ProjectBuilder createNewServerAntBuildXMLFile
정보: main project[sample_test]'s server ant build.xml file creation task start
4월 11, 2018 6:00:10 오후 kr.pe.sinnori.common.buildsystem.ProjectBuilder createNewServerAntBuildXMLFile
정보: main project[sample_test]'s server ant build.xml file creation task end
4월 11, 2018 6:00:10 오후 kr.pe.sinnori.common.buildsystem.ProjectBuilder createNewServerDosShellFile
정보: main project[sample_test]'s server dos shell file creation task start
4월 11, 2018 6:00:10 오후 kr.pe.sinnori.common.buildsystem.ProjectBuilder createNewServerDosShellFile
정보: main project[sample_test]'s server dos shell file creation task end
4월 11, 2018 6:00:10 오후 kr.pe.sinnori.common.buildsystem.ProjectBuilder createNewServerUnixShellFile
정보: main project[sample_test]'s server unix shell file creation task start
4월 11, 2018 6:00:10 오후 kr.pe.sinnori.common.buildsystem.ProjectBuilder createNewServerUnixShellFile
정보: main project[sample_test]'s server unix shell file creation task end
4월 11, 2018 6:00:10 오후 kr.pe.sinnori.common.buildsystem.ProjectBuilder copyServerSampleFiles
정보: server sample source files copy task start
4월 11, 2018 6:00:10 오후 kr.pe.sinnori.common.buildsystem.ProjectBuilder copyServerSampleFiles
정보: server sample source files copy task end
4월 11, 2018 6:00:10 오후 kr.pe.sinnori.common.buildsystem.ProjectBuilder createServerMessageIOFileSet
정보: main project[sample_test]'s server message io file set creation task start
4월 11, 2018 6:00:10 오후 kr.pe.sinnori.common.util.CommonStaticUtil createChildDirectoriesOfBasePath
정보: the new child relative direcotry[D:\gitsinnori\sinnori\project\sample_test\server_build\src\main\java\kr\pe\sinnori\impl\message][Echo] was created successfully
4월 11, 2018 6:00:10 오후 kr.pe.sinnori.common.buildsystem.ProjectBuilder createNewMessageSourceFile
정보: main project[sample_test]'s message file[Echo][D:\gitsinnori\sinnori\project\sample_test\server_build\src\main\java\kr\pe\sinnori\impl\message] creation task start
4월 11, 2018 6:00:10 오후 kr.pe.sinnori.common.buildsystem.ProjectBuilder createNewMessageSourceFile
정보: main project[sample_test]'s message file[Echo][D:\gitsinnori\sinnori\project\sample_test\server_build\src\main\java\kr\pe\sinnori\impl\message] creation task end
4월 11, 2018 6:00:10 오후 kr.pe.sinnori.common.buildsystem.ProjectBuilder createNewDecoderSourceFile
정보: main project[sample_test]'s message decoder file[Echo][D:\gitsinnori\sinnori\project\sample_test\server_build\src\main\java\kr\pe\sinnori\impl\message] creation task start
4월 11, 2018 6:00:10 오후 kr.pe.sinnori.common.buildsystem.ProjectBuilder createNewDecoderSourceFile
정보: main project[sample_test]'s message decoder file[Echo][D:\gitsinnori\sinnori\project\sample_test\server_build\src\main\java\kr\pe\sinnori\impl\message] creation task end
4월 11, 2018 6:00:10 오후 kr.pe.sinnori.common.buildsystem.ProjectBuilder createNewEncoderSourceFile
정보: main project[sample_test]'s message encoder file[Echo][D:\gitsinnori\sinnori\project\sample_test\server_build\src\main\java\kr\pe\sinnori\impl\message] creation task start
4월 11, 2018 6:00:10 오후 kr.pe.sinnori.common.buildsystem.ProjectBuilder createNewEncoderSourceFile
정보: main project[sample_test]'s message encoder file[Echo][D:\gitsinnori\sinnori\project\sample_test\server_build\src\main\java\kr\pe\sinnori\impl\message] creation task end
4월 11, 2018 6:00:10 오후 kr.pe.sinnori.common.buildsystem.ProjectBuilder createNewServerCodecSourceFile
정보: main project[sample_test]'s message server codec file[Echo][D:\gitsinnori\sinnori\project\sample_test\server_build\src\main\java\kr\pe\sinnori\impl\message] creation task start
4월 11, 2018 6:00:10 오후 kr.pe.sinnori.common.buildsystem.ProjectBuilder createNewServerCodecSourceFile
정보: main project[sample_test]'s message server codec file[Echo][D:\gitsinnori\sinnori\project\sample_test\server_build\src\main\java\kr\pe\sinnori\impl\message] creation task end
4월 11, 2018 6:00:10 오후 kr.pe.sinnori.common.buildsystem.ProjectBuilder createNewClientCodecSourceFile
정보: main project[sample_test]'s message client codec file[Echo][D:\gitsinnori\sinnori\project\sample_test\server_build\src\main\java\kr\pe\sinnori\impl\message] creation task start
4월 11, 2018 6:00:10 오후 kr.pe.sinnori.common.buildsystem.ProjectBuilder createNewClientCodecSourceFile
정보: main project[sample_test]'s message client codec file[Echo][D:\gitsinnori\sinnori\project\sample_test\server_build\src\main\java\kr\pe\sinnori\impl\message] creation task end
4월 11, 2018 6:00:10 오후 kr.pe.sinnori.common.util.CommonStaticUtil createChildDirectoriesOfBasePath
정보: the new child relative direcotry[D:\gitsinnori\sinnori\project\sample_test\server_build\src\main\java\kr\pe\sinnori\impl\message][PublicKeyReq] was created successfully
4월 11, 2018 6:00:10 오후 kr.pe.sinnori.common.buildsystem.ProjectBuilder createNewMessageSourceFile
정보: main project[sample_test]'s message file[PublicKeyReq][D:\gitsinnori\sinnori\project\sample_test\server_build\src\main\java\kr\pe\sinnori\impl\message] creation task start
4월 11, 2018 6:00:10 오후 kr.pe.sinnori.common.buildsystem.ProjectBuilder createNewMessageSourceFile
정보: main project[sample_test]'s message file[PublicKeyReq][D:\gitsinnori\sinnori\project\sample_test\server_build\src\main\java\kr\pe\sinnori\impl\message] creation task end
4월 11, 2018 6:00:10 오후 kr.pe.sinnori.common.buildsystem.ProjectBuilder createNewDecoderSourceFile
정보: main project[sample_test]'s message decoder file[PublicKeyReq][D:\gitsinnori\sinnori\project\sample_test\server_build\src\main\java\kr\pe\sinnori\impl\message] creation task start
4월 11, 2018 6:00:10 오후 kr.pe.sinnori.common.buildsystem.ProjectBuilder createNewDecoderSourceFile
정보: main project[sample_test]'s message decoder file[PublicKeyReq][D:\gitsinnori\sinnori\project\sample_test\server_build\src\main\java\kr\pe\sinnori\impl\message] creation task end
4월 11, 2018 6:00:10 오후 kr.pe.sinnori.common.buildsystem.ProjectBuilder createNewEncoderSourceFile
정보: main project[sample_test]'s message encoder file[PublicKeyReq][D:\gitsinnori\sinnori\project\sample_test\server_build\src\main\java\kr\pe\sinnori\impl\message] creation task start
4월 11, 2018 6:00:10 오후 kr.pe.sinnori.common.buildsystem.ProjectBuilder createNewEncoderSourceFile
정보: main project[sample_test]'s message encoder file[PublicKeyReq][D:\gitsinnori\sinnori\project\sample_test\server_build\src\main\java\kr\pe\sinnori\impl\message] creation task end
4월 11, 2018 6:00:10 오후 kr.pe.sinnori.common.buildsystem.ProjectBuilder createNewServerCodecSourceFile
정보: main project[sample_test]'s message server codec file[PublicKeyReq][D:\gitsinnori\sinnori\project\sample_test\server_build\src\main\java\kr\pe\sinnori\impl\message] creation task start
4월 11, 2018 6:00:10 오후 kr.pe.sinnori.common.buildsystem.ProjectBuilder createNewServerCodecSourceFile
정보: main project[sample_test]'s message server codec file[PublicKeyReq][D:\gitsinnori\sinnori\project\sample_test\server_build\src\main\java\kr\pe\sinnori\impl\message] creation task end
4월 11, 2018 6:00:10 오후 kr.pe.sinnori.common.buildsystem.ProjectBuilder createNewClientCodecSourceFile
정보: main project[sample_test]'s message client codec file[PublicKeyReq][D:\gitsinnori\sinnori\project\sample_test\server_build\src\main\java\kr\pe\sinnori\impl\message] creation task start
4월 11, 2018 6:00:10 오후 kr.pe.sinnori.common.buildsystem.ProjectBuilder createNewClientCodecSourceFile
정보: main project[sample_test]'s message client codec file[PublicKeyReq][D:\gitsinnori\sinnori\project\sample_test\server_build\src\main\java\kr\pe\sinnori\impl\message] creation task end
4월 11, 2018 6:00:10 오후 kr.pe.sinnori.common.util.CommonStaticUtil createChildDirectoriesOfBasePath
정보: the new child relative direcotry[D:\gitsinnori\sinnori\project\sample_test\server_build\src\main\java\kr\pe\sinnori\impl\message][PublicKeyRes] was created successfully
4월 11, 2018 6:00:10 오후 kr.pe.sinnori.common.buildsystem.ProjectBuilder createNewMessageSourceFile
정보: main project[sample_test]'s message file[PublicKeyRes][D:\gitsinnori\sinnori\project\sample_test\server_build\src\main\java\kr\pe\sinnori\impl\message] creation task start
4월 11, 2018 6:00:10 오후 kr.pe.sinnori.common.buildsystem.ProjectBuilder createNewMessageSourceFile
정보: main project[sample_test]'s message file[PublicKeyRes][D:\gitsinnori\sinnori\project\sample_test\server_build\src\main\java\kr\pe\sinnori\impl\message] creation task end
4월 11, 2018 6:00:10 오후 kr.pe.sinnori.common.buildsystem.ProjectBuilder createNewDecoderSourceFile
정보: main project[sample_test]'s message decoder file[PublicKeyRes][D:\gitsinnori\sinnori\project\sample_test\server_build\src\main\java\kr\pe\sinnori\impl\message] creation task start
4월 11, 2018 6:00:10 오후 kr.pe.sinnori.common.buildsystem.ProjectBuilder createNewDecoderSourceFile
정보: main project[sample_test]'s message decoder file[PublicKeyRes][D:\gitsinnori\sinnori\project\sample_test\server_build\src\main\java\kr\pe\sinnori\impl\message] creation task end
4월 11, 2018 6:00:10 오후 kr.pe.sinnori.common.buildsystem.ProjectBuilder createNewEncoderSourceFile
정보: main project[sample_test]'s message encoder file[PublicKeyRes][D:\gitsinnori\sinnori\project\sample_test\server_build\src\main\java\kr\pe\sinnori\impl\message] creation task start
4월 11, 2018 6:00:10 오후 kr.pe.sinnori.common.buildsystem.ProjectBuilder createNewEncoderSourceFile
정보: main project[sample_test]'s message encoder file[PublicKeyRes][D:\gitsinnori\sinnori\project\sample_test\server_build\src\main\java\kr\pe\sinnori\impl\message] creation task end
4월 11, 2018 6:00:10 오후 kr.pe.sinnori.common.buildsystem.ProjectBuilder createNewServerCodecSourceFile
정보: main project[sample_test]'s message server codec file[PublicKeyRes][D:\gitsinnori\sinnori\project\sample_test\server_build\src\main\java\kr\pe\sinnori\impl\message] creation task start
4월 11, 2018 6:00:10 오후 kr.pe.sinnori.common.buildsystem.ProjectBuilder createNewServerCodecSourceFile
정보: main project[sample_test]'s message server codec file[PublicKeyRes][D:\gitsinnori\sinnori\project\sample_test\server_build\src\main\java\kr\pe\sinnori\impl\message] creation task end
4월 11, 2018 6:00:10 오후 kr.pe.sinnori.common.buildsystem.ProjectBuilder createNewClientCodecSourceFile
정보: main project[sample_test]'s message client codec file[PublicKeyRes][D:\gitsinnori\sinnori\project\sample_test\server_build\src\main\java\kr\pe\sinnori\impl\message] creation task start
4월 11, 2018 6:00:10 오후 kr.pe.sinnori.common.buildsystem.ProjectBuilder createNewClientCodecSourceFile
정보: main project[sample_test]'s message client codec file[PublicKeyRes][D:\gitsinnori\sinnori\project\sample_test\server_build\src\main\java\kr\pe\sinnori\impl\message] creation task end
4월 11, 2018 6:00:10 오후 kr.pe.sinnori.common.buildsystem.ProjectBuilder createServerMessageIOFileSet
정보: main project[sample_test]'s server message io file set creation task end
4월 11, 2018 6:00:10 오후 kr.pe.sinnori.common.buildsystem.ProjectBuilder createServerBuildSystemFiles
정보: server build system files creation task end
4월 11, 2018 6:00:10 오후 kr.pe.sinnori.common.buildsystem.ProjectBuilder deleteAppClientBuildPath
정보: mainproject[sample_test]'s application client build path deletion task start
4월 11, 2018 6:00:10 오후 kr.pe.sinnori.common.buildsystem.ProjectBuilder deleteAppClientBuildPath
정보: mainproject[sample_test]'s application client build path deletion task end
4월 11, 2018 6:00:10 오후 kr.pe.sinnori.common.buildsystem.ProjectBuilder deleteWebCientBuildPath
정보: main project[sample_test]'s web client build path deletion task start
4월 11, 2018 6:00:10 오후 kr.pe.sinnori.common.buildsystem.ProjectBuilder deleteWebCientBuildPath
정보: main project[sample_test]'s web client build path deletion task end
4월 11, 2018 6:00:10 오후 kr.pe.sinnori.common.buildsystem.ProjectBuilder deleteWebRoot
정보: main project[sample_test]'s web root path deletion task start
4월 11, 2018 6:00:10 오후 kr.pe.sinnori.common.buildsystem.ProjectBuilder deleteWebRoot
정보: main project[sample_test]'s web root path deletion task end
4월 11, 2018 6:00:10 오후 kr.pe.sinnori.common.buildsystem.ProjectBuilder overwriteSinnoriConfigFile
정보: main project[sample_test]'s config file overwrite task start
4월 11, 2018 6:00:10 오후 kr.pe.sinnori.common.buildsystem.ProjectBuilder overwriteSinnoriConfigFile
정보: main project[sample_test]'s config file overwrite task end
4월 11, 2018 6:00:10 오후 kr.pe.sinnori.common.buildsystem.ProjectBuilder changeProjectState
정보: main project[sample_test] changeProjectState method end
4월 11, 2018 6:00:10 오후 kr.pe.sinnori.common.buildsystem.ProjectBuilder isValidAppClientAntBuildXMLFile
정보: the app client ant build.xml file[D:\gitsinnori\sinnori\project\sample_test\client_build\app_build\build.xml] is bad :: whetherExist[false] isFile[false]
4월 11, 2018 6:00:10 오후 kr.pe.sinnori.common.buildsystem.ProjectBuilder isValidWebClientAntBuildXMLFile
정보: the web client ant build.xml file[D:\gitsinnori\sinnori\project\sample_test\client_build\web_build\build.xml] is bad :: whetherExist[false] isFile[false]
4월 11, 2018 6:00:10 오후 kr.pe.sinnori.common.buildsystem.ProjectBuilder isValidWebRootXMLFile
정보: the web.xml file[D:\gitsinnori\sinnori\project\sample_test\web_app_base\ROOT\WEB-INF\web.xml] located at web root directory is bad :: whetherExist[false] isFile[false]
4월 11, 2018 6:00:10 오후 kr.pe.sinnori.common.buildsystem.ProjectBuilder changeProjectState
정보: main project[sample_test] changeProjectState method start
4월 11, 2018 6:00:10 오후 kr.pe.sinnori.common.buildsystem.ProjectBuilder changeProjectState
경고: the server build path[D:\gitsinnori\sinnori\project\sample_test\server_build] exist, so skip creation of server build system
4월 11, 2018 6:00:10 오후 kr.pe.sinnori.common.buildsystem.ProjectBuilder isValidAppClientAntBuildXMLFile
정보: the app client ant build.xml file[D:\gitsinnori\sinnori\project\sample_test\client_build\app_build\build.xml] is bad :: whetherExist[false] isFile[false]
4월 11, 2018 6:00:10 오후 kr.pe.sinnori.common.buildsystem.ProjectBuilder changeProjectState
경고: the app client buid.xml file[D:\gitsinnori\sinnori\project\sample_test\client_build\app_build\build.xml] is bad beacse it doesn't exist or is not a file, so skip deletion of app client build system
4월 11, 2018 6:00:10 오후 kr.pe.sinnori.common.buildsystem.ProjectBuilder createWebBuildChildDirectories
정보: main project[sample_test]'s web build child direcotry creation task start
4월 11, 2018 6:00:10 오후 kr.pe.sinnori.common.util.CommonStaticUtil createChildDirectoriesOfBasePath
정보: the new child relative direcotry[D:\gitsinnori\sinnori\project\sample_test][client_build/web_build/corelib/ex] was created successfully
4월 11, 2018 6:00:10 오후 kr.pe.sinnori.common.util.CommonStaticUtil createChildDirectoriesOfBasePath
정보: the new child relative direcotry[D:\gitsinnori\sinnori\project\sample_test][client_build/web_build/corelib/in] was created successfully
4월 11, 2018 6:00:10 오후 kr.pe.sinnori.common.util.CommonStaticUtil createChildDirectoriesOfBasePath
정보: the new child relative direcotry[D:\gitsinnori\sinnori\project\sample_test][client_build/web_build/lib/main/ex] was created successfully
4월 11, 2018 6:00:10 오후 kr.pe.sinnori.common.util.CommonStaticUtil createChildDirectoriesOfBasePath
정보: the new child relative direcotry[D:\gitsinnori\sinnori\project\sample_test][client_build/web_build/lib/main/in] was created successfully
4월 11, 2018 6:00:10 오후 kr.pe.sinnori.common.util.CommonStaticUtil createChildDirectoriesOfBasePath
정보: the new child relative direcotry[D:\gitsinnori\sinnori\project\sample_test][client_build/web_build/lib/test] was created successfully
4월 11, 2018 6:00:10 오후 kr.pe.sinnori.common.util.CommonStaticUtil createChildDirectoriesOfBasePath
정보: the new child relative direcotry[D:\gitsinnori\sinnori\project\sample_test][client_build/web_build/src/main/java/kr/pe/sinnori/impl/message] was created successfully
4월 11, 2018 6:00:10 오후 kr.pe.sinnori.common.util.CommonStaticUtil createChildDirectoriesOfBasePath
정보: the new child relative direcotry[D:\gitsinnori\sinnori\project\sample_test][client_build/web_build/src/main/java//kr/pe/sinnori/servlet] was created successfully
4월 11, 2018 6:00:10 오후 kr.pe.sinnori.common.util.CommonStaticUtil createChildDirectoriesOfBasePath
정보: the new child relative direcotry[D:\gitsinnori\sinnori\project\sample_test][client_build/web_build/src/main/java/kr/pe/sinnori/weblib/common] was created successfully
4월 11, 2018 6:00:10 오후 kr.pe.sinnori.common.util.CommonStaticUtil createChildDirectoriesOfBasePath
정보: the new child relative direcotry[D:\gitsinnori\sinnori\project\sample_test][client_build/web_build/src/main/java/kr/pe/sinnori/weblib/htmlstring] was created successfully
4월 11, 2018 6:00:10 오후 kr.pe.sinnori.common.util.CommonStaticUtil createChildDirectoriesOfBasePath
정보: the new child relative direcotry[D:\gitsinnori\sinnori\project\sample_test][client_build/web_build/src/main/java/kr/pe/sinnori/weblib/jdf] was created successfully
4월 11, 2018 6:00:10 오후 kr.pe.sinnori.common.util.CommonStaticUtil createChildDirectoriesOfBasePath
정보: the new child relative direcotry[D:\gitsinnori\sinnori\project\sample_test][client_build/web_build/src/test/java] was created successfully
4월 11, 2018 6:00:10 오후 kr.pe.sinnori.common.util.CommonStaticUtil createChildDirectoriesOfBasePath
정보: the new child relative direcotry[D:\gitsinnori\sinnori\project\sample_test][client_build/web_build/build] was created successfully
4월 11, 2018 6:00:10 오후 kr.pe.sinnori.common.util.CommonStaticUtil createChildDirectoriesOfBasePath
정보: the new child relative direcotry[D:\gitsinnori\sinnori\project\sample_test][client_build/web_build/dist] was created successfully
4월 11, 2018 6:00:10 오후 kr.pe.sinnori.common.buildsystem.ProjectBuilder createWebBuildChildDirectories
정보: main project[sample_test]'s web build child direcotry creation task end
4월 11, 2018 6:00:10 오후 kr.pe.sinnori.common.buildsystem.ProjectBuilder createWebClientBuildSystemFiles
정보: main project[sample_test]'s web client build system files creation task start
4월 11, 2018 6:00:10 오후 kr.pe.sinnori.common.buildsystem.ProjectBuilder createNewWebClientAntBuildFile
정보: main project[sample_test]'s web client ant build.xml file creation task start
4월 11, 2018 6:00:10 오후 kr.pe.sinnori.common.buildsystem.ProjectBuilder createNewWebClientAntBuildFile
정보: main project[sample_test]'s web client ant build.xml file creation task end
4월 11, 2018 6:00:10 오후 kr.pe.sinnori.common.buildsystem.ProjectBuilder createNewWebClientAntPropertiesFile
정보: main project[sample_test]'s web client ant properties file creation task start
4월 11, 2018 6:00:10 오후 kr.pe.sinnori.common.util.SequencedPropertiesUtil createNewSequencedPropertiesFile
정보: the sequenced properties file[D:\gitsinnori\sinnori\project\sample_test\client_build\web_build\webAnt.properties] was created
4월 11, 2018 6:00:10 오후 kr.pe.sinnori.common.buildsystem.ProjectBuilder createNewWebClientAntPropertiesFile
정보: main project[sample_test]'s web client ant properties file creation task end
4월 11, 2018 6:00:10 오후 kr.pe.sinnori.common.buildsystem.ProjectBuilder createNewWebClientMessageIOFileSet
정보: main project[sample_test]'s web client message io file set creation task start
4월 11, 2018 6:00:10 오후 kr.pe.sinnori.common.util.CommonStaticUtil createChildDirectoriesOfBasePath
정보: the new child relative direcotry[D:\gitsinnori\sinnori\project\sample_test\client_build\web_build\src\main\java\kr\pe\sinnori\impl\message][Echo] was created successfully
4월 11, 2018 6:00:10 오후 kr.pe.sinnori.common.buildsystem.ProjectBuilder createNewMessageSourceFile
정보: main project[sample_test]'s message file[Echo][D:\gitsinnori\sinnori\project\sample_test\client_build\web_build\src\main\java\kr\pe\sinnori\impl\message] creation task start
4월 11, 2018 6:00:10 오후 kr.pe.sinnori.common.buildsystem.ProjectBuilder createNewMessageSourceFile
정보: main project[sample_test]'s message file[Echo][D:\gitsinnori\sinnori\project\sample_test\client_build\web_build\src\main\java\kr\pe\sinnori\impl\message] creation task end
4월 11, 2018 6:00:10 오후 kr.pe.sinnori.common.buildsystem.ProjectBuilder createNewDecoderSourceFile
정보: main project[sample_test]'s message decoder file[Echo][D:\gitsinnori\sinnori\project\sample_test\client_build\web_build\src\main\java\kr\pe\sinnori\impl\message] creation task start
4월 11, 2018 6:00:10 오후 kr.pe.sinnori.common.buildsystem.ProjectBuilder createNewDecoderSourceFile
정보: main project[sample_test]'s message decoder file[Echo][D:\gitsinnori\sinnori\project\sample_test\client_build\web_build\src\main\java\kr\pe\sinnori\impl\message] creation task end
4월 11, 2018 6:00:10 오후 kr.pe.sinnori.common.buildsystem.ProjectBuilder createNewEncoderSourceFile
정보: main project[sample_test]'s message encoder file[Echo][D:\gitsinnori\sinnori\project\sample_test\client_build\web_build\src\main\java\kr\pe\sinnori\impl\message] creation task start
4월 11, 2018 6:00:10 오후 kr.pe.sinnori.common.buildsystem.ProjectBuilder createNewEncoderSourceFile
정보: main project[sample_test]'s message encoder file[Echo][D:\gitsinnori\sinnori\project\sample_test\client_build\web_build\src\main\java\kr\pe\sinnori\impl\message] creation task end
4월 11, 2018 6:00:10 오후 kr.pe.sinnori.common.buildsystem.ProjectBuilder createNewServerCodecSourceFile
정보: main project[sample_test]'s message server codec file[Echo][D:\gitsinnori\sinnori\project\sample_test\client_build\web_build\src\main\java\kr\pe\sinnori\impl\message] creation task start
4월 11, 2018 6:00:10 오후 kr.pe.sinnori.common.buildsystem.ProjectBuilder createNewServerCodecSourceFile
정보: main project[sample_test]'s message server codec file[Echo][D:\gitsinnori\sinnori\project\sample_test\client_build\web_build\src\main\java\kr\pe\sinnori\impl\message] creation task end
4월 11, 2018 6:00:10 오후 kr.pe.sinnori.common.buildsystem.ProjectBuilder createNewClientCodecSourceFile
정보: main project[sample_test]'s message client codec file[Echo][D:\gitsinnori\sinnori\project\sample_test\client_build\web_build\src\main\java\kr\pe\sinnori\impl\message] creation task start
4월 11, 2018 6:00:10 오후 kr.pe.sinnori.common.buildsystem.ProjectBuilder createNewClientCodecSourceFile
정보: main project[sample_test]'s message client codec file[Echo][D:\gitsinnori\sinnori\project\sample_test\client_build\web_build\src\main\java\kr\pe\sinnori\impl\message] creation task end
4월 11, 2018 6:00:10 오후 kr.pe.sinnori.common.util.CommonStaticUtil createChildDirectoriesOfBasePath
정보: the new child relative direcotry[D:\gitsinnori\sinnori\project\sample_test\client_build\web_build\src\main\java\kr\pe\sinnori\impl\message][PublicKeyReq] was created successfully
4월 11, 2018 6:00:10 오후 kr.pe.sinnori.common.buildsystem.ProjectBuilder createNewMessageSourceFile
정보: main project[sample_test]'s message file[PublicKeyReq][D:\gitsinnori\sinnori\project\sample_test\client_build\web_build\src\main\java\kr\pe\sinnori\impl\message] creation task start
4월 11, 2018 6:00:10 오후 kr.pe.sinnori.common.buildsystem.ProjectBuilder createNewMessageSourceFile
정보: main project[sample_test]'s message file[PublicKeyReq][D:\gitsinnori\sinnori\project\sample_test\client_build\web_build\src\main\java\kr\pe\sinnori\impl\message] creation task end
4월 11, 2018 6:00:10 오후 kr.pe.sinnori.common.buildsystem.ProjectBuilder createNewDecoderSourceFile
정보: main project[sample_test]'s message decoder file[PublicKeyReq][D:\gitsinnori\sinnori\project\sample_test\client_build\web_build\src\main\java\kr\pe\sinnori\impl\message] creation task start
4월 11, 2018 6:00:10 오후 kr.pe.sinnori.common.buildsystem.ProjectBuilder createNewDecoderSourceFile
정보: main project[sample_test]'s message decoder file[PublicKeyReq][D:\gitsinnori\sinnori\project\sample_test\client_build\web_build\src\main\java\kr\pe\sinnori\impl\message] creation task end
4월 11, 2018 6:00:10 오후 kr.pe.sinnori.common.buildsystem.ProjectBuilder createNewEncoderSourceFile
정보: main project[sample_test]'s message encoder file[PublicKeyReq][D:\gitsinnori\sinnori\project\sample_test\client_build\web_build\src\main\java\kr\pe\sinnori\impl\message] creation task start
4월 11, 2018 6:00:10 오후 kr.pe.sinnori.common.buildsystem.ProjectBuilder createNewEncoderSourceFile
정보: main project[sample_test]'s message encoder file[PublicKeyReq][D:\gitsinnori\sinnori\project\sample_test\client_build\web_build\src\main\java\kr\pe\sinnori\impl\message] creation task end
4월 11, 2018 6:00:10 오후 kr.pe.sinnori.common.buildsystem.ProjectBuilder createNewServerCodecSourceFile
정보: main project[sample_test]'s message server codec file[PublicKeyReq][D:\gitsinnori\sinnori\project\sample_test\client_build\web_build\src\main\java\kr\pe\sinnori\impl\message] creation task start
4월 11, 2018 6:00:10 오후 kr.pe.sinnori.common.buildsystem.ProjectBuilder createNewServerCodecSourceFile
정보: main project[sample_test]'s message server codec file[PublicKeyReq][D:\gitsinnori\sinnori\project\sample_test\client_build\web_build\src\main\java\kr\pe\sinnori\impl\message] creation task end
4월 11, 2018 6:00:10 오후 kr.pe.sinnori.common.buildsystem.ProjectBuilder createNewClientCodecSourceFile
정보: main project[sample_test]'s message client codec file[PublicKeyReq][D:\gitsinnori\sinnori\project\sample_test\client_build\web_build\src\main\java\kr\pe\sinnori\impl\message] creation task start
4월 11, 2018 6:00:10 오후 kr.pe.sinnori.common.buildsystem.ProjectBuilder createNewClientCodecSourceFile
정보: main project[sample_test]'s message client codec file[PublicKeyReq][D:\gitsinnori\sinnori\project\sample_test\client_build\web_build\src\main\java\kr\pe\sinnori\impl\message] creation task end
4월 11, 2018 6:00:10 오후 kr.pe.sinnori.common.util.CommonStaticUtil createChildDirectoriesOfBasePath
정보: the new child relative direcotry[D:\gitsinnori\sinnori\project\sample_test\client_build\web_build\src\main\java\kr\pe\sinnori\impl\message][PublicKeyRes] was created successfully
4월 11, 2018 6:00:10 오후 kr.pe.sinnori.common.buildsystem.ProjectBuilder createNewMessageSourceFile
정보: main project[sample_test]'s message file[PublicKeyRes][D:\gitsinnori\sinnori\project\sample_test\client_build\web_build\src\main\java\kr\pe\sinnori\impl\message] creation task start
4월 11, 2018 6:00:10 오후 kr.pe.sinnori.common.buildsystem.ProjectBuilder createNewMessageSourceFile
정보: main project[sample_test]'s message file[PublicKeyRes][D:\gitsinnori\sinnori\project\sample_test\client_build\web_build\src\main\java\kr\pe\sinnori\impl\message] creation task end
4월 11, 2018 6:00:10 오후 kr.pe.sinnori.common.buildsystem.ProjectBuilder createNewDecoderSourceFile
정보: main project[sample_test]'s message decoder file[PublicKeyRes][D:\gitsinnori\sinnori\project\sample_test\client_build\web_build\src\main\java\kr\pe\sinnori\impl\message] creation task start
4월 11, 2018 6:00:10 오후 kr.pe.sinnori.common.buildsystem.ProjectBuilder createNewDecoderSourceFile
정보: main project[sample_test]'s message decoder file[PublicKeyRes][D:\gitsinnori\sinnori\project\sample_test\client_build\web_build\src\main\java\kr\pe\sinnori\impl\message] creation task end
4월 11, 2018 6:00:10 오후 kr.pe.sinnori.common.buildsystem.ProjectBuilder createNewEncoderSourceFile
정보: main project[sample_test]'s message encoder file[PublicKeyRes][D:\gitsinnori\sinnori\project\sample_test\client_build\web_build\src\main\java\kr\pe\sinnori\impl\message] creation task start
4월 11, 2018 6:00:10 오후 kr.pe.sinnori.common.buildsystem.ProjectBuilder createNewEncoderSourceFile
정보: main project[sample_test]'s message encoder file[PublicKeyRes][D:\gitsinnori\sinnori\project\sample_test\client_build\web_build\src\main\java\kr\pe\sinnori\impl\message] creation task end
4월 11, 2018 6:00:10 오후 kr.pe.sinnori.common.buildsystem.ProjectBuilder createNewServerCodecSourceFile
정보: main project[sample_test]'s message server codec file[PublicKeyRes][D:\gitsinnori\sinnori\project\sample_test\client_build\web_build\src\main\java\kr\pe\sinnori\impl\message] creation task start
4월 11, 2018 6:00:10 오후 kr.pe.sinnori.common.buildsystem.ProjectBuilder createNewServerCodecSourceFile
정보: main project[sample_test]'s message server codec file[PublicKeyRes][D:\gitsinnori\sinnori\project\sample_test\client_build\web_build\src\main\java\kr\pe\sinnori\impl\message] creation task end
4월 11, 2018 6:00:10 오후 kr.pe.sinnori.common.buildsystem.ProjectBuilder createNewClientCodecSourceFile
정보: main project[sample_test]'s message client codec file[PublicKeyRes][D:\gitsinnori\sinnori\project\sample_test\client_build\web_build\src\main\java\kr\pe\sinnori\impl\message] creation task start
4월 11, 2018 6:00:10 오후 kr.pe.sinnori.common.buildsystem.ProjectBuilder createNewClientCodecSourceFile
정보: main project[sample_test]'s message client codec file[PublicKeyRes][D:\gitsinnori\sinnori\project\sample_test\client_build\web_build\src\main\java\kr\pe\sinnori\impl\message] creation task end
4월 11, 2018 6:00:10 오후 kr.pe.sinnori.common.buildsystem.ProjectBuilder createNewWebClientMessageIOFileSet
정보: main project[sample_test]'s web client message io file set creation task end
4월 11, 2018 6:00:10 오후 kr.pe.sinnori.common.buildsystem.ProjectBuilder copyWebClientSampleFiles
정보: mainproject[sample_test]'s web client sample source files copy task start
4월 11, 2018 6:00:10 오후 kr.pe.sinnori.common.buildsystem.ProjectBuilder copyWebClientSampleFiles
정보: mainproject[sample_test]'s web client sample source files copy task end
4월 11, 2018 6:00:10 오후 kr.pe.sinnori.common.buildsystem.ProjectBuilder createWebClientBuildSystemFiles
정보: main project[sample_test]'s web client build system files creation task end
4월 11, 2018 6:00:10 오후 kr.pe.sinnori.common.buildsystem.ProjectBuilder createWebRootChildDirectories
정보: main project[sample_test]'s web root child direcotry creation task start
4월 11, 2018 6:00:10 오후 kr.pe.sinnori.common.util.CommonStaticUtil createChildDirectoriesOfBasePath
정보: the child relative direcotry[D:\gitsinnori\sinnori\project\sample_test][web_app_base/upload] exist, so nothing
4월 11, 2018 6:00:10 오후 kr.pe.sinnori.common.util.CommonStaticUtil createChildDirectoriesOfBasePath
정보: the new child relative direcotry[D:\gitsinnori\sinnori\project\sample_test][web_app_base/ROOT/WEB-INF/classes] was created successfully
4월 11, 2018 6:00:10 오후 kr.pe.sinnori.common.util.CommonStaticUtil createChildDirectoriesOfBasePath
정보: the new child relative direcotry[D:\gitsinnori\sinnori\project\sample_test][web_app_base/ROOT/WEB-INF/lib] was created successfully
4월 11, 2018 6:00:10 오후 kr.pe.sinnori.common.buildsystem.ProjectBuilder createWebRootChildDirectories
정보: main project[sample_test]'s web root child direcotry creation task end
4월 11, 2018 6:00:10 오후 kr.pe.sinnori.common.buildsystem.ProjectBuilder createWebRootSampleFiles
정보: main project[sample_test]'s web root sample files creation task start
4월 11, 2018 6:00:10 오후 kr.pe.sinnori.common.buildsystem.ProjectBuilder copyWebRootSampleFiles
정보: main project[sample_test]'s web root sample files copy task start
4월 11, 2018 6:00:10 오후 kr.pe.sinnori.common.buildsystem.ProjectBuilder copyWebRootSampleFiles
정보: main project[sample_test]'s web root sample files copy task end
4월 11, 2018 6:00:10 오후 kr.pe.sinnori.common.buildsystem.ProjectBuilder createWebRootSampleFiles
정보: main project[sample_test]'s web root sample files creation task end
4월 11, 2018 6:00:10 오후 kr.pe.sinnori.common.buildsystem.ProjectBuilder overwriteSinnoriConfigFile
정보: main project[sample_test]'s config file overwrite task start
4월 11, 2018 6:00:10 오후 kr.pe.sinnori.common.buildsystem.ProjectBuilder overwriteSinnoriConfigFile
정보: main project[sample_test]'s config file overwrite task end
4월 11, 2018 6:00:10 오후 kr.pe.sinnori.common.buildsystem.ProjectBuilder changeProjectState
정보: main project[sample_test] changeProjectState method end
4월 11, 2018 6:00:10 오후 kr.pe.sinnori.common.buildsystem.ProjectBuilder isValidAppClientAntBuildXMLFile
정보: the app client ant build.xml file[D:\gitsinnori\sinnori\project\sample_test\client_build\app_build\build.xml] is bad :: whetherExist[false] isFile[false]
4월 11, 2018 6:00:10 오후 kr.pe.sinnori.common.buildsystem.ProjectBuilder changeProjectState
정보: main project[sample_test] changeProjectState method start
4월 11, 2018 6:00:10 오후 kr.pe.sinnori.common.buildsystem.ProjectBuilder changeProjectState
경고: the server build path[D:\gitsinnori\sinnori\project\sample_test\server_build] exist, so skip creation of server build system
4월 11, 2018 6:00:10 오후 kr.pe.sinnori.common.buildsystem.ProjectBuilder createAppBuildChildDirectories
정보: main project[sample_test]'s application build child direcotry creation task start
4월 11, 2018 6:00:10 오후 kr.pe.sinnori.common.util.CommonStaticUtil createChildDirectoriesOfBasePath
정보: the new child relative direcotry[D:\gitsinnori\sinnori\project\sample_test][client_build/app_build/corelib/ex] was created successfully
4월 11, 2018 6:00:10 오후 kr.pe.sinnori.common.util.CommonStaticUtil createChildDirectoriesOfBasePath
정보: the new child relative direcotry[D:\gitsinnori\sinnori\project\sample_test][client_build/app_build/corelib/in] was created successfully
4월 11, 2018 6:00:10 오후 kr.pe.sinnori.common.util.CommonStaticUtil createChildDirectoriesOfBasePath
정보: the new child relative direcotry[D:\gitsinnori\sinnori\project\sample_test][client_build/app_build/lib/main/ex] was created successfully
4월 11, 2018 6:00:10 오후 kr.pe.sinnori.common.util.CommonStaticUtil createChildDirectoriesOfBasePath
정보: the new child relative direcotry[D:\gitsinnori\sinnori\project\sample_test][client_build/app_build/lib/main/in] was created successfully
4월 11, 2018 6:00:10 오후 kr.pe.sinnori.common.util.CommonStaticUtil createChildDirectoriesOfBasePath
정보: the new child relative direcotry[D:\gitsinnori\sinnori\project\sample_test][client_build/app_build/lib/test] was created successfully
4월 11, 2018 6:00:10 오후 kr.pe.sinnori.common.util.CommonStaticUtil createChildDirectoriesOfBasePath
정보: the new child relative direcotry[D:\gitsinnori\sinnori\project\sample_test][client_build/app_build/src/main/java/kr/pe/sinnori/impl/message] was created successfully
4월 11, 2018 6:00:10 오후 kr.pe.sinnori.common.util.CommonStaticUtil createChildDirectoriesOfBasePath
정보: the new child relative direcotry[D:\gitsinnori\sinnori\project\sample_test][client_build/app_build/src/main/java/main] was created successfully
4월 11, 2018 6:00:10 오후 kr.pe.sinnori.common.util.CommonStaticUtil createChildDirectoriesOfBasePath
정보: the new child relative direcotry[D:\gitsinnori\sinnori\project\sample_test][client_build/app_build/src/test/java] was created successfully
4월 11, 2018 6:00:10 오후 kr.pe.sinnori.common.util.CommonStaticUtil createChildDirectoriesOfBasePath
정보: the new child relative direcotry[D:\gitsinnori\sinnori\project\sample_test][client_build/app_build/build] was created successfully
4월 11, 2018 6:00:10 오후 kr.pe.sinnori.common.util.CommonStaticUtil createChildDirectoriesOfBasePath
정보: the new child relative direcotry[D:\gitsinnori\sinnori\project\sample_test][client_build/app_build/dist] was created successfully
4월 11, 2018 6:00:10 오후 kr.pe.sinnori.common.buildsystem.ProjectBuilder createAppBuildChildDirectories
정보: main project[sample_test]'s application build child direcotry creation task end
4월 11, 2018 6:00:10 오후 kr.pe.sinnori.common.buildsystem.ProjectBuilder createAppClientBuildSystemFiles
정보: mainproject[sample_test]'s application client build system files creation task start
4월 11, 2018 6:00:10 오후 kr.pe.sinnori.common.buildsystem.ProjectBuilder createNewAppClientAntBuildXMLFile
정보: main project[sample_test]'s application client ant build.xml file creation task start
4월 11, 2018 6:00:10 오후 kr.pe.sinnori.common.buildsystem.ProjectBuilder createNewAppClientAntBuildXMLFile
정보: main project[sample_test]'s application client ant build.xml file creation task end
4월 11, 2018 6:00:10 오후 kr.pe.sinnori.common.buildsystem.ProjectBuilder createNewAppClientDosShellFile
정보: main project[sample_test]'s application client dos shell file creation task start
4월 11, 2018 6:00:10 오후 kr.pe.sinnori.common.buildsystem.ProjectBuilder createNewAppClientDosShellFile
정보: main project[sample_test]'s application client dos shell file creation task end
4월 11, 2018 6:00:10 오후 kr.pe.sinnori.common.buildsystem.ProjectBuilder createNewAppClientUnixShellFile
정보: main project[sample_test]'s application client unix shell file creation task start
4월 11, 2018 6:00:10 오후 kr.pe.sinnori.common.buildsystem.ProjectBuilder createNewAppClientUnixShellFile
정보: main project[sample_test]'s application client unix shell file creation task end
4월 11, 2018 6:00:10 오후 kr.pe.sinnori.common.buildsystem.ProjectBuilder copyAppClientSampleFiles
정보: application client sample source files copy task start
4월 11, 2018 6:00:10 오후 kr.pe.sinnori.common.buildsystem.ProjectBuilder copyAppClientSampleFiles
정보: application client sample source files copy task end
4월 11, 2018 6:00:10 오후 kr.pe.sinnori.common.buildsystem.ProjectBuilder createNewAppClientAllMessageIOFileSet
정보: main project[sample_test]'s application client message io file set creation task start
4월 11, 2018 6:00:10 오후 kr.pe.sinnori.common.util.CommonStaticUtil createChildDirectoriesOfBasePath
정보: the new child relative direcotry[D:\gitsinnori\sinnori\project\sample_test\client_build\app_build\src\main\java\kr\pe\sinnori\impl\message][Echo] was created successfully
4월 11, 2018 6:00:10 오후 kr.pe.sinnori.common.buildsystem.ProjectBuilder createNewMessageSourceFile
정보: main project[sample_test]'s message file[Echo][D:\gitsinnori\sinnori\project\sample_test\client_build\app_build\src\main\java\kr\pe\sinnori\impl\message] creation task start
4월 11, 2018 6:00:10 오후 kr.pe.sinnori.common.buildsystem.ProjectBuilder createNewMessageSourceFile
정보: main project[sample_test]'s message file[Echo][D:\gitsinnori\sinnori\project\sample_test\client_build\app_build\src\main\java\kr\pe\sinnori\impl\message] creation task end
4월 11, 2018 6:00:10 오후 kr.pe.sinnori.common.buildsystem.ProjectBuilder createNewDecoderSourceFile
정보: main project[sample_test]'s message decoder file[Echo][D:\gitsinnori\sinnori\project\sample_test\client_build\app_build\src\main\java\kr\pe\sinnori\impl\message] creation task start
4월 11, 2018 6:00:10 오후 kr.pe.sinnori.common.buildsystem.ProjectBuilder createNewDecoderSourceFile
정보: main project[sample_test]'s message decoder file[Echo][D:\gitsinnori\sinnori\project\sample_test\client_build\app_build\src\main\java\kr\pe\sinnori\impl\message] creation task end
4월 11, 2018 6:00:10 오후 kr.pe.sinnori.common.buildsystem.ProjectBuilder createNewEncoderSourceFile
정보: main project[sample_test]'s message encoder file[Echo][D:\gitsinnori\sinnori\project\sample_test\client_build\app_build\src\main\java\kr\pe\sinnori\impl\message] creation task start
4월 11, 2018 6:00:10 오후 kr.pe.sinnori.common.buildsystem.ProjectBuilder createNewEncoderSourceFile
정보: main project[sample_test]'s message encoder file[Echo][D:\gitsinnori\sinnori\project\sample_test\client_build\app_build\src\main\java\kr\pe\sinnori\impl\message] creation task end
4월 11, 2018 6:00:10 오후 kr.pe.sinnori.common.buildsystem.ProjectBuilder createNewServerCodecSourceFile
정보: main project[sample_test]'s message server codec file[Echo][D:\gitsinnori\sinnori\project\sample_test\client_build\app_build\src\main\java\kr\pe\sinnori\impl\message] creation task start
4월 11, 2018 6:00:10 오후 kr.pe.sinnori.common.buildsystem.ProjectBuilder createNewServerCodecSourceFile
정보: main project[sample_test]'s message server codec file[Echo][D:\gitsinnori\sinnori\project\sample_test\client_build\app_build\src\main\java\kr\pe\sinnori\impl\message] creation task end
4월 11, 2018 6:00:10 오후 kr.pe.sinnori.common.buildsystem.ProjectBuilder createNewClientCodecSourceFile
정보: main project[sample_test]'s message client codec file[Echo][D:\gitsinnori\sinnori\project\sample_test\client_build\app_build\src\main\java\kr\pe\sinnori\impl\message] creation task start
4월 11, 2018 6:00:10 오후 kr.pe.sinnori.common.buildsystem.ProjectBuilder createNewClientCodecSourceFile
정보: main project[sample_test]'s message client codec file[Echo][D:\gitsinnori\sinnori\project\sample_test\client_build\app_build\src\main\java\kr\pe\sinnori\impl\message] creation task end
4월 11, 2018 6:00:10 오후 kr.pe.sinnori.common.util.CommonStaticUtil createChildDirectoriesOfBasePath
정보: the new child relative direcotry[D:\gitsinnori\sinnori\project\sample_test\client_build\app_build\src\main\java\kr\pe\sinnori\impl\message][PublicKeyReq] was created successfully
4월 11, 2018 6:00:10 오후 kr.pe.sinnori.common.buildsystem.ProjectBuilder createNewMessageSourceFile
정보: main project[sample_test]'s message file[PublicKeyReq][D:\gitsinnori\sinnori\project\sample_test\client_build\app_build\src\main\java\kr\pe\sinnori\impl\message] creation task start
4월 11, 2018 6:00:10 오후 kr.pe.sinnori.common.buildsystem.ProjectBuilder createNewMessageSourceFile
정보: main project[sample_test]'s message file[PublicKeyReq][D:\gitsinnori\sinnori\project\sample_test\client_build\app_build\src\main\java\kr\pe\sinnori\impl\message] creation task end
4월 11, 2018 6:00:10 오후 kr.pe.sinnori.common.buildsystem.ProjectBuilder createNewDecoderSourceFile
정보: main project[sample_test]'s message decoder file[PublicKeyReq][D:\gitsinnori\sinnori\project\sample_test\client_build\app_build\src\main\java\kr\pe\sinnori\impl\message] creation task start
4월 11, 2018 6:00:10 오후 kr.pe.sinnori.common.buildsystem.ProjectBuilder createNewDecoderSourceFile
정보: main project[sample_test]'s message decoder file[PublicKeyReq][D:\gitsinnori\sinnori\project\sample_test\client_build\app_build\src\main\java\kr\pe\sinnori\impl\message] creation task end
4월 11, 2018 6:00:10 오후 kr.pe.sinnori.common.buildsystem.ProjectBuilder createNewEncoderSourceFile
정보: main project[sample_test]'s message encoder file[PublicKeyReq][D:\gitsinnori\sinnori\project\sample_test\client_build\app_build\src\main\java\kr\pe\sinnori\impl\message] creation task start
4월 11, 2018 6:00:11 오후 kr.pe.sinnori.common.buildsystem.ProjectBuilder createNewEncoderSourceFile
정보: main project[sample_test]'s message encoder file[PublicKeyReq][D:\gitsinnori\sinnori\project\sample_test\client_build\app_build\src\main\java\kr\pe\sinnori\impl\message] creation task end
4월 11, 2018 6:00:11 오후 kr.pe.sinnori.common.buildsystem.ProjectBuilder createNewServerCodecSourceFile
정보: main project[sample_test]'s message server codec file[PublicKeyReq][D:\gitsinnori\sinnori\project\sample_test\client_build\app_build\src\main\java\kr\pe\sinnori\impl\message] creation task start
4월 11, 2018 6:00:11 오후 kr.pe.sinnori.common.buildsystem.ProjectBuilder createNewServerCodecSourceFile
정보: main project[sample_test]'s message server codec file[PublicKeyReq][D:\gitsinnori\sinnori\project\sample_test\client_build\app_build\src\main\java\kr\pe\sinnori\impl\message] creation task end
4월 11, 2018 6:00:11 오후 kr.pe.sinnori.common.buildsystem.ProjectBuilder createNewClientCodecSourceFile
정보: main project[sample_test]'s message client codec file[PublicKeyReq][D:\gitsinnori\sinnori\project\sample_test\client_build\app_build\src\main\java\kr\pe\sinnori\impl\message] creation task start
4월 11, 2018 6:00:11 오후 kr.pe.sinnori.common.buildsystem.ProjectBuilder createNewClientCodecSourceFile
정보: main project[sample_test]'s message client codec file[PublicKeyReq][D:\gitsinnori\sinnori\project\sample_test\client_build\app_build\src\main\java\kr\pe\sinnori\impl\message] creation task end
4월 11, 2018 6:00:11 오후 kr.pe.sinnori.common.util.CommonStaticUtil createChildDirectoriesOfBasePath
정보: the new child relative direcotry[D:\gitsinnori\sinnori\project\sample_test\client_build\app_build\src\main\java\kr\pe\sinnori\impl\message][PublicKeyRes] was created successfully
4월 11, 2018 6:00:11 오후 kr.pe.sinnori.common.buildsystem.ProjectBuilder createNewMessageSourceFile
정보: main project[sample_test]'s message file[PublicKeyRes][D:\gitsinnori\sinnori\project\sample_test\client_build\app_build\src\main\java\kr\pe\sinnori\impl\message] creation task start
4월 11, 2018 6:00:11 오후 kr.pe.sinnori.common.buildsystem.ProjectBuilder createNewMessageSourceFile
정보: main project[sample_test]'s message file[PublicKeyRes][D:\gitsinnori\sinnori\project\sample_test\client_build\app_build\src\main\java\kr\pe\sinnori\impl\message] creation task end
4월 11, 2018 6:00:11 오후 kr.pe.sinnori.common.buildsystem.ProjectBuilder createNewDecoderSourceFile
정보: main project[sample_test]'s message decoder file[PublicKeyRes][D:\gitsinnori\sinnori\project\sample_test\client_build\app_build\src\main\java\kr\pe\sinnori\impl\message] creation task start
4월 11, 2018 6:00:11 오후 kr.pe.sinnori.common.buildsystem.ProjectBuilder createNewDecoderSourceFile
정보: main project[sample_test]'s message decoder file[PublicKeyRes][D:\gitsinnori\sinnori\project\sample_test\client_build\app_build\src\main\java\kr\pe\sinnori\impl\message] creation task end
4월 11, 2018 6:00:11 오후 kr.pe.sinnori.common.buildsystem.ProjectBuilder createNewEncoderSourceFile
정보: main project[sample_test]'s message encoder file[PublicKeyRes][D:\gitsinnori\sinnori\project\sample_test\client_build\app_build\src\main\java\kr\pe\sinnori\impl\message] creation task start
4월 11, 2018 6:00:11 오후 kr.pe.sinnori.common.buildsystem.ProjectBuilder createNewEncoderSourceFile
정보: main project[sample_test]'s message encoder file[PublicKeyRes][D:\gitsinnori\sinnori\project\sample_test\client_build\app_build\src\main\java\kr\pe\sinnori\impl\message] creation task end
4월 11, 2018 6:00:11 오후 kr.pe.sinnori.common.buildsystem.ProjectBuilder createNewServerCodecSourceFile
정보: main project[sample_test]'s message server codec file[PublicKeyRes][D:\gitsinnori\sinnori\project\sample_test\client_build\app_build\src\main\java\kr\pe\sinnori\impl\message] creation task start
4월 11, 2018 6:00:11 오후 kr.pe.sinnori.common.buildsystem.ProjectBuilder createNewServerCodecSourceFile
정보: main project[sample_test]'s message server codec file[PublicKeyRes][D:\gitsinnori\sinnori\project\sample_test\client_build\app_build\src\main\java\kr\pe\sinnori\impl\message] creation task end
4월 11, 2018 6:00:11 오후 kr.pe.sinnori.common.buildsystem.ProjectBuilder createNewClientCodecSourceFile
정보: main project[sample_test]'s message client codec file[PublicKeyRes][D:\gitsinnori\sinnori\project\sample_test\client_build\app_build\src\main\java\kr\pe\sinnori\impl\message] creation task start
4월 11, 2018 6:00:11 오후 kr.pe.sinnori.common.buildsystem.ProjectBuilder createNewClientCodecSourceFile
정보: main project[sample_test]'s message client codec file[PublicKeyRes][D:\gitsinnori\sinnori\project\sample_test\client_build\app_build\src\main\java\kr\pe\sinnori\impl\message] creation task end
4월 11, 2018 6:00:11 오후 kr.pe.sinnori.common.buildsystem.ProjectBuilder createNewAppClientAllMessageIOFileSet
정보: main project[sample_test]'s application client message io file set creation task end
4월 11, 2018 6:00:11 오후 kr.pe.sinnori.common.buildsystem.ProjectBuilder createAppClientBuildSystemFiles
정보: mainproject[sample_test]'s application client build system files creation task end
4월 11, 2018 6:00:11 오후 kr.pe.sinnori.common.buildsystem.ProjectBuilder deleteWebCientBuildPath
정보: main project[sample_test]'s web client build path deletion task start
4월 11, 2018 6:00:11 오후 kr.pe.sinnori.common.buildsystem.ProjectBuilder deleteWebCientBuildPath
정보: main project[sample_test]'s web client build path deletion task end
4월 11, 2018 6:00:11 오후 kr.pe.sinnori.common.buildsystem.ProjectBuilder deleteWebRoot
정보: main project[sample_test]'s web root path deletion task start
4월 11, 2018 6:00:11 오후 kr.pe.sinnori.common.buildsystem.ProjectBuilder deleteWebRoot
정보: main project[sample_test]'s web root path deletion task end
4월 11, 2018 6:00:11 오후 kr.pe.sinnori.common.buildsystem.ProjectBuilder overwriteSinnoriConfigFile
정보: main project[sample_test]'s config file overwrite task start
4월 11, 2018 6:00:11 오후 kr.pe.sinnori.common.buildsystem.ProjectBuilder overwriteSinnoriConfigFile
정보: main project[sample_test]'s config file overwrite task end
4월 11, 2018 6:00:11 오후 kr.pe.sinnori.common.buildsystem.ProjectBuilder changeProjectState
정보: main project[sample_test] changeProjectState method end
4월 11, 2018 6:00:11 오후 kr.pe.sinnori.common.buildsystem.ProjectBuilder isValidWebClientAntBuildXMLFile
정보: the web client ant build.xml file[D:\gitsinnori\sinnori\project\sample_test\client_build\web_build\build.xml] is bad :: whetherExist[false] isFile[false]
4월 11, 2018 6:00:11 오후 kr.pe.sinnori.common.buildsystem.ProjectBuilder isValidWebRootXMLFile
정보: the web.xml file[D:\gitsinnori\sinnori\project\sample_test\web_app_base\ROOT\WEB-INF\web.xml] located at web root directory is bad :: whetherExist[false] isFile[false]
4월 11, 2018 6:00:11 오후 kr.pe.sinnori.common.buildsystem.ProjectBuilder changeProjectState
정보: main project[sample_test] changeProjectState method start
4월 11, 2018 6:00:11 오후 kr.pe.sinnori.common.buildsystem.ProjectBuilder changeProjectState
경고: the server build path[D:\gitsinnori\sinnori\project\sample_test\server_build] exist, so skip creation of server build system
4월 11, 2018 6:00:11 오후 kr.pe.sinnori.common.buildsystem.ProjectBuilder changeProjectState
경고: the app client build path[D:\gitsinnori\sinnori\project\sample_test\client_build\app_build] exist, so skip creation of app client build system
4월 11, 2018 6:00:11 오후 kr.pe.sinnori.common.buildsystem.ProjectBuilder createWebBuildChildDirectories
정보: main project[sample_test]'s web build child direcotry creation task start
4월 11, 2018 6:00:11 오후 kr.pe.sinnori.common.util.CommonStaticUtil createChildDirectoriesOfBasePath
정보: the new child relative direcotry[D:\gitsinnori\sinnori\project\sample_test][client_build/web_build/corelib/ex] was created successfully
4월 11, 2018 6:00:11 오후 kr.pe.sinnori.common.util.CommonStaticUtil createChildDirectoriesOfBasePath
정보: the new child relative direcotry[D:\gitsinnori\sinnori\project\sample_test][client_build/web_build/corelib/in] was created successfully
4월 11, 2018 6:00:11 오후 kr.pe.sinnori.common.util.CommonStaticUtil createChildDirectoriesOfBasePath
정보: the new child relative direcotry[D:\gitsinnori\sinnori\project\sample_test][client_build/web_build/lib/main/ex] was created successfully
4월 11, 2018 6:00:11 오후 kr.pe.sinnori.common.util.CommonStaticUtil createChildDirectoriesOfBasePath
정보: the new child relative direcotry[D:\gitsinnori\sinnori\project\sample_test][client_build/web_build/lib/main/in] was created successfully
4월 11, 2018 6:00:11 오후 kr.pe.sinnori.common.util.CommonStaticUtil createChildDirectoriesOfBasePath
정보: the new child relative direcotry[D:\gitsinnori\sinnori\project\sample_test][client_build/web_build/lib/test] was created successfully
4월 11, 2018 6:00:11 오후 kr.pe.sinnori.common.util.CommonStaticUtil createChildDirectoriesOfBasePath
정보: the new child relative direcotry[D:\gitsinnori\sinnori\project\sample_test][client_build/web_build/src/main/java/kr/pe/sinnori/impl/message] was created successfully
4월 11, 2018 6:00:11 오후 kr.pe.sinnori.common.util.CommonStaticUtil createChildDirectoriesOfBasePath
정보: the new child relative direcotry[D:\gitsinnori\sinnori\project\sample_test][client_build/web_build/src/main/java//kr/pe/sinnori/servlet] was created successfully
4월 11, 2018 6:00:11 오후 kr.pe.sinnori.common.util.CommonStaticUtil createChildDirectoriesOfBasePath
정보: the new child relative direcotry[D:\gitsinnori\sinnori\project\sample_test][client_build/web_build/src/main/java/kr/pe/sinnori/weblib/common] was created successfully
4월 11, 2018 6:00:11 오후 kr.pe.sinnori.common.util.CommonStaticUtil createChildDirectoriesOfBasePath
정보: the new child relative direcotry[D:\gitsinnori\sinnori\project\sample_test][client_build/web_build/src/main/java/kr/pe/sinnori/weblib/htmlstring] was created successfully
4월 11, 2018 6:00:11 오후 kr.pe.sinnori.common.util.CommonStaticUtil createChildDirectoriesOfBasePath
정보: the new child relative direcotry[D:\gitsinnori\sinnori\project\sample_test][client_build/web_build/src/main/java/kr/pe/sinnori/weblib/jdf] was created successfully
4월 11, 2018 6:00:11 오후 kr.pe.sinnori.common.util.CommonStaticUtil createChildDirectoriesOfBasePath
정보: the new child relative direcotry[D:\gitsinnori\sinnori\project\sample_test][client_build/web_build/src/test/java] was created successfully
4월 11, 2018 6:00:11 오후 kr.pe.sinnori.common.util.CommonStaticUtil createChildDirectoriesOfBasePath
정보: the new child relative direcotry[D:\gitsinnori\sinnori\project\sample_test][client_build/web_build/build] was created successfully
4월 11, 2018 6:00:11 오후 kr.pe.sinnori.common.util.CommonStaticUtil createChildDirectoriesOfBasePath
정보: the new child relative direcotry[D:\gitsinnori\sinnori\project\sample_test][client_build/web_build/dist] was created successfully
4월 11, 2018 6:00:11 오후 kr.pe.sinnori.common.buildsystem.ProjectBuilder createWebBuildChildDirectories
정보: main project[sample_test]'s web build child direcotry creation task end
4월 11, 2018 6:00:11 오후 kr.pe.sinnori.common.buildsystem.ProjectBuilder createWebClientBuildSystemFiles
정보: main project[sample_test]'s web client build system files creation task start
4월 11, 2018 6:00:11 오후 kr.pe.sinnori.common.buildsystem.ProjectBuilder createNewWebClientAntBuildFile
정보: main project[sample_test]'s web client ant build.xml file creation task start
4월 11, 2018 6:00:11 오후 kr.pe.sinnori.common.buildsystem.ProjectBuilder createNewWebClientAntBuildFile
정보: main project[sample_test]'s web client ant build.xml file creation task end
4월 11, 2018 6:00:11 오후 kr.pe.sinnori.common.buildsystem.ProjectBuilder createNewWebClientAntPropertiesFile
정보: main project[sample_test]'s web client ant properties file creation task start
4월 11, 2018 6:00:11 오후 kr.pe.sinnori.common.util.SequencedPropertiesUtil createNewSequencedPropertiesFile
정보: the sequenced properties file[D:\gitsinnori\sinnori\project\sample_test\client_build\web_build\webAnt.properties] was created
4월 11, 2018 6:00:11 오후 kr.pe.sinnori.common.buildsystem.ProjectBuilder createNewWebClientAntPropertiesFile
정보: main project[sample_test]'s web client ant properties file creation task end
4월 11, 2018 6:00:11 오후 kr.pe.sinnori.common.buildsystem.ProjectBuilder createNewWebClientMessageIOFileSet
정보: main project[sample_test]'s web client message io file set creation task start
4월 11, 2018 6:00:11 오후 kr.pe.sinnori.common.util.CommonStaticUtil createChildDirectoriesOfBasePath
정보: the new child relative direcotry[D:\gitsinnori\sinnori\project\sample_test\client_build\web_build\src\main\java\kr\pe\sinnori\impl\message][Echo] was created successfully
4월 11, 2018 6:00:11 오후 kr.pe.sinnori.common.buildsystem.ProjectBuilder createNewMessageSourceFile
정보: main project[sample_test]'s message file[Echo][D:\gitsinnori\sinnori\project\sample_test\client_build\web_build\src\main\java\kr\pe\sinnori\impl\message] creation task start
4월 11, 2018 6:00:11 오후 kr.pe.sinnori.common.buildsystem.ProjectBuilder createNewMessageSourceFile
정보: main project[sample_test]'s message file[Echo][D:\gitsinnori\sinnori\project\sample_test\client_build\web_build\src\main\java\kr\pe\sinnori\impl\message] creation task end
4월 11, 2018 6:00:11 오후 kr.pe.sinnori.common.buildsystem.ProjectBuilder createNewDecoderSourceFile
정보: main project[sample_test]'s message decoder file[Echo][D:\gitsinnori\sinnori\project\sample_test\client_build\web_build\src\main\java\kr\pe\sinnori\impl\message] creation task start
4월 11, 2018 6:00:11 오후 kr.pe.sinnori.common.buildsystem.ProjectBuilder createNewDecoderSourceFile
정보: main project[sample_test]'s message decoder file[Echo][D:\gitsinnori\sinnori\project\sample_test\client_build\web_build\src\main\java\kr\pe\sinnori\impl\message] creation task end
4월 11, 2018 6:00:11 오후 kr.pe.sinnori.common.buildsystem.ProjectBuilder createNewEncoderSourceFile
정보: main project[sample_test]'s message encoder file[Echo][D:\gitsinnori\sinnori\project\sample_test\client_build\web_build\src\main\java\kr\pe\sinnori\impl\message] creation task start
4월 11, 2018 6:00:11 오후 kr.pe.sinnori.common.buildsystem.ProjectBuilder createNewEncoderSourceFile
정보: main project[sample_test]'s message encoder file[Echo][D:\gitsinnori\sinnori\project\sample_test\client_build\web_build\src\main\java\kr\pe\sinnori\impl\message] creation task end
4월 11, 2018 6:00:11 오후 kr.pe.sinnori.common.buildsystem.ProjectBuilder createNewServerCodecSourceFile
정보: main project[sample_test]'s message server codec file[Echo][D:\gitsinnori\sinnori\project\sample_test\client_build\web_build\src\main\java\kr\pe\sinnori\impl\message] creation task start
4월 11, 2018 6:00:11 오후 kr.pe.sinnori.common.buildsystem.ProjectBuilder createNewServerCodecSourceFile
정보: main project[sample_test]'s message server codec file[Echo][D:\gitsinnori\sinnori\project\sample_test\client_build\web_build\src\main\java\kr\pe\sinnori\impl\message] creation task end
4월 11, 2018 6:00:11 오후 kr.pe.sinnori.common.buildsystem.ProjectBuilder createNewClientCodecSourceFile
정보: main project[sample_test]'s message client codec file[Echo][D:\gitsinnori\sinnori\project\sample_test\client_build\web_build\src\main\java\kr\pe\sinnori\impl\message] creation task start
4월 11, 2018 6:00:11 오후 kr.pe.sinnori.common.buildsystem.ProjectBuilder createNewClientCodecSourceFile
정보: main project[sample_test]'s message client codec file[Echo][D:\gitsinnori\sinnori\project\sample_test\client_build\web_build\src\main\java\kr\pe\sinnori\impl\message] creation task end
4월 11, 2018 6:00:11 오후 kr.pe.sinnori.common.util.CommonStaticUtil createChildDirectoriesOfBasePath
정보: the new child relative direcotry[D:\gitsinnori\sinnori\project\sample_test\client_build\web_build\src\main\java\kr\pe\sinnori\impl\message][PublicKeyReq] was created successfully
4월 11, 2018 6:00:11 오후 kr.pe.sinnori.common.buildsystem.ProjectBuilder createNewMessageSourceFile
정보: main project[sample_test]'s message file[PublicKeyReq][D:\gitsinnori\sinnori\project\sample_test\client_build\web_build\src\main\java\kr\pe\sinnori\impl\message] creation task start
4월 11, 2018 6:00:11 오후 kr.pe.sinnori.common.buildsystem.ProjectBuilder createNewMessageSourceFile
정보: main project[sample_test]'s message file[PublicKeyReq][D:\gitsinnori\sinnori\project\sample_test\client_build\web_build\src\main\java\kr\pe\sinnori\impl\message] creation task end
4월 11, 2018 6:00:11 오후 kr.pe.sinnori.common.buildsystem.ProjectBuilder createNewDecoderSourceFile
정보: main project[sample_test]'s message decoder file[PublicKeyReq][D:\gitsinnori\sinnori\project\sample_test\client_build\web_build\src\main\java\kr\pe\sinnori\impl\message] creation task start
4월 11, 2018 6:00:11 오후 kr.pe.sinnori.common.buildsystem.ProjectBuilder createNewDecoderSourceFile
정보: main project[sample_test]'s message decoder file[PublicKeyReq][D:\gitsinnori\sinnori\project\sample_test\client_build\web_build\src\main\java\kr\pe\sinnori\impl\message] creation task end
4월 11, 2018 6:00:11 오후 kr.pe.sinnori.common.buildsystem.ProjectBuilder createNewEncoderSourceFile
정보: main project[sample_test]'s message encoder file[PublicKeyReq][D:\gitsinnori\sinnori\project\sample_test\client_build\web_build\src\main\java\kr\pe\sinnori\impl\message] creation task start
4월 11, 2018 6:00:11 오후 kr.pe.sinnori.common.buildsystem.ProjectBuilder createNewEncoderSourceFile
정보: main project[sample_test]'s message encoder file[PublicKeyReq][D:\gitsinnori\sinnori\project\sample_test\client_build\web_build\src\main\java\kr\pe\sinnori\impl\message] creation task end
4월 11, 2018 6:00:11 오후 kr.pe.sinnori.common.buildsystem.ProjectBuilder createNewServerCodecSourceFile
정보: main project[sample_test]'s message server codec file[PublicKeyReq][D:\gitsinnori\sinnori\project\sample_test\client_build\web_build\src\main\java\kr\pe\sinnori\impl\message] creation task start
4월 11, 2018 6:00:11 오후 kr.pe.sinnori.common.buildsystem.ProjectBuilder createNewServerCodecSourceFile
정보: main project[sample_test]'s message server codec file[PublicKeyReq][D:\gitsinnori\sinnori\project\sample_test\client_build\web_build\src\main\java\kr\pe\sinnori\impl\message] creation task end
4월 11, 2018 6:00:11 오후 kr.pe.sinnori.common.buildsystem.ProjectBuilder createNewClientCodecSourceFile
정보: main project[sample_test]'s message client codec file[PublicKeyReq][D:\gitsinnori\sinnori\project\sample_test\client_build\web_build\src\main\java\kr\pe\sinnori\impl\message] creation task start
4월 11, 2018 6:00:11 오후 kr.pe.sinnori.common.buildsystem.ProjectBuilder createNewClientCodecSourceFile
정보: main project[sample_test]'s message client codec file[PublicKeyReq][D:\gitsinnori\sinnori\project\sample_test\client_build\web_build\src\main\java\kr\pe\sinnori\impl\message] creation task end
4월 11, 2018 6:00:11 오후 kr.pe.sinnori.common.util.CommonStaticUtil createChildDirectoriesOfBasePath
정보: the new child relative direcotry[D:\gitsinnori\sinnori\project\sample_test\client_build\web_build\src\main\java\kr\pe\sinnori\impl\message][PublicKeyRes] was created successfully
4월 11, 2018 6:00:11 오후 kr.pe.sinnori.common.buildsystem.ProjectBuilder createNewMessageSourceFile
정보: main project[sample_test]'s message file[PublicKeyRes][D:\gitsinnori\sinnori\project\sample_test\client_build\web_build\src\main\java\kr\pe\sinnori\impl\message] creation task start
4월 11, 2018 6:00:11 오후 kr.pe.sinnori.common.buildsystem.ProjectBuilder createNewMessageSourceFile
정보: main project[sample_test]'s message file[PublicKeyRes][D:\gitsinnori\sinnori\project\sample_test\client_build\web_build\src\main\java\kr\pe\sinnori\impl\message] creation task end
4월 11, 2018 6:00:11 오후 kr.pe.sinnori.common.buildsystem.ProjectBuilder createNewDecoderSourceFile
정보: main project[sample_test]'s message decoder file[PublicKeyRes][D:\gitsinnori\sinnori\project\sample_test\client_build\web_build\src\main\java\kr\pe\sinnori\impl\message] creation task start
4월 11, 2018 6:00:11 오후 kr.pe.sinnori.common.buildsystem.ProjectBuilder createNewDecoderSourceFile
정보: main project[sample_test]'s message decoder file[PublicKeyRes][D:\gitsinnori\sinnori\project\sample_test\client_build\web_build\src\main\java\kr\pe\sinnori\impl\message] creation task end
4월 11, 2018 6:00:11 오후 kr.pe.sinnori.common.buildsystem.ProjectBuilder createNewEncoderSourceFile
정보: main project[sample_test]'s message encoder file[PublicKeyRes][D:\gitsinnori\sinnori\project\sample_test\client_build\web_build\src\main\java\kr\pe\sinnori\impl\message] creation task start
4월 11, 2018 6:00:11 오후 kr.pe.sinnori.common.buildsystem.ProjectBuilder createNewEncoderSourceFile
정보: main project[sample_test]'s message encoder file[PublicKeyRes][D:\gitsinnori\sinnori\project\sample_test\client_build\web_build\src\main\java\kr\pe\sinnori\impl\message] creation task end
4월 11, 2018 6:00:11 오후 kr.pe.sinnori.common.buildsystem.ProjectBuilder createNewServerCodecSourceFile
정보: main project[sample_test]'s message server codec file[PublicKeyRes][D:\gitsinnori\sinnori\project\sample_test\client_build\web_build\src\main\java\kr\pe\sinnori\impl\message] creation task start
4월 11, 2018 6:00:11 오후 kr.pe.sinnori.common.buildsystem.ProjectBuilder createNewServerCodecSourceFile
정보: main project[sample_test]'s message server codec file[PublicKeyRes][D:\gitsinnori\sinnori\project\sample_test\client_build\web_build\src\main\java\kr\pe\sinnori\impl\message] creation task end
4월 11, 2018 6:00:11 오후 kr.pe.sinnori.common.buildsystem.ProjectBuilder createNewClientCodecSourceFile
정보: main project[sample_test]'s message client codec file[PublicKeyRes][D:\gitsinnori\sinnori\project\sample_test\client_build\web_build\src\main\java\kr\pe\sinnori\impl\message] creation task start
4월 11, 2018 6:00:11 오후 kr.pe.sinnori.common.buildsystem.ProjectBuilder createNewClientCodecSourceFile
정보: main project[sample_test]'s message client codec file[PublicKeyRes][D:\gitsinnori\sinnori\project\sample_test\client_build\web_build\src\main\java\kr\pe\sinnori\impl\message] creation task end
4월 11, 2018 6:00:11 오후 kr.pe.sinnori.common.buildsystem.ProjectBuilder createNewWebClientMessageIOFileSet
정보: main project[sample_test]'s web client message io file set creation task end
4월 11, 2018 6:00:11 오후 kr.pe.sinnori.common.buildsystem.ProjectBuilder copyWebClientSampleFiles
정보: mainproject[sample_test]'s web client sample source files copy task start
4월 11, 2018 6:00:11 오후 kr.pe.sinnori.common.buildsystem.ProjectBuilder copyWebClientSampleFiles
정보: mainproject[sample_test]'s web client sample source files copy task end
4월 11, 2018 6:00:11 오후 kr.pe.sinnori.common.buildsystem.ProjectBuilder createWebClientBuildSystemFiles
정보: main project[sample_test]'s web client build system files creation task end
4월 11, 2018 6:00:11 오후 kr.pe.sinnori.common.buildsystem.ProjectBuilder createWebRootChildDirectories
정보: main project[sample_test]'s web root child direcotry creation task start
4월 11, 2018 6:00:11 오후 kr.pe.sinnori.common.util.CommonStaticUtil createChildDirectoriesOfBasePath
정보: the child relative direcotry[D:\gitsinnori\sinnori\project\sample_test][web_app_base/upload] exist, so nothing
4월 11, 2018 6:00:11 오후 kr.pe.sinnori.common.util.CommonStaticUtil createChildDirectoriesOfBasePath
정보: the new child relative direcotry[D:\gitsinnori\sinnori\project\sample_test][web_app_base/ROOT/WEB-INF/classes] was created successfully
4월 11, 2018 6:00:11 오후 kr.pe.sinnori.common.util.CommonStaticUtil createChildDirectoriesOfBasePath
정보: the new child relative direcotry[D:\gitsinnori\sinnori\project\sample_test][web_app_base/ROOT/WEB-INF/lib] was created successfully
4월 11, 2018 6:00:11 오후 kr.pe.sinnori.common.buildsystem.ProjectBuilder createWebRootChildDirectories
정보: main project[sample_test]'s web root child direcotry creation task end
4월 11, 2018 6:00:11 오후 kr.pe.sinnori.common.buildsystem.ProjectBuilder createWebRootSampleFiles
정보: main project[sample_test]'s web root sample files creation task start
4월 11, 2018 6:00:11 오후 kr.pe.sinnori.common.buildsystem.ProjectBuilder copyWebRootSampleFiles
정보: main project[sample_test]'s web root sample files copy task start
4월 11, 2018 6:00:11 오후 kr.pe.sinnori.common.buildsystem.ProjectBuilder copyWebRootSampleFiles
정보: main project[sample_test]'s web root sample files copy task end
4월 11, 2018 6:00:11 오후 kr.pe.sinnori.common.buildsystem.ProjectBuilder createWebRootSampleFiles
정보: main project[sample_test]'s web root sample files creation task end
4월 11, 2018 6:00:11 오후 kr.pe.sinnori.common.buildsystem.ProjectBuilder overwriteSinnoriConfigFile
정보: main project[sample_test]'s config file overwrite task start
4월 11, 2018 6:00:11 오후 kr.pe.sinnori.common.buildsystem.ProjectBuilder overwriteSinnoriConfigFile
정보: main project[sample_test]'s config file overwrite task end
4월 11, 2018 6:00:11 오후 kr.pe.sinnori.common.buildsystem.ProjectBuilder changeProjectState
정보: main project[sample_test] changeProjectState method end
4월 11, 2018 6:00:11 오후 kr.pe.sinnori.common.buildsystem.ProjectBuilder createChildDirectories
정보: main project[sample_test]'s child direcotry creation task start
4월 11, 2018 6:00:11 오후 kr.pe.sinnori.common.buildsystem.ProjectBuilder createCommonChildDirectories
정보: main project[sample_test]'s common child direcotry creation task start
4월 11, 2018 6:00:11 오후 kr.pe.sinnori.common.util.CommonStaticUtil createChildDirectoriesOfBasePath
정보: the new child relative direcotry[D:\gitsinnori\sinnori\project\sample_test][config] was created successfully
4월 11, 2018 6:00:11 오후 kr.pe.sinnori.common.util.CommonStaticUtil createChildDirectoriesOfBasePath
정보: the new child relative direcotry[D:\gitsinnori\sinnori\project\sample_test][resources/dbcp] was created successfully
4월 11, 2018 6:00:11 오후 kr.pe.sinnori.common.util.CommonStaticUtil createChildDirectoriesOfBasePath
정보: the new child relative direcotry[D:\gitsinnori\sinnori\project\sample_test][resources/message_info] was created successfully
4월 11, 2018 6:00:11 오후 kr.pe.sinnori.common.util.CommonStaticUtil createChildDirectoriesOfBasePath
정보: the new child relative direcotry[D:\gitsinnori\sinnori\project\sample_test][resources/rsa_keypair] was created successfully
4월 11, 2018 6:00:11 오후 kr.pe.sinnori.common.util.CommonStaticUtil createChildDirectoriesOfBasePath
정보: the new child relative direcotry[D:\gitsinnori\sinnori\project\sample_test][log/apache] was created successfully
4월 11, 2018 6:00:11 오후 kr.pe.sinnori.common.util.CommonStaticUtil createChildDirectoriesOfBasePath
정보: the new child relative direcotry[D:\gitsinnori\sinnori\project\sample_test][log/client] was created successfully
4월 11, 2018 6:00:11 오후 kr.pe.sinnori.common.util.CommonStaticUtil createChildDirectoriesOfBasePath
정보: the new child relative direcotry[D:\gitsinnori\sinnori\project\sample_test][log/server] was created successfully
4월 11, 2018 6:00:11 오후 kr.pe.sinnori.common.util.CommonStaticUtil createChildDirectoriesOfBasePath
정보: the new child relative direcotry[D:\gitsinnori\sinnori\project\sample_test][log/servlet] was created successfully
4월 11, 2018 6:00:11 오후 kr.pe.sinnori.common.buildsystem.ProjectBuilder createCommonChildDirectories
정보: main project[sample_test]'s common child direcotry creation task end
4월 11, 2018 6:00:11 오후 kr.pe.sinnori.common.buildsystem.ProjectBuilder createServerBuildChildDirectories
정보: main project[sample_test]'s server child direcotry creation task start
4월 11, 2018 6:00:11 오후 kr.pe.sinnori.common.util.CommonStaticUtil createChildDirectoriesOfBasePath
정보: the new child relative direcotry[D:\gitsinnori\sinnori\project\sample_test][server_build/APP-INF/classes] was created successfully
4월 11, 2018 6:00:11 오후 kr.pe.sinnori.common.util.CommonStaticUtil createChildDirectoriesOfBasePath
정보: the new child relative direcotry[D:\gitsinnori\sinnori\project\sample_test][server_build/corelib/ex] was created successfully
4월 11, 2018 6:00:11 오후 kr.pe.sinnori.common.util.CommonStaticUtil createChildDirectoriesOfBasePath
정보: the new child relative direcotry[D:\gitsinnori\sinnori\project\sample_test][server_build/corelib/in] was created successfully
4월 11, 2018 6:00:11 오후 kr.pe.sinnori.common.util.CommonStaticUtil createChildDirectoriesOfBasePath
정보: the new child relative direcotry[D:\gitsinnori\sinnori\project\sample_test][server_build/lib/main/ex] was created successfully
4월 11, 2018 6:00:11 오후 kr.pe.sinnori.common.util.CommonStaticUtil createChildDirectoriesOfBasePath
정보: the new child relative direcotry[D:\gitsinnori\sinnori\project\sample_test][server_build/lib/main/in] was created successfully
4월 11, 2018 6:00:11 오후 kr.pe.sinnori.common.util.CommonStaticUtil createChildDirectoriesOfBasePath
정보: the new child relative direcotry[D:\gitsinnori\sinnori\project\sample_test][server_build/lib/test] was created successfully
4월 11, 2018 6:00:11 오후 kr.pe.sinnori.common.util.CommonStaticUtil createChildDirectoriesOfBasePath
정보: the new child relative direcotry[D:\gitsinnori\sinnori\project\sample_test][server_build/src/main/java/kr/pe/sinnori/impl/servertask] was created successfully
4월 11, 2018 6:00:11 오후 kr.pe.sinnori.common.util.CommonStaticUtil createChildDirectoriesOfBasePath
정보: the new child relative direcotry[D:\gitsinnori\sinnori\project\sample_test][server_build/src/main/java/kr/pe/sinnori/impl/message] was created successfully
4월 11, 2018 6:00:11 오후 kr.pe.sinnori.common.util.CommonStaticUtil createChildDirectoriesOfBasePath
정보: the new child relative direcotry[D:\gitsinnori\sinnori\project\sample_test][server_build/src/main/java/main] was created successfully
4월 11, 2018 6:00:11 오후 kr.pe.sinnori.common.util.CommonStaticUtil createChildDirectoriesOfBasePath
정보: the new child relative direcotry[D:\gitsinnori\sinnori\project\sample_test][server_build/src/test/java] was created successfully
4월 11, 2018 6:00:11 오후 kr.pe.sinnori.common.util.CommonStaticUtil createChildDirectoriesOfBasePath
정보: the new child relative direcotry[D:\gitsinnori\sinnori\project\sample_test][server_build/build] was created successfully
4월 11, 2018 6:00:11 오후 kr.pe.sinnori.common.util.CommonStaticUtil createChildDirectoriesOfBasePath
정보: the new child relative direcotry[D:\gitsinnori\sinnori\project\sample_test][server_build/dist] was created successfully
4월 11, 2018 6:00:11 오후 kr.pe.sinnori.common.buildsystem.ProjectBuilder createServerBuildChildDirectories
정보: main project[sample_test]'s server child direcotry creation task end
4월 11, 2018 6:00:11 오후 kr.pe.sinnori.common.buildsystem.ProjectBuilder createAppBuildChildDirectories
정보: main project[sample_test]'s application build child direcotry creation task start
4월 11, 2018 6:00:11 오후 kr.pe.sinnori.common.util.CommonStaticUtil createChildDirectoriesOfBasePath
정보: the new child relative direcotry[D:\gitsinnori\sinnori\project\sample_test][client_build/app_build/corelib/ex] was created successfully
4월 11, 2018 6:00:11 오후 kr.pe.sinnori.common.util.CommonStaticUtil createChildDirectoriesOfBasePath
정보: the new child relative direcotry[D:\gitsinnori\sinnori\project\sample_test][client_build/app_build/corelib/in] was created successfully
4월 11, 2018 6:00:11 오후 kr.pe.sinnori.common.util.CommonStaticUtil createChildDirectoriesOfBasePath
정보: the new child relative direcotry[D:\gitsinnori\sinnori\project\sample_test][client_build/app_build/lib/main/ex] was created successfully
4월 11, 2018 6:00:11 오후 kr.pe.sinnori.common.util.CommonStaticUtil createChildDirectoriesOfBasePath
정보: the new child relative direcotry[D:\gitsinnori\sinnori\project\sample_test][client_build/app_build/lib/main/in] was created successfully
4월 11, 2018 6:00:11 오후 kr.pe.sinnori.common.util.CommonStaticUtil createChildDirectoriesOfBasePath
정보: the new child relative direcotry[D:\gitsinnori\sinnori\project\sample_test][client_build/app_build/lib/test] was created successfully
4월 11, 2018 6:00:11 오후 kr.pe.sinnori.common.util.CommonStaticUtil createChildDirectoriesOfBasePath
정보: the new child relative direcotry[D:\gitsinnori\sinnori\project\sample_test][client_build/app_build/src/main/java/kr/pe/sinnori/impl/message] was created successfully
4월 11, 2018 6:00:11 오후 kr.pe.sinnori.common.util.CommonStaticUtil createChildDirectoriesOfBasePath
정보: the new child relative direcotry[D:\gitsinnori\sinnori\project\sample_test][client_build/app_build/src/main/java/main] was created successfully
4월 11, 2018 6:00:11 오후 kr.pe.sinnori.common.util.CommonStaticUtil createChildDirectoriesOfBasePath
정보: the new child relative direcotry[D:\gitsinnori\sinnori\project\sample_test][client_build/app_build/src/test/java] was created successfully
4월 11, 2018 6:00:11 오후 kr.pe.sinnori.common.util.CommonStaticUtil createChildDirectoriesOfBasePath
정보: the new child relative direcotry[D:\gitsinnori\sinnori\project\sample_test][client_build/app_build/build] was created successfully
4월 11, 2018 6:00:11 오후 kr.pe.sinnori.common.util.CommonStaticUtil createChildDirectoriesOfBasePath
정보: the new child relative direcotry[D:\gitsinnori\sinnori\project\sample_test][client_build/app_build/dist] was created successfully
4월 11, 2018 6:00:11 오후 kr.pe.sinnori.common.buildsystem.ProjectBuilder createAppBuildChildDirectories
정보: main project[sample_test]'s application build child direcotry creation task end
4월 11, 2018 6:00:11 오후 kr.pe.sinnori.common.buildsystem.ProjectBuilder createChildDirectories
정보: main project[sample_test]'s child direcotry creation task end
4월 11, 2018 6:00:11 오후 kr.pe.sinnori.common.buildsystem.ProjectBuilder createFiles
정보: main project[sample_test]'s file creation task start
4월 11, 2018 6:00:11 오후 kr.pe.sinnori.common.buildsystem.ProjectBuilder createNewSinnoriConfigFile
정보: main project[sample_test]'s config file creation task start
4월 11, 2018 6:00:11 오후 kr.pe.sinnori.common.util.SequencedPropertiesUtil createNewSequencedPropertiesFile
정보: the sequenced properties file[D:\gitsinnori\sinnori\project\sample_test\config\sinnori.properties] was created
4월 11, 2018 6:00:11 오후 kr.pe.sinnori.common.buildsystem.ProjectBuilder createNewSinnoriConfigFile
정보: main project[sample_test]'s config file creation task end
4월 11, 2018 6:00:11 오후 kr.pe.sinnori.common.buildsystem.ProjectBuilder copySampleFilesToResoruces
정보: the mainproject[sample_test]'s resources directory copy task start
4월 11, 2018 6:00:11 오후 kr.pe.sinnori.common.buildsystem.ProjectBuilder copySampleFilesToResoruces
정보: the mainproject[sample_test]'s resources directory copy task end
4월 11, 2018 6:00:11 오후 kr.pe.sinnori.common.buildsystem.ProjectBuilder createServerBuildSystemFiles
정보: server build system files creation task start
4월 11, 2018 6:00:11 오후 kr.pe.sinnori.common.buildsystem.ProjectBuilder createNewServerAntBuildXMLFile
정보: main project[sample_test]'s server ant build.xml file creation task start
4월 11, 2018 6:00:11 오후 kr.pe.sinnori.common.buildsystem.ProjectBuilder createNewServerAntBuildXMLFile
정보: main project[sample_test]'s server ant build.xml file creation task end
4월 11, 2018 6:00:11 오후 kr.pe.sinnori.common.buildsystem.ProjectBuilder createNewServerDosShellFile
정보: main project[sample_test]'s server dos shell file creation task start
4월 11, 2018 6:00:11 오후 kr.pe.sinnori.common.buildsystem.ProjectBuilder createNewServerDosShellFile
정보: main project[sample_test]'s server dos shell file creation task end
4월 11, 2018 6:00:11 오후 kr.pe.sinnori.common.buildsystem.ProjectBuilder createNewServerUnixShellFile
정보: main project[sample_test]'s server unix shell file creation task start
4월 11, 2018 6:00:11 오후 kr.pe.sinnori.common.buildsystem.ProjectBuilder createNewServerUnixShellFile
정보: main project[sample_test]'s server unix shell file creation task end
4월 11, 2018 6:00:11 오후 kr.pe.sinnori.common.buildsystem.ProjectBuilder copyServerSampleFiles
정보: server sample source files copy task start
4월 11, 2018 6:00:11 오후 kr.pe.sinnori.common.buildsystem.ProjectBuilder copyServerSampleFiles
정보: server sample source files copy task end
4월 11, 2018 6:00:11 오후 kr.pe.sinnori.common.buildsystem.ProjectBuilder createServerMessageIOFileSet
정보: main project[sample_test]'s server message io file set creation task start
4월 11, 2018 6:00:11 오후 kr.pe.sinnori.common.util.CommonStaticUtil createChildDirectoriesOfBasePath
정보: the new child relative direcotry[D:\gitsinnori\sinnori\project\sample_test\server_build\src\main\java\kr\pe\sinnori\impl\message][Echo] was created successfully
4월 11, 2018 6:00:11 오후 kr.pe.sinnori.common.buildsystem.ProjectBuilder createNewMessageSourceFile
정보: main project[sample_test]'s message file[Echo][D:\gitsinnori\sinnori\project\sample_test\server_build\src\main\java\kr\pe\sinnori\impl\message] creation task start
4월 11, 2018 6:00:11 오후 kr.pe.sinnori.common.buildsystem.ProjectBuilder createNewMessageSourceFile
정보: main project[sample_test]'s message file[Echo][D:\gitsinnori\sinnori\project\sample_test\server_build\src\main\java\kr\pe\sinnori\impl\message] creation task end
4월 11, 2018 6:00:11 오후 kr.pe.sinnori.common.buildsystem.ProjectBuilder createNewDecoderSourceFile
정보: main project[sample_test]'s message decoder file[Echo][D:\gitsinnori\sinnori\project\sample_test\server_build\src\main\java\kr\pe\sinnori\impl\message] creation task start
4월 11, 2018 6:00:11 오후 kr.pe.sinnori.common.buildsystem.ProjectBuilder createNewDecoderSourceFile
정보: main project[sample_test]'s message decoder file[Echo][D:\gitsinnori\sinnori\project\sample_test\server_build\src\main\java\kr\pe\sinnori\impl\message] creation task end
4월 11, 2018 6:00:11 오후 kr.pe.sinnori.common.buildsystem.ProjectBuilder createNewEncoderSourceFile
정보: main project[sample_test]'s message encoder file[Echo][D:\gitsinnori\sinnori\project\sample_test\server_build\src\main\java\kr\pe\sinnori\impl\message] creation task start
4월 11, 2018 6:00:11 오후 kr.pe.sinnori.common.buildsystem.ProjectBuilder createNewEncoderSourceFile
정보: main project[sample_test]'s message encoder file[Echo][D:\gitsinnori\sinnori\project\sample_test\server_build\src\main\java\kr\pe\sinnori\impl\message] creation task end
4월 11, 2018 6:00:11 오후 kr.pe.sinnori.common.buildsystem.ProjectBuilder createNewServerCodecSourceFile
정보: main project[sample_test]'s message server codec file[Echo][D:\gitsinnori\sinnori\project\sample_test\server_build\src\main\java\kr\pe\sinnori\impl\message] creation task start
4월 11, 2018 6:00:11 오후 kr.pe.sinnori.common.buildsystem.ProjectBuilder createNewServerCodecSourceFile
정보: main project[sample_test]'s message server codec file[Echo][D:\gitsinnori\sinnori\project\sample_test\server_build\src\main\java\kr\pe\sinnori\impl\message] creation task end
4월 11, 2018 6:00:11 오후 kr.pe.sinnori.common.buildsystem.ProjectBuilder createNewClientCodecSourceFile
정보: main project[sample_test]'s message client codec file[Echo][D:\gitsinnori\sinnori\project\sample_test\server_build\src\main\java\kr\pe\sinnori\impl\message] creation task start
4월 11, 2018 6:00:11 오후 kr.pe.sinnori.common.buildsystem.ProjectBuilder createNewClientCodecSourceFile
정보: main project[sample_test]'s message client codec file[Echo][D:\gitsinnori\sinnori\project\sample_test\server_build\src\main\java\kr\pe\sinnori\impl\message] creation task end
4월 11, 2018 6:00:11 오후 kr.pe.sinnori.common.util.CommonStaticUtil createChildDirectoriesOfBasePath
정보: the new child relative direcotry[D:\gitsinnori\sinnori\project\sample_test\server_build\src\main\java\kr\pe\sinnori\impl\message][PublicKeyReq] was created successfully
4월 11, 2018 6:00:11 오후 kr.pe.sinnori.common.buildsystem.ProjectBuilder createNewMessageSourceFile
정보: main project[sample_test]'s message file[PublicKeyReq][D:\gitsinnori\sinnori\project\sample_test\server_build\src\main\java\kr\pe\sinnori\impl\message] creation task start
4월 11, 2018 6:00:11 오후 kr.pe.sinnori.common.buildsystem.ProjectBuilder createNewMessageSourceFile
정보: main project[sample_test]'s message file[PublicKeyReq][D:\gitsinnori\sinnori\project\sample_test\server_build\src\main\java\kr\pe\sinnori\impl\message] creation task end
4월 11, 2018 6:00:11 오후 kr.pe.sinnori.common.buildsystem.ProjectBuilder createNewDecoderSourceFile
정보: main project[sample_test]'s message decoder file[PublicKeyReq][D:\gitsinnori\sinnori\project\sample_test\server_build\src\main\java\kr\pe\sinnori\impl\message] creation task start
4월 11, 2018 6:00:11 오후 kr.pe.sinnori.common.buildsystem.ProjectBuilder createNewDecoderSourceFile
정보: main project[sample_test]'s message decoder file[PublicKeyReq][D:\gitsinnori\sinnori\project\sample_test\server_build\src\main\java\kr\pe\sinnori\impl\message] creation task end
4월 11, 2018 6:00:11 오후 kr.pe.sinnori.common.buildsystem.ProjectBuilder createNewEncoderSourceFile
정보: main project[sample_test]'s message encoder file[PublicKeyReq][D:\gitsinnori\sinnori\project\sample_test\server_build\src\main\java\kr\pe\sinnori\impl\message] creation task start
4월 11, 2018 6:00:11 오후 kr.pe.sinnori.common.buildsystem.ProjectBuilder createNewEncoderSourceFile
정보: main project[sample_test]'s message encoder file[PublicKeyReq][D:\gitsinnori\sinnori\project\sample_test\server_build\src\main\java\kr\pe\sinnori\impl\message] creation task end
4월 11, 2018 6:00:11 오후 kr.pe.sinnori.common.buildsystem.ProjectBuilder createNewServerCodecSourceFile
정보: main project[sample_test]'s message server codec file[PublicKeyReq][D:\gitsinnori\sinnori\project\sample_test\server_build\src\main\java\kr\pe\sinnori\impl\message] creation task start
4월 11, 2018 6:00:11 오후 kr.pe.sinnori.common.buildsystem.ProjectBuilder createNewServerCodecSourceFile
정보: main project[sample_test]'s message server codec file[PublicKeyReq][D:\gitsinnori\sinnori\project\sample_test\server_build\src\main\java\kr\pe\sinnori\impl\message] creation task end
4월 11, 2018 6:00:11 오후 kr.pe.sinnori.common.buildsystem.ProjectBuilder createNewClientCodecSourceFile
정보: main project[sample_test]'s message client codec file[PublicKeyReq][D:\gitsinnori\sinnori\project\sample_test\server_build\src\main\java\kr\pe\sinnori\impl\message] creation task start
4월 11, 2018 6:00:11 오후 kr.pe.sinnori.common.buildsystem.ProjectBuilder createNewClientCodecSourceFile
정보: main project[sample_test]'s message client codec file[PublicKeyReq][D:\gitsinnori\sinnori\project\sample_test\server_build\src\main\java\kr\pe\sinnori\impl\message] creation task end
4월 11, 2018 6:00:11 오후 kr.pe.sinnori.common.util.CommonStaticUtil createChildDirectoriesOfBasePath
정보: the new child relative direcotry[D:\gitsinnori\sinnori\project\sample_test\server_build\src\main\java\kr\pe\sinnori\impl\message][PublicKeyRes] was created successfully
4월 11, 2018 6:00:11 오후 kr.pe.sinnori.common.buildsystem.ProjectBuilder createNewMessageSourceFile
정보: main project[sample_test]'s message file[PublicKeyRes][D:\gitsinnori\sinnori\project\sample_test\server_build\src\main\java\kr\pe\sinnori\impl\message] creation task start
4월 11, 2018 6:00:11 오후 kr.pe.sinnori.common.buildsystem.ProjectBuilder createNewMessageSourceFile
정보: main project[sample_test]'s message file[PublicKeyRes][D:\gitsinnori\sinnori\project\sample_test\server_build\src\main\java\kr\pe\sinnori\impl\message] creation task end
4월 11, 2018 6:00:11 오후 kr.pe.sinnori.common.buildsystem.ProjectBuilder createNewDecoderSourceFile
정보: main project[sample_test]'s message decoder file[PublicKeyRes][D:\gitsinnori\sinnori\project\sample_test\server_build\src\main\java\kr\pe\sinnori\impl\message] creation task start
4월 11, 2018 6:00:11 오후 kr.pe.sinnori.common.buildsystem.ProjectBuilder createNewDecoderSourceFile
정보: main project[sample_test]'s message decoder file[PublicKeyRes][D:\gitsinnori\sinnori\project\sample_test\server_build\src\main\java\kr\pe\sinnori\impl\message] creation task end
4월 11, 2018 6:00:11 오후 kr.pe.sinnori.common.buildsystem.ProjectBuilder createNewEncoderSourceFile
정보: main project[sample_test]'s message encoder file[PublicKeyRes][D:\gitsinnori\sinnori\project\sample_test\server_build\src\main\java\kr\pe\sinnori\impl\message] creation task start
4월 11, 2018 6:00:11 오후 kr.pe.sinnori.common.buildsystem.ProjectBuilder createNewEncoderSourceFile
정보: main project[sample_test]'s message encoder file[PublicKeyRes][D:\gitsinnori\sinnori\project\sample_test\server_build\src\main\java\kr\pe\sinnori\impl\message] creation task end
4월 11, 2018 6:00:11 오후 kr.pe.sinnori.common.buildsystem.ProjectBuilder createNewServerCodecSourceFile
정보: main project[sample_test]'s message server codec file[PublicKeyRes][D:\gitsinnori\sinnori\project\sample_test\server_build\src\main\java\kr\pe\sinnori\impl\message] creation task start
4월 11, 2018 6:00:11 오후 kr.pe.sinnori.common.buildsystem.ProjectBuilder createNewServerCodecSourceFile
정보: main project[sample_test]'s message server codec file[PublicKeyRes][D:\gitsinnori\sinnori\project\sample_test\server_build\src\main\java\kr\pe\sinnori\impl\message] creation task end
4월 11, 2018 6:00:11 오후 kr.pe.sinnori.common.buildsystem.ProjectBuilder createNewClientCodecSourceFile
정보: main project[sample_test]'s message client codec file[PublicKeyRes][D:\gitsinnori\sinnori\project\sample_test\server_build\src\main\java\kr\pe\sinnori\impl\message] creation task start
4월 11, 2018 6:00:11 오후 kr.pe.sinnori.common.buildsystem.ProjectBuilder createNewClientCodecSourceFile
정보: main project[sample_test]'s message client codec file[PublicKeyRes][D:\gitsinnori\sinnori\project\sample_test\server_build\src\main\java\kr\pe\sinnori\impl\message] creation task end
4월 11, 2018 6:00:11 오후 kr.pe.sinnori.common.buildsystem.ProjectBuilder createServerMessageIOFileSet
정보: main project[sample_test]'s server message io file set creation task end
4월 11, 2018 6:00:11 오후 kr.pe.sinnori.common.buildsystem.ProjectBuilder createServerBuildSystemFiles
정보: server build system files creation task end
4월 11, 2018 6:00:11 오후 kr.pe.sinnori.common.buildsystem.ProjectBuilder createAppClientBuildSystemFiles
정보: mainproject[sample_test]'s application client build system files creation task start
4월 11, 2018 6:00:11 오후 kr.pe.sinnori.common.buildsystem.ProjectBuilder createNewAppClientAntBuildXMLFile
정보: main project[sample_test]'s application client ant build.xml file creation task start
4월 11, 2018 6:00:11 오후 kr.pe.sinnori.common.buildsystem.ProjectBuilder createNewAppClientAntBuildXMLFile
정보: main project[sample_test]'s application client ant build.xml file creation task end
4월 11, 2018 6:00:11 오후 kr.pe.sinnori.common.buildsystem.ProjectBuilder createNewAppClientDosShellFile
정보: main project[sample_test]'s application client dos shell file creation task start
4월 11, 2018 6:00:11 오후 kr.pe.sinnori.common.buildsystem.ProjectBuilder createNewAppClientDosShellFile
정보: main project[sample_test]'s application client dos shell file creation task end
4월 11, 2018 6:00:11 오후 kr.pe.sinnori.common.buildsystem.ProjectBuilder createNewAppClientUnixShellFile
정보: main project[sample_test]'s application client unix shell file creation task start
4월 11, 2018 6:00:11 오후 kr.pe.sinnori.common.buildsystem.ProjectBuilder createNewAppClientUnixShellFile
정보: main project[sample_test]'s application client unix shell file creation task end
4월 11, 2018 6:00:11 오후 kr.pe.sinnori.common.buildsystem.ProjectBuilder copyAppClientSampleFiles
정보: application client sample source files copy task start
4월 11, 2018 6:00:11 오후 kr.pe.sinnori.common.buildsystem.ProjectBuilder copyAppClientSampleFiles
정보: application client sample source files copy task end
4월 11, 2018 6:00:11 오후 kr.pe.sinnori.common.buildsystem.ProjectBuilder createNewAppClientAllMessageIOFileSet
정보: main project[sample_test]'s application client message io file set creation task start
4월 11, 2018 6:00:11 오후 kr.pe.sinnori.common.util.CommonStaticUtil createChildDirectoriesOfBasePath
정보: the new child relative direcotry[D:\gitsinnori\sinnori\project\sample_test\client_build\app_build\src\main\java\kr\pe\sinnori\impl\message][Echo] was created successfully
4월 11, 2018 6:00:11 오후 kr.pe.sinnori.common.buildsystem.ProjectBuilder createNewMessageSourceFile
정보: main project[sample_test]'s message file[Echo][D:\gitsinnori\sinnori\project\sample_test\client_build\app_build\src\main\java\kr\pe\sinnori\impl\message] creation task start
4월 11, 2018 6:00:11 오후 kr.pe.sinnori.common.buildsystem.ProjectBuilder createNewMessageSourceFile
정보: main project[sample_test]'s message file[Echo][D:\gitsinnori\sinnori\project\sample_test\client_build\app_build\src\main\java\kr\pe\sinnori\impl\message] creation task end
4월 11, 2018 6:00:11 오후 kr.pe.sinnori.common.buildsystem.ProjectBuilder createNewDecoderSourceFile
정보: main project[sample_test]'s message decoder file[Echo][D:\gitsinnori\sinnori\project\sample_test\client_build\app_build\src\main\java\kr\pe\sinnori\impl\message] creation task start
4월 11, 2018 6:00:11 오후 kr.pe.sinnori.common.buildsystem.ProjectBuilder createNewDecoderSourceFile
정보: main project[sample_test]'s message decoder file[Echo][D:\gitsinnori\sinnori\project\sample_test\client_build\app_build\src\main\java\kr\pe\sinnori\impl\message] creation task end
4월 11, 2018 6:00:11 오후 kr.pe.sinnori.common.buildsystem.ProjectBuilder createNewEncoderSourceFile
정보: main project[sample_test]'s message encoder file[Echo][D:\gitsinnori\sinnori\project\sample_test\client_build\app_build\src\main\java\kr\pe\sinnori\impl\message] creation task start
4월 11, 2018 6:00:11 오후 kr.pe.sinnori.common.buildsystem.ProjectBuilder createNewEncoderSourceFile
정보: main project[sample_test]'s message encoder file[Echo][D:\gitsinnori\sinnori\project\sample_test\client_build\app_build\src\main\java\kr\pe\sinnori\impl\message] creation task end
4월 11, 2018 6:00:11 오후 kr.pe.sinnori.common.buildsystem.ProjectBuilder createNewServerCodecSourceFile
정보: main project[sample_test]'s message server codec file[Echo][D:\gitsinnori\sinnori\project\sample_test\client_build\app_build\src\main\java\kr\pe\sinnori\impl\message] creation task start
4월 11, 2018 6:00:11 오후 kr.pe.sinnori.common.buildsystem.ProjectBuilder createNewServerCodecSourceFile
정보: main project[sample_test]'s message server codec file[Echo][D:\gitsinnori\sinnori\project\sample_test\client_build\app_build\src\main\java\kr\pe\sinnori\impl\message] creation task end
4월 11, 2018 6:00:11 오후 kr.pe.sinnori.common.buildsystem.ProjectBuilder createNewClientCodecSourceFile
정보: main project[sample_test]'s message client codec file[Echo][D:\gitsinnori\sinnori\project\sample_test\client_build\app_build\src\main\java\kr\pe\sinnori\impl\message] creation task start
4월 11, 2018 6:00:11 오후 kr.pe.sinnori.common.buildsystem.ProjectBuilder createNewClientCodecSourceFile
정보: main project[sample_test]'s message client codec file[Echo][D:\gitsinnori\sinnori\project\sample_test\client_build\app_build\src\main\java\kr\pe\sinnori\impl\message] creation task end
4월 11, 2018 6:00:11 오후 kr.pe.sinnori.common.util.CommonStaticUtil createChildDirectoriesOfBasePath
정보: the new child relative direcotry[D:\gitsinnori\sinnori\project\sample_test\client_build\app_build\src\main\java\kr\pe\sinnori\impl\message][PublicKeyReq] was created successfully
4월 11, 2018 6:00:11 오후 kr.pe.sinnori.common.buildsystem.ProjectBuilder createNewMessageSourceFile
정보: main project[sample_test]'s message file[PublicKeyReq][D:\gitsinnori\sinnori\project\sample_test\client_build\app_build\src\main\java\kr\pe\sinnori\impl\message] creation task start
4월 11, 2018 6:00:11 오후 kr.pe.sinnori.common.buildsystem.ProjectBuilder createNewMessageSourceFile
정보: main project[sample_test]'s message file[PublicKeyReq][D:\gitsinnori\sinnori\project\sample_test\client_build\app_build\src\main\java\kr\pe\sinnori\impl\message] creation task end
4월 11, 2018 6:00:11 오후 kr.pe.sinnori.common.buildsystem.ProjectBuilder createNewDecoderSourceFile
정보: main project[sample_test]'s message decoder file[PublicKeyReq][D:\gitsinnori\sinnori\project\sample_test\client_build\app_build\src\main\java\kr\pe\sinnori\impl\message] creation task start
4월 11, 2018 6:00:11 오후 kr.pe.sinnori.common.buildsystem.ProjectBuilder createNewDecoderSourceFile
정보: main project[sample_test]'s message decoder file[PublicKeyReq][D:\gitsinnori\sinnori\project\sample_test\client_build\app_build\src\main\java\kr\pe\sinnori\impl\message] creation task end
4월 11, 2018 6:00:11 오후 kr.pe.sinnori.common.buildsystem.ProjectBuilder createNewEncoderSourceFile
정보: main project[sample_test]'s message encoder file[PublicKeyReq][D:\gitsinnori\sinnori\project\sample_test\client_build\app_build\src\main\java\kr\pe\sinnori\impl\message] creation task start
4월 11, 2018 6:00:11 오후 kr.pe.sinnori.common.buildsystem.ProjectBuilder createNewEncoderSourceFile
정보: main project[sample_test]'s message encoder file[PublicKeyReq][D:\gitsinnori\sinnori\project\sample_test\client_build\app_build\src\main\java\kr\pe\sinnori\impl\message] creation task end
4월 11, 2018 6:00:11 오후 kr.pe.sinnori.common.buildsystem.ProjectBuilder createNewServerCodecSourceFile
정보: main project[sample_test]'s message server codec file[PublicKeyReq][D:\gitsinnori\sinnori\project\sample_test\client_build\app_build\src\main\java\kr\pe\sinnori\impl\message] creation task start
4월 11, 2018 6:00:11 오후 kr.pe.sinnori.common.buildsystem.ProjectBuilder createNewServerCodecSourceFile
정보: main project[sample_test]'s message server codec file[PublicKeyReq][D:\gitsinnori\sinnori\project\sample_test\client_build\app_build\src\main\java\kr\pe\sinnori\impl\message] creation task end
4월 11, 2018 6:00:11 오후 kr.pe.sinnori.common.buildsystem.ProjectBuilder createNewClientCodecSourceFile
정보: main project[sample_test]'s message client codec file[PublicKeyReq][D:\gitsinnori\sinnori\project\sample_test\client_build\app_build\src\main\java\kr\pe\sinnori\impl\message] creation task start
4월 11, 2018 6:00:11 오후 kr.pe.sinnori.common.buildsystem.ProjectBuilder createNewClientCodecSourceFile
정보: main project[sample_test]'s message client codec file[PublicKeyReq][D:\gitsinnori\sinnori\project\sample_test\client_build\app_build\src\main\java\kr\pe\sinnori\impl\message] creation task end
4월 11, 2018 6:00:11 오후 kr.pe.sinnori.common.util.CommonStaticUtil createChildDirectoriesOfBasePath
정보: the new child relative direcotry[D:\gitsinnori\sinnori\project\sample_test\client_build\app_build\src\main\java\kr\pe\sinnori\impl\message][PublicKeyRes] was created successfully
4월 11, 2018 6:00:11 오후 kr.pe.sinnori.common.buildsystem.ProjectBuilder createNewMessageSourceFile
정보: main project[sample_test]'s message file[PublicKeyRes][D:\gitsinnori\sinnori\project\sample_test\client_build\app_build\src\main\java\kr\pe\sinnori\impl\message] creation task start
4월 11, 2018 6:00:11 오후 kr.pe.sinnori.common.buildsystem.ProjectBuilder createNewMessageSourceFile
정보: main project[sample_test]'s message file[PublicKeyRes][D:\gitsinnori\sinnori\project\sample_test\client_build\app_build\src\main\java\kr\pe\sinnori\impl\message] creation task end
4월 11, 2018 6:00:11 오후 kr.pe.sinnori.common.buildsystem.ProjectBuilder createNewDecoderSourceFile
정보: main project[sample_test]'s message decoder file[PublicKeyRes][D:\gitsinnori\sinnori\project\sample_test\client_build\app_build\src\main\java\kr\pe\sinnori\impl\message] creation task start
4월 11, 2018 6:00:11 오후 kr.pe.sinnori.common.buildsystem.ProjectBuilder createNewDecoderSourceFile
정보: main project[sample_test]'s message decoder file[PublicKeyRes][D:\gitsinnori\sinnori\project\sample_test\client_build\app_build\src\main\java\kr\pe\sinnori\impl\message] creation task end
4월 11, 2018 6:00:11 오후 kr.pe.sinnori.common.buildsystem.ProjectBuilder createNewEncoderSourceFile
정보: main project[sample_test]'s message encoder file[PublicKeyRes][D:\gitsinnori\sinnori\project\sample_test\client_build\app_build\src\main\java\kr\pe\sinnori\impl\message] creation task start
4월 11, 2018 6:00:11 오후 kr.pe.sinnori.common.buildsystem.ProjectBuilder createNewEncoderSourceFile
정보: main project[sample_test]'s message encoder file[PublicKeyRes][D:\gitsinnori\sinnori\project\sample_test\client_build\app_build\src\main\java\kr\pe\sinnori\impl\message] creation task end
4월 11, 2018 6:00:11 오후 kr.pe.sinnori.common.buildsystem.ProjectBuilder createNewServerCodecSourceFile
정보: main project[sample_test]'s message server codec file[PublicKeyRes][D:\gitsinnori\sinnori\project\sample_test\client_build\app_build\src\main\java\kr\pe\sinnori\impl\message] creation task start
4월 11, 2018 6:00:11 오후 kr.pe.sinnori.common.buildsystem.ProjectBuilder createNewServerCodecSourceFile
정보: main project[sample_test]'s message server codec file[PublicKeyRes][D:\gitsinnori\sinnori\project\sample_test\client_build\app_build\src\main\java\kr\pe\sinnori\impl\message] creation task end
4월 11, 2018 6:00:11 오후 kr.pe.sinnori.common.buildsystem.ProjectBuilder createNewClientCodecSourceFile
정보: main project[sample_test]'s message client codec file[PublicKeyRes][D:\gitsinnori\sinnori\project\sample_test\client_build\app_build\src\main\java\kr\pe\sinnori\impl\message] creation task start
4월 11, 2018 6:00:11 오후 kr.pe.sinnori.common.buildsystem.ProjectBuilder createNewClientCodecSourceFile
정보: main project[sample_test]'s message client codec file[PublicKeyRes][D:\gitsinnori\sinnori\project\sample_test\client_build\app_build\src\main\java\kr\pe\sinnori\impl\message] creation task end
4월 11, 2018 6:00:11 오후 kr.pe.sinnori.common.buildsystem.ProjectBuilder createNewAppClientAllMessageIOFileSet
정보: main project[sample_test]'s application client message io file set creation task end
4월 11, 2018 6:00:11 오후 kr.pe.sinnori.common.buildsystem.ProjectBuilder createAppClientBuildSystemFiles
정보: mainproject[sample_test]'s application client build system files creation task end
4월 11, 2018 6:00:11 오후 kr.pe.sinnori.common.buildsystem.ProjectBuilder createFiles
정보: main project[sample_test]'s file creation task end
4월 11, 2018 6:00:11 오후 kr.pe.sinnori.common.config.SinnoriConfiguration convertSinnoriConfigSequencedPropertiesToAllPartItemsWithValidation
정보: item key[sessionkey.rsa.publickey.file.value]'s value is null because its status is inactive
4월 11, 2018 6:00:11 오후 kr.pe.sinnori.common.config.SinnoriConfiguration convertSinnoriConfigSequencedPropertiesToAllPartItemsWithValidation
정보: item key[sessionkey.rsa.privatekey.file.value]'s value is null because its status is inactive
4월 11, 2018 6:00:11 오후 kr.pe.sinnori.common.buildsystem.ProjectBuilder changeProjectState
정보: main project[sample_test] changeProjectState method start
4월 11, 2018 6:00:11 오후 kr.pe.sinnori.common.buildsystem.ProjectBuilder deleteServerBuildPath
정보: mainproject[sample_test]'s server build path deletion task start
4월 11, 2018 6:00:11 오후 kr.pe.sinnori.common.buildsystem.ProjectBuilder deleteServerBuildPath
정보: mainproject[sample_test]'s server build path deletion task end
4월 11, 2018 6:00:11 오후 kr.pe.sinnori.common.buildsystem.ProjectBuilder deleteAppClientBuildPath
정보: mainproject[sample_test]'s application client build path deletion task start
4월 11, 2018 6:00:12 오후 kr.pe.sinnori.common.buildsystem.ProjectBuilder deleteAppClientBuildPath
정보: mainproject[sample_test]'s application client build path deletion task end
4월 11, 2018 6:00:12 오후 kr.pe.sinnori.common.buildsystem.ProjectBuilder createWebBuildChildDirectories
정보: main project[sample_test]'s web build child direcotry creation task start
4월 11, 2018 6:00:12 오후 kr.pe.sinnori.common.util.CommonStaticUtil createChildDirectoriesOfBasePath
정보: the new child relative direcotry[D:\gitsinnori\sinnori\project\sample_test][client_build/web_build/corelib/ex] was created successfully
4월 11, 2018 6:00:12 오후 kr.pe.sinnori.common.util.CommonStaticUtil createChildDirectoriesOfBasePath
정보: the new child relative direcotry[D:\gitsinnori\sinnori\project\sample_test][client_build/web_build/corelib/in] was created successfully
4월 11, 2018 6:00:12 오후 kr.pe.sinnori.common.util.CommonStaticUtil createChildDirectoriesOfBasePath
정보: the new child relative direcotry[D:\gitsinnori\sinnori\project\sample_test][client_build/web_build/lib/main/ex] was created successfully
4월 11, 2018 6:00:12 오후 kr.pe.sinnori.common.util.CommonStaticUtil createChildDirectoriesOfBasePath
정보: the new child relative direcotry[D:\gitsinnori\sinnori\project\sample_test][client_build/web_build/lib/main/in] was created successfully
4월 11, 2018 6:00:12 오후 kr.pe.sinnori.common.util.CommonStaticUtil createChildDirectoriesOfBasePath
정보: the new child relative direcotry[D:\gitsinnori\sinnori\project\sample_test][client_build/web_build/lib/test] was created successfully
4월 11, 2018 6:00:12 오후 kr.pe.sinnori.common.util.CommonStaticUtil createChildDirectoriesOfBasePath
정보: the new child relative direcotry[D:\gitsinnori\sinnori\project\sample_test][client_build/web_build/src/main/java/kr/pe/sinnori/impl/message] was created successfully
4월 11, 2018 6:00:12 오후 kr.pe.sinnori.common.util.CommonStaticUtil createChildDirectoriesOfBasePath
정보: the new child relative direcotry[D:\gitsinnori\sinnori\project\sample_test][client_build/web_build/src/main/java//kr/pe/sinnori/servlet] was created successfully
4월 11, 2018 6:00:12 오후 kr.pe.sinnori.common.util.CommonStaticUtil createChildDirectoriesOfBasePath
정보: the new child relative direcotry[D:\gitsinnori\sinnori\project\sample_test][client_build/web_build/src/main/java/kr/pe/sinnori/weblib/common] was created successfully
4월 11, 2018 6:00:12 오후 kr.pe.sinnori.common.util.CommonStaticUtil createChildDirectoriesOfBasePath
정보: the new child relative direcotry[D:\gitsinnori\sinnori\project\sample_test][client_build/web_build/src/main/java/kr/pe/sinnori/weblib/htmlstring] was created successfully
4월 11, 2018 6:00:12 오후 kr.pe.sinnori.common.util.CommonStaticUtil createChildDirectoriesOfBasePath
정보: the new child relative direcotry[D:\gitsinnori\sinnori\project\sample_test][client_build/web_build/src/main/java/kr/pe/sinnori/weblib/jdf] was created successfully
4월 11, 2018 6:00:12 오후 kr.pe.sinnori.common.util.CommonStaticUtil createChildDirectoriesOfBasePath
정보: the new child relative direcotry[D:\gitsinnori\sinnori\project\sample_test][client_build/web_build/src/test/java] was created successfully
4월 11, 2018 6:00:12 오후 kr.pe.sinnori.common.util.CommonStaticUtil createChildDirectoriesOfBasePath
정보: the new child relative direcotry[D:\gitsinnori\sinnori\project\sample_test][client_build/web_build/build] was created successfully
4월 11, 2018 6:00:12 오후 kr.pe.sinnori.common.util.CommonStaticUtil createChildDirectoriesOfBasePath
정보: the new child relative direcotry[D:\gitsinnori\sinnori\project\sample_test][client_build/web_build/dist] was created successfully
4월 11, 2018 6:00:12 오후 kr.pe.sinnori.common.buildsystem.ProjectBuilder createWebBuildChildDirectories
정보: main project[sample_test]'s web build child direcotry creation task end
4월 11, 2018 6:00:12 오후 kr.pe.sinnori.common.buildsystem.ProjectBuilder createWebClientBuildSystemFiles
정보: main project[sample_test]'s web client build system files creation task start
4월 11, 2018 6:00:12 오후 kr.pe.sinnori.common.buildsystem.ProjectBuilder createNewWebClientAntBuildFile
정보: main project[sample_test]'s web client ant build.xml file creation task start
4월 11, 2018 6:00:12 오후 kr.pe.sinnori.common.buildsystem.ProjectBuilder createNewWebClientAntBuildFile
정보: main project[sample_test]'s web client ant build.xml file creation task end
4월 11, 2018 6:00:12 오후 kr.pe.sinnori.common.buildsystem.ProjectBuilder createNewWebClientAntPropertiesFile
정보: main project[sample_test]'s web client ant properties file creation task start
4월 11, 2018 6:00:12 오후 kr.pe.sinnori.common.util.SequencedPropertiesUtil createNewSequencedPropertiesFile
정보: the sequenced properties file[D:\gitsinnori\sinnori\project\sample_test\client_build\web_build\webAnt.properties] was created
4월 11, 2018 6:00:12 오후 kr.pe.sinnori.common.buildsystem.ProjectBuilder createNewWebClientAntPropertiesFile
정보: main project[sample_test]'s web client ant properties file creation task end
4월 11, 2018 6:00:12 오후 kr.pe.sinnori.common.buildsystem.ProjectBuilder createNewWebClientMessageIOFileSet
정보: main project[sample_test]'s web client message io file set creation task start
4월 11, 2018 6:00:12 오후 kr.pe.sinnori.common.util.CommonStaticUtil createChildDirectoriesOfBasePath
정보: the new child relative direcotry[D:\gitsinnori\sinnori\project\sample_test\client_build\web_build\src\main\java\kr\pe\sinnori\impl\message][Echo] was created successfully
4월 11, 2018 6:00:12 오후 kr.pe.sinnori.common.buildsystem.ProjectBuilder createNewMessageSourceFile
정보: main project[sample_test]'s message file[Echo][D:\gitsinnori\sinnori\project\sample_test\client_build\web_build\src\main\java\kr\pe\sinnori\impl\message] creation task start
4월 11, 2018 6:00:12 오후 kr.pe.sinnori.common.buildsystem.ProjectBuilder createNewMessageSourceFile
정보: main project[sample_test]'s message file[Echo][D:\gitsinnori\sinnori\project\sample_test\client_build\web_build\src\main\java\kr\pe\sinnori\impl\message] creation task end
4월 11, 2018 6:00:12 오후 kr.pe.sinnori.common.buildsystem.ProjectBuilder createNewDecoderSourceFile
정보: main project[sample_test]'s message decoder file[Echo][D:\gitsinnori\sinnori\project\sample_test\client_build\web_build\src\main\java\kr\pe\sinnori\impl\message] creation task start
4월 11, 2018 6:00:12 오후 kr.pe.sinnori.common.buildsystem.ProjectBuilder createNewDecoderSourceFile
정보: main project[sample_test]'s message decoder file[Echo][D:\gitsinnori\sinnori\project\sample_test\client_build\web_build\src\main\java\kr\pe\sinnori\impl\message] creation task end
4월 11, 2018 6:00:12 오후 kr.pe.sinnori.common.buildsystem.ProjectBuilder createNewEncoderSourceFile
정보: main project[sample_test]'s message encoder file[Echo][D:\gitsinnori\sinnori\project\sample_test\client_build\web_build\src\main\java\kr\pe\sinnori\impl\message] creation task start
4월 11, 2018 6:00:12 오후 kr.pe.sinnori.common.buildsystem.ProjectBuilder createNewEncoderSourceFile
정보: main project[sample_test]'s message encoder file[Echo][D:\gitsinnori\sinnori\project\sample_test\client_build\web_build\src\main\java\kr\pe\sinnori\impl\message] creation task end
4월 11, 2018 6:00:12 오후 kr.pe.sinnori.common.buildsystem.ProjectBuilder createNewServerCodecSourceFile
정보: main project[sample_test]'s message server codec file[Echo][D:\gitsinnori\sinnori\project\sample_test\client_build\web_build\src\main\java\kr\pe\sinnori\impl\message] creation task start
4월 11, 2018 6:00:12 오후 kr.pe.sinnori.common.buildsystem.ProjectBuilder createNewServerCodecSourceFile
정보: main project[sample_test]'s message server codec file[Echo][D:\gitsinnori\sinnori\project\sample_test\client_build\web_build\src\main\java\kr\pe\sinnori\impl\message] creation task end
4월 11, 2018 6:00:12 오후 kr.pe.sinnori.common.buildsystem.ProjectBuilder createNewClientCodecSourceFile
정보: main project[sample_test]'s message client codec file[Echo][D:\gitsinnori\sinnori\project\sample_test\client_build\web_build\src\main\java\kr\pe\sinnori\impl\message] creation task start
4월 11, 2018 6:00:12 오후 kr.pe.sinnori.common.buildsystem.ProjectBuilder createNewClientCodecSourceFile
정보: main project[sample_test]'s message client codec file[Echo][D:\gitsinnori\sinnori\project\sample_test\client_build\web_build\src\main\java\kr\pe\sinnori\impl\message] creation task end
4월 11, 2018 6:00:12 오후 kr.pe.sinnori.common.util.CommonStaticUtil createChildDirectoriesOfBasePath
정보: the new child relative direcotry[D:\gitsinnori\sinnori\project\sample_test\client_build\web_build\src\main\java\kr\pe\sinnori\impl\message][PublicKeyReq] was created successfully
4월 11, 2018 6:00:12 오후 kr.pe.sinnori.common.buildsystem.ProjectBuilder createNewMessageSourceFile
정보: main project[sample_test]'s message file[PublicKeyReq][D:\gitsinnori\sinnori\project\sample_test\client_build\web_build\src\main\java\kr\pe\sinnori\impl\message] creation task start
4월 11, 2018 6:00:12 오후 kr.pe.sinnori.common.buildsystem.ProjectBuilder createNewMessageSourceFile
정보: main project[sample_test]'s message file[PublicKeyReq][D:\gitsinnori\sinnori\project\sample_test\client_build\web_build\src\main\java\kr\pe\sinnori\impl\message] creation task end
4월 11, 2018 6:00:12 오후 kr.pe.sinnori.common.buildsystem.ProjectBuilder createNewDecoderSourceFile
정보: main project[sample_test]'s message decoder file[PublicKeyReq][D:\gitsinnori\sinnori\project\sample_test\client_build\web_build\src\main\java\kr\pe\sinnori\impl\message] creation task start
4월 11, 2018 6:00:12 오후 kr.pe.sinnori.common.buildsystem.ProjectBuilder createNewDecoderSourceFile
정보: main project[sample_test]'s message decoder file[PublicKeyReq][D:\gitsinnori\sinnori\project\sample_test\client_build\web_build\src\main\java\kr\pe\sinnori\impl\message] creation task end
4월 11, 2018 6:00:12 오후 kr.pe.sinnori.common.buildsystem.ProjectBuilder createNewEncoderSourceFile
정보: main project[sample_test]'s message encoder file[PublicKeyReq][D:\gitsinnori\sinnori\project\sample_test\client_build\web_build\src\main\java\kr\pe\sinnori\impl\message] creation task start
4월 11, 2018 6:00:12 오후 kr.pe.sinnori.common.buildsystem.ProjectBuilder createNewEncoderSourceFile
정보: main project[sample_test]'s message encoder file[PublicKeyReq][D:\gitsinnori\sinnori\project\sample_test\client_build\web_build\src\main\java\kr\pe\sinnori\impl\message] creation task end
4월 11, 2018 6:00:12 오후 kr.pe.sinnori.common.buildsystem.ProjectBuilder createNewServerCodecSourceFile
정보: main project[sample_test]'s message server codec file[PublicKeyReq][D:\gitsinnori\sinnori\project\sample_test\client_build\web_build\src\main\java\kr\pe\sinnori\impl\message] creation task start
4월 11, 2018 6:00:12 오후 kr.pe.sinnori.common.buildsystem.ProjectBuilder createNewServerCodecSourceFile
정보: main project[sample_test]'s message server codec file[PublicKeyReq][D:\gitsinnori\sinnori\project\sample_test\client_build\web_build\src\main\java\kr\pe\sinnori\impl\message] creation task end
4월 11, 2018 6:00:12 오후 kr.pe.sinnori.common.buildsystem.ProjectBuilder createNewClientCodecSourceFile
정보: main project[sample_test]'s message client codec file[PublicKeyReq][D:\gitsinnori\sinnori\project\sample_test\client_build\web_build\src\main\java\kr\pe\sinnori\impl\message] creation task start
4월 11, 2018 6:00:12 오후 kr.pe.sinnori.common.buildsystem.ProjectBuilder createNewClientCodecSourceFile
정보: main project[sample_test]'s message client codec file[PublicKeyReq][D:\gitsinnori\sinnori\project\sample_test\client_build\web_build\src\main\java\kr\pe\sinnori\impl\message] creation task end
4월 11, 2018 6:00:12 오후 kr.pe.sinnori.common.util.CommonStaticUtil createChildDirectoriesOfBasePath
정보: the new child relative direcotry[D:\gitsinnori\sinnori\project\sample_test\client_build\web_build\src\main\java\kr\pe\sinnori\impl\message][PublicKeyRes] was created successfully
4월 11, 2018 6:00:12 오후 kr.pe.sinnori.common.buildsystem.ProjectBuilder createNewMessageSourceFile
정보: main project[sample_test]'s message file[PublicKeyRes][D:\gitsinnori\sinnori\project\sample_test\client_build\web_build\src\main\java\kr\pe\sinnori\impl\message] creation task start
4월 11, 2018 6:00:12 오후 kr.pe.sinnori.common.buildsystem.ProjectBuilder createNewMessageSourceFile
정보: main project[sample_test]'s message file[PublicKeyRes][D:\gitsinnori\sinnori\project\sample_test\client_build\web_build\src\main\java\kr\pe\sinnori\impl\message] creation task end
4월 11, 2018 6:00:12 오후 kr.pe.sinnori.common.buildsystem.ProjectBuilder createNewDecoderSourceFile
정보: main project[sample_test]'s message decoder file[PublicKeyRes][D:\gitsinnori\sinnori\project\sample_test\client_build\web_build\src\main\java\kr\pe\sinnori\impl\message] creation task start
4월 11, 2018 6:00:12 오후 kr.pe.sinnori.common.buildsystem.ProjectBuilder createNewDecoderSourceFile
정보: main project[sample_test]'s message decoder file[PublicKeyRes][D:\gitsinnori\sinnori\project\sample_test\client_build\web_build\src\main\java\kr\pe\sinnori\impl\message] creation task end
4월 11, 2018 6:00:12 오후 kr.pe.sinnori.common.buildsystem.ProjectBuilder createNewEncoderSourceFile
정보: main project[sample_test]'s message encoder file[PublicKeyRes][D:\gitsinnori\sinnori\project\sample_test\client_build\web_build\src\main\java\kr\pe\sinnori\impl\message] creation task start
4월 11, 2018 6:00:12 오후 kr.pe.sinnori.common.buildsystem.ProjectBuilder createNewEncoderSourceFile
정보: main project[sample_test]'s message encoder file[PublicKeyRes][D:\gitsinnori\sinnori\project\sample_test\client_build\web_build\src\main\java\kr\pe\sinnori\impl\message] creation task end
4월 11, 2018 6:00:12 오후 kr.pe.sinnori.common.buildsystem.ProjectBuilder createNewServerCodecSourceFile
정보: main project[sample_test]'s message server codec file[PublicKeyRes][D:\gitsinnori\sinnori\project\sample_test\client_build\web_build\src\main\java\kr\pe\sinnori\impl\message] creation task start
4월 11, 2018 6:00:12 오후 kr.pe.sinnori.common.buildsystem.ProjectBuilder createNewServerCodecSourceFile
정보: main project[sample_test]'s message server codec file[PublicKeyRes][D:\gitsinnori\sinnori\project\sample_test\client_build\web_build\src\main\java\kr\pe\sinnori\impl\message] creation task end
4월 11, 2018 6:00:12 오후 kr.pe.sinnori.common.buildsystem.ProjectBuilder createNewClientCodecSourceFile
정보: main project[sample_test]'s message client codec file[PublicKeyRes][D:\gitsinnori\sinnori\project\sample_test\client_build\web_build\src\main\java\kr\pe\sinnori\impl\message] creation task start
4월 11, 2018 6:00:12 오후 kr.pe.sinnori.common.buildsystem.ProjectBuilder createNewClientCodecSourceFile
정보: main project[sample_test]'s message client codec file[PublicKeyRes][D:\gitsinnori\sinnori\project\sample_test\client_build\web_build\src\main\java\kr\pe\sinnori\impl\message] creation task end
4월 11, 2018 6:00:12 오후 kr.pe.sinnori.common.buildsystem.ProjectBuilder createNewWebClientMessageIOFileSet
정보: main project[sample_test]'s web client message io file set creation task end
4월 11, 2018 6:00:12 오후 kr.pe.sinnori.common.buildsystem.ProjectBuilder copyWebClientSampleFiles
정보: mainproject[sample_test]'s web client sample source files copy task start
4월 11, 2018 6:00:12 오후 kr.pe.sinnori.common.buildsystem.ProjectBuilder copyWebClientSampleFiles
정보: mainproject[sample_test]'s web client sample source files copy task end
4월 11, 2018 6:00:12 오후 kr.pe.sinnori.common.buildsystem.ProjectBuilder createWebClientBuildSystemFiles
정보: main project[sample_test]'s web client build system files creation task end
4월 11, 2018 6:00:12 오후 kr.pe.sinnori.common.buildsystem.ProjectBuilder createWebRootChildDirectories
정보: main project[sample_test]'s web root child direcotry creation task start
4월 11, 2018 6:00:12 오후 kr.pe.sinnori.common.util.CommonStaticUtil createChildDirectoriesOfBasePath
정보: the new child relative direcotry[D:\gitsinnori\sinnori\project\sample_test][web_app_base/upload] was created successfully
4월 11, 2018 6:00:12 오후 kr.pe.sinnori.common.util.CommonStaticUtil createChildDirectoriesOfBasePath
정보: the new child relative direcotry[D:\gitsinnori\sinnori\project\sample_test][web_app_base/ROOT/WEB-INF/classes] was created successfully
4월 11, 2018 6:00:12 오후 kr.pe.sinnori.common.util.CommonStaticUtil createChildDirectoriesOfBasePath
정보: the new child relative direcotry[D:\gitsinnori\sinnori\project\sample_test][web_app_base/ROOT/WEB-INF/lib] was created successfully
4월 11, 2018 6:00:12 오후 kr.pe.sinnori.common.buildsystem.ProjectBuilder createWebRootChildDirectories
정보: main project[sample_test]'s web root child direcotry creation task end
4월 11, 2018 6:00:12 오후 kr.pe.sinnori.common.buildsystem.ProjectBuilder createWebRootSampleFiles
정보: main project[sample_test]'s web root sample files creation task start
4월 11, 2018 6:00:12 오후 kr.pe.sinnori.common.buildsystem.ProjectBuilder copyWebRootSampleFiles
정보: main project[sample_test]'s web root sample files copy task start
4월 11, 2018 6:00:12 오후 kr.pe.sinnori.common.buildsystem.ProjectBuilder copyWebRootSampleFiles
정보: main project[sample_test]'s web root sample files copy task end
4월 11, 2018 6:00:12 오후 kr.pe.sinnori.common.buildsystem.ProjectBuilder createWebRootSampleFiles
정보: main project[sample_test]'s web root sample files creation task end
4월 11, 2018 6:00:12 오후 kr.pe.sinnori.common.buildsystem.ProjectBuilder overwriteSinnoriConfigFile
정보: main project[sample_test]'s config file overwrite task start
4월 11, 2018 6:00:12 오후 kr.pe.sinnori.common.buildsystem.ProjectBuilder overwriteSinnoriConfigFile
정보: main project[sample_test]'s config file overwrite task end
4월 11, 2018 6:00:12 오후 kr.pe.sinnori.common.buildsystem.ProjectBuilder changeProjectState
정보: main project[sample_test] changeProjectState method end
4월 11, 2018 6:00:12 오후 kr.pe.sinnori.common.buildsystem.ProjectBuilder isValidServerAntBuildXMLFile
정보: the server ant build.xml file[D:\gitsinnori\sinnori\project\sample_test\server_build\build.xml] is bad :: whetherExist[false] isFile[false]
4월 11, 2018 6:00:12 오후 kr.pe.sinnori.common.buildsystem.ProjectBuilder isValidAppClientAntBuildXMLFile
정보: the app client ant build.xml file[D:\gitsinnori\sinnori\project\sample_test\client_build\app_build\build.xml] is bad :: whetherExist[false] isFile[false]
4월 11, 2018 6:00:12 오후 kr.pe.sinnori.common.buildsystem.ProjectBuilder changeProjectState
정보: main project[sample_test] changeProjectState method start
4월 11, 2018 6:00:12 오후 kr.pe.sinnori.common.buildsystem.ProjectBuilder isValidServerAntBuildXMLFile
정보: the server ant build.xml file[D:\gitsinnori\sinnori\project\sample_test\server_build\build.xml] is bad :: whetherExist[false] isFile[false]
4월 11, 2018 6:00:12 오후 kr.pe.sinnori.common.buildsystem.ProjectBuilder changeProjectState
경고: the server buid.xml file[D:\gitsinnori\sinnori\project\sample_test\server_build\build.xml] is bad beacse it doesn't exist or is not a file, so skip deletion of server build system
4월 11, 2018 6:00:12 오후 kr.pe.sinnori.common.buildsystem.ProjectBuilder createAppBuildChildDirectories
정보: main project[sample_test]'s application build child direcotry creation task start
4월 11, 2018 6:00:12 오후 kr.pe.sinnori.common.util.CommonStaticUtil createChildDirectoriesOfBasePath
정보: the new child relative direcotry[D:\gitsinnori\sinnori\project\sample_test][client_build/app_build/corelib/ex] was created successfully
4월 11, 2018 6:00:12 오후 kr.pe.sinnori.common.util.CommonStaticUtil createChildDirectoriesOfBasePath
정보: the new child relative direcotry[D:\gitsinnori\sinnori\project\sample_test][client_build/app_build/corelib/in] was created successfully
4월 11, 2018 6:00:12 오후 kr.pe.sinnori.common.util.CommonStaticUtil createChildDirectoriesOfBasePath
정보: the new child relative direcotry[D:\gitsinnori\sinnori\project\sample_test][client_build/app_build/lib/main/ex] was created successfully
4월 11, 2018 6:00:12 오후 kr.pe.sinnori.common.util.CommonStaticUtil createChildDirectoriesOfBasePath
정보: the new child relative direcotry[D:\gitsinnori\sinnori\project\sample_test][client_build/app_build/lib/main/in] was created successfully
4월 11, 2018 6:00:12 오후 kr.pe.sinnori.common.util.CommonStaticUtil createChildDirectoriesOfBasePath
정보: the new child relative direcotry[D:\gitsinnori\sinnori\project\sample_test][client_build/app_build/lib/test] was created successfully
4월 11, 2018 6:00:12 오후 kr.pe.sinnori.common.util.CommonStaticUtil createChildDirectoriesOfBasePath
정보: the new child relative direcotry[D:\gitsinnori\sinnori\project\sample_test][client_build/app_build/src/main/java/kr/pe/sinnori/impl/message] was created successfully
4월 11, 2018 6:00:12 오후 kr.pe.sinnori.common.util.CommonStaticUtil createChildDirectoriesOfBasePath
정보: the new child relative direcotry[D:\gitsinnori\sinnori\project\sample_test][client_build/app_build/src/main/java/main] was created successfully
4월 11, 2018 6:00:12 오후 kr.pe.sinnori.common.util.CommonStaticUtil createChildDirectoriesOfBasePath
정보: the new child relative direcotry[D:\gitsinnori\sinnori\project\sample_test][client_build/app_build/src/test/java] was created successfully
4월 11, 2018 6:00:12 오후 kr.pe.sinnori.common.util.CommonStaticUtil createChildDirectoriesOfBasePath
정보: the new child relative direcotry[D:\gitsinnori\sinnori\project\sample_test][client_build/app_build/build] was created successfully
4월 11, 2018 6:00:12 오후 kr.pe.sinnori.common.util.CommonStaticUtil createChildDirectoriesOfBasePath
정보: the new child relative direcotry[D:\gitsinnori\sinnori\project\sample_test][client_build/app_build/dist] was created successfully
4월 11, 2018 6:00:12 오후 kr.pe.sinnori.common.buildsystem.ProjectBuilder createAppBuildChildDirectories
정보: main project[sample_test]'s application build child direcotry creation task end
4월 11, 2018 6:00:12 오후 kr.pe.sinnori.common.buildsystem.ProjectBuilder createAppClientBuildSystemFiles
정보: mainproject[sample_test]'s application client build system files creation task start
4월 11, 2018 6:00:12 오후 kr.pe.sinnori.common.buildsystem.ProjectBuilder createNewAppClientAntBuildXMLFile
정보: main project[sample_test]'s application client ant build.xml file creation task start
4월 11, 2018 6:00:12 오후 kr.pe.sinnori.common.buildsystem.ProjectBuilder createNewAppClientAntBuildXMLFile
정보: main project[sample_test]'s application client ant build.xml file creation task end
4월 11, 2018 6:00:12 오후 kr.pe.sinnori.common.buildsystem.ProjectBuilder createNewAppClientDosShellFile
정보: main project[sample_test]'s application client dos shell file creation task start
4월 11, 2018 6:00:12 오후 kr.pe.sinnori.common.buildsystem.ProjectBuilder createNewAppClientDosShellFile
정보: main project[sample_test]'s application client dos shell file creation task end
4월 11, 2018 6:00:12 오후 kr.pe.sinnori.common.buildsystem.ProjectBuilder createNewAppClientUnixShellFile
정보: main project[sample_test]'s application client unix shell file creation task start
4월 11, 2018 6:00:12 오후 kr.pe.sinnori.common.buildsystem.ProjectBuilder createNewAppClientUnixShellFile
정보: main project[sample_test]'s application client unix shell file creation task end
4월 11, 2018 6:00:12 오후 kr.pe.sinnori.common.buildsystem.ProjectBuilder copyAppClientSampleFiles
정보: application client sample source files copy task start
4월 11, 2018 6:00:12 오후 kr.pe.sinnori.common.buildsystem.ProjectBuilder copyAppClientSampleFiles
정보: application client sample source files copy task end
4월 11, 2018 6:00:12 오후 kr.pe.sinnori.common.buildsystem.ProjectBuilder createNewAppClientAllMessageIOFileSet
정보: main project[sample_test]'s application client message io file set creation task start
4월 11, 2018 6:00:12 오후 kr.pe.sinnori.common.util.CommonStaticUtil createChildDirectoriesOfBasePath
정보: the new child relative direcotry[D:\gitsinnori\sinnori\project\sample_test\client_build\app_build\src\main\java\kr\pe\sinnori\impl\message][Echo] was created successfully
4월 11, 2018 6:00:12 오후 kr.pe.sinnori.common.buildsystem.ProjectBuilder createNewMessageSourceFile
정보: main project[sample_test]'s message file[Echo][D:\gitsinnori\sinnori\project\sample_test\client_build\app_build\src\main\java\kr\pe\sinnori\impl\message] creation task start
4월 11, 2018 6:00:12 오후 kr.pe.sinnori.common.buildsystem.ProjectBuilder createNewMessageSourceFile
정보: main project[sample_test]'s message file[Echo][D:\gitsinnori\sinnori\project\sample_test\client_build\app_build\src\main\java\kr\pe\sinnori\impl\message] creation task end
4월 11, 2018 6:00:12 오후 kr.pe.sinnori.common.buildsystem.ProjectBuilder createNewDecoderSourceFile
정보: main project[sample_test]'s message decoder file[Echo][D:\gitsinnori\sinnori\project\sample_test\client_build\app_build\src\main\java\kr\pe\sinnori\impl\message] creation task start
4월 11, 2018 6:00:12 오후 kr.pe.sinnori.common.buildsystem.ProjectBuilder createNewDecoderSourceFile
정보: main project[sample_test]'s message decoder file[Echo][D:\gitsinnori\sinnori\project\sample_test\client_build\app_build\src\main\java\kr\pe\sinnori\impl\message] creation task end
4월 11, 2018 6:00:12 오후 kr.pe.sinnori.common.buildsystem.ProjectBuilder createNewEncoderSourceFile
정보: main project[sample_test]'s message encoder file[Echo][D:\gitsinnori\sinnori\project\sample_test\client_build\app_build\src\main\java\kr\pe\sinnori\impl\message] creation task start
4월 11, 2018 6:00:12 오후 kr.pe.sinnori.common.buildsystem.ProjectBuilder createNewEncoderSourceFile
정보: main project[sample_test]'s message encoder file[Echo][D:\gitsinnori\sinnori\project\sample_test\client_build\app_build\src\main\java\kr\pe\sinnori\impl\message] creation task end
4월 11, 2018 6:00:12 오후 kr.pe.sinnori.common.buildsystem.ProjectBuilder createNewServerCodecSourceFile
정보: main project[sample_test]'s message server codec file[Echo][D:\gitsinnori\sinnori\project\sample_test\client_build\app_build\src\main\java\kr\pe\sinnori\impl\message] creation task start
4월 11, 2018 6:00:12 오후 kr.pe.sinnori.common.buildsystem.ProjectBuilder createNewServerCodecSourceFile
정보: main project[sample_test]'s message server codec file[Echo][D:\gitsinnori\sinnori\project\sample_test\client_build\app_build\src\main\java\kr\pe\sinnori\impl\message] creation task end
4월 11, 2018 6:00:12 오후 kr.pe.sinnori.common.buildsystem.ProjectBuilder createNewClientCodecSourceFile
정보: main project[sample_test]'s message client codec file[Echo][D:\gitsinnori\sinnori\project\sample_test\client_build\app_build\src\main\java\kr\pe\sinnori\impl\message] creation task start
4월 11, 2018 6:00:12 오후 kr.pe.sinnori.common.buildsystem.ProjectBuilder createNewClientCodecSourceFile
정보: main project[sample_test]'s message client codec file[Echo][D:\gitsinnori\sinnori\project\sample_test\client_build\app_build\src\main\java\kr\pe\sinnori\impl\message] creation task end
4월 11, 2018 6:00:12 오후 kr.pe.sinnori.common.util.CommonStaticUtil createChildDirectoriesOfBasePath
정보: the new child relative direcotry[D:\gitsinnori\sinnori\project\sample_test\client_build\app_build\src\main\java\kr\pe\sinnori\impl\message][PublicKeyReq] was created successfully
4월 11, 2018 6:00:12 오후 kr.pe.sinnori.common.buildsystem.ProjectBuilder createNewMessageSourceFile
정보: main project[sample_test]'s message file[PublicKeyReq][D:\gitsinnori\sinnori\project\sample_test\client_build\app_build\src\main\java\kr\pe\sinnori\impl\message] creation task start
4월 11, 2018 6:00:12 오후 kr.pe.sinnori.common.buildsystem.ProjectBuilder createNewMessageSourceFile
정보: main project[sample_test]'s message file[PublicKeyReq][D:\gitsinnori\sinnori\project\sample_test\client_build\app_build\src\main\java\kr\pe\sinnori\impl\message] creation task end
4월 11, 2018 6:00:12 오후 kr.pe.sinnori.common.buildsystem.ProjectBuilder createNewDecoderSourceFile
정보: main project[sample_test]'s message decoder file[PublicKeyReq][D:\gitsinnori\sinnori\project\sample_test\client_build\app_build\src\main\java\kr\pe\sinnori\impl\message] creation task start
4월 11, 2018 6:00:12 오후 kr.pe.sinnori.common.buildsystem.ProjectBuilder createNewDecoderSourceFile
정보: main project[sample_test]'s message decoder file[PublicKeyReq][D:\gitsinnori\sinnori\project\sample_test\client_build\app_build\src\main\java\kr\pe\sinnori\impl\message] creation task end
4월 11, 2018 6:00:12 오후 kr.pe.sinnori.common.buildsystem.ProjectBuilder createNewEncoderSourceFile
정보: main project[sample_test]'s message encoder file[PublicKeyReq][D:\gitsinnori\sinnori\project\sample_test\client_build\app_build\src\main\java\kr\pe\sinnori\impl\message] creation task start
4월 11, 2018 6:00:12 오후 kr.pe.sinnori.common.buildsystem.ProjectBuilder createNewEncoderSourceFile
정보: main project[sample_test]'s message encoder file[PublicKeyReq][D:\gitsinnori\sinnori\project\sample_test\client_build\app_build\src\main\java\kr\pe\sinnori\impl\message] creation task end
4월 11, 2018 6:00:12 오후 kr.pe.sinnori.common.buildsystem.ProjectBuilder createNewServerCodecSourceFile
정보: main project[sample_test]'s message server codec file[PublicKeyReq][D:\gitsinnori\sinnori\project\sample_test\client_build\app_build\src\main\java\kr\pe\sinnori\impl\message] creation task start
4월 11, 2018 6:00:12 오후 kr.pe.sinnori.common.buildsystem.ProjectBuilder createNewServerCodecSourceFile
정보: main project[sample_test]'s message server codec file[PublicKeyReq][D:\gitsinnori\sinnori\project\sample_test\client_build\app_build\src\main\java\kr\pe\sinnori\impl\message] creation task end
4월 11, 2018 6:00:12 오후 kr.pe.sinnori.common.buildsystem.ProjectBuilder createNewClientCodecSourceFile
정보: main project[sample_test]'s message client codec file[PublicKeyReq][D:\gitsinnori\sinnori\project\sample_test\client_build\app_build\src\main\java\kr\pe\sinnori\impl\message] creation task start
4월 11, 2018 6:00:12 오후 kr.pe.sinnori.common.buildsystem.ProjectBuilder createNewClientCodecSourceFile
정보: main project[sample_test]'s message client codec file[PublicKeyReq][D:\gitsinnori\sinnori\project\sample_test\client_build\app_build\src\main\java\kr\pe\sinnori\impl\message] creation task end
4월 11, 2018 6:00:12 오후 kr.pe.sinnori.common.util.CommonStaticUtil createChildDirectoriesOfBasePath
정보: the new child relative direcotry[D:\gitsinnori\sinnori\project\sample_test\client_build\app_build\src\main\java\kr\pe\sinnori\impl\message][PublicKeyRes] was created successfully
4월 11, 2018 6:00:12 오후 kr.pe.sinnori.common.buildsystem.ProjectBuilder createNewMessageSourceFile
정보: main project[sample_test]'s message file[PublicKeyRes][D:\gitsinnori\sinnori\project\sample_test\client_build\app_build\src\main\java\kr\pe\sinnori\impl\message] creation task start
4월 11, 2018 6:00:12 오후 kr.pe.sinnori.common.buildsystem.ProjectBuilder createNewMessageSourceFile
정보: main project[sample_test]'s message file[PublicKeyRes][D:\gitsinnori\sinnori\project\sample_test\client_build\app_build\src\main\java\kr\pe\sinnori\impl\message] creation task end
4월 11, 2018 6:00:12 오후 kr.pe.sinnori.common.buildsystem.ProjectBuilder createNewDecoderSourceFile
정보: main project[sample_test]'s message decoder file[PublicKeyRes][D:\gitsinnori\sinnori\project\sample_test\client_build\app_build\src\main\java\kr\pe\sinnori\impl\message] creation task start
4월 11, 2018 6:00:12 오후 kr.pe.sinnori.common.buildsystem.ProjectBuilder createNewDecoderSourceFile
정보: main project[sample_test]'s message decoder file[PublicKeyRes][D:\gitsinnori\sinnori\project\sample_test\client_build\app_build\src\main\java\kr\pe\sinnori\impl\message] creation task end
4월 11, 2018 6:00:12 오후 kr.pe.sinnori.common.buildsystem.ProjectBuilder createNewEncoderSourceFile
정보: main project[sample_test]'s message encoder file[PublicKeyRes][D:\gitsinnori\sinnori\project\sample_test\client_build\app_build\src\main\java\kr\pe\sinnori\impl\message] creation task start
4월 11, 2018 6:00:12 오후 kr.pe.sinnori.common.buildsystem.ProjectBuilder createNewEncoderSourceFile
정보: main project[sample_test]'s message encoder file[PublicKeyRes][D:\gitsinnori\sinnori\project\sample_test\client_build\app_build\src\main\java\kr\pe\sinnori\impl\message] creation task end
4월 11, 2018 6:00:12 오후 kr.pe.sinnori.common.buildsystem.ProjectBuilder createNewServerCodecSourceFile
정보: main project[sample_test]'s message server codec file[PublicKeyRes][D:\gitsinnori\sinnori\project\sample_test\client_build\app_build\src\main\java\kr\pe\sinnori\impl\message] creation task start
4월 11, 2018 6:00:12 오후 kr.pe.sinnori.common.buildsystem.ProjectBuilder createNewServerCodecSourceFile
정보: main project[sample_test]'s message server codec file[PublicKeyRes][D:\gitsinnori\sinnori\project\sample_test\client_build\app_build\src\main\java\kr\pe\sinnori\impl\message] creation task end
4월 11, 2018 6:00:12 오후 kr.pe.sinnori.common.buildsystem.ProjectBuilder createNewClientCodecSourceFile
정보: main project[sample_test]'s message client codec file[PublicKeyRes][D:\gitsinnori\sinnori\project\sample_test\client_build\app_build\src\main\java\kr\pe\sinnori\impl\message] creation task start
4월 11, 2018 6:00:12 오후 kr.pe.sinnori.common.buildsystem.ProjectBuilder createNewClientCodecSourceFile
정보: main project[sample_test]'s message client codec file[PublicKeyRes][D:\gitsinnori\sinnori\project\sample_test\client_build\app_build\src\main\java\kr\pe\sinnori\impl\message] creation task end
4월 11, 2018 6:00:12 오후 kr.pe.sinnori.common.buildsystem.ProjectBuilder createNewAppClientAllMessageIOFileSet
정보: main project[sample_test]'s application client message io file set creation task end
4월 11, 2018 6:00:12 오후 kr.pe.sinnori.common.buildsystem.ProjectBuilder createAppClientBuildSystemFiles
정보: mainproject[sample_test]'s application client build system files creation task end
4월 11, 2018 6:00:12 오후 kr.pe.sinnori.common.buildsystem.ProjectBuilder deleteWebCientBuildPath
정보: main project[sample_test]'s web client build path deletion task start
4월 11, 2018 6:00:12 오후 kr.pe.sinnori.common.buildsystem.ProjectBuilder deleteWebCientBuildPath
정보: main project[sample_test]'s web client build path deletion task end
4월 11, 2018 6:00:12 오후 kr.pe.sinnori.common.buildsystem.ProjectBuilder deleteWebRoot
정보: main project[sample_test]'s web root path deletion task start
4월 11, 2018 6:00:12 오후 kr.pe.sinnori.common.buildsystem.ProjectBuilder deleteWebRoot
정보: main project[sample_test]'s web root path deletion task end
4월 11, 2018 6:00:12 오후 kr.pe.sinnori.common.buildsystem.ProjectBuilder overwriteSinnoriConfigFile
정보: main project[sample_test]'s config file overwrite task start
4월 11, 2018 6:00:12 오후 kr.pe.sinnori.common.buildsystem.ProjectBuilder overwriteSinnoriConfigFile
정보: main project[sample_test]'s config file overwrite task end
4월 11, 2018 6:00:12 오후 kr.pe.sinnori.common.buildsystem.ProjectBuilder changeProjectState
정보: main project[sample_test] changeProjectState method end
4월 11, 2018 6:00:12 오후 kr.pe.sinnori.common.buildsystem.ProjectBuilder isValidServerAntBuildXMLFile
정보: the server ant build.xml file[D:\gitsinnori\sinnori\project\sample_test\server_build\build.xml] is bad :: whetherExist[false] isFile[false]
4월 11, 2018 6:00:12 오후 kr.pe.sinnori.common.buildsystem.ProjectBuilder isValidWebClientAntBuildXMLFile
정보: the web client ant build.xml file[D:\gitsinnori\sinnori\project\sample_test\client_build\web_build\build.xml] is bad :: whetherExist[false] isFile[false]
4월 11, 2018 6:00:12 오후 kr.pe.sinnori.common.buildsystem.ProjectBuilder isValidWebRootXMLFile
정보: the web.xml file[D:\gitsinnori\sinnori\project\sample_test\web_app_base\ROOT\WEB-INF\web.xml] located at web root directory is bad :: whetherExist[false] isFile[false]
4월 11, 2018 6:00:12 오후 kr.pe.sinnori.common.buildsystem.ProjectBuilder changeProjectState
정보: main project[sample_test] changeProjectState method start
4월 11, 2018 6:00:12 오후 kr.pe.sinnori.common.buildsystem.ProjectBuilder isValidServerAntBuildXMLFile
정보: the server ant build.xml file[D:\gitsinnori\sinnori\project\sample_test\server_build\build.xml] is bad :: whetherExist[false] isFile[false]
4월 11, 2018 6:00:12 오후 kr.pe.sinnori.common.buildsystem.ProjectBuilder changeProjectState
경고: the server buid.xml file[D:\gitsinnori\sinnori\project\sample_test\server_build\build.xml] is bad beacse it doesn't exist or is not a file, so skip deletion of server build system
4월 11, 2018 6:00:12 오후 kr.pe.sinnori.common.buildsystem.ProjectBuilder changeProjectState
경고: the app client build path[D:\gitsinnori\sinnori\project\sample_test\client_build\app_build] exist, so skip creation of app client build system
4월 11, 2018 6:00:12 오후 kr.pe.sinnori.common.buildsystem.ProjectBuilder createWebBuildChildDirectories
정보: main project[sample_test]'s web build child direcotry creation task start
4월 11, 2018 6:00:12 오후 kr.pe.sinnori.common.util.CommonStaticUtil createChildDirectoriesOfBasePath
정보: the new child relative direcotry[D:\gitsinnori\sinnori\project\sample_test][client_build/web_build/corelib/ex] was created successfully
4월 11, 2018 6:00:12 오후 kr.pe.sinnori.common.util.CommonStaticUtil createChildDirectoriesOfBasePath
정보: the new child relative direcotry[D:\gitsinnori\sinnori\project\sample_test][client_build/web_build/corelib/in] was created successfully
4월 11, 2018 6:00:12 오후 kr.pe.sinnori.common.util.CommonStaticUtil createChildDirectoriesOfBasePath
정보: the new child relative direcotry[D:\gitsinnori\sinnori\project\sample_test][client_build/web_build/lib/main/ex] was created successfully
4월 11, 2018 6:00:12 오후 kr.pe.sinnori.common.util.CommonStaticUtil createChildDirectoriesOfBasePath
정보: the new child relative direcotry[D:\gitsinnori\sinnori\project\sample_test][client_build/web_build/lib/main/in] was created successfully
4월 11, 2018 6:00:12 오후 kr.pe.sinnori.common.util.CommonStaticUtil createChildDirectoriesOfBasePath
정보: the new child relative direcotry[D:\gitsinnori\sinnori\project\sample_test][client_build/web_build/lib/test] was created successfully
4월 11, 2018 6:00:12 오후 kr.pe.sinnori.common.util.CommonStaticUtil createChildDirectoriesOfBasePath
정보: the new child relative direcotry[D:\gitsinnori\sinnori\project\sample_test][client_build/web_build/src/main/java/kr/pe/sinnori/impl/message] was created successfully
4월 11, 2018 6:00:12 오후 kr.pe.sinnori.common.util.CommonStaticUtil createChildDirectoriesOfBasePath
정보: the new child relative direcotry[D:\gitsinnori\sinnori\project\sample_test][client_build/web_build/src/main/java//kr/pe/sinnori/servlet] was created successfully
4월 11, 2018 6:00:12 오후 kr.pe.sinnori.common.util.CommonStaticUtil createChildDirectoriesOfBasePath
정보: the new child relative direcotry[D:\gitsinnori\sinnori\project\sample_test][client_build/web_build/src/main/java/kr/pe/sinnori/weblib/common] was created successfully
4월 11, 2018 6:00:12 오후 kr.pe.sinnori.common.util.CommonStaticUtil createChildDirectoriesOfBasePath
정보: the new child relative direcotry[D:\gitsinnori\sinnori\project\sample_test][client_build/web_build/src/main/java/kr/pe/sinnori/weblib/htmlstring] was created successfully
4월 11, 2018 6:00:12 오후 kr.pe.sinnori.common.util.CommonStaticUtil createChildDirectoriesOfBasePath
정보: the new child relative direcotry[D:\gitsinnori\sinnori\project\sample_test][client_build/web_build/src/main/java/kr/pe/sinnori/weblib/jdf] was created successfully
4월 11, 2018 6:00:12 오후 kr.pe.sinnori.common.util.CommonStaticUtil createChildDirectoriesOfBasePath
정보: the new child relative direcotry[D:\gitsinnori\sinnori\project\sample_test][client_build/web_build/src/test/java] was created successfully
4월 11, 2018 6:00:12 오후 kr.pe.sinnori.common.util.CommonStaticUtil createChildDirectoriesOfBasePath
정보: the new child relative direcotry[D:\gitsinnori\sinnori\project\sample_test][client_build/web_build/build] was created successfully
4월 11, 2018 6:00:12 오후 kr.pe.sinnori.common.util.CommonStaticUtil createChildDirectoriesOfBasePath
정보: the new child relative direcotry[D:\gitsinnori\sinnori\project\sample_test][client_build/web_build/dist] was created successfully
4월 11, 2018 6:00:12 오후 kr.pe.sinnori.common.buildsystem.ProjectBuilder createWebBuildChildDirectories
정보: main project[sample_test]'s web build child direcotry creation task end
4월 11, 2018 6:00:12 오후 kr.pe.sinnori.common.buildsystem.ProjectBuilder createWebClientBuildSystemFiles
정보: main project[sample_test]'s web client build system files creation task start
4월 11, 2018 6:00:12 오후 kr.pe.sinnori.common.buildsystem.ProjectBuilder createNewWebClientAntBuildFile
정보: main project[sample_test]'s web client ant build.xml file creation task start
4월 11, 2018 6:00:12 오후 kr.pe.sinnori.common.buildsystem.ProjectBuilder createNewWebClientAntBuildFile
정보: main project[sample_test]'s web client ant build.xml file creation task end
4월 11, 2018 6:00:12 오후 kr.pe.sinnori.common.buildsystem.ProjectBuilder createNewWebClientAntPropertiesFile
정보: main project[sample_test]'s web client ant properties file creation task start
4월 11, 2018 6:00:12 오후 kr.pe.sinnori.common.util.SequencedPropertiesUtil createNewSequencedPropertiesFile
정보: the sequenced properties file[D:\gitsinnori\sinnori\project\sample_test\client_build\web_build\webAnt.properties] was created
4월 11, 2018 6:00:12 오후 kr.pe.sinnori.common.buildsystem.ProjectBuilder createNewWebClientAntPropertiesFile
정보: main project[sample_test]'s web client ant properties file creation task end
4월 11, 2018 6:00:12 오후 kr.pe.sinnori.common.buildsystem.ProjectBuilder createNewWebClientMessageIOFileSet
정보: main project[sample_test]'s web client message io file set creation task start
4월 11, 2018 6:00:12 오후 kr.pe.sinnori.common.util.CommonStaticUtil createChildDirectoriesOfBasePath
정보: the new child relative direcotry[D:\gitsinnori\sinnori\project\sample_test\client_build\web_build\src\main\java\kr\pe\sinnori\impl\message][Echo] was created successfully
4월 11, 2018 6:00:12 오후 kr.pe.sinnori.common.buildsystem.ProjectBuilder createNewMessageSourceFile
정보: main project[sample_test]'s message file[Echo][D:\gitsinnori\sinnori\project\sample_test\client_build\web_build\src\main\java\kr\pe\sinnori\impl\message] creation task start
4월 11, 2018 6:00:12 오후 kr.pe.sinnori.common.buildsystem.ProjectBuilder createNewMessageSourceFile
정보: main project[sample_test]'s message file[Echo][D:\gitsinnori\sinnori\project\sample_test\client_build\web_build\src\main\java\kr\pe\sinnori\impl\message] creation task end
4월 11, 2018 6:00:12 오후 kr.pe.sinnori.common.buildsystem.ProjectBuilder createNewDecoderSourceFile
정보: main project[sample_test]'s message decoder file[Echo][D:\gitsinnori\sinnori\project\sample_test\client_build\web_build\src\main\java\kr\pe\sinnori\impl\message] creation task start
4월 11, 2018 6:00:12 오후 kr.pe.sinnori.common.buildsystem.ProjectBuilder createNewDecoderSourceFile
정보: main project[sample_test]'s message decoder file[Echo][D:\gitsinnori\sinnori\project\sample_test\client_build\web_build\src\main\java\kr\pe\sinnori\impl\message] creation task end
4월 11, 2018 6:00:12 오후 kr.pe.sinnori.common.buildsystem.ProjectBuilder createNewEncoderSourceFile
정보: main project[sample_test]'s message encoder file[Echo][D:\gitsinnori\sinnori\project\sample_test\client_build\web_build\src\main\java\kr\pe\sinnori\impl\message] creation task start
4월 11, 2018 6:00:12 오후 kr.pe.sinnori.common.buildsystem.ProjectBuilder createNewEncoderSourceFile
정보: main project[sample_test]'s message encoder file[Echo][D:\gitsinnori\sinnori\project\sample_test\client_build\web_build\src\main\java\kr\pe\sinnori\impl\message] creation task end
4월 11, 2018 6:00:12 오후 kr.pe.sinnori.common.buildsystem.ProjectBuilder createNewServerCodecSourceFile
정보: main project[sample_test]'s message server codec file[Echo][D:\gitsinnori\sinnori\project\sample_test\client_build\web_build\src\main\java\kr\pe\sinnori\impl\message] creation task start
4월 11, 2018 6:00:12 오후 kr.pe.sinnori.common.buildsystem.ProjectBuilder createNewServerCodecSourceFile
정보: main project[sample_test]'s message server codec file[Echo][D:\gitsinnori\sinnori\project\sample_test\client_build\web_build\src\main\java\kr\pe\sinnori\impl\message] creation task end
4월 11, 2018 6:00:12 오후 kr.pe.sinnori.common.buildsystem.ProjectBuilder createNewClientCodecSourceFile
정보: main project[sample_test]'s message client codec file[Echo][D:\gitsinnori\sinnori\project\sample_test\client_build\web_build\src\main\java\kr\pe\sinnori\impl\message] creation task start
4월 11, 2018 6:00:12 오후 kr.pe.sinnori.common.buildsystem.ProjectBuilder createNewClientCodecSourceFile
정보: main project[sample_test]'s message client codec file[Echo][D:\gitsinnori\sinnori\project\sample_test\client_build\web_build\src\main\java\kr\pe\sinnori\impl\message] creation task end
4월 11, 2018 6:00:12 오후 kr.pe.sinnori.common.util.CommonStaticUtil createChildDirectoriesOfBasePath
정보: the new child relative direcotry[D:\gitsinnori\sinnori\project\sample_test\client_build\web_build\src\main\java\kr\pe\sinnori\impl\message][PublicKeyReq] was created successfully
4월 11, 2018 6:00:12 오후 kr.pe.sinnori.common.buildsystem.ProjectBuilder createNewMessageSourceFile
정보: main project[sample_test]'s message file[PublicKeyReq][D:\gitsinnori\sinnori\project\sample_test\client_build\web_build\src\main\java\kr\pe\sinnori\impl\message] creation task start
4월 11, 2018 6:00:12 오후 kr.pe.sinnori.common.buildsystem.ProjectBuilder createNewMessageSourceFile
정보: main project[sample_test]'s message file[PublicKeyReq][D:\gitsinnori\sinnori\project\sample_test\client_build\web_build\src\main\java\kr\pe\sinnori\impl\message] creation task end
4월 11, 2018 6:00:12 오후 kr.pe.sinnori.common.buildsystem.ProjectBuilder createNewDecoderSourceFile
정보: main project[sample_test]'s message decoder file[PublicKeyReq][D:\gitsinnori\sinnori\project\sample_test\client_build\web_build\src\main\java\kr\pe\sinnori\impl\message] creation task start
4월 11, 2018 6:00:12 오후 kr.pe.sinnori.common.buildsystem.ProjectBuilder createNewDecoderSourceFile
정보: main project[sample_test]'s message decoder file[PublicKeyReq][D:\gitsinnori\sinnori\project\sample_test\client_build\web_build\src\main\java\kr\pe\sinnori\impl\message] creation task end
4월 11, 2018 6:00:12 오후 kr.pe.sinnori.common.buildsystem.ProjectBuilder createNewEncoderSourceFile
정보: main project[sample_test]'s message encoder file[PublicKeyReq][D:\gitsinnori\sinnori\project\sample_test\client_build\web_build\src\main\java\kr\pe\sinnori\impl\message] creation task start
4월 11, 2018 6:00:12 오후 kr.pe.sinnori.common.buildsystem.ProjectBuilder createNewEncoderSourceFile
정보: main project[sample_test]'s message encoder file[PublicKeyReq][D:\gitsinnori\sinnori\project\sample_test\client_build\web_build\src\main\java\kr\pe\sinnori\impl\message] creation task end
4월 11, 2018 6:00:12 오후 kr.pe.sinnori.common.buildsystem.ProjectBuilder createNewServerCodecSourceFile
정보: main project[sample_test]'s message server codec file[PublicKeyReq][D:\gitsinnori\sinnori\project\sample_test\client_build\web_build\src\main\java\kr\pe\sinnori\impl\message] creation task start
4월 11, 2018 6:00:12 오후 kr.pe.sinnori.common.buildsystem.ProjectBuilder createNewServerCodecSourceFile
정보: main project[sample_test]'s message server codec file[PublicKeyReq][D:\gitsinnori\sinnori\project\sample_test\client_build\web_build\src\main\java\kr\pe\sinnori\impl\message] creation task end
4월 11, 2018 6:00:12 오후 kr.pe.sinnori.common.buildsystem.ProjectBuilder createNewClientCodecSourceFile
정보: main project[sample_test]'s message client codec file[PublicKeyReq][D:\gitsinnori\sinnori\project\sample_test\client_build\web_build\src\main\java\kr\pe\sinnori\impl\message] creation task start
4월 11, 2018 6:00:12 오후 kr.pe.sinnori.common.buildsystem.ProjectBuilder createNewClientCodecSourceFile
정보: main project[sample_test]'s message client codec file[PublicKeyReq][D:\gitsinnori\sinnori\project\sample_test\client_build\web_build\src\main\java\kr\pe\sinnori\impl\message] creation task end
4월 11, 2018 6:00:12 오후 kr.pe.sinnori.common.util.CommonStaticUtil createChildDirectoriesOfBasePath
정보: the new child relative direcotry[D:\gitsinnori\sinnori\project\sample_test\client_build\web_build\src\main\java\kr\pe\sinnori\impl\message][PublicKeyRes] was created successfully
4월 11, 2018 6:00:12 오후 kr.pe.sinnori.common.buildsystem.ProjectBuilder createNewMessageSourceFile
정보: main project[sample_test]'s message file[PublicKeyRes][D:\gitsinnori\sinnori\project\sample_test\client_build\web_build\src\main\java\kr\pe\sinnori\impl\message] creation task start
4월 11, 2018 6:00:12 오후 kr.pe.sinnori.common.buildsystem.ProjectBuilder createNewMessageSourceFile
정보: main project[sample_test]'s message file[PublicKeyRes][D:\gitsinnori\sinnori\project\sample_test\client_build\web_build\src\main\java\kr\pe\sinnori\impl\message] creation task end
4월 11, 2018 6:00:12 오후 kr.pe.sinnori.common.buildsystem.ProjectBuilder createNewDecoderSourceFile
정보: main project[sample_test]'s message decoder file[PublicKeyRes][D:\gitsinnori\sinnori\project\sample_test\client_build\web_build\src\main\java\kr\pe\sinnori\impl\message] creation task start
4월 11, 2018 6:00:12 오후 kr.pe.sinnori.common.buildsystem.ProjectBuilder createNewDecoderSourceFile
정보: main project[sample_test]'s message decoder file[PublicKeyRes][D:\gitsinnori\sinnori\project\sample_test\client_build\web_build\src\main\java\kr\pe\sinnori\impl\message] creation task end
4월 11, 2018 6:00:12 오후 kr.pe.sinnori.common.buildsystem.ProjectBuilder createNewEncoderSourceFile
정보: main project[sample_test]'s message encoder file[PublicKeyRes][D:\gitsinnori\sinnori\project\sample_test\client_build\web_build\src\main\java\kr\pe\sinnori\impl\message] creation task start
4월 11, 2018 6:00:12 오후 kr.pe.sinnori.common.buildsystem.ProjectBuilder createNewEncoderSourceFile
정보: main project[sample_test]'s message encoder file[PublicKeyRes][D:\gitsinnori\sinnori\project\sample_test\client_build\web_build\src\main\java\kr\pe\sinnori\impl\message] creation task end
4월 11, 2018 6:00:12 오후 kr.pe.sinnori.common.buildsystem.ProjectBuilder createNewServerCodecSourceFile
정보: main project[sample_test]'s message server codec file[PublicKeyRes][D:\gitsinnori\sinnori\project\sample_test\client_build\web_build\src\main\java\kr\pe\sinnori\impl\message] creation task start
4월 11, 2018 6:00:12 오후 kr.pe.sinnori.common.buildsystem.ProjectBuilder createNewServerCodecSourceFile
정보: main project[sample_test]'s message server codec file[PublicKeyRes][D:\gitsinnori\sinnori\project\sample_test\client_build\web_build\src\main\java\kr\pe\sinnori\impl\message] creation task end
4월 11, 2018 6:00:12 오후 kr.pe.sinnori.common.buildsystem.ProjectBuilder createNewClientCodecSourceFile
정보: main project[sample_test]'s message client codec file[PublicKeyRes][D:\gitsinnori\sinnori\project\sample_test\client_build\web_build\src\main\java\kr\pe\sinnori\impl\message] creation task start
4월 11, 2018 6:00:12 오후 kr.pe.sinnori.common.buildsystem.ProjectBuilder createNewClientCodecSourceFile
정보: main project[sample_test]'s message client codec file[PublicKeyRes][D:\gitsinnori\sinnori\project\sample_test\client_build\web_build\src\main\java\kr\pe\sinnori\impl\message] creation task end
4월 11, 2018 6:00:12 오후 kr.pe.sinnori.common.buildsystem.ProjectBuilder createNewWebClientMessageIOFileSet
정보: main project[sample_test]'s web client message io file set creation task end
4월 11, 2018 6:00:12 오후 kr.pe.sinnori.common.buildsystem.ProjectBuilder copyWebClientSampleFiles
정보: mainproject[sample_test]'s web client sample source files copy task start
4월 11, 2018 6:00:12 오후 kr.pe.sinnori.common.buildsystem.ProjectBuilder copyWebClientSampleFiles
정보: mainproject[sample_test]'s web client sample source files copy task end
4월 11, 2018 6:00:12 오후 kr.pe.sinnori.common.buildsystem.ProjectBuilder createWebClientBuildSystemFiles
정보: main project[sample_test]'s web client build system files creation task end
4월 11, 2018 6:00:12 오후 kr.pe.sinnori.common.buildsystem.ProjectBuilder createWebRootChildDirectories
정보: main project[sample_test]'s web root child direcotry creation task start
4월 11, 2018 6:00:12 오후 kr.pe.sinnori.common.util.CommonStaticUtil createChildDirectoriesOfBasePath
정보: the child relative direcotry[D:\gitsinnori\sinnori\project\sample_test][web_app_base/upload] exist, so nothing
4월 11, 2018 6:00:12 오후 kr.pe.sinnori.common.util.CommonStaticUtil createChildDirectoriesOfBasePath
정보: the new child relative direcotry[D:\gitsinnori\sinnori\project\sample_test][web_app_base/ROOT/WEB-INF/classes] was created successfully
4월 11, 2018 6:00:12 오후 kr.pe.sinnori.common.util.CommonStaticUtil createChildDirectoriesOfBasePath
정보: the new child relative direcotry[D:\gitsinnori\sinnori\project\sample_test][web_app_base/ROOT/WEB-INF/lib] was created successfully
4월 11, 2018 6:00:13 오후 kr.pe.sinnori.common.buildsystem.ProjectBuilder createWebRootChildDirectories
정보: main project[sample_test]'s web root child direcotry creation task end
4월 11, 2018 6:00:13 오후 kr.pe.sinnori.common.buildsystem.ProjectBuilder createWebRootSampleFiles
정보: main project[sample_test]'s web root sample files creation task start
4월 11, 2018 6:00:13 오후 kr.pe.sinnori.common.buildsystem.ProjectBuilder copyWebRootSampleFiles
정보: main project[sample_test]'s web root sample files copy task start
4월 11, 2018 6:00:13 오후 kr.pe.sinnori.common.buildsystem.ProjectBuilder copyWebRootSampleFiles
정보: main project[sample_test]'s web root sample files copy task end
4월 11, 2018 6:00:13 오후 kr.pe.sinnori.common.buildsystem.ProjectBuilder createWebRootSampleFiles
정보: main project[sample_test]'s web root sample files creation task end
4월 11, 2018 6:00:13 오후 kr.pe.sinnori.common.buildsystem.ProjectBuilder overwriteSinnoriConfigFile
정보: main project[sample_test]'s config file overwrite task start
4월 11, 2018 6:00:13 오후 kr.pe.sinnori.common.buildsystem.ProjectBuilder overwriteSinnoriConfigFile
정보: main project[sample_test]'s config file overwrite task end
4월 11, 2018 6:00:13 오후 kr.pe.sinnori.common.buildsystem.ProjectBuilder changeProjectState
정보: main project[sample_test] changeProjectState method end
4월 11, 2018 6:00:13 오후 kr.pe.sinnori.common.buildsystem.ProjectBuilder isValidServerAntBuildXMLFile
정보: the server ant build.xml file[D:\gitsinnori\sinnori\project\sample_test\server_build\build.xml] is bad :: whetherExist[false] isFile[false]
4월 11, 2018 6:00:13 오후 kr.pe.sinnori.common.buildsystem.ProjectBuilder changeProjectState
정보: main project[sample_test] changeProjectState method start
4월 11, 2018 6:00:13 오후 kr.pe.sinnori.common.buildsystem.ProjectBuilder createServerBuildChildDirectories
정보: main project[sample_test]'s server child direcotry creation task start
4월 11, 2018 6:00:13 오후 kr.pe.sinnori.common.util.CommonStaticUtil createChildDirectoriesOfBasePath
정보: the new child relative direcotry[D:\gitsinnori\sinnori\project\sample_test][server_build/APP-INF/classes] was created successfully
4월 11, 2018 6:00:13 오후 kr.pe.sinnori.common.util.CommonStaticUtil createChildDirectoriesOfBasePath
정보: the new child relative direcotry[D:\gitsinnori\sinnori\project\sample_test][server_build/corelib/ex] was created successfully
4월 11, 2018 6:00:13 오후 kr.pe.sinnori.common.util.CommonStaticUtil createChildDirectoriesOfBasePath
정보: the new child relative direcotry[D:\gitsinnori\sinnori\project\sample_test][server_build/corelib/in] was created successfully
4월 11, 2018 6:00:13 오후 kr.pe.sinnori.common.util.CommonStaticUtil createChildDirectoriesOfBasePath
정보: the new child relative direcotry[D:\gitsinnori\sinnori\project\sample_test][server_build/lib/main/ex] was created successfully
4월 11, 2018 6:00:13 오후 kr.pe.sinnori.common.util.CommonStaticUtil createChildDirectoriesOfBasePath
정보: the new child relative direcotry[D:\gitsinnori\sinnori\project\sample_test][server_build/lib/main/in] was created successfully
4월 11, 2018 6:00:13 오후 kr.pe.sinnori.common.util.CommonStaticUtil createChildDirectoriesOfBasePath
정보: the new child relative direcotry[D:\gitsinnori\sinnori\project\sample_test][server_build/lib/test] was created successfully
4월 11, 2018 6:00:13 오후 kr.pe.sinnori.common.util.CommonStaticUtil createChildDirectoriesOfBasePath
정보: the new child relative direcotry[D:\gitsinnori\sinnori\project\sample_test][server_build/src/main/java/kr/pe/sinnori/impl/servertask] was created successfully
4월 11, 2018 6:00:13 오후 kr.pe.sinnori.common.util.CommonStaticUtil createChildDirectoriesOfBasePath
정보: the new child relative direcotry[D:\gitsinnori\sinnori\project\sample_test][server_build/src/main/java/kr/pe/sinnori/impl/message] was created successfully
4월 11, 2018 6:00:13 오후 kr.pe.sinnori.common.util.CommonStaticUtil createChildDirectoriesOfBasePath
정보: the new child relative direcotry[D:\gitsinnori\sinnori\project\sample_test][server_build/src/main/java/main] was created successfully
4월 11, 2018 6:00:13 오후 kr.pe.sinnori.common.util.CommonStaticUtil createChildDirectoriesOfBasePath
정보: the new child relative direcotry[D:\gitsinnori\sinnori\project\sample_test][server_build/src/test/java] was created successfully
4월 11, 2018 6:00:13 오후 kr.pe.sinnori.common.util.CommonStaticUtil createChildDirectoriesOfBasePath
정보: the new child relative direcotry[D:\gitsinnori\sinnori\project\sample_test][server_build/build] was created successfully
4월 11, 2018 6:00:13 오후 kr.pe.sinnori.common.util.CommonStaticUtil createChildDirectoriesOfBasePath
정보: the new child relative direcotry[D:\gitsinnori\sinnori\project\sample_test][server_build/dist] was created successfully
4월 11, 2018 6:00:13 오후 kr.pe.sinnori.common.buildsystem.ProjectBuilder createServerBuildChildDirectories
정보: main project[sample_test]'s server child direcotry creation task end
4월 11, 2018 6:00:13 오후 kr.pe.sinnori.common.buildsystem.ProjectBuilder createServerBuildSystemFiles
정보: server build system files creation task start
4월 11, 2018 6:00:13 오후 kr.pe.sinnori.common.buildsystem.ProjectBuilder createNewServerAntBuildXMLFile
정보: main project[sample_test]'s server ant build.xml file creation task start
4월 11, 2018 6:00:13 오후 kr.pe.sinnori.common.buildsystem.ProjectBuilder createNewServerAntBuildXMLFile
정보: main project[sample_test]'s server ant build.xml file creation task end
4월 11, 2018 6:00:13 오후 kr.pe.sinnori.common.buildsystem.ProjectBuilder createNewServerDosShellFile
정보: main project[sample_test]'s server dos shell file creation task start
4월 11, 2018 6:00:13 오후 kr.pe.sinnori.common.buildsystem.ProjectBuilder createNewServerDosShellFile
정보: main project[sample_test]'s server dos shell file creation task end
4월 11, 2018 6:00:13 오후 kr.pe.sinnori.common.buildsystem.ProjectBuilder createNewServerUnixShellFile
정보: main project[sample_test]'s server unix shell file creation task start
4월 11, 2018 6:00:13 오후 kr.pe.sinnori.common.buildsystem.ProjectBuilder createNewServerUnixShellFile
정보: main project[sample_test]'s server unix shell file creation task end
4월 11, 2018 6:00:13 오후 kr.pe.sinnori.common.buildsystem.ProjectBuilder copyServerSampleFiles
정보: server sample source files copy task start
4월 11, 2018 6:00:13 오후 kr.pe.sinnori.common.buildsystem.ProjectBuilder copyServerSampleFiles
정보: server sample source files copy task end
4월 11, 2018 6:00:13 오후 kr.pe.sinnori.common.buildsystem.ProjectBuilder createServerMessageIOFileSet
정보: main project[sample_test]'s server message io file set creation task start
4월 11, 2018 6:00:13 오후 kr.pe.sinnori.common.util.CommonStaticUtil createChildDirectoriesOfBasePath
정보: the new child relative direcotry[D:\gitsinnori\sinnori\project\sample_test\server_build\src\main\java\kr\pe\sinnori\impl\message][Echo] was created successfully
4월 11, 2018 6:00:13 오후 kr.pe.sinnori.common.buildsystem.ProjectBuilder createNewMessageSourceFile
정보: main project[sample_test]'s message file[Echo][D:\gitsinnori\sinnori\project\sample_test\server_build\src\main\java\kr\pe\sinnori\impl\message] creation task start
4월 11, 2018 6:00:13 오후 kr.pe.sinnori.common.buildsystem.ProjectBuilder createNewMessageSourceFile
정보: main project[sample_test]'s message file[Echo][D:\gitsinnori\sinnori\project\sample_test\server_build\src\main\java\kr\pe\sinnori\impl\message] creation task end
4월 11, 2018 6:00:13 오후 kr.pe.sinnori.common.buildsystem.ProjectBuilder createNewDecoderSourceFile
정보: main project[sample_test]'s message decoder file[Echo][D:\gitsinnori\sinnori\project\sample_test\server_build\src\main\java\kr\pe\sinnori\impl\message] creation task start
4월 11, 2018 6:00:13 오후 kr.pe.sinnori.common.buildsystem.ProjectBuilder createNewDecoderSourceFile
정보: main project[sample_test]'s message decoder file[Echo][D:\gitsinnori\sinnori\project\sample_test\server_build\src\main\java\kr\pe\sinnori\impl\message] creation task end
4월 11, 2018 6:00:13 오후 kr.pe.sinnori.common.buildsystem.ProjectBuilder createNewEncoderSourceFile
정보: main project[sample_test]'s message encoder file[Echo][D:\gitsinnori\sinnori\project\sample_test\server_build\src\main\java\kr\pe\sinnori\impl\message] creation task start
4월 11, 2018 6:00:13 오후 kr.pe.sinnori.common.buildsystem.ProjectBuilder createNewEncoderSourceFile
정보: main project[sample_test]'s message encoder file[Echo][D:\gitsinnori\sinnori\project\sample_test\server_build\src\main\java\kr\pe\sinnori\impl\message] creation task end
4월 11, 2018 6:00:13 오후 kr.pe.sinnori.common.buildsystem.ProjectBuilder createNewServerCodecSourceFile
정보: main project[sample_test]'s message server codec file[Echo][D:\gitsinnori\sinnori\project\sample_test\server_build\src\main\java\kr\pe\sinnori\impl\message] creation task start
4월 11, 2018 6:00:13 오후 kr.pe.sinnori.common.buildsystem.ProjectBuilder createNewServerCodecSourceFile
정보: main project[sample_test]'s message server codec file[Echo][D:\gitsinnori\sinnori\project\sample_test\server_build\src\main\java\kr\pe\sinnori\impl\message] creation task end
4월 11, 2018 6:00:13 오후 kr.pe.sinnori.common.buildsystem.ProjectBuilder createNewClientCodecSourceFile
정보: main project[sample_test]'s message client codec file[Echo][D:\gitsinnori\sinnori\project\sample_test\server_build\src\main\java\kr\pe\sinnori\impl\message] creation task start
4월 11, 2018 6:00:13 오후 kr.pe.sinnori.common.buildsystem.ProjectBuilder createNewClientCodecSourceFile
정보: main project[sample_test]'s message client codec file[Echo][D:\gitsinnori\sinnori\project\sample_test\server_build\src\main\java\kr\pe\sinnori\impl\message] creation task end
4월 11, 2018 6:00:13 오후 kr.pe.sinnori.common.util.CommonStaticUtil createChildDirectoriesOfBasePath
정보: the new child relative direcotry[D:\gitsinnori\sinnori\project\sample_test\server_build\src\main\java\kr\pe\sinnori\impl\message][PublicKeyReq] was created successfully
4월 11, 2018 6:00:13 오후 kr.pe.sinnori.common.buildsystem.ProjectBuilder createNewMessageSourceFile
정보: main project[sample_test]'s message file[PublicKeyReq][D:\gitsinnori\sinnori\project\sample_test\server_build\src\main\java\kr\pe\sinnori\impl\message] creation task start
4월 11, 2018 6:00:13 오후 kr.pe.sinnori.common.buildsystem.ProjectBuilder createNewMessageSourceFile
정보: main project[sample_test]'s message file[PublicKeyReq][D:\gitsinnori\sinnori\project\sample_test\server_build\src\main\java\kr\pe\sinnori\impl\message] creation task end
4월 11, 2018 6:00:13 오후 kr.pe.sinnori.common.buildsystem.ProjectBuilder createNewDecoderSourceFile
정보: main project[sample_test]'s message decoder file[PublicKeyReq][D:\gitsinnori\sinnori\project\sample_test\server_build\src\main\java\kr\pe\sinnori\impl\message] creation task start
4월 11, 2018 6:00:13 오후 kr.pe.sinnori.common.buildsystem.ProjectBuilder createNewDecoderSourceFile
정보: main project[sample_test]'s message decoder file[PublicKeyReq][D:\gitsinnori\sinnori\project\sample_test\server_build\src\main\java\kr\pe\sinnori\impl\message] creation task end
4월 11, 2018 6:00:13 오후 kr.pe.sinnori.common.buildsystem.ProjectBuilder createNewEncoderSourceFile
정보: main project[sample_test]'s message encoder file[PublicKeyReq][D:\gitsinnori\sinnori\project\sample_test\server_build\src\main\java\kr\pe\sinnori\impl\message] creation task start
4월 11, 2018 6:00:13 오후 kr.pe.sinnori.common.buildsystem.ProjectBuilder createNewEncoderSourceFile
정보: main project[sample_test]'s message encoder file[PublicKeyReq][D:\gitsinnori\sinnori\project\sample_test\server_build\src\main\java\kr\pe\sinnori\impl\message] creation task end
4월 11, 2018 6:00:13 오후 kr.pe.sinnori.common.buildsystem.ProjectBuilder createNewServerCodecSourceFile
정보: main project[sample_test]'s message server codec file[PublicKeyReq][D:\gitsinnori\sinnori\project\sample_test\server_build\src\main\java\kr\pe\sinnori\impl\message] creation task start
4월 11, 2018 6:00:13 오후 kr.pe.sinnori.common.buildsystem.ProjectBuilder createNewServerCodecSourceFile
정보: main project[sample_test]'s message server codec file[PublicKeyReq][D:\gitsinnori\sinnori\project\sample_test\server_build\src\main\java\kr\pe\sinnori\impl\message] creation task end
4월 11, 2018 6:00:13 오후 kr.pe.sinnori.common.buildsystem.ProjectBuilder createNewClientCodecSourceFile
정보: main project[sample_test]'s message client codec file[PublicKeyReq][D:\gitsinnori\sinnori\project\sample_test\server_build\src\main\java\kr\pe\sinnori\impl\message] creation task start
4월 11, 2018 6:00:13 오후 kr.pe.sinnori.common.buildsystem.ProjectBuilder createNewClientCodecSourceFile
정보: main project[sample_test]'s message client codec file[PublicKeyReq][D:\gitsinnori\sinnori\project\sample_test\server_build\src\main\java\kr\pe\sinnori\impl\message] creation task end
4월 11, 2018 6:00:13 오후 kr.pe.sinnori.common.util.CommonStaticUtil createChildDirectoriesOfBasePath
정보: the new child relative direcotry[D:\gitsinnori\sinnori\project\sample_test\server_build\src\main\java\kr\pe\sinnori\impl\message][PublicKeyRes] was created successfully
4월 11, 2018 6:00:13 오후 kr.pe.sinnori.common.buildsystem.ProjectBuilder createNewMessageSourceFile
정보: main project[sample_test]'s message file[PublicKeyRes][D:\gitsinnori\sinnori\project\sample_test\server_build\src\main\java\kr\pe\sinnori\impl\message] creation task start
4월 11, 2018 6:00:13 오후 kr.pe.sinnori.common.buildsystem.ProjectBuilder createNewMessageSourceFile
정보: main project[sample_test]'s message file[PublicKeyRes][D:\gitsinnori\sinnori\project\sample_test\server_build\src\main\java\kr\pe\sinnori\impl\message] creation task end
4월 11, 2018 6:00:13 오후 kr.pe.sinnori.common.buildsystem.ProjectBuilder createNewDecoderSourceFile
정보: main project[sample_test]'s message decoder file[PublicKeyRes][D:\gitsinnori\sinnori\project\sample_test\server_build\src\main\java\kr\pe\sinnori\impl\message] creation task start
4월 11, 2018 6:00:13 오후 kr.pe.sinnori.common.buildsystem.ProjectBuilder createNewDecoderSourceFile
정보: main project[sample_test]'s message decoder file[PublicKeyRes][D:\gitsinnori\sinnori\project\sample_test\server_build\src\main\java\kr\pe\sinnori\impl\message] creation task end
4월 11, 2018 6:00:13 오후 kr.pe.sinnori.common.buildsystem.ProjectBuilder createNewEncoderSourceFile
정보: main project[sample_test]'s message encoder file[PublicKeyRes][D:\gitsinnori\sinnori\project\sample_test\server_build\src\main\java\kr\pe\sinnori\impl\message] creation task start
4월 11, 2018 6:00:13 오후 kr.pe.sinnori.common.buildsystem.ProjectBuilder createNewEncoderSourceFile
정보: main project[sample_test]'s message encoder file[PublicKeyRes][D:\gitsinnori\sinnori\project\sample_test\server_build\src\main\java\kr\pe\sinnori\impl\message] creation task end
4월 11, 2018 6:00:13 오후 kr.pe.sinnori.common.buildsystem.ProjectBuilder createNewServerCodecSourceFile
정보: main project[sample_test]'s message server codec file[PublicKeyRes][D:\gitsinnori\sinnori\project\sample_test\server_build\src\main\java\kr\pe\sinnori\impl\message] creation task start
4월 11, 2018 6:00:13 오후 kr.pe.sinnori.common.buildsystem.ProjectBuilder createNewServerCodecSourceFile
정보: main project[sample_test]'s message server codec file[PublicKeyRes][D:\gitsinnori\sinnori\project\sample_test\server_build\src\main\java\kr\pe\sinnori\impl\message] creation task end
4월 11, 2018 6:00:13 오후 kr.pe.sinnori.common.buildsystem.ProjectBuilder createNewClientCodecSourceFile
정보: main project[sample_test]'s message client codec file[PublicKeyRes][D:\gitsinnori\sinnori\project\sample_test\server_build\src\main\java\kr\pe\sinnori\impl\message] creation task start
4월 11, 2018 6:00:13 오후 kr.pe.sinnori.common.buildsystem.ProjectBuilder createNewClientCodecSourceFile
정보: main project[sample_test]'s message client codec file[PublicKeyRes][D:\gitsinnori\sinnori\project\sample_test\server_build\src\main\java\kr\pe\sinnori\impl\message] creation task end
4월 11, 2018 6:00:13 오후 kr.pe.sinnori.common.buildsystem.ProjectBuilder createServerMessageIOFileSet
정보: main project[sample_test]'s server message io file set creation task end
4월 11, 2018 6:00:13 오후 kr.pe.sinnori.common.buildsystem.ProjectBuilder createServerBuildSystemFiles
정보: server build system files creation task end
4월 11, 2018 6:00:13 오후 kr.pe.sinnori.common.buildsystem.ProjectBuilder deleteAppClientBuildPath
정보: mainproject[sample_test]'s application client build path deletion task start
4월 11, 2018 6:00:13 오후 kr.pe.sinnori.common.buildsystem.ProjectBuilder deleteAppClientBuildPath
정보: mainproject[sample_test]'s application client build path deletion task end
4월 11, 2018 6:00:13 오후 kr.pe.sinnori.common.buildsystem.ProjectBuilder deleteWebCientBuildPath
정보: main project[sample_test]'s web client build path deletion task start
4월 11, 2018 6:00:13 오후 kr.pe.sinnori.common.buildsystem.ProjectBuilder deleteWebCientBuildPath
정보: main project[sample_test]'s web client build path deletion task end
4월 11, 2018 6:00:13 오후 kr.pe.sinnori.common.buildsystem.ProjectBuilder deleteWebRoot
정보: main project[sample_test]'s web root path deletion task start
4월 11, 2018 6:00:13 오후 kr.pe.sinnori.common.buildsystem.ProjectBuilder deleteWebRoot
정보: main project[sample_test]'s web root path deletion task end
4월 11, 2018 6:00:13 오후 kr.pe.sinnori.common.buildsystem.ProjectBuilder overwriteSinnoriConfigFile
정보: main project[sample_test]'s config file overwrite task start
4월 11, 2018 6:00:13 오후 kr.pe.sinnori.common.buildsystem.ProjectBuilder overwriteSinnoriConfigFile
정보: main project[sample_test]'s config file overwrite task end
4월 11, 2018 6:00:13 오후 kr.pe.sinnori.common.buildsystem.ProjectBuilder changeProjectState
정보: main project[sample_test] changeProjectState method end
4월 11, 2018 6:00:13 오후 kr.pe.sinnori.common.buildsystem.ProjectBuilder isValidAppClientAntBuildXMLFile
정보: the app client ant build.xml file[D:\gitsinnori\sinnori\project\sample_test\client_build\app_build\build.xml] is bad :: whetherExist[false] isFile[false]
4월 11, 2018 6:00:13 오후 kr.pe.sinnori.common.buildsystem.ProjectBuilder isValidWebClientAntBuildXMLFile
정보: the web client ant build.xml file[D:\gitsinnori\sinnori\project\sample_test\client_build\web_build\build.xml] is bad :: whetherExist[false] isFile[false]
4월 11, 2018 6:00:13 오후 kr.pe.sinnori.common.buildsystem.ProjectBuilder isValidWebRootXMLFile
정보: the web.xml file[D:\gitsinnori\sinnori\project\sample_test\web_app_base\ROOT\WEB-INF\web.xml] located at web root directory is bad :: whetherExist[false] isFile[false]
4월 11, 2018 6:00:13 오후 kr.pe.sinnori.common.buildsystem.ProjectBuilder changeProjectState
정보: main project[sample_test] changeProjectState method start
4월 11, 2018 6:00:13 오후 kr.pe.sinnori.common.buildsystem.ProjectBuilder changeProjectState
경고: the server build path[D:\gitsinnori\sinnori\project\sample_test\server_build] exist, so skip creation of server build system
4월 11, 2018 6:00:13 오후 kr.pe.sinnori.common.buildsystem.ProjectBuilder isValidAppClientAntBuildXMLFile
정보: the app client ant build.xml file[D:\gitsinnori\sinnori\project\sample_test\client_build\app_build\build.xml] is bad :: whetherExist[false] isFile[false]
4월 11, 2018 6:00:13 오후 kr.pe.sinnori.common.buildsystem.ProjectBuilder changeProjectState
경고: the app client buid.xml file[D:\gitsinnori\sinnori\project\sample_test\client_build\app_build\build.xml] is bad beacse it doesn't exist or is not a file, so skip deletion of app client build system
4월 11, 2018 6:00:13 오후 kr.pe.sinnori.common.buildsystem.ProjectBuilder createWebBuildChildDirectories
정보: main project[sample_test]'s web build child direcotry creation task start
4월 11, 2018 6:00:13 오후 kr.pe.sinnori.common.util.CommonStaticUtil createChildDirectoriesOfBasePath
정보: the new child relative direcotry[D:\gitsinnori\sinnori\project\sample_test][client_build/web_build/corelib/ex] was created successfully
4월 11, 2018 6:00:13 오후 kr.pe.sinnori.common.util.CommonStaticUtil createChildDirectoriesOfBasePath
정보: the new child relative direcotry[D:\gitsinnori\sinnori\project\sample_test][client_build/web_build/corelib/in] was created successfully
4월 11, 2018 6:00:13 오후 kr.pe.sinnori.common.util.CommonStaticUtil createChildDirectoriesOfBasePath
정보: the new child relative direcotry[D:\gitsinnori\sinnori\project\sample_test][client_build/web_build/lib/main/ex] was created successfully
4월 11, 2018 6:00:13 오후 kr.pe.sinnori.common.util.CommonStaticUtil createChildDirectoriesOfBasePath
정보: the new child relative direcotry[D:\gitsinnori\sinnori\project\sample_test][client_build/web_build/lib/main/in] was created successfully
4월 11, 2018 6:00:13 오후 kr.pe.sinnori.common.util.CommonStaticUtil createChildDirectoriesOfBasePath
정보: the new child relative direcotry[D:\gitsinnori\sinnori\project\sample_test][client_build/web_build/lib/test] was created successfully
4월 11, 2018 6:00:13 오후 kr.pe.sinnori.common.util.CommonStaticUtil createChildDirectoriesOfBasePath
정보: the new child relative direcotry[D:\gitsinnori\sinnori\project\sample_test][client_build/web_build/src/main/java/kr/pe/sinnori/impl/message] was created successfully
4월 11, 2018 6:00:13 오후 kr.pe.sinnori.common.util.CommonStaticUtil createChildDirectoriesOfBasePath
정보: the new child relative direcotry[D:\gitsinnori\sinnori\project\sample_test][client_build/web_build/src/main/java//kr/pe/sinnori/servlet] was created successfully
4월 11, 2018 6:00:13 오후 kr.pe.sinnori.common.util.CommonStaticUtil createChildDirectoriesOfBasePath
정보: the new child relative direcotry[D:\gitsinnori\sinnori\project\sample_test][client_build/web_build/src/main/java/kr/pe/sinnori/weblib/common] was created successfully
4월 11, 2018 6:00:13 오후 kr.pe.sinnori.common.util.CommonStaticUtil createChildDirectoriesOfBasePath
정보: the new child relative direcotry[D:\gitsinnori\sinnori\project\sample_test][client_build/web_build/src/main/java/kr/pe/sinnori/weblib/htmlstring] was created successfully
4월 11, 2018 6:00:13 오후 kr.pe.sinnori.common.util.CommonStaticUtil createChildDirectoriesOfBasePath
정보: the new child relative direcotry[D:\gitsinnori\sinnori\project\sample_test][client_build/web_build/src/main/java/kr/pe/sinnori/weblib/jdf] was created successfully
4월 11, 2018 6:00:13 오후 kr.pe.sinnori.common.util.CommonStaticUtil createChildDirectoriesOfBasePath
정보: the new child relative direcotry[D:\gitsinnori\sinnori\project\sample_test][client_build/web_build/src/test/java] was created successfully
4월 11, 2018 6:00:13 오후 kr.pe.sinnori.common.util.CommonStaticUtil createChildDirectoriesOfBasePath
정보: the new child relative direcotry[D:\gitsinnori\sinnori\project\sample_test][client_build/web_build/build] was created successfully
4월 11, 2018 6:00:13 오후 kr.pe.sinnori.common.util.CommonStaticUtil createChildDirectoriesOfBasePath
정보: the new child relative direcotry[D:\gitsinnori\sinnori\project\sample_test][client_build/web_build/dist] was created successfully
4월 11, 2018 6:00:13 오후 kr.pe.sinnori.common.buildsystem.ProjectBuilder createWebBuildChildDirectories
정보: main project[sample_test]'s web build child direcotry creation task end
4월 11, 2018 6:00:13 오후 kr.pe.sinnori.common.buildsystem.ProjectBuilder createWebClientBuildSystemFiles
정보: main project[sample_test]'s web client build system files creation task start
4월 11, 2018 6:00:13 오후 kr.pe.sinnori.common.buildsystem.ProjectBuilder createNewWebClientAntBuildFile
정보: main project[sample_test]'s web client ant build.xml file creation task start
4월 11, 2018 6:00:13 오후 kr.pe.sinnori.common.buildsystem.ProjectBuilder createNewWebClientAntBuildFile
정보: main project[sample_test]'s web client ant build.xml file creation task end
4월 11, 2018 6:00:13 오후 kr.pe.sinnori.common.buildsystem.ProjectBuilder createNewWebClientAntPropertiesFile
정보: main project[sample_test]'s web client ant properties file creation task start
4월 11, 2018 6:00:13 오후 kr.pe.sinnori.common.util.SequencedPropertiesUtil createNewSequencedPropertiesFile
정보: the sequenced properties file[D:\gitsinnori\sinnori\project\sample_test\client_build\web_build\webAnt.properties] was created
4월 11, 2018 6:00:13 오후 kr.pe.sinnori.common.buildsystem.ProjectBuilder createNewWebClientAntPropertiesFile
정보: main project[sample_test]'s web client ant properties file creation task end
4월 11, 2018 6:00:13 오후 kr.pe.sinnori.common.buildsystem.ProjectBuilder createNewWebClientMessageIOFileSet
정보: main project[sample_test]'s web client message io file set creation task start
4월 11, 2018 6:00:13 오후 kr.pe.sinnori.common.util.CommonStaticUtil createChildDirectoriesOfBasePath
정보: the new child relative direcotry[D:\gitsinnori\sinnori\project\sample_test\client_build\web_build\src\main\java\kr\pe\sinnori\impl\message][Echo] was created successfully
4월 11, 2018 6:00:13 오후 kr.pe.sinnori.common.buildsystem.ProjectBuilder createNewMessageSourceFile
정보: main project[sample_test]'s message file[Echo][D:\gitsinnori\sinnori\project\sample_test\client_build\web_build\src\main\java\kr\pe\sinnori\impl\message] creation task start
4월 11, 2018 6:00:13 오후 kr.pe.sinnori.common.buildsystem.ProjectBuilder createNewMessageSourceFile
정보: main project[sample_test]'s message file[Echo][D:\gitsinnori\sinnori\project\sample_test\client_build\web_build\src\main\java\kr\pe\sinnori\impl\message] creation task end
4월 11, 2018 6:00:13 오후 kr.pe.sinnori.common.buildsystem.ProjectBuilder createNewDecoderSourceFile
정보: main project[sample_test]'s message decoder file[Echo][D:\gitsinnori\sinnori\project\sample_test\client_build\web_build\src\main\java\kr\pe\sinnori\impl\message] creation task start
4월 11, 2018 6:00:13 오후 kr.pe.sinnori.common.buildsystem.ProjectBuilder createNewDecoderSourceFile
정보: main project[sample_test]'s message decoder file[Echo][D:\gitsinnori\sinnori\project\sample_test\client_build\web_build\src\main\java\kr\pe\sinnori\impl\message] creation task end
4월 11, 2018 6:00:13 오후 kr.pe.sinnori.common.buildsystem.ProjectBuilder createNewEncoderSourceFile
정보: main project[sample_test]'s message encoder file[Echo][D:\gitsinnori\sinnori\project\sample_test\client_build\web_build\src\main\java\kr\pe\sinnori\impl\message] creation task start
4월 11, 2018 6:00:13 오후 kr.pe.sinnori.common.buildsystem.ProjectBuilder createNewEncoderSourceFile
정보: main project[sample_test]'s message encoder file[Echo][D:\gitsinnori\sinnori\project\sample_test\client_build\web_build\src\main\java\kr\pe\sinnori\impl\message] creation task end
4월 11, 2018 6:00:13 오후 kr.pe.sinnori.common.buildsystem.ProjectBuilder createNewServerCodecSourceFile
정보: main project[sample_test]'s message server codec file[Echo][D:\gitsinnori\sinnori\project\sample_test\client_build\web_build\src\main\java\kr\pe\sinnori\impl\message] creation task start
4월 11, 2018 6:00:13 오후 kr.pe.sinnori.common.buildsystem.ProjectBuilder createNewServerCodecSourceFile
정보: main project[sample_test]'s message server codec file[Echo][D:\gitsinnori\sinnori\project\sample_test\client_build\web_build\src\main\java\kr\pe\sinnori\impl\message] creation task end
4월 11, 2018 6:00:13 오후 kr.pe.sinnori.common.buildsystem.ProjectBuilder createNewClientCodecSourceFile
정보: main project[sample_test]'s message client codec file[Echo][D:\gitsinnori\sinnori\project\sample_test\client_build\web_build\src\main\java\kr\pe\sinnori\impl\message] creation task start
4월 11, 2018 6:00:13 오후 kr.pe.sinnori.common.buildsystem.ProjectBuilder createNewClientCodecSourceFile
정보: main project[sample_test]'s message client codec file[Echo][D:\gitsinnori\sinnori\project\sample_test\client_build\web_build\src\main\java\kr\pe\sinnori\impl\message] creation task end
4월 11, 2018 6:00:13 오후 kr.pe.sinnori.common.util.CommonStaticUtil createChildDirectoriesOfBasePath
정보: the new child relative direcotry[D:\gitsinnori\sinnori\project\sample_test\client_build\web_build\src\main\java\kr\pe\sinnori\impl\message][PublicKeyReq] was created successfully
4월 11, 2018 6:00:13 오후 kr.pe.sinnori.common.buildsystem.ProjectBuilder createNewMessageSourceFile
정보: main project[sample_test]'s message file[PublicKeyReq][D:\gitsinnori\sinnori\project\sample_test\client_build\web_build\src\main\java\kr\pe\sinnori\impl\message] creation task start
4월 11, 2018 6:00:13 오후 kr.pe.sinnori.common.buildsystem.ProjectBuilder createNewMessageSourceFile
정보: main project[sample_test]'s message file[PublicKeyReq][D:\gitsinnori\sinnori\project\sample_test\client_build\web_build\src\main\java\kr\pe\sinnori\impl\message] creation task end
4월 11, 2018 6:00:13 오후 kr.pe.sinnori.common.buildsystem.ProjectBuilder createNewDecoderSourceFile
정보: main project[sample_test]'s message decoder file[PublicKeyReq][D:\gitsinnori\sinnori\project\sample_test\client_build\web_build\src\main\java\kr\pe\sinnori\impl\message] creation task start
4월 11, 2018 6:00:13 오후 kr.pe.sinnori.common.buildsystem.ProjectBuilder createNewDecoderSourceFile
정보: main project[sample_test]'s message decoder file[PublicKeyReq][D:\gitsinnori\sinnori\project\sample_test\client_build\web_build\src\main\java\kr\pe\sinnori\impl\message] creation task end
4월 11, 2018 6:00:13 오후 kr.pe.sinnori.common.buildsystem.ProjectBuilder createNewEncoderSourceFile
정보: main project[sample_test]'s message encoder file[PublicKeyReq][D:\gitsinnori\sinnori\project\sample_test\client_build\web_build\src\main\java\kr\pe\sinnori\impl\message] creation task start
4월 11, 2018 6:00:13 오후 kr.pe.sinnori.common.buildsystem.ProjectBuilder createNewEncoderSourceFile
정보: main project[sample_test]'s message encoder file[PublicKeyReq][D:\gitsinnori\sinnori\project\sample_test\client_build\web_build\src\main\java\kr\pe\sinnori\impl\message] creation task end
4월 11, 2018 6:00:13 오후 kr.pe.sinnori.common.buildsystem.ProjectBuilder createNewServerCodecSourceFile
정보: main project[sample_test]'s message server codec file[PublicKeyReq][D:\gitsinnori\sinnori\project\sample_test\client_build\web_build\src\main\java\kr\pe\sinnori\impl\message] creation task start
4월 11, 2018 6:00:13 오후 kr.pe.sinnori.common.buildsystem.ProjectBuilder createNewServerCodecSourceFile
정보: main project[sample_test]'s message server codec file[PublicKeyReq][D:\gitsinnori\sinnori\project\sample_test\client_build\web_build\src\main\java\kr\pe\sinnori\impl\message] creation task end
4월 11, 2018 6:00:13 오후 kr.pe.sinnori.common.buildsystem.ProjectBuilder createNewClientCodecSourceFile
정보: main project[sample_test]'s message client codec file[PublicKeyReq][D:\gitsinnori\sinnori\project\sample_test\client_build\web_build\src\main\java\kr\pe\sinnori\impl\message] creation task start
4월 11, 2018 6:00:13 오후 kr.pe.sinnori.common.buildsystem.ProjectBuilder createNewClientCodecSourceFile
정보: main project[sample_test]'s message client codec file[PublicKeyReq][D:\gitsinnori\sinnori\project\sample_test\client_build\web_build\src\main\java\kr\pe\sinnori\impl\message] creation task end
4월 11, 2018 6:00:13 오후 kr.pe.sinnori.common.util.CommonStaticUtil createChildDirectoriesOfBasePath
정보: the new child relative direcotry[D:\gitsinnori\sinnori\project\sample_test\client_build\web_build\src\main\java\kr\pe\sinnori\impl\message][PublicKeyRes] was created successfully
4월 11, 2018 6:00:13 오후 kr.pe.sinnori.common.buildsystem.ProjectBuilder createNewMessageSourceFile
정보: main project[sample_test]'s message file[PublicKeyRes][D:\gitsinnori\sinnori\project\sample_test\client_build\web_build\src\main\java\kr\pe\sinnori\impl\message] creation task start
4월 11, 2018 6:00:13 오후 kr.pe.sinnori.common.buildsystem.ProjectBuilder createNewMessageSourceFile
정보: main project[sample_test]'s message file[PublicKeyRes][D:\gitsinnori\sinnori\project\sample_test\client_build\web_build\src\main\java\kr\pe\sinnori\impl\message] creation task end
4월 11, 2018 6:00:13 오후 kr.pe.sinnori.common.buildsystem.ProjectBuilder createNewDecoderSourceFile
정보: main project[sample_test]'s message decoder file[PublicKeyRes][D:\gitsinnori\sinnori\project\sample_test\client_build\web_build\src\main\java\kr\pe\sinnori\impl\message] creation task start
4월 11, 2018 6:00:13 오후 kr.pe.sinnori.common.buildsystem.ProjectBuilder createNewDecoderSourceFile
정보: main project[sample_test]'s message decoder file[PublicKeyRes][D:\gitsinnori\sinnori\project\sample_test\client_build\web_build\src\main\java\kr\pe\sinnori\impl\message] creation task end
4월 11, 2018 6:00:13 오후 kr.pe.sinnori.common.buildsystem.ProjectBuilder createNewEncoderSourceFile
정보: main project[sample_test]'s message encoder file[PublicKeyRes][D:\gitsinnori\sinnori\project\sample_test\client_build\web_build\src\main\java\kr\pe\sinnori\impl\message] creation task start
4월 11, 2018 6:00:13 오후 kr.pe.sinnori.common.buildsystem.ProjectBuilder createNewEncoderSourceFile
정보: main project[sample_test]'s message encoder file[PublicKeyRes][D:\gitsinnori\sinnori\project\sample_test\client_build\web_build\src\main\java\kr\pe\sinnori\impl\message] creation task end
4월 11, 2018 6:00:13 오후 kr.pe.sinnori.common.buildsystem.ProjectBuilder createNewServerCodecSourceFile
정보: main project[sample_test]'s message server codec file[PublicKeyRes][D:\gitsinnori\sinnori\project\sample_test\client_build\web_build\src\main\java\kr\pe\sinnori\impl\message] creation task start
4월 11, 2018 6:00:13 오후 kr.pe.sinnori.common.buildsystem.ProjectBuilder createNewServerCodecSourceFile
정보: main project[sample_test]'s message server codec file[PublicKeyRes][D:\gitsinnori\sinnori\project\sample_test\client_build\web_build\src\main\java\kr\pe\sinnori\impl\message] creation task end
4월 11, 2018 6:00:13 오후 kr.pe.sinnori.common.buildsystem.ProjectBuilder createNewClientCodecSourceFile
정보: main project[sample_test]'s message client codec file[PublicKeyRes][D:\gitsinnori\sinnori\project\sample_test\client_build\web_build\src\main\java\kr\pe\sinnori\impl\message] creation task start
4월 11, 2018 6:00:13 오후 kr.pe.sinnori.common.buildsystem.ProjectBuilder createNewClientCodecSourceFile
정보: main project[sample_test]'s message client codec file[PublicKeyRes][D:\gitsinnori\sinnori\project\sample_test\client_build\web_build\src\main\java\kr\pe\sinnori\impl\message] creation task end
4월 11, 2018 6:00:13 오후 kr.pe.sinnori.common.buildsystem.ProjectBuilder createNewWebClientMessageIOFileSet
정보: main project[sample_test]'s web client message io file set creation task end
4월 11, 2018 6:00:13 오후 kr.pe.sinnori.common.buildsystem.ProjectBuilder copyWebClientSampleFiles
정보: mainproject[sample_test]'s web client sample source files copy task start
4월 11, 2018 6:00:13 오후 kr.pe.sinnori.common.buildsystem.ProjectBuilder copyWebClientSampleFiles
정보: mainproject[sample_test]'s web client sample source files copy task end
4월 11, 2018 6:00:13 오후 kr.pe.sinnori.common.buildsystem.ProjectBuilder createWebClientBuildSystemFiles
정보: main project[sample_test]'s web client build system files creation task end
4월 11, 2018 6:00:13 오후 kr.pe.sinnori.common.buildsystem.ProjectBuilder createWebRootChildDirectories
정보: main project[sample_test]'s web root child direcotry creation task start
4월 11, 2018 6:00:13 오후 kr.pe.sinnori.common.util.CommonStaticUtil createChildDirectoriesOfBasePath
정보: the child relative direcotry[D:\gitsinnori\sinnori\project\sample_test][web_app_base/upload] exist, so nothing
4월 11, 2018 6:00:13 오후 kr.pe.sinnori.common.util.CommonStaticUtil createChildDirectoriesOfBasePath
정보: the new child relative direcotry[D:\gitsinnori\sinnori\project\sample_test][web_app_base/ROOT/WEB-INF/classes] was created successfully
4월 11, 2018 6:00:13 오후 kr.pe.sinnori.common.util.CommonStaticUtil createChildDirectoriesOfBasePath
정보: the new child relative direcotry[D:\gitsinnori\sinnori\project\sample_test][web_app_base/ROOT/WEB-INF/lib] was created successfully
4월 11, 2018 6:00:13 오후 kr.pe.sinnori.common.buildsystem.ProjectBuilder createWebRootChildDirectories
정보: main project[sample_test]'s web root child direcotry creation task end
4월 11, 2018 6:00:13 오후 kr.pe.sinnori.common.buildsystem.ProjectBuilder createWebRootSampleFiles
정보: main project[sample_test]'s web root sample files creation task start
4월 11, 2018 6:00:13 오후 kr.pe.sinnori.common.buildsystem.ProjectBuilder copyWebRootSampleFiles
정보: main project[sample_test]'s web root sample files copy task start
4월 11, 2018 6:00:13 오후 kr.pe.sinnori.common.buildsystem.ProjectBuilder copyWebRootSampleFiles
정보: main project[sample_test]'s web root sample files copy task end
4월 11, 2018 6:00:13 오후 kr.pe.sinnori.common.buildsystem.ProjectBuilder createWebRootSampleFiles
정보: main project[sample_test]'s web root sample files creation task end
4월 11, 2018 6:00:13 오후 kr.pe.sinnori.common.buildsystem.ProjectBuilder overwriteSinnoriConfigFile
정보: main project[sample_test]'s config file overwrite task start
4월 11, 2018 6:00:13 오후 kr.pe.sinnori.common.buildsystem.ProjectBuilder overwriteSinnoriConfigFile
정보: main project[sample_test]'s config file overwrite task end
4월 11, 2018 6:00:13 오후 kr.pe.sinnori.common.buildsystem.ProjectBuilder changeProjectState
정보: main project[sample_test] changeProjectState method end
4월 11, 2018 6:00:13 오후 kr.pe.sinnori.common.buildsystem.ProjectBuilder isValidAppClientAntBuildXMLFile
정보: the app client ant build.xml file[D:\gitsinnori\sinnori\project\sample_test\client_build\app_build\build.xml] is bad :: whetherExist[false] isFile[false]
4월 11, 2018 6:00:13 오후 kr.pe.sinnori.common.buildsystem.ProjectBuilder changeProjectState
정보: main project[sample_test] changeProjectState method start
4월 11, 2018 6:00:13 오후 kr.pe.sinnori.common.buildsystem.ProjectBuilder changeProjectState
경고: the server build path[D:\gitsinnori\sinnori\project\sample_test\server_build] exist, so skip creation of server build system
4월 11, 2018 6:00:13 오후 kr.pe.sinnori.common.buildsystem.ProjectBuilder createAppBuildChildDirectories
정보: main project[sample_test]'s application build child direcotry creation task start
4월 11, 2018 6:00:13 오후 kr.pe.sinnori.common.util.CommonStaticUtil createChildDirectoriesOfBasePath
정보: the new child relative direcotry[D:\gitsinnori\sinnori\project\sample_test][client_build/app_build/corelib/ex] was created successfully
4월 11, 2018 6:00:13 오후 kr.pe.sinnori.common.util.CommonStaticUtil createChildDirectoriesOfBasePath
정보: the new child relative direcotry[D:\gitsinnori\sinnori\project\sample_test][client_build/app_build/corelib/in] was created successfully
4월 11, 2018 6:00:13 오후 kr.pe.sinnori.common.util.CommonStaticUtil createChildDirectoriesOfBasePath
정보: the new child relative direcotry[D:\gitsinnori\sinnori\project\sample_test][client_build/app_build/lib/main/ex] was created successfully
4월 11, 2018 6:00:13 오후 kr.pe.sinnori.common.util.CommonStaticUtil createChildDirectoriesOfBasePath
정보: the new child relative direcotry[D:\gitsinnori\sinnori\project\sample_test][client_build/app_build/lib/main/in] was created successfully
4월 11, 2018 6:00:13 오후 kr.pe.sinnori.common.util.CommonStaticUtil createChildDirectoriesOfBasePath
정보: the new child relative direcotry[D:\gitsinnori\sinnori\project\sample_test][client_build/app_build/lib/test] was created successfully
4월 11, 2018 6:00:13 오후 kr.pe.sinnori.common.util.CommonStaticUtil createChildDirectoriesOfBasePath
정보: the new child relative direcotry[D:\gitsinnori\sinnori\project\sample_test][client_build/app_build/src/main/java/kr/pe/sinnori/impl/message] was created successfully
4월 11, 2018 6:00:13 오후 kr.pe.sinnori.common.util.CommonStaticUtil createChildDirectoriesOfBasePath
정보: the new child relative direcotry[D:\gitsinnori\sinnori\project\sample_test][client_build/app_build/src/main/java/main] was created successfully
4월 11, 2018 6:00:13 오후 kr.pe.sinnori.common.util.CommonStaticUtil createChildDirectoriesOfBasePath
정보: the new child relative direcotry[D:\gitsinnori\sinnori\project\sample_test][client_build/app_build/src/test/java] was created successfully
4월 11, 2018 6:00:13 오후 kr.pe.sinnori.common.util.CommonStaticUtil createChildDirectoriesOfBasePath
정보: the new child relative direcotry[D:\gitsinnori\sinnori\project\sample_test][client_build/app_build/build] was created successfully
4월 11, 2018 6:00:13 오후 kr.pe.sinnori.common.util.CommonStaticUtil createChildDirectoriesOfBasePath
정보: the new child relative direcotry[D:\gitsinnori\sinnori\project\sample_test][client_build/app_build/dist] was created successfully
4월 11, 2018 6:00:13 오후 kr.pe.sinnori.common.buildsystem.ProjectBuilder createAppBuildChildDirectories
정보: main project[sample_test]'s application build child direcotry creation task end
4월 11, 2018 6:00:13 오후 kr.pe.sinnori.common.buildsystem.ProjectBuilder createAppClientBuildSystemFiles
정보: mainproject[sample_test]'s application client build system files creation task start
4월 11, 2018 6:00:13 오후 kr.pe.sinnori.common.buildsystem.ProjectBuilder createNewAppClientAntBuildXMLFile
정보: main project[sample_test]'s application client ant build.xml file creation task start
4월 11, 2018 6:00:13 오후 kr.pe.sinnori.common.buildsystem.ProjectBuilder createNewAppClientAntBuildXMLFile
정보: main project[sample_test]'s application client ant build.xml file creation task end
4월 11, 2018 6:00:13 오후 kr.pe.sinnori.common.buildsystem.ProjectBuilder createNewAppClientDosShellFile
정보: main project[sample_test]'s application client dos shell file creation task start
4월 11, 2018 6:00:13 오후 kr.pe.sinnori.common.buildsystem.ProjectBuilder createNewAppClientDosShellFile
정보: main project[sample_test]'s application client dos shell file creation task end
4월 11, 2018 6:00:13 오후 kr.pe.sinnori.common.buildsystem.ProjectBuilder createNewAppClientUnixShellFile
정보: main project[sample_test]'s application client unix shell file creation task start
4월 11, 2018 6:00:13 오후 kr.pe.sinnori.common.buildsystem.ProjectBuilder createNewAppClientUnixShellFile
정보: main project[sample_test]'s application client unix shell file creation task end
4월 11, 2018 6:00:13 오후 kr.pe.sinnori.common.buildsystem.ProjectBuilder copyAppClientSampleFiles
정보: application client sample source files copy task start
4월 11, 2018 6:00:13 오후 kr.pe.sinnori.common.buildsystem.ProjectBuilder copyAppClientSampleFiles
정보: application client sample source files copy task end
4월 11, 2018 6:00:13 오후 kr.pe.sinnori.common.buildsystem.ProjectBuilder createNewAppClientAllMessageIOFileSet
정보: main project[sample_test]'s application client message io file set creation task start
4월 11, 2018 6:00:13 오후 kr.pe.sinnori.common.util.CommonStaticUtil createChildDirectoriesOfBasePath
정보: the new child relative direcotry[D:\gitsinnori\sinnori\project\sample_test\client_build\app_build\src\main\java\kr\pe\sinnori\impl\message][Echo] was created successfully
4월 11, 2018 6:00:13 오후 kr.pe.sinnori.common.buildsystem.ProjectBuilder createNewMessageSourceFile
정보: main project[sample_test]'s message file[Echo][D:\gitsinnori\sinnori\project\sample_test\client_build\app_build\src\main\java\kr\pe\sinnori\impl\message] creation task start
4월 11, 2018 6:00:13 오후 kr.pe.sinnori.common.buildsystem.ProjectBuilder createNewMessageSourceFile
정보: main project[sample_test]'s message file[Echo][D:\gitsinnori\sinnori\project\sample_test\client_build\app_build\src\main\java\kr\pe\sinnori\impl\message] creation task end
4월 11, 2018 6:00:13 오후 kr.pe.sinnori.common.buildsystem.ProjectBuilder createNewDecoderSourceFile
정보: main project[sample_test]'s message decoder file[Echo][D:\gitsinnori\sinnori\project\sample_test\client_build\app_build\src\main\java\kr\pe\sinnori\impl\message] creation task start
4월 11, 2018 6:00:13 오후 kr.pe.sinnori.common.buildsystem.ProjectBuilder createNewDecoderSourceFile
정보: main project[sample_test]'s message decoder file[Echo][D:\gitsinnori\sinnori\project\sample_test\client_build\app_build\src\main\java\kr\pe\sinnori\impl\message] creation task end
4월 11, 2018 6:00:13 오후 kr.pe.sinnori.common.buildsystem.ProjectBuilder createNewEncoderSourceFile
정보: main project[sample_test]'s message encoder file[Echo][D:\gitsinnori\sinnori\project\sample_test\client_build\app_build\src\main\java\kr\pe\sinnori\impl\message] creation task start
4월 11, 2018 6:00:13 오후 kr.pe.sinnori.common.buildsystem.ProjectBuilder createNewEncoderSourceFile
정보: main project[sample_test]'s message encoder file[Echo][D:\gitsinnori\sinnori\project\sample_test\client_build\app_build\src\main\java\kr\pe\sinnori\impl\message] creation task end
4월 11, 2018 6:00:13 오후 kr.pe.sinnori.common.buildsystem.ProjectBuilder createNewServerCodecSourceFile
정보: main project[sample_test]'s message server codec file[Echo][D:\gitsinnori\sinnori\project\sample_test\client_build\app_build\src\main\java\kr\pe\sinnori\impl\message] creation task start
4월 11, 2018 6:00:13 오후 kr.pe.sinnori.common.buildsystem.ProjectBuilder createNewServerCodecSourceFile
정보: main project[sample_test]'s message server codec file[Echo][D:\gitsinnori\sinnori\project\sample_test\client_build\app_build\src\main\java\kr\pe\sinnori\impl\message] creation task end
4월 11, 2018 6:00:13 오후 kr.pe.sinnori.common.buildsystem.ProjectBuilder createNewClientCodecSourceFile
정보: main project[sample_test]'s message client codec file[Echo][D:\gitsinnori\sinnori\project\sample_test\client_build\app_build\src\main\java\kr\pe\sinnori\impl\message] creation task start
4월 11, 2018 6:00:13 오후 kr.pe.sinnori.common.buildsystem.ProjectBuilder createNewClientCodecSourceFile
정보: main project[sample_test]'s message client codec file[Echo][D:\gitsinnori\sinnori\project\sample_test\client_build\app_build\src\main\java\kr\pe\sinnori\impl\message] creation task end
4월 11, 2018 6:00:13 오후 kr.pe.sinnori.common.util.CommonStaticUtil createChildDirectoriesOfBasePath
정보: the new child relative direcotry[D:\gitsinnori\sinnori\project\sample_test\client_build\app_build\src\main\java\kr\pe\sinnori\impl\message][PublicKeyReq] was created successfully
4월 11, 2018 6:00:13 오후 kr.pe.sinnori.common.buildsystem.ProjectBuilder createNewMessageSourceFile
정보: main project[sample_test]'s message file[PublicKeyReq][D:\gitsinnori\sinnori\project\sample_test\client_build\app_build\src\main\java\kr\pe\sinnori\impl\message] creation task start
4월 11, 2018 6:00:13 오후 kr.pe.sinnori.common.buildsystem.ProjectBuilder createNewMessageSourceFile
정보: main project[sample_test]'s message file[PublicKeyReq][D:\gitsinnori\sinnori\project\sample_test\client_build\app_build\src\main\java\kr\pe\sinnori\impl\message] creation task end
4월 11, 2018 6:00:13 오후 kr.pe.sinnori.common.buildsystem.ProjectBuilder createNewDecoderSourceFile
정보: main project[sample_test]'s message decoder file[PublicKeyReq][D:\gitsinnori\sinnori\project\sample_test\client_build\app_build\src\main\java\kr\pe\sinnori\impl\message] creation task start
4월 11, 2018 6:00:13 오후 kr.pe.sinnori.common.buildsystem.ProjectBuilder createNewDecoderSourceFile
정보: main project[sample_test]'s message decoder file[PublicKeyReq][D:\gitsinnori\sinnori\project\sample_test\client_build\app_build\src\main\java\kr\pe\sinnori\impl\message] creation task end
4월 11, 2018 6:00:13 오후 kr.pe.sinnori.common.buildsystem.ProjectBuilder createNewEncoderSourceFile
정보: main project[sample_test]'s message encoder file[PublicKeyReq][D:\gitsinnori\sinnori\project\sample_test\client_build\app_build\src\main\java\kr\pe\sinnori\impl\message] creation task start
4월 11, 2018 6:00:13 오후 kr.pe.sinnori.common.buildsystem.ProjectBuilder createNewEncoderSourceFile
정보: main project[sample_test]'s message encoder file[PublicKeyReq][D:\gitsinnori\sinnori\project\sample_test\client_build\app_build\src\main\java\kr\pe\sinnori\impl\message] creation task end
4월 11, 2018 6:00:13 오후 kr.pe.sinnori.common.buildsystem.ProjectBuilder createNewServerCodecSourceFile
정보: main project[sample_test]'s message server codec file[PublicKeyReq][D:\gitsinnori\sinnori\project\sample_test\client_build\app_build\src\main\java\kr\pe\sinnori\impl\message] creation task start
4월 11, 2018 6:00:13 오후 kr.pe.sinnori.common.buildsystem.ProjectBuilder createNewServerCodecSourceFile
정보: main project[sample_test]'s message server codec file[PublicKeyReq][D:\gitsinnori\sinnori\project\sample_test\client_build\app_build\src\main\java\kr\pe\sinnori\impl\message] creation task end
4월 11, 2018 6:00:13 오후 kr.pe.sinnori.common.buildsystem.ProjectBuilder createNewClientCodecSourceFile
정보: main project[sample_test]'s message client codec file[PublicKeyReq][D:\gitsinnori\sinnori\project\sample_test\client_build\app_build\src\main\java\kr\pe\sinnori\impl\message] creation task start
4월 11, 2018 6:00:13 오후 kr.pe.sinnori.common.buildsystem.ProjectBuilder createNewClientCodecSourceFile
정보: main project[sample_test]'s message client codec file[PublicKeyReq][D:\gitsinnori\sinnori\project\sample_test\client_build\app_build\src\main\java\kr\pe\sinnori\impl\message] creation task end
4월 11, 2018 6:00:13 오후 kr.pe.sinnori.common.util.CommonStaticUtil createChildDirectoriesOfBasePath
정보: the new child relative direcotry[D:\gitsinnori\sinnori\project\sample_test\client_build\app_build\src\main\java\kr\pe\sinnori\impl\message][PublicKeyRes] was created successfully
4월 11, 2018 6:00:13 오후 kr.pe.sinnori.common.buildsystem.ProjectBuilder createNewMessageSourceFile
정보: main project[sample_test]'s message file[PublicKeyRes][D:\gitsinnori\sinnori\project\sample_test\client_build\app_build\src\main\java\kr\pe\sinnori\impl\message] creation task start
4월 11, 2018 6:00:13 오후 kr.pe.sinnori.common.buildsystem.ProjectBuilder createNewMessageSourceFile
정보: main project[sample_test]'s message file[PublicKeyRes][D:\gitsinnori\sinnori\project\sample_test\client_build\app_build\src\main\java\kr\pe\sinnori\impl\message] creation task end
4월 11, 2018 6:00:13 오후 kr.pe.sinnori.common.buildsystem.ProjectBuilder createNewDecoderSourceFile
정보: main project[sample_test]'s message decoder file[PublicKeyRes][D:\gitsinnori\sinnori\project\sample_test\client_build\app_build\src\main\java\kr\pe\sinnori\impl\message] creation task start
4월 11, 2018 6:00:13 오후 kr.pe.sinnori.common.buildsystem.ProjectBuilder createNewDecoderSourceFile
정보: main project[sample_test]'s message decoder file[PublicKeyRes][D:\gitsinnori\sinnori\project\sample_test\client_build\app_build\src\main\java\kr\pe\sinnori\impl\message] creation task end
4월 11, 2018 6:00:13 오후 kr.pe.sinnori.common.buildsystem.ProjectBuilder createNewEncoderSourceFile
정보: main project[sample_test]'s message encoder file[PublicKeyRes][D:\gitsinnori\sinnori\project\sample_test\client_build\app_build\src\main\java\kr\pe\sinnori\impl\message] creation task start
4월 11, 2018 6:00:14 오후 kr.pe.sinnori.common.buildsystem.ProjectBuilder createNewEncoderSourceFile
정보: main project[sample_test]'s message encoder file[PublicKeyRes][D:\gitsinnori\sinnori\project\sample_test\client_build\app_build\src\main\java\kr\pe\sinnori\impl\message] creation task end
4월 11, 2018 6:00:14 오후 kr.pe.sinnori.common.buildsystem.ProjectBuilder createNewServerCodecSourceFile
정보: main project[sample_test]'s message server codec file[PublicKeyRes][D:\gitsinnori\sinnori\project\sample_test\client_build\app_build\src\main\java\kr\pe\sinnori\impl\message] creation task start
4월 11, 2018 6:00:14 오후 kr.pe.sinnori.common.buildsystem.ProjectBuilder createNewServerCodecSourceFile
정보: main project[sample_test]'s message server codec file[PublicKeyRes][D:\gitsinnori\sinnori\project\sample_test\client_build\app_build\src\main\java\kr\pe\sinnori\impl\message] creation task end
4월 11, 2018 6:00:14 오후 kr.pe.sinnori.common.buildsystem.ProjectBuilder createNewClientCodecSourceFile
정보: main project[sample_test]'s message client codec file[PublicKeyRes][D:\gitsinnori\sinnori\project\sample_test\client_build\app_build\src\main\java\kr\pe\sinnori\impl\message] creation task start
4월 11, 2018 6:00:14 오후 kr.pe.sinnori.common.buildsystem.ProjectBuilder createNewClientCodecSourceFile
정보: main project[sample_test]'s message client codec file[PublicKeyRes][D:\gitsinnori\sinnori\project\sample_test\client_build\app_build\src\main\java\kr\pe\sinnori\impl\message] creation task end
4월 11, 2018 6:00:14 오후 kr.pe.sinnori.common.buildsystem.ProjectBuilder createNewAppClientAllMessageIOFileSet
정보: main project[sample_test]'s application client message io file set creation task end
4월 11, 2018 6:00:14 오후 kr.pe.sinnori.common.buildsystem.ProjectBuilder createAppClientBuildSystemFiles
정보: mainproject[sample_test]'s application client build system files creation task end
4월 11, 2018 6:00:14 오후 kr.pe.sinnori.common.buildsystem.ProjectBuilder deleteWebCientBuildPath
정보: main project[sample_test]'s web client build path deletion task start
4월 11, 2018 6:00:14 오후 kr.pe.sinnori.common.buildsystem.ProjectBuilder deleteWebCientBuildPath
정보: main project[sample_test]'s web client build path deletion task end
4월 11, 2018 6:00:14 오후 kr.pe.sinnori.common.buildsystem.ProjectBuilder deleteWebRoot
정보: main project[sample_test]'s web root path deletion task start
4월 11, 2018 6:00:14 오후 kr.pe.sinnori.common.buildsystem.ProjectBuilder deleteWebRoot
정보: main project[sample_test]'s web root path deletion task end
4월 11, 2018 6:00:14 오후 kr.pe.sinnori.common.buildsystem.ProjectBuilder overwriteSinnoriConfigFile
정보: main project[sample_test]'s config file overwrite task start
4월 11, 2018 6:00:14 오후 kr.pe.sinnori.common.buildsystem.ProjectBuilder overwriteSinnoriConfigFile
정보: main project[sample_test]'s config file overwrite task end
4월 11, 2018 6:00:14 오후 kr.pe.sinnori.common.buildsystem.ProjectBuilder changeProjectState
정보: main project[sample_test] changeProjectState method end
4월 11, 2018 6:00:14 오후 kr.pe.sinnori.common.buildsystem.ProjectBuilder isValidWebClientAntBuildXMLFile
정보: the web client ant build.xml file[D:\gitsinnori\sinnori\project\sample_test\client_build\web_build\build.xml] is bad :: whetherExist[false] isFile[false]
4월 11, 2018 6:00:14 오후 kr.pe.sinnori.common.buildsystem.ProjectBuilder isValidWebRootXMLFile
정보: the web.xml file[D:\gitsinnori\sinnori\project\sample_test\web_app_base\ROOT\WEB-INF\web.xml] located at web root directory is bad :: whetherExist[false] isFile[false]
4월 11, 2018 6:00:14 오후 kr.pe.sinnori.common.buildsystem.ProjectBuilder changeProjectState
정보: main project[sample_test] changeProjectState method start
4월 11, 2018 6:00:14 오후 kr.pe.sinnori.common.buildsystem.ProjectBuilder changeProjectState
경고: the server build path[D:\gitsinnori\sinnori\project\sample_test\server_build] exist, so skip creation of server build system
4월 11, 2018 6:00:14 오후 kr.pe.sinnori.common.buildsystem.ProjectBuilder changeProjectState
경고: the app client build path[D:\gitsinnori\sinnori\project\sample_test\client_build\app_build] exist, so skip creation of app client build system
4월 11, 2018 6:00:14 오후 kr.pe.sinnori.common.buildsystem.ProjectBuilder createWebBuildChildDirectories
정보: main project[sample_test]'s web build child direcotry creation task start
4월 11, 2018 6:00:14 오후 kr.pe.sinnori.common.util.CommonStaticUtil createChildDirectoriesOfBasePath
정보: the new child relative direcotry[D:\gitsinnori\sinnori\project\sample_test][client_build/web_build/corelib/ex] was created successfully
4월 11, 2018 6:00:14 오후 kr.pe.sinnori.common.util.CommonStaticUtil createChildDirectoriesOfBasePath
정보: the new child relative direcotry[D:\gitsinnori\sinnori\project\sample_test][client_build/web_build/corelib/in] was created successfully
4월 11, 2018 6:00:14 오후 kr.pe.sinnori.common.util.CommonStaticUtil createChildDirectoriesOfBasePath
정보: the new child relative direcotry[D:\gitsinnori\sinnori\project\sample_test][client_build/web_build/lib/main/ex] was created successfully
4월 11, 2018 6:00:14 오후 kr.pe.sinnori.common.util.CommonStaticUtil createChildDirectoriesOfBasePath
정보: the new child relative direcotry[D:\gitsinnori\sinnori\project\sample_test][client_build/web_build/lib/main/in] was created successfully
4월 11, 2018 6:00:14 오후 kr.pe.sinnori.common.util.CommonStaticUtil createChildDirectoriesOfBasePath
정보: the new child relative direcotry[D:\gitsinnori\sinnori\project\sample_test][client_build/web_build/lib/test] was created successfully
4월 11, 2018 6:00:14 오후 kr.pe.sinnori.common.util.CommonStaticUtil createChildDirectoriesOfBasePath
정보: the new child relative direcotry[D:\gitsinnori\sinnori\project\sample_test][client_build/web_build/src/main/java/kr/pe/sinnori/impl/message] was created successfully
4월 11, 2018 6:00:14 오후 kr.pe.sinnori.common.util.CommonStaticUtil createChildDirectoriesOfBasePath
정보: the new child relative direcotry[D:\gitsinnori\sinnori\project\sample_test][client_build/web_build/src/main/java//kr/pe/sinnori/servlet] was created successfully
4월 11, 2018 6:00:14 오후 kr.pe.sinnori.common.util.CommonStaticUtil createChildDirectoriesOfBasePath
정보: the new child relative direcotry[D:\gitsinnori\sinnori\project\sample_test][client_build/web_build/src/main/java/kr/pe/sinnori/weblib/common] was created successfully
4월 11, 2018 6:00:14 오후 kr.pe.sinnori.common.util.CommonStaticUtil createChildDirectoriesOfBasePath
정보: the new child relative direcotry[D:\gitsinnori\sinnori\project\sample_test][client_build/web_build/src/main/java/kr/pe/sinnori/weblib/htmlstring] was created successfully
4월 11, 2018 6:00:14 오후 kr.pe.sinnori.common.util.CommonStaticUtil createChildDirectoriesOfBasePath
정보: the new child relative direcotry[D:\gitsinnori\sinnori\project\sample_test][client_build/web_build/src/main/java/kr/pe/sinnori/weblib/jdf] was created successfully
4월 11, 2018 6:00:14 오후 kr.pe.sinnori.common.util.CommonStaticUtil createChildDirectoriesOfBasePath
정보: the new child relative direcotry[D:\gitsinnori\sinnori\project\sample_test][client_build/web_build/src/test/java] was created successfully
4월 11, 2018 6:00:14 오후 kr.pe.sinnori.common.util.CommonStaticUtil createChildDirectoriesOfBasePath
정보: the new child relative direcotry[D:\gitsinnori\sinnori\project\sample_test][client_build/web_build/build] was created successfully
4월 11, 2018 6:00:14 오후 kr.pe.sinnori.common.util.CommonStaticUtil createChildDirectoriesOfBasePath
정보: the new child relative direcotry[D:\gitsinnori\sinnori\project\sample_test][client_build/web_build/dist] was created successfully
4월 11, 2018 6:00:14 오후 kr.pe.sinnori.common.buildsystem.ProjectBuilder createWebBuildChildDirectories
정보: main project[sample_test]'s web build child direcotry creation task end
4월 11, 2018 6:00:14 오후 kr.pe.sinnori.common.buildsystem.ProjectBuilder createWebClientBuildSystemFiles
정보: main project[sample_test]'s web client build system files creation task start
4월 11, 2018 6:00:14 오후 kr.pe.sinnori.common.buildsystem.ProjectBuilder createNewWebClientAntBuildFile
정보: main project[sample_test]'s web client ant build.xml file creation task start
4월 11, 2018 6:00:14 오후 kr.pe.sinnori.common.buildsystem.ProjectBuilder createNewWebClientAntBuildFile
정보: main project[sample_test]'s web client ant build.xml file creation task end
4월 11, 2018 6:00:14 오후 kr.pe.sinnori.common.buildsystem.ProjectBuilder createNewWebClientAntPropertiesFile
정보: main project[sample_test]'s web client ant properties file creation task start
4월 11, 2018 6:00:14 오후 kr.pe.sinnori.common.util.SequencedPropertiesUtil createNewSequencedPropertiesFile
정보: the sequenced properties file[D:\gitsinnori\sinnori\project\sample_test\client_build\web_build\webAnt.properties] was created
4월 11, 2018 6:00:14 오후 kr.pe.sinnori.common.buildsystem.ProjectBuilder createNewWebClientAntPropertiesFile
정보: main project[sample_test]'s web client ant properties file creation task end
4월 11, 2018 6:00:14 오후 kr.pe.sinnori.common.buildsystem.ProjectBuilder createNewWebClientMessageIOFileSet
정보: main project[sample_test]'s web client message io file set creation task start
4월 11, 2018 6:00:14 오후 kr.pe.sinnori.common.util.CommonStaticUtil createChildDirectoriesOfBasePath
정보: the new child relative direcotry[D:\gitsinnori\sinnori\project\sample_test\client_build\web_build\src\main\java\kr\pe\sinnori\impl\message][Echo] was created successfully
4월 11, 2018 6:00:14 오후 kr.pe.sinnori.common.buildsystem.ProjectBuilder createNewMessageSourceFile
정보: main project[sample_test]'s message file[Echo][D:\gitsinnori\sinnori\project\sample_test\client_build\web_build\src\main\java\kr\pe\sinnori\impl\message] creation task start
4월 11, 2018 6:00:14 오후 kr.pe.sinnori.common.buildsystem.ProjectBuilder createNewMessageSourceFile
정보: main project[sample_test]'s message file[Echo][D:\gitsinnori\sinnori\project\sample_test\client_build\web_build\src\main\java\kr\pe\sinnori\impl\message] creation task end
4월 11, 2018 6:00:14 오후 kr.pe.sinnori.common.buildsystem.ProjectBuilder createNewDecoderSourceFile
정보: main project[sample_test]'s message decoder file[Echo][D:\gitsinnori\sinnori\project\sample_test\client_build\web_build\src\main\java\kr\pe\sinnori\impl\message] creation task start
4월 11, 2018 6:00:14 오후 kr.pe.sinnori.common.buildsystem.ProjectBuilder createNewDecoderSourceFile
정보: main project[sample_test]'s message decoder file[Echo][D:\gitsinnori\sinnori\project\sample_test\client_build\web_build\src\main\java\kr\pe\sinnori\impl\message] creation task end
4월 11, 2018 6:00:14 오후 kr.pe.sinnori.common.buildsystem.ProjectBuilder createNewEncoderSourceFile
정보: main project[sample_test]'s message encoder file[Echo][D:\gitsinnori\sinnori\project\sample_test\client_build\web_build\src\main\java\kr\pe\sinnori\impl\message] creation task start
4월 11, 2018 6:00:14 오후 kr.pe.sinnori.common.buildsystem.ProjectBuilder createNewEncoderSourceFile
정보: main project[sample_test]'s message encoder file[Echo][D:\gitsinnori\sinnori\project\sample_test\client_build\web_build\src\main\java\kr\pe\sinnori\impl\message] creation task end
4월 11, 2018 6:00:14 오후 kr.pe.sinnori.common.buildsystem.ProjectBuilder createNewServerCodecSourceFile
정보: main project[sample_test]'s message server codec file[Echo][D:\gitsinnori\sinnori\project\sample_test\client_build\web_build\src\main\java\kr\pe\sinnori\impl\message] creation task start
4월 11, 2018 6:00:14 오후 kr.pe.sinnori.common.buildsystem.ProjectBuilder createNewServerCodecSourceFile
정보: main project[sample_test]'s message server codec file[Echo][D:\gitsinnori\sinnori\project\sample_test\client_build\web_build\src\main\java\kr\pe\sinnori\impl\message] creation task end
4월 11, 2018 6:00:14 오후 kr.pe.sinnori.common.buildsystem.ProjectBuilder createNewClientCodecSourceFile
정보: main project[sample_test]'s message client codec file[Echo][D:\gitsinnori\sinnori\project\sample_test\client_build\web_build\src\main\java\kr\pe\sinnori\impl\message] creation task start
4월 11, 2018 6:00:14 오후 kr.pe.sinnori.common.buildsystem.ProjectBuilder createNewClientCodecSourceFile
정보: main project[sample_test]'s message client codec file[Echo][D:\gitsinnori\sinnori\project\sample_test\client_build\web_build\src\main\java\kr\pe\sinnori\impl\message] creation task end
4월 11, 2018 6:00:14 오후 kr.pe.sinnori.common.util.CommonStaticUtil createChildDirectoriesOfBasePath
정보: the new child relative direcotry[D:\gitsinnori\sinnori\project\sample_test\client_build\web_build\src\main\java\kr\pe\sinnori\impl\message][PublicKeyReq] was created successfully
4월 11, 2018 6:00:14 오후 kr.pe.sinnori.common.buildsystem.ProjectBuilder createNewMessageSourceFile
정보: main project[sample_test]'s message file[PublicKeyReq][D:\gitsinnori\sinnori\project\sample_test\client_build\web_build\src\main\java\kr\pe\sinnori\impl\message] creation task start
4월 11, 2018 6:00:14 오후 kr.pe.sinnori.common.buildsystem.ProjectBuilder createNewMessageSourceFile
정보: main project[sample_test]'s message file[PublicKeyReq][D:\gitsinnori\sinnori\project\sample_test\client_build\web_build\src\main\java\kr\pe\sinnori\impl\message] creation task end
4월 11, 2018 6:00:14 오후 kr.pe.sinnori.common.buildsystem.ProjectBuilder createNewDecoderSourceFile
정보: main project[sample_test]'s message decoder file[PublicKeyReq][D:\gitsinnori\sinnori\project\sample_test\client_build\web_build\src\main\java\kr\pe\sinnori\impl\message] creation task start
4월 11, 2018 6:00:14 오후 kr.pe.sinnori.common.buildsystem.ProjectBuilder createNewDecoderSourceFile
정보: main project[sample_test]'s message decoder file[PublicKeyReq][D:\gitsinnori\sinnori\project\sample_test\client_build\web_build\src\main\java\kr\pe\sinnori\impl\message] creation task end
4월 11, 2018 6:00:14 오후 kr.pe.sinnori.common.buildsystem.ProjectBuilder createNewEncoderSourceFile
정보: main project[sample_test]'s message encoder file[PublicKeyReq][D:\gitsinnori\sinnori\project\sample_test\client_build\web_build\src\main\java\kr\pe\sinnori\impl\message] creation task start
4월 11, 2018 6:00:14 오후 kr.pe.sinnori.common.buildsystem.ProjectBuilder createNewEncoderSourceFile
정보: main project[sample_test]'s message encoder file[PublicKeyReq][D:\gitsinnori\sinnori\project\sample_test\client_build\web_build\src\main\java\kr\pe\sinnori\impl\message] creation task end
4월 11, 2018 6:00:14 오후 kr.pe.sinnori.common.buildsystem.ProjectBuilder createNewServerCodecSourceFile
정보: main project[sample_test]'s message server codec file[PublicKeyReq][D:\gitsinnori\sinnori\project\sample_test\client_build\web_build\src\main\java\kr\pe\sinnori\impl\message] creation task start
4월 11, 2018 6:00:14 오후 kr.pe.sinnori.common.buildsystem.ProjectBuilder createNewServerCodecSourceFile
정보: main project[sample_test]'s message server codec file[PublicKeyReq][D:\gitsinnori\sinnori\project\sample_test\client_build\web_build\src\main\java\kr\pe\sinnori\impl\message] creation task end
4월 11, 2018 6:00:14 오후 kr.pe.sinnori.common.buildsystem.ProjectBuilder createNewClientCodecSourceFile
정보: main project[sample_test]'s message client codec file[PublicKeyReq][D:\gitsinnori\sinnori\project\sample_test\client_build\web_build\src\main\java\kr\pe\sinnori\impl\message] creation task start
4월 11, 2018 6:00:14 오후 kr.pe.sinnori.common.buildsystem.ProjectBuilder createNewClientCodecSourceFile
정보: main project[sample_test]'s message client codec file[PublicKeyReq][D:\gitsinnori\sinnori\project\sample_test\client_build\web_build\src\main\java\kr\pe\sinnori\impl\message] creation task end
4월 11, 2018 6:00:14 오후 kr.pe.sinnori.common.util.CommonStaticUtil createChildDirectoriesOfBasePath
정보: the new child relative direcotry[D:\gitsinnori\sinnori\project\sample_test\client_build\web_build\src\main\java\kr\pe\sinnori\impl\message][PublicKeyRes] was created successfully
4월 11, 2018 6:00:14 오후 kr.pe.sinnori.common.buildsystem.ProjectBuilder createNewMessageSourceFile
정보: main project[sample_test]'s message file[PublicKeyRes][D:\gitsinnori\sinnori\project\sample_test\client_build\web_build\src\main\java\kr\pe\sinnori\impl\message] creation task start
4월 11, 2018 6:00:14 오후 kr.pe.sinnori.common.buildsystem.ProjectBuilder createNewMessageSourceFile
정보: main project[sample_test]'s message file[PublicKeyRes][D:\gitsinnori\sinnori\project\sample_test\client_build\web_build\src\main\java\kr\pe\sinnori\impl\message] creation task end
4월 11, 2018 6:00:14 오후 kr.pe.sinnori.common.buildsystem.ProjectBuilder createNewDecoderSourceFile
정보: main project[sample_test]'s message decoder file[PublicKeyRes][D:\gitsinnori\sinnori\project\sample_test\client_build\web_build\src\main\java\kr\pe\sinnori\impl\message] creation task start
4월 11, 2018 6:00:14 오후 kr.pe.sinnori.common.buildsystem.ProjectBuilder createNewDecoderSourceFile
정보: main project[sample_test]'s message decoder file[PublicKeyRes][D:\gitsinnori\sinnori\project\sample_test\client_build\web_build\src\main\java\kr\pe\sinnori\impl\message] creation task end
4월 11, 2018 6:00:14 오후 kr.pe.sinnori.common.buildsystem.ProjectBuilder createNewEncoderSourceFile
정보: main project[sample_test]'s message encoder file[PublicKeyRes][D:\gitsinnori\sinnori\project\sample_test\client_build\web_build\src\main\java\kr\pe\sinnori\impl\message] creation task start
4월 11, 2018 6:00:14 오후 kr.pe.sinnori.common.buildsystem.ProjectBuilder createNewEncoderSourceFile
정보: main project[sample_test]'s message encoder file[PublicKeyRes][D:\gitsinnori\sinnori\project\sample_test\client_build\web_build\src\main\java\kr\pe\sinnori\impl\message] creation task end
4월 11, 2018 6:00:14 오후 kr.pe.sinnori.common.buildsystem.ProjectBuilder createNewServerCodecSourceFile
정보: main project[sample_test]'s message server codec file[PublicKeyRes][D:\gitsinnori\sinnori\project\sample_test\client_build\web_build\src\main\java\kr\pe\sinnori\impl\message] creation task start
4월 11, 2018 6:00:14 오후 kr.pe.sinnori.common.buildsystem.ProjectBuilder createNewServerCodecSourceFile
정보: main project[sample_test]'s message server codec file[PublicKeyRes][D:\gitsinnori\sinnori\project\sample_test\client_build\web_build\src\main\java\kr\pe\sinnori\impl\message] creation task end
4월 11, 2018 6:00:14 오후 kr.pe.sinnori.common.buildsystem.ProjectBuilder createNewClientCodecSourceFile
정보: main project[sample_test]'s message client codec file[PublicKeyRes][D:\gitsinnori\sinnori\project\sample_test\client_build\web_build\src\main\java\kr\pe\sinnori\impl\message] creation task start
4월 11, 2018 6:00:14 오후 kr.pe.sinnori.common.buildsystem.ProjectBuilder createNewClientCodecSourceFile
정보: main project[sample_test]'s message client codec file[PublicKeyRes][D:\gitsinnori\sinnori\project\sample_test\client_build\web_build\src\main\java\kr\pe\sinnori\impl\message] creation task end
4월 11, 2018 6:00:14 오후 kr.pe.sinnori.common.buildsystem.ProjectBuilder createNewWebClientMessageIOFileSet
정보: main project[sample_test]'s web client message io file set creation task end
4월 11, 2018 6:00:14 오후 kr.pe.sinnori.common.buildsystem.ProjectBuilder copyWebClientSampleFiles
정보: mainproject[sample_test]'s web client sample source files copy task start
4월 11, 2018 6:00:14 오후 kr.pe.sinnori.common.buildsystem.ProjectBuilder copyWebClientSampleFiles
정보: mainproject[sample_test]'s web client sample source files copy task end
4월 11, 2018 6:00:14 오후 kr.pe.sinnori.common.buildsystem.ProjectBuilder createWebClientBuildSystemFiles
정보: main project[sample_test]'s web client build system files creation task end
4월 11, 2018 6:00:14 오후 kr.pe.sinnori.common.buildsystem.ProjectBuilder createWebRootChildDirectories
정보: main project[sample_test]'s web root child direcotry creation task start
4월 11, 2018 6:00:14 오후 kr.pe.sinnori.common.util.CommonStaticUtil createChildDirectoriesOfBasePath
정보: the child relative direcotry[D:\gitsinnori\sinnori\project\sample_test][web_app_base/upload] exist, so nothing
4월 11, 2018 6:00:14 오후 kr.pe.sinnori.common.util.CommonStaticUtil createChildDirectoriesOfBasePath
정보: the new child relative direcotry[D:\gitsinnori\sinnori\project\sample_test][web_app_base/ROOT/WEB-INF/classes] was created successfully
4월 11, 2018 6:00:14 오후 kr.pe.sinnori.common.util.CommonStaticUtil createChildDirectoriesOfBasePath
정보: the new child relative direcotry[D:\gitsinnori\sinnori\project\sample_test][web_app_base/ROOT/WEB-INF/lib] was created successfully
4월 11, 2018 6:00:14 오후 kr.pe.sinnori.common.buildsystem.ProjectBuilder createWebRootChildDirectories
정보: main project[sample_test]'s web root child direcotry creation task end
4월 11, 2018 6:00:14 오후 kr.pe.sinnori.common.buildsystem.ProjectBuilder createWebRootSampleFiles
정보: main project[sample_test]'s web root sample files creation task start
4월 11, 2018 6:00:14 오후 kr.pe.sinnori.common.buildsystem.ProjectBuilder copyWebRootSampleFiles
정보: main project[sample_test]'s web root sample files copy task start
4월 11, 2018 6:00:14 오후 kr.pe.sinnori.common.buildsystem.ProjectBuilder copyWebRootSampleFiles
정보: main project[sample_test]'s web root sample files copy task end
4월 11, 2018 6:00:14 오후 kr.pe.sinnori.common.buildsystem.ProjectBuilder createWebRootSampleFiles
정보: main project[sample_test]'s web root sample files creation task end
4월 11, 2018 6:00:14 오후 kr.pe.sinnori.common.buildsystem.ProjectBuilder overwriteSinnoriConfigFile
정보: main project[sample_test]'s config file overwrite task start
4월 11, 2018 6:00:14 오후 kr.pe.sinnori.common.buildsystem.ProjectBuilder overwriteSinnoriConfigFile
정보: main project[sample_test]'s config file overwrite task end
4월 11, 2018 6:00:14 오후 kr.pe.sinnori.common.buildsystem.ProjectBuilder changeProjectState
정보: main project[sample_test] changeProjectState method end
4월 11, 2018 6:00:14 오후 kr.pe.sinnori.common.buildsystem.ProjectBuilder createChildDirectories
정보: main project[sample_test]'s child direcotry creation task start
4월 11, 2018 6:00:14 오후 kr.pe.sinnori.common.buildsystem.ProjectBuilder createCommonChildDirectories
정보: main project[sample_test]'s common child direcotry creation task start
4월 11, 2018 6:00:14 오후 kr.pe.sinnori.common.util.CommonStaticUtil createChildDirectoriesOfBasePath
정보: the new child relative direcotry[D:\gitsinnori\sinnori\project\sample_test][config] was created successfully
4월 11, 2018 6:00:14 오후 kr.pe.sinnori.common.util.CommonStaticUtil createChildDirectoriesOfBasePath
정보: the new child relative direcotry[D:\gitsinnori\sinnori\project\sample_test][resources/dbcp] was created successfully
4월 11, 2018 6:00:14 오후 kr.pe.sinnori.common.util.CommonStaticUtil createChildDirectoriesOfBasePath
정보: the new child relative direcotry[D:\gitsinnori\sinnori\project\sample_test][resources/message_info] was created successfully
4월 11, 2018 6:00:14 오후 kr.pe.sinnori.common.util.CommonStaticUtil createChildDirectoriesOfBasePath
정보: the new child relative direcotry[D:\gitsinnori\sinnori\project\sample_test][resources/rsa_keypair] was created successfully
4월 11, 2018 6:00:14 오후 kr.pe.sinnori.common.util.CommonStaticUtil createChildDirectoriesOfBasePath
정보: the new child relative direcotry[D:\gitsinnori\sinnori\project\sample_test][log/apache] was created successfully
4월 11, 2018 6:00:14 오후 kr.pe.sinnori.common.util.CommonStaticUtil createChildDirectoriesOfBasePath
정보: the new child relative direcotry[D:\gitsinnori\sinnori\project\sample_test][log/client] was created successfully
4월 11, 2018 6:00:14 오후 kr.pe.sinnori.common.util.CommonStaticUtil createChildDirectoriesOfBasePath
정보: the new child relative direcotry[D:\gitsinnori\sinnori\project\sample_test][log/server] was created successfully
4월 11, 2018 6:00:14 오후 kr.pe.sinnori.common.util.CommonStaticUtil createChildDirectoriesOfBasePath
정보: the new child relative direcotry[D:\gitsinnori\sinnori\project\sample_test][log/servlet] was created successfully
4월 11, 2018 6:00:14 오후 kr.pe.sinnori.common.buildsystem.ProjectBuilder createCommonChildDirectories
정보: main project[sample_test]'s common child direcotry creation task end
4월 11, 2018 6:00:14 오후 kr.pe.sinnori.common.buildsystem.ProjectBuilder createServerBuildChildDirectories
정보: main project[sample_test]'s server child direcotry creation task start
4월 11, 2018 6:00:14 오후 kr.pe.sinnori.common.util.CommonStaticUtil createChildDirectoriesOfBasePath
정보: the new child relative direcotry[D:\gitsinnori\sinnori\project\sample_test][server_build/APP-INF/classes] was created successfully
4월 11, 2018 6:00:14 오후 kr.pe.sinnori.common.util.CommonStaticUtil createChildDirectoriesOfBasePath
정보: the new child relative direcotry[D:\gitsinnori\sinnori\project\sample_test][server_build/corelib/ex] was created successfully
4월 11, 2018 6:00:14 오후 kr.pe.sinnori.common.util.CommonStaticUtil createChildDirectoriesOfBasePath
정보: the new child relative direcotry[D:\gitsinnori\sinnori\project\sample_test][server_build/corelib/in] was created successfully
4월 11, 2018 6:00:14 오후 kr.pe.sinnori.common.util.CommonStaticUtil createChildDirectoriesOfBasePath
정보: the new child relative direcotry[D:\gitsinnori\sinnori\project\sample_test][server_build/lib/main/ex] was created successfully
4월 11, 2018 6:00:14 오후 kr.pe.sinnori.common.util.CommonStaticUtil createChildDirectoriesOfBasePath
정보: the new child relative direcotry[D:\gitsinnori\sinnori\project\sample_test][server_build/lib/main/in] was created successfully
4월 11, 2018 6:00:14 오후 kr.pe.sinnori.common.util.CommonStaticUtil createChildDirectoriesOfBasePath
정보: the new child relative direcotry[D:\gitsinnori\sinnori\project\sample_test][server_build/lib/test] was created successfully
4월 11, 2018 6:00:14 오후 kr.pe.sinnori.common.util.CommonStaticUtil createChildDirectoriesOfBasePath
정보: the new child relative direcotry[D:\gitsinnori\sinnori\project\sample_test][server_build/src/main/java/kr/pe/sinnori/impl/servertask] was created successfully
4월 11, 2018 6:00:14 오후 kr.pe.sinnori.common.util.CommonStaticUtil createChildDirectoriesOfBasePath
정보: the new child relative direcotry[D:\gitsinnori\sinnori\project\sample_test][server_build/src/main/java/kr/pe/sinnori/impl/message] was created successfully
4월 11, 2018 6:00:14 오후 kr.pe.sinnori.common.util.CommonStaticUtil createChildDirectoriesOfBasePath
정보: the new child relative direcotry[D:\gitsinnori\sinnori\project\sample_test][server_build/src/main/java/main] was created successfully
4월 11, 2018 6:00:14 오후 kr.pe.sinnori.common.util.CommonStaticUtil createChildDirectoriesOfBasePath
정보: the new child relative direcotry[D:\gitsinnori\sinnori\project\sample_test][server_build/src/test/java] was created successfully
4월 11, 2018 6:00:14 오후 kr.pe.sinnori.common.util.CommonStaticUtil createChildDirectoriesOfBasePath
정보: the new child relative direcotry[D:\gitsinnori\sinnori\project\sample_test][server_build/build] was created successfully
4월 11, 2018 6:00:14 오후 kr.pe.sinnori.common.util.CommonStaticUtil createChildDirectoriesOfBasePath
정보: the new child relative direcotry[D:\gitsinnori\sinnori\project\sample_test][server_build/dist] was created successfully
4월 11, 2018 6:00:14 오후 kr.pe.sinnori.common.buildsystem.ProjectBuilder createServerBuildChildDirectories
정보: main project[sample_test]'s server child direcotry creation task end
4월 11, 2018 6:00:14 오후 kr.pe.sinnori.common.buildsystem.ProjectBuilder createWebBuildChildDirectories
정보: main project[sample_test]'s web build child direcotry creation task start
4월 11, 2018 6:00:14 오후 kr.pe.sinnori.common.util.CommonStaticUtil createChildDirectoriesOfBasePath
정보: the new child relative direcotry[D:\gitsinnori\sinnori\project\sample_test][client_build/web_build/corelib/ex] was created successfully
4월 11, 2018 6:00:14 오후 kr.pe.sinnori.common.util.CommonStaticUtil createChildDirectoriesOfBasePath
정보: the new child relative direcotry[D:\gitsinnori\sinnori\project\sample_test][client_build/web_build/corelib/in] was created successfully
4월 11, 2018 6:00:14 오후 kr.pe.sinnori.common.util.CommonStaticUtil createChildDirectoriesOfBasePath
정보: the new child relative direcotry[D:\gitsinnori\sinnori\project\sample_test][client_build/web_build/lib/main/ex] was created successfully
4월 11, 2018 6:00:14 오후 kr.pe.sinnori.common.util.CommonStaticUtil createChildDirectoriesOfBasePath
정보: the new child relative direcotry[D:\gitsinnori\sinnori\project\sample_test][client_build/web_build/lib/main/in] was created successfully
4월 11, 2018 6:00:14 오후 kr.pe.sinnori.common.util.CommonStaticUtil createChildDirectoriesOfBasePath
정보: the new child relative direcotry[D:\gitsinnori\sinnori\project\sample_test][client_build/web_build/lib/test] was created successfully
4월 11, 2018 6:00:14 오후 kr.pe.sinnori.common.util.CommonStaticUtil createChildDirectoriesOfBasePath
정보: the new child relative direcotry[D:\gitsinnori\sinnori\project\sample_test][client_build/web_build/src/main/java/kr/pe/sinnori/impl/message] was created successfully
4월 11, 2018 6:00:14 오후 kr.pe.sinnori.common.util.CommonStaticUtil createChildDirectoriesOfBasePath
정보: the new child relative direcotry[D:\gitsinnori\sinnori\project\sample_test][client_build/web_build/src/main/java//kr/pe/sinnori/servlet] was created successfully
4월 11, 2018 6:00:14 오후 kr.pe.sinnori.common.util.CommonStaticUtil createChildDirectoriesOfBasePath
정보: the new child relative direcotry[D:\gitsinnori\sinnori\project\sample_test][client_build/web_build/src/main/java/kr/pe/sinnori/weblib/common] was created successfully
4월 11, 2018 6:00:14 오후 kr.pe.sinnori.common.util.CommonStaticUtil createChildDirectoriesOfBasePath
정보: the new child relative direcotry[D:\gitsinnori\sinnori\project\sample_test][client_build/web_build/src/main/java/kr/pe/sinnori/weblib/htmlstring] was created successfully
4월 11, 2018 6:00:14 오후 kr.pe.sinnori.common.util.CommonStaticUtil createChildDirectoriesOfBasePath
정보: the new child relative direcotry[D:\gitsinnori\sinnori\project\sample_test][client_build/web_build/src/main/java/kr/pe/sinnori/weblib/jdf] was created successfully
4월 11, 2018 6:00:14 오후 kr.pe.sinnori.common.util.CommonStaticUtil createChildDirectoriesOfBasePath
정보: the new child relative direcotry[D:\gitsinnori\sinnori\project\sample_test][client_build/web_build/src/test/java] was created successfully
4월 11, 2018 6:00:14 오후 kr.pe.sinnori.common.util.CommonStaticUtil createChildDirectoriesOfBasePath
정보: the new child relative direcotry[D:\gitsinnori\sinnori\project\sample_test][client_build/web_build/build] was created successfully
4월 11, 2018 6:00:14 오후 kr.pe.sinnori.common.util.CommonStaticUtil createChildDirectoriesOfBasePath
정보: the new child relative direcotry[D:\gitsinnori\sinnori\project\sample_test][client_build/web_build/dist] was created successfully
4월 11, 2018 6:00:14 오후 kr.pe.sinnori.common.buildsystem.ProjectBuilder createWebBuildChildDirectories
정보: main project[sample_test]'s web build child direcotry creation task end
4월 11, 2018 6:00:14 오후 kr.pe.sinnori.common.buildsystem.ProjectBuilder createWebRootChildDirectories
정보: main project[sample_test]'s web root child direcotry creation task start
4월 11, 2018 6:00:14 오후 kr.pe.sinnori.common.util.CommonStaticUtil createChildDirectoriesOfBasePath
정보: the new child relative direcotry[D:\gitsinnori\sinnori\project\sample_test][web_app_base/upload] was created successfully
4월 11, 2018 6:00:14 오후 kr.pe.sinnori.common.util.CommonStaticUtil createChildDirectoriesOfBasePath
정보: the new child relative direcotry[D:\gitsinnori\sinnori\project\sample_test][web_app_base/ROOT/WEB-INF/classes] was created successfully
4월 11, 2018 6:00:14 오후 kr.pe.sinnori.common.util.CommonStaticUtil createChildDirectoriesOfBasePath
정보: the new child relative direcotry[D:\gitsinnori\sinnori\project\sample_test][web_app_base/ROOT/WEB-INF/lib] was created successfully
4월 11, 2018 6:00:14 오후 kr.pe.sinnori.common.buildsystem.ProjectBuilder createWebRootChildDirectories
정보: main project[sample_test]'s web root child direcotry creation task end
4월 11, 2018 6:00:14 오후 kr.pe.sinnori.common.buildsystem.ProjectBuilder createChildDirectories
정보: main project[sample_test]'s child direcotry creation task end
4월 11, 2018 6:00:14 오후 kr.pe.sinnori.common.buildsystem.ProjectBuilder createFiles
정보: main project[sample_test]'s file creation task start
4월 11, 2018 6:00:14 오후 kr.pe.sinnori.common.buildsystem.ProjectBuilder createNewSinnoriConfigFile
정보: main project[sample_test]'s config file creation task start
4월 11, 2018 6:00:14 오후 kr.pe.sinnori.common.util.SequencedPropertiesUtil createNewSequencedPropertiesFile
정보: the sequenced properties file[D:\gitsinnori\sinnori\project\sample_test\config\sinnori.properties] was created
4월 11, 2018 6:00:14 오후 kr.pe.sinnori.common.buildsystem.ProjectBuilder createNewSinnoriConfigFile
정보: main project[sample_test]'s config file creation task end
4월 11, 2018 6:00:14 오후 kr.pe.sinnori.common.buildsystem.ProjectBuilder copySampleFilesToResoruces
정보: the mainproject[sample_test]'s resources directory copy task start
4월 11, 2018 6:00:14 오후 kr.pe.sinnori.common.buildsystem.ProjectBuilder copySampleFilesToResoruces
정보: the mainproject[sample_test]'s resources directory copy task end
4월 11, 2018 6:00:14 오후 kr.pe.sinnori.common.buildsystem.ProjectBuilder createServerBuildSystemFiles
정보: server build system files creation task start
4월 11, 2018 6:00:14 오후 kr.pe.sinnori.common.buildsystem.ProjectBuilder createNewServerAntBuildXMLFile
정보: main project[sample_test]'s server ant build.xml file creation task start
4월 11, 2018 6:00:14 오후 kr.pe.sinnori.common.buildsystem.ProjectBuilder createNewServerAntBuildXMLFile
정보: main project[sample_test]'s server ant build.xml file creation task end
4월 11, 2018 6:00:14 오후 kr.pe.sinnori.common.buildsystem.ProjectBuilder createNewServerDosShellFile
정보: main project[sample_test]'s server dos shell file creation task start
4월 11, 2018 6:00:14 오후 kr.pe.sinnori.common.buildsystem.ProjectBuilder createNewServerDosShellFile
정보: main project[sample_test]'s server dos shell file creation task end
4월 11, 2018 6:00:14 오후 kr.pe.sinnori.common.buildsystem.ProjectBuilder createNewServerUnixShellFile
정보: main project[sample_test]'s server unix shell file creation task start
4월 11, 2018 6:00:14 오후 kr.pe.sinnori.common.buildsystem.ProjectBuilder createNewServerUnixShellFile
정보: main project[sample_test]'s server unix shell file creation task end
4월 11, 2018 6:00:14 오후 kr.pe.sinnori.common.buildsystem.ProjectBuilder copyServerSampleFiles
정보: server sample source files copy task start
4월 11, 2018 6:00:14 오후 kr.pe.sinnori.common.buildsystem.ProjectBuilder copyServerSampleFiles
정보: server sample source files copy task end
4월 11, 2018 6:00:14 오후 kr.pe.sinnori.common.buildsystem.ProjectBuilder createServerMessageIOFileSet
정보: main project[sample_test]'s server message io file set creation task start
4월 11, 2018 6:00:14 오후 kr.pe.sinnori.common.util.CommonStaticUtil createChildDirectoriesOfBasePath
정보: the new child relative direcotry[D:\gitsinnori\sinnori\project\sample_test\server_build\src\main\java\kr\pe\sinnori\impl\message][Echo] was created successfully
4월 11, 2018 6:00:14 오후 kr.pe.sinnori.common.buildsystem.ProjectBuilder createNewMessageSourceFile
정보: main project[sample_test]'s message file[Echo][D:\gitsinnori\sinnori\project\sample_test\server_build\src\main\java\kr\pe\sinnori\impl\message] creation task start
4월 11, 2018 6:00:14 오후 kr.pe.sinnori.common.buildsystem.ProjectBuilder createNewMessageSourceFile
정보: main project[sample_test]'s message file[Echo][D:\gitsinnori\sinnori\project\sample_test\server_build\src\main\java\kr\pe\sinnori\impl\message] creation task end
4월 11, 2018 6:00:14 오후 kr.pe.sinnori.common.buildsystem.ProjectBuilder createNewDecoderSourceFile
정보: main project[sample_test]'s message decoder file[Echo][D:\gitsinnori\sinnori\project\sample_test\server_build\src\main\java\kr\pe\sinnori\impl\message] creation task start
4월 11, 2018 6:00:14 오후 kr.pe.sinnori.common.buildsystem.ProjectBuilder createNewDecoderSourceFile
정보: main project[sample_test]'s message decoder file[Echo][D:\gitsinnori\sinnori\project\sample_test\server_build\src\main\java\kr\pe\sinnori\impl\message] creation task end
4월 11, 2018 6:00:14 오후 kr.pe.sinnori.common.buildsystem.ProjectBuilder createNewEncoderSourceFile
정보: main project[sample_test]'s message encoder file[Echo][D:\gitsinnori\sinnori\project\sample_test\server_build\src\main\java\kr\pe\sinnori\impl\message] creation task start
4월 11, 2018 6:00:14 오후 kr.pe.sinnori.common.buildsystem.ProjectBuilder createNewEncoderSourceFile
정보: main project[sample_test]'s message encoder file[Echo][D:\gitsinnori\sinnori\project\sample_test\server_build\src\main\java\kr\pe\sinnori\impl\message] creation task end
4월 11, 2018 6:00:14 오후 kr.pe.sinnori.common.buildsystem.ProjectBuilder createNewServerCodecSourceFile
정보: main project[sample_test]'s message server codec file[Echo][D:\gitsinnori\sinnori\project\sample_test\server_build\src\main\java\kr\pe\sinnori\impl\message] creation task start
4월 11, 2018 6:00:14 오후 kr.pe.sinnori.common.buildsystem.ProjectBuilder createNewServerCodecSourceFile
정보: main project[sample_test]'s message server codec file[Echo][D:\gitsinnori\sinnori\project\sample_test\server_build\src\main\java\kr\pe\sinnori\impl\message] creation task end
4월 11, 2018 6:00:14 오후 kr.pe.sinnori.common.buildsystem.ProjectBuilder createNewClientCodecSourceFile
정보: main project[sample_test]'s message client codec file[Echo][D:\gitsinnori\sinnori\project\sample_test\server_build\src\main\java\kr\pe\sinnori\impl\message] creation task start
4월 11, 2018 6:00:14 오후 kr.pe.sinnori.common.buildsystem.ProjectBuilder createNewClientCodecSourceFile
정보: main project[sample_test]'s message client codec file[Echo][D:\gitsinnori\sinnori\project\sample_test\server_build\src\main\java\kr\pe\sinnori\impl\message] creation task end
4월 11, 2018 6:00:14 오후 kr.pe.sinnori.common.util.CommonStaticUtil createChildDirectoriesOfBasePath
정보: the new child relative direcotry[D:\gitsinnori\sinnori\project\sample_test\server_build\src\main\java\kr\pe\sinnori\impl\message][PublicKeyReq] was created successfully
4월 11, 2018 6:00:14 오후 kr.pe.sinnori.common.buildsystem.ProjectBuilder createNewMessageSourceFile
정보: main project[sample_test]'s message file[PublicKeyReq][D:\gitsinnori\sinnori\project\sample_test\server_build\src\main\java\kr\pe\sinnori\impl\message] creation task start
4월 11, 2018 6:00:14 오후 kr.pe.sinnori.common.buildsystem.ProjectBuilder createNewMessageSourceFile
정보: main project[sample_test]'s message file[PublicKeyReq][D:\gitsinnori\sinnori\project\sample_test\server_build\src\main\java\kr\pe\sinnori\impl\message] creation task end
4월 11, 2018 6:00:14 오후 kr.pe.sinnori.common.buildsystem.ProjectBuilder createNewDecoderSourceFile
정보: main project[sample_test]'s message decoder file[PublicKeyReq][D:\gitsinnori\sinnori\project\sample_test\server_build\src\main\java\kr\pe\sinnori\impl\message] creation task start
4월 11, 2018 6:00:14 오후 kr.pe.sinnori.common.buildsystem.ProjectBuilder createNewDecoderSourceFile
정보: main project[sample_test]'s message decoder file[PublicKeyReq][D:\gitsinnori\sinnori\project\sample_test\server_build\src\main\java\kr\pe\sinnori\impl\message] creation task end
4월 11, 2018 6:00:14 오후 kr.pe.sinnori.common.buildsystem.ProjectBuilder createNewEncoderSourceFile
정보: main project[sample_test]'s message encoder file[PublicKeyReq][D:\gitsinnori\sinnori\project\sample_test\server_build\src\main\java\kr\pe\sinnori\impl\message] creation task start
4월 11, 2018 6:00:14 오후 kr.pe.sinnori.common.buildsystem.ProjectBuilder createNewEncoderSourceFile
정보: main project[sample_test]'s message encoder file[PublicKeyReq][D:\gitsinnori\sinnori\project\sample_test\server_build\src\main\java\kr\pe\sinnori\impl\message] creation task end
4월 11, 2018 6:00:14 오후 kr.pe.sinnori.common.buildsystem.ProjectBuilder createNewServerCodecSourceFile
정보: main project[sample_test]'s message server codec file[PublicKeyReq][D:\gitsinnori\sinnori\project\sample_test\server_build\src\main\java\kr\pe\sinnori\impl\message] creation task start
4월 11, 2018 6:00:14 오후 kr.pe.sinnori.common.buildsystem.ProjectBuilder createNewServerCodecSourceFile
정보: main project[sample_test]'s message server codec file[PublicKeyReq][D:\gitsinnori\sinnori\project\sample_test\server_build\src\main\java\kr\pe\sinnori\impl\message] creation task end
4월 11, 2018 6:00:14 오후 kr.pe.sinnori.common.buildsystem.ProjectBuilder createNewClientCodecSourceFile
정보: main project[sample_test]'s message client codec file[PublicKeyReq][D:\gitsinnori\sinnori\project\sample_test\server_build\src\main\java\kr\pe\sinnori\impl\message] creation task start
4월 11, 2018 6:00:14 오후 kr.pe.sinnori.common.buildsystem.ProjectBuilder createNewClientCodecSourceFile
정보: main project[sample_test]'s message client codec file[PublicKeyReq][D:\gitsinnori\sinnori\project\sample_test\server_build\src\main\java\kr\pe\sinnori\impl\message] creation task end
4월 11, 2018 6:00:14 오후 kr.pe.sinnori.common.util.CommonStaticUtil createChildDirectoriesOfBasePath
정보: the new child relative direcotry[D:\gitsinnori\sinnori\project\sample_test\server_build\src\main\java\kr\pe\sinnori\impl\message][PublicKeyRes] was created successfully
4월 11, 2018 6:00:14 오후 kr.pe.sinnori.common.buildsystem.ProjectBuilder createNewMessageSourceFile
정보: main project[sample_test]'s message file[PublicKeyRes][D:\gitsinnori\sinnori\project\sample_test\server_build\src\main\java\kr\pe\sinnori\impl\message] creation task start
4월 11, 2018 6:00:14 오후 kr.pe.sinnori.common.buildsystem.ProjectBuilder createNewMessageSourceFile
정보: main project[sample_test]'s message file[PublicKeyRes][D:\gitsinnori\sinnori\project\sample_test\server_build\src\main\java\kr\pe\sinnori\impl\message] creation task end
4월 11, 2018 6:00:14 오후 kr.pe.sinnori.common.buildsystem.ProjectBuilder createNewDecoderSourceFile
정보: main project[sample_test]'s message decoder file[PublicKeyRes][D:\gitsinnori\sinnori\project\sample_test\server_build\src\main\java\kr\pe\sinnori\impl\message] creation task start
4월 11, 2018 6:00:14 오후 kr.pe.sinnori.common.buildsystem.ProjectBuilder createNewDecoderSourceFile
정보: main project[sample_test]'s message decoder file[PublicKeyRes][D:\gitsinnori\sinnori\project\sample_test\server_build\src\main\java\kr\pe\sinnori\impl\message] creation task end
4월 11, 2018 6:00:14 오후 kr.pe.sinnori.common.buildsystem.ProjectBuilder createNewEncoderSourceFile
정보: main project[sample_test]'s message encoder file[PublicKeyRes][D:\gitsinnori\sinnori\project\sample_test\server_build\src\main\java\kr\pe\sinnori\impl\message] creation task start
4월 11, 2018 6:00:14 오후 kr.pe.sinnori.common.buildsystem.ProjectBuilder createNewEncoderSourceFile
정보: main project[sample_test]'s message encoder file[PublicKeyRes][D:\gitsinnori\sinnori\project\sample_test\server_build\src\main\java\kr\pe\sinnori\impl\message] creation task end
4월 11, 2018 6:00:14 오후 kr.pe.sinnori.common.buildsystem.ProjectBuilder createNewServerCodecSourceFile
정보: main project[sample_test]'s message server codec file[PublicKeyRes][D:\gitsinnori\sinnori\project\sample_test\server_build\src\main\java\kr\pe\sinnori\impl\message] creation task start
4월 11, 2018 6:00:14 오후 kr.pe.sinnori.common.buildsystem.ProjectBuilder createNewServerCodecSourceFile
정보: main project[sample_test]'s message server codec file[PublicKeyRes][D:\gitsinnori\sinnori\project\sample_test\server_build\src\main\java\kr\pe\sinnori\impl\message] creation task end
4월 11, 2018 6:00:14 오후 kr.pe.sinnori.common.buildsystem.ProjectBuilder createNewClientCodecSourceFile
정보: main project[sample_test]'s message client codec file[PublicKeyRes][D:\gitsinnori\sinnori\project\sample_test\server_build\src\main\java\kr\pe\sinnori\impl\message] creation task start
4월 11, 2018 6:00:14 오후 kr.pe.sinnori.common.buildsystem.ProjectBuilder createNewClientCodecSourceFile
정보: main project[sample_test]'s message client codec file[PublicKeyRes][D:\gitsinnori\sinnori\project\sample_test\server_build\src\main\java\kr\pe\sinnori\impl\message] creation task end
4월 11, 2018 6:00:14 오후 kr.pe.sinnori.common.buildsystem.ProjectBuilder createServerMessageIOFileSet
정보: main project[sample_test]'s server message io file set creation task end
4월 11, 2018 6:00:14 오후 kr.pe.sinnori.common.buildsystem.ProjectBuilder createServerBuildSystemFiles
정보: server build system files creation task end
4월 11, 2018 6:00:14 오후 kr.pe.sinnori.common.buildsystem.ProjectBuilder createWebClientBuildSystemFiles
정보: main project[sample_test]'s web client build system files creation task start
4월 11, 2018 6:00:14 오후 kr.pe.sinnori.common.buildsystem.ProjectBuilder createNewWebClientAntBuildFile
정보: main project[sample_test]'s web client ant build.xml file creation task start
4월 11, 2018 6:00:14 오후 kr.pe.sinnori.common.buildsystem.ProjectBuilder createNewWebClientAntBuildFile
정보: main project[sample_test]'s web client ant build.xml file creation task end
4월 11, 2018 6:00:14 오후 kr.pe.sinnori.common.buildsystem.ProjectBuilder createNewWebClientAntPropertiesFile
정보: main project[sample_test]'s web client ant properties file creation task start
4월 11, 2018 6:00:14 오후 kr.pe.sinnori.common.util.SequencedPropertiesUtil createNewSequencedPropertiesFile
정보: the sequenced properties file[D:\gitsinnori\sinnori\project\sample_test\client_build\web_build\webAnt.properties] was created
4월 11, 2018 6:00:14 오후 kr.pe.sinnori.common.buildsystem.ProjectBuilder createNewWebClientAntPropertiesFile
정보: main project[sample_test]'s web client ant properties file creation task end
4월 11, 2018 6:00:14 오후 kr.pe.sinnori.common.buildsystem.ProjectBuilder createNewWebClientMessageIOFileSet
정보: main project[sample_test]'s web client message io file set creation task start
4월 11, 2018 6:00:14 오후 kr.pe.sinnori.common.util.CommonStaticUtil createChildDirectoriesOfBasePath
정보: the new child relative direcotry[D:\gitsinnori\sinnori\project\sample_test\client_build\web_build\src\main\java\kr\pe\sinnori\impl\message][Echo] was created successfully
4월 11, 2018 6:00:14 오후 kr.pe.sinnori.common.buildsystem.ProjectBuilder createNewMessageSourceFile
정보: main project[sample_test]'s message file[Echo][D:\gitsinnori\sinnori\project\sample_test\client_build\web_build\src\main\java\kr\pe\sinnori\impl\message] creation task start
4월 11, 2018 6:00:14 오후 kr.pe.sinnori.common.buildsystem.ProjectBuilder createNewMessageSourceFile
정보: main project[sample_test]'s message file[Echo][D:\gitsinnori\sinnori\project\sample_test\client_build\web_build\src\main\java\kr\pe\sinnori\impl\message] creation task end
4월 11, 2018 6:00:14 오후 kr.pe.sinnori.common.buildsystem.ProjectBuilder createNewDecoderSourceFile
정보: main project[sample_test]'s message decoder file[Echo][D:\gitsinnori\sinnori\project\sample_test\client_build\web_build\src\main\java\kr\pe\sinnori\impl\message] creation task start
4월 11, 2018 6:00:14 오후 kr.pe.sinnori.common.buildsystem.ProjectBuilder createNewDecoderSourceFile
정보: main project[sample_test]'s message decoder file[Echo][D:\gitsinnori\sinnori\project\sample_test\client_build\web_build\src\main\java\kr\pe\sinnori\impl\message] creation task end
4월 11, 2018 6:00:14 오후 kr.pe.sinnori.common.buildsystem.ProjectBuilder createNewEncoderSourceFile
정보: main project[sample_test]'s message encoder file[Echo][D:\gitsinnori\sinnori\project\sample_test\client_build\web_build\src\main\java\kr\pe\sinnori\impl\message] creation task start
4월 11, 2018 6:00:14 오후 kr.pe.sinnori.common.buildsystem.ProjectBuilder createNewEncoderSourceFile
정보: main project[sample_test]'s message encoder file[Echo][D:\gitsinnori\sinnori\project\sample_test\client_build\web_build\src\main\java\kr\pe\sinnori\impl\message] creation task end
4월 11, 2018 6:00:14 오후 kr.pe.sinnori.common.buildsystem.ProjectBuilder createNewServerCodecSourceFile
정보: main project[sample_test]'s message server codec file[Echo][D:\gitsinnori\sinnori\project\sample_test\client_build\web_build\src\main\java\kr\pe\sinnori\impl\message] creation task start
4월 11, 2018 6:00:14 오후 kr.pe.sinnori.common.buildsystem.ProjectBuilder createNewServerCodecSourceFile
정보: main project[sample_test]'s message server codec file[Echo][D:\gitsinnori\sinnori\project\sample_test\client_build\web_build\src\main\java\kr\pe\sinnori\impl\message] creation task end
4월 11, 2018 6:00:14 오후 kr.pe.sinnori.common.buildsystem.ProjectBuilder createNewClientCodecSourceFile
정보: main project[sample_test]'s message client codec file[Echo][D:\gitsinnori\sinnori\project\sample_test\client_build\web_build\src\main\java\kr\pe\sinnori\impl\message] creation task start
4월 11, 2018 6:00:14 오후 kr.pe.sinnori.common.buildsystem.ProjectBuilder createNewClientCodecSourceFile
정보: main project[sample_test]'s message client codec file[Echo][D:\gitsinnori\sinnori\project\sample_test\client_build\web_build\src\main\java\kr\pe\sinnori\impl\message] creation task end
4월 11, 2018 6:00:14 오후 kr.pe.sinnori.common.util.CommonStaticUtil createChildDirectoriesOfBasePath
정보: the new child relative direcotry[D:\gitsinnori\sinnori\project\sample_test\client_build\web_build\src\main\java\kr\pe\sinnori\impl\message][PublicKeyReq] was created successfully
4월 11, 2018 6:00:14 오후 kr.pe.sinnori.common.buildsystem.ProjectBuilder createNewMessageSourceFile
정보: main project[sample_test]'s message file[PublicKeyReq][D:\gitsinnori\sinnori\project\sample_test\client_build\web_build\src\main\java\kr\pe\sinnori\impl\message] creation task start
4월 11, 2018 6:00:14 오후 kr.pe.sinnori.common.buildsystem.ProjectBuilder createNewMessageSourceFile
정보: main project[sample_test]'s message file[PublicKeyReq][D:\gitsinnori\sinnori\project\sample_test\client_build\web_build\src\main\java\kr\pe\sinnori\impl\message] creation task end
4월 11, 2018 6:00:14 오후 kr.pe.sinnori.common.buildsystem.ProjectBuilder createNewDecoderSourceFile
정보: main project[sample_test]'s message decoder file[PublicKeyReq][D:\gitsinnori\sinnori\project\sample_test\client_build\web_build\src\main\java\kr\pe\sinnori\impl\message] creation task start
4월 11, 2018 6:00:14 오후 kr.pe.sinnori.common.buildsystem.ProjectBuilder createNewDecoderSourceFile
정보: main project[sample_test]'s message decoder file[PublicKeyReq][D:\gitsinnori\sinnori\project\sample_test\client_build\web_build\src\main\java\kr\pe\sinnori\impl\message] creation task end
4월 11, 2018 6:00:14 오후 kr.pe.sinnori.common.buildsystem.ProjectBuilder createNewEncoderSourceFile
정보: main project[sample_test]'s message encoder file[PublicKeyReq][D:\gitsinnori\sinnori\project\sample_test\client_build\web_build\src\main\java\kr\pe\sinnori\impl\message] creation task start
4월 11, 2018 6:00:14 오후 kr.pe.sinnori.common.buildsystem.ProjectBuilder createNewEncoderSourceFile
정보: main project[sample_test]'s message encoder file[PublicKeyReq][D:\gitsinnori\sinnori\project\sample_test\client_build\web_build\src\main\java\kr\pe\sinnori\impl\message] creation task end
4월 11, 2018 6:00:14 오후 kr.pe.sinnori.common.buildsystem.ProjectBuilder createNewServerCodecSourceFile
정보: main project[sample_test]'s message server codec file[PublicKeyReq][D:\gitsinnori\sinnori\project\sample_test\client_build\web_build\src\main\java\kr\pe\sinnori\impl\message] creation task start
4월 11, 2018 6:00:14 오후 kr.pe.sinnori.common.buildsystem.ProjectBuilder createNewServerCodecSourceFile
정보: main project[sample_test]'s message server codec file[PublicKeyReq][D:\gitsinnori\sinnori\project\sample_test\client_build\web_build\src\main\java\kr\pe\sinnori\impl\message] creation task end
4월 11, 2018 6:00:14 오후 kr.pe.sinnori.common.buildsystem.ProjectBuilder createNewClientCodecSourceFile
정보: main project[sample_test]'s message client codec file[PublicKeyReq][D:\gitsinnori\sinnori\project\sample_test\client_build\web_build\src\main\java\kr\pe\sinnori\impl\message] creation task start
4월 11, 2018 6:00:14 오후 kr.pe.sinnori.common.buildsystem.ProjectBuilder createNewClientCodecSourceFile
정보: main project[sample_test]'s message client codec file[PublicKeyReq][D:\gitsinnori\sinnori\project\sample_test\client_build\web_build\src\main\java\kr\pe\sinnori\impl\message] creation task end
4월 11, 2018 6:00:14 오후 kr.pe.sinnori.common.util.CommonStaticUtil createChildDirectoriesOfBasePath
정보: the new child relative direcotry[D:\gitsinnori\sinnori\project\sample_test\client_build\web_build\src\main\java\kr\pe\sinnori\impl\message][PublicKeyRes] was created successfully
4월 11, 2018 6:00:14 오후 kr.pe.sinnori.common.buildsystem.ProjectBuilder createNewMessageSourceFile
정보: main project[sample_test]'s message file[PublicKeyRes][D:\gitsinnori\sinnori\project\sample_test\client_build\web_build\src\main\java\kr\pe\sinnori\impl\message] creation task start
4월 11, 2018 6:00:14 오후 kr.pe.sinnori.common.buildsystem.ProjectBuilder createNewMessageSourceFile
정보: main project[sample_test]'s message file[PublicKeyRes][D:\gitsinnori\sinnori\project\sample_test\client_build\web_build\src\main\java\kr\pe\sinnori\impl\message] creation task end
4월 11, 2018 6:00:14 오후 kr.pe.sinnori.common.buildsystem.ProjectBuilder createNewDecoderSourceFile
정보: main project[sample_test]'s message decoder file[PublicKeyRes][D:\gitsinnori\sinnori\project\sample_test\client_build\web_build\src\main\java\kr\pe\sinnori\impl\message] creation task start
4월 11, 2018 6:00:14 오후 kr.pe.sinnori.common.buildsystem.ProjectBuilder createNewDecoderSourceFile
정보: main project[sample_test]'s message decoder file[PublicKeyRes][D:\gitsinnori\sinnori\project\sample_test\client_build\web_build\src\main\java\kr\pe\sinnori\impl\message] creation task end
4월 11, 2018 6:00:14 오후 kr.pe.sinnori.common.buildsystem.ProjectBuilder createNewEncoderSourceFile
정보: main project[sample_test]'s message encoder file[PublicKeyRes][D:\gitsinnori\sinnori\project\sample_test\client_build\web_build\src\main\java\kr\pe\sinnori\impl\message] creation task start
4월 11, 2018 6:00:14 오후 kr.pe.sinnori.common.buildsystem.ProjectBuilder createNewEncoderSourceFile
정보: main project[sample_test]'s message encoder file[PublicKeyRes][D:\gitsinnori\sinnori\project\sample_test\client_build\web_build\src\main\java\kr\pe\sinnori\impl\message] creation task end
4월 11, 2018 6:00:14 오후 kr.pe.sinnori.common.buildsystem.ProjectBuilder createNewServerCodecSourceFile
정보: main project[sample_test]'s message server codec file[PublicKeyRes][D:\gitsinnori\sinnori\project\sample_test\client_build\web_build\src\main\java\kr\pe\sinnori\impl\message] creation task start
4월 11, 2018 6:00:14 오후 kr.pe.sinnori.common.buildsystem.ProjectBuilder createNewServerCodecSourceFile
정보: main project[sample_test]'s message server codec file[PublicKeyRes][D:\gitsinnori\sinnori\project\sample_test\client_build\web_build\src\main\java\kr\pe\sinnori\impl\message] creation task end
4월 11, 2018 6:00:14 오후 kr.pe.sinnori.common.buildsystem.ProjectBuilder createNewClientCodecSourceFile
정보: main project[sample_test]'s message client codec file[PublicKeyRes][D:\gitsinnori\sinnori\project\sample_test\client_build\web_build\src\main\java\kr\pe\sinnori\impl\message] creation task start
4월 11, 2018 6:00:14 오후 kr.pe.sinnori.common.buildsystem.ProjectBuilder createNewClientCodecSourceFile
정보: main project[sample_test]'s message client codec file[PublicKeyRes][D:\gitsinnori\sinnori\project\sample_test\client_build\web_build\src\main\java\kr\pe\sinnori\impl\message] creation task end
4월 11, 2018 6:00:14 오후 kr.pe.sinnori.common.buildsystem.ProjectBuilder createNewWebClientMessageIOFileSet
정보: main project[sample_test]'s web client message io file set creation task end
4월 11, 2018 6:00:14 오후 kr.pe.sinnori.common.buildsystem.ProjectBuilder copyWebClientSampleFiles
정보: mainproject[sample_test]'s web client sample source files copy task start
4월 11, 2018 6:00:15 오후 kr.pe.sinnori.common.buildsystem.ProjectBuilder copyWebClientSampleFiles
정보: mainproject[sample_test]'s web client sample source files copy task end
4월 11, 2018 6:00:15 오후 kr.pe.sinnori.common.buildsystem.ProjectBuilder createWebClientBuildSystemFiles
정보: main project[sample_test]'s web client build system files creation task end
4월 11, 2018 6:00:15 오후 kr.pe.sinnori.common.buildsystem.ProjectBuilder createWebRootSampleFiles
정보: main project[sample_test]'s web root sample files creation task start
4월 11, 2018 6:00:15 오후 kr.pe.sinnori.common.buildsystem.ProjectBuilder copyWebRootSampleFiles
정보: main project[sample_test]'s web root sample files copy task start
4월 11, 2018 6:00:15 오후 kr.pe.sinnori.common.buildsystem.ProjectBuilder copyWebRootSampleFiles
정보: main project[sample_test]'s web root sample files copy task end
4월 11, 2018 6:00:15 오후 kr.pe.sinnori.common.buildsystem.ProjectBuilder createWebRootSampleFiles
정보: main project[sample_test]'s web root sample files creation task end
4월 11, 2018 6:00:15 오후 kr.pe.sinnori.common.buildsystem.ProjectBuilder createFiles
정보: main project[sample_test]'s file creation task end
4월 11, 2018 6:00:15 오후 kr.pe.sinnori.common.config.SinnoriConfiguration convertSinnoriConfigSequencedPropertiesToAllPartItemsWithValidation
정보: item key[sessionkey.rsa.publickey.file.value]'s value is null because its status is inactive
4월 11, 2018 6:00:15 오후 kr.pe.sinnori.common.config.SinnoriConfiguration convertSinnoriConfigSequencedPropertiesToAllPartItemsWithValidation
정보: item key[sessionkey.rsa.privatekey.file.value]'s value is null because its status is inactive
4월 11, 2018 6:00:15 오후 kr.pe.sinnori.common.buildsystem.ProjectBuilder changeProjectState
정보: main project[sample_test] changeProjectState method start
4월 11, 2018 6:00:15 오후 kr.pe.sinnori.common.buildsystem.ProjectBuilder deleteServerBuildPath
정보: mainproject[sample_test]'s server build path deletion task start
4월 11, 2018 6:00:15 오후 kr.pe.sinnori.common.buildsystem.ProjectBuilder deleteServerBuildPath
정보: mainproject[sample_test]'s server build path deletion task end
4월 11, 2018 6:00:15 오후 kr.pe.sinnori.common.buildsystem.ProjectBuilder isValidAppClientAntBuildXMLFile
정보: the app client ant build.xml file[D:\gitsinnori\sinnori\project\sample_test\client_build\app_build\build.xml] is bad :: whetherExist[false] isFile[false]
4월 11, 2018 6:00:15 오후 kr.pe.sinnori.common.buildsystem.ProjectBuilder changeProjectState
경고: the app client buid.xml file[D:\gitsinnori\sinnori\project\sample_test\client_build\app_build\build.xml] is bad beacse it doesn't exist or is not a file, so skip deletion of app client build system
4월 11, 2018 6:00:15 오후 kr.pe.sinnori.common.buildsystem.ProjectBuilder modifyWebClientAntPropertiesFile
정보: main project[sample_test]'s web client ant properties file modification task start
4월 11, 2018 6:00:15 오후 kr.pe.sinnori.common.buildsystem.ProjectBuilder modifyWebClientAntPropertiesFile
정보: main project[sample_test]'s web client ant properties file modification task end
4월 11, 2018 6:00:15 오후 kr.pe.sinnori.common.buildsystem.ProjectBuilder changeProjectState
경고: the web client build path[D:\gitsinnori\sinnori\project\sample_test\client_build\web_build] exists, so only the web client's ant properties including servlet system library path  was updated for new servletSystemLibraryPathString[D:\apache-tomcat-8.5.15\lib]
4월 11, 2018 6:00:15 오후 kr.pe.sinnori.common.buildsystem.ProjectBuilder changeProjectState
경고: the web root path[D:\gitsinnori\sinnori\project\sample_test\web_app_base\ROOT] exists, so skip creation of web root
4월 11, 2018 6:00:15 오후 kr.pe.sinnori.common.buildsystem.ProjectBuilder overwriteSinnoriConfigFile
정보: main project[sample_test]'s config file overwrite task start
4월 11, 2018 6:00:15 오후 kr.pe.sinnori.common.buildsystem.ProjectBuilder overwriteSinnoriConfigFile
정보: main project[sample_test]'s config file overwrite task end
4월 11, 2018 6:00:15 오후 kr.pe.sinnori.common.buildsystem.ProjectBuilder changeProjectState
정보: main project[sample_test] changeProjectState method end
4월 11, 2018 6:00:15 오후 kr.pe.sinnori.common.buildsystem.ProjectBuilder isValidServerAntBuildXMLFile
정보: the server ant build.xml file[D:\gitsinnori\sinnori\project\sample_test\server_build\build.xml] is bad :: whetherExist[false] isFile[false]
4월 11, 2018 6:00:15 오후 kr.pe.sinnori.common.buildsystem.ProjectBuilder isValidAppClientAntBuildXMLFile
정보: the app client ant build.xml file[D:\gitsinnori\sinnori\project\sample_test\client_build\app_build\build.xml] is bad :: whetherExist[false] isFile[false]
4월 11, 2018 6:00:15 오후 kr.pe.sinnori.common.buildsystem.ProjectBuilder changeProjectState
정보: main project[sample_test] changeProjectState method start
4월 11, 2018 6:00:15 오후 kr.pe.sinnori.common.buildsystem.ProjectBuilder isValidServerAntBuildXMLFile
정보: the server ant build.xml file[D:\gitsinnori\sinnori\project\sample_test\server_build\build.xml] is bad :: whetherExist[false] isFile[false]
4월 11, 2018 6:00:15 오후 kr.pe.sinnori.common.buildsystem.ProjectBuilder changeProjectState
경고: the server buid.xml file[D:\gitsinnori\sinnori\project\sample_test\server_build\build.xml] is bad beacse it doesn't exist or is not a file, so skip deletion of server build system
4월 11, 2018 6:00:15 오후 kr.pe.sinnori.common.buildsystem.ProjectBuilder createAppBuildChildDirectories
정보: main project[sample_test]'s application build child direcotry creation task start
4월 11, 2018 6:00:15 오후 kr.pe.sinnori.common.util.CommonStaticUtil createChildDirectoriesOfBasePath
정보: the new child relative direcotry[D:\gitsinnori\sinnori\project\sample_test][client_build/app_build/corelib/ex] was created successfully
4월 11, 2018 6:00:15 오후 kr.pe.sinnori.common.util.CommonStaticUtil createChildDirectoriesOfBasePath
정보: the new child relative direcotry[D:\gitsinnori\sinnori\project\sample_test][client_build/app_build/corelib/in] was created successfully
4월 11, 2018 6:00:15 오후 kr.pe.sinnori.common.util.CommonStaticUtil createChildDirectoriesOfBasePath
정보: the new child relative direcotry[D:\gitsinnori\sinnori\project\sample_test][client_build/app_build/lib/main/ex] was created successfully
4월 11, 2018 6:00:15 오후 kr.pe.sinnori.common.util.CommonStaticUtil createChildDirectoriesOfBasePath
정보: the new child relative direcotry[D:\gitsinnori\sinnori\project\sample_test][client_build/app_build/lib/main/in] was created successfully
4월 11, 2018 6:00:15 오후 kr.pe.sinnori.common.util.CommonStaticUtil createChildDirectoriesOfBasePath
정보: the new child relative direcotry[D:\gitsinnori\sinnori\project\sample_test][client_build/app_build/lib/test] was created successfully
4월 11, 2018 6:00:15 오후 kr.pe.sinnori.common.util.CommonStaticUtil createChildDirectoriesOfBasePath
정보: the new child relative direcotry[D:\gitsinnori\sinnori\project\sample_test][client_build/app_build/src/main/java/kr/pe/sinnori/impl/message] was created successfully
4월 11, 2018 6:00:15 오후 kr.pe.sinnori.common.util.CommonStaticUtil createChildDirectoriesOfBasePath
정보: the new child relative direcotry[D:\gitsinnori\sinnori\project\sample_test][client_build/app_build/src/main/java/main] was created successfully
4월 11, 2018 6:00:15 오후 kr.pe.sinnori.common.util.CommonStaticUtil createChildDirectoriesOfBasePath
정보: the new child relative direcotry[D:\gitsinnori\sinnori\project\sample_test][client_build/app_build/src/test/java] was created successfully
4월 11, 2018 6:00:15 오후 kr.pe.sinnori.common.util.CommonStaticUtil createChildDirectoriesOfBasePath
정보: the new child relative direcotry[D:\gitsinnori\sinnori\project\sample_test][client_build/app_build/build] was created successfully
4월 11, 2018 6:00:15 오후 kr.pe.sinnori.common.util.CommonStaticUtil createChildDirectoriesOfBasePath
정보: the new child relative direcotry[D:\gitsinnori\sinnori\project\sample_test][client_build/app_build/dist] was created successfully
4월 11, 2018 6:00:15 오후 kr.pe.sinnori.common.buildsystem.ProjectBuilder createAppBuildChildDirectories
정보: main project[sample_test]'s application build child direcotry creation task end
4월 11, 2018 6:00:15 오후 kr.pe.sinnori.common.buildsystem.ProjectBuilder createAppClientBuildSystemFiles
정보: mainproject[sample_test]'s application client build system files creation task start
4월 11, 2018 6:00:15 오후 kr.pe.sinnori.common.buildsystem.ProjectBuilder createNewAppClientAntBuildXMLFile
정보: main project[sample_test]'s application client ant build.xml file creation task start
4월 11, 2018 6:00:15 오후 kr.pe.sinnori.common.buildsystem.ProjectBuilder createNewAppClientAntBuildXMLFile
정보: main project[sample_test]'s application client ant build.xml file creation task end
4월 11, 2018 6:00:15 오후 kr.pe.sinnori.common.buildsystem.ProjectBuilder createNewAppClientDosShellFile
정보: main project[sample_test]'s application client dos shell file creation task start
4월 11, 2018 6:00:15 오후 kr.pe.sinnori.common.buildsystem.ProjectBuilder createNewAppClientDosShellFile
정보: main project[sample_test]'s application client dos shell file creation task end
4월 11, 2018 6:00:15 오후 kr.pe.sinnori.common.buildsystem.ProjectBuilder createNewAppClientUnixShellFile
정보: main project[sample_test]'s application client unix shell file creation task start
4월 11, 2018 6:00:15 오후 kr.pe.sinnori.common.buildsystem.ProjectBuilder createNewAppClientUnixShellFile
정보: main project[sample_test]'s application client unix shell file creation task end
4월 11, 2018 6:00:15 오후 kr.pe.sinnori.common.buildsystem.ProjectBuilder copyAppClientSampleFiles
정보: application client sample source files copy task start
4월 11, 2018 6:00:15 오후 kr.pe.sinnori.common.buildsystem.ProjectBuilder copyAppClientSampleFiles
정보: application client sample source files copy task end
4월 11, 2018 6:00:15 오후 kr.pe.sinnori.common.buildsystem.ProjectBuilder createNewAppClientAllMessageIOFileSet
정보: main project[sample_test]'s application client message io file set creation task start
4월 11, 2018 6:00:15 오후 kr.pe.sinnori.common.util.CommonStaticUtil createChildDirectoriesOfBasePath
정보: the new child relative direcotry[D:\gitsinnori\sinnori\project\sample_test\client_build\app_build\src\main\java\kr\pe\sinnori\impl\message][Echo] was created successfully
4월 11, 2018 6:00:15 오후 kr.pe.sinnori.common.buildsystem.ProjectBuilder createNewMessageSourceFile
정보: main project[sample_test]'s message file[Echo][D:\gitsinnori\sinnori\project\sample_test\client_build\app_build\src\main\java\kr\pe\sinnori\impl\message] creation task start
4월 11, 2018 6:00:15 오후 kr.pe.sinnori.common.buildsystem.ProjectBuilder createNewMessageSourceFile
정보: main project[sample_test]'s message file[Echo][D:\gitsinnori\sinnori\project\sample_test\client_build\app_build\src\main\java\kr\pe\sinnori\impl\message] creation task end
4월 11, 2018 6:00:15 오후 kr.pe.sinnori.common.buildsystem.ProjectBuilder createNewDecoderSourceFile
정보: main project[sample_test]'s message decoder file[Echo][D:\gitsinnori\sinnori\project\sample_test\client_build\app_build\src\main\java\kr\pe\sinnori\impl\message] creation task start
4월 11, 2018 6:00:15 오후 kr.pe.sinnori.common.buildsystem.ProjectBuilder createNewDecoderSourceFile
정보: main project[sample_test]'s message decoder file[Echo][D:\gitsinnori\sinnori\project\sample_test\client_build\app_build\src\main\java\kr\pe\sinnori\impl\message] creation task end
4월 11, 2018 6:00:15 오후 kr.pe.sinnori.common.buildsystem.ProjectBuilder createNewEncoderSourceFile
정보: main project[sample_test]'s message encoder file[Echo][D:\gitsinnori\sinnori\project\sample_test\client_build\app_build\src\main\java\kr\pe\sinnori\impl\message] creation task start
4월 11, 2018 6:00:15 오후 kr.pe.sinnori.common.buildsystem.ProjectBuilder createNewEncoderSourceFile
정보: main project[sample_test]'s message encoder file[Echo][D:\gitsinnori\sinnori\project\sample_test\client_build\app_build\src\main\java\kr\pe\sinnori\impl\message] creation task end
4월 11, 2018 6:00:15 오후 kr.pe.sinnori.common.buildsystem.ProjectBuilder createNewServerCodecSourceFile
정보: main project[sample_test]'s message server codec file[Echo][D:\gitsinnori\sinnori\project\sample_test\client_build\app_build\src\main\java\kr\pe\sinnori\impl\message] creation task start
4월 11, 2018 6:00:15 오후 kr.pe.sinnori.common.buildsystem.ProjectBuilder createNewServerCodecSourceFile
정보: main project[sample_test]'s message server codec file[Echo][D:\gitsinnori\sinnori\project\sample_test\client_build\app_build\src\main\java\kr\pe\sinnori\impl\message] creation task end
4월 11, 2018 6:00:15 오후 kr.pe.sinnori.common.buildsystem.ProjectBuilder createNewClientCodecSourceFile
정보: main project[sample_test]'s message client codec file[Echo][D:\gitsinnori\sinnori\project\sample_test\client_build\app_build\src\main\java\kr\pe\sinnori\impl\message] creation task start
4월 11, 2018 6:00:15 오후 kr.pe.sinnori.common.buildsystem.ProjectBuilder createNewClientCodecSourceFile
정보: main project[sample_test]'s message client codec file[Echo][D:\gitsinnori\sinnori\project\sample_test\client_build\app_build\src\main\java\kr\pe\sinnori\impl\message] creation task end
4월 11, 2018 6:00:15 오후 kr.pe.sinnori.common.util.CommonStaticUtil createChildDirectoriesOfBasePath
정보: the new child relative direcotry[D:\gitsinnori\sinnori\project\sample_test\client_build\app_build\src\main\java\kr\pe\sinnori\impl\message][PublicKeyReq] was created successfully
4월 11, 2018 6:00:15 오후 kr.pe.sinnori.common.buildsystem.ProjectBuilder createNewMessageSourceFile
정보: main project[sample_test]'s message file[PublicKeyReq][D:\gitsinnori\sinnori\project\sample_test\client_build\app_build\src\main\java\kr\pe\sinnori\impl\message] creation task start
4월 11, 2018 6:00:15 오후 kr.pe.sinnori.common.buildsystem.ProjectBuilder createNewMessageSourceFile
정보: main project[sample_test]'s message file[PublicKeyReq][D:\gitsinnori\sinnori\project\sample_test\client_build\app_build\src\main\java\kr\pe\sinnori\impl\message] creation task end
4월 11, 2018 6:00:15 오후 kr.pe.sinnori.common.buildsystem.ProjectBuilder createNewDecoderSourceFile
정보: main project[sample_test]'s message decoder file[PublicKeyReq][D:\gitsinnori\sinnori\project\sample_test\client_build\app_build\src\main\java\kr\pe\sinnori\impl\message] creation task start
4월 11, 2018 6:00:15 오후 kr.pe.sinnori.common.buildsystem.ProjectBuilder createNewDecoderSourceFile
정보: main project[sample_test]'s message decoder file[PublicKeyReq][D:\gitsinnori\sinnori\project\sample_test\client_build\app_build\src\main\java\kr\pe\sinnori\impl\message] creation task end
4월 11, 2018 6:00:15 오후 kr.pe.sinnori.common.buildsystem.ProjectBuilder createNewEncoderSourceFile
정보: main project[sample_test]'s message encoder file[PublicKeyReq][D:\gitsinnori\sinnori\project\sample_test\client_build\app_build\src\main\java\kr\pe\sinnori\impl\message] creation task start
4월 11, 2018 6:00:15 오후 kr.pe.sinnori.common.buildsystem.ProjectBuilder createNewEncoderSourceFile
정보: main project[sample_test]'s message encoder file[PublicKeyReq][D:\gitsinnori\sinnori\project\sample_test\client_build\app_build\src\main\java\kr\pe\sinnori\impl\message] creation task end
4월 11, 2018 6:00:15 오후 kr.pe.sinnori.common.buildsystem.ProjectBuilder createNewServerCodecSourceFile
정보: main project[sample_test]'s message server codec file[PublicKeyReq][D:\gitsinnori\sinnori\project\sample_test\client_build\app_build\src\main\java\kr\pe\sinnori\impl\message] creation task start
4월 11, 2018 6:00:15 오후 kr.pe.sinnori.common.buildsystem.ProjectBuilder createNewServerCodecSourceFile
정보: main project[sample_test]'s message server codec file[PublicKeyReq][D:\gitsinnori\sinnori\project\sample_test\client_build\app_build\src\main\java\kr\pe\sinnori\impl\message] creation task end
4월 11, 2018 6:00:15 오후 kr.pe.sinnori.common.buildsystem.ProjectBuilder createNewClientCodecSourceFile
정보: main project[sample_test]'s message client codec file[PublicKeyReq][D:\gitsinnori\sinnori\project\sample_test\client_build\app_build\src\main\java\kr\pe\sinnori\impl\message] creation task start
4월 11, 2018 6:00:15 오후 kr.pe.sinnori.common.buildsystem.ProjectBuilder createNewClientCodecSourceFile
정보: main project[sample_test]'s message client codec file[PublicKeyReq][D:\gitsinnori\sinnori\project\sample_test\client_build\app_build\src\main\java\kr\pe\sinnori\impl\message] creation task end
4월 11, 2018 6:00:15 오후 kr.pe.sinnori.common.util.CommonStaticUtil createChildDirectoriesOfBasePath
정보: the new child relative direcotry[D:\gitsinnori\sinnori\project\sample_test\client_build\app_build\src\main\java\kr\pe\sinnori\impl\message][PublicKeyRes] was created successfully
4월 11, 2018 6:00:15 오후 kr.pe.sinnori.common.buildsystem.ProjectBuilder createNewMessageSourceFile
정보: main project[sample_test]'s message file[PublicKeyRes][D:\gitsinnori\sinnori\project\sample_test\client_build\app_build\src\main\java\kr\pe\sinnori\impl\message] creation task start
4월 11, 2018 6:00:15 오후 kr.pe.sinnori.common.buildsystem.ProjectBuilder createNewMessageSourceFile
정보: main project[sample_test]'s message file[PublicKeyRes][D:\gitsinnori\sinnori\project\sample_test\client_build\app_build\src\main\java\kr\pe\sinnori\impl\message] creation task end
4월 11, 2018 6:00:15 오후 kr.pe.sinnori.common.buildsystem.ProjectBuilder createNewDecoderSourceFile
정보: main project[sample_test]'s message decoder file[PublicKeyRes][D:\gitsinnori\sinnori\project\sample_test\client_build\app_build\src\main\java\kr\pe\sinnori\impl\message] creation task start
4월 11, 2018 6:00:15 오후 kr.pe.sinnori.common.buildsystem.ProjectBuilder createNewDecoderSourceFile
정보: main project[sample_test]'s message decoder file[PublicKeyRes][D:\gitsinnori\sinnori\project\sample_test\client_build\app_build\src\main\java\kr\pe\sinnori\impl\message] creation task end
4월 11, 2018 6:00:15 오후 kr.pe.sinnori.common.buildsystem.ProjectBuilder createNewEncoderSourceFile
정보: main project[sample_test]'s message encoder file[PublicKeyRes][D:\gitsinnori\sinnori\project\sample_test\client_build\app_build\src\main\java\kr\pe\sinnori\impl\message] creation task start
4월 11, 2018 6:00:15 오후 kr.pe.sinnori.common.buildsystem.ProjectBuilder createNewEncoderSourceFile
정보: main project[sample_test]'s message encoder file[PublicKeyRes][D:\gitsinnori\sinnori\project\sample_test\client_build\app_build\src\main\java\kr\pe\sinnori\impl\message] creation task end
4월 11, 2018 6:00:15 오후 kr.pe.sinnori.common.buildsystem.ProjectBuilder createNewServerCodecSourceFile
정보: main project[sample_test]'s message server codec file[PublicKeyRes][D:\gitsinnori\sinnori\project\sample_test\client_build\app_build\src\main\java\kr\pe\sinnori\impl\message] creation task start
4월 11, 2018 6:00:15 오후 kr.pe.sinnori.common.buildsystem.ProjectBuilder createNewServerCodecSourceFile
정보: main project[sample_test]'s message server codec file[PublicKeyRes][D:\gitsinnori\sinnori\project\sample_test\client_build\app_build\src\main\java\kr\pe\sinnori\impl\message] creation task end
4월 11, 2018 6:00:15 오후 kr.pe.sinnori.common.buildsystem.ProjectBuilder createNewClientCodecSourceFile
정보: main project[sample_test]'s message client codec file[PublicKeyRes][D:\gitsinnori\sinnori\project\sample_test\client_build\app_build\src\main\java\kr\pe\sinnori\impl\message] creation task start
4월 11, 2018 6:00:15 오후 kr.pe.sinnori.common.buildsystem.ProjectBuilder createNewClientCodecSourceFile
정보: main project[sample_test]'s message client codec file[PublicKeyRes][D:\gitsinnori\sinnori\project\sample_test\client_build\app_build\src\main\java\kr\pe\sinnori\impl\message] creation task end
4월 11, 2018 6:00:15 오후 kr.pe.sinnori.common.buildsystem.ProjectBuilder createNewAppClientAllMessageIOFileSet
정보: main project[sample_test]'s application client message io file set creation task end
4월 11, 2018 6:00:15 오후 kr.pe.sinnori.common.buildsystem.ProjectBuilder createAppClientBuildSystemFiles
정보: mainproject[sample_test]'s application client build system files creation task end
4월 11, 2018 6:00:15 오후 kr.pe.sinnori.common.buildsystem.ProjectBuilder deleteWebCientBuildPath
정보: main project[sample_test]'s web client build path deletion task start
4월 11, 2018 6:00:15 오후 kr.pe.sinnori.common.buildsystem.ProjectBuilder deleteWebCientBuildPath
정보: main project[sample_test]'s web client build path deletion task end
4월 11, 2018 6:00:15 오후 kr.pe.sinnori.common.buildsystem.ProjectBuilder deleteWebRoot
정보: main project[sample_test]'s web root path deletion task start
4월 11, 2018 6:00:15 오후 kr.pe.sinnori.common.buildsystem.ProjectBuilder deleteWebRoot
정보: main project[sample_test]'s web root path deletion task end
4월 11, 2018 6:00:15 오후 kr.pe.sinnori.common.buildsystem.ProjectBuilder overwriteSinnoriConfigFile
정보: main project[sample_test]'s config file overwrite task start
4월 11, 2018 6:00:15 오후 kr.pe.sinnori.common.buildsystem.ProjectBuilder overwriteSinnoriConfigFile
정보: main project[sample_test]'s config file overwrite task end
4월 11, 2018 6:00:15 오후 kr.pe.sinnori.common.buildsystem.ProjectBuilder changeProjectState
정보: main project[sample_test] changeProjectState method end
4월 11, 2018 6:00:15 오후 kr.pe.sinnori.common.buildsystem.ProjectBuilder isValidServerAntBuildXMLFile
정보: the server ant build.xml file[D:\gitsinnori\sinnori\project\sample_test\server_build\build.xml] is bad :: whetherExist[false] isFile[false]
4월 11, 2018 6:00:15 오후 kr.pe.sinnori.common.buildsystem.ProjectBuilder isValidWebClientAntBuildXMLFile
정보: the web client ant build.xml file[D:\gitsinnori\sinnori\project\sample_test\client_build\web_build\build.xml] is bad :: whetherExist[false] isFile[false]
4월 11, 2018 6:00:15 오후 kr.pe.sinnori.common.buildsystem.ProjectBuilder isValidWebRootXMLFile
정보: the web.xml file[D:\gitsinnori\sinnori\project\sample_test\web_app_base\ROOT\WEB-INF\web.xml] located at web root directory is bad :: whetherExist[false] isFile[false]
4월 11, 2018 6:00:15 오후 kr.pe.sinnori.common.buildsystem.ProjectBuilder changeProjectState
정보: main project[sample_test] changeProjectState method start
4월 11, 2018 6:00:15 오후 kr.pe.sinnori.common.buildsystem.ProjectBuilder isValidServerAntBuildXMLFile
정보: the server ant build.xml file[D:\gitsinnori\sinnori\project\sample_test\server_build\build.xml] is bad :: whetherExist[false] isFile[false]
4월 11, 2018 6:00:15 오후 kr.pe.sinnori.common.buildsystem.ProjectBuilder changeProjectState
경고: the server buid.xml file[D:\gitsinnori\sinnori\project\sample_test\server_build\build.xml] is bad beacse it doesn't exist or is not a file, so skip deletion of server build system
4월 11, 2018 6:00:15 오후 kr.pe.sinnori.common.buildsystem.ProjectBuilder changeProjectState
경고: the app client build path[D:\gitsinnori\sinnori\project\sample_test\client_build\app_build] exist, so skip creation of app client build system
4월 11, 2018 6:00:15 오후 kr.pe.sinnori.common.buildsystem.ProjectBuilder createWebBuildChildDirectories
정보: main project[sample_test]'s web build child direcotry creation task start
4월 11, 2018 6:00:15 오후 kr.pe.sinnori.common.util.CommonStaticUtil createChildDirectoriesOfBasePath
정보: the new child relative direcotry[D:\gitsinnori\sinnori\project\sample_test][client_build/web_build/corelib/ex] was created successfully
4월 11, 2018 6:00:15 오후 kr.pe.sinnori.common.util.CommonStaticUtil createChildDirectoriesOfBasePath
정보: the new child relative direcotry[D:\gitsinnori\sinnori\project\sample_test][client_build/web_build/corelib/in] was created successfully
4월 11, 2018 6:00:15 오후 kr.pe.sinnori.common.util.CommonStaticUtil createChildDirectoriesOfBasePath
정보: the new child relative direcotry[D:\gitsinnori\sinnori\project\sample_test][client_build/web_build/lib/main/ex] was created successfully
4월 11, 2018 6:00:15 오후 kr.pe.sinnori.common.util.CommonStaticUtil createChildDirectoriesOfBasePath
정보: the new child relative direcotry[D:\gitsinnori\sinnori\project\sample_test][client_build/web_build/lib/main/in] was created successfully
4월 11, 2018 6:00:15 오후 kr.pe.sinnori.common.util.CommonStaticUtil createChildDirectoriesOfBasePath
정보: the new child relative direcotry[D:\gitsinnori\sinnori\project\sample_test][client_build/web_build/lib/test] was created successfully
4월 11, 2018 6:00:15 오후 kr.pe.sinnori.common.util.CommonStaticUtil createChildDirectoriesOfBasePath
정보: the new child relative direcotry[D:\gitsinnori\sinnori\project\sample_test][client_build/web_build/src/main/java/kr/pe/sinnori/impl/message] was created successfully
4월 11, 2018 6:00:15 오후 kr.pe.sinnori.common.util.CommonStaticUtil createChildDirectoriesOfBasePath
정보: the new child relative direcotry[D:\gitsinnori\sinnori\project\sample_test][client_build/web_build/src/main/java//kr/pe/sinnori/servlet] was created successfully
4월 11, 2018 6:00:15 오후 kr.pe.sinnori.common.util.CommonStaticUtil createChildDirectoriesOfBasePath
정보: the new child relative direcotry[D:\gitsinnori\sinnori\project\sample_test][client_build/web_build/src/main/java/kr/pe/sinnori/weblib/common] was created successfully
4월 11, 2018 6:00:15 오후 kr.pe.sinnori.common.util.CommonStaticUtil createChildDirectoriesOfBasePath
정보: the new child relative direcotry[D:\gitsinnori\sinnori\project\sample_test][client_build/web_build/src/main/java/kr/pe/sinnori/weblib/htmlstring] was created successfully
4월 11, 2018 6:00:15 오후 kr.pe.sinnori.common.util.CommonStaticUtil createChildDirectoriesOfBasePath
정보: the new child relative direcotry[D:\gitsinnori\sinnori\project\sample_test][client_build/web_build/src/main/java/kr/pe/sinnori/weblib/jdf] was created successfully
4월 11, 2018 6:00:15 오후 kr.pe.sinnori.common.util.CommonStaticUtil createChildDirectoriesOfBasePath
정보: the new child relative direcotry[D:\gitsinnori\sinnori\project\sample_test][client_build/web_build/src/test/java] was created successfully
4월 11, 2018 6:00:15 오후 kr.pe.sinnori.common.util.CommonStaticUtil createChildDirectoriesOfBasePath
정보: the new child relative direcotry[D:\gitsinnori\sinnori\project\sample_test][client_build/web_build/build] was created successfully
4월 11, 2018 6:00:15 오후 kr.pe.sinnori.common.util.CommonStaticUtil createChildDirectoriesOfBasePath
정보: the new child relative direcotry[D:\gitsinnori\sinnori\project\sample_test][client_build/web_build/dist] was created successfully
4월 11, 2018 6:00:15 오후 kr.pe.sinnori.common.buildsystem.ProjectBuilder createWebBuildChildDirectories
정보: main project[sample_test]'s web build child direcotry creation task end
4월 11, 2018 6:00:15 오후 kr.pe.sinnori.common.buildsystem.ProjectBuilder createWebClientBuildSystemFiles
정보: main project[sample_test]'s web client build system files creation task start
4월 11, 2018 6:00:15 오후 kr.pe.sinnori.common.buildsystem.ProjectBuilder createNewWebClientAntBuildFile
정보: main project[sample_test]'s web client ant build.xml file creation task start
4월 11, 2018 6:00:15 오후 kr.pe.sinnori.common.buildsystem.ProjectBuilder createNewWebClientAntBuildFile
정보: main project[sample_test]'s web client ant build.xml file creation task end
4월 11, 2018 6:00:15 오후 kr.pe.sinnori.common.buildsystem.ProjectBuilder createNewWebClientAntPropertiesFile
정보: main project[sample_test]'s web client ant properties file creation task start
4월 11, 2018 6:00:15 오후 kr.pe.sinnori.common.util.SequencedPropertiesUtil createNewSequencedPropertiesFile
정보: the sequenced properties file[D:\gitsinnori\sinnori\project\sample_test\client_build\web_build\webAnt.properties] was created
4월 11, 2018 6:00:15 오후 kr.pe.sinnori.common.buildsystem.ProjectBuilder createNewWebClientAntPropertiesFile
정보: main project[sample_test]'s web client ant properties file creation task end
4월 11, 2018 6:00:15 오후 kr.pe.sinnori.common.buildsystem.ProjectBuilder createNewWebClientMessageIOFileSet
정보: main project[sample_test]'s web client message io file set creation task start
4월 11, 2018 6:00:15 오후 kr.pe.sinnori.common.util.CommonStaticUtil createChildDirectoriesOfBasePath
정보: the new child relative direcotry[D:\gitsinnori\sinnori\project\sample_test\client_build\web_build\src\main\java\kr\pe\sinnori\impl\message][Echo] was created successfully
4월 11, 2018 6:00:15 오후 kr.pe.sinnori.common.buildsystem.ProjectBuilder createNewMessageSourceFile
정보: main project[sample_test]'s message file[Echo][D:\gitsinnori\sinnori\project\sample_test\client_build\web_build\src\main\java\kr\pe\sinnori\impl\message] creation task start
4월 11, 2018 6:00:15 오후 kr.pe.sinnori.common.buildsystem.ProjectBuilder createNewMessageSourceFile
정보: main project[sample_test]'s message file[Echo][D:\gitsinnori\sinnori\project\sample_test\client_build\web_build\src\main\java\kr\pe\sinnori\impl\message] creation task end
4월 11, 2018 6:00:15 오후 kr.pe.sinnori.common.buildsystem.ProjectBuilder createNewDecoderSourceFile
정보: main project[sample_test]'s message decoder file[Echo][D:\gitsinnori\sinnori\project\sample_test\client_build\web_build\src\main\java\kr\pe\sinnori\impl\message] creation task start
4월 11, 2018 6:00:15 오후 kr.pe.sinnori.common.buildsystem.ProjectBuilder createNewDecoderSourceFile
정보: main project[sample_test]'s message decoder file[Echo][D:\gitsinnori\sinnori\project\sample_test\client_build\web_build\src\main\java\kr\pe\sinnori\impl\message] creation task end
4월 11, 2018 6:00:15 오후 kr.pe.sinnori.common.buildsystem.ProjectBuilder createNewEncoderSourceFile
정보: main project[sample_test]'s message encoder file[Echo][D:\gitsinnori\sinnori\project\sample_test\client_build\web_build\src\main\java\kr\pe\sinnori\impl\message] creation task start
4월 11, 2018 6:00:15 오후 kr.pe.sinnori.common.buildsystem.ProjectBuilder createNewEncoderSourceFile
정보: main project[sample_test]'s message encoder file[Echo][D:\gitsinnori\sinnori\project\sample_test\client_build\web_build\src\main\java\kr\pe\sinnori\impl\message] creation task end
4월 11, 2018 6:00:15 오후 kr.pe.sinnori.common.buildsystem.ProjectBuilder createNewServerCodecSourceFile
정보: main project[sample_test]'s message server codec file[Echo][D:\gitsinnori\sinnori\project\sample_test\client_build\web_build\src\main\java\kr\pe\sinnori\impl\message] creation task start
4월 11, 2018 6:00:15 오후 kr.pe.sinnori.common.buildsystem.ProjectBuilder createNewServerCodecSourceFile
정보: main project[sample_test]'s message server codec file[Echo][D:\gitsinnori\sinnori\project\sample_test\client_build\web_build\src\main\java\kr\pe\sinnori\impl\message] creation task end
4월 11, 2018 6:00:15 오후 kr.pe.sinnori.common.buildsystem.ProjectBuilder createNewClientCodecSourceFile
정보: main project[sample_test]'s message client codec file[Echo][D:\gitsinnori\sinnori\project\sample_test\client_build\web_build\src\main\java\kr\pe\sinnori\impl\message] creation task start
4월 11, 2018 6:00:15 오후 kr.pe.sinnori.common.buildsystem.ProjectBuilder createNewClientCodecSourceFile
정보: main project[sample_test]'s message client codec file[Echo][D:\gitsinnori\sinnori\project\sample_test\client_build\web_build\src\main\java\kr\pe\sinnori\impl\message] creation task end
4월 11, 2018 6:00:15 오후 kr.pe.sinnori.common.util.CommonStaticUtil createChildDirectoriesOfBasePath
정보: the new child relative direcotry[D:\gitsinnori\sinnori\project\sample_test\client_build\web_build\src\main\java\kr\pe\sinnori\impl\message][PublicKeyReq] was created successfully
4월 11, 2018 6:00:15 오후 kr.pe.sinnori.common.buildsystem.ProjectBuilder createNewMessageSourceFile
정보: main project[sample_test]'s message file[PublicKeyReq][D:\gitsinnori\sinnori\project\sample_test\client_build\web_build\src\main\java\kr\pe\sinnori\impl\message] creation task start
4월 11, 2018 6:00:15 오후 kr.pe.sinnori.common.buildsystem.ProjectBuilder createNewMessageSourceFile
정보: main project[sample_test]'s message file[PublicKeyReq][D:\gitsinnori\sinnori\project\sample_test\client_build\web_build\src\main\java\kr\pe\sinnori\impl\message] creation task end
4월 11, 2018 6:00:15 오후 kr.pe.sinnori.common.buildsystem.ProjectBuilder createNewDecoderSourceFile
정보: main project[sample_test]'s message decoder file[PublicKeyReq][D:\gitsinnori\sinnori\project\sample_test\client_build\web_build\src\main\java\kr\pe\sinnori\impl\message] creation task start
4월 11, 2018 6:00:15 오후 kr.pe.sinnori.common.buildsystem.ProjectBuilder createNewDecoderSourceFile
정보: main project[sample_test]'s message decoder file[PublicKeyReq][D:\gitsinnori\sinnori\project\sample_test\client_build\web_build\src\main\java\kr\pe\sinnori\impl\message] creation task end
4월 11, 2018 6:00:15 오후 kr.pe.sinnori.common.buildsystem.ProjectBuilder createNewEncoderSourceFile
정보: main project[sample_test]'s message encoder file[PublicKeyReq][D:\gitsinnori\sinnori\project\sample_test\client_build\web_build\src\main\java\kr\pe\sinnori\impl\message] creation task start
4월 11, 2018 6:00:15 오후 kr.pe.sinnori.common.buildsystem.ProjectBuilder createNewEncoderSourceFile
정보: main project[sample_test]'s message encoder file[PublicKeyReq][D:\gitsinnori\sinnori\project\sample_test\client_build\web_build\src\main\java\kr\pe\sinnori\impl\message] creation task end
4월 11, 2018 6:00:15 오후 kr.pe.sinnori.common.buildsystem.ProjectBuilder createNewServerCodecSourceFile
정보: main project[sample_test]'s message server codec file[PublicKeyReq][D:\gitsinnori\sinnori\project\sample_test\client_build\web_build\src\main\java\kr\pe\sinnori\impl\message] creation task start
4월 11, 2018 6:00:15 오후 kr.pe.sinnori.common.buildsystem.ProjectBuilder createNewServerCodecSourceFile
정보: main project[sample_test]'s message server codec file[PublicKeyReq][D:\gitsinnori\sinnori\project\sample_test\client_build\web_build\src\main\java\kr\pe\sinnori\impl\message] creation task end
4월 11, 2018 6:00:15 오후 kr.pe.sinnori.common.buildsystem.ProjectBuilder createNewClientCodecSourceFile
정보: main project[sample_test]'s message client codec file[PublicKeyReq][D:\gitsinnori\sinnori\project\sample_test\client_build\web_build\src\main\java\kr\pe\sinnori\impl\message] creation task start
4월 11, 2018 6:00:15 오후 kr.pe.sinnori.common.buildsystem.ProjectBuilder createNewClientCodecSourceFile
정보: main project[sample_test]'s message client codec file[PublicKeyReq][D:\gitsinnori\sinnori\project\sample_test\client_build\web_build\src\main\java\kr\pe\sinnori\impl\message] creation task end
4월 11, 2018 6:00:15 오후 kr.pe.sinnori.common.util.CommonStaticUtil createChildDirectoriesOfBasePath
정보: the new child relative direcotry[D:\gitsinnori\sinnori\project\sample_test\client_build\web_build\src\main\java\kr\pe\sinnori\impl\message][PublicKeyRes] was created successfully
4월 11, 2018 6:00:15 오후 kr.pe.sinnori.common.buildsystem.ProjectBuilder createNewMessageSourceFile
정보: main project[sample_test]'s message file[PublicKeyRes][D:\gitsinnori\sinnori\project\sample_test\client_build\web_build\src\main\java\kr\pe\sinnori\impl\message] creation task start
4월 11, 2018 6:00:15 오후 kr.pe.sinnori.common.buildsystem.ProjectBuilder createNewMessageSourceFile
정보: main project[sample_test]'s message file[PublicKeyRes][D:\gitsinnori\sinnori\project\sample_test\client_build\web_build\src\main\java\kr\pe\sinnori\impl\message] creation task end
4월 11, 2018 6:00:15 오후 kr.pe.sinnori.common.buildsystem.ProjectBuilder createNewDecoderSourceFile
정보: main project[sample_test]'s message decoder file[PublicKeyRes][D:\gitsinnori\sinnori\project\sample_test\client_build\web_build\src\main\java\kr\pe\sinnori\impl\message] creation task start
4월 11, 2018 6:00:15 오후 kr.pe.sinnori.common.buildsystem.ProjectBuilder createNewDecoderSourceFile
정보: main project[sample_test]'s message decoder file[PublicKeyRes][D:\gitsinnori\sinnori\project\sample_test\client_build\web_build\src\main\java\kr\pe\sinnori\impl\message] creation task end
4월 11, 2018 6:00:15 오후 kr.pe.sinnori.common.buildsystem.ProjectBuilder createNewEncoderSourceFile
정보: main project[sample_test]'s message encoder file[PublicKeyRes][D:\gitsinnori\sinnori\project\sample_test\client_build\web_build\src\main\java\kr\pe\sinnori\impl\message] creation task start
4월 11, 2018 6:00:15 오후 kr.pe.sinnori.common.buildsystem.ProjectBuilder createNewEncoderSourceFile
정보: main project[sample_test]'s message encoder file[PublicKeyRes][D:\gitsinnori\sinnori\project\sample_test\client_build\web_build\src\main\java\kr\pe\sinnori\impl\message] creation task end
4월 11, 2018 6:00:15 오후 kr.pe.sinnori.common.buildsystem.ProjectBuilder createNewServerCodecSourceFile
정보: main project[sample_test]'s message server codec file[PublicKeyRes][D:\gitsinnori\sinnori\project\sample_test\client_build\web_build\src\main\java\kr\pe\sinnori\impl\message] creation task start
4월 11, 2018 6:00:15 오후 kr.pe.sinnori.common.buildsystem.ProjectBuilder createNewServerCodecSourceFile
정보: main project[sample_test]'s message server codec file[PublicKeyRes][D:\gitsinnori\sinnori\project\sample_test\client_build\web_build\src\main\java\kr\pe\sinnori\impl\message] creation task end
4월 11, 2018 6:00:15 오후 kr.pe.sinnori.common.buildsystem.ProjectBuilder createNewClientCodecSourceFile
정보: main project[sample_test]'s message client codec file[PublicKeyRes][D:\gitsinnori\sinnori\project\sample_test\client_build\web_build\src\main\java\kr\pe\sinnori\impl\message] creation task start
4월 11, 2018 6:00:15 오후 kr.pe.sinnori.common.buildsystem.ProjectBuilder createNewClientCodecSourceFile
정보: main project[sample_test]'s message client codec file[PublicKeyRes][D:\gitsinnori\sinnori\project\sample_test\client_build\web_build\src\main\java\kr\pe\sinnori\impl\message] creation task end
4월 11, 2018 6:00:15 오후 kr.pe.sinnori.common.buildsystem.ProjectBuilder createNewWebClientMessageIOFileSet
정보: main project[sample_test]'s web client message io file set creation task end
4월 11, 2018 6:00:15 오후 kr.pe.sinnori.common.buildsystem.ProjectBuilder copyWebClientSampleFiles
정보: mainproject[sample_test]'s web client sample source files copy task start
4월 11, 2018 6:00:15 오후 kr.pe.sinnori.common.buildsystem.ProjectBuilder copyWebClientSampleFiles
정보: mainproject[sample_test]'s web client sample source files copy task end
4월 11, 2018 6:00:15 오후 kr.pe.sinnori.common.buildsystem.ProjectBuilder createWebClientBuildSystemFiles
정보: main project[sample_test]'s web client build system files creation task end
4월 11, 2018 6:00:15 오후 kr.pe.sinnori.common.buildsystem.ProjectBuilder createWebRootChildDirectories
정보: main project[sample_test]'s web root child direcotry creation task start
4월 11, 2018 6:00:15 오후 kr.pe.sinnori.common.util.CommonStaticUtil createChildDirectoriesOfBasePath
정보: the child relative direcotry[D:\gitsinnori\sinnori\project\sample_test][web_app_base/upload] exist, so nothing
4월 11, 2018 6:00:15 오후 kr.pe.sinnori.common.util.CommonStaticUtil createChildDirectoriesOfBasePath
정보: the new child relative direcotry[D:\gitsinnori\sinnori\project\sample_test][web_app_base/ROOT/WEB-INF/classes] was created successfully
4월 11, 2018 6:00:15 오후 kr.pe.sinnori.common.util.CommonStaticUtil createChildDirectoriesOfBasePath
정보: the new child relative direcotry[D:\gitsinnori\sinnori\project\sample_test][web_app_base/ROOT/WEB-INF/lib] was created successfully
4월 11, 2018 6:00:15 오후 kr.pe.sinnori.common.buildsystem.ProjectBuilder createWebRootChildDirectories
정보: main project[sample_test]'s web root child direcotry creation task end
4월 11, 2018 6:00:15 오후 kr.pe.sinnori.common.buildsystem.ProjectBuilder createWebRootSampleFiles
정보: main project[sample_test]'s web root sample files creation task start
4월 11, 2018 6:00:15 오후 kr.pe.sinnori.common.buildsystem.ProjectBuilder copyWebRootSampleFiles
정보: main project[sample_test]'s web root sample files copy task start
4월 11, 2018 6:00:15 오후 kr.pe.sinnori.common.buildsystem.ProjectBuilder copyWebRootSampleFiles
정보: main project[sample_test]'s web root sample files copy task end
4월 11, 2018 6:00:15 오후 kr.pe.sinnori.common.buildsystem.ProjectBuilder createWebRootSampleFiles
정보: main project[sample_test]'s web root sample files creation task end
4월 11, 2018 6:00:15 오후 kr.pe.sinnori.common.buildsystem.ProjectBuilder overwriteSinnoriConfigFile
정보: main project[sample_test]'s config file overwrite task start
4월 11, 2018 6:00:15 오후 kr.pe.sinnori.common.buildsystem.ProjectBuilder overwriteSinnoriConfigFile
정보: main project[sample_test]'s config file overwrite task end
4월 11, 2018 6:00:15 오후 kr.pe.sinnori.common.buildsystem.ProjectBuilder changeProjectState
정보: main project[sample_test] changeProjectState method end
4월 11, 2018 6:00:15 오후 kr.pe.sinnori.common.buildsystem.ProjectBuilder isValidServerAntBuildXMLFile
정보: the server ant build.xml file[D:\gitsinnori\sinnori\project\sample_test\server_build\build.xml] is bad :: whetherExist[false] isFile[false]
4월 11, 2018 6:00:15 오후 kr.pe.sinnori.common.buildsystem.ProjectBuilder changeProjectState
정보: main project[sample_test] changeProjectState method start
4월 11, 2018 6:00:15 오후 kr.pe.sinnori.common.buildsystem.ProjectBuilder createServerBuildChildDirectories
정보: main project[sample_test]'s server child direcotry creation task start
4월 11, 2018 6:00:15 오후 kr.pe.sinnori.common.util.CommonStaticUtil createChildDirectoriesOfBasePath
정보: the new child relative direcotry[D:\gitsinnori\sinnori\project\sample_test][server_build/APP-INF/classes] was created successfully
4월 11, 2018 6:00:15 오후 kr.pe.sinnori.common.util.CommonStaticUtil createChildDirectoriesOfBasePath
정보: the new child relative direcotry[D:\gitsinnori\sinnori\project\sample_test][server_build/corelib/ex] was created successfully
4월 11, 2018 6:00:15 오후 kr.pe.sinnori.common.util.CommonStaticUtil createChildDirectoriesOfBasePath
정보: the new child relative direcotry[D:\gitsinnori\sinnori\project\sample_test][server_build/corelib/in] was created successfully
4월 11, 2018 6:00:15 오후 kr.pe.sinnori.common.util.CommonStaticUtil createChildDirectoriesOfBasePath
정보: the new child relative direcotry[D:\gitsinnori\sinnori\project\sample_test][server_build/lib/main/ex] was created successfully
4월 11, 2018 6:00:15 오후 kr.pe.sinnori.common.util.CommonStaticUtil createChildDirectoriesOfBasePath
정보: the new child relative direcotry[D:\gitsinnori\sinnori\project\sample_test][server_build/lib/main/in] was created successfully
4월 11, 2018 6:00:15 오후 kr.pe.sinnori.common.util.CommonStaticUtil createChildDirectoriesOfBasePath
정보: the new child relative direcotry[D:\gitsinnori\sinnori\project\sample_test][server_build/lib/test] was created successfully
4월 11, 2018 6:00:15 오후 kr.pe.sinnori.common.util.CommonStaticUtil createChildDirectoriesOfBasePath
정보: the new child relative direcotry[D:\gitsinnori\sinnori\project\sample_test][server_build/src/main/java/kr/pe/sinnori/impl/servertask] was created successfully
4월 11, 2018 6:00:15 오후 kr.pe.sinnori.common.util.CommonStaticUtil createChildDirectoriesOfBasePath
정보: the new child relative direcotry[D:\gitsinnori\sinnori\project\sample_test][server_build/src/main/java/kr/pe/sinnori/impl/message] was created successfully
4월 11, 2018 6:00:15 오후 kr.pe.sinnori.common.util.CommonStaticUtil createChildDirectoriesOfBasePath
정보: the new child relative direcotry[D:\gitsinnori\sinnori\project\sample_test][server_build/src/main/java/main] was created successfully
4월 11, 2018 6:00:15 오후 kr.pe.sinnori.common.util.CommonStaticUtil createChildDirectoriesOfBasePath
정보: the new child relative direcotry[D:\gitsinnori\sinnori\project\sample_test][server_build/src/test/java] was created successfully
4월 11, 2018 6:00:15 오후 kr.pe.sinnori.common.util.CommonStaticUtil createChildDirectoriesOfBasePath
정보: the new child relative direcotry[D:\gitsinnori\sinnori\project\sample_test][server_build/build] was created successfully
4월 11, 2018 6:00:15 오후 kr.pe.sinnori.common.util.CommonStaticUtil createChildDirectoriesOfBasePath
정보: the new child relative direcotry[D:\gitsinnori\sinnori\project\sample_test][server_build/dist] was created successfully
4월 11, 2018 6:00:15 오후 kr.pe.sinnori.common.buildsystem.ProjectBuilder createServerBuildChildDirectories
정보: main project[sample_test]'s server child direcotry creation task end
4월 11, 2018 6:00:15 오후 kr.pe.sinnori.common.buildsystem.ProjectBuilder createServerBuildSystemFiles
정보: server build system files creation task start
4월 11, 2018 6:00:15 오후 kr.pe.sinnori.common.buildsystem.ProjectBuilder createNewServerAntBuildXMLFile
정보: main project[sample_test]'s server ant build.xml file creation task start
4월 11, 2018 6:00:15 오후 kr.pe.sinnori.common.buildsystem.ProjectBuilder createNewServerAntBuildXMLFile
정보: main project[sample_test]'s server ant build.xml file creation task end
4월 11, 2018 6:00:15 오후 kr.pe.sinnori.common.buildsystem.ProjectBuilder createNewServerDosShellFile
정보: main project[sample_test]'s server dos shell file creation task start
4월 11, 2018 6:00:15 오후 kr.pe.sinnori.common.buildsystem.ProjectBuilder createNewServerDosShellFile
정보: main project[sample_test]'s server dos shell file creation task end
4월 11, 2018 6:00:15 오후 kr.pe.sinnori.common.buildsystem.ProjectBuilder createNewServerUnixShellFile
정보: main project[sample_test]'s server unix shell file creation task start
4월 11, 2018 6:00:15 오후 kr.pe.sinnori.common.buildsystem.ProjectBuilder createNewServerUnixShellFile
정보: main project[sample_test]'s server unix shell file creation task end
4월 11, 2018 6:00:15 오후 kr.pe.sinnori.common.buildsystem.ProjectBuilder copyServerSampleFiles
정보: server sample source files copy task start
4월 11, 2018 6:00:15 오후 kr.pe.sinnori.common.buildsystem.ProjectBuilder copyServerSampleFiles
정보: server sample source files copy task end
4월 11, 2018 6:00:15 오후 kr.pe.sinnori.common.buildsystem.ProjectBuilder createServerMessageIOFileSet
정보: main project[sample_test]'s server message io file set creation task start
4월 11, 2018 6:00:15 오후 kr.pe.sinnori.common.util.CommonStaticUtil createChildDirectoriesOfBasePath
정보: the new child relative direcotry[D:\gitsinnori\sinnori\project\sample_test\server_build\src\main\java\kr\pe\sinnori\impl\message][Echo] was created successfully
4월 11, 2018 6:00:15 오후 kr.pe.sinnori.common.buildsystem.ProjectBuilder createNewMessageSourceFile
정보: main project[sample_test]'s message file[Echo][D:\gitsinnori\sinnori\project\sample_test\server_build\src\main\java\kr\pe\sinnori\impl\message] creation task start
4월 11, 2018 6:00:15 오후 kr.pe.sinnori.common.buildsystem.ProjectBuilder createNewMessageSourceFile
정보: main project[sample_test]'s message file[Echo][D:\gitsinnori\sinnori\project\sample_test\server_build\src\main\java\kr\pe\sinnori\impl\message] creation task end
4월 11, 2018 6:00:15 오후 kr.pe.sinnori.common.buildsystem.ProjectBuilder createNewDecoderSourceFile
정보: main project[sample_test]'s message decoder file[Echo][D:\gitsinnori\sinnori\project\sample_test\server_build\src\main\java\kr\pe\sinnori\impl\message] creation task start
4월 11, 2018 6:00:15 오후 kr.pe.sinnori.common.buildsystem.ProjectBuilder createNewDecoderSourceFile
정보: main project[sample_test]'s message decoder file[Echo][D:\gitsinnori\sinnori\project\sample_test\server_build\src\main\java\kr\pe\sinnori\impl\message] creation task end
4월 11, 2018 6:00:15 오후 kr.pe.sinnori.common.buildsystem.ProjectBuilder createNewEncoderSourceFile
정보: main project[sample_test]'s message encoder file[Echo][D:\gitsinnori\sinnori\project\sample_test\server_build\src\main\java\kr\pe\sinnori\impl\message] creation task start
4월 11, 2018 6:00:15 오후 kr.pe.sinnori.common.buildsystem.ProjectBuilder createNewEncoderSourceFile
정보: main project[sample_test]'s message encoder file[Echo][D:\gitsinnori\sinnori\project\sample_test\server_build\src\main\java\kr\pe\sinnori\impl\message] creation task end
4월 11, 2018 6:00:15 오후 kr.pe.sinnori.common.buildsystem.ProjectBuilder createNewServerCodecSourceFile
정보: main project[sample_test]'s message server codec file[Echo][D:\gitsinnori\sinnori\project\sample_test\server_build\src\main\java\kr\pe\sinnori\impl\message] creation task start
4월 11, 2018 6:00:15 오후 kr.pe.sinnori.common.buildsystem.ProjectBuilder createNewServerCodecSourceFile
정보: main project[sample_test]'s message server codec file[Echo][D:\gitsinnori\sinnori\project\sample_test\server_build\src\main\java\kr\pe\sinnori\impl\message] creation task end
4월 11, 2018 6:00:15 오후 kr.pe.sinnori.common.buildsystem.ProjectBuilder createNewClientCodecSourceFile
정보: main project[sample_test]'s message client codec file[Echo][D:\gitsinnori\sinnori\project\sample_test\server_build\src\main\java\kr\pe\sinnori\impl\message] creation task start
4월 11, 2018 6:00:15 오후 kr.pe.sinnori.common.buildsystem.ProjectBuilder createNewClientCodecSourceFile
정보: main project[sample_test]'s message client codec file[Echo][D:\gitsinnori\sinnori\project\sample_test\server_build\src\main\java\kr\pe\sinnori\impl\message] creation task end
4월 11, 2018 6:00:15 오후 kr.pe.sinnori.common.util.CommonStaticUtil createChildDirectoriesOfBasePath
정보: the new child relative direcotry[D:\gitsinnori\sinnori\project\sample_test\server_build\src\main\java\kr\pe\sinnori\impl\message][PublicKeyReq] was created successfully
4월 11, 2018 6:00:15 오후 kr.pe.sinnori.common.buildsystem.ProjectBuilder createNewMessageSourceFile
정보: main project[sample_test]'s message file[PublicKeyReq][D:\gitsinnori\sinnori\project\sample_test\server_build\src\main\java\kr\pe\sinnori\impl\message] creation task start
4월 11, 2018 6:00:15 오후 kr.pe.sinnori.common.buildsystem.ProjectBuilder createNewMessageSourceFile
정보: main project[sample_test]'s message file[PublicKeyReq][D:\gitsinnori\sinnori\project\sample_test\server_build\src\main\java\kr\pe\sinnori\impl\message] creation task end
4월 11, 2018 6:00:16 오후 kr.pe.sinnori.common.buildsystem.ProjectBuilder createNewDecoderSourceFile
정보: main project[sample_test]'s message decoder file[PublicKeyReq][D:\gitsinnori\sinnori\project\sample_test\server_build\src\main\java\kr\pe\sinnori\impl\message] creation task start
4월 11, 2018 6:00:16 오후 kr.pe.sinnori.common.buildsystem.ProjectBuilder createNewDecoderSourceFile
정보: main project[sample_test]'s message decoder file[PublicKeyReq][D:\gitsinnori\sinnori\project\sample_test\server_build\src\main\java\kr\pe\sinnori\impl\message] creation task end
4월 11, 2018 6:00:16 오후 kr.pe.sinnori.common.buildsystem.ProjectBuilder createNewEncoderSourceFile
정보: main project[sample_test]'s message encoder file[PublicKeyReq][D:\gitsinnori\sinnori\project\sample_test\server_build\src\main\java\kr\pe\sinnori\impl\message] creation task start
4월 11, 2018 6:00:16 오후 kr.pe.sinnori.common.buildsystem.ProjectBuilder createNewEncoderSourceFile
정보: main project[sample_test]'s message encoder file[PublicKeyReq][D:\gitsinnori\sinnori\project\sample_test\server_build\src\main\java\kr\pe\sinnori\impl\message] creation task end
4월 11, 2018 6:00:16 오후 kr.pe.sinnori.common.buildsystem.ProjectBuilder createNewServerCodecSourceFile
정보: main project[sample_test]'s message server codec file[PublicKeyReq][D:\gitsinnori\sinnori\project\sample_test\server_build\src\main\java\kr\pe\sinnori\impl\message] creation task start
4월 11, 2018 6:00:16 오후 kr.pe.sinnori.common.buildsystem.ProjectBuilder createNewServerCodecSourceFile
정보: main project[sample_test]'s message server codec file[PublicKeyReq][D:\gitsinnori\sinnori\project\sample_test\server_build\src\main\java\kr\pe\sinnori\impl\message] creation task end
4월 11, 2018 6:00:16 오후 kr.pe.sinnori.common.buildsystem.ProjectBuilder createNewClientCodecSourceFile
정보: main project[sample_test]'s message client codec file[PublicKeyReq][D:\gitsinnori\sinnori\project\sample_test\server_build\src\main\java\kr\pe\sinnori\impl\message] creation task start
4월 11, 2018 6:00:16 오후 kr.pe.sinnori.common.buildsystem.ProjectBuilder createNewClientCodecSourceFile
정보: main project[sample_test]'s message client codec file[PublicKeyReq][D:\gitsinnori\sinnori\project\sample_test\server_build\src\main\java\kr\pe\sinnori\impl\message] creation task end
4월 11, 2018 6:00:16 오후 kr.pe.sinnori.common.util.CommonStaticUtil createChildDirectoriesOfBasePath
정보: the new child relative direcotry[D:\gitsinnori\sinnori\project\sample_test\server_build\src\main\java\kr\pe\sinnori\impl\message][PublicKeyRes] was created successfully
4월 11, 2018 6:00:16 오후 kr.pe.sinnori.common.buildsystem.ProjectBuilder createNewMessageSourceFile
정보: main project[sample_test]'s message file[PublicKeyRes][D:\gitsinnori\sinnori\project\sample_test\server_build\src\main\java\kr\pe\sinnori\impl\message] creation task start
4월 11, 2018 6:00:16 오후 kr.pe.sinnori.common.buildsystem.ProjectBuilder createNewMessageSourceFile
정보: main project[sample_test]'s message file[PublicKeyRes][D:\gitsinnori\sinnori\project\sample_test\server_build\src\main\java\kr\pe\sinnori\impl\message] creation task end
4월 11, 2018 6:00:16 오후 kr.pe.sinnori.common.buildsystem.ProjectBuilder createNewDecoderSourceFile
정보: main project[sample_test]'s message decoder file[PublicKeyRes][D:\gitsinnori\sinnori\project\sample_test\server_build\src\main\java\kr\pe\sinnori\impl\message] creation task start
4월 11, 2018 6:00:16 오후 kr.pe.sinnori.common.buildsystem.ProjectBuilder createNewDecoderSourceFile
정보: main project[sample_test]'s message decoder file[PublicKeyRes][D:\gitsinnori\sinnori\project\sample_test\server_build\src\main\java\kr\pe\sinnori\impl\message] creation task end
4월 11, 2018 6:00:16 오후 kr.pe.sinnori.common.buildsystem.ProjectBuilder createNewEncoderSourceFile
정보: main project[sample_test]'s message encoder file[PublicKeyRes][D:\gitsinnori\sinnori\project\sample_test\server_build\src\main\java\kr\pe\sinnori\impl\message] creation task start
4월 11, 2018 6:00:16 오후 kr.pe.sinnori.common.buildsystem.ProjectBuilder createNewEncoderSourceFile
정보: main project[sample_test]'s message encoder file[PublicKeyRes][D:\gitsinnori\sinnori\project\sample_test\server_build\src\main\java\kr\pe\sinnori\impl\message] creation task end
4월 11, 2018 6:00:16 오후 kr.pe.sinnori.common.buildsystem.ProjectBuilder createNewServerCodecSourceFile
정보: main project[sample_test]'s message server codec file[PublicKeyRes][D:\gitsinnori\sinnori\project\sample_test\server_build\src\main\java\kr\pe\sinnori\impl\message] creation task start
4월 11, 2018 6:00:16 오후 kr.pe.sinnori.common.buildsystem.ProjectBuilder createNewServerCodecSourceFile
정보: main project[sample_test]'s message server codec file[PublicKeyRes][D:\gitsinnori\sinnori\project\sample_test\server_build\src\main\java\kr\pe\sinnori\impl\message] creation task end
4월 11, 2018 6:00:16 오후 kr.pe.sinnori.common.buildsystem.ProjectBuilder createNewClientCodecSourceFile
정보: main project[sample_test]'s message client codec file[PublicKeyRes][D:\gitsinnori\sinnori\project\sample_test\server_build\src\main\java\kr\pe\sinnori\impl\message] creation task start
4월 11, 2018 6:00:16 오후 kr.pe.sinnori.common.buildsystem.ProjectBuilder createNewClientCodecSourceFile
정보: main project[sample_test]'s message client codec file[PublicKeyRes][D:\gitsinnori\sinnori\project\sample_test\server_build\src\main\java\kr\pe\sinnori\impl\message] creation task end
4월 11, 2018 6:00:16 오후 kr.pe.sinnori.common.buildsystem.ProjectBuilder createServerMessageIOFileSet
정보: main project[sample_test]'s server message io file set creation task end
4월 11, 2018 6:00:16 오후 kr.pe.sinnori.common.buildsystem.ProjectBuilder createServerBuildSystemFiles
정보: server build system files creation task end
4월 11, 2018 6:00:16 오후 kr.pe.sinnori.common.buildsystem.ProjectBuilder deleteAppClientBuildPath
정보: mainproject[sample_test]'s application client build path deletion task start
4월 11, 2018 6:00:16 오후 kr.pe.sinnori.common.buildsystem.ProjectBuilder deleteAppClientBuildPath
정보: mainproject[sample_test]'s application client build path deletion task end
4월 11, 2018 6:00:16 오후 kr.pe.sinnori.common.buildsystem.ProjectBuilder deleteWebCientBuildPath
정보: main project[sample_test]'s web client build path deletion task start
4월 11, 2018 6:00:16 오후 kr.pe.sinnori.common.buildsystem.ProjectBuilder deleteWebCientBuildPath
정보: main project[sample_test]'s web client build path deletion task end
4월 11, 2018 6:00:16 오후 kr.pe.sinnori.common.buildsystem.ProjectBuilder deleteWebRoot
정보: main project[sample_test]'s web root path deletion task start
4월 11, 2018 6:00:16 오후 kr.pe.sinnori.common.buildsystem.ProjectBuilder deleteWebRoot
정보: main project[sample_test]'s web root path deletion task end
4월 11, 2018 6:00:16 오후 kr.pe.sinnori.common.buildsystem.ProjectBuilder overwriteSinnoriConfigFile
정보: main project[sample_test]'s config file overwrite task start
4월 11, 2018 6:00:16 오후 kr.pe.sinnori.common.buildsystem.ProjectBuilder overwriteSinnoriConfigFile
정보: main project[sample_test]'s config file overwrite task end
4월 11, 2018 6:00:16 오후 kr.pe.sinnori.common.buildsystem.ProjectBuilder changeProjectState
정보: main project[sample_test] changeProjectState method end
4월 11, 2018 6:00:16 오후 kr.pe.sinnori.common.buildsystem.ProjectBuilder isValidAppClientAntBuildXMLFile
정보: the app client ant build.xml file[D:\gitsinnori\sinnori\project\sample_test\client_build\app_build\build.xml] is bad :: whetherExist[false] isFile[false]
4월 11, 2018 6:00:16 오후 kr.pe.sinnori.common.buildsystem.ProjectBuilder isValidWebClientAntBuildXMLFile
정보: the web client ant build.xml file[D:\gitsinnori\sinnori\project\sample_test\client_build\web_build\build.xml] is bad :: whetherExist[false] isFile[false]
4월 11, 2018 6:00:16 오후 kr.pe.sinnori.common.buildsystem.ProjectBuilder isValidWebRootXMLFile
정보: the web.xml file[D:\gitsinnori\sinnori\project\sample_test\web_app_base\ROOT\WEB-INF\web.xml] located at web root directory is bad :: whetherExist[false] isFile[false]
4월 11, 2018 6:00:16 오후 kr.pe.sinnori.common.buildsystem.ProjectBuilder changeProjectState
정보: main project[sample_test] changeProjectState method start
4월 11, 2018 6:00:16 오후 kr.pe.sinnori.common.buildsystem.ProjectBuilder changeProjectState
경고: the server build path[D:\gitsinnori\sinnori\project\sample_test\server_build] exist, so skip creation of server build system
4월 11, 2018 6:00:16 오후 kr.pe.sinnori.common.buildsystem.ProjectBuilder isValidAppClientAntBuildXMLFile
정보: the app client ant build.xml file[D:\gitsinnori\sinnori\project\sample_test\client_build\app_build\build.xml] is bad :: whetherExist[false] isFile[false]
4월 11, 2018 6:00:16 오후 kr.pe.sinnori.common.buildsystem.ProjectBuilder changeProjectState
경고: the app client buid.xml file[D:\gitsinnori\sinnori\project\sample_test\client_build\app_build\build.xml] is bad beacse it doesn't exist or is not a file, so skip deletion of app client build system
4월 11, 2018 6:00:16 오후 kr.pe.sinnori.common.buildsystem.ProjectBuilder createWebBuildChildDirectories
정보: main project[sample_test]'s web build child direcotry creation task start
4월 11, 2018 6:00:16 오후 kr.pe.sinnori.common.util.CommonStaticUtil createChildDirectoriesOfBasePath
정보: the new child relative direcotry[D:\gitsinnori\sinnori\project\sample_test][client_build/web_build/corelib/ex] was created successfully
4월 11, 2018 6:00:16 오후 kr.pe.sinnori.common.util.CommonStaticUtil createChildDirectoriesOfBasePath
정보: the new child relative direcotry[D:\gitsinnori\sinnori\project\sample_test][client_build/web_build/corelib/in] was created successfully
4월 11, 2018 6:00:16 오후 kr.pe.sinnori.common.util.CommonStaticUtil createChildDirectoriesOfBasePath
정보: the new child relative direcotry[D:\gitsinnori\sinnori\project\sample_test][client_build/web_build/lib/main/ex] was created successfully
4월 11, 2018 6:00:16 오후 kr.pe.sinnori.common.util.CommonStaticUtil createChildDirectoriesOfBasePath
정보: the new child relative direcotry[D:\gitsinnori\sinnori\project\sample_test][client_build/web_build/lib/main/in] was created successfully
4월 11, 2018 6:00:16 오후 kr.pe.sinnori.common.util.CommonStaticUtil createChildDirectoriesOfBasePath
정보: the new child relative direcotry[D:\gitsinnori\sinnori\project\sample_test][client_build/web_build/lib/test] was created successfully
4월 11, 2018 6:00:16 오후 kr.pe.sinnori.common.util.CommonStaticUtil createChildDirectoriesOfBasePath
정보: the new child relative direcotry[D:\gitsinnori\sinnori\project\sample_test][client_build/web_build/src/main/java/kr/pe/sinnori/impl/message] was created successfully
4월 11, 2018 6:00:16 오후 kr.pe.sinnori.common.util.CommonStaticUtil createChildDirectoriesOfBasePath
정보: the new child relative direcotry[D:\gitsinnori\sinnori\project\sample_test][client_build/web_build/src/main/java//kr/pe/sinnori/servlet] was created successfully
4월 11, 2018 6:00:16 오후 kr.pe.sinnori.common.util.CommonStaticUtil createChildDirectoriesOfBasePath
정보: the new child relative direcotry[D:\gitsinnori\sinnori\project\sample_test][client_build/web_build/src/main/java/kr/pe/sinnori/weblib/common] was created successfully
4월 11, 2018 6:00:16 오후 kr.pe.sinnori.common.util.CommonStaticUtil createChildDirectoriesOfBasePath
정보: the new child relative direcotry[D:\gitsinnori\sinnori\project\sample_test][client_build/web_build/src/main/java/kr/pe/sinnori/weblib/htmlstring] was created successfully
4월 11, 2018 6:00:16 오후 kr.pe.sinnori.common.util.CommonStaticUtil createChildDirectoriesOfBasePath
정보: the new child relative direcotry[D:\gitsinnori\sinnori\project\sample_test][client_build/web_build/src/main/java/kr/pe/sinnori/weblib/jdf] was created successfully
4월 11, 2018 6:00:16 오후 kr.pe.sinnori.common.util.CommonStaticUtil createChildDirectoriesOfBasePath
정보: the new child relative direcotry[D:\gitsinnori\sinnori\project\sample_test][client_build/web_build/src/test/java] was created successfully
4월 11, 2018 6:00:16 오후 kr.pe.sinnori.common.util.CommonStaticUtil createChildDirectoriesOfBasePath
정보: the new child relative direcotry[D:\gitsinnori\sinnori\project\sample_test][client_build/web_build/build] was created successfully
4월 11, 2018 6:00:16 오후 kr.pe.sinnori.common.util.CommonStaticUtil createChildDirectoriesOfBasePath
정보: the new child relative direcotry[D:\gitsinnori\sinnori\project\sample_test][client_build/web_build/dist] was created successfully
4월 11, 2018 6:00:16 오후 kr.pe.sinnori.common.buildsystem.ProjectBuilder createWebBuildChildDirectories
정보: main project[sample_test]'s web build child direcotry creation task end
4월 11, 2018 6:00:16 오후 kr.pe.sinnori.common.buildsystem.ProjectBuilder createWebClientBuildSystemFiles
정보: main project[sample_test]'s web client build system files creation task start
4월 11, 2018 6:00:16 오후 kr.pe.sinnori.common.buildsystem.ProjectBuilder createNewWebClientAntBuildFile
정보: main project[sample_test]'s web client ant build.xml file creation task start
4월 11, 2018 6:00:16 오후 kr.pe.sinnori.common.buildsystem.ProjectBuilder createNewWebClientAntBuildFile
정보: main project[sample_test]'s web client ant build.xml file creation task end
4월 11, 2018 6:00:16 오후 kr.pe.sinnori.common.buildsystem.ProjectBuilder createNewWebClientAntPropertiesFile
정보: main project[sample_test]'s web client ant properties file creation task start
4월 11, 2018 6:00:16 오후 kr.pe.sinnori.common.util.SequencedPropertiesUtil createNewSequencedPropertiesFile
정보: the sequenced properties file[D:\gitsinnori\sinnori\project\sample_test\client_build\web_build\webAnt.properties] was created
4월 11, 2018 6:00:16 오후 kr.pe.sinnori.common.buildsystem.ProjectBuilder createNewWebClientAntPropertiesFile
정보: main project[sample_test]'s web client ant properties file creation task end
4월 11, 2018 6:00:16 오후 kr.pe.sinnori.common.buildsystem.ProjectBuilder createNewWebClientMessageIOFileSet
정보: main project[sample_test]'s web client message io file set creation task start
4월 11, 2018 6:00:16 오후 kr.pe.sinnori.common.util.CommonStaticUtil createChildDirectoriesOfBasePath
정보: the new child relative direcotry[D:\gitsinnori\sinnori\project\sample_test\client_build\web_build\src\main\java\kr\pe\sinnori\impl\message][Echo] was created successfully
4월 11, 2018 6:00:16 오후 kr.pe.sinnori.common.buildsystem.ProjectBuilder createNewMessageSourceFile
정보: main project[sample_test]'s message file[Echo][D:\gitsinnori\sinnori\project\sample_test\client_build\web_build\src\main\java\kr\pe\sinnori\impl\message] creation task start
4월 11, 2018 6:00:16 오후 kr.pe.sinnori.common.buildsystem.ProjectBuilder createNewMessageSourceFile
정보: main project[sample_test]'s message file[Echo][D:\gitsinnori\sinnori\project\sample_test\client_build\web_build\src\main\java\kr\pe\sinnori\impl\message] creation task end
4월 11, 2018 6:00:16 오후 kr.pe.sinnori.common.buildsystem.ProjectBuilder createNewDecoderSourceFile
정보: main project[sample_test]'s message decoder file[Echo][D:\gitsinnori\sinnori\project\sample_test\client_build\web_build\src\main\java\kr\pe\sinnori\impl\message] creation task start
4월 11, 2018 6:00:16 오후 kr.pe.sinnori.common.buildsystem.ProjectBuilder createNewDecoderSourceFile
정보: main project[sample_test]'s message decoder file[Echo][D:\gitsinnori\sinnori\project\sample_test\client_build\web_build\src\main\java\kr\pe\sinnori\impl\message] creation task end
4월 11, 2018 6:00:16 오후 kr.pe.sinnori.common.buildsystem.ProjectBuilder createNewEncoderSourceFile
정보: main project[sample_test]'s message encoder file[Echo][D:\gitsinnori\sinnori\project\sample_test\client_build\web_build\src\main\java\kr\pe\sinnori\impl\message] creation task start
4월 11, 2018 6:00:16 오후 kr.pe.sinnori.common.buildsystem.ProjectBuilder createNewEncoderSourceFile
정보: main project[sample_test]'s message encoder file[Echo][D:\gitsinnori\sinnori\project\sample_test\client_build\web_build\src\main\java\kr\pe\sinnori\impl\message] creation task end
4월 11, 2018 6:00:16 오후 kr.pe.sinnori.common.buildsystem.ProjectBuilder createNewServerCodecSourceFile
정보: main project[sample_test]'s message server codec file[Echo][D:\gitsinnori\sinnori\project\sample_test\client_build\web_build\src\main\java\kr\pe\sinnori\impl\message] creation task start
4월 11, 2018 6:00:16 오후 kr.pe.sinnori.common.buildsystem.ProjectBuilder createNewServerCodecSourceFile
정보: main project[sample_test]'s message server codec file[Echo][D:\gitsinnori\sinnori\project\sample_test\client_build\web_build\src\main\java\kr\pe\sinnori\impl\message] creation task end
4월 11, 2018 6:00:16 오후 kr.pe.sinnori.common.buildsystem.ProjectBuilder createNewClientCodecSourceFile
정보: main project[sample_test]'s message client codec file[Echo][D:\gitsinnori\sinnori\project\sample_test\client_build\web_build\src\main\java\kr\pe\sinnori\impl\message] creation task start
4월 11, 2018 6:00:16 오후 kr.pe.sinnori.common.buildsystem.ProjectBuilder createNewClientCodecSourceFile
정보: main project[sample_test]'s message client codec file[Echo][D:\gitsinnori\sinnori\project\sample_test\client_build\web_build\src\main\java\kr\pe\sinnori\impl\message] creation task end
4월 11, 2018 6:00:16 오후 kr.pe.sinnori.common.util.CommonStaticUtil createChildDirectoriesOfBasePath
정보: the new child relative direcotry[D:\gitsinnori\sinnori\project\sample_test\client_build\web_build\src\main\java\kr\pe\sinnori\impl\message][PublicKeyReq] was created successfully
4월 11, 2018 6:00:16 오후 kr.pe.sinnori.common.buildsystem.ProjectBuilder createNewMessageSourceFile
정보: main project[sample_test]'s message file[PublicKeyReq][D:\gitsinnori\sinnori\project\sample_test\client_build\web_build\src\main\java\kr\pe\sinnori\impl\message] creation task start
4월 11, 2018 6:00:16 오후 kr.pe.sinnori.common.buildsystem.ProjectBuilder createNewMessageSourceFile
정보: main project[sample_test]'s message file[PublicKeyReq][D:\gitsinnori\sinnori\project\sample_test\client_build\web_build\src\main\java\kr\pe\sinnori\impl\message] creation task end
4월 11, 2018 6:00:16 오후 kr.pe.sinnori.common.buildsystem.ProjectBuilder createNewDecoderSourceFile
정보: main project[sample_test]'s message decoder file[PublicKeyReq][D:\gitsinnori\sinnori\project\sample_test\client_build\web_build\src\main\java\kr\pe\sinnori\impl\message] creation task start
4월 11, 2018 6:00:16 오후 kr.pe.sinnori.common.buildsystem.ProjectBuilder createNewDecoderSourceFile
정보: main project[sample_test]'s message decoder file[PublicKeyReq][D:\gitsinnori\sinnori\project\sample_test\client_build\web_build\src\main\java\kr\pe\sinnori\impl\message] creation task end
4월 11, 2018 6:00:16 오후 kr.pe.sinnori.common.buildsystem.ProjectBuilder createNewEncoderSourceFile
정보: main project[sample_test]'s message encoder file[PublicKeyReq][D:\gitsinnori\sinnori\project\sample_test\client_build\web_build\src\main\java\kr\pe\sinnori\impl\message] creation task start
4월 11, 2018 6:00:16 오후 kr.pe.sinnori.common.buildsystem.ProjectBuilder createNewEncoderSourceFile
정보: main project[sample_test]'s message encoder file[PublicKeyReq][D:\gitsinnori\sinnori\project\sample_test\client_build\web_build\src\main\java\kr\pe\sinnori\impl\message] creation task end
4월 11, 2018 6:00:16 오후 kr.pe.sinnori.common.buildsystem.ProjectBuilder createNewServerCodecSourceFile
정보: main project[sample_test]'s message server codec file[PublicKeyReq][D:\gitsinnori\sinnori\project\sample_test\client_build\web_build\src\main\java\kr\pe\sinnori\impl\message] creation task start
4월 11, 2018 6:00:16 오후 kr.pe.sinnori.common.buildsystem.ProjectBuilder createNewServerCodecSourceFile
정보: main project[sample_test]'s message server codec file[PublicKeyReq][D:\gitsinnori\sinnori\project\sample_test\client_build\web_build\src\main\java\kr\pe\sinnori\impl\message] creation task end
4월 11, 2018 6:00:16 오후 kr.pe.sinnori.common.buildsystem.ProjectBuilder createNewClientCodecSourceFile
정보: main project[sample_test]'s message client codec file[PublicKeyReq][D:\gitsinnori\sinnori\project\sample_test\client_build\web_build\src\main\java\kr\pe\sinnori\impl\message] creation task start
4월 11, 2018 6:00:16 오후 kr.pe.sinnori.common.buildsystem.ProjectBuilder createNewClientCodecSourceFile
정보: main project[sample_test]'s message client codec file[PublicKeyReq][D:\gitsinnori\sinnori\project\sample_test\client_build\web_build\src\main\java\kr\pe\sinnori\impl\message] creation task end
4월 11, 2018 6:00:16 오후 kr.pe.sinnori.common.util.CommonStaticUtil createChildDirectoriesOfBasePath
정보: the new child relative direcotry[D:\gitsinnori\sinnori\project\sample_test\client_build\web_build\src\main\java\kr\pe\sinnori\impl\message][PublicKeyRes] was created successfully
4월 11, 2018 6:00:16 오후 kr.pe.sinnori.common.buildsystem.ProjectBuilder createNewMessageSourceFile
정보: main project[sample_test]'s message file[PublicKeyRes][D:\gitsinnori\sinnori\project\sample_test\client_build\web_build\src\main\java\kr\pe\sinnori\impl\message] creation task start
4월 11, 2018 6:00:16 오후 kr.pe.sinnori.common.buildsystem.ProjectBuilder createNewMessageSourceFile
정보: main project[sample_test]'s message file[PublicKeyRes][D:\gitsinnori\sinnori\project\sample_test\client_build\web_build\src\main\java\kr\pe\sinnori\impl\message] creation task end
4월 11, 2018 6:00:16 오후 kr.pe.sinnori.common.buildsystem.ProjectBuilder createNewDecoderSourceFile
정보: main project[sample_test]'s message decoder file[PublicKeyRes][D:\gitsinnori\sinnori\project\sample_test\client_build\web_build\src\main\java\kr\pe\sinnori\impl\message] creation task start
4월 11, 2018 6:00:16 오후 kr.pe.sinnori.common.buildsystem.ProjectBuilder createNewDecoderSourceFile
정보: main project[sample_test]'s message decoder file[PublicKeyRes][D:\gitsinnori\sinnori\project\sample_test\client_build\web_build\src\main\java\kr\pe\sinnori\impl\message] creation task end
4월 11, 2018 6:00:16 오후 kr.pe.sinnori.common.buildsystem.ProjectBuilder createNewEncoderSourceFile
정보: main project[sample_test]'s message encoder file[PublicKeyRes][D:\gitsinnori\sinnori\project\sample_test\client_build\web_build\src\main\java\kr\pe\sinnori\impl\message] creation task start
4월 11, 2018 6:00:16 오후 kr.pe.sinnori.common.buildsystem.ProjectBuilder createNewEncoderSourceFile
정보: main project[sample_test]'s message encoder file[PublicKeyRes][D:\gitsinnori\sinnori\project\sample_test\client_build\web_build\src\main\java\kr\pe\sinnori\impl\message] creation task end
4월 11, 2018 6:00:16 오후 kr.pe.sinnori.common.buildsystem.ProjectBuilder createNewServerCodecSourceFile
정보: main project[sample_test]'s message server codec file[PublicKeyRes][D:\gitsinnori\sinnori\project\sample_test\client_build\web_build\src\main\java\kr\pe\sinnori\impl\message] creation task start
4월 11, 2018 6:00:16 오후 kr.pe.sinnori.common.buildsystem.ProjectBuilder createNewServerCodecSourceFile
정보: main project[sample_test]'s message server codec file[PublicKeyRes][D:\gitsinnori\sinnori\project\sample_test\client_build\web_build\src\main\java\kr\pe\sinnori\impl\message] creation task end
4월 11, 2018 6:00:16 오후 kr.pe.sinnori.common.buildsystem.ProjectBuilder createNewClientCodecSourceFile
정보: main project[sample_test]'s message client codec file[PublicKeyRes][D:\gitsinnori\sinnori\project\sample_test\client_build\web_build\src\main\java\kr\pe\sinnori\impl\message] creation task start
4월 11, 2018 6:00:16 오후 kr.pe.sinnori.common.buildsystem.ProjectBuilder createNewClientCodecSourceFile
정보: main project[sample_test]'s message client codec file[PublicKeyRes][D:\gitsinnori\sinnori\project\sample_test\client_build\web_build\src\main\java\kr\pe\sinnori\impl\message] creation task end
4월 11, 2018 6:00:16 오후 kr.pe.sinnori.common.buildsystem.ProjectBuilder createNewWebClientMessageIOFileSet
정보: main project[sample_test]'s web client message io file set creation task end
4월 11, 2018 6:00:16 오후 kr.pe.sinnori.common.buildsystem.ProjectBuilder copyWebClientSampleFiles
정보: mainproject[sample_test]'s web client sample source files copy task start
4월 11, 2018 6:00:16 오후 kr.pe.sinnori.common.buildsystem.ProjectBuilder copyWebClientSampleFiles
정보: mainproject[sample_test]'s web client sample source files copy task end
4월 11, 2018 6:00:16 오후 kr.pe.sinnori.common.buildsystem.ProjectBuilder createWebClientBuildSystemFiles
정보: main project[sample_test]'s web client build system files creation task end
4월 11, 2018 6:00:16 오후 kr.pe.sinnori.common.buildsystem.ProjectBuilder createWebRootChildDirectories
정보: main project[sample_test]'s web root child direcotry creation task start
4월 11, 2018 6:00:16 오후 kr.pe.sinnori.common.util.CommonStaticUtil createChildDirectoriesOfBasePath
정보: the child relative direcotry[D:\gitsinnori\sinnori\project\sample_test][web_app_base/upload] exist, so nothing
4월 11, 2018 6:00:16 오후 kr.pe.sinnori.common.util.CommonStaticUtil createChildDirectoriesOfBasePath
정보: the new child relative direcotry[D:\gitsinnori\sinnori\project\sample_test][web_app_base/ROOT/WEB-INF/classes] was created successfully
4월 11, 2018 6:00:16 오후 kr.pe.sinnori.common.util.CommonStaticUtil createChildDirectoriesOfBasePath
정보: the new child relative direcotry[D:\gitsinnori\sinnori\project\sample_test][web_app_base/ROOT/WEB-INF/lib] was created successfully
4월 11, 2018 6:00:16 오후 kr.pe.sinnori.common.buildsystem.ProjectBuilder createWebRootChildDirectories
정보: main project[sample_test]'s web root child direcotry creation task end
4월 11, 2018 6:00:16 오후 kr.pe.sinnori.common.buildsystem.ProjectBuilder createWebRootSampleFiles
정보: main project[sample_test]'s web root sample files creation task start
4월 11, 2018 6:00:16 오후 kr.pe.sinnori.common.buildsystem.ProjectBuilder copyWebRootSampleFiles
정보: main project[sample_test]'s web root sample files copy task start
4월 11, 2018 6:00:16 오후 kr.pe.sinnori.common.buildsystem.ProjectBuilder copyWebRootSampleFiles
정보: main project[sample_test]'s web root sample files copy task end
4월 11, 2018 6:00:16 오후 kr.pe.sinnori.common.buildsystem.ProjectBuilder createWebRootSampleFiles
정보: main project[sample_test]'s web root sample files creation task end
4월 11, 2018 6:00:16 오후 kr.pe.sinnori.common.buildsystem.ProjectBuilder overwriteSinnoriConfigFile
정보: main project[sample_test]'s config file overwrite task start
4월 11, 2018 6:00:16 오후 kr.pe.sinnori.common.buildsystem.ProjectBuilder overwriteSinnoriConfigFile
정보: main project[sample_test]'s config file overwrite task end
4월 11, 2018 6:00:16 오후 kr.pe.sinnori.common.buildsystem.ProjectBuilder changeProjectState
정보: main project[sample_test] changeProjectState method end
4월 11, 2018 6:00:16 오후 kr.pe.sinnori.common.buildsystem.ProjectBuilder isValidAppClientAntBuildXMLFile
정보: the app client ant build.xml file[D:\gitsinnori\sinnori\project\sample_test\client_build\app_build\build.xml] is bad :: whetherExist[false] isFile[false]
4월 11, 2018 6:00:16 오후 kr.pe.sinnori.common.buildsystem.ProjectBuilder changeProjectState
정보: main project[sample_test] changeProjectState method start
4월 11, 2018 6:00:16 오후 kr.pe.sinnori.common.buildsystem.ProjectBuilder changeProjectState
경고: the server build path[D:\gitsinnori\sinnori\project\sample_test\server_build] exist, so skip creation of server build system
4월 11, 2018 6:00:16 오후 kr.pe.sinnori.common.buildsystem.ProjectBuilder createAppBuildChildDirectories
정보: main project[sample_test]'s application build child direcotry creation task start
4월 11, 2018 6:00:16 오후 kr.pe.sinnori.common.util.CommonStaticUtil createChildDirectoriesOfBasePath
정보: the new child relative direcotry[D:\gitsinnori\sinnori\project\sample_test][client_build/app_build/corelib/ex] was created successfully
4월 11, 2018 6:00:16 오후 kr.pe.sinnori.common.util.CommonStaticUtil createChildDirectoriesOfBasePath
정보: the new child relative direcotry[D:\gitsinnori\sinnori\project\sample_test][client_build/app_build/corelib/in] was created successfully
4월 11, 2018 6:00:16 오후 kr.pe.sinnori.common.util.CommonStaticUtil createChildDirectoriesOfBasePath
정보: the new child relative direcotry[D:\gitsinnori\sinnori\project\sample_test][client_build/app_build/lib/main/ex] was created successfully
4월 11, 2018 6:00:16 오후 kr.pe.sinnori.common.util.CommonStaticUtil createChildDirectoriesOfBasePath
정보: the new child relative direcotry[D:\gitsinnori\sinnori\project\sample_test][client_build/app_build/lib/main/in] was created successfully
4월 11, 2018 6:00:16 오후 kr.pe.sinnori.common.util.CommonStaticUtil createChildDirectoriesOfBasePath
정보: the new child relative direcotry[D:\gitsinnori\sinnori\project\sample_test][client_build/app_build/lib/test] was created successfully
4월 11, 2018 6:00:16 오후 kr.pe.sinnori.common.util.CommonStaticUtil createChildDirectoriesOfBasePath
정보: the new child relative direcotry[D:\gitsinnori\sinnori\project\sample_test][client_build/app_build/src/main/java/kr/pe/sinnori/impl/message] was created successfully
4월 11, 2018 6:00:16 오후 kr.pe.sinnori.common.util.CommonStaticUtil createChildDirectoriesOfBasePath
정보: the new child relative direcotry[D:\gitsinnori\sinnori\project\sample_test][client_build/app_build/src/main/java/main] was created successfully
4월 11, 2018 6:00:16 오후 kr.pe.sinnori.common.util.CommonStaticUtil createChildDirectoriesOfBasePath
정보: the new child relative direcotry[D:\gitsinnori\sinnori\project\sample_test][client_build/app_build/src/test/java] was created successfully
4월 11, 2018 6:00:16 오후 kr.pe.sinnori.common.util.CommonStaticUtil createChildDirectoriesOfBasePath
정보: the new child relative direcotry[D:\gitsinnori\sinnori\project\sample_test][client_build/app_build/build] was created successfully
4월 11, 2018 6:00:16 오후 kr.pe.sinnori.common.util.CommonStaticUtil createChildDirectoriesOfBasePath
정보: the new child relative direcotry[D:\gitsinnori\sinnori\project\sample_test][client_build/app_build/dist] was created successfully
4월 11, 2018 6:00:16 오후 kr.pe.sinnori.common.buildsystem.ProjectBuilder createAppBuildChildDirectories
정보: main project[sample_test]'s application build child direcotry creation task end
4월 11, 2018 6:00:16 오후 kr.pe.sinnori.common.buildsystem.ProjectBuilder createAppClientBuildSystemFiles
정보: mainproject[sample_test]'s application client build system files creation task start
4월 11, 2018 6:00:16 오후 kr.pe.sinnori.common.buildsystem.ProjectBuilder createNewAppClientAntBuildXMLFile
정보: main project[sample_test]'s application client ant build.xml file creation task start
4월 11, 2018 6:00:16 오후 kr.pe.sinnori.common.buildsystem.ProjectBuilder createNewAppClientAntBuildXMLFile
정보: main project[sample_test]'s application client ant build.xml file creation task end
4월 11, 2018 6:00:16 오후 kr.pe.sinnori.common.buildsystem.ProjectBuilder createNewAppClientDosShellFile
정보: main project[sample_test]'s application client dos shell file creation task start
4월 11, 2018 6:00:16 오후 kr.pe.sinnori.common.buildsystem.ProjectBuilder createNewAppClientDosShellFile
정보: main project[sample_test]'s application client dos shell file creation task end
4월 11, 2018 6:00:16 오후 kr.pe.sinnori.common.buildsystem.ProjectBuilder createNewAppClientUnixShellFile
정보: main project[sample_test]'s application client unix shell file creation task start
4월 11, 2018 6:00:16 오후 kr.pe.sinnori.common.buildsystem.ProjectBuilder createNewAppClientUnixShellFile
정보: main project[sample_test]'s application client unix shell file creation task end
4월 11, 2018 6:00:16 오후 kr.pe.sinnori.common.buildsystem.ProjectBuilder copyAppClientSampleFiles
정보: application client sample source files copy task start
4월 11, 2018 6:00:16 오후 kr.pe.sinnori.common.buildsystem.ProjectBuilder copyAppClientSampleFiles
정보: application client sample source files copy task end
4월 11, 2018 6:00:16 오후 kr.pe.sinnori.common.buildsystem.ProjectBuilder createNewAppClientAllMessageIOFileSet
정보: main project[sample_test]'s application client message io file set creation task start
4월 11, 2018 6:00:16 오후 kr.pe.sinnori.common.util.CommonStaticUtil createChildDirectoriesOfBasePath
정보: the new child relative direcotry[D:\gitsinnori\sinnori\project\sample_test\client_build\app_build\src\main\java\kr\pe\sinnori\impl\message][Echo] was created successfully
4월 11, 2018 6:00:16 오후 kr.pe.sinnori.common.buildsystem.ProjectBuilder createNewMessageSourceFile
정보: main project[sample_test]'s message file[Echo][D:\gitsinnori\sinnori\project\sample_test\client_build\app_build\src\main\java\kr\pe\sinnori\impl\message] creation task start
4월 11, 2018 6:00:16 오후 kr.pe.sinnori.common.buildsystem.ProjectBuilder createNewMessageSourceFile
정보: main project[sample_test]'s message file[Echo][D:\gitsinnori\sinnori\project\sample_test\client_build\app_build\src\main\java\kr\pe\sinnori\impl\message] creation task end
4월 11, 2018 6:00:16 오후 kr.pe.sinnori.common.buildsystem.ProjectBuilder createNewDecoderSourceFile
정보: main project[sample_test]'s message decoder file[Echo][D:\gitsinnori\sinnori\project\sample_test\client_build\app_build\src\main\java\kr\pe\sinnori\impl\message] creation task start
4월 11, 2018 6:00:16 오후 kr.pe.sinnori.common.buildsystem.ProjectBuilder createNewDecoderSourceFile
정보: main project[sample_test]'s message decoder file[Echo][D:\gitsinnori\sinnori\project\sample_test\client_build\app_build\src\main\java\kr\pe\sinnori\impl\message] creation task end
4월 11, 2018 6:00:16 오후 kr.pe.sinnori.common.buildsystem.ProjectBuilder createNewEncoderSourceFile
정보: main project[sample_test]'s message encoder file[Echo][D:\gitsinnori\sinnori\project\sample_test\client_build\app_build\src\main\java\kr\pe\sinnori\impl\message] creation task start
4월 11, 2018 6:00:16 오후 kr.pe.sinnori.common.buildsystem.ProjectBuilder createNewEncoderSourceFile
정보: main project[sample_test]'s message encoder file[Echo][D:\gitsinnori\sinnori\project\sample_test\client_build\app_build\src\main\java\kr\pe\sinnori\impl\message] creation task end
4월 11, 2018 6:00:16 오후 kr.pe.sinnori.common.buildsystem.ProjectBuilder createNewServerCodecSourceFile
정보: main project[sample_test]'s message server codec file[Echo][D:\gitsinnori\sinnori\project\sample_test\client_build\app_build\src\main\java\kr\pe\sinnori\impl\message] creation task start
4월 11, 2018 6:00:16 오후 kr.pe.sinnori.common.buildsystem.ProjectBuilder createNewServerCodecSourceFile
정보: main project[sample_test]'s message server codec file[Echo][D:\gitsinnori\sinnori\project\sample_test\client_build\app_build\src\main\java\kr\pe\sinnori\impl\message] creation task end
4월 11, 2018 6:00:16 오후 kr.pe.sinnori.common.buildsystem.ProjectBuilder createNewClientCodecSourceFile
정보: main project[sample_test]'s message client codec file[Echo][D:\gitsinnori\sinnori\project\sample_test\client_build\app_build\src\main\java\kr\pe\sinnori\impl\message] creation task start
4월 11, 2018 6:00:16 오후 kr.pe.sinnori.common.buildsystem.ProjectBuilder createNewClientCodecSourceFile
정보: main project[sample_test]'s message client codec file[Echo][D:\gitsinnori\sinnori\project\sample_test\client_build\app_build\src\main\java\kr\pe\sinnori\impl\message] creation task end
4월 11, 2018 6:00:16 오후 kr.pe.sinnori.common.util.CommonStaticUtil createChildDirectoriesOfBasePath
정보: the new child relative direcotry[D:\gitsinnori\sinnori\project\sample_test\client_build\app_build\src\main\java\kr\pe\sinnori\impl\message][PublicKeyReq] was created successfully
4월 11, 2018 6:00:16 오후 kr.pe.sinnori.common.buildsystem.ProjectBuilder createNewMessageSourceFile
정보: main project[sample_test]'s message file[PublicKeyReq][D:\gitsinnori\sinnori\project\sample_test\client_build\app_build\src\main\java\kr\pe\sinnori\impl\message] creation task start
4월 11, 2018 6:00:16 오후 kr.pe.sinnori.common.buildsystem.ProjectBuilder createNewMessageSourceFile
정보: main project[sample_test]'s message file[PublicKeyReq][D:\gitsinnori\sinnori\project\sample_test\client_build\app_build\src\main\java\kr\pe\sinnori\impl\message] creation task end
4월 11, 2018 6:00:16 오후 kr.pe.sinnori.common.buildsystem.ProjectBuilder createNewDecoderSourceFile
정보: main project[sample_test]'s message decoder file[PublicKeyReq][D:\gitsinnori\sinnori\project\sample_test\client_build\app_build\src\main\java\kr\pe\sinnori\impl\message] creation task start
4월 11, 2018 6:00:16 오후 kr.pe.sinnori.common.buildsystem.ProjectBuilder createNewDecoderSourceFile
정보: main project[sample_test]'s message decoder file[PublicKeyReq][D:\gitsinnori\sinnori\project\sample_test\client_build\app_build\src\main\java\kr\pe\sinnori\impl\message] creation task end
4월 11, 2018 6:00:16 오후 kr.pe.sinnori.common.buildsystem.ProjectBuilder createNewEncoderSourceFile
정보: main project[sample_test]'s message encoder file[PublicKeyReq][D:\gitsinnori\sinnori\project\sample_test\client_build\app_build\src\main\java\kr\pe\sinnori\impl\message] creation task start
4월 11, 2018 6:00:16 오후 kr.pe.sinnori.common.buildsystem.ProjectBuilder createNewEncoderSourceFile
정보: main project[sample_test]'s message encoder file[PublicKeyReq][D:\gitsinnori\sinnori\project\sample_test\client_build\app_build\src\main\java\kr\pe\sinnori\impl\message] creation task end
4월 11, 2018 6:00:16 오후 kr.pe.sinnori.common.buildsystem.ProjectBuilder createNewServerCodecSourceFile
정보: main project[sample_test]'s message server codec file[PublicKeyReq][D:\gitsinnori\sinnori\project\sample_test\client_build\app_build\src\main\java\kr\pe\sinnori\impl\message] creation task start
4월 11, 2018 6:00:16 오후 kr.pe.sinnori.common.buildsystem.ProjectBuilder createNewServerCodecSourceFile
정보: main project[sample_test]'s message server codec file[PublicKeyReq][D:\gitsinnori\sinnori\project\sample_test\client_build\app_build\src\main\java\kr\pe\sinnori\impl\message] creation task end
4월 11, 2018 6:00:16 오후 kr.pe.sinnori.common.buildsystem.ProjectBuilder createNewClientCodecSourceFile
정보: main project[sample_test]'s message client codec file[PublicKeyReq][D:\gitsinnori\sinnori\project\sample_test\client_build\app_build\src\main\java\kr\pe\sinnori\impl\message] creation task start
4월 11, 2018 6:00:16 오후 kr.pe.sinnori.common.buildsystem.ProjectBuilder createNewClientCodecSourceFile
정보: main project[sample_test]'s message client codec file[PublicKeyReq][D:\gitsinnori\sinnori\project\sample_test\client_build\app_build\src\main\java\kr\pe\sinnori\impl\message] creation task end
4월 11, 2018 6:00:16 오후 kr.pe.sinnori.common.util.CommonStaticUtil createChildDirectoriesOfBasePath
정보: the new child relative direcotry[D:\gitsinnori\sinnori\project\sample_test\client_build\app_build\src\main\java\kr\pe\sinnori\impl\message][PublicKeyRes] was created successfully
4월 11, 2018 6:00:16 오후 kr.pe.sinnori.common.buildsystem.ProjectBuilder createNewMessageSourceFile
정보: main project[sample_test]'s message file[PublicKeyRes][D:\gitsinnori\sinnori\project\sample_test\client_build\app_build\src\main\java\kr\pe\sinnori\impl\message] creation task start
4월 11, 2018 6:00:16 오후 kr.pe.sinnori.common.buildsystem.ProjectBuilder createNewMessageSourceFile
정보: main project[sample_test]'s message file[PublicKeyRes][D:\gitsinnori\sinnori\project\sample_test\client_build\app_build\src\main\java\kr\pe\sinnori\impl\message] creation task end
4월 11, 2018 6:00:16 오후 kr.pe.sinnori.common.buildsystem.ProjectBuilder createNewDecoderSourceFile
정보: main project[sample_test]'s message decoder file[PublicKeyRes][D:\gitsinnori\sinnori\project\sample_test\client_build\app_build\src\main\java\kr\pe\sinnori\impl\message] creation task start
4월 11, 2018 6:00:16 오후 kr.pe.sinnori.common.buildsystem.ProjectBuilder createNewDecoderSourceFile
정보: main project[sample_test]'s message decoder file[PublicKeyRes][D:\gitsinnori\sinnori\project\sample_test\client_build\app_build\src\main\java\kr\pe\sinnori\impl\message] creation task end
4월 11, 2018 6:00:16 오후 kr.pe.sinnori.common.buildsystem.ProjectBuilder createNewEncoderSourceFile
정보: main project[sample_test]'s message encoder file[PublicKeyRes][D:\gitsinnori\sinnori\project\sample_test\client_build\app_build\src\main\java\kr\pe\sinnori\impl\message] creation task start
4월 11, 2018 6:00:16 오후 kr.pe.sinnori.common.buildsystem.ProjectBuilder createNewEncoderSourceFile
정보: main project[sample_test]'s message encoder file[PublicKeyRes][D:\gitsinnori\sinnori\project\sample_test\client_build\app_build\src\main\java\kr\pe\sinnori\impl\message] creation task end
4월 11, 2018 6:00:16 오후 kr.pe.sinnori.common.buildsystem.ProjectBuilder createNewServerCodecSourceFile
정보: main project[sample_test]'s message server codec file[PublicKeyRes][D:\gitsinnori\sinnori\project\sample_test\client_build\app_build\src\main\java\kr\pe\sinnori\impl\message] creation task start
4월 11, 2018 6:00:16 오후 kr.pe.sinnori.common.buildsystem.ProjectBuilder createNewServerCodecSourceFile
정보: main project[sample_test]'s message server codec file[PublicKeyRes][D:\gitsinnori\sinnori\project\sample_test\client_build\app_build\src\main\java\kr\pe\sinnori\impl\message] creation task end
4월 11, 2018 6:00:16 오후 kr.pe.sinnori.common.buildsystem.ProjectBuilder createNewClientCodecSourceFile
정보: main project[sample_test]'s message client codec file[PublicKeyRes][D:\gitsinnori\sinnori\project\sample_test\client_build\app_build\src\main\java\kr\pe\sinnori\impl\message] creation task start
4월 11, 2018 6:00:16 오후 kr.pe.sinnori.common.buildsystem.ProjectBuilder createNewClientCodecSourceFile
정보: main project[sample_test]'s message client codec file[PublicKeyRes][D:\gitsinnori\sinnori\project\sample_test\client_build\app_build\src\main\java\kr\pe\sinnori\impl\message] creation task end
4월 11, 2018 6:00:16 오후 kr.pe.sinnori.common.buildsystem.ProjectBuilder createNewAppClientAllMessageIOFileSet
정보: main project[sample_test]'s application client message io file set creation task end
4월 11, 2018 6:00:16 오후 kr.pe.sinnori.common.buildsystem.ProjectBuilder createAppClientBuildSystemFiles
정보: mainproject[sample_test]'s application client build system files creation task end
4월 11, 2018 6:00:16 오후 kr.pe.sinnori.common.buildsystem.ProjectBuilder deleteWebCientBuildPath
정보: main project[sample_test]'s web client build path deletion task start
4월 11, 2018 6:00:16 오후 kr.pe.sinnori.common.buildsystem.ProjectBuilder deleteWebCientBuildPath
정보: main project[sample_test]'s web client build path deletion task end
4월 11, 2018 6:00:16 오후 kr.pe.sinnori.common.buildsystem.ProjectBuilder deleteWebRoot
정보: main project[sample_test]'s web root path deletion task start
4월 11, 2018 6:00:16 오후 kr.pe.sinnori.common.buildsystem.ProjectBuilder deleteWebRoot
정보: main project[sample_test]'s web root path deletion task end
4월 11, 2018 6:00:16 오후 kr.pe.sinnori.common.buildsystem.ProjectBuilder overwriteSinnoriConfigFile
정보: main project[sample_test]'s config file overwrite task start
4월 11, 2018 6:00:16 오후 kr.pe.sinnori.common.buildsystem.ProjectBuilder overwriteSinnoriConfigFile
정보: main project[sample_test]'s config file overwrite task end
4월 11, 2018 6:00:16 오후 kr.pe.sinnori.common.buildsystem.ProjectBuilder changeProjectState
정보: main project[sample_test] changeProjectState method end
4월 11, 2018 6:00:16 오후 kr.pe.sinnori.common.buildsystem.ProjectBuilder isValidWebClientAntBuildXMLFile
정보: the web client ant build.xml file[D:\gitsinnori\sinnori\project\sample_test\client_build\web_build\build.xml] is bad :: whetherExist[false] isFile[false]
4월 11, 2018 6:00:16 오후 kr.pe.sinnori.common.buildsystem.ProjectBuilder isValidWebRootXMLFile
정보: the web.xml file[D:\gitsinnori\sinnori\project\sample_test\web_app_base\ROOT\WEB-INF\web.xml] located at web root directory is bad :: whetherExist[false] isFile[false]
4월 11, 2018 6:00:16 오후 kr.pe.sinnori.common.buildsystem.ProjectBuilder changeProjectState
정보: main project[sample_test] changeProjectState method start
4월 11, 2018 6:00:16 오후 kr.pe.sinnori.common.buildsystem.ProjectBuilder changeProjectState
경고: the server build path[D:\gitsinnori\sinnori\project\sample_test\server_build] exist, so skip creation of server build system
4월 11, 2018 6:00:16 오후 kr.pe.sinnori.common.buildsystem.ProjectBuilder changeProjectState
경고: the app client build path[D:\gitsinnori\sinnori\project\sample_test\client_build\app_build] exist, so skip creation of app client build system
4월 11, 2018 6:00:16 오후 kr.pe.sinnori.common.buildsystem.ProjectBuilder createWebBuildChildDirectories
정보: main project[sample_test]'s web build child direcotry creation task start
4월 11, 2018 6:00:16 오후 kr.pe.sinnori.common.util.CommonStaticUtil createChildDirectoriesOfBasePath
정보: the new child relative direcotry[D:\gitsinnori\sinnori\project\sample_test][client_build/web_build/corelib/ex] was created successfully
4월 11, 2018 6:00:16 오후 kr.pe.sinnori.common.util.CommonStaticUtil createChildDirectoriesOfBasePath
정보: the new child relative direcotry[D:\gitsinnori\sinnori\project\sample_test][client_build/web_build/corelib/in] was created successfully
4월 11, 2018 6:00:16 오후 kr.pe.sinnori.common.util.CommonStaticUtil createChildDirectoriesOfBasePath
정보: the new child relative direcotry[D:\gitsinnori\sinnori\project\sample_test][client_build/web_build/lib/main/ex] was created successfully
4월 11, 2018 6:00:16 오후 kr.pe.sinnori.common.util.CommonStaticUtil createChildDirectoriesOfBasePath
정보: the new child relative direcotry[D:\gitsinnori\sinnori\project\sample_test][client_build/web_build/lib/main/in] was created successfully
4월 11, 2018 6:00:16 오후 kr.pe.sinnori.common.util.CommonStaticUtil createChildDirectoriesOfBasePath
정보: the new child relative direcotry[D:\gitsinnori\sinnori\project\sample_test][client_build/web_build/lib/test] was created successfully
4월 11, 2018 6:00:16 오후 kr.pe.sinnori.common.util.CommonStaticUtil createChildDirectoriesOfBasePath
정보: the new child relative direcotry[D:\gitsinnori\sinnori\project\sample_test][client_build/web_build/src/main/java/kr/pe/sinnori/impl/message] was created successfully
4월 11, 2018 6:00:16 오후 kr.pe.sinnori.common.util.CommonStaticUtil createChildDirectoriesOfBasePath
정보: the new child relative direcotry[D:\gitsinnori\sinnori\project\sample_test][client_build/web_build/src/main/java//kr/pe/sinnori/servlet] was created successfully
4월 11, 2018 6:00:16 오후 kr.pe.sinnori.common.util.CommonStaticUtil createChildDirectoriesOfBasePath
정보: the new child relative direcotry[D:\gitsinnori\sinnori\project\sample_test][client_build/web_build/src/main/java/kr/pe/sinnori/weblib/common] was created successfully
4월 11, 2018 6:00:16 오후 kr.pe.sinnori.common.util.CommonStaticUtil createChildDirectoriesOfBasePath
정보: the new child relative direcotry[D:\gitsinnori\sinnori\project\sample_test][client_build/web_build/src/main/java/kr/pe/sinnori/weblib/htmlstring] was created successfully
4월 11, 2018 6:00:16 오후 kr.pe.sinnori.common.util.CommonStaticUtil createChildDirectoriesOfBasePath
정보: the new child relative direcotry[D:\gitsinnori\sinnori\project\sample_test][client_build/web_build/src/main/java/kr/pe/sinnori/weblib/jdf] was created successfully
4월 11, 2018 6:00:16 오후 kr.pe.sinnori.common.util.CommonStaticUtil createChildDirectoriesOfBasePath
정보: the new child relative direcotry[D:\gitsinnori\sinnori\project\sample_test][client_build/web_build/src/test/java] was created successfully
4월 11, 2018 6:00:16 오후 kr.pe.sinnori.common.util.CommonStaticUtil createChildDirectoriesOfBasePath
정보: the new child relative direcotry[D:\gitsinnori\sinnori\project\sample_test][client_build/web_build/build] was created successfully
4월 11, 2018 6:00:16 오후 kr.pe.sinnori.common.util.CommonStaticUtil createChildDirectoriesOfBasePath
정보: the new child relative direcotry[D:\gitsinnori\sinnori\project\sample_test][client_build/web_build/dist] was created successfully
4월 11, 2018 6:00:16 오후 kr.pe.sinnori.common.buildsystem.ProjectBuilder createWebBuildChildDirectories
정보: main project[sample_test]'s web build child direcotry creation task end
4월 11, 2018 6:00:16 오후 kr.pe.sinnori.common.buildsystem.ProjectBuilder createWebClientBuildSystemFiles
정보: main project[sample_test]'s web client build system files creation task start
4월 11, 2018 6:00:16 오후 kr.pe.sinnori.common.buildsystem.ProjectBuilder createNewWebClientAntBuildFile
정보: main project[sample_test]'s web client ant build.xml file creation task start
4월 11, 2018 6:00:16 오후 kr.pe.sinnori.common.buildsystem.ProjectBuilder createNewWebClientAntBuildFile
정보: main project[sample_test]'s web client ant build.xml file creation task end
4월 11, 2018 6:00:16 오후 kr.pe.sinnori.common.buildsystem.ProjectBuilder createNewWebClientAntPropertiesFile
정보: main project[sample_test]'s web client ant properties file creation task start
4월 11, 2018 6:00:16 오후 kr.pe.sinnori.common.util.SequencedPropertiesUtil createNewSequencedPropertiesFile
정보: the sequenced properties file[D:\gitsinnori\sinnori\project\sample_test\client_build\web_build\webAnt.properties] was created
4월 11, 2018 6:00:16 오후 kr.pe.sinnori.common.buildsystem.ProjectBuilder createNewWebClientAntPropertiesFile
정보: main project[sample_test]'s web client ant properties file creation task end
4월 11, 2018 6:00:16 오후 kr.pe.sinnori.common.buildsystem.ProjectBuilder createNewWebClientMessageIOFileSet
정보: main project[sample_test]'s web client message io file set creation task start
4월 11, 2018 6:00:16 오후 kr.pe.sinnori.common.util.CommonStaticUtil createChildDirectoriesOfBasePath
정보: the new child relative direcotry[D:\gitsinnori\sinnori\project\sample_test\client_build\web_build\src\main\java\kr\pe\sinnori\impl\message][Echo] was created successfully
4월 11, 2018 6:00:16 오후 kr.pe.sinnori.common.buildsystem.ProjectBuilder createNewMessageSourceFile
정보: main project[sample_test]'s message file[Echo][D:\gitsinnori\sinnori\project\sample_test\client_build\web_build\src\main\java\kr\pe\sinnori\impl\message] creation task start
4월 11, 2018 6:00:16 오후 kr.pe.sinnori.common.buildsystem.ProjectBuilder createNewMessageSourceFile
정보: main project[sample_test]'s message file[Echo][D:\gitsinnori\sinnori\project\sample_test\client_build\web_build\src\main\java\kr\pe\sinnori\impl\message] creation task end
4월 11, 2018 6:00:16 오후 kr.pe.sinnori.common.buildsystem.ProjectBuilder createNewDecoderSourceFile
정보: main project[sample_test]'s message decoder file[Echo][D:\gitsinnori\sinnori\project\sample_test\client_build\web_build\src\main\java\kr\pe\sinnori\impl\message] creation task start
4월 11, 2018 6:00:16 오후 kr.pe.sinnori.common.buildsystem.ProjectBuilder createNewDecoderSourceFile
정보: main project[sample_test]'s message decoder file[Echo][D:\gitsinnori\sinnori\project\sample_test\client_build\web_build\src\main\java\kr\pe\sinnori\impl\message] creation task end
4월 11, 2018 6:00:16 오후 kr.pe.sinnori.common.buildsystem.ProjectBuilder createNewEncoderSourceFile
정보: main project[sample_test]'s message encoder file[Echo][D:\gitsinnori\sinnori\project\sample_test\client_build\web_build\src\main\java\kr\pe\sinnori\impl\message] creation task start
4월 11, 2018 6:00:16 오후 kr.pe.sinnori.common.buildsystem.ProjectBuilder createNewEncoderSourceFile
정보: main project[sample_test]'s message encoder file[Echo][D:\gitsinnori\sinnori\project\sample_test\client_build\web_build\src\main\java\kr\pe\sinnori\impl\message] creation task end
4월 11, 2018 6:00:16 오후 kr.pe.sinnori.common.buildsystem.ProjectBuilder createNewServerCodecSourceFile
정보: main project[sample_test]'s message server codec file[Echo][D:\gitsinnori\sinnori\project\sample_test\client_build\web_build\src\main\java\kr\pe\sinnori\impl\message] creation task start
4월 11, 2018 6:00:16 오후 kr.pe.sinnori.common.buildsystem.ProjectBuilder createNewServerCodecSourceFile
정보: main project[sample_test]'s message server codec file[Echo][D:\gitsinnori\sinnori\project\sample_test\client_build\web_build\src\main\java\kr\pe\sinnori\impl\message] creation task end
4월 11, 2018 6:00:16 오후 kr.pe.sinnori.common.buildsystem.ProjectBuilder createNewClientCodecSourceFile
정보: main project[sample_test]'s message client codec file[Echo][D:\gitsinnori\sinnori\project\sample_test\client_build\web_build\src\main\java\kr\pe\sinnori\impl\message] creation task start
4월 11, 2018 6:00:16 오후 kr.pe.sinnori.common.buildsystem.ProjectBuilder createNewClientCodecSourceFile
정보: main project[sample_test]'s message client codec file[Echo][D:\gitsinnori\sinnori\project\sample_test\client_build\web_build\src\main\java\kr\pe\sinnori\impl\message] creation task end
4월 11, 2018 6:00:16 오후 kr.pe.sinnori.common.util.CommonStaticUtil createChildDirectoriesOfBasePath
정보: the new child relative direcotry[D:\gitsinnori\sinnori\project\sample_test\client_build\web_build\src\main\java\kr\pe\sinnori\impl\message][PublicKeyReq] was created successfully
4월 11, 2018 6:00:16 오후 kr.pe.sinnori.common.buildsystem.ProjectBuilder createNewMessageSourceFile
정보: main project[sample_test]'s message file[PublicKeyReq][D:\gitsinnori\sinnori\project\sample_test\client_build\web_build\src\main\java\kr\pe\sinnori\impl\message] creation task start
4월 11, 2018 6:00:16 오후 kr.pe.sinnori.common.buildsystem.ProjectBuilder createNewMessageSourceFile
정보: main project[sample_test]'s message file[PublicKeyReq][D:\gitsinnori\sinnori\project\sample_test\client_build\web_build\src\main\java\kr\pe\sinnori\impl\message] creation task end
4월 11, 2018 6:00:16 오후 kr.pe.sinnori.common.buildsystem.ProjectBuilder createNewDecoderSourceFile
정보: main project[sample_test]'s message decoder file[PublicKeyReq][D:\gitsinnori\sinnori\project\sample_test\client_build\web_build\src\main\java\kr\pe\sinnori\impl\message] creation task start
4월 11, 2018 6:00:16 오후 kr.pe.sinnori.common.buildsystem.ProjectBuilder createNewDecoderSourceFile
정보: main project[sample_test]'s message decoder file[PublicKeyReq][D:\gitsinnori\sinnori\project\sample_test\client_build\web_build\src\main\java\kr\pe\sinnori\impl\message] creation task end
4월 11, 2018 6:00:16 오후 kr.pe.sinnori.common.buildsystem.ProjectBuilder createNewEncoderSourceFile
정보: main project[sample_test]'s message encoder file[PublicKeyReq][D:\gitsinnori\sinnori\project\sample_test\client_build\web_build\src\main\java\kr\pe\sinnori\impl\message] creation task start
4월 11, 2018 6:00:17 오후 kr.pe.sinnori.common.buildsystem.ProjectBuilder createNewEncoderSourceFile
정보: main project[sample_test]'s message encoder file[PublicKeyReq][D:\gitsinnori\sinnori\project\sample_test\client_build\web_build\src\main\java\kr\pe\sinnori\impl\message] creation task end
4월 11, 2018 6:00:17 오후 kr.pe.sinnori.common.buildsystem.ProjectBuilder createNewServerCodecSourceFile
정보: main project[sample_test]'s message server codec file[PublicKeyReq][D:\gitsinnori\sinnori\project\sample_test\client_build\web_build\src\main\java\kr\pe\sinnori\impl\message] creation task start
4월 11, 2018 6:00:17 오후 kr.pe.sinnori.common.buildsystem.ProjectBuilder createNewServerCodecSourceFile
정보: main project[sample_test]'s message server codec file[PublicKeyReq][D:\gitsinnori\sinnori\project\sample_test\client_build\web_build\src\main\java\kr\pe\sinnori\impl\message] creation task end
4월 11, 2018 6:00:17 오후 kr.pe.sinnori.common.buildsystem.ProjectBuilder createNewClientCodecSourceFile
정보: main project[sample_test]'s message client codec file[PublicKeyReq][D:\gitsinnori\sinnori\project\sample_test\client_build\web_build\src\main\java\kr\pe\sinnori\impl\message] creation task start
4월 11, 2018 6:00:17 오후 kr.pe.sinnori.common.buildsystem.ProjectBuilder createNewClientCodecSourceFile
정보: main project[sample_test]'s message client codec file[PublicKeyReq][D:\gitsinnori\sinnori\project\sample_test\client_build\web_build\src\main\java\kr\pe\sinnori\impl\message] creation task end
4월 11, 2018 6:00:17 오후 kr.pe.sinnori.common.util.CommonStaticUtil createChildDirectoriesOfBasePath
정보: the new child relative direcotry[D:\gitsinnori\sinnori\project\sample_test\client_build\web_build\src\main\java\kr\pe\sinnori\impl\message][PublicKeyRes] was created successfully
4월 11, 2018 6:00:17 오후 kr.pe.sinnori.common.buildsystem.ProjectBuilder createNewMessageSourceFile
정보: main project[sample_test]'s message file[PublicKeyRes][D:\gitsinnori\sinnori\project\sample_test\client_build\web_build\src\main\java\kr\pe\sinnori\impl\message] creation task start
4월 11, 2018 6:00:17 오후 kr.pe.sinnori.common.buildsystem.ProjectBuilder createNewMessageSourceFile
정보: main project[sample_test]'s message file[PublicKeyRes][D:\gitsinnori\sinnori\project\sample_test\client_build\web_build\src\main\java\kr\pe\sinnori\impl\message] creation task end
4월 11, 2018 6:00:17 오후 kr.pe.sinnori.common.buildsystem.ProjectBuilder createNewDecoderSourceFile
정보: main project[sample_test]'s message decoder file[PublicKeyRes][D:\gitsinnori\sinnori\project\sample_test\client_build\web_build\src\main\java\kr\pe\sinnori\impl\message] creation task start
4월 11, 2018 6:00:17 오후 kr.pe.sinnori.common.buildsystem.ProjectBuilder createNewDecoderSourceFile
정보: main project[sample_test]'s message decoder file[PublicKeyRes][D:\gitsinnori\sinnori\project\sample_test\client_build\web_build\src\main\java\kr\pe\sinnori\impl\message] creation task end
4월 11, 2018 6:00:17 오후 kr.pe.sinnori.common.buildsystem.ProjectBuilder createNewEncoderSourceFile
정보: main project[sample_test]'s message encoder file[PublicKeyRes][D:\gitsinnori\sinnori\project\sample_test\client_build\web_build\src\main\java\kr\pe\sinnori\impl\message] creation task start
4월 11, 2018 6:00:17 오후 kr.pe.sinnori.common.buildsystem.ProjectBuilder createNewEncoderSourceFile
정보: main project[sample_test]'s message encoder file[PublicKeyRes][D:\gitsinnori\sinnori\project\sample_test\client_build\web_build\src\main\java\kr\pe\sinnori\impl\message] creation task end
4월 11, 2018 6:00:17 오후 kr.pe.sinnori.common.buildsystem.ProjectBuilder createNewServerCodecSourceFile
정보: main project[sample_test]'s message server codec file[PublicKeyRes][D:\gitsinnori\sinnori\project\sample_test\client_build\web_build\src\main\java\kr\pe\sinnori\impl\message] creation task start
4월 11, 2018 6:00:17 오후 kr.pe.sinnori.common.buildsystem.ProjectBuilder createNewServerCodecSourceFile
정보: main project[sample_test]'s message server codec file[PublicKeyRes][D:\gitsinnori\sinnori\project\sample_test\client_build\web_build\src\main\java\kr\pe\sinnori\impl\message] creation task end
4월 11, 2018 6:00:17 오후 kr.pe.sinnori.common.buildsystem.ProjectBuilder createNewClientCodecSourceFile
정보: main project[sample_test]'s message client codec file[PublicKeyRes][D:\gitsinnori\sinnori\project\sample_test\client_build\web_build\src\main\java\kr\pe\sinnori\impl\message] creation task start
4월 11, 2018 6:00:17 오후 kr.pe.sinnori.common.buildsystem.ProjectBuilder createNewClientCodecSourceFile
정보: main project[sample_test]'s message client codec file[PublicKeyRes][D:\gitsinnori\sinnori\project\sample_test\client_build\web_build\src\main\java\kr\pe\sinnori\impl\message] creation task end
4월 11, 2018 6:00:17 오후 kr.pe.sinnori.common.buildsystem.ProjectBuilder createNewWebClientMessageIOFileSet
정보: main project[sample_test]'s web client message io file set creation task end
4월 11, 2018 6:00:17 오후 kr.pe.sinnori.common.buildsystem.ProjectBuilder copyWebClientSampleFiles
정보: mainproject[sample_test]'s web client sample source files copy task start
4월 11, 2018 6:00:17 오후 kr.pe.sinnori.common.buildsystem.ProjectBuilder copyWebClientSampleFiles
정보: mainproject[sample_test]'s web client sample source files copy task end
4월 11, 2018 6:00:17 오후 kr.pe.sinnori.common.buildsystem.ProjectBuilder createWebClientBuildSystemFiles
정보: main project[sample_test]'s web client build system files creation task end
4월 11, 2018 6:00:17 오후 kr.pe.sinnori.common.buildsystem.ProjectBuilder createWebRootChildDirectories
정보: main project[sample_test]'s web root child direcotry creation task start
4월 11, 2018 6:00:17 오후 kr.pe.sinnori.common.util.CommonStaticUtil createChildDirectoriesOfBasePath
정보: the child relative direcotry[D:\gitsinnori\sinnori\project\sample_test][web_app_base/upload] exist, so nothing
4월 11, 2018 6:00:17 오후 kr.pe.sinnori.common.util.CommonStaticUtil createChildDirectoriesOfBasePath
정보: the new child relative direcotry[D:\gitsinnori\sinnori\project\sample_test][web_app_base/ROOT/WEB-INF/classes] was created successfully
4월 11, 2018 6:00:17 오후 kr.pe.sinnori.common.util.CommonStaticUtil createChildDirectoriesOfBasePath
정보: the new child relative direcotry[D:\gitsinnori\sinnori\project\sample_test][web_app_base/ROOT/WEB-INF/lib] was created successfully
4월 11, 2018 6:00:17 오후 kr.pe.sinnori.common.buildsystem.ProjectBuilder createWebRootChildDirectories
정보: main project[sample_test]'s web root child direcotry creation task end
4월 11, 2018 6:00:17 오후 kr.pe.sinnori.common.buildsystem.ProjectBuilder createWebRootSampleFiles
정보: main project[sample_test]'s web root sample files creation task start
4월 11, 2018 6:00:17 오후 kr.pe.sinnori.common.buildsystem.ProjectBuilder copyWebRootSampleFiles
정보: main project[sample_test]'s web root sample files copy task start
4월 11, 2018 6:00:17 오후 kr.pe.sinnori.common.buildsystem.ProjectBuilder copyWebRootSampleFiles
정보: main project[sample_test]'s web root sample files copy task end
4월 11, 2018 6:00:17 오후 kr.pe.sinnori.common.buildsystem.ProjectBuilder createWebRootSampleFiles
정보: main project[sample_test]'s web root sample files creation task end
4월 11, 2018 6:00:17 오후 kr.pe.sinnori.common.buildsystem.ProjectBuilder overwriteSinnoriConfigFile
정보: main project[sample_test]'s config file overwrite task start
4월 11, 2018 6:00:17 오후 kr.pe.sinnori.common.buildsystem.ProjectBuilder overwriteSinnoriConfigFile
정보: main project[sample_test]'s config file overwrite task end
4월 11, 2018 6:00:17 오후 kr.pe.sinnori.common.buildsystem.ProjectBuilder changeProjectState
정보: main project[sample_test] changeProjectState method end
4월 11, 2018 6:00:17 오후 kr.pe.sinnori.common.buildsystem.ProjectBuilder createChildDirectories
정보: main project[sample_test]'s child direcotry creation task start
4월 11, 2018 6:00:17 오후 kr.pe.sinnori.common.buildsystem.ProjectBuilder createCommonChildDirectories
정보: main project[sample_test]'s common child direcotry creation task start
4월 11, 2018 6:00:17 오후 kr.pe.sinnori.common.util.CommonStaticUtil createChildDirectoriesOfBasePath
정보: the new child relative direcotry[D:\gitsinnori\sinnori\project\sample_test][config] was created successfully
4월 11, 2018 6:00:17 오후 kr.pe.sinnori.common.util.CommonStaticUtil createChildDirectoriesOfBasePath
정보: the new child relative direcotry[D:\gitsinnori\sinnori\project\sample_test][resources/dbcp] was created successfully
4월 11, 2018 6:00:17 오후 kr.pe.sinnori.common.util.CommonStaticUtil createChildDirectoriesOfBasePath
정보: the new child relative direcotry[D:\gitsinnori\sinnori\project\sample_test][resources/message_info] was created successfully
4월 11, 2018 6:00:17 오후 kr.pe.sinnori.common.util.CommonStaticUtil createChildDirectoriesOfBasePath
정보: the new child relative direcotry[D:\gitsinnori\sinnori\project\sample_test][resources/rsa_keypair] was created successfully
4월 11, 2018 6:00:17 오후 kr.pe.sinnori.common.util.CommonStaticUtil createChildDirectoriesOfBasePath
정보: the new child relative direcotry[D:\gitsinnori\sinnori\project\sample_test][log/apache] was created successfully
4월 11, 2018 6:00:17 오후 kr.pe.sinnori.common.util.CommonStaticUtil createChildDirectoriesOfBasePath
정보: the new child relative direcotry[D:\gitsinnori\sinnori\project\sample_test][log/client] was created successfully
4월 11, 2018 6:00:17 오후 kr.pe.sinnori.common.util.CommonStaticUtil createChildDirectoriesOfBasePath
정보: the new child relative direcotry[D:\gitsinnori\sinnori\project\sample_test][log/server] was created successfully
4월 11, 2018 6:00:17 오후 kr.pe.sinnori.common.util.CommonStaticUtil createChildDirectoriesOfBasePath
정보: the new child relative direcotry[D:\gitsinnori\sinnori\project\sample_test][log/servlet] was created successfully
4월 11, 2018 6:00:17 오후 kr.pe.sinnori.common.buildsystem.ProjectBuilder createCommonChildDirectories
정보: main project[sample_test]'s common child direcotry creation task end
4월 11, 2018 6:00:17 오후 kr.pe.sinnori.common.buildsystem.ProjectBuilder createServerBuildChildDirectories
정보: main project[sample_test]'s server child direcotry creation task start
4월 11, 2018 6:00:17 오후 kr.pe.sinnori.common.util.CommonStaticUtil createChildDirectoriesOfBasePath
정보: the new child relative direcotry[D:\gitsinnori\sinnori\project\sample_test][server_build/APP-INF/classes] was created successfully
4월 11, 2018 6:00:17 오후 kr.pe.sinnori.common.util.CommonStaticUtil createChildDirectoriesOfBasePath
정보: the new child relative direcotry[D:\gitsinnori\sinnori\project\sample_test][server_build/corelib/ex] was created successfully
4월 11, 2018 6:00:17 오후 kr.pe.sinnori.common.util.CommonStaticUtil createChildDirectoriesOfBasePath
정보: the new child relative direcotry[D:\gitsinnori\sinnori\project\sample_test][server_build/corelib/in] was created successfully
4월 11, 2018 6:00:17 오후 kr.pe.sinnori.common.util.CommonStaticUtil createChildDirectoriesOfBasePath
정보: the new child relative direcotry[D:\gitsinnori\sinnori\project\sample_test][server_build/lib/main/ex] was created successfully
4월 11, 2018 6:00:17 오후 kr.pe.sinnori.common.util.CommonStaticUtil createChildDirectoriesOfBasePath
정보: the new child relative direcotry[D:\gitsinnori\sinnori\project\sample_test][server_build/lib/main/in] was created successfully
4월 11, 2018 6:00:17 오후 kr.pe.sinnori.common.util.CommonStaticUtil createChildDirectoriesOfBasePath
정보: the new child relative direcotry[D:\gitsinnori\sinnori\project\sample_test][server_build/lib/test] was created successfully
4월 11, 2018 6:00:17 오후 kr.pe.sinnori.common.util.CommonStaticUtil createChildDirectoriesOfBasePath
정보: the new child relative direcotry[D:\gitsinnori\sinnori\project\sample_test][server_build/src/main/java/kr/pe/sinnori/impl/servertask] was created successfully
4월 11, 2018 6:00:17 오후 kr.pe.sinnori.common.util.CommonStaticUtil createChildDirectoriesOfBasePath
정보: the new child relative direcotry[D:\gitsinnori\sinnori\project\sample_test][server_build/src/main/java/kr/pe/sinnori/impl/message] was created successfully
4월 11, 2018 6:00:17 오후 kr.pe.sinnori.common.util.CommonStaticUtil createChildDirectoriesOfBasePath
정보: the new child relative direcotry[D:\gitsinnori\sinnori\project\sample_test][server_build/src/main/java/main] was created successfully
4월 11, 2018 6:00:17 오후 kr.pe.sinnori.common.util.CommonStaticUtil createChildDirectoriesOfBasePath
정보: the new child relative direcotry[D:\gitsinnori\sinnori\project\sample_test][server_build/src/test/java] was created successfully
4월 11, 2018 6:00:17 오후 kr.pe.sinnori.common.util.CommonStaticUtil createChildDirectoriesOfBasePath
정보: the new child relative direcotry[D:\gitsinnori\sinnori\project\sample_test][server_build/build] was created successfully
4월 11, 2018 6:00:17 오후 kr.pe.sinnori.common.util.CommonStaticUtil createChildDirectoriesOfBasePath
정보: the new child relative direcotry[D:\gitsinnori\sinnori\project\sample_test][server_build/dist] was created successfully
4월 11, 2018 6:00:17 오후 kr.pe.sinnori.common.buildsystem.ProjectBuilder createServerBuildChildDirectories
정보: main project[sample_test]'s server child direcotry creation task end
4월 11, 2018 6:00:17 오후 kr.pe.sinnori.common.buildsystem.ProjectBuilder createChildDirectories
정보: main project[sample_test]'s child direcotry creation task end
4월 11, 2018 6:00:17 오후 kr.pe.sinnori.common.buildsystem.ProjectBuilder createFiles
정보: main project[sample_test]'s file creation task start
4월 11, 2018 6:00:17 오후 kr.pe.sinnori.common.buildsystem.ProjectBuilder createNewSinnoriConfigFile
정보: main project[sample_test]'s config file creation task start
4월 11, 2018 6:00:17 오후 kr.pe.sinnori.common.util.SequencedPropertiesUtil createNewSequencedPropertiesFile
정보: the sequenced properties file[D:\gitsinnori\sinnori\project\sample_test\config\sinnori.properties] was created
4월 11, 2018 6:00:17 오후 kr.pe.sinnori.common.buildsystem.ProjectBuilder createNewSinnoriConfigFile
정보: main project[sample_test]'s config file creation task end
4월 11, 2018 6:00:17 오후 kr.pe.sinnori.common.buildsystem.ProjectBuilder copySampleFilesToResoruces
정보: the mainproject[sample_test]'s resources directory copy task start
4월 11, 2018 6:00:17 오후 kr.pe.sinnori.common.buildsystem.ProjectBuilder copySampleFilesToResoruces
정보: the mainproject[sample_test]'s resources directory copy task end
4월 11, 2018 6:00:17 오후 kr.pe.sinnori.common.buildsystem.ProjectBuilder createServerBuildSystemFiles
정보: server build system files creation task start
4월 11, 2018 6:00:17 오후 kr.pe.sinnori.common.buildsystem.ProjectBuilder createNewServerAntBuildXMLFile
정보: main project[sample_test]'s server ant build.xml file creation task start
4월 11, 2018 6:00:17 오후 kr.pe.sinnori.common.buildsystem.ProjectBuilder createNewServerAntBuildXMLFile
정보: main project[sample_test]'s server ant build.xml file creation task end
4월 11, 2018 6:00:17 오후 kr.pe.sinnori.common.buildsystem.ProjectBuilder createNewServerDosShellFile
정보: main project[sample_test]'s server dos shell file creation task start
4월 11, 2018 6:00:17 오후 kr.pe.sinnori.common.buildsystem.ProjectBuilder createNewServerDosShellFile
정보: main project[sample_test]'s server dos shell file creation task end
4월 11, 2018 6:00:17 오후 kr.pe.sinnori.common.buildsystem.ProjectBuilder createNewServerUnixShellFile
정보: main project[sample_test]'s server unix shell file creation task start
4월 11, 2018 6:00:17 오후 kr.pe.sinnori.common.buildsystem.ProjectBuilder createNewServerUnixShellFile
정보: main project[sample_test]'s server unix shell file creation task end
4월 11, 2018 6:00:17 오후 kr.pe.sinnori.common.buildsystem.ProjectBuilder copyServerSampleFiles
정보: server sample source files copy task start
4월 11, 2018 6:00:17 오후 kr.pe.sinnori.common.buildsystem.ProjectBuilder copyServerSampleFiles
정보: server sample source files copy task end
4월 11, 2018 6:00:17 오후 kr.pe.sinnori.common.buildsystem.ProjectBuilder createServerMessageIOFileSet
정보: main project[sample_test]'s server message io file set creation task start
4월 11, 2018 6:00:17 오후 kr.pe.sinnori.common.util.CommonStaticUtil createChildDirectoriesOfBasePath
정보: the new child relative direcotry[D:\gitsinnori\sinnori\project\sample_test\server_build\src\main\java\kr\pe\sinnori\impl\message][Echo] was created successfully
4월 11, 2018 6:00:17 오후 kr.pe.sinnori.common.buildsystem.ProjectBuilder createNewMessageSourceFile
정보: main project[sample_test]'s message file[Echo][D:\gitsinnori\sinnori\project\sample_test\server_build\src\main\java\kr\pe\sinnori\impl\message] creation task start
4월 11, 2018 6:00:17 오후 kr.pe.sinnori.common.buildsystem.ProjectBuilder createNewMessageSourceFile
정보: main project[sample_test]'s message file[Echo][D:\gitsinnori\sinnori\project\sample_test\server_build\src\main\java\kr\pe\sinnori\impl\message] creation task end
4월 11, 2018 6:00:17 오후 kr.pe.sinnori.common.buildsystem.ProjectBuilder createNewDecoderSourceFile
정보: main project[sample_test]'s message decoder file[Echo][D:\gitsinnori\sinnori\project\sample_test\server_build\src\main\java\kr\pe\sinnori\impl\message] creation task start
4월 11, 2018 6:00:17 오후 kr.pe.sinnori.common.buildsystem.ProjectBuilder createNewDecoderSourceFile
정보: main project[sample_test]'s message decoder file[Echo][D:\gitsinnori\sinnori\project\sample_test\server_build\src\main\java\kr\pe\sinnori\impl\message] creation task end
4월 11, 2018 6:00:17 오후 kr.pe.sinnori.common.buildsystem.ProjectBuilder createNewEncoderSourceFile
정보: main project[sample_test]'s message encoder file[Echo][D:\gitsinnori\sinnori\project\sample_test\server_build\src\main\java\kr\pe\sinnori\impl\message] creation task start
4월 11, 2018 6:00:17 오후 kr.pe.sinnori.common.buildsystem.ProjectBuilder createNewEncoderSourceFile
정보: main project[sample_test]'s message encoder file[Echo][D:\gitsinnori\sinnori\project\sample_test\server_build\src\main\java\kr\pe\sinnori\impl\message] creation task end
4월 11, 2018 6:00:17 오후 kr.pe.sinnori.common.buildsystem.ProjectBuilder createNewServerCodecSourceFile
정보: main project[sample_test]'s message server codec file[Echo][D:\gitsinnori\sinnori\project\sample_test\server_build\src\main\java\kr\pe\sinnori\impl\message] creation task start
4월 11, 2018 6:00:17 오후 kr.pe.sinnori.common.buildsystem.ProjectBuilder createNewServerCodecSourceFile
정보: main project[sample_test]'s message server codec file[Echo][D:\gitsinnori\sinnori\project\sample_test\server_build\src\main\java\kr\pe\sinnori\impl\message] creation task end
4월 11, 2018 6:00:17 오후 kr.pe.sinnori.common.buildsystem.ProjectBuilder createNewClientCodecSourceFile
정보: main project[sample_test]'s message client codec file[Echo][D:\gitsinnori\sinnori\project\sample_test\server_build\src\main\java\kr\pe\sinnori\impl\message] creation task start
4월 11, 2018 6:00:17 오후 kr.pe.sinnori.common.buildsystem.ProjectBuilder createNewClientCodecSourceFile
정보: main project[sample_test]'s message client codec file[Echo][D:\gitsinnori\sinnori\project\sample_test\server_build\src\main\java\kr\pe\sinnori\impl\message] creation task end
4월 11, 2018 6:00:17 오후 kr.pe.sinnori.common.util.CommonStaticUtil createChildDirectoriesOfBasePath
정보: the new child relative direcotry[D:\gitsinnori\sinnori\project\sample_test\server_build\src\main\java\kr\pe\sinnori\impl\message][PublicKeyReq] was created successfully
4월 11, 2018 6:00:17 오후 kr.pe.sinnori.common.buildsystem.ProjectBuilder createNewMessageSourceFile
정보: main project[sample_test]'s message file[PublicKeyReq][D:\gitsinnori\sinnori\project\sample_test\server_build\src\main\java\kr\pe\sinnori\impl\message] creation task start
4월 11, 2018 6:00:17 오후 kr.pe.sinnori.common.buildsystem.ProjectBuilder createNewMessageSourceFile
정보: main project[sample_test]'s message file[PublicKeyReq][D:\gitsinnori\sinnori\project\sample_test\server_build\src\main\java\kr\pe\sinnori\impl\message] creation task end
4월 11, 2018 6:00:17 오후 kr.pe.sinnori.common.buildsystem.ProjectBuilder createNewDecoderSourceFile
정보: main project[sample_test]'s message decoder file[PublicKeyReq][D:\gitsinnori\sinnori\project\sample_test\server_build\src\main\java\kr\pe\sinnori\impl\message] creation task start
4월 11, 2018 6:00:17 오후 kr.pe.sinnori.common.buildsystem.ProjectBuilder createNewDecoderSourceFile
정보: main project[sample_test]'s message decoder file[PublicKeyReq][D:\gitsinnori\sinnori\project\sample_test\server_build\src\main\java\kr\pe\sinnori\impl\message] creation task end
4월 11, 2018 6:00:17 오후 kr.pe.sinnori.common.buildsystem.ProjectBuilder createNewEncoderSourceFile
정보: main project[sample_test]'s message encoder file[PublicKeyReq][D:\gitsinnori\sinnori\project\sample_test\server_build\src\main\java\kr\pe\sinnori\impl\message] creation task start
4월 11, 2018 6:00:17 오후 kr.pe.sinnori.common.buildsystem.ProjectBuilder createNewEncoderSourceFile
정보: main project[sample_test]'s message encoder file[PublicKeyReq][D:\gitsinnori\sinnori\project\sample_test\server_build\src\main\java\kr\pe\sinnori\impl\message] creation task end
4월 11, 2018 6:00:17 오후 kr.pe.sinnori.common.buildsystem.ProjectBuilder createNewServerCodecSourceFile
정보: main project[sample_test]'s message server codec file[PublicKeyReq][D:\gitsinnori\sinnori\project\sample_test\server_build\src\main\java\kr\pe\sinnori\impl\message] creation task start
4월 11, 2018 6:00:17 오후 kr.pe.sinnori.common.buildsystem.ProjectBuilder createNewServerCodecSourceFile
정보: main project[sample_test]'s message server codec file[PublicKeyReq][D:\gitsinnori\sinnori\project\sample_test\server_build\src\main\java\kr\pe\sinnori\impl\message] creation task end
4월 11, 2018 6:00:17 오후 kr.pe.sinnori.common.buildsystem.ProjectBuilder createNewClientCodecSourceFile
정보: main project[sample_test]'s message client codec file[PublicKeyReq][D:\gitsinnori\sinnori\project\sample_test\server_build\src\main\java\kr\pe\sinnori\impl\message] creation task start
4월 11, 2018 6:00:17 오후 kr.pe.sinnori.common.buildsystem.ProjectBuilder createNewClientCodecSourceFile
정보: main project[sample_test]'s message client codec file[PublicKeyReq][D:\gitsinnori\sinnori\project\sample_test\server_build\src\main\java\kr\pe\sinnori\impl\message] creation task end
4월 11, 2018 6:00:17 오후 kr.pe.sinnori.common.util.CommonStaticUtil createChildDirectoriesOfBasePath
정보: the new child relative direcotry[D:\gitsinnori\sinnori\project\sample_test\server_build\src\main\java\kr\pe\sinnori\impl\message][PublicKeyRes] was created successfully
4월 11, 2018 6:00:17 오후 kr.pe.sinnori.common.buildsystem.ProjectBuilder createNewMessageSourceFile
정보: main project[sample_test]'s message file[PublicKeyRes][D:\gitsinnori\sinnori\project\sample_test\server_build\src\main\java\kr\pe\sinnori\impl\message] creation task start
4월 11, 2018 6:00:17 오후 kr.pe.sinnori.common.buildsystem.ProjectBuilder createNewMessageSourceFile
정보: main project[sample_test]'s message file[PublicKeyRes][D:\gitsinnori\sinnori\project\sample_test\server_build\src\main\java\kr\pe\sinnori\impl\message] creation task end
4월 11, 2018 6:00:17 오후 kr.pe.sinnori.common.buildsystem.ProjectBuilder createNewDecoderSourceFile
정보: main project[sample_test]'s message decoder file[PublicKeyRes][D:\gitsinnori\sinnori\project\sample_test\server_build\src\main\java\kr\pe\sinnori\impl\message] creation task start
4월 11, 2018 6:00:17 오후 kr.pe.sinnori.common.buildsystem.ProjectBuilder createNewDecoderSourceFile
정보: main project[sample_test]'s message decoder file[PublicKeyRes][D:\gitsinnori\sinnori\project\sample_test\server_build\src\main\java\kr\pe\sinnori\impl\message] creation task end
4월 11, 2018 6:00:17 오후 kr.pe.sinnori.common.buildsystem.ProjectBuilder createNewEncoderSourceFile
정보: main project[sample_test]'s message encoder file[PublicKeyRes][D:\gitsinnori\sinnori\project\sample_test\server_build\src\main\java\kr\pe\sinnori\impl\message] creation task start
4월 11, 2018 6:00:17 오후 kr.pe.sinnori.common.buildsystem.ProjectBuilder createNewEncoderSourceFile
정보: main project[sample_test]'s message encoder file[PublicKeyRes][D:\gitsinnori\sinnori\project\sample_test\server_build\src\main\java\kr\pe\sinnori\impl\message] creation task end
4월 11, 2018 6:00:17 오후 kr.pe.sinnori.common.buildsystem.ProjectBuilder createNewServerCodecSourceFile
정보: main project[sample_test]'s message server codec file[PublicKeyRes][D:\gitsinnori\sinnori\project\sample_test\server_build\src\main\java\kr\pe\sinnori\impl\message] creation task start
4월 11, 2018 6:00:17 오후 kr.pe.sinnori.common.buildsystem.ProjectBuilder createNewServerCodecSourceFile
정보: main project[sample_test]'s message server codec file[PublicKeyRes][D:\gitsinnori\sinnori\project\sample_test\server_build\src\main\java\kr\pe\sinnori\impl\message] creation task end
4월 11, 2018 6:00:17 오후 kr.pe.sinnori.common.buildsystem.ProjectBuilder createNewClientCodecSourceFile
정보: main project[sample_test]'s message client codec file[PublicKeyRes][D:\gitsinnori\sinnori\project\sample_test\server_build\src\main\java\kr\pe\sinnori\impl\message] creation task start
4월 11, 2018 6:00:17 오후 kr.pe.sinnori.common.buildsystem.ProjectBuilder createNewClientCodecSourceFile
정보: main project[sample_test]'s message client codec file[PublicKeyRes][D:\gitsinnori\sinnori\project\sample_test\server_build\src\main\java\kr\pe\sinnori\impl\message] creation task end
4월 11, 2018 6:00:17 오후 kr.pe.sinnori.common.buildsystem.ProjectBuilder createServerMessageIOFileSet
정보: main project[sample_test]'s server message io file set creation task end
4월 11, 2018 6:00:17 오후 kr.pe.sinnori.common.buildsystem.ProjectBuilder createServerBuildSystemFiles
정보: server build system files creation task end
4월 11, 2018 6:00:17 오후 kr.pe.sinnori.common.buildsystem.ProjectBuilder createFiles
정보: main project[sample_test]'s file creation task end
4월 11, 2018 6:00:17 오후 kr.pe.sinnori.common.config.SinnoriConfiguration convertSinnoriConfigSequencedPropertiesToAllPartItemsWithValidation
정보: item key[sessionkey.rsa.publickey.file.value]'s value is null because its status is inactive
4월 11, 2018 6:00:17 오후 kr.pe.sinnori.common.config.SinnoriConfiguration convertSinnoriConfigSequencedPropertiesToAllPartItemsWithValidation
정보: item key[sessionkey.rsa.privatekey.file.value]'s value is null because its status is inactive
4월 11, 2018 6:00:17 오후 kr.pe.sinnori.common.buildsystem.ProjectBuilder changeProjectState
정보: main project[sample_test] changeProjectState method start
4월 11, 2018 6:00:17 오후 kr.pe.sinnori.common.buildsystem.ProjectBuilder deleteServerBuildPath
정보: mainproject[sample_test]'s server build path deletion task start
4월 11, 2018 6:00:17 오후 kr.pe.sinnori.common.buildsystem.ProjectBuilder deleteServerBuildPath
정보: mainproject[sample_test]'s server build path deletion task end
4월 11, 2018 6:00:17 오후 kr.pe.sinnori.common.buildsystem.ProjectBuilder isValidAppClientAntBuildXMLFile
정보: the app client ant build.xml file[D:\gitsinnori\sinnori\project\sample_test\client_build\app_build\build.xml] is bad :: whetherExist[false] isFile[false]
4월 11, 2018 6:00:17 오후 kr.pe.sinnori.common.buildsystem.ProjectBuilder changeProjectState
경고: the app client buid.xml file[D:\gitsinnori\sinnori\project\sample_test\client_build\app_build\build.xml] is bad beacse it doesn't exist or is not a file, so skip deletion of app client build system
4월 11, 2018 6:00:17 오후 kr.pe.sinnori.common.buildsystem.ProjectBuilder createWebBuildChildDirectories
정보: main project[sample_test]'s web build child direcotry creation task start
4월 11, 2018 6:00:17 오후 kr.pe.sinnori.common.util.CommonStaticUtil createChildDirectoriesOfBasePath
정보: the new child relative direcotry[D:\gitsinnori\sinnori\project\sample_test][client_build/web_build/corelib/ex] was created successfully
4월 11, 2018 6:00:17 오후 kr.pe.sinnori.common.util.CommonStaticUtil createChildDirectoriesOfBasePath
정보: the new child relative direcotry[D:\gitsinnori\sinnori\project\sample_test][client_build/web_build/corelib/in] was created successfully
4월 11, 2018 6:00:17 오후 kr.pe.sinnori.common.util.CommonStaticUtil createChildDirectoriesOfBasePath
정보: the new child relative direcotry[D:\gitsinnori\sinnori\project\sample_test][client_build/web_build/lib/main/ex] was created successfully
4월 11, 2018 6:00:17 오후 kr.pe.sinnori.common.util.CommonStaticUtil createChildDirectoriesOfBasePath
정보: the new child relative direcotry[D:\gitsinnori\sinnori\project\sample_test][client_build/web_build/lib/main/in] was created successfully
4월 11, 2018 6:00:17 오후 kr.pe.sinnori.common.util.CommonStaticUtil createChildDirectoriesOfBasePath
정보: the new child relative direcotry[D:\gitsinnori\sinnori\project\sample_test][client_build/web_build/lib/test] was created successfully
4월 11, 2018 6:00:17 오후 kr.pe.sinnori.common.util.CommonStaticUtil createChildDirectoriesOfBasePath
정보: the new child relative direcotry[D:\gitsinnori\sinnori\project\sample_test][client_build/web_build/src/main/java/kr/pe/sinnori/impl/message] was created successfully
4월 11, 2018 6:00:17 오후 kr.pe.sinnori.common.util.CommonStaticUtil createChildDirectoriesOfBasePath
정보: the new child relative direcotry[D:\gitsinnori\sinnori\project\sample_test][client_build/web_build/src/main/java//kr/pe/sinnori/servlet] was created successfully
4월 11, 2018 6:00:17 오후 kr.pe.sinnori.common.util.CommonStaticUtil createChildDirectoriesOfBasePath
정보: the new child relative direcotry[D:\gitsinnori\sinnori\project\sample_test][client_build/web_build/src/main/java/kr/pe/sinnori/weblib/common] was created successfully
4월 11, 2018 6:00:17 오후 kr.pe.sinnori.common.util.CommonStaticUtil createChildDirectoriesOfBasePath
정보: the new child relative direcotry[D:\gitsinnori\sinnori\project\sample_test][client_build/web_build/src/main/java/kr/pe/sinnori/weblib/htmlstring] was created successfully
4월 11, 2018 6:00:17 오후 kr.pe.sinnori.common.util.CommonStaticUtil createChildDirectoriesOfBasePath
정보: the new child relative direcotry[D:\gitsinnori\sinnori\project\sample_test][client_build/web_build/src/main/java/kr/pe/sinnori/weblib/jdf] was created successfully
4월 11, 2018 6:00:17 오후 kr.pe.sinnori.common.util.CommonStaticUtil createChildDirectoriesOfBasePath
정보: the new child relative direcotry[D:\gitsinnori\sinnori\project\sample_test][client_build/web_build/src/test/java] was created successfully
4월 11, 2018 6:00:17 오후 kr.pe.sinnori.common.util.CommonStaticUtil createChildDirectoriesOfBasePath
정보: the new child relative direcotry[D:\gitsinnori\sinnori\project\sample_test][client_build/web_build/build] was created successfully
4월 11, 2018 6:00:17 오후 kr.pe.sinnori.common.util.CommonStaticUtil createChildDirectoriesOfBasePath
정보: the new child relative direcotry[D:\gitsinnori\sinnori\project\sample_test][client_build/web_build/dist] was created successfully
4월 11, 2018 6:00:17 오후 kr.pe.sinnori.common.buildsystem.ProjectBuilder createWebBuildChildDirectories
정보: main project[sample_test]'s web build child direcotry creation task end
4월 11, 2018 6:00:17 오후 kr.pe.sinnori.common.buildsystem.ProjectBuilder createWebClientBuildSystemFiles
정보: main project[sample_test]'s web client build system files creation task start
4월 11, 2018 6:00:17 오후 kr.pe.sinnori.common.buildsystem.ProjectBuilder createNewWebClientAntBuildFile
정보: main project[sample_test]'s web client ant build.xml file creation task start
4월 11, 2018 6:00:17 오후 kr.pe.sinnori.common.buildsystem.ProjectBuilder createNewWebClientAntBuildFile
정보: main project[sample_test]'s web client ant build.xml file creation task end
4월 11, 2018 6:00:17 오후 kr.pe.sinnori.common.buildsystem.ProjectBuilder createNewWebClientAntPropertiesFile
정보: main project[sample_test]'s web client ant properties file creation task start
4월 11, 2018 6:00:17 오후 kr.pe.sinnori.common.util.SequencedPropertiesUtil createNewSequencedPropertiesFile
정보: the sequenced properties file[D:\gitsinnori\sinnori\project\sample_test\client_build\web_build\webAnt.properties] was created
4월 11, 2018 6:00:17 오후 kr.pe.sinnori.common.buildsystem.ProjectBuilder createNewWebClientAntPropertiesFile
정보: main project[sample_test]'s web client ant properties file creation task end
4월 11, 2018 6:00:17 오후 kr.pe.sinnori.common.buildsystem.ProjectBuilder createNewWebClientMessageIOFileSet
정보: main project[sample_test]'s web client message io file set creation task start
4월 11, 2018 6:00:17 오후 kr.pe.sinnori.common.util.CommonStaticUtil createChildDirectoriesOfBasePath
정보: the new child relative direcotry[D:\gitsinnori\sinnori\project\sample_test\client_build\web_build\src\main\java\kr\pe\sinnori\impl\message][Echo] was created successfully
4월 11, 2018 6:00:17 오후 kr.pe.sinnori.common.buildsystem.ProjectBuilder createNewMessageSourceFile
정보: main project[sample_test]'s message file[Echo][D:\gitsinnori\sinnori\project\sample_test\client_build\web_build\src\main\java\kr\pe\sinnori\impl\message] creation task start
4월 11, 2018 6:00:17 오후 kr.pe.sinnori.common.buildsystem.ProjectBuilder createNewMessageSourceFile
정보: main project[sample_test]'s message file[Echo][D:\gitsinnori\sinnori\project\sample_test\client_build\web_build\src\main\java\kr\pe\sinnori\impl\message] creation task end
4월 11, 2018 6:00:17 오후 kr.pe.sinnori.common.buildsystem.ProjectBuilder createNewDecoderSourceFile
정보: main project[sample_test]'s message decoder file[Echo][D:\gitsinnori\sinnori\project\sample_test\client_build\web_build\src\main\java\kr\pe\sinnori\impl\message] creation task start
4월 11, 2018 6:00:17 오후 kr.pe.sinnori.common.buildsystem.ProjectBuilder createNewDecoderSourceFile
정보: main project[sample_test]'s message decoder file[Echo][D:\gitsinnori\sinnori\project\sample_test\client_build\web_build\src\main\java\kr\pe\sinnori\impl\message] creation task end
4월 11, 2018 6:00:17 오후 kr.pe.sinnori.common.buildsystem.ProjectBuilder createNewEncoderSourceFile
정보: main project[sample_test]'s message encoder file[Echo][D:\gitsinnori\sinnori\project\sample_test\client_build\web_build\src\main\java\kr\pe\sinnori\impl\message] creation task start
4월 11, 2018 6:00:17 오후 kr.pe.sinnori.common.buildsystem.ProjectBuilder createNewEncoderSourceFile
정보: main project[sample_test]'s message encoder file[Echo][D:\gitsinnori\sinnori\project\sample_test\client_build\web_build\src\main\java\kr\pe\sinnori\impl\message] creation task end
4월 11, 2018 6:00:17 오후 kr.pe.sinnori.common.buildsystem.ProjectBuilder createNewServerCodecSourceFile
정보: main project[sample_test]'s message server codec file[Echo][D:\gitsinnori\sinnori\project\sample_test\client_build\web_build\src\main\java\kr\pe\sinnori\impl\message] creation task start
4월 11, 2018 6:00:17 오후 kr.pe.sinnori.common.buildsystem.ProjectBuilder createNewServerCodecSourceFile
정보: main project[sample_test]'s message server codec file[Echo][D:\gitsinnori\sinnori\project\sample_test\client_build\web_build\src\main\java\kr\pe\sinnori\impl\message] creation task end
4월 11, 2018 6:00:17 오후 kr.pe.sinnori.common.buildsystem.ProjectBuilder createNewClientCodecSourceFile
정보: main project[sample_test]'s message client codec file[Echo][D:\gitsinnori\sinnori\project\sample_test\client_build\web_build\src\main\java\kr\pe\sinnori\impl\message] creation task start
4월 11, 2018 6:00:17 오후 kr.pe.sinnori.common.buildsystem.ProjectBuilder createNewClientCodecSourceFile
정보: main project[sample_test]'s message client codec file[Echo][D:\gitsinnori\sinnori\project\sample_test\client_build\web_build\src\main\java\kr\pe\sinnori\impl\message] creation task end
4월 11, 2018 6:00:17 오후 kr.pe.sinnori.common.util.CommonStaticUtil createChildDirectoriesOfBasePath
정보: the new child relative direcotry[D:\gitsinnori\sinnori\project\sample_test\client_build\web_build\src\main\java\kr\pe\sinnori\impl\message][PublicKeyReq] was created successfully
4월 11, 2018 6:00:17 오후 kr.pe.sinnori.common.buildsystem.ProjectBuilder createNewMessageSourceFile
정보: main project[sample_test]'s message file[PublicKeyReq][D:\gitsinnori\sinnori\project\sample_test\client_build\web_build\src\main\java\kr\pe\sinnori\impl\message] creation task start
4월 11, 2018 6:00:17 오후 kr.pe.sinnori.common.buildsystem.ProjectBuilder createNewMessageSourceFile
정보: main project[sample_test]'s message file[PublicKeyReq][D:\gitsinnori\sinnori\project\sample_test\client_build\web_build\src\main\java\kr\pe\sinnori\impl\message] creation task end
4월 11, 2018 6:00:17 오후 kr.pe.sinnori.common.buildsystem.ProjectBuilder createNewDecoderSourceFile
정보: main project[sample_test]'s message decoder file[PublicKeyReq][D:\gitsinnori\sinnori\project\sample_test\client_build\web_build\src\main\java\kr\pe\sinnori\impl\message] creation task start
4월 11, 2018 6:00:17 오후 kr.pe.sinnori.common.buildsystem.ProjectBuilder createNewDecoderSourceFile
정보: main project[sample_test]'s message decoder file[PublicKeyReq][D:\gitsinnori\sinnori\project\sample_test\client_build\web_build\src\main\java\kr\pe\sinnori\impl\message] creation task end
4월 11, 2018 6:00:17 오후 kr.pe.sinnori.common.buildsystem.ProjectBuilder createNewEncoderSourceFile
정보: main project[sample_test]'s message encoder file[PublicKeyReq][D:\gitsinnori\sinnori\project\sample_test\client_build\web_build\src\main\java\kr\pe\sinnori\impl\message] creation task start
4월 11, 2018 6:00:17 오후 kr.pe.sinnori.common.buildsystem.ProjectBuilder createNewEncoderSourceFile
정보: main project[sample_test]'s message encoder file[PublicKeyReq][D:\gitsinnori\sinnori\project\sample_test\client_build\web_build\src\main\java\kr\pe\sinnori\impl\message] creation task end
4월 11, 2018 6:00:17 오후 kr.pe.sinnori.common.buildsystem.ProjectBuilder createNewServerCodecSourceFile
정보: main project[sample_test]'s message server codec file[PublicKeyReq][D:\gitsinnori\sinnori\project\sample_test\client_build\web_build\src\main\java\kr\pe\sinnori\impl\message] creation task start
4월 11, 2018 6:00:17 오후 kr.pe.sinnori.common.buildsystem.ProjectBuilder createNewServerCodecSourceFile
정보: main project[sample_test]'s message server codec file[PublicKeyReq][D:\gitsinnori\sinnori\project\sample_test\client_build\web_build\src\main\java\kr\pe\sinnori\impl\message] creation task end
4월 11, 2018 6:00:17 오후 kr.pe.sinnori.common.buildsystem.ProjectBuilder createNewClientCodecSourceFile
정보: main project[sample_test]'s message client codec file[PublicKeyReq][D:\gitsinnori\sinnori\project\sample_test\client_build\web_build\src\main\java\kr\pe\sinnori\impl\message] creation task start
4월 11, 2018 6:00:17 오후 kr.pe.sinnori.common.buildsystem.ProjectBuilder createNewClientCodecSourceFile
정보: main project[sample_test]'s message client codec file[PublicKeyReq][D:\gitsinnori\sinnori\project\sample_test\client_build\web_build\src\main\java\kr\pe\sinnori\impl\message] creation task end
4월 11, 2018 6:00:17 오후 kr.pe.sinnori.common.util.CommonStaticUtil createChildDirectoriesOfBasePath
정보: the new child relative direcotry[D:\gitsinnori\sinnori\project\sample_test\client_build\web_build\src\main\java\kr\pe\sinnori\impl\message][PublicKeyRes] was created successfully
4월 11, 2018 6:00:17 오후 kr.pe.sinnori.common.buildsystem.ProjectBuilder createNewMessageSourceFile
정보: main project[sample_test]'s message file[PublicKeyRes][D:\gitsinnori\sinnori\project\sample_test\client_build\web_build\src\main\java\kr\pe\sinnori\impl\message] creation task start
4월 11, 2018 6:00:17 오후 kr.pe.sinnori.common.buildsystem.ProjectBuilder createNewMessageSourceFile
정보: main project[sample_test]'s message file[PublicKeyRes][D:\gitsinnori\sinnori\project\sample_test\client_build\web_build\src\main\java\kr\pe\sinnori\impl\message] creation task end
4월 11, 2018 6:00:17 오후 kr.pe.sinnori.common.buildsystem.ProjectBuilder createNewDecoderSourceFile
정보: main project[sample_test]'s message decoder file[PublicKeyRes][D:\gitsinnori\sinnori\project\sample_test\client_build\web_build\src\main\java\kr\pe\sinnori\impl\message] creation task start
4월 11, 2018 6:00:17 오후 kr.pe.sinnori.common.buildsystem.ProjectBuilder createNewDecoderSourceFile
정보: main project[sample_test]'s message decoder file[PublicKeyRes][D:\gitsinnori\sinnori\project\sample_test\client_build\web_build\src\main\java\kr\pe\sinnori\impl\message] creation task end
4월 11, 2018 6:00:17 오후 kr.pe.sinnori.common.buildsystem.ProjectBuilder createNewEncoderSourceFile
정보: main project[sample_test]'s message encoder file[PublicKeyRes][D:\gitsinnori\sinnori\project\sample_test\client_build\web_build\src\main\java\kr\pe\sinnori\impl\message] creation task start
4월 11, 2018 6:00:17 오후 kr.pe.sinnori.common.buildsystem.ProjectBuilder createNewEncoderSourceFile
정보: main project[sample_test]'s message encoder file[PublicKeyRes][D:\gitsinnori\sinnori\project\sample_test\client_build\web_build\src\main\java\kr\pe\sinnori\impl\message] creation task end
4월 11, 2018 6:00:17 오후 kr.pe.sinnori.common.buildsystem.ProjectBuilder createNewServerCodecSourceFile
정보: main project[sample_test]'s message server codec file[PublicKeyRes][D:\gitsinnori\sinnori\project\sample_test\client_build\web_build\src\main\java\kr\pe\sinnori\impl\message] creation task start
4월 11, 2018 6:00:17 오후 kr.pe.sinnori.common.buildsystem.ProjectBuilder createNewServerCodecSourceFile
정보: main project[sample_test]'s message server codec file[PublicKeyRes][D:\gitsinnori\sinnori\project\sample_test\client_build\web_build\src\main\java\kr\pe\sinnori\impl\message] creation task end
4월 11, 2018 6:00:17 오후 kr.pe.sinnori.common.buildsystem.ProjectBuilder createNewClientCodecSourceFile
정보: main project[sample_test]'s message client codec file[PublicKeyRes][D:\gitsinnori\sinnori\project\sample_test\client_build\web_build\src\main\java\kr\pe\sinnori\impl\message] creation task start
4월 11, 2018 6:00:17 오후 kr.pe.sinnori.common.buildsystem.ProjectBuilder createNewClientCodecSourceFile
정보: main project[sample_test]'s message client codec file[PublicKeyRes][D:\gitsinnori\sinnori\project\sample_test\client_build\web_build\src\main\java\kr\pe\sinnori\impl\message] creation task end
4월 11, 2018 6:00:17 오후 kr.pe.sinnori.common.buildsystem.ProjectBuilder createNewWebClientMessageIOFileSet
정보: main project[sample_test]'s web client message io file set creation task end
4월 11, 2018 6:00:17 오후 kr.pe.sinnori.common.buildsystem.ProjectBuilder copyWebClientSampleFiles
정보: mainproject[sample_test]'s web client sample source files copy task start
4월 11, 2018 6:00:17 오후 kr.pe.sinnori.common.buildsystem.ProjectBuilder copyWebClientSampleFiles
정보: mainproject[sample_test]'s web client sample source files copy task end
4월 11, 2018 6:00:17 오후 kr.pe.sinnori.common.buildsystem.ProjectBuilder createWebClientBuildSystemFiles
정보: main project[sample_test]'s web client build system files creation task end
4월 11, 2018 6:00:17 오후 kr.pe.sinnori.common.buildsystem.ProjectBuilder createWebRootChildDirectories
정보: main project[sample_test]'s web root child direcotry creation task start
4월 11, 2018 6:00:17 오후 kr.pe.sinnori.common.util.CommonStaticUtil createChildDirectoriesOfBasePath
정보: the new child relative direcotry[D:\gitsinnori\sinnori\project\sample_test][web_app_base/upload] was created successfully
4월 11, 2018 6:00:17 오후 kr.pe.sinnori.common.util.CommonStaticUtil createChildDirectoriesOfBasePath
정보: the new child relative direcotry[D:\gitsinnori\sinnori\project\sample_test][web_app_base/ROOT/WEB-INF/classes] was created successfully
4월 11, 2018 6:00:17 오후 kr.pe.sinnori.common.util.CommonStaticUtil createChildDirectoriesOfBasePath
정보: the new child relative direcotry[D:\gitsinnori\sinnori\project\sample_test][web_app_base/ROOT/WEB-INF/lib] was created successfully
4월 11, 2018 6:00:17 오후 kr.pe.sinnori.common.buildsystem.ProjectBuilder createWebRootChildDirectories
정보: main project[sample_test]'s web root child direcotry creation task end
4월 11, 2018 6:00:17 오후 kr.pe.sinnori.common.buildsystem.ProjectBuilder createWebRootSampleFiles
정보: main project[sample_test]'s web root sample files creation task start
4월 11, 2018 6:00:17 오후 kr.pe.sinnori.common.buildsystem.ProjectBuilder copyWebRootSampleFiles
정보: main project[sample_test]'s web root sample files copy task start
4월 11, 2018 6:00:17 오후 kr.pe.sinnori.common.buildsystem.ProjectBuilder copyWebRootSampleFiles
정보: main project[sample_test]'s web root sample files copy task end
4월 11, 2018 6:00:17 오후 kr.pe.sinnori.common.buildsystem.ProjectBuilder createWebRootSampleFiles
정보: main project[sample_test]'s web root sample files creation task end
4월 11, 2018 6:00:17 오후 kr.pe.sinnori.common.buildsystem.ProjectBuilder overwriteSinnoriConfigFile
정보: main project[sample_test]'s config file overwrite task start
4월 11, 2018 6:00:17 오후 kr.pe.sinnori.common.buildsystem.ProjectBuilder overwriteSinnoriConfigFile
정보: main project[sample_test]'s config file overwrite task end
4월 11, 2018 6:00:17 오후 kr.pe.sinnori.common.buildsystem.ProjectBuilder changeProjectState
정보: main project[sample_test] changeProjectState method end
4월 11, 2018 6:00:17 오후 kr.pe.sinnori.common.buildsystem.ProjectBuilder isValidServerAntBuildXMLFile
정보: the server ant build.xml file[D:\gitsinnori\sinnori\project\sample_test\server_build\build.xml] is bad :: whetherExist[false] isFile[false]
4월 11, 2018 6:00:17 오후 kr.pe.sinnori.common.buildsystem.ProjectBuilder isValidAppClientAntBuildXMLFile
정보: the app client ant build.xml file[D:\gitsinnori\sinnori\project\sample_test\client_build\app_build\build.xml] is bad :: whetherExist[false] isFile[false]
4월 11, 2018 6:00:17 오후 kr.pe.sinnori.common.buildsystem.ProjectBuilder changeProjectState
정보: main project[sample_test] changeProjectState method start
4월 11, 2018 6:00:17 오후 kr.pe.sinnori.common.buildsystem.ProjectBuilder isValidServerAntBuildXMLFile
정보: the server ant build.xml file[D:\gitsinnori\sinnori\project\sample_test\server_build\build.xml] is bad :: whetherExist[false] isFile[false]
4월 11, 2018 6:00:17 오후 kr.pe.sinnori.common.buildsystem.ProjectBuilder changeProjectState
경고: the server buid.xml file[D:\gitsinnori\sinnori\project\sample_test\server_build\build.xml] is bad beacse it doesn't exist or is not a file, so skip deletion of server build system
4월 11, 2018 6:00:17 오후 kr.pe.sinnori.common.buildsystem.ProjectBuilder createAppBuildChildDirectories
정보: main project[sample_test]'s application build child direcotry creation task start
4월 11, 2018 6:00:17 오후 kr.pe.sinnori.common.util.CommonStaticUtil createChildDirectoriesOfBasePath
정보: the new child relative direcotry[D:\gitsinnori\sinnori\project\sample_test][client_build/app_build/corelib/ex] was created successfully
4월 11, 2018 6:00:17 오후 kr.pe.sinnori.common.util.CommonStaticUtil createChildDirectoriesOfBasePath
정보: the new child relative direcotry[D:\gitsinnori\sinnori\project\sample_test][client_build/app_build/corelib/in] was created successfully
4월 11, 2018 6:00:17 오후 kr.pe.sinnori.common.util.CommonStaticUtil createChildDirectoriesOfBasePath
정보: the new child relative direcotry[D:\gitsinnori\sinnori\project\sample_test][client_build/app_build/lib/main/ex] was created successfully
4월 11, 2018 6:00:17 오후 kr.pe.sinnori.common.util.CommonStaticUtil createChildDirectoriesOfBasePath
정보: the new child relative direcotry[D:\gitsinnori\sinnori\project\sample_test][client_build/app_build/lib/main/in] was created successfully
4월 11, 2018 6:00:17 오후 kr.pe.sinnori.common.util.CommonStaticUtil createChildDirectoriesOfBasePath
정보: the new child relative direcotry[D:\gitsinnori\sinnori\project\sample_test][client_build/app_build/lib/test] was created successfully
4월 11, 2018 6:00:17 오후 kr.pe.sinnori.common.util.CommonStaticUtil createChildDirectoriesOfBasePath
정보: the new child relative direcotry[D:\gitsinnori\sinnori\project\sample_test][client_build/app_build/src/main/java/kr/pe/sinnori/impl/message] was created successfully
4월 11, 2018 6:00:17 오후 kr.pe.sinnori.common.util.CommonStaticUtil createChildDirectoriesOfBasePath
정보: the new child relative direcotry[D:\gitsinnori\sinnori\project\sample_test][client_build/app_build/src/main/java/main] was created successfully
4월 11, 2018 6:00:17 오후 kr.pe.sinnori.common.util.CommonStaticUtil createChildDirectoriesOfBasePath
정보: the new child relative direcotry[D:\gitsinnori\sinnori\project\sample_test][client_build/app_build/src/test/java] was created successfully
4월 11, 2018 6:00:17 오후 kr.pe.sinnori.common.util.CommonStaticUtil createChildDirectoriesOfBasePath
정보: the new child relative direcotry[D:\gitsinnori\sinnori\project\sample_test][client_build/app_build/build] was created successfully
4월 11, 2018 6:00:17 오후 kr.pe.sinnori.common.util.CommonStaticUtil createChildDirectoriesOfBasePath
정보: the new child relative direcotry[D:\gitsinnori\sinnori\project\sample_test][client_build/app_build/dist] was created successfully
4월 11, 2018 6:00:17 오후 kr.pe.sinnori.common.buildsystem.ProjectBuilder createAppBuildChildDirectories
정보: main project[sample_test]'s application build child direcotry creation task end
4월 11, 2018 6:00:17 오후 kr.pe.sinnori.common.buildsystem.ProjectBuilder createAppClientBuildSystemFiles
정보: mainproject[sample_test]'s application client build system files creation task start
4월 11, 2018 6:00:17 오후 kr.pe.sinnori.common.buildsystem.ProjectBuilder createNewAppClientAntBuildXMLFile
정보: main project[sample_test]'s application client ant build.xml file creation task start
4월 11, 2018 6:00:17 오후 kr.pe.sinnori.common.buildsystem.ProjectBuilder createNewAppClientAntBuildXMLFile
정보: main project[sample_test]'s application client ant build.xml file creation task end
4월 11, 2018 6:00:17 오후 kr.pe.sinnori.common.buildsystem.ProjectBuilder createNewAppClientDosShellFile
정보: main project[sample_test]'s application client dos shell file creation task start
4월 11, 2018 6:00:17 오후 kr.pe.sinnori.common.buildsystem.ProjectBuilder createNewAppClientDosShellFile
정보: main project[sample_test]'s application client dos shell file creation task end
4월 11, 2018 6:00:17 오후 kr.pe.sinnori.common.buildsystem.ProjectBuilder createNewAppClientUnixShellFile
정보: main project[sample_test]'s application client unix shell file creation task start
4월 11, 2018 6:00:17 오후 kr.pe.sinnori.common.buildsystem.ProjectBuilder createNewAppClientUnixShellFile
정보: main project[sample_test]'s application client unix shell file creation task end
4월 11, 2018 6:00:17 오후 kr.pe.sinnori.common.buildsystem.ProjectBuilder copyAppClientSampleFiles
정보: application client sample source files copy task start
4월 11, 2018 6:00:17 오후 kr.pe.sinnori.common.buildsystem.ProjectBuilder copyAppClientSampleFiles
정보: application client sample source files copy task end
4월 11, 2018 6:00:17 오후 kr.pe.sinnori.common.buildsystem.ProjectBuilder createNewAppClientAllMessageIOFileSet
정보: main project[sample_test]'s application client message io file set creation task start
4월 11, 2018 6:00:17 오후 kr.pe.sinnori.common.util.CommonStaticUtil createChildDirectoriesOfBasePath
정보: the new child relative direcotry[D:\gitsinnori\sinnori\project\sample_test\client_build\app_build\src\main\java\kr\pe\sinnori\impl\message][Echo] was created successfully
4월 11, 2018 6:00:17 오후 kr.pe.sinnori.common.buildsystem.ProjectBuilder createNewMessageSourceFile
정보: main project[sample_test]'s message file[Echo][D:\gitsinnori\sinnori\project\sample_test\client_build\app_build\src\main\java\kr\pe\sinnori\impl\message] creation task start
4월 11, 2018 6:00:17 오후 kr.pe.sinnori.common.buildsystem.ProjectBuilder createNewMessageSourceFile
정보: main project[sample_test]'s message file[Echo][D:\gitsinnori\sinnori\project\sample_test\client_build\app_build\src\main\java\kr\pe\sinnori\impl\message] creation task end
4월 11, 2018 6:00:17 오후 kr.pe.sinnori.common.buildsystem.ProjectBuilder createNewDecoderSourceFile
정보: main project[sample_test]'s message decoder file[Echo][D:\gitsinnori\sinnori\project\sample_test\client_build\app_build\src\main\java\kr\pe\sinnori\impl\message] creation task start
4월 11, 2018 6:00:17 오후 kr.pe.sinnori.common.buildsystem.ProjectBuilder createNewDecoderSourceFile
정보: main project[sample_test]'s message decoder file[Echo][D:\gitsinnori\sinnori\project\sample_test\client_build\app_build\src\main\java\kr\pe\sinnori\impl\message] creation task end
4월 11, 2018 6:00:17 오후 kr.pe.sinnori.common.buildsystem.ProjectBuilder createNewEncoderSourceFile
정보: main project[sample_test]'s message encoder file[Echo][D:\gitsinnori\sinnori\project\sample_test\client_build\app_build\src\main\java\kr\pe\sinnori\impl\message] creation task start
4월 11, 2018 6:00:17 오후 kr.pe.sinnori.common.buildsystem.ProjectBuilder createNewEncoderSourceFile
정보: main project[sample_test]'s message encoder file[Echo][D:\gitsinnori\sinnori\project\sample_test\client_build\app_build\src\main\java\kr\pe\sinnori\impl\message] creation task end
4월 11, 2018 6:00:17 오후 kr.pe.sinnori.common.buildsystem.ProjectBuilder createNewServerCodecSourceFile
정보: main project[sample_test]'s message server codec file[Echo][D:\gitsinnori\sinnori\project\sample_test\client_build\app_build\src\main\java\kr\pe\sinnori\impl\message] creation task start
4월 11, 2018 6:00:17 오후 kr.pe.sinnori.common.buildsystem.ProjectBuilder createNewServerCodecSourceFile
정보: main project[sample_test]'s message server codec file[Echo][D:\gitsinnori\sinnori\project\sample_test\client_build\app_build\src\main\java\kr\pe\sinnori\impl\message] creation task end
4월 11, 2018 6:00:17 오후 kr.pe.sinnori.common.buildsystem.ProjectBuilder createNewClientCodecSourceFile
정보: main project[sample_test]'s message client codec file[Echo][D:\gitsinnori\sinnori\project\sample_test\client_build\app_build\src\main\java\kr\pe\sinnori\impl\message] creation task start
4월 11, 2018 6:00:17 오후 kr.pe.sinnori.common.buildsystem.ProjectBuilder createNewClientCodecSourceFile
정보: main project[sample_test]'s message client codec file[Echo][D:\gitsinnori\sinnori\project\sample_test\client_build\app_build\src\main\java\kr\pe\sinnori\impl\message] creation task end
4월 11, 2018 6:00:18 오후 kr.pe.sinnori.common.util.CommonStaticUtil createChildDirectoriesOfBasePath
정보: the new child relative direcotry[D:\gitsinnori\sinnori\project\sample_test\client_build\app_build\src\main\java\kr\pe\sinnori\impl\message][PublicKeyReq] was created successfully
4월 11, 2018 6:00:18 오후 kr.pe.sinnori.common.buildsystem.ProjectBuilder createNewMessageSourceFile
정보: main project[sample_test]'s message file[PublicKeyReq][D:\gitsinnori\sinnori\project\sample_test\client_build\app_build\src\main\java\kr\pe\sinnori\impl\message] creation task start
4월 11, 2018 6:00:18 오후 kr.pe.sinnori.common.buildsystem.ProjectBuilder createNewMessageSourceFile
정보: main project[sample_test]'s message file[PublicKeyReq][D:\gitsinnori\sinnori\project\sample_test\client_build\app_build\src\main\java\kr\pe\sinnori\impl\message] creation task end
4월 11, 2018 6:00:18 오후 kr.pe.sinnori.common.buildsystem.ProjectBuilder createNewDecoderSourceFile
정보: main project[sample_test]'s message decoder file[PublicKeyReq][D:\gitsinnori\sinnori\project\sample_test\client_build\app_build\src\main\java\kr\pe\sinnori\impl\message] creation task start
4월 11, 2018 6:00:18 오후 kr.pe.sinnori.common.buildsystem.ProjectBuilder createNewDecoderSourceFile
정보: main project[sample_test]'s message decoder file[PublicKeyReq][D:\gitsinnori\sinnori\project\sample_test\client_build\app_build\src\main\java\kr\pe\sinnori\impl\message] creation task end
4월 11, 2018 6:00:18 오후 kr.pe.sinnori.common.buildsystem.ProjectBuilder createNewEncoderSourceFile
정보: main project[sample_test]'s message encoder file[PublicKeyReq][D:\gitsinnori\sinnori\project\sample_test\client_build\app_build\src\main\java\kr\pe\sinnori\impl\message] creation task start
4월 11, 2018 6:00:18 오후 kr.pe.sinnori.common.buildsystem.ProjectBuilder createNewEncoderSourceFile
정보: main project[sample_test]'s message encoder file[PublicKeyReq][D:\gitsinnori\sinnori\project\sample_test\client_build\app_build\src\main\java\kr\pe\sinnori\impl\message] creation task end
4월 11, 2018 6:00:18 오후 kr.pe.sinnori.common.buildsystem.ProjectBuilder createNewServerCodecSourceFile
정보: main project[sample_test]'s message server codec file[PublicKeyReq][D:\gitsinnori\sinnori\project\sample_test\client_build\app_build\src\main\java\kr\pe\sinnori\impl\message] creation task start
4월 11, 2018 6:00:18 오후 kr.pe.sinnori.common.buildsystem.ProjectBuilder createNewServerCodecSourceFile
정보: main project[sample_test]'s message server codec file[PublicKeyReq][D:\gitsinnori\sinnori\project\sample_test\client_build\app_build\src\main\java\kr\pe\sinnori\impl\message] creation task end
4월 11, 2018 6:00:18 오후 kr.pe.sinnori.common.buildsystem.ProjectBuilder createNewClientCodecSourceFile
정보: main project[sample_test]'s message client codec file[PublicKeyReq][D:\gitsinnori\sinnori\project\sample_test\client_build\app_build\src\main\java\kr\pe\sinnori\impl\message] creation task start
4월 11, 2018 6:00:18 오후 kr.pe.sinnori.common.buildsystem.ProjectBuilder createNewClientCodecSourceFile
정보: main project[sample_test]'s message client codec file[PublicKeyReq][D:\gitsinnori\sinnori\project\sample_test\client_build\app_build\src\main\java\kr\pe\sinnori\impl\message] creation task end
4월 11, 2018 6:00:18 오후 kr.pe.sinnori.common.util.CommonStaticUtil createChildDirectoriesOfBasePath
정보: the new child relative direcotry[D:\gitsinnori\sinnori\project\sample_test\client_build\app_build\src\main\java\kr\pe\sinnori\impl\message][PublicKeyRes] was created successfully
4월 11, 2018 6:00:18 오후 kr.pe.sinnori.common.buildsystem.ProjectBuilder createNewMessageSourceFile
정보: main project[sample_test]'s message file[PublicKeyRes][D:\gitsinnori\sinnori\project\sample_test\client_build\app_build\src\main\java\kr\pe\sinnori\impl\message] creation task start
4월 11, 2018 6:00:18 오후 kr.pe.sinnori.common.buildsystem.ProjectBuilder createNewMessageSourceFile
정보: main project[sample_test]'s message file[PublicKeyRes][D:\gitsinnori\sinnori\project\sample_test\client_build\app_build\src\main\java\kr\pe\sinnori\impl\message] creation task end
4월 11, 2018 6:00:18 오후 kr.pe.sinnori.common.buildsystem.ProjectBuilder createNewDecoderSourceFile
정보: main project[sample_test]'s message decoder file[PublicKeyRes][D:\gitsinnori\sinnori\project\sample_test\client_build\app_build\src\main\java\kr\pe\sinnori\impl\message] creation task start
4월 11, 2018 6:00:18 오후 kr.pe.sinnori.common.buildsystem.ProjectBuilder createNewDecoderSourceFile
정보: main project[sample_test]'s message decoder file[PublicKeyRes][D:\gitsinnori\sinnori\project\sample_test\client_build\app_build\src\main\java\kr\pe\sinnori\impl\message] creation task end
4월 11, 2018 6:00:18 오후 kr.pe.sinnori.common.buildsystem.ProjectBuilder createNewEncoderSourceFile
정보: main project[sample_test]'s message encoder file[PublicKeyRes][D:\gitsinnori\sinnori\project\sample_test\client_build\app_build\src\main\java\kr\pe\sinnori\impl\message] creation task start
4월 11, 2018 6:00:18 오후 kr.pe.sinnori.common.buildsystem.ProjectBuilder createNewEncoderSourceFile
정보: main project[sample_test]'s message encoder file[PublicKeyRes][D:\gitsinnori\sinnori\project\sample_test\client_build\app_build\src\main\java\kr\pe\sinnori\impl\message] creation task end
4월 11, 2018 6:00:18 오후 kr.pe.sinnori.common.buildsystem.ProjectBuilder createNewServerCodecSourceFile
정보: main project[sample_test]'s message server codec file[PublicKeyRes][D:\gitsinnori\sinnori\project\sample_test\client_build\app_build\src\main\java\kr\pe\sinnori\impl\message] creation task start
4월 11, 2018 6:00:18 오후 kr.pe.sinnori.common.buildsystem.ProjectBuilder createNewServerCodecSourceFile
정보: main project[sample_test]'s message server codec file[PublicKeyRes][D:\gitsinnori\sinnori\project\sample_test\client_build\app_build\src\main\java\kr\pe\sinnori\impl\message] creation task end
4월 11, 2018 6:00:18 오후 kr.pe.sinnori.common.buildsystem.ProjectBuilder createNewClientCodecSourceFile
정보: main project[sample_test]'s message client codec file[PublicKeyRes][D:\gitsinnori\sinnori\project\sample_test\client_build\app_build\src\main\java\kr\pe\sinnori\impl\message] creation task start
4월 11, 2018 6:00:18 오후 kr.pe.sinnori.common.buildsystem.ProjectBuilder createNewClientCodecSourceFile
정보: main project[sample_test]'s message client codec file[PublicKeyRes][D:\gitsinnori\sinnori\project\sample_test\client_build\app_build\src\main\java\kr\pe\sinnori\impl\message] creation task end
4월 11, 2018 6:00:18 오후 kr.pe.sinnori.common.buildsystem.ProjectBuilder createNewAppClientAllMessageIOFileSet
정보: main project[sample_test]'s application client message io file set creation task end
4월 11, 2018 6:00:18 오후 kr.pe.sinnori.common.buildsystem.ProjectBuilder createAppClientBuildSystemFiles
정보: mainproject[sample_test]'s application client build system files creation task end
4월 11, 2018 6:00:18 오후 kr.pe.sinnori.common.buildsystem.ProjectBuilder deleteWebCientBuildPath
정보: main project[sample_test]'s web client build path deletion task start
4월 11, 2018 6:00:18 오후 kr.pe.sinnori.common.buildsystem.ProjectBuilder deleteWebCientBuildPath
정보: main project[sample_test]'s web client build path deletion task end
4월 11, 2018 6:00:18 오후 kr.pe.sinnori.common.buildsystem.ProjectBuilder deleteWebRoot
정보: main project[sample_test]'s web root path deletion task start
4월 11, 2018 6:00:18 오후 kr.pe.sinnori.common.buildsystem.ProjectBuilder deleteWebRoot
정보: main project[sample_test]'s web root path deletion task end
4월 11, 2018 6:00:18 오후 kr.pe.sinnori.common.buildsystem.ProjectBuilder overwriteSinnoriConfigFile
정보: main project[sample_test]'s config file overwrite task start
4월 11, 2018 6:00:18 오후 kr.pe.sinnori.common.buildsystem.ProjectBuilder overwriteSinnoriConfigFile
정보: main project[sample_test]'s config file overwrite task end
4월 11, 2018 6:00:18 오후 kr.pe.sinnori.common.buildsystem.ProjectBuilder changeProjectState
정보: main project[sample_test] changeProjectState method end
4월 11, 2018 6:00:18 오후 kr.pe.sinnori.common.buildsystem.ProjectBuilder isValidServerAntBuildXMLFile
정보: the server ant build.xml file[D:\gitsinnori\sinnori\project\sample_test\server_build\build.xml] is bad :: whetherExist[false] isFile[false]
4월 11, 2018 6:00:18 오후 kr.pe.sinnori.common.buildsystem.ProjectBuilder isValidWebClientAntBuildXMLFile
정보: the web client ant build.xml file[D:\gitsinnori\sinnori\project\sample_test\client_build\web_build\build.xml] is bad :: whetherExist[false] isFile[false]
4월 11, 2018 6:00:18 오후 kr.pe.sinnori.common.buildsystem.ProjectBuilder isValidWebRootXMLFile
정보: the web.xml file[D:\gitsinnori\sinnori\project\sample_test\web_app_base\ROOT\WEB-INF\web.xml] located at web root directory is bad :: whetherExist[false] isFile[false]
4월 11, 2018 6:00:18 오후 kr.pe.sinnori.common.buildsystem.ProjectBuilder changeProjectState
정보: main project[sample_test] changeProjectState method start
4월 11, 2018 6:00:18 오후 kr.pe.sinnori.common.buildsystem.ProjectBuilder isValidServerAntBuildXMLFile
정보: the server ant build.xml file[D:\gitsinnori\sinnori\project\sample_test\server_build\build.xml] is bad :: whetherExist[false] isFile[false]
4월 11, 2018 6:00:18 오후 kr.pe.sinnori.common.buildsystem.ProjectBuilder changeProjectState
경고: the server buid.xml file[D:\gitsinnori\sinnori\project\sample_test\server_build\build.xml] is bad beacse it doesn't exist or is not a file, so skip deletion of server build system
4월 11, 2018 6:00:18 오후 kr.pe.sinnori.common.buildsystem.ProjectBuilder changeProjectState
경고: the app client build path[D:\gitsinnori\sinnori\project\sample_test\client_build\app_build] exist, so skip creation of app client build system
4월 11, 2018 6:00:18 오후 kr.pe.sinnori.common.buildsystem.ProjectBuilder createWebBuildChildDirectories
정보: main project[sample_test]'s web build child direcotry creation task start
4월 11, 2018 6:00:18 오후 kr.pe.sinnori.common.util.CommonStaticUtil createChildDirectoriesOfBasePath
정보: the new child relative direcotry[D:\gitsinnori\sinnori\project\sample_test][client_build/web_build/corelib/ex] was created successfully
4월 11, 2018 6:00:18 오후 kr.pe.sinnori.common.util.CommonStaticUtil createChildDirectoriesOfBasePath
정보: the new child relative direcotry[D:\gitsinnori\sinnori\project\sample_test][client_build/web_build/corelib/in] was created successfully
4월 11, 2018 6:00:18 오후 kr.pe.sinnori.common.util.CommonStaticUtil createChildDirectoriesOfBasePath
정보: the new child relative direcotry[D:\gitsinnori\sinnori\project\sample_test][client_build/web_build/lib/main/ex] was created successfully
4월 11, 2018 6:00:18 오후 kr.pe.sinnori.common.util.CommonStaticUtil createChildDirectoriesOfBasePath
정보: the new child relative direcotry[D:\gitsinnori\sinnori\project\sample_test][client_build/web_build/lib/main/in] was created successfully
4월 11, 2018 6:00:18 오후 kr.pe.sinnori.common.util.CommonStaticUtil createChildDirectoriesOfBasePath
정보: the new child relative direcotry[D:\gitsinnori\sinnori\project\sample_test][client_build/web_build/lib/test] was created successfully
4월 11, 2018 6:00:18 오후 kr.pe.sinnori.common.util.CommonStaticUtil createChildDirectoriesOfBasePath
정보: the new child relative direcotry[D:\gitsinnori\sinnori\project\sample_test][client_build/web_build/src/main/java/kr/pe/sinnori/impl/message] was created successfully
4월 11, 2018 6:00:18 오후 kr.pe.sinnori.common.util.CommonStaticUtil createChildDirectoriesOfBasePath
정보: the new child relative direcotry[D:\gitsinnori\sinnori\project\sample_test][client_build/web_build/src/main/java//kr/pe/sinnori/servlet] was created successfully
4월 11, 2018 6:00:18 오후 kr.pe.sinnori.common.util.CommonStaticUtil createChildDirectoriesOfBasePath
정보: the new child relative direcotry[D:\gitsinnori\sinnori\project\sample_test][client_build/web_build/src/main/java/kr/pe/sinnori/weblib/common] was created successfully
4월 11, 2018 6:00:18 오후 kr.pe.sinnori.common.util.CommonStaticUtil createChildDirectoriesOfBasePath
정보: the new child relative direcotry[D:\gitsinnori\sinnori\project\sample_test][client_build/web_build/src/main/java/kr/pe/sinnori/weblib/htmlstring] was created successfully
4월 11, 2018 6:00:18 오후 kr.pe.sinnori.common.util.CommonStaticUtil createChildDirectoriesOfBasePath
정보: the new child relative direcotry[D:\gitsinnori\sinnori\project\sample_test][client_build/web_build/src/main/java/kr/pe/sinnori/weblib/jdf] was created successfully
4월 11, 2018 6:00:18 오후 kr.pe.sinnori.common.util.CommonStaticUtil createChildDirectoriesOfBasePath
정보: the new child relative direcotry[D:\gitsinnori\sinnori\project\sample_test][client_build/web_build/src/test/java] was created successfully
4월 11, 2018 6:00:18 오후 kr.pe.sinnori.common.util.CommonStaticUtil createChildDirectoriesOfBasePath
정보: the new child relative direcotry[D:\gitsinnori\sinnori\project\sample_test][client_build/web_build/build] was created successfully
4월 11, 2018 6:00:18 오후 kr.pe.sinnori.common.util.CommonStaticUtil createChildDirectoriesOfBasePath
정보: the new child relative direcotry[D:\gitsinnori\sinnori\project\sample_test][client_build/web_build/dist] was created successfully
4월 11, 2018 6:00:18 오후 kr.pe.sinnori.common.buildsystem.ProjectBuilder createWebBuildChildDirectories
정보: main project[sample_test]'s web build child direcotry creation task end
4월 11, 2018 6:00:18 오후 kr.pe.sinnori.common.buildsystem.ProjectBuilder createWebClientBuildSystemFiles
정보: main project[sample_test]'s web client build system files creation task start
4월 11, 2018 6:00:18 오후 kr.pe.sinnori.common.buildsystem.ProjectBuilder createNewWebClientAntBuildFile
정보: main project[sample_test]'s web client ant build.xml file creation task start
4월 11, 2018 6:00:18 오후 kr.pe.sinnori.common.buildsystem.ProjectBuilder createNewWebClientAntBuildFile
정보: main project[sample_test]'s web client ant build.xml file creation task end
4월 11, 2018 6:00:18 오후 kr.pe.sinnori.common.buildsystem.ProjectBuilder createNewWebClientAntPropertiesFile
정보: main project[sample_test]'s web client ant properties file creation task start
4월 11, 2018 6:00:18 오후 kr.pe.sinnori.common.util.SequencedPropertiesUtil createNewSequencedPropertiesFile
정보: the sequenced properties file[D:\gitsinnori\sinnori\project\sample_test\client_build\web_build\webAnt.properties] was created
4월 11, 2018 6:00:18 오후 kr.pe.sinnori.common.buildsystem.ProjectBuilder createNewWebClientAntPropertiesFile
정보: main project[sample_test]'s web client ant properties file creation task end
4월 11, 2018 6:00:18 오후 kr.pe.sinnori.common.buildsystem.ProjectBuilder createNewWebClientMessageIOFileSet
정보: main project[sample_test]'s web client message io file set creation task start
4월 11, 2018 6:00:18 오후 kr.pe.sinnori.common.util.CommonStaticUtil createChildDirectoriesOfBasePath
정보: the new child relative direcotry[D:\gitsinnori\sinnori\project\sample_test\client_build\web_build\src\main\java\kr\pe\sinnori\impl\message][Echo] was created successfully
4월 11, 2018 6:00:18 오후 kr.pe.sinnori.common.buildsystem.ProjectBuilder createNewMessageSourceFile
정보: main project[sample_test]'s message file[Echo][D:\gitsinnori\sinnori\project\sample_test\client_build\web_build\src\main\java\kr\pe\sinnori\impl\message] creation task start
4월 11, 2018 6:00:18 오후 kr.pe.sinnori.common.buildsystem.ProjectBuilder createNewMessageSourceFile
정보: main project[sample_test]'s message file[Echo][D:\gitsinnori\sinnori\project\sample_test\client_build\web_build\src\main\java\kr\pe\sinnori\impl\message] creation task end
4월 11, 2018 6:00:18 오후 kr.pe.sinnori.common.buildsystem.ProjectBuilder createNewDecoderSourceFile
정보: main project[sample_test]'s message decoder file[Echo][D:\gitsinnori\sinnori\project\sample_test\client_build\web_build\src\main\java\kr\pe\sinnori\impl\message] creation task start
4월 11, 2018 6:00:18 오후 kr.pe.sinnori.common.buildsystem.ProjectBuilder createNewDecoderSourceFile
정보: main project[sample_test]'s message decoder file[Echo][D:\gitsinnori\sinnori\project\sample_test\client_build\web_build\src\main\java\kr\pe\sinnori\impl\message] creation task end
4월 11, 2018 6:00:18 오후 kr.pe.sinnori.common.buildsystem.ProjectBuilder createNewEncoderSourceFile
정보: main project[sample_test]'s message encoder file[Echo][D:\gitsinnori\sinnori\project\sample_test\client_build\web_build\src\main\java\kr\pe\sinnori\impl\message] creation task start
4월 11, 2018 6:00:18 오후 kr.pe.sinnori.common.buildsystem.ProjectBuilder createNewEncoderSourceFile
정보: main project[sample_test]'s message encoder file[Echo][D:\gitsinnori\sinnori\project\sample_test\client_build\web_build\src\main\java\kr\pe\sinnori\impl\message] creation task end
4월 11, 2018 6:00:18 오후 kr.pe.sinnori.common.buildsystem.ProjectBuilder createNewServerCodecSourceFile
정보: main project[sample_test]'s message server codec file[Echo][D:\gitsinnori\sinnori\project\sample_test\client_build\web_build\src\main\java\kr\pe\sinnori\impl\message] creation task start
4월 11, 2018 6:00:18 오후 kr.pe.sinnori.common.buildsystem.ProjectBuilder createNewServerCodecSourceFile
정보: main project[sample_test]'s message server codec file[Echo][D:\gitsinnori\sinnori\project\sample_test\client_build\web_build\src\main\java\kr\pe\sinnori\impl\message] creation task end
4월 11, 2018 6:00:18 오후 kr.pe.sinnori.common.buildsystem.ProjectBuilder createNewClientCodecSourceFile
정보: main project[sample_test]'s message client codec file[Echo][D:\gitsinnori\sinnori\project\sample_test\client_build\web_build\src\main\java\kr\pe\sinnori\impl\message] creation task start
4월 11, 2018 6:00:18 오후 kr.pe.sinnori.common.buildsystem.ProjectBuilder createNewClientCodecSourceFile
정보: main project[sample_test]'s message client codec file[Echo][D:\gitsinnori\sinnori\project\sample_test\client_build\web_build\src\main\java\kr\pe\sinnori\impl\message] creation task end
4월 11, 2018 6:00:18 오후 kr.pe.sinnori.common.util.CommonStaticUtil createChildDirectoriesOfBasePath
정보: the new child relative direcotry[D:\gitsinnori\sinnori\project\sample_test\client_build\web_build\src\main\java\kr\pe\sinnori\impl\message][PublicKeyReq] was created successfully
4월 11, 2018 6:00:18 오후 kr.pe.sinnori.common.buildsystem.ProjectBuilder createNewMessageSourceFile
정보: main project[sample_test]'s message file[PublicKeyReq][D:\gitsinnori\sinnori\project\sample_test\client_build\web_build\src\main\java\kr\pe\sinnori\impl\message] creation task start
4월 11, 2018 6:00:18 오후 kr.pe.sinnori.common.buildsystem.ProjectBuilder createNewMessageSourceFile
정보: main project[sample_test]'s message file[PublicKeyReq][D:\gitsinnori\sinnori\project\sample_test\client_build\web_build\src\main\java\kr\pe\sinnori\impl\message] creation task end
4월 11, 2018 6:00:18 오후 kr.pe.sinnori.common.buildsystem.ProjectBuilder createNewDecoderSourceFile
정보: main project[sample_test]'s message decoder file[PublicKeyReq][D:\gitsinnori\sinnori\project\sample_test\client_build\web_build\src\main\java\kr\pe\sinnori\impl\message] creation task start
4월 11, 2018 6:00:18 오후 kr.pe.sinnori.common.buildsystem.ProjectBuilder createNewDecoderSourceFile
정보: main project[sample_test]'s message decoder file[PublicKeyReq][D:\gitsinnori\sinnori\project\sample_test\client_build\web_build\src\main\java\kr\pe\sinnori\impl\message] creation task end
4월 11, 2018 6:00:18 오후 kr.pe.sinnori.common.buildsystem.ProjectBuilder createNewEncoderSourceFile
정보: main project[sample_test]'s message encoder file[PublicKeyReq][D:\gitsinnori\sinnori\project\sample_test\client_build\web_build\src\main\java\kr\pe\sinnori\impl\message] creation task start
4월 11, 2018 6:00:18 오후 kr.pe.sinnori.common.buildsystem.ProjectBuilder createNewEncoderSourceFile
정보: main project[sample_test]'s message encoder file[PublicKeyReq][D:\gitsinnori\sinnori\project\sample_test\client_build\web_build\src\main\java\kr\pe\sinnori\impl\message] creation task end
4월 11, 2018 6:00:18 오후 kr.pe.sinnori.common.buildsystem.ProjectBuilder createNewServerCodecSourceFile
정보: main project[sample_test]'s message server codec file[PublicKeyReq][D:\gitsinnori\sinnori\project\sample_test\client_build\web_build\src\main\java\kr\pe\sinnori\impl\message] creation task start
4월 11, 2018 6:00:18 오후 kr.pe.sinnori.common.buildsystem.ProjectBuilder createNewServerCodecSourceFile
정보: main project[sample_test]'s message server codec file[PublicKeyReq][D:\gitsinnori\sinnori\project\sample_test\client_build\web_build\src\main\java\kr\pe\sinnori\impl\message] creation task end
4월 11, 2018 6:00:18 오후 kr.pe.sinnori.common.buildsystem.ProjectBuilder createNewClientCodecSourceFile
정보: main project[sample_test]'s message client codec file[PublicKeyReq][D:\gitsinnori\sinnori\project\sample_test\client_build\web_build\src\main\java\kr\pe\sinnori\impl\message] creation task start
4월 11, 2018 6:00:18 오후 kr.pe.sinnori.common.buildsystem.ProjectBuilder createNewClientCodecSourceFile
정보: main project[sample_test]'s message client codec file[PublicKeyReq][D:\gitsinnori\sinnori\project\sample_test\client_build\web_build\src\main\java\kr\pe\sinnori\impl\message] creation task end
4월 11, 2018 6:00:18 오후 kr.pe.sinnori.common.util.CommonStaticUtil createChildDirectoriesOfBasePath
정보: the new child relative direcotry[D:\gitsinnori\sinnori\project\sample_test\client_build\web_build\src\main\java\kr\pe\sinnori\impl\message][PublicKeyRes] was created successfully
4월 11, 2018 6:00:18 오후 kr.pe.sinnori.common.buildsystem.ProjectBuilder createNewMessageSourceFile
정보: main project[sample_test]'s message file[PublicKeyRes][D:\gitsinnori\sinnori\project\sample_test\client_build\web_build\src\main\java\kr\pe\sinnori\impl\message] creation task start
4월 11, 2018 6:00:18 오후 kr.pe.sinnori.common.buildsystem.ProjectBuilder createNewMessageSourceFile
정보: main project[sample_test]'s message file[PublicKeyRes][D:\gitsinnori\sinnori\project\sample_test\client_build\web_build\src\main\java\kr\pe\sinnori\impl\message] creation task end
4월 11, 2018 6:00:18 오후 kr.pe.sinnori.common.buildsystem.ProjectBuilder createNewDecoderSourceFile
정보: main project[sample_test]'s message decoder file[PublicKeyRes][D:\gitsinnori\sinnori\project\sample_test\client_build\web_build\src\main\java\kr\pe\sinnori\impl\message] creation task start
4월 11, 2018 6:00:18 오후 kr.pe.sinnori.common.buildsystem.ProjectBuilder createNewDecoderSourceFile
정보: main project[sample_test]'s message decoder file[PublicKeyRes][D:\gitsinnori\sinnori\project\sample_test\client_build\web_build\src\main\java\kr\pe\sinnori\impl\message] creation task end
4월 11, 2018 6:00:18 오후 kr.pe.sinnori.common.buildsystem.ProjectBuilder createNewEncoderSourceFile
정보: main project[sample_test]'s message encoder file[PublicKeyRes][D:\gitsinnori\sinnori\project\sample_test\client_build\web_build\src\main\java\kr\pe\sinnori\impl\message] creation task start
4월 11, 2018 6:00:18 오후 kr.pe.sinnori.common.buildsystem.ProjectBuilder createNewEncoderSourceFile
정보: main project[sample_test]'s message encoder file[PublicKeyRes][D:\gitsinnori\sinnori\project\sample_test\client_build\web_build\src\main\java\kr\pe\sinnori\impl\message] creation task end
4월 11, 2018 6:00:18 오후 kr.pe.sinnori.common.buildsystem.ProjectBuilder createNewServerCodecSourceFile
정보: main project[sample_test]'s message server codec file[PublicKeyRes][D:\gitsinnori\sinnori\project\sample_test\client_build\web_build\src\main\java\kr\pe\sinnori\impl\message] creation task start
4월 11, 2018 6:00:18 오후 kr.pe.sinnori.common.buildsystem.ProjectBuilder createNewServerCodecSourceFile
정보: main project[sample_test]'s message server codec file[PublicKeyRes][D:\gitsinnori\sinnori\project\sample_test\client_build\web_build\src\main\java\kr\pe\sinnori\impl\message] creation task end
4월 11, 2018 6:00:18 오후 kr.pe.sinnori.common.buildsystem.ProjectBuilder createNewClientCodecSourceFile
정보: main project[sample_test]'s message client codec file[PublicKeyRes][D:\gitsinnori\sinnori\project\sample_test\client_build\web_build\src\main\java\kr\pe\sinnori\impl\message] creation task start
4월 11, 2018 6:00:18 오후 kr.pe.sinnori.common.buildsystem.ProjectBuilder createNewClientCodecSourceFile
정보: main project[sample_test]'s message client codec file[PublicKeyRes][D:\gitsinnori\sinnori\project\sample_test\client_build\web_build\src\main\java\kr\pe\sinnori\impl\message] creation task end
4월 11, 2018 6:00:18 오후 kr.pe.sinnori.common.buildsystem.ProjectBuilder createNewWebClientMessageIOFileSet
정보: main project[sample_test]'s web client message io file set creation task end
4월 11, 2018 6:00:18 오후 kr.pe.sinnori.common.buildsystem.ProjectBuilder copyWebClientSampleFiles
정보: mainproject[sample_test]'s web client sample source files copy task start
4월 11, 2018 6:00:18 오후 kr.pe.sinnori.common.buildsystem.ProjectBuilder copyWebClientSampleFiles
정보: mainproject[sample_test]'s web client sample source files copy task end
4월 11, 2018 6:00:18 오후 kr.pe.sinnori.common.buildsystem.ProjectBuilder createWebClientBuildSystemFiles
정보: main project[sample_test]'s web client build system files creation task end
4월 11, 2018 6:00:18 오후 kr.pe.sinnori.common.buildsystem.ProjectBuilder createWebRootChildDirectories
정보: main project[sample_test]'s web root child direcotry creation task start
4월 11, 2018 6:00:18 오후 kr.pe.sinnori.common.util.CommonStaticUtil createChildDirectoriesOfBasePath
정보: the child relative direcotry[D:\gitsinnori\sinnori\project\sample_test][web_app_base/upload] exist, so nothing
4월 11, 2018 6:00:18 오후 kr.pe.sinnori.common.util.CommonStaticUtil createChildDirectoriesOfBasePath
정보: the new child relative direcotry[D:\gitsinnori\sinnori\project\sample_test][web_app_base/ROOT/WEB-INF/classes] was created successfully
4월 11, 2018 6:00:18 오후 kr.pe.sinnori.common.util.CommonStaticUtil createChildDirectoriesOfBasePath
정보: the new child relative direcotry[D:\gitsinnori\sinnori\project\sample_test][web_app_base/ROOT/WEB-INF/lib] was created successfully
4월 11, 2018 6:00:18 오후 kr.pe.sinnori.common.buildsystem.ProjectBuilder createWebRootChildDirectories
정보: main project[sample_test]'s web root child direcotry creation task end
4월 11, 2018 6:00:18 오후 kr.pe.sinnori.common.buildsystem.ProjectBuilder createWebRootSampleFiles
정보: main project[sample_test]'s web root sample files creation task start
4월 11, 2018 6:00:18 오후 kr.pe.sinnori.common.buildsystem.ProjectBuilder copyWebRootSampleFiles
정보: main project[sample_test]'s web root sample files copy task start
4월 11, 2018 6:00:18 오후 kr.pe.sinnori.common.buildsystem.ProjectBuilder copyWebRootSampleFiles
정보: main project[sample_test]'s web root sample files copy task end
4월 11, 2018 6:00:18 오후 kr.pe.sinnori.common.buildsystem.ProjectBuilder createWebRootSampleFiles
정보: main project[sample_test]'s web root sample files creation task end
4월 11, 2018 6:00:18 오후 kr.pe.sinnori.common.buildsystem.ProjectBuilder overwriteSinnoriConfigFile
정보: main project[sample_test]'s config file overwrite task start
4월 11, 2018 6:00:18 오후 kr.pe.sinnori.common.buildsystem.ProjectBuilder overwriteSinnoriConfigFile
정보: main project[sample_test]'s config file overwrite task end
4월 11, 2018 6:00:18 오후 kr.pe.sinnori.common.buildsystem.ProjectBuilder changeProjectState
정보: main project[sample_test] changeProjectState method end
4월 11, 2018 6:00:18 오후 kr.pe.sinnori.common.buildsystem.ProjectBuilder isValidServerAntBuildXMLFile
정보: the server ant build.xml file[D:\gitsinnori\sinnori\project\sample_test\server_build\build.xml] is bad :: whetherExist[false] isFile[false]
4월 11, 2018 6:00:18 오후 kr.pe.sinnori.common.buildsystem.ProjectBuilder changeProjectState
정보: main project[sample_test] changeProjectState method start
4월 11, 2018 6:00:18 오후 kr.pe.sinnori.common.buildsystem.ProjectBuilder createServerBuildChildDirectories
정보: main project[sample_test]'s server child direcotry creation task start
4월 11, 2018 6:00:18 오후 kr.pe.sinnori.common.util.CommonStaticUtil createChildDirectoriesOfBasePath
정보: the new child relative direcotry[D:\gitsinnori\sinnori\project\sample_test][server_build/APP-INF/classes] was created successfully
4월 11, 2018 6:00:18 오후 kr.pe.sinnori.common.util.CommonStaticUtil createChildDirectoriesOfBasePath
정보: the new child relative direcotry[D:\gitsinnori\sinnori\project\sample_test][server_build/corelib/ex] was created successfully
4월 11, 2018 6:00:18 오후 kr.pe.sinnori.common.util.CommonStaticUtil createChildDirectoriesOfBasePath
정보: the new child relative direcotry[D:\gitsinnori\sinnori\project\sample_test][server_build/corelib/in] was created successfully
4월 11, 2018 6:00:18 오후 kr.pe.sinnori.common.util.CommonStaticUtil createChildDirectoriesOfBasePath
정보: the new child relative direcotry[D:\gitsinnori\sinnori\project\sample_test][server_build/lib/main/ex] was created successfully
4월 11, 2018 6:00:18 오후 kr.pe.sinnori.common.util.CommonStaticUtil createChildDirectoriesOfBasePath
정보: the new child relative direcotry[D:\gitsinnori\sinnori\project\sample_test][server_build/lib/main/in] was created successfully
4월 11, 2018 6:00:18 오후 kr.pe.sinnori.common.util.CommonStaticUtil createChildDirectoriesOfBasePath
정보: the new child relative direcotry[D:\gitsinnori\sinnori\project\sample_test][server_build/lib/test] was created successfully
4월 11, 2018 6:00:18 오후 kr.pe.sinnori.common.util.CommonStaticUtil createChildDirectoriesOfBasePath
정보: the new child relative direcotry[D:\gitsinnori\sinnori\project\sample_test][server_build/src/main/java/kr/pe/sinnori/impl/servertask] was created successfully
4월 11, 2018 6:00:18 오후 kr.pe.sinnori.common.util.CommonStaticUtil createChildDirectoriesOfBasePath
정보: the new child relative direcotry[D:\gitsinnori\sinnori\project\sample_test][server_build/src/main/java/kr/pe/sinnori/impl/message] was created successfully
4월 11, 2018 6:00:18 오후 kr.pe.sinnori.common.util.CommonStaticUtil createChildDirectoriesOfBasePath
정보: the new child relative direcotry[D:\gitsinnori\sinnori\project\sample_test][server_build/src/main/java/main] was created successfully
4월 11, 2018 6:00:18 오후 kr.pe.sinnori.common.util.CommonStaticUtil createChildDirectoriesOfBasePath
정보: the new child relative direcotry[D:\gitsinnori\sinnori\project\sample_test][server_build/src/test/java] was created successfully
4월 11, 2018 6:00:18 오후 kr.pe.sinnori.common.util.CommonStaticUtil createChildDirectoriesOfBasePath
정보: the new child relative direcotry[D:\gitsinnori\sinnori\project\sample_test][server_build/build] was created successfully
4월 11, 2018 6:00:18 오후 kr.pe.sinnori.common.util.CommonStaticUtil createChildDirectoriesOfBasePath
정보: the new child relative direcotry[D:\gitsinnori\sinnori\project\sample_test][server_build/dist] was created successfully
4월 11, 2018 6:00:18 오후 kr.pe.sinnori.common.buildsystem.ProjectBuilder createServerBuildChildDirectories
정보: main project[sample_test]'s server child direcotry creation task end
4월 11, 2018 6:00:18 오후 kr.pe.sinnori.common.buildsystem.ProjectBuilder createServerBuildSystemFiles
정보: server build system files creation task start
4월 11, 2018 6:00:18 오후 kr.pe.sinnori.common.buildsystem.ProjectBuilder createNewServerAntBuildXMLFile
정보: main project[sample_test]'s server ant build.xml file creation task start
4월 11, 2018 6:00:18 오후 kr.pe.sinnori.common.buildsystem.ProjectBuilder createNewServerAntBuildXMLFile
정보: main project[sample_test]'s server ant build.xml file creation task end
4월 11, 2018 6:00:18 오후 kr.pe.sinnori.common.buildsystem.ProjectBuilder createNewServerDosShellFile
정보: main project[sample_test]'s server dos shell file creation task start
4월 11, 2018 6:00:18 오후 kr.pe.sinnori.common.buildsystem.ProjectBuilder createNewServerDosShellFile
정보: main project[sample_test]'s server dos shell file creation task end
4월 11, 2018 6:00:18 오후 kr.pe.sinnori.common.buildsystem.ProjectBuilder createNewServerUnixShellFile
정보: main project[sample_test]'s server unix shell file creation task start
4월 11, 2018 6:00:18 오후 kr.pe.sinnori.common.buildsystem.ProjectBuilder createNewServerUnixShellFile
정보: main project[sample_test]'s server unix shell file creation task end
4월 11, 2018 6:00:18 오후 kr.pe.sinnori.common.buildsystem.ProjectBuilder copyServerSampleFiles
정보: server sample source files copy task start
4월 11, 2018 6:00:18 오후 kr.pe.sinnori.common.buildsystem.ProjectBuilder copyServerSampleFiles
정보: server sample source files copy task end
4월 11, 2018 6:00:18 오후 kr.pe.sinnori.common.buildsystem.ProjectBuilder createServerMessageIOFileSet
정보: main project[sample_test]'s server message io file set creation task start
4월 11, 2018 6:00:18 오후 kr.pe.sinnori.common.util.CommonStaticUtil createChildDirectoriesOfBasePath
정보: the new child relative direcotry[D:\gitsinnori\sinnori\project\sample_test\server_build\src\main\java\kr\pe\sinnori\impl\message][Echo] was created successfully
4월 11, 2018 6:00:18 오후 kr.pe.sinnori.common.buildsystem.ProjectBuilder createNewMessageSourceFile
정보: main project[sample_test]'s message file[Echo][D:\gitsinnori\sinnori\project\sample_test\server_build\src\main\java\kr\pe\sinnori\impl\message] creation task start
4월 11, 2018 6:00:18 오후 kr.pe.sinnori.common.buildsystem.ProjectBuilder createNewMessageSourceFile
정보: main project[sample_test]'s message file[Echo][D:\gitsinnori\sinnori\project\sample_test\server_build\src\main\java\kr\pe\sinnori\impl\message] creation task end
4월 11, 2018 6:00:18 오후 kr.pe.sinnori.common.buildsystem.ProjectBuilder createNewDecoderSourceFile
정보: main project[sample_test]'s message decoder file[Echo][D:\gitsinnori\sinnori\project\sample_test\server_build\src\main\java\kr\pe\sinnori\impl\message] creation task start
4월 11, 2018 6:00:18 오후 kr.pe.sinnori.common.buildsystem.ProjectBuilder createNewDecoderSourceFile
정보: main project[sample_test]'s message decoder file[Echo][D:\gitsinnori\sinnori\project\sample_test\server_build\src\main\java\kr\pe\sinnori\impl\message] creation task end
4월 11, 2018 6:00:18 오후 kr.pe.sinnori.common.buildsystem.ProjectBuilder createNewEncoderSourceFile
정보: main project[sample_test]'s message encoder file[Echo][D:\gitsinnori\sinnori\project\sample_test\server_build\src\main\java\kr\pe\sinnori\impl\message] creation task start
4월 11, 2018 6:00:18 오후 kr.pe.sinnori.common.buildsystem.ProjectBuilder createNewEncoderSourceFile
정보: main project[sample_test]'s message encoder file[Echo][D:\gitsinnori\sinnori\project\sample_test\server_build\src\main\java\kr\pe\sinnori\impl\message] creation task end
4월 11, 2018 6:00:18 오후 kr.pe.sinnori.common.buildsystem.ProjectBuilder createNewServerCodecSourceFile
정보: main project[sample_test]'s message server codec file[Echo][D:\gitsinnori\sinnori\project\sample_test\server_build\src\main\java\kr\pe\sinnori\impl\message] creation task start
4월 11, 2018 6:00:18 오후 kr.pe.sinnori.common.buildsystem.ProjectBuilder createNewServerCodecSourceFile
정보: main project[sample_test]'s message server codec file[Echo][D:\gitsinnori\sinnori\project\sample_test\server_build\src\main\java\kr\pe\sinnori\impl\message] creation task end
4월 11, 2018 6:00:18 오후 kr.pe.sinnori.common.buildsystem.ProjectBuilder createNewClientCodecSourceFile
정보: main project[sample_test]'s message client codec file[Echo][D:\gitsinnori\sinnori\project\sample_test\server_build\src\main\java\kr\pe\sinnori\impl\message] creation task start
4월 11, 2018 6:00:18 오후 kr.pe.sinnori.common.buildsystem.ProjectBuilder createNewClientCodecSourceFile
정보: main project[sample_test]'s message client codec file[Echo][D:\gitsinnori\sinnori\project\sample_test\server_build\src\main\java\kr\pe\sinnori\impl\message] creation task end
4월 11, 2018 6:00:18 오후 kr.pe.sinnori.common.util.CommonStaticUtil createChildDirectoriesOfBasePath
정보: the new child relative direcotry[D:\gitsinnori\sinnori\project\sample_test\server_build\src\main\java\kr\pe\sinnori\impl\message][PublicKeyReq] was created successfully
4월 11, 2018 6:00:18 오후 kr.pe.sinnori.common.buildsystem.ProjectBuilder createNewMessageSourceFile
정보: main project[sample_test]'s message file[PublicKeyReq][D:\gitsinnori\sinnori\project\sample_test\server_build\src\main\java\kr\pe\sinnori\impl\message] creation task start
4월 11, 2018 6:00:18 오후 kr.pe.sinnori.common.buildsystem.ProjectBuilder createNewMessageSourceFile
정보: main project[sample_test]'s message file[PublicKeyReq][D:\gitsinnori\sinnori\project\sample_test\server_build\src\main\java\kr\pe\sinnori\impl\message] creation task end
4월 11, 2018 6:00:18 오후 kr.pe.sinnori.common.buildsystem.ProjectBuilder createNewDecoderSourceFile
정보: main project[sample_test]'s message decoder file[PublicKeyReq][D:\gitsinnori\sinnori\project\sample_test\server_build\src\main\java\kr\pe\sinnori\impl\message] creation task start
4월 11, 2018 6:00:18 오후 kr.pe.sinnori.common.buildsystem.ProjectBuilder createNewDecoderSourceFile
정보: main project[sample_test]'s message decoder file[PublicKeyReq][D:\gitsinnori\sinnori\project\sample_test\server_build\src\main\java\kr\pe\sinnori\impl\message] creation task end
4월 11, 2018 6:00:18 오후 kr.pe.sinnori.common.buildsystem.ProjectBuilder createNewEncoderSourceFile
정보: main project[sample_test]'s message encoder file[PublicKeyReq][D:\gitsinnori\sinnori\project\sample_test\server_build\src\main\java\kr\pe\sinnori\impl\message] creation task start
4월 11, 2018 6:00:18 오후 kr.pe.sinnori.common.buildsystem.ProjectBuilder createNewEncoderSourceFile
정보: main project[sample_test]'s message encoder file[PublicKeyReq][D:\gitsinnori\sinnori\project\sample_test\server_build\src\main\java\kr\pe\sinnori\impl\message] creation task end
4월 11, 2018 6:00:18 오후 kr.pe.sinnori.common.buildsystem.ProjectBuilder createNewServerCodecSourceFile
정보: main project[sample_test]'s message server codec file[PublicKeyReq][D:\gitsinnori\sinnori\project\sample_test\server_build\src\main\java\kr\pe\sinnori\impl\message] creation task start
4월 11, 2018 6:00:18 오후 kr.pe.sinnori.common.buildsystem.ProjectBuilder createNewServerCodecSourceFile
정보: main project[sample_test]'s message server codec file[PublicKeyReq][D:\gitsinnori\sinnori\project\sample_test\server_build\src\main\java\kr\pe\sinnori\impl\message] creation task end
4월 11, 2018 6:00:18 오후 kr.pe.sinnori.common.buildsystem.ProjectBuilder createNewClientCodecSourceFile
정보: main project[sample_test]'s message client codec file[PublicKeyReq][D:\gitsinnori\sinnori\project\sample_test\server_build\src\main\java\kr\pe\sinnori\impl\message] creation task start
4월 11, 2018 6:00:18 오후 kr.pe.sinnori.common.buildsystem.ProjectBuilder createNewClientCodecSourceFile
정보: main project[sample_test]'s message client codec file[PublicKeyReq][D:\gitsinnori\sinnori\project\sample_test\server_build\src\main\java\kr\pe\sinnori\impl\message] creation task end
4월 11, 2018 6:00:18 오후 kr.pe.sinnori.common.util.CommonStaticUtil createChildDirectoriesOfBasePath
정보: the new child relative direcotry[D:\gitsinnori\sinnori\project\sample_test\server_build\src\main\java\kr\pe\sinnori\impl\message][PublicKeyRes] was created successfully
4월 11, 2018 6:00:18 오후 kr.pe.sinnori.common.buildsystem.ProjectBuilder createNewMessageSourceFile
정보: main project[sample_test]'s message file[PublicKeyRes][D:\gitsinnori\sinnori\project\sample_test\server_build\src\main\java\kr\pe\sinnori\impl\message] creation task start
4월 11, 2018 6:00:18 오후 kr.pe.sinnori.common.buildsystem.ProjectBuilder createNewMessageSourceFile
정보: main project[sample_test]'s message file[PublicKeyRes][D:\gitsinnori\sinnori\project\sample_test\server_build\src\main\java\kr\pe\sinnori\impl\message] creation task end
4월 11, 2018 6:00:18 오후 kr.pe.sinnori.common.buildsystem.ProjectBuilder createNewDecoderSourceFile
정보: main project[sample_test]'s message decoder file[PublicKeyRes][D:\gitsinnori\sinnori\project\sample_test\server_build\src\main\java\kr\pe\sinnori\impl\message] creation task start
4월 11, 2018 6:00:18 오후 kr.pe.sinnori.common.buildsystem.ProjectBuilder createNewDecoderSourceFile
정보: main project[sample_test]'s message decoder file[PublicKeyRes][D:\gitsinnori\sinnori\project\sample_test\server_build\src\main\java\kr\pe\sinnori\impl\message] creation task end
4월 11, 2018 6:00:18 오후 kr.pe.sinnori.common.buildsystem.ProjectBuilder createNewEncoderSourceFile
정보: main project[sample_test]'s message encoder file[PublicKeyRes][D:\gitsinnori\sinnori\project\sample_test\server_build\src\main\java\kr\pe\sinnori\impl\message] creation task start
4월 11, 2018 6:00:18 오후 kr.pe.sinnori.common.buildsystem.ProjectBuilder createNewEncoderSourceFile
정보: main project[sample_test]'s message encoder file[PublicKeyRes][D:\gitsinnori\sinnori\project\sample_test\server_build\src\main\java\kr\pe\sinnori\impl\message] creation task end
4월 11, 2018 6:00:18 오후 kr.pe.sinnori.common.buildsystem.ProjectBuilder createNewServerCodecSourceFile
정보: main project[sample_test]'s message server codec file[PublicKeyRes][D:\gitsinnori\sinnori\project\sample_test\server_build\src\main\java\kr\pe\sinnori\impl\message] creation task start
4월 11, 2018 6:00:18 오후 kr.pe.sinnori.common.buildsystem.ProjectBuilder createNewServerCodecSourceFile
정보: main project[sample_test]'s message server codec file[PublicKeyRes][D:\gitsinnori\sinnori\project\sample_test\server_build\src\main\java\kr\pe\sinnori\impl\message] creation task end
4월 11, 2018 6:00:18 오후 kr.pe.sinnori.common.buildsystem.ProjectBuilder createNewClientCodecSourceFile
정보: main project[sample_test]'s message client codec file[PublicKeyRes][D:\gitsinnori\sinnori\project\sample_test\server_build\src\main\java\kr\pe\sinnori\impl\message] creation task start
4월 11, 2018 6:00:18 오후 kr.pe.sinnori.common.buildsystem.ProjectBuilder createNewClientCodecSourceFile
정보: main project[sample_test]'s message client codec file[PublicKeyRes][D:\gitsinnori\sinnori\project\sample_test\server_build\src\main\java\kr\pe\sinnori\impl\message] creation task end
4월 11, 2018 6:00:18 오후 kr.pe.sinnori.common.buildsystem.ProjectBuilder createServerMessageIOFileSet
정보: main project[sample_test]'s server message io file set creation task end
4월 11, 2018 6:00:18 오후 kr.pe.sinnori.common.buildsystem.ProjectBuilder createServerBuildSystemFiles
정보: server build system files creation task end
4월 11, 2018 6:00:18 오후 kr.pe.sinnori.common.buildsystem.ProjectBuilder deleteAppClientBuildPath
정보: mainproject[sample_test]'s application client build path deletion task start
4월 11, 2018 6:00:18 오후 kr.pe.sinnori.common.buildsystem.ProjectBuilder deleteAppClientBuildPath
정보: mainproject[sample_test]'s application client build path deletion task end
4월 11, 2018 6:00:18 오후 kr.pe.sinnori.common.buildsystem.ProjectBuilder deleteWebCientBuildPath
정보: main project[sample_test]'s web client build path deletion task start
4월 11, 2018 6:00:18 오후 kr.pe.sinnori.common.buildsystem.ProjectBuilder deleteWebCientBuildPath
정보: main project[sample_test]'s web client build path deletion task end
4월 11, 2018 6:00:18 오후 kr.pe.sinnori.common.buildsystem.ProjectBuilder deleteWebRoot
정보: main project[sample_test]'s web root path deletion task start
4월 11, 2018 6:00:18 오후 kr.pe.sinnori.common.buildsystem.ProjectBuilder deleteWebRoot
정보: main project[sample_test]'s web root path deletion task end
4월 11, 2018 6:00:18 오후 kr.pe.sinnori.common.buildsystem.ProjectBuilder overwriteSinnoriConfigFile
정보: main project[sample_test]'s config file overwrite task start
4월 11, 2018 6:00:18 오후 kr.pe.sinnori.common.buildsystem.ProjectBuilder overwriteSinnoriConfigFile
정보: main project[sample_test]'s config file overwrite task end
4월 11, 2018 6:00:18 오후 kr.pe.sinnori.common.buildsystem.ProjectBuilder changeProjectState
정보: main project[sample_test] changeProjectState method end
4월 11, 2018 6:00:18 오후 kr.pe.sinnori.common.buildsystem.ProjectBuilder isValidAppClientAntBuildXMLFile
정보: the app client ant build.xml file[D:\gitsinnori\sinnori\project\sample_test\client_build\app_build\build.xml] is bad :: whetherExist[false] isFile[false]
4월 11, 2018 6:00:18 오후 kr.pe.sinnori.common.buildsystem.ProjectBuilder isValidWebClientAntBuildXMLFile
정보: the web client ant build.xml file[D:\gitsinnori\sinnori\project\sample_test\client_build\web_build\build.xml] is bad :: whetherExist[false] isFile[false]
4월 11, 2018 6:00:18 오후 kr.pe.sinnori.common.buildsystem.ProjectBuilder isValidWebRootXMLFile
정보: the web.xml file[D:\gitsinnori\sinnori\project\sample_test\web_app_base\ROOT\WEB-INF\web.xml] located at web root directory is bad :: whetherExist[false] isFile[false]
4월 11, 2018 6:00:18 오후 kr.pe.sinnori.common.buildsystem.ProjectBuilder changeProjectState
정보: main project[sample_test] changeProjectState method start
4월 11, 2018 6:00:18 오후 kr.pe.sinnori.common.buildsystem.ProjectBuilder changeProjectState
경고: the server build path[D:\gitsinnori\sinnori\project\sample_test\server_build] exist, so skip creation of server build system
4월 11, 2018 6:00:18 오후 kr.pe.sinnori.common.buildsystem.ProjectBuilder isValidAppClientAntBuildXMLFile
정보: the app client ant build.xml file[D:\gitsinnori\sinnori\project\sample_test\client_build\app_build\build.xml] is bad :: whetherExist[false] isFile[false]
4월 11, 2018 6:00:18 오후 kr.pe.sinnori.common.buildsystem.ProjectBuilder changeProjectState
경고: the app client buid.xml file[D:\gitsinnori\sinnori\project\sample_test\client_build\app_build\build.xml] is bad beacse it doesn't exist or is not a file, so skip deletion of app client build system
4월 11, 2018 6:00:18 오후 kr.pe.sinnori.common.buildsystem.ProjectBuilder createWebBuildChildDirectories
정보: main project[sample_test]'s web build child direcotry creation task start
4월 11, 2018 6:00:18 오후 kr.pe.sinnori.common.util.CommonStaticUtil createChildDirectoriesOfBasePath
정보: the new child relative direcotry[D:\gitsinnori\sinnori\project\sample_test][client_build/web_build/corelib/ex] was created successfully
4월 11, 2018 6:00:18 오후 kr.pe.sinnori.common.util.CommonStaticUtil createChildDirectoriesOfBasePath
정보: the new child relative direcotry[D:\gitsinnori\sinnori\project\sample_test][client_build/web_build/corelib/in] was created successfully
4월 11, 2018 6:00:18 오후 kr.pe.sinnori.common.util.CommonStaticUtil createChildDirectoriesOfBasePath
정보: the new child relative direcotry[D:\gitsinnori\sinnori\project\sample_test][client_build/web_build/lib/main/ex] was created successfully
4월 11, 2018 6:00:18 오후 kr.pe.sinnori.common.util.CommonStaticUtil createChildDirectoriesOfBasePath
정보: the new child relative direcotry[D:\gitsinnori\sinnori\project\sample_test][client_build/web_build/lib/main/in] was created successfully
4월 11, 2018 6:00:18 오후 kr.pe.sinnori.common.util.CommonStaticUtil createChildDirectoriesOfBasePath
정보: the new child relative direcotry[D:\gitsinnori\sinnori\project\sample_test][client_build/web_build/lib/test] was created successfully
4월 11, 2018 6:00:18 오후 kr.pe.sinnori.common.util.CommonStaticUtil createChildDirectoriesOfBasePath
정보: the new child relative direcotry[D:\gitsinnori\sinnori\project\sample_test][client_build/web_build/src/main/java/kr/pe/sinnori/impl/message] was created successfully
4월 11, 2018 6:00:18 오후 kr.pe.sinnori.common.util.CommonStaticUtil createChildDirectoriesOfBasePath
정보: the new child relative direcotry[D:\gitsinnori\sinnori\project\sample_test][client_build/web_build/src/main/java//kr/pe/sinnori/servlet] was created successfully
4월 11, 2018 6:00:18 오후 kr.pe.sinnori.common.util.CommonStaticUtil createChildDirectoriesOfBasePath
정보: the new child relative direcotry[D:\gitsinnori\sinnori\project\sample_test][client_build/web_build/src/main/java/kr/pe/sinnori/weblib/common] was created successfully
4월 11, 2018 6:00:18 오후 kr.pe.sinnori.common.util.CommonStaticUtil createChildDirectoriesOfBasePath
정보: the new child relative direcotry[D:\gitsinnori\sinnori\project\sample_test][client_build/web_build/src/main/java/kr/pe/sinnori/weblib/htmlstring] was created successfully
4월 11, 2018 6:00:18 오후 kr.pe.sinnori.common.util.CommonStaticUtil createChildDirectoriesOfBasePath
정보: the new child relative direcotry[D:\gitsinnori\sinnori\project\sample_test][client_build/web_build/src/main/java/kr/pe/sinnori/weblib/jdf] was created successfully
4월 11, 2018 6:00:18 오후 kr.pe.sinnori.common.util.CommonStaticUtil createChildDirectoriesOfBasePath
정보: the new child relative direcotry[D:\gitsinnori\sinnori\project\sample_test][client_build/web_build/src/test/java] was created successfully
4월 11, 2018 6:00:18 오후 kr.pe.sinnori.common.util.CommonStaticUtil createChildDirectoriesOfBasePath
정보: the new child relative direcotry[D:\gitsinnori\sinnori\project\sample_test][client_build/web_build/build] was created successfully
4월 11, 2018 6:00:18 오후 kr.pe.sinnori.common.util.CommonStaticUtil createChildDirectoriesOfBasePath
정보: the new child relative direcotry[D:\gitsinnori\sinnori\project\sample_test][client_build/web_build/dist] was created successfully
4월 11, 2018 6:00:18 오후 kr.pe.sinnori.common.buildsystem.ProjectBuilder createWebBuildChildDirectories
정보: main project[sample_test]'s web build child direcotry creation task end
4월 11, 2018 6:00:18 오후 kr.pe.sinnori.common.buildsystem.ProjectBuilder createWebClientBuildSystemFiles
정보: main project[sample_test]'s web client build system files creation task start
4월 11, 2018 6:00:18 오후 kr.pe.sinnori.common.buildsystem.ProjectBuilder createNewWebClientAntBuildFile
정보: main project[sample_test]'s web client ant build.xml file creation task start
4월 11, 2018 6:00:18 오후 kr.pe.sinnori.common.buildsystem.ProjectBuilder createNewWebClientAntBuildFile
정보: main project[sample_test]'s web client ant build.xml file creation task end
4월 11, 2018 6:00:18 오후 kr.pe.sinnori.common.buildsystem.ProjectBuilder createNewWebClientAntPropertiesFile
정보: main project[sample_test]'s web client ant properties file creation task start
4월 11, 2018 6:00:18 오후 kr.pe.sinnori.common.util.SequencedPropertiesUtil createNewSequencedPropertiesFile
정보: the sequenced properties file[D:\gitsinnori\sinnori\project\sample_test\client_build\web_build\webAnt.properties] was created
4월 11, 2018 6:00:18 오후 kr.pe.sinnori.common.buildsystem.ProjectBuilder createNewWebClientAntPropertiesFile
정보: main project[sample_test]'s web client ant properties file creation task end
4월 11, 2018 6:00:18 오후 kr.pe.sinnori.common.buildsystem.ProjectBuilder createNewWebClientMessageIOFileSet
정보: main project[sample_test]'s web client message io file set creation task start
4월 11, 2018 6:00:18 오후 kr.pe.sinnori.common.util.CommonStaticUtil createChildDirectoriesOfBasePath
정보: the new child relative direcotry[D:\gitsinnori\sinnori\project\sample_test\client_build\web_build\src\main\java\kr\pe\sinnori\impl\message][Echo] was created successfully
4월 11, 2018 6:00:18 오후 kr.pe.sinnori.common.buildsystem.ProjectBuilder createNewMessageSourceFile
정보: main project[sample_test]'s message file[Echo][D:\gitsinnori\sinnori\project\sample_test\client_build\web_build\src\main\java\kr\pe\sinnori\impl\message] creation task start
4월 11, 2018 6:00:18 오후 kr.pe.sinnori.common.buildsystem.ProjectBuilder createNewMessageSourceFile
정보: main project[sample_test]'s message file[Echo][D:\gitsinnori\sinnori\project\sample_test\client_build\web_build\src\main\java\kr\pe\sinnori\impl\message] creation task end
4월 11, 2018 6:00:18 오후 kr.pe.sinnori.common.buildsystem.ProjectBuilder createNewDecoderSourceFile
정보: main project[sample_test]'s message decoder file[Echo][D:\gitsinnori\sinnori\project\sample_test\client_build\web_build\src\main\java\kr\pe\sinnori\impl\message] creation task start
4월 11, 2018 6:00:18 오후 kr.pe.sinnori.common.buildsystem.ProjectBuilder createNewDecoderSourceFile
정보: main project[sample_test]'s message decoder file[Echo][D:\gitsinnori\sinnori\project\sample_test\client_build\web_build\src\main\java\kr\pe\sinnori\impl\message] creation task end
4월 11, 2018 6:00:18 오후 kr.pe.sinnori.common.buildsystem.ProjectBuilder createNewEncoderSourceFile
정보: main project[sample_test]'s message encoder file[Echo][D:\gitsinnori\sinnori\project\sample_test\client_build\web_build\src\main\java\kr\pe\sinnori\impl\message] creation task start
4월 11, 2018 6:00:18 오후 kr.pe.sinnori.common.buildsystem.ProjectBuilder createNewEncoderSourceFile
정보: main project[sample_test]'s message encoder file[Echo][D:\gitsinnori\sinnori\project\sample_test\client_build\web_build\src\main\java\kr\pe\sinnori\impl\message] creation task end
4월 11, 2018 6:00:18 오후 kr.pe.sinnori.common.buildsystem.ProjectBuilder createNewServerCodecSourceFile
정보: main project[sample_test]'s message server codec file[Echo][D:\gitsinnori\sinnori\project\sample_test\client_build\web_build\src\main\java\kr\pe\sinnori\impl\message] creation task start
4월 11, 2018 6:00:18 오후 kr.pe.sinnori.common.buildsystem.ProjectBuilder createNewServerCodecSourceFile
정보: main project[sample_test]'s message server codec file[Echo][D:\gitsinnori\sinnori\project\sample_test\client_build\web_build\src\main\java\kr\pe\sinnori\impl\message] creation task end
4월 11, 2018 6:00:18 오후 kr.pe.sinnori.common.buildsystem.ProjectBuilder createNewClientCodecSourceFile
정보: main project[sample_test]'s message client codec file[Echo][D:\gitsinnori\sinnori\project\sample_test\client_build\web_build\src\main\java\kr\pe\sinnori\impl\message] creation task start
4월 11, 2018 6:00:18 오후 kr.pe.sinnori.common.buildsystem.ProjectBuilder createNewClientCodecSourceFile
정보: main project[sample_test]'s message client codec file[Echo][D:\gitsinnori\sinnori\project\sample_test\client_build\web_build\src\main\java\kr\pe\sinnori\impl\message] creation task end
4월 11, 2018 6:00:18 오후 kr.pe.sinnori.common.util.CommonStaticUtil createChildDirectoriesOfBasePath
정보: the new child relative direcotry[D:\gitsinnori\sinnori\project\sample_test\client_build\web_build\src\main\java\kr\pe\sinnori\impl\message][PublicKeyReq] was created successfully
4월 11, 2018 6:00:18 오후 kr.pe.sinnori.common.buildsystem.ProjectBuilder createNewMessageSourceFile
정보: main project[sample_test]'s message file[PublicKeyReq][D:\gitsinnori\sinnori\project\sample_test\client_build\web_build\src\main\java\kr\pe\sinnori\impl\message] creation task start
4월 11, 2018 6:00:18 오후 kr.pe.sinnori.common.buildsystem.ProjectBuilder createNewMessageSourceFile
정보: main project[sample_test]'s message file[PublicKeyReq][D:\gitsinnori\sinnori\project\sample_test\client_build\web_build\src\main\java\kr\pe\sinnori\impl\message] creation task end
4월 11, 2018 6:00:18 오후 kr.pe.sinnori.common.buildsystem.ProjectBuilder createNewDecoderSourceFile
정보: main project[sample_test]'s message decoder file[PublicKeyReq][D:\gitsinnori\sinnori\project\sample_test\client_build\web_build\src\main\java\kr\pe\sinnori\impl\message] creation task start
4월 11, 2018 6:00:18 오후 kr.pe.sinnori.common.buildsystem.ProjectBuilder createNewDecoderSourceFile
정보: main project[sample_test]'s message decoder file[PublicKeyReq][D:\gitsinnori\sinnori\project\sample_test\client_build\web_build\src\main\java\kr\pe\sinnori\impl\message] creation task end
4월 11, 2018 6:00:18 오후 kr.pe.sinnori.common.buildsystem.ProjectBuilder createNewEncoderSourceFile
정보: main project[sample_test]'s message encoder file[PublicKeyReq][D:\gitsinnori\sinnori\project\sample_test\client_build\web_build\src\main\java\kr\pe\sinnori\impl\message] creation task start
4월 11, 2018 6:00:19 오후 kr.pe.sinnori.common.buildsystem.ProjectBuilder createNewEncoderSourceFile
정보: main project[sample_test]'s message encoder file[PublicKeyReq][D:\gitsinnori\sinnori\project\sample_test\client_build\web_build\src\main\java\kr\pe\sinnori\impl\message] creation task end
4월 11, 2018 6:00:19 오후 kr.pe.sinnori.common.buildsystem.ProjectBuilder createNewServerCodecSourceFile
정보: main project[sample_test]'s message server codec file[PublicKeyReq][D:\gitsinnori\sinnori\project\sample_test\client_build\web_build\src\main\java\kr\pe\sinnori\impl\message] creation task start
4월 11, 2018 6:00:19 오후 kr.pe.sinnori.common.buildsystem.ProjectBuilder createNewServerCodecSourceFile
정보: main project[sample_test]'s message server codec file[PublicKeyReq][D:\gitsinnori\sinnori\project\sample_test\client_build\web_build\src\main\java\kr\pe\sinnori\impl\message] creation task end
4월 11, 2018 6:00:19 오후 kr.pe.sinnori.common.buildsystem.ProjectBuilder createNewClientCodecSourceFile
정보: main project[sample_test]'s message client codec file[PublicKeyReq][D:\gitsinnori\sinnori\project\sample_test\client_build\web_build\src\main\java\kr\pe\sinnori\impl\message] creation task start
4월 11, 2018 6:00:19 오후 kr.pe.sinnori.common.buildsystem.ProjectBuilder createNewClientCodecSourceFile
정보: main project[sample_test]'s message client codec file[PublicKeyReq][D:\gitsinnori\sinnori\project\sample_test\client_build\web_build\src\main\java\kr\pe\sinnori\impl\message] creation task end
4월 11, 2018 6:00:19 오후 kr.pe.sinnori.common.util.CommonStaticUtil createChildDirectoriesOfBasePath
정보: the new child relative direcotry[D:\gitsinnori\sinnori\project\sample_test\client_build\web_build\src\main\java\kr\pe\sinnori\impl\message][PublicKeyRes] was created successfully
4월 11, 2018 6:00:19 오후 kr.pe.sinnori.common.buildsystem.ProjectBuilder createNewMessageSourceFile
정보: main project[sample_test]'s message file[PublicKeyRes][D:\gitsinnori\sinnori\project\sample_test\client_build\web_build\src\main\java\kr\pe\sinnori\impl\message] creation task start
4월 11, 2018 6:00:19 오후 kr.pe.sinnori.common.buildsystem.ProjectBuilder createNewMessageSourceFile
정보: main project[sample_test]'s message file[PublicKeyRes][D:\gitsinnori\sinnori\project\sample_test\client_build\web_build\src\main\java\kr\pe\sinnori\impl\message] creation task end
4월 11, 2018 6:00:19 오후 kr.pe.sinnori.common.buildsystem.ProjectBuilder createNewDecoderSourceFile
정보: main project[sample_test]'s message decoder file[PublicKeyRes][D:\gitsinnori\sinnori\project\sample_test\client_build\web_build\src\main\java\kr\pe\sinnori\impl\message] creation task start
4월 11, 2018 6:00:19 오후 kr.pe.sinnori.common.buildsystem.ProjectBuilder createNewDecoderSourceFile
정보: main project[sample_test]'s message decoder file[PublicKeyRes][D:\gitsinnori\sinnori\project\sample_test\client_build\web_build\src\main\java\kr\pe\sinnori\impl\message] creation task end
4월 11, 2018 6:00:19 오후 kr.pe.sinnori.common.buildsystem.ProjectBuilder createNewEncoderSourceFile
정보: main project[sample_test]'s message encoder file[PublicKeyRes][D:\gitsinnori\sinnori\project\sample_test\client_build\web_build\src\main\java\kr\pe\sinnori\impl\message] creation task start
4월 11, 2018 6:00:19 오후 kr.pe.sinnori.common.buildsystem.ProjectBuilder createNewEncoderSourceFile
정보: main project[sample_test]'s message encoder file[PublicKeyRes][D:\gitsinnori\sinnori\project\sample_test\client_build\web_build\src\main\java\kr\pe\sinnori\impl\message] creation task end
4월 11, 2018 6:00:19 오후 kr.pe.sinnori.common.buildsystem.ProjectBuilder createNewServerCodecSourceFile
정보: main project[sample_test]'s message server codec file[PublicKeyRes][D:\gitsinnori\sinnori\project\sample_test\client_build\web_build\src\main\java\kr\pe\sinnori\impl\message] creation task start
4월 11, 2018 6:00:19 오후 kr.pe.sinnori.common.buildsystem.ProjectBuilder createNewServerCodecSourceFile
정보: main project[sample_test]'s message server codec file[PublicKeyRes][D:\gitsinnori\sinnori\project\sample_test\client_build\web_build\src\main\java\kr\pe\sinnori\impl\message] creation task end
4월 11, 2018 6:00:19 오후 kr.pe.sinnori.common.buildsystem.ProjectBuilder createNewClientCodecSourceFile
정보: main project[sample_test]'s message client codec file[PublicKeyRes][D:\gitsinnori\sinnori\project\sample_test\client_build\web_build\src\main\java\kr\pe\sinnori\impl\message] creation task start
4월 11, 2018 6:00:19 오후 kr.pe.sinnori.common.buildsystem.ProjectBuilder createNewClientCodecSourceFile
정보: main project[sample_test]'s message client codec file[PublicKeyRes][D:\gitsinnori\sinnori\project\sample_test\client_build\web_build\src\main\java\kr\pe\sinnori\impl\message] creation task end
4월 11, 2018 6:00:19 오후 kr.pe.sinnori.common.buildsystem.ProjectBuilder createNewWebClientMessageIOFileSet
정보: main project[sample_test]'s web client message io file set creation task end
4월 11, 2018 6:00:19 오후 kr.pe.sinnori.common.buildsystem.ProjectBuilder copyWebClientSampleFiles
정보: mainproject[sample_test]'s web client sample source files copy task start
4월 11, 2018 6:00:19 오후 kr.pe.sinnori.common.buildsystem.ProjectBuilder copyWebClientSampleFiles
정보: mainproject[sample_test]'s web client sample source files copy task end
4월 11, 2018 6:00:19 오후 kr.pe.sinnori.common.buildsystem.ProjectBuilder createWebClientBuildSystemFiles
정보: main project[sample_test]'s web client build system files creation task end
4월 11, 2018 6:00:19 오후 kr.pe.sinnori.common.buildsystem.ProjectBuilder createWebRootChildDirectories
정보: main project[sample_test]'s web root child direcotry creation task start
4월 11, 2018 6:00:19 오후 kr.pe.sinnori.common.util.CommonStaticUtil createChildDirectoriesOfBasePath
정보: the child relative direcotry[D:\gitsinnori\sinnori\project\sample_test][web_app_base/upload] exist, so nothing
4월 11, 2018 6:00:19 오후 kr.pe.sinnori.common.util.CommonStaticUtil createChildDirectoriesOfBasePath
정보: the new child relative direcotry[D:\gitsinnori\sinnori\project\sample_test][web_app_base/ROOT/WEB-INF/classes] was created successfully
4월 11, 2018 6:00:19 오후 kr.pe.sinnori.common.util.CommonStaticUtil createChildDirectoriesOfBasePath
정보: the new child relative direcotry[D:\gitsinnori\sinnori\project\sample_test][web_app_base/ROOT/WEB-INF/lib] was created successfully
4월 11, 2018 6:00:19 오후 kr.pe.sinnori.common.buildsystem.ProjectBuilder createWebRootChildDirectories
정보: main project[sample_test]'s web root child direcotry creation task end
4월 11, 2018 6:00:19 오후 kr.pe.sinnori.common.buildsystem.ProjectBuilder createWebRootSampleFiles
정보: main project[sample_test]'s web root sample files creation task start
4월 11, 2018 6:00:19 오후 kr.pe.sinnori.common.buildsystem.ProjectBuilder copyWebRootSampleFiles
정보: main project[sample_test]'s web root sample files copy task start
4월 11, 2018 6:00:19 오후 kr.pe.sinnori.common.buildsystem.ProjectBuilder copyWebRootSampleFiles
정보: main project[sample_test]'s web root sample files copy task end
4월 11, 2018 6:00:19 오후 kr.pe.sinnori.common.buildsystem.ProjectBuilder createWebRootSampleFiles
정보: main project[sample_test]'s web root sample files creation task end
4월 11, 2018 6:00:19 오후 kr.pe.sinnori.common.buildsystem.ProjectBuilder overwriteSinnoriConfigFile
정보: main project[sample_test]'s config file overwrite task start
4월 11, 2018 6:00:19 오후 kr.pe.sinnori.common.buildsystem.ProjectBuilder overwriteSinnoriConfigFile
정보: main project[sample_test]'s config file overwrite task end
4월 11, 2018 6:00:19 오후 kr.pe.sinnori.common.buildsystem.ProjectBuilder changeProjectState
정보: main project[sample_test] changeProjectState method end
4월 11, 2018 6:00:19 오후 kr.pe.sinnori.common.buildsystem.ProjectBuilder isValidAppClientAntBuildXMLFile
정보: the app client ant build.xml file[D:\gitsinnori\sinnori\project\sample_test\client_build\app_build\build.xml] is bad :: whetherExist[false] isFile[false]
4월 11, 2018 6:00:19 오후 kr.pe.sinnori.common.buildsystem.ProjectBuilder changeProjectState
정보: main project[sample_test] changeProjectState method start
4월 11, 2018 6:00:19 오후 kr.pe.sinnori.common.buildsystem.ProjectBuilder changeProjectState
경고: the server build path[D:\gitsinnori\sinnori\project\sample_test\server_build] exist, so skip creation of server build system
4월 11, 2018 6:00:19 오후 kr.pe.sinnori.common.buildsystem.ProjectBuilder createAppBuildChildDirectories
정보: main project[sample_test]'s application build child direcotry creation task start
4월 11, 2018 6:00:19 오후 kr.pe.sinnori.common.util.CommonStaticUtil createChildDirectoriesOfBasePath
정보: the new child relative direcotry[D:\gitsinnori\sinnori\project\sample_test][client_build/app_build/corelib/ex] was created successfully
4월 11, 2018 6:00:19 오후 kr.pe.sinnori.common.util.CommonStaticUtil createChildDirectoriesOfBasePath
정보: the new child relative direcotry[D:\gitsinnori\sinnori\project\sample_test][client_build/app_build/corelib/in] was created successfully
4월 11, 2018 6:00:19 오후 kr.pe.sinnori.common.util.CommonStaticUtil createChildDirectoriesOfBasePath
정보: the new child relative direcotry[D:\gitsinnori\sinnori\project\sample_test][client_build/app_build/lib/main/ex] was created successfully
4월 11, 2018 6:00:19 오후 kr.pe.sinnori.common.util.CommonStaticUtil createChildDirectoriesOfBasePath
정보: the new child relative direcotry[D:\gitsinnori\sinnori\project\sample_test][client_build/app_build/lib/main/in] was created successfully
4월 11, 2018 6:00:19 오후 kr.pe.sinnori.common.util.CommonStaticUtil createChildDirectoriesOfBasePath
정보: the new child relative direcotry[D:\gitsinnori\sinnori\project\sample_test][client_build/app_build/lib/test] was created successfully
4월 11, 2018 6:00:19 오후 kr.pe.sinnori.common.util.CommonStaticUtil createChildDirectoriesOfBasePath
정보: the new child relative direcotry[D:\gitsinnori\sinnori\project\sample_test][client_build/app_build/src/main/java/kr/pe/sinnori/impl/message] was created successfully
4월 11, 2018 6:00:19 오후 kr.pe.sinnori.common.util.CommonStaticUtil createChildDirectoriesOfBasePath
정보: the new child relative direcotry[D:\gitsinnori\sinnori\project\sample_test][client_build/app_build/src/main/java/main] was created successfully
4월 11, 2018 6:00:19 오후 kr.pe.sinnori.common.util.CommonStaticUtil createChildDirectoriesOfBasePath
정보: the new child relative direcotry[D:\gitsinnori\sinnori\project\sample_test][client_build/app_build/src/test/java] was created successfully
4월 11, 2018 6:00:19 오후 kr.pe.sinnori.common.util.CommonStaticUtil createChildDirectoriesOfBasePath
정보: the new child relative direcotry[D:\gitsinnori\sinnori\project\sample_test][client_build/app_build/build] was created successfully
4월 11, 2018 6:00:19 오후 kr.pe.sinnori.common.util.CommonStaticUtil createChildDirectoriesOfBasePath
정보: the new child relative direcotry[D:\gitsinnori\sinnori\project\sample_test][client_build/app_build/dist] was created successfully
4월 11, 2018 6:00:19 오후 kr.pe.sinnori.common.buildsystem.ProjectBuilder createAppBuildChildDirectories
정보: main project[sample_test]'s application build child direcotry creation task end
4월 11, 2018 6:00:19 오후 kr.pe.sinnori.common.buildsystem.ProjectBuilder createAppClientBuildSystemFiles
정보: mainproject[sample_test]'s application client build system files creation task start
4월 11, 2018 6:00:19 오후 kr.pe.sinnori.common.buildsystem.ProjectBuilder createNewAppClientAntBuildXMLFile
정보: main project[sample_test]'s application client ant build.xml file creation task start
4월 11, 2018 6:00:19 오후 kr.pe.sinnori.common.buildsystem.ProjectBuilder createNewAppClientAntBuildXMLFile
정보: main project[sample_test]'s application client ant build.xml file creation task end
4월 11, 2018 6:00:19 오후 kr.pe.sinnori.common.buildsystem.ProjectBuilder createNewAppClientDosShellFile
정보: main project[sample_test]'s application client dos shell file creation task start
4월 11, 2018 6:00:19 오후 kr.pe.sinnori.common.buildsystem.ProjectBuilder createNewAppClientDosShellFile
정보: main project[sample_test]'s application client dos shell file creation task end
4월 11, 2018 6:00:19 오후 kr.pe.sinnori.common.buildsystem.ProjectBuilder createNewAppClientUnixShellFile
정보: main project[sample_test]'s application client unix shell file creation task start
4월 11, 2018 6:00:19 오후 kr.pe.sinnori.common.buildsystem.ProjectBuilder createNewAppClientUnixShellFile
정보: main project[sample_test]'s application client unix shell file creation task end
4월 11, 2018 6:00:19 오후 kr.pe.sinnori.common.buildsystem.ProjectBuilder copyAppClientSampleFiles
정보: application client sample source files copy task start
4월 11, 2018 6:00:19 오후 kr.pe.sinnori.common.buildsystem.ProjectBuilder copyAppClientSampleFiles
정보: application client sample source files copy task end
4월 11, 2018 6:00:19 오후 kr.pe.sinnori.common.buildsystem.ProjectBuilder createNewAppClientAllMessageIOFileSet
정보: main project[sample_test]'s application client message io file set creation task start
4월 11, 2018 6:00:19 오후 kr.pe.sinnori.common.util.CommonStaticUtil createChildDirectoriesOfBasePath
정보: the new child relative direcotry[D:\gitsinnori\sinnori\project\sample_test\client_build\app_build\src\main\java\kr\pe\sinnori\impl\message][Echo] was created successfully
4월 11, 2018 6:00:19 오후 kr.pe.sinnori.common.buildsystem.ProjectBuilder createNewMessageSourceFile
정보: main project[sample_test]'s message file[Echo][D:\gitsinnori\sinnori\project\sample_test\client_build\app_build\src\main\java\kr\pe\sinnori\impl\message] creation task start
4월 11, 2018 6:00:19 오후 kr.pe.sinnori.common.buildsystem.ProjectBuilder createNewMessageSourceFile
정보: main project[sample_test]'s message file[Echo][D:\gitsinnori\sinnori\project\sample_test\client_build\app_build\src\main\java\kr\pe\sinnori\impl\message] creation task end
4월 11, 2018 6:00:19 오후 kr.pe.sinnori.common.buildsystem.ProjectBuilder createNewDecoderSourceFile
정보: main project[sample_test]'s message decoder file[Echo][D:\gitsinnori\sinnori\project\sample_test\client_build\app_build\src\main\java\kr\pe\sinnori\impl\message] creation task start
4월 11, 2018 6:00:19 오후 kr.pe.sinnori.common.buildsystem.ProjectBuilder createNewDecoderSourceFile
정보: main project[sample_test]'s message decoder file[Echo][D:\gitsinnori\sinnori\project\sample_test\client_build\app_build\src\main\java\kr\pe\sinnori\impl\message] creation task end
4월 11, 2018 6:00:19 오후 kr.pe.sinnori.common.buildsystem.ProjectBuilder createNewEncoderSourceFile
정보: main project[sample_test]'s message encoder file[Echo][D:\gitsinnori\sinnori\project\sample_test\client_build\app_build\src\main\java\kr\pe\sinnori\impl\message] creation task start
4월 11, 2018 6:00:19 오후 kr.pe.sinnori.common.buildsystem.ProjectBuilder createNewEncoderSourceFile
정보: main project[sample_test]'s message encoder file[Echo][D:\gitsinnori\sinnori\project\sample_test\client_build\app_build\src\main\java\kr\pe\sinnori\impl\message] creation task end
4월 11, 2018 6:00:19 오후 kr.pe.sinnori.common.buildsystem.ProjectBuilder createNewServerCodecSourceFile
정보: main project[sample_test]'s message server codec file[Echo][D:\gitsinnori\sinnori\project\sample_test\client_build\app_build\src\main\java\kr\pe\sinnori\impl\message] creation task start
4월 11, 2018 6:00:19 오후 kr.pe.sinnori.common.buildsystem.ProjectBuilder createNewServerCodecSourceFile
정보: main project[sample_test]'s message server codec file[Echo][D:\gitsinnori\sinnori\project\sample_test\client_build\app_build\src\main\java\kr\pe\sinnori\impl\message] creation task end
4월 11, 2018 6:00:19 오후 kr.pe.sinnori.common.buildsystem.ProjectBuilder createNewClientCodecSourceFile
정보: main project[sample_test]'s message client codec file[Echo][D:\gitsinnori\sinnori\project\sample_test\client_build\app_build\src\main\java\kr\pe\sinnori\impl\message] creation task start
4월 11, 2018 6:00:19 오후 kr.pe.sinnori.common.buildsystem.ProjectBuilder createNewClientCodecSourceFile
정보: main project[sample_test]'s message client codec file[Echo][D:\gitsinnori\sinnori\project\sample_test\client_build\app_build\src\main\java\kr\pe\sinnori\impl\message] creation task end
4월 11, 2018 6:00:19 오후 kr.pe.sinnori.common.util.CommonStaticUtil createChildDirectoriesOfBasePath
정보: the new child relative direcotry[D:\gitsinnori\sinnori\project\sample_test\client_build\app_build\src\main\java\kr\pe\sinnori\impl\message][PublicKeyReq] was created successfully
4월 11, 2018 6:00:19 오후 kr.pe.sinnori.common.buildsystem.ProjectBuilder createNewMessageSourceFile
정보: main project[sample_test]'s message file[PublicKeyReq][D:\gitsinnori\sinnori\project\sample_test\client_build\app_build\src\main\java\kr\pe\sinnori\impl\message] creation task start
4월 11, 2018 6:00:19 오후 kr.pe.sinnori.common.buildsystem.ProjectBuilder createNewMessageSourceFile
정보: main project[sample_test]'s message file[PublicKeyReq][D:\gitsinnori\sinnori\project\sample_test\client_build\app_build\src\main\java\kr\pe\sinnori\impl\message] creation task end
4월 11, 2018 6:00:19 오후 kr.pe.sinnori.common.buildsystem.ProjectBuilder createNewDecoderSourceFile
정보: main project[sample_test]'s message decoder file[PublicKeyReq][D:\gitsinnori\sinnori\project\sample_test\client_build\app_build\src\main\java\kr\pe\sinnori\impl\message] creation task start
4월 11, 2018 6:00:19 오후 kr.pe.sinnori.common.buildsystem.ProjectBuilder createNewDecoderSourceFile
정보: main project[sample_test]'s message decoder file[PublicKeyReq][D:\gitsinnori\sinnori\project\sample_test\client_build\app_build\src\main\java\kr\pe\sinnori\impl\message] creation task end
4월 11, 2018 6:00:19 오후 kr.pe.sinnori.common.buildsystem.ProjectBuilder createNewEncoderSourceFile
정보: main project[sample_test]'s message encoder file[PublicKeyReq][D:\gitsinnori\sinnori\project\sample_test\client_build\app_build\src\main\java\kr\pe\sinnori\impl\message] creation task start
4월 11, 2018 6:00:19 오후 kr.pe.sinnori.common.buildsystem.ProjectBuilder createNewEncoderSourceFile
정보: main project[sample_test]'s message encoder file[PublicKeyReq][D:\gitsinnori\sinnori\project\sample_test\client_build\app_build\src\main\java\kr\pe\sinnori\impl\message] creation task end
4월 11, 2018 6:00:19 오후 kr.pe.sinnori.common.buildsystem.ProjectBuilder createNewServerCodecSourceFile
정보: main project[sample_test]'s message server codec file[PublicKeyReq][D:\gitsinnori\sinnori\project\sample_test\client_build\app_build\src\main\java\kr\pe\sinnori\impl\message] creation task start
4월 11, 2018 6:00:19 오후 kr.pe.sinnori.common.buildsystem.ProjectBuilder createNewServerCodecSourceFile
정보: main project[sample_test]'s message server codec file[PublicKeyReq][D:\gitsinnori\sinnori\project\sample_test\client_build\app_build\src\main\java\kr\pe\sinnori\impl\message] creation task end
4월 11, 2018 6:00:19 오후 kr.pe.sinnori.common.buildsystem.ProjectBuilder createNewClientCodecSourceFile
정보: main project[sample_test]'s message client codec file[PublicKeyReq][D:\gitsinnori\sinnori\project\sample_test\client_build\app_build\src\main\java\kr\pe\sinnori\impl\message] creation task start
4월 11, 2018 6:00:19 오후 kr.pe.sinnori.common.buildsystem.ProjectBuilder createNewClientCodecSourceFile
정보: main project[sample_test]'s message client codec file[PublicKeyReq][D:\gitsinnori\sinnori\project\sample_test\client_build\app_build\src\main\java\kr\pe\sinnori\impl\message] creation task end
4월 11, 2018 6:00:19 오후 kr.pe.sinnori.common.util.CommonStaticUtil createChildDirectoriesOfBasePath
정보: the new child relative direcotry[D:\gitsinnori\sinnori\project\sample_test\client_build\app_build\src\main\java\kr\pe\sinnori\impl\message][PublicKeyRes] was created successfully
4월 11, 2018 6:00:19 오후 kr.pe.sinnori.common.buildsystem.ProjectBuilder createNewMessageSourceFile
정보: main project[sample_test]'s message file[PublicKeyRes][D:\gitsinnori\sinnori\project\sample_test\client_build\app_build\src\main\java\kr\pe\sinnori\impl\message] creation task start
4월 11, 2018 6:00:19 오후 kr.pe.sinnori.common.buildsystem.ProjectBuilder createNewMessageSourceFile
정보: main project[sample_test]'s message file[PublicKeyRes][D:\gitsinnori\sinnori\project\sample_test\client_build\app_build\src\main\java\kr\pe\sinnori\impl\message] creation task end
4월 11, 2018 6:00:19 오후 kr.pe.sinnori.common.buildsystem.ProjectBuilder createNewDecoderSourceFile
정보: main project[sample_test]'s message decoder file[PublicKeyRes][D:\gitsinnori\sinnori\project\sample_test\client_build\app_build\src\main\java\kr\pe\sinnori\impl\message] creation task start
4월 11, 2018 6:00:19 오후 kr.pe.sinnori.common.buildsystem.ProjectBuilder createNewDecoderSourceFile
정보: main project[sample_test]'s message decoder file[PublicKeyRes][D:\gitsinnori\sinnori\project\sample_test\client_build\app_build\src\main\java\kr\pe\sinnori\impl\message] creation task end
4월 11, 2018 6:00:19 오후 kr.pe.sinnori.common.buildsystem.ProjectBuilder createNewEncoderSourceFile
정보: main project[sample_test]'s message encoder file[PublicKeyRes][D:\gitsinnori\sinnori\project\sample_test\client_build\app_build\src\main\java\kr\pe\sinnori\impl\message] creation task start
4월 11, 2018 6:00:19 오후 kr.pe.sinnori.common.buildsystem.ProjectBuilder createNewEncoderSourceFile
정보: main project[sample_test]'s message encoder file[PublicKeyRes][D:\gitsinnori\sinnori\project\sample_test\client_build\app_build\src\main\java\kr\pe\sinnori\impl\message] creation task end
4월 11, 2018 6:00:19 오후 kr.pe.sinnori.common.buildsystem.ProjectBuilder createNewServerCodecSourceFile
정보: main project[sample_test]'s message server codec file[PublicKeyRes][D:\gitsinnori\sinnori\project\sample_test\client_build\app_build\src\main\java\kr\pe\sinnori\impl\message] creation task start
4월 11, 2018 6:00:19 오후 kr.pe.sinnori.common.buildsystem.ProjectBuilder createNewServerCodecSourceFile
정보: main project[sample_test]'s message server codec file[PublicKeyRes][D:\gitsinnori\sinnori\project\sample_test\client_build\app_build\src\main\java\kr\pe\sinnori\impl\message] creation task end
4월 11, 2018 6:00:19 오후 kr.pe.sinnori.common.buildsystem.ProjectBuilder createNewClientCodecSourceFile
정보: main project[sample_test]'s message client codec file[PublicKeyRes][D:\gitsinnori\sinnori\project\sample_test\client_build\app_build\src\main\java\kr\pe\sinnori\impl\message] creation task start
4월 11, 2018 6:00:19 오후 kr.pe.sinnori.common.buildsystem.ProjectBuilder createNewClientCodecSourceFile
정보: main project[sample_test]'s message client codec file[PublicKeyRes][D:\gitsinnori\sinnori\project\sample_test\client_build\app_build\src\main\java\kr\pe\sinnori\impl\message] creation task end
4월 11, 2018 6:00:19 오후 kr.pe.sinnori.common.buildsystem.ProjectBuilder createNewAppClientAllMessageIOFileSet
정보: main project[sample_test]'s application client message io file set creation task end
4월 11, 2018 6:00:19 오후 kr.pe.sinnori.common.buildsystem.ProjectBuilder createAppClientBuildSystemFiles
정보: mainproject[sample_test]'s application client build system files creation task end
4월 11, 2018 6:00:19 오후 kr.pe.sinnori.common.buildsystem.ProjectBuilder deleteWebCientBuildPath
정보: main project[sample_test]'s web client build path deletion task start
4월 11, 2018 6:00:19 오후 kr.pe.sinnori.common.buildsystem.ProjectBuilder deleteWebCientBuildPath
정보: main project[sample_test]'s web client build path deletion task end
4월 11, 2018 6:00:19 오후 kr.pe.sinnori.common.buildsystem.ProjectBuilder deleteWebRoot
정보: main project[sample_test]'s web root path deletion task start
4월 11, 2018 6:00:19 오후 kr.pe.sinnori.common.buildsystem.ProjectBuilder deleteWebRoot
정보: main project[sample_test]'s web root path deletion task end
4월 11, 2018 6:00:19 오후 kr.pe.sinnori.common.buildsystem.ProjectBuilder overwriteSinnoriConfigFile
정보: main project[sample_test]'s config file overwrite task start
4월 11, 2018 6:00:19 오후 kr.pe.sinnori.common.buildsystem.ProjectBuilder overwriteSinnoriConfigFile
정보: main project[sample_test]'s config file overwrite task end
4월 11, 2018 6:00:19 오후 kr.pe.sinnori.common.buildsystem.ProjectBuilder changeProjectState
정보: main project[sample_test] changeProjectState method end
4월 11, 2018 6:00:19 오후 kr.pe.sinnori.common.buildsystem.ProjectBuilder isValidWebClientAntBuildXMLFile
정보: the web client ant build.xml file[D:\gitsinnori\sinnori\project\sample_test\client_build\web_build\build.xml] is bad :: whetherExist[false] isFile[false]
4월 11, 2018 6:00:19 오후 kr.pe.sinnori.common.buildsystem.ProjectBuilder isValidWebRootXMLFile
정보: the web.xml file[D:\gitsinnori\sinnori\project\sample_test\web_app_base\ROOT\WEB-INF\web.xml] located at web root directory is bad :: whetherExist[false] isFile[false]
4월 11, 2018 6:00:19 오후 kr.pe.sinnori.common.buildsystem.ProjectBuilder changeProjectState
정보: main project[sample_test] changeProjectState method start
4월 11, 2018 6:00:19 오후 kr.pe.sinnori.common.buildsystem.ProjectBuilder changeProjectState
경고: the server build path[D:\gitsinnori\sinnori\project\sample_test\server_build] exist, so skip creation of server build system
4월 11, 2018 6:00:19 오후 kr.pe.sinnori.common.buildsystem.ProjectBuilder changeProjectState
경고: the app client build path[D:\gitsinnori\sinnori\project\sample_test\client_build\app_build] exist, so skip creation of app client build system
4월 11, 2018 6:00:19 오후 kr.pe.sinnori.common.buildsystem.ProjectBuilder createWebBuildChildDirectories
정보: main project[sample_test]'s web build child direcotry creation task start
4월 11, 2018 6:00:19 오후 kr.pe.sinnori.common.util.CommonStaticUtil createChildDirectoriesOfBasePath
정보: the new child relative direcotry[D:\gitsinnori\sinnori\project\sample_test][client_build/web_build/corelib/ex] was created successfully
4월 11, 2018 6:00:19 오후 kr.pe.sinnori.common.util.CommonStaticUtil createChildDirectoriesOfBasePath
정보: the new child relative direcotry[D:\gitsinnori\sinnori\project\sample_test][client_build/web_build/corelib/in] was created successfully
4월 11, 2018 6:00:19 오후 kr.pe.sinnori.common.util.CommonStaticUtil createChildDirectoriesOfBasePath
정보: the new child relative direcotry[D:\gitsinnori\sinnori\project\sample_test][client_build/web_build/lib/main/ex] was created successfully
4월 11, 2018 6:00:19 오후 kr.pe.sinnori.common.util.CommonStaticUtil createChildDirectoriesOfBasePath
정보: the new child relative direcotry[D:\gitsinnori\sinnori\project\sample_test][client_build/web_build/lib/main/in] was created successfully
4월 11, 2018 6:00:19 오후 kr.pe.sinnori.common.util.CommonStaticUtil createChildDirectoriesOfBasePath
정보: the new child relative direcotry[D:\gitsinnori\sinnori\project\sample_test][client_build/web_build/lib/test] was created successfully
4월 11, 2018 6:00:19 오후 kr.pe.sinnori.common.util.CommonStaticUtil createChildDirectoriesOfBasePath
정보: the new child relative direcotry[D:\gitsinnori\sinnori\project\sample_test][client_build/web_build/src/main/java/kr/pe/sinnori/impl/message] was created successfully
4월 11, 2018 6:00:19 오후 kr.pe.sinnori.common.util.CommonStaticUtil createChildDirectoriesOfBasePath
정보: the new child relative direcotry[D:\gitsinnori\sinnori\project\sample_test][client_build/web_build/src/main/java//kr/pe/sinnori/servlet] was created successfully
4월 11, 2018 6:00:19 오후 kr.pe.sinnori.common.util.CommonStaticUtil createChildDirectoriesOfBasePath
정보: the new child relative direcotry[D:\gitsinnori\sinnori\project\sample_test][client_build/web_build/src/main/java/kr/pe/sinnori/weblib/common] was created successfully
4월 11, 2018 6:00:19 오후 kr.pe.sinnori.common.util.CommonStaticUtil createChildDirectoriesOfBasePath
정보: the new child relative direcotry[D:\gitsinnori\sinnori\project\sample_test][client_build/web_build/src/main/java/kr/pe/sinnori/weblib/htmlstring] was created successfully
4월 11, 2018 6:00:19 오후 kr.pe.sinnori.common.util.CommonStaticUtil createChildDirectoriesOfBasePath
정보: the new child relative direcotry[D:\gitsinnori\sinnori\project\sample_test][client_build/web_build/src/main/java/kr/pe/sinnori/weblib/jdf] was created successfully
4월 11, 2018 6:00:19 오후 kr.pe.sinnori.common.util.CommonStaticUtil createChildDirectoriesOfBasePath
정보: the new child relative direcotry[D:\gitsinnori\sinnori\project\sample_test][client_build/web_build/src/test/java] was created successfully
4월 11, 2018 6:00:19 오후 kr.pe.sinnori.common.util.CommonStaticUtil createChildDirectoriesOfBasePath
정보: the new child relative direcotry[D:\gitsinnori\sinnori\project\sample_test][client_build/web_build/build] was created successfully
4월 11, 2018 6:00:19 오후 kr.pe.sinnori.common.util.CommonStaticUtil createChildDirectoriesOfBasePath
정보: the new child relative direcotry[D:\gitsinnori\sinnori\project\sample_test][client_build/web_build/dist] was created successfully
4월 11, 2018 6:00:19 오후 kr.pe.sinnori.common.buildsystem.ProjectBuilder createWebBuildChildDirectories
정보: main project[sample_test]'s web build child direcotry creation task end
4월 11, 2018 6:00:19 오후 kr.pe.sinnori.common.buildsystem.ProjectBuilder createWebClientBuildSystemFiles
정보: main project[sample_test]'s web client build system files creation task start
4월 11, 2018 6:00:19 오후 kr.pe.sinnori.common.buildsystem.ProjectBuilder createNewWebClientAntBuildFile
정보: main project[sample_test]'s web client ant build.xml file creation task start
4월 11, 2018 6:00:19 오후 kr.pe.sinnori.common.buildsystem.ProjectBuilder createNewWebClientAntBuildFile
정보: main project[sample_test]'s web client ant build.xml file creation task end
4월 11, 2018 6:00:19 오후 kr.pe.sinnori.common.buildsystem.ProjectBuilder createNewWebClientAntPropertiesFile
정보: main project[sample_test]'s web client ant properties file creation task start
4월 11, 2018 6:00:19 오후 kr.pe.sinnori.common.util.SequencedPropertiesUtil createNewSequencedPropertiesFile
정보: the sequenced properties file[D:\gitsinnori\sinnori\project\sample_test\client_build\web_build\webAnt.properties] was created
4월 11, 2018 6:00:19 오후 kr.pe.sinnori.common.buildsystem.ProjectBuilder createNewWebClientAntPropertiesFile
정보: main project[sample_test]'s web client ant properties file creation task end
4월 11, 2018 6:00:19 오후 kr.pe.sinnori.common.buildsystem.ProjectBuilder createNewWebClientMessageIOFileSet
정보: main project[sample_test]'s web client message io file set creation task start
4월 11, 2018 6:00:19 오후 kr.pe.sinnori.common.util.CommonStaticUtil createChildDirectoriesOfBasePath
정보: the new child relative direcotry[D:\gitsinnori\sinnori\project\sample_test\client_build\web_build\src\main\java\kr\pe\sinnori\impl\message][Echo] was created successfully
4월 11, 2018 6:00:19 오후 kr.pe.sinnori.common.buildsystem.ProjectBuilder createNewMessageSourceFile
정보: main project[sample_test]'s message file[Echo][D:\gitsinnori\sinnori\project\sample_test\client_build\web_build\src\main\java\kr\pe\sinnori\impl\message] creation task start
4월 11, 2018 6:00:19 오후 kr.pe.sinnori.common.buildsystem.ProjectBuilder createNewMessageSourceFile
정보: main project[sample_test]'s message file[Echo][D:\gitsinnori\sinnori\project\sample_test\client_build\web_build\src\main\java\kr\pe\sinnori\impl\message] creation task end
4월 11, 2018 6:00:19 오후 kr.pe.sinnori.common.buildsystem.ProjectBuilder createNewDecoderSourceFile
정보: main project[sample_test]'s message decoder file[Echo][D:\gitsinnori\sinnori\project\sample_test\client_build\web_build\src\main\java\kr\pe\sinnori\impl\message] creation task start
4월 11, 2018 6:00:19 오후 kr.pe.sinnori.common.buildsystem.ProjectBuilder createNewDecoderSourceFile
정보: main project[sample_test]'s message decoder file[Echo][D:\gitsinnori\sinnori\project\sample_test\client_build\web_build\src\main\java\kr\pe\sinnori\impl\message] creation task end
4월 11, 2018 6:00:19 오후 kr.pe.sinnori.common.buildsystem.ProjectBuilder createNewEncoderSourceFile
정보: main project[sample_test]'s message encoder file[Echo][D:\gitsinnori\sinnori\project\sample_test\client_build\web_build\src\main\java\kr\pe\sinnori\impl\message] creation task start
4월 11, 2018 6:00:19 오후 kr.pe.sinnori.common.buildsystem.ProjectBuilder createNewEncoderSourceFile
정보: main project[sample_test]'s message encoder file[Echo][D:\gitsinnori\sinnori\project\sample_test\client_build\web_build\src\main\java\kr\pe\sinnori\impl\message] creation task end
4월 11, 2018 6:00:19 오후 kr.pe.sinnori.common.buildsystem.ProjectBuilder createNewServerCodecSourceFile
정보: main project[sample_test]'s message server codec file[Echo][D:\gitsinnori\sinnori\project\sample_test\client_build\web_build\src\main\java\kr\pe\sinnori\impl\message] creation task start
4월 11, 2018 6:00:19 오후 kr.pe.sinnori.common.buildsystem.ProjectBuilder createNewServerCodecSourceFile
정보: main project[sample_test]'s message server codec file[Echo][D:\gitsinnori\sinnori\project\sample_test\client_build\web_build\src\main\java\kr\pe\sinnori\impl\message] creation task end
4월 11, 2018 6:00:19 오후 kr.pe.sinnori.common.buildsystem.ProjectBuilder createNewClientCodecSourceFile
정보: main project[sample_test]'s message client codec file[Echo][D:\gitsinnori\sinnori\project\sample_test\client_build\web_build\src\main\java\kr\pe\sinnori\impl\message] creation task start
4월 11, 2018 6:00:19 오후 kr.pe.sinnori.common.buildsystem.ProjectBuilder createNewClientCodecSourceFile
정보: main project[sample_test]'s message client codec file[Echo][D:\gitsinnori\sinnori\project\sample_test\client_build\web_build\src\main\java\kr\pe\sinnori\impl\message] creation task end
4월 11, 2018 6:00:19 오후 kr.pe.sinnori.common.util.CommonStaticUtil createChildDirectoriesOfBasePath
정보: the new child relative direcotry[D:\gitsinnori\sinnori\project\sample_test\client_build\web_build\src\main\java\kr\pe\sinnori\impl\message][PublicKeyReq] was created successfully
4월 11, 2018 6:00:19 오후 kr.pe.sinnori.common.buildsystem.ProjectBuilder createNewMessageSourceFile
정보: main project[sample_test]'s message file[PublicKeyReq][D:\gitsinnori\sinnori\project\sample_test\client_build\web_build\src\main\java\kr\pe\sinnori\impl\message] creation task start
4월 11, 2018 6:00:19 오후 kr.pe.sinnori.common.buildsystem.ProjectBuilder createNewMessageSourceFile
정보: main project[sample_test]'s message file[PublicKeyReq][D:\gitsinnori\sinnori\project\sample_test\client_build\web_build\src\main\java\kr\pe\sinnori\impl\message] creation task end
4월 11, 2018 6:00:19 오후 kr.pe.sinnori.common.buildsystem.ProjectBuilder createNewDecoderSourceFile
정보: main project[sample_test]'s message decoder file[PublicKeyReq][D:\gitsinnori\sinnori\project\sample_test\client_build\web_build\src\main\java\kr\pe\sinnori\impl\message] creation task start
4월 11, 2018 6:00:19 오후 kr.pe.sinnori.common.buildsystem.ProjectBuilder createNewDecoderSourceFile
정보: main project[sample_test]'s message decoder file[PublicKeyReq][D:\gitsinnori\sinnori\project\sample_test\client_build\web_build\src\main\java\kr\pe\sinnori\impl\message] creation task end
4월 11, 2018 6:00:19 오후 kr.pe.sinnori.common.buildsystem.ProjectBuilder createNewEncoderSourceFile
정보: main project[sample_test]'s message encoder file[PublicKeyReq][D:\gitsinnori\sinnori\project\sample_test\client_build\web_build\src\main\java\kr\pe\sinnori\impl\message] creation task start
4월 11, 2018 6:00:19 오후 kr.pe.sinnori.common.buildsystem.ProjectBuilder createNewEncoderSourceFile
정보: main project[sample_test]'s message encoder file[PublicKeyReq][D:\gitsinnori\sinnori\project\sample_test\client_build\web_build\src\main\java\kr\pe\sinnori\impl\message] creation task end
4월 11, 2018 6:00:19 오후 kr.pe.sinnori.common.buildsystem.ProjectBuilder createNewServerCodecSourceFile
정보: main project[sample_test]'s message server codec file[PublicKeyReq][D:\gitsinnori\sinnori\project\sample_test\client_build\web_build\src\main\java\kr\pe\sinnori\impl\message] creation task start
4월 11, 2018 6:00:19 오후 kr.pe.sinnori.common.buildsystem.ProjectBuilder createNewServerCodecSourceFile
정보: main project[sample_test]'s message server codec file[PublicKeyReq][D:\gitsinnori\sinnori\project\sample_test\client_build\web_build\src\main\java\kr\pe\sinnori\impl\message] creation task end
4월 11, 2018 6:00:19 오후 kr.pe.sinnori.common.buildsystem.ProjectBuilder createNewClientCodecSourceFile
정보: main project[sample_test]'s message client codec file[PublicKeyReq][D:\gitsinnori\sinnori\project\sample_test\client_build\web_build\src\main\java\kr\pe\sinnori\impl\message] creation task start
4월 11, 2018 6:00:19 오후 kr.pe.sinnori.common.buildsystem.ProjectBuilder createNewClientCodecSourceFile
정보: main project[sample_test]'s message client codec file[PublicKeyReq][D:\gitsinnori\sinnori\project\sample_test\client_build\web_build\src\main\java\kr\pe\sinnori\impl\message] creation task end
4월 11, 2018 6:00:19 오후 kr.pe.sinnori.common.util.CommonStaticUtil createChildDirectoriesOfBasePath
정보: the new child relative direcotry[D:\gitsinnori\sinnori\project\sample_test\client_build\web_build\src\main\java\kr\pe\sinnori\impl\message][PublicKeyRes] was created successfully
4월 11, 2018 6:00:19 오후 kr.pe.sinnori.common.buildsystem.ProjectBuilder createNewMessageSourceFile
정보: main project[sample_test]'s message file[PublicKeyRes][D:\gitsinnori\sinnori\project\sample_test\client_build\web_build\src\main\java\kr\pe\sinnori\impl\message] creation task start
4월 11, 2018 6:00:19 오후 kr.pe.sinnori.common.buildsystem.ProjectBuilder createNewMessageSourceFile
정보: main project[sample_test]'s message file[PublicKeyRes][D:\gitsinnori\sinnori\project\sample_test\client_build\web_build\src\main\java\kr\pe\sinnori\impl\message] creation task end
4월 11, 2018 6:00:19 오후 kr.pe.sinnori.common.buildsystem.ProjectBuilder createNewDecoderSourceFile
정보: main project[sample_test]'s message decoder file[PublicKeyRes][D:\gitsinnori\sinnori\project\sample_test\client_build\web_build\src\main\java\kr\pe\sinnori\impl\message] creation task start
4월 11, 2018 6:00:19 오후 kr.pe.sinnori.common.buildsystem.ProjectBuilder createNewDecoderSourceFile
정보: main project[sample_test]'s message decoder file[PublicKeyRes][D:\gitsinnori\sinnori\project\sample_test\client_build\web_build\src\main\java\kr\pe\sinnori\impl\message] creation task end
4월 11, 2018 6:00:19 오후 kr.pe.sinnori.common.buildsystem.ProjectBuilder createNewEncoderSourceFile
정보: main project[sample_test]'s message encoder file[PublicKeyRes][D:\gitsinnori\sinnori\project\sample_test\client_build\web_build\src\main\java\kr\pe\sinnori\impl\message] creation task start
4월 11, 2018 6:00:19 오후 kr.pe.sinnori.common.buildsystem.ProjectBuilder createNewEncoderSourceFile
정보: main project[sample_test]'s message encoder file[PublicKeyRes][D:\gitsinnori\sinnori\project\sample_test\client_build\web_build\src\main\java\kr\pe\sinnori\impl\message] creation task end
4월 11, 2018 6:00:19 오후 kr.pe.sinnori.common.buildsystem.ProjectBuilder createNewServerCodecSourceFile
정보: main project[sample_test]'s message server codec file[PublicKeyRes][D:\gitsinnori\sinnori\project\sample_test\client_build\web_build\src\main\java\kr\pe\sinnori\impl\message] creation task start
4월 11, 2018 6:00:19 오후 kr.pe.sinnori.common.buildsystem.ProjectBuilder createNewServerCodecSourceFile
정보: main project[sample_test]'s message server codec file[PublicKeyRes][D:\gitsinnori\sinnori\project\sample_test\client_build\web_build\src\main\java\kr\pe\sinnori\impl\message] creation task end
4월 11, 2018 6:00:19 오후 kr.pe.sinnori.common.buildsystem.ProjectBuilder createNewClientCodecSourceFile
정보: main project[sample_test]'s message client codec file[PublicKeyRes][D:\gitsinnori\sinnori\project\sample_test\client_build\web_build\src\main\java\kr\pe\sinnori\impl\message] creation task start
4월 11, 2018 6:00:19 오후 kr.pe.sinnori.common.buildsystem.ProjectBuilder createNewClientCodecSourceFile
정보: main project[sample_test]'s message client codec file[PublicKeyRes][D:\gitsinnori\sinnori\project\sample_test\client_build\web_build\src\main\java\kr\pe\sinnori\impl\message] creation task end
4월 11, 2018 6:00:19 오후 kr.pe.sinnori.common.buildsystem.ProjectBuilder createNewWebClientMessageIOFileSet
정보: main project[sample_test]'s web client message io file set creation task end
4월 11, 2018 6:00:19 오후 kr.pe.sinnori.common.buildsystem.ProjectBuilder copyWebClientSampleFiles
정보: mainproject[sample_test]'s web client sample source files copy task start
4월 11, 2018 6:00:19 오후 kr.pe.sinnori.common.buildsystem.ProjectBuilder copyWebClientSampleFiles
정보: mainproject[sample_test]'s web client sample source files copy task end
4월 11, 2018 6:00:19 오후 kr.pe.sinnori.common.buildsystem.ProjectBuilder createWebClientBuildSystemFiles
정보: main project[sample_test]'s web client build system files creation task end
4월 11, 2018 6:00:19 오후 kr.pe.sinnori.common.buildsystem.ProjectBuilder createWebRootChildDirectories
정보: main project[sample_test]'s web root child direcotry creation task start
4월 11, 2018 6:00:19 오후 kr.pe.sinnori.common.util.CommonStaticUtil createChildDirectoriesOfBasePath
정보: the child relative direcotry[D:\gitsinnori\sinnori\project\sample_test][web_app_base/upload] exist, so nothing
4월 11, 2018 6:00:19 오후 kr.pe.sinnori.common.util.CommonStaticUtil createChildDirectoriesOfBasePath
정보: the new child relative direcotry[D:\gitsinnori\sinnori\project\sample_test][web_app_base/ROOT/WEB-INF/classes] was created successfully
4월 11, 2018 6:00:19 오후 kr.pe.sinnori.common.util.CommonStaticUtil createChildDirectoriesOfBasePath
정보: the new child relative direcotry[D:\gitsinnori\sinnori\project\sample_test][web_app_base/ROOT/WEB-INF/lib] was created successfully
4월 11, 2018 6:00:19 오후 kr.pe.sinnori.common.buildsystem.ProjectBuilder createWebRootChildDirectories
정보: main project[sample_test]'s web root child direcotry creation task end
4월 11, 2018 6:00:19 오후 kr.pe.sinnori.common.buildsystem.ProjectBuilder createWebRootSampleFiles
정보: main project[sample_test]'s web root sample files creation task start
4월 11, 2018 6:00:19 오후 kr.pe.sinnori.common.buildsystem.ProjectBuilder copyWebRootSampleFiles
정보: main project[sample_test]'s web root sample files copy task start
4월 11, 2018 6:00:19 오후 kr.pe.sinnori.common.buildsystem.ProjectBuilder copyWebRootSampleFiles
정보: main project[sample_test]'s web root sample files copy task end
4월 11, 2018 6:00:19 오후 kr.pe.sinnori.common.buildsystem.ProjectBuilder createWebRootSampleFiles
정보: main project[sample_test]'s web root sample files creation task end
4월 11, 2018 6:00:19 오후 kr.pe.sinnori.common.buildsystem.ProjectBuilder overwriteSinnoriConfigFile
정보: main project[sample_test]'s config file overwrite task start
4월 11, 2018 6:00:19 오후 kr.pe.sinnori.common.buildsystem.ProjectBuilder overwriteSinnoriConfigFile
정보: main project[sample_test]'s config file overwrite task end
4월 11, 2018 6:00:19 오후 kr.pe.sinnori.common.buildsystem.ProjectBuilder changeProjectState
정보: main project[sample_test] changeProjectState method end
4월 11, 2018 6:00:19 오후 kr.pe.sinnori.common.buildsystem.ProjectBuilder createChildDirectories
정보: main project[sample_test]'s child direcotry creation task start
4월 11, 2018 6:00:19 오후 kr.pe.sinnori.common.buildsystem.ProjectBuilder createCommonChildDirectories
정보: main project[sample_test]'s common child direcotry creation task start
4월 11, 2018 6:00:19 오후 kr.pe.sinnori.common.util.CommonStaticUtil createChildDirectoriesOfBasePath
정보: the new child relative direcotry[D:\gitsinnori\sinnori\project\sample_test][config] was created successfully
4월 11, 2018 6:00:19 오후 kr.pe.sinnori.common.util.CommonStaticUtil createChildDirectoriesOfBasePath
정보: the new child relative direcotry[D:\gitsinnori\sinnori\project\sample_test][resources/dbcp] was created successfully
4월 11, 2018 6:00:19 오후 kr.pe.sinnori.common.util.CommonStaticUtil createChildDirectoriesOfBasePath
정보: the new child relative direcotry[D:\gitsinnori\sinnori\project\sample_test][resources/message_info] was created successfully
4월 11, 2018 6:00:19 오후 kr.pe.sinnori.common.util.CommonStaticUtil createChildDirectoriesOfBasePath
정보: the new child relative direcotry[D:\gitsinnori\sinnori\project\sample_test][resources/rsa_keypair] was created successfully
4월 11, 2018 6:00:19 오후 kr.pe.sinnori.common.util.CommonStaticUtil createChildDirectoriesOfBasePath
정보: the new child relative direcotry[D:\gitsinnori\sinnori\project\sample_test][log/apache] was created successfully
4월 11, 2018 6:00:19 오후 kr.pe.sinnori.common.util.CommonStaticUtil createChildDirectoriesOfBasePath
정보: the new child relative direcotry[D:\gitsinnori\sinnori\project\sample_test][log/client] was created successfully
4월 11, 2018 6:00:19 오후 kr.pe.sinnori.common.util.CommonStaticUtil createChildDirectoriesOfBasePath
정보: the new child relative direcotry[D:\gitsinnori\sinnori\project\sample_test][log/server] was created successfully
4월 11, 2018 6:00:19 오후 kr.pe.sinnori.common.util.CommonStaticUtil createChildDirectoriesOfBasePath
정보: the new child relative direcotry[D:\gitsinnori\sinnori\project\sample_test][log/servlet] was created successfully
4월 11, 2018 6:00:19 오후 kr.pe.sinnori.common.buildsystem.ProjectBuilder createCommonChildDirectories
정보: main project[sample_test]'s common child direcotry creation task end
4월 11, 2018 6:00:19 오후 kr.pe.sinnori.common.buildsystem.ProjectBuilder createAppBuildChildDirectories
정보: main project[sample_test]'s application build child direcotry creation task start
4월 11, 2018 6:00:19 오후 kr.pe.sinnori.common.util.CommonStaticUtil createChildDirectoriesOfBasePath
정보: the new child relative direcotry[D:\gitsinnori\sinnori\project\sample_test][client_build/app_build/corelib/ex] was created successfully
4월 11, 2018 6:00:19 오후 kr.pe.sinnori.common.util.CommonStaticUtil createChildDirectoriesOfBasePath
정보: the new child relative direcotry[D:\gitsinnori\sinnori\project\sample_test][client_build/app_build/corelib/in] was created successfully
4월 11, 2018 6:00:19 오후 kr.pe.sinnori.common.util.CommonStaticUtil createChildDirectoriesOfBasePath
정보: the new child relative direcotry[D:\gitsinnori\sinnori\project\sample_test][client_build/app_build/lib/main/ex] was created successfully
4월 11, 2018 6:00:19 오후 kr.pe.sinnori.common.util.CommonStaticUtil createChildDirectoriesOfBasePath
정보: the new child relative direcotry[D:\gitsinnori\sinnori\project\sample_test][client_build/app_build/lib/main/in] was created successfully
4월 11, 2018 6:00:19 오후 kr.pe.sinnori.common.util.CommonStaticUtil createChildDirectoriesOfBasePath
정보: the new child relative direcotry[D:\gitsinnori\sinnori\project\sample_test][client_build/app_build/lib/test] was created successfully
4월 11, 2018 6:00:19 오후 kr.pe.sinnori.common.util.CommonStaticUtil createChildDirectoriesOfBasePath
정보: the new child relative direcotry[D:\gitsinnori\sinnori\project\sample_test][client_build/app_build/src/main/java/kr/pe/sinnori/impl/message] was created successfully
4월 11, 2018 6:00:19 오후 kr.pe.sinnori.common.util.CommonStaticUtil createChildDirectoriesOfBasePath
정보: the new child relative direcotry[D:\gitsinnori\sinnori\project\sample_test][client_build/app_build/src/main/java/main] was created successfully
4월 11, 2018 6:00:19 오후 kr.pe.sinnori.common.util.CommonStaticUtil createChildDirectoriesOfBasePath
정보: the new child relative direcotry[D:\gitsinnori\sinnori\project\sample_test][client_build/app_build/src/test/java] was created successfully
4월 11, 2018 6:00:19 오후 kr.pe.sinnori.common.util.CommonStaticUtil createChildDirectoriesOfBasePath
정보: the new child relative direcotry[D:\gitsinnori\sinnori\project\sample_test][client_build/app_build/build] was created successfully
4월 11, 2018 6:00:19 오후 kr.pe.sinnori.common.util.CommonStaticUtil createChildDirectoriesOfBasePath
정보: the new child relative direcotry[D:\gitsinnori\sinnori\project\sample_test][client_build/app_build/dist] was created successfully
4월 11, 2018 6:00:19 오후 kr.pe.sinnori.common.buildsystem.ProjectBuilder createAppBuildChildDirectories
정보: main project[sample_test]'s application build child direcotry creation task end
4월 11, 2018 6:00:19 오후 kr.pe.sinnori.common.buildsystem.ProjectBuilder createWebBuildChildDirectories
정보: main project[sample_test]'s web build child direcotry creation task start
4월 11, 2018 6:00:19 오후 kr.pe.sinnori.common.util.CommonStaticUtil createChildDirectoriesOfBasePath
정보: the new child relative direcotry[D:\gitsinnori\sinnori\project\sample_test][client_build/web_build/corelib/ex] was created successfully
4월 11, 2018 6:00:19 오후 kr.pe.sinnori.common.util.CommonStaticUtil createChildDirectoriesOfBasePath
정보: the new child relative direcotry[D:\gitsinnori\sinnori\project\sample_test][client_build/web_build/corelib/in] was created successfully
4월 11, 2018 6:00:19 오후 kr.pe.sinnori.common.util.CommonStaticUtil createChildDirectoriesOfBasePath
정보: the new child relative direcotry[D:\gitsinnori\sinnori\project\sample_test][client_build/web_build/lib/main/ex] was created successfully
4월 11, 2018 6:00:19 오후 kr.pe.sinnori.common.util.CommonStaticUtil createChildDirectoriesOfBasePath
정보: the new child relative direcotry[D:\gitsinnori\sinnori\project\sample_test][client_build/web_build/lib/main/in] was created successfully
4월 11, 2018 6:00:19 오후 kr.pe.sinnori.common.util.CommonStaticUtil createChildDirectoriesOfBasePath
정보: the new child relative direcotry[D:\gitsinnori\sinnori\project\sample_test][client_build/web_build/lib/test] was created successfully
4월 11, 2018 6:00:19 오후 kr.pe.sinnori.common.util.CommonStaticUtil createChildDirectoriesOfBasePath
정보: the new child relative direcotry[D:\gitsinnori\sinnori\project\sample_test][client_build/web_build/src/main/java/kr/pe/sinnori/impl/message] was created successfully
4월 11, 2018 6:00:19 오후 kr.pe.sinnori.common.util.CommonStaticUtil createChildDirectoriesOfBasePath
정보: the new child relative direcotry[D:\gitsinnori\sinnori\project\sample_test][client_build/web_build/src/main/java//kr/pe/sinnori/servlet] was created successfully
4월 11, 2018 6:00:19 오후 kr.pe.sinnori.common.util.CommonStaticUtil createChildDirectoriesOfBasePath
정보: the new child relative direcotry[D:\gitsinnori\sinnori\project\sample_test][client_build/web_build/src/main/java/kr/pe/sinnori/weblib/common] was created successfully
4월 11, 2018 6:00:19 오후 kr.pe.sinnori.common.util.CommonStaticUtil createChildDirectoriesOfBasePath
정보: the new child relative direcotry[D:\gitsinnori\sinnori\project\sample_test][client_build/web_build/src/main/java/kr/pe/sinnori/weblib/htmlstring] was created successfully
4월 11, 2018 6:00:19 오후 kr.pe.sinnori.common.util.CommonStaticUtil createChildDirectoriesOfBasePath
정보: the new child relative direcotry[D:\gitsinnori\sinnori\project\sample_test][client_build/web_build/src/main/java/kr/pe/sinnori/weblib/jdf] was created successfully
4월 11, 2018 6:00:19 오후 kr.pe.sinnori.common.util.CommonStaticUtil createChildDirectoriesOfBasePath
정보: the new child relative direcotry[D:\gitsinnori\sinnori\project\sample_test][client_build/web_build/src/test/java] was created successfully
4월 11, 2018 6:00:19 오후 kr.pe.sinnori.common.util.CommonStaticUtil createChildDirectoriesOfBasePath
정보: the new child relative direcotry[D:\gitsinnori\sinnori\project\sample_test][client_build/web_build/build] was created successfully
4월 11, 2018 6:00:19 오후 kr.pe.sinnori.common.util.CommonStaticUtil createChildDirectoriesOfBasePath
정보: the new child relative direcotry[D:\gitsinnori\sinnori\project\sample_test][client_build/web_build/dist] was created successfully
4월 11, 2018 6:00:19 오후 kr.pe.sinnori.common.buildsystem.ProjectBuilder createWebBuildChildDirectories
정보: main project[sample_test]'s web build child direcotry creation task end
4월 11, 2018 6:00:19 오후 kr.pe.sinnori.common.buildsystem.ProjectBuilder createWebRootChildDirectories
정보: main project[sample_test]'s web root child direcotry creation task start
4월 11, 2018 6:00:19 오후 kr.pe.sinnori.common.util.CommonStaticUtil createChildDirectoriesOfBasePath
정보: the new child relative direcotry[D:\gitsinnori\sinnori\project\sample_test][web_app_base/upload] was created successfully
4월 11, 2018 6:00:19 오후 kr.pe.sinnori.common.util.CommonStaticUtil createChildDirectoriesOfBasePath
정보: the new child relative direcotry[D:\gitsinnori\sinnori\project\sample_test][web_app_base/ROOT/WEB-INF/classes] was created successfully
4월 11, 2018 6:00:19 오후 kr.pe.sinnori.common.util.CommonStaticUtil createChildDirectoriesOfBasePath
정보: the new child relative direcotry[D:\gitsinnori\sinnori\project\sample_test][web_app_base/ROOT/WEB-INF/lib] was created successfully
4월 11, 2018 6:00:19 오후 kr.pe.sinnori.common.buildsystem.ProjectBuilder createWebRootChildDirectories
정보: main project[sample_test]'s web root child direcotry creation task end
4월 11, 2018 6:00:19 오후 kr.pe.sinnori.common.buildsystem.ProjectBuilder createChildDirectories
정보: main project[sample_test]'s child direcotry creation task end
4월 11, 2018 6:00:19 오후 kr.pe.sinnori.common.buildsystem.ProjectBuilder createFiles
정보: main project[sample_test]'s file creation task start
4월 11, 2018 6:00:19 오후 kr.pe.sinnori.common.buildsystem.ProjectBuilder createNewSinnoriConfigFile
정보: main project[sample_test]'s config file creation task start
4월 11, 2018 6:00:19 오후 kr.pe.sinnori.common.util.SequencedPropertiesUtil createNewSequencedPropertiesFile
정보: the sequenced properties file[D:\gitsinnori\sinnori\project\sample_test\config\sinnori.properties] was created
4월 11, 2018 6:00:19 오후 kr.pe.sinnori.common.buildsystem.ProjectBuilder createNewSinnoriConfigFile
정보: main project[sample_test]'s config file creation task end
4월 11, 2018 6:00:19 오후 kr.pe.sinnori.common.buildsystem.ProjectBuilder copySampleFilesToResoruces
정보: the mainproject[sample_test]'s resources directory copy task start
4월 11, 2018 6:00:19 오후 kr.pe.sinnori.common.buildsystem.ProjectBuilder copySampleFilesToResoruces
정보: the mainproject[sample_test]'s resources directory copy task end
4월 11, 2018 6:00:19 오후 kr.pe.sinnori.common.buildsystem.ProjectBuilder createAppClientBuildSystemFiles
정보: mainproject[sample_test]'s application client build system files creation task start
4월 11, 2018 6:00:19 오후 kr.pe.sinnori.common.buildsystem.ProjectBuilder createNewAppClientAntBuildXMLFile
정보: main project[sample_test]'s application client ant build.xml file creation task start
4월 11, 2018 6:00:19 오후 kr.pe.sinnori.common.buildsystem.ProjectBuilder createNewAppClientAntBuildXMLFile
정보: main project[sample_test]'s application client ant build.xml file creation task end
4월 11, 2018 6:00:19 오후 kr.pe.sinnori.common.buildsystem.ProjectBuilder createNewAppClientDosShellFile
정보: main project[sample_test]'s application client dos shell file creation task start
4월 11, 2018 6:00:19 오후 kr.pe.sinnori.common.buildsystem.ProjectBuilder createNewAppClientDosShellFile
정보: main project[sample_test]'s application client dos shell file creation task end
4월 11, 2018 6:00:19 오후 kr.pe.sinnori.common.buildsystem.ProjectBuilder createNewAppClientUnixShellFile
정보: main project[sample_test]'s application client unix shell file creation task start
4월 11, 2018 6:00:19 오후 kr.pe.sinnori.common.buildsystem.ProjectBuilder createNewAppClientUnixShellFile
정보: main project[sample_test]'s application client unix shell file creation task end
4월 11, 2018 6:00:19 오후 kr.pe.sinnori.common.buildsystem.ProjectBuilder copyAppClientSampleFiles
정보: application client sample source files copy task start
4월 11, 2018 6:00:19 오후 kr.pe.sinnori.common.buildsystem.ProjectBuilder copyAppClientSampleFiles
정보: application client sample source files copy task end
4월 11, 2018 6:00:19 오후 kr.pe.sinnori.common.buildsystem.ProjectBuilder createNewAppClientAllMessageIOFileSet
정보: main project[sample_test]'s application client message io file set creation task start
4월 11, 2018 6:00:19 오후 kr.pe.sinnori.common.util.CommonStaticUtil createChildDirectoriesOfBasePath
정보: the new child relative direcotry[D:\gitsinnori\sinnori\project\sample_test\client_build\app_build\src\main\java\kr\pe\sinnori\impl\message][Echo] was created successfully
4월 11, 2018 6:00:19 오후 kr.pe.sinnori.common.buildsystem.ProjectBuilder createNewMessageSourceFile
정보: main project[sample_test]'s message file[Echo][D:\gitsinnori\sinnori\project\sample_test\client_build\app_build\src\main\java\kr\pe\sinnori\impl\message] creation task start
4월 11, 2018 6:00:19 오후 kr.pe.sinnori.common.buildsystem.ProjectBuilder createNewMessageSourceFile
정보: main project[sample_test]'s message file[Echo][D:\gitsinnori\sinnori\project\sample_test\client_build\app_build\src\main\java\kr\pe\sinnori\impl\message] creation task end
4월 11, 2018 6:00:19 오후 kr.pe.sinnori.common.buildsystem.ProjectBuilder createNewDecoderSourceFile
정보: main project[sample_test]'s message decoder file[Echo][D:\gitsinnori\sinnori\project\sample_test\client_build\app_build\src\main\java\kr\pe\sinnori\impl\message] creation task start
4월 11, 2018 6:00:19 오후 kr.pe.sinnori.common.buildsystem.ProjectBuilder createNewDecoderSourceFile
정보: main project[sample_test]'s message decoder file[Echo][D:\gitsinnori\sinnori\project\sample_test\client_build\app_build\src\main\java\kr\pe\sinnori\impl\message] creation task end
4월 11, 2018 6:00:19 오후 kr.pe.sinnori.common.buildsystem.ProjectBuilder createNewEncoderSourceFile
정보: main project[sample_test]'s message encoder file[Echo][D:\gitsinnori\sinnori\project\sample_test\client_build\app_build\src\main\java\kr\pe\sinnori\impl\message] creation task start
4월 11, 2018 6:00:19 오후 kr.pe.sinnori.common.buildsystem.ProjectBuilder createNewEncoderSourceFile
정보: main project[sample_test]'s message encoder file[Echo][D:\gitsinnori\sinnori\project\sample_test\client_build\app_build\src\main\java\kr\pe\sinnori\impl\message] creation task end
4월 11, 2018 6:00:19 오후 kr.pe.sinnori.common.buildsystem.ProjectBuilder createNewServerCodecSourceFile
정보: main project[sample_test]'s message server codec file[Echo][D:\gitsinnori\sinnori\project\sample_test\client_build\app_build\src\main\java\kr\pe\sinnori\impl\message] creation task start
4월 11, 2018 6:00:20 오후 kr.pe.sinnori.common.buildsystem.ProjectBuilder createNewServerCodecSourceFile
정보: main project[sample_test]'s message server codec file[Echo][D:\gitsinnori\sinnori\project\sample_test\client_build\app_build\src\main\java\kr\pe\sinnori\impl\message] creation task end
4월 11, 2018 6:00:20 오후 kr.pe.sinnori.common.buildsystem.ProjectBuilder createNewClientCodecSourceFile
정보: main project[sample_test]'s message client codec file[Echo][D:\gitsinnori\sinnori\project\sample_test\client_build\app_build\src\main\java\kr\pe\sinnori\impl\message] creation task start
4월 11, 2018 6:00:20 오후 kr.pe.sinnori.common.buildsystem.ProjectBuilder createNewClientCodecSourceFile
정보: main project[sample_test]'s message client codec file[Echo][D:\gitsinnori\sinnori\project\sample_test\client_build\app_build\src\main\java\kr\pe\sinnori\impl\message] creation task end
4월 11, 2018 6:00:20 오후 kr.pe.sinnori.common.util.CommonStaticUtil createChildDirectoriesOfBasePath
정보: the new child relative direcotry[D:\gitsinnori\sinnori\project\sample_test\client_build\app_build\src\main\java\kr\pe\sinnori\impl\message][PublicKeyReq] was created successfully
4월 11, 2018 6:00:20 오후 kr.pe.sinnori.common.buildsystem.ProjectBuilder createNewMessageSourceFile
정보: main project[sample_test]'s message file[PublicKeyReq][D:\gitsinnori\sinnori\project\sample_test\client_build\app_build\src\main\java\kr\pe\sinnori\impl\message] creation task start
4월 11, 2018 6:00:20 오후 kr.pe.sinnori.common.buildsystem.ProjectBuilder createNewMessageSourceFile
정보: main project[sample_test]'s message file[PublicKeyReq][D:\gitsinnori\sinnori\project\sample_test\client_build\app_build\src\main\java\kr\pe\sinnori\impl\message] creation task end
4월 11, 2018 6:00:20 오후 kr.pe.sinnori.common.buildsystem.ProjectBuilder createNewDecoderSourceFile
정보: main project[sample_test]'s message decoder file[PublicKeyReq][D:\gitsinnori\sinnori\project\sample_test\client_build\app_build\src\main\java\kr\pe\sinnori\impl\message] creation task start
4월 11, 2018 6:00:20 오후 kr.pe.sinnori.common.buildsystem.ProjectBuilder createNewDecoderSourceFile
정보: main project[sample_test]'s message decoder file[PublicKeyReq][D:\gitsinnori\sinnori\project\sample_test\client_build\app_build\src\main\java\kr\pe\sinnori\impl\message] creation task end
4월 11, 2018 6:00:20 오후 kr.pe.sinnori.common.buildsystem.ProjectBuilder createNewEncoderSourceFile
정보: main project[sample_test]'s message encoder file[PublicKeyReq][D:\gitsinnori\sinnori\project\sample_test\client_build\app_build\src\main\java\kr\pe\sinnori\impl\message] creation task start
4월 11, 2018 6:00:20 오후 kr.pe.sinnori.common.buildsystem.ProjectBuilder createNewEncoderSourceFile
정보: main project[sample_test]'s message encoder file[PublicKeyReq][D:\gitsinnori\sinnori\project\sample_test\client_build\app_build\src\main\java\kr\pe\sinnori\impl\message] creation task end
4월 11, 2018 6:00:20 오후 kr.pe.sinnori.common.buildsystem.ProjectBuilder createNewServerCodecSourceFile
정보: main project[sample_test]'s message server codec file[PublicKeyReq][D:\gitsinnori\sinnori\project\sample_test\client_build\app_build\src\main\java\kr\pe\sinnori\impl\message] creation task start
4월 11, 2018 6:00:20 오후 kr.pe.sinnori.common.buildsystem.ProjectBuilder createNewServerCodecSourceFile
정보: main project[sample_test]'s message server codec file[PublicKeyReq][D:\gitsinnori\sinnori\project\sample_test\client_build\app_build\src\main\java\kr\pe\sinnori\impl\message] creation task end
4월 11, 2018 6:00:20 오후 kr.pe.sinnori.common.buildsystem.ProjectBuilder createNewClientCodecSourceFile
정보: main project[sample_test]'s message client codec file[PublicKeyReq][D:\gitsinnori\sinnori\project\sample_test\client_build\app_build\src\main\java\kr\pe\sinnori\impl\message] creation task start
4월 11, 2018 6:00:20 오후 kr.pe.sinnori.common.buildsystem.ProjectBuilder createNewClientCodecSourceFile
정보: main project[sample_test]'s message client codec file[PublicKeyReq][D:\gitsinnori\sinnori\project\sample_test\client_build\app_build\src\main\java\kr\pe\sinnori\impl\message] creation task end
4월 11, 2018 6:00:20 오후 kr.pe.sinnori.common.util.CommonStaticUtil createChildDirectoriesOfBasePath
정보: the new child relative direcotry[D:\gitsinnori\sinnori\project\sample_test\client_build\app_build\src\main\java\kr\pe\sinnori\impl\message][PublicKeyRes] was created successfully
4월 11, 2018 6:00:20 오후 kr.pe.sinnori.common.buildsystem.ProjectBuilder createNewMessageSourceFile
정보: main project[sample_test]'s message file[PublicKeyRes][D:\gitsinnori\sinnori\project\sample_test\client_build\app_build\src\main\java\kr\pe\sinnori\impl\message] creation task start
4월 11, 2018 6:00:20 오후 kr.pe.sinnori.common.buildsystem.ProjectBuilder createNewMessageSourceFile
정보: main project[sample_test]'s message file[PublicKeyRes][D:\gitsinnori\sinnori\project\sample_test\client_build\app_build\src\main\java\kr\pe\sinnori\impl\message] creation task end
4월 11, 2018 6:00:20 오후 kr.pe.sinnori.common.buildsystem.ProjectBuilder createNewDecoderSourceFile
정보: main project[sample_test]'s message decoder file[PublicKeyRes][D:\gitsinnori\sinnori\project\sample_test\client_build\app_build\src\main\java\kr\pe\sinnori\impl\message] creation task start
4월 11, 2018 6:00:20 오후 kr.pe.sinnori.common.buildsystem.ProjectBuilder createNewDecoderSourceFile
정보: main project[sample_test]'s message decoder file[PublicKeyRes][D:\gitsinnori\sinnori\project\sample_test\client_build\app_build\src\main\java\kr\pe\sinnori\impl\message] creation task end
4월 11, 2018 6:00:20 오후 kr.pe.sinnori.common.buildsystem.ProjectBuilder createNewEncoderSourceFile
정보: main project[sample_test]'s message encoder file[PublicKeyRes][D:\gitsinnori\sinnori\project\sample_test\client_build\app_build\src\main\java\kr\pe\sinnori\impl\message] creation task start
4월 11, 2018 6:00:20 오후 kr.pe.sinnori.common.buildsystem.ProjectBuilder createNewEncoderSourceFile
정보: main project[sample_test]'s message encoder file[PublicKeyRes][D:\gitsinnori\sinnori\project\sample_test\client_build\app_build\src\main\java\kr\pe\sinnori\impl\message] creation task end
4월 11, 2018 6:00:20 오후 kr.pe.sinnori.common.buildsystem.ProjectBuilder createNewServerCodecSourceFile
정보: main project[sample_test]'s message server codec file[PublicKeyRes][D:\gitsinnori\sinnori\project\sample_test\client_build\app_build\src\main\java\kr\pe\sinnori\impl\message] creation task start
4월 11, 2018 6:00:20 오후 kr.pe.sinnori.common.buildsystem.ProjectBuilder createNewServerCodecSourceFile
정보: main project[sample_test]'s message server codec file[PublicKeyRes][D:\gitsinnori\sinnori\project\sample_test\client_build\app_build\src\main\java\kr\pe\sinnori\impl\message] creation task end
4월 11, 2018 6:00:20 오후 kr.pe.sinnori.common.buildsystem.ProjectBuilder createNewClientCodecSourceFile
정보: main project[sample_test]'s message client codec file[PublicKeyRes][D:\gitsinnori\sinnori\project\sample_test\client_build\app_build\src\main\java\kr\pe\sinnori\impl\message] creation task start
4월 11, 2018 6:00:20 오후 kr.pe.sinnori.common.buildsystem.ProjectBuilder createNewClientCodecSourceFile
정보: main project[sample_test]'s message client codec file[PublicKeyRes][D:\gitsinnori\sinnori\project\sample_test\client_build\app_build\src\main\java\kr\pe\sinnori\impl\message] creation task end
4월 11, 2018 6:00:20 오후 kr.pe.sinnori.common.buildsystem.ProjectBuilder createNewAppClientAllMessageIOFileSet
정보: main project[sample_test]'s application client message io file set creation task end
4월 11, 2018 6:00:20 오후 kr.pe.sinnori.common.buildsystem.ProjectBuilder createAppClientBuildSystemFiles
정보: mainproject[sample_test]'s application client build system files creation task end
4월 11, 2018 6:00:20 오후 kr.pe.sinnori.common.buildsystem.ProjectBuilder createWebClientBuildSystemFiles
정보: main project[sample_test]'s web client build system files creation task start
4월 11, 2018 6:00:20 오후 kr.pe.sinnori.common.buildsystem.ProjectBuilder createNewWebClientAntBuildFile
정보: main project[sample_test]'s web client ant build.xml file creation task start
4월 11, 2018 6:00:20 오후 kr.pe.sinnori.common.buildsystem.ProjectBuilder createNewWebClientAntBuildFile
정보: main project[sample_test]'s web client ant build.xml file creation task end
4월 11, 2018 6:00:20 오후 kr.pe.sinnori.common.buildsystem.ProjectBuilder createNewWebClientAntPropertiesFile
정보: main project[sample_test]'s web client ant properties file creation task start
4월 11, 2018 6:00:20 오후 kr.pe.sinnori.common.util.SequencedPropertiesUtil createNewSequencedPropertiesFile
정보: the sequenced properties file[D:\gitsinnori\sinnori\project\sample_test\client_build\web_build\webAnt.properties] was created
4월 11, 2018 6:00:20 오후 kr.pe.sinnori.common.buildsystem.ProjectBuilder createNewWebClientAntPropertiesFile
정보: main project[sample_test]'s web client ant properties file creation task end
4월 11, 2018 6:00:20 오후 kr.pe.sinnori.common.buildsystem.ProjectBuilder createNewWebClientMessageIOFileSet
정보: main project[sample_test]'s web client message io file set creation task start
4월 11, 2018 6:00:20 오후 kr.pe.sinnori.common.util.CommonStaticUtil createChildDirectoriesOfBasePath
정보: the new child relative direcotry[D:\gitsinnori\sinnori\project\sample_test\client_build\web_build\src\main\java\kr\pe\sinnori\impl\message][Echo] was created successfully
4월 11, 2018 6:00:20 오후 kr.pe.sinnori.common.buildsystem.ProjectBuilder createNewMessageSourceFile
정보: main project[sample_test]'s message file[Echo][D:\gitsinnori\sinnori\project\sample_test\client_build\web_build\src\main\java\kr\pe\sinnori\impl\message] creation task start
4월 11, 2018 6:00:20 오후 kr.pe.sinnori.common.buildsystem.ProjectBuilder createNewMessageSourceFile
정보: main project[sample_test]'s message file[Echo][D:\gitsinnori\sinnori\project\sample_test\client_build\web_build\src\main\java\kr\pe\sinnori\impl\message] creation task end
4월 11, 2018 6:00:20 오후 kr.pe.sinnori.common.buildsystem.ProjectBuilder createNewDecoderSourceFile
정보: main project[sample_test]'s message decoder file[Echo][D:\gitsinnori\sinnori\project\sample_test\client_build\web_build\src\main\java\kr\pe\sinnori\impl\message] creation task start
4월 11, 2018 6:00:20 오후 kr.pe.sinnori.common.buildsystem.ProjectBuilder createNewDecoderSourceFile
정보: main project[sample_test]'s message decoder file[Echo][D:\gitsinnori\sinnori\project\sample_test\client_build\web_build\src\main\java\kr\pe\sinnori\impl\message] creation task end
4월 11, 2018 6:00:20 오후 kr.pe.sinnori.common.buildsystem.ProjectBuilder createNewEncoderSourceFile
정보: main project[sample_test]'s message encoder file[Echo][D:\gitsinnori\sinnori\project\sample_test\client_build\web_build\src\main\java\kr\pe\sinnori\impl\message] creation task start
4월 11, 2018 6:00:20 오후 kr.pe.sinnori.common.buildsystem.ProjectBuilder createNewEncoderSourceFile
정보: main project[sample_test]'s message encoder file[Echo][D:\gitsinnori\sinnori\project\sample_test\client_build\web_build\src\main\java\kr\pe\sinnori\impl\message] creation task end
4월 11, 2018 6:00:20 오후 kr.pe.sinnori.common.buildsystem.ProjectBuilder createNewServerCodecSourceFile
정보: main project[sample_test]'s message server codec file[Echo][D:\gitsinnori\sinnori\project\sample_test\client_build\web_build\src\main\java\kr\pe\sinnori\impl\message] creation task start
4월 11, 2018 6:00:20 오후 kr.pe.sinnori.common.buildsystem.ProjectBuilder createNewServerCodecSourceFile
정보: main project[sample_test]'s message server codec file[Echo][D:\gitsinnori\sinnori\project\sample_test\client_build\web_build\src\main\java\kr\pe\sinnori\impl\message] creation task end
4월 11, 2018 6:00:20 오후 kr.pe.sinnori.common.buildsystem.ProjectBuilder createNewClientCodecSourceFile
정보: main project[sample_test]'s message client codec file[Echo][D:\gitsinnori\sinnori\project\sample_test\client_build\web_build\src\main\java\kr\pe\sinnori\impl\message] creation task start
4월 11, 2018 6:00:20 오후 kr.pe.sinnori.common.buildsystem.ProjectBuilder createNewClientCodecSourceFile
정보: main project[sample_test]'s message client codec file[Echo][D:\gitsinnori\sinnori\project\sample_test\client_build\web_build\src\main\java\kr\pe\sinnori\impl\message] creation task end
4월 11, 2018 6:00:20 오후 kr.pe.sinnori.common.util.CommonStaticUtil createChildDirectoriesOfBasePath
정보: the new child relative direcotry[D:\gitsinnori\sinnori\project\sample_test\client_build\web_build\src\main\java\kr\pe\sinnori\impl\message][PublicKeyReq] was created successfully
4월 11, 2018 6:00:20 오후 kr.pe.sinnori.common.buildsystem.ProjectBuilder createNewMessageSourceFile
정보: main project[sample_test]'s message file[PublicKeyReq][D:\gitsinnori\sinnori\project\sample_test\client_build\web_build\src\main\java\kr\pe\sinnori\impl\message] creation task start
4월 11, 2018 6:00:20 오후 kr.pe.sinnori.common.buildsystem.ProjectBuilder createNewMessageSourceFile
정보: main project[sample_test]'s message file[PublicKeyReq][D:\gitsinnori\sinnori\project\sample_test\client_build\web_build\src\main\java\kr\pe\sinnori\impl\message] creation task end
4월 11, 2018 6:00:20 오후 kr.pe.sinnori.common.buildsystem.ProjectBuilder createNewDecoderSourceFile
정보: main project[sample_test]'s message decoder file[PublicKeyReq][D:\gitsinnori\sinnori\project\sample_test\client_build\web_build\src\main\java\kr\pe\sinnori\impl\message] creation task start
4월 11, 2018 6:00:20 오후 kr.pe.sinnori.common.buildsystem.ProjectBuilder createNewDecoderSourceFile
정보: main project[sample_test]'s message decoder file[PublicKeyReq][D:\gitsinnori\sinnori\project\sample_test\client_build\web_build\src\main\java\kr\pe\sinnori\impl\message] creation task end
4월 11, 2018 6:00:20 오후 kr.pe.sinnori.common.buildsystem.ProjectBuilder createNewEncoderSourceFile
정보: main project[sample_test]'s message encoder file[PublicKeyReq][D:\gitsinnori\sinnori\project\sample_test\client_build\web_build\src\main\java\kr\pe\sinnori\impl\message] creation task start
4월 11, 2018 6:00:20 오후 kr.pe.sinnori.common.buildsystem.ProjectBuilder createNewEncoderSourceFile
정보: main project[sample_test]'s message encoder file[PublicKeyReq][D:\gitsinnori\sinnori\project\sample_test\client_build\web_build\src\main\java\kr\pe\sinnori\impl\message] creation task end
4월 11, 2018 6:00:20 오후 kr.pe.sinnori.common.buildsystem.ProjectBuilder createNewServerCodecSourceFile
정보: main project[sample_test]'s message server codec file[PublicKeyReq][D:\gitsinnori\sinnori\project\sample_test\client_build\web_build\src\main\java\kr\pe\sinnori\impl\message] creation task start
4월 11, 2018 6:00:20 오후 kr.pe.sinnori.common.buildsystem.ProjectBuilder createNewServerCodecSourceFile
정보: main project[sample_test]'s message server codec file[PublicKeyReq][D:\gitsinnori\sinnori\project\sample_test\client_build\web_build\src\main\java\kr\pe\sinnori\impl\message] creation task end
4월 11, 2018 6:00:20 오후 kr.pe.sinnori.common.buildsystem.ProjectBuilder createNewClientCodecSourceFile
정보: main project[sample_test]'s message client codec file[PublicKeyReq][D:\gitsinnori\sinnori\project\sample_test\client_build\web_build\src\main\java\kr\pe\sinnori\impl\message] creation task start
4월 11, 2018 6:00:20 오후 kr.pe.sinnori.common.buildsystem.ProjectBuilder createNewClientCodecSourceFile
정보: main project[sample_test]'s message client codec file[PublicKeyReq][D:\gitsinnori\sinnori\project\sample_test\client_build\web_build\src\main\java\kr\pe\sinnori\impl\message] creation task end
4월 11, 2018 6:00:20 오후 kr.pe.sinnori.common.util.CommonStaticUtil createChildDirectoriesOfBasePath
정보: the new child relative direcotry[D:\gitsinnori\sinnori\project\sample_test\client_build\web_build\src\main\java\kr\pe\sinnori\impl\message][PublicKeyRes] was created successfully
4월 11, 2018 6:00:20 오후 kr.pe.sinnori.common.buildsystem.ProjectBuilder createNewMessageSourceFile
정보: main project[sample_test]'s message file[PublicKeyRes][D:\gitsinnori\sinnori\project\sample_test\client_build\web_build\src\main\java\kr\pe\sinnori\impl\message] creation task start
4월 11, 2018 6:00:20 오후 kr.pe.sinnori.common.buildsystem.ProjectBuilder createNewMessageSourceFile
정보: main project[sample_test]'s message file[PublicKeyRes][D:\gitsinnori\sinnori\project\sample_test\client_build\web_build\src\main\java\kr\pe\sinnori\impl\message] creation task end
4월 11, 2018 6:00:20 오후 kr.pe.sinnori.common.buildsystem.ProjectBuilder createNewDecoderSourceFile
정보: main project[sample_test]'s message decoder file[PublicKeyRes][D:\gitsinnori\sinnori\project\sample_test\client_build\web_build\src\main\java\kr\pe\sinnori\impl\message] creation task start
4월 11, 2018 6:00:20 오후 kr.pe.sinnori.common.buildsystem.ProjectBuilder createNewDecoderSourceFile
정보: main project[sample_test]'s message decoder file[PublicKeyRes][D:\gitsinnori\sinnori\project\sample_test\client_build\web_build\src\main\java\kr\pe\sinnori\impl\message] creation task end
4월 11, 2018 6:00:20 오후 kr.pe.sinnori.common.buildsystem.ProjectBuilder createNewEncoderSourceFile
정보: main project[sample_test]'s message encoder file[PublicKeyRes][D:\gitsinnori\sinnori\project\sample_test\client_build\web_build\src\main\java\kr\pe\sinnori\impl\message] creation task start
4월 11, 2018 6:00:20 오후 kr.pe.sinnori.common.buildsystem.ProjectBuilder createNewEncoderSourceFile
정보: main project[sample_test]'s message encoder file[PublicKeyRes][D:\gitsinnori\sinnori\project\sample_test\client_build\web_build\src\main\java\kr\pe\sinnori\impl\message] creation task end
4월 11, 2018 6:00:20 오후 kr.pe.sinnori.common.buildsystem.ProjectBuilder createNewServerCodecSourceFile
정보: main project[sample_test]'s message server codec file[PublicKeyRes][D:\gitsinnori\sinnori\project\sample_test\client_build\web_build\src\main\java\kr\pe\sinnori\impl\message] creation task start
4월 11, 2018 6:00:20 오후 kr.pe.sinnori.common.buildsystem.ProjectBuilder createNewServerCodecSourceFile
정보: main project[sample_test]'s message server codec file[PublicKeyRes][D:\gitsinnori\sinnori\project\sample_test\client_build\web_build\src\main\java\kr\pe\sinnori\impl\message] creation task end
4월 11, 2018 6:00:20 오후 kr.pe.sinnori.common.buildsystem.ProjectBuilder createNewClientCodecSourceFile
정보: main project[sample_test]'s message client codec file[PublicKeyRes][D:\gitsinnori\sinnori\project\sample_test\client_build\web_build\src\main\java\kr\pe\sinnori\impl\message] creation task start
4월 11, 2018 6:00:20 오후 kr.pe.sinnori.common.buildsystem.ProjectBuilder createNewClientCodecSourceFile
정보: main project[sample_test]'s message client codec file[PublicKeyRes][D:\gitsinnori\sinnori\project\sample_test\client_build\web_build\src\main\java\kr\pe\sinnori\impl\message] creation task end
4월 11, 2018 6:00:20 오후 kr.pe.sinnori.common.buildsystem.ProjectBuilder createNewWebClientMessageIOFileSet
정보: main project[sample_test]'s web client message io file set creation task end
4월 11, 2018 6:00:20 오후 kr.pe.sinnori.common.buildsystem.ProjectBuilder copyWebClientSampleFiles
정보: mainproject[sample_test]'s web client sample source files copy task start
4월 11, 2018 6:00:20 오후 kr.pe.sinnori.common.buildsystem.ProjectBuilder copyWebClientSampleFiles
정보: mainproject[sample_test]'s web client sample source files copy task end
4월 11, 2018 6:00:20 오후 kr.pe.sinnori.common.buildsystem.ProjectBuilder createWebClientBuildSystemFiles
정보: main project[sample_test]'s web client build system files creation task end
4월 11, 2018 6:00:20 오후 kr.pe.sinnori.common.buildsystem.ProjectBuilder createWebRootSampleFiles
정보: main project[sample_test]'s web root sample files creation task start
4월 11, 2018 6:00:20 오후 kr.pe.sinnori.common.buildsystem.ProjectBuilder copyWebRootSampleFiles
정보: main project[sample_test]'s web root sample files copy task start
4월 11, 2018 6:00:20 오후 kr.pe.sinnori.common.buildsystem.ProjectBuilder copyWebRootSampleFiles
정보: main project[sample_test]'s web root sample files copy task end
4월 11, 2018 6:00:20 오후 kr.pe.sinnori.common.buildsystem.ProjectBuilder createWebRootSampleFiles
정보: main project[sample_test]'s web root sample files creation task end
4월 11, 2018 6:00:20 오후 kr.pe.sinnori.common.buildsystem.ProjectBuilder createFiles
정보: main project[sample_test]'s file creation task end
4월 11, 2018 6:00:20 오후 kr.pe.sinnori.common.config.SinnoriConfiguration convertSinnoriConfigSequencedPropertiesToAllPartItemsWithValidation
정보: item key[sessionkey.rsa.publickey.file.value]'s value is null because its status is inactive
4월 11, 2018 6:00:20 오후 kr.pe.sinnori.common.config.SinnoriConfiguration convertSinnoriConfigSequencedPropertiesToAllPartItemsWithValidation
정보: item key[sessionkey.rsa.privatekey.file.value]'s value is null because its status is inactive
4월 11, 2018 6:00:20 오후 kr.pe.sinnori.common.buildsystem.ProjectBuilder changeProjectState
정보: main project[sample_test] changeProjectState method start
4월 11, 2018 6:00:20 오후 kr.pe.sinnori.common.buildsystem.ProjectBuilder isValidServerAntBuildXMLFile
정보: the server ant build.xml file[D:\gitsinnori\sinnori\project\sample_test\server_build\build.xml] is bad :: whetherExist[false] isFile[false]
4월 11, 2018 6:00:20 오후 kr.pe.sinnori.common.buildsystem.ProjectBuilder changeProjectState
경고: the server buid.xml file[D:\gitsinnori\sinnori\project\sample_test\server_build\build.xml] is bad beacse it doesn't exist or is not a file, so skip deletion of server build system
4월 11, 2018 6:00:20 오후 kr.pe.sinnori.common.buildsystem.ProjectBuilder deleteAppClientBuildPath
정보: mainproject[sample_test]'s application client build path deletion task start
4월 11, 2018 6:00:20 오후 kr.pe.sinnori.common.buildsystem.ProjectBuilder deleteAppClientBuildPath
정보: mainproject[sample_test]'s application client build path deletion task end
4월 11, 2018 6:00:20 오후 kr.pe.sinnori.common.buildsystem.ProjectBuilder modifyWebClientAntPropertiesFile
정보: main project[sample_test]'s web client ant properties file modification task start
4월 11, 2018 6:00:20 오후 kr.pe.sinnori.common.buildsystem.ProjectBuilder modifyWebClientAntPropertiesFile
정보: main project[sample_test]'s web client ant properties file modification task end
4월 11, 2018 6:00:20 오후 kr.pe.sinnori.common.buildsystem.ProjectBuilder changeProjectState
경고: the web client build path[D:\gitsinnori\sinnori\project\sample_test\client_build\web_build] exists, so only the web client's ant properties including servlet system library path  was updated for new servletSystemLibraryPathString[D:\apache-tomcat-8.5.15\lib]
4월 11, 2018 6:00:20 오후 kr.pe.sinnori.common.buildsystem.ProjectBuilder changeProjectState
경고: the web root path[D:\gitsinnori\sinnori\project\sample_test\web_app_base\ROOT] exists, so skip creation of web root
4월 11, 2018 6:00:20 오후 kr.pe.sinnori.common.buildsystem.ProjectBuilder overwriteSinnoriConfigFile
정보: main project[sample_test]'s config file overwrite task start
4월 11, 2018 6:00:20 오후 kr.pe.sinnori.common.buildsystem.ProjectBuilder overwriteSinnoriConfigFile
정보: main project[sample_test]'s config file overwrite task end
4월 11, 2018 6:00:20 오후 kr.pe.sinnori.common.buildsystem.ProjectBuilder changeProjectState
정보: main project[sample_test] changeProjectState method end
4월 11, 2018 6:00:20 오후 kr.pe.sinnori.common.buildsystem.ProjectBuilder isValidServerAntBuildXMLFile
정보: the server ant build.xml file[D:\gitsinnori\sinnori\project\sample_test\server_build\build.xml] is bad :: whetherExist[false] isFile[false]
4월 11, 2018 6:00:20 오후 kr.pe.sinnori.common.buildsystem.ProjectBuilder isValidAppClientAntBuildXMLFile
정보: the app client ant build.xml file[D:\gitsinnori\sinnori\project\sample_test\client_build\app_build\build.xml] is bad :: whetherExist[false] isFile[false]
4월 11, 2018 6:00:20 오후 kr.pe.sinnori.common.buildsystem.ProjectBuilder changeProjectState
정보: main project[sample_test] changeProjectState method start
4월 11, 2018 6:00:20 오후 kr.pe.sinnori.common.buildsystem.ProjectBuilder isValidServerAntBuildXMLFile
정보: the server ant build.xml file[D:\gitsinnori\sinnori\project\sample_test\server_build\build.xml] is bad :: whetherExist[false] isFile[false]
4월 11, 2018 6:00:20 오후 kr.pe.sinnori.common.buildsystem.ProjectBuilder changeProjectState
경고: the server buid.xml file[D:\gitsinnori\sinnori\project\sample_test\server_build\build.xml] is bad beacse it doesn't exist or is not a file, so skip deletion of server build system
4월 11, 2018 6:00:20 오후 kr.pe.sinnori.common.buildsystem.ProjectBuilder createAppBuildChildDirectories
정보: main project[sample_test]'s application build child direcotry creation task start
4월 11, 2018 6:00:20 오후 kr.pe.sinnori.common.util.CommonStaticUtil createChildDirectoriesOfBasePath
정보: the new child relative direcotry[D:\gitsinnori\sinnori\project\sample_test][client_build/app_build/corelib/ex] was created successfully
4월 11, 2018 6:00:20 오후 kr.pe.sinnori.common.util.CommonStaticUtil createChildDirectoriesOfBasePath
정보: the new child relative direcotry[D:\gitsinnori\sinnori\project\sample_test][client_build/app_build/corelib/in] was created successfully
4월 11, 2018 6:00:20 오후 kr.pe.sinnori.common.util.CommonStaticUtil createChildDirectoriesOfBasePath
정보: the new child relative direcotry[D:\gitsinnori\sinnori\project\sample_test][client_build/app_build/lib/main/ex] was created successfully
4월 11, 2018 6:00:20 오후 kr.pe.sinnori.common.util.CommonStaticUtil createChildDirectoriesOfBasePath
정보: the new child relative direcotry[D:\gitsinnori\sinnori\project\sample_test][client_build/app_build/lib/main/in] was created successfully
4월 11, 2018 6:00:20 오후 kr.pe.sinnori.common.util.CommonStaticUtil createChildDirectoriesOfBasePath
정보: the new child relative direcotry[D:\gitsinnori\sinnori\project\sample_test][client_build/app_build/lib/test] was created successfully
4월 11, 2018 6:00:20 오후 kr.pe.sinnori.common.util.CommonStaticUtil createChildDirectoriesOfBasePath
정보: the new child relative direcotry[D:\gitsinnori\sinnori\project\sample_test][client_build/app_build/src/main/java/kr/pe/sinnori/impl/message] was created successfully
4월 11, 2018 6:00:20 오후 kr.pe.sinnori.common.util.CommonStaticUtil createChildDirectoriesOfBasePath
정보: the new child relative direcotry[D:\gitsinnori\sinnori\project\sample_test][client_build/app_build/src/main/java/main] was created successfully
4월 11, 2018 6:00:20 오후 kr.pe.sinnori.common.util.CommonStaticUtil createChildDirectoriesOfBasePath
정보: the new child relative direcotry[D:\gitsinnori\sinnori\project\sample_test][client_build/app_build/src/test/java] was created successfully
4월 11, 2018 6:00:20 오후 kr.pe.sinnori.common.util.CommonStaticUtil createChildDirectoriesOfBasePath
정보: the new child relative direcotry[D:\gitsinnori\sinnori\project\sample_test][client_build/app_build/build] was created successfully
4월 11, 2018 6:00:20 오후 kr.pe.sinnori.common.util.CommonStaticUtil createChildDirectoriesOfBasePath
정보: the new child relative direcotry[D:\gitsinnori\sinnori\project\sample_test][client_build/app_build/dist] was created successfully
4월 11, 2018 6:00:20 오후 kr.pe.sinnori.common.buildsystem.ProjectBuilder createAppBuildChildDirectories
정보: main project[sample_test]'s application build child direcotry creation task end
4월 11, 2018 6:00:20 오후 kr.pe.sinnori.common.buildsystem.ProjectBuilder createAppClientBuildSystemFiles
정보: mainproject[sample_test]'s application client build system files creation task start
4월 11, 2018 6:00:20 오후 kr.pe.sinnori.common.buildsystem.ProjectBuilder createNewAppClientAntBuildXMLFile
정보: main project[sample_test]'s application client ant build.xml file creation task start
4월 11, 2018 6:00:20 오후 kr.pe.sinnori.common.buildsystem.ProjectBuilder createNewAppClientAntBuildXMLFile
정보: main project[sample_test]'s application client ant build.xml file creation task end
4월 11, 2018 6:00:20 오후 kr.pe.sinnori.common.buildsystem.ProjectBuilder createNewAppClientDosShellFile
정보: main project[sample_test]'s application client dos shell file creation task start
4월 11, 2018 6:00:20 오후 kr.pe.sinnori.common.buildsystem.ProjectBuilder createNewAppClientDosShellFile
정보: main project[sample_test]'s application client dos shell file creation task end
4월 11, 2018 6:00:20 오후 kr.pe.sinnori.common.buildsystem.ProjectBuilder createNewAppClientUnixShellFile
정보: main project[sample_test]'s application client unix shell file creation task start
4월 11, 2018 6:00:20 오후 kr.pe.sinnori.common.buildsystem.ProjectBuilder createNewAppClientUnixShellFile
정보: main project[sample_test]'s application client unix shell file creation task end
4월 11, 2018 6:00:20 오후 kr.pe.sinnori.common.buildsystem.ProjectBuilder copyAppClientSampleFiles
정보: application client sample source files copy task start
4월 11, 2018 6:00:20 오후 kr.pe.sinnori.common.buildsystem.ProjectBuilder copyAppClientSampleFiles
정보: application client sample source files copy task end
4월 11, 2018 6:00:20 오후 kr.pe.sinnori.common.buildsystem.ProjectBuilder createNewAppClientAllMessageIOFileSet
정보: main project[sample_test]'s application client message io file set creation task start
4월 11, 2018 6:00:20 오후 kr.pe.sinnori.common.util.CommonStaticUtil createChildDirectoriesOfBasePath
정보: the new child relative direcotry[D:\gitsinnori\sinnori\project\sample_test\client_build\app_build\src\main\java\kr\pe\sinnori\impl\message][Echo] was created successfully
4월 11, 2018 6:00:20 오후 kr.pe.sinnori.common.buildsystem.ProjectBuilder createNewMessageSourceFile
정보: main project[sample_test]'s message file[Echo][D:\gitsinnori\sinnori\project\sample_test\client_build\app_build\src\main\java\kr\pe\sinnori\impl\message] creation task start
4월 11, 2018 6:00:20 오후 kr.pe.sinnori.common.buildsystem.ProjectBuilder createNewMessageSourceFile
정보: main project[sample_test]'s message file[Echo][D:\gitsinnori\sinnori\project\sample_test\client_build\app_build\src\main\java\kr\pe\sinnori\impl\message] creation task end
4월 11, 2018 6:00:20 오후 kr.pe.sinnori.common.buildsystem.ProjectBuilder createNewDecoderSourceFile
정보: main project[sample_test]'s message decoder file[Echo][D:\gitsinnori\sinnori\project\sample_test\client_build\app_build\src\main\java\kr\pe\sinnori\impl\message] creation task start
4월 11, 2018 6:00:20 오후 kr.pe.sinnori.common.buildsystem.ProjectBuilder createNewDecoderSourceFile
정보: main project[sample_test]'s message decoder file[Echo][D:\gitsinnori\sinnori\project\sample_test\client_build\app_build\src\main\java\kr\pe\sinnori\impl\message] creation task end
4월 11, 2018 6:00:20 오후 kr.pe.sinnori.common.buildsystem.ProjectBuilder createNewEncoderSourceFile
정보: main project[sample_test]'s message encoder file[Echo][D:\gitsinnori\sinnori\project\sample_test\client_build\app_build\src\main\java\kr\pe\sinnori\impl\message] creation task start
4월 11, 2018 6:00:20 오후 kr.pe.sinnori.common.buildsystem.ProjectBuilder createNewEncoderSourceFile
정보: main project[sample_test]'s message encoder file[Echo][D:\gitsinnori\sinnori\project\sample_test\client_build\app_build\src\main\java\kr\pe\sinnori\impl\message] creation task end
4월 11, 2018 6:00:20 오후 kr.pe.sinnori.common.buildsystem.ProjectBuilder createNewServerCodecSourceFile
정보: main project[sample_test]'s message server codec file[Echo][D:\gitsinnori\sinnori\project\sample_test\client_build\app_build\src\main\java\kr\pe\sinnori\impl\message] creation task start
4월 11, 2018 6:00:20 오후 kr.pe.sinnori.common.buildsystem.ProjectBuilder createNewServerCodecSourceFile
정보: main project[sample_test]'s message server codec file[Echo][D:\gitsinnori\sinnori\project\sample_test\client_build\app_build\src\main\java\kr\pe\sinnori\impl\message] creation task end
4월 11, 2018 6:00:20 오후 kr.pe.sinnori.common.buildsystem.ProjectBuilder createNewClientCodecSourceFile
정보: main project[sample_test]'s message client codec file[Echo][D:\gitsinnori\sinnori\project\sample_test\client_build\app_build\src\main\java\kr\pe\sinnori\impl\message] creation task start
4월 11, 2018 6:00:20 오후 kr.pe.sinnori.common.buildsystem.ProjectBuilder createNewClientCodecSourceFile
정보: main project[sample_test]'s message client codec file[Echo][D:\gitsinnori\sinnori\project\sample_test\client_build\app_build\src\main\java\kr\pe\sinnori\impl\message] creation task end
4월 11, 2018 6:00:20 오후 kr.pe.sinnori.common.util.CommonStaticUtil createChildDirectoriesOfBasePath
정보: the new child relative direcotry[D:\gitsinnori\sinnori\project\sample_test\client_build\app_build\src\main\java\kr\pe\sinnori\impl\message][PublicKeyReq] was created successfully
4월 11, 2018 6:00:20 오후 kr.pe.sinnori.common.buildsystem.ProjectBuilder createNewMessageSourceFile
정보: main project[sample_test]'s message file[PublicKeyReq][D:\gitsinnori\sinnori\project\sample_test\client_build\app_build\src\main\java\kr\pe\sinnori\impl\message] creation task start
4월 11, 2018 6:00:20 오후 kr.pe.sinnori.common.buildsystem.ProjectBuilder createNewMessageSourceFile
정보: main project[sample_test]'s message file[PublicKeyReq][D:\gitsinnori\sinnori\project\sample_test\client_build\app_build\src\main\java\kr\pe\sinnori\impl\message] creation task end
4월 11, 2018 6:00:20 오후 kr.pe.sinnori.common.buildsystem.ProjectBuilder createNewDecoderSourceFile
정보: main project[sample_test]'s message decoder file[PublicKeyReq][D:\gitsinnori\sinnori\project\sample_test\client_build\app_build\src\main\java\kr\pe\sinnori\impl\message] creation task start
4월 11, 2018 6:00:20 오후 kr.pe.sinnori.common.buildsystem.ProjectBuilder createNewDecoderSourceFile
정보: main project[sample_test]'s message decoder file[PublicKeyReq][D:\gitsinnori\sinnori\project\sample_test\client_build\app_build\src\main\java\kr\pe\sinnori\impl\message] creation task end
4월 11, 2018 6:00:20 오후 kr.pe.sinnori.common.buildsystem.ProjectBuilder createNewEncoderSourceFile
정보: main project[sample_test]'s message encoder file[PublicKeyReq][D:\gitsinnori\sinnori\project\sample_test\client_build\app_build\src\main\java\kr\pe\sinnori\impl\message] creation task start
4월 11, 2018 6:00:20 오후 kr.pe.sinnori.common.buildsystem.ProjectBuilder createNewEncoderSourceFile
정보: main project[sample_test]'s message encoder file[PublicKeyReq][D:\gitsinnori\sinnori\project\sample_test\client_build\app_build\src\main\java\kr\pe\sinnori\impl\message] creation task end
4월 11, 2018 6:00:20 오후 kr.pe.sinnori.common.buildsystem.ProjectBuilder createNewServerCodecSourceFile
정보: main project[sample_test]'s message server codec file[PublicKeyReq][D:\gitsinnori\sinnori\project\sample_test\client_build\app_build\src\main\java\kr\pe\sinnori\impl\message] creation task start
4월 11, 2018 6:00:20 오후 kr.pe.sinnori.common.buildsystem.ProjectBuilder createNewServerCodecSourceFile
정보: main project[sample_test]'s message server codec file[PublicKeyReq][D:\gitsinnori\sinnori\project\sample_test\client_build\app_build\src\main\java\kr\pe\sinnori\impl\message] creation task end
4월 11, 2018 6:00:20 오후 kr.pe.sinnori.common.buildsystem.ProjectBuilder createNewClientCodecSourceFile
정보: main project[sample_test]'s message client codec file[PublicKeyReq][D:\gitsinnori\sinnori\project\sample_test\client_build\app_build\src\main\java\kr\pe\sinnori\impl\message] creation task start
4월 11, 2018 6:00:20 오후 kr.pe.sinnori.common.buildsystem.ProjectBuilder createNewClientCodecSourceFile
정보: main project[sample_test]'s message client codec file[PublicKeyReq][D:\gitsinnori\sinnori\project\sample_test\client_build\app_build\src\main\java\kr\pe\sinnori\impl\message] creation task end
4월 11, 2018 6:00:20 오후 kr.pe.sinnori.common.util.CommonStaticUtil createChildDirectoriesOfBasePath
정보: the new child relative direcotry[D:\gitsinnori\sinnori\project\sample_test\client_build\app_build\src\main\java\kr\pe\sinnori\impl\message][PublicKeyRes] was created successfully
4월 11, 2018 6:00:20 오후 kr.pe.sinnori.common.buildsystem.ProjectBuilder createNewMessageSourceFile
정보: main project[sample_test]'s message file[PublicKeyRes][D:\gitsinnori\sinnori\project\sample_test\client_build\app_build\src\main\java\kr\pe\sinnori\impl\message] creation task start
4월 11, 2018 6:00:20 오후 kr.pe.sinnori.common.buildsystem.ProjectBuilder createNewMessageSourceFile
정보: main project[sample_test]'s message file[PublicKeyRes][D:\gitsinnori\sinnori\project\sample_test\client_build\app_build\src\main\java\kr\pe\sinnori\impl\message] creation task end
4월 11, 2018 6:00:20 오후 kr.pe.sinnori.common.buildsystem.ProjectBuilder createNewDecoderSourceFile
정보: main project[sample_test]'s message decoder file[PublicKeyRes][D:\gitsinnori\sinnori\project\sample_test\client_build\app_build\src\main\java\kr\pe\sinnori\impl\message] creation task start
4월 11, 2018 6:00:20 오후 kr.pe.sinnori.common.buildsystem.ProjectBuilder createNewDecoderSourceFile
정보: main project[sample_test]'s message decoder file[PublicKeyRes][D:\gitsinnori\sinnori\project\sample_test\client_build\app_build\src\main\java\kr\pe\sinnori\impl\message] creation task end
4월 11, 2018 6:00:20 오후 kr.pe.sinnori.common.buildsystem.ProjectBuilder createNewEncoderSourceFile
정보: main project[sample_test]'s message encoder file[PublicKeyRes][D:\gitsinnori\sinnori\project\sample_test\client_build\app_build\src\main\java\kr\pe\sinnori\impl\message] creation task start
4월 11, 2018 6:00:20 오후 kr.pe.sinnori.common.buildsystem.ProjectBuilder createNewEncoderSourceFile
정보: main project[sample_test]'s message encoder file[PublicKeyRes][D:\gitsinnori\sinnori\project\sample_test\client_build\app_build\src\main\java\kr\pe\sinnori\impl\message] creation task end
4월 11, 2018 6:00:20 오후 kr.pe.sinnori.common.buildsystem.ProjectBuilder createNewServerCodecSourceFile
정보: main project[sample_test]'s message server codec file[PublicKeyRes][D:\gitsinnori\sinnori\project\sample_test\client_build\app_build\src\main\java\kr\pe\sinnori\impl\message] creation task start
4월 11, 2018 6:00:20 오후 kr.pe.sinnori.common.buildsystem.ProjectBuilder createNewServerCodecSourceFile
정보: main project[sample_test]'s message server codec file[PublicKeyRes][D:\gitsinnori\sinnori\project\sample_test\client_build\app_build\src\main\java\kr\pe\sinnori\impl\message] creation task end
4월 11, 2018 6:00:20 오후 kr.pe.sinnori.common.buildsystem.ProjectBuilder createNewClientCodecSourceFile
정보: main project[sample_test]'s message client codec file[PublicKeyRes][D:\gitsinnori\sinnori\project\sample_test\client_build\app_build\src\main\java\kr\pe\sinnori\impl\message] creation task start
4월 11, 2018 6:00:20 오후 kr.pe.sinnori.common.buildsystem.ProjectBuilder createNewClientCodecSourceFile
정보: main project[sample_test]'s message client codec file[PublicKeyRes][D:\gitsinnori\sinnori\project\sample_test\client_build\app_build\src\main\java\kr\pe\sinnori\impl\message] creation task end
4월 11, 2018 6:00:20 오후 kr.pe.sinnori.common.buildsystem.ProjectBuilder createNewAppClientAllMessageIOFileSet
정보: main project[sample_test]'s application client message io file set creation task end
4월 11, 2018 6:00:20 오후 kr.pe.sinnori.common.buildsystem.ProjectBuilder createAppClientBuildSystemFiles
정보: mainproject[sample_test]'s application client build system files creation task end
4월 11, 2018 6:00:20 오후 kr.pe.sinnori.common.buildsystem.ProjectBuilder deleteWebCientBuildPath
정보: main project[sample_test]'s web client build path deletion task start
4월 11, 2018 6:00:20 오후 kr.pe.sinnori.common.buildsystem.ProjectBuilder deleteWebCientBuildPath
정보: main project[sample_test]'s web client build path deletion task end
4월 11, 2018 6:00:20 오후 kr.pe.sinnori.common.buildsystem.ProjectBuilder deleteWebRoot
정보: main project[sample_test]'s web root path deletion task start
4월 11, 2018 6:00:20 오후 kr.pe.sinnori.common.buildsystem.ProjectBuilder deleteWebRoot
정보: main project[sample_test]'s web root path deletion task end
4월 11, 2018 6:00:20 오후 kr.pe.sinnori.common.buildsystem.ProjectBuilder overwriteSinnoriConfigFile
정보: main project[sample_test]'s config file overwrite task start
4월 11, 2018 6:00:20 오후 kr.pe.sinnori.common.buildsystem.ProjectBuilder overwriteSinnoriConfigFile
정보: main project[sample_test]'s config file overwrite task end
4월 11, 2018 6:00:20 오후 kr.pe.sinnori.common.buildsystem.ProjectBuilder changeProjectState
정보: main project[sample_test] changeProjectState method end
4월 11, 2018 6:00:20 오후 kr.pe.sinnori.common.buildsystem.ProjectBuilder isValidServerAntBuildXMLFile
정보: the server ant build.xml file[D:\gitsinnori\sinnori\project\sample_test\server_build\build.xml] is bad :: whetherExist[false] isFile[false]
4월 11, 2018 6:00:20 오후 kr.pe.sinnori.common.buildsystem.ProjectBuilder isValidWebClientAntBuildXMLFile
정보: the web client ant build.xml file[D:\gitsinnori\sinnori\project\sample_test\client_build\web_build\build.xml] is bad :: whetherExist[false] isFile[false]
4월 11, 2018 6:00:20 오후 kr.pe.sinnori.common.buildsystem.ProjectBuilder isValidWebRootXMLFile
정보: the web.xml file[D:\gitsinnori\sinnori\project\sample_test\web_app_base\ROOT\WEB-INF\web.xml] located at web root directory is bad :: whetherExist[false] isFile[false]
4월 11, 2018 6:00:20 오후 kr.pe.sinnori.common.buildsystem.ProjectBuilder changeProjectState
정보: main project[sample_test] changeProjectState method start
4월 11, 2018 6:00:20 오후 kr.pe.sinnori.common.buildsystem.ProjectBuilder isValidServerAntBuildXMLFile
정보: the server ant build.xml file[D:\gitsinnori\sinnori\project\sample_test\server_build\build.xml] is bad :: whetherExist[false] isFile[false]
4월 11, 2018 6:00:20 오후 kr.pe.sinnori.common.buildsystem.ProjectBuilder changeProjectState
경고: the server buid.xml file[D:\gitsinnori\sinnori\project\sample_test\server_build\build.xml] is bad beacse it doesn't exist or is not a file, so skip deletion of server build system
4월 11, 2018 6:00:20 오후 kr.pe.sinnori.common.buildsystem.ProjectBuilder changeProjectState
경고: the app client build path[D:\gitsinnori\sinnori\project\sample_test\client_build\app_build] exist, so skip creation of app client build system
4월 11, 2018 6:00:20 오후 kr.pe.sinnori.common.buildsystem.ProjectBuilder createWebBuildChildDirectories
정보: main project[sample_test]'s web build child direcotry creation task start
4월 11, 2018 6:00:20 오후 kr.pe.sinnori.common.util.CommonStaticUtil createChildDirectoriesOfBasePath
정보: the new child relative direcotry[D:\gitsinnori\sinnori\project\sample_test][client_build/web_build/corelib/ex] was created successfully
4월 11, 2018 6:00:20 오후 kr.pe.sinnori.common.util.CommonStaticUtil createChildDirectoriesOfBasePath
정보: the new child relative direcotry[D:\gitsinnori\sinnori\project\sample_test][client_build/web_build/corelib/in] was created successfully
4월 11, 2018 6:00:20 오후 kr.pe.sinnori.common.util.CommonStaticUtil createChildDirectoriesOfBasePath
정보: the new child relative direcotry[D:\gitsinnori\sinnori\project\sample_test][client_build/web_build/lib/main/ex] was created successfully
4월 11, 2018 6:00:20 오후 kr.pe.sinnori.common.util.CommonStaticUtil createChildDirectoriesOfBasePath
정보: the new child relative direcotry[D:\gitsinnori\sinnori\project\sample_test][client_build/web_build/lib/main/in] was created successfully
4월 11, 2018 6:00:20 오후 kr.pe.sinnori.common.util.CommonStaticUtil createChildDirectoriesOfBasePath
정보: the new child relative direcotry[D:\gitsinnori\sinnori\project\sample_test][client_build/web_build/lib/test] was created successfully
4월 11, 2018 6:00:20 오후 kr.pe.sinnori.common.util.CommonStaticUtil createChildDirectoriesOfBasePath
정보: the new child relative direcotry[D:\gitsinnori\sinnori\project\sample_test][client_build/web_build/src/main/java/kr/pe/sinnori/impl/message] was created successfully
4월 11, 2018 6:00:20 오후 kr.pe.sinnori.common.util.CommonStaticUtil createChildDirectoriesOfBasePath
정보: the new child relative direcotry[D:\gitsinnori\sinnori\project\sample_test][client_build/web_build/src/main/java//kr/pe/sinnori/servlet] was created successfully
4월 11, 2018 6:00:20 오후 kr.pe.sinnori.common.util.CommonStaticUtil createChildDirectoriesOfBasePath
정보: the new child relative direcotry[D:\gitsinnori\sinnori\project\sample_test][client_build/web_build/src/main/java/kr/pe/sinnori/weblib/common] was created successfully
4월 11, 2018 6:00:20 오후 kr.pe.sinnori.common.util.CommonStaticUtil createChildDirectoriesOfBasePath
정보: the new child relative direcotry[D:\gitsinnori\sinnori\project\sample_test][client_build/web_build/src/main/java/kr/pe/sinnori/weblib/htmlstring] was created successfully
4월 11, 2018 6:00:20 오후 kr.pe.sinnori.common.util.CommonStaticUtil createChildDirectoriesOfBasePath
정보: the new child relative direcotry[D:\gitsinnori\sinnori\project\sample_test][client_build/web_build/src/main/java/kr/pe/sinnori/weblib/jdf] was created successfully
4월 11, 2018 6:00:20 오후 kr.pe.sinnori.common.util.CommonStaticUtil createChildDirectoriesOfBasePath
정보: the new child relative direcotry[D:\gitsinnori\sinnori\project\sample_test][client_build/web_build/src/test/java] was created successfully
4월 11, 2018 6:00:20 오후 kr.pe.sinnori.common.util.CommonStaticUtil createChildDirectoriesOfBasePath
정보: the new child relative direcotry[D:\gitsinnori\sinnori\project\sample_test][client_build/web_build/build] was created successfully
4월 11, 2018 6:00:20 오후 kr.pe.sinnori.common.util.CommonStaticUtil createChildDirectoriesOfBasePath
정보: the new child relative direcotry[D:\gitsinnori\sinnori\project\sample_test][client_build/web_build/dist] was created successfully
4월 11, 2018 6:00:20 오후 kr.pe.sinnori.common.buildsystem.ProjectBuilder createWebBuildChildDirectories
정보: main project[sample_test]'s web build child direcotry creation task end
4월 11, 2018 6:00:20 오후 kr.pe.sinnori.common.buildsystem.ProjectBuilder createWebClientBuildSystemFiles
정보: main project[sample_test]'s web client build system files creation task start
4월 11, 2018 6:00:20 오후 kr.pe.sinnori.common.buildsystem.ProjectBuilder createNewWebClientAntBuildFile
정보: main project[sample_test]'s web client ant build.xml file creation task start
4월 11, 2018 6:00:20 오후 kr.pe.sinnori.common.buildsystem.ProjectBuilder createNewWebClientAntBuildFile
정보: main project[sample_test]'s web client ant build.xml file creation task end
4월 11, 2018 6:00:20 오후 kr.pe.sinnori.common.buildsystem.ProjectBuilder createNewWebClientAntPropertiesFile
정보: main project[sample_test]'s web client ant properties file creation task start
4월 11, 2018 6:00:20 오후 kr.pe.sinnori.common.util.SequencedPropertiesUtil createNewSequencedPropertiesFile
정보: the sequenced properties file[D:\gitsinnori\sinnori\project\sample_test\client_build\web_build\webAnt.properties] was created
4월 11, 2018 6:00:20 오후 kr.pe.sinnori.common.buildsystem.ProjectBuilder createNewWebClientAntPropertiesFile
정보: main project[sample_test]'s web client ant properties file creation task end
4월 11, 2018 6:00:20 오후 kr.pe.sinnori.common.buildsystem.ProjectBuilder createNewWebClientMessageIOFileSet
정보: main project[sample_test]'s web client message io file set creation task start
4월 11, 2018 6:00:20 오후 kr.pe.sinnori.common.util.CommonStaticUtil createChildDirectoriesOfBasePath
정보: the new child relative direcotry[D:\gitsinnori\sinnori\project\sample_test\client_build\web_build\src\main\java\kr\pe\sinnori\impl\message][Echo] was created successfully
4월 11, 2018 6:00:20 오후 kr.pe.sinnori.common.buildsystem.ProjectBuilder createNewMessageSourceFile
정보: main project[sample_test]'s message file[Echo][D:\gitsinnori\sinnori\project\sample_test\client_build\web_build\src\main\java\kr\pe\sinnori\impl\message] creation task start
4월 11, 2018 6:00:20 오후 kr.pe.sinnori.common.buildsystem.ProjectBuilder createNewMessageSourceFile
정보: main project[sample_test]'s message file[Echo][D:\gitsinnori\sinnori\project\sample_test\client_build\web_build\src\main\java\kr\pe\sinnori\impl\message] creation task end
4월 11, 2018 6:00:20 오후 kr.pe.sinnori.common.buildsystem.ProjectBuilder createNewDecoderSourceFile
정보: main project[sample_test]'s message decoder file[Echo][D:\gitsinnori\sinnori\project\sample_test\client_build\web_build\src\main\java\kr\pe\sinnori\impl\message] creation task start
4월 11, 2018 6:00:20 오후 kr.pe.sinnori.common.buildsystem.ProjectBuilder createNewDecoderSourceFile
정보: main project[sample_test]'s message decoder file[Echo][D:\gitsinnori\sinnori\project\sample_test\client_build\web_build\src\main\java\kr\pe\sinnori\impl\message] creation task end
4월 11, 2018 6:00:20 오후 kr.pe.sinnori.common.buildsystem.ProjectBuilder createNewEncoderSourceFile
정보: main project[sample_test]'s message encoder file[Echo][D:\gitsinnori\sinnori\project\sample_test\client_build\web_build\src\main\java\kr\pe\sinnori\impl\message] creation task start
4월 11, 2018 6:00:20 오후 kr.pe.sinnori.common.buildsystem.ProjectBuilder createNewEncoderSourceFile
정보: main project[sample_test]'s message encoder file[Echo][D:\gitsinnori\sinnori\project\sample_test\client_build\web_build\src\main\java\kr\pe\sinnori\impl\message] creation task end
4월 11, 2018 6:00:20 오후 kr.pe.sinnori.common.buildsystem.ProjectBuilder createNewServerCodecSourceFile
정보: main project[sample_test]'s message server codec file[Echo][D:\gitsinnori\sinnori\project\sample_test\client_build\web_build\src\main\java\kr\pe\sinnori\impl\message] creation task start
4월 11, 2018 6:00:20 오후 kr.pe.sinnori.common.buildsystem.ProjectBuilder createNewServerCodecSourceFile
정보: main project[sample_test]'s message server codec file[Echo][D:\gitsinnori\sinnori\project\sample_test\client_build\web_build\src\main\java\kr\pe\sinnori\impl\message] creation task end
4월 11, 2018 6:00:20 오후 kr.pe.sinnori.common.buildsystem.ProjectBuilder createNewClientCodecSourceFile
정보: main project[sample_test]'s message client codec file[Echo][D:\gitsinnori\sinnori\project\sample_test\client_build\web_build\src\main\java\kr\pe\sinnori\impl\message] creation task start
4월 11, 2018 6:00:20 오후 kr.pe.sinnori.common.buildsystem.ProjectBuilder createNewClientCodecSourceFile
정보: main project[sample_test]'s message client codec file[Echo][D:\gitsinnori\sinnori\project\sample_test\client_build\web_build\src\main\java\kr\pe\sinnori\impl\message] creation task end
4월 11, 2018 6:00:20 오후 kr.pe.sinnori.common.util.CommonStaticUtil createChildDirectoriesOfBasePath
정보: the new child relative direcotry[D:\gitsinnori\sinnori\project\sample_test\client_build\web_build\src\main\java\kr\pe\sinnori\impl\message][PublicKeyReq] was created successfully
4월 11, 2018 6:00:20 오후 kr.pe.sinnori.common.buildsystem.ProjectBuilder createNewMessageSourceFile
정보: main project[sample_test]'s message file[PublicKeyReq][D:\gitsinnori\sinnori\project\sample_test\client_build\web_build\src\main\java\kr\pe\sinnori\impl\message] creation task start
4월 11, 2018 6:00:20 오후 kr.pe.sinnori.common.buildsystem.ProjectBuilder createNewMessageSourceFile
정보: main project[sample_test]'s message file[PublicKeyReq][D:\gitsinnori\sinnori\project\sample_test\client_build\web_build\src\main\java\kr\pe\sinnori\impl\message] creation task end
4월 11, 2018 6:00:20 오후 kr.pe.sinnori.common.buildsystem.ProjectBuilder createNewDecoderSourceFile
정보: main project[sample_test]'s message decoder file[PublicKeyReq][D:\gitsinnori\sinnori\project\sample_test\client_build\web_build\src\main\java\kr\pe\sinnori\impl\message] creation task start
4월 11, 2018 6:00:20 오후 kr.pe.sinnori.common.buildsystem.ProjectBuilder createNewDecoderSourceFile
정보: main project[sample_test]'s message decoder file[PublicKeyReq][D:\gitsinnori\sinnori\project\sample_test\client_build\web_build\src\main\java\kr\pe\sinnori\impl\message] creation task end
4월 11, 2018 6:00:20 오후 kr.pe.sinnori.common.buildsystem.ProjectBuilder createNewEncoderSourceFile
정보: main project[sample_test]'s message encoder file[PublicKeyReq][D:\gitsinnori\sinnori\project\sample_test\client_build\web_build\src\main\java\kr\pe\sinnori\impl\message] creation task start
4월 11, 2018 6:00:20 오후 kr.pe.sinnori.common.buildsystem.ProjectBuilder createNewEncoderSourceFile
정보: main project[sample_test]'s message encoder file[PublicKeyReq][D:\gitsinnori\sinnori\project\sample_test\client_build\web_build\src\main\java\kr\pe\sinnori\impl\message] creation task end
4월 11, 2018 6:00:20 오후 kr.pe.sinnori.common.buildsystem.ProjectBuilder createNewServerCodecSourceFile
정보: main project[sample_test]'s message server codec file[PublicKeyReq][D:\gitsinnori\sinnori\project\sample_test\client_build\web_build\src\main\java\kr\pe\sinnori\impl\message] creation task start
4월 11, 2018 6:00:20 오후 kr.pe.sinnori.common.buildsystem.ProjectBuilder createNewServerCodecSourceFile
정보: main project[sample_test]'s message server codec file[PublicKeyReq][D:\gitsinnori\sinnori\project\sample_test\client_build\web_build\src\main\java\kr\pe\sinnori\impl\message] creation task end
4월 11, 2018 6:00:20 오후 kr.pe.sinnori.common.buildsystem.ProjectBuilder createNewClientCodecSourceFile
정보: main project[sample_test]'s message client codec file[PublicKeyReq][D:\gitsinnori\sinnori\project\sample_test\client_build\web_build\src\main\java\kr\pe\sinnori\impl\message] creation task start
4월 11, 2018 6:00:20 오후 kr.pe.sinnori.common.buildsystem.ProjectBuilder createNewClientCodecSourceFile
정보: main project[sample_test]'s message client codec file[PublicKeyReq][D:\gitsinnori\sinnori\project\sample_test\client_build\web_build\src\main\java\kr\pe\sinnori\impl\message] creation task end
4월 11, 2018 6:00:20 오후 kr.pe.sinnori.common.util.CommonStaticUtil createChildDirectoriesOfBasePath
정보: the new child relative direcotry[D:\gitsinnori\sinnori\project\sample_test\client_build\web_build\src\main\java\kr\pe\sinnori\impl\message][PublicKeyRes] was created successfully
4월 11, 2018 6:00:20 오후 kr.pe.sinnori.common.buildsystem.ProjectBuilder createNewMessageSourceFile
정보: main project[sample_test]'s message file[PublicKeyRes][D:\gitsinnori\sinnori\project\sample_test\client_build\web_build\src\main\java\kr\pe\sinnori\impl\message] creation task start
4월 11, 2018 6:00:21 오후 kr.pe.sinnori.common.buildsystem.ProjectBuilder createNewMessageSourceFile
정보: main project[sample_test]'s message file[PublicKeyRes][D:\gitsinnori\sinnori\project\sample_test\client_build\web_build\src\main\java\kr\pe\sinnori\impl\message] creation task end
4월 11, 2018 6:00:21 오후 kr.pe.sinnori.common.buildsystem.ProjectBuilder createNewDecoderSourceFile
정보: main project[sample_test]'s message decoder file[PublicKeyRes][D:\gitsinnori\sinnori\project\sample_test\client_build\web_build\src\main\java\kr\pe\sinnori\impl\message] creation task start
4월 11, 2018 6:00:21 오후 kr.pe.sinnori.common.buildsystem.ProjectBuilder createNewDecoderSourceFile
정보: main project[sample_test]'s message decoder file[PublicKeyRes][D:\gitsinnori\sinnori\project\sample_test\client_build\web_build\src\main\java\kr\pe\sinnori\impl\message] creation task end
4월 11, 2018 6:00:21 오후 kr.pe.sinnori.common.buildsystem.ProjectBuilder createNewEncoderSourceFile
정보: main project[sample_test]'s message encoder file[PublicKeyRes][D:\gitsinnori\sinnori\project\sample_test\client_build\web_build\src\main\java\kr\pe\sinnori\impl\message] creation task start
4월 11, 2018 6:00:21 오후 kr.pe.sinnori.common.buildsystem.ProjectBuilder createNewEncoderSourceFile
정보: main project[sample_test]'s message encoder file[PublicKeyRes][D:\gitsinnori\sinnori\project\sample_test\client_build\web_build\src\main\java\kr\pe\sinnori\impl\message] creation task end
4월 11, 2018 6:00:21 오후 kr.pe.sinnori.common.buildsystem.ProjectBuilder createNewServerCodecSourceFile
정보: main project[sample_test]'s message server codec file[PublicKeyRes][D:\gitsinnori\sinnori\project\sample_test\client_build\web_build\src\main\java\kr\pe\sinnori\impl\message] creation task start
4월 11, 2018 6:00:21 오후 kr.pe.sinnori.common.buildsystem.ProjectBuilder createNewServerCodecSourceFile
정보: main project[sample_test]'s message server codec file[PublicKeyRes][D:\gitsinnori\sinnori\project\sample_test\client_build\web_build\src\main\java\kr\pe\sinnori\impl\message] creation task end
4월 11, 2018 6:00:21 오후 kr.pe.sinnori.common.buildsystem.ProjectBuilder createNewClientCodecSourceFile
정보: main project[sample_test]'s message client codec file[PublicKeyRes][D:\gitsinnori\sinnori\project\sample_test\client_build\web_build\src\main\java\kr\pe\sinnori\impl\message] creation task start
4월 11, 2018 6:00:21 오후 kr.pe.sinnori.common.buildsystem.ProjectBuilder createNewClientCodecSourceFile
정보: main project[sample_test]'s message client codec file[PublicKeyRes][D:\gitsinnori\sinnori\project\sample_test\client_build\web_build\src\main\java\kr\pe\sinnori\impl\message] creation task end
4월 11, 2018 6:00:21 오후 kr.pe.sinnori.common.buildsystem.ProjectBuilder createNewWebClientMessageIOFileSet
정보: main project[sample_test]'s web client message io file set creation task end
4월 11, 2018 6:00:21 오후 kr.pe.sinnori.common.buildsystem.ProjectBuilder copyWebClientSampleFiles
정보: mainproject[sample_test]'s web client sample source files copy task start
4월 11, 2018 6:00:21 오후 kr.pe.sinnori.common.buildsystem.ProjectBuilder copyWebClientSampleFiles
정보: mainproject[sample_test]'s web client sample source files copy task end
4월 11, 2018 6:00:21 오후 kr.pe.sinnori.common.buildsystem.ProjectBuilder createWebClientBuildSystemFiles
정보: main project[sample_test]'s web client build system files creation task end
4월 11, 2018 6:00:21 오후 kr.pe.sinnori.common.buildsystem.ProjectBuilder createWebRootChildDirectories
정보: main project[sample_test]'s web root child direcotry creation task start
4월 11, 2018 6:00:21 오후 kr.pe.sinnori.common.util.CommonStaticUtil createChildDirectoriesOfBasePath
정보: the child relative direcotry[D:\gitsinnori\sinnori\project\sample_test][web_app_base/upload] exist, so nothing
4월 11, 2018 6:00:21 오후 kr.pe.sinnori.common.util.CommonStaticUtil createChildDirectoriesOfBasePath
정보: the new child relative direcotry[D:\gitsinnori\sinnori\project\sample_test][web_app_base/ROOT/WEB-INF/classes] was created successfully
4월 11, 2018 6:00:21 오후 kr.pe.sinnori.common.util.CommonStaticUtil createChildDirectoriesOfBasePath
정보: the new child relative direcotry[D:\gitsinnori\sinnori\project\sample_test][web_app_base/ROOT/WEB-INF/lib] was created successfully
4월 11, 2018 6:00:21 오후 kr.pe.sinnori.common.buildsystem.ProjectBuilder createWebRootChildDirectories
정보: main project[sample_test]'s web root child direcotry creation task end
4월 11, 2018 6:00:21 오후 kr.pe.sinnori.common.buildsystem.ProjectBuilder createWebRootSampleFiles
정보: main project[sample_test]'s web root sample files creation task start
4월 11, 2018 6:00:21 오후 kr.pe.sinnori.common.buildsystem.ProjectBuilder copyWebRootSampleFiles
정보: main project[sample_test]'s web root sample files copy task start
4월 11, 2018 6:00:21 오후 kr.pe.sinnori.common.buildsystem.ProjectBuilder copyWebRootSampleFiles
정보: main project[sample_test]'s web root sample files copy task end
4월 11, 2018 6:00:21 오후 kr.pe.sinnori.common.buildsystem.ProjectBuilder createWebRootSampleFiles
정보: main project[sample_test]'s web root sample files creation task end
4월 11, 2018 6:00:21 오후 kr.pe.sinnori.common.buildsystem.ProjectBuilder overwriteSinnoriConfigFile
정보: main project[sample_test]'s config file overwrite task start
4월 11, 2018 6:00:21 오후 kr.pe.sinnori.common.buildsystem.ProjectBuilder overwriteSinnoriConfigFile
정보: main project[sample_test]'s config file overwrite task end
4월 11, 2018 6:00:21 오후 kr.pe.sinnori.common.buildsystem.ProjectBuilder changeProjectState
정보: main project[sample_test] changeProjectState method end
4월 11, 2018 6:00:21 오후 kr.pe.sinnori.common.buildsystem.ProjectBuilder isValidServerAntBuildXMLFile
정보: the server ant build.xml file[D:\gitsinnori\sinnori\project\sample_test\server_build\build.xml] is bad :: whetherExist[false] isFile[false]
4월 11, 2018 6:00:21 오후 kr.pe.sinnori.common.buildsystem.ProjectBuilder changeProjectState
정보: main project[sample_test] changeProjectState method start
4월 11, 2018 6:00:21 오후 kr.pe.sinnori.common.buildsystem.ProjectBuilder createServerBuildChildDirectories
정보: main project[sample_test]'s server child direcotry creation task start
4월 11, 2018 6:00:21 오후 kr.pe.sinnori.common.util.CommonStaticUtil createChildDirectoriesOfBasePath
정보: the new child relative direcotry[D:\gitsinnori\sinnori\project\sample_test][server_build/APP-INF/classes] was created successfully
4월 11, 2018 6:00:21 오후 kr.pe.sinnori.common.util.CommonStaticUtil createChildDirectoriesOfBasePath
정보: the new child relative direcotry[D:\gitsinnori\sinnori\project\sample_test][server_build/corelib/ex] was created successfully
4월 11, 2018 6:00:21 오후 kr.pe.sinnori.common.util.CommonStaticUtil createChildDirectoriesOfBasePath
정보: the new child relative direcotry[D:\gitsinnori\sinnori\project\sample_test][server_build/corelib/in] was created successfully
4월 11, 2018 6:00:21 오후 kr.pe.sinnori.common.util.CommonStaticUtil createChildDirectoriesOfBasePath
정보: the new child relative direcotry[D:\gitsinnori\sinnori\project\sample_test][server_build/lib/main/ex] was created successfully
4월 11, 2018 6:00:21 오후 kr.pe.sinnori.common.util.CommonStaticUtil createChildDirectoriesOfBasePath
정보: the new child relative direcotry[D:\gitsinnori\sinnori\project\sample_test][server_build/lib/main/in] was created successfully
4월 11, 2018 6:00:21 오후 kr.pe.sinnori.common.util.CommonStaticUtil createChildDirectoriesOfBasePath
정보: the new child relative direcotry[D:\gitsinnori\sinnori\project\sample_test][server_build/lib/test] was created successfully
4월 11, 2018 6:00:21 오후 kr.pe.sinnori.common.util.CommonStaticUtil createChildDirectoriesOfBasePath
정보: the new child relative direcotry[D:\gitsinnori\sinnori\project\sample_test][server_build/src/main/java/kr/pe/sinnori/impl/servertask] was created successfully
4월 11, 2018 6:00:21 오후 kr.pe.sinnori.common.util.CommonStaticUtil createChildDirectoriesOfBasePath
정보: the new child relative direcotry[D:\gitsinnori\sinnori\project\sample_test][server_build/src/main/java/kr/pe/sinnori/impl/message] was created successfully
4월 11, 2018 6:00:21 오후 kr.pe.sinnori.common.util.CommonStaticUtil createChildDirectoriesOfBasePath
정보: the new child relative direcotry[D:\gitsinnori\sinnori\project\sample_test][server_build/src/main/java/main] was created successfully
4월 11, 2018 6:00:21 오후 kr.pe.sinnori.common.util.CommonStaticUtil createChildDirectoriesOfBasePath
정보: the new child relative direcotry[D:\gitsinnori\sinnori\project\sample_test][server_build/src/test/java] was created successfully
4월 11, 2018 6:00:21 오후 kr.pe.sinnori.common.util.CommonStaticUtil createChildDirectoriesOfBasePath
정보: the new child relative direcotry[D:\gitsinnori\sinnori\project\sample_test][server_build/build] was created successfully
4월 11, 2018 6:00:21 오후 kr.pe.sinnori.common.util.CommonStaticUtil createChildDirectoriesOfBasePath
정보: the new child relative direcotry[D:\gitsinnori\sinnori\project\sample_test][server_build/dist] was created successfully
4월 11, 2018 6:00:21 오후 kr.pe.sinnori.common.buildsystem.ProjectBuilder createServerBuildChildDirectories
정보: main project[sample_test]'s server child direcotry creation task end
4월 11, 2018 6:00:21 오후 kr.pe.sinnori.common.buildsystem.ProjectBuilder createServerBuildSystemFiles
정보: server build system files creation task start
4월 11, 2018 6:00:21 오후 kr.pe.sinnori.common.buildsystem.ProjectBuilder createNewServerAntBuildXMLFile
정보: main project[sample_test]'s server ant build.xml file creation task start
4월 11, 2018 6:00:21 오후 kr.pe.sinnori.common.buildsystem.ProjectBuilder createNewServerAntBuildXMLFile
정보: main project[sample_test]'s server ant build.xml file creation task end
4월 11, 2018 6:00:21 오후 kr.pe.sinnori.common.buildsystem.ProjectBuilder createNewServerDosShellFile
정보: main project[sample_test]'s server dos shell file creation task start
4월 11, 2018 6:00:21 오후 kr.pe.sinnori.common.buildsystem.ProjectBuilder createNewServerDosShellFile
정보: main project[sample_test]'s server dos shell file creation task end
4월 11, 2018 6:00:21 오후 kr.pe.sinnori.common.buildsystem.ProjectBuilder createNewServerUnixShellFile
정보: main project[sample_test]'s server unix shell file creation task start
4월 11, 2018 6:00:21 오후 kr.pe.sinnori.common.buildsystem.ProjectBuilder createNewServerUnixShellFile
정보: main project[sample_test]'s server unix shell file creation task end
4월 11, 2018 6:00:21 오후 kr.pe.sinnori.common.buildsystem.ProjectBuilder copyServerSampleFiles
정보: server sample source files copy task start
4월 11, 2018 6:00:21 오후 kr.pe.sinnori.common.buildsystem.ProjectBuilder copyServerSampleFiles
정보: server sample source files copy task end
4월 11, 2018 6:00:21 오후 kr.pe.sinnori.common.buildsystem.ProjectBuilder createServerMessageIOFileSet
정보: main project[sample_test]'s server message io file set creation task start
4월 11, 2018 6:00:21 오후 kr.pe.sinnori.common.util.CommonStaticUtil createChildDirectoriesOfBasePath
정보: the new child relative direcotry[D:\gitsinnori\sinnori\project\sample_test\server_build\src\main\java\kr\pe\sinnori\impl\message][Echo] was created successfully
4월 11, 2018 6:00:21 오후 kr.pe.sinnori.common.buildsystem.ProjectBuilder createNewMessageSourceFile
정보: main project[sample_test]'s message file[Echo][D:\gitsinnori\sinnori\project\sample_test\server_build\src\main\java\kr\pe\sinnori\impl\message] creation task start
4월 11, 2018 6:00:21 오후 kr.pe.sinnori.common.buildsystem.ProjectBuilder createNewMessageSourceFile
정보: main project[sample_test]'s message file[Echo][D:\gitsinnori\sinnori\project\sample_test\server_build\src\main\java\kr\pe\sinnori\impl\message] creation task end
4월 11, 2018 6:00:21 오후 kr.pe.sinnori.common.buildsystem.ProjectBuilder createNewDecoderSourceFile
정보: main project[sample_test]'s message decoder file[Echo][D:\gitsinnori\sinnori\project\sample_test\server_build\src\main\java\kr\pe\sinnori\impl\message] creation task start
4월 11, 2018 6:00:21 오후 kr.pe.sinnori.common.buildsystem.ProjectBuilder createNewDecoderSourceFile
정보: main project[sample_test]'s message decoder file[Echo][D:\gitsinnori\sinnori\project\sample_test\server_build\src\main\java\kr\pe\sinnori\impl\message] creation task end
4월 11, 2018 6:00:21 오후 kr.pe.sinnori.common.buildsystem.ProjectBuilder createNewEncoderSourceFile
정보: main project[sample_test]'s message encoder file[Echo][D:\gitsinnori\sinnori\project\sample_test\server_build\src\main\java\kr\pe\sinnori\impl\message] creation task start
4월 11, 2018 6:00:21 오후 kr.pe.sinnori.common.buildsystem.ProjectBuilder createNewEncoderSourceFile
정보: main project[sample_test]'s message encoder file[Echo][D:\gitsinnori\sinnori\project\sample_test\server_build\src\main\java\kr\pe\sinnori\impl\message] creation task end
4월 11, 2018 6:00:21 오후 kr.pe.sinnori.common.buildsystem.ProjectBuilder createNewServerCodecSourceFile
정보: main project[sample_test]'s message server codec file[Echo][D:\gitsinnori\sinnori\project\sample_test\server_build\src\main\java\kr\pe\sinnori\impl\message] creation task start
4월 11, 2018 6:00:21 오후 kr.pe.sinnori.common.buildsystem.ProjectBuilder createNewServerCodecSourceFile
정보: main project[sample_test]'s message server codec file[Echo][D:\gitsinnori\sinnori\project\sample_test\server_build\src\main\java\kr\pe\sinnori\impl\message] creation task end
4월 11, 2018 6:00:21 오후 kr.pe.sinnori.common.buildsystem.ProjectBuilder createNewClientCodecSourceFile
정보: main project[sample_test]'s message client codec file[Echo][D:\gitsinnori\sinnori\project\sample_test\server_build\src\main\java\kr\pe\sinnori\impl\message] creation task start
4월 11, 2018 6:00:21 오후 kr.pe.sinnori.common.buildsystem.ProjectBuilder createNewClientCodecSourceFile
정보: main project[sample_test]'s message client codec file[Echo][D:\gitsinnori\sinnori\project\sample_test\server_build\src\main\java\kr\pe\sinnori\impl\message] creation task end
4월 11, 2018 6:00:21 오후 kr.pe.sinnori.common.util.CommonStaticUtil createChildDirectoriesOfBasePath
정보: the new child relative direcotry[D:\gitsinnori\sinnori\project\sample_test\server_build\src\main\java\kr\pe\sinnori\impl\message][PublicKeyReq] was created successfully
4월 11, 2018 6:00:21 오후 kr.pe.sinnori.common.buildsystem.ProjectBuilder createNewMessageSourceFile
정보: main project[sample_test]'s message file[PublicKeyReq][D:\gitsinnori\sinnori\project\sample_test\server_build\src\main\java\kr\pe\sinnori\impl\message] creation task start
4월 11, 2018 6:00:21 오후 kr.pe.sinnori.common.buildsystem.ProjectBuilder createNewMessageSourceFile
정보: main project[sample_test]'s message file[PublicKeyReq][D:\gitsinnori\sinnori\project\sample_test\server_build\src\main\java\kr\pe\sinnori\impl\message] creation task end
4월 11, 2018 6:00:21 오후 kr.pe.sinnori.common.buildsystem.ProjectBuilder createNewDecoderSourceFile
정보: main project[sample_test]'s message decoder file[PublicKeyReq][D:\gitsinnori\sinnori\project\sample_test\server_build\src\main\java\kr\pe\sinnori\impl\message] creation task start
4월 11, 2018 6:00:21 오후 kr.pe.sinnori.common.buildsystem.ProjectBuilder createNewDecoderSourceFile
정보: main project[sample_test]'s message decoder file[PublicKeyReq][D:\gitsinnori\sinnori\project\sample_test\server_build\src\main\java\kr\pe\sinnori\impl\message] creation task end
4월 11, 2018 6:00:21 오후 kr.pe.sinnori.common.buildsystem.ProjectBuilder createNewEncoderSourceFile
정보: main project[sample_test]'s message encoder file[PublicKeyReq][D:\gitsinnori\sinnori\project\sample_test\server_build\src\main\java\kr\pe\sinnori\impl\message] creation task start
4월 11, 2018 6:00:21 오후 kr.pe.sinnori.common.buildsystem.ProjectBuilder createNewEncoderSourceFile
정보: main project[sample_test]'s message encoder file[PublicKeyReq][D:\gitsinnori\sinnori\project\sample_test\server_build\src\main\java\kr\pe\sinnori\impl\message] creation task end
4월 11, 2018 6:00:21 오후 kr.pe.sinnori.common.buildsystem.ProjectBuilder createNewServerCodecSourceFile
정보: main project[sample_test]'s message server codec file[PublicKeyReq][D:\gitsinnori\sinnori\project\sample_test\server_build\src\main\java\kr\pe\sinnori\impl\message] creation task start
4월 11, 2018 6:00:21 오후 kr.pe.sinnori.common.buildsystem.ProjectBuilder createNewServerCodecSourceFile
정보: main project[sample_test]'s message server codec file[PublicKeyReq][D:\gitsinnori\sinnori\project\sample_test\server_build\src\main\java\kr\pe\sinnori\impl\message] creation task end
4월 11, 2018 6:00:21 오후 kr.pe.sinnori.common.buildsystem.ProjectBuilder createNewClientCodecSourceFile
정보: main project[sample_test]'s message client codec file[PublicKeyReq][D:\gitsinnori\sinnori\project\sample_test\server_build\src\main\java\kr\pe\sinnori\impl\message] creation task start
4월 11, 2018 6:00:21 오후 kr.pe.sinnori.common.buildsystem.ProjectBuilder createNewClientCodecSourceFile
정보: main project[sample_test]'s message client codec file[PublicKeyReq][D:\gitsinnori\sinnori\project\sample_test\server_build\src\main\java\kr\pe\sinnori\impl\message] creation task end
4월 11, 2018 6:00:21 오후 kr.pe.sinnori.common.util.CommonStaticUtil createChildDirectoriesOfBasePath
정보: the new child relative direcotry[D:\gitsinnori\sinnori\project\sample_test\server_build\src\main\java\kr\pe\sinnori\impl\message][PublicKeyRes] was created successfully
4월 11, 2018 6:00:21 오후 kr.pe.sinnori.common.buildsystem.ProjectBuilder createNewMessageSourceFile
정보: main project[sample_test]'s message file[PublicKeyRes][D:\gitsinnori\sinnori\project\sample_test\server_build\src\main\java\kr\pe\sinnori\impl\message] creation task start
4월 11, 2018 6:00:21 오후 kr.pe.sinnori.common.buildsystem.ProjectBuilder createNewMessageSourceFile
정보: main project[sample_test]'s message file[PublicKeyRes][D:\gitsinnori\sinnori\project\sample_test\server_build\src\main\java\kr\pe\sinnori\impl\message] creation task end
4월 11, 2018 6:00:21 오후 kr.pe.sinnori.common.buildsystem.ProjectBuilder createNewDecoderSourceFile
정보: main project[sample_test]'s message decoder file[PublicKeyRes][D:\gitsinnori\sinnori\project\sample_test\server_build\src\main\java\kr\pe\sinnori\impl\message] creation task start
4월 11, 2018 6:00:21 오후 kr.pe.sinnori.common.buildsystem.ProjectBuilder createNewDecoderSourceFile
정보: main project[sample_test]'s message decoder file[PublicKeyRes][D:\gitsinnori\sinnori\project\sample_test\server_build\src\main\java\kr\pe\sinnori\impl\message] creation task end
4월 11, 2018 6:00:21 오후 kr.pe.sinnori.common.buildsystem.ProjectBuilder createNewEncoderSourceFile
정보: main project[sample_test]'s message encoder file[PublicKeyRes][D:\gitsinnori\sinnori\project\sample_test\server_build\src\main\java\kr\pe\sinnori\impl\message] creation task start
4월 11, 2018 6:00:21 오후 kr.pe.sinnori.common.buildsystem.ProjectBuilder createNewEncoderSourceFile
정보: main project[sample_test]'s message encoder file[PublicKeyRes][D:\gitsinnori\sinnori\project\sample_test\server_build\src\main\java\kr\pe\sinnori\impl\message] creation task end
4월 11, 2018 6:00:21 오후 kr.pe.sinnori.common.buildsystem.ProjectBuilder createNewServerCodecSourceFile
정보: main project[sample_test]'s message server codec file[PublicKeyRes][D:\gitsinnori\sinnori\project\sample_test\server_build\src\main\java\kr\pe\sinnori\impl\message] creation task start
4월 11, 2018 6:00:21 오후 kr.pe.sinnori.common.buildsystem.ProjectBuilder createNewServerCodecSourceFile
정보: main project[sample_test]'s message server codec file[PublicKeyRes][D:\gitsinnori\sinnori\project\sample_test\server_build\src\main\java\kr\pe\sinnori\impl\message] creation task end
4월 11, 2018 6:00:21 오후 kr.pe.sinnori.common.buildsystem.ProjectBuilder createNewClientCodecSourceFile
정보: main project[sample_test]'s message client codec file[PublicKeyRes][D:\gitsinnori\sinnori\project\sample_test\server_build\src\main\java\kr\pe\sinnori\impl\message] creation task start
4월 11, 2018 6:00:21 오후 kr.pe.sinnori.common.buildsystem.ProjectBuilder createNewClientCodecSourceFile
정보: main project[sample_test]'s message client codec file[PublicKeyRes][D:\gitsinnori\sinnori\project\sample_test\server_build\src\main\java\kr\pe\sinnori\impl\message] creation task end
4월 11, 2018 6:00:21 오후 kr.pe.sinnori.common.buildsystem.ProjectBuilder createServerMessageIOFileSet
정보: main project[sample_test]'s server message io file set creation task end
4월 11, 2018 6:00:21 오후 kr.pe.sinnori.common.buildsystem.ProjectBuilder createServerBuildSystemFiles
정보: server build system files creation task end
4월 11, 2018 6:00:21 오후 kr.pe.sinnori.common.buildsystem.ProjectBuilder deleteAppClientBuildPath
정보: mainproject[sample_test]'s application client build path deletion task start
4월 11, 2018 6:00:21 오후 kr.pe.sinnori.common.buildsystem.ProjectBuilder deleteAppClientBuildPath
정보: mainproject[sample_test]'s application client build path deletion task end
4월 11, 2018 6:00:21 오후 kr.pe.sinnori.common.buildsystem.ProjectBuilder deleteWebCientBuildPath
정보: main project[sample_test]'s web client build path deletion task start
4월 11, 2018 6:00:21 오후 kr.pe.sinnori.common.buildsystem.ProjectBuilder deleteWebCientBuildPath
정보: main project[sample_test]'s web client build path deletion task end
4월 11, 2018 6:00:21 오후 kr.pe.sinnori.common.buildsystem.ProjectBuilder deleteWebRoot
정보: main project[sample_test]'s web root path deletion task start
4월 11, 2018 6:00:21 오후 kr.pe.sinnori.common.buildsystem.ProjectBuilder deleteWebRoot
정보: main project[sample_test]'s web root path deletion task end
4월 11, 2018 6:00:21 오후 kr.pe.sinnori.common.buildsystem.ProjectBuilder overwriteSinnoriConfigFile
정보: main project[sample_test]'s config file overwrite task start
4월 11, 2018 6:00:21 오후 kr.pe.sinnori.common.buildsystem.ProjectBuilder overwriteSinnoriConfigFile
정보: main project[sample_test]'s config file overwrite task end
4월 11, 2018 6:00:21 오후 kr.pe.sinnori.common.buildsystem.ProjectBuilder changeProjectState
정보: main project[sample_test] changeProjectState method end
4월 11, 2018 6:00:21 오후 kr.pe.sinnori.common.buildsystem.ProjectBuilder isValidAppClientAntBuildXMLFile
정보: the app client ant build.xml file[D:\gitsinnori\sinnori\project\sample_test\client_build\app_build\build.xml] is bad :: whetherExist[false] isFile[false]
4월 11, 2018 6:00:21 오후 kr.pe.sinnori.common.buildsystem.ProjectBuilder isValidWebClientAntBuildXMLFile
정보: the web client ant build.xml file[D:\gitsinnori\sinnori\project\sample_test\client_build\web_build\build.xml] is bad :: whetherExist[false] isFile[false]
4월 11, 2018 6:00:21 오후 kr.pe.sinnori.common.buildsystem.ProjectBuilder isValidWebRootXMLFile
정보: the web.xml file[D:\gitsinnori\sinnori\project\sample_test\web_app_base\ROOT\WEB-INF\web.xml] located at web root directory is bad :: whetherExist[false] isFile[false]
4월 11, 2018 6:00:21 오후 kr.pe.sinnori.common.buildsystem.ProjectBuilder changeProjectState
정보: main project[sample_test] changeProjectState method start
4월 11, 2018 6:00:21 오후 kr.pe.sinnori.common.buildsystem.ProjectBuilder changeProjectState
경고: the server build path[D:\gitsinnori\sinnori\project\sample_test\server_build] exist, so skip creation of server build system
4월 11, 2018 6:00:21 오후 kr.pe.sinnori.common.buildsystem.ProjectBuilder isValidAppClientAntBuildXMLFile
정보: the app client ant build.xml file[D:\gitsinnori\sinnori\project\sample_test\client_build\app_build\build.xml] is bad :: whetherExist[false] isFile[false]
4월 11, 2018 6:00:21 오후 kr.pe.sinnori.common.buildsystem.ProjectBuilder changeProjectState
경고: the app client buid.xml file[D:\gitsinnori\sinnori\project\sample_test\client_build\app_build\build.xml] is bad beacse it doesn't exist or is not a file, so skip deletion of app client build system
4월 11, 2018 6:00:21 오후 kr.pe.sinnori.common.buildsystem.ProjectBuilder createWebBuildChildDirectories
정보: main project[sample_test]'s web build child direcotry creation task start
4월 11, 2018 6:00:21 오후 kr.pe.sinnori.common.util.CommonStaticUtil createChildDirectoriesOfBasePath
정보: the new child relative direcotry[D:\gitsinnori\sinnori\project\sample_test][client_build/web_build/corelib/ex] was created successfully
4월 11, 2018 6:00:21 오후 kr.pe.sinnori.common.util.CommonStaticUtil createChildDirectoriesOfBasePath
정보: the new child relative direcotry[D:\gitsinnori\sinnori\project\sample_test][client_build/web_build/corelib/in] was created successfully
4월 11, 2018 6:00:21 오후 kr.pe.sinnori.common.util.CommonStaticUtil createChildDirectoriesOfBasePath
정보: the new child relative direcotry[D:\gitsinnori\sinnori\project\sample_test][client_build/web_build/lib/main/ex] was created successfully
4월 11, 2018 6:00:21 오후 kr.pe.sinnori.common.util.CommonStaticUtil createChildDirectoriesOfBasePath
정보: the new child relative direcotry[D:\gitsinnori\sinnori\project\sample_test][client_build/web_build/lib/main/in] was created successfully
4월 11, 2018 6:00:21 오후 kr.pe.sinnori.common.util.CommonStaticUtil createChildDirectoriesOfBasePath
정보: the new child relative direcotry[D:\gitsinnori\sinnori\project\sample_test][client_build/web_build/lib/test] was created successfully
4월 11, 2018 6:00:21 오후 kr.pe.sinnori.common.util.CommonStaticUtil createChildDirectoriesOfBasePath
정보: the new child relative direcotry[D:\gitsinnori\sinnori\project\sample_test][client_build/web_build/src/main/java/kr/pe/sinnori/impl/message] was created successfully
4월 11, 2018 6:00:21 오후 kr.pe.sinnori.common.util.CommonStaticUtil createChildDirectoriesOfBasePath
정보: the new child relative direcotry[D:\gitsinnori\sinnori\project\sample_test][client_build/web_build/src/main/java//kr/pe/sinnori/servlet] was created successfully
4월 11, 2018 6:00:21 오후 kr.pe.sinnori.common.util.CommonStaticUtil createChildDirectoriesOfBasePath
정보: the new child relative direcotry[D:\gitsinnori\sinnori\project\sample_test][client_build/web_build/src/main/java/kr/pe/sinnori/weblib/common] was created successfully
4월 11, 2018 6:00:21 오후 kr.pe.sinnori.common.util.CommonStaticUtil createChildDirectoriesOfBasePath
정보: the new child relative direcotry[D:\gitsinnori\sinnori\project\sample_test][client_build/web_build/src/main/java/kr/pe/sinnori/weblib/htmlstring] was created successfully
4월 11, 2018 6:00:21 오후 kr.pe.sinnori.common.util.CommonStaticUtil createChildDirectoriesOfBasePath
정보: the new child relative direcotry[D:\gitsinnori\sinnori\project\sample_test][client_build/web_build/src/main/java/kr/pe/sinnori/weblib/jdf] was created successfully
4월 11, 2018 6:00:21 오후 kr.pe.sinnori.common.util.CommonStaticUtil createChildDirectoriesOfBasePath
정보: the new child relative direcotry[D:\gitsinnori\sinnori\project\sample_test][client_build/web_build/src/test/java] was created successfully
4월 11, 2018 6:00:21 오후 kr.pe.sinnori.common.util.CommonStaticUtil createChildDirectoriesOfBasePath
정보: the new child relative direcotry[D:\gitsinnori\sinnori\project\sample_test][client_build/web_build/build] was created successfully
4월 11, 2018 6:00:21 오후 kr.pe.sinnori.common.util.CommonStaticUtil createChildDirectoriesOfBasePath
정보: the new child relative direcotry[D:\gitsinnori\sinnori\project\sample_test][client_build/web_build/dist] was created successfully
4월 11, 2018 6:00:21 오후 kr.pe.sinnori.common.buildsystem.ProjectBuilder createWebBuildChildDirectories
정보: main project[sample_test]'s web build child direcotry creation task end
4월 11, 2018 6:00:21 오후 kr.pe.sinnori.common.buildsystem.ProjectBuilder createWebClientBuildSystemFiles
정보: main project[sample_test]'s web client build system files creation task start
4월 11, 2018 6:00:21 오후 kr.pe.sinnori.common.buildsystem.ProjectBuilder createNewWebClientAntBuildFile
정보: main project[sample_test]'s web client ant build.xml file creation task start
4월 11, 2018 6:00:21 오후 kr.pe.sinnori.common.buildsystem.ProjectBuilder createNewWebClientAntBuildFile
정보: main project[sample_test]'s web client ant build.xml file creation task end
4월 11, 2018 6:00:21 오후 kr.pe.sinnori.common.buildsystem.ProjectBuilder createNewWebClientAntPropertiesFile
정보: main project[sample_test]'s web client ant properties file creation task start
4월 11, 2018 6:00:21 오후 kr.pe.sinnori.common.util.SequencedPropertiesUtil createNewSequencedPropertiesFile
정보: the sequenced properties file[D:\gitsinnori\sinnori\project\sample_test\client_build\web_build\webAnt.properties] was created
4월 11, 2018 6:00:21 오후 kr.pe.sinnori.common.buildsystem.ProjectBuilder createNewWebClientAntPropertiesFile
정보: main project[sample_test]'s web client ant properties file creation task end
4월 11, 2018 6:00:21 오후 kr.pe.sinnori.common.buildsystem.ProjectBuilder createNewWebClientMessageIOFileSet
정보: main project[sample_test]'s web client message io file set creation task start
4월 11, 2018 6:00:21 오후 kr.pe.sinnori.common.util.CommonStaticUtil createChildDirectoriesOfBasePath
정보: the new child relative direcotry[D:\gitsinnori\sinnori\project\sample_test\client_build\web_build\src\main\java\kr\pe\sinnori\impl\message][Echo] was created successfully
4월 11, 2018 6:00:21 오후 kr.pe.sinnori.common.buildsystem.ProjectBuilder createNewMessageSourceFile
정보: main project[sample_test]'s message file[Echo][D:\gitsinnori\sinnori\project\sample_test\client_build\web_build\src\main\java\kr\pe\sinnori\impl\message] creation task start
4월 11, 2018 6:00:21 오후 kr.pe.sinnori.common.buildsystem.ProjectBuilder createNewMessageSourceFile
정보: main project[sample_test]'s message file[Echo][D:\gitsinnori\sinnori\project\sample_test\client_build\web_build\src\main\java\kr\pe\sinnori\impl\message] creation task end
4월 11, 2018 6:00:21 오후 kr.pe.sinnori.common.buildsystem.ProjectBuilder createNewDecoderSourceFile
정보: main project[sample_test]'s message decoder file[Echo][D:\gitsinnori\sinnori\project\sample_test\client_build\web_build\src\main\java\kr\pe\sinnori\impl\message] creation task start
4월 11, 2018 6:00:21 오후 kr.pe.sinnori.common.buildsystem.ProjectBuilder createNewDecoderSourceFile
정보: main project[sample_test]'s message decoder file[Echo][D:\gitsinnori\sinnori\project\sample_test\client_build\web_build\src\main\java\kr\pe\sinnori\impl\message] creation task end
4월 11, 2018 6:00:21 오후 kr.pe.sinnori.common.buildsystem.ProjectBuilder createNewEncoderSourceFile
정보: main project[sample_test]'s message encoder file[Echo][D:\gitsinnori\sinnori\project\sample_test\client_build\web_build\src\main\java\kr\pe\sinnori\impl\message] creation task start
4월 11, 2018 6:00:21 오후 kr.pe.sinnori.common.buildsystem.ProjectBuilder createNewEncoderSourceFile
정보: main project[sample_test]'s message encoder file[Echo][D:\gitsinnori\sinnori\project\sample_test\client_build\web_build\src\main\java\kr\pe\sinnori\impl\message] creation task end
4월 11, 2018 6:00:21 오후 kr.pe.sinnori.common.buildsystem.ProjectBuilder createNewServerCodecSourceFile
정보: main project[sample_test]'s message server codec file[Echo][D:\gitsinnori\sinnori\project\sample_test\client_build\web_build\src\main\java\kr\pe\sinnori\impl\message] creation task start
4월 11, 2018 6:00:21 오후 kr.pe.sinnori.common.buildsystem.ProjectBuilder createNewServerCodecSourceFile
정보: main project[sample_test]'s message server codec file[Echo][D:\gitsinnori\sinnori\project\sample_test\client_build\web_build\src\main\java\kr\pe\sinnori\impl\message] creation task end
4월 11, 2018 6:00:21 오후 kr.pe.sinnori.common.buildsystem.ProjectBuilder createNewClientCodecSourceFile
정보: main project[sample_test]'s message client codec file[Echo][D:\gitsinnori\sinnori\project\sample_test\client_build\web_build\src\main\java\kr\pe\sinnori\impl\message] creation task start
4월 11, 2018 6:00:21 오후 kr.pe.sinnori.common.buildsystem.ProjectBuilder createNewClientCodecSourceFile
정보: main project[sample_test]'s message client codec file[Echo][D:\gitsinnori\sinnori\project\sample_test\client_build\web_build\src\main\java\kr\pe\sinnori\impl\message] creation task end
4월 11, 2018 6:00:21 오후 kr.pe.sinnori.common.util.CommonStaticUtil createChildDirectoriesOfBasePath
정보: the new child relative direcotry[D:\gitsinnori\sinnori\project\sample_test\client_build\web_build\src\main\java\kr\pe\sinnori\impl\message][PublicKeyReq] was created successfully
4월 11, 2018 6:00:21 오후 kr.pe.sinnori.common.buildsystem.ProjectBuilder createNewMessageSourceFile
정보: main project[sample_test]'s message file[PublicKeyReq][D:\gitsinnori\sinnori\project\sample_test\client_build\web_build\src\main\java\kr\pe\sinnori\impl\message] creation task start
4월 11, 2018 6:00:21 오후 kr.pe.sinnori.common.buildsystem.ProjectBuilder createNewMessageSourceFile
정보: main project[sample_test]'s message file[PublicKeyReq][D:\gitsinnori\sinnori\project\sample_test\client_build\web_build\src\main\java\kr\pe\sinnori\impl\message] creation task end
4월 11, 2018 6:00:21 오후 kr.pe.sinnori.common.buildsystem.ProjectBuilder createNewDecoderSourceFile
정보: main project[sample_test]'s message decoder file[PublicKeyReq][D:\gitsinnori\sinnori\project\sample_test\client_build\web_build\src\main\java\kr\pe\sinnori\impl\message] creation task start
4월 11, 2018 6:00:21 오후 kr.pe.sinnori.common.buildsystem.ProjectBuilder createNewDecoderSourceFile
정보: main project[sample_test]'s message decoder file[PublicKeyReq][D:\gitsinnori\sinnori\project\sample_test\client_build\web_build\src\main\java\kr\pe\sinnori\impl\message] creation task end
4월 11, 2018 6:00:21 오후 kr.pe.sinnori.common.buildsystem.ProjectBuilder createNewEncoderSourceFile
정보: main project[sample_test]'s message encoder file[PublicKeyReq][D:\gitsinnori\sinnori\project\sample_test\client_build\web_build\src\main\java\kr\pe\sinnori\impl\message] creation task start
4월 11, 2018 6:00:21 오후 kr.pe.sinnori.common.buildsystem.ProjectBuilder createNewEncoderSourceFile
정보: main project[sample_test]'s message encoder file[PublicKeyReq][D:\gitsinnori\sinnori\project\sample_test\client_build\web_build\src\main\java\kr\pe\sinnori\impl\message] creation task end
4월 11, 2018 6:00:21 오후 kr.pe.sinnori.common.buildsystem.ProjectBuilder createNewServerCodecSourceFile
정보: main project[sample_test]'s message server codec file[PublicKeyReq][D:\gitsinnori\sinnori\project\sample_test\client_build\web_build\src\main\java\kr\pe\sinnori\impl\message] creation task start
4월 11, 2018 6:00:21 오후 kr.pe.sinnori.common.buildsystem.ProjectBuilder createNewServerCodecSourceFile
정보: main project[sample_test]'s message server codec file[PublicKeyReq][D:\gitsinnori\sinnori\project\sample_test\client_build\web_build\src\main\java\kr\pe\sinnori\impl\message] creation task end
4월 11, 2018 6:00:21 오후 kr.pe.sinnori.common.buildsystem.ProjectBuilder createNewClientCodecSourceFile
정보: main project[sample_test]'s message client codec file[PublicKeyReq][D:\gitsinnori\sinnori\project\sample_test\client_build\web_build\src\main\java\kr\pe\sinnori\impl\message] creation task start
4월 11, 2018 6:00:21 오후 kr.pe.sinnori.common.buildsystem.ProjectBuilder createNewClientCodecSourceFile
정보: main project[sample_test]'s message client codec file[PublicKeyReq][D:\gitsinnori\sinnori\project\sample_test\client_build\web_build\src\main\java\kr\pe\sinnori\impl\message] creation task end
4월 11, 2018 6:00:21 오후 kr.pe.sinnori.common.util.CommonStaticUtil createChildDirectoriesOfBasePath
정보: the new child relative direcotry[D:\gitsinnori\sinnori\project\sample_test\client_build\web_build\src\main\java\kr\pe\sinnori\impl\message][PublicKeyRes] was created successfully
4월 11, 2018 6:00:21 오후 kr.pe.sinnori.common.buildsystem.ProjectBuilder createNewMessageSourceFile
정보: main project[sample_test]'s message file[PublicKeyRes][D:\gitsinnori\sinnori\project\sample_test\client_build\web_build\src\main\java\kr\pe\sinnori\impl\message] creation task start
4월 11, 2018 6:00:21 오후 kr.pe.sinnori.common.buildsystem.ProjectBuilder createNewMessageSourceFile
정보: main project[sample_test]'s message file[PublicKeyRes][D:\gitsinnori\sinnori\project\sample_test\client_build\web_build\src\main\java\kr\pe\sinnori\impl\message] creation task end
4월 11, 2018 6:00:21 오후 kr.pe.sinnori.common.buildsystem.ProjectBuilder createNewDecoderSourceFile
정보: main project[sample_test]'s message decoder file[PublicKeyRes][D:\gitsinnori\sinnori\project\sample_test\client_build\web_build\src\main\java\kr\pe\sinnori\impl\message] creation task start
4월 11, 2018 6:00:21 오후 kr.pe.sinnori.common.buildsystem.ProjectBuilder createNewDecoderSourceFile
정보: main project[sample_test]'s message decoder file[PublicKeyRes][D:\gitsinnori\sinnori\project\sample_test\client_build\web_build\src\main\java\kr\pe\sinnori\impl\message] creation task end
4월 11, 2018 6:00:21 오후 kr.pe.sinnori.common.buildsystem.ProjectBuilder createNewEncoderSourceFile
정보: main project[sample_test]'s message encoder file[PublicKeyRes][D:\gitsinnori\sinnori\project\sample_test\client_build\web_build\src\main\java\kr\pe\sinnori\impl\message] creation task start
4월 11, 2018 6:00:21 오후 kr.pe.sinnori.common.buildsystem.ProjectBuilder createNewEncoderSourceFile
정보: main project[sample_test]'s message encoder file[PublicKeyRes][D:\gitsinnori\sinnori\project\sample_test\client_build\web_build\src\main\java\kr\pe\sinnori\impl\message] creation task end
4월 11, 2018 6:00:21 오후 kr.pe.sinnori.common.buildsystem.ProjectBuilder createNewServerCodecSourceFile
정보: main project[sample_test]'s message server codec file[PublicKeyRes][D:\gitsinnori\sinnori\project\sample_test\client_build\web_build\src\main\java\kr\pe\sinnori\impl\message] creation task start
4월 11, 2018 6:00:21 오후 kr.pe.sinnori.common.buildsystem.ProjectBuilder createNewServerCodecSourceFile
정보: main project[sample_test]'s message server codec file[PublicKeyRes][D:\gitsinnori\sinnori\project\sample_test\client_build\web_build\src\main\java\kr\pe\sinnori\impl\message] creation task end
4월 11, 2018 6:00:21 오후 kr.pe.sinnori.common.buildsystem.ProjectBuilder createNewClientCodecSourceFile
정보: main project[sample_test]'s message client codec file[PublicKeyRes][D:\gitsinnori\sinnori\project\sample_test\client_build\web_build\src\main\java\kr\pe\sinnori\impl\message] creation task start
4월 11, 2018 6:00:21 오후 kr.pe.sinnori.common.buildsystem.ProjectBuilder createNewClientCodecSourceFile
정보: main project[sample_test]'s message client codec file[PublicKeyRes][D:\gitsinnori\sinnori\project\sample_test\client_build\web_build\src\main\java\kr\pe\sinnori\impl\message] creation task end
4월 11, 2018 6:00:21 오후 kr.pe.sinnori.common.buildsystem.ProjectBuilder createNewWebClientMessageIOFileSet
정보: main project[sample_test]'s web client message io file set creation task end
4월 11, 2018 6:00:21 오후 kr.pe.sinnori.common.buildsystem.ProjectBuilder copyWebClientSampleFiles
정보: mainproject[sample_test]'s web client sample source files copy task start
4월 11, 2018 6:00:21 오후 kr.pe.sinnori.common.buildsystem.ProjectBuilder copyWebClientSampleFiles
정보: mainproject[sample_test]'s web client sample source files copy task end
4월 11, 2018 6:00:21 오후 kr.pe.sinnori.common.buildsystem.ProjectBuilder createWebClientBuildSystemFiles
정보: main project[sample_test]'s web client build system files creation task end
4월 11, 2018 6:00:21 오후 kr.pe.sinnori.common.buildsystem.ProjectBuilder createWebRootChildDirectories
정보: main project[sample_test]'s web root child direcotry creation task start
4월 11, 2018 6:00:21 오후 kr.pe.sinnori.common.util.CommonStaticUtil createChildDirectoriesOfBasePath
정보: the child relative direcotry[D:\gitsinnori\sinnori\project\sample_test][web_app_base/upload] exist, so nothing
4월 11, 2018 6:00:21 오후 kr.pe.sinnori.common.util.CommonStaticUtil createChildDirectoriesOfBasePath
정보: the new child relative direcotry[D:\gitsinnori\sinnori\project\sample_test][web_app_base/ROOT/WEB-INF/classes] was created successfully
4월 11, 2018 6:00:21 오후 kr.pe.sinnori.common.util.CommonStaticUtil createChildDirectoriesOfBasePath
정보: the new child relative direcotry[D:\gitsinnori\sinnori\project\sample_test][web_app_base/ROOT/WEB-INF/lib] was created successfully
4월 11, 2018 6:00:21 오후 kr.pe.sinnori.common.buildsystem.ProjectBuilder createWebRootChildDirectories
정보: main project[sample_test]'s web root child direcotry creation task end
4월 11, 2018 6:00:21 오후 kr.pe.sinnori.common.buildsystem.ProjectBuilder createWebRootSampleFiles
정보: main project[sample_test]'s web root sample files creation task start
4월 11, 2018 6:00:21 오후 kr.pe.sinnori.common.buildsystem.ProjectBuilder copyWebRootSampleFiles
정보: main project[sample_test]'s web root sample files copy task start
4월 11, 2018 6:00:21 오후 kr.pe.sinnori.common.buildsystem.ProjectBuilder copyWebRootSampleFiles
정보: main project[sample_test]'s web root sample files copy task end
4월 11, 2018 6:00:21 오후 kr.pe.sinnori.common.buildsystem.ProjectBuilder createWebRootSampleFiles
정보: main project[sample_test]'s web root sample files creation task end
4월 11, 2018 6:00:21 오후 kr.pe.sinnori.common.buildsystem.ProjectBuilder overwriteSinnoriConfigFile
정보: main project[sample_test]'s config file overwrite task start
4월 11, 2018 6:00:21 오후 kr.pe.sinnori.common.buildsystem.ProjectBuilder overwriteSinnoriConfigFile
정보: main project[sample_test]'s config file overwrite task end
4월 11, 2018 6:00:21 오후 kr.pe.sinnori.common.buildsystem.ProjectBuilder changeProjectState
정보: main project[sample_test] changeProjectState method end
4월 11, 2018 6:00:21 오후 kr.pe.sinnori.common.buildsystem.ProjectBuilder isValidAppClientAntBuildXMLFile
정보: the app client ant build.xml file[D:\gitsinnori\sinnori\project\sample_test\client_build\app_build\build.xml] is bad :: whetherExist[false] isFile[false]
4월 11, 2018 6:00:21 오후 kr.pe.sinnori.common.buildsystem.ProjectBuilder changeProjectState
정보: main project[sample_test] changeProjectState method start
4월 11, 2018 6:00:21 오후 kr.pe.sinnori.common.buildsystem.ProjectBuilder changeProjectState
경고: the server build path[D:\gitsinnori\sinnori\project\sample_test\server_build] exist, so skip creation of server build system
4월 11, 2018 6:00:21 오후 kr.pe.sinnori.common.buildsystem.ProjectBuilder createAppBuildChildDirectories
정보: main project[sample_test]'s application build child direcotry creation task start
4월 11, 2018 6:00:21 오후 kr.pe.sinnori.common.util.CommonStaticUtil createChildDirectoriesOfBasePath
정보: the new child relative direcotry[D:\gitsinnori\sinnori\project\sample_test][client_build/app_build/corelib/ex] was created successfully
4월 11, 2018 6:00:21 오후 kr.pe.sinnori.common.util.CommonStaticUtil createChildDirectoriesOfBasePath
정보: the new child relative direcotry[D:\gitsinnori\sinnori\project\sample_test][client_build/app_build/corelib/in] was created successfully
4월 11, 2018 6:00:21 오후 kr.pe.sinnori.common.util.CommonStaticUtil createChildDirectoriesOfBasePath
정보: the new child relative direcotry[D:\gitsinnori\sinnori\project\sample_test][client_build/app_build/lib/main/ex] was created successfully
4월 11, 2018 6:00:21 오후 kr.pe.sinnori.common.util.CommonStaticUtil createChildDirectoriesOfBasePath
정보: the new child relative direcotry[D:\gitsinnori\sinnori\project\sample_test][client_build/app_build/lib/main/in] was created successfully
4월 11, 2018 6:00:21 오후 kr.pe.sinnori.common.util.CommonStaticUtil createChildDirectoriesOfBasePath
정보: the new child relative direcotry[D:\gitsinnori\sinnori\project\sample_test][client_build/app_build/lib/test] was created successfully
4월 11, 2018 6:00:21 오후 kr.pe.sinnori.common.util.CommonStaticUtil createChildDirectoriesOfBasePath
정보: the new child relative direcotry[D:\gitsinnori\sinnori\project\sample_test][client_build/app_build/src/main/java/kr/pe/sinnori/impl/message] was created successfully
4월 11, 2018 6:00:21 오후 kr.pe.sinnori.common.util.CommonStaticUtil createChildDirectoriesOfBasePath
정보: the new child relative direcotry[D:\gitsinnori\sinnori\project\sample_test][client_build/app_build/src/main/java/main] was created successfully
4월 11, 2018 6:00:21 오후 kr.pe.sinnori.common.util.CommonStaticUtil createChildDirectoriesOfBasePath
정보: the new child relative direcotry[D:\gitsinnori\sinnori\project\sample_test][client_build/app_build/src/test/java] was created successfully
4월 11, 2018 6:00:21 오후 kr.pe.sinnori.common.util.CommonStaticUtil createChildDirectoriesOfBasePath
정보: the new child relative direcotry[D:\gitsinnori\sinnori\project\sample_test][client_build/app_build/build] was created successfully
4월 11, 2018 6:00:21 오후 kr.pe.sinnori.common.util.CommonStaticUtil createChildDirectoriesOfBasePath
정보: the new child relative direcotry[D:\gitsinnori\sinnori\project\sample_test][client_build/app_build/dist] was created successfully
4월 11, 2018 6:00:21 오후 kr.pe.sinnori.common.buildsystem.ProjectBuilder createAppBuildChildDirectories
정보: main project[sample_test]'s application build child direcotry creation task end
4월 11, 2018 6:00:21 오후 kr.pe.sinnori.common.buildsystem.ProjectBuilder createAppClientBuildSystemFiles
정보: mainproject[sample_test]'s application client build system files creation task start
4월 11, 2018 6:00:21 오후 kr.pe.sinnori.common.buildsystem.ProjectBuilder createNewAppClientAntBuildXMLFile
정보: main project[sample_test]'s application client ant build.xml file creation task start
4월 11, 2018 6:00:21 오후 kr.pe.sinnori.common.buildsystem.ProjectBuilder createNewAppClientAntBuildXMLFile
정보: main project[sample_test]'s application client ant build.xml file creation task end
4월 11, 2018 6:00:21 오후 kr.pe.sinnori.common.buildsystem.ProjectBuilder createNewAppClientDosShellFile
정보: main project[sample_test]'s application client dos shell file creation task start
4월 11, 2018 6:00:21 오후 kr.pe.sinnori.common.buildsystem.ProjectBuilder createNewAppClientDosShellFile
정보: main project[sample_test]'s application client dos shell file creation task end
4월 11, 2018 6:00:21 오후 kr.pe.sinnori.common.buildsystem.ProjectBuilder createNewAppClientUnixShellFile
정보: main project[sample_test]'s application client unix shell file creation task start
4월 11, 2018 6:00:21 오후 kr.pe.sinnori.common.buildsystem.ProjectBuilder createNewAppClientUnixShellFile
정보: main project[sample_test]'s application client unix shell file creation task end
4월 11, 2018 6:00:21 오후 kr.pe.sinnori.common.buildsystem.ProjectBuilder copyAppClientSampleFiles
정보: application client sample source files copy task start
4월 11, 2018 6:00:21 오후 kr.pe.sinnori.common.buildsystem.ProjectBuilder copyAppClientSampleFiles
정보: application client sample source files copy task end
4월 11, 2018 6:00:21 오후 kr.pe.sinnori.common.buildsystem.ProjectBuilder createNewAppClientAllMessageIOFileSet
정보: main project[sample_test]'s application client message io file set creation task start
4월 11, 2018 6:00:21 오후 kr.pe.sinnori.common.util.CommonStaticUtil createChildDirectoriesOfBasePath
정보: the new child relative direcotry[D:\gitsinnori\sinnori\project\sample_test\client_build\app_build\src\main\java\kr\pe\sinnori\impl\message][Echo] was created successfully
4월 11, 2018 6:00:21 오후 kr.pe.sinnori.common.buildsystem.ProjectBuilder createNewMessageSourceFile
정보: main project[sample_test]'s message file[Echo][D:\gitsinnori\sinnori\project\sample_test\client_build\app_build\src\main\java\kr\pe\sinnori\impl\message] creation task start
4월 11, 2018 6:00:21 오후 kr.pe.sinnori.common.buildsystem.ProjectBuilder createNewMessageSourceFile
정보: main project[sample_test]'s message file[Echo][D:\gitsinnori\sinnori\project\sample_test\client_build\app_build\src\main\java\kr\pe\sinnori\impl\message] creation task end
4월 11, 2018 6:00:21 오후 kr.pe.sinnori.common.buildsystem.ProjectBuilder createNewDecoderSourceFile
정보: main project[sample_test]'s message decoder file[Echo][D:\gitsinnori\sinnori\project\sample_test\client_build\app_build\src\main\java\kr\pe\sinnori\impl\message] creation task start
4월 11, 2018 6:00:21 오후 kr.pe.sinnori.common.buildsystem.ProjectBuilder createNewDecoderSourceFile
정보: main project[sample_test]'s message decoder file[Echo][D:\gitsinnori\sinnori\project\sample_test\client_build\app_build\src\main\java\kr\pe\sinnori\impl\message] creation task end
4월 11, 2018 6:00:21 오후 kr.pe.sinnori.common.buildsystem.ProjectBuilder createNewEncoderSourceFile
정보: main project[sample_test]'s message encoder file[Echo][D:\gitsinnori\sinnori\project\sample_test\client_build\app_build\src\main\java\kr\pe\sinnori\impl\message] creation task start
4월 11, 2018 6:00:21 오후 kr.pe.sinnori.common.buildsystem.ProjectBuilder createNewEncoderSourceFile
정보: main project[sample_test]'s message encoder file[Echo][D:\gitsinnori\sinnori\project\sample_test\client_build\app_build\src\main\java\kr\pe\sinnori\impl\message] creation task end
4월 11, 2018 6:00:21 오후 kr.pe.sinnori.common.buildsystem.ProjectBuilder createNewServerCodecSourceFile
정보: main project[sample_test]'s message server codec file[Echo][D:\gitsinnori\sinnori\project\sample_test\client_build\app_build\src\main\java\kr\pe\sinnori\impl\message] creation task start
4월 11, 2018 6:00:21 오후 kr.pe.sinnori.common.buildsystem.ProjectBuilder createNewServerCodecSourceFile
정보: main project[sample_test]'s message server codec file[Echo][D:\gitsinnori\sinnori\project\sample_test\client_build\app_build\src\main\java\kr\pe\sinnori\impl\message] creation task end
4월 11, 2018 6:00:21 오후 kr.pe.sinnori.common.buildsystem.ProjectBuilder createNewClientCodecSourceFile
정보: main project[sample_test]'s message client codec file[Echo][D:\gitsinnori\sinnori\project\sample_test\client_build\app_build\src\main\java\kr\pe\sinnori\impl\message] creation task start
4월 11, 2018 6:00:21 오후 kr.pe.sinnori.common.buildsystem.ProjectBuilder createNewClientCodecSourceFile
정보: main project[sample_test]'s message client codec file[Echo][D:\gitsinnori\sinnori\project\sample_test\client_build\app_build\src\main\java\kr\pe\sinnori\impl\message] creation task end
4월 11, 2018 6:00:21 오후 kr.pe.sinnori.common.util.CommonStaticUtil createChildDirectoriesOfBasePath
정보: the new child relative direcotry[D:\gitsinnori\sinnori\project\sample_test\client_build\app_build\src\main\java\kr\pe\sinnori\impl\message][PublicKeyReq] was created successfully
4월 11, 2018 6:00:21 오후 kr.pe.sinnori.common.buildsystem.ProjectBuilder createNewMessageSourceFile
정보: main project[sample_test]'s message file[PublicKeyReq][D:\gitsinnori\sinnori\project\sample_test\client_build\app_build\src\main\java\kr\pe\sinnori\impl\message] creation task start
4월 11, 2018 6:00:21 오후 kr.pe.sinnori.common.buildsystem.ProjectBuilder createNewMessageSourceFile
정보: main project[sample_test]'s message file[PublicKeyReq][D:\gitsinnori\sinnori\project\sample_test\client_build\app_build\src\main\java\kr\pe\sinnori\impl\message] creation task end
4월 11, 2018 6:00:21 오후 kr.pe.sinnori.common.buildsystem.ProjectBuilder createNewDecoderSourceFile
정보: main project[sample_test]'s message decoder file[PublicKeyReq][D:\gitsinnori\sinnori\project\sample_test\client_build\app_build\src\main\java\kr\pe\sinnori\impl\message] creation task start
4월 11, 2018 6:00:21 오후 kr.pe.sinnori.common.buildsystem.ProjectBuilder createNewDecoderSourceFile
정보: main project[sample_test]'s message decoder file[PublicKeyReq][D:\gitsinnori\sinnori\project\sample_test\client_build\app_build\src\main\java\kr\pe\sinnori\impl\message] creation task end
4월 11, 2018 6:00:21 오후 kr.pe.sinnori.common.buildsystem.ProjectBuilder createNewEncoderSourceFile
정보: main project[sample_test]'s message encoder file[PublicKeyReq][D:\gitsinnori\sinnori\project\sample_test\client_build\app_build\src\main\java\kr\pe\sinnori\impl\message] creation task start
4월 11, 2018 6:00:21 오후 kr.pe.sinnori.common.buildsystem.ProjectBuilder createNewEncoderSourceFile
정보: main project[sample_test]'s message encoder file[PublicKeyReq][D:\gitsinnori\sinnori\project\sample_test\client_build\app_build\src\main\java\kr\pe\sinnori\impl\message] creation task end
4월 11, 2018 6:00:21 오후 kr.pe.sinnori.common.buildsystem.ProjectBuilder createNewServerCodecSourceFile
정보: main project[sample_test]'s message server codec file[PublicKeyReq][D:\gitsinnori\sinnori\project\sample_test\client_build\app_build\src\main\java\kr\pe\sinnori\impl\message] creation task start
4월 11, 2018 6:00:21 오후 kr.pe.sinnori.common.buildsystem.ProjectBuilder createNewServerCodecSourceFile
정보: main project[sample_test]'s message server codec file[PublicKeyReq][D:\gitsinnori\sinnori\project\sample_test\client_build\app_build\src\main\java\kr\pe\sinnori\impl\message] creation task end
4월 11, 2018 6:00:21 오후 kr.pe.sinnori.common.buildsystem.ProjectBuilder createNewClientCodecSourceFile
정보: main project[sample_test]'s message client codec file[PublicKeyReq][D:\gitsinnori\sinnori\project\sample_test\client_build\app_build\src\main\java\kr\pe\sinnori\impl\message] creation task start
4월 11, 2018 6:00:21 오후 kr.pe.sinnori.common.buildsystem.ProjectBuilder createNewClientCodecSourceFile
정보: main project[sample_test]'s message client codec file[PublicKeyReq][D:\gitsinnori\sinnori\project\sample_test\client_build\app_build\src\main\java\kr\pe\sinnori\impl\message] creation task end
4월 11, 2018 6:00:21 오후 kr.pe.sinnori.common.util.CommonStaticUtil createChildDirectoriesOfBasePath
정보: the new child relative direcotry[D:\gitsinnori\sinnori\project\sample_test\client_build\app_build\src\main\java\kr\pe\sinnori\impl\message][PublicKeyRes] was created successfully
4월 11, 2018 6:00:21 오후 kr.pe.sinnori.common.buildsystem.ProjectBuilder createNewMessageSourceFile
정보: main project[sample_test]'s message file[PublicKeyRes][D:\gitsinnori\sinnori\project\sample_test\client_build\app_build\src\main\java\kr\pe\sinnori\impl\message] creation task start
4월 11, 2018 6:00:21 오후 kr.pe.sinnori.common.buildsystem.ProjectBuilder createNewMessageSourceFile
정보: main project[sample_test]'s message file[PublicKeyRes][D:\gitsinnori\sinnori\project\sample_test\client_build\app_build\src\main\java\kr\pe\sinnori\impl\message] creation task end
4월 11, 2018 6:00:21 오후 kr.pe.sinnori.common.buildsystem.ProjectBuilder createNewDecoderSourceFile
정보: main project[sample_test]'s message decoder file[PublicKeyRes][D:\gitsinnori\sinnori\project\sample_test\client_build\app_build\src\main\java\kr\pe\sinnori\impl\message] creation task start
4월 11, 2018 6:00:21 오후 kr.pe.sinnori.common.buildsystem.ProjectBuilder createNewDecoderSourceFile
정보: main project[sample_test]'s message decoder file[PublicKeyRes][D:\gitsinnori\sinnori\project\sample_test\client_build\app_build\src\main\java\kr\pe\sinnori\impl\message] creation task end
4월 11, 2018 6:00:21 오후 kr.pe.sinnori.common.buildsystem.ProjectBuilder createNewEncoderSourceFile
정보: main project[sample_test]'s message encoder file[PublicKeyRes][D:\gitsinnori\sinnori\project\sample_test\client_build\app_build\src\main\java\kr\pe\sinnori\impl\message] creation task start
4월 11, 2018 6:00:21 오후 kr.pe.sinnori.common.buildsystem.ProjectBuilder createNewEncoderSourceFile
정보: main project[sample_test]'s message encoder file[PublicKeyRes][D:\gitsinnori\sinnori\project\sample_test\client_build\app_build\src\main\java\kr\pe\sinnori\impl\message] creation task end
4월 11, 2018 6:00:22 오후 kr.pe.sinnori.common.buildsystem.ProjectBuilder createNewServerCodecSourceFile
정보: main project[sample_test]'s message server codec file[PublicKeyRes][D:\gitsinnori\sinnori\project\sample_test\client_build\app_build\src\main\java\kr\pe\sinnori\impl\message] creation task start
4월 11, 2018 6:00:22 오후 kr.pe.sinnori.common.buildsystem.ProjectBuilder createNewServerCodecSourceFile
정보: main project[sample_test]'s message server codec file[PublicKeyRes][D:\gitsinnori\sinnori\project\sample_test\client_build\app_build\src\main\java\kr\pe\sinnori\impl\message] creation task end
4월 11, 2018 6:00:22 오후 kr.pe.sinnori.common.buildsystem.ProjectBuilder createNewClientCodecSourceFile
정보: main project[sample_test]'s message client codec file[PublicKeyRes][D:\gitsinnori\sinnori\project\sample_test\client_build\app_build\src\main\java\kr\pe\sinnori\impl\message] creation task start
4월 11, 2018 6:00:22 오후 kr.pe.sinnori.common.buildsystem.ProjectBuilder createNewClientCodecSourceFile
정보: main project[sample_test]'s message client codec file[PublicKeyRes][D:\gitsinnori\sinnori\project\sample_test\client_build\app_build\src\main\java\kr\pe\sinnori\impl\message] creation task end
4월 11, 2018 6:00:22 오후 kr.pe.sinnori.common.buildsystem.ProjectBuilder createNewAppClientAllMessageIOFileSet
정보: main project[sample_test]'s application client message io file set creation task end
4월 11, 2018 6:00:22 오후 kr.pe.sinnori.common.buildsystem.ProjectBuilder createAppClientBuildSystemFiles
정보: mainproject[sample_test]'s application client build system files creation task end
4월 11, 2018 6:00:22 오후 kr.pe.sinnori.common.buildsystem.ProjectBuilder deleteWebCientBuildPath
정보: main project[sample_test]'s web client build path deletion task start
4월 11, 2018 6:00:22 오후 kr.pe.sinnori.common.buildsystem.ProjectBuilder deleteWebCientBuildPath
정보: main project[sample_test]'s web client build path deletion task end
4월 11, 2018 6:00:22 오후 kr.pe.sinnori.common.buildsystem.ProjectBuilder deleteWebRoot
정보: main project[sample_test]'s web root path deletion task start
4월 11, 2018 6:00:22 오후 kr.pe.sinnori.common.buildsystem.ProjectBuilder deleteWebRoot
정보: main project[sample_test]'s web root path deletion task end
4월 11, 2018 6:00:22 오후 kr.pe.sinnori.common.buildsystem.ProjectBuilder overwriteSinnoriConfigFile
정보: main project[sample_test]'s config file overwrite task start
4월 11, 2018 6:00:22 오후 kr.pe.sinnori.common.buildsystem.ProjectBuilder overwriteSinnoriConfigFile
정보: main project[sample_test]'s config file overwrite task end
4월 11, 2018 6:00:22 오후 kr.pe.sinnori.common.buildsystem.ProjectBuilder changeProjectState
정보: main project[sample_test] changeProjectState method end
4월 11, 2018 6:00:22 오후 kr.pe.sinnori.common.buildsystem.ProjectBuilder isValidWebClientAntBuildXMLFile
정보: the web client ant build.xml file[D:\gitsinnori\sinnori\project\sample_test\client_build\web_build\build.xml] is bad :: whetherExist[false] isFile[false]
4월 11, 2018 6:00:22 오후 kr.pe.sinnori.common.buildsystem.ProjectBuilder isValidWebRootXMLFile
정보: the web.xml file[D:\gitsinnori\sinnori\project\sample_test\web_app_base\ROOT\WEB-INF\web.xml] located at web root directory is bad :: whetherExist[false] isFile[false]
4월 11, 2018 6:00:22 오후 kr.pe.sinnori.common.buildsystem.ProjectBuilder changeProjectState
정보: main project[sample_test] changeProjectState method start
4월 11, 2018 6:00:22 오후 kr.pe.sinnori.common.buildsystem.ProjectBuilder changeProjectState
경고: the server build path[D:\gitsinnori\sinnori\project\sample_test\server_build] exist, so skip creation of server build system
4월 11, 2018 6:00:22 오후 kr.pe.sinnori.common.buildsystem.ProjectBuilder changeProjectState
경고: the app client build path[D:\gitsinnori\sinnori\project\sample_test\client_build\app_build] exist, so skip creation of app client build system
4월 11, 2018 6:00:22 오후 kr.pe.sinnori.common.buildsystem.ProjectBuilder createWebBuildChildDirectories
정보: main project[sample_test]'s web build child direcotry creation task start
4월 11, 2018 6:00:22 오후 kr.pe.sinnori.common.util.CommonStaticUtil createChildDirectoriesOfBasePath
정보: the new child relative direcotry[D:\gitsinnori\sinnori\project\sample_test][client_build/web_build/corelib/ex] was created successfully
4월 11, 2018 6:00:22 오후 kr.pe.sinnori.common.util.CommonStaticUtil createChildDirectoriesOfBasePath
정보: the new child relative direcotry[D:\gitsinnori\sinnori\project\sample_test][client_build/web_build/corelib/in] was created successfully
4월 11, 2018 6:00:22 오후 kr.pe.sinnori.common.util.CommonStaticUtil createChildDirectoriesOfBasePath
정보: the new child relative direcotry[D:\gitsinnori\sinnori\project\sample_test][client_build/web_build/lib/main/ex] was created successfully
4월 11, 2018 6:00:22 오후 kr.pe.sinnori.common.util.CommonStaticUtil createChildDirectoriesOfBasePath
정보: the new child relative direcotry[D:\gitsinnori\sinnori\project\sample_test][client_build/web_build/lib/main/in] was created successfully
4월 11, 2018 6:00:22 오후 kr.pe.sinnori.common.util.CommonStaticUtil createChildDirectoriesOfBasePath
정보: the new child relative direcotry[D:\gitsinnori\sinnori\project\sample_test][client_build/web_build/lib/test] was created successfully
4월 11, 2018 6:00:22 오후 kr.pe.sinnori.common.util.CommonStaticUtil createChildDirectoriesOfBasePath
정보: the new child relative direcotry[D:\gitsinnori\sinnori\project\sample_test][client_build/web_build/src/main/java/kr/pe/sinnori/impl/message] was created successfully
4월 11, 2018 6:00:22 오후 kr.pe.sinnori.common.util.CommonStaticUtil createChildDirectoriesOfBasePath
정보: the new child relative direcotry[D:\gitsinnori\sinnori\project\sample_test][client_build/web_build/src/main/java//kr/pe/sinnori/servlet] was created successfully
4월 11, 2018 6:00:22 오후 kr.pe.sinnori.common.util.CommonStaticUtil createChildDirectoriesOfBasePath
정보: the new child relative direcotry[D:\gitsinnori\sinnori\project\sample_test][client_build/web_build/src/main/java/kr/pe/sinnori/weblib/common] was created successfully
4월 11, 2018 6:00:22 오후 kr.pe.sinnori.common.util.CommonStaticUtil createChildDirectoriesOfBasePath
정보: the new child relative direcotry[D:\gitsinnori\sinnori\project\sample_test][client_build/web_build/src/main/java/kr/pe/sinnori/weblib/htmlstring] was created successfully
4월 11, 2018 6:00:22 오후 kr.pe.sinnori.common.util.CommonStaticUtil createChildDirectoriesOfBasePath
정보: the new child relative direcotry[D:\gitsinnori\sinnori\project\sample_test][client_build/web_build/src/main/java/kr/pe/sinnori/weblib/jdf] was created successfully
4월 11, 2018 6:00:22 오후 kr.pe.sinnori.common.util.CommonStaticUtil createChildDirectoriesOfBasePath
정보: the new child relative direcotry[D:\gitsinnori\sinnori\project\sample_test][client_build/web_build/src/test/java] was created successfully
4월 11, 2018 6:00:22 오후 kr.pe.sinnori.common.util.CommonStaticUtil createChildDirectoriesOfBasePath
정보: the new child relative direcotry[D:\gitsinnori\sinnori\project\sample_test][client_build/web_build/build] was created successfully
4월 11, 2018 6:00:22 오후 kr.pe.sinnori.common.util.CommonStaticUtil createChildDirectoriesOfBasePath
정보: the new child relative direcotry[D:\gitsinnori\sinnori\project\sample_test][client_build/web_build/dist] was created successfully
4월 11, 2018 6:00:22 오후 kr.pe.sinnori.common.buildsystem.ProjectBuilder createWebBuildChildDirectories
정보: main project[sample_test]'s web build child direcotry creation task end
4월 11, 2018 6:00:22 오후 kr.pe.sinnori.common.buildsystem.ProjectBuilder createWebClientBuildSystemFiles
정보: main project[sample_test]'s web client build system files creation task start
4월 11, 2018 6:00:22 오후 kr.pe.sinnori.common.buildsystem.ProjectBuilder createNewWebClientAntBuildFile
정보: main project[sample_test]'s web client ant build.xml file creation task start
4월 11, 2018 6:00:22 오후 kr.pe.sinnori.common.buildsystem.ProjectBuilder createNewWebClientAntBuildFile
정보: main project[sample_test]'s web client ant build.xml file creation task end
4월 11, 2018 6:00:22 오후 kr.pe.sinnori.common.buildsystem.ProjectBuilder createNewWebClientAntPropertiesFile
정보: main project[sample_test]'s web client ant properties file creation task start
4월 11, 2018 6:00:22 오후 kr.pe.sinnori.common.util.SequencedPropertiesUtil createNewSequencedPropertiesFile
정보: the sequenced properties file[D:\gitsinnori\sinnori\project\sample_test\client_build\web_build\webAnt.properties] was created
4월 11, 2018 6:00:22 오후 kr.pe.sinnori.common.buildsystem.ProjectBuilder createNewWebClientAntPropertiesFile
정보: main project[sample_test]'s web client ant properties file creation task end
4월 11, 2018 6:00:22 오후 kr.pe.sinnori.common.buildsystem.ProjectBuilder createNewWebClientMessageIOFileSet
정보: main project[sample_test]'s web client message io file set creation task start
4월 11, 2018 6:00:22 오후 kr.pe.sinnori.common.util.CommonStaticUtil createChildDirectoriesOfBasePath
정보: the new child relative direcotry[D:\gitsinnori\sinnori\project\sample_test\client_build\web_build\src\main\java\kr\pe\sinnori\impl\message][Echo] was created successfully
4월 11, 2018 6:00:22 오후 kr.pe.sinnori.common.buildsystem.ProjectBuilder createNewMessageSourceFile
정보: main project[sample_test]'s message file[Echo][D:\gitsinnori\sinnori\project\sample_test\client_build\web_build\src\main\java\kr\pe\sinnori\impl\message] creation task start
4월 11, 2018 6:00:22 오후 kr.pe.sinnori.common.buildsystem.ProjectBuilder createNewMessageSourceFile
정보: main project[sample_test]'s message file[Echo][D:\gitsinnori\sinnori\project\sample_test\client_build\web_build\src\main\java\kr\pe\sinnori\impl\message] creation task end
4월 11, 2018 6:00:22 오후 kr.pe.sinnori.common.buildsystem.ProjectBuilder createNewDecoderSourceFile
정보: main project[sample_test]'s message decoder file[Echo][D:\gitsinnori\sinnori\project\sample_test\client_build\web_build\src\main\java\kr\pe\sinnori\impl\message] creation task start
4월 11, 2018 6:00:22 오후 kr.pe.sinnori.common.buildsystem.ProjectBuilder createNewDecoderSourceFile
정보: main project[sample_test]'s message decoder file[Echo][D:\gitsinnori\sinnori\project\sample_test\client_build\web_build\src\main\java\kr\pe\sinnori\impl\message] creation task end
4월 11, 2018 6:00:22 오후 kr.pe.sinnori.common.buildsystem.ProjectBuilder createNewEncoderSourceFile
정보: main project[sample_test]'s message encoder file[Echo][D:\gitsinnori\sinnori\project\sample_test\client_build\web_build\src\main\java\kr\pe\sinnori\impl\message] creation task start
4월 11, 2018 6:00:22 오후 kr.pe.sinnori.common.buildsystem.ProjectBuilder createNewEncoderSourceFile
정보: main project[sample_test]'s message encoder file[Echo][D:\gitsinnori\sinnori\project\sample_test\client_build\web_build\src\main\java\kr\pe\sinnori\impl\message] creation task end
4월 11, 2018 6:00:22 오후 kr.pe.sinnori.common.buildsystem.ProjectBuilder createNewServerCodecSourceFile
정보: main project[sample_test]'s message server codec file[Echo][D:\gitsinnori\sinnori\project\sample_test\client_build\web_build\src\main\java\kr\pe\sinnori\impl\message] creation task start
4월 11, 2018 6:00:22 오후 kr.pe.sinnori.common.buildsystem.ProjectBuilder createNewServerCodecSourceFile
정보: main project[sample_test]'s message server codec file[Echo][D:\gitsinnori\sinnori\project\sample_test\client_build\web_build\src\main\java\kr\pe\sinnori\impl\message] creation task end
4월 11, 2018 6:00:22 오후 kr.pe.sinnori.common.buildsystem.ProjectBuilder createNewClientCodecSourceFile
정보: main project[sample_test]'s message client codec file[Echo][D:\gitsinnori\sinnori\project\sample_test\client_build\web_build\src\main\java\kr\pe\sinnori\impl\message] creation task start
4월 11, 2018 6:00:22 오후 kr.pe.sinnori.common.buildsystem.ProjectBuilder createNewClientCodecSourceFile
정보: main project[sample_test]'s message client codec file[Echo][D:\gitsinnori\sinnori\project\sample_test\client_build\web_build\src\main\java\kr\pe\sinnori\impl\message] creation task end
4월 11, 2018 6:00:22 오후 kr.pe.sinnori.common.util.CommonStaticUtil createChildDirectoriesOfBasePath
정보: the new child relative direcotry[D:\gitsinnori\sinnori\project\sample_test\client_build\web_build\src\main\java\kr\pe\sinnori\impl\message][PublicKeyReq] was created successfully
4월 11, 2018 6:00:22 오후 kr.pe.sinnori.common.buildsystem.ProjectBuilder createNewMessageSourceFile
정보: main project[sample_test]'s message file[PublicKeyReq][D:\gitsinnori\sinnori\project\sample_test\client_build\web_build\src\main\java\kr\pe\sinnori\impl\message] creation task start
4월 11, 2018 6:00:22 오후 kr.pe.sinnori.common.buildsystem.ProjectBuilder createNewMessageSourceFile
정보: main project[sample_test]'s message file[PublicKeyReq][D:\gitsinnori\sinnori\project\sample_test\client_build\web_build\src\main\java\kr\pe\sinnori\impl\message] creation task end
4월 11, 2018 6:00:22 오후 kr.pe.sinnori.common.buildsystem.ProjectBuilder createNewDecoderSourceFile
정보: main project[sample_test]'s message decoder file[PublicKeyReq][D:\gitsinnori\sinnori\project\sample_test\client_build\web_build\src\main\java\kr\pe\sinnori\impl\message] creation task start
4월 11, 2018 6:00:22 오후 kr.pe.sinnori.common.buildsystem.ProjectBuilder createNewDecoderSourceFile
정보: main project[sample_test]'s message decoder file[PublicKeyReq][D:\gitsinnori\sinnori\project\sample_test\client_build\web_build\src\main\java\kr\pe\sinnori\impl\message] creation task end
4월 11, 2018 6:00:22 오후 kr.pe.sinnori.common.buildsystem.ProjectBuilder createNewEncoderSourceFile
정보: main project[sample_test]'s message encoder file[PublicKeyReq][D:\gitsinnori\sinnori\project\sample_test\client_build\web_build\src\main\java\kr\pe\sinnori\impl\message] creation task start
4월 11, 2018 6:00:22 오후 kr.pe.sinnori.common.buildsystem.ProjectBuilder createNewEncoderSourceFile
정보: main project[sample_test]'s message encoder file[PublicKeyReq][D:\gitsinnori\sinnori\project\sample_test\client_build\web_build\src\main\java\kr\pe\sinnori\impl\message] creation task end
4월 11, 2018 6:00:22 오후 kr.pe.sinnori.common.buildsystem.ProjectBuilder createNewServerCodecSourceFile
정보: main project[sample_test]'s message server codec file[PublicKeyReq][D:\gitsinnori\sinnori\project\sample_test\client_build\web_build\src\main\java\kr\pe\sinnori\impl\message] creation task start
4월 11, 2018 6:00:22 오후 kr.pe.sinnori.common.buildsystem.ProjectBuilder createNewServerCodecSourceFile
정보: main project[sample_test]'s message server codec file[PublicKeyReq][D:\gitsinnori\sinnori\project\sample_test\client_build\web_build\src\main\java\kr\pe\sinnori\impl\message] creation task end
4월 11, 2018 6:00:22 오후 kr.pe.sinnori.common.buildsystem.ProjectBuilder createNewClientCodecSourceFile
정보: main project[sample_test]'s message client codec file[PublicKeyReq][D:\gitsinnori\sinnori\project\sample_test\client_build\web_build\src\main\java\kr\pe\sinnori\impl\message] creation task start
4월 11, 2018 6:00:22 오후 kr.pe.sinnori.common.buildsystem.ProjectBuilder createNewClientCodecSourceFile
정보: main project[sample_test]'s message client codec file[PublicKeyReq][D:\gitsinnori\sinnori\project\sample_test\client_build\web_build\src\main\java\kr\pe\sinnori\impl\message] creation task end
4월 11, 2018 6:00:22 오후 kr.pe.sinnori.common.util.CommonStaticUtil createChildDirectoriesOfBasePath
정보: the new child relative direcotry[D:\gitsinnori\sinnori\project\sample_test\client_build\web_build\src\main\java\kr\pe\sinnori\impl\message][PublicKeyRes] was created successfully
4월 11, 2018 6:00:22 오후 kr.pe.sinnori.common.buildsystem.ProjectBuilder createNewMessageSourceFile
정보: main project[sample_test]'s message file[PublicKeyRes][D:\gitsinnori\sinnori\project\sample_test\client_build\web_build\src\main\java\kr\pe\sinnori\impl\message] creation task start
4월 11, 2018 6:00:22 오후 kr.pe.sinnori.common.buildsystem.ProjectBuilder createNewMessageSourceFile
정보: main project[sample_test]'s message file[PublicKeyRes][D:\gitsinnori\sinnori\project\sample_test\client_build\web_build\src\main\java\kr\pe\sinnori\impl\message] creation task end
4월 11, 2018 6:00:22 오후 kr.pe.sinnori.common.buildsystem.ProjectBuilder createNewDecoderSourceFile
정보: main project[sample_test]'s message decoder file[PublicKeyRes][D:\gitsinnori\sinnori\project\sample_test\client_build\web_build\src\main\java\kr\pe\sinnori\impl\message] creation task start
4월 11, 2018 6:00:22 오후 kr.pe.sinnori.common.buildsystem.ProjectBuilder createNewDecoderSourceFile
정보: main project[sample_test]'s message decoder file[PublicKeyRes][D:\gitsinnori\sinnori\project\sample_test\client_build\web_build\src\main\java\kr\pe\sinnori\impl\message] creation task end
4월 11, 2018 6:00:22 오후 kr.pe.sinnori.common.buildsystem.ProjectBuilder createNewEncoderSourceFile
정보: main project[sample_test]'s message encoder file[PublicKeyRes][D:\gitsinnori\sinnori\project\sample_test\client_build\web_build\src\main\java\kr\pe\sinnori\impl\message] creation task start
4월 11, 2018 6:00:22 오후 kr.pe.sinnori.common.buildsystem.ProjectBuilder createNewEncoderSourceFile
정보: main project[sample_test]'s message encoder file[PublicKeyRes][D:\gitsinnori\sinnori\project\sample_test\client_build\web_build\src\main\java\kr\pe\sinnori\impl\message] creation task end
4월 11, 2018 6:00:22 오후 kr.pe.sinnori.common.buildsystem.ProjectBuilder createNewServerCodecSourceFile
정보: main project[sample_test]'s message server codec file[PublicKeyRes][D:\gitsinnori\sinnori\project\sample_test\client_build\web_build\src\main\java\kr\pe\sinnori\impl\message] creation task start
4월 11, 2018 6:00:22 오후 kr.pe.sinnori.common.buildsystem.ProjectBuilder createNewServerCodecSourceFile
정보: main project[sample_test]'s message server codec file[PublicKeyRes][D:\gitsinnori\sinnori\project\sample_test\client_build\web_build\src\main\java\kr\pe\sinnori\impl\message] creation task end
4월 11, 2018 6:00:22 오후 kr.pe.sinnori.common.buildsystem.ProjectBuilder createNewClientCodecSourceFile
정보: main project[sample_test]'s message client codec file[PublicKeyRes][D:\gitsinnori\sinnori\project\sample_test\client_build\web_build\src\main\java\kr\pe\sinnori\impl\message] creation task start
4월 11, 2018 6:00:22 오후 kr.pe.sinnori.common.buildsystem.ProjectBuilder createNewClientCodecSourceFile
정보: main project[sample_test]'s message client codec file[PublicKeyRes][D:\gitsinnori\sinnori\project\sample_test\client_build\web_build\src\main\java\kr\pe\sinnori\impl\message] creation task end
4월 11, 2018 6:00:22 오후 kr.pe.sinnori.common.buildsystem.ProjectBuilder createNewWebClientMessageIOFileSet
정보: main project[sample_test]'s web client message io file set creation task end
4월 11, 2018 6:00:22 오후 kr.pe.sinnori.common.buildsystem.ProjectBuilder copyWebClientSampleFiles
정보: mainproject[sample_test]'s web client sample source files copy task start
4월 11, 2018 6:00:22 오후 kr.pe.sinnori.common.buildsystem.ProjectBuilder copyWebClientSampleFiles
정보: mainproject[sample_test]'s web client sample source files copy task end
4월 11, 2018 6:00:22 오후 kr.pe.sinnori.common.buildsystem.ProjectBuilder createWebClientBuildSystemFiles
정보: main project[sample_test]'s web client build system files creation task end
4월 11, 2018 6:00:22 오후 kr.pe.sinnori.common.buildsystem.ProjectBuilder createWebRootChildDirectories
정보: main project[sample_test]'s web root child direcotry creation task start
4월 11, 2018 6:00:22 오후 kr.pe.sinnori.common.util.CommonStaticUtil createChildDirectoriesOfBasePath
정보: the child relative direcotry[D:\gitsinnori\sinnori\project\sample_test][web_app_base/upload] exist, so nothing
4월 11, 2018 6:00:22 오후 kr.pe.sinnori.common.util.CommonStaticUtil createChildDirectoriesOfBasePath
정보: the new child relative direcotry[D:\gitsinnori\sinnori\project\sample_test][web_app_base/ROOT/WEB-INF/classes] was created successfully
4월 11, 2018 6:00:22 오후 kr.pe.sinnori.common.util.CommonStaticUtil createChildDirectoriesOfBasePath
정보: the new child relative direcotry[D:\gitsinnori\sinnori\project\sample_test][web_app_base/ROOT/WEB-INF/lib] was created successfully
4월 11, 2018 6:00:22 오후 kr.pe.sinnori.common.buildsystem.ProjectBuilder createWebRootChildDirectories
정보: main project[sample_test]'s web root child direcotry creation task end
4월 11, 2018 6:00:22 오후 kr.pe.sinnori.common.buildsystem.ProjectBuilder createWebRootSampleFiles
정보: main project[sample_test]'s web root sample files creation task start
4월 11, 2018 6:00:22 오후 kr.pe.sinnori.common.buildsystem.ProjectBuilder copyWebRootSampleFiles
정보: main project[sample_test]'s web root sample files copy task start
4월 11, 2018 6:00:22 오후 kr.pe.sinnori.common.buildsystem.ProjectBuilder copyWebRootSampleFiles
정보: main project[sample_test]'s web root sample files copy task end
4월 11, 2018 6:00:22 오후 kr.pe.sinnori.common.buildsystem.ProjectBuilder createWebRootSampleFiles
정보: main project[sample_test]'s web root sample files creation task end
4월 11, 2018 6:00:22 오후 kr.pe.sinnori.common.buildsystem.ProjectBuilder overwriteSinnoriConfigFile
정보: main project[sample_test]'s config file overwrite task start
4월 11, 2018 6:00:22 오후 kr.pe.sinnori.common.buildsystem.ProjectBuilder overwriteSinnoriConfigFile
정보: main project[sample_test]'s config file overwrite task end
4월 11, 2018 6:00:22 오후 kr.pe.sinnori.common.buildsystem.ProjectBuilder changeProjectState
정보: main project[sample_test] changeProjectState method end
4월 11, 2018 6:00:22 오후 kr.pe.sinnori.common.buildsystem.ProjectBuilder createChildDirectories
정보: main project[sample_test]'s child direcotry creation task start
4월 11, 2018 6:00:22 오후 kr.pe.sinnori.common.buildsystem.ProjectBuilder createCommonChildDirectories
정보: main project[sample_test]'s common child direcotry creation task start
4월 11, 2018 6:00:22 오후 kr.pe.sinnori.common.util.CommonStaticUtil createChildDirectoriesOfBasePath
정보: the new child relative direcotry[D:\gitsinnori\sinnori\project\sample_test][config] was created successfully
4월 11, 2018 6:00:22 오후 kr.pe.sinnori.common.util.CommonStaticUtil createChildDirectoriesOfBasePath
정보: the new child relative direcotry[D:\gitsinnori\sinnori\project\sample_test][resources/dbcp] was created successfully
4월 11, 2018 6:00:22 오후 kr.pe.sinnori.common.util.CommonStaticUtil createChildDirectoriesOfBasePath
정보: the new child relative direcotry[D:\gitsinnori\sinnori\project\sample_test][resources/message_info] was created successfully
4월 11, 2018 6:00:22 오후 kr.pe.sinnori.common.util.CommonStaticUtil createChildDirectoriesOfBasePath
정보: the new child relative direcotry[D:\gitsinnori\sinnori\project\sample_test][resources/rsa_keypair] was created successfully
4월 11, 2018 6:00:22 오후 kr.pe.sinnori.common.util.CommonStaticUtil createChildDirectoriesOfBasePath
정보: the new child relative direcotry[D:\gitsinnori\sinnori\project\sample_test][log/apache] was created successfully
4월 11, 2018 6:00:22 오후 kr.pe.sinnori.common.util.CommonStaticUtil createChildDirectoriesOfBasePath
정보: the new child relative direcotry[D:\gitsinnori\sinnori\project\sample_test][log/client] was created successfully
4월 11, 2018 6:00:22 오후 kr.pe.sinnori.common.util.CommonStaticUtil createChildDirectoriesOfBasePath
정보: the new child relative direcotry[D:\gitsinnori\sinnori\project\sample_test][log/server] was created successfully
4월 11, 2018 6:00:22 오후 kr.pe.sinnori.common.util.CommonStaticUtil createChildDirectoriesOfBasePath
정보: the new child relative direcotry[D:\gitsinnori\sinnori\project\sample_test][log/servlet] was created successfully
4월 11, 2018 6:00:22 오후 kr.pe.sinnori.common.buildsystem.ProjectBuilder createCommonChildDirectories
정보: main project[sample_test]'s common child direcotry creation task end
4월 11, 2018 6:00:22 오후 kr.pe.sinnori.common.buildsystem.ProjectBuilder createAppBuildChildDirectories
정보: main project[sample_test]'s application build child direcotry creation task start
4월 11, 2018 6:00:22 오후 kr.pe.sinnori.common.util.CommonStaticUtil createChildDirectoriesOfBasePath
정보: the new child relative direcotry[D:\gitsinnori\sinnori\project\sample_test][client_build/app_build/corelib/ex] was created successfully
4월 11, 2018 6:00:22 오후 kr.pe.sinnori.common.util.CommonStaticUtil createChildDirectoriesOfBasePath
정보: the new child relative direcotry[D:\gitsinnori\sinnori\project\sample_test][client_build/app_build/corelib/in] was created successfully
4월 11, 2018 6:00:22 오후 kr.pe.sinnori.common.util.CommonStaticUtil createChildDirectoriesOfBasePath
정보: the new child relative direcotry[D:\gitsinnori\sinnori\project\sample_test][client_build/app_build/lib/main/ex] was created successfully
4월 11, 2018 6:00:22 오후 kr.pe.sinnori.common.util.CommonStaticUtil createChildDirectoriesOfBasePath
정보: the new child relative direcotry[D:\gitsinnori\sinnori\project\sample_test][client_build/app_build/lib/main/in] was created successfully
4월 11, 2018 6:00:22 오후 kr.pe.sinnori.common.util.CommonStaticUtil createChildDirectoriesOfBasePath
정보: the new child relative direcotry[D:\gitsinnori\sinnori\project\sample_test][client_build/app_build/lib/test] was created successfully
4월 11, 2018 6:00:22 오후 kr.pe.sinnori.common.util.CommonStaticUtil createChildDirectoriesOfBasePath
정보: the new child relative direcotry[D:\gitsinnori\sinnori\project\sample_test][client_build/app_build/src/main/java/kr/pe/sinnori/impl/message] was created successfully
4월 11, 2018 6:00:22 오후 kr.pe.sinnori.common.util.CommonStaticUtil createChildDirectoriesOfBasePath
정보: the new child relative direcotry[D:\gitsinnori\sinnori\project\sample_test][client_build/app_build/src/main/java/main] was created successfully
4월 11, 2018 6:00:22 오후 kr.pe.sinnori.common.util.CommonStaticUtil createChildDirectoriesOfBasePath
정보: the new child relative direcotry[D:\gitsinnori\sinnori\project\sample_test][client_build/app_build/src/test/java] was created successfully
4월 11, 2018 6:00:22 오후 kr.pe.sinnori.common.util.CommonStaticUtil createChildDirectoriesOfBasePath
정보: the new child relative direcotry[D:\gitsinnori\sinnori\project\sample_test][client_build/app_build/build] was created successfully
4월 11, 2018 6:00:22 오후 kr.pe.sinnori.common.util.CommonStaticUtil createChildDirectoriesOfBasePath
정보: the new child relative direcotry[D:\gitsinnori\sinnori\project\sample_test][client_build/app_build/dist] was created successfully
4월 11, 2018 6:00:22 오후 kr.pe.sinnori.common.buildsystem.ProjectBuilder createAppBuildChildDirectories
정보: main project[sample_test]'s application build child direcotry creation task end
4월 11, 2018 6:00:22 오후 kr.pe.sinnori.common.buildsystem.ProjectBuilder createChildDirectories
정보: main project[sample_test]'s child direcotry creation task end
4월 11, 2018 6:00:22 오후 kr.pe.sinnori.common.buildsystem.ProjectBuilder createFiles
정보: main project[sample_test]'s file creation task start
4월 11, 2018 6:00:22 오후 kr.pe.sinnori.common.buildsystem.ProjectBuilder createNewSinnoriConfigFile
정보: main project[sample_test]'s config file creation task start
4월 11, 2018 6:00:22 오후 kr.pe.sinnori.common.util.SequencedPropertiesUtil createNewSequencedPropertiesFile
정보: the sequenced properties file[D:\gitsinnori\sinnori\project\sample_test\config\sinnori.properties] was created
4월 11, 2018 6:00:22 오후 kr.pe.sinnori.common.buildsystem.ProjectBuilder createNewSinnoriConfigFile
정보: main project[sample_test]'s config file creation task end
4월 11, 2018 6:00:22 오후 kr.pe.sinnori.common.buildsystem.ProjectBuilder copySampleFilesToResoruces
정보: the mainproject[sample_test]'s resources directory copy task start
4월 11, 2018 6:00:22 오후 kr.pe.sinnori.common.buildsystem.ProjectBuilder copySampleFilesToResoruces
정보: the mainproject[sample_test]'s resources directory copy task end
4월 11, 2018 6:00:22 오후 kr.pe.sinnori.common.buildsystem.ProjectBuilder createAppClientBuildSystemFiles
정보: mainproject[sample_test]'s application client build system files creation task start
4월 11, 2018 6:00:22 오후 kr.pe.sinnori.common.buildsystem.ProjectBuilder createNewAppClientAntBuildXMLFile
정보: main project[sample_test]'s application client ant build.xml file creation task start
4월 11, 2018 6:00:22 오후 kr.pe.sinnori.common.buildsystem.ProjectBuilder createNewAppClientAntBuildXMLFile
정보: main project[sample_test]'s application client ant build.xml file creation task end
4월 11, 2018 6:00:22 오후 kr.pe.sinnori.common.buildsystem.ProjectBuilder createNewAppClientDosShellFile
정보: main project[sample_test]'s application client dos shell file creation task start
4월 11, 2018 6:00:22 오후 kr.pe.sinnori.common.buildsystem.ProjectBuilder createNewAppClientDosShellFile
정보: main project[sample_test]'s application client dos shell file creation task end
4월 11, 2018 6:00:22 오후 kr.pe.sinnori.common.buildsystem.ProjectBuilder createNewAppClientUnixShellFile
정보: main project[sample_test]'s application client unix shell file creation task start
4월 11, 2018 6:00:22 오후 kr.pe.sinnori.common.buildsystem.ProjectBuilder createNewAppClientUnixShellFile
정보: main project[sample_test]'s application client unix shell file creation task end
4월 11, 2018 6:00:22 오후 kr.pe.sinnori.common.buildsystem.ProjectBuilder copyAppClientSampleFiles
정보: application client sample source files copy task start
4월 11, 2018 6:00:22 오후 kr.pe.sinnori.common.buildsystem.ProjectBuilder copyAppClientSampleFiles
정보: application client sample source files copy task end
4월 11, 2018 6:00:22 오후 kr.pe.sinnori.common.buildsystem.ProjectBuilder createNewAppClientAllMessageIOFileSet
정보: main project[sample_test]'s application client message io file set creation task start
4월 11, 2018 6:00:22 오후 kr.pe.sinnori.common.util.CommonStaticUtil createChildDirectoriesOfBasePath
정보: the new child relative direcotry[D:\gitsinnori\sinnori\project\sample_test\client_build\app_build\src\main\java\kr\pe\sinnori\impl\message][Echo] was created successfully
4월 11, 2018 6:00:22 오후 kr.pe.sinnori.common.buildsystem.ProjectBuilder createNewMessageSourceFile
정보: main project[sample_test]'s message file[Echo][D:\gitsinnori\sinnori\project\sample_test\client_build\app_build\src\main\java\kr\pe\sinnori\impl\message] creation task start
4월 11, 2018 6:00:22 오후 kr.pe.sinnori.common.buildsystem.ProjectBuilder createNewMessageSourceFile
정보: main project[sample_test]'s message file[Echo][D:\gitsinnori\sinnori\project\sample_test\client_build\app_build\src\main\java\kr\pe\sinnori\impl\message] creation task end
4월 11, 2018 6:00:22 오후 kr.pe.sinnori.common.buildsystem.ProjectBuilder createNewDecoderSourceFile
정보: main project[sample_test]'s message decoder file[Echo][D:\gitsinnori\sinnori\project\sample_test\client_build\app_build\src\main\java\kr\pe\sinnori\impl\message] creation task start
4월 11, 2018 6:00:22 오후 kr.pe.sinnori.common.buildsystem.ProjectBuilder createNewDecoderSourceFile
정보: main project[sample_test]'s message decoder file[Echo][D:\gitsinnori\sinnori\project\sample_test\client_build\app_build\src\main\java\kr\pe\sinnori\impl\message] creation task end
4월 11, 2018 6:00:22 오후 kr.pe.sinnori.common.buildsystem.ProjectBuilder createNewEncoderSourceFile
정보: main project[sample_test]'s message encoder file[Echo][D:\gitsinnori\sinnori\project\sample_test\client_build\app_build\src\main\java\kr\pe\sinnori\impl\message] creation task start
4월 11, 2018 6:00:22 오후 kr.pe.sinnori.common.buildsystem.ProjectBuilder createNewEncoderSourceFile
정보: main project[sample_test]'s message encoder file[Echo][D:\gitsinnori\sinnori\project\sample_test\client_build\app_build\src\main\java\kr\pe\sinnori\impl\message] creation task end
4월 11, 2018 6:00:22 오후 kr.pe.sinnori.common.buildsystem.ProjectBuilder createNewServerCodecSourceFile
정보: main project[sample_test]'s message server codec file[Echo][D:\gitsinnori\sinnori\project\sample_test\client_build\app_build\src\main\java\kr\pe\sinnori\impl\message] creation task start
4월 11, 2018 6:00:22 오후 kr.pe.sinnori.common.buildsystem.ProjectBuilder createNewServerCodecSourceFile
정보: main project[sample_test]'s message server codec file[Echo][D:\gitsinnori\sinnori\project\sample_test\client_build\app_build\src\main\java\kr\pe\sinnori\impl\message] creation task end
4월 11, 2018 6:00:22 오후 kr.pe.sinnori.common.buildsystem.ProjectBuilder createNewClientCodecSourceFile
정보: main project[sample_test]'s message client codec file[Echo][D:\gitsinnori\sinnori\project\sample_test\client_build\app_build\src\main\java\kr\pe\sinnori\impl\message] creation task start
4월 11, 2018 6:00:22 오후 kr.pe.sinnori.common.buildsystem.ProjectBuilder createNewClientCodecSourceFile
정보: main project[sample_test]'s message client codec file[Echo][D:\gitsinnori\sinnori\project\sample_test\client_build\app_build\src\main\java\kr\pe\sinnori\impl\message] creation task end
4월 11, 2018 6:00:22 오후 kr.pe.sinnori.common.util.CommonStaticUtil createChildDirectoriesOfBasePath
정보: the new child relative direcotry[D:\gitsinnori\sinnori\project\sample_test\client_build\app_build\src\main\java\kr\pe\sinnori\impl\message][PublicKeyReq] was created successfully
4월 11, 2018 6:00:22 오후 kr.pe.sinnori.common.buildsystem.ProjectBuilder createNewMessageSourceFile
정보: main project[sample_test]'s message file[PublicKeyReq][D:\gitsinnori\sinnori\project\sample_test\client_build\app_build\src\main\java\kr\pe\sinnori\impl\message] creation task start
4월 11, 2018 6:00:22 오후 kr.pe.sinnori.common.buildsystem.ProjectBuilder createNewMessageSourceFile
정보: main project[sample_test]'s message file[PublicKeyReq][D:\gitsinnori\sinnori\project\sample_test\client_build\app_build\src\main\java\kr\pe\sinnori\impl\message] creation task end
4월 11, 2018 6:00:22 오후 kr.pe.sinnori.common.buildsystem.ProjectBuilder createNewDecoderSourceFile
정보: main project[sample_test]'s message decoder file[PublicKeyReq][D:\gitsinnori\sinnori\project\sample_test\client_build\app_build\src\main\java\kr\pe\sinnori\impl\message] creation task start
4월 11, 2018 6:00:22 오후 kr.pe.sinnori.common.buildsystem.ProjectBuilder createNewDecoderSourceFile
정보: main project[sample_test]'s message decoder file[PublicKeyReq][D:\gitsinnori\sinnori\project\sample_test\client_build\app_build\src\main\java\kr\pe\sinnori\impl\message] creation task end
4월 11, 2018 6:00:22 오후 kr.pe.sinnori.common.buildsystem.ProjectBuilder createNewEncoderSourceFile
정보: main project[sample_test]'s message encoder file[PublicKeyReq][D:\gitsinnori\sinnori\project\sample_test\client_build\app_build\src\main\java\kr\pe\sinnori\impl\message] creation task start
4월 11, 2018 6:00:22 오후 kr.pe.sinnori.common.buildsystem.ProjectBuilder createNewEncoderSourceFile
정보: main project[sample_test]'s message encoder file[PublicKeyReq][D:\gitsinnori\sinnori\project\sample_test\client_build\app_build\src\main\java\kr\pe\sinnori\impl\message] creation task end
4월 11, 2018 6:00:22 오후 kr.pe.sinnori.common.buildsystem.ProjectBuilder createNewServerCodecSourceFile
정보: main project[sample_test]'s message server codec file[PublicKeyReq][D:\gitsinnori\sinnori\project\sample_test\client_build\app_build\src\main\java\kr\pe\sinnori\impl\message] creation task start
4월 11, 2018 6:00:22 오후 kr.pe.sinnori.common.buildsystem.ProjectBuilder createNewServerCodecSourceFile
정보: main project[sample_test]'s message server codec file[PublicKeyReq][D:\gitsinnori\sinnori\project\sample_test\client_build\app_build\src\main\java\kr\pe\sinnori\impl\message] creation task end
4월 11, 2018 6:00:22 오후 kr.pe.sinnori.common.buildsystem.ProjectBuilder createNewClientCodecSourceFile
정보: main project[sample_test]'s message client codec file[PublicKeyReq][D:\gitsinnori\sinnori\project\sample_test\client_build\app_build\src\main\java\kr\pe\sinnori\impl\message] creation task start
4월 11, 2018 6:00:22 오후 kr.pe.sinnori.common.buildsystem.ProjectBuilder createNewClientCodecSourceFile
정보: main project[sample_test]'s message client codec file[PublicKeyReq][D:\gitsinnori\sinnori\project\sample_test\client_build\app_build\src\main\java\kr\pe\sinnori\impl\message] creation task end
4월 11, 2018 6:00:22 오후 kr.pe.sinnori.common.util.CommonStaticUtil createChildDirectoriesOfBasePath
정보: the new child relative direcotry[D:\gitsinnori\sinnori\project\sample_test\client_build\app_build\src\main\java\kr\pe\sinnori\impl\message][PublicKeyRes] was created successfully
4월 11, 2018 6:00:22 오후 kr.pe.sinnori.common.buildsystem.ProjectBuilder createNewMessageSourceFile
정보: main project[sample_test]'s message file[PublicKeyRes][D:\gitsinnori\sinnori\project\sample_test\client_build\app_build\src\main\java\kr\pe\sinnori\impl\message] creation task start
4월 11, 2018 6:00:22 오후 kr.pe.sinnori.common.buildsystem.ProjectBuilder createNewMessageSourceFile
정보: main project[sample_test]'s message file[PublicKeyRes][D:\gitsinnori\sinnori\project\sample_test\client_build\app_build\src\main\java\kr\pe\sinnori\impl\message] creation task end
4월 11, 2018 6:00:22 오후 kr.pe.sinnori.common.buildsystem.ProjectBuilder createNewDecoderSourceFile
정보: main project[sample_test]'s message decoder file[PublicKeyRes][D:\gitsinnori\sinnori\project\sample_test\client_build\app_build\src\main\java\kr\pe\sinnori\impl\message] creation task start
4월 11, 2018 6:00:22 오후 kr.pe.sinnori.common.buildsystem.ProjectBuilder createNewDecoderSourceFile
정보: main project[sample_test]'s message decoder file[PublicKeyRes][D:\gitsinnori\sinnori\project\sample_test\client_build\app_build\src\main\java\kr\pe\sinnori\impl\message] creation task end
4월 11, 2018 6:00:22 오후 kr.pe.sinnori.common.buildsystem.ProjectBuilder createNewEncoderSourceFile
정보: main project[sample_test]'s message encoder file[PublicKeyRes][D:\gitsinnori\sinnori\project\sample_test\client_build\app_build\src\main\java\kr\pe\sinnori\impl\message] creation task start
4월 11, 2018 6:00:22 오후 kr.pe.sinnori.common.buildsystem.ProjectBuilder createNewEncoderSourceFile
정보: main project[sample_test]'s message encoder file[PublicKeyRes][D:\gitsinnori\sinnori\project\sample_test\client_build\app_build\src\main\java\kr\pe\sinnori\impl\message] creation task end
4월 11, 2018 6:00:22 오후 kr.pe.sinnori.common.buildsystem.ProjectBuilder createNewServerCodecSourceFile
정보: main project[sample_test]'s message server codec file[PublicKeyRes][D:\gitsinnori\sinnori\project\sample_test\client_build\app_build\src\main\java\kr\pe\sinnori\impl\message] creation task start
4월 11, 2018 6:00:22 오후 kr.pe.sinnori.common.buildsystem.ProjectBuilder createNewServerCodecSourceFile
정보: main project[sample_test]'s message server codec file[PublicKeyRes][D:\gitsinnori\sinnori\project\sample_test\client_build\app_build\src\main\java\kr\pe\sinnori\impl\message] creation task end
4월 11, 2018 6:00:22 오후 kr.pe.sinnori.common.buildsystem.ProjectBuilder createNewClientCodecSourceFile
정보: main project[sample_test]'s message client codec file[PublicKeyRes][D:\gitsinnori\sinnori\project\sample_test\client_build\app_build\src\main\java\kr\pe\sinnori\impl\message] creation task start
4월 11, 2018 6:00:22 오후 kr.pe.sinnori.common.buildsystem.ProjectBuilder createNewClientCodecSourceFile
정보: main project[sample_test]'s message client codec file[PublicKeyRes][D:\gitsinnori\sinnori\project\sample_test\client_build\app_build\src\main\java\kr\pe\sinnori\impl\message] creation task end
4월 11, 2018 6:00:22 오후 kr.pe.sinnori.common.buildsystem.ProjectBuilder createNewAppClientAllMessageIOFileSet
정보: main project[sample_test]'s application client message io file set creation task end
4월 11, 2018 6:00:22 오후 kr.pe.sinnori.common.buildsystem.ProjectBuilder createAppClientBuildSystemFiles
정보: mainproject[sample_test]'s application client build system files creation task end
4월 11, 2018 6:00:22 오후 kr.pe.sinnori.common.buildsystem.ProjectBuilder createFiles
정보: main project[sample_test]'s file creation task end
4월 11, 2018 6:00:22 오후 kr.pe.sinnori.common.config.SinnoriConfiguration convertSinnoriConfigSequencedPropertiesToAllPartItemsWithValidation
정보: item key[sessionkey.rsa.publickey.file.value]'s value is null because its status is inactive
4월 11, 2018 6:00:22 오후 kr.pe.sinnori.common.config.SinnoriConfiguration convertSinnoriConfigSequencedPropertiesToAllPartItemsWithValidation
정보: item key[sessionkey.rsa.privatekey.file.value]'s value is null because its status is inactive
4월 11, 2018 6:00:22 오후 kr.pe.sinnori.common.buildsystem.ProjectBuilder changeProjectState
정보: main project[sample_test] changeProjectState method start
4월 11, 2018 6:00:22 오후 kr.pe.sinnori.common.buildsystem.ProjectBuilder isValidServerAntBuildXMLFile
정보: the server ant build.xml file[D:\gitsinnori\sinnori\project\sample_test\server_build\build.xml] is bad :: whetherExist[false] isFile[false]
4월 11, 2018 6:00:22 오후 kr.pe.sinnori.common.buildsystem.ProjectBuilder changeProjectState
경고: the server buid.xml file[D:\gitsinnori\sinnori\project\sample_test\server_build\build.xml] is bad beacse it doesn't exist or is not a file, so skip deletion of server build system
4월 11, 2018 6:00:22 오후 kr.pe.sinnori.common.buildsystem.ProjectBuilder deleteAppClientBuildPath
정보: mainproject[sample_test]'s application client build path deletion task start
4월 11, 2018 6:00:22 오후 kr.pe.sinnori.common.buildsystem.ProjectBuilder deleteAppClientBuildPath
정보: mainproject[sample_test]'s application client build path deletion task end
4월 11, 2018 6:00:22 오후 kr.pe.sinnori.common.buildsystem.ProjectBuilder createWebBuildChildDirectories
정보: main project[sample_test]'s web build child direcotry creation task start
4월 11, 2018 6:00:22 오후 kr.pe.sinnori.common.util.CommonStaticUtil createChildDirectoriesOfBasePath
정보: the new child relative direcotry[D:\gitsinnori\sinnori\project\sample_test][client_build/web_build/corelib/ex] was created successfully
4월 11, 2018 6:00:22 오후 kr.pe.sinnori.common.util.CommonStaticUtil createChildDirectoriesOfBasePath
정보: the new child relative direcotry[D:\gitsinnori\sinnori\project\sample_test][client_build/web_build/corelib/in] was created successfully
4월 11, 2018 6:00:22 오후 kr.pe.sinnori.common.util.CommonStaticUtil createChildDirectoriesOfBasePath
정보: the new child relative direcotry[D:\gitsinnori\sinnori\project\sample_test][client_build/web_build/lib/main/ex] was created successfully
4월 11, 2018 6:00:22 오후 kr.pe.sinnori.common.util.CommonStaticUtil createChildDirectoriesOfBasePath
정보: the new child relative direcotry[D:\gitsinnori\sinnori\project\sample_test][client_build/web_build/lib/main/in] was created successfully
4월 11, 2018 6:00:22 오후 kr.pe.sinnori.common.util.CommonStaticUtil createChildDirectoriesOfBasePath
정보: the new child relative direcotry[D:\gitsinnori\sinnori\project\sample_test][client_build/web_build/lib/test] was created successfully
4월 11, 2018 6:00:22 오후 kr.pe.sinnori.common.util.CommonStaticUtil createChildDirectoriesOfBasePath
정보: the new child relative direcotry[D:\gitsinnori\sinnori\project\sample_test][client_build/web_build/src/main/java/kr/pe/sinnori/impl/message] was created successfully
4월 11, 2018 6:00:22 오후 kr.pe.sinnori.common.util.CommonStaticUtil createChildDirectoriesOfBasePath
정보: the new child relative direcotry[D:\gitsinnori\sinnori\project\sample_test][client_build/web_build/src/main/java//kr/pe/sinnori/servlet] was created successfully
4월 11, 2018 6:00:22 오후 kr.pe.sinnori.common.util.CommonStaticUtil createChildDirectoriesOfBasePath
정보: the new child relative direcotry[D:\gitsinnori\sinnori\project\sample_test][client_build/web_build/src/main/java/kr/pe/sinnori/weblib/common] was created successfully
4월 11, 2018 6:00:22 오후 kr.pe.sinnori.common.util.CommonStaticUtil createChildDirectoriesOfBasePath
정보: the new child relative direcotry[D:\gitsinnori\sinnori\project\sample_test][client_build/web_build/src/main/java/kr/pe/sinnori/weblib/htmlstring] was created successfully
4월 11, 2018 6:00:22 오후 kr.pe.sinnori.common.util.CommonStaticUtil createChildDirectoriesOfBasePath
정보: the new child relative direcotry[D:\gitsinnori\sinnori\project\sample_test][client_build/web_build/src/main/java/kr/pe/sinnori/weblib/jdf] was created successfully
4월 11, 2018 6:00:22 오후 kr.pe.sinnori.common.util.CommonStaticUtil createChildDirectoriesOfBasePath
정보: the new child relative direcotry[D:\gitsinnori\sinnori\project\sample_test][client_build/web_build/src/test/java] was created successfully
4월 11, 2018 6:00:22 오후 kr.pe.sinnori.common.util.CommonStaticUtil createChildDirectoriesOfBasePath
정보: the new child relative direcotry[D:\gitsinnori\sinnori\project\sample_test][client_build/web_build/build] was created successfully
4월 11, 2018 6:00:22 오후 kr.pe.sinnori.common.util.CommonStaticUtil createChildDirectoriesOfBasePath
정보: the new child relative direcotry[D:\gitsinnori\sinnori\project\sample_test][client_build/web_build/dist] was created successfully
4월 11, 2018 6:00:22 오후 kr.pe.sinnori.common.buildsystem.ProjectBuilder createWebBuildChildDirectories
정보: main project[sample_test]'s web build child direcotry creation task end
4월 11, 2018 6:00:22 오후 kr.pe.sinnori.common.buildsystem.ProjectBuilder createWebClientBuildSystemFiles
정보: main project[sample_test]'s web client build system files creation task start
4월 11, 2018 6:00:22 오후 kr.pe.sinnori.common.buildsystem.ProjectBuilder createNewWebClientAntBuildFile
정보: main project[sample_test]'s web client ant build.xml file creation task start
4월 11, 2018 6:00:22 오후 kr.pe.sinnori.common.buildsystem.ProjectBuilder createNewWebClientAntBuildFile
정보: main project[sample_test]'s web client ant build.xml file creation task end
4월 11, 2018 6:00:22 오후 kr.pe.sinnori.common.buildsystem.ProjectBuilder createNewWebClientAntPropertiesFile
정보: main project[sample_test]'s web client ant properties file creation task start
4월 11, 2018 6:00:22 오후 kr.pe.sinnori.common.util.SequencedPropertiesUtil createNewSequencedPropertiesFile
정보: the sequenced properties file[D:\gitsinnori\sinnori\project\sample_test\client_build\web_build\webAnt.properties] was created
4월 11, 2018 6:00:22 오후 kr.pe.sinnori.common.buildsystem.ProjectBuilder createNewWebClientAntPropertiesFile
정보: main project[sample_test]'s web client ant properties file creation task end
4월 11, 2018 6:00:22 오후 kr.pe.sinnori.common.buildsystem.ProjectBuilder createNewWebClientMessageIOFileSet
정보: main project[sample_test]'s web client message io file set creation task start
4월 11, 2018 6:00:22 오후 kr.pe.sinnori.common.util.CommonStaticUtil createChildDirectoriesOfBasePath
정보: the new child relative direcotry[D:\gitsinnori\sinnori\project\sample_test\client_build\web_build\src\main\java\kr\pe\sinnori\impl\message][Echo] was created successfully
4월 11, 2018 6:00:22 오후 kr.pe.sinnori.common.buildsystem.ProjectBuilder createNewMessageSourceFile
정보: main project[sample_test]'s message file[Echo][D:\gitsinnori\sinnori\project\sample_test\client_build\web_build\src\main\java\kr\pe\sinnori\impl\message] creation task start
4월 11, 2018 6:00:23 오후 kr.pe.sinnori.common.buildsystem.ProjectBuilder createNewMessageSourceFile
정보: main project[sample_test]'s message file[Echo][D:\gitsinnori\sinnori\project\sample_test\client_build\web_build\src\main\java\kr\pe\sinnori\impl\message] creation task end
4월 11, 2018 6:00:23 오후 kr.pe.sinnori.common.buildsystem.ProjectBuilder createNewDecoderSourceFile
정보: main project[sample_test]'s message decoder file[Echo][D:\gitsinnori\sinnori\project\sample_test\client_build\web_build\src\main\java\kr\pe\sinnori\impl\message] creation task start
4월 11, 2018 6:00:23 오후 kr.pe.sinnori.common.buildsystem.ProjectBuilder createNewDecoderSourceFile
정보: main project[sample_test]'s message decoder file[Echo][D:\gitsinnori\sinnori\project\sample_test\client_build\web_build\src\main\java\kr\pe\sinnori\impl\message] creation task end
4월 11, 2018 6:00:23 오후 kr.pe.sinnori.common.buildsystem.ProjectBuilder createNewEncoderSourceFile
정보: main project[sample_test]'s message encoder file[Echo][D:\gitsinnori\sinnori\project\sample_test\client_build\web_build\src\main\java\kr\pe\sinnori\impl\message] creation task start
4월 11, 2018 6:00:23 오후 kr.pe.sinnori.common.buildsystem.ProjectBuilder createNewEncoderSourceFile
정보: main project[sample_test]'s message encoder file[Echo][D:\gitsinnori\sinnori\project\sample_test\client_build\web_build\src\main\java\kr\pe\sinnori\impl\message] creation task end
4월 11, 2018 6:00:23 오후 kr.pe.sinnori.common.buildsystem.ProjectBuilder createNewServerCodecSourceFile
정보: main project[sample_test]'s message server codec file[Echo][D:\gitsinnori\sinnori\project\sample_test\client_build\web_build\src\main\java\kr\pe\sinnori\impl\message] creation task start
4월 11, 2018 6:00:23 오후 kr.pe.sinnori.common.buildsystem.ProjectBuilder createNewServerCodecSourceFile
정보: main project[sample_test]'s message server codec file[Echo][D:\gitsinnori\sinnori\project\sample_test\client_build\web_build\src\main\java\kr\pe\sinnori\impl\message] creation task end
4월 11, 2018 6:00:23 오후 kr.pe.sinnori.common.buildsystem.ProjectBuilder createNewClientCodecSourceFile
정보: main project[sample_test]'s message client codec file[Echo][D:\gitsinnori\sinnori\project\sample_test\client_build\web_build\src\main\java\kr\pe\sinnori\impl\message] creation task start
4월 11, 2018 6:00:23 오후 kr.pe.sinnori.common.buildsystem.ProjectBuilder createNewClientCodecSourceFile
정보: main project[sample_test]'s message client codec file[Echo][D:\gitsinnori\sinnori\project\sample_test\client_build\web_build\src\main\java\kr\pe\sinnori\impl\message] creation task end
4월 11, 2018 6:00:23 오후 kr.pe.sinnori.common.util.CommonStaticUtil createChildDirectoriesOfBasePath
정보: the new child relative direcotry[D:\gitsinnori\sinnori\project\sample_test\client_build\web_build\src\main\java\kr\pe\sinnori\impl\message][PublicKeyReq] was created successfully
4월 11, 2018 6:00:23 오후 kr.pe.sinnori.common.buildsystem.ProjectBuilder createNewMessageSourceFile
정보: main project[sample_test]'s message file[PublicKeyReq][D:\gitsinnori\sinnori\project\sample_test\client_build\web_build\src\main\java\kr\pe\sinnori\impl\message] creation task start
4월 11, 2018 6:00:23 오후 kr.pe.sinnori.common.buildsystem.ProjectBuilder createNewMessageSourceFile
정보: main project[sample_test]'s message file[PublicKeyReq][D:\gitsinnori\sinnori\project\sample_test\client_build\web_build\src\main\java\kr\pe\sinnori\impl\message] creation task end
4월 11, 2018 6:00:23 오후 kr.pe.sinnori.common.buildsystem.ProjectBuilder createNewDecoderSourceFile
정보: main project[sample_test]'s message decoder file[PublicKeyReq][D:\gitsinnori\sinnori\project\sample_test\client_build\web_build\src\main\java\kr\pe\sinnori\impl\message] creation task start
4월 11, 2018 6:00:23 오후 kr.pe.sinnori.common.buildsystem.ProjectBuilder createNewDecoderSourceFile
정보: main project[sample_test]'s message decoder file[PublicKeyReq][D:\gitsinnori\sinnori\project\sample_test\client_build\web_build\src\main\java\kr\pe\sinnori\impl\message] creation task end
4월 11, 2018 6:00:23 오후 kr.pe.sinnori.common.buildsystem.ProjectBuilder createNewEncoderSourceFile
정보: main project[sample_test]'s message encoder file[PublicKeyReq][D:\gitsinnori\sinnori\project\sample_test\client_build\web_build\src\main\java\kr\pe\sinnori\impl\message] creation task start
4월 11, 2018 6:00:23 오후 kr.pe.sinnori.common.buildsystem.ProjectBuilder createNewEncoderSourceFile
정보: main project[sample_test]'s message encoder file[PublicKeyReq][D:\gitsinnori\sinnori\project\sample_test\client_build\web_build\src\main\java\kr\pe\sinnori\impl\message] creation task end
4월 11, 2018 6:00:23 오후 kr.pe.sinnori.common.buildsystem.ProjectBuilder createNewServerCodecSourceFile
정보: main project[sample_test]'s message server codec file[PublicKeyReq][D:\gitsinnori\sinnori\project\sample_test\client_build\web_build\src\main\java\kr\pe\sinnori\impl\message] creation task start
4월 11, 2018 6:00:23 오후 kr.pe.sinnori.common.buildsystem.ProjectBuilder createNewServerCodecSourceFile
정보: main project[sample_test]'s message server codec file[PublicKeyReq][D:\gitsinnori\sinnori\project\sample_test\client_build\web_build\src\main\java\kr\pe\sinnori\impl\message] creation task end
4월 11, 2018 6:00:23 오후 kr.pe.sinnori.common.buildsystem.ProjectBuilder createNewClientCodecSourceFile
정보: main project[sample_test]'s message client codec file[PublicKeyReq][D:\gitsinnori\sinnori\project\sample_test\client_build\web_build\src\main\java\kr\pe\sinnori\impl\message] creation task start
4월 11, 2018 6:00:23 오후 kr.pe.sinnori.common.buildsystem.ProjectBuilder createNewClientCodecSourceFile
정보: main project[sample_test]'s message client codec file[PublicKeyReq][D:\gitsinnori\sinnori\project\sample_test\client_build\web_build\src\main\java\kr\pe\sinnori\impl\message] creation task end
4월 11, 2018 6:00:23 오후 kr.pe.sinnori.common.util.CommonStaticUtil createChildDirectoriesOfBasePath
정보: the new child relative direcotry[D:\gitsinnori\sinnori\project\sample_test\client_build\web_build\src\main\java\kr\pe\sinnori\impl\message][PublicKeyRes] was created successfully
4월 11, 2018 6:00:23 오후 kr.pe.sinnori.common.buildsystem.ProjectBuilder createNewMessageSourceFile
정보: main project[sample_test]'s message file[PublicKeyRes][D:\gitsinnori\sinnori\project\sample_test\client_build\web_build\src\main\java\kr\pe\sinnori\impl\message] creation task start
4월 11, 2018 6:00:23 오후 kr.pe.sinnori.common.buildsystem.ProjectBuilder createNewMessageSourceFile
정보: main project[sample_test]'s message file[PublicKeyRes][D:\gitsinnori\sinnori\project\sample_test\client_build\web_build\src\main\java\kr\pe\sinnori\impl\message] creation task end
4월 11, 2018 6:00:23 오후 kr.pe.sinnori.common.buildsystem.ProjectBuilder createNewDecoderSourceFile
정보: main project[sample_test]'s message decoder file[PublicKeyRes][D:\gitsinnori\sinnori\project\sample_test\client_build\web_build\src\main\java\kr\pe\sinnori\impl\message] creation task start
4월 11, 2018 6:00:23 오후 kr.pe.sinnori.common.buildsystem.ProjectBuilder createNewDecoderSourceFile
정보: main project[sample_test]'s message decoder file[PublicKeyRes][D:\gitsinnori\sinnori\project\sample_test\client_build\web_build\src\main\java\kr\pe\sinnori\impl\message] creation task end
4월 11, 2018 6:00:23 오후 kr.pe.sinnori.common.buildsystem.ProjectBuilder createNewEncoderSourceFile
정보: main project[sample_test]'s message encoder file[PublicKeyRes][D:\gitsinnori\sinnori\project\sample_test\client_build\web_build\src\main\java\kr\pe\sinnori\impl\message] creation task start
4월 11, 2018 6:00:23 오후 kr.pe.sinnori.common.buildsystem.ProjectBuilder createNewEncoderSourceFile
정보: main project[sample_test]'s message encoder file[PublicKeyRes][D:\gitsinnori\sinnori\project\sample_test\client_build\web_build\src\main\java\kr\pe\sinnori\impl\message] creation task end
4월 11, 2018 6:00:23 오후 kr.pe.sinnori.common.buildsystem.ProjectBuilder createNewServerCodecSourceFile
정보: main project[sample_test]'s message server codec file[PublicKeyRes][D:\gitsinnori\sinnori\project\sample_test\client_build\web_build\src\main\java\kr\pe\sinnori\impl\message] creation task start
4월 11, 2018 6:00:23 오후 kr.pe.sinnori.common.buildsystem.ProjectBuilder createNewServerCodecSourceFile
정보: main project[sample_test]'s message server codec file[PublicKeyRes][D:\gitsinnori\sinnori\project\sample_test\client_build\web_build\src\main\java\kr\pe\sinnori\impl\message] creation task end
4월 11, 2018 6:00:23 오후 kr.pe.sinnori.common.buildsystem.ProjectBuilder createNewClientCodecSourceFile
정보: main project[sample_test]'s message client codec file[PublicKeyRes][D:\gitsinnori\sinnori\project\sample_test\client_build\web_build\src\main\java\kr\pe\sinnori\impl\message] creation task start
4월 11, 2018 6:00:23 오후 kr.pe.sinnori.common.buildsystem.ProjectBuilder createNewClientCodecSourceFile
정보: main project[sample_test]'s message client codec file[PublicKeyRes][D:\gitsinnori\sinnori\project\sample_test\client_build\web_build\src\main\java\kr\pe\sinnori\impl\message] creation task end
4월 11, 2018 6:00:23 오후 kr.pe.sinnori.common.buildsystem.ProjectBuilder createNewWebClientMessageIOFileSet
정보: main project[sample_test]'s web client message io file set creation task end
4월 11, 2018 6:00:23 오후 kr.pe.sinnori.common.buildsystem.ProjectBuilder copyWebClientSampleFiles
정보: mainproject[sample_test]'s web client sample source files copy task start
4월 11, 2018 6:00:23 오후 kr.pe.sinnori.common.buildsystem.ProjectBuilder copyWebClientSampleFiles
정보: mainproject[sample_test]'s web client sample source files copy task end
4월 11, 2018 6:00:23 오후 kr.pe.sinnori.common.buildsystem.ProjectBuilder createWebClientBuildSystemFiles
정보: main project[sample_test]'s web client build system files creation task end
4월 11, 2018 6:00:23 오후 kr.pe.sinnori.common.buildsystem.ProjectBuilder createWebRootChildDirectories
정보: main project[sample_test]'s web root child direcotry creation task start
4월 11, 2018 6:00:23 오후 kr.pe.sinnori.common.util.CommonStaticUtil createChildDirectoriesOfBasePath
정보: the new child relative direcotry[D:\gitsinnori\sinnori\project\sample_test][web_app_base/upload] was created successfully
4월 11, 2018 6:00:23 오후 kr.pe.sinnori.common.util.CommonStaticUtil createChildDirectoriesOfBasePath
정보: the new child relative direcotry[D:\gitsinnori\sinnori\project\sample_test][web_app_base/ROOT/WEB-INF/classes] was created successfully
4월 11, 2018 6:00:23 오후 kr.pe.sinnori.common.util.CommonStaticUtil createChildDirectoriesOfBasePath
정보: the new child relative direcotry[D:\gitsinnori\sinnori\project\sample_test][web_app_base/ROOT/WEB-INF/lib] was created successfully
4월 11, 2018 6:00:23 오후 kr.pe.sinnori.common.buildsystem.ProjectBuilder createWebRootChildDirectories
정보: main project[sample_test]'s web root child direcotry creation task end
4월 11, 2018 6:00:23 오후 kr.pe.sinnori.common.buildsystem.ProjectBuilder createWebRootSampleFiles
정보: main project[sample_test]'s web root sample files creation task start
4월 11, 2018 6:00:23 오후 kr.pe.sinnori.common.buildsystem.ProjectBuilder copyWebRootSampleFiles
정보: main project[sample_test]'s web root sample files copy task start
4월 11, 2018 6:00:23 오후 kr.pe.sinnori.common.buildsystem.ProjectBuilder copyWebRootSampleFiles
정보: main project[sample_test]'s web root sample files copy task end
4월 11, 2018 6:00:23 오후 kr.pe.sinnori.common.buildsystem.ProjectBuilder createWebRootSampleFiles
정보: main project[sample_test]'s web root sample files creation task end
4월 11, 2018 6:00:23 오후 kr.pe.sinnori.common.buildsystem.ProjectBuilder overwriteSinnoriConfigFile
정보: main project[sample_test]'s config file overwrite task start
4월 11, 2018 6:00:23 오후 kr.pe.sinnori.common.buildsystem.ProjectBuilder overwriteSinnoriConfigFile
정보: main project[sample_test]'s config file overwrite task end
4월 11, 2018 6:00:23 오후 kr.pe.sinnori.common.buildsystem.ProjectBuilder changeProjectState
정보: main project[sample_test] changeProjectState method end
4월 11, 2018 6:00:23 오후 kr.pe.sinnori.common.buildsystem.ProjectBuilder isValidServerAntBuildXMLFile
정보: the server ant build.xml file[D:\gitsinnori\sinnori\project\sample_test\server_build\build.xml] is bad :: whetherExist[false] isFile[false]
4월 11, 2018 6:00:23 오후 kr.pe.sinnori.common.buildsystem.ProjectBuilder isValidAppClientAntBuildXMLFile
정보: the app client ant build.xml file[D:\gitsinnori\sinnori\project\sample_test\client_build\app_build\build.xml] is bad :: whetherExist[false] isFile[false]
4월 11, 2018 6:00:23 오후 kr.pe.sinnori.common.buildsystem.ProjectBuilder changeProjectState
정보: main project[sample_test] changeProjectState method start
4월 11, 2018 6:00:23 오후 kr.pe.sinnori.common.buildsystem.ProjectBuilder isValidServerAntBuildXMLFile
정보: the server ant build.xml file[D:\gitsinnori\sinnori\project\sample_test\server_build\build.xml] is bad :: whetherExist[false] isFile[false]
4월 11, 2018 6:00:23 오후 kr.pe.sinnori.common.buildsystem.ProjectBuilder changeProjectState
경고: the server buid.xml file[D:\gitsinnori\sinnori\project\sample_test\server_build\build.xml] is bad beacse it doesn't exist or is not a file, so skip deletion of server build system
4월 11, 2018 6:00:23 오후 kr.pe.sinnori.common.buildsystem.ProjectBuilder createAppBuildChildDirectories
정보: main project[sample_test]'s application build child direcotry creation task start
4월 11, 2018 6:00:23 오후 kr.pe.sinnori.common.util.CommonStaticUtil createChildDirectoriesOfBasePath
정보: the new child relative direcotry[D:\gitsinnori\sinnori\project\sample_test][client_build/app_build/corelib/ex] was created successfully
4월 11, 2018 6:00:23 오후 kr.pe.sinnori.common.util.CommonStaticUtil createChildDirectoriesOfBasePath
정보: the new child relative direcotry[D:\gitsinnori\sinnori\project\sample_test][client_build/app_build/corelib/in] was created successfully
4월 11, 2018 6:00:23 오후 kr.pe.sinnori.common.util.CommonStaticUtil createChildDirectoriesOfBasePath
정보: the new child relative direcotry[D:\gitsinnori\sinnori\project\sample_test][client_build/app_build/lib/main/ex] was created successfully
4월 11, 2018 6:00:23 오후 kr.pe.sinnori.common.util.CommonStaticUtil createChildDirectoriesOfBasePath
정보: the new child relative direcotry[D:\gitsinnori\sinnori\project\sample_test][client_build/app_build/lib/main/in] was created successfully
4월 11, 2018 6:00:23 오후 kr.pe.sinnori.common.util.CommonStaticUtil createChildDirectoriesOfBasePath
정보: the new child relative direcotry[D:\gitsinnori\sinnori\project\sample_test][client_build/app_build/lib/test] was created successfully
4월 11, 2018 6:00:23 오후 kr.pe.sinnori.common.util.CommonStaticUtil createChildDirectoriesOfBasePath
정보: the new child relative direcotry[D:\gitsinnori\sinnori\project\sample_test][client_build/app_build/src/main/java/kr/pe/sinnori/impl/message] was created successfully
4월 11, 2018 6:00:23 오후 kr.pe.sinnori.common.util.CommonStaticUtil createChildDirectoriesOfBasePath
정보: the new child relative direcotry[D:\gitsinnori\sinnori\project\sample_test][client_build/app_build/src/main/java/main] was created successfully
4월 11, 2018 6:00:23 오후 kr.pe.sinnori.common.util.CommonStaticUtil createChildDirectoriesOfBasePath
정보: the new child relative direcotry[D:\gitsinnori\sinnori\project\sample_test][client_build/app_build/src/test/java] was created successfully
4월 11, 2018 6:00:23 오후 kr.pe.sinnori.common.util.CommonStaticUtil createChildDirectoriesOfBasePath
정보: the new child relative direcotry[D:\gitsinnori\sinnori\project\sample_test][client_build/app_build/build] was created successfully
4월 11, 2018 6:00:23 오후 kr.pe.sinnori.common.util.CommonStaticUtil createChildDirectoriesOfBasePath
정보: the new child relative direcotry[D:\gitsinnori\sinnori\project\sample_test][client_build/app_build/dist] was created successfully
4월 11, 2018 6:00:23 오후 kr.pe.sinnori.common.buildsystem.ProjectBuilder createAppBuildChildDirectories
정보: main project[sample_test]'s application build child direcotry creation task end
4월 11, 2018 6:00:23 오후 kr.pe.sinnori.common.buildsystem.ProjectBuilder createAppClientBuildSystemFiles
정보: mainproject[sample_test]'s application client build system files creation task start
4월 11, 2018 6:00:23 오후 kr.pe.sinnori.common.buildsystem.ProjectBuilder createNewAppClientAntBuildXMLFile
정보: main project[sample_test]'s application client ant build.xml file creation task start
4월 11, 2018 6:00:23 오후 kr.pe.sinnori.common.buildsystem.ProjectBuilder createNewAppClientAntBuildXMLFile
정보: main project[sample_test]'s application client ant build.xml file creation task end
4월 11, 2018 6:00:23 오후 kr.pe.sinnori.common.buildsystem.ProjectBuilder createNewAppClientDosShellFile
정보: main project[sample_test]'s application client dos shell file creation task start
4월 11, 2018 6:00:23 오후 kr.pe.sinnori.common.buildsystem.ProjectBuilder createNewAppClientDosShellFile
정보: main project[sample_test]'s application client dos shell file creation task end
4월 11, 2018 6:00:23 오후 kr.pe.sinnori.common.buildsystem.ProjectBuilder createNewAppClientUnixShellFile
정보: main project[sample_test]'s application client unix shell file creation task start
4월 11, 2018 6:00:23 오후 kr.pe.sinnori.common.buildsystem.ProjectBuilder createNewAppClientUnixShellFile
정보: main project[sample_test]'s application client unix shell file creation task end
4월 11, 2018 6:00:23 오후 kr.pe.sinnori.common.buildsystem.ProjectBuilder copyAppClientSampleFiles
정보: application client sample source files copy task start
4월 11, 2018 6:00:23 오후 kr.pe.sinnori.common.buildsystem.ProjectBuilder copyAppClientSampleFiles
정보: application client sample source files copy task end
4월 11, 2018 6:00:23 오후 kr.pe.sinnori.common.buildsystem.ProjectBuilder createNewAppClientAllMessageIOFileSet
정보: main project[sample_test]'s application client message io file set creation task start
4월 11, 2018 6:00:23 오후 kr.pe.sinnori.common.util.CommonStaticUtil createChildDirectoriesOfBasePath
정보: the new child relative direcotry[D:\gitsinnori\sinnori\project\sample_test\client_build\app_build\src\main\java\kr\pe\sinnori\impl\message][Echo] was created successfully
4월 11, 2018 6:00:23 오후 kr.pe.sinnori.common.buildsystem.ProjectBuilder createNewMessageSourceFile
정보: main project[sample_test]'s message file[Echo][D:\gitsinnori\sinnori\project\sample_test\client_build\app_build\src\main\java\kr\pe\sinnori\impl\message] creation task start
4월 11, 2018 6:00:23 오후 kr.pe.sinnori.common.buildsystem.ProjectBuilder createNewMessageSourceFile
정보: main project[sample_test]'s message file[Echo][D:\gitsinnori\sinnori\project\sample_test\client_build\app_build\src\main\java\kr\pe\sinnori\impl\message] creation task end
4월 11, 2018 6:00:23 오후 kr.pe.sinnori.common.buildsystem.ProjectBuilder createNewDecoderSourceFile
정보: main project[sample_test]'s message decoder file[Echo][D:\gitsinnori\sinnori\project\sample_test\client_build\app_build\src\main\java\kr\pe\sinnori\impl\message] creation task start
4월 11, 2018 6:00:23 오후 kr.pe.sinnori.common.buildsystem.ProjectBuilder createNewDecoderSourceFile
정보: main project[sample_test]'s message decoder file[Echo][D:\gitsinnori\sinnori\project\sample_test\client_build\app_build\src\main\java\kr\pe\sinnori\impl\message] creation task end
4월 11, 2018 6:00:23 오후 kr.pe.sinnori.common.buildsystem.ProjectBuilder createNewEncoderSourceFile
정보: main project[sample_test]'s message encoder file[Echo][D:\gitsinnori\sinnori\project\sample_test\client_build\app_build\src\main\java\kr\pe\sinnori\impl\message] creation task start
4월 11, 2018 6:00:23 오후 kr.pe.sinnori.common.buildsystem.ProjectBuilder createNewEncoderSourceFile
정보: main project[sample_test]'s message encoder file[Echo][D:\gitsinnori\sinnori\project\sample_test\client_build\app_build\src\main\java\kr\pe\sinnori\impl\message] creation task end
4월 11, 2018 6:00:23 오후 kr.pe.sinnori.common.buildsystem.ProjectBuilder createNewServerCodecSourceFile
정보: main project[sample_test]'s message server codec file[Echo][D:\gitsinnori\sinnori\project\sample_test\client_build\app_build\src\main\java\kr\pe\sinnori\impl\message] creation task start
4월 11, 2018 6:00:23 오후 kr.pe.sinnori.common.buildsystem.ProjectBuilder createNewServerCodecSourceFile
정보: main project[sample_test]'s message server codec file[Echo][D:\gitsinnori\sinnori\project\sample_test\client_build\app_build\src\main\java\kr\pe\sinnori\impl\message] creation task end
4월 11, 2018 6:00:23 오후 kr.pe.sinnori.common.buildsystem.ProjectBuilder createNewClientCodecSourceFile
정보: main project[sample_test]'s message client codec file[Echo][D:\gitsinnori\sinnori\project\sample_test\client_build\app_build\src\main\java\kr\pe\sinnori\impl\message] creation task start
4월 11, 2018 6:00:23 오후 kr.pe.sinnori.common.buildsystem.ProjectBuilder createNewClientCodecSourceFile
정보: main project[sample_test]'s message client codec file[Echo][D:\gitsinnori\sinnori\project\sample_test\client_build\app_build\src\main\java\kr\pe\sinnori\impl\message] creation task end
4월 11, 2018 6:00:23 오후 kr.pe.sinnori.common.util.CommonStaticUtil createChildDirectoriesOfBasePath
정보: the new child relative direcotry[D:\gitsinnori\sinnori\project\sample_test\client_build\app_build\src\main\java\kr\pe\sinnori\impl\message][PublicKeyReq] was created successfully
4월 11, 2018 6:00:23 오후 kr.pe.sinnori.common.buildsystem.ProjectBuilder createNewMessageSourceFile
정보: main project[sample_test]'s message file[PublicKeyReq][D:\gitsinnori\sinnori\project\sample_test\client_build\app_build\src\main\java\kr\pe\sinnori\impl\message] creation task start
4월 11, 2018 6:00:23 오후 kr.pe.sinnori.common.buildsystem.ProjectBuilder createNewMessageSourceFile
정보: main project[sample_test]'s message file[PublicKeyReq][D:\gitsinnori\sinnori\project\sample_test\client_build\app_build\src\main\java\kr\pe\sinnori\impl\message] creation task end
4월 11, 2018 6:00:23 오후 kr.pe.sinnori.common.buildsystem.ProjectBuilder createNewDecoderSourceFile
정보: main project[sample_test]'s message decoder file[PublicKeyReq][D:\gitsinnori\sinnori\project\sample_test\client_build\app_build\src\main\java\kr\pe\sinnori\impl\message] creation task start
4월 11, 2018 6:00:23 오후 kr.pe.sinnori.common.buildsystem.ProjectBuilder createNewDecoderSourceFile
정보: main project[sample_test]'s message decoder file[PublicKeyReq][D:\gitsinnori\sinnori\project\sample_test\client_build\app_build\src\main\java\kr\pe\sinnori\impl\message] creation task end
4월 11, 2018 6:00:23 오후 kr.pe.sinnori.common.buildsystem.ProjectBuilder createNewEncoderSourceFile
정보: main project[sample_test]'s message encoder file[PublicKeyReq][D:\gitsinnori\sinnori\project\sample_test\client_build\app_build\src\main\java\kr\pe\sinnori\impl\message] creation task start
4월 11, 2018 6:00:23 오후 kr.pe.sinnori.common.buildsystem.ProjectBuilder createNewEncoderSourceFile
정보: main project[sample_test]'s message encoder file[PublicKeyReq][D:\gitsinnori\sinnori\project\sample_test\client_build\app_build\src\main\java\kr\pe\sinnori\impl\message] creation task end
4월 11, 2018 6:00:23 오후 kr.pe.sinnori.common.buildsystem.ProjectBuilder createNewServerCodecSourceFile
정보: main project[sample_test]'s message server codec file[PublicKeyReq][D:\gitsinnori\sinnori\project\sample_test\client_build\app_build\src\main\java\kr\pe\sinnori\impl\message] creation task start
4월 11, 2018 6:00:23 오후 kr.pe.sinnori.common.buildsystem.ProjectBuilder createNewServerCodecSourceFile
정보: main project[sample_test]'s message server codec file[PublicKeyReq][D:\gitsinnori\sinnori\project\sample_test\client_build\app_build\src\main\java\kr\pe\sinnori\impl\message] creation task end
4월 11, 2018 6:00:23 오후 kr.pe.sinnori.common.buildsystem.ProjectBuilder createNewClientCodecSourceFile
정보: main project[sample_test]'s message client codec file[PublicKeyReq][D:\gitsinnori\sinnori\project\sample_test\client_build\app_build\src\main\java\kr\pe\sinnori\impl\message] creation task start
4월 11, 2018 6:00:23 오후 kr.pe.sinnori.common.buildsystem.ProjectBuilder createNewClientCodecSourceFile
정보: main project[sample_test]'s message client codec file[PublicKeyReq][D:\gitsinnori\sinnori\project\sample_test\client_build\app_build\src\main\java\kr\pe\sinnori\impl\message] creation task end
4월 11, 2018 6:00:23 오후 kr.pe.sinnori.common.util.CommonStaticUtil createChildDirectoriesOfBasePath
정보: the new child relative direcotry[D:\gitsinnori\sinnori\project\sample_test\client_build\app_build\src\main\java\kr\pe\sinnori\impl\message][PublicKeyRes] was created successfully
4월 11, 2018 6:00:23 오후 kr.pe.sinnori.common.buildsystem.ProjectBuilder createNewMessageSourceFile
정보: main project[sample_test]'s message file[PublicKeyRes][D:\gitsinnori\sinnori\project\sample_test\client_build\app_build\src\main\java\kr\pe\sinnori\impl\message] creation task start
4월 11, 2018 6:00:23 오후 kr.pe.sinnori.common.buildsystem.ProjectBuilder createNewMessageSourceFile
정보: main project[sample_test]'s message file[PublicKeyRes][D:\gitsinnori\sinnori\project\sample_test\client_build\app_build\src\main\java\kr\pe\sinnori\impl\message] creation task end
4월 11, 2018 6:00:23 오후 kr.pe.sinnori.common.buildsystem.ProjectBuilder createNewDecoderSourceFile
정보: main project[sample_test]'s message decoder file[PublicKeyRes][D:\gitsinnori\sinnori\project\sample_test\client_build\app_build\src\main\java\kr\pe\sinnori\impl\message] creation task start
4월 11, 2018 6:00:23 오후 kr.pe.sinnori.common.buildsystem.ProjectBuilder createNewDecoderSourceFile
정보: main project[sample_test]'s message decoder file[PublicKeyRes][D:\gitsinnori\sinnori\project\sample_test\client_build\app_build\src\main\java\kr\pe\sinnori\impl\message] creation task end
4월 11, 2018 6:00:23 오후 kr.pe.sinnori.common.buildsystem.ProjectBuilder createNewEncoderSourceFile
정보: main project[sample_test]'s message encoder file[PublicKeyRes][D:\gitsinnori\sinnori\project\sample_test\client_build\app_build\src\main\java\kr\pe\sinnori\impl\message] creation task start
4월 11, 2018 6:00:23 오후 kr.pe.sinnori.common.buildsystem.ProjectBuilder createNewEncoderSourceFile
정보: main project[sample_test]'s message encoder file[PublicKeyRes][D:\gitsinnori\sinnori\project\sample_test\client_build\app_build\src\main\java\kr\pe\sinnori\impl\message] creation task end
4월 11, 2018 6:00:23 오후 kr.pe.sinnori.common.buildsystem.ProjectBuilder createNewServerCodecSourceFile
정보: main project[sample_test]'s message server codec file[PublicKeyRes][D:\gitsinnori\sinnori\project\sample_test\client_build\app_build\src\main\java\kr\pe\sinnori\impl\message] creation task start
4월 11, 2018 6:00:23 오후 kr.pe.sinnori.common.buildsystem.ProjectBuilder createNewServerCodecSourceFile
정보: main project[sample_test]'s message server codec file[PublicKeyRes][D:\gitsinnori\sinnori\project\sample_test\client_build\app_build\src\main\java\kr\pe\sinnori\impl\message] creation task end
4월 11, 2018 6:00:23 오후 kr.pe.sinnori.common.buildsystem.ProjectBuilder createNewClientCodecSourceFile
정보: main project[sample_test]'s message client codec file[PublicKeyRes][D:\gitsinnori\sinnori\project\sample_test\client_build\app_build\src\main\java\kr\pe\sinnori\impl\message] creation task start
4월 11, 2018 6:00:23 오후 kr.pe.sinnori.common.buildsystem.ProjectBuilder createNewClientCodecSourceFile
정보: main project[sample_test]'s message client codec file[PublicKeyRes][D:\gitsinnori\sinnori\project\sample_test\client_build\app_build\src\main\java\kr\pe\sinnori\impl\message] creation task end
4월 11, 2018 6:00:23 오후 kr.pe.sinnori.common.buildsystem.ProjectBuilder createNewAppClientAllMessageIOFileSet
정보: main project[sample_test]'s application client message io file set creation task end
4월 11, 2018 6:00:23 오후 kr.pe.sinnori.common.buildsystem.ProjectBuilder createAppClientBuildSystemFiles
정보: mainproject[sample_test]'s application client build system files creation task end
4월 11, 2018 6:00:23 오후 kr.pe.sinnori.common.buildsystem.ProjectBuilder deleteWebCientBuildPath
정보: main project[sample_test]'s web client build path deletion task start
4월 11, 2018 6:00:23 오후 kr.pe.sinnori.common.buildsystem.ProjectBuilder deleteWebCientBuildPath
정보: main project[sample_test]'s web client build path deletion task end
4월 11, 2018 6:00:23 오후 kr.pe.sinnori.common.buildsystem.ProjectBuilder deleteWebRoot
정보: main project[sample_test]'s web root path deletion task start
4월 11, 2018 6:00:23 오후 kr.pe.sinnori.common.buildsystem.ProjectBuilder deleteWebRoot
정보: main project[sample_test]'s web root path deletion task end
4월 11, 2018 6:00:23 오후 kr.pe.sinnori.common.buildsystem.ProjectBuilder overwriteSinnoriConfigFile
정보: main project[sample_test]'s config file overwrite task start
4월 11, 2018 6:00:23 오후 kr.pe.sinnori.common.buildsystem.ProjectBuilder overwriteSinnoriConfigFile
정보: main project[sample_test]'s config file overwrite task end
4월 11, 2018 6:00:23 오후 kr.pe.sinnori.common.buildsystem.ProjectBuilder changeProjectState
정보: main project[sample_test] changeProjectState method end
4월 11, 2018 6:00:23 오후 kr.pe.sinnori.common.buildsystem.ProjectBuilder isValidServerAntBuildXMLFile
정보: the server ant build.xml file[D:\gitsinnori\sinnori\project\sample_test\server_build\build.xml] is bad :: whetherExist[false] isFile[false]
4월 11, 2018 6:00:23 오후 kr.pe.sinnori.common.buildsystem.ProjectBuilder isValidWebClientAntBuildXMLFile
정보: the web client ant build.xml file[D:\gitsinnori\sinnori\project\sample_test\client_build\web_build\build.xml] is bad :: whetherExist[false] isFile[false]
4월 11, 2018 6:00:23 오후 kr.pe.sinnori.common.buildsystem.ProjectBuilder isValidWebRootXMLFile
정보: the web.xml file[D:\gitsinnori\sinnori\project\sample_test\web_app_base\ROOT\WEB-INF\web.xml] located at web root directory is bad :: whetherExist[false] isFile[false]
4월 11, 2018 6:00:23 오후 kr.pe.sinnori.common.buildsystem.ProjectBuilder changeProjectState
정보: main project[sample_test] changeProjectState method start
4월 11, 2018 6:00:23 오후 kr.pe.sinnori.common.buildsystem.ProjectBuilder isValidServerAntBuildXMLFile
정보: the server ant build.xml file[D:\gitsinnori\sinnori\project\sample_test\server_build\build.xml] is bad :: whetherExist[false] isFile[false]
4월 11, 2018 6:00:23 오후 kr.pe.sinnori.common.buildsystem.ProjectBuilder changeProjectState
경고: the server buid.xml file[D:\gitsinnori\sinnori\project\sample_test\server_build\build.xml] is bad beacse it doesn't exist or is not a file, so skip deletion of server build system
4월 11, 2018 6:00:23 오후 kr.pe.sinnori.common.buildsystem.ProjectBuilder changeProjectState
경고: the app client build path[D:\gitsinnori\sinnori\project\sample_test\client_build\app_build] exist, so skip creation of app client build system
4월 11, 2018 6:00:23 오후 kr.pe.sinnori.common.buildsystem.ProjectBuilder createWebBuildChildDirectories
정보: main project[sample_test]'s web build child direcotry creation task start
4월 11, 2018 6:00:23 오후 kr.pe.sinnori.common.util.CommonStaticUtil createChildDirectoriesOfBasePath
정보: the new child relative direcotry[D:\gitsinnori\sinnori\project\sample_test][client_build/web_build/corelib/ex] was created successfully
4월 11, 2018 6:00:23 오후 kr.pe.sinnori.common.util.CommonStaticUtil createChildDirectoriesOfBasePath
정보: the new child relative direcotry[D:\gitsinnori\sinnori\project\sample_test][client_build/web_build/corelib/in] was created successfully
4월 11, 2018 6:00:23 오후 kr.pe.sinnori.common.util.CommonStaticUtil createChildDirectoriesOfBasePath
정보: the new child relative direcotry[D:\gitsinnori\sinnori\project\sample_test][client_build/web_build/lib/main/ex] was created successfully
4월 11, 2018 6:00:23 오후 kr.pe.sinnori.common.util.CommonStaticUtil createChildDirectoriesOfBasePath
정보: the new child relative direcotry[D:\gitsinnori\sinnori\project\sample_test][client_build/web_build/lib/main/in] was created successfully
4월 11, 2018 6:00:23 오후 kr.pe.sinnori.common.util.CommonStaticUtil createChildDirectoriesOfBasePath
정보: the new child relative direcotry[D:\gitsinnori\sinnori\project\sample_test][client_build/web_build/lib/test] was created successfully
4월 11, 2018 6:00:23 오후 kr.pe.sinnori.common.util.CommonStaticUtil createChildDirectoriesOfBasePath
정보: the new child relative direcotry[D:\gitsinnori\sinnori\project\sample_test][client_build/web_build/src/main/java/kr/pe/sinnori/impl/message] was created successfully
4월 11, 2018 6:00:23 오후 kr.pe.sinnori.common.util.CommonStaticUtil createChildDirectoriesOfBasePath
정보: the new child relative direcotry[D:\gitsinnori\sinnori\project\sample_test][client_build/web_build/src/main/java//kr/pe/sinnori/servlet] was created successfully
4월 11, 2018 6:00:23 오후 kr.pe.sinnori.common.util.CommonStaticUtil createChildDirectoriesOfBasePath
정보: the new child relative direcotry[D:\gitsinnori\sinnori\project\sample_test][client_build/web_build/src/main/java/kr/pe/sinnori/weblib/common] was created successfully
4월 11, 2018 6:00:23 오후 kr.pe.sinnori.common.util.CommonStaticUtil createChildDirectoriesOfBasePath
정보: the new child relative direcotry[D:\gitsinnori\sinnori\project\sample_test][client_build/web_build/src/main/java/kr/pe/sinnori/weblib/htmlstring] was created successfully
4월 11, 2018 6:00:23 오후 kr.pe.sinnori.common.util.CommonStaticUtil createChildDirectoriesOfBasePath
정보: the new child relative direcotry[D:\gitsinnori\sinnori\project\sample_test][client_build/web_build/src/main/java/kr/pe/sinnori/weblib/jdf] was created successfully
4월 11, 2018 6:00:23 오후 kr.pe.sinnori.common.util.CommonStaticUtil createChildDirectoriesOfBasePath
정보: the new child relative direcotry[D:\gitsinnori\sinnori\project\sample_test][client_build/web_build/src/test/java] was created successfully
4월 11, 2018 6:00:23 오후 kr.pe.sinnori.common.util.CommonStaticUtil createChildDirectoriesOfBasePath
정보: the new child relative direcotry[D:\gitsinnori\sinnori\project\sample_test][client_build/web_build/build] was created successfully
4월 11, 2018 6:00:23 오후 kr.pe.sinnori.common.util.CommonStaticUtil createChildDirectoriesOfBasePath
정보: the new child relative direcotry[D:\gitsinnori\sinnori\project\sample_test][client_build/web_build/dist] was created successfully
4월 11, 2018 6:00:23 오후 kr.pe.sinnori.common.buildsystem.ProjectBuilder createWebBuildChildDirectories
정보: main project[sample_test]'s web build child direcotry creation task end
4월 11, 2018 6:00:23 오후 kr.pe.sinnori.common.buildsystem.ProjectBuilder createWebClientBuildSystemFiles
정보: main project[sample_test]'s web client build system files creation task start
4월 11, 2018 6:00:23 오후 kr.pe.sinnori.common.buildsystem.ProjectBuilder createNewWebClientAntBuildFile
정보: main project[sample_test]'s web client ant build.xml file creation task start
4월 11, 2018 6:00:23 오후 kr.pe.sinnori.common.buildsystem.ProjectBuilder createNewWebClientAntBuildFile
정보: main project[sample_test]'s web client ant build.xml file creation task end
4월 11, 2018 6:00:23 오후 kr.pe.sinnori.common.buildsystem.ProjectBuilder createNewWebClientAntPropertiesFile
정보: main project[sample_test]'s web client ant properties file creation task start
4월 11, 2018 6:00:23 오후 kr.pe.sinnori.common.util.SequencedPropertiesUtil createNewSequencedPropertiesFile
정보: the sequenced properties file[D:\gitsinnori\sinnori\project\sample_test\client_build\web_build\webAnt.properties] was created
4월 11, 2018 6:00:23 오후 kr.pe.sinnori.common.buildsystem.ProjectBuilder createNewWebClientAntPropertiesFile
정보: main project[sample_test]'s web client ant properties file creation task end
4월 11, 2018 6:00:23 오후 kr.pe.sinnori.common.buildsystem.ProjectBuilder createNewWebClientMessageIOFileSet
정보: main project[sample_test]'s web client message io file set creation task start
4월 11, 2018 6:00:23 오후 kr.pe.sinnori.common.util.CommonStaticUtil createChildDirectoriesOfBasePath
정보: the new child relative direcotry[D:\gitsinnori\sinnori\project\sample_test\client_build\web_build\src\main\java\kr\pe\sinnori\impl\message][Echo] was created successfully
4월 11, 2018 6:00:23 오후 kr.pe.sinnori.common.buildsystem.ProjectBuilder createNewMessageSourceFile
정보: main project[sample_test]'s message file[Echo][D:\gitsinnori\sinnori\project\sample_test\client_build\web_build\src\main\java\kr\pe\sinnori\impl\message] creation task start
4월 11, 2018 6:00:23 오후 kr.pe.sinnori.common.buildsystem.ProjectBuilder createNewMessageSourceFile
정보: main project[sample_test]'s message file[Echo][D:\gitsinnori\sinnori\project\sample_test\client_build\web_build\src\main\java\kr\pe\sinnori\impl\message] creation task end
4월 11, 2018 6:00:23 오후 kr.pe.sinnori.common.buildsystem.ProjectBuilder createNewDecoderSourceFile
정보: main project[sample_test]'s message decoder file[Echo][D:\gitsinnori\sinnori\project\sample_test\client_build\web_build\src\main\java\kr\pe\sinnori\impl\message] creation task start
4월 11, 2018 6:00:23 오후 kr.pe.sinnori.common.buildsystem.ProjectBuilder createNewDecoderSourceFile
정보: main project[sample_test]'s message decoder file[Echo][D:\gitsinnori\sinnori\project\sample_test\client_build\web_build\src\main\java\kr\pe\sinnori\impl\message] creation task end
4월 11, 2018 6:00:23 오후 kr.pe.sinnori.common.buildsystem.ProjectBuilder createNewEncoderSourceFile
정보: main project[sample_test]'s message encoder file[Echo][D:\gitsinnori\sinnori\project\sample_test\client_build\web_build\src\main\java\kr\pe\sinnori\impl\message] creation task start
4월 11, 2018 6:00:23 오후 kr.pe.sinnori.common.buildsystem.ProjectBuilder createNewEncoderSourceFile
정보: main project[sample_test]'s message encoder file[Echo][D:\gitsinnori\sinnori\project\sample_test\client_build\web_build\src\main\java\kr\pe\sinnori\impl\message] creation task end
4월 11, 2018 6:00:23 오후 kr.pe.sinnori.common.buildsystem.ProjectBuilder createNewServerCodecSourceFile
정보: main project[sample_test]'s message server codec file[Echo][D:\gitsinnori\sinnori\project\sample_test\client_build\web_build\src\main\java\kr\pe\sinnori\impl\message] creation task start
4월 11, 2018 6:00:23 오후 kr.pe.sinnori.common.buildsystem.ProjectBuilder createNewServerCodecSourceFile
정보: main project[sample_test]'s message server codec file[Echo][D:\gitsinnori\sinnori\project\sample_test\client_build\web_build\src\main\java\kr\pe\sinnori\impl\message] creation task end
4월 11, 2018 6:00:23 오후 kr.pe.sinnori.common.buildsystem.ProjectBuilder createNewClientCodecSourceFile
정보: main project[sample_test]'s message client codec file[Echo][D:\gitsinnori\sinnori\project\sample_test\client_build\web_build\src\main\java\kr\pe\sinnori\impl\message] creation task start
4월 11, 2018 6:00:23 오후 kr.pe.sinnori.common.buildsystem.ProjectBuilder createNewClientCodecSourceFile
정보: main project[sample_test]'s message client codec file[Echo][D:\gitsinnori\sinnori\project\sample_test\client_build\web_build\src\main\java\kr\pe\sinnori\impl\message] creation task end
4월 11, 2018 6:00:23 오후 kr.pe.sinnori.common.util.CommonStaticUtil createChildDirectoriesOfBasePath
정보: the new child relative direcotry[D:\gitsinnori\sinnori\project\sample_test\client_build\web_build\src\main\java\kr\pe\sinnori\impl\message][PublicKeyReq] was created successfully
4월 11, 2018 6:00:23 오후 kr.pe.sinnori.common.buildsystem.ProjectBuilder createNewMessageSourceFile
정보: main project[sample_test]'s message file[PublicKeyReq][D:\gitsinnori\sinnori\project\sample_test\client_build\web_build\src\main\java\kr\pe\sinnori\impl\message] creation task start
4월 11, 2018 6:00:23 오후 kr.pe.sinnori.common.buildsystem.ProjectBuilder createNewMessageSourceFile
정보: main project[sample_test]'s message file[PublicKeyReq][D:\gitsinnori\sinnori\project\sample_test\client_build\web_build\src\main\java\kr\pe\sinnori\impl\message] creation task end
4월 11, 2018 6:00:23 오후 kr.pe.sinnori.common.buildsystem.ProjectBuilder createNewDecoderSourceFile
정보: main project[sample_test]'s message decoder file[PublicKeyReq][D:\gitsinnori\sinnori\project\sample_test\client_build\web_build\src\main\java\kr\pe\sinnori\impl\message] creation task start
4월 11, 2018 6:00:23 오후 kr.pe.sinnori.common.buildsystem.ProjectBuilder createNewDecoderSourceFile
정보: main project[sample_test]'s message decoder file[PublicKeyReq][D:\gitsinnori\sinnori\project\sample_test\client_build\web_build\src\main\java\kr\pe\sinnori\impl\message] creation task end
4월 11, 2018 6:00:23 오후 kr.pe.sinnori.common.buildsystem.ProjectBuilder createNewEncoderSourceFile
정보: main project[sample_test]'s message encoder file[PublicKeyReq][D:\gitsinnori\sinnori\project\sample_test\client_build\web_build\src\main\java\kr\pe\sinnori\impl\message] creation task start
4월 11, 2018 6:00:23 오후 kr.pe.sinnori.common.buildsystem.ProjectBuilder createNewEncoderSourceFile
정보: main project[sample_test]'s message encoder file[PublicKeyReq][D:\gitsinnori\sinnori\project\sample_test\client_build\web_build\src\main\java\kr\pe\sinnori\impl\message] creation task end
4월 11, 2018 6:00:23 오후 kr.pe.sinnori.common.buildsystem.ProjectBuilder createNewServerCodecSourceFile
정보: main project[sample_test]'s message server codec file[PublicKeyReq][D:\gitsinnori\sinnori\project\sample_test\client_build\web_build\src\main\java\kr\pe\sinnori\impl\message] creation task start
4월 11, 2018 6:00:23 오후 kr.pe.sinnori.common.buildsystem.ProjectBuilder createNewServerCodecSourceFile
정보: main project[sample_test]'s message server codec file[PublicKeyReq][D:\gitsinnori\sinnori\project\sample_test\client_build\web_build\src\main\java\kr\pe\sinnori\impl\message] creation task end
4월 11, 2018 6:00:23 오후 kr.pe.sinnori.common.buildsystem.ProjectBuilder createNewClientCodecSourceFile
정보: main project[sample_test]'s message client codec file[PublicKeyReq][D:\gitsinnori\sinnori\project\sample_test\client_build\web_build\src\main\java\kr\pe\sinnori\impl\message] creation task start
4월 11, 2018 6:00:23 오후 kr.pe.sinnori.common.buildsystem.ProjectBuilder createNewClientCodecSourceFile
정보: main project[sample_test]'s message client codec file[PublicKeyReq][D:\gitsinnori\sinnori\project\sample_test\client_build\web_build\src\main\java\kr\pe\sinnori\impl\message] creation task end
4월 11, 2018 6:00:23 오후 kr.pe.sinnori.common.util.CommonStaticUtil createChildDirectoriesOfBasePath
정보: the new child relative direcotry[D:\gitsinnori\sinnori\project\sample_test\client_build\web_build\src\main\java\kr\pe\sinnori\impl\message][PublicKeyRes] was created successfully
4월 11, 2018 6:00:23 오후 kr.pe.sinnori.common.buildsystem.ProjectBuilder createNewMessageSourceFile
정보: main project[sample_test]'s message file[PublicKeyRes][D:\gitsinnori\sinnori\project\sample_test\client_build\web_build\src\main\java\kr\pe\sinnori\impl\message] creation task start
4월 11, 2018 6:00:23 오후 kr.pe.sinnori.common.buildsystem.ProjectBuilder createNewMessageSourceFile
정보: main project[sample_test]'s message file[PublicKeyRes][D:\gitsinnori\sinnori\project\sample_test\client_build\web_build\src\main\java\kr\pe\sinnori\impl\message] creation task end
4월 11, 2018 6:00:23 오후 kr.pe.sinnori.common.buildsystem.ProjectBuilder createNewDecoderSourceFile
정보: main project[sample_test]'s message decoder file[PublicKeyRes][D:\gitsinnori\sinnori\project\sample_test\client_build\web_build\src\main\java\kr\pe\sinnori\impl\message] creation task start
4월 11, 2018 6:00:23 오후 kr.pe.sinnori.common.buildsystem.ProjectBuilder createNewDecoderSourceFile
정보: main project[sample_test]'s message decoder file[PublicKeyRes][D:\gitsinnori\sinnori\project\sample_test\client_build\web_build\src\main\java\kr\pe\sinnori\impl\message] creation task end
4월 11, 2018 6:00:23 오후 kr.pe.sinnori.common.buildsystem.ProjectBuilder createNewEncoderSourceFile
정보: main project[sample_test]'s message encoder file[PublicKeyRes][D:\gitsinnori\sinnori\project\sample_test\client_build\web_build\src\main\java\kr\pe\sinnori\impl\message] creation task start
4월 11, 2018 6:00:23 오후 kr.pe.sinnori.common.buildsystem.ProjectBuilder createNewEncoderSourceFile
정보: main project[sample_test]'s message encoder file[PublicKeyRes][D:\gitsinnori\sinnori\project\sample_test\client_build\web_build\src\main\java\kr\pe\sinnori\impl\message] creation task end
4월 11, 2018 6:00:23 오후 kr.pe.sinnori.common.buildsystem.ProjectBuilder createNewServerCodecSourceFile
정보: main project[sample_test]'s message server codec file[PublicKeyRes][D:\gitsinnori\sinnori\project\sample_test\client_build\web_build\src\main\java\kr\pe\sinnori\impl\message] creation task start
4월 11, 2018 6:00:23 오후 kr.pe.sinnori.common.buildsystem.ProjectBuilder createNewServerCodecSourceFile
정보: main project[sample_test]'s message server codec file[PublicKeyRes][D:\gitsinnori\sinnori\project\sample_test\client_build\web_build\src\main\java\kr\pe\sinnori\impl\message] creation task end
4월 11, 2018 6:00:23 오후 kr.pe.sinnori.common.buildsystem.ProjectBuilder createNewClientCodecSourceFile
정보: main project[sample_test]'s message client codec file[PublicKeyRes][D:\gitsinnori\sinnori\project\sample_test\client_build\web_build\src\main\java\kr\pe\sinnori\impl\message] creation task start
4월 11, 2018 6:00:23 오후 kr.pe.sinnori.common.buildsystem.ProjectBuilder createNewClientCodecSourceFile
정보: main project[sample_test]'s message client codec file[PublicKeyRes][D:\gitsinnori\sinnori\project\sample_test\client_build\web_build\src\main\java\kr\pe\sinnori\impl\message] creation task end
4월 11, 2018 6:00:23 오후 kr.pe.sinnori.common.buildsystem.ProjectBuilder createNewWebClientMessageIOFileSet
정보: main project[sample_test]'s web client message io file set creation task end
4월 11, 2018 6:00:23 오후 kr.pe.sinnori.common.buildsystem.ProjectBuilder copyWebClientSampleFiles
정보: mainproject[sample_test]'s web client sample source files copy task start
4월 11, 2018 6:00:23 오후 kr.pe.sinnori.common.buildsystem.ProjectBuilder copyWebClientSampleFiles
정보: mainproject[sample_test]'s web client sample source files copy task end
4월 11, 2018 6:00:23 오후 kr.pe.sinnori.common.buildsystem.ProjectBuilder createWebClientBuildSystemFiles
정보: main project[sample_test]'s web client build system files creation task end
4월 11, 2018 6:00:23 오후 kr.pe.sinnori.common.buildsystem.ProjectBuilder createWebRootChildDirectories
정보: main project[sample_test]'s web root child direcotry creation task start
4월 11, 2018 6:00:23 오후 kr.pe.sinnori.common.util.CommonStaticUtil createChildDirectoriesOfBasePath
정보: the child relative direcotry[D:\gitsinnori\sinnori\project\sample_test][web_app_base/upload] exist, so nothing
4월 11, 2018 6:00:23 오후 kr.pe.sinnori.common.util.CommonStaticUtil createChildDirectoriesOfBasePath
정보: the new child relative direcotry[D:\gitsinnori\sinnori\project\sample_test][web_app_base/ROOT/WEB-INF/classes] was created successfully
4월 11, 2018 6:00:23 오후 kr.pe.sinnori.common.util.CommonStaticUtil createChildDirectoriesOfBasePath
정보: the new child relative direcotry[D:\gitsinnori\sinnori\project\sample_test][web_app_base/ROOT/WEB-INF/lib] was created successfully
4월 11, 2018 6:00:23 오후 kr.pe.sinnori.common.buildsystem.ProjectBuilder createWebRootChildDirectories
정보: main project[sample_test]'s web root child direcotry creation task end
4월 11, 2018 6:00:23 오후 kr.pe.sinnori.common.buildsystem.ProjectBuilder createWebRootSampleFiles
정보: main project[sample_test]'s web root sample files creation task start
4월 11, 2018 6:00:23 오후 kr.pe.sinnori.common.buildsystem.ProjectBuilder copyWebRootSampleFiles
정보: main project[sample_test]'s web root sample files copy task start
4월 11, 2018 6:00:23 오후 kr.pe.sinnori.common.buildsystem.ProjectBuilder copyWebRootSampleFiles
정보: main project[sample_test]'s web root sample files copy task end
4월 11, 2018 6:00:23 오후 kr.pe.sinnori.common.buildsystem.ProjectBuilder createWebRootSampleFiles
정보: main project[sample_test]'s web root sample files creation task end
4월 11, 2018 6:00:23 오후 kr.pe.sinnori.common.buildsystem.ProjectBuilder overwriteSinnoriConfigFile
정보: main project[sample_test]'s config file overwrite task start
4월 11, 2018 6:00:23 오후 kr.pe.sinnori.common.buildsystem.ProjectBuilder overwriteSinnoriConfigFile
정보: main project[sample_test]'s config file overwrite task end
4월 11, 2018 6:00:23 오후 kr.pe.sinnori.common.buildsystem.ProjectBuilder changeProjectState
정보: main project[sample_test] changeProjectState method end
4월 11, 2018 6:00:23 오후 kr.pe.sinnori.common.buildsystem.ProjectBuilder isValidServerAntBuildXMLFile
정보: the server ant build.xml file[D:\gitsinnori\sinnori\project\sample_test\server_build\build.xml] is bad :: whetherExist[false] isFile[false]
4월 11, 2018 6:00:23 오후 kr.pe.sinnori.common.buildsystem.ProjectBuilder changeProjectState
정보: main project[sample_test] changeProjectState method start
4월 11, 2018 6:00:23 오후 kr.pe.sinnori.common.buildsystem.ProjectBuilder createServerBuildChildDirectories
정보: main project[sample_test]'s server child direcotry creation task start
4월 11, 2018 6:00:23 오후 kr.pe.sinnori.common.util.CommonStaticUtil createChildDirectoriesOfBasePath
정보: the new child relative direcotry[D:\gitsinnori\sinnori\project\sample_test][server_build/APP-INF/classes] was created successfully
4월 11, 2018 6:00:23 오후 kr.pe.sinnori.common.util.CommonStaticUtil createChildDirectoriesOfBasePath
정보: the new child relative direcotry[D:\gitsinnori\sinnori\project\sample_test][server_build/corelib/ex] was created successfully
4월 11, 2018 6:00:23 오후 kr.pe.sinnori.common.util.CommonStaticUtil createChildDirectoriesOfBasePath
정보: the new child relative direcotry[D:\gitsinnori\sinnori\project\sample_test][server_build/corelib/in] was created successfully
4월 11, 2018 6:00:23 오후 kr.pe.sinnori.common.util.CommonStaticUtil createChildDirectoriesOfBasePath
정보: the new child relative direcotry[D:\gitsinnori\sinnori\project\sample_test][server_build/lib/main/ex] was created successfully
4월 11, 2018 6:00:23 오후 kr.pe.sinnori.common.util.CommonStaticUtil createChildDirectoriesOfBasePath
정보: the new child relative direcotry[D:\gitsinnori\sinnori\project\sample_test][server_build/lib/main/in] was created successfully
4월 11, 2018 6:00:23 오후 kr.pe.sinnori.common.util.CommonStaticUtil createChildDirectoriesOfBasePath
정보: the new child relative direcotry[D:\gitsinnori\sinnori\project\sample_test][server_build/lib/test] was created successfully
4월 11, 2018 6:00:23 오후 kr.pe.sinnori.common.util.CommonStaticUtil createChildDirectoriesOfBasePath
정보: the new child relative direcotry[D:\gitsinnori\sinnori\project\sample_test][server_build/src/main/java/kr/pe/sinnori/impl/servertask] was created successfully
4월 11, 2018 6:00:23 오후 kr.pe.sinnori.common.util.CommonStaticUtil createChildDirectoriesOfBasePath
정보: the new child relative direcotry[D:\gitsinnori\sinnori\project\sample_test][server_build/src/main/java/kr/pe/sinnori/impl/message] was created successfully
4월 11, 2018 6:00:23 오후 kr.pe.sinnori.common.util.CommonStaticUtil createChildDirectoriesOfBasePath
정보: the new child relative direcotry[D:\gitsinnori\sinnori\project\sample_test][server_build/src/main/java/main] was created successfully
4월 11, 2018 6:00:23 오후 kr.pe.sinnori.common.util.CommonStaticUtil createChildDirectoriesOfBasePath
정보: the new child relative direcotry[D:\gitsinnori\sinnori\project\sample_test][server_build/src/test/java] was created successfully
4월 11, 2018 6:00:23 오후 kr.pe.sinnori.common.util.CommonStaticUtil createChildDirectoriesOfBasePath
정보: the new child relative direcotry[D:\gitsinnori\sinnori\project\sample_test][server_build/build] was created successfully
4월 11, 2018 6:00:23 오후 kr.pe.sinnori.common.util.CommonStaticUtil createChildDirectoriesOfBasePath
정보: the new child relative direcotry[D:\gitsinnori\sinnori\project\sample_test][server_build/dist] was created successfully
4월 11, 2018 6:00:23 오후 kr.pe.sinnori.common.buildsystem.ProjectBuilder createServerBuildChildDirectories
정보: main project[sample_test]'s server child direcotry creation task end
4월 11, 2018 6:00:23 오후 kr.pe.sinnori.common.buildsystem.ProjectBuilder createServerBuildSystemFiles
정보: server build system files creation task start
4월 11, 2018 6:00:24 오후 kr.pe.sinnori.common.buildsystem.ProjectBuilder createNewServerAntBuildXMLFile
정보: main project[sample_test]'s server ant build.xml file creation task start
4월 11, 2018 6:00:24 오후 kr.pe.sinnori.common.buildsystem.ProjectBuilder createNewServerAntBuildXMLFile
정보: main project[sample_test]'s server ant build.xml file creation task end
4월 11, 2018 6:00:24 오후 kr.pe.sinnori.common.buildsystem.ProjectBuilder createNewServerDosShellFile
정보: main project[sample_test]'s server dos shell file creation task start
4월 11, 2018 6:00:24 오후 kr.pe.sinnori.common.buildsystem.ProjectBuilder createNewServerDosShellFile
정보: main project[sample_test]'s server dos shell file creation task end
4월 11, 2018 6:00:24 오후 kr.pe.sinnori.common.buildsystem.ProjectBuilder createNewServerUnixShellFile
정보: main project[sample_test]'s server unix shell file creation task start
4월 11, 2018 6:00:24 오후 kr.pe.sinnori.common.buildsystem.ProjectBuilder createNewServerUnixShellFile
정보: main project[sample_test]'s server unix shell file creation task end
4월 11, 2018 6:00:24 오후 kr.pe.sinnori.common.buildsystem.ProjectBuilder copyServerSampleFiles
정보: server sample source files copy task start
4월 11, 2018 6:00:24 오후 kr.pe.sinnori.common.buildsystem.ProjectBuilder copyServerSampleFiles
정보: server sample source files copy task end
4월 11, 2018 6:00:24 오후 kr.pe.sinnori.common.buildsystem.ProjectBuilder createServerMessageIOFileSet
정보: main project[sample_test]'s server message io file set creation task start
4월 11, 2018 6:00:24 오후 kr.pe.sinnori.common.util.CommonStaticUtil createChildDirectoriesOfBasePath
정보: the new child relative direcotry[D:\gitsinnori\sinnori\project\sample_test\server_build\src\main\java\kr\pe\sinnori\impl\message][Echo] was created successfully
4월 11, 2018 6:00:24 오후 kr.pe.sinnori.common.buildsystem.ProjectBuilder createNewMessageSourceFile
정보: main project[sample_test]'s message file[Echo][D:\gitsinnori\sinnori\project\sample_test\server_build\src\main\java\kr\pe\sinnori\impl\message] creation task start
4월 11, 2018 6:00:24 오후 kr.pe.sinnori.common.buildsystem.ProjectBuilder createNewMessageSourceFile
정보: main project[sample_test]'s message file[Echo][D:\gitsinnori\sinnori\project\sample_test\server_build\src\main\java\kr\pe\sinnori\impl\message] creation task end
4월 11, 2018 6:00:24 오후 kr.pe.sinnori.common.buildsystem.ProjectBuilder createNewDecoderSourceFile
정보: main project[sample_test]'s message decoder file[Echo][D:\gitsinnori\sinnori\project\sample_test\server_build\src\main\java\kr\pe\sinnori\impl\message] creation task start
4월 11, 2018 6:00:24 오후 kr.pe.sinnori.common.buildsystem.ProjectBuilder createNewDecoderSourceFile
정보: main project[sample_test]'s message decoder file[Echo][D:\gitsinnori\sinnori\project\sample_test\server_build\src\main\java\kr\pe\sinnori\impl\message] creation task end
4월 11, 2018 6:00:24 오후 kr.pe.sinnori.common.buildsystem.ProjectBuilder createNewEncoderSourceFile
정보: main project[sample_test]'s message encoder file[Echo][D:\gitsinnori\sinnori\project\sample_test\server_build\src\main\java\kr\pe\sinnori\impl\message] creation task start
4월 11, 2018 6:00:24 오후 kr.pe.sinnori.common.buildsystem.ProjectBuilder createNewEncoderSourceFile
정보: main project[sample_test]'s message encoder file[Echo][D:\gitsinnori\sinnori\project\sample_test\server_build\src\main\java\kr\pe\sinnori\impl\message] creation task end
4월 11, 2018 6:00:24 오후 kr.pe.sinnori.common.buildsystem.ProjectBuilder createNewServerCodecSourceFile
정보: main project[sample_test]'s message server codec file[Echo][D:\gitsinnori\sinnori\project\sample_test\server_build\src\main\java\kr\pe\sinnori\impl\message] creation task start
4월 11, 2018 6:00:24 오후 kr.pe.sinnori.common.buildsystem.ProjectBuilder createNewServerCodecSourceFile
정보: main project[sample_test]'s message server codec file[Echo][D:\gitsinnori\sinnori\project\sample_test\server_build\src\main\java\kr\pe\sinnori\impl\message] creation task end
4월 11, 2018 6:00:24 오후 kr.pe.sinnori.common.buildsystem.ProjectBuilder createNewClientCodecSourceFile
정보: main project[sample_test]'s message client codec file[Echo][D:\gitsinnori\sinnori\project\sample_test\server_build\src\main\java\kr\pe\sinnori\impl\message] creation task start
4월 11, 2018 6:00:24 오후 kr.pe.sinnori.common.buildsystem.ProjectBuilder createNewClientCodecSourceFile
정보: main project[sample_test]'s message client codec file[Echo][D:\gitsinnori\sinnori\project\sample_test\server_build\src\main\java\kr\pe\sinnori\impl\message] creation task end
4월 11, 2018 6:00:24 오후 kr.pe.sinnori.common.util.CommonStaticUtil createChildDirectoriesOfBasePath
정보: the new child relative direcotry[D:\gitsinnori\sinnori\project\sample_test\server_build\src\main\java\kr\pe\sinnori\impl\message][PublicKeyReq] was created successfully
4월 11, 2018 6:00:24 오후 kr.pe.sinnori.common.buildsystem.ProjectBuilder createNewMessageSourceFile
정보: main project[sample_test]'s message file[PublicKeyReq][D:\gitsinnori\sinnori\project\sample_test\server_build\src\main\java\kr\pe\sinnori\impl\message] creation task start
4월 11, 2018 6:00:24 오후 kr.pe.sinnori.common.buildsystem.ProjectBuilder createNewMessageSourceFile
정보: main project[sample_test]'s message file[PublicKeyReq][D:\gitsinnori\sinnori\project\sample_test\server_build\src\main\java\kr\pe\sinnori\impl\message] creation task end
4월 11, 2018 6:00:24 오후 kr.pe.sinnori.common.buildsystem.ProjectBuilder createNewDecoderSourceFile
정보: main project[sample_test]'s message decoder file[PublicKeyReq][D:\gitsinnori\sinnori\project\sample_test\server_build\src\main\java\kr\pe\sinnori\impl\message] creation task start
4월 11, 2018 6:00:24 오후 kr.pe.sinnori.common.buildsystem.ProjectBuilder createNewDecoderSourceFile
정보: main project[sample_test]'s message decoder file[PublicKeyReq][D:\gitsinnori\sinnori\project\sample_test\server_build\src\main\java\kr\pe\sinnori\impl\message] creation task end
4월 11, 2018 6:00:24 오후 kr.pe.sinnori.common.buildsystem.ProjectBuilder createNewEncoderSourceFile
정보: main project[sample_test]'s message encoder file[PublicKeyReq][D:\gitsinnori\sinnori\project\sample_test\server_build\src\main\java\kr\pe\sinnori\impl\message] creation task start
4월 11, 2018 6:00:24 오후 kr.pe.sinnori.common.buildsystem.ProjectBuilder createNewEncoderSourceFile
정보: main project[sample_test]'s message encoder file[PublicKeyReq][D:\gitsinnori\sinnori\project\sample_test\server_build\src\main\java\kr\pe\sinnori\impl\message] creation task end
4월 11, 2018 6:00:24 오후 kr.pe.sinnori.common.buildsystem.ProjectBuilder createNewServerCodecSourceFile
정보: main project[sample_test]'s message server codec file[PublicKeyReq][D:\gitsinnori\sinnori\project\sample_test\server_build\src\main\java\kr\pe\sinnori\impl\message] creation task start
4월 11, 2018 6:00:24 오후 kr.pe.sinnori.common.buildsystem.ProjectBuilder createNewServerCodecSourceFile
정보: main project[sample_test]'s message server codec file[PublicKeyReq][D:\gitsinnori\sinnori\project\sample_test\server_build\src\main\java\kr\pe\sinnori\impl\message] creation task end
4월 11, 2018 6:00:24 오후 kr.pe.sinnori.common.buildsystem.ProjectBuilder createNewClientCodecSourceFile
정보: main project[sample_test]'s message client codec file[PublicKeyReq][D:\gitsinnori\sinnori\project\sample_test\server_build\src\main\java\kr\pe\sinnori\impl\message] creation task start
4월 11, 2018 6:00:24 오후 kr.pe.sinnori.common.buildsystem.ProjectBuilder createNewClientCodecSourceFile
정보: main project[sample_test]'s message client codec file[PublicKeyReq][D:\gitsinnori\sinnori\project\sample_test\server_build\src\main\java\kr\pe\sinnori\impl\message] creation task end
4월 11, 2018 6:00:24 오후 kr.pe.sinnori.common.util.CommonStaticUtil createChildDirectoriesOfBasePath
정보: the new child relative direcotry[D:\gitsinnori\sinnori\project\sample_test\server_build\src\main\java\kr\pe\sinnori\impl\message][PublicKeyRes] was created successfully
4월 11, 2018 6:00:24 오후 kr.pe.sinnori.common.buildsystem.ProjectBuilder createNewMessageSourceFile
정보: main project[sample_test]'s message file[PublicKeyRes][D:\gitsinnori\sinnori\project\sample_test\server_build\src\main\java\kr\pe\sinnori\impl\message] creation task start
4월 11, 2018 6:00:24 오후 kr.pe.sinnori.common.buildsystem.ProjectBuilder createNewMessageSourceFile
정보: main project[sample_test]'s message file[PublicKeyRes][D:\gitsinnori\sinnori\project\sample_test\server_build\src\main\java\kr\pe\sinnori\impl\message] creation task end
4월 11, 2018 6:00:24 오후 kr.pe.sinnori.common.buildsystem.ProjectBuilder createNewDecoderSourceFile
정보: main project[sample_test]'s message decoder file[PublicKeyRes][D:\gitsinnori\sinnori\project\sample_test\server_build\src\main\java\kr\pe\sinnori\impl\message] creation task start
4월 11, 2018 6:00:24 오후 kr.pe.sinnori.common.buildsystem.ProjectBuilder createNewDecoderSourceFile
정보: main project[sample_test]'s message decoder file[PublicKeyRes][D:\gitsinnori\sinnori\project\sample_test\server_build\src\main\java\kr\pe\sinnori\impl\message] creation task end
4월 11, 2018 6:00:24 오후 kr.pe.sinnori.common.buildsystem.ProjectBuilder createNewEncoderSourceFile
정보: main project[sample_test]'s message encoder file[PublicKeyRes][D:\gitsinnori\sinnori\project\sample_test\server_build\src\main\java\kr\pe\sinnori\impl\message] creation task start
4월 11, 2018 6:00:24 오후 kr.pe.sinnori.common.buildsystem.ProjectBuilder createNewEncoderSourceFile
정보: main project[sample_test]'s message encoder file[PublicKeyRes][D:\gitsinnori\sinnori\project\sample_test\server_build\src\main\java\kr\pe\sinnori\impl\message] creation task end
4월 11, 2018 6:00:24 오후 kr.pe.sinnori.common.buildsystem.ProjectBuilder createNewServerCodecSourceFile
정보: main project[sample_test]'s message server codec file[PublicKeyRes][D:\gitsinnori\sinnori\project\sample_test\server_build\src\main\java\kr\pe\sinnori\impl\message] creation task start
4월 11, 2018 6:00:24 오후 kr.pe.sinnori.common.buildsystem.ProjectBuilder createNewServerCodecSourceFile
정보: main project[sample_test]'s message server codec file[PublicKeyRes][D:\gitsinnori\sinnori\project\sample_test\server_build\src\main\java\kr\pe\sinnori\impl\message] creation task end
4월 11, 2018 6:00:24 오후 kr.pe.sinnori.common.buildsystem.ProjectBuilder createNewClientCodecSourceFile
정보: main project[sample_test]'s message client codec file[PublicKeyRes][D:\gitsinnori\sinnori\project\sample_test\server_build\src\main\java\kr\pe\sinnori\impl\message] creation task start
4월 11, 2018 6:00:24 오후 kr.pe.sinnori.common.buildsystem.ProjectBuilder createNewClientCodecSourceFile
정보: main project[sample_test]'s message client codec file[PublicKeyRes][D:\gitsinnori\sinnori\project\sample_test\server_build\src\main\java\kr\pe\sinnori\impl\message] creation task end
4월 11, 2018 6:00:24 오후 kr.pe.sinnori.common.buildsystem.ProjectBuilder createServerMessageIOFileSet
정보: main project[sample_test]'s server message io file set creation task end
4월 11, 2018 6:00:24 오후 kr.pe.sinnori.common.buildsystem.ProjectBuilder createServerBuildSystemFiles
정보: server build system files creation task end
4월 11, 2018 6:00:24 오후 kr.pe.sinnori.common.buildsystem.ProjectBuilder deleteAppClientBuildPath
정보: mainproject[sample_test]'s application client build path deletion task start
4월 11, 2018 6:00:24 오후 kr.pe.sinnori.common.buildsystem.ProjectBuilder deleteAppClientBuildPath
정보: mainproject[sample_test]'s application client build path deletion task end
4월 11, 2018 6:00:24 오후 kr.pe.sinnori.common.buildsystem.ProjectBuilder deleteWebCientBuildPath
정보: main project[sample_test]'s web client build path deletion task start
4월 11, 2018 6:00:24 오후 kr.pe.sinnori.common.buildsystem.ProjectBuilder deleteWebCientBuildPath
정보: main project[sample_test]'s web client build path deletion task end
4월 11, 2018 6:00:24 오후 kr.pe.sinnori.common.buildsystem.ProjectBuilder deleteWebRoot
정보: main project[sample_test]'s web root path deletion task start
4월 11, 2018 6:00:24 오후 kr.pe.sinnori.common.buildsystem.ProjectBuilder deleteWebRoot
정보: main project[sample_test]'s web root path deletion task end
4월 11, 2018 6:00:24 오후 kr.pe.sinnori.common.buildsystem.ProjectBuilder overwriteSinnoriConfigFile
정보: main project[sample_test]'s config file overwrite task start
4월 11, 2018 6:00:24 오후 kr.pe.sinnori.common.buildsystem.ProjectBuilder overwriteSinnoriConfigFile
정보: main project[sample_test]'s config file overwrite task end
4월 11, 2018 6:00:24 오후 kr.pe.sinnori.common.buildsystem.ProjectBuilder changeProjectState
정보: main project[sample_test] changeProjectState method end
4월 11, 2018 6:00:24 오후 kr.pe.sinnori.common.buildsystem.ProjectBuilder isValidAppClientAntBuildXMLFile
정보: the app client ant build.xml file[D:\gitsinnori\sinnori\project\sample_test\client_build\app_build\build.xml] is bad :: whetherExist[false] isFile[false]
4월 11, 2018 6:00:24 오후 kr.pe.sinnori.common.buildsystem.ProjectBuilder isValidWebClientAntBuildXMLFile
정보: the web client ant build.xml file[D:\gitsinnori\sinnori\project\sample_test\client_build\web_build\build.xml] is bad :: whetherExist[false] isFile[false]
4월 11, 2018 6:00:24 오후 kr.pe.sinnori.common.buildsystem.ProjectBuilder isValidWebRootXMLFile
정보: the web.xml file[D:\gitsinnori\sinnori\project\sample_test\web_app_base\ROOT\WEB-INF\web.xml] located at web root directory is bad :: whetherExist[false] isFile[false]
4월 11, 2018 6:00:24 오후 kr.pe.sinnori.common.buildsystem.ProjectBuilder changeProjectState
정보: main project[sample_test] changeProjectState method start
4월 11, 2018 6:00:24 오후 kr.pe.sinnori.common.buildsystem.ProjectBuilder changeProjectState
경고: the server build path[D:\gitsinnori\sinnori\project\sample_test\server_build] exist, so skip creation of server build system
4월 11, 2018 6:00:24 오후 kr.pe.sinnori.common.buildsystem.ProjectBuilder isValidAppClientAntBuildXMLFile
정보: the app client ant build.xml file[D:\gitsinnori\sinnori\project\sample_test\client_build\app_build\build.xml] is bad :: whetherExist[false] isFile[false]
4월 11, 2018 6:00:24 오후 kr.pe.sinnori.common.buildsystem.ProjectBuilder changeProjectState
경고: the app client buid.xml file[D:\gitsinnori\sinnori\project\sample_test\client_build\app_build\build.xml] is bad beacse it doesn't exist or is not a file, so skip deletion of app client build system
4월 11, 2018 6:00:24 오후 kr.pe.sinnori.common.buildsystem.ProjectBuilder createWebBuildChildDirectories
정보: main project[sample_test]'s web build child direcotry creation task start
4월 11, 2018 6:00:24 오후 kr.pe.sinnori.common.util.CommonStaticUtil createChildDirectoriesOfBasePath
정보: the new child relative direcotry[D:\gitsinnori\sinnori\project\sample_test][client_build/web_build/corelib/ex] was created successfully
4월 11, 2018 6:00:24 오후 kr.pe.sinnori.common.util.CommonStaticUtil createChildDirectoriesOfBasePath
정보: the new child relative direcotry[D:\gitsinnori\sinnori\project\sample_test][client_build/web_build/corelib/in] was created successfully
4월 11, 2018 6:00:24 오후 kr.pe.sinnori.common.util.CommonStaticUtil createChildDirectoriesOfBasePath
정보: the new child relative direcotry[D:\gitsinnori\sinnori\project\sample_test][client_build/web_build/lib/main/ex] was created successfully
4월 11, 2018 6:00:24 오후 kr.pe.sinnori.common.util.CommonStaticUtil createChildDirectoriesOfBasePath
정보: the new child relative direcotry[D:\gitsinnori\sinnori\project\sample_test][client_build/web_build/lib/main/in] was created successfully
4월 11, 2018 6:00:24 오후 kr.pe.sinnori.common.util.CommonStaticUtil createChildDirectoriesOfBasePath
정보: the new child relative direcotry[D:\gitsinnori\sinnori\project\sample_test][client_build/web_build/lib/test] was created successfully
4월 11, 2018 6:00:24 오후 kr.pe.sinnori.common.util.CommonStaticUtil createChildDirectoriesOfBasePath
정보: the new child relative direcotry[D:\gitsinnori\sinnori\project\sample_test][client_build/web_build/src/main/java/kr/pe/sinnori/impl/message] was created successfully
4월 11, 2018 6:00:24 오후 kr.pe.sinnori.common.util.CommonStaticUtil createChildDirectoriesOfBasePath
정보: the new child relative direcotry[D:\gitsinnori\sinnori\project\sample_test][client_build/web_build/src/main/java//kr/pe/sinnori/servlet] was created successfully
4월 11, 2018 6:00:24 오후 kr.pe.sinnori.common.util.CommonStaticUtil createChildDirectoriesOfBasePath
정보: the new child relative direcotry[D:\gitsinnori\sinnori\project\sample_test][client_build/web_build/src/main/java/kr/pe/sinnori/weblib/common] was created successfully
4월 11, 2018 6:00:24 오후 kr.pe.sinnori.common.util.CommonStaticUtil createChildDirectoriesOfBasePath
정보: the new child relative direcotry[D:\gitsinnori\sinnori\project\sample_test][client_build/web_build/src/main/java/kr/pe/sinnori/weblib/htmlstring] was created successfully
4월 11, 2018 6:00:24 오후 kr.pe.sinnori.common.util.CommonStaticUtil createChildDirectoriesOfBasePath
정보: the new child relative direcotry[D:\gitsinnori\sinnori\project\sample_test][client_build/web_build/src/main/java/kr/pe/sinnori/weblib/jdf] was created successfully
4월 11, 2018 6:00:24 오후 kr.pe.sinnori.common.util.CommonStaticUtil createChildDirectoriesOfBasePath
정보: the new child relative direcotry[D:\gitsinnori\sinnori\project\sample_test][client_build/web_build/src/test/java] was created successfully
4월 11, 2018 6:00:24 오후 kr.pe.sinnori.common.util.CommonStaticUtil createChildDirectoriesOfBasePath
정보: the new child relative direcotry[D:\gitsinnori\sinnori\project\sample_test][client_build/web_build/build] was created successfully
4월 11, 2018 6:00:24 오후 kr.pe.sinnori.common.util.CommonStaticUtil createChildDirectoriesOfBasePath
정보: the new child relative direcotry[D:\gitsinnori\sinnori\project\sample_test][client_build/web_build/dist] was created successfully
4월 11, 2018 6:00:24 오후 kr.pe.sinnori.common.buildsystem.ProjectBuilder createWebBuildChildDirectories
정보: main project[sample_test]'s web build child direcotry creation task end
4월 11, 2018 6:00:24 오후 kr.pe.sinnori.common.buildsystem.ProjectBuilder createWebClientBuildSystemFiles
정보: main project[sample_test]'s web client build system files creation task start
4월 11, 2018 6:00:24 오후 kr.pe.sinnori.common.buildsystem.ProjectBuilder createNewWebClientAntBuildFile
정보: main project[sample_test]'s web client ant build.xml file creation task start
4월 11, 2018 6:00:24 오후 kr.pe.sinnori.common.buildsystem.ProjectBuilder createNewWebClientAntBuildFile
정보: main project[sample_test]'s web client ant build.xml file creation task end
4월 11, 2018 6:00:24 오후 kr.pe.sinnori.common.buildsystem.ProjectBuilder createNewWebClientAntPropertiesFile
정보: main project[sample_test]'s web client ant properties file creation task start
4월 11, 2018 6:00:24 오후 kr.pe.sinnori.common.util.SequencedPropertiesUtil createNewSequencedPropertiesFile
정보: the sequenced properties file[D:\gitsinnori\sinnori\project\sample_test\client_build\web_build\webAnt.properties] was created
4월 11, 2018 6:00:24 오후 kr.pe.sinnori.common.buildsystem.ProjectBuilder createNewWebClientAntPropertiesFile
정보: main project[sample_test]'s web client ant properties file creation task end
4월 11, 2018 6:00:24 오후 kr.pe.sinnori.common.buildsystem.ProjectBuilder createNewWebClientMessageIOFileSet
정보: main project[sample_test]'s web client message io file set creation task start
4월 11, 2018 6:00:24 오후 kr.pe.sinnori.common.util.CommonStaticUtil createChildDirectoriesOfBasePath
정보: the new child relative direcotry[D:\gitsinnori\sinnori\project\sample_test\client_build\web_build\src\main\java\kr\pe\sinnori\impl\message][Echo] was created successfully
4월 11, 2018 6:00:24 오후 kr.pe.sinnori.common.buildsystem.ProjectBuilder createNewMessageSourceFile
정보: main project[sample_test]'s message file[Echo][D:\gitsinnori\sinnori\project\sample_test\client_build\web_build\src\main\java\kr\pe\sinnori\impl\message] creation task start
4월 11, 2018 6:00:24 오후 kr.pe.sinnori.common.buildsystem.ProjectBuilder createNewMessageSourceFile
정보: main project[sample_test]'s message file[Echo][D:\gitsinnori\sinnori\project\sample_test\client_build\web_build\src\main\java\kr\pe\sinnori\impl\message] creation task end
4월 11, 2018 6:00:24 오후 kr.pe.sinnori.common.buildsystem.ProjectBuilder createNewDecoderSourceFile
정보: main project[sample_test]'s message decoder file[Echo][D:\gitsinnori\sinnori\project\sample_test\client_build\web_build\src\main\java\kr\pe\sinnori\impl\message] creation task start
4월 11, 2018 6:00:24 오후 kr.pe.sinnori.common.buildsystem.ProjectBuilder createNewDecoderSourceFile
정보: main project[sample_test]'s message decoder file[Echo][D:\gitsinnori\sinnori\project\sample_test\client_build\web_build\src\main\java\kr\pe\sinnori\impl\message] creation task end
4월 11, 2018 6:00:24 오후 kr.pe.sinnori.common.buildsystem.ProjectBuilder createNewEncoderSourceFile
정보: main project[sample_test]'s message encoder file[Echo][D:\gitsinnori\sinnori\project\sample_test\client_build\web_build\src\main\java\kr\pe\sinnori\impl\message] creation task start
4월 11, 2018 6:00:24 오후 kr.pe.sinnori.common.buildsystem.ProjectBuilder createNewEncoderSourceFile
정보: main project[sample_test]'s message encoder file[Echo][D:\gitsinnori\sinnori\project\sample_test\client_build\web_build\src\main\java\kr\pe\sinnori\impl\message] creation task end
4월 11, 2018 6:00:24 오후 kr.pe.sinnori.common.buildsystem.ProjectBuilder createNewServerCodecSourceFile
정보: main project[sample_test]'s message server codec file[Echo][D:\gitsinnori\sinnori\project\sample_test\client_build\web_build\src\main\java\kr\pe\sinnori\impl\message] creation task start
4월 11, 2018 6:00:24 오후 kr.pe.sinnori.common.buildsystem.ProjectBuilder createNewServerCodecSourceFile
정보: main project[sample_test]'s message server codec file[Echo][D:\gitsinnori\sinnori\project\sample_test\client_build\web_build\src\main\java\kr\pe\sinnori\impl\message] creation task end
4월 11, 2018 6:00:24 오후 kr.pe.sinnori.common.buildsystem.ProjectBuilder createNewClientCodecSourceFile
정보: main project[sample_test]'s message client codec file[Echo][D:\gitsinnori\sinnori\project\sample_test\client_build\web_build\src\main\java\kr\pe\sinnori\impl\message] creation task start
4월 11, 2018 6:00:24 오후 kr.pe.sinnori.common.buildsystem.ProjectBuilder createNewClientCodecSourceFile
정보: main project[sample_test]'s message client codec file[Echo][D:\gitsinnori\sinnori\project\sample_test\client_build\web_build\src\main\java\kr\pe\sinnori\impl\message] creation task end
4월 11, 2018 6:00:24 오후 kr.pe.sinnori.common.util.CommonStaticUtil createChildDirectoriesOfBasePath
정보: the new child relative direcotry[D:\gitsinnori\sinnori\project\sample_test\client_build\web_build\src\main\java\kr\pe\sinnori\impl\message][PublicKeyReq] was created successfully
4월 11, 2018 6:00:24 오후 kr.pe.sinnori.common.buildsystem.ProjectBuilder createNewMessageSourceFile
정보: main project[sample_test]'s message file[PublicKeyReq][D:\gitsinnori\sinnori\project\sample_test\client_build\web_build\src\main\java\kr\pe\sinnori\impl\message] creation task start
4월 11, 2018 6:00:24 오후 kr.pe.sinnori.common.buildsystem.ProjectBuilder createNewMessageSourceFile
정보: main project[sample_test]'s message file[PublicKeyReq][D:\gitsinnori\sinnori\project\sample_test\client_build\web_build\src\main\java\kr\pe\sinnori\impl\message] creation task end
4월 11, 2018 6:00:24 오후 kr.pe.sinnori.common.buildsystem.ProjectBuilder createNewDecoderSourceFile
정보: main project[sample_test]'s message decoder file[PublicKeyReq][D:\gitsinnori\sinnori\project\sample_test\client_build\web_build\src\main\java\kr\pe\sinnori\impl\message] creation task start
4월 11, 2018 6:00:24 오후 kr.pe.sinnori.common.buildsystem.ProjectBuilder createNewDecoderSourceFile
정보: main project[sample_test]'s message decoder file[PublicKeyReq][D:\gitsinnori\sinnori\project\sample_test\client_build\web_build\src\main\java\kr\pe\sinnori\impl\message] creation task end
4월 11, 2018 6:00:24 오후 kr.pe.sinnori.common.buildsystem.ProjectBuilder createNewEncoderSourceFile
정보: main project[sample_test]'s message encoder file[PublicKeyReq][D:\gitsinnori\sinnori\project\sample_test\client_build\web_build\src\main\java\kr\pe\sinnori\impl\message] creation task start
4월 11, 2018 6:00:24 오후 kr.pe.sinnori.common.buildsystem.ProjectBuilder createNewEncoderSourceFile
정보: main project[sample_test]'s message encoder file[PublicKeyReq][D:\gitsinnori\sinnori\project\sample_test\client_build\web_build\src\main\java\kr\pe\sinnori\impl\message] creation task end
4월 11, 2018 6:00:24 오후 kr.pe.sinnori.common.buildsystem.ProjectBuilder createNewServerCodecSourceFile
정보: main project[sample_test]'s message server codec file[PublicKeyReq][D:\gitsinnori\sinnori\project\sample_test\client_build\web_build\src\main\java\kr\pe\sinnori\impl\message] creation task start
4월 11, 2018 6:00:24 오후 kr.pe.sinnori.common.buildsystem.ProjectBuilder createNewServerCodecSourceFile
정보: main project[sample_test]'s message server codec file[PublicKeyReq][D:\gitsinnori\sinnori\project\sample_test\client_build\web_build\src\main\java\kr\pe\sinnori\impl\message] creation task end
4월 11, 2018 6:00:24 오후 kr.pe.sinnori.common.buildsystem.ProjectBuilder createNewClientCodecSourceFile
정보: main project[sample_test]'s message client codec file[PublicKeyReq][D:\gitsinnori\sinnori\project\sample_test\client_build\web_build\src\main\java\kr\pe\sinnori\impl\message] creation task start
4월 11, 2018 6:00:24 오후 kr.pe.sinnori.common.buildsystem.ProjectBuilder createNewClientCodecSourceFile
정보: main project[sample_test]'s message client codec file[PublicKeyReq][D:\gitsinnori\sinnori\project\sample_test\client_build\web_build\src\main\java\kr\pe\sinnori\impl\message] creation task end
4월 11, 2018 6:00:24 오후 kr.pe.sinnori.common.util.CommonStaticUtil createChildDirectoriesOfBasePath
정보: the new child relative direcotry[D:\gitsinnori\sinnori\project\sample_test\client_build\web_build\src\main\java\kr\pe\sinnori\impl\message][PublicKeyRes] was created successfully
4월 11, 2018 6:00:24 오후 kr.pe.sinnori.common.buildsystem.ProjectBuilder createNewMessageSourceFile
정보: main project[sample_test]'s message file[PublicKeyRes][D:\gitsinnori\sinnori\project\sample_test\client_build\web_build\src\main\java\kr\pe\sinnori\impl\message] creation task start
4월 11, 2018 6:00:24 오후 kr.pe.sinnori.common.buildsystem.ProjectBuilder createNewMessageSourceFile
정보: main project[sample_test]'s message file[PublicKeyRes][D:\gitsinnori\sinnori\project\sample_test\client_build\web_build\src\main\java\kr\pe\sinnori\impl\message] creation task end
4월 11, 2018 6:00:24 오후 kr.pe.sinnori.common.buildsystem.ProjectBuilder createNewDecoderSourceFile
정보: main project[sample_test]'s message decoder file[PublicKeyRes][D:\gitsinnori\sinnori\project\sample_test\client_build\web_build\src\main\java\kr\pe\sinnori\impl\message] creation task start
4월 11, 2018 6:00:24 오후 kr.pe.sinnori.common.buildsystem.ProjectBuilder createNewDecoderSourceFile
정보: main project[sample_test]'s message decoder file[PublicKeyRes][D:\gitsinnori\sinnori\project\sample_test\client_build\web_build\src\main\java\kr\pe\sinnori\impl\message] creation task end
4월 11, 2018 6:00:24 오후 kr.pe.sinnori.common.buildsystem.ProjectBuilder createNewEncoderSourceFile
정보: main project[sample_test]'s message encoder file[PublicKeyRes][D:\gitsinnori\sinnori\project\sample_test\client_build\web_build\src\main\java\kr\pe\sinnori\impl\message] creation task start
4월 11, 2018 6:00:24 오후 kr.pe.sinnori.common.buildsystem.ProjectBuilder createNewEncoderSourceFile
정보: main project[sample_test]'s message encoder file[PublicKeyRes][D:\gitsinnori\sinnori\project\sample_test\client_build\web_build\src\main\java\kr\pe\sinnori\impl\message] creation task end
4월 11, 2018 6:00:24 오후 kr.pe.sinnori.common.buildsystem.ProjectBuilder createNewServerCodecSourceFile
정보: main project[sample_test]'s message server codec file[PublicKeyRes][D:\gitsinnori\sinnori\project\sample_test\client_build\web_build\src\main\java\kr\pe\sinnori\impl\message] creation task start
4월 11, 2018 6:00:24 오후 kr.pe.sinnori.common.buildsystem.ProjectBuilder createNewServerCodecSourceFile
정보: main project[sample_test]'s message server codec file[PublicKeyRes][D:\gitsinnori\sinnori\project\sample_test\client_build\web_build\src\main\java\kr\pe\sinnori\impl\message] creation task end
4월 11, 2018 6:00:24 오후 kr.pe.sinnori.common.buildsystem.ProjectBuilder createNewClientCodecSourceFile
정보: main project[sample_test]'s message client codec file[PublicKeyRes][D:\gitsinnori\sinnori\project\sample_test\client_build\web_build\src\main\java\kr\pe\sinnori\impl\message] creation task start
4월 11, 2018 6:00:24 오후 kr.pe.sinnori.common.buildsystem.ProjectBuilder createNewClientCodecSourceFile
정보: main project[sample_test]'s message client codec file[PublicKeyRes][D:\gitsinnori\sinnori\project\sample_test\client_build\web_build\src\main\java\kr\pe\sinnori\impl\message] creation task end
4월 11, 2018 6:00:24 오후 kr.pe.sinnori.common.buildsystem.ProjectBuilder createNewWebClientMessageIOFileSet
정보: main project[sample_test]'s web client message io file set creation task end
4월 11, 2018 6:00:24 오후 kr.pe.sinnori.common.buildsystem.ProjectBuilder copyWebClientSampleFiles
정보: mainproject[sample_test]'s web client sample source files copy task start
4월 11, 2018 6:00:24 오후 kr.pe.sinnori.common.buildsystem.ProjectBuilder copyWebClientSampleFiles
정보: mainproject[sample_test]'s web client sample source files copy task end
4월 11, 2018 6:00:24 오후 kr.pe.sinnori.common.buildsystem.ProjectBuilder createWebClientBuildSystemFiles
정보: main project[sample_test]'s web client build system files creation task end
4월 11, 2018 6:00:24 오후 kr.pe.sinnori.common.buildsystem.ProjectBuilder createWebRootChildDirectories
정보: main project[sample_test]'s web root child direcotry creation task start
4월 11, 2018 6:00:24 오후 kr.pe.sinnori.common.util.CommonStaticUtil createChildDirectoriesOfBasePath
정보: the child relative direcotry[D:\gitsinnori\sinnori\project\sample_test][web_app_base/upload] exist, so nothing
4월 11, 2018 6:00:24 오후 kr.pe.sinnori.common.util.CommonStaticUtil createChildDirectoriesOfBasePath
정보: the new child relative direcotry[D:\gitsinnori\sinnori\project\sample_test][web_app_base/ROOT/WEB-INF/classes] was created successfully
4월 11, 2018 6:00:24 오후 kr.pe.sinnori.common.util.CommonStaticUtil createChildDirectoriesOfBasePath
정보: the new child relative direcotry[D:\gitsinnori\sinnori\project\sample_test][web_app_base/ROOT/WEB-INF/lib] was created successfully
4월 11, 2018 6:00:24 오후 kr.pe.sinnori.common.buildsystem.ProjectBuilder createWebRootChildDirectories
정보: main project[sample_test]'s web root child direcotry creation task end
4월 11, 2018 6:00:24 오후 kr.pe.sinnori.common.buildsystem.ProjectBuilder createWebRootSampleFiles
정보: main project[sample_test]'s web root sample files creation task start
4월 11, 2018 6:00:24 오후 kr.pe.sinnori.common.buildsystem.ProjectBuilder copyWebRootSampleFiles
정보: main project[sample_test]'s web root sample files copy task start
4월 11, 2018 6:00:24 오후 kr.pe.sinnori.common.buildsystem.ProjectBuilder copyWebRootSampleFiles
정보: main project[sample_test]'s web root sample files copy task end
4월 11, 2018 6:00:24 오후 kr.pe.sinnori.common.buildsystem.ProjectBuilder createWebRootSampleFiles
정보: main project[sample_test]'s web root sample files creation task end
4월 11, 2018 6:00:24 오후 kr.pe.sinnori.common.buildsystem.ProjectBuilder overwriteSinnoriConfigFile
정보: main project[sample_test]'s config file overwrite task start
4월 11, 2018 6:00:24 오후 kr.pe.sinnori.common.buildsystem.ProjectBuilder overwriteSinnoriConfigFile
정보: main project[sample_test]'s config file overwrite task end
4월 11, 2018 6:00:24 오후 kr.pe.sinnori.common.buildsystem.ProjectBuilder changeProjectState
정보: main project[sample_test] changeProjectState method end
4월 11, 2018 6:00:24 오후 kr.pe.sinnori.common.buildsystem.ProjectBuilder isValidAppClientAntBuildXMLFile
정보: the app client ant build.xml file[D:\gitsinnori\sinnori\project\sample_test\client_build\app_build\build.xml] is bad :: whetherExist[false] isFile[false]
4월 11, 2018 6:00:24 오후 kr.pe.sinnori.common.buildsystem.ProjectBuilder changeProjectState
정보: main project[sample_test] changeProjectState method start
4월 11, 2018 6:00:24 오후 kr.pe.sinnori.common.buildsystem.ProjectBuilder changeProjectState
경고: the server build path[D:\gitsinnori\sinnori\project\sample_test\server_build] exist, so skip creation of server build system
4월 11, 2018 6:00:24 오후 kr.pe.sinnori.common.buildsystem.ProjectBuilder createAppBuildChildDirectories
정보: main project[sample_test]'s application build child direcotry creation task start
4월 11, 2018 6:00:24 오후 kr.pe.sinnori.common.util.CommonStaticUtil createChildDirectoriesOfBasePath
정보: the new child relative direcotry[D:\gitsinnori\sinnori\project\sample_test][client_build/app_build/corelib/ex] was created successfully
4월 11, 2018 6:00:24 오후 kr.pe.sinnori.common.util.CommonStaticUtil createChildDirectoriesOfBasePath
정보: the new child relative direcotry[D:\gitsinnori\sinnori\project\sample_test][client_build/app_build/corelib/in] was created successfully
4월 11, 2018 6:00:24 오후 kr.pe.sinnori.common.util.CommonStaticUtil createChildDirectoriesOfBasePath
정보: the new child relative direcotry[D:\gitsinnori\sinnori\project\sample_test][client_build/app_build/lib/main/ex] was created successfully
4월 11, 2018 6:00:24 오후 kr.pe.sinnori.common.util.CommonStaticUtil createChildDirectoriesOfBasePath
정보: the new child relative direcotry[D:\gitsinnori\sinnori\project\sample_test][client_build/app_build/lib/main/in] was created successfully
4월 11, 2018 6:00:24 오후 kr.pe.sinnori.common.util.CommonStaticUtil createChildDirectoriesOfBasePath
정보: the new child relative direcotry[D:\gitsinnori\sinnori\project\sample_test][client_build/app_build/lib/test] was created successfully
4월 11, 2018 6:00:24 오후 kr.pe.sinnori.common.util.CommonStaticUtil createChildDirectoriesOfBasePath
정보: the new child relative direcotry[D:\gitsinnori\sinnori\project\sample_test][client_build/app_build/src/main/java/kr/pe/sinnori/impl/message] was created successfully
4월 11, 2018 6:00:24 오후 kr.pe.sinnori.common.util.CommonStaticUtil createChildDirectoriesOfBasePath
정보: the new child relative direcotry[D:\gitsinnori\sinnori\project\sample_test][client_build/app_build/src/main/java/main] was created successfully
4월 11, 2018 6:00:24 오후 kr.pe.sinnori.common.util.CommonStaticUtil createChildDirectoriesOfBasePath
정보: the new child relative direcotry[D:\gitsinnori\sinnori\project\sample_test][client_build/app_build/src/test/java] was created successfully
4월 11, 2018 6:00:24 오후 kr.pe.sinnori.common.util.CommonStaticUtil createChildDirectoriesOfBasePath
정보: the new child relative direcotry[D:\gitsinnori\sinnori\project\sample_test][client_build/app_build/build] was created successfully
4월 11, 2018 6:00:24 오후 kr.pe.sinnori.common.util.CommonStaticUtil createChildDirectoriesOfBasePath
정보: the new child relative direcotry[D:\gitsinnori\sinnori\project\sample_test][client_build/app_build/dist] was created successfully
4월 11, 2018 6:00:24 오후 kr.pe.sinnori.common.buildsystem.ProjectBuilder createAppBuildChildDirectories
정보: main project[sample_test]'s application build child direcotry creation task end
4월 11, 2018 6:00:24 오후 kr.pe.sinnori.common.buildsystem.ProjectBuilder createAppClientBuildSystemFiles
정보: mainproject[sample_test]'s application client build system files creation task start
4월 11, 2018 6:00:24 오후 kr.pe.sinnori.common.buildsystem.ProjectBuilder createNewAppClientAntBuildXMLFile
정보: main project[sample_test]'s application client ant build.xml file creation task start
4월 11, 2018 6:00:24 오후 kr.pe.sinnori.common.buildsystem.ProjectBuilder createNewAppClientAntBuildXMLFile
정보: main project[sample_test]'s application client ant build.xml file creation task end
4월 11, 2018 6:00:24 오후 kr.pe.sinnori.common.buildsystem.ProjectBuilder createNewAppClientDosShellFile
정보: main project[sample_test]'s application client dos shell file creation task start
4월 11, 2018 6:00:24 오후 kr.pe.sinnori.common.buildsystem.ProjectBuilder createNewAppClientDosShellFile
정보: main project[sample_test]'s application client dos shell file creation task end
4월 11, 2018 6:00:24 오후 kr.pe.sinnori.common.buildsystem.ProjectBuilder createNewAppClientUnixShellFile
정보: main project[sample_test]'s application client unix shell file creation task start
4월 11, 2018 6:00:24 오후 kr.pe.sinnori.common.buildsystem.ProjectBuilder createNewAppClientUnixShellFile
정보: main project[sample_test]'s application client unix shell file creation task end
4월 11, 2018 6:00:24 오후 kr.pe.sinnori.common.buildsystem.ProjectBuilder copyAppClientSampleFiles
정보: application client sample source files copy task start
4월 11, 2018 6:00:24 오후 kr.pe.sinnori.common.buildsystem.ProjectBuilder copyAppClientSampleFiles
정보: application client sample source files copy task end
4월 11, 2018 6:00:24 오후 kr.pe.sinnori.common.buildsystem.ProjectBuilder createNewAppClientAllMessageIOFileSet
정보: main project[sample_test]'s application client message io file set creation task start
4월 11, 2018 6:00:24 오후 kr.pe.sinnori.common.util.CommonStaticUtil createChildDirectoriesOfBasePath
정보: the new child relative direcotry[D:\gitsinnori\sinnori\project\sample_test\client_build\app_build\src\main\java\kr\pe\sinnori\impl\message][Echo] was created successfully
4월 11, 2018 6:00:24 오후 kr.pe.sinnori.common.buildsystem.ProjectBuilder createNewMessageSourceFile
정보: main project[sample_test]'s message file[Echo][D:\gitsinnori\sinnori\project\sample_test\client_build\app_build\src\main\java\kr\pe\sinnori\impl\message] creation task start
4월 11, 2018 6:00:24 오후 kr.pe.sinnori.common.buildsystem.ProjectBuilder createNewMessageSourceFile
정보: main project[sample_test]'s message file[Echo][D:\gitsinnori\sinnori\project\sample_test\client_build\app_build\src\main\java\kr\pe\sinnori\impl\message] creation task end
4월 11, 2018 6:00:24 오후 kr.pe.sinnori.common.buildsystem.ProjectBuilder createNewDecoderSourceFile
정보: main project[sample_test]'s message decoder file[Echo][D:\gitsinnori\sinnori\project\sample_test\client_build\app_build\src\main\java\kr\pe\sinnori\impl\message] creation task start
4월 11, 2018 6:00:24 오후 kr.pe.sinnori.common.buildsystem.ProjectBuilder createNewDecoderSourceFile
정보: main project[sample_test]'s message decoder file[Echo][D:\gitsinnori\sinnori\project\sample_test\client_build\app_build\src\main\java\kr\pe\sinnori\impl\message] creation task end
4월 11, 2018 6:00:24 오후 kr.pe.sinnori.common.buildsystem.ProjectBuilder createNewEncoderSourceFile
정보: main project[sample_test]'s message encoder file[Echo][D:\gitsinnori\sinnori\project\sample_test\client_build\app_build\src\main\java\kr\pe\sinnori\impl\message] creation task start
4월 11, 2018 6:00:24 오후 kr.pe.sinnori.common.buildsystem.ProjectBuilder createNewEncoderSourceFile
정보: main project[sample_test]'s message encoder file[Echo][D:\gitsinnori\sinnori\project\sample_test\client_build\app_build\src\main\java\kr\pe\sinnori\impl\message] creation task end
4월 11, 2018 6:00:24 오후 kr.pe.sinnori.common.buildsystem.ProjectBuilder createNewServerCodecSourceFile
정보: main project[sample_test]'s message server codec file[Echo][D:\gitsinnori\sinnori\project\sample_test\client_build\app_build\src\main\java\kr\pe\sinnori\impl\message] creation task start
4월 11, 2018 6:00:24 오후 kr.pe.sinnori.common.buildsystem.ProjectBuilder createNewServerCodecSourceFile
정보: main project[sample_test]'s message server codec file[Echo][D:\gitsinnori\sinnori\project\sample_test\client_build\app_build\src\main\java\kr\pe\sinnori\impl\message] creation task end
4월 11, 2018 6:00:24 오후 kr.pe.sinnori.common.buildsystem.ProjectBuilder createNewClientCodecSourceFile
정보: main project[sample_test]'s message client codec file[Echo][D:\gitsinnori\sinnori\project\sample_test\client_build\app_build\src\main\java\kr\pe\sinnori\impl\message] creation task start
4월 11, 2018 6:00:24 오후 kr.pe.sinnori.common.buildsystem.ProjectBuilder createNewClientCodecSourceFile
정보: main project[sample_test]'s message client codec file[Echo][D:\gitsinnori\sinnori\project\sample_test\client_build\app_build\src\main\java\kr\pe\sinnori\impl\message] creation task end
4월 11, 2018 6:00:24 오후 kr.pe.sinnori.common.util.CommonStaticUtil createChildDirectoriesOfBasePath
정보: the new child relative direcotry[D:\gitsinnori\sinnori\project\sample_test\client_build\app_build\src\main\java\kr\pe\sinnori\impl\message][PublicKeyReq] was created successfully
4월 11, 2018 6:00:24 오후 kr.pe.sinnori.common.buildsystem.ProjectBuilder createNewMessageSourceFile
정보: main project[sample_test]'s message file[PublicKeyReq][D:\gitsinnori\sinnori\project\sample_test\client_build\app_build\src\main\java\kr\pe\sinnori\impl\message] creation task start
4월 11, 2018 6:00:24 오후 kr.pe.sinnori.common.buildsystem.ProjectBuilder createNewMessageSourceFile
정보: main project[sample_test]'s message file[PublicKeyReq][D:\gitsinnori\sinnori\project\sample_test\client_build\app_build\src\main\java\kr\pe\sinnori\impl\message] creation task end
4월 11, 2018 6:00:24 오후 kr.pe.sinnori.common.buildsystem.ProjectBuilder createNewDecoderSourceFile
정보: main project[sample_test]'s message decoder file[PublicKeyReq][D:\gitsinnori\sinnori\project\sample_test\client_build\app_build\src\main\java\kr\pe\sinnori\impl\message] creation task start
4월 11, 2018 6:00:24 오후 kr.pe.sinnori.common.buildsystem.ProjectBuilder createNewDecoderSourceFile
정보: main project[sample_test]'s message decoder file[PublicKeyReq][D:\gitsinnori\sinnori\project\sample_test\client_build\app_build\src\main\java\kr\pe\sinnori\impl\message] creation task end
4월 11, 2018 6:00:24 오후 kr.pe.sinnori.common.buildsystem.ProjectBuilder createNewEncoderSourceFile
정보: main project[sample_test]'s message encoder file[PublicKeyReq][D:\gitsinnori\sinnori\project\sample_test\client_build\app_build\src\main\java\kr\pe\sinnori\impl\message] creation task start
4월 11, 2018 6:00:24 오후 kr.pe.sinnori.common.buildsystem.ProjectBuilder createNewEncoderSourceFile
정보: main project[sample_test]'s message encoder file[PublicKeyReq][D:\gitsinnori\sinnori\project\sample_test\client_build\app_build\src\main\java\kr\pe\sinnori\impl\message] creation task end
4월 11, 2018 6:00:24 오후 kr.pe.sinnori.common.buildsystem.ProjectBuilder createNewServerCodecSourceFile
정보: main project[sample_test]'s message server codec file[PublicKeyReq][D:\gitsinnori\sinnori\project\sample_test\client_build\app_build\src\main\java\kr\pe\sinnori\impl\message] creation task start
4월 11, 2018 6:00:24 오후 kr.pe.sinnori.common.buildsystem.ProjectBuilder createNewServerCodecSourceFile
정보: main project[sample_test]'s message server codec file[PublicKeyReq][D:\gitsinnori\sinnori\project\sample_test\client_build\app_build\src\main\java\kr\pe\sinnori\impl\message] creation task end
4월 11, 2018 6:00:24 오후 kr.pe.sinnori.common.buildsystem.ProjectBuilder createNewClientCodecSourceFile
정보: main project[sample_test]'s message client codec file[PublicKeyReq][D:\gitsinnori\sinnori\project\sample_test\client_build\app_build\src\main\java\kr\pe\sinnori\impl\message] creation task start
4월 11, 2018 6:00:24 오후 kr.pe.sinnori.common.buildsystem.ProjectBuilder createNewClientCodecSourceFile
정보: main project[sample_test]'s message client codec file[PublicKeyReq][D:\gitsinnori\sinnori\project\sample_test\client_build\app_build\src\main\java\kr\pe\sinnori\impl\message] creation task end
4월 11, 2018 6:00:24 오후 kr.pe.sinnori.common.util.CommonStaticUtil createChildDirectoriesOfBasePath
정보: the new child relative direcotry[D:\gitsinnori\sinnori\project\sample_test\client_build\app_build\src\main\java\kr\pe\sinnori\impl\message][PublicKeyRes] was created successfully
4월 11, 2018 6:00:24 오후 kr.pe.sinnori.common.buildsystem.ProjectBuilder createNewMessageSourceFile
정보: main project[sample_test]'s message file[PublicKeyRes][D:\gitsinnori\sinnori\project\sample_test\client_build\app_build\src\main\java\kr\pe\sinnori\impl\message] creation task start
4월 11, 2018 6:00:24 오후 kr.pe.sinnori.common.buildsystem.ProjectBuilder createNewMessageSourceFile
정보: main project[sample_test]'s message file[PublicKeyRes][D:\gitsinnori\sinnori\project\sample_test\client_build\app_build\src\main\java\kr\pe\sinnori\impl\message] creation task end
4월 11, 2018 6:00:24 오후 kr.pe.sinnori.common.buildsystem.ProjectBuilder createNewDecoderSourceFile
정보: main project[sample_test]'s message decoder file[PublicKeyRes][D:\gitsinnori\sinnori\project\sample_test\client_build\app_build\src\main\java\kr\pe\sinnori\impl\message] creation task start
4월 11, 2018 6:00:24 오후 kr.pe.sinnori.common.buildsystem.ProjectBuilder createNewDecoderSourceFile
정보: main project[sample_test]'s message decoder file[PublicKeyRes][D:\gitsinnori\sinnori\project\sample_test\client_build\app_build\src\main\java\kr\pe\sinnori\impl\message] creation task end
4월 11, 2018 6:00:24 오후 kr.pe.sinnori.common.buildsystem.ProjectBuilder createNewEncoderSourceFile
정보: main project[sample_test]'s message encoder file[PublicKeyRes][D:\gitsinnori\sinnori\project\sample_test\client_build\app_build\src\main\java\kr\pe\sinnori\impl\message] creation task start
4월 11, 2018 6:00:24 오후 kr.pe.sinnori.common.buildsystem.ProjectBuilder createNewEncoderSourceFile
정보: main project[sample_test]'s message encoder file[PublicKeyRes][D:\gitsinnori\sinnori\project\sample_test\client_build\app_build\src\main\java\kr\pe\sinnori\impl\message] creation task end
4월 11, 2018 6:00:24 오후 kr.pe.sinnori.common.buildsystem.ProjectBuilder createNewServerCodecSourceFile
정보: main project[sample_test]'s message server codec file[PublicKeyRes][D:\gitsinnori\sinnori\project\sample_test\client_build\app_build\src\main\java\kr\pe\sinnori\impl\message] creation task start
4월 11, 2018 6:00:24 오후 kr.pe.sinnori.common.buildsystem.ProjectBuilder createNewServerCodecSourceFile
정보: main project[sample_test]'s message server codec file[PublicKeyRes][D:\gitsinnori\sinnori\project\sample_test\client_build\app_build\src\main\java\kr\pe\sinnori\impl\message] creation task end
4월 11, 2018 6:00:24 오후 kr.pe.sinnori.common.buildsystem.ProjectBuilder createNewClientCodecSourceFile
정보: main project[sample_test]'s message client codec file[PublicKeyRes][D:\gitsinnori\sinnori\project\sample_test\client_build\app_build\src\main\java\kr\pe\sinnori\impl\message] creation task start
4월 11, 2018 6:00:24 오후 kr.pe.sinnori.common.buildsystem.ProjectBuilder createNewClientCodecSourceFile
정보: main project[sample_test]'s message client codec file[PublicKeyRes][D:\gitsinnori\sinnori\project\sample_test\client_build\app_build\src\main\java\kr\pe\sinnori\impl\message] creation task end
4월 11, 2018 6:00:24 오후 kr.pe.sinnori.common.buildsystem.ProjectBuilder createNewAppClientAllMessageIOFileSet
정보: main project[sample_test]'s application client message io file set creation task end
4월 11, 2018 6:00:24 오후 kr.pe.sinnori.common.buildsystem.ProjectBuilder createAppClientBuildSystemFiles
정보: mainproject[sample_test]'s application client build system files creation task end
4월 11, 2018 6:00:24 오후 kr.pe.sinnori.common.buildsystem.ProjectBuilder deleteWebCientBuildPath
정보: main project[sample_test]'s web client build path deletion task start
4월 11, 2018 6:00:24 오후 kr.pe.sinnori.common.buildsystem.ProjectBuilder deleteWebCientBuildPath
정보: main project[sample_test]'s web client build path deletion task end
4월 11, 2018 6:00:24 오후 kr.pe.sinnori.common.buildsystem.ProjectBuilder deleteWebRoot
정보: main project[sample_test]'s web root path deletion task start
4월 11, 2018 6:00:24 오후 kr.pe.sinnori.common.buildsystem.ProjectBuilder deleteWebRoot
정보: main project[sample_test]'s web root path deletion task end
4월 11, 2018 6:00:24 오후 kr.pe.sinnori.common.buildsystem.ProjectBuilder overwriteSinnoriConfigFile
정보: main project[sample_test]'s config file overwrite task start
4월 11, 2018 6:00:24 오후 kr.pe.sinnori.common.buildsystem.ProjectBuilder overwriteSinnoriConfigFile
정보: main project[sample_test]'s config file overwrite task end
4월 11, 2018 6:00:24 오후 kr.pe.sinnori.common.buildsystem.ProjectBuilder changeProjectState
정보: main project[sample_test] changeProjectState method end
4월 11, 2018 6:00:24 오후 kr.pe.sinnori.common.buildsystem.ProjectBuilder isValidWebClientAntBuildXMLFile
정보: the web client ant build.xml file[D:\gitsinnori\sinnori\project\sample_test\client_build\web_build\build.xml] is bad :: whetherExist[false] isFile[false]
4월 11, 2018 6:00:24 오후 kr.pe.sinnori.common.buildsystem.ProjectBuilder isValidWebRootXMLFile
정보: the web.xml file[D:\gitsinnori\sinnori\project\sample_test\web_app_base\ROOT\WEB-INF\web.xml] located at web root directory is bad :: whetherExist[false] isFile[false]
4월 11, 2018 6:00:24 오후 kr.pe.sinnori.common.buildsystem.ProjectBuilder changeProjectState
정보: main project[sample_test] changeProjectState method start
4월 11, 2018 6:00:24 오후 kr.pe.sinnori.common.buildsystem.ProjectBuilder changeProjectState
경고: the server build path[D:\gitsinnori\sinnori\project\sample_test\server_build] exist, so skip creation of server build system
4월 11, 2018 6:00:24 오후 kr.pe.sinnori.common.buildsystem.ProjectBuilder changeProjectState
경고: the app client build path[D:\gitsinnori\sinnori\project\sample_test\client_build\app_build] exist, so skip creation of app client build system
4월 11, 2018 6:00:24 오후 kr.pe.sinnori.common.buildsystem.ProjectBuilder createWebBuildChildDirectories
정보: main project[sample_test]'s web build child direcotry creation task start
4월 11, 2018 6:00:24 오후 kr.pe.sinnori.common.util.CommonStaticUtil createChildDirectoriesOfBasePath
정보: the new child relative direcotry[D:\gitsinnori\sinnori\project\sample_test][client_build/web_build/corelib/ex] was created successfully
4월 11, 2018 6:00:24 오후 kr.pe.sinnori.common.util.CommonStaticUtil createChildDirectoriesOfBasePath
정보: the new child relative direcotry[D:\gitsinnori\sinnori\project\sample_test][client_build/web_build/corelib/in] was created successfully
4월 11, 2018 6:00:24 오후 kr.pe.sinnori.common.util.CommonStaticUtil createChildDirectoriesOfBasePath
정보: the new child relative direcotry[D:\gitsinnori\sinnori\project\sample_test][client_build/web_build/lib/main/ex] was created successfully
4월 11, 2018 6:00:24 오후 kr.pe.sinnori.common.util.CommonStaticUtil createChildDirectoriesOfBasePath
정보: the new child relative direcotry[D:\gitsinnori\sinnori\project\sample_test][client_build/web_build/lib/main/in] was created successfully
4월 11, 2018 6:00:24 오후 kr.pe.sinnori.common.util.CommonStaticUtil createChildDirectoriesOfBasePath
정보: the new child relative direcotry[D:\gitsinnori\sinnori\project\sample_test][client_build/web_build/lib/test] was created successfully
4월 11, 2018 6:00:24 오후 kr.pe.sinnori.common.util.CommonStaticUtil createChildDirectoriesOfBasePath
정보: the new child relative direcotry[D:\gitsinnori\sinnori\project\sample_test][client_build/web_build/src/main/java/kr/pe/sinnori/impl/message] was created successfully
4월 11, 2018 6:00:24 오후 kr.pe.sinnori.common.util.CommonStaticUtil createChildDirectoriesOfBasePath
정보: the new child relative direcotry[D:\gitsinnori\sinnori\project\sample_test][client_build/web_build/src/main/java//kr/pe/sinnori/servlet] was created successfully
4월 11, 2018 6:00:24 오후 kr.pe.sinnori.common.util.CommonStaticUtil createChildDirectoriesOfBasePath
정보: the new child relative direcotry[D:\gitsinnori\sinnori\project\sample_test][client_build/web_build/src/main/java/kr/pe/sinnori/weblib/common] was created successfully
4월 11, 2018 6:00:24 오후 kr.pe.sinnori.common.util.CommonStaticUtil createChildDirectoriesOfBasePath
정보: the new child relative direcotry[D:\gitsinnori\sinnori\project\sample_test][client_build/web_build/src/main/java/kr/pe/sinnori/weblib/htmlstring] was created successfully
4월 11, 2018 6:00:24 오후 kr.pe.sinnori.common.util.CommonStaticUtil createChildDirectoriesOfBasePath
정보: the new child relative direcotry[D:\gitsinnori\sinnori\project\sample_test][client_build/web_build/src/main/java/kr/pe/sinnori/weblib/jdf] was created successfully
4월 11, 2018 6:00:24 오후 kr.pe.sinnori.common.util.CommonStaticUtil createChildDirectoriesOfBasePath
정보: the new child relative direcotry[D:\gitsinnori\sinnori\project\sample_test][client_build/web_build/src/test/java] was created successfully
4월 11, 2018 6:00:24 오후 kr.pe.sinnori.common.util.CommonStaticUtil createChildDirectoriesOfBasePath
정보: the new child relative direcotry[D:\gitsinnori\sinnori\project\sample_test][client_build/web_build/build] was created successfully
4월 11, 2018 6:00:24 오후 kr.pe.sinnori.common.util.CommonStaticUtil createChildDirectoriesOfBasePath
정보: the new child relative direcotry[D:\gitsinnori\sinnori\project\sample_test][client_build/web_build/dist] was created successfully
4월 11, 2018 6:00:24 오후 kr.pe.sinnori.common.buildsystem.ProjectBuilder createWebBuildChildDirectories
정보: main project[sample_test]'s web build child direcotry creation task end
4월 11, 2018 6:00:24 오후 kr.pe.sinnori.common.buildsystem.ProjectBuilder createWebClientBuildSystemFiles
정보: main project[sample_test]'s web client build system files creation task start
4월 11, 2018 6:00:24 오후 kr.pe.sinnori.common.buildsystem.ProjectBuilder createNewWebClientAntBuildFile
정보: main project[sample_test]'s web client ant build.xml file creation task start
4월 11, 2018 6:00:24 오후 kr.pe.sinnori.common.buildsystem.ProjectBuilder createNewWebClientAntBuildFile
정보: main project[sample_test]'s web client ant build.xml file creation task end
4월 11, 2018 6:00:24 오후 kr.pe.sinnori.common.buildsystem.ProjectBuilder createNewWebClientAntPropertiesFile
정보: main project[sample_test]'s web client ant properties file creation task start
4월 11, 2018 6:00:24 오후 kr.pe.sinnori.common.util.SequencedPropertiesUtil createNewSequencedPropertiesFile
정보: the sequenced properties file[D:\gitsinnori\sinnori\project\sample_test\client_build\web_build\webAnt.properties] was created
4월 11, 2018 6:00:24 오후 kr.pe.sinnori.common.buildsystem.ProjectBuilder createNewWebClientAntPropertiesFile
정보: main project[sample_test]'s web client ant properties file creation task end
4월 11, 2018 6:00:24 오후 kr.pe.sinnori.common.buildsystem.ProjectBuilder createNewWebClientMessageIOFileSet
정보: main project[sample_test]'s web client message io file set creation task start
4월 11, 2018 6:00:24 오후 kr.pe.sinnori.common.util.CommonStaticUtil createChildDirectoriesOfBasePath
정보: the new child relative direcotry[D:\gitsinnori\sinnori\project\sample_test\client_build\web_build\src\main\java\kr\pe\sinnori\impl\message][Echo] was created successfully
4월 11, 2018 6:00:24 오후 kr.pe.sinnori.common.buildsystem.ProjectBuilder createNewMessageSourceFile
정보: main project[sample_test]'s message file[Echo][D:\gitsinnori\sinnori\project\sample_test\client_build\web_build\src\main\java\kr\pe\sinnori\impl\message] creation task start
4월 11, 2018 6:00:24 오후 kr.pe.sinnori.common.buildsystem.ProjectBuilder createNewMessageSourceFile
정보: main project[sample_test]'s message file[Echo][D:\gitsinnori\sinnori\project\sample_test\client_build\web_build\src\main\java\kr\pe\sinnori\impl\message] creation task end
4월 11, 2018 6:00:24 오후 kr.pe.sinnori.common.buildsystem.ProjectBuilder createNewDecoderSourceFile
정보: main project[sample_test]'s message decoder file[Echo][D:\gitsinnori\sinnori\project\sample_test\client_build\web_build\src\main\java\kr\pe\sinnori\impl\message] creation task start
4월 11, 2018 6:00:24 오후 kr.pe.sinnori.common.buildsystem.ProjectBuilder createNewDecoderSourceFile
정보: main project[sample_test]'s message decoder file[Echo][D:\gitsinnori\sinnori\project\sample_test\client_build\web_build\src\main\java\kr\pe\sinnori\impl\message] creation task end
4월 11, 2018 6:00:24 오후 kr.pe.sinnori.common.buildsystem.ProjectBuilder createNewEncoderSourceFile
정보: main project[sample_test]'s message encoder file[Echo][D:\gitsinnori\sinnori\project\sample_test\client_build\web_build\src\main\java\kr\pe\sinnori\impl\message] creation task start
4월 11, 2018 6:00:24 오후 kr.pe.sinnori.common.buildsystem.ProjectBuilder createNewEncoderSourceFile
정보: main project[sample_test]'s message encoder file[Echo][D:\gitsinnori\sinnori\project\sample_test\client_build\web_build\src\main\java\kr\pe\sinnori\impl\message] creation task end
4월 11, 2018 6:00:24 오후 kr.pe.sinnori.common.buildsystem.ProjectBuilder createNewServerCodecSourceFile
정보: main project[sample_test]'s message server codec file[Echo][D:\gitsinnori\sinnori\project\sample_test\client_build\web_build\src\main\java\kr\pe\sinnori\impl\message] creation task start
4월 11, 2018 6:00:24 오후 kr.pe.sinnori.common.buildsystem.ProjectBuilder createNewServerCodecSourceFile
정보: main project[sample_test]'s message server codec file[Echo][D:\gitsinnori\sinnori\project\sample_test\client_build\web_build\src\main\java\kr\pe\sinnori\impl\message] creation task end
4월 11, 2018 6:00:24 오후 kr.pe.sinnori.common.buildsystem.ProjectBuilder createNewClientCodecSourceFile
정보: main project[sample_test]'s message client codec file[Echo][D:\gitsinnori\sinnori\project\sample_test\client_build\web_build\src\main\java\kr\pe\sinnori\impl\message] creation task start
4월 11, 2018 6:00:24 오후 kr.pe.sinnori.common.buildsystem.ProjectBuilder createNewClientCodecSourceFile
정보: main project[sample_test]'s message client codec file[Echo][D:\gitsinnori\sinnori\project\sample_test\client_build\web_build\src\main\java\kr\pe\sinnori\impl\message] creation task end
4월 11, 2018 6:00:24 오후 kr.pe.sinnori.common.util.CommonStaticUtil createChildDirectoriesOfBasePath
정보: the new child relative direcotry[D:\gitsinnori\sinnori\project\sample_test\client_build\web_build\src\main\java\kr\pe\sinnori\impl\message][PublicKeyReq] was created successfully
4월 11, 2018 6:00:24 오후 kr.pe.sinnori.common.buildsystem.ProjectBuilder createNewMessageSourceFile
정보: main project[sample_test]'s message file[PublicKeyReq][D:\gitsinnori\sinnori\project\sample_test\client_build\web_build\src\main\java\kr\pe\sinnori\impl\message] creation task start
4월 11, 2018 6:00:24 오후 kr.pe.sinnori.common.buildsystem.ProjectBuilder createNewMessageSourceFile
정보: main project[sample_test]'s message file[PublicKeyReq][D:\gitsinnori\sinnori\project\sample_test\client_build\web_build\src\main\java\kr\pe\sinnori\impl\message] creation task end
4월 11, 2018 6:00:24 오후 kr.pe.sinnori.common.buildsystem.ProjectBuilder createNewDecoderSourceFile
정보: main project[sample_test]'s message decoder file[PublicKeyReq][D:\gitsinnori\sinnori\project\sample_test\client_build\web_build\src\main\java\kr\pe\sinnori\impl\message] creation task start
4월 11, 2018 6:00:24 오후 kr.pe.sinnori.common.buildsystem.ProjectBuilder createNewDecoderSourceFile
정보: main project[sample_test]'s message decoder file[PublicKeyReq][D:\gitsinnori\sinnori\project\sample_test\client_build\web_build\src\main\java\kr\pe\sinnori\impl\message] creation task end
4월 11, 2018 6:00:24 오후 kr.pe.sinnori.common.buildsystem.ProjectBuilder createNewEncoderSourceFile
정보: main project[sample_test]'s message encoder file[PublicKeyReq][D:\gitsinnori\sinnori\project\sample_test\client_build\web_build\src\main\java\kr\pe\sinnori\impl\message] creation task start
4월 11, 2018 6:00:25 오후 kr.pe.sinnori.common.buildsystem.ProjectBuilder createNewEncoderSourceFile
정보: main project[sample_test]'s message encoder file[PublicKeyReq][D:\gitsinnori\sinnori\project\sample_test\client_build\web_build\src\main\java\kr\pe\sinnori\impl\message] creation task end
4월 11, 2018 6:00:25 오후 kr.pe.sinnori.common.buildsystem.ProjectBuilder createNewServerCodecSourceFile
정보: main project[sample_test]'s message server codec file[PublicKeyReq][D:\gitsinnori\sinnori\project\sample_test\client_build\web_build\src\main\java\kr\pe\sinnori\impl\message] creation task start
4월 11, 2018 6:00:25 오후 kr.pe.sinnori.common.buildsystem.ProjectBuilder createNewServerCodecSourceFile
정보: main project[sample_test]'s message server codec file[PublicKeyReq][D:\gitsinnori\sinnori\project\sample_test\client_build\web_build\src\main\java\kr\pe\sinnori\impl\message] creation task end
4월 11, 2018 6:00:25 오후 kr.pe.sinnori.common.buildsystem.ProjectBuilder createNewClientCodecSourceFile
정보: main project[sample_test]'s message client codec file[PublicKeyReq][D:\gitsinnori\sinnori\project\sample_test\client_build\web_build\src\main\java\kr\pe\sinnori\impl\message] creation task start
4월 11, 2018 6:00:25 오후 kr.pe.sinnori.common.buildsystem.ProjectBuilder createNewClientCodecSourceFile
정보: main project[sample_test]'s message client codec file[PublicKeyReq][D:\gitsinnori\sinnori\project\sample_test\client_build\web_build\src\main\java\kr\pe\sinnori\impl\message] creation task end
4월 11, 2018 6:00:25 오후 kr.pe.sinnori.common.util.CommonStaticUtil createChildDirectoriesOfBasePath
정보: the new child relative direcotry[D:\gitsinnori\sinnori\project\sample_test\client_build\web_build\src\main\java\kr\pe\sinnori\impl\message][PublicKeyRes] was created successfully
4월 11, 2018 6:00:25 오후 kr.pe.sinnori.common.buildsystem.ProjectBuilder createNewMessageSourceFile
정보: main project[sample_test]'s message file[PublicKeyRes][D:\gitsinnori\sinnori\project\sample_test\client_build\web_build\src\main\java\kr\pe\sinnori\impl\message] creation task start
4월 11, 2018 6:00:25 오후 kr.pe.sinnori.common.buildsystem.ProjectBuilder createNewMessageSourceFile
정보: main project[sample_test]'s message file[PublicKeyRes][D:\gitsinnori\sinnori\project\sample_test\client_build\web_build\src\main\java\kr\pe\sinnori\impl\message] creation task end
4월 11, 2018 6:00:25 오후 kr.pe.sinnori.common.buildsystem.ProjectBuilder createNewDecoderSourceFile
정보: main project[sample_test]'s message decoder file[PublicKeyRes][D:\gitsinnori\sinnori\project\sample_test\client_build\web_build\src\main\java\kr\pe\sinnori\impl\message] creation task start
4월 11, 2018 6:00:25 오후 kr.pe.sinnori.common.buildsystem.ProjectBuilder createNewDecoderSourceFile
정보: main project[sample_test]'s message decoder file[PublicKeyRes][D:\gitsinnori\sinnori\project\sample_test\client_build\web_build\src\main\java\kr\pe\sinnori\impl\message] creation task end
4월 11, 2018 6:00:25 오후 kr.pe.sinnori.common.buildsystem.ProjectBuilder createNewEncoderSourceFile
정보: main project[sample_test]'s message encoder file[PublicKeyRes][D:\gitsinnori\sinnori\project\sample_test\client_build\web_build\src\main\java\kr\pe\sinnori\impl\message] creation task start
4월 11, 2018 6:00:25 오후 kr.pe.sinnori.common.buildsystem.ProjectBuilder createNewEncoderSourceFile
정보: main project[sample_test]'s message encoder file[PublicKeyRes][D:\gitsinnori\sinnori\project\sample_test\client_build\web_build\src\main\java\kr\pe\sinnori\impl\message] creation task end
4월 11, 2018 6:00:25 오후 kr.pe.sinnori.common.buildsystem.ProjectBuilder createNewServerCodecSourceFile
정보: main project[sample_test]'s message server codec file[PublicKeyRes][D:\gitsinnori\sinnori\project\sample_test\client_build\web_build\src\main\java\kr\pe\sinnori\impl\message] creation task start
4월 11, 2018 6:00:25 오후 kr.pe.sinnori.common.buildsystem.ProjectBuilder createNewServerCodecSourceFile
정보: main project[sample_test]'s message server codec file[PublicKeyRes][D:\gitsinnori\sinnori\project\sample_test\client_build\web_build\src\main\java\kr\pe\sinnori\impl\message] creation task end
4월 11, 2018 6:00:25 오후 kr.pe.sinnori.common.buildsystem.ProjectBuilder createNewClientCodecSourceFile
정보: main project[sample_test]'s message client codec file[PublicKeyRes][D:\gitsinnori\sinnori\project\sample_test\client_build\web_build\src\main\java\kr\pe\sinnori\impl\message] creation task start
4월 11, 2018 6:00:25 오후 kr.pe.sinnori.common.buildsystem.ProjectBuilder createNewClientCodecSourceFile
정보: main project[sample_test]'s message client codec file[PublicKeyRes][D:\gitsinnori\sinnori\project\sample_test\client_build\web_build\src\main\java\kr\pe\sinnori\impl\message] creation task end
4월 11, 2018 6:00:25 오후 kr.pe.sinnori.common.buildsystem.ProjectBuilder createNewWebClientMessageIOFileSet
정보: main project[sample_test]'s web client message io file set creation task end
4월 11, 2018 6:00:25 오후 kr.pe.sinnori.common.buildsystem.ProjectBuilder copyWebClientSampleFiles
정보: mainproject[sample_test]'s web client sample source files copy task start
4월 11, 2018 6:00:25 오후 kr.pe.sinnori.common.buildsystem.ProjectBuilder copyWebClientSampleFiles
정보: mainproject[sample_test]'s web client sample source files copy task end
4월 11, 2018 6:00:25 오후 kr.pe.sinnori.common.buildsystem.ProjectBuilder createWebClientBuildSystemFiles
정보: main project[sample_test]'s web client build system files creation task end
4월 11, 2018 6:00:25 오후 kr.pe.sinnori.common.buildsystem.ProjectBuilder createWebRootChildDirectories
정보: main project[sample_test]'s web root child direcotry creation task start
4월 11, 2018 6:00:25 오후 kr.pe.sinnori.common.util.CommonStaticUtil createChildDirectoriesOfBasePath
정보: the child relative direcotry[D:\gitsinnori\sinnori\project\sample_test][web_app_base/upload] exist, so nothing
4월 11, 2018 6:00:25 오후 kr.pe.sinnori.common.util.CommonStaticUtil createChildDirectoriesOfBasePath
정보: the new child relative direcotry[D:\gitsinnori\sinnori\project\sample_test][web_app_base/ROOT/WEB-INF/classes] was created successfully
4월 11, 2018 6:00:25 오후 kr.pe.sinnori.common.util.CommonStaticUtil createChildDirectoriesOfBasePath
정보: the new child relative direcotry[D:\gitsinnori\sinnori\project\sample_test][web_app_base/ROOT/WEB-INF/lib] was created successfully
4월 11, 2018 6:00:25 오후 kr.pe.sinnori.common.buildsystem.ProjectBuilder createWebRootChildDirectories
정보: main project[sample_test]'s web root child direcotry creation task end
4월 11, 2018 6:00:25 오후 kr.pe.sinnori.common.buildsystem.ProjectBuilder createWebRootSampleFiles
정보: main project[sample_test]'s web root sample files creation task start
4월 11, 2018 6:00:25 오후 kr.pe.sinnori.common.buildsystem.ProjectBuilder copyWebRootSampleFiles
정보: main project[sample_test]'s web root sample files copy task start
4월 11, 2018 6:00:25 오후 kr.pe.sinnori.common.buildsystem.ProjectBuilder copyWebRootSampleFiles
정보: main project[sample_test]'s web root sample files copy task end
4월 11, 2018 6:00:25 오후 kr.pe.sinnori.common.buildsystem.ProjectBuilder createWebRootSampleFiles
정보: main project[sample_test]'s web root sample files creation task end
4월 11, 2018 6:00:25 오후 kr.pe.sinnori.common.buildsystem.ProjectBuilder overwriteSinnoriConfigFile
정보: main project[sample_test]'s config file overwrite task start
4월 11, 2018 6:00:25 오후 kr.pe.sinnori.common.buildsystem.ProjectBuilder overwriteSinnoriConfigFile
정보: main project[sample_test]'s config file overwrite task end
4월 11, 2018 6:00:25 오후 kr.pe.sinnori.common.buildsystem.ProjectBuilder changeProjectState
정보: main project[sample_test] changeProjectState method end
4월 11, 2018 6:00:25 오후 kr.pe.sinnori.common.buildsystem.ProjectBuilder createChildDirectories
정보: main project[sample_test]'s child direcotry creation task start
4월 11, 2018 6:00:25 오후 kr.pe.sinnori.common.buildsystem.ProjectBuilder createCommonChildDirectories
정보: main project[sample_test]'s common child direcotry creation task start
4월 11, 2018 6:00:25 오후 kr.pe.sinnori.common.util.CommonStaticUtil createChildDirectoriesOfBasePath
정보: the new child relative direcotry[D:\gitsinnori\sinnori\project\sample_test][config] was created successfully
4월 11, 2018 6:00:25 오후 kr.pe.sinnori.common.util.CommonStaticUtil createChildDirectoriesOfBasePath
정보: the new child relative direcotry[D:\gitsinnori\sinnori\project\sample_test][resources/dbcp] was created successfully
4월 11, 2018 6:00:25 오후 kr.pe.sinnori.common.util.CommonStaticUtil createChildDirectoriesOfBasePath
정보: the new child relative direcotry[D:\gitsinnori\sinnori\project\sample_test][resources/message_info] was created successfully
4월 11, 2018 6:00:25 오후 kr.pe.sinnori.common.util.CommonStaticUtil createChildDirectoriesOfBasePath
정보: the new child relative direcotry[D:\gitsinnori\sinnori\project\sample_test][resources/rsa_keypair] was created successfully
4월 11, 2018 6:00:25 오후 kr.pe.sinnori.common.util.CommonStaticUtil createChildDirectoriesOfBasePath
정보: the new child relative direcotry[D:\gitsinnori\sinnori\project\sample_test][log/apache] was created successfully
4월 11, 2018 6:00:25 오후 kr.pe.sinnori.common.util.CommonStaticUtil createChildDirectoriesOfBasePath
정보: the new child relative direcotry[D:\gitsinnori\sinnori\project\sample_test][log/client] was created successfully
4월 11, 2018 6:00:25 오후 kr.pe.sinnori.common.util.CommonStaticUtil createChildDirectoriesOfBasePath
정보: the new child relative direcotry[D:\gitsinnori\sinnori\project\sample_test][log/server] was created successfully
4월 11, 2018 6:00:25 오후 kr.pe.sinnori.common.util.CommonStaticUtil createChildDirectoriesOfBasePath
정보: the new child relative direcotry[D:\gitsinnori\sinnori\project\sample_test][log/servlet] was created successfully
4월 11, 2018 6:00:25 오후 kr.pe.sinnori.common.buildsystem.ProjectBuilder createCommonChildDirectories
정보: main project[sample_test]'s common child direcotry creation task end
4월 11, 2018 6:00:25 오후 kr.pe.sinnori.common.buildsystem.ProjectBuilder createWebBuildChildDirectories
정보: main project[sample_test]'s web build child direcotry creation task start
4월 11, 2018 6:00:25 오후 kr.pe.sinnori.common.util.CommonStaticUtil createChildDirectoriesOfBasePath
정보: the new child relative direcotry[D:\gitsinnori\sinnori\project\sample_test][client_build/web_build/corelib/ex] was created successfully
4월 11, 2018 6:00:25 오후 kr.pe.sinnori.common.util.CommonStaticUtil createChildDirectoriesOfBasePath
정보: the new child relative direcotry[D:\gitsinnori\sinnori\project\sample_test][client_build/web_build/corelib/in] was created successfully
4월 11, 2018 6:00:25 오후 kr.pe.sinnori.common.util.CommonStaticUtil createChildDirectoriesOfBasePath
정보: the new child relative direcotry[D:\gitsinnori\sinnori\project\sample_test][client_build/web_build/lib/main/ex] was created successfully
4월 11, 2018 6:00:25 오후 kr.pe.sinnori.common.util.CommonStaticUtil createChildDirectoriesOfBasePath
정보: the new child relative direcotry[D:\gitsinnori\sinnori\project\sample_test][client_build/web_build/lib/main/in] was created successfully
4월 11, 2018 6:00:25 오후 kr.pe.sinnori.common.util.CommonStaticUtil createChildDirectoriesOfBasePath
정보: the new child relative direcotry[D:\gitsinnori\sinnori\project\sample_test][client_build/web_build/lib/test] was created successfully
4월 11, 2018 6:00:25 오후 kr.pe.sinnori.common.util.CommonStaticUtil createChildDirectoriesOfBasePath
정보: the new child relative direcotry[D:\gitsinnori\sinnori\project\sample_test][client_build/web_build/src/main/java/kr/pe/sinnori/impl/message] was created successfully
4월 11, 2018 6:00:25 오후 kr.pe.sinnori.common.util.CommonStaticUtil createChildDirectoriesOfBasePath
정보: the new child relative direcotry[D:\gitsinnori\sinnori\project\sample_test][client_build/web_build/src/main/java//kr/pe/sinnori/servlet] was created successfully
4월 11, 2018 6:00:25 오후 kr.pe.sinnori.common.util.CommonStaticUtil createChildDirectoriesOfBasePath
정보: the new child relative direcotry[D:\gitsinnori\sinnori\project\sample_test][client_build/web_build/src/main/java/kr/pe/sinnori/weblib/common] was created successfully
4월 11, 2018 6:00:25 오후 kr.pe.sinnori.common.util.CommonStaticUtil createChildDirectoriesOfBasePath
정보: the new child relative direcotry[D:\gitsinnori\sinnori\project\sample_test][client_build/web_build/src/main/java/kr/pe/sinnori/weblib/htmlstring] was created successfully
4월 11, 2018 6:00:25 오후 kr.pe.sinnori.common.util.CommonStaticUtil createChildDirectoriesOfBasePath
정보: the new child relative direcotry[D:\gitsinnori\sinnori\project\sample_test][client_build/web_build/src/main/java/kr/pe/sinnori/weblib/jdf] was created successfully
4월 11, 2018 6:00:25 오후 kr.pe.sinnori.common.util.CommonStaticUtil createChildDirectoriesOfBasePath
정보: the new child relative direcotry[D:\gitsinnori\sinnori\project\sample_test][client_build/web_build/src/test/java] was created successfully
4월 11, 2018 6:00:25 오후 kr.pe.sinnori.common.util.CommonStaticUtil createChildDirectoriesOfBasePath
정보: the new child relative direcotry[D:\gitsinnori\sinnori\project\sample_test][client_build/web_build/build] was created successfully
4월 11, 2018 6:00:25 오후 kr.pe.sinnori.common.util.CommonStaticUtil createChildDirectoriesOfBasePath
정보: the new child relative direcotry[D:\gitsinnori\sinnori\project\sample_test][client_build/web_build/dist] was created successfully
4월 11, 2018 6:00:25 오후 kr.pe.sinnori.common.buildsystem.ProjectBuilder createWebBuildChildDirectories
정보: main project[sample_test]'s web build child direcotry creation task end
4월 11, 2018 6:00:25 오후 kr.pe.sinnori.common.buildsystem.ProjectBuilder createWebRootChildDirectories
정보: main project[sample_test]'s web root child direcotry creation task start
4월 11, 2018 6:00:25 오후 kr.pe.sinnori.common.util.CommonStaticUtil createChildDirectoriesOfBasePath
정보: the new child relative direcotry[D:\gitsinnori\sinnori\project\sample_test][web_app_base/upload] was created successfully
4월 11, 2018 6:00:25 오후 kr.pe.sinnori.common.util.CommonStaticUtil createChildDirectoriesOfBasePath
정보: the new child relative direcotry[D:\gitsinnori\sinnori\project\sample_test][web_app_base/ROOT/WEB-INF/classes] was created successfully
4월 11, 2018 6:00:25 오후 kr.pe.sinnori.common.util.CommonStaticUtil createChildDirectoriesOfBasePath
정보: the new child relative direcotry[D:\gitsinnori\sinnori\project\sample_test][web_app_base/ROOT/WEB-INF/lib] was created successfully
4월 11, 2018 6:00:25 오후 kr.pe.sinnori.common.buildsystem.ProjectBuilder createWebRootChildDirectories
정보: main project[sample_test]'s web root child direcotry creation task end
4월 11, 2018 6:00:25 오후 kr.pe.sinnori.common.buildsystem.ProjectBuilder createChildDirectories
정보: main project[sample_test]'s child direcotry creation task end
4월 11, 2018 6:00:25 오후 kr.pe.sinnori.common.buildsystem.ProjectBuilder createFiles
정보: main project[sample_test]'s file creation task start
4월 11, 2018 6:00:25 오후 kr.pe.sinnori.common.buildsystem.ProjectBuilder createNewSinnoriConfigFile
정보: main project[sample_test]'s config file creation task start
4월 11, 2018 6:00:25 오후 kr.pe.sinnori.common.util.SequencedPropertiesUtil createNewSequencedPropertiesFile
정보: the sequenced properties file[D:\gitsinnori\sinnori\project\sample_test\config\sinnori.properties] was created
4월 11, 2018 6:00:25 오후 kr.pe.sinnori.common.buildsystem.ProjectBuilder createNewSinnoriConfigFile
정보: main project[sample_test]'s config file creation task end
4월 11, 2018 6:00:25 오후 kr.pe.sinnori.common.buildsystem.ProjectBuilder copySampleFilesToResoruces
정보: the mainproject[sample_test]'s resources directory copy task start
4월 11, 2018 6:00:25 오후 kr.pe.sinnori.common.buildsystem.ProjectBuilder copySampleFilesToResoruces
정보: the mainproject[sample_test]'s resources directory copy task end
4월 11, 2018 6:00:25 오후 kr.pe.sinnori.common.buildsystem.ProjectBuilder createWebClientBuildSystemFiles
정보: main project[sample_test]'s web client build system files creation task start
4월 11, 2018 6:00:25 오후 kr.pe.sinnori.common.buildsystem.ProjectBuilder createNewWebClientAntBuildFile
정보: main project[sample_test]'s web client ant build.xml file creation task start
4월 11, 2018 6:00:25 오후 kr.pe.sinnori.common.buildsystem.ProjectBuilder createNewWebClientAntBuildFile
정보: main project[sample_test]'s web client ant build.xml file creation task end
4월 11, 2018 6:00:25 오후 kr.pe.sinnori.common.buildsystem.ProjectBuilder createNewWebClientAntPropertiesFile
정보: main project[sample_test]'s web client ant properties file creation task start
4월 11, 2018 6:00:25 오후 kr.pe.sinnori.common.util.SequencedPropertiesUtil createNewSequencedPropertiesFile
정보: the sequenced properties file[D:\gitsinnori\sinnori\project\sample_test\client_build\web_build\webAnt.properties] was created
4월 11, 2018 6:00:25 오후 kr.pe.sinnori.common.buildsystem.ProjectBuilder createNewWebClientAntPropertiesFile
정보: main project[sample_test]'s web client ant properties file creation task end
4월 11, 2018 6:00:25 오후 kr.pe.sinnori.common.buildsystem.ProjectBuilder createNewWebClientMessageIOFileSet
정보: main project[sample_test]'s web client message io file set creation task start
4월 11, 2018 6:00:25 오후 kr.pe.sinnori.common.util.CommonStaticUtil createChildDirectoriesOfBasePath
정보: the new child relative direcotry[D:\gitsinnori\sinnori\project\sample_test\client_build\web_build\src\main\java\kr\pe\sinnori\impl\message][Echo] was created successfully
4월 11, 2018 6:00:25 오후 kr.pe.sinnori.common.buildsystem.ProjectBuilder createNewMessageSourceFile
정보: main project[sample_test]'s message file[Echo][D:\gitsinnori\sinnori\project\sample_test\client_build\web_build\src\main\java\kr\pe\sinnori\impl\message] creation task start
4월 11, 2018 6:00:25 오후 kr.pe.sinnori.common.buildsystem.ProjectBuilder createNewMessageSourceFile
정보: main project[sample_test]'s message file[Echo][D:\gitsinnori\sinnori\project\sample_test\client_build\web_build\src\main\java\kr\pe\sinnori\impl\message] creation task end
4월 11, 2018 6:00:25 오후 kr.pe.sinnori.common.buildsystem.ProjectBuilder createNewDecoderSourceFile
정보: main project[sample_test]'s message decoder file[Echo][D:\gitsinnori\sinnori\project\sample_test\client_build\web_build\src\main\java\kr\pe\sinnori\impl\message] creation task start
4월 11, 2018 6:00:25 오후 kr.pe.sinnori.common.buildsystem.ProjectBuilder createNewDecoderSourceFile
정보: main project[sample_test]'s message decoder file[Echo][D:\gitsinnori\sinnori\project\sample_test\client_build\web_build\src\main\java\kr\pe\sinnori\impl\message] creation task end
4월 11, 2018 6:00:25 오후 kr.pe.sinnori.common.buildsystem.ProjectBuilder createNewEncoderSourceFile
정보: main project[sample_test]'s message encoder file[Echo][D:\gitsinnori\sinnori\project\sample_test\client_build\web_build\src\main\java\kr\pe\sinnori\impl\message] creation task start
4월 11, 2018 6:00:25 오후 kr.pe.sinnori.common.buildsystem.ProjectBuilder createNewEncoderSourceFile
정보: main project[sample_test]'s message encoder file[Echo][D:\gitsinnori\sinnori\project\sample_test\client_build\web_build\src\main\java\kr\pe\sinnori\impl\message] creation task end
4월 11, 2018 6:00:25 오후 kr.pe.sinnori.common.buildsystem.ProjectBuilder createNewServerCodecSourceFile
정보: main project[sample_test]'s message server codec file[Echo][D:\gitsinnori\sinnori\project\sample_test\client_build\web_build\src\main\java\kr\pe\sinnori\impl\message] creation task start
4월 11, 2018 6:00:25 오후 kr.pe.sinnori.common.buildsystem.ProjectBuilder createNewServerCodecSourceFile
정보: main project[sample_test]'s message server codec file[Echo][D:\gitsinnori\sinnori\project\sample_test\client_build\web_build\src\main\java\kr\pe\sinnori\impl\message] creation task end
4월 11, 2018 6:00:25 오후 kr.pe.sinnori.common.buildsystem.ProjectBuilder createNewClientCodecSourceFile
정보: main project[sample_test]'s message client codec file[Echo][D:\gitsinnori\sinnori\project\sample_test\client_build\web_build\src\main\java\kr\pe\sinnori\impl\message] creation task start
4월 11, 2018 6:00:25 오후 kr.pe.sinnori.common.buildsystem.ProjectBuilder createNewClientCodecSourceFile
정보: main project[sample_test]'s message client codec file[Echo][D:\gitsinnori\sinnori\project\sample_test\client_build\web_build\src\main\java\kr\pe\sinnori\impl\message] creation task end
4월 11, 2018 6:00:25 오후 kr.pe.sinnori.common.util.CommonStaticUtil createChildDirectoriesOfBasePath
정보: the new child relative direcotry[D:\gitsinnori\sinnori\project\sample_test\client_build\web_build\src\main\java\kr\pe\sinnori\impl\message][PublicKeyReq] was created successfully
4월 11, 2018 6:00:25 오후 kr.pe.sinnori.common.buildsystem.ProjectBuilder createNewMessageSourceFile
정보: main project[sample_test]'s message file[PublicKeyReq][D:\gitsinnori\sinnori\project\sample_test\client_build\web_build\src\main\java\kr\pe\sinnori\impl\message] creation task start
4월 11, 2018 6:00:25 오후 kr.pe.sinnori.common.buildsystem.ProjectBuilder createNewMessageSourceFile
정보: main project[sample_test]'s message file[PublicKeyReq][D:\gitsinnori\sinnori\project\sample_test\client_build\web_build\src\main\java\kr\pe\sinnori\impl\message] creation task end
4월 11, 2018 6:00:25 오후 kr.pe.sinnori.common.buildsystem.ProjectBuilder createNewDecoderSourceFile
정보: main project[sample_test]'s message decoder file[PublicKeyReq][D:\gitsinnori\sinnori\project\sample_test\client_build\web_build\src\main\java\kr\pe\sinnori\impl\message] creation task start
4월 11, 2018 6:00:25 오후 kr.pe.sinnori.common.buildsystem.ProjectBuilder createNewDecoderSourceFile
정보: main project[sample_test]'s message decoder file[PublicKeyReq][D:\gitsinnori\sinnori\project\sample_test\client_build\web_build\src\main\java\kr\pe\sinnori\impl\message] creation task end
4월 11, 2018 6:00:25 오후 kr.pe.sinnori.common.buildsystem.ProjectBuilder createNewEncoderSourceFile
정보: main project[sample_test]'s message encoder file[PublicKeyReq][D:\gitsinnori\sinnori\project\sample_test\client_build\web_build\src\main\java\kr\pe\sinnori\impl\message] creation task start
4월 11, 2018 6:00:25 오후 kr.pe.sinnori.common.buildsystem.ProjectBuilder createNewEncoderSourceFile
정보: main project[sample_test]'s message encoder file[PublicKeyReq][D:\gitsinnori\sinnori\project\sample_test\client_build\web_build\src\main\java\kr\pe\sinnori\impl\message] creation task end
4월 11, 2018 6:00:25 오후 kr.pe.sinnori.common.buildsystem.ProjectBuilder createNewServerCodecSourceFile
정보: main project[sample_test]'s message server codec file[PublicKeyReq][D:\gitsinnori\sinnori\project\sample_test\client_build\web_build\src\main\java\kr\pe\sinnori\impl\message] creation task start
4월 11, 2018 6:00:25 오후 kr.pe.sinnori.common.buildsystem.ProjectBuilder createNewServerCodecSourceFile
정보: main project[sample_test]'s message server codec file[PublicKeyReq][D:\gitsinnori\sinnori\project\sample_test\client_build\web_build\src\main\java\kr\pe\sinnori\impl\message] creation task end
4월 11, 2018 6:00:25 오후 kr.pe.sinnori.common.buildsystem.ProjectBuilder createNewClientCodecSourceFile
정보: main project[sample_test]'s message client codec file[PublicKeyReq][D:\gitsinnori\sinnori\project\sample_test\client_build\web_build\src\main\java\kr\pe\sinnori\impl\message] creation task start
4월 11, 2018 6:00:25 오후 kr.pe.sinnori.common.buildsystem.ProjectBuilder createNewClientCodecSourceFile
정보: main project[sample_test]'s message client codec file[PublicKeyReq][D:\gitsinnori\sinnori\project\sample_test\client_build\web_build\src\main\java\kr\pe\sinnori\impl\message] creation task end
4월 11, 2018 6:00:25 오후 kr.pe.sinnori.common.util.CommonStaticUtil createChildDirectoriesOfBasePath
정보: the new child relative direcotry[D:\gitsinnori\sinnori\project\sample_test\client_build\web_build\src\main\java\kr\pe\sinnori\impl\message][PublicKeyRes] was created successfully
4월 11, 2018 6:00:25 오후 kr.pe.sinnori.common.buildsystem.ProjectBuilder createNewMessageSourceFile
정보: main project[sample_test]'s message file[PublicKeyRes][D:\gitsinnori\sinnori\project\sample_test\client_build\web_build\src\main\java\kr\pe\sinnori\impl\message] creation task start
4월 11, 2018 6:00:25 오후 kr.pe.sinnori.common.buildsystem.ProjectBuilder createNewMessageSourceFile
정보: main project[sample_test]'s message file[PublicKeyRes][D:\gitsinnori\sinnori\project\sample_test\client_build\web_build\src\main\java\kr\pe\sinnori\impl\message] creation task end
4월 11, 2018 6:00:25 오후 kr.pe.sinnori.common.buildsystem.ProjectBuilder createNewDecoderSourceFile
정보: main project[sample_test]'s message decoder file[PublicKeyRes][D:\gitsinnori\sinnori\project\sample_test\client_build\web_build\src\main\java\kr\pe\sinnori\impl\message] creation task start
4월 11, 2018 6:00:25 오후 kr.pe.sinnori.common.buildsystem.ProjectBuilder createNewDecoderSourceFile
정보: main project[sample_test]'s message decoder file[PublicKeyRes][D:\gitsinnori\sinnori\project\sample_test\client_build\web_build\src\main\java\kr\pe\sinnori\impl\message] creation task end
4월 11, 2018 6:00:25 오후 kr.pe.sinnori.common.buildsystem.ProjectBuilder createNewEncoderSourceFile
정보: main project[sample_test]'s message encoder file[PublicKeyRes][D:\gitsinnori\sinnori\project\sample_test\client_build\web_build\src\main\java\kr\pe\sinnori\impl\message] creation task start
4월 11, 2018 6:00:25 오후 kr.pe.sinnori.common.buildsystem.ProjectBuilder createNewEncoderSourceFile
정보: main project[sample_test]'s message encoder file[PublicKeyRes][D:\gitsinnori\sinnori\project\sample_test\client_build\web_build\src\main\java\kr\pe\sinnori\impl\message] creation task end
4월 11, 2018 6:00:25 오후 kr.pe.sinnori.common.buildsystem.ProjectBuilder createNewServerCodecSourceFile
정보: main project[sample_test]'s message server codec file[PublicKeyRes][D:\gitsinnori\sinnori\project\sample_test\client_build\web_build\src\main\java\kr\pe\sinnori\impl\message] creation task start
4월 11, 2018 6:00:25 오후 kr.pe.sinnori.common.buildsystem.ProjectBuilder createNewServerCodecSourceFile
정보: main project[sample_test]'s message server codec file[PublicKeyRes][D:\gitsinnori\sinnori\project\sample_test\client_build\web_build\src\main\java\kr\pe\sinnori\impl\message] creation task end
4월 11, 2018 6:00:25 오후 kr.pe.sinnori.common.buildsystem.ProjectBuilder createNewClientCodecSourceFile
정보: main project[sample_test]'s message client codec file[PublicKeyRes][D:\gitsinnori\sinnori\project\sample_test\client_build\web_build\src\main\java\kr\pe\sinnori\impl\message] creation task start
4월 11, 2018 6:00:25 오후 kr.pe.sinnori.common.buildsystem.ProjectBuilder createNewClientCodecSourceFile
정보: main project[sample_test]'s message client codec file[PublicKeyRes][D:\gitsinnori\sinnori\project\sample_test\client_build\web_build\src\main\java\kr\pe\sinnori\impl\message] creation task end
4월 11, 2018 6:00:25 오후 kr.pe.sinnori.common.buildsystem.ProjectBuilder createNewWebClientMessageIOFileSet
정보: main project[sample_test]'s web client message io file set creation task end
4월 11, 2018 6:00:25 오후 kr.pe.sinnori.common.buildsystem.ProjectBuilder copyWebClientSampleFiles
정보: mainproject[sample_test]'s web client sample source files copy task start
4월 11, 2018 6:00:25 오후 kr.pe.sinnori.common.buildsystem.ProjectBuilder copyWebClientSampleFiles
정보: mainproject[sample_test]'s web client sample source files copy task end
4월 11, 2018 6:00:25 오후 kr.pe.sinnori.common.buildsystem.ProjectBuilder createWebClientBuildSystemFiles
정보: main project[sample_test]'s web client build system files creation task end
4월 11, 2018 6:00:25 오후 kr.pe.sinnori.common.buildsystem.ProjectBuilder createWebRootSampleFiles
정보: main project[sample_test]'s web root sample files creation task start
4월 11, 2018 6:00:25 오후 kr.pe.sinnori.common.buildsystem.ProjectBuilder copyWebRootSampleFiles
정보: main project[sample_test]'s web root sample files copy task start
4월 11, 2018 6:00:25 오후 kr.pe.sinnori.common.buildsystem.ProjectBuilder copyWebRootSampleFiles
정보: main project[sample_test]'s web root sample files copy task end
4월 11, 2018 6:00:25 오후 kr.pe.sinnori.common.buildsystem.ProjectBuilder createWebRootSampleFiles
정보: main project[sample_test]'s web root sample files creation task end
4월 11, 2018 6:00:25 오후 kr.pe.sinnori.common.buildsystem.ProjectBuilder createFiles
정보: main project[sample_test]'s file creation task end
4월 11, 2018 6:00:25 오후 kr.pe.sinnori.common.config.SinnoriConfiguration convertSinnoriConfigSequencedPropertiesToAllPartItemsWithValidation
정보: item key[sessionkey.rsa.publickey.file.value]'s value is null because its status is inactive
4월 11, 2018 6:00:25 오후 kr.pe.sinnori.common.config.SinnoriConfiguration convertSinnoriConfigSequencedPropertiesToAllPartItemsWithValidation
정보: item key[sessionkey.rsa.privatekey.file.value]'s value is null because its status is inactive
4월 11, 2018 6:00:25 오후 kr.pe.sinnori.common.buildsystem.ProjectBuilder changeProjectState
정보: main project[sample_test] changeProjectState method start
4월 11, 2018 6:00:25 오후 kr.pe.sinnori.common.buildsystem.ProjectBuilder isValidServerAntBuildXMLFile
정보: the server ant build.xml file[D:\gitsinnori\sinnori\project\sample_test\server_build\build.xml] is bad :: whetherExist[false] isFile[false]
4월 11, 2018 6:00:25 오후 kr.pe.sinnori.common.buildsystem.ProjectBuilder changeProjectState
경고: the server buid.xml file[D:\gitsinnori\sinnori\project\sample_test\server_build\build.xml] is bad beacse it doesn't exist or is not a file, so skip deletion of server build system
4월 11, 2018 6:00:25 오후 kr.pe.sinnori.common.buildsystem.ProjectBuilder isValidAppClientAntBuildXMLFile
정보: the app client ant build.xml file[D:\gitsinnori\sinnori\project\sample_test\client_build\app_build\build.xml] is bad :: whetherExist[false] isFile[false]
4월 11, 2018 6:00:25 오후 kr.pe.sinnori.common.buildsystem.ProjectBuilder changeProjectState
경고: the app client buid.xml file[D:\gitsinnori\sinnori\project\sample_test\client_build\app_build\build.xml] is bad beacse it doesn't exist or is not a file, so skip deletion of app client build system
4월 11, 2018 6:00:25 오후 kr.pe.sinnori.common.buildsystem.ProjectBuilder modifyWebClientAntPropertiesFile
정보: main project[sample_test]'s web client ant properties file modification task start
4월 11, 2018 6:00:25 오후 kr.pe.sinnori.common.buildsystem.ProjectBuilder modifyWebClientAntPropertiesFile
정보: main project[sample_test]'s web client ant properties file modification task end
4월 11, 2018 6:00:25 오후 kr.pe.sinnori.common.buildsystem.ProjectBuilder changeProjectState
경고: the web client build path[D:\gitsinnori\sinnori\project\sample_test\client_build\web_build] exists, so only the web client's ant properties including servlet system library path  was updated for new servletSystemLibraryPathString[D:\apache-tomcat-8.5.15\lib]
4월 11, 2018 6:00:25 오후 kr.pe.sinnori.common.buildsystem.ProjectBuilder changeProjectState
경고: the web root path[D:\gitsinnori\sinnori\project\sample_test\web_app_base\ROOT] exists, so skip creation of web root
4월 11, 2018 6:00:25 오후 kr.pe.sinnori.common.buildsystem.ProjectBuilder overwriteSinnoriConfigFile
정보: main project[sample_test]'s config file overwrite task start
4월 11, 2018 6:00:25 오후 kr.pe.sinnori.common.buildsystem.ProjectBuilder overwriteSinnoriConfigFile
정보: main project[sample_test]'s config file overwrite task end
4월 11, 2018 6:00:25 오후 kr.pe.sinnori.common.buildsystem.ProjectBuilder changeProjectState
정보: main project[sample_test] changeProjectState method end
4월 11, 2018 6:00:25 오후 kr.pe.sinnori.common.buildsystem.ProjectBuilder isValidServerAntBuildXMLFile
정보: the server ant build.xml file[D:\gitsinnori\sinnori\project\sample_test\server_build\build.xml] is bad :: whetherExist[false] isFile[false]
4월 11, 2018 6:00:25 오후 kr.pe.sinnori.common.buildsystem.ProjectBuilder isValidAppClientAntBuildXMLFile
정보: the app client ant build.xml file[D:\gitsinnori\sinnori\project\sample_test\client_build\app_build\build.xml] is bad :: whetherExist[false] isFile[false]
4월 11, 2018 6:00:25 오후 kr.pe.sinnori.common.buildsystem.ProjectBuilder changeProjectState
정보: main project[sample_test] changeProjectState method start
4월 11, 2018 6:00:25 오후 kr.pe.sinnori.common.buildsystem.ProjectBuilder isValidServerAntBuildXMLFile
정보: the server ant build.xml file[D:\gitsinnori\sinnori\project\sample_test\server_build\build.xml] is bad :: whetherExist[false] isFile[false]
4월 11, 2018 6:00:25 오후 kr.pe.sinnori.common.buildsystem.ProjectBuilder changeProjectState
경고: the server buid.xml file[D:\gitsinnori\sinnori\project\sample_test\server_build\build.xml] is bad beacse it doesn't exist or is not a file, so skip deletion of server build system
4월 11, 2018 6:00:25 오후 kr.pe.sinnori.common.buildsystem.ProjectBuilder createAppBuildChildDirectories
정보: main project[sample_test]'s application build child direcotry creation task start
4월 11, 2018 6:00:25 오후 kr.pe.sinnori.common.util.CommonStaticUtil createChildDirectoriesOfBasePath
정보: the new child relative direcotry[D:\gitsinnori\sinnori\project\sample_test][client_build/app_build/corelib/ex] was created successfully
4월 11, 2018 6:00:25 오후 kr.pe.sinnori.common.util.CommonStaticUtil createChildDirectoriesOfBasePath
정보: the new child relative direcotry[D:\gitsinnori\sinnori\project\sample_test][client_build/app_build/corelib/in] was created successfully
4월 11, 2018 6:00:25 오후 kr.pe.sinnori.common.util.CommonStaticUtil createChildDirectoriesOfBasePath
정보: the new child relative direcotry[D:\gitsinnori\sinnori\project\sample_test][client_build/app_build/lib/main/ex] was created successfully
4월 11, 2018 6:00:25 오후 kr.pe.sinnori.common.util.CommonStaticUtil createChildDirectoriesOfBasePath
정보: the new child relative direcotry[D:\gitsinnori\sinnori\project\sample_test][client_build/app_build/lib/main/in] was created successfully
4월 11, 2018 6:00:25 오후 kr.pe.sinnori.common.util.CommonStaticUtil createChildDirectoriesOfBasePath
정보: the new child relative direcotry[D:\gitsinnori\sinnori\project\sample_test][client_build/app_build/lib/test] was created successfully
4월 11, 2018 6:00:25 오후 kr.pe.sinnori.common.util.CommonStaticUtil createChildDirectoriesOfBasePath
정보: the new child relative direcotry[D:\gitsinnori\sinnori\project\sample_test][client_build/app_build/src/main/java/kr/pe/sinnori/impl/message] was created successfully
4월 11, 2018 6:00:25 오후 kr.pe.sinnori.common.util.CommonStaticUtil createChildDirectoriesOfBasePath
정보: the new child relative direcotry[D:\gitsinnori\sinnori\project\sample_test][client_build/app_build/src/main/java/main] was created successfully
4월 11, 2018 6:00:25 오후 kr.pe.sinnori.common.util.CommonStaticUtil createChildDirectoriesOfBasePath
정보: the new child relative direcotry[D:\gitsinnori\sinnori\project\sample_test][client_build/app_build/src/test/java] was created successfully
4월 11, 2018 6:00:25 오후 kr.pe.sinnori.common.util.CommonStaticUtil createChildDirectoriesOfBasePath
정보: the new child relative direcotry[D:\gitsinnori\sinnori\project\sample_test][client_build/app_build/build] was created successfully
4월 11, 2018 6:00:25 오후 kr.pe.sinnori.common.util.CommonStaticUtil createChildDirectoriesOfBasePath
정보: the new child relative direcotry[D:\gitsinnori\sinnori\project\sample_test][client_build/app_build/dist] was created successfully
4월 11, 2018 6:00:25 오후 kr.pe.sinnori.common.buildsystem.ProjectBuilder createAppBuildChildDirectories
정보: main project[sample_test]'s application build child direcotry creation task end
4월 11, 2018 6:00:25 오후 kr.pe.sinnori.common.buildsystem.ProjectBuilder createAppClientBuildSystemFiles
정보: mainproject[sample_test]'s application client build system files creation task start
4월 11, 2018 6:00:25 오후 kr.pe.sinnori.common.buildsystem.ProjectBuilder createNewAppClientAntBuildXMLFile
정보: main project[sample_test]'s application client ant build.xml file creation task start
4월 11, 2018 6:00:25 오후 kr.pe.sinnori.common.buildsystem.ProjectBuilder createNewAppClientAntBuildXMLFile
정보: main project[sample_test]'s application client ant build.xml file creation task end
4월 11, 2018 6:00:25 오후 kr.pe.sinnori.common.buildsystem.ProjectBuilder createNewAppClientDosShellFile
정보: main project[sample_test]'s application client dos shell file creation task start
4월 11, 2018 6:00:25 오후 kr.pe.sinnori.common.buildsystem.ProjectBuilder createNewAppClientDosShellFile
정보: main project[sample_test]'s application client dos shell file creation task end
4월 11, 2018 6:00:25 오후 kr.pe.sinnori.common.buildsystem.ProjectBuilder createNewAppClientUnixShellFile
정보: main project[sample_test]'s application client unix shell file creation task start
4월 11, 2018 6:00:25 오후 kr.pe.sinnori.common.buildsystem.ProjectBuilder createNewAppClientUnixShellFile
정보: main project[sample_test]'s application client unix shell file creation task end
4월 11, 2018 6:00:25 오후 kr.pe.sinnori.common.buildsystem.ProjectBuilder copyAppClientSampleFiles
정보: application client sample source files copy task start
4월 11, 2018 6:00:25 오후 kr.pe.sinnori.common.buildsystem.ProjectBuilder copyAppClientSampleFiles
정보: application client sample source files copy task end
4월 11, 2018 6:00:25 오후 kr.pe.sinnori.common.buildsystem.ProjectBuilder createNewAppClientAllMessageIOFileSet
정보: main project[sample_test]'s application client message io file set creation task start
4월 11, 2018 6:00:25 오후 kr.pe.sinnori.common.util.CommonStaticUtil createChildDirectoriesOfBasePath
정보: the new child relative direcotry[D:\gitsinnori\sinnori\project\sample_test\client_build\app_build\src\main\java\kr\pe\sinnori\impl\message][Echo] was created successfully
4월 11, 2018 6:00:25 오후 kr.pe.sinnori.common.buildsystem.ProjectBuilder createNewMessageSourceFile
정보: main project[sample_test]'s message file[Echo][D:\gitsinnori\sinnori\project\sample_test\client_build\app_build\src\main\java\kr\pe\sinnori\impl\message] creation task start
4월 11, 2018 6:00:25 오후 kr.pe.sinnori.common.buildsystem.ProjectBuilder createNewMessageSourceFile
정보: main project[sample_test]'s message file[Echo][D:\gitsinnori\sinnori\project\sample_test\client_build\app_build\src\main\java\kr\pe\sinnori\impl\message] creation task end
4월 11, 2018 6:00:25 오후 kr.pe.sinnori.common.buildsystem.ProjectBuilder createNewDecoderSourceFile
정보: main project[sample_test]'s message decoder file[Echo][D:\gitsinnori\sinnori\project\sample_test\client_build\app_build\src\main\java\kr\pe\sinnori\impl\message] creation task start
4월 11, 2018 6:00:25 오후 kr.pe.sinnori.common.buildsystem.ProjectBuilder createNewDecoderSourceFile
정보: main project[sample_test]'s message decoder file[Echo][D:\gitsinnori\sinnori\project\sample_test\client_build\app_build\src\main\java\kr\pe\sinnori\impl\message] creation task end
4월 11, 2018 6:00:25 오후 kr.pe.sinnori.common.buildsystem.ProjectBuilder createNewEncoderSourceFile
정보: main project[sample_test]'s message encoder file[Echo][D:\gitsinnori\sinnori\project\sample_test\client_build\app_build\src\main\java\kr\pe\sinnori\impl\message] creation task start
4월 11, 2018 6:00:25 오후 kr.pe.sinnori.common.buildsystem.ProjectBuilder createNewEncoderSourceFile
정보: main project[sample_test]'s message encoder file[Echo][D:\gitsinnori\sinnori\project\sample_test\client_build\app_build\src\main\java\kr\pe\sinnori\impl\message] creation task end
4월 11, 2018 6:00:25 오후 kr.pe.sinnori.common.buildsystem.ProjectBuilder createNewServerCodecSourceFile
정보: main project[sample_test]'s message server codec file[Echo][D:\gitsinnori\sinnori\project\sample_test\client_build\app_build\src\main\java\kr\pe\sinnori\impl\message] creation task start
4월 11, 2018 6:00:25 오후 kr.pe.sinnori.common.buildsystem.ProjectBuilder createNewServerCodecSourceFile
정보: main project[sample_test]'s message server codec file[Echo][D:\gitsinnori\sinnori\project\sample_test\client_build\app_build\src\main\java\kr\pe\sinnori\impl\message] creation task end
4월 11, 2018 6:00:25 오후 kr.pe.sinnori.common.buildsystem.ProjectBuilder createNewClientCodecSourceFile
정보: main project[sample_test]'s message client codec file[Echo][D:\gitsinnori\sinnori\project\sample_test\client_build\app_build\src\main\java\kr\pe\sinnori\impl\message] creation task start
4월 11, 2018 6:00:25 오후 kr.pe.sinnori.common.buildsystem.ProjectBuilder createNewClientCodecSourceFile
정보: main project[sample_test]'s message client codec file[Echo][D:\gitsinnori\sinnori\project\sample_test\client_build\app_build\src\main\java\kr\pe\sinnori\impl\message] creation task end
4월 11, 2018 6:00:25 오후 kr.pe.sinnori.common.util.CommonStaticUtil createChildDirectoriesOfBasePath
정보: the new child relative direcotry[D:\gitsinnori\sinnori\project\sample_test\client_build\app_build\src\main\java\kr\pe\sinnori\impl\message][PublicKeyReq] was created successfully
4월 11, 2018 6:00:25 오후 kr.pe.sinnori.common.buildsystem.ProjectBuilder createNewMessageSourceFile
정보: main project[sample_test]'s message file[PublicKeyReq][D:\gitsinnori\sinnori\project\sample_test\client_build\app_build\src\main\java\kr\pe\sinnori\impl\message] creation task start
4월 11, 2018 6:00:25 오후 kr.pe.sinnori.common.buildsystem.ProjectBuilder createNewMessageSourceFile
정보: main project[sample_test]'s message file[PublicKeyReq][D:\gitsinnori\sinnori\project\sample_test\client_build\app_build\src\main\java\kr\pe\sinnori\impl\message] creation task end
4월 11, 2018 6:00:25 오후 kr.pe.sinnori.common.buildsystem.ProjectBuilder createNewDecoderSourceFile
정보: main project[sample_test]'s message decoder file[PublicKeyReq][D:\gitsinnori\sinnori\project\sample_test\client_build\app_build\src\main\java\kr\pe\sinnori\impl\message] creation task start
4월 11, 2018 6:00:25 오후 kr.pe.sinnori.common.buildsystem.ProjectBuilder createNewDecoderSourceFile
정보: main project[sample_test]'s message decoder file[PublicKeyReq][D:\gitsinnori\sinnori\project\sample_test\client_build\app_build\src\main\java\kr\pe\sinnori\impl\message] creation task end
4월 11, 2018 6:00:25 오후 kr.pe.sinnori.common.buildsystem.ProjectBuilder createNewEncoderSourceFile
정보: main project[sample_test]'s message encoder file[PublicKeyReq][D:\gitsinnori\sinnori\project\sample_test\client_build\app_build\src\main\java\kr\pe\sinnori\impl\message] creation task start
4월 11, 2018 6:00:25 오후 kr.pe.sinnori.common.buildsystem.ProjectBuilder createNewEncoderSourceFile
정보: main project[sample_test]'s message encoder file[PublicKeyReq][D:\gitsinnori\sinnori\project\sample_test\client_build\app_build\src\main\java\kr\pe\sinnori\impl\message] creation task end
4월 11, 2018 6:00:25 오후 kr.pe.sinnori.common.buildsystem.ProjectBuilder createNewServerCodecSourceFile
정보: main project[sample_test]'s message server codec file[PublicKeyReq][D:\gitsinnori\sinnori\project\sample_test\client_build\app_build\src\main\java\kr\pe\sinnori\impl\message] creation task start
4월 11, 2018 6:00:25 오후 kr.pe.sinnori.common.buildsystem.ProjectBuilder createNewServerCodecSourceFile
정보: main project[sample_test]'s message server codec file[PublicKeyReq][D:\gitsinnori\sinnori\project\sample_test\client_build\app_build\src\main\java\kr\pe\sinnori\impl\message] creation task end
4월 11, 2018 6:00:25 오후 kr.pe.sinnori.common.buildsystem.ProjectBuilder createNewClientCodecSourceFile
정보: main project[sample_test]'s message client codec file[PublicKeyReq][D:\gitsinnori\sinnori\project\sample_test\client_build\app_build\src\main\java\kr\pe\sinnori\impl\message] creation task start
4월 11, 2018 6:00:25 오후 kr.pe.sinnori.common.buildsystem.ProjectBuilder createNewClientCodecSourceFile
정보: main project[sample_test]'s message client codec file[PublicKeyReq][D:\gitsinnori\sinnori\project\sample_test\client_build\app_build\src\main\java\kr\pe\sinnori\impl\message] creation task end
4월 11, 2018 6:00:25 오후 kr.pe.sinnori.common.util.CommonStaticUtil createChildDirectoriesOfBasePath
정보: the new child relative direcotry[D:\gitsinnori\sinnori\project\sample_test\client_build\app_build\src\main\java\kr\pe\sinnori\impl\message][PublicKeyRes] was created successfully
4월 11, 2018 6:00:25 오후 kr.pe.sinnori.common.buildsystem.ProjectBuilder createNewMessageSourceFile
정보: main project[sample_test]'s message file[PublicKeyRes][D:\gitsinnori\sinnori\project\sample_test\client_build\app_build\src\main\java\kr\pe\sinnori\impl\message] creation task start
4월 11, 2018 6:00:25 오후 kr.pe.sinnori.common.buildsystem.ProjectBuilder createNewMessageSourceFile
정보: main project[sample_test]'s message file[PublicKeyRes][D:\gitsinnori\sinnori\project\sample_test\client_build\app_build\src\main\java\kr\pe\sinnori\impl\message] creation task end
4월 11, 2018 6:00:25 오후 kr.pe.sinnori.common.buildsystem.ProjectBuilder createNewDecoderSourceFile
정보: main project[sample_test]'s message decoder file[PublicKeyRes][D:\gitsinnori\sinnori\project\sample_test\client_build\app_build\src\main\java\kr\pe\sinnori\impl\message] creation task start
4월 11, 2018 6:00:25 오후 kr.pe.sinnori.common.buildsystem.ProjectBuilder createNewDecoderSourceFile
정보: main project[sample_test]'s message decoder file[PublicKeyRes][D:\gitsinnori\sinnori\project\sample_test\client_build\app_build\src\main\java\kr\pe\sinnori\impl\message] creation task end
4월 11, 2018 6:00:25 오후 kr.pe.sinnori.common.buildsystem.ProjectBuilder createNewEncoderSourceFile
정보: main project[sample_test]'s message encoder file[PublicKeyRes][D:\gitsinnori\sinnori\project\sample_test\client_build\app_build\src\main\java\kr\pe\sinnori\impl\message] creation task start
4월 11, 2018 6:00:25 오후 kr.pe.sinnori.common.buildsystem.ProjectBuilder createNewEncoderSourceFile
정보: main project[sample_test]'s message encoder file[PublicKeyRes][D:\gitsinnori\sinnori\project\sample_test\client_build\app_build\src\main\java\kr\pe\sinnori\impl\message] creation task end
4월 11, 2018 6:00:25 오후 kr.pe.sinnori.common.buildsystem.ProjectBuilder createNewServerCodecSourceFile
정보: main project[sample_test]'s message server codec file[PublicKeyRes][D:\gitsinnori\sinnori\project\sample_test\client_build\app_build\src\main\java\kr\pe\sinnori\impl\message] creation task start
4월 11, 2018 6:00:25 오후 kr.pe.sinnori.common.buildsystem.ProjectBuilder createNewServerCodecSourceFile
정보: main project[sample_test]'s message server codec file[PublicKeyRes][D:\gitsinnori\sinnori\project\sample_test\client_build\app_build\src\main\java\kr\pe\sinnori\impl\message] creation task end
4월 11, 2018 6:00:25 오후 kr.pe.sinnori.common.buildsystem.ProjectBuilder createNewClientCodecSourceFile
정보: main project[sample_test]'s message client codec file[PublicKeyRes][D:\gitsinnori\sinnori\project\sample_test\client_build\app_build\src\main\java\kr\pe\sinnori\impl\message] creation task start
4월 11, 2018 6:00:25 오후 kr.pe.sinnori.common.buildsystem.ProjectBuilder createNewClientCodecSourceFile
정보: main project[sample_test]'s message client codec file[PublicKeyRes][D:\gitsinnori\sinnori\project\sample_test\client_build\app_build\src\main\java\kr\pe\sinnori\impl\message] creation task end
4월 11, 2018 6:00:25 오후 kr.pe.sinnori.common.buildsystem.ProjectBuilder createNewAppClientAllMessageIOFileSet
정보: main project[sample_test]'s application client message io file set creation task end
4월 11, 2018 6:00:25 오후 kr.pe.sinnori.common.buildsystem.ProjectBuilder createAppClientBuildSystemFiles
정보: mainproject[sample_test]'s application client build system files creation task end
4월 11, 2018 6:00:25 오후 kr.pe.sinnori.common.buildsystem.ProjectBuilder deleteWebCientBuildPath
정보: main project[sample_test]'s web client build path deletion task start
4월 11, 2018 6:00:25 오후 kr.pe.sinnori.common.buildsystem.ProjectBuilder deleteWebCientBuildPath
정보: main project[sample_test]'s web client build path deletion task end
4월 11, 2018 6:00:25 오후 kr.pe.sinnori.common.buildsystem.ProjectBuilder deleteWebRoot
정보: main project[sample_test]'s web root path deletion task start
4월 11, 2018 6:00:25 오후 kr.pe.sinnori.common.buildsystem.ProjectBuilder deleteWebRoot
정보: main project[sample_test]'s web root path deletion task end
4월 11, 2018 6:00:25 오후 kr.pe.sinnori.common.buildsystem.ProjectBuilder overwriteSinnoriConfigFile
정보: main project[sample_test]'s config file overwrite task start
4월 11, 2018 6:00:25 오후 kr.pe.sinnori.common.buildsystem.ProjectBuilder overwriteSinnoriConfigFile
정보: main project[sample_test]'s config file overwrite task end
4월 11, 2018 6:00:25 오후 kr.pe.sinnori.common.buildsystem.ProjectBuilder changeProjectState
정보: main project[sample_test] changeProjectState method end
4월 11, 2018 6:00:25 오후 kr.pe.sinnori.common.buildsystem.ProjectBuilder isValidServerAntBuildXMLFile
정보: the server ant build.xml file[D:\gitsinnori\sinnori\project\sample_test\server_build\build.xml] is bad :: whetherExist[false] isFile[false]
4월 11, 2018 6:00:25 오후 kr.pe.sinnori.common.buildsystem.ProjectBuilder isValidWebClientAntBuildXMLFile
정보: the web client ant build.xml file[D:\gitsinnori\sinnori\project\sample_test\client_build\web_build\build.xml] is bad :: whetherExist[false] isFile[false]
4월 11, 2018 6:00:25 오후 kr.pe.sinnori.common.buildsystem.ProjectBuilder isValidWebRootXMLFile
정보: the web.xml file[D:\gitsinnori\sinnori\project\sample_test\web_app_base\ROOT\WEB-INF\web.xml] located at web root directory is bad :: whetherExist[false] isFile[false]
4월 11, 2018 6:00:25 오후 kr.pe.sinnori.common.buildsystem.ProjectBuilder changeProjectState
정보: main project[sample_test] changeProjectState method start
4월 11, 2018 6:00:25 오후 kr.pe.sinnori.common.buildsystem.ProjectBuilder isValidServerAntBuildXMLFile
정보: the server ant build.xml file[D:\gitsinnori\sinnori\project\sample_test\server_build\build.xml] is bad :: whetherExist[false] isFile[false]
4월 11, 2018 6:00:25 오후 kr.pe.sinnori.common.buildsystem.ProjectBuilder changeProjectState
경고: the server buid.xml file[D:\gitsinnori\sinnori\project\sample_test\server_build\build.xml] is bad beacse it doesn't exist or is not a file, so skip deletion of server build system
4월 11, 2018 6:00:25 오후 kr.pe.sinnori.common.buildsystem.ProjectBuilder changeProjectState
경고: the app client build path[D:\gitsinnori\sinnori\project\sample_test\client_build\app_build] exist, so skip creation of app client build system
4월 11, 2018 6:00:25 오후 kr.pe.sinnori.common.buildsystem.ProjectBuilder createWebBuildChildDirectories
정보: main project[sample_test]'s web build child direcotry creation task start
4월 11, 2018 6:00:25 오후 kr.pe.sinnori.common.util.CommonStaticUtil createChildDirectoriesOfBasePath
정보: the new child relative direcotry[D:\gitsinnori\sinnori\project\sample_test][client_build/web_build/corelib/ex] was created successfully
4월 11, 2018 6:00:25 오후 kr.pe.sinnori.common.util.CommonStaticUtil createChildDirectoriesOfBasePath
정보: the new child relative direcotry[D:\gitsinnori\sinnori\project\sample_test][client_build/web_build/corelib/in] was created successfully
4월 11, 2018 6:00:25 오후 kr.pe.sinnori.common.util.CommonStaticUtil createChildDirectoriesOfBasePath
정보: the new child relative direcotry[D:\gitsinnori\sinnori\project\sample_test][client_build/web_build/lib/main/ex] was created successfully
4월 11, 2018 6:00:25 오후 kr.pe.sinnori.common.util.CommonStaticUtil createChildDirectoriesOfBasePath
정보: the new child relative direcotry[D:\gitsinnori\sinnori\project\sample_test][client_build/web_build/lib/main/in] was created successfully
4월 11, 2018 6:00:25 오후 kr.pe.sinnori.common.util.CommonStaticUtil createChildDirectoriesOfBasePath
정보: the new child relative direcotry[D:\gitsinnori\sinnori\project\sample_test][client_build/web_build/lib/test] was created successfully
4월 11, 2018 6:00:26 오후 kr.pe.sinnori.common.util.CommonStaticUtil createChildDirectoriesOfBasePath
정보: the new child relative direcotry[D:\gitsinnori\sinnori\project\sample_test][client_build/web_build/src/main/java/kr/pe/sinnori/impl/message] was created successfully
4월 11, 2018 6:00:26 오후 kr.pe.sinnori.common.util.CommonStaticUtil createChildDirectoriesOfBasePath
정보: the new child relative direcotry[D:\gitsinnori\sinnori\project\sample_test][client_build/web_build/src/main/java//kr/pe/sinnori/servlet] was created successfully
4월 11, 2018 6:00:26 오후 kr.pe.sinnori.common.util.CommonStaticUtil createChildDirectoriesOfBasePath
정보: the new child relative direcotry[D:\gitsinnori\sinnori\project\sample_test][client_build/web_build/src/main/java/kr/pe/sinnori/weblib/common] was created successfully
4월 11, 2018 6:00:26 오후 kr.pe.sinnori.common.util.CommonStaticUtil createChildDirectoriesOfBasePath
정보: the new child relative direcotry[D:\gitsinnori\sinnori\project\sample_test][client_build/web_build/src/main/java/kr/pe/sinnori/weblib/htmlstring] was created successfully
4월 11, 2018 6:00:26 오후 kr.pe.sinnori.common.util.CommonStaticUtil createChildDirectoriesOfBasePath
정보: the new child relative direcotry[D:\gitsinnori\sinnori\project\sample_test][client_build/web_build/src/main/java/kr/pe/sinnori/weblib/jdf] was created successfully
4월 11, 2018 6:00:26 오후 kr.pe.sinnori.common.util.CommonStaticUtil createChildDirectoriesOfBasePath
정보: the new child relative direcotry[D:\gitsinnori\sinnori\project\sample_test][client_build/web_build/src/test/java] was created successfully
4월 11, 2018 6:00:26 오후 kr.pe.sinnori.common.util.CommonStaticUtil createChildDirectoriesOfBasePath
정보: the new child relative direcotry[D:\gitsinnori\sinnori\project\sample_test][client_build/web_build/build] was created successfully
4월 11, 2018 6:00:26 오후 kr.pe.sinnori.common.util.CommonStaticUtil createChildDirectoriesOfBasePath
정보: the new child relative direcotry[D:\gitsinnori\sinnori\project\sample_test][client_build/web_build/dist] was created successfully
4월 11, 2018 6:00:26 오후 kr.pe.sinnori.common.buildsystem.ProjectBuilder createWebBuildChildDirectories
정보: main project[sample_test]'s web build child direcotry creation task end
4월 11, 2018 6:00:26 오후 kr.pe.sinnori.common.buildsystem.ProjectBuilder createWebClientBuildSystemFiles
정보: main project[sample_test]'s web client build system files creation task start
4월 11, 2018 6:00:26 오후 kr.pe.sinnori.common.buildsystem.ProjectBuilder createNewWebClientAntBuildFile
정보: main project[sample_test]'s web client ant build.xml file creation task start
4월 11, 2018 6:00:26 오후 kr.pe.sinnori.common.buildsystem.ProjectBuilder createNewWebClientAntBuildFile
정보: main project[sample_test]'s web client ant build.xml file creation task end
4월 11, 2018 6:00:26 오후 kr.pe.sinnori.common.buildsystem.ProjectBuilder createNewWebClientAntPropertiesFile
정보: main project[sample_test]'s web client ant properties file creation task start
4월 11, 2018 6:00:26 오후 kr.pe.sinnori.common.util.SequencedPropertiesUtil createNewSequencedPropertiesFile
정보: the sequenced properties file[D:\gitsinnori\sinnori\project\sample_test\client_build\web_build\webAnt.properties] was created
4월 11, 2018 6:00:26 오후 kr.pe.sinnori.common.buildsystem.ProjectBuilder createNewWebClientAntPropertiesFile
정보: main project[sample_test]'s web client ant properties file creation task end
4월 11, 2018 6:00:26 오후 kr.pe.sinnori.common.buildsystem.ProjectBuilder createNewWebClientMessageIOFileSet
정보: main project[sample_test]'s web client message io file set creation task start
4월 11, 2018 6:00:26 오후 kr.pe.sinnori.common.util.CommonStaticUtil createChildDirectoriesOfBasePath
정보: the new child relative direcotry[D:\gitsinnori\sinnori\project\sample_test\client_build\web_build\src\main\java\kr\pe\sinnori\impl\message][Echo] was created successfully
4월 11, 2018 6:00:26 오후 kr.pe.sinnori.common.buildsystem.ProjectBuilder createNewMessageSourceFile
정보: main project[sample_test]'s message file[Echo][D:\gitsinnori\sinnori\project\sample_test\client_build\web_build\src\main\java\kr\pe\sinnori\impl\message] creation task start
4월 11, 2018 6:00:26 오후 kr.pe.sinnori.common.buildsystem.ProjectBuilder createNewMessageSourceFile
정보: main project[sample_test]'s message file[Echo][D:\gitsinnori\sinnori\project\sample_test\client_build\web_build\src\main\java\kr\pe\sinnori\impl\message] creation task end
4월 11, 2018 6:00:26 오후 kr.pe.sinnori.common.buildsystem.ProjectBuilder createNewDecoderSourceFile
정보: main project[sample_test]'s message decoder file[Echo][D:\gitsinnori\sinnori\project\sample_test\client_build\web_build\src\main\java\kr\pe\sinnori\impl\message] creation task start
4월 11, 2018 6:00:26 오후 kr.pe.sinnori.common.buildsystem.ProjectBuilder createNewDecoderSourceFile
정보: main project[sample_test]'s message decoder file[Echo][D:\gitsinnori\sinnori\project\sample_test\client_build\web_build\src\main\java\kr\pe\sinnori\impl\message] creation task end
4월 11, 2018 6:00:26 오후 kr.pe.sinnori.common.buildsystem.ProjectBuilder createNewEncoderSourceFile
정보: main project[sample_test]'s message encoder file[Echo][D:\gitsinnori\sinnori\project\sample_test\client_build\web_build\src\main\java\kr\pe\sinnori\impl\message] creation task start
4월 11, 2018 6:00:26 오후 kr.pe.sinnori.common.buildsystem.ProjectBuilder createNewEncoderSourceFile
정보: main project[sample_test]'s message encoder file[Echo][D:\gitsinnori\sinnori\project\sample_test\client_build\web_build\src\main\java\kr\pe\sinnori\impl\message] creation task end
4월 11, 2018 6:00:26 오후 kr.pe.sinnori.common.buildsystem.ProjectBuilder createNewServerCodecSourceFile
정보: main project[sample_test]'s message server codec file[Echo][D:\gitsinnori\sinnori\project\sample_test\client_build\web_build\src\main\java\kr\pe\sinnori\impl\message] creation task start
4월 11, 2018 6:00:26 오후 kr.pe.sinnori.common.buildsystem.ProjectBuilder createNewServerCodecSourceFile
정보: main project[sample_test]'s message server codec file[Echo][D:\gitsinnori\sinnori\project\sample_test\client_build\web_build\src\main\java\kr\pe\sinnori\impl\message] creation task end
4월 11, 2018 6:00:26 오후 kr.pe.sinnori.common.buildsystem.ProjectBuilder createNewClientCodecSourceFile
정보: main project[sample_test]'s message client codec file[Echo][D:\gitsinnori\sinnori\project\sample_test\client_build\web_build\src\main\java\kr\pe\sinnori\impl\message] creation task start
4월 11, 2018 6:00:26 오후 kr.pe.sinnori.common.buildsystem.ProjectBuilder createNewClientCodecSourceFile
정보: main project[sample_test]'s message client codec file[Echo][D:\gitsinnori\sinnori\project\sample_test\client_build\web_build\src\main\java\kr\pe\sinnori\impl\message] creation task end
4월 11, 2018 6:00:26 오후 kr.pe.sinnori.common.util.CommonStaticUtil createChildDirectoriesOfBasePath
정보: the new child relative direcotry[D:\gitsinnori\sinnori\project\sample_test\client_build\web_build\src\main\java\kr\pe\sinnori\impl\message][PublicKeyReq] was created successfully
4월 11, 2018 6:00:26 오후 kr.pe.sinnori.common.buildsystem.ProjectBuilder createNewMessageSourceFile
정보: main project[sample_test]'s message file[PublicKeyReq][D:\gitsinnori\sinnori\project\sample_test\client_build\web_build\src\main\java\kr\pe\sinnori\impl\message] creation task start
4월 11, 2018 6:00:26 오후 kr.pe.sinnori.common.buildsystem.ProjectBuilder createNewMessageSourceFile
정보: main project[sample_test]'s message file[PublicKeyReq][D:\gitsinnori\sinnori\project\sample_test\client_build\web_build\src\main\java\kr\pe\sinnori\impl\message] creation task end
4월 11, 2018 6:00:26 오후 kr.pe.sinnori.common.buildsystem.ProjectBuilder createNewDecoderSourceFile
정보: main project[sample_test]'s message decoder file[PublicKeyReq][D:\gitsinnori\sinnori\project\sample_test\client_build\web_build\src\main\java\kr\pe\sinnori\impl\message] creation task start
4월 11, 2018 6:00:26 오후 kr.pe.sinnori.common.buildsystem.ProjectBuilder createNewDecoderSourceFile
정보: main project[sample_test]'s message decoder file[PublicKeyReq][D:\gitsinnori\sinnori\project\sample_test\client_build\web_build\src\main\java\kr\pe\sinnori\impl\message] creation task end
4월 11, 2018 6:00:26 오후 kr.pe.sinnori.common.buildsystem.ProjectBuilder createNewEncoderSourceFile
정보: main project[sample_test]'s message encoder file[PublicKeyReq][D:\gitsinnori\sinnori\project\sample_test\client_build\web_build\src\main\java\kr\pe\sinnori\impl\message] creation task start
4월 11, 2018 6:00:26 오후 kr.pe.sinnori.common.buildsystem.ProjectBuilder createNewEncoderSourceFile
정보: main project[sample_test]'s message encoder file[PublicKeyReq][D:\gitsinnori\sinnori\project\sample_test\client_build\web_build\src\main\java\kr\pe\sinnori\impl\message] creation task end
4월 11, 2018 6:00:26 오후 kr.pe.sinnori.common.buildsystem.ProjectBuilder createNewServerCodecSourceFile
정보: main project[sample_test]'s message server codec file[PublicKeyReq][D:\gitsinnori\sinnori\project\sample_test\client_build\web_build\src\main\java\kr\pe\sinnori\impl\message] creation task start
4월 11, 2018 6:00:26 오후 kr.pe.sinnori.common.buildsystem.ProjectBuilder createNewServerCodecSourceFile
정보: main project[sample_test]'s message server codec file[PublicKeyReq][D:\gitsinnori\sinnori\project\sample_test\client_build\web_build\src\main\java\kr\pe\sinnori\impl\message] creation task end
4월 11, 2018 6:00:26 오후 kr.pe.sinnori.common.buildsystem.ProjectBuilder createNewClientCodecSourceFile
정보: main project[sample_test]'s message client codec file[PublicKeyReq][D:\gitsinnori\sinnori\project\sample_test\client_build\web_build\src\main\java\kr\pe\sinnori\impl\message] creation task start
4월 11, 2018 6:00:26 오후 kr.pe.sinnori.common.buildsystem.ProjectBuilder createNewClientCodecSourceFile
정보: main project[sample_test]'s message client codec file[PublicKeyReq][D:\gitsinnori\sinnori\project\sample_test\client_build\web_build\src\main\java\kr\pe\sinnori\impl\message] creation task end
4월 11, 2018 6:00:26 오후 kr.pe.sinnori.common.util.CommonStaticUtil createChildDirectoriesOfBasePath
정보: the new child relative direcotry[D:\gitsinnori\sinnori\project\sample_test\client_build\web_build\src\main\java\kr\pe\sinnori\impl\message][PublicKeyRes] was created successfully
4월 11, 2018 6:00:26 오후 kr.pe.sinnori.common.buildsystem.ProjectBuilder createNewMessageSourceFile
정보: main project[sample_test]'s message file[PublicKeyRes][D:\gitsinnori\sinnori\project\sample_test\client_build\web_build\src\main\java\kr\pe\sinnori\impl\message] creation task start
4월 11, 2018 6:00:26 오후 kr.pe.sinnori.common.buildsystem.ProjectBuilder createNewMessageSourceFile
정보: main project[sample_test]'s message file[PublicKeyRes][D:\gitsinnori\sinnori\project\sample_test\client_build\web_build\src\main\java\kr\pe\sinnori\impl\message] creation task end
4월 11, 2018 6:00:26 오후 kr.pe.sinnori.common.buildsystem.ProjectBuilder createNewDecoderSourceFile
정보: main project[sample_test]'s message decoder file[PublicKeyRes][D:\gitsinnori\sinnori\project\sample_test\client_build\web_build\src\main\java\kr\pe\sinnori\impl\message] creation task start
4월 11, 2018 6:00:26 오후 kr.pe.sinnori.common.buildsystem.ProjectBuilder createNewDecoderSourceFile
정보: main project[sample_test]'s message decoder file[PublicKeyRes][D:\gitsinnori\sinnori\project\sample_test\client_build\web_build\src\main\java\kr\pe\sinnori\impl\message] creation task end
4월 11, 2018 6:00:26 오후 kr.pe.sinnori.common.buildsystem.ProjectBuilder createNewEncoderSourceFile
정보: main project[sample_test]'s message encoder file[PublicKeyRes][D:\gitsinnori\sinnori\project\sample_test\client_build\web_build\src\main\java\kr\pe\sinnori\impl\message] creation task start
4월 11, 2018 6:00:26 오후 kr.pe.sinnori.common.buildsystem.ProjectBuilder createNewEncoderSourceFile
정보: main project[sample_test]'s message encoder file[PublicKeyRes][D:\gitsinnori\sinnori\project\sample_test\client_build\web_build\src\main\java\kr\pe\sinnori\impl\message] creation task end
4월 11, 2018 6:00:26 오후 kr.pe.sinnori.common.buildsystem.ProjectBuilder createNewServerCodecSourceFile
정보: main project[sample_test]'s message server codec file[PublicKeyRes][D:\gitsinnori\sinnori\project\sample_test\client_build\web_build\src\main\java\kr\pe\sinnori\impl\message] creation task start
4월 11, 2018 6:00:26 오후 kr.pe.sinnori.common.buildsystem.ProjectBuilder createNewServerCodecSourceFile
정보: main project[sample_test]'s message server codec file[PublicKeyRes][D:\gitsinnori\sinnori\project\sample_test\client_build\web_build\src\main\java\kr\pe\sinnori\impl\message] creation task end
4월 11, 2018 6:00:26 오후 kr.pe.sinnori.common.buildsystem.ProjectBuilder createNewClientCodecSourceFile
정보: main project[sample_test]'s message client codec file[PublicKeyRes][D:\gitsinnori\sinnori\project\sample_test\client_build\web_build\src\main\java\kr\pe\sinnori\impl\message] creation task start
4월 11, 2018 6:00:26 오후 kr.pe.sinnori.common.buildsystem.ProjectBuilder createNewClientCodecSourceFile
정보: main project[sample_test]'s message client codec file[PublicKeyRes][D:\gitsinnori\sinnori\project\sample_test\client_build\web_build\src\main\java\kr\pe\sinnori\impl\message] creation task end
4월 11, 2018 6:00:26 오후 kr.pe.sinnori.common.buildsystem.ProjectBuilder createNewWebClientMessageIOFileSet
정보: main project[sample_test]'s web client message io file set creation task end
4월 11, 2018 6:00:26 오후 kr.pe.sinnori.common.buildsystem.ProjectBuilder copyWebClientSampleFiles
정보: mainproject[sample_test]'s web client sample source files copy task start
4월 11, 2018 6:00:26 오후 kr.pe.sinnori.common.buildsystem.ProjectBuilder copyWebClientSampleFiles
정보: mainproject[sample_test]'s web client sample source files copy task end
4월 11, 2018 6:00:26 오후 kr.pe.sinnori.common.buildsystem.ProjectBuilder createWebClientBuildSystemFiles
정보: main project[sample_test]'s web client build system files creation task end
4월 11, 2018 6:00:26 오후 kr.pe.sinnori.common.buildsystem.ProjectBuilder createWebRootChildDirectories
정보: main project[sample_test]'s web root child direcotry creation task start
4월 11, 2018 6:00:26 오후 kr.pe.sinnori.common.util.CommonStaticUtil createChildDirectoriesOfBasePath
정보: the child relative direcotry[D:\gitsinnori\sinnori\project\sample_test][web_app_base/upload] exist, so nothing
4월 11, 2018 6:00:26 오후 kr.pe.sinnori.common.util.CommonStaticUtil createChildDirectoriesOfBasePath
정보: the new child relative direcotry[D:\gitsinnori\sinnori\project\sample_test][web_app_base/ROOT/WEB-INF/classes] was created successfully
4월 11, 2018 6:00:26 오후 kr.pe.sinnori.common.util.CommonStaticUtil createChildDirectoriesOfBasePath
정보: the new child relative direcotry[D:\gitsinnori\sinnori\project\sample_test][web_app_base/ROOT/WEB-INF/lib] was created successfully
4월 11, 2018 6:00:26 오후 kr.pe.sinnori.common.buildsystem.ProjectBuilder createWebRootChildDirectories
정보: main project[sample_test]'s web root child direcotry creation task end
4월 11, 2018 6:00:26 오후 kr.pe.sinnori.common.buildsystem.ProjectBuilder createWebRootSampleFiles
정보: main project[sample_test]'s web root sample files creation task start
4월 11, 2018 6:00:26 오후 kr.pe.sinnori.common.buildsystem.ProjectBuilder copyWebRootSampleFiles
정보: main project[sample_test]'s web root sample files copy task start
4월 11, 2018 6:00:26 오후 kr.pe.sinnori.common.buildsystem.ProjectBuilder copyWebRootSampleFiles
정보: main project[sample_test]'s web root sample files copy task end
4월 11, 2018 6:00:26 오후 kr.pe.sinnori.common.buildsystem.ProjectBuilder createWebRootSampleFiles
정보: main project[sample_test]'s web root sample files creation task end
4월 11, 2018 6:00:26 오후 kr.pe.sinnori.common.buildsystem.ProjectBuilder overwriteSinnoriConfigFile
정보: main project[sample_test]'s config file overwrite task start
4월 11, 2018 6:00:26 오후 kr.pe.sinnori.common.buildsystem.ProjectBuilder overwriteSinnoriConfigFile
정보: main project[sample_test]'s config file overwrite task end
4월 11, 2018 6:00:26 오후 kr.pe.sinnori.common.buildsystem.ProjectBuilder changeProjectState
정보: main project[sample_test] changeProjectState method end
4월 11, 2018 6:00:26 오후 kr.pe.sinnori.common.buildsystem.ProjectBuilder isValidServerAntBuildXMLFile
정보: the server ant build.xml file[D:\gitsinnori\sinnori\project\sample_test\server_build\build.xml] is bad :: whetherExist[false] isFile[false]
4월 11, 2018 6:00:26 오후 kr.pe.sinnori.common.buildsystem.ProjectBuilder changeProjectState
정보: main project[sample_test] changeProjectState method start
4월 11, 2018 6:00:26 오후 kr.pe.sinnori.common.buildsystem.ProjectBuilder createServerBuildChildDirectories
정보: main project[sample_test]'s server child direcotry creation task start
4월 11, 2018 6:00:26 오후 kr.pe.sinnori.common.util.CommonStaticUtil createChildDirectoriesOfBasePath
정보: the new child relative direcotry[D:\gitsinnori\sinnori\project\sample_test][server_build/APP-INF/classes] was created successfully
4월 11, 2018 6:00:26 오후 kr.pe.sinnori.common.util.CommonStaticUtil createChildDirectoriesOfBasePath
정보: the new child relative direcotry[D:\gitsinnori\sinnori\project\sample_test][server_build/corelib/ex] was created successfully
4월 11, 2018 6:00:26 오후 kr.pe.sinnori.common.util.CommonStaticUtil createChildDirectoriesOfBasePath
정보: the new child relative direcotry[D:\gitsinnori\sinnori\project\sample_test][server_build/corelib/in] was created successfully
4월 11, 2018 6:00:26 오후 kr.pe.sinnori.common.util.CommonStaticUtil createChildDirectoriesOfBasePath
정보: the new child relative direcotry[D:\gitsinnori\sinnori\project\sample_test][server_build/lib/main/ex] was created successfully
4월 11, 2018 6:00:26 오후 kr.pe.sinnori.common.util.CommonStaticUtil createChildDirectoriesOfBasePath
정보: the new child relative direcotry[D:\gitsinnori\sinnori\project\sample_test][server_build/lib/main/in] was created successfully
4월 11, 2018 6:00:26 오후 kr.pe.sinnori.common.util.CommonStaticUtil createChildDirectoriesOfBasePath
정보: the new child relative direcotry[D:\gitsinnori\sinnori\project\sample_test][server_build/lib/test] was created successfully
4월 11, 2018 6:00:26 오후 kr.pe.sinnori.common.util.CommonStaticUtil createChildDirectoriesOfBasePath
정보: the new child relative direcotry[D:\gitsinnori\sinnori\project\sample_test][server_build/src/main/java/kr/pe/sinnori/impl/servertask] was created successfully
4월 11, 2018 6:00:26 오후 kr.pe.sinnori.common.util.CommonStaticUtil createChildDirectoriesOfBasePath
정보: the new child relative direcotry[D:\gitsinnori\sinnori\project\sample_test][server_build/src/main/java/kr/pe/sinnori/impl/message] was created successfully
4월 11, 2018 6:00:26 오후 kr.pe.sinnori.common.util.CommonStaticUtil createChildDirectoriesOfBasePath
정보: the new child relative direcotry[D:\gitsinnori\sinnori\project\sample_test][server_build/src/main/java/main] was created successfully
4월 11, 2018 6:00:26 오후 kr.pe.sinnori.common.util.CommonStaticUtil createChildDirectoriesOfBasePath
정보: the new child relative direcotry[D:\gitsinnori\sinnori\project\sample_test][server_build/src/test/java] was created successfully
4월 11, 2018 6:00:26 오후 kr.pe.sinnori.common.util.CommonStaticUtil createChildDirectoriesOfBasePath
정보: the new child relative direcotry[D:\gitsinnori\sinnori\project\sample_test][server_build/build] was created successfully
4월 11, 2018 6:00:26 오후 kr.pe.sinnori.common.util.CommonStaticUtil createChildDirectoriesOfBasePath
정보: the new child relative direcotry[D:\gitsinnori\sinnori\project\sample_test][server_build/dist] was created successfully
4월 11, 2018 6:00:26 오후 kr.pe.sinnori.common.buildsystem.ProjectBuilder createServerBuildChildDirectories
정보: main project[sample_test]'s server child direcotry creation task end
4월 11, 2018 6:00:26 오후 kr.pe.sinnori.common.buildsystem.ProjectBuilder createServerBuildSystemFiles
정보: server build system files creation task start
4월 11, 2018 6:00:26 오후 kr.pe.sinnori.common.buildsystem.ProjectBuilder createNewServerAntBuildXMLFile
정보: main project[sample_test]'s server ant build.xml file creation task start
4월 11, 2018 6:00:26 오후 kr.pe.sinnori.common.buildsystem.ProjectBuilder createNewServerAntBuildXMLFile
정보: main project[sample_test]'s server ant build.xml file creation task end
4월 11, 2018 6:00:26 오후 kr.pe.sinnori.common.buildsystem.ProjectBuilder createNewServerDosShellFile
정보: main project[sample_test]'s server dos shell file creation task start
4월 11, 2018 6:00:26 오후 kr.pe.sinnori.common.buildsystem.ProjectBuilder createNewServerDosShellFile
정보: main project[sample_test]'s server dos shell file creation task end
4월 11, 2018 6:00:26 오후 kr.pe.sinnori.common.buildsystem.ProjectBuilder createNewServerUnixShellFile
정보: main project[sample_test]'s server unix shell file creation task start
4월 11, 2018 6:00:26 오후 kr.pe.sinnori.common.buildsystem.ProjectBuilder createNewServerUnixShellFile
정보: main project[sample_test]'s server unix shell file creation task end
4월 11, 2018 6:00:26 오후 kr.pe.sinnori.common.buildsystem.ProjectBuilder copyServerSampleFiles
정보: server sample source files copy task start
4월 11, 2018 6:00:26 오후 kr.pe.sinnori.common.buildsystem.ProjectBuilder copyServerSampleFiles
정보: server sample source files copy task end
4월 11, 2018 6:00:26 오후 kr.pe.sinnori.common.buildsystem.ProjectBuilder createServerMessageIOFileSet
정보: main project[sample_test]'s server message io file set creation task start
4월 11, 2018 6:00:26 오후 kr.pe.sinnori.common.util.CommonStaticUtil createChildDirectoriesOfBasePath
정보: the new child relative direcotry[D:\gitsinnori\sinnori\project\sample_test\server_build\src\main\java\kr\pe\sinnori\impl\message][Echo] was created successfully
4월 11, 2018 6:00:26 오후 kr.pe.sinnori.common.buildsystem.ProjectBuilder createNewMessageSourceFile
정보: main project[sample_test]'s message file[Echo][D:\gitsinnori\sinnori\project\sample_test\server_build\src\main\java\kr\pe\sinnori\impl\message] creation task start
4월 11, 2018 6:00:26 오후 kr.pe.sinnori.common.buildsystem.ProjectBuilder createNewMessageSourceFile
정보: main project[sample_test]'s message file[Echo][D:\gitsinnori\sinnori\project\sample_test\server_build\src\main\java\kr\pe\sinnori\impl\message] creation task end
4월 11, 2018 6:00:26 오후 kr.pe.sinnori.common.buildsystem.ProjectBuilder createNewDecoderSourceFile
정보: main project[sample_test]'s message decoder file[Echo][D:\gitsinnori\sinnori\project\sample_test\server_build\src\main\java\kr\pe\sinnori\impl\message] creation task start
4월 11, 2018 6:00:26 오후 kr.pe.sinnori.common.buildsystem.ProjectBuilder createNewDecoderSourceFile
정보: main project[sample_test]'s message decoder file[Echo][D:\gitsinnori\sinnori\project\sample_test\server_build\src\main\java\kr\pe\sinnori\impl\message] creation task end
4월 11, 2018 6:00:26 오후 kr.pe.sinnori.common.buildsystem.ProjectBuilder createNewEncoderSourceFile
정보: main project[sample_test]'s message encoder file[Echo][D:\gitsinnori\sinnori\project\sample_test\server_build\src\main\java\kr\pe\sinnori\impl\message] creation task start
4월 11, 2018 6:00:26 오후 kr.pe.sinnori.common.buildsystem.ProjectBuilder createNewEncoderSourceFile
정보: main project[sample_test]'s message encoder file[Echo][D:\gitsinnori\sinnori\project\sample_test\server_build\src\main\java\kr\pe\sinnori\impl\message] creation task end
4월 11, 2018 6:00:26 오후 kr.pe.sinnori.common.buildsystem.ProjectBuilder createNewServerCodecSourceFile
정보: main project[sample_test]'s message server codec file[Echo][D:\gitsinnori\sinnori\project\sample_test\server_build\src\main\java\kr\pe\sinnori\impl\message] creation task start
4월 11, 2018 6:00:26 오후 kr.pe.sinnori.common.buildsystem.ProjectBuilder createNewServerCodecSourceFile
정보: main project[sample_test]'s message server codec file[Echo][D:\gitsinnori\sinnori\project\sample_test\server_build\src\main\java\kr\pe\sinnori\impl\message] creation task end
4월 11, 2018 6:00:26 오후 kr.pe.sinnori.common.buildsystem.ProjectBuilder createNewClientCodecSourceFile
정보: main project[sample_test]'s message client codec file[Echo][D:\gitsinnori\sinnori\project\sample_test\server_build\src\main\java\kr\pe\sinnori\impl\message] creation task start
4월 11, 2018 6:00:26 오후 kr.pe.sinnori.common.buildsystem.ProjectBuilder createNewClientCodecSourceFile
정보: main project[sample_test]'s message client codec file[Echo][D:\gitsinnori\sinnori\project\sample_test\server_build\src\main\java\kr\pe\sinnori\impl\message] creation task end
4월 11, 2018 6:00:26 오후 kr.pe.sinnori.common.util.CommonStaticUtil createChildDirectoriesOfBasePath
정보: the new child relative direcotry[D:\gitsinnori\sinnori\project\sample_test\server_build\src\main\java\kr\pe\sinnori\impl\message][PublicKeyReq] was created successfully
4월 11, 2018 6:00:26 오후 kr.pe.sinnori.common.buildsystem.ProjectBuilder createNewMessageSourceFile
정보: main project[sample_test]'s message file[PublicKeyReq][D:\gitsinnori\sinnori\project\sample_test\server_build\src\main\java\kr\pe\sinnori\impl\message] creation task start
4월 11, 2018 6:00:26 오후 kr.pe.sinnori.common.buildsystem.ProjectBuilder createNewMessageSourceFile
정보: main project[sample_test]'s message file[PublicKeyReq][D:\gitsinnori\sinnori\project\sample_test\server_build\src\main\java\kr\pe\sinnori\impl\message] creation task end
4월 11, 2018 6:00:26 오후 kr.pe.sinnori.common.buildsystem.ProjectBuilder createNewDecoderSourceFile
정보: main project[sample_test]'s message decoder file[PublicKeyReq][D:\gitsinnori\sinnori\project\sample_test\server_build\src\main\java\kr\pe\sinnori\impl\message] creation task start
4월 11, 2018 6:00:26 오후 kr.pe.sinnori.common.buildsystem.ProjectBuilder createNewDecoderSourceFile
정보: main project[sample_test]'s message decoder file[PublicKeyReq][D:\gitsinnori\sinnori\project\sample_test\server_build\src\main\java\kr\pe\sinnori\impl\message] creation task end
4월 11, 2018 6:00:26 오후 kr.pe.sinnori.common.buildsystem.ProjectBuilder createNewEncoderSourceFile
정보: main project[sample_test]'s message encoder file[PublicKeyReq][D:\gitsinnori\sinnori\project\sample_test\server_build\src\main\java\kr\pe\sinnori\impl\message] creation task start
4월 11, 2018 6:00:26 오후 kr.pe.sinnori.common.buildsystem.ProjectBuilder createNewEncoderSourceFile
정보: main project[sample_test]'s message encoder file[PublicKeyReq][D:\gitsinnori\sinnori\project\sample_test\server_build\src\main\java\kr\pe\sinnori\impl\message] creation task end
4월 11, 2018 6:00:26 오후 kr.pe.sinnori.common.buildsystem.ProjectBuilder createNewServerCodecSourceFile
정보: main project[sample_test]'s message server codec file[PublicKeyReq][D:\gitsinnori\sinnori\project\sample_test\server_build\src\main\java\kr\pe\sinnori\impl\message] creation task start
4월 11, 2018 6:00:26 오후 kr.pe.sinnori.common.buildsystem.ProjectBuilder createNewServerCodecSourceFile
정보: main project[sample_test]'s message server codec file[PublicKeyReq][D:\gitsinnori\sinnori\project\sample_test\server_build\src\main\java\kr\pe\sinnori\impl\message] creation task end
4월 11, 2018 6:00:26 오후 kr.pe.sinnori.common.buildsystem.ProjectBuilder createNewClientCodecSourceFile
정보: main project[sample_test]'s message client codec file[PublicKeyReq][D:\gitsinnori\sinnori\project\sample_test\server_build\src\main\java\kr\pe\sinnori\impl\message] creation task start
4월 11, 2018 6:00:26 오후 kr.pe.sinnori.common.buildsystem.ProjectBuilder createNewClientCodecSourceFile
정보: main project[sample_test]'s message client codec file[PublicKeyReq][D:\gitsinnori\sinnori\project\sample_test\server_build\src\main\java\kr\pe\sinnori\impl\message] creation task end
4월 11, 2018 6:00:26 오후 kr.pe.sinnori.common.util.CommonStaticUtil createChildDirectoriesOfBasePath
정보: the new child relative direcotry[D:\gitsinnori\sinnori\project\sample_test\server_build\src\main\java\kr\pe\sinnori\impl\message][PublicKeyRes] was created successfully
4월 11, 2018 6:00:26 오후 kr.pe.sinnori.common.buildsystem.ProjectBuilder createNewMessageSourceFile
정보: main project[sample_test]'s message file[PublicKeyRes][D:\gitsinnori\sinnori\project\sample_test\server_build\src\main\java\kr\pe\sinnori\impl\message] creation task start
4월 11, 2018 6:00:26 오후 kr.pe.sinnori.common.buildsystem.ProjectBuilder createNewMessageSourceFile
정보: main project[sample_test]'s message file[PublicKeyRes][D:\gitsinnori\sinnori\project\sample_test\server_build\src\main\java\kr\pe\sinnori\impl\message] creation task end
4월 11, 2018 6:00:26 오후 kr.pe.sinnori.common.buildsystem.ProjectBuilder createNewDecoderSourceFile
정보: main project[sample_test]'s message decoder file[PublicKeyRes][D:\gitsinnori\sinnori\project\sample_test\server_build\src\main\java\kr\pe\sinnori\impl\message] creation task start
4월 11, 2018 6:00:26 오후 kr.pe.sinnori.common.buildsystem.ProjectBuilder createNewDecoderSourceFile
정보: main project[sample_test]'s message decoder file[PublicKeyRes][D:\gitsinnori\sinnori\project\sample_test\server_build\src\main\java\kr\pe\sinnori\impl\message] creation task end
4월 11, 2018 6:00:26 오후 kr.pe.sinnori.common.buildsystem.ProjectBuilder createNewEncoderSourceFile
정보: main project[sample_test]'s message encoder file[PublicKeyRes][D:\gitsinnori\sinnori\project\sample_test\server_build\src\main\java\kr\pe\sinnori\impl\message] creation task start
4월 11, 2018 6:00:26 오후 kr.pe.sinnori.common.buildsystem.ProjectBuilder createNewEncoderSourceFile
정보: main project[sample_test]'s message encoder file[PublicKeyRes][D:\gitsinnori\sinnori\project\sample_test\server_build\src\main\java\kr\pe\sinnori\impl\message] creation task end
4월 11, 2018 6:00:26 오후 kr.pe.sinnori.common.buildsystem.ProjectBuilder createNewServerCodecSourceFile
정보: main project[sample_test]'s message server codec file[PublicKeyRes][D:\gitsinnori\sinnori\project\sample_test\server_build\src\main\java\kr\pe\sinnori\impl\message] creation task start
4월 11, 2018 6:00:26 오후 kr.pe.sinnori.common.buildsystem.ProjectBuilder createNewServerCodecSourceFile
정보: main project[sample_test]'s message server codec file[PublicKeyRes][D:\gitsinnori\sinnori\project\sample_test\server_build\src\main\java\kr\pe\sinnori\impl\message] creation task end
4월 11, 2018 6:00:26 오후 kr.pe.sinnori.common.buildsystem.ProjectBuilder createNewClientCodecSourceFile
정보: main project[sample_test]'s message client codec file[PublicKeyRes][D:\gitsinnori\sinnori\project\sample_test\server_build\src\main\java\kr\pe\sinnori\impl\message] creation task start
4월 11, 2018 6:00:26 오후 kr.pe.sinnori.common.buildsystem.ProjectBuilder createNewClientCodecSourceFile
정보: main project[sample_test]'s message client codec file[PublicKeyRes][D:\gitsinnori\sinnori\project\sample_test\server_build\src\main\java\kr\pe\sinnori\impl\message] creation task end
4월 11, 2018 6:00:26 오후 kr.pe.sinnori.common.buildsystem.ProjectBuilder createServerMessageIOFileSet
정보: main project[sample_test]'s server message io file set creation task end
4월 11, 2018 6:00:26 오후 kr.pe.sinnori.common.buildsystem.ProjectBuilder createServerBuildSystemFiles
정보: server build system files creation task end
4월 11, 2018 6:00:26 오후 kr.pe.sinnori.common.buildsystem.ProjectBuilder deleteAppClientBuildPath
정보: mainproject[sample_test]'s application client build path deletion task start
4월 11, 2018 6:00:26 오후 kr.pe.sinnori.common.buildsystem.ProjectBuilder deleteAppClientBuildPath
정보: mainproject[sample_test]'s application client build path deletion task end
4월 11, 2018 6:00:26 오후 kr.pe.sinnori.common.buildsystem.ProjectBuilder deleteWebCientBuildPath
정보: main project[sample_test]'s web client build path deletion task start
4월 11, 2018 6:00:26 오후 kr.pe.sinnori.common.buildsystem.ProjectBuilder deleteWebCientBuildPath
정보: main project[sample_test]'s web client build path deletion task end
4월 11, 2018 6:00:26 오후 kr.pe.sinnori.common.buildsystem.ProjectBuilder deleteWebRoot
정보: main project[sample_test]'s web root path deletion task start
4월 11, 2018 6:00:26 오후 kr.pe.sinnori.common.buildsystem.ProjectBuilder deleteWebRoot
정보: main project[sample_test]'s web root path deletion task end
4월 11, 2018 6:00:26 오후 kr.pe.sinnori.common.buildsystem.ProjectBuilder overwriteSinnoriConfigFile
정보: main project[sample_test]'s config file overwrite task start
4월 11, 2018 6:00:26 오후 kr.pe.sinnori.common.buildsystem.ProjectBuilder overwriteSinnoriConfigFile
정보: main project[sample_test]'s config file overwrite task end
4월 11, 2018 6:00:26 오후 kr.pe.sinnori.common.buildsystem.ProjectBuilder changeProjectState
정보: main project[sample_test] changeProjectState method end
4월 11, 2018 6:00:26 오후 kr.pe.sinnori.common.buildsystem.ProjectBuilder isValidAppClientAntBuildXMLFile
정보: the app client ant build.xml file[D:\gitsinnori\sinnori\project\sample_test\client_build\app_build\build.xml] is bad :: whetherExist[false] isFile[false]
4월 11, 2018 6:00:26 오후 kr.pe.sinnori.common.buildsystem.ProjectBuilder isValidWebClientAntBuildXMLFile
정보: the web client ant build.xml file[D:\gitsinnori\sinnori\project\sample_test\client_build\web_build\build.xml] is bad :: whetherExist[false] isFile[false]
4월 11, 2018 6:00:26 오후 kr.pe.sinnori.common.buildsystem.ProjectBuilder isValidWebRootXMLFile
정보: the web.xml file[D:\gitsinnori\sinnori\project\sample_test\web_app_base\ROOT\WEB-INF\web.xml] located at web root directory is bad :: whetherExist[false] isFile[false]
4월 11, 2018 6:00:26 오후 kr.pe.sinnori.common.buildsystem.ProjectBuilder changeProjectState
정보: main project[sample_test] changeProjectState method start
4월 11, 2018 6:00:26 오후 kr.pe.sinnori.common.buildsystem.ProjectBuilder changeProjectState
경고: the server build path[D:\gitsinnori\sinnori\project\sample_test\server_build] exist, so skip creation of server build system
4월 11, 2018 6:00:26 오후 kr.pe.sinnori.common.buildsystem.ProjectBuilder isValidAppClientAntBuildXMLFile
정보: the app client ant build.xml file[D:\gitsinnori\sinnori\project\sample_test\client_build\app_build\build.xml] is bad :: whetherExist[false] isFile[false]
4월 11, 2018 6:00:26 오후 kr.pe.sinnori.common.buildsystem.ProjectBuilder changeProjectState
경고: the app client buid.xml file[D:\gitsinnori\sinnori\project\sample_test\client_build\app_build\build.xml] is bad beacse it doesn't exist or is not a file, so skip deletion of app client build system
4월 11, 2018 6:00:26 오후 kr.pe.sinnori.common.buildsystem.ProjectBuilder createWebBuildChildDirectories
정보: main project[sample_test]'s web build child direcotry creation task start
4월 11, 2018 6:00:26 오후 kr.pe.sinnori.common.util.CommonStaticUtil createChildDirectoriesOfBasePath
정보: the new child relative direcotry[D:\gitsinnori\sinnori\project\sample_test][client_build/web_build/corelib/ex] was created successfully
4월 11, 2018 6:00:26 오후 kr.pe.sinnori.common.util.CommonStaticUtil createChildDirectoriesOfBasePath
정보: the new child relative direcotry[D:\gitsinnori\sinnori\project\sample_test][client_build/web_build/corelib/in] was created successfully
4월 11, 2018 6:00:26 오후 kr.pe.sinnori.common.util.CommonStaticUtil createChildDirectoriesOfBasePath
정보: the new child relative direcotry[D:\gitsinnori\sinnori\project\sample_test][client_build/web_build/lib/main/ex] was created successfully
4월 11, 2018 6:00:26 오후 kr.pe.sinnori.common.util.CommonStaticUtil createChildDirectoriesOfBasePath
정보: the new child relative direcotry[D:\gitsinnori\sinnori\project\sample_test][client_build/web_build/lib/main/in] was created successfully
4월 11, 2018 6:00:26 오후 kr.pe.sinnori.common.util.CommonStaticUtil createChildDirectoriesOfBasePath
정보: the new child relative direcotry[D:\gitsinnori\sinnori\project\sample_test][client_build/web_build/lib/test] was created successfully
4월 11, 2018 6:00:26 오후 kr.pe.sinnori.common.util.CommonStaticUtil createChildDirectoriesOfBasePath
정보: the new child relative direcotry[D:\gitsinnori\sinnori\project\sample_test][client_build/web_build/src/main/java/kr/pe/sinnori/impl/message] was created successfully
4월 11, 2018 6:00:26 오후 kr.pe.sinnori.common.util.CommonStaticUtil createChildDirectoriesOfBasePath
정보: the new child relative direcotry[D:\gitsinnori\sinnori\project\sample_test][client_build/web_build/src/main/java//kr/pe/sinnori/servlet] was created successfully
4월 11, 2018 6:00:26 오후 kr.pe.sinnori.common.util.CommonStaticUtil createChildDirectoriesOfBasePath
정보: the new child relative direcotry[D:\gitsinnori\sinnori\project\sample_test][client_build/web_build/src/main/java/kr/pe/sinnori/weblib/common] was created successfully
4월 11, 2018 6:00:26 오후 kr.pe.sinnori.common.util.CommonStaticUtil createChildDirectoriesOfBasePath
정보: the new child relative direcotry[D:\gitsinnori\sinnori\project\sample_test][client_build/web_build/src/main/java/kr/pe/sinnori/weblib/htmlstring] was created successfully
4월 11, 2018 6:00:26 오후 kr.pe.sinnori.common.util.CommonStaticUtil createChildDirectoriesOfBasePath
정보: the new child relative direcotry[D:\gitsinnori\sinnori\project\sample_test][client_build/web_build/src/main/java/kr/pe/sinnori/weblib/jdf] was created successfully
4월 11, 2018 6:00:26 오후 kr.pe.sinnori.common.util.CommonStaticUtil createChildDirectoriesOfBasePath
정보: the new child relative direcotry[D:\gitsinnori\sinnori\project\sample_test][client_build/web_build/src/test/java] was created successfully
4월 11, 2018 6:00:26 오후 kr.pe.sinnori.common.util.CommonStaticUtil createChildDirectoriesOfBasePath
정보: the new child relative direcotry[D:\gitsinnori\sinnori\project\sample_test][client_build/web_build/build] was created successfully
4월 11, 2018 6:00:26 오후 kr.pe.sinnori.common.util.CommonStaticUtil createChildDirectoriesOfBasePath
정보: the new child relative direcotry[D:\gitsinnori\sinnori\project\sample_test][client_build/web_build/dist] was created successfully
4월 11, 2018 6:00:26 오후 kr.pe.sinnori.common.buildsystem.ProjectBuilder createWebBuildChildDirectories
정보: main project[sample_test]'s web build child direcotry creation task end
4월 11, 2018 6:00:26 오후 kr.pe.sinnori.common.buildsystem.ProjectBuilder createWebClientBuildSystemFiles
정보: main project[sample_test]'s web client build system files creation task start
4월 11, 2018 6:00:26 오후 kr.pe.sinnori.common.buildsystem.ProjectBuilder createNewWebClientAntBuildFile
정보: main project[sample_test]'s web client ant build.xml file creation task start
4월 11, 2018 6:00:26 오후 kr.pe.sinnori.common.buildsystem.ProjectBuilder createNewWebClientAntBuildFile
정보: main project[sample_test]'s web client ant build.xml file creation task end
4월 11, 2018 6:00:26 오후 kr.pe.sinnori.common.buildsystem.ProjectBuilder createNewWebClientAntPropertiesFile
정보: main project[sample_test]'s web client ant properties file creation task start
4월 11, 2018 6:00:26 오후 kr.pe.sinnori.common.util.SequencedPropertiesUtil createNewSequencedPropertiesFile
정보: the sequenced properties file[D:\gitsinnori\sinnori\project\sample_test\client_build\web_build\webAnt.properties] was created
4월 11, 2018 6:00:26 오후 kr.pe.sinnori.common.buildsystem.ProjectBuilder createNewWebClientAntPropertiesFile
정보: main project[sample_test]'s web client ant properties file creation task end
4월 11, 2018 6:00:26 오후 kr.pe.sinnori.common.buildsystem.ProjectBuilder createNewWebClientMessageIOFileSet
정보: main project[sample_test]'s web client message io file set creation task start
4월 11, 2018 6:00:26 오후 kr.pe.sinnori.common.util.CommonStaticUtil createChildDirectoriesOfBasePath
정보: the new child relative direcotry[D:\gitsinnori\sinnori\project\sample_test\client_build\web_build\src\main\java\kr\pe\sinnori\impl\message][Echo] was created successfully
4월 11, 2018 6:00:26 오후 kr.pe.sinnori.common.buildsystem.ProjectBuilder createNewMessageSourceFile
정보: main project[sample_test]'s message file[Echo][D:\gitsinnori\sinnori\project\sample_test\client_build\web_build\src\main\java\kr\pe\sinnori\impl\message] creation task start
4월 11, 2018 6:00:26 오후 kr.pe.sinnori.common.buildsystem.ProjectBuilder createNewMessageSourceFile
정보: main project[sample_test]'s message file[Echo][D:\gitsinnori\sinnori\project\sample_test\client_build\web_build\src\main\java\kr\pe\sinnori\impl\message] creation task end
4월 11, 2018 6:00:26 오후 kr.pe.sinnori.common.buildsystem.ProjectBuilder createNewDecoderSourceFile
정보: main project[sample_test]'s message decoder file[Echo][D:\gitsinnori\sinnori\project\sample_test\client_build\web_build\src\main\java\kr\pe\sinnori\impl\message] creation task start
4월 11, 2018 6:00:26 오후 kr.pe.sinnori.common.buildsystem.ProjectBuilder createNewDecoderSourceFile
정보: main project[sample_test]'s message decoder file[Echo][D:\gitsinnori\sinnori\project\sample_test\client_build\web_build\src\main\java\kr\pe\sinnori\impl\message] creation task end
4월 11, 2018 6:00:26 오후 kr.pe.sinnori.common.buildsystem.ProjectBuilder createNewEncoderSourceFile
정보: main project[sample_test]'s message encoder file[Echo][D:\gitsinnori\sinnori\project\sample_test\client_build\web_build\src\main\java\kr\pe\sinnori\impl\message] creation task start
4월 11, 2018 6:00:26 오후 kr.pe.sinnori.common.buildsystem.ProjectBuilder createNewEncoderSourceFile
정보: main project[sample_test]'s message encoder file[Echo][D:\gitsinnori\sinnori\project\sample_test\client_build\web_build\src\main\java\kr\pe\sinnori\impl\message] creation task end
4월 11, 2018 6:00:26 오후 kr.pe.sinnori.common.buildsystem.ProjectBuilder createNewServerCodecSourceFile
정보: main project[sample_test]'s message server codec file[Echo][D:\gitsinnori\sinnori\project\sample_test\client_build\web_build\src\main\java\kr\pe\sinnori\impl\message] creation task start
4월 11, 2018 6:00:26 오후 kr.pe.sinnori.common.buildsystem.ProjectBuilder createNewServerCodecSourceFile
정보: main project[sample_test]'s message server codec file[Echo][D:\gitsinnori\sinnori\project\sample_test\client_build\web_build\src\main\java\kr\pe\sinnori\impl\message] creation task end
4월 11, 2018 6:00:26 오후 kr.pe.sinnori.common.buildsystem.ProjectBuilder createNewClientCodecSourceFile
정보: main project[sample_test]'s message client codec file[Echo][D:\gitsinnori\sinnori\project\sample_test\client_build\web_build\src\main\java\kr\pe\sinnori\impl\message] creation task start
4월 11, 2018 6:00:26 오후 kr.pe.sinnori.common.buildsystem.ProjectBuilder createNewClientCodecSourceFile
정보: main project[sample_test]'s message client codec file[Echo][D:\gitsinnori\sinnori\project\sample_test\client_build\web_build\src\main\java\kr\pe\sinnori\impl\message] creation task end
4월 11, 2018 6:00:26 오후 kr.pe.sinnori.common.util.CommonStaticUtil createChildDirectoriesOfBasePath
정보: the new child relative direcotry[D:\gitsinnori\sinnori\project\sample_test\client_build\web_build\src\main\java\kr\pe\sinnori\impl\message][PublicKeyReq] was created successfully
4월 11, 2018 6:00:26 오후 kr.pe.sinnori.common.buildsystem.ProjectBuilder createNewMessageSourceFile
정보: main project[sample_test]'s message file[PublicKeyReq][D:\gitsinnori\sinnori\project\sample_test\client_build\web_build\src\main\java\kr\pe\sinnori\impl\message] creation task start
4월 11, 2018 6:00:26 오후 kr.pe.sinnori.common.buildsystem.ProjectBuilder createNewMessageSourceFile
정보: main project[sample_test]'s message file[PublicKeyReq][D:\gitsinnori\sinnori\project\sample_test\client_build\web_build\src\main\java\kr\pe\sinnori\impl\message] creation task end
4월 11, 2018 6:00:26 오후 kr.pe.sinnori.common.buildsystem.ProjectBuilder createNewDecoderSourceFile
정보: main project[sample_test]'s message decoder file[PublicKeyReq][D:\gitsinnori\sinnori\project\sample_test\client_build\web_build\src\main\java\kr\pe\sinnori\impl\message] creation task start
4월 11, 2018 6:00:26 오후 kr.pe.sinnori.common.buildsystem.ProjectBuilder createNewDecoderSourceFile
정보: main project[sample_test]'s message decoder file[PublicKeyReq][D:\gitsinnori\sinnori\project\sample_test\client_build\web_build\src\main\java\kr\pe\sinnori\impl\message] creation task end
4월 11, 2018 6:00:26 오후 kr.pe.sinnori.common.buildsystem.ProjectBuilder createNewEncoderSourceFile
정보: main project[sample_test]'s message encoder file[PublicKeyReq][D:\gitsinnori\sinnori\project\sample_test\client_build\web_build\src\main\java\kr\pe\sinnori\impl\message] creation task start
4월 11, 2018 6:00:26 오후 kr.pe.sinnori.common.buildsystem.ProjectBuilder createNewEncoderSourceFile
정보: main project[sample_test]'s message encoder file[PublicKeyReq][D:\gitsinnori\sinnori\project\sample_test\client_build\web_build\src\main\java\kr\pe\sinnori\impl\message] creation task end
4월 11, 2018 6:00:26 오후 kr.pe.sinnori.common.buildsystem.ProjectBuilder createNewServerCodecSourceFile
정보: main project[sample_test]'s message server codec file[PublicKeyReq][D:\gitsinnori\sinnori\project\sample_test\client_build\web_build\src\main\java\kr\pe\sinnori\impl\message] creation task start
4월 11, 2018 6:00:26 오후 kr.pe.sinnori.common.buildsystem.ProjectBuilder createNewServerCodecSourceFile
정보: main project[sample_test]'s message server codec file[PublicKeyReq][D:\gitsinnori\sinnori\project\sample_test\client_build\web_build\src\main\java\kr\pe\sinnori\impl\message] creation task end
4월 11, 2018 6:00:26 오후 kr.pe.sinnori.common.buildsystem.ProjectBuilder createNewClientCodecSourceFile
정보: main project[sample_test]'s message client codec file[PublicKeyReq][D:\gitsinnori\sinnori\project\sample_test\client_build\web_build\src\main\java\kr\pe\sinnori\impl\message] creation task start
4월 11, 2018 6:00:26 오후 kr.pe.sinnori.common.buildsystem.ProjectBuilder createNewClientCodecSourceFile
정보: main project[sample_test]'s message client codec file[PublicKeyReq][D:\gitsinnori\sinnori\project\sample_test\client_build\web_build\src\main\java\kr\pe\sinnori\impl\message] creation task end
4월 11, 2018 6:00:26 오후 kr.pe.sinnori.common.util.CommonStaticUtil createChildDirectoriesOfBasePath
정보: the new child relative direcotry[D:\gitsinnori\sinnori\project\sample_test\client_build\web_build\src\main\java\kr\pe\sinnori\impl\message][PublicKeyRes] was created successfully
4월 11, 2018 6:00:26 오후 kr.pe.sinnori.common.buildsystem.ProjectBuilder createNewMessageSourceFile
정보: main project[sample_test]'s message file[PublicKeyRes][D:\gitsinnori\sinnori\project\sample_test\client_build\web_build\src\main\java\kr\pe\sinnori\impl\message] creation task start
4월 11, 2018 6:00:26 오후 kr.pe.sinnori.common.buildsystem.ProjectBuilder createNewMessageSourceFile
정보: main project[sample_test]'s message file[PublicKeyRes][D:\gitsinnori\sinnori\project\sample_test\client_build\web_build\src\main\java\kr\pe\sinnori\impl\message] creation task end
4월 11, 2018 6:00:26 오후 kr.pe.sinnori.common.buildsystem.ProjectBuilder createNewDecoderSourceFile
정보: main project[sample_test]'s message decoder file[PublicKeyRes][D:\gitsinnori\sinnori\project\sample_test\client_build\web_build\src\main\java\kr\pe\sinnori\impl\message] creation task start
4월 11, 2018 6:00:26 오후 kr.pe.sinnori.common.buildsystem.ProjectBuilder createNewDecoderSourceFile
정보: main project[sample_test]'s message decoder file[PublicKeyRes][D:\gitsinnori\sinnori\project\sample_test\client_build\web_build\src\main\java\kr\pe\sinnori\impl\message] creation task end
4월 11, 2018 6:00:26 오후 kr.pe.sinnori.common.buildsystem.ProjectBuilder createNewEncoderSourceFile
정보: main project[sample_test]'s message encoder file[PublicKeyRes][D:\gitsinnori\sinnori\project\sample_test\client_build\web_build\src\main\java\kr\pe\sinnori\impl\message] creation task start
4월 11, 2018 6:00:26 오후 kr.pe.sinnori.common.buildsystem.ProjectBuilder createNewEncoderSourceFile
정보: main project[sample_test]'s message encoder file[PublicKeyRes][D:\gitsinnori\sinnori\project\sample_test\client_build\web_build\src\main\java\kr\pe\sinnori\impl\message] creation task end
4월 11, 2018 6:00:26 오후 kr.pe.sinnori.common.buildsystem.ProjectBuilder createNewServerCodecSourceFile
정보: main project[sample_test]'s message server codec file[PublicKeyRes][D:\gitsinnori\sinnori\project\sample_test\client_build\web_build\src\main\java\kr\pe\sinnori\impl\message] creation task start
4월 11, 2018 6:00:26 오후 kr.pe.sinnori.common.buildsystem.ProjectBuilder createNewServerCodecSourceFile
정보: main project[sample_test]'s message server codec file[PublicKeyRes][D:\gitsinnori\sinnori\project\sample_test\client_build\web_build\src\main\java\kr\pe\sinnori\impl\message] creation task end
4월 11, 2018 6:00:26 오후 kr.pe.sinnori.common.buildsystem.ProjectBuilder createNewClientCodecSourceFile
정보: main project[sample_test]'s message client codec file[PublicKeyRes][D:\gitsinnori\sinnori\project\sample_test\client_build\web_build\src\main\java\kr\pe\sinnori\impl\message] creation task start
4월 11, 2018 6:00:26 오후 kr.pe.sinnori.common.buildsystem.ProjectBuilder createNewClientCodecSourceFile
정보: main project[sample_test]'s message client codec file[PublicKeyRes][D:\gitsinnori\sinnori\project\sample_test\client_build\web_build\src\main\java\kr\pe\sinnori\impl\message] creation task end
4월 11, 2018 6:00:26 오후 kr.pe.sinnori.common.buildsystem.ProjectBuilder createNewWebClientMessageIOFileSet
정보: main project[sample_test]'s web client message io file set creation task end
4월 11, 2018 6:00:26 오후 kr.pe.sinnori.common.buildsystem.ProjectBuilder copyWebClientSampleFiles
정보: mainproject[sample_test]'s web client sample source files copy task start
4월 11, 2018 6:00:27 오후 kr.pe.sinnori.common.buildsystem.ProjectBuilder copyWebClientSampleFiles
정보: mainproject[sample_test]'s web client sample source files copy task end
4월 11, 2018 6:00:27 오후 kr.pe.sinnori.common.buildsystem.ProjectBuilder createWebClientBuildSystemFiles
정보: main project[sample_test]'s web client build system files creation task end
4월 11, 2018 6:00:27 오후 kr.pe.sinnori.common.buildsystem.ProjectBuilder createWebRootChildDirectories
정보: main project[sample_test]'s web root child direcotry creation task start
4월 11, 2018 6:00:27 오후 kr.pe.sinnori.common.util.CommonStaticUtil createChildDirectoriesOfBasePath
정보: the child relative direcotry[D:\gitsinnori\sinnori\project\sample_test][web_app_base/upload] exist, so nothing
4월 11, 2018 6:00:27 오후 kr.pe.sinnori.common.util.CommonStaticUtil createChildDirectoriesOfBasePath
정보: the new child relative direcotry[D:\gitsinnori\sinnori\project\sample_test][web_app_base/ROOT/WEB-INF/classes] was created successfully
4월 11, 2018 6:00:27 오후 kr.pe.sinnori.common.util.CommonStaticUtil createChildDirectoriesOfBasePath
정보: the new child relative direcotry[D:\gitsinnori\sinnori\project\sample_test][web_app_base/ROOT/WEB-INF/lib] was created successfully
4월 11, 2018 6:00:27 오후 kr.pe.sinnori.common.buildsystem.ProjectBuilder createWebRootChildDirectories
정보: main project[sample_test]'s web root child direcotry creation task end
4월 11, 2018 6:00:27 오후 kr.pe.sinnori.common.buildsystem.ProjectBuilder createWebRootSampleFiles
정보: main project[sample_test]'s web root sample files creation task start
4월 11, 2018 6:00:27 오후 kr.pe.sinnori.common.buildsystem.ProjectBuilder copyWebRootSampleFiles
정보: main project[sample_test]'s web root sample files copy task start
4월 11, 2018 6:00:27 오후 kr.pe.sinnori.common.buildsystem.ProjectBuilder copyWebRootSampleFiles
정보: main project[sample_test]'s web root sample files copy task end
4월 11, 2018 6:00:27 오후 kr.pe.sinnori.common.buildsystem.ProjectBuilder createWebRootSampleFiles
정보: main project[sample_test]'s web root sample files creation task end
4월 11, 2018 6:00:27 오후 kr.pe.sinnori.common.buildsystem.ProjectBuilder overwriteSinnoriConfigFile
정보: main project[sample_test]'s config file overwrite task start
4월 11, 2018 6:00:27 오후 kr.pe.sinnori.common.buildsystem.ProjectBuilder overwriteSinnoriConfigFile
정보: main project[sample_test]'s config file overwrite task end
4월 11, 2018 6:00:27 오후 kr.pe.sinnori.common.buildsystem.ProjectBuilder changeProjectState
정보: main project[sample_test] changeProjectState method end
4월 11, 2018 6:00:27 오후 kr.pe.sinnori.common.buildsystem.ProjectBuilder isValidAppClientAntBuildXMLFile
정보: the app client ant build.xml file[D:\gitsinnori\sinnori\project\sample_test\client_build\app_build\build.xml] is bad :: whetherExist[false] isFile[false]
4월 11, 2018 6:00:27 오후 kr.pe.sinnori.common.buildsystem.ProjectBuilder changeProjectState
정보: main project[sample_test] changeProjectState method start
4월 11, 2018 6:00:27 오후 kr.pe.sinnori.common.buildsystem.ProjectBuilder changeProjectState
경고: the server build path[D:\gitsinnori\sinnori\project\sample_test\server_build] exist, so skip creation of server build system
4월 11, 2018 6:00:27 오후 kr.pe.sinnori.common.buildsystem.ProjectBuilder createAppBuildChildDirectories
정보: main project[sample_test]'s application build child direcotry creation task start
4월 11, 2018 6:00:27 오후 kr.pe.sinnori.common.util.CommonStaticUtil createChildDirectoriesOfBasePath
정보: the new child relative direcotry[D:\gitsinnori\sinnori\project\sample_test][client_build/app_build/corelib/ex] was created successfully
4월 11, 2018 6:00:27 오후 kr.pe.sinnori.common.util.CommonStaticUtil createChildDirectoriesOfBasePath
정보: the new child relative direcotry[D:\gitsinnori\sinnori\project\sample_test][client_build/app_build/corelib/in] was created successfully
4월 11, 2018 6:00:27 오후 kr.pe.sinnori.common.util.CommonStaticUtil createChildDirectoriesOfBasePath
정보: the new child relative direcotry[D:\gitsinnori\sinnori\project\sample_test][client_build/app_build/lib/main/ex] was created successfully
4월 11, 2018 6:00:27 오후 kr.pe.sinnori.common.util.CommonStaticUtil createChildDirectoriesOfBasePath
정보: the new child relative direcotry[D:\gitsinnori\sinnori\project\sample_test][client_build/app_build/lib/main/in] was created successfully
4월 11, 2018 6:00:27 오후 kr.pe.sinnori.common.util.CommonStaticUtil createChildDirectoriesOfBasePath
정보: the new child relative direcotry[D:\gitsinnori\sinnori\project\sample_test][client_build/app_build/lib/test] was created successfully
4월 11, 2018 6:00:27 오후 kr.pe.sinnori.common.util.CommonStaticUtil createChildDirectoriesOfBasePath
정보: the new child relative direcotry[D:\gitsinnori\sinnori\project\sample_test][client_build/app_build/src/main/java/kr/pe/sinnori/impl/message] was created successfully
4월 11, 2018 6:00:27 오후 kr.pe.sinnori.common.util.CommonStaticUtil createChildDirectoriesOfBasePath
정보: the new child relative direcotry[D:\gitsinnori\sinnori\project\sample_test][client_build/app_build/src/main/java/main] was created successfully
4월 11, 2018 6:00:27 오후 kr.pe.sinnori.common.util.CommonStaticUtil createChildDirectoriesOfBasePath
정보: the new child relative direcotry[D:\gitsinnori\sinnori\project\sample_test][client_build/app_build/src/test/java] was created successfully
4월 11, 2018 6:00:27 오후 kr.pe.sinnori.common.util.CommonStaticUtil createChildDirectoriesOfBasePath
정보: the new child relative direcotry[D:\gitsinnori\sinnori\project\sample_test][client_build/app_build/build] was created successfully
4월 11, 2018 6:00:27 오후 kr.pe.sinnori.common.util.CommonStaticUtil createChildDirectoriesOfBasePath
정보: the new child relative direcotry[D:\gitsinnori\sinnori\project\sample_test][client_build/app_build/dist] was created successfully
4월 11, 2018 6:00:27 오후 kr.pe.sinnori.common.buildsystem.ProjectBuilder createAppBuildChildDirectories
정보: main project[sample_test]'s application build child direcotry creation task end
4월 11, 2018 6:00:27 오후 kr.pe.sinnori.common.buildsystem.ProjectBuilder createAppClientBuildSystemFiles
정보: mainproject[sample_test]'s application client build system files creation task start
4월 11, 2018 6:00:27 오후 kr.pe.sinnori.common.buildsystem.ProjectBuilder createNewAppClientAntBuildXMLFile
정보: main project[sample_test]'s application client ant build.xml file creation task start
4월 11, 2018 6:00:27 오후 kr.pe.sinnori.common.buildsystem.ProjectBuilder createNewAppClientAntBuildXMLFile
정보: main project[sample_test]'s application client ant build.xml file creation task end
4월 11, 2018 6:00:27 오후 kr.pe.sinnori.common.buildsystem.ProjectBuilder createNewAppClientDosShellFile
정보: main project[sample_test]'s application client dos shell file creation task start
4월 11, 2018 6:00:27 오후 kr.pe.sinnori.common.buildsystem.ProjectBuilder createNewAppClientDosShellFile
정보: main project[sample_test]'s application client dos shell file creation task end
4월 11, 2018 6:00:27 오후 kr.pe.sinnori.common.buildsystem.ProjectBuilder createNewAppClientUnixShellFile
정보: main project[sample_test]'s application client unix shell file creation task start
4월 11, 2018 6:00:27 오후 kr.pe.sinnori.common.buildsystem.ProjectBuilder createNewAppClientUnixShellFile
정보: main project[sample_test]'s application client unix shell file creation task end
4월 11, 2018 6:00:27 오후 kr.pe.sinnori.common.buildsystem.ProjectBuilder copyAppClientSampleFiles
정보: application client sample source files copy task start
4월 11, 2018 6:00:27 오후 kr.pe.sinnori.common.buildsystem.ProjectBuilder copyAppClientSampleFiles
정보: application client sample source files copy task end
4월 11, 2018 6:00:27 오후 kr.pe.sinnori.common.buildsystem.ProjectBuilder createNewAppClientAllMessageIOFileSet
정보: main project[sample_test]'s application client message io file set creation task start
4월 11, 2018 6:00:27 오후 kr.pe.sinnori.common.util.CommonStaticUtil createChildDirectoriesOfBasePath
정보: the new child relative direcotry[D:\gitsinnori\sinnori\project\sample_test\client_build\app_build\src\main\java\kr\pe\sinnori\impl\message][Echo] was created successfully
4월 11, 2018 6:00:27 오후 kr.pe.sinnori.common.buildsystem.ProjectBuilder createNewMessageSourceFile
정보: main project[sample_test]'s message file[Echo][D:\gitsinnori\sinnori\project\sample_test\client_build\app_build\src\main\java\kr\pe\sinnori\impl\message] creation task start
4월 11, 2018 6:00:27 오후 kr.pe.sinnori.common.buildsystem.ProjectBuilder createNewMessageSourceFile
정보: main project[sample_test]'s message file[Echo][D:\gitsinnori\sinnori\project\sample_test\client_build\app_build\src\main\java\kr\pe\sinnori\impl\message] creation task end
4월 11, 2018 6:00:27 오후 kr.pe.sinnori.common.buildsystem.ProjectBuilder createNewDecoderSourceFile
정보: main project[sample_test]'s message decoder file[Echo][D:\gitsinnori\sinnori\project\sample_test\client_build\app_build\src\main\java\kr\pe\sinnori\impl\message] creation task start
4월 11, 2018 6:00:27 오후 kr.pe.sinnori.common.buildsystem.ProjectBuilder createNewDecoderSourceFile
정보: main project[sample_test]'s message decoder file[Echo][D:\gitsinnori\sinnori\project\sample_test\client_build\app_build\src\main\java\kr\pe\sinnori\impl\message] creation task end
4월 11, 2018 6:00:27 오후 kr.pe.sinnori.common.buildsystem.ProjectBuilder createNewEncoderSourceFile
정보: main project[sample_test]'s message encoder file[Echo][D:\gitsinnori\sinnori\project\sample_test\client_build\app_build\src\main\java\kr\pe\sinnori\impl\message] creation task start
4월 11, 2018 6:00:27 오후 kr.pe.sinnori.common.buildsystem.ProjectBuilder createNewEncoderSourceFile
정보: main project[sample_test]'s message encoder file[Echo][D:\gitsinnori\sinnori\project\sample_test\client_build\app_build\src\main\java\kr\pe\sinnori\impl\message] creation task end
4월 11, 2018 6:00:27 오후 kr.pe.sinnori.common.buildsystem.ProjectBuilder createNewServerCodecSourceFile
정보: main project[sample_test]'s message server codec file[Echo][D:\gitsinnori\sinnori\project\sample_test\client_build\app_build\src\main\java\kr\pe\sinnori\impl\message] creation task start
4월 11, 2018 6:00:27 오후 kr.pe.sinnori.common.buildsystem.ProjectBuilder createNewServerCodecSourceFile
정보: main project[sample_test]'s message server codec file[Echo][D:\gitsinnori\sinnori\project\sample_test\client_build\app_build\src\main\java\kr\pe\sinnori\impl\message] creation task end
4월 11, 2018 6:00:27 오후 kr.pe.sinnori.common.buildsystem.ProjectBuilder createNewClientCodecSourceFile
정보: main project[sample_test]'s message client codec file[Echo][D:\gitsinnori\sinnori\project\sample_test\client_build\app_build\src\main\java\kr\pe\sinnori\impl\message] creation task start
4월 11, 2018 6:00:27 오후 kr.pe.sinnori.common.buildsystem.ProjectBuilder createNewClientCodecSourceFile
정보: main project[sample_test]'s message client codec file[Echo][D:\gitsinnori\sinnori\project\sample_test\client_build\app_build\src\main\java\kr\pe\sinnori\impl\message] creation task end
4월 11, 2018 6:00:27 오후 kr.pe.sinnori.common.util.CommonStaticUtil createChildDirectoriesOfBasePath
정보: the new child relative direcotry[D:\gitsinnori\sinnori\project\sample_test\client_build\app_build\src\main\java\kr\pe\sinnori\impl\message][PublicKeyReq] was created successfully
4월 11, 2018 6:00:27 오후 kr.pe.sinnori.common.buildsystem.ProjectBuilder createNewMessageSourceFile
정보: main project[sample_test]'s message file[PublicKeyReq][D:\gitsinnori\sinnori\project\sample_test\client_build\app_build\src\main\java\kr\pe\sinnori\impl\message] creation task start
4월 11, 2018 6:00:27 오후 kr.pe.sinnori.common.buildsystem.ProjectBuilder createNewMessageSourceFile
정보: main project[sample_test]'s message file[PublicKeyReq][D:\gitsinnori\sinnori\project\sample_test\client_build\app_build\src\main\java\kr\pe\sinnori\impl\message] creation task end
4월 11, 2018 6:00:27 오후 kr.pe.sinnori.common.buildsystem.ProjectBuilder createNewDecoderSourceFile
정보: main project[sample_test]'s message decoder file[PublicKeyReq][D:\gitsinnori\sinnori\project\sample_test\client_build\app_build\src\main\java\kr\pe\sinnori\impl\message] creation task start
4월 11, 2018 6:00:27 오후 kr.pe.sinnori.common.buildsystem.ProjectBuilder createNewDecoderSourceFile
정보: main project[sample_test]'s message decoder file[PublicKeyReq][D:\gitsinnori\sinnori\project\sample_test\client_build\app_build\src\main\java\kr\pe\sinnori\impl\message] creation task end
4월 11, 2018 6:00:27 오후 kr.pe.sinnori.common.buildsystem.ProjectBuilder createNewEncoderSourceFile
정보: main project[sample_test]'s message encoder file[PublicKeyReq][D:\gitsinnori\sinnori\project\sample_test\client_build\app_build\src\main\java\kr\pe\sinnori\impl\message] creation task start
4월 11, 2018 6:00:27 오후 kr.pe.sinnori.common.buildsystem.ProjectBuilder createNewEncoderSourceFile
정보: main project[sample_test]'s message encoder file[PublicKeyReq][D:\gitsinnori\sinnori\project\sample_test\client_build\app_build\src\main\java\kr\pe\sinnori\impl\message] creation task end
4월 11, 2018 6:00:27 오후 kr.pe.sinnori.common.buildsystem.ProjectBuilder createNewServerCodecSourceFile
정보: main project[sample_test]'s message server codec file[PublicKeyReq][D:\gitsinnori\sinnori\project\sample_test\client_build\app_build\src\main\java\kr\pe\sinnori\impl\message] creation task start
4월 11, 2018 6:00:27 오후 kr.pe.sinnori.common.buildsystem.ProjectBuilder createNewServerCodecSourceFile
정보: main project[sample_test]'s message server codec file[PublicKeyReq][D:\gitsinnori\sinnori\project\sample_test\client_build\app_build\src\main\java\kr\pe\sinnori\impl\message] creation task end
4월 11, 2018 6:00:27 오후 kr.pe.sinnori.common.buildsystem.ProjectBuilder createNewClientCodecSourceFile
정보: main project[sample_test]'s message client codec file[PublicKeyReq][D:\gitsinnori\sinnori\project\sample_test\client_build\app_build\src\main\java\kr\pe\sinnori\impl\message] creation task start
4월 11, 2018 6:00:27 오후 kr.pe.sinnori.common.buildsystem.ProjectBuilder createNewClientCodecSourceFile
정보: main project[sample_test]'s message client codec file[PublicKeyReq][D:\gitsinnori\sinnori\project\sample_test\client_build\app_build\src\main\java\kr\pe\sinnori\impl\message] creation task end
4월 11, 2018 6:00:27 오후 kr.pe.sinnori.common.util.CommonStaticUtil createChildDirectoriesOfBasePath
정보: the new child relative direcotry[D:\gitsinnori\sinnori\project\sample_test\client_build\app_build\src\main\java\kr\pe\sinnori\impl\message][PublicKeyRes] was created successfully
4월 11, 2018 6:00:27 오후 kr.pe.sinnori.common.buildsystem.ProjectBuilder createNewMessageSourceFile
정보: main project[sample_test]'s message file[PublicKeyRes][D:\gitsinnori\sinnori\project\sample_test\client_build\app_build\src\main\java\kr\pe\sinnori\impl\message] creation task start
4월 11, 2018 6:00:27 오후 kr.pe.sinnori.common.buildsystem.ProjectBuilder createNewMessageSourceFile
정보: main project[sample_test]'s message file[PublicKeyRes][D:\gitsinnori\sinnori\project\sample_test\client_build\app_build\src\main\java\kr\pe\sinnori\impl\message] creation task end
4월 11, 2018 6:00:27 오후 kr.pe.sinnori.common.buildsystem.ProjectBuilder createNewDecoderSourceFile
정보: main project[sample_test]'s message decoder file[PublicKeyRes][D:\gitsinnori\sinnori\project\sample_test\client_build\app_build\src\main\java\kr\pe\sinnori\impl\message] creation task start
4월 11, 2018 6:00:27 오후 kr.pe.sinnori.common.buildsystem.ProjectBuilder createNewDecoderSourceFile
정보: main project[sample_test]'s message decoder file[PublicKeyRes][D:\gitsinnori\sinnori\project\sample_test\client_build\app_build\src\main\java\kr\pe\sinnori\impl\message] creation task end
4월 11, 2018 6:00:27 오후 kr.pe.sinnori.common.buildsystem.ProjectBuilder createNewEncoderSourceFile
정보: main project[sample_test]'s message encoder file[PublicKeyRes][D:\gitsinnori\sinnori\project\sample_test\client_build\app_build\src\main\java\kr\pe\sinnori\impl\message] creation task start
4월 11, 2018 6:00:27 오후 kr.pe.sinnori.common.buildsystem.ProjectBuilder createNewEncoderSourceFile
정보: main project[sample_test]'s message encoder file[PublicKeyRes][D:\gitsinnori\sinnori\project\sample_test\client_build\app_build\src\main\java\kr\pe\sinnori\impl\message] creation task end
4월 11, 2018 6:00:27 오후 kr.pe.sinnori.common.buildsystem.ProjectBuilder createNewServerCodecSourceFile
정보: main project[sample_test]'s message server codec file[PublicKeyRes][D:\gitsinnori\sinnori\project\sample_test\client_build\app_build\src\main\java\kr\pe\sinnori\impl\message] creation task start
4월 11, 2018 6:00:27 오후 kr.pe.sinnori.common.buildsystem.ProjectBuilder createNewServerCodecSourceFile
정보: main project[sample_test]'s message server codec file[PublicKeyRes][D:\gitsinnori\sinnori\project\sample_test\client_build\app_build\src\main\java\kr\pe\sinnori\impl\message] creation task end
4월 11, 2018 6:00:27 오후 kr.pe.sinnori.common.buildsystem.ProjectBuilder createNewClientCodecSourceFile
정보: main project[sample_test]'s message client codec file[PublicKeyRes][D:\gitsinnori\sinnori\project\sample_test\client_build\app_build\src\main\java\kr\pe\sinnori\impl\message] creation task start
4월 11, 2018 6:00:27 오후 kr.pe.sinnori.common.buildsystem.ProjectBuilder createNewClientCodecSourceFile
정보: main project[sample_test]'s message client codec file[PublicKeyRes][D:\gitsinnori\sinnori\project\sample_test\client_build\app_build\src\main\java\kr\pe\sinnori\impl\message] creation task end
4월 11, 2018 6:00:27 오후 kr.pe.sinnori.common.buildsystem.ProjectBuilder createNewAppClientAllMessageIOFileSet
정보: main project[sample_test]'s application client message io file set creation task end
4월 11, 2018 6:00:27 오후 kr.pe.sinnori.common.buildsystem.ProjectBuilder createAppClientBuildSystemFiles
정보: mainproject[sample_test]'s application client build system files creation task end
4월 11, 2018 6:00:27 오후 kr.pe.sinnori.common.buildsystem.ProjectBuilder deleteWebCientBuildPath
정보: main project[sample_test]'s web client build path deletion task start
4월 11, 2018 6:00:27 오후 kr.pe.sinnori.common.buildsystem.ProjectBuilder deleteWebCientBuildPath
정보: main project[sample_test]'s web client build path deletion task end
4월 11, 2018 6:00:27 오후 kr.pe.sinnori.common.buildsystem.ProjectBuilder deleteWebRoot
정보: main project[sample_test]'s web root path deletion task start
4월 11, 2018 6:00:27 오후 kr.pe.sinnori.common.buildsystem.ProjectBuilder deleteWebRoot
정보: main project[sample_test]'s web root path deletion task end
4월 11, 2018 6:00:27 오후 kr.pe.sinnori.common.buildsystem.ProjectBuilder overwriteSinnoriConfigFile
정보: main project[sample_test]'s config file overwrite task start
4월 11, 2018 6:00:27 오후 kr.pe.sinnori.common.buildsystem.ProjectBuilder overwriteSinnoriConfigFile
정보: main project[sample_test]'s config file overwrite task end
4월 11, 2018 6:00:27 오후 kr.pe.sinnori.common.buildsystem.ProjectBuilder changeProjectState
정보: main project[sample_test] changeProjectState method end
4월 11, 2018 6:00:27 오후 kr.pe.sinnori.common.buildsystem.ProjectBuilder isValidWebClientAntBuildXMLFile
정보: the web client ant build.xml file[D:\gitsinnori\sinnori\project\sample_test\client_build\web_build\build.xml] is bad :: whetherExist[false] isFile[false]
4월 11, 2018 6:00:27 오후 kr.pe.sinnori.common.buildsystem.ProjectBuilder isValidWebRootXMLFile
정보: the web.xml file[D:\gitsinnori\sinnori\project\sample_test\web_app_base\ROOT\WEB-INF\web.xml] located at web root directory is bad :: whetherExist[false] isFile[false]
4월 11, 2018 6:00:27 오후 kr.pe.sinnori.common.buildsystem.ProjectBuilder changeProjectState
정보: main project[sample_test] changeProjectState method start
4월 11, 2018 6:00:27 오후 kr.pe.sinnori.common.buildsystem.ProjectBuilder changeProjectState
경고: the server build path[D:\gitsinnori\sinnori\project\sample_test\server_build] exist, so skip creation of server build system
4월 11, 2018 6:00:27 오후 kr.pe.sinnori.common.buildsystem.ProjectBuilder changeProjectState
경고: the app client build path[D:\gitsinnori\sinnori\project\sample_test\client_build\app_build] exist, so skip creation of app client build system
4월 11, 2018 6:00:27 오후 kr.pe.sinnori.common.buildsystem.ProjectBuilder createWebBuildChildDirectories
정보: main project[sample_test]'s web build child direcotry creation task start
4월 11, 2018 6:00:27 오후 kr.pe.sinnori.common.util.CommonStaticUtil createChildDirectoriesOfBasePath
정보: the new child relative direcotry[D:\gitsinnori\sinnori\project\sample_test][client_build/web_build/corelib/ex] was created successfully
4월 11, 2018 6:00:27 오후 kr.pe.sinnori.common.util.CommonStaticUtil createChildDirectoriesOfBasePath
정보: the new child relative direcotry[D:\gitsinnori\sinnori\project\sample_test][client_build/web_build/corelib/in] was created successfully
4월 11, 2018 6:00:27 오후 kr.pe.sinnori.common.util.CommonStaticUtil createChildDirectoriesOfBasePath
정보: the new child relative direcotry[D:\gitsinnori\sinnori\project\sample_test][client_build/web_build/lib/main/ex] was created successfully
4월 11, 2018 6:00:27 오후 kr.pe.sinnori.common.util.CommonStaticUtil createChildDirectoriesOfBasePath
정보: the new child relative direcotry[D:\gitsinnori\sinnori\project\sample_test][client_build/web_build/lib/main/in] was created successfully
4월 11, 2018 6:00:27 오후 kr.pe.sinnori.common.util.CommonStaticUtil createChildDirectoriesOfBasePath
정보: the new child relative direcotry[D:\gitsinnori\sinnori\project\sample_test][client_build/web_build/lib/test] was created successfully
4월 11, 2018 6:00:27 오후 kr.pe.sinnori.common.util.CommonStaticUtil createChildDirectoriesOfBasePath
정보: the new child relative direcotry[D:\gitsinnori\sinnori\project\sample_test][client_build/web_build/src/main/java/kr/pe/sinnori/impl/message] was created successfully
4월 11, 2018 6:00:27 오후 kr.pe.sinnori.common.util.CommonStaticUtil createChildDirectoriesOfBasePath
정보: the new child relative direcotry[D:\gitsinnori\sinnori\project\sample_test][client_build/web_build/src/main/java//kr/pe/sinnori/servlet] was created successfully
4월 11, 2018 6:00:27 오후 kr.pe.sinnori.common.util.CommonStaticUtil createChildDirectoriesOfBasePath
정보: the new child relative direcotry[D:\gitsinnori\sinnori\project\sample_test][client_build/web_build/src/main/java/kr/pe/sinnori/weblib/common] was created successfully
4월 11, 2018 6:00:27 오후 kr.pe.sinnori.common.util.CommonStaticUtil createChildDirectoriesOfBasePath
정보: the new child relative direcotry[D:\gitsinnori\sinnori\project\sample_test][client_build/web_build/src/main/java/kr/pe/sinnori/weblib/htmlstring] was created successfully
4월 11, 2018 6:00:27 오후 kr.pe.sinnori.common.util.CommonStaticUtil createChildDirectoriesOfBasePath
정보: the new child relative direcotry[D:\gitsinnori\sinnori\project\sample_test][client_build/web_build/src/main/java/kr/pe/sinnori/weblib/jdf] was created successfully
4월 11, 2018 6:00:27 오후 kr.pe.sinnori.common.util.CommonStaticUtil createChildDirectoriesOfBasePath
정보: the new child relative direcotry[D:\gitsinnori\sinnori\project\sample_test][client_build/web_build/src/test/java] was created successfully
4월 11, 2018 6:00:27 오후 kr.pe.sinnori.common.util.CommonStaticUtil createChildDirectoriesOfBasePath
정보: the new child relative direcotry[D:\gitsinnori\sinnori\project\sample_test][client_build/web_build/build] was created successfully
4월 11, 2018 6:00:27 오후 kr.pe.sinnori.common.util.CommonStaticUtil createChildDirectoriesOfBasePath
정보: the new child relative direcotry[D:\gitsinnori\sinnori\project\sample_test][client_build/web_build/dist] was created successfully
4월 11, 2018 6:00:27 오후 kr.pe.sinnori.common.buildsystem.ProjectBuilder createWebBuildChildDirectories
정보: main project[sample_test]'s web build child direcotry creation task end
4월 11, 2018 6:00:27 오후 kr.pe.sinnori.common.buildsystem.ProjectBuilder createWebClientBuildSystemFiles
정보: main project[sample_test]'s web client build system files creation task start
4월 11, 2018 6:00:27 오후 kr.pe.sinnori.common.buildsystem.ProjectBuilder createNewWebClientAntBuildFile
정보: main project[sample_test]'s web client ant build.xml file creation task start
4월 11, 2018 6:00:27 오후 kr.pe.sinnori.common.buildsystem.ProjectBuilder createNewWebClientAntBuildFile
정보: main project[sample_test]'s web client ant build.xml file creation task end
4월 11, 2018 6:00:27 오후 kr.pe.sinnori.common.buildsystem.ProjectBuilder createNewWebClientAntPropertiesFile
정보: main project[sample_test]'s web client ant properties file creation task start
4월 11, 2018 6:00:27 오후 kr.pe.sinnori.common.util.SequencedPropertiesUtil createNewSequencedPropertiesFile
정보: the sequenced properties file[D:\gitsinnori\sinnori\project\sample_test\client_build\web_build\webAnt.properties] was created
4월 11, 2018 6:00:27 오후 kr.pe.sinnori.common.buildsystem.ProjectBuilder createNewWebClientAntPropertiesFile
정보: main project[sample_test]'s web client ant properties file creation task end
4월 11, 2018 6:00:27 오후 kr.pe.sinnori.common.buildsystem.ProjectBuilder createNewWebClientMessageIOFileSet
정보: main project[sample_test]'s web client message io file set creation task start
4월 11, 2018 6:00:27 오후 kr.pe.sinnori.common.util.CommonStaticUtil createChildDirectoriesOfBasePath
정보: the new child relative direcotry[D:\gitsinnori\sinnori\project\sample_test\client_build\web_build\src\main\java\kr\pe\sinnori\impl\message][Echo] was created successfully
4월 11, 2018 6:00:27 오후 kr.pe.sinnori.common.buildsystem.ProjectBuilder createNewMessageSourceFile
정보: main project[sample_test]'s message file[Echo][D:\gitsinnori\sinnori\project\sample_test\client_build\web_build\src\main\java\kr\pe\sinnori\impl\message] creation task start
4월 11, 2018 6:00:27 오후 kr.pe.sinnori.common.buildsystem.ProjectBuilder createNewMessageSourceFile
정보: main project[sample_test]'s message file[Echo][D:\gitsinnori\sinnori\project\sample_test\client_build\web_build\src\main\java\kr\pe\sinnori\impl\message] creation task end
4월 11, 2018 6:00:27 오후 kr.pe.sinnori.common.buildsystem.ProjectBuilder createNewDecoderSourceFile
정보: main project[sample_test]'s message decoder file[Echo][D:\gitsinnori\sinnori\project\sample_test\client_build\web_build\src\main\java\kr\pe\sinnori\impl\message] creation task start
4월 11, 2018 6:00:27 오후 kr.pe.sinnori.common.buildsystem.ProjectBuilder createNewDecoderSourceFile
정보: main project[sample_test]'s message decoder file[Echo][D:\gitsinnori\sinnori\project\sample_test\client_build\web_build\src\main\java\kr\pe\sinnori\impl\message] creation task end
4월 11, 2018 6:00:27 오후 kr.pe.sinnori.common.buildsystem.ProjectBuilder createNewEncoderSourceFile
정보: main project[sample_test]'s message encoder file[Echo][D:\gitsinnori\sinnori\project\sample_test\client_build\web_build\src\main\java\kr\pe\sinnori\impl\message] creation task start
4월 11, 2018 6:00:27 오후 kr.pe.sinnori.common.buildsystem.ProjectBuilder createNewEncoderSourceFile
정보: main project[sample_test]'s message encoder file[Echo][D:\gitsinnori\sinnori\project\sample_test\client_build\web_build\src\main\java\kr\pe\sinnori\impl\message] creation task end
4월 11, 2018 6:00:27 오후 kr.pe.sinnori.common.buildsystem.ProjectBuilder createNewServerCodecSourceFile
정보: main project[sample_test]'s message server codec file[Echo][D:\gitsinnori\sinnori\project\sample_test\client_build\web_build\src\main\java\kr\pe\sinnori\impl\message] creation task start
4월 11, 2018 6:00:27 오후 kr.pe.sinnori.common.buildsystem.ProjectBuilder createNewServerCodecSourceFile
정보: main project[sample_test]'s message server codec file[Echo][D:\gitsinnori\sinnori\project\sample_test\client_build\web_build\src\main\java\kr\pe\sinnori\impl\message] creation task end
4월 11, 2018 6:00:27 오후 kr.pe.sinnori.common.buildsystem.ProjectBuilder createNewClientCodecSourceFile
정보: main project[sample_test]'s message client codec file[Echo][D:\gitsinnori\sinnori\project\sample_test\client_build\web_build\src\main\java\kr\pe\sinnori\impl\message] creation task start
4월 11, 2018 6:00:27 오후 kr.pe.sinnori.common.buildsystem.ProjectBuilder createNewClientCodecSourceFile
정보: main project[sample_test]'s message client codec file[Echo][D:\gitsinnori\sinnori\project\sample_test\client_build\web_build\src\main\java\kr\pe\sinnori\impl\message] creation task end
4월 11, 2018 6:00:27 오후 kr.pe.sinnori.common.util.CommonStaticUtil createChildDirectoriesOfBasePath
정보: the new child relative direcotry[D:\gitsinnori\sinnori\project\sample_test\client_build\web_build\src\main\java\kr\pe\sinnori\impl\message][PublicKeyReq] was created successfully
4월 11, 2018 6:00:27 오후 kr.pe.sinnori.common.buildsystem.ProjectBuilder createNewMessageSourceFile
정보: main project[sample_test]'s message file[PublicKeyReq][D:\gitsinnori\sinnori\project\sample_test\client_build\web_build\src\main\java\kr\pe\sinnori\impl\message] creation task start
4월 11, 2018 6:00:27 오후 kr.pe.sinnori.common.buildsystem.ProjectBuilder createNewMessageSourceFile
정보: main project[sample_test]'s message file[PublicKeyReq][D:\gitsinnori\sinnori\project\sample_test\client_build\web_build\src\main\java\kr\pe\sinnori\impl\message] creation task end
4월 11, 2018 6:00:27 오후 kr.pe.sinnori.common.buildsystem.ProjectBuilder createNewDecoderSourceFile
정보: main project[sample_test]'s message decoder file[PublicKeyReq][D:\gitsinnori\sinnori\project\sample_test\client_build\web_build\src\main\java\kr\pe\sinnori\impl\message] creation task start
4월 11, 2018 6:00:27 오후 kr.pe.sinnori.common.buildsystem.ProjectBuilder createNewDecoderSourceFile
정보: main project[sample_test]'s message decoder file[PublicKeyReq][D:\gitsinnori\sinnori\project\sample_test\client_build\web_build\src\main\java\kr\pe\sinnori\impl\message] creation task end
4월 11, 2018 6:00:27 오후 kr.pe.sinnori.common.buildsystem.ProjectBuilder createNewEncoderSourceFile
정보: main project[sample_test]'s message encoder file[PublicKeyReq][D:\gitsinnori\sinnori\project\sample_test\client_build\web_build\src\main\java\kr\pe\sinnori\impl\message] creation task start
4월 11, 2018 6:00:27 오후 kr.pe.sinnori.common.buildsystem.ProjectBuilder createNewEncoderSourceFile
정보: main project[sample_test]'s message encoder file[PublicKeyReq][D:\gitsinnori\sinnori\project\sample_test\client_build\web_build\src\main\java\kr\pe\sinnori\impl\message] creation task end
4월 11, 2018 6:00:27 오후 kr.pe.sinnori.common.buildsystem.ProjectBuilder createNewServerCodecSourceFile
정보: main project[sample_test]'s message server codec file[PublicKeyReq][D:\gitsinnori\sinnori\project\sample_test\client_build\web_build\src\main\java\kr\pe\sinnori\impl\message] creation task start
4월 11, 2018 6:00:27 오후 kr.pe.sinnori.common.buildsystem.ProjectBuilder createNewServerCodecSourceFile
정보: main project[sample_test]'s message server codec file[PublicKeyReq][D:\gitsinnori\sinnori\project\sample_test\client_build\web_build\src\main\java\kr\pe\sinnori\impl\message] creation task end
4월 11, 2018 6:00:27 오후 kr.pe.sinnori.common.buildsystem.ProjectBuilder createNewClientCodecSourceFile
정보: main project[sample_test]'s message client codec file[PublicKeyReq][D:\gitsinnori\sinnori\project\sample_test\client_build\web_build\src\main\java\kr\pe\sinnori\impl\message] creation task start
4월 11, 2018 6:00:27 오후 kr.pe.sinnori.common.buildsystem.ProjectBuilder createNewClientCodecSourceFile
정보: main project[sample_test]'s message client codec file[PublicKeyReq][D:\gitsinnori\sinnori\project\sample_test\client_build\web_build\src\main\java\kr\pe\sinnori\impl\message] creation task end
4월 11, 2018 6:00:27 오후 kr.pe.sinnori.common.util.CommonStaticUtil createChildDirectoriesOfBasePath
정보: the new child relative direcotry[D:\gitsinnori\sinnori\project\sample_test\client_build\web_build\src\main\java\kr\pe\sinnori\impl\message][PublicKeyRes] was created successfully
4월 11, 2018 6:00:27 오후 kr.pe.sinnori.common.buildsystem.ProjectBuilder createNewMessageSourceFile
정보: main project[sample_test]'s message file[PublicKeyRes][D:\gitsinnori\sinnori\project\sample_test\client_build\web_build\src\main\java\kr\pe\sinnori\impl\message] creation task start
4월 11, 2018 6:00:27 오후 kr.pe.sinnori.common.buildsystem.ProjectBuilder createNewMessageSourceFile
정보: main project[sample_test]'s message file[PublicKeyRes][D:\gitsinnori\sinnori\project\sample_test\client_build\web_build\src\main\java\kr\pe\sinnori\impl\message] creation task end
4월 11, 2018 6:00:27 오후 kr.pe.sinnori.common.buildsystem.ProjectBuilder createNewDecoderSourceFile
정보: main project[sample_test]'s message decoder file[PublicKeyRes][D:\gitsinnori\sinnori\project\sample_test\client_build\web_build\src\main\java\kr\pe\sinnori\impl\message] creation task start
4월 11, 2018 6:00:27 오후 kr.pe.sinnori.common.buildsystem.ProjectBuilder createNewDecoderSourceFile
정보: main project[sample_test]'s message decoder file[PublicKeyRes][D:\gitsinnori\sinnori\project\sample_test\client_build\web_build\src\main\java\kr\pe\sinnori\impl\message] creation task end
4월 11, 2018 6:00:27 오후 kr.pe.sinnori.common.buildsystem.ProjectBuilder createNewEncoderSourceFile
정보: main project[sample_test]'s message encoder file[PublicKeyRes][D:\gitsinnori\sinnori\project\sample_test\client_build\web_build\src\main\java\kr\pe\sinnori\impl\message] creation task start
4월 11, 2018 6:00:27 오후 kr.pe.sinnori.common.buildsystem.ProjectBuilder createNewEncoderSourceFile
정보: main project[sample_test]'s message encoder file[PublicKeyRes][D:\gitsinnori\sinnori\project\sample_test\client_build\web_build\src\main\java\kr\pe\sinnori\impl\message] creation task end
4월 11, 2018 6:00:27 오후 kr.pe.sinnori.common.buildsystem.ProjectBuilder createNewServerCodecSourceFile
정보: main project[sample_test]'s message server codec file[PublicKeyRes][D:\gitsinnori\sinnori\project\sample_test\client_build\web_build\src\main\java\kr\pe\sinnori\impl\message] creation task start
4월 11, 2018 6:00:27 오후 kr.pe.sinnori.common.buildsystem.ProjectBuilder createNewServerCodecSourceFile
정보: main project[sample_test]'s message server codec file[PublicKeyRes][D:\gitsinnori\sinnori\project\sample_test\client_build\web_build\src\main\java\kr\pe\sinnori\impl\message] creation task end
4월 11, 2018 6:00:27 오후 kr.pe.sinnori.common.buildsystem.ProjectBuilder createNewClientCodecSourceFile
정보: main project[sample_test]'s message client codec file[PublicKeyRes][D:\gitsinnori\sinnori\project\sample_test\client_build\web_build\src\main\java\kr\pe\sinnori\impl\message] creation task start
4월 11, 2018 6:00:27 오후 kr.pe.sinnori.common.buildsystem.ProjectBuilder createNewClientCodecSourceFile
정보: main project[sample_test]'s message client codec file[PublicKeyRes][D:\gitsinnori\sinnori\project\sample_test\client_build\web_build\src\main\java\kr\pe\sinnori\impl\message] creation task end
4월 11, 2018 6:00:27 오후 kr.pe.sinnori.common.buildsystem.ProjectBuilder createNewWebClientMessageIOFileSet
정보: main project[sample_test]'s web client message io file set creation task end
4월 11, 2018 6:00:27 오후 kr.pe.sinnori.common.buildsystem.ProjectBuilder copyWebClientSampleFiles
정보: mainproject[sample_test]'s web client sample source files copy task start
4월 11, 2018 6:00:27 오후 kr.pe.sinnori.common.buildsystem.ProjectBuilder copyWebClientSampleFiles
정보: mainproject[sample_test]'s web client sample source files copy task end
4월 11, 2018 6:00:27 오후 kr.pe.sinnori.common.buildsystem.ProjectBuilder createWebClientBuildSystemFiles
정보: main project[sample_test]'s web client build system files creation task end
4월 11, 2018 6:00:27 오후 kr.pe.sinnori.common.buildsystem.ProjectBuilder createWebRootChildDirectories
정보: main project[sample_test]'s web root child direcotry creation task start
4월 11, 2018 6:00:27 오후 kr.pe.sinnori.common.util.CommonStaticUtil createChildDirectoriesOfBasePath
정보: the child relative direcotry[D:\gitsinnori\sinnori\project\sample_test][web_app_base/upload] exist, so nothing
4월 11, 2018 6:00:27 오후 kr.pe.sinnori.common.util.CommonStaticUtil createChildDirectoriesOfBasePath
정보: the new child relative direcotry[D:\gitsinnori\sinnori\project\sample_test][web_app_base/ROOT/WEB-INF/classes] was created successfully
4월 11, 2018 6:00:27 오후 kr.pe.sinnori.common.util.CommonStaticUtil createChildDirectoriesOfBasePath
정보: the new child relative direcotry[D:\gitsinnori\sinnori\project\sample_test][web_app_base/ROOT/WEB-INF/lib] was created successfully
4월 11, 2018 6:00:27 오후 kr.pe.sinnori.common.buildsystem.ProjectBuilder createWebRootChildDirectories
정보: main project[sample_test]'s web root child direcotry creation task end
4월 11, 2018 6:00:27 오후 kr.pe.sinnori.common.buildsystem.ProjectBuilder createWebRootSampleFiles
정보: main project[sample_test]'s web root sample files creation task start
4월 11, 2018 6:00:27 오후 kr.pe.sinnori.common.buildsystem.ProjectBuilder copyWebRootSampleFiles
정보: main project[sample_test]'s web root sample files copy task start
4월 11, 2018 6:00:27 오후 kr.pe.sinnori.common.buildsystem.ProjectBuilder copyWebRootSampleFiles
정보: main project[sample_test]'s web root sample files copy task end
4월 11, 2018 6:00:27 오후 kr.pe.sinnori.common.buildsystem.ProjectBuilder createWebRootSampleFiles
정보: main project[sample_test]'s web root sample files creation task end
4월 11, 2018 6:00:27 오후 kr.pe.sinnori.common.buildsystem.ProjectBuilder overwriteSinnoriConfigFile
정보: main project[sample_test]'s config file overwrite task start
4월 11, 2018 6:00:27 오후 kr.pe.sinnori.common.buildsystem.ProjectBuilder overwriteSinnoriConfigFile
정보: main project[sample_test]'s config file overwrite task end
4월 11, 2018 6:00:27 오후 kr.pe.sinnori.common.buildsystem.ProjectBuilder changeProjectState
정보: main project[sample_test] changeProjectState method end
4월 11, 2018 6:00:27 오후 kr.pe.sinnori.common.buildsystem.ProjectBuilder createChildDirectories
정보: main project[sample_test]'s child direcotry creation task start
4월 11, 2018 6:00:27 오후 kr.pe.sinnori.common.buildsystem.ProjectBuilder createCommonChildDirectories
정보: main project[sample_test]'s common child direcotry creation task start
4월 11, 2018 6:00:27 오후 kr.pe.sinnori.common.util.CommonStaticUtil createChildDirectoriesOfBasePath
정보: the new child relative direcotry[D:\gitsinnori\sinnori\project\sample_test][config] was created successfully
4월 11, 2018 6:00:27 오후 kr.pe.sinnori.common.util.CommonStaticUtil createChildDirectoriesOfBasePath
정보: the new child relative direcotry[D:\gitsinnori\sinnori\project\sample_test][resources/dbcp] was created successfully
4월 11, 2018 6:00:27 오후 kr.pe.sinnori.common.util.CommonStaticUtil createChildDirectoriesOfBasePath
정보: the new child relative direcotry[D:\gitsinnori\sinnori\project\sample_test][resources/message_info] was created successfully
4월 11, 2018 6:00:27 오후 kr.pe.sinnori.common.util.CommonStaticUtil createChildDirectoriesOfBasePath
정보: the new child relative direcotry[D:\gitsinnori\sinnori\project\sample_test][resources/rsa_keypair] was created successfully
4월 11, 2018 6:00:27 오후 kr.pe.sinnori.common.util.CommonStaticUtil createChildDirectoriesOfBasePath
정보: the new child relative direcotry[D:\gitsinnori\sinnori\project\sample_test][log/apache] was created successfully
4월 11, 2018 6:00:27 오후 kr.pe.sinnori.common.util.CommonStaticUtil createChildDirectoriesOfBasePath
정보: the new child relative direcotry[D:\gitsinnori\sinnori\project\sample_test][log/client] was created successfully
4월 11, 2018 6:00:27 오후 kr.pe.sinnori.common.util.CommonStaticUtil createChildDirectoriesOfBasePath
정보: the new child relative direcotry[D:\gitsinnori\sinnori\project\sample_test][log/server] was created successfully
4월 11, 2018 6:00:27 오후 kr.pe.sinnori.common.util.CommonStaticUtil createChildDirectoriesOfBasePath
정보: the new child relative direcotry[D:\gitsinnori\sinnori\project\sample_test][log/servlet] was created successfully
4월 11, 2018 6:00:27 오후 kr.pe.sinnori.common.buildsystem.ProjectBuilder createCommonChildDirectories
정보: main project[sample_test]'s common child direcotry creation task end
4월 11, 2018 6:00:27 오후 kr.pe.sinnori.common.buildsystem.ProjectBuilder createServerBuildChildDirectories
정보: main project[sample_test]'s server child direcotry creation task start
4월 11, 2018 6:00:27 오후 kr.pe.sinnori.common.util.CommonStaticUtil createChildDirectoriesOfBasePath
정보: the new child relative direcotry[D:\gitsinnori\sinnori\project\sample_test][server_build/APP-INF/classes] was created successfully
4월 11, 2018 6:00:27 오후 kr.pe.sinnori.common.util.CommonStaticUtil createChildDirectoriesOfBasePath
정보: the new child relative direcotry[D:\gitsinnori\sinnori\project\sample_test][server_build/corelib/ex] was created successfully
4월 11, 2018 6:00:27 오후 kr.pe.sinnori.common.util.CommonStaticUtil createChildDirectoriesOfBasePath
정보: the new child relative direcotry[D:\gitsinnori\sinnori\project\sample_test][server_build/corelib/in] was created successfully
4월 11, 2018 6:00:27 오후 kr.pe.sinnori.common.util.CommonStaticUtil createChildDirectoriesOfBasePath
정보: the new child relative direcotry[D:\gitsinnori\sinnori\project\sample_test][server_build/lib/main/ex] was created successfully
4월 11, 2018 6:00:27 오후 kr.pe.sinnori.common.util.CommonStaticUtil createChildDirectoriesOfBasePath
정보: the new child relative direcotry[D:\gitsinnori\sinnori\project\sample_test][server_build/lib/main/in] was created successfully
4월 11, 2018 6:00:27 오후 kr.pe.sinnori.common.util.CommonStaticUtil createChildDirectoriesOfBasePath
정보: the new child relative direcotry[D:\gitsinnori\sinnori\project\sample_test][server_build/lib/test] was created successfully
4월 11, 2018 6:00:28 오후 kr.pe.sinnori.common.util.CommonStaticUtil createChildDirectoriesOfBasePath
정보: the new child relative direcotry[D:\gitsinnori\sinnori\project\sample_test][server_build/src/main/java/kr/pe/sinnori/impl/servertask] was created successfully
4월 11, 2018 6:00:28 오후 kr.pe.sinnori.common.util.CommonStaticUtil createChildDirectoriesOfBasePath
정보: the new child relative direcotry[D:\gitsinnori\sinnori\project\sample_test][server_build/src/main/java/kr/pe/sinnori/impl/message] was created successfully
4월 11, 2018 6:00:28 오후 kr.pe.sinnori.common.util.CommonStaticUtil createChildDirectoriesOfBasePath
정보: the new child relative direcotry[D:\gitsinnori\sinnori\project\sample_test][server_build/src/main/java/main] was created successfully
4월 11, 2018 6:00:28 오후 kr.pe.sinnori.common.util.CommonStaticUtil createChildDirectoriesOfBasePath
정보: the new child relative direcotry[D:\gitsinnori\sinnori\project\sample_test][server_build/src/test/java] was created successfully
4월 11, 2018 6:00:28 오후 kr.pe.sinnori.common.util.CommonStaticUtil createChildDirectoriesOfBasePath
정보: the new child relative direcotry[D:\gitsinnori\sinnori\project\sample_test][server_build/build] was created successfully
4월 11, 2018 6:00:28 오후 kr.pe.sinnori.common.util.CommonStaticUtil createChildDirectoriesOfBasePath
정보: the new child relative direcotry[D:\gitsinnori\sinnori\project\sample_test][server_build/dist] was created successfully
4월 11, 2018 6:00:28 오후 kr.pe.sinnori.common.buildsystem.ProjectBuilder createServerBuildChildDirectories
정보: main project[sample_test]'s server child direcotry creation task end
4월 11, 2018 6:00:28 오후 kr.pe.sinnori.common.buildsystem.ProjectBuilder createAppBuildChildDirectories
정보: main project[sample_test]'s application build child direcotry creation task start
4월 11, 2018 6:00:28 오후 kr.pe.sinnori.common.util.CommonStaticUtil createChildDirectoriesOfBasePath
정보: the new child relative direcotry[D:\gitsinnori\sinnori\project\sample_test][client_build/app_build/corelib/ex] was created successfully
4월 11, 2018 6:00:28 오후 kr.pe.sinnori.common.util.CommonStaticUtil createChildDirectoriesOfBasePath
정보: the new child relative direcotry[D:\gitsinnori\sinnori\project\sample_test][client_build/app_build/corelib/in] was created successfully
4월 11, 2018 6:00:28 오후 kr.pe.sinnori.common.util.CommonStaticUtil createChildDirectoriesOfBasePath
정보: the new child relative direcotry[D:\gitsinnori\sinnori\project\sample_test][client_build/app_build/lib/main/ex] was created successfully
4월 11, 2018 6:00:28 오후 kr.pe.sinnori.common.util.CommonStaticUtil createChildDirectoriesOfBasePath
정보: the new child relative direcotry[D:\gitsinnori\sinnori\project\sample_test][client_build/app_build/lib/main/in] was created successfully
4월 11, 2018 6:00:28 오후 kr.pe.sinnori.common.util.CommonStaticUtil createChildDirectoriesOfBasePath
정보: the new child relative direcotry[D:\gitsinnori\sinnori\project\sample_test][client_build/app_build/lib/test] was created successfully
4월 11, 2018 6:00:28 오후 kr.pe.sinnori.common.util.CommonStaticUtil createChildDirectoriesOfBasePath
정보: the new child relative direcotry[D:\gitsinnori\sinnori\project\sample_test][client_build/app_build/src/main/java/kr/pe/sinnori/impl/message] was created successfully
4월 11, 2018 6:00:28 오후 kr.pe.sinnori.common.util.CommonStaticUtil createChildDirectoriesOfBasePath
정보: the new child relative direcotry[D:\gitsinnori\sinnori\project\sample_test][client_build/app_build/src/main/java/main] was created successfully
4월 11, 2018 6:00:28 오후 kr.pe.sinnori.common.util.CommonStaticUtil createChildDirectoriesOfBasePath
정보: the new child relative direcotry[D:\gitsinnori\sinnori\project\sample_test][client_build/app_build/src/test/java] was created successfully
4월 11, 2018 6:00:28 오후 kr.pe.sinnori.common.util.CommonStaticUtil createChildDirectoriesOfBasePath
정보: the new child relative direcotry[D:\gitsinnori\sinnori\project\sample_test][client_build/app_build/build] was created successfully
4월 11, 2018 6:00:28 오후 kr.pe.sinnori.common.util.CommonStaticUtil createChildDirectoriesOfBasePath
정보: the new child relative direcotry[D:\gitsinnori\sinnori\project\sample_test][client_build/app_build/dist] was created successfully
4월 11, 2018 6:00:28 오후 kr.pe.sinnori.common.buildsystem.ProjectBuilder createAppBuildChildDirectories
정보: main project[sample_test]'s application build child direcotry creation task end
4월 11, 2018 6:00:28 오후 kr.pe.sinnori.common.buildsystem.ProjectBuilder createWebBuildChildDirectories
정보: main project[sample_test]'s web build child direcotry creation task start
4월 11, 2018 6:00:28 오후 kr.pe.sinnori.common.util.CommonStaticUtil createChildDirectoriesOfBasePath
정보: the new child relative direcotry[D:\gitsinnori\sinnori\project\sample_test][client_build/web_build/corelib/ex] was created successfully
4월 11, 2018 6:00:28 오후 kr.pe.sinnori.common.util.CommonStaticUtil createChildDirectoriesOfBasePath
정보: the new child relative direcotry[D:\gitsinnori\sinnori\project\sample_test][client_build/web_build/corelib/in] was created successfully
4월 11, 2018 6:00:28 오후 kr.pe.sinnori.common.util.CommonStaticUtil createChildDirectoriesOfBasePath
정보: the new child relative direcotry[D:\gitsinnori\sinnori\project\sample_test][client_build/web_build/lib/main/ex] was created successfully
4월 11, 2018 6:00:28 오후 kr.pe.sinnori.common.util.CommonStaticUtil createChildDirectoriesOfBasePath
정보: the new child relative direcotry[D:\gitsinnori\sinnori\project\sample_test][client_build/web_build/lib/main/in] was created successfully
4월 11, 2018 6:00:28 오후 kr.pe.sinnori.common.util.CommonStaticUtil createChildDirectoriesOfBasePath
정보: the new child relative direcotry[D:\gitsinnori\sinnori\project\sample_test][client_build/web_build/lib/test] was created successfully
4월 11, 2018 6:00:28 오후 kr.pe.sinnori.common.util.CommonStaticUtil createChildDirectoriesOfBasePath
정보: the new child relative direcotry[D:\gitsinnori\sinnori\project\sample_test][client_build/web_build/src/main/java/kr/pe/sinnori/impl/message] was created successfully
4월 11, 2018 6:00:28 오후 kr.pe.sinnori.common.util.CommonStaticUtil createChildDirectoriesOfBasePath
정보: the new child relative direcotry[D:\gitsinnori\sinnori\project\sample_test][client_build/web_build/src/main/java//kr/pe/sinnori/servlet] was created successfully
4월 11, 2018 6:00:28 오후 kr.pe.sinnori.common.util.CommonStaticUtil createChildDirectoriesOfBasePath
정보: the new child relative direcotry[D:\gitsinnori\sinnori\project\sample_test][client_build/web_build/src/main/java/kr/pe/sinnori/weblib/common] was created successfully
4월 11, 2018 6:00:28 오후 kr.pe.sinnori.common.util.CommonStaticUtil createChildDirectoriesOfBasePath
정보: the new child relative direcotry[D:\gitsinnori\sinnori\project\sample_test][client_build/web_build/src/main/java/kr/pe/sinnori/weblib/htmlstring] was created successfully
4월 11, 2018 6:00:28 오후 kr.pe.sinnori.common.util.CommonStaticUtil createChildDirectoriesOfBasePath
정보: the new child relative direcotry[D:\gitsinnori\sinnori\project\sample_test][client_build/web_build/src/main/java/kr/pe/sinnori/weblib/jdf] was created successfully
4월 11, 2018 6:00:28 오후 kr.pe.sinnori.common.util.CommonStaticUtil createChildDirectoriesOfBasePath
정보: the new child relative direcotry[D:\gitsinnori\sinnori\project\sample_test][client_build/web_build/src/test/java] was created successfully
4월 11, 2018 6:00:28 오후 kr.pe.sinnori.common.util.CommonStaticUtil createChildDirectoriesOfBasePath
정보: the new child relative direcotry[D:\gitsinnori\sinnori\project\sample_test][client_build/web_build/build] was created successfully
4월 11, 2018 6:00:28 오후 kr.pe.sinnori.common.util.CommonStaticUtil createChildDirectoriesOfBasePath
정보: the new child relative direcotry[D:\gitsinnori\sinnori\project\sample_test][client_build/web_build/dist] was created successfully
4월 11, 2018 6:00:28 오후 kr.pe.sinnori.common.buildsystem.ProjectBuilder createWebBuildChildDirectories
정보: main project[sample_test]'s web build child direcotry creation task end
4월 11, 2018 6:00:28 오후 kr.pe.sinnori.common.buildsystem.ProjectBuilder createWebRootChildDirectories
정보: main project[sample_test]'s web root child direcotry creation task start
4월 11, 2018 6:00:28 오후 kr.pe.sinnori.common.util.CommonStaticUtil createChildDirectoriesOfBasePath
정보: the new child relative direcotry[D:\gitsinnori\sinnori\project\sample_test][web_app_base/upload] was created successfully
4월 11, 2018 6:00:28 오후 kr.pe.sinnori.common.util.CommonStaticUtil createChildDirectoriesOfBasePath
정보: the new child relative direcotry[D:\gitsinnori\sinnori\project\sample_test][web_app_base/ROOT/WEB-INF/classes] was created successfully
4월 11, 2018 6:00:28 오후 kr.pe.sinnori.common.util.CommonStaticUtil createChildDirectoriesOfBasePath
정보: the new child relative direcotry[D:\gitsinnori\sinnori\project\sample_test][web_app_base/ROOT/WEB-INF/lib] was created successfully
4월 11, 2018 6:00:28 오후 kr.pe.sinnori.common.buildsystem.ProjectBuilder createWebRootChildDirectories
정보: main project[sample_test]'s web root child direcotry creation task end
4월 11, 2018 6:00:28 오후 kr.pe.sinnori.common.buildsystem.ProjectBuilder createChildDirectories
정보: main project[sample_test]'s child direcotry creation task end
4월 11, 2018 6:00:28 오후 kr.pe.sinnori.common.buildsystem.ProjectBuilder createFiles
정보: main project[sample_test]'s file creation task start
4월 11, 2018 6:00:28 오후 kr.pe.sinnori.common.buildsystem.ProjectBuilder createNewSinnoriConfigFile
정보: main project[sample_test]'s config file creation task start
4월 11, 2018 6:00:28 오후 kr.pe.sinnori.common.util.SequencedPropertiesUtil createNewSequencedPropertiesFile
정보: the sequenced properties file[D:\gitsinnori\sinnori\project\sample_test\config\sinnori.properties] was created
4월 11, 2018 6:00:28 오후 kr.pe.sinnori.common.buildsystem.ProjectBuilder createNewSinnoriConfigFile
정보: main project[sample_test]'s config file creation task end
4월 11, 2018 6:00:28 오후 kr.pe.sinnori.common.buildsystem.ProjectBuilder copySampleFilesToResoruces
정보: the mainproject[sample_test]'s resources directory copy task start
4월 11, 2018 6:00:28 오후 kr.pe.sinnori.common.buildsystem.ProjectBuilder copySampleFilesToResoruces
정보: the mainproject[sample_test]'s resources directory copy task end
4월 11, 2018 6:00:28 오후 kr.pe.sinnori.common.buildsystem.ProjectBuilder createServerBuildSystemFiles
정보: server build system files creation task start
4월 11, 2018 6:00:28 오후 kr.pe.sinnori.common.buildsystem.ProjectBuilder createNewServerAntBuildXMLFile
정보: main project[sample_test]'s server ant build.xml file creation task start
4월 11, 2018 6:00:28 오후 kr.pe.sinnori.common.buildsystem.ProjectBuilder createNewServerAntBuildXMLFile
정보: main project[sample_test]'s server ant build.xml file creation task end
4월 11, 2018 6:00:28 오후 kr.pe.sinnori.common.buildsystem.ProjectBuilder createNewServerDosShellFile
정보: main project[sample_test]'s server dos shell file creation task start
4월 11, 2018 6:00:28 오후 kr.pe.sinnori.common.buildsystem.ProjectBuilder createNewServerDosShellFile
정보: main project[sample_test]'s server dos shell file creation task end
4월 11, 2018 6:00:28 오후 kr.pe.sinnori.common.buildsystem.ProjectBuilder createNewServerUnixShellFile
정보: main project[sample_test]'s server unix shell file creation task start
4월 11, 2018 6:00:28 오후 kr.pe.sinnori.common.buildsystem.ProjectBuilder createNewServerUnixShellFile
정보: main project[sample_test]'s server unix shell file creation task end
4월 11, 2018 6:00:28 오후 kr.pe.sinnori.common.buildsystem.ProjectBuilder copyServerSampleFiles
정보: server sample source files copy task start
4월 11, 2018 6:00:28 오후 kr.pe.sinnori.common.buildsystem.ProjectBuilder copyServerSampleFiles
정보: server sample source files copy task end
4월 11, 2018 6:00:28 오후 kr.pe.sinnori.common.buildsystem.ProjectBuilder createServerMessageIOFileSet
정보: main project[sample_test]'s server message io file set creation task start
4월 11, 2018 6:00:28 오후 kr.pe.sinnori.common.util.CommonStaticUtil createChildDirectoriesOfBasePath
정보: the new child relative direcotry[D:\gitsinnori\sinnori\project\sample_test\server_build\src\main\java\kr\pe\sinnori\impl\message][Echo] was created successfully
4월 11, 2018 6:00:28 오후 kr.pe.sinnori.common.buildsystem.ProjectBuilder createNewMessageSourceFile
정보: main project[sample_test]'s message file[Echo][D:\gitsinnori\sinnori\project\sample_test\server_build\src\main\java\kr\pe\sinnori\impl\message] creation task start
4월 11, 2018 6:00:28 오후 kr.pe.sinnori.common.buildsystem.ProjectBuilder createNewMessageSourceFile
정보: main project[sample_test]'s message file[Echo][D:\gitsinnori\sinnori\project\sample_test\server_build\src\main\java\kr\pe\sinnori\impl\message] creation task end
4월 11, 2018 6:00:28 오후 kr.pe.sinnori.common.buildsystem.ProjectBuilder createNewDecoderSourceFile
정보: main project[sample_test]'s message decoder file[Echo][D:\gitsinnori\sinnori\project\sample_test\server_build\src\main\java\kr\pe\sinnori\impl\message] creation task start
4월 11, 2018 6:00:28 오후 kr.pe.sinnori.common.buildsystem.ProjectBuilder createNewDecoderSourceFile
정보: main project[sample_test]'s message decoder file[Echo][D:\gitsinnori\sinnori\project\sample_test\server_build\src\main\java\kr\pe\sinnori\impl\message] creation task end
4월 11, 2018 6:00:28 오후 kr.pe.sinnori.common.buildsystem.ProjectBuilder createNewEncoderSourceFile
정보: main project[sample_test]'s message encoder file[Echo][D:\gitsinnori\sinnori\project\sample_test\server_build\src\main\java\kr\pe\sinnori\impl\message] creation task start
4월 11, 2018 6:00:28 오후 kr.pe.sinnori.common.buildsystem.ProjectBuilder createNewEncoderSourceFile
정보: main project[sample_test]'s message encoder file[Echo][D:\gitsinnori\sinnori\project\sample_test\server_build\src\main\java\kr\pe\sinnori\impl\message] creation task end
4월 11, 2018 6:00:28 오후 kr.pe.sinnori.common.buildsystem.ProjectBuilder createNewServerCodecSourceFile
정보: main project[sample_test]'s message server codec file[Echo][D:\gitsinnori\sinnori\project\sample_test\server_build\src\main\java\kr\pe\sinnori\impl\message] creation task start
4월 11, 2018 6:00:28 오후 kr.pe.sinnori.common.buildsystem.ProjectBuilder createNewServerCodecSourceFile
정보: main project[sample_test]'s message server codec file[Echo][D:\gitsinnori\sinnori\project\sample_test\server_build\src\main\java\kr\pe\sinnori\impl\message] creation task end
4월 11, 2018 6:00:28 오후 kr.pe.sinnori.common.buildsystem.ProjectBuilder createNewClientCodecSourceFile
정보: main project[sample_test]'s message client codec file[Echo][D:\gitsinnori\sinnori\project\sample_test\server_build\src\main\java\kr\pe\sinnori\impl\message] creation task start
4월 11, 2018 6:00:28 오후 kr.pe.sinnori.common.buildsystem.ProjectBuilder createNewClientCodecSourceFile
정보: main project[sample_test]'s message client codec file[Echo][D:\gitsinnori\sinnori\project\sample_test\server_build\src\main\java\kr\pe\sinnori\impl\message] creation task end
4월 11, 2018 6:00:28 오후 kr.pe.sinnori.common.util.CommonStaticUtil createChildDirectoriesOfBasePath
정보: the new child relative direcotry[D:\gitsinnori\sinnori\project\sample_test\server_build\src\main\java\kr\pe\sinnori\impl\message][PublicKeyReq] was created successfully
4월 11, 2018 6:00:28 오후 kr.pe.sinnori.common.buildsystem.ProjectBuilder createNewMessageSourceFile
정보: main project[sample_test]'s message file[PublicKeyReq][D:\gitsinnori\sinnori\project\sample_test\server_build\src\main\java\kr\pe\sinnori\impl\message] creation task start
4월 11, 2018 6:00:28 오후 kr.pe.sinnori.common.buildsystem.ProjectBuilder createNewMessageSourceFile
정보: main project[sample_test]'s message file[PublicKeyReq][D:\gitsinnori\sinnori\project\sample_test\server_build\src\main\java\kr\pe\sinnori\impl\message] creation task end
4월 11, 2018 6:00:28 오후 kr.pe.sinnori.common.buildsystem.ProjectBuilder createNewDecoderSourceFile
정보: main project[sample_test]'s message decoder file[PublicKeyReq][D:\gitsinnori\sinnori\project\sample_test\server_build\src\main\java\kr\pe\sinnori\impl\message] creation task start
4월 11, 2018 6:00:28 오후 kr.pe.sinnori.common.buildsystem.ProjectBuilder createNewDecoderSourceFile
정보: main project[sample_test]'s message decoder file[PublicKeyReq][D:\gitsinnori\sinnori\project\sample_test\server_build\src\main\java\kr\pe\sinnori\impl\message] creation task end
4월 11, 2018 6:00:28 오후 kr.pe.sinnori.common.buildsystem.ProjectBuilder createNewEncoderSourceFile
정보: main project[sample_test]'s message encoder file[PublicKeyReq][D:\gitsinnori\sinnori\project\sample_test\server_build\src\main\java\kr\pe\sinnori\impl\message] creation task start
4월 11, 2018 6:00:28 오후 kr.pe.sinnori.common.buildsystem.ProjectBuilder createNewEncoderSourceFile
정보: main project[sample_test]'s message encoder file[PublicKeyReq][D:\gitsinnori\sinnori\project\sample_test\server_build\src\main\java\kr\pe\sinnori\impl\message] creation task end
4월 11, 2018 6:00:28 오후 kr.pe.sinnori.common.buildsystem.ProjectBuilder createNewServerCodecSourceFile
정보: main project[sample_test]'s message server codec file[PublicKeyReq][D:\gitsinnori\sinnori\project\sample_test\server_build\src\main\java\kr\pe\sinnori\impl\message] creation task start
4월 11, 2018 6:00:28 오후 kr.pe.sinnori.common.buildsystem.ProjectBuilder createNewServerCodecSourceFile
정보: main project[sample_test]'s message server codec file[PublicKeyReq][D:\gitsinnori\sinnori\project\sample_test\server_build\src\main\java\kr\pe\sinnori\impl\message] creation task end
4월 11, 2018 6:00:28 오후 kr.pe.sinnori.common.buildsystem.ProjectBuilder createNewClientCodecSourceFile
정보: main project[sample_test]'s message client codec file[PublicKeyReq][D:\gitsinnori\sinnori\project\sample_test\server_build\src\main\java\kr\pe\sinnori\impl\message] creation task start
4월 11, 2018 6:00:28 오후 kr.pe.sinnori.common.buildsystem.ProjectBuilder createNewClientCodecSourceFile
정보: main project[sample_test]'s message client codec file[PublicKeyReq][D:\gitsinnori\sinnori\project\sample_test\server_build\src\main\java\kr\pe\sinnori\impl\message] creation task end
4월 11, 2018 6:00:28 오후 kr.pe.sinnori.common.util.CommonStaticUtil createChildDirectoriesOfBasePath
정보: the new child relative direcotry[D:\gitsinnori\sinnori\project\sample_test\server_build\src\main\java\kr\pe\sinnori\impl\message][PublicKeyRes] was created successfully
4월 11, 2018 6:00:28 오후 kr.pe.sinnori.common.buildsystem.ProjectBuilder createNewMessageSourceFile
정보: main project[sample_test]'s message file[PublicKeyRes][D:\gitsinnori\sinnori\project\sample_test\server_build\src\main\java\kr\pe\sinnori\impl\message] creation task start
4월 11, 2018 6:00:28 오후 kr.pe.sinnori.common.buildsystem.ProjectBuilder createNewMessageSourceFile
정보: main project[sample_test]'s message file[PublicKeyRes][D:\gitsinnori\sinnori\project\sample_test\server_build\src\main\java\kr\pe\sinnori\impl\message] creation task end
4월 11, 2018 6:00:28 오후 kr.pe.sinnori.common.buildsystem.ProjectBuilder createNewDecoderSourceFile
정보: main project[sample_test]'s message decoder file[PublicKeyRes][D:\gitsinnori\sinnori\project\sample_test\server_build\src\main\java\kr\pe\sinnori\impl\message] creation task start
4월 11, 2018 6:00:28 오후 kr.pe.sinnori.common.buildsystem.ProjectBuilder createNewDecoderSourceFile
정보: main project[sample_test]'s message decoder file[PublicKeyRes][D:\gitsinnori\sinnori\project\sample_test\server_build\src\main\java\kr\pe\sinnori\impl\message] creation task end
4월 11, 2018 6:00:28 오후 kr.pe.sinnori.common.buildsystem.ProjectBuilder createNewEncoderSourceFile
정보: main project[sample_test]'s message encoder file[PublicKeyRes][D:\gitsinnori\sinnori\project\sample_test\server_build\src\main\java\kr\pe\sinnori\impl\message] creation task start
4월 11, 2018 6:00:28 오후 kr.pe.sinnori.common.buildsystem.ProjectBuilder createNewEncoderSourceFile
정보: main project[sample_test]'s message encoder file[PublicKeyRes][D:\gitsinnori\sinnori\project\sample_test\server_build\src\main\java\kr\pe\sinnori\impl\message] creation task end
4월 11, 2018 6:00:28 오후 kr.pe.sinnori.common.buildsystem.ProjectBuilder createNewServerCodecSourceFile
정보: main project[sample_test]'s message server codec file[PublicKeyRes][D:\gitsinnori\sinnori\project\sample_test\server_build\src\main\java\kr\pe\sinnori\impl\message] creation task start
4월 11, 2018 6:00:28 오후 kr.pe.sinnori.common.buildsystem.ProjectBuilder createNewServerCodecSourceFile
정보: main project[sample_test]'s message server codec file[PublicKeyRes][D:\gitsinnori\sinnori\project\sample_test\server_build\src\main\java\kr\pe\sinnori\impl\message] creation task end
4월 11, 2018 6:00:28 오후 kr.pe.sinnori.common.buildsystem.ProjectBuilder createNewClientCodecSourceFile
정보: main project[sample_test]'s message client codec file[PublicKeyRes][D:\gitsinnori\sinnori\project\sample_test\server_build\src\main\java\kr\pe\sinnori\impl\message] creation task start
4월 11, 2018 6:00:28 오후 kr.pe.sinnori.common.buildsystem.ProjectBuilder createNewClientCodecSourceFile
정보: main project[sample_test]'s message client codec file[PublicKeyRes][D:\gitsinnori\sinnori\project\sample_test\server_build\src\main\java\kr\pe\sinnori\impl\message] creation task end
4월 11, 2018 6:00:28 오후 kr.pe.sinnori.common.buildsystem.ProjectBuilder createServerMessageIOFileSet
정보: main project[sample_test]'s server message io file set creation task end
4월 11, 2018 6:00:28 오후 kr.pe.sinnori.common.buildsystem.ProjectBuilder createServerBuildSystemFiles
정보: server build system files creation task end
4월 11, 2018 6:00:28 오후 kr.pe.sinnori.common.buildsystem.ProjectBuilder createAppClientBuildSystemFiles
정보: mainproject[sample_test]'s application client build system files creation task start
4월 11, 2018 6:00:28 오후 kr.pe.sinnori.common.buildsystem.ProjectBuilder createNewAppClientAntBuildXMLFile
정보: main project[sample_test]'s application client ant build.xml file creation task start
4월 11, 2018 6:00:28 오후 kr.pe.sinnori.common.buildsystem.ProjectBuilder createNewAppClientAntBuildXMLFile
정보: main project[sample_test]'s application client ant build.xml file creation task end
4월 11, 2018 6:00:28 오후 kr.pe.sinnori.common.buildsystem.ProjectBuilder createNewAppClientDosShellFile
정보: main project[sample_test]'s application client dos shell file creation task start
4월 11, 2018 6:00:28 오후 kr.pe.sinnori.common.buildsystem.ProjectBuilder createNewAppClientDosShellFile
정보: main project[sample_test]'s application client dos shell file creation task end
4월 11, 2018 6:00:28 오후 kr.pe.sinnori.common.buildsystem.ProjectBuilder createNewAppClientUnixShellFile
정보: main project[sample_test]'s application client unix shell file creation task start
4월 11, 2018 6:00:28 오후 kr.pe.sinnori.common.buildsystem.ProjectBuilder createNewAppClientUnixShellFile
정보: main project[sample_test]'s application client unix shell file creation task end
4월 11, 2018 6:00:28 오후 kr.pe.sinnori.common.buildsystem.ProjectBuilder copyAppClientSampleFiles
정보: application client sample source files copy task start
4월 11, 2018 6:00:28 오후 kr.pe.sinnori.common.buildsystem.ProjectBuilder copyAppClientSampleFiles
정보: application client sample source files copy task end
4월 11, 2018 6:00:28 오후 kr.pe.sinnori.common.buildsystem.ProjectBuilder createNewAppClientAllMessageIOFileSet
정보: main project[sample_test]'s application client message io file set creation task start
4월 11, 2018 6:00:28 오후 kr.pe.sinnori.common.util.CommonStaticUtil createChildDirectoriesOfBasePath
정보: the new child relative direcotry[D:\gitsinnori\sinnori\project\sample_test\client_build\app_build\src\main\java\kr\pe\sinnori\impl\message][Echo] was created successfully
4월 11, 2018 6:00:28 오후 kr.pe.sinnori.common.buildsystem.ProjectBuilder createNewMessageSourceFile
정보: main project[sample_test]'s message file[Echo][D:\gitsinnori\sinnori\project\sample_test\client_build\app_build\src\main\java\kr\pe\sinnori\impl\message] creation task start
4월 11, 2018 6:00:28 오후 kr.pe.sinnori.common.buildsystem.ProjectBuilder createNewMessageSourceFile
정보: main project[sample_test]'s message file[Echo][D:\gitsinnori\sinnori\project\sample_test\client_build\app_build\src\main\java\kr\pe\sinnori\impl\message] creation task end
4월 11, 2018 6:00:28 오후 kr.pe.sinnori.common.buildsystem.ProjectBuilder createNewDecoderSourceFile
정보: main project[sample_test]'s message decoder file[Echo][D:\gitsinnori\sinnori\project\sample_test\client_build\app_build\src\main\java\kr\pe\sinnori\impl\message] creation task start
4월 11, 2018 6:00:28 오후 kr.pe.sinnori.common.buildsystem.ProjectBuilder createNewDecoderSourceFile
정보: main project[sample_test]'s message decoder file[Echo][D:\gitsinnori\sinnori\project\sample_test\client_build\app_build\src\main\java\kr\pe\sinnori\impl\message] creation task end
4월 11, 2018 6:00:28 오후 kr.pe.sinnori.common.buildsystem.ProjectBuilder createNewEncoderSourceFile
정보: main project[sample_test]'s message encoder file[Echo][D:\gitsinnori\sinnori\project\sample_test\client_build\app_build\src\main\java\kr\pe\sinnori\impl\message] creation task start
4월 11, 2018 6:00:28 오후 kr.pe.sinnori.common.buildsystem.ProjectBuilder createNewEncoderSourceFile
정보: main project[sample_test]'s message encoder file[Echo][D:\gitsinnori\sinnori\project\sample_test\client_build\app_build\src\main\java\kr\pe\sinnori\impl\message] creation task end
4월 11, 2018 6:00:28 오후 kr.pe.sinnori.common.buildsystem.ProjectBuilder createNewServerCodecSourceFile
정보: main project[sample_test]'s message server codec file[Echo][D:\gitsinnori\sinnori\project\sample_test\client_build\app_build\src\main\java\kr\pe\sinnori\impl\message] creation task start
4월 11, 2018 6:00:28 오후 kr.pe.sinnori.common.buildsystem.ProjectBuilder createNewServerCodecSourceFile
정보: main project[sample_test]'s message server codec file[Echo][D:\gitsinnori\sinnori\project\sample_test\client_build\app_build\src\main\java\kr\pe\sinnori\impl\message] creation task end
4월 11, 2018 6:00:28 오후 kr.pe.sinnori.common.buildsystem.ProjectBuilder createNewClientCodecSourceFile
정보: main project[sample_test]'s message client codec file[Echo][D:\gitsinnori\sinnori\project\sample_test\client_build\app_build\src\main\java\kr\pe\sinnori\impl\message] creation task start
4월 11, 2018 6:00:28 오후 kr.pe.sinnori.common.buildsystem.ProjectBuilder createNewClientCodecSourceFile
정보: main project[sample_test]'s message client codec file[Echo][D:\gitsinnori\sinnori\project\sample_test\client_build\app_build\src\main\java\kr\pe\sinnori\impl\message] creation task end
4월 11, 2018 6:00:28 오후 kr.pe.sinnori.common.util.CommonStaticUtil createChildDirectoriesOfBasePath
정보: the new child relative direcotry[D:\gitsinnori\sinnori\project\sample_test\client_build\app_build\src\main\java\kr\pe\sinnori\impl\message][PublicKeyReq] was created successfully
4월 11, 2018 6:00:28 오후 kr.pe.sinnori.common.buildsystem.ProjectBuilder createNewMessageSourceFile
정보: main project[sample_test]'s message file[PublicKeyReq][D:\gitsinnori\sinnori\project\sample_test\client_build\app_build\src\main\java\kr\pe\sinnori\impl\message] creation task start
4월 11, 2018 6:00:28 오후 kr.pe.sinnori.common.buildsystem.ProjectBuilder createNewMessageSourceFile
정보: main project[sample_test]'s message file[PublicKeyReq][D:\gitsinnori\sinnori\project\sample_test\client_build\app_build\src\main\java\kr\pe\sinnori\impl\message] creation task end
4월 11, 2018 6:00:28 오후 kr.pe.sinnori.common.buildsystem.ProjectBuilder createNewDecoderSourceFile
정보: main project[sample_test]'s message decoder file[PublicKeyReq][D:\gitsinnori\sinnori\project\sample_test\client_build\app_build\src\main\java\kr\pe\sinnori\impl\message] creation task start
4월 11, 2018 6:00:28 오후 kr.pe.sinnori.common.buildsystem.ProjectBuilder createNewDecoderSourceFile
정보: main project[sample_test]'s message decoder file[PublicKeyReq][D:\gitsinnori\sinnori\project\sample_test\client_build\app_build\src\main\java\kr\pe\sinnori\impl\message] creation task end
4월 11, 2018 6:00:28 오후 kr.pe.sinnori.common.buildsystem.ProjectBuilder createNewEncoderSourceFile
정보: main project[sample_test]'s message encoder file[PublicKeyReq][D:\gitsinnori\sinnori\project\sample_test\client_build\app_build\src\main\java\kr\pe\sinnori\impl\message] creation task start
4월 11, 2018 6:00:28 오후 kr.pe.sinnori.common.buildsystem.ProjectBuilder createNewEncoderSourceFile
정보: main project[sample_test]'s message encoder file[PublicKeyReq][D:\gitsinnori\sinnori\project\sample_test\client_build\app_build\src\main\java\kr\pe\sinnori\impl\message] creation task end
4월 11, 2018 6:00:28 오후 kr.pe.sinnori.common.buildsystem.ProjectBuilder createNewServerCodecSourceFile
정보: main project[sample_test]'s message server codec file[PublicKeyReq][D:\gitsinnori\sinnori\project\sample_test\client_build\app_build\src\main\java\kr\pe\sinnori\impl\message] creation task start
4월 11, 2018 6:00:28 오후 kr.pe.sinnori.common.buildsystem.ProjectBuilder createNewServerCodecSourceFile
정보: main project[sample_test]'s message server codec file[PublicKeyReq][D:\gitsinnori\sinnori\project\sample_test\client_build\app_build\src\main\java\kr\pe\sinnori\impl\message] creation task end
4월 11, 2018 6:00:28 오후 kr.pe.sinnori.common.buildsystem.ProjectBuilder createNewClientCodecSourceFile
정보: main project[sample_test]'s message client codec file[PublicKeyReq][D:\gitsinnori\sinnori\project\sample_test\client_build\app_build\src\main\java\kr\pe\sinnori\impl\message] creation task start
4월 11, 2018 6:00:28 오후 kr.pe.sinnori.common.buildsystem.ProjectBuilder createNewClientCodecSourceFile
정보: main project[sample_test]'s message client codec file[PublicKeyReq][D:\gitsinnori\sinnori\project\sample_test\client_build\app_build\src\main\java\kr\pe\sinnori\impl\message] creation task end
4월 11, 2018 6:00:28 오후 kr.pe.sinnori.common.util.CommonStaticUtil createChildDirectoriesOfBasePath
정보: the new child relative direcotry[D:\gitsinnori\sinnori\project\sample_test\client_build\app_build\src\main\java\kr\pe\sinnori\impl\message][PublicKeyRes] was created successfully
4월 11, 2018 6:00:28 오후 kr.pe.sinnori.common.buildsystem.ProjectBuilder createNewMessageSourceFile
정보: main project[sample_test]'s message file[PublicKeyRes][D:\gitsinnori\sinnori\project\sample_test\client_build\app_build\src\main\java\kr\pe\sinnori\impl\message] creation task start
4월 11, 2018 6:00:28 오후 kr.pe.sinnori.common.buildsystem.ProjectBuilder createNewMessageSourceFile
정보: main project[sample_test]'s message file[PublicKeyRes][D:\gitsinnori\sinnori\project\sample_test\client_build\app_build\src\main\java\kr\pe\sinnori\impl\message] creation task end
4월 11, 2018 6:00:28 오후 kr.pe.sinnori.common.buildsystem.ProjectBuilder createNewDecoderSourceFile
정보: main project[sample_test]'s message decoder file[PublicKeyRes][D:\gitsinnori\sinnori\project\sample_test\client_build\app_build\src\main\java\kr\pe\sinnori\impl\message] creation task start
4월 11, 2018 6:00:28 오후 kr.pe.sinnori.common.buildsystem.ProjectBuilder createNewDecoderSourceFile
정보: main project[sample_test]'s message decoder file[PublicKeyRes][D:\gitsinnori\sinnori\project\sample_test\client_build\app_build\src\main\java\kr\pe\sinnori\impl\message] creation task end
4월 11, 2018 6:00:28 오후 kr.pe.sinnori.common.buildsystem.ProjectBuilder createNewEncoderSourceFile
정보: main project[sample_test]'s message encoder file[PublicKeyRes][D:\gitsinnori\sinnori\project\sample_test\client_build\app_build\src\main\java\kr\pe\sinnori\impl\message] creation task start
4월 11, 2018 6:00:28 오후 kr.pe.sinnori.common.buildsystem.ProjectBuilder createNewEncoderSourceFile
정보: main project[sample_test]'s message encoder file[PublicKeyRes][D:\gitsinnori\sinnori\project\sample_test\client_build\app_build\src\main\java\kr\pe\sinnori\impl\message] creation task end
4월 11, 2018 6:00:28 오후 kr.pe.sinnori.common.buildsystem.ProjectBuilder createNewServerCodecSourceFile
정보: main project[sample_test]'s message server codec file[PublicKeyRes][D:\gitsinnori\sinnori\project\sample_test\client_build\app_build\src\main\java\kr\pe\sinnori\impl\message] creation task start
4월 11, 2018 6:00:28 오후 kr.pe.sinnori.common.buildsystem.ProjectBuilder createNewServerCodecSourceFile
정보: main project[sample_test]'s message server codec file[PublicKeyRes][D:\gitsinnori\sinnori\project\sample_test\client_build\app_build\src\main\java\kr\pe\sinnori\impl\message] creation task end
4월 11, 2018 6:00:28 오후 kr.pe.sinnori.common.buildsystem.ProjectBuilder createNewClientCodecSourceFile
정보: main project[sample_test]'s message client codec file[PublicKeyRes][D:\gitsinnori\sinnori\project\sample_test\client_build\app_build\src\main\java\kr\pe\sinnori\impl\message] creation task start
4월 11, 2018 6:00:28 오후 kr.pe.sinnori.common.buildsystem.ProjectBuilder createNewClientCodecSourceFile
정보: main project[sample_test]'s message client codec file[PublicKeyRes][D:\gitsinnori\sinnori\project\sample_test\client_build\app_build\src\main\java\kr\pe\sinnori\impl\message] creation task end
4월 11, 2018 6:00:28 오후 kr.pe.sinnori.common.buildsystem.ProjectBuilder createNewAppClientAllMessageIOFileSet
정보: main project[sample_test]'s application client message io file set creation task end
4월 11, 2018 6:00:28 오후 kr.pe.sinnori.common.buildsystem.ProjectBuilder createAppClientBuildSystemFiles
정보: mainproject[sample_test]'s application client build system files creation task end
4월 11, 2018 6:00:28 오후 kr.pe.sinnori.common.buildsystem.ProjectBuilder createWebClientBuildSystemFiles
정보: main project[sample_test]'s web client build system files creation task start
4월 11, 2018 6:00:28 오후 kr.pe.sinnori.common.buildsystem.ProjectBuilder createNewWebClientAntBuildFile
정보: main project[sample_test]'s web client ant build.xml file creation task start
4월 11, 2018 6:00:28 오후 kr.pe.sinnori.common.buildsystem.ProjectBuilder createNewWebClientAntBuildFile
정보: main project[sample_test]'s web client ant build.xml file creation task end
4월 11, 2018 6:00:28 오후 kr.pe.sinnori.common.buildsystem.ProjectBuilder createNewWebClientAntPropertiesFile
정보: main project[sample_test]'s web client ant properties file creation task start
4월 11, 2018 6:00:28 오후 kr.pe.sinnori.common.util.SequencedPropertiesUtil createNewSequencedPropertiesFile
정보: the sequenced properties file[D:\gitsinnori\sinnori\project\sample_test\client_build\web_build\webAnt.properties] was created
4월 11, 2018 6:00:28 오후 kr.pe.sinnori.common.buildsystem.ProjectBuilder createNewWebClientAntPropertiesFile
정보: main project[sample_test]'s web client ant properties file creation task end
4월 11, 2018 6:00:28 오후 kr.pe.sinnori.common.buildsystem.ProjectBuilder createNewWebClientMessageIOFileSet
정보: main project[sample_test]'s web client message io file set creation task start
4월 11, 2018 6:00:28 오후 kr.pe.sinnori.common.util.CommonStaticUtil createChildDirectoriesOfBasePath
정보: the new child relative direcotry[D:\gitsinnori\sinnori\project\sample_test\client_build\web_build\src\main\java\kr\pe\sinnori\impl\message][Echo] was created successfully
4월 11, 2018 6:00:28 오후 kr.pe.sinnori.common.buildsystem.ProjectBuilder createNewMessageSourceFile
정보: main project[sample_test]'s message file[Echo][D:\gitsinnori\sinnori\project\sample_test\client_build\web_build\src\main\java\kr\pe\sinnori\impl\message] creation task start
4월 11, 2018 6:00:28 오후 kr.pe.sinnori.common.buildsystem.ProjectBuilder createNewMessageSourceFile
정보: main project[sample_test]'s message file[Echo][D:\gitsinnori\sinnori\project\sample_test\client_build\web_build\src\main\java\kr\pe\sinnori\impl\message] creation task end
4월 11, 2018 6:00:28 오후 kr.pe.sinnori.common.buildsystem.ProjectBuilder createNewDecoderSourceFile
정보: main project[sample_test]'s message decoder file[Echo][D:\gitsinnori\sinnori\project\sample_test\client_build\web_build\src\main\java\kr\pe\sinnori\impl\message] creation task start
4월 11, 2018 6:00:28 오후 kr.pe.sinnori.common.buildsystem.ProjectBuilder createNewDecoderSourceFile
정보: main project[sample_test]'s message decoder file[Echo][D:\gitsinnori\sinnori\project\sample_test\client_build\web_build\src\main\java\kr\pe\sinnori\impl\message] creation task end
4월 11, 2018 6:00:28 오후 kr.pe.sinnori.common.buildsystem.ProjectBuilder createNewEncoderSourceFile
정보: main project[sample_test]'s message encoder file[Echo][D:\gitsinnori\sinnori\project\sample_test\client_build\web_build\src\main\java\kr\pe\sinnori\impl\message] creation task start
4월 11, 2018 6:00:28 오후 kr.pe.sinnori.common.buildsystem.ProjectBuilder createNewEncoderSourceFile
정보: main project[sample_test]'s message encoder file[Echo][D:\gitsinnori\sinnori\project\sample_test\client_build\web_build\src\main\java\kr\pe\sinnori\impl\message] creation task end
4월 11, 2018 6:00:28 오후 kr.pe.sinnori.common.buildsystem.ProjectBuilder createNewServerCodecSourceFile
정보: main project[sample_test]'s message server codec file[Echo][D:\gitsinnori\sinnori\project\sample_test\client_build\web_build\src\main\java\kr\pe\sinnori\impl\message] creation task start
4월 11, 2018 6:00:28 오후 kr.pe.sinnori.common.buildsystem.ProjectBuilder createNewServerCodecSourceFile
정보: main project[sample_test]'s message server codec file[Echo][D:\gitsinnori\sinnori\project\sample_test\client_build\web_build\src\main\java\kr\pe\sinnori\impl\message] creation task end
4월 11, 2018 6:00:28 오후 kr.pe.sinnori.common.buildsystem.ProjectBuilder createNewClientCodecSourceFile
정보: main project[sample_test]'s message client codec file[Echo][D:\gitsinnori\sinnori\project\sample_test\client_build\web_build\src\main\java\kr\pe\sinnori\impl\message] creation task start
4월 11, 2018 6:00:28 오후 kr.pe.sinnori.common.buildsystem.ProjectBuilder createNewClientCodecSourceFile
정보: main project[sample_test]'s message client codec file[Echo][D:\gitsinnori\sinnori\project\sample_test\client_build\web_build\src\main\java\kr\pe\sinnori\impl\message] creation task end
4월 11, 2018 6:00:28 오후 kr.pe.sinnori.common.util.CommonStaticUtil createChildDirectoriesOfBasePath
정보: the new child relative direcotry[D:\gitsinnori\sinnori\project\sample_test\client_build\web_build\src\main\java\kr\pe\sinnori\impl\message][PublicKeyReq] was created successfully
4월 11, 2018 6:00:28 오후 kr.pe.sinnori.common.buildsystem.ProjectBuilder createNewMessageSourceFile
정보: main project[sample_test]'s message file[PublicKeyReq][D:\gitsinnori\sinnori\project\sample_test\client_build\web_build\src\main\java\kr\pe\sinnori\impl\message] creation task start
4월 11, 2018 6:00:28 오후 kr.pe.sinnori.common.buildsystem.ProjectBuilder createNewMessageSourceFile
정보: main project[sample_test]'s message file[PublicKeyReq][D:\gitsinnori\sinnori\project\sample_test\client_build\web_build\src\main\java\kr\pe\sinnori\impl\message] creation task end
4월 11, 2018 6:00:28 오후 kr.pe.sinnori.common.buildsystem.ProjectBuilder createNewDecoderSourceFile
정보: main project[sample_test]'s message decoder file[PublicKeyReq][D:\gitsinnori\sinnori\project\sample_test\client_build\web_build\src\main\java\kr\pe\sinnori\impl\message] creation task start
4월 11, 2018 6:00:28 오후 kr.pe.sinnori.common.buildsystem.ProjectBuilder createNewDecoderSourceFile
정보: main project[sample_test]'s message decoder file[PublicKeyReq][D:\gitsinnori\sinnori\project\sample_test\client_build\web_build\src\main\java\kr\pe\sinnori\impl\message] creation task end
4월 11, 2018 6:00:28 오후 kr.pe.sinnori.common.buildsystem.ProjectBuilder createNewEncoderSourceFile
정보: main project[sample_test]'s message encoder file[PublicKeyReq][D:\gitsinnori\sinnori\project\sample_test\client_build\web_build\src\main\java\kr\pe\sinnori\impl\message] creation task start
4월 11, 2018 6:00:28 오후 kr.pe.sinnori.common.buildsystem.ProjectBuilder createNewEncoderSourceFile
정보: main project[sample_test]'s message encoder file[PublicKeyReq][D:\gitsinnori\sinnori\project\sample_test\client_build\web_build\src\main\java\kr\pe\sinnori\impl\message] creation task end
4월 11, 2018 6:00:28 오후 kr.pe.sinnori.common.buildsystem.ProjectBuilder createNewServerCodecSourceFile
정보: main project[sample_test]'s message server codec file[PublicKeyReq][D:\gitsinnori\sinnori\project\sample_test\client_build\web_build\src\main\java\kr\pe\sinnori\impl\message] creation task start
4월 11, 2018 6:00:28 오후 kr.pe.sinnori.common.buildsystem.ProjectBuilder createNewServerCodecSourceFile
정보: main project[sample_test]'s message server codec file[PublicKeyReq][D:\gitsinnori\sinnori\project\sample_test\client_build\web_build\src\main\java\kr\pe\sinnori\impl\message] creation task end
4월 11, 2018 6:00:28 오후 kr.pe.sinnori.common.buildsystem.ProjectBuilder createNewClientCodecSourceFile
정보: main project[sample_test]'s message client codec file[PublicKeyReq][D:\gitsinnori\sinnori\project\sample_test\client_build\web_build\src\main\java\kr\pe\sinnori\impl\message] creation task start
4월 11, 2018 6:00:28 오후 kr.pe.sinnori.common.buildsystem.ProjectBuilder createNewClientCodecSourceFile
정보: main project[sample_test]'s message client codec file[PublicKeyReq][D:\gitsinnori\sinnori\project\sample_test\client_build\web_build\src\main\java\kr\pe\sinnori\impl\message] creation task end
4월 11, 2018 6:00:28 오후 kr.pe.sinnori.common.util.CommonStaticUtil createChildDirectoriesOfBasePath
정보: the new child relative direcotry[D:\gitsinnori\sinnori\project\sample_test\client_build\web_build\src\main\java\kr\pe\sinnori\impl\message][PublicKeyRes] was created successfully
4월 11, 2018 6:00:28 오후 kr.pe.sinnori.common.buildsystem.ProjectBuilder createNewMessageSourceFile
정보: main project[sample_test]'s message file[PublicKeyRes][D:\gitsinnori\sinnori\project\sample_test\client_build\web_build\src\main\java\kr\pe\sinnori\impl\message] creation task start
4월 11, 2018 6:00:28 오후 kr.pe.sinnori.common.buildsystem.ProjectBuilder createNewMessageSourceFile
정보: main project[sample_test]'s message file[PublicKeyRes][D:\gitsinnori\sinnori\project\sample_test\client_build\web_build\src\main\java\kr\pe\sinnori\impl\message] creation task end
4월 11, 2018 6:00:28 오후 kr.pe.sinnori.common.buildsystem.ProjectBuilder createNewDecoderSourceFile
정보: main project[sample_test]'s message decoder file[PublicKeyRes][D:\gitsinnori\sinnori\project\sample_test\client_build\web_build\src\main\java\kr\pe\sinnori\impl\message] creation task start
4월 11, 2018 6:00:28 오후 kr.pe.sinnori.common.buildsystem.ProjectBuilder createNewDecoderSourceFile
정보: main project[sample_test]'s message decoder file[PublicKeyRes][D:\gitsinnori\sinnori\project\sample_test\client_build\web_build\src\main\java\kr\pe\sinnori\impl\message] creation task end
4월 11, 2018 6:00:28 오후 kr.pe.sinnori.common.buildsystem.ProjectBuilder createNewEncoderSourceFile
정보: main project[sample_test]'s message encoder file[PublicKeyRes][D:\gitsinnori\sinnori\project\sample_test\client_build\web_build\src\main\java\kr\pe\sinnori\impl\message] creation task start
4월 11, 2018 6:00:28 오후 kr.pe.sinnori.common.buildsystem.ProjectBuilder createNewEncoderSourceFile
정보: main project[sample_test]'s message encoder file[PublicKeyRes][D:\gitsinnori\sinnori\project\sample_test\client_build\web_build\src\main\java\kr\pe\sinnori\impl\message] creation task end
4월 11, 2018 6:00:28 오후 kr.pe.sinnori.common.buildsystem.ProjectBuilder createNewServerCodecSourceFile
정보: main project[sample_test]'s message server codec file[PublicKeyRes][D:\gitsinnori\sinnori\project\sample_test\client_build\web_build\src\main\java\kr\pe\sinnori\impl\message] creation task start
4월 11, 2018 6:00:28 오후 kr.pe.sinnori.common.buildsystem.ProjectBuilder createNewServerCodecSourceFile
정보: main project[sample_test]'s message server codec file[PublicKeyRes][D:\gitsinnori\sinnori\project\sample_test\client_build\web_build\src\main\java\kr\pe\sinnori\impl\message] creation task end
4월 11, 2018 6:00:28 오후 kr.pe.sinnori.common.buildsystem.ProjectBuilder createNewClientCodecSourceFile
정보: main project[sample_test]'s message client codec file[PublicKeyRes][D:\gitsinnori\sinnori\project\sample_test\client_build\web_build\src\main\java\kr\pe\sinnori\impl\message] creation task start
4월 11, 2018 6:00:28 오후 kr.pe.sinnori.common.buildsystem.ProjectBuilder createNewClientCodecSourceFile
정보: main project[sample_test]'s message client codec file[PublicKeyRes][D:\gitsinnori\sinnori\project\sample_test\client_build\web_build\src\main\java\kr\pe\sinnori\impl\message] creation task end
4월 11, 2018 6:00:28 오후 kr.pe.sinnori.common.buildsystem.ProjectBuilder createNewWebClientMessageIOFileSet
정보: main project[sample_test]'s web client message io file set creation task end
4월 11, 2018 6:00:28 오후 kr.pe.sinnori.common.buildsystem.ProjectBuilder copyWebClientSampleFiles
정보: mainproject[sample_test]'s web client sample source files copy task start
4월 11, 2018 6:00:28 오후 kr.pe.sinnori.common.buildsystem.ProjectBuilder copyWebClientSampleFiles
정보: mainproject[sample_test]'s web client sample source files copy task end
4월 11, 2018 6:00:28 오후 kr.pe.sinnori.common.buildsystem.ProjectBuilder createWebClientBuildSystemFiles
정보: main project[sample_test]'s web client build system files creation task end
4월 11, 2018 6:00:28 오후 kr.pe.sinnori.common.buildsystem.ProjectBuilder createWebRootSampleFiles
정보: main project[sample_test]'s web root sample files creation task start
4월 11, 2018 6:00:28 오후 kr.pe.sinnori.common.buildsystem.ProjectBuilder copyWebRootSampleFiles
정보: main project[sample_test]'s web root sample files copy task start
4월 11, 2018 6:00:28 오후 kr.pe.sinnori.common.buildsystem.ProjectBuilder copyWebRootSampleFiles
정보: main project[sample_test]'s web root sample files copy task end
4월 11, 2018 6:00:28 오후 kr.pe.sinnori.common.buildsystem.ProjectBuilder createWebRootSampleFiles
정보: main project[sample_test]'s web root sample files creation task end
4월 11, 2018 6:00:28 오후 kr.pe.sinnori.common.buildsystem.ProjectBuilder createFiles
정보: main project[sample_test]'s file creation task end
4월 11, 2018 6:00:28 오후 kr.pe.sinnori.common.config.SinnoriConfiguration convertSinnoriConfigSequencedPropertiesToAllPartItemsWithValidation
정보: item key[sessionkey.rsa.publickey.file.value]'s value is null because its status is inactive
4월 11, 2018 6:00:28 오후 kr.pe.sinnori.common.config.SinnoriConfiguration convertSinnoriConfigSequencedPropertiesToAllPartItemsWithValidation
정보: item key[sessionkey.rsa.privatekey.file.value]'s value is null because its status is inactive
4월 11, 2018 6:00:28 오후 kr.pe.sinnori.common.buildsystem.ProjectBuilder createChildDirectories
정보: main project[sample_test]'s child direcotry creation task start
4월 11, 2018 6:00:28 오후 kr.pe.sinnori.common.buildsystem.ProjectBuilder createCommonChildDirectories
정보: main project[sample_test]'s common child direcotry creation task start
4월 11, 2018 6:00:28 오후 kr.pe.sinnori.common.util.CommonStaticUtil createChildDirectoriesOfBasePath
정보: the new child relative direcotry[D:\gitsinnori\sinnori\project\sample_test][config] was created successfully
4월 11, 2018 6:00:28 오후 kr.pe.sinnori.common.util.CommonStaticUtil createChildDirectoriesOfBasePath
정보: the new child relative direcotry[D:\gitsinnori\sinnori\project\sample_test][resources/dbcp] was created successfully
4월 11, 2018 6:00:28 오후 kr.pe.sinnori.common.util.CommonStaticUtil createChildDirectoriesOfBasePath
정보: the new child relative direcotry[D:\gitsinnori\sinnori\project\sample_test][resources/message_info] was created successfully
4월 11, 2018 6:00:28 오후 kr.pe.sinnori.common.util.CommonStaticUtil createChildDirectoriesOfBasePath
정보: the new child relative direcotry[D:\gitsinnori\sinnori\project\sample_test][resources/rsa_keypair] was created successfully
4월 11, 2018 6:00:28 오후 kr.pe.sinnori.common.util.CommonStaticUtil createChildDirectoriesOfBasePath
정보: the new child relative direcotry[D:\gitsinnori\sinnori\project\sample_test][log/apache] was created successfully
4월 11, 2018 6:00:28 오후 kr.pe.sinnori.common.util.CommonStaticUtil createChildDirectoriesOfBasePath
정보: the new child relative direcotry[D:\gitsinnori\sinnori\project\sample_test][log/client] was created successfully
4월 11, 2018 6:00:28 오후 kr.pe.sinnori.common.util.CommonStaticUtil createChildDirectoriesOfBasePath
정보: the new child relative direcotry[D:\gitsinnori\sinnori\project\sample_test][log/server] was created successfully
4월 11, 2018 6:00:28 오후 kr.pe.sinnori.common.util.CommonStaticUtil createChildDirectoriesOfBasePath
정보: the new child relative direcotry[D:\gitsinnori\sinnori\project\sample_test][log/servlet] was created successfully
4월 11, 2018 6:00:28 오후 kr.pe.sinnori.common.buildsystem.ProjectBuilder createCommonChildDirectories
정보: main project[sample_test]'s common child direcotry creation task end
4월 11, 2018 6:00:28 오후 kr.pe.sinnori.common.buildsystem.ProjectBuilder createServerBuildChildDirectories
정보: main project[sample_test]'s server child direcotry creation task start
4월 11, 2018 6:00:28 오후 kr.pe.sinnori.common.util.CommonStaticUtil createChildDirectoriesOfBasePath
정보: the new child relative direcotry[D:\gitsinnori\sinnori\project\sample_test][server_build/APP-INF/classes] was created successfully
4월 11, 2018 6:00:28 오후 kr.pe.sinnori.common.util.CommonStaticUtil createChildDirectoriesOfBasePath
정보: the new child relative direcotry[D:\gitsinnori\sinnori\project\sample_test][server_build/corelib/ex] was created successfully
4월 11, 2018 6:00:28 오후 kr.pe.sinnori.common.util.CommonStaticUtil createChildDirectoriesOfBasePath
정보: the new child relative direcotry[D:\gitsinnori\sinnori\project\sample_test][server_build/corelib/in] was created successfully
4월 11, 2018 6:00:28 오후 kr.pe.sinnori.common.util.CommonStaticUtil createChildDirectoriesOfBasePath
정보: the new child relative direcotry[D:\gitsinnori\sinnori\project\sample_test][server_build/lib/main/ex] was created successfully
4월 11, 2018 6:00:28 오후 kr.pe.sinnori.common.util.CommonStaticUtil createChildDirectoriesOfBasePath
정보: the new child relative direcotry[D:\gitsinnori\sinnori\project\sample_test][server_build/lib/main/in] was created successfully
4월 11, 2018 6:00:28 오후 kr.pe.sinnori.common.util.CommonStaticUtil createChildDirectoriesOfBasePath
정보: the new child relative direcotry[D:\gitsinnori\sinnori\project\sample_test][server_build/lib/test] was created successfully
4월 11, 2018 6:00:28 오후 kr.pe.sinnori.common.util.CommonStaticUtil createChildDirectoriesOfBasePath
정보: the new child relative direcotry[D:\gitsinnori\sinnori\project\sample_test][server_build/src/main/java/kr/pe/sinnori/impl/servertask] was created successfully
4월 11, 2018 6:00:28 오후 kr.pe.sinnori.common.util.CommonStaticUtil createChildDirectoriesOfBasePath
정보: the new child relative direcotry[D:\gitsinnori\sinnori\project\sample_test][server_build/src/main/java/kr/pe/sinnori/impl/message] was created successfully
4월 11, 2018 6:00:28 오후 kr.pe.sinnori.common.util.CommonStaticUtil createChildDirectoriesOfBasePath
정보: the new child relative direcotry[D:\gitsinnori\sinnori\project\sample_test][server_build/src/main/java/main] was created successfully
4월 11, 2018 6:00:28 오후 kr.pe.sinnori.common.util.CommonStaticUtil createChildDirectoriesOfBasePath
정보: the new child relative direcotry[D:\gitsinnori\sinnori\project\sample_test][server_build/src/test/java] was created successfully
4월 11, 2018 6:00:28 오후 kr.pe.sinnori.common.util.CommonStaticUtil createChildDirectoriesOfBasePath
정보: the new child relative direcotry[D:\gitsinnori\sinnori\project\sample_test][server_build/build] was created successfully
4월 11, 2018 6:00:28 오후 kr.pe.sinnori.common.util.CommonStaticUtil createChildDirectoriesOfBasePath
정보: the new child relative direcotry[D:\gitsinnori\sinnori\project\sample_test][server_build/dist] was created successfully
4월 11, 2018 6:00:28 오후 kr.pe.sinnori.common.buildsystem.ProjectBuilder createServerBuildChildDirectories
정보: main project[sample_test]'s server child direcotry creation task end
4월 11, 2018 6:00:28 오후 kr.pe.sinnori.common.buildsystem.ProjectBuilder createAppBuildChildDirectories
정보: main project[sample_test]'s application build child direcotry creation task start
4월 11, 2018 6:00:28 오후 kr.pe.sinnori.common.util.CommonStaticUtil createChildDirectoriesOfBasePath
정보: the new child relative direcotry[D:\gitsinnori\sinnori\project\sample_test][client_build/app_build/corelib/ex] was created successfully
4월 11, 2018 6:00:28 오후 kr.pe.sinnori.common.util.CommonStaticUtil createChildDirectoriesOfBasePath
정보: the new child relative direcotry[D:\gitsinnori\sinnori\project\sample_test][client_build/app_build/corelib/in] was created successfully
4월 11, 2018 6:00:28 오후 kr.pe.sinnori.common.util.CommonStaticUtil createChildDirectoriesOfBasePath
정보: the new child relative direcotry[D:\gitsinnori\sinnori\project\sample_test][client_build/app_build/lib/main/ex] was created successfully
4월 11, 2018 6:00:28 오후 kr.pe.sinnori.common.util.CommonStaticUtil createChildDirectoriesOfBasePath
정보: the new child relative direcotry[D:\gitsinnori\sinnori\project\sample_test][client_build/app_build/lib/main/in] was created successfully
4월 11, 2018 6:00:28 오후 kr.pe.sinnori.common.util.CommonStaticUtil createChildDirectoriesOfBasePath
정보: the new child relative direcotry[D:\gitsinnori\sinnori\project\sample_test][client_build/app_build/lib/test] was created successfully
4월 11, 2018 6:00:28 오후 kr.pe.sinnori.common.util.CommonStaticUtil createChildDirectoriesOfBasePath
정보: the new child relative direcotry[D:\gitsinnori\sinnori\project\sample_test][client_build/app_build/src/main/java/kr/pe/sinnori/impl/message] was created successfully
4월 11, 2018 6:00:28 오후 kr.pe.sinnori.common.util.CommonStaticUtil createChildDirectoriesOfBasePath
정보: the new child relative direcotry[D:\gitsinnori\sinnori\project\sample_test][client_build/app_build/src/main/java/main] was created successfully
4월 11, 2018 6:00:28 오후 kr.pe.sinnori.common.util.CommonStaticUtil createChildDirectoriesOfBasePath
정보: the new child relative direcotry[D:\gitsinnori\sinnori\project\sample_test][client_build/app_build/src/test/java] was created successfully
4월 11, 2018 6:00:28 오후 kr.pe.sinnori.common.util.CommonStaticUtil createChildDirectoriesOfBasePath
정보: the new child relative direcotry[D:\gitsinnori\sinnori\project\sample_test][client_build/app_build/build] was created successfully
4월 11, 2018 6:00:28 오후 kr.pe.sinnori.common.util.CommonStaticUtil createChildDirectoriesOfBasePath
정보: the new child relative direcotry[D:\gitsinnori\sinnori\project\sample_test][client_build/app_build/dist] was created successfully
4월 11, 2018 6:00:28 오후 kr.pe.sinnori.common.buildsystem.ProjectBuilder createAppBuildChildDirectories
정보: main project[sample_test]'s application build child direcotry creation task end
4월 11, 2018 6:00:28 오후 kr.pe.sinnori.common.buildsystem.ProjectBuilder createChildDirectories
정보: main project[sample_test]'s child direcotry creation task end
4월 11, 2018 6:00:28 오후 kr.pe.sinnori.common.buildsystem.ProjectBuilder createFiles
정보: main project[sample_test]'s file creation task start
4월 11, 2018 6:00:28 오후 kr.pe.sinnori.common.buildsystem.ProjectBuilder createNewSinnoriConfigFile
정보: main project[sample_test]'s config file creation task start
4월 11, 2018 6:00:28 오후 kr.pe.sinnori.common.util.SequencedPropertiesUtil createNewSequencedPropertiesFile
정보: the sequenced properties file[D:\gitsinnori\sinnori\project\sample_test\config\sinnori.properties] was created
4월 11, 2018 6:00:28 오후 kr.pe.sinnori.common.buildsystem.ProjectBuilder createNewSinnoriConfigFile
정보: main project[sample_test]'s config file creation task end
4월 11, 2018 6:00:28 오후 kr.pe.sinnori.common.buildsystem.ProjectBuilder copySampleFilesToResoruces
정보: the mainproject[sample_test]'s resources directory copy task start
4월 11, 2018 6:00:28 오후 kr.pe.sinnori.common.buildsystem.ProjectBuilder copySampleFilesToResoruces
정보: the mainproject[sample_test]'s resources directory copy task end
4월 11, 2018 6:00:28 오후 kr.pe.sinnori.common.buildsystem.ProjectBuilder createServerBuildSystemFiles
정보: server build system files creation task start
4월 11, 2018 6:00:28 오후 kr.pe.sinnori.common.buildsystem.ProjectBuilder createNewServerAntBuildXMLFile
정보: main project[sample_test]'s server ant build.xml file creation task start
4월 11, 2018 6:00:28 오후 kr.pe.sinnori.common.buildsystem.ProjectBuilder createNewServerAntBuildXMLFile
정보: main project[sample_test]'s server ant build.xml file creation task end
4월 11, 2018 6:00:28 오후 kr.pe.sinnori.common.buildsystem.ProjectBuilder createNewServerDosShellFile
정보: main project[sample_test]'s server dos shell file creation task start
4월 11, 2018 6:00:28 오후 kr.pe.sinnori.common.buildsystem.ProjectBuilder createNewServerDosShellFile
정보: main project[sample_test]'s server dos shell file creation task end
4월 11, 2018 6:00:28 오후 kr.pe.sinnori.common.buildsystem.ProjectBuilder createNewServerUnixShellFile
정보: main project[sample_test]'s server unix shell file creation task start
4월 11, 2018 6:00:28 오후 kr.pe.sinnori.common.buildsystem.ProjectBuilder createNewServerUnixShellFile
정보: main project[sample_test]'s server unix shell file creation task end
4월 11, 2018 6:00:28 오후 kr.pe.sinnori.common.buildsystem.ProjectBuilder copyServerSampleFiles
정보: server sample source files copy task start
4월 11, 2018 6:00:28 오후 kr.pe.sinnori.common.buildsystem.ProjectBuilder copyServerSampleFiles
정보: server sample source files copy task end
4월 11, 2018 6:00:28 오후 kr.pe.sinnori.common.buildsystem.ProjectBuilder createServerMessageIOFileSet
정보: main project[sample_test]'s server message io file set creation task start
4월 11, 2018 6:00:28 오후 kr.pe.sinnori.common.util.CommonStaticUtil createChildDirectoriesOfBasePath
정보: the new child relative direcotry[D:\gitsinnori\sinnori\project\sample_test\server_build\src\main\java\kr\pe\sinnori\impl\message][Echo] was created successfully
4월 11, 2018 6:00:28 오후 kr.pe.sinnori.common.buildsystem.ProjectBuilder createNewMessageSourceFile
정보: main project[sample_test]'s message file[Echo][D:\gitsinnori\sinnori\project\sample_test\server_build\src\main\java\kr\pe\sinnori\impl\message] creation task start
4월 11, 2018 6:00:28 오후 kr.pe.sinnori.common.buildsystem.ProjectBuilder createNewMessageSourceFile
정보: main project[sample_test]'s message file[Echo][D:\gitsinnori\sinnori\project\sample_test\server_build\src\main\java\kr\pe\sinnori\impl\message] creation task end
4월 11, 2018 6:00:28 오후 kr.pe.sinnori.common.buildsystem.ProjectBuilder createNewDecoderSourceFile
정보: main project[sample_test]'s message decoder file[Echo][D:\gitsinnori\sinnori\project\sample_test\server_build\src\main\java\kr\pe\sinnori\impl\message] creation task start
4월 11, 2018 6:00:28 오후 kr.pe.sinnori.common.buildsystem.ProjectBuilder createNewDecoderSourceFile
정보: main project[sample_test]'s message decoder file[Echo][D:\gitsinnori\sinnori\project\sample_test\server_build\src\main\java\kr\pe\sinnori\impl\message] creation task end
4월 11, 2018 6:00:28 오후 kr.pe.sinnori.common.buildsystem.ProjectBuilder createNewEncoderSourceFile
정보: main project[sample_test]'s message encoder file[Echo][D:\gitsinnori\sinnori\project\sample_test\server_build\src\main\java\kr\pe\sinnori\impl\message] creation task start
4월 11, 2018 6:00:28 오후 kr.pe.sinnori.common.buildsystem.ProjectBuilder createNewEncoderSourceFile
정보: main project[sample_test]'s message encoder file[Echo][D:\gitsinnori\sinnori\project\sample_test\server_build\src\main\java\kr\pe\sinnori\impl\message] creation task end
4월 11, 2018 6:00:28 오후 kr.pe.sinnori.common.buildsystem.ProjectBuilder createNewServerCodecSourceFile
정보: main project[sample_test]'s message server codec file[Echo][D:\gitsinnori\sinnori\project\sample_test\server_build\src\main\java\kr\pe\sinnori\impl\message] creation task start
4월 11, 2018 6:00:28 오후 kr.pe.sinnori.common.buildsystem.ProjectBuilder createNewServerCodecSourceFile
정보: main project[sample_test]'s message server codec file[Echo][D:\gitsinnori\sinnori\project\sample_test\server_build\src\main\java\kr\pe\sinnori\impl\message] creation task end
4월 11, 2018 6:00:28 오후 kr.pe.sinnori.common.buildsystem.ProjectBuilder createNewClientCodecSourceFile
정보: main project[sample_test]'s message client codec file[Echo][D:\gitsinnori\sinnori\project\sample_test\server_build\src\main\java\kr\pe\sinnori\impl\message] creation task start
4월 11, 2018 6:00:28 오후 kr.pe.sinnori.common.buildsystem.ProjectBuilder createNewClientCodecSourceFile
정보: main project[sample_test]'s message client codec file[Echo][D:\gitsinnori\sinnori\project\sample_test\server_build\src\main\java\kr\pe\sinnori\impl\message] creation task end
4월 11, 2018 6:00:28 오후 kr.pe.sinnori.common.util.CommonStaticUtil createChildDirectoriesOfBasePath
정보: the new child relative direcotry[D:\gitsinnori\sinnori\project\sample_test\server_build\src\main\java\kr\pe\sinnori\impl\message][PublicKeyReq] was created successfully
4월 11, 2018 6:00:28 오후 kr.pe.sinnori.common.buildsystem.ProjectBuilder createNewMessageSourceFile
정보: main project[sample_test]'s message file[PublicKeyReq][D:\gitsinnori\sinnori\project\sample_test\server_build\src\main\java\kr\pe\sinnori\impl\message] creation task start
4월 11, 2018 6:00:28 오후 kr.pe.sinnori.common.buildsystem.ProjectBuilder createNewMessageSourceFile
정보: main project[sample_test]'s message file[PublicKeyReq][D:\gitsinnori\sinnori\project\sample_test\server_build\src\main\java\kr\pe\sinnori\impl\message] creation task end
4월 11, 2018 6:00:28 오후 kr.pe.sinnori.common.buildsystem.ProjectBuilder createNewDecoderSourceFile
정보: main project[sample_test]'s message decoder file[PublicKeyReq][D:\gitsinnori\sinnori\project\sample_test\server_build\src\main\java\kr\pe\sinnori\impl\message] creation task start
4월 11, 2018 6:00:28 오후 kr.pe.sinnori.common.buildsystem.ProjectBuilder createNewDecoderSourceFile
정보: main project[sample_test]'s message decoder file[PublicKeyReq][D:\gitsinnori\sinnori\project\sample_test\server_build\src\main\java\kr\pe\sinnori\impl\message] creation task end
4월 11, 2018 6:00:28 오후 kr.pe.sinnori.common.buildsystem.ProjectBuilder createNewEncoderSourceFile
정보: main project[sample_test]'s message encoder file[PublicKeyReq][D:\gitsinnori\sinnori\project\sample_test\server_build\src\main\java\kr\pe\sinnori\impl\message] creation task start
4월 11, 2018 6:00:28 오후 kr.pe.sinnori.common.buildsystem.ProjectBuilder createNewEncoderSourceFile
정보: main project[sample_test]'s message encoder file[PublicKeyReq][D:\gitsinnori\sinnori\project\sample_test\server_build\src\main\java\kr\pe\sinnori\impl\message] creation task end
4월 11, 2018 6:00:28 오후 kr.pe.sinnori.common.buildsystem.ProjectBuilder createNewServerCodecSourceFile
정보: main project[sample_test]'s message server codec file[PublicKeyReq][D:\gitsinnori\sinnori\project\sample_test\server_build\src\main\java\kr\pe\sinnori\impl\message] creation task start
4월 11, 2018 6:00:28 오후 kr.pe.sinnori.common.buildsystem.ProjectBuilder createNewServerCodecSourceFile
정보: main project[sample_test]'s message server codec file[PublicKeyReq][D:\gitsinnori\sinnori\project\sample_test\server_build\src\main\java\kr\pe\sinnori\impl\message] creation task end
4월 11, 2018 6:00:28 오후 kr.pe.sinnori.common.buildsystem.ProjectBuilder createNewClientCodecSourceFile
정보: main project[sample_test]'s message client codec file[PublicKeyReq][D:\gitsinnori\sinnori\project\sample_test\server_build\src\main\java\kr\pe\sinnori\impl\message] creation task start
4월 11, 2018 6:00:28 오후 kr.pe.sinnori.common.buildsystem.ProjectBuilder createNewClientCodecSourceFile
정보: main project[sample_test]'s message client codec file[PublicKeyReq][D:\gitsinnori\sinnori\project\sample_test\server_build\src\main\java\kr\pe\sinnori\impl\message] creation task end
4월 11, 2018 6:00:28 오후 kr.pe.sinnori.common.util.CommonStaticUtil createChildDirectoriesOfBasePath
정보: the new child relative direcotry[D:\gitsinnori\sinnori\project\sample_test\server_build\src\main\java\kr\pe\sinnori\impl\message][PublicKeyRes] was created successfully
4월 11, 2018 6:00:28 오후 kr.pe.sinnori.common.buildsystem.ProjectBuilder createNewMessageSourceFile
정보: main project[sample_test]'s message file[PublicKeyRes][D:\gitsinnori\sinnori\project\sample_test\server_build\src\main\java\kr\pe\sinnori\impl\message] creation task start
4월 11, 2018 6:00:28 오후 kr.pe.sinnori.common.buildsystem.ProjectBuilder createNewMessageSourceFile
정보: main project[sample_test]'s message file[PublicKeyRes][D:\gitsinnori\sinnori\project\sample_test\server_build\src\main\java\kr\pe\sinnori\impl\message] creation task end
4월 11, 2018 6:00:28 오후 kr.pe.sinnori.common.buildsystem.ProjectBuilder createNewDecoderSourceFile
정보: main project[sample_test]'s message decoder file[PublicKeyRes][D:\gitsinnori\sinnori\project\sample_test\server_build\src\main\java\kr\pe\sinnori\impl\message] creation task start
4월 11, 2018 6:00:28 오후 kr.pe.sinnori.common.buildsystem.ProjectBuilder createNewDecoderSourceFile
정보: main project[sample_test]'s message decoder file[PublicKeyRes][D:\gitsinnori\sinnori\project\sample_test\server_build\src\main\java\kr\pe\sinnori\impl\message] creation task end
4월 11, 2018 6:00:28 오후 kr.pe.sinnori.common.buildsystem.ProjectBuilder createNewEncoderSourceFile
정보: main project[sample_test]'s message encoder file[PublicKeyRes][D:\gitsinnori\sinnori\project\sample_test\server_build\src\main\java\kr\pe\sinnori\impl\message] creation task start
4월 11, 2018 6:00:28 오후 kr.pe.sinnori.common.buildsystem.ProjectBuilder createNewEncoderSourceFile
정보: main project[sample_test]'s message encoder file[PublicKeyRes][D:\gitsinnori\sinnori\project\sample_test\server_build\src\main\java\kr\pe\sinnori\impl\message] creation task end
4월 11, 2018 6:00:28 오후 kr.pe.sinnori.common.buildsystem.ProjectBuilder createNewServerCodecSourceFile
정보: main project[sample_test]'s message server codec file[PublicKeyRes][D:\gitsinnori\sinnori\project\sample_test\server_build\src\main\java\kr\pe\sinnori\impl\message] creation task start
4월 11, 2018 6:00:29 오후 kr.pe.sinnori.common.buildsystem.ProjectBuilder createNewServerCodecSourceFile
정보: main project[sample_test]'s message server codec file[PublicKeyRes][D:\gitsinnori\sinnori\project\sample_test\server_build\src\main\java\kr\pe\sinnori\impl\message] creation task end
4월 11, 2018 6:00:29 오후 kr.pe.sinnori.common.buildsystem.ProjectBuilder createNewClientCodecSourceFile
정보: main project[sample_test]'s message client codec file[PublicKeyRes][D:\gitsinnori\sinnori\project\sample_test\server_build\src\main\java\kr\pe\sinnori\impl\message] creation task start
4월 11, 2018 6:00:29 오후 kr.pe.sinnori.common.buildsystem.ProjectBuilder createNewClientCodecSourceFile
정보: main project[sample_test]'s message client codec file[PublicKeyRes][D:\gitsinnori\sinnori\project\sample_test\server_build\src\main\java\kr\pe\sinnori\impl\message] creation task end
4월 11, 2018 6:00:29 오후 kr.pe.sinnori.common.buildsystem.ProjectBuilder createServerMessageIOFileSet
정보: main project[sample_test]'s server message io file set creation task end
4월 11, 2018 6:00:29 오후 kr.pe.sinnori.common.buildsystem.ProjectBuilder createServerBuildSystemFiles
정보: server build system files creation task end
4월 11, 2018 6:00:29 오후 kr.pe.sinnori.common.buildsystem.ProjectBuilder createAppClientBuildSystemFiles
정보: mainproject[sample_test]'s application client build system files creation task start
4월 11, 2018 6:00:29 오후 kr.pe.sinnori.common.buildsystem.ProjectBuilder createNewAppClientAntBuildXMLFile
정보: main project[sample_test]'s application client ant build.xml file creation task start
4월 11, 2018 6:00:29 오후 kr.pe.sinnori.common.buildsystem.ProjectBuilder createNewAppClientAntBuildXMLFile
정보: main project[sample_test]'s application client ant build.xml file creation task end
4월 11, 2018 6:00:29 오후 kr.pe.sinnori.common.buildsystem.ProjectBuilder createNewAppClientDosShellFile
정보: main project[sample_test]'s application client dos shell file creation task start
4월 11, 2018 6:00:29 오후 kr.pe.sinnori.common.buildsystem.ProjectBuilder createNewAppClientDosShellFile
정보: main project[sample_test]'s application client dos shell file creation task end
4월 11, 2018 6:00:29 오후 kr.pe.sinnori.common.buildsystem.ProjectBuilder createNewAppClientUnixShellFile
정보: main project[sample_test]'s application client unix shell file creation task start
4월 11, 2018 6:00:29 오후 kr.pe.sinnori.common.buildsystem.ProjectBuilder createNewAppClientUnixShellFile
정보: main project[sample_test]'s application client unix shell file creation task end
4월 11, 2018 6:00:29 오후 kr.pe.sinnori.common.buildsystem.ProjectBuilder copyAppClientSampleFiles
정보: application client sample source files copy task start
4월 11, 2018 6:00:29 오후 kr.pe.sinnori.common.buildsystem.ProjectBuilder copyAppClientSampleFiles
정보: application client sample source files copy task end
4월 11, 2018 6:00:29 오후 kr.pe.sinnori.common.buildsystem.ProjectBuilder createNewAppClientAllMessageIOFileSet
정보: main project[sample_test]'s application client message io file set creation task start
4월 11, 2018 6:00:29 오후 kr.pe.sinnori.common.util.CommonStaticUtil createChildDirectoriesOfBasePath
정보: the new child relative direcotry[D:\gitsinnori\sinnori\project\sample_test\client_build\app_build\src\main\java\kr\pe\sinnori\impl\message][Echo] was created successfully
4월 11, 2018 6:00:29 오후 kr.pe.sinnori.common.buildsystem.ProjectBuilder createNewMessageSourceFile
정보: main project[sample_test]'s message file[Echo][D:\gitsinnori\sinnori\project\sample_test\client_build\app_build\src\main\java\kr\pe\sinnori\impl\message] creation task start
4월 11, 2018 6:00:29 오후 kr.pe.sinnori.common.buildsystem.ProjectBuilder createNewMessageSourceFile
정보: main project[sample_test]'s message file[Echo][D:\gitsinnori\sinnori\project\sample_test\client_build\app_build\src\main\java\kr\pe\sinnori\impl\message] creation task end
4월 11, 2018 6:00:29 오후 kr.pe.sinnori.common.buildsystem.ProjectBuilder createNewDecoderSourceFile
정보: main project[sample_test]'s message decoder file[Echo][D:\gitsinnori\sinnori\project\sample_test\client_build\app_build\src\main\java\kr\pe\sinnori\impl\message] creation task start
4월 11, 2018 6:00:29 오후 kr.pe.sinnori.common.buildsystem.ProjectBuilder createNewDecoderSourceFile
정보: main project[sample_test]'s message decoder file[Echo][D:\gitsinnori\sinnori\project\sample_test\client_build\app_build\src\main\java\kr\pe\sinnori\impl\message] creation task end
4월 11, 2018 6:00:29 오후 kr.pe.sinnori.common.buildsystem.ProjectBuilder createNewEncoderSourceFile
정보: main project[sample_test]'s message encoder file[Echo][D:\gitsinnori\sinnori\project\sample_test\client_build\app_build\src\main\java\kr\pe\sinnori\impl\message] creation task start
4월 11, 2018 6:00:29 오후 kr.pe.sinnori.common.buildsystem.ProjectBuilder createNewEncoderSourceFile
정보: main project[sample_test]'s message encoder file[Echo][D:\gitsinnori\sinnori\project\sample_test\client_build\app_build\src\main\java\kr\pe\sinnori\impl\message] creation task end
4월 11, 2018 6:00:29 오후 kr.pe.sinnori.common.buildsystem.ProjectBuilder createNewServerCodecSourceFile
정보: main project[sample_test]'s message server codec file[Echo][D:\gitsinnori\sinnori\project\sample_test\client_build\app_build\src\main\java\kr\pe\sinnori\impl\message] creation task start
4월 11, 2018 6:00:29 오후 kr.pe.sinnori.common.buildsystem.ProjectBuilder createNewServerCodecSourceFile
정보: main project[sample_test]'s message server codec file[Echo][D:\gitsinnori\sinnori\project\sample_test\client_build\app_build\src\main\java\kr\pe\sinnori\impl\message] creation task end
4월 11, 2018 6:00:29 오후 kr.pe.sinnori.common.buildsystem.ProjectBuilder createNewClientCodecSourceFile
정보: main project[sample_test]'s message client codec file[Echo][D:\gitsinnori\sinnori\project\sample_test\client_build\app_build\src\main\java\kr\pe\sinnori\impl\message] creation task start
4월 11, 2018 6:00:29 오후 kr.pe.sinnori.common.buildsystem.ProjectBuilder createNewClientCodecSourceFile
정보: main project[sample_test]'s message client codec file[Echo][D:\gitsinnori\sinnori\project\sample_test\client_build\app_build\src\main\java\kr\pe\sinnori\impl\message] creation task end
4월 11, 2018 6:00:29 오후 kr.pe.sinnori.common.util.CommonStaticUtil createChildDirectoriesOfBasePath
정보: the new child relative direcotry[D:\gitsinnori\sinnori\project\sample_test\client_build\app_build\src\main\java\kr\pe\sinnori\impl\message][PublicKeyReq] was created successfully
4월 11, 2018 6:00:29 오후 kr.pe.sinnori.common.buildsystem.ProjectBuilder createNewMessageSourceFile
정보: main project[sample_test]'s message file[PublicKeyReq][D:\gitsinnori\sinnori\project\sample_test\client_build\app_build\src\main\java\kr\pe\sinnori\impl\message] creation task start
4월 11, 2018 6:00:29 오후 kr.pe.sinnori.common.buildsystem.ProjectBuilder createNewMessageSourceFile
정보: main project[sample_test]'s message file[PublicKeyReq][D:\gitsinnori\sinnori\project\sample_test\client_build\app_build\src\main\java\kr\pe\sinnori\impl\message] creation task end
4월 11, 2018 6:00:29 오후 kr.pe.sinnori.common.buildsystem.ProjectBuilder createNewDecoderSourceFile
정보: main project[sample_test]'s message decoder file[PublicKeyReq][D:\gitsinnori\sinnori\project\sample_test\client_build\app_build\src\main\java\kr\pe\sinnori\impl\message] creation task start
4월 11, 2018 6:00:29 오후 kr.pe.sinnori.common.buildsystem.ProjectBuilder createNewDecoderSourceFile
정보: main project[sample_test]'s message decoder file[PublicKeyReq][D:\gitsinnori\sinnori\project\sample_test\client_build\app_build\src\main\java\kr\pe\sinnori\impl\message] creation task end
4월 11, 2018 6:00:29 오후 kr.pe.sinnori.common.buildsystem.ProjectBuilder createNewEncoderSourceFile
정보: main project[sample_test]'s message encoder file[PublicKeyReq][D:\gitsinnori\sinnori\project\sample_test\client_build\app_build\src\main\java\kr\pe\sinnori\impl\message] creation task start
4월 11, 2018 6:00:29 오후 kr.pe.sinnori.common.buildsystem.ProjectBuilder createNewEncoderSourceFile
정보: main project[sample_test]'s message encoder file[PublicKeyReq][D:\gitsinnori\sinnori\project\sample_test\client_build\app_build\src\main\java\kr\pe\sinnori\impl\message] creation task end
4월 11, 2018 6:00:29 오후 kr.pe.sinnori.common.buildsystem.ProjectBuilder createNewServerCodecSourceFile
정보: main project[sample_test]'s message server codec file[PublicKeyReq][D:\gitsinnori\sinnori\project\sample_test\client_build\app_build\src\main\java\kr\pe\sinnori\impl\message] creation task start
4월 11, 2018 6:00:29 오후 kr.pe.sinnori.common.buildsystem.ProjectBuilder createNewServerCodecSourceFile
정보: main project[sample_test]'s message server codec file[PublicKeyReq][D:\gitsinnori\sinnori\project\sample_test\client_build\app_build\src\main\java\kr\pe\sinnori\impl\message] creation task end
4월 11, 2018 6:00:29 오후 kr.pe.sinnori.common.buildsystem.ProjectBuilder createNewClientCodecSourceFile
정보: main project[sample_test]'s message client codec file[PublicKeyReq][D:\gitsinnori\sinnori\project\sample_test\client_build\app_build\src\main\java\kr\pe\sinnori\impl\message] creation task start
4월 11, 2018 6:00:29 오후 kr.pe.sinnori.common.buildsystem.ProjectBuilder createNewClientCodecSourceFile
정보: main project[sample_test]'s message client codec file[PublicKeyReq][D:\gitsinnori\sinnori\project\sample_test\client_build\app_build\src\main\java\kr\pe\sinnori\impl\message] creation task end
4월 11, 2018 6:00:29 오후 kr.pe.sinnori.common.util.CommonStaticUtil createChildDirectoriesOfBasePath
정보: the new child relative direcotry[D:\gitsinnori\sinnori\project\sample_test\client_build\app_build\src\main\java\kr\pe\sinnori\impl\message][PublicKeyRes] was created successfully
4월 11, 2018 6:00:29 오후 kr.pe.sinnori.common.buildsystem.ProjectBuilder createNewMessageSourceFile
정보: main project[sample_test]'s message file[PublicKeyRes][D:\gitsinnori\sinnori\project\sample_test\client_build\app_build\src\main\java\kr\pe\sinnori\impl\message] creation task start
4월 11, 2018 6:00:29 오후 kr.pe.sinnori.common.buildsystem.ProjectBuilder createNewMessageSourceFile
정보: main project[sample_test]'s message file[PublicKeyRes][D:\gitsinnori\sinnori\project\sample_test\client_build\app_build\src\main\java\kr\pe\sinnori\impl\message] creation task end
4월 11, 2018 6:00:29 오후 kr.pe.sinnori.common.buildsystem.ProjectBuilder createNewDecoderSourceFile
정보: main project[sample_test]'s message decoder file[PublicKeyRes][D:\gitsinnori\sinnori\project\sample_test\client_build\app_build\src\main\java\kr\pe\sinnori\impl\message] creation task start
4월 11, 2018 6:00:29 오후 kr.pe.sinnori.common.buildsystem.ProjectBuilder createNewDecoderSourceFile
정보: main project[sample_test]'s message decoder file[PublicKeyRes][D:\gitsinnori\sinnori\project\sample_test\client_build\app_build\src\main\java\kr\pe\sinnori\impl\message] creation task end
4월 11, 2018 6:00:29 오후 kr.pe.sinnori.common.buildsystem.ProjectBuilder createNewEncoderSourceFile
정보: main project[sample_test]'s message encoder file[PublicKeyRes][D:\gitsinnori\sinnori\project\sample_test\client_build\app_build\src\main\java\kr\pe\sinnori\impl\message] creation task start
4월 11, 2018 6:00:29 오후 kr.pe.sinnori.common.buildsystem.ProjectBuilder createNewEncoderSourceFile
정보: main project[sample_test]'s message encoder file[PublicKeyRes][D:\gitsinnori\sinnori\project\sample_test\client_build\app_build\src\main\java\kr\pe\sinnori\impl\message] creation task end
4월 11, 2018 6:00:29 오후 kr.pe.sinnori.common.buildsystem.ProjectBuilder createNewServerCodecSourceFile
정보: main project[sample_test]'s message server codec file[PublicKeyRes][D:\gitsinnori\sinnori\project\sample_test\client_build\app_build\src\main\java\kr\pe\sinnori\impl\message] creation task start
4월 11, 2018 6:00:29 오후 kr.pe.sinnori.common.buildsystem.ProjectBuilder createNewServerCodecSourceFile
정보: main project[sample_test]'s message server codec file[PublicKeyRes][D:\gitsinnori\sinnori\project\sample_test\client_build\app_build\src\main\java\kr\pe\sinnori\impl\message] creation task end
4월 11, 2018 6:00:29 오후 kr.pe.sinnori.common.buildsystem.ProjectBuilder createNewClientCodecSourceFile
정보: main project[sample_test]'s message client codec file[PublicKeyRes][D:\gitsinnori\sinnori\project\sample_test\client_build\app_build\src\main\java\kr\pe\sinnori\impl\message] creation task start
4월 11, 2018 6:00:29 오후 kr.pe.sinnori.common.buildsystem.ProjectBuilder createNewClientCodecSourceFile
정보: main project[sample_test]'s message client codec file[PublicKeyRes][D:\gitsinnori\sinnori\project\sample_test\client_build\app_build\src\main\java\kr\pe\sinnori\impl\message] creation task end
4월 11, 2018 6:00:29 오후 kr.pe.sinnori.common.buildsystem.ProjectBuilder createNewAppClientAllMessageIOFileSet
정보: main project[sample_test]'s application client message io file set creation task end
4월 11, 2018 6:00:29 오후 kr.pe.sinnori.common.buildsystem.ProjectBuilder createAppClientBuildSystemFiles
정보: mainproject[sample_test]'s application client build system files creation task end
4월 11, 2018 6:00:29 오후 kr.pe.sinnori.common.buildsystem.ProjectBuilder createFiles
정보: main project[sample_test]'s file creation task end
4월 11, 2018 6:00:29 오후 kr.pe.sinnori.common.buildsystem.ProjectBuilder isValidWebClientAntBuildXMLFile
정보: the web client ant build.xml file[D:\gitsinnori\sinnori\project\sample_test\client_build\web_build\build.xml] is bad :: whetherExist[false] isFile[false]
4월 11, 2018 6:00:29 오후 kr.pe.sinnori.common.config.SinnoriConfiguration convertSinnoriConfigSequencedPropertiesToAllPartItemsWithValidation
정보: item key[sessionkey.rsa.publickey.file.value]'s value is null because its status is inactive
4월 11, 2018 6:00:29 오후 kr.pe.sinnori.common.config.SinnoriConfiguration convertSinnoriConfigSequencedPropertiesToAllPartItemsWithValidation
정보: item key[sessionkey.rsa.privatekey.file.value]'s value is null because its status is inactive
4월 11, 2018 6:00:29 오후 kr.pe.sinnori.common.buildsystem.ProjectBuilder createChildDirectories
정보: main project[sample_test]'s child direcotry creation task start
4월 11, 2018 6:00:29 오후 kr.pe.sinnori.common.buildsystem.ProjectBuilder createCommonChildDirectories
정보: main project[sample_test]'s common child direcotry creation task start
4월 11, 2018 6:00:29 오후 kr.pe.sinnori.common.util.CommonStaticUtil createChildDirectoriesOfBasePath
정보: the new child relative direcotry[D:\gitsinnori\sinnori\project\sample_test][config] was created successfully
4월 11, 2018 6:00:29 오후 kr.pe.sinnori.common.util.CommonStaticUtil createChildDirectoriesOfBasePath
정보: the new child relative direcotry[D:\gitsinnori\sinnori\project\sample_test][resources/dbcp] was created successfully
4월 11, 2018 6:00:29 오후 kr.pe.sinnori.common.util.CommonStaticUtil createChildDirectoriesOfBasePath
정보: the new child relative direcotry[D:\gitsinnori\sinnori\project\sample_test][resources/message_info] was created successfully
4월 11, 2018 6:00:29 오후 kr.pe.sinnori.common.util.CommonStaticUtil createChildDirectoriesOfBasePath
정보: the new child relative direcotry[D:\gitsinnori\sinnori\project\sample_test][resources/rsa_keypair] was created successfully
4월 11, 2018 6:00:29 오후 kr.pe.sinnori.common.util.CommonStaticUtil createChildDirectoriesOfBasePath
정보: the new child relative direcotry[D:\gitsinnori\sinnori\project\sample_test][log/apache] was created successfully
4월 11, 2018 6:00:29 오후 kr.pe.sinnori.common.util.CommonStaticUtil createChildDirectoriesOfBasePath
정보: the new child relative direcotry[D:\gitsinnori\sinnori\project\sample_test][log/client] was created successfully
4월 11, 2018 6:00:29 오후 kr.pe.sinnori.common.util.CommonStaticUtil createChildDirectoriesOfBasePath
정보: the new child relative direcotry[D:\gitsinnori\sinnori\project\sample_test][log/server] was created successfully
4월 11, 2018 6:00:29 오후 kr.pe.sinnori.common.util.CommonStaticUtil createChildDirectoriesOfBasePath
정보: the new child relative direcotry[D:\gitsinnori\sinnori\project\sample_test][log/servlet] was created successfully
4월 11, 2018 6:00:29 오후 kr.pe.sinnori.common.buildsystem.ProjectBuilder createCommonChildDirectories
정보: main project[sample_test]'s common child direcotry creation task end
4월 11, 2018 6:00:29 오후 kr.pe.sinnori.common.buildsystem.ProjectBuilder createServerBuildChildDirectories
정보: main project[sample_test]'s server child direcotry creation task start
4월 11, 2018 6:00:29 오후 kr.pe.sinnori.common.util.CommonStaticUtil createChildDirectoriesOfBasePath
정보: the new child relative direcotry[D:\gitsinnori\sinnori\project\sample_test][server_build/APP-INF/classes] was created successfully
4월 11, 2018 6:00:29 오후 kr.pe.sinnori.common.util.CommonStaticUtil createChildDirectoriesOfBasePath
정보: the new child relative direcotry[D:\gitsinnori\sinnori\project\sample_test][server_build/corelib/ex] was created successfully
4월 11, 2018 6:00:29 오후 kr.pe.sinnori.common.util.CommonStaticUtil createChildDirectoriesOfBasePath
정보: the new child relative direcotry[D:\gitsinnori\sinnori\project\sample_test][server_build/corelib/in] was created successfully
4월 11, 2018 6:00:29 오후 kr.pe.sinnori.common.util.CommonStaticUtil createChildDirectoriesOfBasePath
정보: the new child relative direcotry[D:\gitsinnori\sinnori\project\sample_test][server_build/lib/main/ex] was created successfully
4월 11, 2018 6:00:29 오후 kr.pe.sinnori.common.util.CommonStaticUtil createChildDirectoriesOfBasePath
정보: the new child relative direcotry[D:\gitsinnori\sinnori\project\sample_test][server_build/lib/main/in] was created successfully
4월 11, 2018 6:00:29 오후 kr.pe.sinnori.common.util.CommonStaticUtil createChildDirectoriesOfBasePath
정보: the new child relative direcotry[D:\gitsinnori\sinnori\project\sample_test][server_build/lib/test] was created successfully
4월 11, 2018 6:00:29 오후 kr.pe.sinnori.common.util.CommonStaticUtil createChildDirectoriesOfBasePath
정보: the new child relative direcotry[D:\gitsinnori\sinnori\project\sample_test][server_build/src/main/java/kr/pe/sinnori/impl/servertask] was created successfully
4월 11, 2018 6:00:29 오후 kr.pe.sinnori.common.util.CommonStaticUtil createChildDirectoriesOfBasePath
정보: the new child relative direcotry[D:\gitsinnori\sinnori\project\sample_test][server_build/src/main/java/kr/pe/sinnori/impl/message] was created successfully
4월 11, 2018 6:00:29 오후 kr.pe.sinnori.common.util.CommonStaticUtil createChildDirectoriesOfBasePath
정보: the new child relative direcotry[D:\gitsinnori\sinnori\project\sample_test][server_build/src/main/java/main] was created successfully
4월 11, 2018 6:00:29 오후 kr.pe.sinnori.common.util.CommonStaticUtil createChildDirectoriesOfBasePath
정보: the new child relative direcotry[D:\gitsinnori\sinnori\project\sample_test][server_build/src/test/java] was created successfully
4월 11, 2018 6:00:29 오후 kr.pe.sinnori.common.util.CommonStaticUtil createChildDirectoriesOfBasePath
정보: the new child relative direcotry[D:\gitsinnori\sinnori\project\sample_test][server_build/build] was created successfully
4월 11, 2018 6:00:29 오후 kr.pe.sinnori.common.util.CommonStaticUtil createChildDirectoriesOfBasePath
정보: the new child relative direcotry[D:\gitsinnori\sinnori\project\sample_test][server_build/dist] was created successfully
4월 11, 2018 6:00:29 오후 kr.pe.sinnori.common.buildsystem.ProjectBuilder createServerBuildChildDirectories
정보: main project[sample_test]'s server child direcotry creation task end
4월 11, 2018 6:00:29 오후 kr.pe.sinnori.common.buildsystem.ProjectBuilder createWebBuildChildDirectories
정보: main project[sample_test]'s web build child direcotry creation task start
4월 11, 2018 6:00:29 오후 kr.pe.sinnori.common.util.CommonStaticUtil createChildDirectoriesOfBasePath
정보: the new child relative direcotry[D:\gitsinnori\sinnori\project\sample_test][client_build/web_build/corelib/ex] was created successfully
4월 11, 2018 6:00:29 오후 kr.pe.sinnori.common.util.CommonStaticUtil createChildDirectoriesOfBasePath
정보: the new child relative direcotry[D:\gitsinnori\sinnori\project\sample_test][client_build/web_build/corelib/in] was created successfully
4월 11, 2018 6:00:29 오후 kr.pe.sinnori.common.util.CommonStaticUtil createChildDirectoriesOfBasePath
정보: the new child relative direcotry[D:\gitsinnori\sinnori\project\sample_test][client_build/web_build/lib/main/ex] was created successfully
4월 11, 2018 6:00:29 오후 kr.pe.sinnori.common.util.CommonStaticUtil createChildDirectoriesOfBasePath
정보: the new child relative direcotry[D:\gitsinnori\sinnori\project\sample_test][client_build/web_build/lib/main/in] was created successfully
4월 11, 2018 6:00:29 오후 kr.pe.sinnori.common.util.CommonStaticUtil createChildDirectoriesOfBasePath
정보: the new child relative direcotry[D:\gitsinnori\sinnori\project\sample_test][client_build/web_build/lib/test] was created successfully
4월 11, 2018 6:00:29 오후 kr.pe.sinnori.common.util.CommonStaticUtil createChildDirectoriesOfBasePath
정보: the new child relative direcotry[D:\gitsinnori\sinnori\project\sample_test][client_build/web_build/src/main/java/kr/pe/sinnori/impl/message] was created successfully
4월 11, 2018 6:00:29 오후 kr.pe.sinnori.common.util.CommonStaticUtil createChildDirectoriesOfBasePath
정보: the new child relative direcotry[D:\gitsinnori\sinnori\project\sample_test][client_build/web_build/src/main/java//kr/pe/sinnori/servlet] was created successfully
4월 11, 2018 6:00:29 오후 kr.pe.sinnori.common.util.CommonStaticUtil createChildDirectoriesOfBasePath
정보: the new child relative direcotry[D:\gitsinnori\sinnori\project\sample_test][client_build/web_build/src/main/java/kr/pe/sinnori/weblib/common] was created successfully
4월 11, 2018 6:00:29 오후 kr.pe.sinnori.common.util.CommonStaticUtil createChildDirectoriesOfBasePath
정보: the new child relative direcotry[D:\gitsinnori\sinnori\project\sample_test][client_build/web_build/src/main/java/kr/pe/sinnori/weblib/htmlstring] was created successfully
4월 11, 2018 6:00:29 오후 kr.pe.sinnori.common.util.CommonStaticUtil createChildDirectoriesOfBasePath
정보: the new child relative direcotry[D:\gitsinnori\sinnori\project\sample_test][client_build/web_build/src/main/java/kr/pe/sinnori/weblib/jdf] was created successfully
4월 11, 2018 6:00:29 오후 kr.pe.sinnori.common.util.CommonStaticUtil createChildDirectoriesOfBasePath
정보: the new child relative direcotry[D:\gitsinnori\sinnori\project\sample_test][client_build/web_build/src/test/java] was created successfully
4월 11, 2018 6:00:29 오후 kr.pe.sinnori.common.util.CommonStaticUtil createChildDirectoriesOfBasePath
정보: the new child relative direcotry[D:\gitsinnori\sinnori\project\sample_test][client_build/web_build/build] was created successfully
4월 11, 2018 6:00:29 오후 kr.pe.sinnori.common.util.CommonStaticUtil createChildDirectoriesOfBasePath
정보: the new child relative direcotry[D:\gitsinnori\sinnori\project\sample_test][client_build/web_build/dist] was created successfully
4월 11, 2018 6:00:29 오후 kr.pe.sinnori.common.buildsystem.ProjectBuilder createWebBuildChildDirectories
정보: main project[sample_test]'s web build child direcotry creation task end
4월 11, 2018 6:00:29 오후 kr.pe.sinnori.common.buildsystem.ProjectBuilder createWebRootChildDirectories
정보: main project[sample_test]'s web root child direcotry creation task start
4월 11, 2018 6:00:29 오후 kr.pe.sinnori.common.util.CommonStaticUtil createChildDirectoriesOfBasePath
정보: the new child relative direcotry[D:\gitsinnori\sinnori\project\sample_test][web_app_base/upload] was created successfully
4월 11, 2018 6:00:29 오후 kr.pe.sinnori.common.util.CommonStaticUtil createChildDirectoriesOfBasePath
정보: the new child relative direcotry[D:\gitsinnori\sinnori\project\sample_test][web_app_base/ROOT/WEB-INF/classes] was created successfully
4월 11, 2018 6:00:29 오후 kr.pe.sinnori.common.util.CommonStaticUtil createChildDirectoriesOfBasePath
정보: the new child relative direcotry[D:\gitsinnori\sinnori\project\sample_test][web_app_base/ROOT/WEB-INF/lib] was created successfully
4월 11, 2018 6:00:29 오후 kr.pe.sinnori.common.buildsystem.ProjectBuilder createWebRootChildDirectories
정보: main project[sample_test]'s web root child direcotry creation task end
4월 11, 2018 6:00:29 오후 kr.pe.sinnori.common.buildsystem.ProjectBuilder createChildDirectories
정보: main project[sample_test]'s child direcotry creation task end
4월 11, 2018 6:00:29 오후 kr.pe.sinnori.common.buildsystem.ProjectBuilder createFiles
정보: main project[sample_test]'s file creation task start
4월 11, 2018 6:00:29 오후 kr.pe.sinnori.common.buildsystem.ProjectBuilder createNewSinnoriConfigFile
정보: main project[sample_test]'s config file creation task start
4월 11, 2018 6:00:29 오후 kr.pe.sinnori.common.util.SequencedPropertiesUtil createNewSequencedPropertiesFile
정보: the sequenced properties file[D:\gitsinnori\sinnori\project\sample_test\config\sinnori.properties] was created
4월 11, 2018 6:00:29 오후 kr.pe.sinnori.common.buildsystem.ProjectBuilder createNewSinnoriConfigFile
정보: main project[sample_test]'s config file creation task end
4월 11, 2018 6:00:29 오후 kr.pe.sinnori.common.buildsystem.ProjectBuilder copySampleFilesToResoruces
정보: the mainproject[sample_test]'s resources directory copy task start
4월 11, 2018 6:00:29 오후 kr.pe.sinnori.common.buildsystem.ProjectBuilder copySampleFilesToResoruces
정보: the mainproject[sample_test]'s resources directory copy task end
4월 11, 2018 6:00:29 오후 kr.pe.sinnori.common.buildsystem.ProjectBuilder createServerBuildSystemFiles
정보: server build system files creation task start
4월 11, 2018 6:00:29 오후 kr.pe.sinnori.common.buildsystem.ProjectBuilder createNewServerAntBuildXMLFile
정보: main project[sample_test]'s server ant build.xml file creation task start
4월 11, 2018 6:00:29 오후 kr.pe.sinnori.common.buildsystem.ProjectBuilder createNewServerAntBuildXMLFile
정보: main project[sample_test]'s server ant build.xml file creation task end
4월 11, 2018 6:00:29 오후 kr.pe.sinnori.common.buildsystem.ProjectBuilder createNewServerDosShellFile
정보: main project[sample_test]'s server dos shell file creation task start
4월 11, 2018 6:00:29 오후 kr.pe.sinnori.common.buildsystem.ProjectBuilder createNewServerDosShellFile
정보: main project[sample_test]'s server dos shell file creation task end
4월 11, 2018 6:00:29 오후 kr.pe.sinnori.common.buildsystem.ProjectBuilder createNewServerUnixShellFile
정보: main project[sample_test]'s server unix shell file creation task start
4월 11, 2018 6:00:29 오후 kr.pe.sinnori.common.buildsystem.ProjectBuilder createNewServerUnixShellFile
정보: main project[sample_test]'s server unix shell file creation task end
4월 11, 2018 6:00:29 오후 kr.pe.sinnori.common.buildsystem.ProjectBuilder copyServerSampleFiles
정보: server sample source files copy task start
4월 11, 2018 6:00:29 오후 kr.pe.sinnori.common.buildsystem.ProjectBuilder copyServerSampleFiles
정보: server sample source files copy task end
4월 11, 2018 6:00:29 오후 kr.pe.sinnori.common.buildsystem.ProjectBuilder createServerMessageIOFileSet
정보: main project[sample_test]'s server message io file set creation task start
4월 11, 2018 6:00:29 오후 kr.pe.sinnori.common.util.CommonStaticUtil createChildDirectoriesOfBasePath
정보: the new child relative direcotry[D:\gitsinnori\sinnori\project\sample_test\server_build\src\main\java\kr\pe\sinnori\impl\message][Echo] was created successfully
4월 11, 2018 6:00:29 오후 kr.pe.sinnori.common.buildsystem.ProjectBuilder createNewMessageSourceFile
정보: main project[sample_test]'s message file[Echo][D:\gitsinnori\sinnori\project\sample_test\server_build\src\main\java\kr\pe\sinnori\impl\message] creation task start
4월 11, 2018 6:00:29 오후 kr.pe.sinnori.common.buildsystem.ProjectBuilder createNewMessageSourceFile
정보: main project[sample_test]'s message file[Echo][D:\gitsinnori\sinnori\project\sample_test\server_build\src\main\java\kr\pe\sinnori\impl\message] creation task end
4월 11, 2018 6:00:29 오후 kr.pe.sinnori.common.buildsystem.ProjectBuilder createNewDecoderSourceFile
정보: main project[sample_test]'s message decoder file[Echo][D:\gitsinnori\sinnori\project\sample_test\server_build\src\main\java\kr\pe\sinnori\impl\message] creation task start
4월 11, 2018 6:00:29 오후 kr.pe.sinnori.common.buildsystem.ProjectBuilder createNewDecoderSourceFile
정보: main project[sample_test]'s message decoder file[Echo][D:\gitsinnori\sinnori\project\sample_test\server_build\src\main\java\kr\pe\sinnori\impl\message] creation task end
4월 11, 2018 6:00:29 오후 kr.pe.sinnori.common.buildsystem.ProjectBuilder createNewEncoderSourceFile
정보: main project[sample_test]'s message encoder file[Echo][D:\gitsinnori\sinnori\project\sample_test\server_build\src\main\java\kr\pe\sinnori\impl\message] creation task start
4월 11, 2018 6:00:29 오후 kr.pe.sinnori.common.buildsystem.ProjectBuilder createNewEncoderSourceFile
정보: main project[sample_test]'s message encoder file[Echo][D:\gitsinnori\sinnori\project\sample_test\server_build\src\main\java\kr\pe\sinnori\impl\message] creation task end
4월 11, 2018 6:00:29 오후 kr.pe.sinnori.common.buildsystem.ProjectBuilder createNewServerCodecSourceFile
정보: main project[sample_test]'s message server codec file[Echo][D:\gitsinnori\sinnori\project\sample_test\server_build\src\main\java\kr\pe\sinnori\impl\message] creation task start
4월 11, 2018 6:00:29 오후 kr.pe.sinnori.common.buildsystem.ProjectBuilder createNewServerCodecSourceFile
정보: main project[sample_test]'s message server codec file[Echo][D:\gitsinnori\sinnori\project\sample_test\server_build\src\main\java\kr\pe\sinnori\impl\message] creation task end
4월 11, 2018 6:00:29 오후 kr.pe.sinnori.common.buildsystem.ProjectBuilder createNewClientCodecSourceFile
정보: main project[sample_test]'s message client codec file[Echo][D:\gitsinnori\sinnori\project\sample_test\server_build\src\main\java\kr\pe\sinnori\impl\message] creation task start
4월 11, 2018 6:00:29 오후 kr.pe.sinnori.common.buildsystem.ProjectBuilder createNewClientCodecSourceFile
정보: main project[sample_test]'s message client codec file[Echo][D:\gitsinnori\sinnori\project\sample_test\server_build\src\main\java\kr\pe\sinnori\impl\message] creation task end
4월 11, 2018 6:00:29 오후 kr.pe.sinnori.common.util.CommonStaticUtil createChildDirectoriesOfBasePath
정보: the new child relative direcotry[D:\gitsinnori\sinnori\project\sample_test\server_build\src\main\java\kr\pe\sinnori\impl\message][PublicKeyReq] was created successfully
4월 11, 2018 6:00:29 오후 kr.pe.sinnori.common.buildsystem.ProjectBuilder createNewMessageSourceFile
정보: main project[sample_test]'s message file[PublicKeyReq][D:\gitsinnori\sinnori\project\sample_test\server_build\src\main\java\kr\pe\sinnori\impl\message] creation task start
4월 11, 2018 6:00:29 오후 kr.pe.sinnori.common.buildsystem.ProjectBuilder createNewMessageSourceFile
정보: main project[sample_test]'s message file[PublicKeyReq][D:\gitsinnori\sinnori\project\sample_test\server_build\src\main\java\kr\pe\sinnori\impl\message] creation task end
4월 11, 2018 6:00:29 오후 kr.pe.sinnori.common.buildsystem.ProjectBuilder createNewDecoderSourceFile
정보: main project[sample_test]'s message decoder file[PublicKeyReq][D:\gitsinnori\sinnori\project\sample_test\server_build\src\main\java\kr\pe\sinnori\impl\message] creation task start
4월 11, 2018 6:00:29 오후 kr.pe.sinnori.common.buildsystem.ProjectBuilder createNewDecoderSourceFile
정보: main project[sample_test]'s message decoder file[PublicKeyReq][D:\gitsinnori\sinnori\project\sample_test\server_build\src\main\java\kr\pe\sinnori\impl\message] creation task end
4월 11, 2018 6:00:29 오후 kr.pe.sinnori.common.buildsystem.ProjectBuilder createNewEncoderSourceFile
정보: main project[sample_test]'s message encoder file[PublicKeyReq][D:\gitsinnori\sinnori\project\sample_test\server_build\src\main\java\kr\pe\sinnori\impl\message] creation task start
4월 11, 2018 6:00:29 오후 kr.pe.sinnori.common.buildsystem.ProjectBuilder createNewEncoderSourceFile
정보: main project[sample_test]'s message encoder file[PublicKeyReq][D:\gitsinnori\sinnori\project\sample_test\server_build\src\main\java\kr\pe\sinnori\impl\message] creation task end
4월 11, 2018 6:00:29 오후 kr.pe.sinnori.common.buildsystem.ProjectBuilder createNewServerCodecSourceFile
정보: main project[sample_test]'s message server codec file[PublicKeyReq][D:\gitsinnori\sinnori\project\sample_test\server_build\src\main\java\kr\pe\sinnori\impl\message] creation task start
4월 11, 2018 6:00:29 오후 kr.pe.sinnori.common.buildsystem.ProjectBuilder createNewServerCodecSourceFile
정보: main project[sample_test]'s message server codec file[PublicKeyReq][D:\gitsinnori\sinnori\project\sample_test\server_build\src\main\java\kr\pe\sinnori\impl\message] creation task end
4월 11, 2018 6:00:29 오후 kr.pe.sinnori.common.buildsystem.ProjectBuilder createNewClientCodecSourceFile
정보: main project[sample_test]'s message client codec file[PublicKeyReq][D:\gitsinnori\sinnori\project\sample_test\server_build\src\main\java\kr\pe\sinnori\impl\message] creation task start
4월 11, 2018 6:00:29 오후 kr.pe.sinnori.common.buildsystem.ProjectBuilder createNewClientCodecSourceFile
정보: main project[sample_test]'s message client codec file[PublicKeyReq][D:\gitsinnori\sinnori\project\sample_test\server_build\src\main\java\kr\pe\sinnori\impl\message] creation task end
4월 11, 2018 6:00:29 오후 kr.pe.sinnori.common.util.CommonStaticUtil createChildDirectoriesOfBasePath
정보: the new child relative direcotry[D:\gitsinnori\sinnori\project\sample_test\server_build\src\main\java\kr\pe\sinnori\impl\message][PublicKeyRes] was created successfully
4월 11, 2018 6:00:29 오후 kr.pe.sinnori.common.buildsystem.ProjectBuilder createNewMessageSourceFile
정보: main project[sample_test]'s message file[PublicKeyRes][D:\gitsinnori\sinnori\project\sample_test\server_build\src\main\java\kr\pe\sinnori\impl\message] creation task start
4월 11, 2018 6:00:29 오후 kr.pe.sinnori.common.buildsystem.ProjectBuilder createNewMessageSourceFile
정보: main project[sample_test]'s message file[PublicKeyRes][D:\gitsinnori\sinnori\project\sample_test\server_build\src\main\java\kr\pe\sinnori\impl\message] creation task end
4월 11, 2018 6:00:29 오후 kr.pe.sinnori.common.buildsystem.ProjectBuilder createNewDecoderSourceFile
정보: main project[sample_test]'s message decoder file[PublicKeyRes][D:\gitsinnori\sinnori\project\sample_test\server_build\src\main\java\kr\pe\sinnori\impl\message] creation task start
4월 11, 2018 6:00:29 오후 kr.pe.sinnori.common.buildsystem.ProjectBuilder createNewDecoderSourceFile
정보: main project[sample_test]'s message decoder file[PublicKeyRes][D:\gitsinnori\sinnori\project\sample_test\server_build\src\main\java\kr\pe\sinnori\impl\message] creation task end
4월 11, 2018 6:00:29 오후 kr.pe.sinnori.common.buildsystem.ProjectBuilder createNewEncoderSourceFile
정보: main project[sample_test]'s message encoder file[PublicKeyRes][D:\gitsinnori\sinnori\project\sample_test\server_build\src\main\java\kr\pe\sinnori\impl\message] creation task start
4월 11, 2018 6:00:29 오후 kr.pe.sinnori.common.buildsystem.ProjectBuilder createNewEncoderSourceFile
정보: main project[sample_test]'s message encoder file[PublicKeyRes][D:\gitsinnori\sinnori\project\sample_test\server_build\src\main\java\kr\pe\sinnori\impl\message] creation task end
4월 11, 2018 6:00:29 오후 kr.pe.sinnori.common.buildsystem.ProjectBuilder createNewServerCodecSourceFile
정보: main project[sample_test]'s message server codec file[PublicKeyRes][D:\gitsinnori\sinnori\project\sample_test\server_build\src\main\java\kr\pe\sinnori\impl\message] creation task start
4월 11, 2018 6:00:29 오후 kr.pe.sinnori.common.buildsystem.ProjectBuilder createNewServerCodecSourceFile
정보: main project[sample_test]'s message server codec file[PublicKeyRes][D:\gitsinnori\sinnori\project\sample_test\server_build\src\main\java\kr\pe\sinnori\impl\message] creation task end
4월 11, 2018 6:00:29 오후 kr.pe.sinnori.common.buildsystem.ProjectBuilder createNewClientCodecSourceFile
정보: main project[sample_test]'s message client codec file[PublicKeyRes][D:\gitsinnori\sinnori\project\sample_test\server_build\src\main\java\kr\pe\sinnori\impl\message] creation task start
4월 11, 2018 6:00:29 오후 kr.pe.sinnori.common.buildsystem.ProjectBuilder createNewClientCodecSourceFile
정보: main project[sample_test]'s message client codec file[PublicKeyRes][D:\gitsinnori\sinnori\project\sample_test\server_build\src\main\java\kr\pe\sinnori\impl\message] creation task end
4월 11, 2018 6:00:29 오후 kr.pe.sinnori.common.buildsystem.ProjectBuilder createServerMessageIOFileSet
정보: main project[sample_test]'s server message io file set creation task end
4월 11, 2018 6:00:29 오후 kr.pe.sinnori.common.buildsystem.ProjectBuilder createServerBuildSystemFiles
정보: server build system files creation task end
4월 11, 2018 6:00:29 오후 kr.pe.sinnori.common.buildsystem.ProjectBuilder createWebClientBuildSystemFiles
정보: main project[sample_test]'s web client build system files creation task start
4월 11, 2018 6:00:29 오후 kr.pe.sinnori.common.buildsystem.ProjectBuilder createNewWebClientAntBuildFile
정보: main project[sample_test]'s web client ant build.xml file creation task start
4월 11, 2018 6:00:29 오후 kr.pe.sinnori.common.buildsystem.ProjectBuilder createNewWebClientAntBuildFile
정보: main project[sample_test]'s web client ant build.xml file creation task end
4월 11, 2018 6:00:29 오후 kr.pe.sinnori.common.buildsystem.ProjectBuilder createNewWebClientAntPropertiesFile
정보: main project[sample_test]'s web client ant properties file creation task start
4월 11, 2018 6:00:29 오후 kr.pe.sinnori.common.util.SequencedPropertiesUtil createNewSequencedPropertiesFile
정보: the sequenced properties file[D:\gitsinnori\sinnori\project\sample_test\client_build\web_build\webAnt.properties] was created
4월 11, 2018 6:00:29 오후 kr.pe.sinnori.common.buildsystem.ProjectBuilder createNewWebClientAntPropertiesFile
정보: main project[sample_test]'s web client ant properties file creation task end
4월 11, 2018 6:00:29 오후 kr.pe.sinnori.common.buildsystem.ProjectBuilder createNewWebClientMessageIOFileSet
정보: main project[sample_test]'s web client message io file set creation task start
4월 11, 2018 6:00:29 오후 kr.pe.sinnori.common.util.CommonStaticUtil createChildDirectoriesOfBasePath
정보: the new child relative direcotry[D:\gitsinnori\sinnori\project\sample_test\client_build\web_build\src\main\java\kr\pe\sinnori\impl\message][Echo] was created successfully
4월 11, 2018 6:00:29 오후 kr.pe.sinnori.common.buildsystem.ProjectBuilder createNewMessageSourceFile
정보: main project[sample_test]'s message file[Echo][D:\gitsinnori\sinnori\project\sample_test\client_build\web_build\src\main\java\kr\pe\sinnori\impl\message] creation task start
4월 11, 2018 6:00:29 오후 kr.pe.sinnori.common.buildsystem.ProjectBuilder createNewMessageSourceFile
정보: main project[sample_test]'s message file[Echo][D:\gitsinnori\sinnori\project\sample_test\client_build\web_build\src\main\java\kr\pe\sinnori\impl\message] creation task end
4월 11, 2018 6:00:29 오후 kr.pe.sinnori.common.buildsystem.ProjectBuilder createNewDecoderSourceFile
정보: main project[sample_test]'s message decoder file[Echo][D:\gitsinnori\sinnori\project\sample_test\client_build\web_build\src\main\java\kr\pe\sinnori\impl\message] creation task start
4월 11, 2018 6:00:29 오후 kr.pe.sinnori.common.buildsystem.ProjectBuilder createNewDecoderSourceFile
정보: main project[sample_test]'s message decoder file[Echo][D:\gitsinnori\sinnori\project\sample_test\client_build\web_build\src\main\java\kr\pe\sinnori\impl\message] creation task end
4월 11, 2018 6:00:29 오후 kr.pe.sinnori.common.buildsystem.ProjectBuilder createNewEncoderSourceFile
정보: main project[sample_test]'s message encoder file[Echo][D:\gitsinnori\sinnori\project\sample_test\client_build\web_build\src\main\java\kr\pe\sinnori\impl\message] creation task start
4월 11, 2018 6:00:29 오후 kr.pe.sinnori.common.buildsystem.ProjectBuilder createNewEncoderSourceFile
정보: main project[sample_test]'s message encoder file[Echo][D:\gitsinnori\sinnori\project\sample_test\client_build\web_build\src\main\java\kr\pe\sinnori\impl\message] creation task end
4월 11, 2018 6:00:29 오후 kr.pe.sinnori.common.buildsystem.ProjectBuilder createNewServerCodecSourceFile
정보: main project[sample_test]'s message server codec file[Echo][D:\gitsinnori\sinnori\project\sample_test\client_build\web_build\src\main\java\kr\pe\sinnori\impl\message] creation task start
4월 11, 2018 6:00:29 오후 kr.pe.sinnori.common.buildsystem.ProjectBuilder createNewServerCodecSourceFile
정보: main project[sample_test]'s message server codec file[Echo][D:\gitsinnori\sinnori\project\sample_test\client_build\web_build\src\main\java\kr\pe\sinnori\impl\message] creation task end
4월 11, 2018 6:00:29 오후 kr.pe.sinnori.common.buildsystem.ProjectBuilder createNewClientCodecSourceFile
정보: main project[sample_test]'s message client codec file[Echo][D:\gitsinnori\sinnori\project\sample_test\client_build\web_build\src\main\java\kr\pe\sinnori\impl\message] creation task start
4월 11, 2018 6:00:29 오후 kr.pe.sinnori.common.buildsystem.ProjectBuilder createNewClientCodecSourceFile
정보: main project[sample_test]'s message client codec file[Echo][D:\gitsinnori\sinnori\project\sample_test\client_build\web_build\src\main\java\kr\pe\sinnori\impl\message] creation task end
4월 11, 2018 6:00:29 오후 kr.pe.sinnori.common.util.CommonStaticUtil createChildDirectoriesOfBasePath
정보: the new child relative direcotry[D:\gitsinnori\sinnori\project\sample_test\client_build\web_build\src\main\java\kr\pe\sinnori\impl\message][PublicKeyReq] was created successfully
4월 11, 2018 6:00:29 오후 kr.pe.sinnori.common.buildsystem.ProjectBuilder createNewMessageSourceFile
정보: main project[sample_test]'s message file[PublicKeyReq][D:\gitsinnori\sinnori\project\sample_test\client_build\web_build\src\main\java\kr\pe\sinnori\impl\message] creation task start
4월 11, 2018 6:00:29 오후 kr.pe.sinnori.common.buildsystem.ProjectBuilder createNewMessageSourceFile
정보: main project[sample_test]'s message file[PublicKeyReq][D:\gitsinnori\sinnori\project\sample_test\client_build\web_build\src\main\java\kr\pe\sinnori\impl\message] creation task end
4월 11, 2018 6:00:29 오후 kr.pe.sinnori.common.buildsystem.ProjectBuilder createNewDecoderSourceFile
정보: main project[sample_test]'s message decoder file[PublicKeyReq][D:\gitsinnori\sinnori\project\sample_test\client_build\web_build\src\main\java\kr\pe\sinnori\impl\message] creation task start
4월 11, 2018 6:00:29 오후 kr.pe.sinnori.common.buildsystem.ProjectBuilder createNewDecoderSourceFile
정보: main project[sample_test]'s message decoder file[PublicKeyReq][D:\gitsinnori\sinnori\project\sample_test\client_build\web_build\src\main\java\kr\pe\sinnori\impl\message] creation task end
4월 11, 2018 6:00:29 오후 kr.pe.sinnori.common.buildsystem.ProjectBuilder createNewEncoderSourceFile
정보: main project[sample_test]'s message encoder file[PublicKeyReq][D:\gitsinnori\sinnori\project\sample_test\client_build\web_build\src\main\java\kr\pe\sinnori\impl\message] creation task start
4월 11, 2018 6:00:29 오후 kr.pe.sinnori.common.buildsystem.ProjectBuilder createNewEncoderSourceFile
정보: main project[sample_test]'s message encoder file[PublicKeyReq][D:\gitsinnori\sinnori\project\sample_test\client_build\web_build\src\main\java\kr\pe\sinnori\impl\message] creation task end
4월 11, 2018 6:00:29 오후 kr.pe.sinnori.common.buildsystem.ProjectBuilder createNewServerCodecSourceFile
정보: main project[sample_test]'s message server codec file[PublicKeyReq][D:\gitsinnori\sinnori\project\sample_test\client_build\web_build\src\main\java\kr\pe\sinnori\impl\message] creation task start
4월 11, 2018 6:00:29 오후 kr.pe.sinnori.common.buildsystem.ProjectBuilder createNewServerCodecSourceFile
정보: main project[sample_test]'s message server codec file[PublicKeyReq][D:\gitsinnori\sinnori\project\sample_test\client_build\web_build\src\main\java\kr\pe\sinnori\impl\message] creation task end
4월 11, 2018 6:00:29 오후 kr.pe.sinnori.common.buildsystem.ProjectBuilder createNewClientCodecSourceFile
정보: main project[sample_test]'s message client codec file[PublicKeyReq][D:\gitsinnori\sinnori\project\sample_test\client_build\web_build\src\main\java\kr\pe\sinnori\impl\message] creation task start
4월 11, 2018 6:00:29 오후 kr.pe.sinnori.common.buildsystem.ProjectBuilder createNewClientCodecSourceFile
정보: main project[sample_test]'s message client codec file[PublicKeyReq][D:\gitsinnori\sinnori\project\sample_test\client_build\web_build\src\main\java\kr\pe\sinnori\impl\message] creation task end
4월 11, 2018 6:00:29 오후 kr.pe.sinnori.common.util.CommonStaticUtil createChildDirectoriesOfBasePath
정보: the new child relative direcotry[D:\gitsinnori\sinnori\project\sample_test\client_build\web_build\src\main\java\kr\pe\sinnori\impl\message][PublicKeyRes] was created successfully
4월 11, 2018 6:00:29 오후 kr.pe.sinnori.common.buildsystem.ProjectBuilder createNewMessageSourceFile
정보: main project[sample_test]'s message file[PublicKeyRes][D:\gitsinnori\sinnori\project\sample_test\client_build\web_build\src\main\java\kr\pe\sinnori\impl\message] creation task start
4월 11, 2018 6:00:29 오후 kr.pe.sinnori.common.buildsystem.ProjectBuilder createNewMessageSourceFile
정보: main project[sample_test]'s message file[PublicKeyRes][D:\gitsinnori\sinnori\project\sample_test\client_build\web_build\src\main\java\kr\pe\sinnori\impl\message] creation task end
4월 11, 2018 6:00:29 오후 kr.pe.sinnori.common.buildsystem.ProjectBuilder createNewDecoderSourceFile
정보: main project[sample_test]'s message decoder file[PublicKeyRes][D:\gitsinnori\sinnori\project\sample_test\client_build\web_build\src\main\java\kr\pe\sinnori\impl\message] creation task start
4월 11, 2018 6:00:29 오후 kr.pe.sinnori.common.buildsystem.ProjectBuilder createNewDecoderSourceFile
정보: main project[sample_test]'s message decoder file[PublicKeyRes][D:\gitsinnori\sinnori\project\sample_test\client_build\web_build\src\main\java\kr\pe\sinnori\impl\message] creation task end
4월 11, 2018 6:00:29 오후 kr.pe.sinnori.common.buildsystem.ProjectBuilder createNewEncoderSourceFile
정보: main project[sample_test]'s message encoder file[PublicKeyRes][D:\gitsinnori\sinnori\project\sample_test\client_build\web_build\src\main\java\kr\pe\sinnori\impl\message] creation task start
4월 11, 2018 6:00:29 오후 kr.pe.sinnori.common.buildsystem.ProjectBuilder createNewEncoderSourceFile
정보: main project[sample_test]'s message encoder file[PublicKeyRes][D:\gitsinnori\sinnori\project\sample_test\client_build\web_build\src\main\java\kr\pe\sinnori\impl\message] creation task end
4월 11, 2018 6:00:29 오후 kr.pe.sinnori.common.buildsystem.ProjectBuilder createNewServerCodecSourceFile
정보: main project[sample_test]'s message server codec file[PublicKeyRes][D:\gitsinnori\sinnori\project\sample_test\client_build\web_build\src\main\java\kr\pe\sinnori\impl\message] creation task start
4월 11, 2018 6:00:29 오후 kr.pe.sinnori.common.buildsystem.ProjectBuilder createNewServerCodecSourceFile
정보: main project[sample_test]'s message server codec file[PublicKeyRes][D:\gitsinnori\sinnori\project\sample_test\client_build\web_build\src\main\java\kr\pe\sinnori\impl\message] creation task end
4월 11, 2018 6:00:29 오후 kr.pe.sinnori.common.buildsystem.ProjectBuilder createNewClientCodecSourceFile
정보: main project[sample_test]'s message client codec file[PublicKeyRes][D:\gitsinnori\sinnori\project\sample_test\client_build\web_build\src\main\java\kr\pe\sinnori\impl\message] creation task start
4월 11, 2018 6:00:29 오후 kr.pe.sinnori.common.buildsystem.ProjectBuilder createNewClientCodecSourceFile
정보: main project[sample_test]'s message client codec file[PublicKeyRes][D:\gitsinnori\sinnori\project\sample_test\client_build\web_build\src\main\java\kr\pe\sinnori\impl\message] creation task end
4월 11, 2018 6:00:29 오후 kr.pe.sinnori.common.buildsystem.ProjectBuilder createNewWebClientMessageIOFileSet
정보: main project[sample_test]'s web client message io file set creation task end
4월 11, 2018 6:00:29 오후 kr.pe.sinnori.common.buildsystem.ProjectBuilder copyWebClientSampleFiles
정보: mainproject[sample_test]'s web client sample source files copy task start
4월 11, 2018 6:00:29 오후 kr.pe.sinnori.common.buildsystem.ProjectBuilder copyWebClientSampleFiles
정보: mainproject[sample_test]'s web client sample source files copy task end
4월 11, 2018 6:00:29 오후 kr.pe.sinnori.common.buildsystem.ProjectBuilder createWebClientBuildSystemFiles
정보: main project[sample_test]'s web client build system files creation task end
4월 11, 2018 6:00:29 오후 kr.pe.sinnori.common.buildsystem.ProjectBuilder createWebRootSampleFiles
정보: main project[sample_test]'s web root sample files creation task start
4월 11, 2018 6:00:29 오후 kr.pe.sinnori.common.buildsystem.ProjectBuilder copyWebRootSampleFiles
정보: main project[sample_test]'s web root sample files copy task start
4월 11, 2018 6:00:29 오후 kr.pe.sinnori.common.buildsystem.ProjectBuilder copyWebRootSampleFiles
정보: main project[sample_test]'s web root sample files copy task end
4월 11, 2018 6:00:29 오후 kr.pe.sinnori.common.buildsystem.ProjectBuilder createWebRootSampleFiles
정보: main project[sample_test]'s web root sample files creation task end
4월 11, 2018 6:00:29 오후 kr.pe.sinnori.common.buildsystem.ProjectBuilder createFiles
정보: main project[sample_test]'s file creation task end
4월 11, 2018 6:00:29 오후 kr.pe.sinnori.common.buildsystem.ProjectBuilder isValidAppClientAntBuildXMLFile
정보: the app client ant build.xml file[D:\gitsinnori\sinnori\project\sample_test\client_build\app_build\build.xml] is bad :: whetherExist[false] isFile[false]
4월 11, 2018 6:00:29 오후 kr.pe.sinnori.common.config.SinnoriConfiguration convertSinnoriConfigSequencedPropertiesToAllPartItemsWithValidation
정보: item key[sessionkey.rsa.publickey.file.value]'s value is null because its status is inactive
4월 11, 2018 6:00:29 오후 kr.pe.sinnori.common.config.SinnoriConfiguration convertSinnoriConfigSequencedPropertiesToAllPartItemsWithValidation
정보: item key[sessionkey.rsa.privatekey.file.value]'s value is null because its status is inactive
4월 11, 2018 6:00:29 오후 kr.pe.sinnori.common.buildsystem.ProjectBuilder createChildDirectories
정보: main project[sample_test]'s child direcotry creation task start
4월 11, 2018 6:00:29 오후 kr.pe.sinnori.common.buildsystem.ProjectBuilder createCommonChildDirectories
정보: main project[sample_test]'s common child direcotry creation task start
4월 11, 2018 6:00:29 오후 kr.pe.sinnori.common.util.CommonStaticUtil createChildDirectoriesOfBasePath
정보: the new child relative direcotry[D:\gitsinnori\sinnori\project\sample_test][config] was created successfully
4월 11, 2018 6:00:29 오후 kr.pe.sinnori.common.util.CommonStaticUtil createChildDirectoriesOfBasePath
정보: the new child relative direcotry[D:\gitsinnori\sinnori\project\sample_test][resources/dbcp] was created successfully
4월 11, 2018 6:00:29 오후 kr.pe.sinnori.common.util.CommonStaticUtil createChildDirectoriesOfBasePath
정보: the new child relative direcotry[D:\gitsinnori\sinnori\project\sample_test][resources/message_info] was created successfully
4월 11, 2018 6:00:29 오후 kr.pe.sinnori.common.util.CommonStaticUtil createChildDirectoriesOfBasePath
정보: the new child relative direcotry[D:\gitsinnori\sinnori\project\sample_test][resources/rsa_keypair] was created successfully
4월 11, 2018 6:00:29 오후 kr.pe.sinnori.common.util.CommonStaticUtil createChildDirectoriesOfBasePath
정보: the new child relative direcotry[D:\gitsinnori\sinnori\project\sample_test][log/apache] was created successfully
4월 11, 2018 6:00:29 오후 kr.pe.sinnori.common.util.CommonStaticUtil createChildDirectoriesOfBasePath
정보: the new child relative direcotry[D:\gitsinnori\sinnori\project\sample_test][log/client] was created successfully
4월 11, 2018 6:00:29 오후 kr.pe.sinnori.common.util.CommonStaticUtil createChildDirectoriesOfBasePath
정보: the new child relative direcotry[D:\gitsinnori\sinnori\project\sample_test][log/server] was created successfully
4월 11, 2018 6:00:29 오후 kr.pe.sinnori.common.util.CommonStaticUtil createChildDirectoriesOfBasePath
정보: the new child relative direcotry[D:\gitsinnori\sinnori\project\sample_test][log/servlet] was created successfully
4월 11, 2018 6:00:29 오후 kr.pe.sinnori.common.buildsystem.ProjectBuilder createCommonChildDirectories
정보: main project[sample_test]'s common child direcotry creation task end
4월 11, 2018 6:00:29 오후 kr.pe.sinnori.common.buildsystem.ProjectBuilder createServerBuildChildDirectories
정보: main project[sample_test]'s server child direcotry creation task start
4월 11, 2018 6:00:29 오후 kr.pe.sinnori.common.util.CommonStaticUtil createChildDirectoriesOfBasePath
정보: the new child relative direcotry[D:\gitsinnori\sinnori\project\sample_test][server_build/APP-INF/classes] was created successfully
4월 11, 2018 6:00:29 오후 kr.pe.sinnori.common.util.CommonStaticUtil createChildDirectoriesOfBasePath
정보: the new child relative direcotry[D:\gitsinnori\sinnori\project\sample_test][server_build/corelib/ex] was created successfully
4월 11, 2018 6:00:29 오후 kr.pe.sinnori.common.util.CommonStaticUtil createChildDirectoriesOfBasePath
정보: the new child relative direcotry[D:\gitsinnori\sinnori\project\sample_test][server_build/corelib/in] was created successfully
4월 11, 2018 6:00:29 오후 kr.pe.sinnori.common.util.CommonStaticUtil createChildDirectoriesOfBasePath
정보: the new child relative direcotry[D:\gitsinnori\sinnori\project\sample_test][server_build/lib/main/ex] was created successfully
4월 11, 2018 6:00:29 오후 kr.pe.sinnori.common.util.CommonStaticUtil createChildDirectoriesOfBasePath
정보: the new child relative direcotry[D:\gitsinnori\sinnori\project\sample_test][server_build/lib/main/in] was created successfully
4월 11, 2018 6:00:29 오후 kr.pe.sinnori.common.util.CommonStaticUtil createChildDirectoriesOfBasePath
정보: the new child relative direcotry[D:\gitsinnori\sinnori\project\sample_test][server_build/lib/test] was created successfully
4월 11, 2018 6:00:29 오후 kr.pe.sinnori.common.util.CommonStaticUtil createChildDirectoriesOfBasePath
정보: the new child relative direcotry[D:\gitsinnori\sinnori\project\sample_test][server_build/src/main/java/kr/pe/sinnori/impl/servertask] was created successfully
4월 11, 2018 6:00:30 오후 kr.pe.sinnori.common.util.CommonStaticUtil createChildDirectoriesOfBasePath
정보: the new child relative direcotry[D:\gitsinnori\sinnori\project\sample_test][server_build/src/main/java/kr/pe/sinnori/impl/message] was created successfully
4월 11, 2018 6:00:30 오후 kr.pe.sinnori.common.util.CommonStaticUtil createChildDirectoriesOfBasePath
정보: the new child relative direcotry[D:\gitsinnori\sinnori\project\sample_test][server_build/src/main/java/main] was created successfully
4월 11, 2018 6:00:30 오후 kr.pe.sinnori.common.util.CommonStaticUtil createChildDirectoriesOfBasePath
정보: the new child relative direcotry[D:\gitsinnori\sinnori\project\sample_test][server_build/src/test/java] was created successfully
4월 11, 2018 6:00:30 오후 kr.pe.sinnori.common.util.CommonStaticUtil createChildDirectoriesOfBasePath
정보: the new child relative direcotry[D:\gitsinnori\sinnori\project\sample_test][server_build/build] was created successfully
4월 11, 2018 6:00:30 오후 kr.pe.sinnori.common.util.CommonStaticUtil createChildDirectoriesOfBasePath
정보: the new child relative direcotry[D:\gitsinnori\sinnori\project\sample_test][server_build/dist] was created successfully
4월 11, 2018 6:00:30 오후 kr.pe.sinnori.common.buildsystem.ProjectBuilder createServerBuildChildDirectories
정보: main project[sample_test]'s server child direcotry creation task end
4월 11, 2018 6:00:30 오후 kr.pe.sinnori.common.buildsystem.ProjectBuilder createChildDirectories
정보: main project[sample_test]'s child direcotry creation task end
4월 11, 2018 6:00:30 오후 kr.pe.sinnori.common.buildsystem.ProjectBuilder createFiles
정보: main project[sample_test]'s file creation task start
4월 11, 2018 6:00:30 오후 kr.pe.sinnori.common.buildsystem.ProjectBuilder createNewSinnoriConfigFile
정보: main project[sample_test]'s config file creation task start
4월 11, 2018 6:00:30 오후 kr.pe.sinnori.common.util.SequencedPropertiesUtil createNewSequencedPropertiesFile
정보: the sequenced properties file[D:\gitsinnori\sinnori\project\sample_test\config\sinnori.properties] was created
4월 11, 2018 6:00:30 오후 kr.pe.sinnori.common.buildsystem.ProjectBuilder createNewSinnoriConfigFile
정보: main project[sample_test]'s config file creation task end
4월 11, 2018 6:00:30 오후 kr.pe.sinnori.common.buildsystem.ProjectBuilder copySampleFilesToResoruces
정보: the mainproject[sample_test]'s resources directory copy task start
4월 11, 2018 6:00:30 오후 kr.pe.sinnori.common.buildsystem.ProjectBuilder copySampleFilesToResoruces
정보: the mainproject[sample_test]'s resources directory copy task end
4월 11, 2018 6:00:30 오후 kr.pe.sinnori.common.buildsystem.ProjectBuilder createServerBuildSystemFiles
정보: server build system files creation task start
4월 11, 2018 6:00:30 오후 kr.pe.sinnori.common.buildsystem.ProjectBuilder createNewServerAntBuildXMLFile
정보: main project[sample_test]'s server ant build.xml file creation task start
4월 11, 2018 6:00:30 오후 kr.pe.sinnori.common.buildsystem.ProjectBuilder createNewServerAntBuildXMLFile
정보: main project[sample_test]'s server ant build.xml file creation task end
4월 11, 2018 6:00:30 오후 kr.pe.sinnori.common.buildsystem.ProjectBuilder createNewServerDosShellFile
정보: main project[sample_test]'s server dos shell file creation task start
4월 11, 2018 6:00:30 오후 kr.pe.sinnori.common.buildsystem.ProjectBuilder createNewServerDosShellFile
정보: main project[sample_test]'s server dos shell file creation task end
4월 11, 2018 6:00:30 오후 kr.pe.sinnori.common.buildsystem.ProjectBuilder createNewServerUnixShellFile
정보: main project[sample_test]'s server unix shell file creation task start
4월 11, 2018 6:00:30 오후 kr.pe.sinnori.common.buildsystem.ProjectBuilder createNewServerUnixShellFile
정보: main project[sample_test]'s server unix shell file creation task end
4월 11, 2018 6:00:30 오후 kr.pe.sinnori.common.buildsystem.ProjectBuilder copyServerSampleFiles
정보: server sample source files copy task start
4월 11, 2018 6:00:30 오후 kr.pe.sinnori.common.buildsystem.ProjectBuilder copyServerSampleFiles
정보: server sample source files copy task end
4월 11, 2018 6:00:30 오후 kr.pe.sinnori.common.buildsystem.ProjectBuilder createServerMessageIOFileSet
정보: main project[sample_test]'s server message io file set creation task start
4월 11, 2018 6:00:30 오후 kr.pe.sinnori.common.util.CommonStaticUtil createChildDirectoriesOfBasePath
정보: the new child relative direcotry[D:\gitsinnori\sinnori\project\sample_test\server_build\src\main\java\kr\pe\sinnori\impl\message][Echo] was created successfully
4월 11, 2018 6:00:30 오후 kr.pe.sinnori.common.buildsystem.ProjectBuilder createNewMessageSourceFile
정보: main project[sample_test]'s message file[Echo][D:\gitsinnori\sinnori\project\sample_test\server_build\src\main\java\kr\pe\sinnori\impl\message] creation task start
4월 11, 2018 6:00:30 오후 kr.pe.sinnori.common.buildsystem.ProjectBuilder createNewMessageSourceFile
정보: main project[sample_test]'s message file[Echo][D:\gitsinnori\sinnori\project\sample_test\server_build\src\main\java\kr\pe\sinnori\impl\message] creation task end
4월 11, 2018 6:00:30 오후 kr.pe.sinnori.common.buildsystem.ProjectBuilder createNewDecoderSourceFile
정보: main project[sample_test]'s message decoder file[Echo][D:\gitsinnori\sinnori\project\sample_test\server_build\src\main\java\kr\pe\sinnori\impl\message] creation task start
4월 11, 2018 6:00:30 오후 kr.pe.sinnori.common.buildsystem.ProjectBuilder createNewDecoderSourceFile
정보: main project[sample_test]'s message decoder file[Echo][D:\gitsinnori\sinnori\project\sample_test\server_build\src\main\java\kr\pe\sinnori\impl\message] creation task end
4월 11, 2018 6:00:30 오후 kr.pe.sinnori.common.buildsystem.ProjectBuilder createNewEncoderSourceFile
정보: main project[sample_test]'s message encoder file[Echo][D:\gitsinnori\sinnori\project\sample_test\server_build\src\main\java\kr\pe\sinnori\impl\message] creation task start
4월 11, 2018 6:00:30 오후 kr.pe.sinnori.common.buildsystem.ProjectBuilder createNewEncoderSourceFile
정보: main project[sample_test]'s message encoder file[Echo][D:\gitsinnori\sinnori\project\sample_test\server_build\src\main\java\kr\pe\sinnori\impl\message] creation task end
4월 11, 2018 6:00:30 오후 kr.pe.sinnori.common.buildsystem.ProjectBuilder createNewServerCodecSourceFile
정보: main project[sample_test]'s message server codec file[Echo][D:\gitsinnori\sinnori\project\sample_test\server_build\src\main\java\kr\pe\sinnori\impl\message] creation task start
4월 11, 2018 6:00:30 오후 kr.pe.sinnori.common.buildsystem.ProjectBuilder createNewServerCodecSourceFile
정보: main project[sample_test]'s message server codec file[Echo][D:\gitsinnori\sinnori\project\sample_test\server_build\src\main\java\kr\pe\sinnori\impl\message] creation task end
4월 11, 2018 6:00:30 오후 kr.pe.sinnori.common.buildsystem.ProjectBuilder createNewClientCodecSourceFile
정보: main project[sample_test]'s message client codec file[Echo][D:\gitsinnori\sinnori\project\sample_test\server_build\src\main\java\kr\pe\sinnori\impl\message] creation task start
4월 11, 2018 6:00:30 오후 kr.pe.sinnori.common.buildsystem.ProjectBuilder createNewClientCodecSourceFile
정보: main project[sample_test]'s message client codec file[Echo][D:\gitsinnori\sinnori\project\sample_test\server_build\src\main\java\kr\pe\sinnori\impl\message] creation task end
4월 11, 2018 6:00:30 오후 kr.pe.sinnori.common.util.CommonStaticUtil createChildDirectoriesOfBasePath
정보: the new child relative direcotry[D:\gitsinnori\sinnori\project\sample_test\server_build\src\main\java\kr\pe\sinnori\impl\message][PublicKeyReq] was created successfully
4월 11, 2018 6:00:30 오후 kr.pe.sinnori.common.buildsystem.ProjectBuilder createNewMessageSourceFile
정보: main project[sample_test]'s message file[PublicKeyReq][D:\gitsinnori\sinnori\project\sample_test\server_build\src\main\java\kr\pe\sinnori\impl\message] creation task start
4월 11, 2018 6:00:30 오후 kr.pe.sinnori.common.buildsystem.ProjectBuilder createNewMessageSourceFile
정보: main project[sample_test]'s message file[PublicKeyReq][D:\gitsinnori\sinnori\project\sample_test\server_build\src\main\java\kr\pe\sinnori\impl\message] creation task end
4월 11, 2018 6:00:30 오후 kr.pe.sinnori.common.buildsystem.ProjectBuilder createNewDecoderSourceFile
정보: main project[sample_test]'s message decoder file[PublicKeyReq][D:\gitsinnori\sinnori\project\sample_test\server_build\src\main\java\kr\pe\sinnori\impl\message] creation task start
4월 11, 2018 6:00:30 오후 kr.pe.sinnori.common.buildsystem.ProjectBuilder createNewDecoderSourceFile
정보: main project[sample_test]'s message decoder file[PublicKeyReq][D:\gitsinnori\sinnori\project\sample_test\server_build\src\main\java\kr\pe\sinnori\impl\message] creation task end
4월 11, 2018 6:00:30 오후 kr.pe.sinnori.common.buildsystem.ProjectBuilder createNewEncoderSourceFile
정보: main project[sample_test]'s message encoder file[PublicKeyReq][D:\gitsinnori\sinnori\project\sample_test\server_build\src\main\java\kr\pe\sinnori\impl\message] creation task start
4월 11, 2018 6:00:30 오후 kr.pe.sinnori.common.buildsystem.ProjectBuilder createNewEncoderSourceFile
정보: main project[sample_test]'s message encoder file[PublicKeyReq][D:\gitsinnori\sinnori\project\sample_test\server_build\src\main\java\kr\pe\sinnori\impl\message] creation task end
4월 11, 2018 6:00:30 오후 kr.pe.sinnori.common.buildsystem.ProjectBuilder createNewServerCodecSourceFile
정보: main project[sample_test]'s message server codec file[PublicKeyReq][D:\gitsinnori\sinnori\project\sample_test\server_build\src\main\java\kr\pe\sinnori\impl\message] creation task start
4월 11, 2018 6:00:30 오후 kr.pe.sinnori.common.buildsystem.ProjectBuilder createNewServerCodecSourceFile
정보: main project[sample_test]'s message server codec file[PublicKeyReq][D:\gitsinnori\sinnori\project\sample_test\server_build\src\main\java\kr\pe\sinnori\impl\message] creation task end
4월 11, 2018 6:00:30 오후 kr.pe.sinnori.common.buildsystem.ProjectBuilder createNewClientCodecSourceFile
정보: main project[sample_test]'s message client codec file[PublicKeyReq][D:\gitsinnori\sinnori\project\sample_test\server_build\src\main\java\kr\pe\sinnori\impl\message] creation task start
4월 11, 2018 6:00:30 오후 kr.pe.sinnori.common.buildsystem.ProjectBuilder createNewClientCodecSourceFile
정보: main project[sample_test]'s message client codec file[PublicKeyReq][D:\gitsinnori\sinnori\project\sample_test\server_build\src\main\java\kr\pe\sinnori\impl\message] creation task end
4월 11, 2018 6:00:30 오후 kr.pe.sinnori.common.util.CommonStaticUtil createChildDirectoriesOfBasePath
정보: the new child relative direcotry[D:\gitsinnori\sinnori\project\sample_test\server_build\src\main\java\kr\pe\sinnori\impl\message][PublicKeyRes] was created successfully
4월 11, 2018 6:00:30 오후 kr.pe.sinnori.common.buildsystem.ProjectBuilder createNewMessageSourceFile
정보: main project[sample_test]'s message file[PublicKeyRes][D:\gitsinnori\sinnori\project\sample_test\server_build\src\main\java\kr\pe\sinnori\impl\message] creation task start
4월 11, 2018 6:00:30 오후 kr.pe.sinnori.common.buildsystem.ProjectBuilder createNewMessageSourceFile
정보: main project[sample_test]'s message file[PublicKeyRes][D:\gitsinnori\sinnori\project\sample_test\server_build\src\main\java\kr\pe\sinnori\impl\message] creation task end
4월 11, 2018 6:00:30 오후 kr.pe.sinnori.common.buildsystem.ProjectBuilder createNewDecoderSourceFile
정보: main project[sample_test]'s message decoder file[PublicKeyRes][D:\gitsinnori\sinnori\project\sample_test\server_build\src\main\java\kr\pe\sinnori\impl\message] creation task start
4월 11, 2018 6:00:30 오후 kr.pe.sinnori.common.buildsystem.ProjectBuilder createNewDecoderSourceFile
정보: main project[sample_test]'s message decoder file[PublicKeyRes][D:\gitsinnori\sinnori\project\sample_test\server_build\src\main\java\kr\pe\sinnori\impl\message] creation task end
4월 11, 2018 6:00:30 오후 kr.pe.sinnori.common.buildsystem.ProjectBuilder createNewEncoderSourceFile
정보: main project[sample_test]'s message encoder file[PublicKeyRes][D:\gitsinnori\sinnori\project\sample_test\server_build\src\main\java\kr\pe\sinnori\impl\message] creation task start
4월 11, 2018 6:00:30 오후 kr.pe.sinnori.common.buildsystem.ProjectBuilder createNewEncoderSourceFile
정보: main project[sample_test]'s message encoder file[PublicKeyRes][D:\gitsinnori\sinnori\project\sample_test\server_build\src\main\java\kr\pe\sinnori\impl\message] creation task end
4월 11, 2018 6:00:30 오후 kr.pe.sinnori.common.buildsystem.ProjectBuilder createNewServerCodecSourceFile
정보: main project[sample_test]'s message server codec file[PublicKeyRes][D:\gitsinnori\sinnori\project\sample_test\server_build\src\main\java\kr\pe\sinnori\impl\message] creation task start
4월 11, 2018 6:00:30 오후 kr.pe.sinnori.common.buildsystem.ProjectBuilder createNewServerCodecSourceFile
정보: main project[sample_test]'s message server codec file[PublicKeyRes][D:\gitsinnori\sinnori\project\sample_test\server_build\src\main\java\kr\pe\sinnori\impl\message] creation task end
4월 11, 2018 6:00:30 오후 kr.pe.sinnori.common.buildsystem.ProjectBuilder createNewClientCodecSourceFile
정보: main project[sample_test]'s message client codec file[PublicKeyRes][D:\gitsinnori\sinnori\project\sample_test\server_build\src\main\java\kr\pe\sinnori\impl\message] creation task start
4월 11, 2018 6:00:30 오후 kr.pe.sinnori.common.buildsystem.ProjectBuilder createNewClientCodecSourceFile
정보: main project[sample_test]'s message client codec file[PublicKeyRes][D:\gitsinnori\sinnori\project\sample_test\server_build\src\main\java\kr\pe\sinnori\impl\message] creation task end
4월 11, 2018 6:00:30 오후 kr.pe.sinnori.common.buildsystem.ProjectBuilder createServerMessageIOFileSet
정보: main project[sample_test]'s server message io file set creation task end
4월 11, 2018 6:00:30 오후 kr.pe.sinnori.common.buildsystem.ProjectBuilder createServerBuildSystemFiles
정보: server build system files creation task end
4월 11, 2018 6:00:30 오후 kr.pe.sinnori.common.buildsystem.ProjectBuilder createFiles
정보: main project[sample_test]'s file creation task end
4월 11, 2018 6:00:30 오후 kr.pe.sinnori.common.buildsystem.ProjectBuilder isValidAppClientAntBuildXMLFile
정보: the app client ant build.xml file[D:\gitsinnori\sinnori\project\sample_test\client_build\app_build\build.xml] is bad :: whetherExist[false] isFile[false]
4월 11, 2018 6:00:30 오후 kr.pe.sinnori.common.buildsystem.ProjectBuilder isValidWebClientAntBuildXMLFile
정보: the web client ant build.xml file[D:\gitsinnori\sinnori\project\sample_test\client_build\web_build\build.xml] is bad :: whetherExist[false] isFile[false]
4월 11, 2018 6:00:30 오후 kr.pe.sinnori.common.config.SinnoriConfiguration convertSinnoriConfigSequencedPropertiesToAllPartItemsWithValidation
정보: item key[sessionkey.rsa.publickey.file.value]'s value is null because its status is inactive
4월 11, 2018 6:00:30 오후 kr.pe.sinnori.common.config.SinnoriConfiguration convertSinnoriConfigSequencedPropertiesToAllPartItemsWithValidation
정보: item key[sessionkey.rsa.privatekey.file.value]'s value is null because its status is inactive
4월 11, 2018 6:00:30 오후 kr.pe.sinnori.common.buildsystem.ProjectBuilder createChildDirectories
정보: main project[sample_test]'s child direcotry creation task start
4월 11, 2018 6:00:30 오후 kr.pe.sinnori.common.buildsystem.ProjectBuilder createCommonChildDirectories
정보: main project[sample_test]'s common child direcotry creation task start
4월 11, 2018 6:00:30 오후 kr.pe.sinnori.common.util.CommonStaticUtil createChildDirectoriesOfBasePath
정보: the new child relative direcotry[D:\gitsinnori\sinnori\project\sample_test][config] was created successfully
4월 11, 2018 6:00:30 오후 kr.pe.sinnori.common.util.CommonStaticUtil createChildDirectoriesOfBasePath
정보: the new child relative direcotry[D:\gitsinnori\sinnori\project\sample_test][resources/dbcp] was created successfully
4월 11, 2018 6:00:30 오후 kr.pe.sinnori.common.util.CommonStaticUtil createChildDirectoriesOfBasePath
정보: the new child relative direcotry[D:\gitsinnori\sinnori\project\sample_test][resources/message_info] was created successfully
4월 11, 2018 6:00:30 오후 kr.pe.sinnori.common.util.CommonStaticUtil createChildDirectoriesOfBasePath
정보: the new child relative direcotry[D:\gitsinnori\sinnori\project\sample_test][resources/rsa_keypair] was created successfully
4월 11, 2018 6:00:30 오후 kr.pe.sinnori.common.util.CommonStaticUtil createChildDirectoriesOfBasePath
정보: the new child relative direcotry[D:\gitsinnori\sinnori\project\sample_test][log/apache] was created successfully
4월 11, 2018 6:00:30 오후 kr.pe.sinnori.common.util.CommonStaticUtil createChildDirectoriesOfBasePath
정보: the new child relative direcotry[D:\gitsinnori\sinnori\project\sample_test][log/client] was created successfully
4월 11, 2018 6:00:30 오후 kr.pe.sinnori.common.util.CommonStaticUtil createChildDirectoriesOfBasePath
정보: the new child relative direcotry[D:\gitsinnori\sinnori\project\sample_test][log/server] was created successfully
4월 11, 2018 6:00:30 오후 kr.pe.sinnori.common.util.CommonStaticUtil createChildDirectoriesOfBasePath
정보: the new child relative direcotry[D:\gitsinnori\sinnori\project\sample_test][log/servlet] was created successfully
4월 11, 2018 6:00:30 오후 kr.pe.sinnori.common.buildsystem.ProjectBuilder createCommonChildDirectories
정보: main project[sample_test]'s common child direcotry creation task end
4월 11, 2018 6:00:30 오후 kr.pe.sinnori.common.buildsystem.ProjectBuilder createAppBuildChildDirectories
정보: main project[sample_test]'s application build child direcotry creation task start
4월 11, 2018 6:00:30 오후 kr.pe.sinnori.common.util.CommonStaticUtil createChildDirectoriesOfBasePath
정보: the new child relative direcotry[D:\gitsinnori\sinnori\project\sample_test][client_build/app_build/corelib/ex] was created successfully
4월 11, 2018 6:00:30 오후 kr.pe.sinnori.common.util.CommonStaticUtil createChildDirectoriesOfBasePath
정보: the new child relative direcotry[D:\gitsinnori\sinnori\project\sample_test][client_build/app_build/corelib/in] was created successfully
4월 11, 2018 6:00:30 오후 kr.pe.sinnori.common.util.CommonStaticUtil createChildDirectoriesOfBasePath
정보: the new child relative direcotry[D:\gitsinnori\sinnori\project\sample_test][client_build/app_build/lib/main/ex] was created successfully
4월 11, 2018 6:00:30 오후 kr.pe.sinnori.common.util.CommonStaticUtil createChildDirectoriesOfBasePath
정보: the new child relative direcotry[D:\gitsinnori\sinnori\project\sample_test][client_build/app_build/lib/main/in] was created successfully
4월 11, 2018 6:00:30 오후 kr.pe.sinnori.common.util.CommonStaticUtil createChildDirectoriesOfBasePath
정보: the new child relative direcotry[D:\gitsinnori\sinnori\project\sample_test][client_build/app_build/lib/test] was created successfully
4월 11, 2018 6:00:30 오후 kr.pe.sinnori.common.util.CommonStaticUtil createChildDirectoriesOfBasePath
정보: the new child relative direcotry[D:\gitsinnori\sinnori\project\sample_test][client_build/app_build/src/main/java/kr/pe/sinnori/impl/message] was created successfully
4월 11, 2018 6:00:30 오후 kr.pe.sinnori.common.util.CommonStaticUtil createChildDirectoriesOfBasePath
정보: the new child relative direcotry[D:\gitsinnori\sinnori\project\sample_test][client_build/app_build/src/main/java/main] was created successfully
4월 11, 2018 6:00:30 오후 kr.pe.sinnori.common.util.CommonStaticUtil createChildDirectoriesOfBasePath
정보: the new child relative direcotry[D:\gitsinnori\sinnori\project\sample_test][client_build/app_build/src/test/java] was created successfully
4월 11, 2018 6:00:30 오후 kr.pe.sinnori.common.util.CommonStaticUtil createChildDirectoriesOfBasePath
정보: the new child relative direcotry[D:\gitsinnori\sinnori\project\sample_test][client_build/app_build/build] was created successfully
4월 11, 2018 6:00:30 오후 kr.pe.sinnori.common.util.CommonStaticUtil createChildDirectoriesOfBasePath
정보: the new child relative direcotry[D:\gitsinnori\sinnori\project\sample_test][client_build/app_build/dist] was created successfully
4월 11, 2018 6:00:30 오후 kr.pe.sinnori.common.buildsystem.ProjectBuilder createAppBuildChildDirectories
정보: main project[sample_test]'s application build child direcotry creation task end
4월 11, 2018 6:00:30 오후 kr.pe.sinnori.common.buildsystem.ProjectBuilder createWebBuildChildDirectories
정보: main project[sample_test]'s web build child direcotry creation task start
4월 11, 2018 6:00:30 오후 kr.pe.sinnori.common.util.CommonStaticUtil createChildDirectoriesOfBasePath
정보: the new child relative direcotry[D:\gitsinnori\sinnori\project\sample_test][client_build/web_build/corelib/ex] was created successfully
4월 11, 2018 6:00:30 오후 kr.pe.sinnori.common.util.CommonStaticUtil createChildDirectoriesOfBasePath
정보: the new child relative direcotry[D:\gitsinnori\sinnori\project\sample_test][client_build/web_build/corelib/in] was created successfully
4월 11, 2018 6:00:30 오후 kr.pe.sinnori.common.util.CommonStaticUtil createChildDirectoriesOfBasePath
정보: the new child relative direcotry[D:\gitsinnori\sinnori\project\sample_test][client_build/web_build/lib/main/ex] was created successfully
4월 11, 2018 6:00:30 오후 kr.pe.sinnori.common.util.CommonStaticUtil createChildDirectoriesOfBasePath
정보: the new child relative direcotry[D:\gitsinnori\sinnori\project\sample_test][client_build/web_build/lib/main/in] was created successfully
4월 11, 2018 6:00:30 오후 kr.pe.sinnori.common.util.CommonStaticUtil createChildDirectoriesOfBasePath
정보: the new child relative direcotry[D:\gitsinnori\sinnori\project\sample_test][client_build/web_build/lib/test] was created successfully
4월 11, 2018 6:00:30 오후 kr.pe.sinnori.common.util.CommonStaticUtil createChildDirectoriesOfBasePath
정보: the new child relative direcotry[D:\gitsinnori\sinnori\project\sample_test][client_build/web_build/src/main/java/kr/pe/sinnori/impl/message] was created successfully
4월 11, 2018 6:00:30 오후 kr.pe.sinnori.common.util.CommonStaticUtil createChildDirectoriesOfBasePath
정보: the new child relative direcotry[D:\gitsinnori\sinnori\project\sample_test][client_build/web_build/src/main/java//kr/pe/sinnori/servlet] was created successfully
4월 11, 2018 6:00:30 오후 kr.pe.sinnori.common.util.CommonStaticUtil createChildDirectoriesOfBasePath
정보: the new child relative direcotry[D:\gitsinnori\sinnori\project\sample_test][client_build/web_build/src/main/java/kr/pe/sinnori/weblib/common] was created successfully
4월 11, 2018 6:00:30 오후 kr.pe.sinnori.common.util.CommonStaticUtil createChildDirectoriesOfBasePath
정보: the new child relative direcotry[D:\gitsinnori\sinnori\project\sample_test][client_build/web_build/src/main/java/kr/pe/sinnori/weblib/htmlstring] was created successfully
4월 11, 2018 6:00:30 오후 kr.pe.sinnori.common.util.CommonStaticUtil createChildDirectoriesOfBasePath
정보: the new child relative direcotry[D:\gitsinnori\sinnori\project\sample_test][client_build/web_build/src/main/java/kr/pe/sinnori/weblib/jdf] was created successfully
4월 11, 2018 6:00:30 오후 kr.pe.sinnori.common.util.CommonStaticUtil createChildDirectoriesOfBasePath
정보: the new child relative direcotry[D:\gitsinnori\sinnori\project\sample_test][client_build/web_build/src/test/java] was created successfully
4월 11, 2018 6:00:30 오후 kr.pe.sinnori.common.util.CommonStaticUtil createChildDirectoriesOfBasePath
정보: the new child relative direcotry[D:\gitsinnori\sinnori\project\sample_test][client_build/web_build/build] was created successfully
4월 11, 2018 6:00:30 오후 kr.pe.sinnori.common.util.CommonStaticUtil createChildDirectoriesOfBasePath
정보: the new child relative direcotry[D:\gitsinnori\sinnori\project\sample_test][client_build/web_build/dist] was created successfully
4월 11, 2018 6:00:30 오후 kr.pe.sinnori.common.buildsystem.ProjectBuilder createWebBuildChildDirectories
정보: main project[sample_test]'s web build child direcotry creation task end
4월 11, 2018 6:00:30 오후 kr.pe.sinnori.common.buildsystem.ProjectBuilder createWebRootChildDirectories
정보: main project[sample_test]'s web root child direcotry creation task start
4월 11, 2018 6:00:30 오후 kr.pe.sinnori.common.util.CommonStaticUtil createChildDirectoriesOfBasePath
정보: the new child relative direcotry[D:\gitsinnori\sinnori\project\sample_test][web_app_base/upload] was created successfully
4월 11, 2018 6:00:30 오후 kr.pe.sinnori.common.util.CommonStaticUtil createChildDirectoriesOfBasePath
정보: the new child relative direcotry[D:\gitsinnori\sinnori\project\sample_test][web_app_base/ROOT/WEB-INF/classes] was created successfully
4월 11, 2018 6:00:30 오후 kr.pe.sinnori.common.util.CommonStaticUtil createChildDirectoriesOfBasePath
정보: the new child relative direcotry[D:\gitsinnori\sinnori\project\sample_test][web_app_base/ROOT/WEB-INF/lib] was created successfully
4월 11, 2018 6:00:30 오후 kr.pe.sinnori.common.buildsystem.ProjectBuilder createWebRootChildDirectories
정보: main project[sample_test]'s web root child direcotry creation task end
4월 11, 2018 6:00:30 오후 kr.pe.sinnori.common.buildsystem.ProjectBuilder createChildDirectories
정보: main project[sample_test]'s child direcotry creation task end
4월 11, 2018 6:00:30 오후 kr.pe.sinnori.common.buildsystem.ProjectBuilder createFiles
정보: main project[sample_test]'s file creation task start
4월 11, 2018 6:00:30 오후 kr.pe.sinnori.common.buildsystem.ProjectBuilder createNewSinnoriConfigFile
정보: main project[sample_test]'s config file creation task start
4월 11, 2018 6:00:30 오후 kr.pe.sinnori.common.util.SequencedPropertiesUtil createNewSequencedPropertiesFile
정보: the sequenced properties file[D:\gitsinnori\sinnori\project\sample_test\config\sinnori.properties] was created
4월 11, 2018 6:00:30 오후 kr.pe.sinnori.common.buildsystem.ProjectBuilder createNewSinnoriConfigFile
정보: main project[sample_test]'s config file creation task end
4월 11, 2018 6:00:30 오후 kr.pe.sinnori.common.buildsystem.ProjectBuilder copySampleFilesToResoruces
정보: the mainproject[sample_test]'s resources directory copy task start
4월 11, 2018 6:00:30 오후 kr.pe.sinnori.common.buildsystem.ProjectBuilder copySampleFilesToResoruces
정보: the mainproject[sample_test]'s resources directory copy task end
4월 11, 2018 6:00:30 오후 kr.pe.sinnori.common.buildsystem.ProjectBuilder createAppClientBuildSystemFiles
정보: mainproject[sample_test]'s application client build system files creation task start
4월 11, 2018 6:00:30 오후 kr.pe.sinnori.common.buildsystem.ProjectBuilder createNewAppClientAntBuildXMLFile
정보: main project[sample_test]'s application client ant build.xml file creation task start
4월 11, 2018 6:00:30 오후 kr.pe.sinnori.common.buildsystem.ProjectBuilder createNewAppClientAntBuildXMLFile
정보: main project[sample_test]'s application client ant build.xml file creation task end
4월 11, 2018 6:00:30 오후 kr.pe.sinnori.common.buildsystem.ProjectBuilder createNewAppClientDosShellFile
정보: main project[sample_test]'s application client dos shell file creation task start
4월 11, 2018 6:00:30 오후 kr.pe.sinnori.common.buildsystem.ProjectBuilder createNewAppClientDosShellFile
정보: main project[sample_test]'s application client dos shell file creation task end
4월 11, 2018 6:00:30 오후 kr.pe.sinnori.common.buildsystem.ProjectBuilder createNewAppClientUnixShellFile
정보: main project[sample_test]'s application client unix shell file creation task start
4월 11, 2018 6:00:30 오후 kr.pe.sinnori.common.buildsystem.ProjectBuilder createNewAppClientUnixShellFile
정보: main project[sample_test]'s application client unix shell file creation task end
4월 11, 2018 6:00:30 오후 kr.pe.sinnori.common.buildsystem.ProjectBuilder copyAppClientSampleFiles
정보: application client sample source files copy task start
4월 11, 2018 6:00:30 오후 kr.pe.sinnori.common.buildsystem.ProjectBuilder copyAppClientSampleFiles
정보: application client sample source files copy task end
4월 11, 2018 6:00:30 오후 kr.pe.sinnori.common.buildsystem.ProjectBuilder createNewAppClientAllMessageIOFileSet
정보: main project[sample_test]'s application client message io file set creation task start
4월 11, 2018 6:00:30 오후 kr.pe.sinnori.common.util.CommonStaticUtil createChildDirectoriesOfBasePath
정보: the new child relative direcotry[D:\gitsinnori\sinnori\project\sample_test\client_build\app_build\src\main\java\kr\pe\sinnori\impl\message][Echo] was created successfully
4월 11, 2018 6:00:30 오후 kr.pe.sinnori.common.buildsystem.ProjectBuilder createNewMessageSourceFile
정보: main project[sample_test]'s message file[Echo][D:\gitsinnori\sinnori\project\sample_test\client_build\app_build\src\main\java\kr\pe\sinnori\impl\message] creation task start
4월 11, 2018 6:00:30 오후 kr.pe.sinnori.common.buildsystem.ProjectBuilder createNewMessageSourceFile
정보: main project[sample_test]'s message file[Echo][D:\gitsinnori\sinnori\project\sample_test\client_build\app_build\src\main\java\kr\pe\sinnori\impl\message] creation task end
4월 11, 2018 6:00:30 오후 kr.pe.sinnori.common.buildsystem.ProjectBuilder createNewDecoderSourceFile
정보: main project[sample_test]'s message decoder file[Echo][D:\gitsinnori\sinnori\project\sample_test\client_build\app_build\src\main\java\kr\pe\sinnori\impl\message] creation task start
4월 11, 2018 6:00:30 오후 kr.pe.sinnori.common.buildsystem.ProjectBuilder createNewDecoderSourceFile
정보: main project[sample_test]'s message decoder file[Echo][D:\gitsinnori\sinnori\project\sample_test\client_build\app_build\src\main\java\kr\pe\sinnori\impl\message] creation task end
4월 11, 2018 6:00:30 오후 kr.pe.sinnori.common.buildsystem.ProjectBuilder createNewEncoderSourceFile
정보: main project[sample_test]'s message encoder file[Echo][D:\gitsinnori\sinnori\project\sample_test\client_build\app_build\src\main\java\kr\pe\sinnori\impl\message] creation task start
4월 11, 2018 6:00:30 오후 kr.pe.sinnori.common.buildsystem.ProjectBuilder createNewEncoderSourceFile
정보: main project[sample_test]'s message encoder file[Echo][D:\gitsinnori\sinnori\project\sample_test\client_build\app_build\src\main\java\kr\pe\sinnori\impl\message] creation task end
4월 11, 2018 6:00:30 오후 kr.pe.sinnori.common.buildsystem.ProjectBuilder createNewServerCodecSourceFile
정보: main project[sample_test]'s message server codec file[Echo][D:\gitsinnori\sinnori\project\sample_test\client_build\app_build\src\main\java\kr\pe\sinnori\impl\message] creation task start
4월 11, 2018 6:00:30 오후 kr.pe.sinnori.common.buildsystem.ProjectBuilder createNewServerCodecSourceFile
정보: main project[sample_test]'s message server codec file[Echo][D:\gitsinnori\sinnori\project\sample_test\client_build\app_build\src\main\java\kr\pe\sinnori\impl\message] creation task end
4월 11, 2018 6:00:30 오후 kr.pe.sinnori.common.buildsystem.ProjectBuilder createNewClientCodecSourceFile
정보: main project[sample_test]'s message client codec file[Echo][D:\gitsinnori\sinnori\project\sample_test\client_build\app_build\src\main\java\kr\pe\sinnori\impl\message] creation task start
4월 11, 2018 6:00:30 오후 kr.pe.sinnori.common.buildsystem.ProjectBuilder createNewClientCodecSourceFile
정보: main project[sample_test]'s message client codec file[Echo][D:\gitsinnori\sinnori\project\sample_test\client_build\app_build\src\main\java\kr\pe\sinnori\impl\message] creation task end
4월 11, 2018 6:00:30 오후 kr.pe.sinnori.common.util.CommonStaticUtil createChildDirectoriesOfBasePath
정보: the new child relative direcotry[D:\gitsinnori\sinnori\project\sample_test\client_build\app_build\src\main\java\kr\pe\sinnori\impl\message][PublicKeyReq] was created successfully
4월 11, 2018 6:00:30 오후 kr.pe.sinnori.common.buildsystem.ProjectBuilder createNewMessageSourceFile
정보: main project[sample_test]'s message file[PublicKeyReq][D:\gitsinnori\sinnori\project\sample_test\client_build\app_build\src\main\java\kr\pe\sinnori\impl\message] creation task start
4월 11, 2018 6:00:30 오후 kr.pe.sinnori.common.buildsystem.ProjectBuilder createNewMessageSourceFile
정보: main project[sample_test]'s message file[PublicKeyReq][D:\gitsinnori\sinnori\project\sample_test\client_build\app_build\src\main\java\kr\pe\sinnori\impl\message] creation task end
4월 11, 2018 6:00:30 오후 kr.pe.sinnori.common.buildsystem.ProjectBuilder createNewDecoderSourceFile
정보: main project[sample_test]'s message decoder file[PublicKeyReq][D:\gitsinnori\sinnori\project\sample_test\client_build\app_build\src\main\java\kr\pe\sinnori\impl\message] creation task start
4월 11, 2018 6:00:30 오후 kr.pe.sinnori.common.buildsystem.ProjectBuilder createNewDecoderSourceFile
정보: main project[sample_test]'s message decoder file[PublicKeyReq][D:\gitsinnori\sinnori\project\sample_test\client_build\app_build\src\main\java\kr\pe\sinnori\impl\message] creation task end
4월 11, 2018 6:00:30 오후 kr.pe.sinnori.common.buildsystem.ProjectBuilder createNewEncoderSourceFile
정보: main project[sample_test]'s message encoder file[PublicKeyReq][D:\gitsinnori\sinnori\project\sample_test\client_build\app_build\src\main\java\kr\pe\sinnori\impl\message] creation task start
4월 11, 2018 6:00:30 오후 kr.pe.sinnori.common.buildsystem.ProjectBuilder createNewEncoderSourceFile
정보: main project[sample_test]'s message encoder file[PublicKeyReq][D:\gitsinnori\sinnori\project\sample_test\client_build\app_build\src\main\java\kr\pe\sinnori\impl\message] creation task end
4월 11, 2018 6:00:30 오후 kr.pe.sinnori.common.buildsystem.ProjectBuilder createNewServerCodecSourceFile
정보: main project[sample_test]'s message server codec file[PublicKeyReq][D:\gitsinnori\sinnori\project\sample_test\client_build\app_build\src\main\java\kr\pe\sinnori\impl\message] creation task start
4월 11, 2018 6:00:30 오후 kr.pe.sinnori.common.buildsystem.ProjectBuilder createNewServerCodecSourceFile
정보: main project[sample_test]'s message server codec file[PublicKeyReq][D:\gitsinnori\sinnori\project\sample_test\client_build\app_build\src\main\java\kr\pe\sinnori\impl\message] creation task end
4월 11, 2018 6:00:30 오후 kr.pe.sinnori.common.buildsystem.ProjectBuilder createNewClientCodecSourceFile
정보: main project[sample_test]'s message client codec file[PublicKeyReq][D:\gitsinnori\sinnori\project\sample_test\client_build\app_build\src\main\java\kr\pe\sinnori\impl\message] creation task start
4월 11, 2018 6:00:30 오후 kr.pe.sinnori.common.buildsystem.ProjectBuilder createNewClientCodecSourceFile
정보: main project[sample_test]'s message client codec file[PublicKeyReq][D:\gitsinnori\sinnori\project\sample_test\client_build\app_build\src\main\java\kr\pe\sinnori\impl\message] creation task end
4월 11, 2018 6:00:30 오후 kr.pe.sinnori.common.util.CommonStaticUtil createChildDirectoriesOfBasePath
정보: the new child relative direcotry[D:\gitsinnori\sinnori\project\sample_test\client_build\app_build\src\main\java\kr\pe\sinnori\impl\message][PublicKeyRes] was created successfully
4월 11, 2018 6:00:30 오후 kr.pe.sinnori.common.buildsystem.ProjectBuilder createNewMessageSourceFile
정보: main project[sample_test]'s message file[PublicKeyRes][D:\gitsinnori\sinnori\project\sample_test\client_build\app_build\src\main\java\kr\pe\sinnori\impl\message] creation task start
4월 11, 2018 6:00:30 오후 kr.pe.sinnori.common.buildsystem.ProjectBuilder createNewMessageSourceFile
정보: main project[sample_test]'s message file[PublicKeyRes][D:\gitsinnori\sinnori\project\sample_test\client_build\app_build\src\main\java\kr\pe\sinnori\impl\message] creation task end
4월 11, 2018 6:00:30 오후 kr.pe.sinnori.common.buildsystem.ProjectBuilder createNewDecoderSourceFile
정보: main project[sample_test]'s message decoder file[PublicKeyRes][D:\gitsinnori\sinnori\project\sample_test\client_build\app_build\src\main\java\kr\pe\sinnori\impl\message] creation task start
4월 11, 2018 6:00:30 오후 kr.pe.sinnori.common.buildsystem.ProjectBuilder createNewDecoderSourceFile
정보: main project[sample_test]'s message decoder file[PublicKeyRes][D:\gitsinnori\sinnori\project\sample_test\client_build\app_build\src\main\java\kr\pe\sinnori\impl\message] creation task end
4월 11, 2018 6:00:30 오후 kr.pe.sinnori.common.buildsystem.ProjectBuilder createNewEncoderSourceFile
정보: main project[sample_test]'s message encoder file[PublicKeyRes][D:\gitsinnori\sinnori\project\sample_test\client_build\app_build\src\main\java\kr\pe\sinnori\impl\message] creation task start
4월 11, 2018 6:00:30 오후 kr.pe.sinnori.common.buildsystem.ProjectBuilder createNewEncoderSourceFile
정보: main project[sample_test]'s message encoder file[PublicKeyRes][D:\gitsinnori\sinnori\project\sample_test\client_build\app_build\src\main\java\kr\pe\sinnori\impl\message] creation task end
4월 11, 2018 6:00:30 오후 kr.pe.sinnori.common.buildsystem.ProjectBuilder createNewServerCodecSourceFile
정보: main project[sample_test]'s message server codec file[PublicKeyRes][D:\gitsinnori\sinnori\project\sample_test\client_build\app_build\src\main\java\kr\pe\sinnori\impl\message] creation task start
4월 11, 2018 6:00:30 오후 kr.pe.sinnori.common.buildsystem.ProjectBuilder createNewServerCodecSourceFile
정보: main project[sample_test]'s message server codec file[PublicKeyRes][D:\gitsinnori\sinnori\project\sample_test\client_build\app_build\src\main\java\kr\pe\sinnori\impl\message] creation task end
4월 11, 2018 6:00:30 오후 kr.pe.sinnori.common.buildsystem.ProjectBuilder createNewClientCodecSourceFile
정보: main project[sample_test]'s message client codec file[PublicKeyRes][D:\gitsinnori\sinnori\project\sample_test\client_build\app_build\src\main\java\kr\pe\sinnori\impl\message] creation task start
4월 11, 2018 6:00:30 오후 kr.pe.sinnori.common.buildsystem.ProjectBuilder createNewClientCodecSourceFile
정보: main project[sample_test]'s message client codec file[PublicKeyRes][D:\gitsinnori\sinnori\project\sample_test\client_build\app_build\src\main\java\kr\pe\sinnori\impl\message] creation task end
4월 11, 2018 6:00:30 오후 kr.pe.sinnori.common.buildsystem.ProjectBuilder createNewAppClientAllMessageIOFileSet
정보: main project[sample_test]'s application client message io file set creation task end
4월 11, 2018 6:00:30 오후 kr.pe.sinnori.common.buildsystem.ProjectBuilder createAppClientBuildSystemFiles
정보: mainproject[sample_test]'s application client build system files creation task end
4월 11, 2018 6:00:30 오후 kr.pe.sinnori.common.buildsystem.ProjectBuilder createWebClientBuildSystemFiles
정보: main project[sample_test]'s web client build system files creation task start
4월 11, 2018 6:00:30 오후 kr.pe.sinnori.common.buildsystem.ProjectBuilder createNewWebClientAntBuildFile
정보: main project[sample_test]'s web client ant build.xml file creation task start
4월 11, 2018 6:00:30 오후 kr.pe.sinnori.common.buildsystem.ProjectBuilder createNewWebClientAntBuildFile
정보: main project[sample_test]'s web client ant build.xml file creation task end
4월 11, 2018 6:00:30 오후 kr.pe.sinnori.common.buildsystem.ProjectBuilder createNewWebClientAntPropertiesFile
정보: main project[sample_test]'s web client ant properties file creation task start
4월 11, 2018 6:00:30 오후 kr.pe.sinnori.common.util.SequencedPropertiesUtil createNewSequencedPropertiesFile
정보: the sequenced properties file[D:\gitsinnori\sinnori\project\sample_test\client_build\web_build\webAnt.properties] was created
4월 11, 2018 6:00:30 오후 kr.pe.sinnori.common.buildsystem.ProjectBuilder createNewWebClientAntPropertiesFile
정보: main project[sample_test]'s web client ant properties file creation task end
4월 11, 2018 6:00:30 오후 kr.pe.sinnori.common.buildsystem.ProjectBuilder createNewWebClientMessageIOFileSet
정보: main project[sample_test]'s web client message io file set creation task start
4월 11, 2018 6:00:30 오후 kr.pe.sinnori.common.util.CommonStaticUtil createChildDirectoriesOfBasePath
정보: the new child relative direcotry[D:\gitsinnori\sinnori\project\sample_test\client_build\web_build\src\main\java\kr\pe\sinnori\impl\message][Echo] was created successfully
4월 11, 2018 6:00:30 오후 kr.pe.sinnori.common.buildsystem.ProjectBuilder createNewMessageSourceFile
정보: main project[sample_test]'s message file[Echo][D:\gitsinnori\sinnori\project\sample_test\client_build\web_build\src\main\java\kr\pe\sinnori\impl\message] creation task start
4월 11, 2018 6:00:30 오후 kr.pe.sinnori.common.buildsystem.ProjectBuilder createNewMessageSourceFile
정보: main project[sample_test]'s message file[Echo][D:\gitsinnori\sinnori\project\sample_test\client_build\web_build\src\main\java\kr\pe\sinnori\impl\message] creation task end
4월 11, 2018 6:00:30 오후 kr.pe.sinnori.common.buildsystem.ProjectBuilder createNewDecoderSourceFile
정보: main project[sample_test]'s message decoder file[Echo][D:\gitsinnori\sinnori\project\sample_test\client_build\web_build\src\main\java\kr\pe\sinnori\impl\message] creation task start
4월 11, 2018 6:00:30 오후 kr.pe.sinnori.common.buildsystem.ProjectBuilder createNewDecoderSourceFile
정보: main project[sample_test]'s message decoder file[Echo][D:\gitsinnori\sinnori\project\sample_test\client_build\web_build\src\main\java\kr\pe\sinnori\impl\message] creation task end
4월 11, 2018 6:00:30 오후 kr.pe.sinnori.common.buildsystem.ProjectBuilder createNewEncoderSourceFile
정보: main project[sample_test]'s message encoder file[Echo][D:\gitsinnori\sinnori\project\sample_test\client_build\web_build\src\main\java\kr\pe\sinnori\impl\message] creation task start
4월 11, 2018 6:00:30 오후 kr.pe.sinnori.common.buildsystem.ProjectBuilder createNewEncoderSourceFile
정보: main project[sample_test]'s message encoder file[Echo][D:\gitsinnori\sinnori\project\sample_test\client_build\web_build\src\main\java\kr\pe\sinnori\impl\message] creation task end
4월 11, 2018 6:00:30 오후 kr.pe.sinnori.common.buildsystem.ProjectBuilder createNewServerCodecSourceFile
정보: main project[sample_test]'s message server codec file[Echo][D:\gitsinnori\sinnori\project\sample_test\client_build\web_build\src\main\java\kr\pe\sinnori\impl\message] creation task start
4월 11, 2018 6:00:30 오후 kr.pe.sinnori.common.buildsystem.ProjectBuilder createNewServerCodecSourceFile
정보: main project[sample_test]'s message server codec file[Echo][D:\gitsinnori\sinnori\project\sample_test\client_build\web_build\src\main\java\kr\pe\sinnori\impl\message] creation task end
4월 11, 2018 6:00:30 오후 kr.pe.sinnori.common.buildsystem.ProjectBuilder createNewClientCodecSourceFile
정보: main project[sample_test]'s message client codec file[Echo][D:\gitsinnori\sinnori\project\sample_test\client_build\web_build\src\main\java\kr\pe\sinnori\impl\message] creation task start
4월 11, 2018 6:00:30 오후 kr.pe.sinnori.common.buildsystem.ProjectBuilder createNewClientCodecSourceFile
정보: main project[sample_test]'s message client codec file[Echo][D:\gitsinnori\sinnori\project\sample_test\client_build\web_build\src\main\java\kr\pe\sinnori\impl\message] creation task end
4월 11, 2018 6:00:30 오후 kr.pe.sinnori.common.util.CommonStaticUtil createChildDirectoriesOfBasePath
정보: the new child relative direcotry[D:\gitsinnori\sinnori\project\sample_test\client_build\web_build\src\main\java\kr\pe\sinnori\impl\message][PublicKeyReq] was created successfully
4월 11, 2018 6:00:30 오후 kr.pe.sinnori.common.buildsystem.ProjectBuilder createNewMessageSourceFile
정보: main project[sample_test]'s message file[PublicKeyReq][D:\gitsinnori\sinnori\project\sample_test\client_build\web_build\src\main\java\kr\pe\sinnori\impl\message] creation task start
4월 11, 2018 6:00:30 오후 kr.pe.sinnori.common.buildsystem.ProjectBuilder createNewMessageSourceFile
정보: main project[sample_test]'s message file[PublicKeyReq][D:\gitsinnori\sinnori\project\sample_test\client_build\web_build\src\main\java\kr\pe\sinnori\impl\message] creation task end
4월 11, 2018 6:00:30 오후 kr.pe.sinnori.common.buildsystem.ProjectBuilder createNewDecoderSourceFile
정보: main project[sample_test]'s message decoder file[PublicKeyReq][D:\gitsinnori\sinnori\project\sample_test\client_build\web_build\src\main\java\kr\pe\sinnori\impl\message] creation task start
4월 11, 2018 6:00:30 오후 kr.pe.sinnori.common.buildsystem.ProjectBuilder createNewDecoderSourceFile
정보: main project[sample_test]'s message decoder file[PublicKeyReq][D:\gitsinnori\sinnori\project\sample_test\client_build\web_build\src\main\java\kr\pe\sinnori\impl\message] creation task end
4월 11, 2018 6:00:30 오후 kr.pe.sinnori.common.buildsystem.ProjectBuilder createNewEncoderSourceFile
정보: main project[sample_test]'s message encoder file[PublicKeyReq][D:\gitsinnori\sinnori\project\sample_test\client_build\web_build\src\main\java\kr\pe\sinnori\impl\message] creation task start
4월 11, 2018 6:00:30 오후 kr.pe.sinnori.common.buildsystem.ProjectBuilder createNewEncoderSourceFile
정보: main project[sample_test]'s message encoder file[PublicKeyReq][D:\gitsinnori\sinnori\project\sample_test\client_build\web_build\src\main\java\kr\pe\sinnori\impl\message] creation task end
4월 11, 2018 6:00:30 오후 kr.pe.sinnori.common.buildsystem.ProjectBuilder createNewServerCodecSourceFile
정보: main project[sample_test]'s message server codec file[PublicKeyReq][D:\gitsinnori\sinnori\project\sample_test\client_build\web_build\src\main\java\kr\pe\sinnori\impl\message] creation task start
4월 11, 2018 6:00:30 오후 kr.pe.sinnori.common.buildsystem.ProjectBuilder createNewServerCodecSourceFile
정보: main project[sample_test]'s message server codec file[PublicKeyReq][D:\gitsinnori\sinnori\project\sample_test\client_build\web_build\src\main\java\kr\pe\sinnori\impl\message] creation task end
4월 11, 2018 6:00:30 오후 kr.pe.sinnori.common.buildsystem.ProjectBuilder createNewClientCodecSourceFile
정보: main project[sample_test]'s message client codec file[PublicKeyReq][D:\gitsinnori\sinnori\project\sample_test\client_build\web_build\src\main\java\kr\pe\sinnori\impl\message] creation task start
4월 11, 2018 6:00:30 오후 kr.pe.sinnori.common.buildsystem.ProjectBuilder createNewClientCodecSourceFile
정보: main project[sample_test]'s message client codec file[PublicKeyReq][D:\gitsinnori\sinnori\project\sample_test\client_build\web_build\src\main\java\kr\pe\sinnori\impl\message] creation task end
4월 11, 2018 6:00:30 오후 kr.pe.sinnori.common.util.CommonStaticUtil createChildDirectoriesOfBasePath
정보: the new child relative direcotry[D:\gitsinnori\sinnori\project\sample_test\client_build\web_build\src\main\java\kr\pe\sinnori\impl\message][PublicKeyRes] was created successfully
4월 11, 2018 6:00:30 오후 kr.pe.sinnori.common.buildsystem.ProjectBuilder createNewMessageSourceFile
정보: main project[sample_test]'s message file[PublicKeyRes][D:\gitsinnori\sinnori\project\sample_test\client_build\web_build\src\main\java\kr\pe\sinnori\impl\message] creation task start
4월 11, 2018 6:00:30 오후 kr.pe.sinnori.common.buildsystem.ProjectBuilder createNewMessageSourceFile
정보: main project[sample_test]'s message file[PublicKeyRes][D:\gitsinnori\sinnori\project\sample_test\client_build\web_build\src\main\java\kr\pe\sinnori\impl\message] creation task end
4월 11, 2018 6:00:30 오후 kr.pe.sinnori.common.buildsystem.ProjectBuilder createNewDecoderSourceFile
정보: main project[sample_test]'s message decoder file[PublicKeyRes][D:\gitsinnori\sinnori\project\sample_test\client_build\web_build\src\main\java\kr\pe\sinnori\impl\message] creation task start
4월 11, 2018 6:00:30 오후 kr.pe.sinnori.common.buildsystem.ProjectBuilder createNewDecoderSourceFile
정보: main project[sample_test]'s message decoder file[PublicKeyRes][D:\gitsinnori\sinnori\project\sample_test\client_build\web_build\src\main\java\kr\pe\sinnori\impl\message] creation task end
4월 11, 2018 6:00:30 오후 kr.pe.sinnori.common.buildsystem.ProjectBuilder createNewEncoderSourceFile
정보: main project[sample_test]'s message encoder file[PublicKeyRes][D:\gitsinnori\sinnori\project\sample_test\client_build\web_build\src\main\java\kr\pe\sinnori\impl\message] creation task start
4월 11, 2018 6:00:30 오후 kr.pe.sinnori.common.buildsystem.ProjectBuilder createNewEncoderSourceFile
정보: main project[sample_test]'s message encoder file[PublicKeyRes][D:\gitsinnori\sinnori\project\sample_test\client_build\web_build\src\main\java\kr\pe\sinnori\impl\message] creation task end
4월 11, 2018 6:00:30 오후 kr.pe.sinnori.common.buildsystem.ProjectBuilder createNewServerCodecSourceFile
정보: main project[sample_test]'s message server codec file[PublicKeyRes][D:\gitsinnori\sinnori\project\sample_test\client_build\web_build\src\main\java\kr\pe\sinnori\impl\message] creation task start
4월 11, 2018 6:00:30 오후 kr.pe.sinnori.common.buildsystem.ProjectBuilder createNewServerCodecSourceFile
정보: main project[sample_test]'s message server codec file[PublicKeyRes][D:\gitsinnori\sinnori\project\sample_test\client_build\web_build\src\main\java\kr\pe\sinnori\impl\message] creation task end
4월 11, 2018 6:00:30 오후 kr.pe.sinnori.common.buildsystem.ProjectBuilder createNewClientCodecSourceFile
정보: main project[sample_test]'s message client codec file[PublicKeyRes][D:\gitsinnori\sinnori\project\sample_test\client_build\web_build\src\main\java\kr\pe\sinnori\impl\message] creation task start
4월 11, 2018 6:00:30 오후 kr.pe.sinnori.common.buildsystem.ProjectBuilder createNewClientCodecSourceFile
정보: main project[sample_test]'s message client codec file[PublicKeyRes][D:\gitsinnori\sinnori\project\sample_test\client_build\web_build\src\main\java\kr\pe\sinnori\impl\message] creation task end
4월 11, 2018 6:00:30 오후 kr.pe.sinnori.common.buildsystem.ProjectBuilder createNewWebClientMessageIOFileSet
정보: main project[sample_test]'s web client message io file set creation task end
4월 11, 2018 6:00:30 오후 kr.pe.sinnori.common.buildsystem.ProjectBuilder copyWebClientSampleFiles
정보: mainproject[sample_test]'s web client sample source files copy task start
4월 11, 2018 6:00:30 오후 kr.pe.sinnori.common.buildsystem.ProjectBuilder copyWebClientSampleFiles
정보: mainproject[sample_test]'s web client sample source files copy task end
4월 11, 2018 6:00:30 오후 kr.pe.sinnori.common.buildsystem.ProjectBuilder createWebClientBuildSystemFiles
정보: main project[sample_test]'s web client build system files creation task end
4월 11, 2018 6:00:30 오후 kr.pe.sinnori.common.buildsystem.ProjectBuilder createWebRootSampleFiles
정보: main project[sample_test]'s web root sample files creation task start
4월 11, 2018 6:00:30 오후 kr.pe.sinnori.common.buildsystem.ProjectBuilder copyWebRootSampleFiles
정보: main project[sample_test]'s web root sample files copy task start
4월 11, 2018 6:00:30 오후 kr.pe.sinnori.common.buildsystem.ProjectBuilder copyWebRootSampleFiles
정보: main project[sample_test]'s web root sample files copy task end
4월 11, 2018 6:00:30 오후 kr.pe.sinnori.common.buildsystem.ProjectBuilder createWebRootSampleFiles
정보: main project[sample_test]'s web root sample files creation task end
4월 11, 2018 6:00:31 오후 kr.pe.sinnori.common.buildsystem.ProjectBuilder createFiles
정보: main project[sample_test]'s file creation task end
4월 11, 2018 6:00:31 오후 kr.pe.sinnori.common.buildsystem.ProjectBuilder isValidServerAntBuildXMLFile
정보: the server ant build.xml file[D:\gitsinnori\sinnori\project\sample_test\server_build\build.xml] is bad :: whetherExist[false] isFile[false]
4월 11, 2018 6:00:31 오후 kr.pe.sinnori.common.config.SinnoriConfiguration convertSinnoriConfigSequencedPropertiesToAllPartItemsWithValidation
정보: item key[sessionkey.rsa.publickey.file.value]'s value is null because its status is inactive
4월 11, 2018 6:00:31 오후 kr.pe.sinnori.common.config.SinnoriConfiguration convertSinnoriConfigSequencedPropertiesToAllPartItemsWithValidation
정보: item key[sessionkey.rsa.privatekey.file.value]'s value is null because its status is inactive
4월 11, 2018 6:00:31 오후 kr.pe.sinnori.common.buildsystem.ProjectBuilder createChildDirectories
정보: main project[sample_test]'s child direcotry creation task start
4월 11, 2018 6:00:31 오후 kr.pe.sinnori.common.buildsystem.ProjectBuilder createCommonChildDirectories
정보: main project[sample_test]'s common child direcotry creation task start
4월 11, 2018 6:00:31 오후 kr.pe.sinnori.common.util.CommonStaticUtil createChildDirectoriesOfBasePath
정보: the new child relative direcotry[D:\gitsinnori\sinnori\project\sample_test][config] was created successfully
4월 11, 2018 6:00:31 오후 kr.pe.sinnori.common.util.CommonStaticUtil createChildDirectoriesOfBasePath
정보: the new child relative direcotry[D:\gitsinnori\sinnori\project\sample_test][resources/dbcp] was created successfully
4월 11, 2018 6:00:31 오후 kr.pe.sinnori.common.util.CommonStaticUtil createChildDirectoriesOfBasePath
정보: the new child relative direcotry[D:\gitsinnori\sinnori\project\sample_test][resources/message_info] was created successfully
4월 11, 2018 6:00:31 오후 kr.pe.sinnori.common.util.CommonStaticUtil createChildDirectoriesOfBasePath
정보: the new child relative direcotry[D:\gitsinnori\sinnori\project\sample_test][resources/rsa_keypair] was created successfully
4월 11, 2018 6:00:31 오후 kr.pe.sinnori.common.util.CommonStaticUtil createChildDirectoriesOfBasePath
정보: the new child relative direcotry[D:\gitsinnori\sinnori\project\sample_test][log/apache] was created successfully
4월 11, 2018 6:00:31 오후 kr.pe.sinnori.common.util.CommonStaticUtil createChildDirectoriesOfBasePath
정보: the new child relative direcotry[D:\gitsinnori\sinnori\project\sample_test][log/client] was created successfully
4월 11, 2018 6:00:31 오후 kr.pe.sinnori.common.util.CommonStaticUtil createChildDirectoriesOfBasePath
정보: the new child relative direcotry[D:\gitsinnori\sinnori\project\sample_test][log/server] was created successfully
4월 11, 2018 6:00:31 오후 kr.pe.sinnori.common.util.CommonStaticUtil createChildDirectoriesOfBasePath
정보: the new child relative direcotry[D:\gitsinnori\sinnori\project\sample_test][log/servlet] was created successfully
4월 11, 2018 6:00:31 오후 kr.pe.sinnori.common.buildsystem.ProjectBuilder createCommonChildDirectories
정보: main project[sample_test]'s common child direcotry creation task end
4월 11, 2018 6:00:31 오후 kr.pe.sinnori.common.buildsystem.ProjectBuilder createAppBuildChildDirectories
정보: main project[sample_test]'s application build child direcotry creation task start
4월 11, 2018 6:00:31 오후 kr.pe.sinnori.common.util.CommonStaticUtil createChildDirectoriesOfBasePath
정보: the new child relative direcotry[D:\gitsinnori\sinnori\project\sample_test][client_build/app_build/corelib/ex] was created successfully
4월 11, 2018 6:00:31 오후 kr.pe.sinnori.common.util.CommonStaticUtil createChildDirectoriesOfBasePath
정보: the new child relative direcotry[D:\gitsinnori\sinnori\project\sample_test][client_build/app_build/corelib/in] was created successfully
4월 11, 2018 6:00:31 오후 kr.pe.sinnori.common.util.CommonStaticUtil createChildDirectoriesOfBasePath
정보: the new child relative direcotry[D:\gitsinnori\sinnori\project\sample_test][client_build/app_build/lib/main/ex] was created successfully
4월 11, 2018 6:00:31 오후 kr.pe.sinnori.common.util.CommonStaticUtil createChildDirectoriesOfBasePath
정보: the new child relative direcotry[D:\gitsinnori\sinnori\project\sample_test][client_build/app_build/lib/main/in] was created successfully
4월 11, 2018 6:00:31 오후 kr.pe.sinnori.common.util.CommonStaticUtil createChildDirectoriesOfBasePath
정보: the new child relative direcotry[D:\gitsinnori\sinnori\project\sample_test][client_build/app_build/lib/test] was created successfully
4월 11, 2018 6:00:31 오후 kr.pe.sinnori.common.util.CommonStaticUtil createChildDirectoriesOfBasePath
정보: the new child relative direcotry[D:\gitsinnori\sinnori\project\sample_test][client_build/app_build/src/main/java/kr/pe/sinnori/impl/message] was created successfully
4월 11, 2018 6:00:31 오후 kr.pe.sinnori.common.util.CommonStaticUtil createChildDirectoriesOfBasePath
정보: the new child relative direcotry[D:\gitsinnori\sinnori\project\sample_test][client_build/app_build/src/main/java/main] was created successfully
4월 11, 2018 6:00:31 오후 kr.pe.sinnori.common.util.CommonStaticUtil createChildDirectoriesOfBasePath
정보: the new child relative direcotry[D:\gitsinnori\sinnori\project\sample_test][client_build/app_build/src/test/java] was created successfully
4월 11, 2018 6:00:31 오후 kr.pe.sinnori.common.util.CommonStaticUtil createChildDirectoriesOfBasePath
정보: the new child relative direcotry[D:\gitsinnori\sinnori\project\sample_test][client_build/app_build/build] was created successfully
4월 11, 2018 6:00:31 오후 kr.pe.sinnori.common.util.CommonStaticUtil createChildDirectoriesOfBasePath
정보: the new child relative direcotry[D:\gitsinnori\sinnori\project\sample_test][client_build/app_build/dist] was created successfully
4월 11, 2018 6:00:31 오후 kr.pe.sinnori.common.buildsystem.ProjectBuilder createAppBuildChildDirectories
정보: main project[sample_test]'s application build child direcotry creation task end
4월 11, 2018 6:00:31 오후 kr.pe.sinnori.common.buildsystem.ProjectBuilder createChildDirectories
정보: main project[sample_test]'s child direcotry creation task end
4월 11, 2018 6:00:31 오후 kr.pe.sinnori.common.buildsystem.ProjectBuilder createFiles
정보: main project[sample_test]'s file creation task start
4월 11, 2018 6:00:31 오후 kr.pe.sinnori.common.buildsystem.ProjectBuilder createNewSinnoriConfigFile
정보: main project[sample_test]'s config file creation task start
4월 11, 2018 6:00:31 오후 kr.pe.sinnori.common.util.SequencedPropertiesUtil createNewSequencedPropertiesFile
정보: the sequenced properties file[D:\gitsinnori\sinnori\project\sample_test\config\sinnori.properties] was created
4월 11, 2018 6:00:31 오후 kr.pe.sinnori.common.buildsystem.ProjectBuilder createNewSinnoriConfigFile
정보: main project[sample_test]'s config file creation task end
4월 11, 2018 6:00:31 오후 kr.pe.sinnori.common.buildsystem.ProjectBuilder copySampleFilesToResoruces
정보: the mainproject[sample_test]'s resources directory copy task start
4월 11, 2018 6:00:31 오후 kr.pe.sinnori.common.buildsystem.ProjectBuilder copySampleFilesToResoruces
정보: the mainproject[sample_test]'s resources directory copy task end
4월 11, 2018 6:00:31 오후 kr.pe.sinnori.common.buildsystem.ProjectBuilder createAppClientBuildSystemFiles
정보: mainproject[sample_test]'s application client build system files creation task start
4월 11, 2018 6:00:31 오후 kr.pe.sinnori.common.buildsystem.ProjectBuilder createNewAppClientAntBuildXMLFile
정보: main project[sample_test]'s application client ant build.xml file creation task start
4월 11, 2018 6:00:31 오후 kr.pe.sinnori.common.buildsystem.ProjectBuilder createNewAppClientAntBuildXMLFile
정보: main project[sample_test]'s application client ant build.xml file creation task end
4월 11, 2018 6:00:31 오후 kr.pe.sinnori.common.buildsystem.ProjectBuilder createNewAppClientDosShellFile
정보: main project[sample_test]'s application client dos shell file creation task start
4월 11, 2018 6:00:31 오후 kr.pe.sinnori.common.buildsystem.ProjectBuilder createNewAppClientDosShellFile
정보: main project[sample_test]'s application client dos shell file creation task end
4월 11, 2018 6:00:31 오후 kr.pe.sinnori.common.buildsystem.ProjectBuilder createNewAppClientUnixShellFile
정보: main project[sample_test]'s application client unix shell file creation task start
4월 11, 2018 6:00:31 오후 kr.pe.sinnori.common.buildsystem.ProjectBuilder createNewAppClientUnixShellFile
정보: main project[sample_test]'s application client unix shell file creation task end
4월 11, 2018 6:00:31 오후 kr.pe.sinnori.common.buildsystem.ProjectBuilder copyAppClientSampleFiles
정보: application client sample source files copy task start
4월 11, 2018 6:00:31 오후 kr.pe.sinnori.common.buildsystem.ProjectBuilder copyAppClientSampleFiles
정보: application client sample source files copy task end
4월 11, 2018 6:00:31 오후 kr.pe.sinnori.common.buildsystem.ProjectBuilder createNewAppClientAllMessageIOFileSet
정보: main project[sample_test]'s application client message io file set creation task start
4월 11, 2018 6:00:31 오후 kr.pe.sinnori.common.util.CommonStaticUtil createChildDirectoriesOfBasePath
정보: the new child relative direcotry[D:\gitsinnori\sinnori\project\sample_test\client_build\app_build\src\main\java\kr\pe\sinnori\impl\message][Echo] was created successfully
4월 11, 2018 6:00:31 오후 kr.pe.sinnori.common.buildsystem.ProjectBuilder createNewMessageSourceFile
정보: main project[sample_test]'s message file[Echo][D:\gitsinnori\sinnori\project\sample_test\client_build\app_build\src\main\java\kr\pe\sinnori\impl\message] creation task start
4월 11, 2018 6:00:31 오후 kr.pe.sinnori.common.buildsystem.ProjectBuilder createNewMessageSourceFile
정보: main project[sample_test]'s message file[Echo][D:\gitsinnori\sinnori\project\sample_test\client_build\app_build\src\main\java\kr\pe\sinnori\impl\message] creation task end
4월 11, 2018 6:00:31 오후 kr.pe.sinnori.common.buildsystem.ProjectBuilder createNewDecoderSourceFile
정보: main project[sample_test]'s message decoder file[Echo][D:\gitsinnori\sinnori\project\sample_test\client_build\app_build\src\main\java\kr\pe\sinnori\impl\message] creation task start
4월 11, 2018 6:00:31 오후 kr.pe.sinnori.common.buildsystem.ProjectBuilder createNewDecoderSourceFile
정보: main project[sample_test]'s message decoder file[Echo][D:\gitsinnori\sinnori\project\sample_test\client_build\app_build\src\main\java\kr\pe\sinnori\impl\message] creation task end
4월 11, 2018 6:00:31 오후 kr.pe.sinnori.common.buildsystem.ProjectBuilder createNewEncoderSourceFile
정보: main project[sample_test]'s message encoder file[Echo][D:\gitsinnori\sinnori\project\sample_test\client_build\app_build\src\main\java\kr\pe\sinnori\impl\message] creation task start
4월 11, 2018 6:00:31 오후 kr.pe.sinnori.common.buildsystem.ProjectBuilder createNewEncoderSourceFile
정보: main project[sample_test]'s message encoder file[Echo][D:\gitsinnori\sinnori\project\sample_test\client_build\app_build\src\main\java\kr\pe\sinnori\impl\message] creation task end
4월 11, 2018 6:00:31 오후 kr.pe.sinnori.common.buildsystem.ProjectBuilder createNewServerCodecSourceFile
정보: main project[sample_test]'s message server codec file[Echo][D:\gitsinnori\sinnori\project\sample_test\client_build\app_build\src\main\java\kr\pe\sinnori\impl\message] creation task start
4월 11, 2018 6:00:31 오후 kr.pe.sinnori.common.buildsystem.ProjectBuilder createNewServerCodecSourceFile
정보: main project[sample_test]'s message server codec file[Echo][D:\gitsinnori\sinnori\project\sample_test\client_build\app_build\src\main\java\kr\pe\sinnori\impl\message] creation task end
4월 11, 2018 6:00:31 오후 kr.pe.sinnori.common.buildsystem.ProjectBuilder createNewClientCodecSourceFile
정보: main project[sample_test]'s message client codec file[Echo][D:\gitsinnori\sinnori\project\sample_test\client_build\app_build\src\main\java\kr\pe\sinnori\impl\message] creation task start
4월 11, 2018 6:00:31 오후 kr.pe.sinnori.common.buildsystem.ProjectBuilder createNewClientCodecSourceFile
정보: main project[sample_test]'s message client codec file[Echo][D:\gitsinnori\sinnori\project\sample_test\client_build\app_build\src\main\java\kr\pe\sinnori\impl\message] creation task end
4월 11, 2018 6:00:31 오후 kr.pe.sinnori.common.util.CommonStaticUtil createChildDirectoriesOfBasePath
정보: the new child relative direcotry[D:\gitsinnori\sinnori\project\sample_test\client_build\app_build\src\main\java\kr\pe\sinnori\impl\message][PublicKeyReq] was created successfully
4월 11, 2018 6:00:31 오후 kr.pe.sinnori.common.buildsystem.ProjectBuilder createNewMessageSourceFile
정보: main project[sample_test]'s message file[PublicKeyReq][D:\gitsinnori\sinnori\project\sample_test\client_build\app_build\src\main\java\kr\pe\sinnori\impl\message] creation task start
4월 11, 2018 6:00:31 오후 kr.pe.sinnori.common.buildsystem.ProjectBuilder createNewMessageSourceFile
정보: main project[sample_test]'s message file[PublicKeyReq][D:\gitsinnori\sinnori\project\sample_test\client_build\app_build\src\main\java\kr\pe\sinnori\impl\message] creation task end
4월 11, 2018 6:00:31 오후 kr.pe.sinnori.common.buildsystem.ProjectBuilder createNewDecoderSourceFile
정보: main project[sample_test]'s message decoder file[PublicKeyReq][D:\gitsinnori\sinnori\project\sample_test\client_build\app_build\src\main\java\kr\pe\sinnori\impl\message] creation task start
4월 11, 2018 6:00:31 오후 kr.pe.sinnori.common.buildsystem.ProjectBuilder createNewDecoderSourceFile
정보: main project[sample_test]'s message decoder file[PublicKeyReq][D:\gitsinnori\sinnori\project\sample_test\client_build\app_build\src\main\java\kr\pe\sinnori\impl\message] creation task end
4월 11, 2018 6:00:31 오후 kr.pe.sinnori.common.buildsystem.ProjectBuilder createNewEncoderSourceFile
정보: main project[sample_test]'s message encoder file[PublicKeyReq][D:\gitsinnori\sinnori\project\sample_test\client_build\app_build\src\main\java\kr\pe\sinnori\impl\message] creation task start
4월 11, 2018 6:00:31 오후 kr.pe.sinnori.common.buildsystem.ProjectBuilder createNewEncoderSourceFile
정보: main project[sample_test]'s message encoder file[PublicKeyReq][D:\gitsinnori\sinnori\project\sample_test\client_build\app_build\src\main\java\kr\pe\sinnori\impl\message] creation task end
4월 11, 2018 6:00:31 오후 kr.pe.sinnori.common.buildsystem.ProjectBuilder createNewServerCodecSourceFile
정보: main project[sample_test]'s message server codec file[PublicKeyReq][D:\gitsinnori\sinnori\project\sample_test\client_build\app_build\src\main\java\kr\pe\sinnori\impl\message] creation task start
4월 11, 2018 6:00:31 오후 kr.pe.sinnori.common.buildsystem.ProjectBuilder createNewServerCodecSourceFile
정보: main project[sample_test]'s message server codec file[PublicKeyReq][D:\gitsinnori\sinnori\project\sample_test\client_build\app_build\src\main\java\kr\pe\sinnori\impl\message] creation task end
4월 11, 2018 6:00:31 오후 kr.pe.sinnori.common.buildsystem.ProjectBuilder createNewClientCodecSourceFile
정보: main project[sample_test]'s message client codec file[PublicKeyReq][D:\gitsinnori\sinnori\project\sample_test\client_build\app_build\src\main\java\kr\pe\sinnori\impl\message] creation task start
4월 11, 2018 6:00:31 오후 kr.pe.sinnori.common.buildsystem.ProjectBuilder createNewClientCodecSourceFile
정보: main project[sample_test]'s message client codec file[PublicKeyReq][D:\gitsinnori\sinnori\project\sample_test\client_build\app_build\src\main\java\kr\pe\sinnori\impl\message] creation task end
4월 11, 2018 6:00:31 오후 kr.pe.sinnori.common.util.CommonStaticUtil createChildDirectoriesOfBasePath
정보: the new child relative direcotry[D:\gitsinnori\sinnori\project\sample_test\client_build\app_build\src\main\java\kr\pe\sinnori\impl\message][PublicKeyRes] was created successfully
4월 11, 2018 6:00:31 오후 kr.pe.sinnori.common.buildsystem.ProjectBuilder createNewMessageSourceFile
정보: main project[sample_test]'s message file[PublicKeyRes][D:\gitsinnori\sinnori\project\sample_test\client_build\app_build\src\main\java\kr\pe\sinnori\impl\message] creation task start
4월 11, 2018 6:00:31 오후 kr.pe.sinnori.common.buildsystem.ProjectBuilder createNewMessageSourceFile
정보: main project[sample_test]'s message file[PublicKeyRes][D:\gitsinnori\sinnori\project\sample_test\client_build\app_build\src\main\java\kr\pe\sinnori\impl\message] creation task end
4월 11, 2018 6:00:31 오후 kr.pe.sinnori.common.buildsystem.ProjectBuilder createNewDecoderSourceFile
정보: main project[sample_test]'s message decoder file[PublicKeyRes][D:\gitsinnori\sinnori\project\sample_test\client_build\app_build\src\main\java\kr\pe\sinnori\impl\message] creation task start
4월 11, 2018 6:00:31 오후 kr.pe.sinnori.common.buildsystem.ProjectBuilder createNewDecoderSourceFile
정보: main project[sample_test]'s message decoder file[PublicKeyRes][D:\gitsinnori\sinnori\project\sample_test\client_build\app_build\src\main\java\kr\pe\sinnori\impl\message] creation task end
4월 11, 2018 6:00:31 오후 kr.pe.sinnori.common.buildsystem.ProjectBuilder createNewEncoderSourceFile
정보: main project[sample_test]'s message encoder file[PublicKeyRes][D:\gitsinnori\sinnori\project\sample_test\client_build\app_build\src\main\java\kr\pe\sinnori\impl\message] creation task start
4월 11, 2018 6:00:31 오후 kr.pe.sinnori.common.buildsystem.ProjectBuilder createNewEncoderSourceFile
정보: main project[sample_test]'s message encoder file[PublicKeyRes][D:\gitsinnori\sinnori\project\sample_test\client_build\app_build\src\main\java\kr\pe\sinnori\impl\message] creation task end
4월 11, 2018 6:00:31 오후 kr.pe.sinnori.common.buildsystem.ProjectBuilder createNewServerCodecSourceFile
정보: main project[sample_test]'s message server codec file[PublicKeyRes][D:\gitsinnori\sinnori\project\sample_test\client_build\app_build\src\main\java\kr\pe\sinnori\impl\message] creation task start
4월 11, 2018 6:00:31 오후 kr.pe.sinnori.common.buildsystem.ProjectBuilder createNewServerCodecSourceFile
정보: main project[sample_test]'s message server codec file[PublicKeyRes][D:\gitsinnori\sinnori\project\sample_test\client_build\app_build\src\main\java\kr\pe\sinnori\impl\message] creation task end
4월 11, 2018 6:00:31 오후 kr.pe.sinnori.common.buildsystem.ProjectBuilder createNewClientCodecSourceFile
정보: main project[sample_test]'s message client codec file[PublicKeyRes][D:\gitsinnori\sinnori\project\sample_test\client_build\app_build\src\main\java\kr\pe\sinnori\impl\message] creation task start
4월 11, 2018 6:00:31 오후 kr.pe.sinnori.common.buildsystem.ProjectBuilder createNewClientCodecSourceFile
정보: main project[sample_test]'s message client codec file[PublicKeyRes][D:\gitsinnori\sinnori\project\sample_test\client_build\app_build\src\main\java\kr\pe\sinnori\impl\message] creation task end
4월 11, 2018 6:00:31 오후 kr.pe.sinnori.common.buildsystem.ProjectBuilder createNewAppClientAllMessageIOFileSet
정보: main project[sample_test]'s application client message io file set creation task end
4월 11, 2018 6:00:31 오후 kr.pe.sinnori.common.buildsystem.ProjectBuilder createAppClientBuildSystemFiles
정보: mainproject[sample_test]'s application client build system files creation task end
4월 11, 2018 6:00:31 오후 kr.pe.sinnori.common.buildsystem.ProjectBuilder createFiles
정보: main project[sample_test]'s file creation task end
4월 11, 2018 6:00:31 오후 kr.pe.sinnori.common.buildsystem.ProjectBuilder isValidServerAntBuildXMLFile
정보: the server ant build.xml file[D:\gitsinnori\sinnori\project\sample_test\server_build\build.xml] is bad :: whetherExist[false] isFile[false]
4월 11, 2018 6:00:31 오후 kr.pe.sinnori.common.buildsystem.ProjectBuilder isValidWebClientAntBuildXMLFile
정보: the web client ant build.xml file[D:\gitsinnori\sinnori\project\sample_test\client_build\web_build\build.xml] is bad :: whetherExist[false] isFile[false]
4월 11, 2018 6:00:31 오후 kr.pe.sinnori.common.config.SinnoriConfiguration convertSinnoriConfigSequencedPropertiesToAllPartItemsWithValidation
정보: item key[sessionkey.rsa.publickey.file.value]'s value is null because its status is inactive
4월 11, 2018 6:00:31 오후 kr.pe.sinnori.common.config.SinnoriConfiguration convertSinnoriConfigSequencedPropertiesToAllPartItemsWithValidation
정보: item key[sessionkey.rsa.privatekey.file.value]'s value is null because its status is inactive
4월 11, 2018 6:00:31 오후 kr.pe.sinnori.common.buildsystem.ProjectBuilder createChildDirectories
정보: main project[sample_test]'s child direcotry creation task start
4월 11, 2018 6:00:31 오후 kr.pe.sinnori.common.buildsystem.ProjectBuilder createCommonChildDirectories
정보: main project[sample_test]'s common child direcotry creation task start
4월 11, 2018 6:00:31 오후 kr.pe.sinnori.common.util.CommonStaticUtil createChildDirectoriesOfBasePath
정보: the new child relative direcotry[D:\gitsinnori\sinnori\project\sample_test][config] was created successfully
4월 11, 2018 6:00:31 오후 kr.pe.sinnori.common.util.CommonStaticUtil createChildDirectoriesOfBasePath
정보: the new child relative direcotry[D:\gitsinnori\sinnori\project\sample_test][resources/dbcp] was created successfully
4월 11, 2018 6:00:31 오후 kr.pe.sinnori.common.util.CommonStaticUtil createChildDirectoriesOfBasePath
정보: the new child relative direcotry[D:\gitsinnori\sinnori\project\sample_test][resources/message_info] was created successfully
4월 11, 2018 6:00:31 오후 kr.pe.sinnori.common.util.CommonStaticUtil createChildDirectoriesOfBasePath
정보: the new child relative direcotry[D:\gitsinnori\sinnori\project\sample_test][resources/rsa_keypair] was created successfully
4월 11, 2018 6:00:31 오후 kr.pe.sinnori.common.util.CommonStaticUtil createChildDirectoriesOfBasePath
정보: the new child relative direcotry[D:\gitsinnori\sinnori\project\sample_test][log/apache] was created successfully
4월 11, 2018 6:00:31 오후 kr.pe.sinnori.common.util.CommonStaticUtil createChildDirectoriesOfBasePath
정보: the new child relative direcotry[D:\gitsinnori\sinnori\project\sample_test][log/client] was created successfully
4월 11, 2018 6:00:31 오후 kr.pe.sinnori.common.util.CommonStaticUtil createChildDirectoriesOfBasePath
정보: the new child relative direcotry[D:\gitsinnori\sinnori\project\sample_test][log/server] was created successfully
4월 11, 2018 6:00:31 오후 kr.pe.sinnori.common.util.CommonStaticUtil createChildDirectoriesOfBasePath
정보: the new child relative direcotry[D:\gitsinnori\sinnori\project\sample_test][log/servlet] was created successfully
4월 11, 2018 6:00:31 오후 kr.pe.sinnori.common.buildsystem.ProjectBuilder createCommonChildDirectories
정보: main project[sample_test]'s common child direcotry creation task end
4월 11, 2018 6:00:31 오후 kr.pe.sinnori.common.buildsystem.ProjectBuilder createWebBuildChildDirectories
정보: main project[sample_test]'s web build child direcotry creation task start
4월 11, 2018 6:00:31 오후 kr.pe.sinnori.common.util.CommonStaticUtil createChildDirectoriesOfBasePath
정보: the new child relative direcotry[D:\gitsinnori\sinnori\project\sample_test][client_build/web_build/corelib/ex] was created successfully
4월 11, 2018 6:00:31 오후 kr.pe.sinnori.common.util.CommonStaticUtil createChildDirectoriesOfBasePath
정보: the new child relative direcotry[D:\gitsinnori\sinnori\project\sample_test][client_build/web_build/corelib/in] was created successfully
4월 11, 2018 6:00:31 오후 kr.pe.sinnori.common.util.CommonStaticUtil createChildDirectoriesOfBasePath
정보: the new child relative direcotry[D:\gitsinnori\sinnori\project\sample_test][client_build/web_build/lib/main/ex] was created successfully
4월 11, 2018 6:00:31 오후 kr.pe.sinnori.common.util.CommonStaticUtil createChildDirectoriesOfBasePath
정보: the new child relative direcotry[D:\gitsinnori\sinnori\project\sample_test][client_build/web_build/lib/main/in] was created successfully
4월 11, 2018 6:00:31 오후 kr.pe.sinnori.common.util.CommonStaticUtil createChildDirectoriesOfBasePath
정보: the new child relative direcotry[D:\gitsinnori\sinnori\project\sample_test][client_build/web_build/lib/test] was created successfully
4월 11, 2018 6:00:31 오후 kr.pe.sinnori.common.util.CommonStaticUtil createChildDirectoriesOfBasePath
정보: the new child relative direcotry[D:\gitsinnori\sinnori\project\sample_test][client_build/web_build/src/main/java/kr/pe/sinnori/impl/message] was created successfully
4월 11, 2018 6:00:31 오후 kr.pe.sinnori.common.util.CommonStaticUtil createChildDirectoriesOfBasePath
정보: the new child relative direcotry[D:\gitsinnori\sinnori\project\sample_test][client_build/web_build/src/main/java//kr/pe/sinnori/servlet] was created successfully
4월 11, 2018 6:00:31 오후 kr.pe.sinnori.common.util.CommonStaticUtil createChildDirectoriesOfBasePath
정보: the new child relative direcotry[D:\gitsinnori\sinnori\project\sample_test][client_build/web_build/src/main/java/kr/pe/sinnori/weblib/common] was created successfully
4월 11, 2018 6:00:31 오후 kr.pe.sinnori.common.util.CommonStaticUtil createChildDirectoriesOfBasePath
정보: the new child relative direcotry[D:\gitsinnori\sinnori\project\sample_test][client_build/web_build/src/main/java/kr/pe/sinnori/weblib/htmlstring] was created successfully
4월 11, 2018 6:00:31 오후 kr.pe.sinnori.common.util.CommonStaticUtil createChildDirectoriesOfBasePath
정보: the new child relative direcotry[D:\gitsinnori\sinnori\project\sample_test][client_build/web_build/src/main/java/kr/pe/sinnori/weblib/jdf] was created successfully
4월 11, 2018 6:00:31 오후 kr.pe.sinnori.common.util.CommonStaticUtil createChildDirectoriesOfBasePath
정보: the new child relative direcotry[D:\gitsinnori\sinnori\project\sample_test][client_build/web_build/src/test/java] was created successfully
4월 11, 2018 6:00:31 오후 kr.pe.sinnori.common.util.CommonStaticUtil createChildDirectoriesOfBasePath
정보: the new child relative direcotry[D:\gitsinnori\sinnori\project\sample_test][client_build/web_build/build] was created successfully
4월 11, 2018 6:00:31 오후 kr.pe.sinnori.common.util.CommonStaticUtil createChildDirectoriesOfBasePath
정보: the new child relative direcotry[D:\gitsinnori\sinnori\project\sample_test][client_build/web_build/dist] was created successfully
4월 11, 2018 6:00:31 오후 kr.pe.sinnori.common.buildsystem.ProjectBuilder createWebBuildChildDirectories
정보: main project[sample_test]'s web build child direcotry creation task end
4월 11, 2018 6:00:31 오후 kr.pe.sinnori.common.buildsystem.ProjectBuilder createWebRootChildDirectories
정보: main project[sample_test]'s web root child direcotry creation task start
4월 11, 2018 6:00:31 오후 kr.pe.sinnori.common.util.CommonStaticUtil createChildDirectoriesOfBasePath
정보: the new child relative direcotry[D:\gitsinnori\sinnori\project\sample_test][web_app_base/upload] was created successfully
4월 11, 2018 6:00:31 오후 kr.pe.sinnori.common.util.CommonStaticUtil createChildDirectoriesOfBasePath
정보: the new child relative direcotry[D:\gitsinnori\sinnori\project\sample_test][web_app_base/ROOT/WEB-INF/classes] was created successfully
4월 11, 2018 6:00:31 오후 kr.pe.sinnori.common.util.CommonStaticUtil createChildDirectoriesOfBasePath
정보: the new child relative direcotry[D:\gitsinnori\sinnori\project\sample_test][web_app_base/ROOT/WEB-INF/lib] was created successfully
4월 11, 2018 6:00:31 오후 kr.pe.sinnori.common.buildsystem.ProjectBuilder createWebRootChildDirectories
정보: main project[sample_test]'s web root child direcotry creation task end
4월 11, 2018 6:00:31 오후 kr.pe.sinnori.common.buildsystem.ProjectBuilder createChildDirectories
정보: main project[sample_test]'s child direcotry creation task end
4월 11, 2018 6:00:31 오후 kr.pe.sinnori.common.buildsystem.ProjectBuilder createFiles
정보: main project[sample_test]'s file creation task start
4월 11, 2018 6:00:31 오후 kr.pe.sinnori.common.buildsystem.ProjectBuilder createNewSinnoriConfigFile
정보: main project[sample_test]'s config file creation task start
4월 11, 2018 6:00:31 오후 kr.pe.sinnori.common.util.SequencedPropertiesUtil createNewSequencedPropertiesFile
정보: the sequenced properties file[D:\gitsinnori\sinnori\project\sample_test\config\sinnori.properties] was created
4월 11, 2018 6:00:31 오후 kr.pe.sinnori.common.buildsystem.ProjectBuilder createNewSinnoriConfigFile
정보: main project[sample_test]'s config file creation task end
4월 11, 2018 6:00:31 오후 kr.pe.sinnori.common.buildsystem.ProjectBuilder copySampleFilesToResoruces
정보: the mainproject[sample_test]'s resources directory copy task start
4월 11, 2018 6:00:31 오후 kr.pe.sinnori.common.buildsystem.ProjectBuilder copySampleFilesToResoruces
정보: the mainproject[sample_test]'s resources directory copy task end
4월 11, 2018 6:00:31 오후 kr.pe.sinnori.common.buildsystem.ProjectBuilder createWebClientBuildSystemFiles
정보: main project[sample_test]'s web client build system files creation task start
4월 11, 2018 6:00:31 오후 kr.pe.sinnori.common.buildsystem.ProjectBuilder createNewWebClientAntBuildFile
정보: main project[sample_test]'s web client ant build.xml file creation task start
4월 11, 2018 6:00:31 오후 kr.pe.sinnori.common.buildsystem.ProjectBuilder createNewWebClientAntBuildFile
정보: main project[sample_test]'s web client ant build.xml file creation task end
4월 11, 2018 6:00:31 오후 kr.pe.sinnori.common.buildsystem.ProjectBuilder createNewWebClientAntPropertiesFile
정보: main project[sample_test]'s web client ant properties file creation task start
4월 11, 2018 6:00:31 오후 kr.pe.sinnori.common.util.SequencedPropertiesUtil createNewSequencedPropertiesFile
정보: the sequenced properties file[D:\gitsinnori\sinnori\project\sample_test\client_build\web_build\webAnt.properties] was created
4월 11, 2018 6:00:31 오후 kr.pe.sinnori.common.buildsystem.ProjectBuilder createNewWebClientAntPropertiesFile
정보: main project[sample_test]'s web client ant properties file creation task end
4월 11, 2018 6:00:31 오후 kr.pe.sinnori.common.buildsystem.ProjectBuilder createNewWebClientMessageIOFileSet
정보: main project[sample_test]'s web client message io file set creation task start
4월 11, 2018 6:00:31 오후 kr.pe.sinnori.common.util.CommonStaticUtil createChildDirectoriesOfBasePath
정보: the new child relative direcotry[D:\gitsinnori\sinnori\project\sample_test\client_build\web_build\src\main\java\kr\pe\sinnori\impl\message][Echo] was created successfully
4월 11, 2018 6:00:31 오후 kr.pe.sinnori.common.buildsystem.ProjectBuilder createNewMessageSourceFile
정보: main project[sample_test]'s message file[Echo][D:\gitsinnori\sinnori\project\sample_test\client_build\web_build\src\main\java\kr\pe\sinnori\impl\message] creation task start
4월 11, 2018 6:00:31 오후 kr.pe.sinnori.common.buildsystem.ProjectBuilder createNewMessageSourceFile
정보: main project[sample_test]'s message file[Echo][D:\gitsinnori\sinnori\project\sample_test\client_build\web_build\src\main\java\kr\pe\sinnori\impl\message] creation task end
4월 11, 2018 6:00:31 오후 kr.pe.sinnori.common.buildsystem.ProjectBuilder createNewDecoderSourceFile
정보: main project[sample_test]'s message decoder file[Echo][D:\gitsinnori\sinnori\project\sample_test\client_build\web_build\src\main\java\kr\pe\sinnori\impl\message] creation task start
4월 11, 2018 6:00:31 오후 kr.pe.sinnori.common.buildsystem.ProjectBuilder createNewDecoderSourceFile
정보: main project[sample_test]'s message decoder file[Echo][D:\gitsinnori\sinnori\project\sample_test\client_build\web_build\src\main\java\kr\pe\sinnori\impl\message] creation task end
4월 11, 2018 6:00:31 오후 kr.pe.sinnori.common.buildsystem.ProjectBuilder createNewEncoderSourceFile
정보: main project[sample_test]'s message encoder file[Echo][D:\gitsinnori\sinnori\project\sample_test\client_build\web_build\src\main\java\kr\pe\sinnori\impl\message] creation task start
4월 11, 2018 6:00:31 오후 kr.pe.sinnori.common.buildsystem.ProjectBuilder createNewEncoderSourceFile
정보: main project[sample_test]'s message encoder file[Echo][D:\gitsinnori\sinnori\project\sample_test\client_build\web_build\src\main\java\kr\pe\sinnori\impl\message] creation task end
4월 11, 2018 6:00:31 오후 kr.pe.sinnori.common.buildsystem.ProjectBuilder createNewServerCodecSourceFile
정보: main project[sample_test]'s message server codec file[Echo][D:\gitsinnori\sinnori\project\sample_test\client_build\web_build\src\main\java\kr\pe\sinnori\impl\message] creation task start
4월 11, 2018 6:00:31 오후 kr.pe.sinnori.common.buildsystem.ProjectBuilder createNewServerCodecSourceFile
정보: main project[sample_test]'s message server codec file[Echo][D:\gitsinnori\sinnori\project\sample_test\client_build\web_build\src\main\java\kr\pe\sinnori\impl\message] creation task end
4월 11, 2018 6:00:31 오후 kr.pe.sinnori.common.buildsystem.ProjectBuilder createNewClientCodecSourceFile
정보: main project[sample_test]'s message client codec file[Echo][D:\gitsinnori\sinnori\project\sample_test\client_build\web_build\src\main\java\kr\pe\sinnori\impl\message] creation task start
4월 11, 2018 6:00:31 오후 kr.pe.sinnori.common.buildsystem.ProjectBuilder createNewClientCodecSourceFile
정보: main project[sample_test]'s message client codec file[Echo][D:\gitsinnori\sinnori\project\sample_test\client_build\web_build\src\main\java\kr\pe\sinnori\impl\message] creation task end
4월 11, 2018 6:00:31 오후 kr.pe.sinnori.common.util.CommonStaticUtil createChildDirectoriesOfBasePath
정보: the new child relative direcotry[D:\gitsinnori\sinnori\project\sample_test\client_build\web_build\src\main\java\kr\pe\sinnori\impl\message][PublicKeyReq] was created successfully
4월 11, 2018 6:00:31 오후 kr.pe.sinnori.common.buildsystem.ProjectBuilder createNewMessageSourceFile
정보: main project[sample_test]'s message file[PublicKeyReq][D:\gitsinnori\sinnori\project\sample_test\client_build\web_build\src\main\java\kr\pe\sinnori\impl\message] creation task start
4월 11, 2018 6:00:31 오후 kr.pe.sinnori.common.buildsystem.ProjectBuilder createNewMessageSourceFile
정보: main project[sample_test]'s message file[PublicKeyReq][D:\gitsinnori\sinnori\project\sample_test\client_build\web_build\src\main\java\kr\pe\sinnori\impl\message] creation task end
4월 11, 2018 6:00:31 오후 kr.pe.sinnori.common.buildsystem.ProjectBuilder createNewDecoderSourceFile
정보: main project[sample_test]'s message decoder file[PublicKeyReq][D:\gitsinnori\sinnori\project\sample_test\client_build\web_build\src\main\java\kr\pe\sinnori\impl\message] creation task start
4월 11, 2018 6:00:31 오후 kr.pe.sinnori.common.buildsystem.ProjectBuilder createNewDecoderSourceFile
정보: main project[sample_test]'s message decoder file[PublicKeyReq][D:\gitsinnori\sinnori\project\sample_test\client_build\web_build\src\main\java\kr\pe\sinnori\impl\message] creation task end
4월 11, 2018 6:00:31 오후 kr.pe.sinnori.common.buildsystem.ProjectBuilder createNewEncoderSourceFile
정보: main project[sample_test]'s message encoder file[PublicKeyReq][D:\gitsinnori\sinnori\project\sample_test\client_build\web_build\src\main\java\kr\pe\sinnori\impl\message] creation task start
4월 11, 2018 6:00:31 오후 kr.pe.sinnori.common.buildsystem.ProjectBuilder createNewEncoderSourceFile
정보: main project[sample_test]'s message encoder file[PublicKeyReq][D:\gitsinnori\sinnori\project\sample_test\client_build\web_build\src\main\java\kr\pe\sinnori\impl\message] creation task end
4월 11, 2018 6:00:31 오후 kr.pe.sinnori.common.buildsystem.ProjectBuilder createNewServerCodecSourceFile
정보: main project[sample_test]'s message server codec file[PublicKeyReq][D:\gitsinnori\sinnori\project\sample_test\client_build\web_build\src\main\java\kr\pe\sinnori\impl\message] creation task start
4월 11, 2018 6:00:31 오후 kr.pe.sinnori.common.buildsystem.ProjectBuilder createNewServerCodecSourceFile
정보: main project[sample_test]'s message server codec file[PublicKeyReq][D:\gitsinnori\sinnori\project\sample_test\client_build\web_build\src\main\java\kr\pe\sinnori\impl\message] creation task end
4월 11, 2018 6:00:31 오후 kr.pe.sinnori.common.buildsystem.ProjectBuilder createNewClientCodecSourceFile
정보: main project[sample_test]'s message client codec file[PublicKeyReq][D:\gitsinnori\sinnori\project\sample_test\client_build\web_build\src\main\java\kr\pe\sinnori\impl\message] creation task start
4월 11, 2018 6:00:31 오후 kr.pe.sinnori.common.buildsystem.ProjectBuilder createNewClientCodecSourceFile
정보: main project[sample_test]'s message client codec file[PublicKeyReq][D:\gitsinnori\sinnori\project\sample_test\client_build\web_build\src\main\java\kr\pe\sinnori\impl\message] creation task end
4월 11, 2018 6:00:31 오후 kr.pe.sinnori.common.util.CommonStaticUtil createChildDirectoriesOfBasePath
정보: the new child relative direcotry[D:\gitsinnori\sinnori\project\sample_test\client_build\web_build\src\main\java\kr\pe\sinnori\impl\message][PublicKeyRes] was created successfully
4월 11, 2018 6:00:31 오후 kr.pe.sinnori.common.buildsystem.ProjectBuilder createNewMessageSourceFile
정보: main project[sample_test]'s message file[PublicKeyRes][D:\gitsinnori\sinnori\project\sample_test\client_build\web_build\src\main\java\kr\pe\sinnori\impl\message] creation task start
4월 11, 2018 6:00:31 오후 kr.pe.sinnori.common.buildsystem.ProjectBuilder createNewMessageSourceFile
정보: main project[sample_test]'s message file[PublicKeyRes][D:\gitsinnori\sinnori\project\sample_test\client_build\web_build\src\main\java\kr\pe\sinnori\impl\message] creation task end
4월 11, 2018 6:00:31 오후 kr.pe.sinnori.common.buildsystem.ProjectBuilder createNewDecoderSourceFile
정보: main project[sample_test]'s message decoder file[PublicKeyRes][D:\gitsinnori\sinnori\project\sample_test\client_build\web_build\src\main\java\kr\pe\sinnori\impl\message] creation task start
4월 11, 2018 6:00:31 오후 kr.pe.sinnori.common.buildsystem.ProjectBuilder createNewDecoderSourceFile
정보: main project[sample_test]'s message decoder file[PublicKeyRes][D:\gitsinnori\sinnori\project\sample_test\client_build\web_build\src\main\java\kr\pe\sinnori\impl\message] creation task end
4월 11, 2018 6:00:31 오후 kr.pe.sinnori.common.buildsystem.ProjectBuilder createNewEncoderSourceFile
정보: main project[sample_test]'s message encoder file[PublicKeyRes][D:\gitsinnori\sinnori\project\sample_test\client_build\web_build\src\main\java\kr\pe\sinnori\impl\message] creation task start
4월 11, 2018 6:00:31 오후 kr.pe.sinnori.common.buildsystem.ProjectBuilder createNewEncoderSourceFile
정보: main project[sample_test]'s message encoder file[PublicKeyRes][D:\gitsinnori\sinnori\project\sample_test\client_build\web_build\src\main\java\kr\pe\sinnori\impl\message] creation task end
4월 11, 2018 6:00:31 오후 kr.pe.sinnori.common.buildsystem.ProjectBuilder createNewServerCodecSourceFile
정보: main project[sample_test]'s message server codec file[PublicKeyRes][D:\gitsinnori\sinnori\project\sample_test\client_build\web_build\src\main\java\kr\pe\sinnori\impl\message] creation task start
4월 11, 2018 6:00:31 오후 kr.pe.sinnori.common.buildsystem.ProjectBuilder createNewServerCodecSourceFile
정보: main project[sample_test]'s message server codec file[PublicKeyRes][D:\gitsinnori\sinnori\project\sample_test\client_build\web_build\src\main\java\kr\pe\sinnori\impl\message] creation task end
4월 11, 2018 6:00:31 오후 kr.pe.sinnori.common.buildsystem.ProjectBuilder createNewClientCodecSourceFile
정보: main project[sample_test]'s message client codec file[PublicKeyRes][D:\gitsinnori\sinnori\project\sample_test\client_build\web_build\src\main\java\kr\pe\sinnori\impl\message] creation task start
4월 11, 2018 6:00:31 오후 kr.pe.sinnori.common.buildsystem.ProjectBuilder createNewClientCodecSourceFile
정보: main project[sample_test]'s message client codec file[PublicKeyRes][D:\gitsinnori\sinnori\project\sample_test\client_build\web_build\src\main\java\kr\pe\sinnori\impl\message] creation task end
4월 11, 2018 6:00:31 오후 kr.pe.sinnori.common.buildsystem.ProjectBuilder createNewWebClientMessageIOFileSet
정보: main project[sample_test]'s web client message io file set creation task end
4월 11, 2018 6:00:31 오후 kr.pe.sinnori.common.buildsystem.ProjectBuilder copyWebClientSampleFiles
정보: mainproject[sample_test]'s web client sample source files copy task start
4월 11, 2018 6:00:31 오후 kr.pe.sinnori.common.buildsystem.ProjectBuilder copyWebClientSampleFiles
정보: mainproject[sample_test]'s web client sample source files copy task end
4월 11, 2018 6:00:31 오후 kr.pe.sinnori.common.buildsystem.ProjectBuilder createWebClientBuildSystemFiles
정보: main project[sample_test]'s web client build system files creation task end
4월 11, 2018 6:00:31 오후 kr.pe.sinnori.common.buildsystem.ProjectBuilder createWebRootSampleFiles
정보: main project[sample_test]'s web root sample files creation task start
4월 11, 2018 6:00:31 오후 kr.pe.sinnori.common.buildsystem.ProjectBuilder copyWebRootSampleFiles
정보: main project[sample_test]'s web root sample files copy task start
4월 11, 2018 6:00:31 오후 kr.pe.sinnori.common.buildsystem.ProjectBuilder copyWebRootSampleFiles
정보: main project[sample_test]'s web root sample files copy task end
4월 11, 2018 6:00:31 오후 kr.pe.sinnori.common.buildsystem.ProjectBuilder createWebRootSampleFiles
정보: main project[sample_test]'s web root sample files creation task end
4월 11, 2018 6:00:31 오후 kr.pe.sinnori.common.buildsystem.ProjectBuilder createFiles
정보: main project[sample_test]'s file creation task end
4월 11, 2018 6:00:31 오후 kr.pe.sinnori.common.buildsystem.ProjectBuilder isValidServerAntBuildXMLFile
정보: the server ant build.xml file[D:\gitsinnori\sinnori\project\sample_test\server_build\build.xml] is bad :: whetherExist[false] isFile[false]
4월 11, 2018 6:00:31 오후 kr.pe.sinnori.common.buildsystem.ProjectBuilder isValidAppClientAntBuildXMLFile
정보: the app client ant build.xml file[D:\gitsinnori\sinnori\project\sample_test\client_build\app_build\build.xml] is bad :: whetherExist[false] isFile[false]
4월 11, 2018 6:00:31 오후 kr.pe.sinnori.common.config.SinnoriConfiguration convertSinnoriConfigSequencedPropertiesToAllPartItemsWithValidation
정보: item key[sessionkey.rsa.publickey.file.value]'s value is null because its status is inactive
4월 11, 2018 6:00:31 오후 kr.pe.sinnori.common.config.SinnoriConfiguration convertSinnoriConfigSequencedPropertiesToAllPartItemsWithValidation
정보: item key[sessionkey.rsa.privatekey.file.value]'s value is null because its status is inactive
4월 11, 2018 6:00:31 오후 kr.pe.sinnori.common.buildsystem.ProjectBuilder createChildDirectories
정보: main project[sample_test]'s child direcotry creation task start
4월 11, 2018 6:00:31 오후 kr.pe.sinnori.common.buildsystem.ProjectBuilder createCommonChildDirectories
정보: main project[sample_test]'s common child direcotry creation task start
4월 11, 2018 6:00:31 오후 kr.pe.sinnori.common.util.CommonStaticUtil createChildDirectoriesOfBasePath
정보: the new child relative direcotry[D:\gitsinnori\sinnori\project\sample_test][config] was created successfully
4월 11, 2018 6:00:31 오후 kr.pe.sinnori.common.util.CommonStaticUtil createChildDirectoriesOfBasePath
정보: the new child relative direcotry[D:\gitsinnori\sinnori\project\sample_test][resources/dbcp] was created successfully
4월 11, 2018 6:00:31 오후 kr.pe.sinnori.common.util.CommonStaticUtil createChildDirectoriesOfBasePath
정보: the new child relative direcotry[D:\gitsinnori\sinnori\project\sample_test][resources/message_info] was created successfully
4월 11, 2018 6:00:31 오후 kr.pe.sinnori.common.util.CommonStaticUtil createChildDirectoriesOfBasePath
정보: the new child relative direcotry[D:\gitsinnori\sinnori\project\sample_test][resources/rsa_keypair] was created successfully
4월 11, 2018 6:00:31 오후 kr.pe.sinnori.common.util.CommonStaticUtil createChildDirectoriesOfBasePath
정보: the new child relative direcotry[D:\gitsinnori\sinnori\project\sample_test][log/apache] was created successfully
4월 11, 2018 6:00:31 오후 kr.pe.sinnori.common.util.CommonStaticUtil createChildDirectoriesOfBasePath
정보: the new child relative direcotry[D:\gitsinnori\sinnori\project\sample_test][log/client] was created successfully
4월 11, 2018 6:00:31 오후 kr.pe.sinnori.common.util.CommonStaticUtil createChildDirectoriesOfBasePath
정보: the new child relative direcotry[D:\gitsinnori\sinnori\project\sample_test][log/server] was created successfully
4월 11, 2018 6:00:31 오후 kr.pe.sinnori.common.util.CommonStaticUtil createChildDirectoriesOfBasePath
정보: the new child relative direcotry[D:\gitsinnori\sinnori\project\sample_test][log/servlet] was created successfully
4월 11, 2018 6:00:31 오후 kr.pe.sinnori.common.buildsystem.ProjectBuilder createCommonChildDirectories
정보: main project[sample_test]'s common child direcotry creation task end
4월 11, 2018 6:00:31 오후 kr.pe.sinnori.common.buildsystem.ProjectBuilder createAppBuildChildDirectories
정보: main project[sample_test]'s application build child direcotry creation task start
4월 11, 2018 6:00:31 오후 kr.pe.sinnori.common.util.CommonStaticUtil createChildDirectoriesOfBasePath
정보: the new child relative direcotry[D:\gitsinnori\sinnori\project\sample_test][client_build/app_build/corelib/ex] was created successfully
4월 11, 2018 6:00:31 오후 kr.pe.sinnori.common.util.CommonStaticUtil createChildDirectoriesOfBasePath
정보: the new child relative direcotry[D:\gitsinnori\sinnori\project\sample_test][client_build/app_build/corelib/in] was created successfully
4월 11, 2018 6:00:31 오후 kr.pe.sinnori.common.util.CommonStaticUtil createChildDirectoriesOfBasePath
정보: the new child relative direcotry[D:\gitsinnori\sinnori\project\sample_test][client_build/app_build/lib/main/ex] was created successfully
4월 11, 2018 6:00:31 오후 kr.pe.sinnori.common.util.CommonStaticUtil createChildDirectoriesOfBasePath
정보: the new child relative direcotry[D:\gitsinnori\sinnori\project\sample_test][client_build/app_build/lib/main/in] was created successfully
4월 11, 2018 6:00:31 오후 kr.pe.sinnori.common.util.CommonStaticUtil createChildDirectoriesOfBasePath
정보: the new child relative direcotry[D:\gitsinnori\sinnori\project\sample_test][client_build/app_build/lib/test] was created successfully
4월 11, 2018 6:00:31 오후 kr.pe.sinnori.common.util.CommonStaticUtil createChildDirectoriesOfBasePath
정보: the new child relative direcotry[D:\gitsinnori\sinnori\project\sample_test][client_build/app_build/src/main/java/kr/pe/sinnori/impl/message] was created successfully
4월 11, 2018 6:00:31 오후 kr.pe.sinnori.common.util.CommonStaticUtil createChildDirectoriesOfBasePath
정보: the new child relative direcotry[D:\gitsinnori\sinnori\project\sample_test][client_build/app_build/src/main/java/main] was created successfully
4월 11, 2018 6:00:31 오후 kr.pe.sinnori.common.util.CommonStaticUtil createChildDirectoriesOfBasePath
정보: the new child relative direcotry[D:\gitsinnori\sinnori\project\sample_test][client_build/app_build/src/test/java] was created successfully
4월 11, 2018 6:00:31 오후 kr.pe.sinnori.common.util.CommonStaticUtil createChildDirectoriesOfBasePath
정보: the new child relative direcotry[D:\gitsinnori\sinnori\project\sample_test][client_build/app_build/build] was created successfully
4월 11, 2018 6:00:31 오후 kr.pe.sinnori.common.util.CommonStaticUtil createChildDirectoriesOfBasePath
정보: the new child relative direcotry[D:\gitsinnori\sinnori\project\sample_test][client_build/app_build/dist] was created successfully
4월 11, 2018 6:00:31 오후 kr.pe.sinnori.common.buildsystem.ProjectBuilder createAppBuildChildDirectories
정보: main project[sample_test]'s application build child direcotry creation task end
4월 11, 2018 6:00:31 오후 kr.pe.sinnori.common.buildsystem.ProjectBuilder createChildDirectories
정보: main project[sample_test]'s child direcotry creation task end
4월 11, 2018 6:00:31 오후 kr.pe.sinnori.common.buildsystem.ProjectBuilder createFiles
정보: main project[sample_test]'s file creation task start
4월 11, 2018 6:00:31 오후 kr.pe.sinnori.common.buildsystem.ProjectBuilder createNewSinnoriConfigFile
정보: main project[sample_test]'s config file creation task start
4월 11, 2018 6:00:31 오후 kr.pe.sinnori.common.util.SequencedPropertiesUtil createNewSequencedPropertiesFile
정보: the sequenced properties file[D:\gitsinnori\sinnori\project\sample_test\config\sinnori.properties] was created
4월 11, 2018 6:00:31 오후 kr.pe.sinnori.common.buildsystem.ProjectBuilder createNewSinnoriConfigFile
정보: main project[sample_test]'s config file creation task end
4월 11, 2018 6:00:31 오후 kr.pe.sinnori.common.buildsystem.ProjectBuilder copySampleFilesToResoruces
정보: the mainproject[sample_test]'s resources directory copy task start
4월 11, 2018 6:00:32 오후 kr.pe.sinnori.common.buildsystem.ProjectBuilder copySampleFilesToResoruces
정보: the mainproject[sample_test]'s resources directory copy task end
4월 11, 2018 6:00:32 오후 kr.pe.sinnori.common.buildsystem.ProjectBuilder createAppClientBuildSystemFiles
정보: mainproject[sample_test]'s application client build system files creation task start
4월 11, 2018 6:00:32 오후 kr.pe.sinnori.common.buildsystem.ProjectBuilder createNewAppClientAntBuildXMLFile
정보: main project[sample_test]'s application client ant build.xml file creation task start
4월 11, 2018 6:00:32 오후 kr.pe.sinnori.common.buildsystem.ProjectBuilder createNewAppClientAntBuildXMLFile
정보: main project[sample_test]'s application client ant build.xml file creation task end
4월 11, 2018 6:00:32 오후 kr.pe.sinnori.common.buildsystem.ProjectBuilder createNewAppClientDosShellFile
정보: main project[sample_test]'s application client dos shell file creation task start
4월 11, 2018 6:00:32 오후 kr.pe.sinnori.common.buildsystem.ProjectBuilder createNewAppClientDosShellFile
정보: main project[sample_test]'s application client dos shell file creation task end
4월 11, 2018 6:00:32 오후 kr.pe.sinnori.common.buildsystem.ProjectBuilder createNewAppClientUnixShellFile
정보: main project[sample_test]'s application client unix shell file creation task start
4월 11, 2018 6:00:32 오후 kr.pe.sinnori.common.buildsystem.ProjectBuilder createNewAppClientUnixShellFile
정보: main project[sample_test]'s application client unix shell file creation task end
4월 11, 2018 6:00:32 오후 kr.pe.sinnori.common.buildsystem.ProjectBuilder copyAppClientSampleFiles
정보: application client sample source files copy task start
4월 11, 2018 6:00:32 오후 kr.pe.sinnori.common.buildsystem.ProjectBuilder copyAppClientSampleFiles
정보: application client sample source files copy task end
4월 11, 2018 6:00:32 오후 kr.pe.sinnori.common.buildsystem.ProjectBuilder createNewAppClientAllMessageIOFileSet
정보: main project[sample_test]'s application client message io file set creation task start
4월 11, 2018 6:00:32 오후 kr.pe.sinnori.common.util.CommonStaticUtil createChildDirectoriesOfBasePath
정보: the new child relative direcotry[D:\gitsinnori\sinnori\project\sample_test\client_build\app_build\src\main\java\kr\pe\sinnori\impl\message][Echo] was created successfully
4월 11, 2018 6:00:32 오후 kr.pe.sinnori.common.buildsystem.ProjectBuilder createNewMessageSourceFile
정보: main project[sample_test]'s message file[Echo][D:\gitsinnori\sinnori\project\sample_test\client_build\app_build\src\main\java\kr\pe\sinnori\impl\message] creation task start
4월 11, 2018 6:00:32 오후 kr.pe.sinnori.common.buildsystem.ProjectBuilder createNewMessageSourceFile
정보: main project[sample_test]'s message file[Echo][D:\gitsinnori\sinnori\project\sample_test\client_build\app_build\src\main\java\kr\pe\sinnori\impl\message] creation task end
4월 11, 2018 6:00:32 오후 kr.pe.sinnori.common.buildsystem.ProjectBuilder createNewDecoderSourceFile
정보: main project[sample_test]'s message decoder file[Echo][D:\gitsinnori\sinnori\project\sample_test\client_build\app_build\src\main\java\kr\pe\sinnori\impl\message] creation task start
4월 11, 2018 6:00:32 오후 kr.pe.sinnori.common.buildsystem.ProjectBuilder createNewDecoderSourceFile
정보: main project[sample_test]'s message decoder file[Echo][D:\gitsinnori\sinnori\project\sample_test\client_build\app_build\src\main\java\kr\pe\sinnori\impl\message] creation task end
4월 11, 2018 6:00:32 오후 kr.pe.sinnori.common.buildsystem.ProjectBuilder createNewEncoderSourceFile
정보: main project[sample_test]'s message encoder file[Echo][D:\gitsinnori\sinnori\project\sample_test\client_build\app_build\src\main\java\kr\pe\sinnori\impl\message] creation task start
4월 11, 2018 6:00:32 오후 kr.pe.sinnori.common.buildsystem.ProjectBuilder createNewEncoderSourceFile
정보: main project[sample_test]'s message encoder file[Echo][D:\gitsinnori\sinnori\project\sample_test\client_build\app_build\src\main\java\kr\pe\sinnori\impl\message] creation task end
4월 11, 2018 6:00:32 오후 kr.pe.sinnori.common.buildsystem.ProjectBuilder createNewServerCodecSourceFile
정보: main project[sample_test]'s message server codec file[Echo][D:\gitsinnori\sinnori\project\sample_test\client_build\app_build\src\main\java\kr\pe\sinnori\impl\message] creation task start
4월 11, 2018 6:00:32 오후 kr.pe.sinnori.common.buildsystem.ProjectBuilder createNewServerCodecSourceFile
정보: main project[sample_test]'s message server codec file[Echo][D:\gitsinnori\sinnori\project\sample_test\client_build\app_build\src\main\java\kr\pe\sinnori\impl\message] creation task end
4월 11, 2018 6:00:32 오후 kr.pe.sinnori.common.buildsystem.ProjectBuilder createNewClientCodecSourceFile
정보: main project[sample_test]'s message client codec file[Echo][D:\gitsinnori\sinnori\project\sample_test\client_build\app_build\src\main\java\kr\pe\sinnori\impl\message] creation task start
4월 11, 2018 6:00:32 오후 kr.pe.sinnori.common.buildsystem.ProjectBuilder createNewClientCodecSourceFile
정보: main project[sample_test]'s message client codec file[Echo][D:\gitsinnori\sinnori\project\sample_test\client_build\app_build\src\main\java\kr\pe\sinnori\impl\message] creation task end
4월 11, 2018 6:00:32 오후 kr.pe.sinnori.common.util.CommonStaticUtil createChildDirectoriesOfBasePath
정보: the new child relative direcotry[D:\gitsinnori\sinnori\project\sample_test\client_build\app_build\src\main\java\kr\pe\sinnori\impl\message][PublicKeyReq] was created successfully
4월 11, 2018 6:00:32 오후 kr.pe.sinnori.common.buildsystem.ProjectBuilder createNewMessageSourceFile
정보: main project[sample_test]'s message file[PublicKeyReq][D:\gitsinnori\sinnori\project\sample_test\client_build\app_build\src\main\java\kr\pe\sinnori\impl\message] creation task start
4월 11, 2018 6:00:32 오후 kr.pe.sinnori.common.buildsystem.ProjectBuilder createNewMessageSourceFile
정보: main project[sample_test]'s message file[PublicKeyReq][D:\gitsinnori\sinnori\project\sample_test\client_build\app_build\src\main\java\kr\pe\sinnori\impl\message] creation task end
4월 11, 2018 6:00:32 오후 kr.pe.sinnori.common.buildsystem.ProjectBuilder createNewDecoderSourceFile
정보: main project[sample_test]'s message decoder file[PublicKeyReq][D:\gitsinnori\sinnori\project\sample_test\client_build\app_build\src\main\java\kr\pe\sinnori\impl\message] creation task start
4월 11, 2018 6:00:32 오후 kr.pe.sinnori.common.buildsystem.ProjectBuilder createNewDecoderSourceFile
정보: main project[sample_test]'s message decoder file[PublicKeyReq][D:\gitsinnori\sinnori\project\sample_test\client_build\app_build\src\main\java\kr\pe\sinnori\impl\message] creation task end
4월 11, 2018 6:00:32 오후 kr.pe.sinnori.common.buildsystem.ProjectBuilder createNewEncoderSourceFile
정보: main project[sample_test]'s message encoder file[PublicKeyReq][D:\gitsinnori\sinnori\project\sample_test\client_build\app_build\src\main\java\kr\pe\sinnori\impl\message] creation task start
4월 11, 2018 6:00:32 오후 kr.pe.sinnori.common.buildsystem.ProjectBuilder createNewEncoderSourceFile
정보: main project[sample_test]'s message encoder file[PublicKeyReq][D:\gitsinnori\sinnori\project\sample_test\client_build\app_build\src\main\java\kr\pe\sinnori\impl\message] creation task end
4월 11, 2018 6:00:32 오후 kr.pe.sinnori.common.buildsystem.ProjectBuilder createNewServerCodecSourceFile
정보: main project[sample_test]'s message server codec file[PublicKeyReq][D:\gitsinnori\sinnori\project\sample_test\client_build\app_build\src\main\java\kr\pe\sinnori\impl\message] creation task start
4월 11, 2018 6:00:32 오후 kr.pe.sinnori.common.buildsystem.ProjectBuilder createNewServerCodecSourceFile
정보: main project[sample_test]'s message server codec file[PublicKeyReq][D:\gitsinnori\sinnori\project\sample_test\client_build\app_build\src\main\java\kr\pe\sinnori\impl\message] creation task end
4월 11, 2018 6:00:32 오후 kr.pe.sinnori.common.buildsystem.ProjectBuilder createNewClientCodecSourceFile
정보: main project[sample_test]'s message client codec file[PublicKeyReq][D:\gitsinnori\sinnori\project\sample_test\client_build\app_build\src\main\java\kr\pe\sinnori\impl\message] creation task start
4월 11, 2018 6:00:32 오후 kr.pe.sinnori.common.buildsystem.ProjectBuilder createNewClientCodecSourceFile
정보: main project[sample_test]'s message client codec file[PublicKeyReq][D:\gitsinnori\sinnori\project\sample_test\client_build\app_build\src\main\java\kr\pe\sinnori\impl\message] creation task end
4월 11, 2018 6:00:32 오후 kr.pe.sinnori.common.util.CommonStaticUtil createChildDirectoriesOfBasePath
정보: the new child relative direcotry[D:\gitsinnori\sinnori\project\sample_test\client_build\app_build\src\main\java\kr\pe\sinnori\impl\message][PublicKeyRes] was created successfully
4월 11, 2018 6:00:32 오후 kr.pe.sinnori.common.buildsystem.ProjectBuilder createNewMessageSourceFile
정보: main project[sample_test]'s message file[PublicKeyRes][D:\gitsinnori\sinnori\project\sample_test\client_build\app_build\src\main\java\kr\pe\sinnori\impl\message] creation task start
4월 11, 2018 6:00:32 오후 kr.pe.sinnori.common.buildsystem.ProjectBuilder createNewMessageSourceFile
정보: main project[sample_test]'s message file[PublicKeyRes][D:\gitsinnori\sinnori\project\sample_test\client_build\app_build\src\main\java\kr\pe\sinnori\impl\message] creation task end
4월 11, 2018 6:00:32 오후 kr.pe.sinnori.common.buildsystem.ProjectBuilder createNewDecoderSourceFile
정보: main project[sample_test]'s message decoder file[PublicKeyRes][D:\gitsinnori\sinnori\project\sample_test\client_build\app_build\src\main\java\kr\pe\sinnori\impl\message] creation task start
4월 11, 2018 6:00:32 오후 kr.pe.sinnori.common.buildsystem.ProjectBuilder createNewDecoderSourceFile
정보: main project[sample_test]'s message decoder file[PublicKeyRes][D:\gitsinnori\sinnori\project\sample_test\client_build\app_build\src\main\java\kr\pe\sinnori\impl\message] creation task end
4월 11, 2018 6:00:32 오후 kr.pe.sinnori.common.buildsystem.ProjectBuilder createNewEncoderSourceFile
정보: main project[sample_test]'s message encoder file[PublicKeyRes][D:\gitsinnori\sinnori\project\sample_test\client_build\app_build\src\main\java\kr\pe\sinnori\impl\message] creation task start
4월 11, 2018 6:00:32 오후 kr.pe.sinnori.common.buildsystem.ProjectBuilder createNewEncoderSourceFile
정보: main project[sample_test]'s message encoder file[PublicKeyRes][D:\gitsinnori\sinnori\project\sample_test\client_build\app_build\src\main\java\kr\pe\sinnori\impl\message] creation task end
4월 11, 2018 6:00:32 오후 kr.pe.sinnori.common.buildsystem.ProjectBuilder createNewServerCodecSourceFile
정보: main project[sample_test]'s message server codec file[PublicKeyRes][D:\gitsinnori\sinnori\project\sample_test\client_build\app_build\src\main\java\kr\pe\sinnori\impl\message] creation task start
4월 11, 2018 6:00:32 오후 kr.pe.sinnori.common.buildsystem.ProjectBuilder createNewServerCodecSourceFile
정보: main project[sample_test]'s message server codec file[PublicKeyRes][D:\gitsinnori\sinnori\project\sample_test\client_build\app_build\src\main\java\kr\pe\sinnori\impl\message] creation task end
4월 11, 2018 6:00:32 오후 kr.pe.sinnori.common.buildsystem.ProjectBuilder createNewClientCodecSourceFile
정보: main project[sample_test]'s message client codec file[PublicKeyRes][D:\gitsinnori\sinnori\project\sample_test\client_build\app_build\src\main\java\kr\pe\sinnori\impl\message] creation task start
4월 11, 2018 6:00:32 오후 kr.pe.sinnori.common.buildsystem.ProjectBuilder createNewClientCodecSourceFile
정보: main project[sample_test]'s message client codec file[PublicKeyRes][D:\gitsinnori\sinnori\project\sample_test\client_build\app_build\src\main\java\kr\pe\sinnori\impl\message] creation task end
4월 11, 2018 6:00:32 오후 kr.pe.sinnori.common.buildsystem.ProjectBuilder createNewAppClientAllMessageIOFileSet
정보: main project[sample_test]'s application client message io file set creation task end
4월 11, 2018 6:00:32 오후 kr.pe.sinnori.common.buildsystem.ProjectBuilder createAppClientBuildSystemFiles
정보: mainproject[sample_test]'s application client build system files creation task end
4월 11, 2018 6:00:32 오후 kr.pe.sinnori.common.buildsystem.ProjectBuilder createFiles
정보: main project[sample_test]'s file creation task end
4월 11, 2018 6:00:32 오후 kr.pe.sinnori.common.buildsystem.ProjectBuilderTest test
정보: {mainproject.server.pool.accept_queue_size.desc=접속 승인 큐 크기, default value[10], min[10], max[2147483647], mainproject.client.asyn.output_message_reader.pool_size.value=4, mainproject.client.asyn.executor.pool_size.value=1, mainproject.server.pool.output_message_queue_size.desc=출력 메시지 큐 크기, default value[10], min[10], max[2147483647], sessionkey.rsa.keypair_source.desc=세션키에 사용되는 공개키 키쌍 생성 방법, API:내부적으로 RSA 키쌍 생성, File:외부 파일를 읽어와서 RSA  키쌍을 생성, default value[SERVER], the rsa keypair source of sessionkey set[SERVER, FILE], mainproject.common.port.desc=포트 번호, default value[9090], min[1024], max[2147483647], mainproject.client.monitor.time_interval.desc=모니터링 주기, 단위 ms, default value[5000], min[1000], max[2147483647], mainproject.client.monitor.time_interval.value=5000, mainproject.client.connection.count.value=1, mainproject.common.charset.desc=문자셋, default value[UTF-8], mainproject.server.pool.output_message_writer.size.value=1, mainproject.client.connection.max_count.value=5, mainproject.client.asyn.input_message_queue_size.desc=클라이언트 비동기 입출력 지원용 입력 메시지 큐 크기, default value[10], min[1], max[2147483647], mainproject.server.pool.read_only_selector.wakeup_interval.value=10, mainproject.common.host.desc=클라이언트에서 접속할 서버 주소, default value[localhost], mainproject.server.pool.read_only_selector.wakeup_interval.desc=입력 메시지 소켓 읽기 담당 쓰레드에서 블락된 읽기 이벤트 전용 selector 를 깨우는 주기. 단위 ms, default value[10], min[1], max[2147483647], mainproject.server.pool.executor.max_size.desc=서버 비지니스 로직 수행 담당 쓰레드 최대 갯수, default value[1], min[1], max[2147483647], common.updownfile.local_source_file_resource_cnt.value=10, mainproject.client.asyn.output_message_reader.pool_size.desc=클라이언트 비동기 입출력 지원용 입력 메시지 소켓 읽기 담당 쓰레드 갯수, default value[4], min[1], max[2147483647], mainproject.client.socket.timeout.value=5000, mainproject.client.asyn.input_message_writer.pool_size.value=2, sessionkey.symmetric_key.algorithm.value=AES, common.cached_object.max_size.value=100, sessionkey.rsa.keysize.value=1024, mainproject.common.data_packet_buffer_pool_size.desc=데이터 패킷 버퍼 큐 크기, default value[1000], min[1], max[2147483647], mainproject.common.data_packet_buffer_size.desc=데이터 패킷 버퍼 크기, 단위 byte, default value[4096], min[1024], max[2147483647], common.updownfile.local_target_file_resource_cnt.desc=로컬 목적지 파일 자원 갯수, default value[10], min[1], max[2147483647], sessionkey.symmetric_key.algorithm.desc=세션키에 사용되는 대칭키 알고리즘, default value[AES], the string set[DES, DESede, AES], mainproject.server.pool.output_message_writer.max_size.desc=출력 메시지 소켓 쓰기 담당 쓰레드 최대 갯수, default value[1], min[1], max[2147483647], mainproject.client.connection.type.value=ASYN_PRIVATE, mainproject.common.byteorder.value=LITTLE_ENDIAN, common.updownfile.local_target_file_resource_cnt.value=10, mainproject.common.first_prefix_dynamic_class_full_name.value=kr.pe.sinnori.impl., mainproject.common.data_packet_buffer_max_cnt_per_message.desc=1개 메시지당 할당 받을 수 있는 데이터 패킷 버퍼 최대수, default value[1000], min[1], max[2147483647], mainproject.client.asyn.executor.pool_size.desc=비동기 출력 메시지 처리자 쓰레드 갯수, default value[1], min[1], max[2147483647], sessionkey.rsa.publickey.file.desc=세션키에 사용되는 RSA 공개키 파일, default value[<sinnnori installed path>/project/<main project name>/resouces/rsa_keypair/sinnori.publickey], dbcp.name_list.value=, mainproject.client.asyn.input_message_queue_size.value=10, mainproject.server.pool.output_message_writer.max_size.value=1, mainproject.common.data_packet_buffer_max_cnt_per_message.value=1000, mainproject.server.max_clients.value=5, mainproject.client.connection.count.desc=연결 갯수, default value[1], min[1], max[2147483647], mainproject.client.connection.type.desc=소캣 랩퍼 클래스인 연결 종류, ASYN_PRIVATE:비공유+비동기, ASYN_SHARE:공유+비동기, SYNC_PRIVATE:비공유+동기, default value[ASYN_PRIVATE], the connection type set[ASYN_PRIVATE, ASYN_PUBLIC, SYNC_PRIVATE], common.cached_object.max_size.desc=싱글턴 객체 캐쉬 관리자에서 캐쉬로 관리할 객체의 최대 갯수. 주로 캐쉬되는 대상 객체는 xxxServerCodec, xxxClientCodec 이다, default value[100], min[1], max[2147483647], mainproject.server.monitor.time_interval.desc=모니터링 주기, 단위 ms, default value[5000], min[1000], max[2147483647], mainproject.server.mybatis.config_file_relative_path.value=, mainproject.server.pool.accept_queue_size.value=10, common.updownfile.file_block_max_size.desc=파일 송수신 파일 블락 최대 크기, 1024 배수, 단위 byte, default value[1048576], mainproject.server.pool.input_message_reader.size.value=1, mainproject.client.connection.max_count.desc=연결 최대 갯수, default value[5], min[1], max[2147483647], mainproject.common.port.value=9090, mainproject.server.pool.executor.size.value=1, mainproject.server.max_clients.desc=서버로 접속할 수 있는 최대 클라이언트 수, default value[5], min[1], max[2147483647], sessionkey.rsa.privatekey.file.desc=세션키에 사용되는 RSA 개인키 파일, default value[<sinnnori installed path>/project/<main project name>/resouces/rsa_keypair/sinnori.privatekey], servlet_jsp.jdf_error_message_page.value=/errorMessagePage.jsp, common.updownfile.local_source_file_resource_cnt.desc=로컬 원본 파일 자원 갯수, default value[10], min[1], max[2147483647], mainproject.server.pool.input_message_reader.max_size.desc=입력 메시지 소켓 읽기 담당 쓰레드 최대 갯수, default value[1], min[1], max[2147483647], servlet_jsp.web_layout_control_page.desc=신놀이 웹 사이트의 레이아웃 컨트롤러 jsp, default value[/PageJump.jsp], mainproject.common.charset.value=UTF-8, mainproject.common.message_protocol_type.value=DHB, mainproject.server.pool.accept_processor.max_size.desc=접속 요청이 승락된 클라이언트의 등록을 담당하는 쓰레드 최대 갯수, default value[1], min[1], max[2147483647], servlet_jsp.jdf_error_message_page.desc=JDF framework 에서 에러 발생시 에러 내용을 보여주는 사용자 친화적인 화면을 전담할 jsp, default value[/errorMessagePage.jsp], mainproject.common.byteorder.desc=바이트 오더, LITTLE_ENDIAN:리틀 엔디안, BIG_ENDIAN:빅 엔디안, default value[LITTLE_ENDIAN], the byteorder set[BIG_ENDIAN, LITTLE_ENDIAN], mainproject.server.pool.executor.size.desc=서버 비지니스 로직 수행 담당 쓰레드 갯수, default value[1], min[1], max[2147483647], mainproject.server.pool.input_message_queue_size.value=10, mainproject.client.socket.timeout.desc=소켓 타임아웃, 단위 ms, default value[5000], min[1000], max[2147483647], mainproject.server.pool.input_message_queue_size.desc=입력 메시지 큐 크기, default value[10], min[10], max[2147483647], mainproject.client.asyn.read_only_selector.wakeup_interval.value=10, sessionkey.rsa.keysize.desc=세션키에 사용하는 공개키 크기, 단위 byte, default value[1024], the integer set[2048, 512, 1024], mainproject.server.monitor.time_interval.value=5000, mainproject.server.pool.input_message_reader.max_size.value=1, mainproject.server.pool.accept_processor.max_size.value=1, mainproject.common.host.value=localhost, mainproject.common.message_protocol_type.desc=메시지 프로토콜, DHB:교차 md5 헤더+바디, DJSON:길이+존슨문자열, THB:길이+바디, default value[DHB], the message protocol set[DJSON, DHB, THB], sessionkey.iv_size.value=16, mainproject.client.asyn.public.private_mailbox_cnt_per_connection.value=2, mainproject.server.pool.executor.max_size.value=1, mainproject.client.asyn.output_message_queue_size.desc=비동기 메시지에 대한 1:1 비지니스 로직 처리기(ClientExecutor) 가  갖는 출력 메시지 큐 크기, default value[10], min[1], max[2147483647], mainproject.client.asyn.output_message_queue_size.value=10, mainproject.client.asyn.input_message_writer.pool_size.desc=클라이언트 비동기 입출력 지원용 입력 메시지 소켓 쓰기 담당 쓰레드 갯수, default value[2], min[1], max[2147483647], sessionkey.symmetric_key.size.value=16, mainproject.common.data_packet_buffer_pool_size.value=1000, sessionkey.symmetric_key.size.desc=세션키에 사용되는 대칭키 크기, default value[16], the integer set[24, 16, 8], subproject.name_list.value=, mainproject.server.pool.input_message_reader.size.desc=입력 메시지 소켓 읽기 담당 쓰레드 갯수, default value[1], min[1], max[2147483647], sessionkey.rsa.keypair_source.value=SERVER, mainproject.common.message_id_fixed_size.desc=데이터 송수신시 메시지 식별자 크기, default value[20], min[7], max[2147483647], mainproject.server.pool.output_message_queue_size.value=10, sessionkey.rsa.privatekey.file.value=D:\gitsinnori\sinnori2\project\sample_test\resources\rsa_keypair\sinnori.privatekey, mainproject.client.asyn.public.private_mailbox_cnt_per_connection.desc=비동기+공유 연결 클래스(ShareAsynConnection)의 메일함 갯수, default value[2], min[1], max[2147483647], servlet_jsp.jdf_servlet_trace.desc=JDF framework에서 서블릿 경과시간 추적 여부, default value[true], the boolean set[false, true], sessionkey.rsa.publickey.file.value=D:\gitsinnori\sinnori2\project\sample_test\resources\rsa_keypair\sinnori.publickey, servlet_jsp.web_layout_control_page.value=/PageJump.jsp, servlet_jsp.jdf_login_page.desc=로그인 처리 jsp, default value[/menu/member/login.jsp], mainproject.common.data_packet_buffer_size.value=4096, servlet_jsp.jdf_servlet_trace.value=true, mainproject.server.pool.accept_processor.size.desc=접속 요청이 승락된 클라이언트의 등록을 담당하는 쓰레드 갯수, default value[1], min[1], max[2147483647], mainproject.server.mybatis.config_file_relative_path.desc=mybatis 설정 파일의 상대 경로, [프로젝트 경로]/resources 경로 기준으로 읽어오며 구별자가 '/' 문자로된 상대 경로로 기술되어야 한다. ex) kr/pe/sinnori/mybatis/mybatisConfig.xml, default value[], mainproject.common.message_id_fixed_size.value=20, common.updownfile.file_block_max_size.value=1048576, mainproject.server.pool.accept_processor.size.value=1, mainproject.client.asyn.read_only_selector.wakeup_interval.desc=클라이언트 비동기 입출력 지원용 출력 메시지 소켓 읽기 담당 쓰레드에서 블락된 읽기 이벤트 전용 selector 를 깨우는 주기. 단위 ms, default value[10], min[1], max[2147483647], sessionkey.iv_size.desc=세션키에 사용되는 대칭키와 같이 사용되는 IV 크기, default value[16], the integer set[24, 16, 8], servlet_jsp.jdf_login_page.value=/menu/member/login.jsp, mainproject.common.first_prefix_dynamic_class_full_name.desc=동적 클래스 패키지명 접두어, 동적 클래스 여부를 판단하는 기준, default value[kr.pe.sinnori.impl.], mainproject.server.pool.output_message_writer.size.desc=출력 메시지 소켓 쓰기 담당 쓰레드 갯수, default value[1], min[1], max[2147483647]}
4월 11, 2018 6:00:32 오후 kr.pe.sinnori.common.buildsystem.ProjectBuilder createChildDirectories
정보: main project[sample_test]'s child direcotry creation task start
4월 11, 2018 6:00:32 오후 kr.pe.sinnori.common.buildsystem.ProjectBuilder createCommonChildDirectories
정보: main project[sample_test]'s common child direcotry creation task start
4월 11, 2018 6:00:32 오후 kr.pe.sinnori.common.util.CommonStaticUtil createChildDirectoriesOfBasePath
정보: the new child relative direcotry[D:\gitsinnori\sinnori\project\sample_test][config] was created successfully
4월 11, 2018 6:00:32 오후 kr.pe.sinnori.common.util.CommonStaticUtil createChildDirectoriesOfBasePath
정보: the new child relative direcotry[D:\gitsinnori\sinnori\project\sample_test][resources/dbcp] was created successfully
4월 11, 2018 6:00:32 오후 kr.pe.sinnori.common.util.CommonStaticUtil createChildDirectoriesOfBasePath
정보: the new child relative direcotry[D:\gitsinnori\sinnori\project\sample_test][resources/message_info] was created successfully
4월 11, 2018 6:00:32 오후 kr.pe.sinnori.common.util.CommonStaticUtil createChildDirectoriesOfBasePath
정보: the new child relative direcotry[D:\gitsinnori\sinnori\project\sample_test][resources/rsa_keypair] was created successfully
4월 11, 2018 6:00:32 오후 kr.pe.sinnori.common.util.CommonStaticUtil createChildDirectoriesOfBasePath
정보: the new child relative direcotry[D:\gitsinnori\sinnori\project\sample_test][log/apache] was created successfully
4월 11, 2018 6:00:32 오후 kr.pe.sinnori.common.util.CommonStaticUtil createChildDirectoriesOfBasePath
정보: the new child relative direcotry[D:\gitsinnori\sinnori\project\sample_test][log/client] was created successfully
4월 11, 2018 6:00:32 오후 kr.pe.sinnori.common.util.CommonStaticUtil createChildDirectoriesOfBasePath
정보: the new child relative direcotry[D:\gitsinnori\sinnori\project\sample_test][log/server] was created successfully
4월 11, 2018 6:00:32 오후 kr.pe.sinnori.common.util.CommonStaticUtil createChildDirectoriesOfBasePath
정보: the new child relative direcotry[D:\gitsinnori\sinnori\project\sample_test][log/servlet] was created successfully
4월 11, 2018 6:00:32 오후 kr.pe.sinnori.common.buildsystem.ProjectBuilder createCommonChildDirectories
정보: main project[sample_test]'s common child direcotry creation task end
4월 11, 2018 6:00:32 오후 kr.pe.sinnori.common.buildsystem.ProjectBuilder createServerBuildChildDirectories
정보: main project[sample_test]'s server child direcotry creation task start
4월 11, 2018 6:00:32 오후 kr.pe.sinnori.common.util.CommonStaticUtil createChildDirectoriesOfBasePath
정보: the new child relative direcotry[D:\gitsinnori\sinnori\project\sample_test][server_build/APP-INF/classes] was created successfully
4월 11, 2018 6:00:32 오후 kr.pe.sinnori.common.util.CommonStaticUtil createChildDirectoriesOfBasePath
정보: the new child relative direcotry[D:\gitsinnori\sinnori\project\sample_test][server_build/corelib/ex] was created successfully
4월 11, 2018 6:00:32 오후 kr.pe.sinnori.common.util.CommonStaticUtil createChildDirectoriesOfBasePath
정보: the new child relative direcotry[D:\gitsinnori\sinnori\project\sample_test][server_build/corelib/in] was created successfully
4월 11, 2018 6:00:32 오후 kr.pe.sinnori.common.util.CommonStaticUtil createChildDirectoriesOfBasePath
정보: the new child relative direcotry[D:\gitsinnori\sinnori\project\sample_test][server_build/lib/main/ex] was created successfully
4월 11, 2018 6:00:32 오후 kr.pe.sinnori.common.util.CommonStaticUtil createChildDirectoriesOfBasePath
정보: the new child relative direcotry[D:\gitsinnori\sinnori\project\sample_test][server_build/lib/main/in] was created successfully
4월 11, 2018 6:00:32 오후 kr.pe.sinnori.common.util.CommonStaticUtil createChildDirectoriesOfBasePath
정보: the new child relative direcotry[D:\gitsinnori\sinnori\project\sample_test][server_build/lib/test] was created successfully
4월 11, 2018 6:00:32 오후 kr.pe.sinnori.common.util.CommonStaticUtil createChildDirectoriesOfBasePath
정보: the new child relative direcotry[D:\gitsinnori\sinnori\project\sample_test][server_build/src/main/java/kr/pe/sinnori/impl/servertask] was created successfully
4월 11, 2018 6:00:32 오후 kr.pe.sinnori.common.util.CommonStaticUtil createChildDirectoriesOfBasePath
정보: the new child relative direcotry[D:\gitsinnori\sinnori\project\sample_test][server_build/src/main/java/kr/pe/sinnori/impl/message] was created successfully
4월 11, 2018 6:00:32 오후 kr.pe.sinnori.common.util.CommonStaticUtil createChildDirectoriesOfBasePath
정보: the new child relative direcotry[D:\gitsinnori\sinnori\project\sample_test][server_build/src/main/java/main] was created successfully
4월 11, 2018 6:00:32 오후 kr.pe.sinnori.common.util.CommonStaticUtil createChildDirectoriesOfBasePath
정보: the new child relative direcotry[D:\gitsinnori\sinnori\project\sample_test][server_build/src/test/java] was created successfully
4월 11, 2018 6:00:32 오후 kr.pe.sinnori.common.util.CommonStaticUtil createChildDirectoriesOfBasePath
정보: the new child relative direcotry[D:\gitsinnori\sinnori\project\sample_test][server_build/build] was created successfully
4월 11, 2018 6:00:32 오후 kr.pe.sinnori.common.util.CommonStaticUtil createChildDirectoriesOfBasePath
정보: the new child relative direcotry[D:\gitsinnori\sinnori\project\sample_test][server_build/dist] was created successfully
4월 11, 2018 6:00:32 오후 kr.pe.sinnori.common.buildsystem.ProjectBuilder createServerBuildChildDirectories
정보: main project[sample_test]'s server child direcotry creation task end
4월 11, 2018 6:00:32 오후 kr.pe.sinnori.common.buildsystem.ProjectBuilder createChildDirectories
정보: main project[sample_test]'s child direcotry creation task end
4월 11, 2018 6:00:32 오후 kr.pe.sinnori.common.buildsystem.ProjectBuilder createFiles
정보: main project[sample_test]'s file creation task start
4월 11, 2018 6:00:32 오후 kr.pe.sinnori.common.buildsystem.ProjectBuilder createNewSinnoriConfigFile
정보: main project[sample_test]'s config file creation task start
4월 11, 2018 6:00:32 오후 kr.pe.sinnori.common.util.SequencedPropertiesUtil createNewSequencedPropertiesFile
정보: the sequenced properties file[D:\gitsinnori\sinnori\project\sample_test\config\sinnori.properties] was created
4월 11, 2018 6:00:32 오후 kr.pe.sinnori.common.buildsystem.ProjectBuilder createNewSinnoriConfigFile
정보: main project[sample_test]'s config file creation task end
4월 11, 2018 6:00:32 오후 kr.pe.sinnori.common.buildsystem.ProjectBuilder copySampleFilesToResoruces
정보: the mainproject[sample_test]'s resources directory copy task start
4월 11, 2018 6:00:32 오후 kr.pe.sinnori.common.buildsystem.ProjectBuilder copySampleFilesToResoruces
정보: the mainproject[sample_test]'s resources directory copy task end
4월 11, 2018 6:00:32 오후 kr.pe.sinnori.common.buildsystem.ProjectBuilder createServerBuildSystemFiles
정보: server build system files creation task start
4월 11, 2018 6:00:32 오후 kr.pe.sinnori.common.buildsystem.ProjectBuilder createNewServerAntBuildXMLFile
정보: main project[sample_test]'s server ant build.xml file creation task start
4월 11, 2018 6:00:32 오후 kr.pe.sinnori.common.buildsystem.ProjectBuilder createNewServerAntBuildXMLFile
정보: main project[sample_test]'s server ant build.xml file creation task end
4월 11, 2018 6:00:32 오후 kr.pe.sinnori.common.buildsystem.ProjectBuilder createNewServerDosShellFile
정보: main project[sample_test]'s server dos shell file creation task start
4월 11, 2018 6:00:32 오후 kr.pe.sinnori.common.buildsystem.ProjectBuilder createNewServerDosShellFile
정보: main project[sample_test]'s server dos shell file creation task end
4월 11, 2018 6:00:32 오후 kr.pe.sinnori.common.buildsystem.ProjectBuilder createNewServerUnixShellFile
정보: main project[sample_test]'s server unix shell file creation task start
4월 11, 2018 6:00:32 오후 kr.pe.sinnori.common.buildsystem.ProjectBuilder createNewServerUnixShellFile
정보: main project[sample_test]'s server unix shell file creation task end
4월 11, 2018 6:00:32 오후 kr.pe.sinnori.common.buildsystem.ProjectBuilder copyServerSampleFiles
정보: server sample source files copy task start
4월 11, 2018 6:00:32 오후 kr.pe.sinnori.common.buildsystem.ProjectBuilder copyServerSampleFiles
정보: server sample source files copy task end
4월 11, 2018 6:00:32 오후 kr.pe.sinnori.common.buildsystem.ProjectBuilder createServerMessageIOFileSet
정보: main project[sample_test]'s server message io file set creation task start
4월 11, 2018 6:00:32 오후 kr.pe.sinnori.common.util.CommonStaticUtil createChildDirectoriesOfBasePath
정보: the new child relative direcotry[D:\gitsinnori\sinnori\project\sample_test\server_build\src\main\java\kr\pe\sinnori\impl\message][Echo] was created successfully
4월 11, 2018 6:00:32 오후 kr.pe.sinnori.common.buildsystem.ProjectBuilder createNewMessageSourceFile
정보: main project[sample_test]'s message file[Echo][D:\gitsinnori\sinnori\project\sample_test\server_build\src\main\java\kr\pe\sinnori\impl\message] creation task start
4월 11, 2018 6:00:32 오후 kr.pe.sinnori.common.buildsystem.ProjectBuilder createNewMessageSourceFile
정보: main project[sample_test]'s message file[Echo][D:\gitsinnori\sinnori\project\sample_test\server_build\src\main\java\kr\pe\sinnori\impl\message] creation task end
4월 11, 2018 6:00:32 오후 kr.pe.sinnori.common.buildsystem.ProjectBuilder createNewDecoderSourceFile
정보: main project[sample_test]'s message decoder file[Echo][D:\gitsinnori\sinnori\project\sample_test\server_build\src\main\java\kr\pe\sinnori\impl\message] creation task start
4월 11, 2018 6:00:32 오후 kr.pe.sinnori.common.buildsystem.ProjectBuilder createNewDecoderSourceFile
정보: main project[sample_test]'s message decoder file[Echo][D:\gitsinnori\sinnori\project\sample_test\server_build\src\main\java\kr\pe\sinnori\impl\message] creation task end
4월 11, 2018 6:00:32 오후 kr.pe.sinnori.common.buildsystem.ProjectBuilder createNewEncoderSourceFile
정보: main project[sample_test]'s message encoder file[Echo][D:\gitsinnori\sinnori\project\sample_test\server_build\src\main\java\kr\pe\sinnori\impl\message] creation task start
4월 11, 2018 6:00:32 오후 kr.pe.sinnori.common.buildsystem.ProjectBuilder createNewEncoderSourceFile
정보: main project[sample_test]'s message encoder file[Echo][D:\gitsinnori\sinnori\project\sample_test\server_build\src\main\java\kr\pe\sinnori\impl\message] creation task end
4월 11, 2018 6:00:32 오후 kr.pe.sinnori.common.buildsystem.ProjectBuilder createNewServerCodecSourceFile
정보: main project[sample_test]'s message server codec file[Echo][D:\gitsinnori\sinnori\project\sample_test\server_build\src\main\java\kr\pe\sinnori\impl\message] creation task start
4월 11, 2018 6:00:32 오후 kr.pe.sinnori.common.buildsystem.ProjectBuilder createNewServerCodecSourceFile
정보: main project[sample_test]'s message server codec file[Echo][D:\gitsinnori\sinnori\project\sample_test\server_build\src\main\java\kr\pe\sinnori\impl\message] creation task end
4월 11, 2018 6:00:32 오후 kr.pe.sinnori.common.buildsystem.ProjectBuilder createNewClientCodecSourceFile
정보: main project[sample_test]'s message client codec file[Echo][D:\gitsinnori\sinnori\project\sample_test\server_build\src\main\java\kr\pe\sinnori\impl\message] creation task start
4월 11, 2018 6:00:32 오후 kr.pe.sinnori.common.buildsystem.ProjectBuilder createNewClientCodecSourceFile
정보: main project[sample_test]'s message client codec file[Echo][D:\gitsinnori\sinnori\project\sample_test\server_build\src\main\java\kr\pe\sinnori\impl\message] creation task end
4월 11, 2018 6:00:32 오후 kr.pe.sinnori.common.util.CommonStaticUtil createChildDirectoriesOfBasePath
정보: the new child relative direcotry[D:\gitsinnori\sinnori\project\sample_test\server_build\src\main\java\kr\pe\sinnori\impl\message][PublicKeyReq] was created successfully
4월 11, 2018 6:00:32 오후 kr.pe.sinnori.common.buildsystem.ProjectBuilder createNewMessageSourceFile
정보: main project[sample_test]'s message file[PublicKeyReq][D:\gitsinnori\sinnori\project\sample_test\server_build\src\main\java\kr\pe\sinnori\impl\message] creation task start
4월 11, 2018 6:00:32 오후 kr.pe.sinnori.common.buildsystem.ProjectBuilder createNewMessageSourceFile
정보: main project[sample_test]'s message file[PublicKeyReq][D:\gitsinnori\sinnori\project\sample_test\server_build\src\main\java\kr\pe\sinnori\impl\message] creation task end
4월 11, 2018 6:00:32 오후 kr.pe.sinnori.common.buildsystem.ProjectBuilder createNewDecoderSourceFile
정보: main project[sample_test]'s message decoder file[PublicKeyReq][D:\gitsinnori\sinnori\project\sample_test\server_build\src\main\java\kr\pe\sinnori\impl\message] creation task start
4월 11, 2018 6:00:32 오후 kr.pe.sinnori.common.buildsystem.ProjectBuilder createNewDecoderSourceFile
정보: main project[sample_test]'s message decoder file[PublicKeyReq][D:\gitsinnori\sinnori\project\sample_test\server_build\src\main\java\kr\pe\sinnori\impl\message] creation task end
4월 11, 2018 6:00:32 오후 kr.pe.sinnori.common.buildsystem.ProjectBuilder createNewEncoderSourceFile
정보: main project[sample_test]'s message encoder file[PublicKeyReq][D:\gitsinnori\sinnori\project\sample_test\server_build\src\main\java\kr\pe\sinnori\impl\message] creation task start
4월 11, 2018 6:00:32 오후 kr.pe.sinnori.common.buildsystem.ProjectBuilder createNewEncoderSourceFile
정보: main project[sample_test]'s message encoder file[PublicKeyReq][D:\gitsinnori\sinnori\project\sample_test\server_build\src\main\java\kr\pe\sinnori\impl\message] creation task end
4월 11, 2018 6:00:32 오후 kr.pe.sinnori.common.buildsystem.ProjectBuilder createNewServerCodecSourceFile
정보: main project[sample_test]'s message server codec file[PublicKeyReq][D:\gitsinnori\sinnori\project\sample_test\server_build\src\main\java\kr\pe\sinnori\impl\message] creation task start
4월 11, 2018 6:00:32 오후 kr.pe.sinnori.common.buildsystem.ProjectBuilder createNewServerCodecSourceFile
정보: main project[sample_test]'s message server codec file[PublicKeyReq][D:\gitsinnori\sinnori\project\sample_test\server_build\src\main\java\kr\pe\sinnori\impl\message] creation task end
4월 11, 2018 6:00:32 오후 kr.pe.sinnori.common.buildsystem.ProjectBuilder createNewClientCodecSourceFile
정보: main project[sample_test]'s message client codec file[PublicKeyReq][D:\gitsinnori\sinnori\project\sample_test\server_build\src\main\java\kr\pe\sinnori\impl\message] creation task start
4월 11, 2018 6:00:32 오후 kr.pe.sinnori.common.buildsystem.ProjectBuilder createNewClientCodecSourceFile
정보: main project[sample_test]'s message client codec file[PublicKeyReq][D:\gitsinnori\sinnori\project\sample_test\server_build\src\main\java\kr\pe\sinnori\impl\message] creation task end
4월 11, 2018 6:00:32 오후 kr.pe.sinnori.common.util.CommonStaticUtil createChildDirectoriesOfBasePath
정보: the new child relative direcotry[D:\gitsinnori\sinnori\project\sample_test\server_build\src\main\java\kr\pe\sinnori\impl\message][PublicKeyRes] was created successfully
4월 11, 2018 6:00:32 오후 kr.pe.sinnori.common.buildsystem.ProjectBuilder createNewMessageSourceFile
정보: main project[sample_test]'s message file[PublicKeyRes][D:\gitsinnori\sinnori\project\sample_test\server_build\src\main\java\kr\pe\sinnori\impl\message] creation task start
4월 11, 2018 6:00:32 오후 kr.pe.sinnori.common.buildsystem.ProjectBuilder createNewMessageSourceFile
정보: main project[sample_test]'s message file[PublicKeyRes][D:\gitsinnori\sinnori\project\sample_test\server_build\src\main\java\kr\pe\sinnori\impl\message] creation task end
4월 11, 2018 6:00:32 오후 kr.pe.sinnori.common.buildsystem.ProjectBuilder createNewDecoderSourceFile
정보: main project[sample_test]'s message decoder file[PublicKeyRes][D:\gitsinnori\sinnori\project\sample_test\server_build\src\main\java\kr\pe\sinnori\impl\message] creation task start
4월 11, 2018 6:00:32 오후 kr.pe.sinnori.common.buildsystem.ProjectBuilder createNewDecoderSourceFile
정보: main project[sample_test]'s message decoder file[PublicKeyRes][D:\gitsinnori\sinnori\project\sample_test\server_build\src\main\java\kr\pe\sinnori\impl\message] creation task end
4월 11, 2018 6:00:32 오후 kr.pe.sinnori.common.buildsystem.ProjectBuilder createNewEncoderSourceFile
정보: main project[sample_test]'s message encoder file[PublicKeyRes][D:\gitsinnori\sinnori\project\sample_test\server_build\src\main\java\kr\pe\sinnori\impl\message] creation task start
4월 11, 2018 6:00:32 오후 kr.pe.sinnori.common.buildsystem.ProjectBuilder createNewEncoderSourceFile
정보: main project[sample_test]'s message encoder file[PublicKeyRes][D:\gitsinnori\sinnori\project\sample_test\server_build\src\main\java\kr\pe\sinnori\impl\message] creation task end
4월 11, 2018 6:00:32 오후 kr.pe.sinnori.common.buildsystem.ProjectBuilder createNewServerCodecSourceFile
정보: main project[sample_test]'s message server codec file[PublicKeyRes][D:\gitsinnori\sinnori\project\sample_test\server_build\src\main\java\kr\pe\sinnori\impl\message] creation task start
4월 11, 2018 6:00:32 오후 kr.pe.sinnori.common.buildsystem.ProjectBuilder createNewServerCodecSourceFile
정보: main project[sample_test]'s message server codec file[PublicKeyRes][D:\gitsinnori\sinnori\project\sample_test\server_build\src\main\java\kr\pe\sinnori\impl\message] creation task end
4월 11, 2018 6:00:32 오후 kr.pe.sinnori.common.buildsystem.ProjectBuilder createNewClientCodecSourceFile
정보: main project[sample_test]'s message client codec file[PublicKeyRes][D:\gitsinnori\sinnori\project\sample_test\server_build\src\main\java\kr\pe\sinnori\impl\message] creation task start
4월 11, 2018 6:00:32 오후 kr.pe.sinnori.common.buildsystem.ProjectBuilder createNewClientCodecSourceFile
정보: main project[sample_test]'s message client codec file[PublicKeyRes][D:\gitsinnori\sinnori\project\sample_test\server_build\src\main\java\kr\pe\sinnori\impl\message] creation task end
4월 11, 2018 6:00:32 오후 kr.pe.sinnori.common.buildsystem.ProjectBuilder createServerMessageIOFileSet
정보: main project[sample_test]'s server message io file set creation task end
4월 11, 2018 6:00:32 오후 kr.pe.sinnori.common.buildsystem.ProjectBuilder createServerBuildSystemFiles
정보: server build system files creation task end
4월 11, 2018 6:00:32 오후 kr.pe.sinnori.common.buildsystem.ProjectBuilder createFiles
정보: main project[sample_test]'s file creation task end
4월 11, 2018 6:00:32 오후 kr.pe.sinnori.common.buildsystem.ProjectBuilder createChildDirectories
정보: main project[sample_test]'s child direcotry creation task start
4월 11, 2018 6:00:32 오후 kr.pe.sinnori.common.buildsystem.ProjectBuilder createCommonChildDirectories
정보: main project[sample_test]'s common child direcotry creation task start
4월 11, 2018 6:00:32 오후 kr.pe.sinnori.common.util.CommonStaticUtil createChildDirectoriesOfBasePath
정보: the new child relative direcotry[D:\gitsinnori\sinnori\project\sample_test][config] was created successfully
4월 11, 2018 6:00:32 오후 kr.pe.sinnori.common.util.CommonStaticUtil createChildDirectoriesOfBasePath
정보: the new child relative direcotry[D:\gitsinnori\sinnori\project\sample_test][resources/dbcp] was created successfully
4월 11, 2018 6:00:32 오후 kr.pe.sinnori.common.util.CommonStaticUtil createChildDirectoriesOfBasePath
정보: the new child relative direcotry[D:\gitsinnori\sinnori\project\sample_test][resources/message_info] was created successfully
4월 11, 2018 6:00:32 오후 kr.pe.sinnori.common.util.CommonStaticUtil createChildDirectoriesOfBasePath
정보: the new child relative direcotry[D:\gitsinnori\sinnori\project\sample_test][resources/rsa_keypair] was created successfully
4월 11, 2018 6:00:32 오후 kr.pe.sinnori.common.util.CommonStaticUtil createChildDirectoriesOfBasePath
정보: the new child relative direcotry[D:\gitsinnori\sinnori\project\sample_test][log/apache] was created successfully
4월 11, 2018 6:00:32 오후 kr.pe.sinnori.common.util.CommonStaticUtil createChildDirectoriesOfBasePath
정보: the new child relative direcotry[D:\gitsinnori\sinnori\project\sample_test][log/client] was created successfully
4월 11, 2018 6:00:32 오후 kr.pe.sinnori.common.util.CommonStaticUtil createChildDirectoriesOfBasePath
정보: the new child relative direcotry[D:\gitsinnori\sinnori\project\sample_test][log/server] was created successfully
4월 11, 2018 6:00:32 오후 kr.pe.sinnori.common.util.CommonStaticUtil createChildDirectoriesOfBasePath
정보: the new child relative direcotry[D:\gitsinnori\sinnori\project\sample_test][log/servlet] was created successfully
4월 11, 2018 6:00:32 오후 kr.pe.sinnori.common.buildsystem.ProjectBuilder createCommonChildDirectories
정보: main project[sample_test]'s common child direcotry creation task end
4월 11, 2018 6:00:32 오후 kr.pe.sinnori.common.buildsystem.ProjectBuilder createServerBuildChildDirectories
정보: main project[sample_test]'s server child direcotry creation task start
4월 11, 2018 6:00:32 오후 kr.pe.sinnori.common.util.CommonStaticUtil createChildDirectoriesOfBasePath
정보: the new child relative direcotry[D:\gitsinnori\sinnori\project\sample_test][server_build/APP-INF/classes] was created successfully
4월 11, 2018 6:00:32 오후 kr.pe.sinnori.common.util.CommonStaticUtil createChildDirectoriesOfBasePath
정보: the new child relative direcotry[D:\gitsinnori\sinnori\project\sample_test][server_build/corelib/ex] was created successfully
4월 11, 2018 6:00:32 오후 kr.pe.sinnori.common.util.CommonStaticUtil createChildDirectoriesOfBasePath
정보: the new child relative direcotry[D:\gitsinnori\sinnori\project\sample_test][server_build/corelib/in] was created successfully
4월 11, 2018 6:00:32 오후 kr.pe.sinnori.common.util.CommonStaticUtil createChildDirectoriesOfBasePath
정보: the new child relative direcotry[D:\gitsinnori\sinnori\project\sample_test][server_build/lib/main/ex] was created successfully
4월 11, 2018 6:00:32 오후 kr.pe.sinnori.common.util.CommonStaticUtil createChildDirectoriesOfBasePath
정보: the new child relative direcotry[D:\gitsinnori\sinnori\project\sample_test][server_build/lib/main/in] was created successfully
4월 11, 2018 6:00:32 오후 kr.pe.sinnori.common.util.CommonStaticUtil createChildDirectoriesOfBasePath
정보: the new child relative direcotry[D:\gitsinnori\sinnori\project\sample_test][server_build/lib/test] was created successfully
4월 11, 2018 6:00:32 오후 kr.pe.sinnori.common.util.CommonStaticUtil createChildDirectoriesOfBasePath
정보: the new child relative direcotry[D:\gitsinnori\sinnori\project\sample_test][server_build/src/main/java/kr/pe/sinnori/impl/servertask] was created successfully
4월 11, 2018 6:00:32 오후 kr.pe.sinnori.common.util.CommonStaticUtil createChildDirectoriesOfBasePath
정보: the new child relative direcotry[D:\gitsinnori\sinnori\project\sample_test][server_build/src/main/java/kr/pe/sinnori/impl/message] was created successfully
4월 11, 2018 6:00:32 오후 kr.pe.sinnori.common.util.CommonStaticUtil createChildDirectoriesOfBasePath
정보: the new child relative direcotry[D:\gitsinnori\sinnori\project\sample_test][server_build/src/main/java/main] was created successfully
4월 11, 2018 6:00:32 오후 kr.pe.sinnori.common.util.CommonStaticUtil createChildDirectoriesOfBasePath
정보: the new child relative direcotry[D:\gitsinnori\sinnori\project\sample_test][server_build/src/test/java] was created successfully
4월 11, 2018 6:00:32 오후 kr.pe.sinnori.common.util.CommonStaticUtil createChildDirectoriesOfBasePath
정보: the new child relative direcotry[D:\gitsinnori\sinnori\project\sample_test][server_build/build] was created successfully
4월 11, 2018 6:00:32 오후 kr.pe.sinnori.common.util.CommonStaticUtil createChildDirectoriesOfBasePath
정보: the new child relative direcotry[D:\gitsinnori\sinnori\project\sample_test][server_build/dist] was created successfully
4월 11, 2018 6:00:32 오후 kr.pe.sinnori.common.buildsystem.ProjectBuilder createServerBuildChildDirectories
정보: main project[sample_test]'s server child direcotry creation task end
4월 11, 2018 6:00:32 오후 kr.pe.sinnori.common.buildsystem.ProjectBuilder createAppBuildChildDirectories
정보: main project[sample_test]'s application build child direcotry creation task start
4월 11, 2018 6:00:32 오후 kr.pe.sinnori.common.util.CommonStaticUtil createChildDirectoriesOfBasePath
정보: the new child relative direcotry[D:\gitsinnori\sinnori\project\sample_test][client_build/app_build/corelib/ex] was created successfully
4월 11, 2018 6:00:32 오후 kr.pe.sinnori.common.util.CommonStaticUtil createChildDirectoriesOfBasePath
정보: the new child relative direcotry[D:\gitsinnori\sinnori\project\sample_test][client_build/app_build/corelib/in] was created successfully
4월 11, 2018 6:00:32 오후 kr.pe.sinnori.common.util.CommonStaticUtil createChildDirectoriesOfBasePath
정보: the new child relative direcotry[D:\gitsinnori\sinnori\project\sample_test][client_build/app_build/lib/main/ex] was created successfully
4월 11, 2018 6:00:32 오후 kr.pe.sinnori.common.util.CommonStaticUtil createChildDirectoriesOfBasePath
정보: the new child relative direcotry[D:\gitsinnori\sinnori\project\sample_test][client_build/app_build/lib/main/in] was created successfully
4월 11, 2018 6:00:32 오후 kr.pe.sinnori.common.util.CommonStaticUtil createChildDirectoriesOfBasePath
정보: the new child relative direcotry[D:\gitsinnori\sinnori\project\sample_test][client_build/app_build/lib/test] was created successfully
4월 11, 2018 6:00:32 오후 kr.pe.sinnori.common.util.CommonStaticUtil createChildDirectoriesOfBasePath
정보: the new child relative direcotry[D:\gitsinnori\sinnori\project\sample_test][client_build/app_build/src/main/java/kr/pe/sinnori/impl/message] was created successfully
4월 11, 2018 6:00:32 오후 kr.pe.sinnori.common.util.CommonStaticUtil createChildDirectoriesOfBasePath
정보: the new child relative direcotry[D:\gitsinnori\sinnori\project\sample_test][client_build/app_build/src/main/java/main] was created successfully
4월 11, 2018 6:00:32 오후 kr.pe.sinnori.common.util.CommonStaticUtil createChildDirectoriesOfBasePath
정보: the new child relative direcotry[D:\gitsinnori\sinnori\project\sample_test][client_build/app_build/src/test/java] was created successfully
4월 11, 2018 6:00:32 오후 kr.pe.sinnori.common.util.CommonStaticUtil createChildDirectoriesOfBasePath
정보: the new child relative direcotry[D:\gitsinnori\sinnori\project\sample_test][client_build/app_build/build] was created successfully
4월 11, 2018 6:00:32 오후 kr.pe.sinnori.common.util.CommonStaticUtil createChildDirectoriesOfBasePath
정보: the new child relative direcotry[D:\gitsinnori\sinnori\project\sample_test][client_build/app_build/dist] was created successfully
4월 11, 2018 6:00:32 오후 kr.pe.sinnori.common.buildsystem.ProjectBuilder createAppBuildChildDirectories
정보: main project[sample_test]'s application build child direcotry creation task end
4월 11, 2018 6:00:32 오후 kr.pe.sinnori.common.buildsystem.ProjectBuilder createWebBuildChildDirectories
정보: main project[sample_test]'s web build child direcotry creation task start
4월 11, 2018 6:00:32 오후 kr.pe.sinnori.common.util.CommonStaticUtil createChildDirectoriesOfBasePath
정보: the new child relative direcotry[D:\gitsinnori\sinnori\project\sample_test][client_build/web_build/corelib/ex] was created successfully
4월 11, 2018 6:00:32 오후 kr.pe.sinnori.common.util.CommonStaticUtil createChildDirectoriesOfBasePath
정보: the new child relative direcotry[D:\gitsinnori\sinnori\project\sample_test][client_build/web_build/corelib/in] was created successfully
4월 11, 2018 6:00:32 오후 kr.pe.sinnori.common.util.CommonStaticUtil createChildDirectoriesOfBasePath
정보: the new child relative direcotry[D:\gitsinnori\sinnori\project\sample_test][client_build/web_build/lib/main/ex] was created successfully
4월 11, 2018 6:00:32 오후 kr.pe.sinnori.common.util.CommonStaticUtil createChildDirectoriesOfBasePath
정보: the new child relative direcotry[D:\gitsinnori\sinnori\project\sample_test][client_build/web_build/lib/main/in] was created successfully
4월 11, 2018 6:00:32 오후 kr.pe.sinnori.common.util.CommonStaticUtil createChildDirectoriesOfBasePath
정보: the new child relative direcotry[D:\gitsinnori\sinnori\project\sample_test][client_build/web_build/lib/test] was created successfully
4월 11, 2018 6:00:32 오후 kr.pe.sinnori.common.util.CommonStaticUtil createChildDirectoriesOfBasePath
정보: the new child relative direcotry[D:\gitsinnori\sinnori\project\sample_test][client_build/web_build/src/main/java/kr/pe/sinnori/impl/message] was created successfully
4월 11, 2018 6:00:32 오후 kr.pe.sinnori.common.util.CommonStaticUtil createChildDirectoriesOfBasePath
정보: the new child relative direcotry[D:\gitsinnori\sinnori\project\sample_test][client_build/web_build/src/main/java//kr/pe/sinnori/servlet] was created successfully
4월 11, 2018 6:00:32 오후 kr.pe.sinnori.common.util.CommonStaticUtil createChildDirectoriesOfBasePath
정보: the new child relative direcotry[D:\gitsinnori\sinnori\project\sample_test][client_build/web_build/src/main/java/kr/pe/sinnori/weblib/common] was created successfully
4월 11, 2018 6:00:32 오후 kr.pe.sinnori.common.util.CommonStaticUtil createChildDirectoriesOfBasePath
정보: the new child relative direcotry[D:\gitsinnori\sinnori\project\sample_test][client_build/web_build/src/main/java/kr/pe/sinnori/weblib/htmlstring] was created successfully
4월 11, 2018 6:00:32 오후 kr.pe.sinnori.common.util.CommonStaticUtil createChildDirectoriesOfBasePath
정보: the new child relative direcotry[D:\gitsinnori\sinnori\project\sample_test][client_build/web_build/src/main/java/kr/pe/sinnori/weblib/jdf] was created successfully
4월 11, 2018 6:00:32 오후 kr.pe.sinnori.common.util.CommonStaticUtil createChildDirectoriesOfBasePath
정보: the new child relative direcotry[D:\gitsinnori\sinnori\project\sample_test][client_build/web_build/src/test/java] was created successfully
4월 11, 2018 6:00:32 오후 kr.pe.sinnori.common.util.CommonStaticUtil createChildDirectoriesOfBasePath
정보: the new child relative direcotry[D:\gitsinnori\sinnori\project\sample_test][client_build/web_build/build] was created successfully
4월 11, 2018 6:00:32 오후 kr.pe.sinnori.common.util.CommonStaticUtil createChildDirectoriesOfBasePath
정보: the new child relative direcotry[D:\gitsinnori\sinnori\project\sample_test][client_build/web_build/dist] was created successfully
4월 11, 2018 6:00:32 오후 kr.pe.sinnori.common.buildsystem.ProjectBuilder createWebBuildChildDirectories
정보: main project[sample_test]'s web build child direcotry creation task end
4월 11, 2018 6:00:32 오후 kr.pe.sinnori.common.buildsystem.ProjectBuilder createWebRootChildDirectories
정보: main project[sample_test]'s web root child direcotry creation task start
4월 11, 2018 6:00:32 오후 kr.pe.sinnori.common.util.CommonStaticUtil createChildDirectoriesOfBasePath
정보: the new child relative direcotry[D:\gitsinnori\sinnori\project\sample_test][web_app_base/upload] was created successfully
4월 11, 2018 6:00:32 오후 kr.pe.sinnori.common.util.CommonStaticUtil createChildDirectoriesOfBasePath
정보: the new child relative direcotry[D:\gitsinnori\sinnori\project\sample_test][web_app_base/ROOT/WEB-INF/classes] was created successfully
4월 11, 2018 6:00:32 오후 kr.pe.sinnori.common.util.CommonStaticUtil createChildDirectoriesOfBasePath
정보: the new child relative direcotry[D:\gitsinnori\sinnori\project\sample_test][web_app_base/ROOT/WEB-INF/lib] was created successfully
4월 11, 2018 6:00:32 오후 kr.pe.sinnori.common.buildsystem.ProjectBuilder createWebRootChildDirectories
정보: main project[sample_test]'s web root child direcotry creation task end
4월 11, 2018 6:00:32 오후 kr.pe.sinnori.common.buildsystem.ProjectBuilder createChildDirectories
정보: main project[sample_test]'s child direcotry creation task end
4월 11, 2018 6:00:32 오후 kr.pe.sinnori.common.buildsystem.ProjectBuilder createFiles
정보: main project[sample_test]'s file creation task start
4월 11, 2018 6:00:32 오후 kr.pe.sinnori.common.buildsystem.ProjectBuilder createNewSinnoriConfigFile
정보: main project[sample_test]'s config file creation task start
4월 11, 2018 6:00:32 오후 kr.pe.sinnori.common.util.SequencedPropertiesUtil createNewSequencedPropertiesFile
정보: the sequenced properties file[D:\gitsinnori\sinnori\project\sample_test\config\sinnori.properties] was created
4월 11, 2018 6:00:32 오후 kr.pe.sinnori.common.buildsystem.ProjectBuilder createNewSinnoriConfigFile
정보: main project[sample_test]'s config file creation task end
4월 11, 2018 6:00:32 오후 kr.pe.sinnori.common.buildsystem.ProjectBuilder copySampleFilesToResoruces
정보: the mainproject[sample_test]'s resources directory copy task start
4월 11, 2018 6:00:32 오후 kr.pe.sinnori.common.buildsystem.ProjectBuilder copySampleFilesToResoruces
정보: the mainproject[sample_test]'s resources directory copy task end
4월 11, 2018 6:00:32 오후 kr.pe.sinnori.common.buildsystem.ProjectBuilder createServerBuildSystemFiles
정보: server build system files creation task start
4월 11, 2018 6:00:32 오후 kr.pe.sinnori.common.buildsystem.ProjectBuilder createNewServerAntBuildXMLFile
정보: main project[sample_test]'s server ant build.xml file creation task start
4월 11, 2018 6:00:32 오후 kr.pe.sinnori.common.buildsystem.ProjectBuilder createNewServerAntBuildXMLFile
정보: main project[sample_test]'s server ant build.xml file creation task end
4월 11, 2018 6:00:32 오후 kr.pe.sinnori.common.buildsystem.ProjectBuilder createNewServerDosShellFile
정보: main project[sample_test]'s server dos shell file creation task start
4월 11, 2018 6:00:32 오후 kr.pe.sinnori.common.buildsystem.ProjectBuilder createNewServerDosShellFile
정보: main project[sample_test]'s server dos shell file creation task end
4월 11, 2018 6:00:32 오후 kr.pe.sinnori.common.buildsystem.ProjectBuilder createNewServerUnixShellFile
정보: main project[sample_test]'s server unix shell file creation task start
4월 11, 2018 6:00:32 오후 kr.pe.sinnori.common.buildsystem.ProjectBuilder createNewServerUnixShellFile
정보: main project[sample_test]'s server unix shell file creation task end
4월 11, 2018 6:00:32 오후 kr.pe.sinnori.common.buildsystem.ProjectBuilder copyServerSampleFiles
정보: server sample source files copy task start
4월 11, 2018 6:00:32 오후 kr.pe.sinnori.common.buildsystem.ProjectBuilder copyServerSampleFiles
정보: server sample source files copy task end
4월 11, 2018 6:00:32 오후 kr.pe.sinnori.common.buildsystem.ProjectBuilder createServerMessageIOFileSet
정보: main project[sample_test]'s server message io file set creation task start
4월 11, 2018 6:00:32 오후 kr.pe.sinnori.common.util.CommonStaticUtil createChildDirectoriesOfBasePath
정보: the new child relative direcotry[D:\gitsinnori\sinnori\project\sample_test\server_build\src\main\java\kr\pe\sinnori\impl\message][Echo] was created successfully
4월 11, 2018 6:00:32 오후 kr.pe.sinnori.common.buildsystem.ProjectBuilder createNewMessageSourceFile
정보: main project[sample_test]'s message file[Echo][D:\gitsinnori\sinnori\project\sample_test\server_build\src\main\java\kr\pe\sinnori\impl\message] creation task start
4월 11, 2018 6:00:32 오후 kr.pe.sinnori.common.buildsystem.ProjectBuilder createNewMessageSourceFile
정보: main project[sample_test]'s message file[Echo][D:\gitsinnori\sinnori\project\sample_test\server_build\src\main\java\kr\pe\sinnori\impl\message] creation task end
4월 11, 2018 6:00:32 오후 kr.pe.sinnori.common.buildsystem.ProjectBuilder createNewDecoderSourceFile
정보: main project[sample_test]'s message decoder file[Echo][D:\gitsinnori\sinnori\project\sample_test\server_build\src\main\java\kr\pe\sinnori\impl\message] creation task start
4월 11, 2018 6:00:32 오후 kr.pe.sinnori.common.buildsystem.ProjectBuilder createNewDecoderSourceFile
정보: main project[sample_test]'s message decoder file[Echo][D:\gitsinnori\sinnori\project\sample_test\server_build\src\main\java\kr\pe\sinnori\impl\message] creation task end
4월 11, 2018 6:00:32 오후 kr.pe.sinnori.common.buildsystem.ProjectBuilder createNewEncoderSourceFile
정보: main project[sample_test]'s message encoder file[Echo][D:\gitsinnori\sinnori\project\sample_test\server_build\src\main\java\kr\pe\sinnori\impl\message] creation task start
4월 11, 2018 6:00:32 오후 kr.pe.sinnori.common.buildsystem.ProjectBuilder createNewEncoderSourceFile
정보: main project[sample_test]'s message encoder file[Echo][D:\gitsinnori\sinnori\project\sample_test\server_build\src\main\java\kr\pe\sinnori\impl\message] creation task end
4월 11, 2018 6:00:32 오후 kr.pe.sinnori.common.buildsystem.ProjectBuilder createNewServerCodecSourceFile
정보: main project[sample_test]'s message server codec file[Echo][D:\gitsinnori\sinnori\project\sample_test\server_build\src\main\java\kr\pe\sinnori\impl\message] creation task start
4월 11, 2018 6:00:32 오후 kr.pe.sinnori.common.buildsystem.ProjectBuilder createNewServerCodecSourceFile
정보: main project[sample_test]'s message server codec file[Echo][D:\gitsinnori\sinnori\project\sample_test\server_build\src\main\java\kr\pe\sinnori\impl\message] creation task end
4월 11, 2018 6:00:32 오후 kr.pe.sinnori.common.buildsystem.ProjectBuilder createNewClientCodecSourceFile
정보: main project[sample_test]'s message client codec file[Echo][D:\gitsinnori\sinnori\project\sample_test\server_build\src\main\java\kr\pe\sinnori\impl\message] creation task start
4월 11, 2018 6:00:32 오후 kr.pe.sinnori.common.buildsystem.ProjectBuilder createNewClientCodecSourceFile
정보: main project[sample_test]'s message client codec file[Echo][D:\gitsinnori\sinnori\project\sample_test\server_build\src\main\java\kr\pe\sinnori\impl\message] creation task end
4월 11, 2018 6:00:32 오후 kr.pe.sinnori.common.util.CommonStaticUtil createChildDirectoriesOfBasePath
정보: the new child relative direcotry[D:\gitsinnori\sinnori\project\sample_test\server_build\src\main\java\kr\pe\sinnori\impl\message][PublicKeyReq] was created successfully
4월 11, 2018 6:00:32 오후 kr.pe.sinnori.common.buildsystem.ProjectBuilder createNewMessageSourceFile
정보: main project[sample_test]'s message file[PublicKeyReq][D:\gitsinnori\sinnori\project\sample_test\server_build\src\main\java\kr\pe\sinnori\impl\message] creation task start
4월 11, 2018 6:00:32 오후 kr.pe.sinnori.common.buildsystem.ProjectBuilder createNewMessageSourceFile
정보: main project[sample_test]'s message file[PublicKeyReq][D:\gitsinnori\sinnori\project\sample_test\server_build\src\main\java\kr\pe\sinnori\impl\message] creation task end
4월 11, 2018 6:00:32 오후 kr.pe.sinnori.common.buildsystem.ProjectBuilder createNewDecoderSourceFile
정보: main project[sample_test]'s message decoder file[PublicKeyReq][D:\gitsinnori\sinnori\project\sample_test\server_build\src\main\java\kr\pe\sinnori\impl\message] creation task start
4월 11, 2018 6:00:32 오후 kr.pe.sinnori.common.buildsystem.ProjectBuilder createNewDecoderSourceFile
정보: main project[sample_test]'s message decoder file[PublicKeyReq][D:\gitsinnori\sinnori\project\sample_test\server_build\src\main\java\kr\pe\sinnori\impl\message] creation task end
4월 11, 2018 6:00:32 오후 kr.pe.sinnori.common.buildsystem.ProjectBuilder createNewEncoderSourceFile
정보: main project[sample_test]'s message encoder file[PublicKeyReq][D:\gitsinnori\sinnori\project\sample_test\server_build\src\main\java\kr\pe\sinnori\impl\message] creation task start
4월 11, 2018 6:00:33 오후 kr.pe.sinnori.common.buildsystem.ProjectBuilder createNewEncoderSourceFile
정보: main project[sample_test]'s message encoder file[PublicKeyReq][D:\gitsinnori\sinnori\project\sample_test\server_build\src\main\java\kr\pe\sinnori\impl\message] creation task end
4월 11, 2018 6:00:33 오후 kr.pe.sinnori.common.buildsystem.ProjectBuilder createNewServerCodecSourceFile
정보: main project[sample_test]'s message server codec file[PublicKeyReq][D:\gitsinnori\sinnori\project\sample_test\server_build\src\main\java\kr\pe\sinnori\impl\message] creation task start
4월 11, 2018 6:00:33 오후 kr.pe.sinnori.common.buildsystem.ProjectBuilder createNewServerCodecSourceFile
정보: main project[sample_test]'s message server codec file[PublicKeyReq][D:\gitsinnori\sinnori\project\sample_test\server_build\src\main\java\kr\pe\sinnori\impl\message] creation task end
4월 11, 2018 6:00:33 오후 kr.pe.sinnori.common.buildsystem.ProjectBuilder createNewClientCodecSourceFile
정보: main project[sample_test]'s message client codec file[PublicKeyReq][D:\gitsinnori\sinnori\project\sample_test\server_build\src\main\java\kr\pe\sinnori\impl\message] creation task start
4월 11, 2018 6:00:33 오후 kr.pe.sinnori.common.buildsystem.ProjectBuilder createNewClientCodecSourceFile
정보: main project[sample_test]'s message client codec file[PublicKeyReq][D:\gitsinnori\sinnori\project\sample_test\server_build\src\main\java\kr\pe\sinnori\impl\message] creation task end
4월 11, 2018 6:00:33 오후 kr.pe.sinnori.common.util.CommonStaticUtil createChildDirectoriesOfBasePath
정보: the new child relative direcotry[D:\gitsinnori\sinnori\project\sample_test\server_build\src\main\java\kr\pe\sinnori\impl\message][PublicKeyRes] was created successfully
4월 11, 2018 6:00:33 오후 kr.pe.sinnori.common.buildsystem.ProjectBuilder createNewMessageSourceFile
정보: main project[sample_test]'s message file[PublicKeyRes][D:\gitsinnori\sinnori\project\sample_test\server_build\src\main\java\kr\pe\sinnori\impl\message] creation task start
4월 11, 2018 6:00:33 오후 kr.pe.sinnori.common.buildsystem.ProjectBuilder createNewMessageSourceFile
정보: main project[sample_test]'s message file[PublicKeyRes][D:\gitsinnori\sinnori\project\sample_test\server_build\src\main\java\kr\pe\sinnori\impl\message] creation task end
4월 11, 2018 6:00:33 오후 kr.pe.sinnori.common.buildsystem.ProjectBuilder createNewDecoderSourceFile
정보: main project[sample_test]'s message decoder file[PublicKeyRes][D:\gitsinnori\sinnori\project\sample_test\server_build\src\main\java\kr\pe\sinnori\impl\message] creation task start
4월 11, 2018 6:00:33 오후 kr.pe.sinnori.common.buildsystem.ProjectBuilder createNewDecoderSourceFile
정보: main project[sample_test]'s message decoder file[PublicKeyRes][D:\gitsinnori\sinnori\project\sample_test\server_build\src\main\java\kr\pe\sinnori\impl\message] creation task end
4월 11, 2018 6:00:33 오후 kr.pe.sinnori.common.buildsystem.ProjectBuilder createNewEncoderSourceFile
정보: main project[sample_test]'s message encoder file[PublicKeyRes][D:\gitsinnori\sinnori\project\sample_test\server_build\src\main\java\kr\pe\sinnori\impl\message] creation task start
4월 11, 2018 6:00:33 오후 kr.pe.sinnori.common.buildsystem.ProjectBuilder createNewEncoderSourceFile
정보: main project[sample_test]'s message encoder file[PublicKeyRes][D:\gitsinnori\sinnori\project\sample_test\server_build\src\main\java\kr\pe\sinnori\impl\message] creation task end
4월 11, 2018 6:00:33 오후 kr.pe.sinnori.common.buildsystem.ProjectBuilder createNewServerCodecSourceFile
정보: main project[sample_test]'s message server codec file[PublicKeyRes][D:\gitsinnori\sinnori\project\sample_test\server_build\src\main\java\kr\pe\sinnori\impl\message] creation task start
4월 11, 2018 6:00:33 오후 kr.pe.sinnori.common.buildsystem.ProjectBuilder createNewServerCodecSourceFile
정보: main project[sample_test]'s message server codec file[PublicKeyRes][D:\gitsinnori\sinnori\project\sample_test\server_build\src\main\java\kr\pe\sinnori\impl\message] creation task end
4월 11, 2018 6:00:33 오후 kr.pe.sinnori.common.buildsystem.ProjectBuilder createNewClientCodecSourceFile
정보: main project[sample_test]'s message client codec file[PublicKeyRes][D:\gitsinnori\sinnori\project\sample_test\server_build\src\main\java\kr\pe\sinnori\impl\message] creation task start
4월 11, 2018 6:00:33 오후 kr.pe.sinnori.common.buildsystem.ProjectBuilder createNewClientCodecSourceFile
정보: main project[sample_test]'s message client codec file[PublicKeyRes][D:\gitsinnori\sinnori\project\sample_test\server_build\src\main\java\kr\pe\sinnori\impl\message] creation task end
4월 11, 2018 6:00:33 오후 kr.pe.sinnori.common.buildsystem.ProjectBuilder createServerMessageIOFileSet
정보: main project[sample_test]'s server message io file set creation task end
4월 11, 2018 6:00:33 오후 kr.pe.sinnori.common.buildsystem.ProjectBuilder createServerBuildSystemFiles
정보: server build system files creation task end
4월 11, 2018 6:00:33 오후 kr.pe.sinnori.common.buildsystem.ProjectBuilder createAppClientBuildSystemFiles
정보: mainproject[sample_test]'s application client build system files creation task start
4월 11, 2018 6:00:33 오후 kr.pe.sinnori.common.buildsystem.ProjectBuilder createNewAppClientAntBuildXMLFile
정보: main project[sample_test]'s application client ant build.xml file creation task start
4월 11, 2018 6:00:33 오후 kr.pe.sinnori.common.buildsystem.ProjectBuilder createNewAppClientAntBuildXMLFile
정보: main project[sample_test]'s application client ant build.xml file creation task end
4월 11, 2018 6:00:33 오후 kr.pe.sinnori.common.buildsystem.ProjectBuilder createNewAppClientDosShellFile
정보: main project[sample_test]'s application client dos shell file creation task start
4월 11, 2018 6:00:33 오후 kr.pe.sinnori.common.buildsystem.ProjectBuilder createNewAppClientDosShellFile
정보: main project[sample_test]'s application client dos shell file creation task end
4월 11, 2018 6:00:33 오후 kr.pe.sinnori.common.buildsystem.ProjectBuilder createNewAppClientUnixShellFile
정보: main project[sample_test]'s application client unix shell file creation task start
4월 11, 2018 6:00:33 오후 kr.pe.sinnori.common.buildsystem.ProjectBuilder createNewAppClientUnixShellFile
정보: main project[sample_test]'s application client unix shell file creation task end
4월 11, 2018 6:00:33 오후 kr.pe.sinnori.common.buildsystem.ProjectBuilder copyAppClientSampleFiles
정보: application client sample source files copy task start
4월 11, 2018 6:00:33 오후 kr.pe.sinnori.common.buildsystem.ProjectBuilder copyAppClientSampleFiles
정보: application client sample source files copy task end
4월 11, 2018 6:00:33 오후 kr.pe.sinnori.common.buildsystem.ProjectBuilder createNewAppClientAllMessageIOFileSet
정보: main project[sample_test]'s application client message io file set creation task start
4월 11, 2018 6:00:33 오후 kr.pe.sinnori.common.util.CommonStaticUtil createChildDirectoriesOfBasePath
정보: the new child relative direcotry[D:\gitsinnori\sinnori\project\sample_test\client_build\app_build\src\main\java\kr\pe\sinnori\impl\message][Echo] was created successfully
4월 11, 2018 6:00:33 오후 kr.pe.sinnori.common.buildsystem.ProjectBuilder createNewMessageSourceFile
정보: main project[sample_test]'s message file[Echo][D:\gitsinnori\sinnori\project\sample_test\client_build\app_build\src\main\java\kr\pe\sinnori\impl\message] creation task start
4월 11, 2018 6:00:33 오후 kr.pe.sinnori.common.buildsystem.ProjectBuilder createNewMessageSourceFile
정보: main project[sample_test]'s message file[Echo][D:\gitsinnori\sinnori\project\sample_test\client_build\app_build\src\main\java\kr\pe\sinnori\impl\message] creation task end
4월 11, 2018 6:00:33 오후 kr.pe.sinnori.common.buildsystem.ProjectBuilder createNewDecoderSourceFile
정보: main project[sample_test]'s message decoder file[Echo][D:\gitsinnori\sinnori\project\sample_test\client_build\app_build\src\main\java\kr\pe\sinnori\impl\message] creation task start
4월 11, 2018 6:00:33 오후 kr.pe.sinnori.common.buildsystem.ProjectBuilder createNewDecoderSourceFile
정보: main project[sample_test]'s message decoder file[Echo][D:\gitsinnori\sinnori\project\sample_test\client_build\app_build\src\main\java\kr\pe\sinnori\impl\message] creation task end
4월 11, 2018 6:00:33 오후 kr.pe.sinnori.common.buildsystem.ProjectBuilder createNewEncoderSourceFile
정보: main project[sample_test]'s message encoder file[Echo][D:\gitsinnori\sinnori\project\sample_test\client_build\app_build\src\main\java\kr\pe\sinnori\impl\message] creation task start
4월 11, 2018 6:00:33 오후 kr.pe.sinnori.common.buildsystem.ProjectBuilder createNewEncoderSourceFile
정보: main project[sample_test]'s message encoder file[Echo][D:\gitsinnori\sinnori\project\sample_test\client_build\app_build\src\main\java\kr\pe\sinnori\impl\message] creation task end
4월 11, 2018 6:00:33 오후 kr.pe.sinnori.common.buildsystem.ProjectBuilder createNewServerCodecSourceFile
정보: main project[sample_test]'s message server codec file[Echo][D:\gitsinnori\sinnori\project\sample_test\client_build\app_build\src\main\java\kr\pe\sinnori\impl\message] creation task start
4월 11, 2018 6:00:33 오후 kr.pe.sinnori.common.buildsystem.ProjectBuilder createNewServerCodecSourceFile
정보: main project[sample_test]'s message server codec file[Echo][D:\gitsinnori\sinnori\project\sample_test\client_build\app_build\src\main\java\kr\pe\sinnori\impl\message] creation task end
4월 11, 2018 6:00:33 오후 kr.pe.sinnori.common.buildsystem.ProjectBuilder createNewClientCodecSourceFile
정보: main project[sample_test]'s message client codec file[Echo][D:\gitsinnori\sinnori\project\sample_test\client_build\app_build\src\main\java\kr\pe\sinnori\impl\message] creation task start
4월 11, 2018 6:00:33 오후 kr.pe.sinnori.common.buildsystem.ProjectBuilder createNewClientCodecSourceFile
정보: main project[sample_test]'s message client codec file[Echo][D:\gitsinnori\sinnori\project\sample_test\client_build\app_build\src\main\java\kr\pe\sinnori\impl\message] creation task end
4월 11, 2018 6:00:33 오후 kr.pe.sinnori.common.util.CommonStaticUtil createChildDirectoriesOfBasePath
정보: the new child relative direcotry[D:\gitsinnori\sinnori\project\sample_test\client_build\app_build\src\main\java\kr\pe\sinnori\impl\message][PublicKeyReq] was created successfully
4월 11, 2018 6:00:33 오후 kr.pe.sinnori.common.buildsystem.ProjectBuilder createNewMessageSourceFile
정보: main project[sample_test]'s message file[PublicKeyReq][D:\gitsinnori\sinnori\project\sample_test\client_build\app_build\src\main\java\kr\pe\sinnori\impl\message] creation task start
4월 11, 2018 6:00:33 오후 kr.pe.sinnori.common.buildsystem.ProjectBuilder createNewMessageSourceFile
정보: main project[sample_test]'s message file[PublicKeyReq][D:\gitsinnori\sinnori\project\sample_test\client_build\app_build\src\main\java\kr\pe\sinnori\impl\message] creation task end
4월 11, 2018 6:00:33 오후 kr.pe.sinnori.common.buildsystem.ProjectBuilder createNewDecoderSourceFile
정보: main project[sample_test]'s message decoder file[PublicKeyReq][D:\gitsinnori\sinnori\project\sample_test\client_build\app_build\src\main\java\kr\pe\sinnori\impl\message] creation task start
4월 11, 2018 6:00:33 오후 kr.pe.sinnori.common.buildsystem.ProjectBuilder createNewDecoderSourceFile
정보: main project[sample_test]'s message decoder file[PublicKeyReq][D:\gitsinnori\sinnori\project\sample_test\client_build\app_build\src\main\java\kr\pe\sinnori\impl\message] creation task end
4월 11, 2018 6:00:33 오후 kr.pe.sinnori.common.buildsystem.ProjectBuilder createNewEncoderSourceFile
정보: main project[sample_test]'s message encoder file[PublicKeyReq][D:\gitsinnori\sinnori\project\sample_test\client_build\app_build\src\main\java\kr\pe\sinnori\impl\message] creation task start
4월 11, 2018 6:00:33 오후 kr.pe.sinnori.common.buildsystem.ProjectBuilder createNewEncoderSourceFile
정보: main project[sample_test]'s message encoder file[PublicKeyReq][D:\gitsinnori\sinnori\project\sample_test\client_build\app_build\src\main\java\kr\pe\sinnori\impl\message] creation task end
4월 11, 2018 6:00:33 오후 kr.pe.sinnori.common.buildsystem.ProjectBuilder createNewServerCodecSourceFile
정보: main project[sample_test]'s message server codec file[PublicKeyReq][D:\gitsinnori\sinnori\project\sample_test\client_build\app_build\src\main\java\kr\pe\sinnori\impl\message] creation task start
4월 11, 2018 6:00:33 오후 kr.pe.sinnori.common.buildsystem.ProjectBuilder createNewServerCodecSourceFile
정보: main project[sample_test]'s message server codec file[PublicKeyReq][D:\gitsinnori\sinnori\project\sample_test\client_build\app_build\src\main\java\kr\pe\sinnori\impl\message] creation task end
4월 11, 2018 6:00:33 오후 kr.pe.sinnori.common.buildsystem.ProjectBuilder createNewClientCodecSourceFile
정보: main project[sample_test]'s message client codec file[PublicKeyReq][D:\gitsinnori\sinnori\project\sample_test\client_build\app_build\src\main\java\kr\pe\sinnori\impl\message] creation task start
4월 11, 2018 6:00:33 오후 kr.pe.sinnori.common.buildsystem.ProjectBuilder createNewClientCodecSourceFile
정보: main project[sample_test]'s message client codec file[PublicKeyReq][D:\gitsinnori\sinnori\project\sample_test\client_build\app_build\src\main\java\kr\pe\sinnori\impl\message] creation task end
4월 11, 2018 6:00:33 오후 kr.pe.sinnori.common.util.CommonStaticUtil createChildDirectoriesOfBasePath
정보: the new child relative direcotry[D:\gitsinnori\sinnori\project\sample_test\client_build\app_build\src\main\java\kr\pe\sinnori\impl\message][PublicKeyRes] was created successfully
4월 11, 2018 6:00:33 오후 kr.pe.sinnori.common.buildsystem.ProjectBuilder createNewMessageSourceFile
정보: main project[sample_test]'s message file[PublicKeyRes][D:\gitsinnori\sinnori\project\sample_test\client_build\app_build\src\main\java\kr\pe\sinnori\impl\message] creation task start
4월 11, 2018 6:00:33 오후 kr.pe.sinnori.common.buildsystem.ProjectBuilder createNewMessageSourceFile
정보: main project[sample_test]'s message file[PublicKeyRes][D:\gitsinnori\sinnori\project\sample_test\client_build\app_build\src\main\java\kr\pe\sinnori\impl\message] creation task end
4월 11, 2018 6:00:33 오후 kr.pe.sinnori.common.buildsystem.ProjectBuilder createNewDecoderSourceFile
정보: main project[sample_test]'s message decoder file[PublicKeyRes][D:\gitsinnori\sinnori\project\sample_test\client_build\app_build\src\main\java\kr\pe\sinnori\impl\message] creation task start
4월 11, 2018 6:00:33 오후 kr.pe.sinnori.common.buildsystem.ProjectBuilder createNewDecoderSourceFile
정보: main project[sample_test]'s message decoder file[PublicKeyRes][D:\gitsinnori\sinnori\project\sample_test\client_build\app_build\src\main\java\kr\pe\sinnori\impl\message] creation task end
4월 11, 2018 6:00:33 오후 kr.pe.sinnori.common.buildsystem.ProjectBuilder createNewEncoderSourceFile
정보: main project[sample_test]'s message encoder file[PublicKeyRes][D:\gitsinnori\sinnori\project\sample_test\client_build\app_build\src\main\java\kr\pe\sinnori\impl\message] creation task start
4월 11, 2018 6:00:33 오후 kr.pe.sinnori.common.buildsystem.ProjectBuilder createNewEncoderSourceFile
정보: main project[sample_test]'s message encoder file[PublicKeyRes][D:\gitsinnori\sinnori\project\sample_test\client_build\app_build\src\main\java\kr\pe\sinnori\impl\message] creation task end
4월 11, 2018 6:00:33 오후 kr.pe.sinnori.common.buildsystem.ProjectBuilder createNewServerCodecSourceFile
정보: main project[sample_test]'s message server codec file[PublicKeyRes][D:\gitsinnori\sinnori\project\sample_test\client_build\app_build\src\main\java\kr\pe\sinnori\impl\message] creation task start
4월 11, 2018 6:00:33 오후 kr.pe.sinnori.common.buildsystem.ProjectBuilder createNewServerCodecSourceFile
정보: main project[sample_test]'s message server codec file[PublicKeyRes][D:\gitsinnori\sinnori\project\sample_test\client_build\app_build\src\main\java\kr\pe\sinnori\impl\message] creation task end
4월 11, 2018 6:00:33 오후 kr.pe.sinnori.common.buildsystem.ProjectBuilder createNewClientCodecSourceFile
정보: main project[sample_test]'s message client codec file[PublicKeyRes][D:\gitsinnori\sinnori\project\sample_test\client_build\app_build\src\main\java\kr\pe\sinnori\impl\message] creation task start
4월 11, 2018 6:00:33 오후 kr.pe.sinnori.common.buildsystem.ProjectBuilder createNewClientCodecSourceFile
정보: main project[sample_test]'s message client codec file[PublicKeyRes][D:\gitsinnori\sinnori\project\sample_test\client_build\app_build\src\main\java\kr\pe\sinnori\impl\message] creation task end
4월 11, 2018 6:00:33 오후 kr.pe.sinnori.common.buildsystem.ProjectBuilder createNewAppClientAllMessageIOFileSet
정보: main project[sample_test]'s application client message io file set creation task end
4월 11, 2018 6:00:33 오후 kr.pe.sinnori.common.buildsystem.ProjectBuilder createAppClientBuildSystemFiles
정보: mainproject[sample_test]'s application client build system files creation task end
4월 11, 2018 6:00:33 오후 kr.pe.sinnori.common.buildsystem.ProjectBuilder createWebClientBuildSystemFiles
정보: main project[sample_test]'s web client build system files creation task start
4월 11, 2018 6:00:33 오후 kr.pe.sinnori.common.buildsystem.ProjectBuilder createNewWebClientAntBuildFile
정보: main project[sample_test]'s web client ant build.xml file creation task start
4월 11, 2018 6:00:33 오후 kr.pe.sinnori.common.buildsystem.ProjectBuilder createNewWebClientAntBuildFile
정보: main project[sample_test]'s web client ant build.xml file creation task end
4월 11, 2018 6:00:33 오후 kr.pe.sinnori.common.buildsystem.ProjectBuilder createNewWebClientAntPropertiesFile
정보: main project[sample_test]'s web client ant properties file creation task start
4월 11, 2018 6:00:33 오후 kr.pe.sinnori.common.util.SequencedPropertiesUtil createNewSequencedPropertiesFile
정보: the sequenced properties file[D:\gitsinnori\sinnori\project\sample_test\client_build\web_build\webAnt.properties] was created
4월 11, 2018 6:00:33 오후 kr.pe.sinnori.common.buildsystem.ProjectBuilder createNewWebClientAntPropertiesFile
정보: main project[sample_test]'s web client ant properties file creation task end
4월 11, 2018 6:00:33 오후 kr.pe.sinnori.common.buildsystem.ProjectBuilder createNewWebClientMessageIOFileSet
정보: main project[sample_test]'s web client message io file set creation task start
4월 11, 2018 6:00:33 오후 kr.pe.sinnori.common.util.CommonStaticUtil createChildDirectoriesOfBasePath
정보: the new child relative direcotry[D:\gitsinnori\sinnori\project\sample_test\client_build\web_build\src\main\java\kr\pe\sinnori\impl\message][Echo] was created successfully
4월 11, 2018 6:00:33 오후 kr.pe.sinnori.common.buildsystem.ProjectBuilder createNewMessageSourceFile
정보: main project[sample_test]'s message file[Echo][D:\gitsinnori\sinnori\project\sample_test\client_build\web_build\src\main\java\kr\pe\sinnori\impl\message] creation task start
4월 11, 2018 6:00:33 오후 kr.pe.sinnori.common.buildsystem.ProjectBuilder createNewMessageSourceFile
정보: main project[sample_test]'s message file[Echo][D:\gitsinnori\sinnori\project\sample_test\client_build\web_build\src\main\java\kr\pe\sinnori\impl\message] creation task end
4월 11, 2018 6:00:33 오후 kr.pe.sinnori.common.buildsystem.ProjectBuilder createNewDecoderSourceFile
정보: main project[sample_test]'s message decoder file[Echo][D:\gitsinnori\sinnori\project\sample_test\client_build\web_build\src\main\java\kr\pe\sinnori\impl\message] creation task start
4월 11, 2018 6:00:33 오후 kr.pe.sinnori.common.buildsystem.ProjectBuilder createNewDecoderSourceFile
정보: main project[sample_test]'s message decoder file[Echo][D:\gitsinnori\sinnori\project\sample_test\client_build\web_build\src\main\java\kr\pe\sinnori\impl\message] creation task end
4월 11, 2018 6:00:33 오후 kr.pe.sinnori.common.buildsystem.ProjectBuilder createNewEncoderSourceFile
정보: main project[sample_test]'s message encoder file[Echo][D:\gitsinnori\sinnori\project\sample_test\client_build\web_build\src\main\java\kr\pe\sinnori\impl\message] creation task start
4월 11, 2018 6:00:33 오후 kr.pe.sinnori.common.buildsystem.ProjectBuilder createNewEncoderSourceFile
정보: main project[sample_test]'s message encoder file[Echo][D:\gitsinnori\sinnori\project\sample_test\client_build\web_build\src\main\java\kr\pe\sinnori\impl\message] creation task end
4월 11, 2018 6:00:33 오후 kr.pe.sinnori.common.buildsystem.ProjectBuilder createNewServerCodecSourceFile
정보: main project[sample_test]'s message server codec file[Echo][D:\gitsinnori\sinnori\project\sample_test\client_build\web_build\src\main\java\kr\pe\sinnori\impl\message] creation task start
4월 11, 2018 6:00:33 오후 kr.pe.sinnori.common.buildsystem.ProjectBuilder createNewServerCodecSourceFile
정보: main project[sample_test]'s message server codec file[Echo][D:\gitsinnori\sinnori\project\sample_test\client_build\web_build\src\main\java\kr\pe\sinnori\impl\message] creation task end
4월 11, 2018 6:00:33 오후 kr.pe.sinnori.common.buildsystem.ProjectBuilder createNewClientCodecSourceFile
정보: main project[sample_test]'s message client codec file[Echo][D:\gitsinnori\sinnori\project\sample_test\client_build\web_build\src\main\java\kr\pe\sinnori\impl\message] creation task start
4월 11, 2018 6:00:33 오후 kr.pe.sinnori.common.buildsystem.ProjectBuilder createNewClientCodecSourceFile
정보: main project[sample_test]'s message client codec file[Echo][D:\gitsinnori\sinnori\project\sample_test\client_build\web_build\src\main\java\kr\pe\sinnori\impl\message] creation task end
4월 11, 2018 6:00:33 오후 kr.pe.sinnori.common.util.CommonStaticUtil createChildDirectoriesOfBasePath
정보: the new child relative direcotry[D:\gitsinnori\sinnori\project\sample_test\client_build\web_build\src\main\java\kr\pe\sinnori\impl\message][PublicKeyReq] was created successfully
4월 11, 2018 6:00:33 오후 kr.pe.sinnori.common.buildsystem.ProjectBuilder createNewMessageSourceFile
정보: main project[sample_test]'s message file[PublicKeyReq][D:\gitsinnori\sinnori\project\sample_test\client_build\web_build\src\main\java\kr\pe\sinnori\impl\message] creation task start
4월 11, 2018 6:00:33 오후 kr.pe.sinnori.common.buildsystem.ProjectBuilder createNewMessageSourceFile
정보: main project[sample_test]'s message file[PublicKeyReq][D:\gitsinnori\sinnori\project\sample_test\client_build\web_build\src\main\java\kr\pe\sinnori\impl\message] creation task end
4월 11, 2018 6:00:33 오후 kr.pe.sinnori.common.buildsystem.ProjectBuilder createNewDecoderSourceFile
정보: main project[sample_test]'s message decoder file[PublicKeyReq][D:\gitsinnori\sinnori\project\sample_test\client_build\web_build\src\main\java\kr\pe\sinnori\impl\message] creation task start
4월 11, 2018 6:00:33 오후 kr.pe.sinnori.common.buildsystem.ProjectBuilder createNewDecoderSourceFile
정보: main project[sample_test]'s message decoder file[PublicKeyReq][D:\gitsinnori\sinnori\project\sample_test\client_build\web_build\src\main\java\kr\pe\sinnori\impl\message] creation task end
4월 11, 2018 6:00:33 오후 kr.pe.sinnori.common.buildsystem.ProjectBuilder createNewEncoderSourceFile
정보: main project[sample_test]'s message encoder file[PublicKeyReq][D:\gitsinnori\sinnori\project\sample_test\client_build\web_build\src\main\java\kr\pe\sinnori\impl\message] creation task start
4월 11, 2018 6:00:33 오후 kr.pe.sinnori.common.buildsystem.ProjectBuilder createNewEncoderSourceFile
정보: main project[sample_test]'s message encoder file[PublicKeyReq][D:\gitsinnori\sinnori\project\sample_test\client_build\web_build\src\main\java\kr\pe\sinnori\impl\message] creation task end
4월 11, 2018 6:00:33 오후 kr.pe.sinnori.common.buildsystem.ProjectBuilder createNewServerCodecSourceFile
정보: main project[sample_test]'s message server codec file[PublicKeyReq][D:\gitsinnori\sinnori\project\sample_test\client_build\web_build\src\main\java\kr\pe\sinnori\impl\message] creation task start
4월 11, 2018 6:00:33 오후 kr.pe.sinnori.common.buildsystem.ProjectBuilder createNewServerCodecSourceFile
정보: main project[sample_test]'s message server codec file[PublicKeyReq][D:\gitsinnori\sinnori\project\sample_test\client_build\web_build\src\main\java\kr\pe\sinnori\impl\message] creation task end
4월 11, 2018 6:00:33 오후 kr.pe.sinnori.common.buildsystem.ProjectBuilder createNewClientCodecSourceFile
정보: main project[sample_test]'s message client codec file[PublicKeyReq][D:\gitsinnori\sinnori\project\sample_test\client_build\web_build\src\main\java\kr\pe\sinnori\impl\message] creation task start
4월 11, 2018 6:00:33 오후 kr.pe.sinnori.common.buildsystem.ProjectBuilder createNewClientCodecSourceFile
정보: main project[sample_test]'s message client codec file[PublicKeyReq][D:\gitsinnori\sinnori\project\sample_test\client_build\web_build\src\main\java\kr\pe\sinnori\impl\message] creation task end
4월 11, 2018 6:00:33 오후 kr.pe.sinnori.common.util.CommonStaticUtil createChildDirectoriesOfBasePath
정보: the new child relative direcotry[D:\gitsinnori\sinnori\project\sample_test\client_build\web_build\src\main\java\kr\pe\sinnori\impl\message][PublicKeyRes] was created successfully
4월 11, 2018 6:00:33 오후 kr.pe.sinnori.common.buildsystem.ProjectBuilder createNewMessageSourceFile
정보: main project[sample_test]'s message file[PublicKeyRes][D:\gitsinnori\sinnori\project\sample_test\client_build\web_build\src\main\java\kr\pe\sinnori\impl\message] creation task start
4월 11, 2018 6:00:33 오후 kr.pe.sinnori.common.buildsystem.ProjectBuilder createNewMessageSourceFile
정보: main project[sample_test]'s message file[PublicKeyRes][D:\gitsinnori\sinnori\project\sample_test\client_build\web_build\src\main\java\kr\pe\sinnori\impl\message] creation task end
4월 11, 2018 6:00:33 오후 kr.pe.sinnori.common.buildsystem.ProjectBuilder createNewDecoderSourceFile
정보: main project[sample_test]'s message decoder file[PublicKeyRes][D:\gitsinnori\sinnori\project\sample_test\client_build\web_build\src\main\java\kr\pe\sinnori\impl\message] creation task start
4월 11, 2018 6:00:33 오후 kr.pe.sinnori.common.buildsystem.ProjectBuilder createNewDecoderSourceFile
정보: main project[sample_test]'s message decoder file[PublicKeyRes][D:\gitsinnori\sinnori\project\sample_test\client_build\web_build\src\main\java\kr\pe\sinnori\impl\message] creation task end
4월 11, 2018 6:00:33 오후 kr.pe.sinnori.common.buildsystem.ProjectBuilder createNewEncoderSourceFile
정보: main project[sample_test]'s message encoder file[PublicKeyRes][D:\gitsinnori\sinnori\project\sample_test\client_build\web_build\src\main\java\kr\pe\sinnori\impl\message] creation task start
4월 11, 2018 6:00:33 오후 kr.pe.sinnori.common.buildsystem.ProjectBuilder createNewEncoderSourceFile
정보: main project[sample_test]'s message encoder file[PublicKeyRes][D:\gitsinnori\sinnori\project\sample_test\client_build\web_build\src\main\java\kr\pe\sinnori\impl\message] creation task end
4월 11, 2018 6:00:33 오후 kr.pe.sinnori.common.buildsystem.ProjectBuilder createNewServerCodecSourceFile
정보: main project[sample_test]'s message server codec file[PublicKeyRes][D:\gitsinnori\sinnori\project\sample_test\client_build\web_build\src\main\java\kr\pe\sinnori\impl\message] creation task start
4월 11, 2018 6:00:33 오후 kr.pe.sinnori.common.buildsystem.ProjectBuilder createNewServerCodecSourceFile
정보: main project[sample_test]'s message server codec file[PublicKeyRes][D:\gitsinnori\sinnori\project\sample_test\client_build\web_build\src\main\java\kr\pe\sinnori\impl\message] creation task end
4월 11, 2018 6:00:33 오후 kr.pe.sinnori.common.buildsystem.ProjectBuilder createNewClientCodecSourceFile
정보: main project[sample_test]'s message client codec file[PublicKeyRes][D:\gitsinnori\sinnori\project\sample_test\client_build\web_build\src\main\java\kr\pe\sinnori\impl\message] creation task start
4월 11, 2018 6:00:33 오후 kr.pe.sinnori.common.buildsystem.ProjectBuilder createNewClientCodecSourceFile
정보: main project[sample_test]'s message client codec file[PublicKeyRes][D:\gitsinnori\sinnori\project\sample_test\client_build\web_build\src\main\java\kr\pe\sinnori\impl\message] creation task end
4월 11, 2018 6:00:33 오후 kr.pe.sinnori.common.buildsystem.ProjectBuilder createNewWebClientMessageIOFileSet
정보: main project[sample_test]'s web client message io file set creation task end
4월 11, 2018 6:00:33 오후 kr.pe.sinnori.common.buildsystem.ProjectBuilder copyWebClientSampleFiles
정보: mainproject[sample_test]'s web client sample source files copy task start
4월 11, 2018 6:00:33 오후 kr.pe.sinnori.common.buildsystem.ProjectBuilder copyWebClientSampleFiles
정보: mainproject[sample_test]'s web client sample source files copy task end
4월 11, 2018 6:00:33 오후 kr.pe.sinnori.common.buildsystem.ProjectBuilder createWebClientBuildSystemFiles
정보: main project[sample_test]'s web client build system files creation task end
4월 11, 2018 6:00:33 오후 kr.pe.sinnori.common.buildsystem.ProjectBuilder createWebRootSampleFiles
정보: main project[sample_test]'s web root sample files creation task start
4월 11, 2018 6:00:33 오후 kr.pe.sinnori.common.buildsystem.ProjectBuilder copyWebRootSampleFiles
정보: main project[sample_test]'s web root sample files copy task start
4월 11, 2018 6:00:33 오후 kr.pe.sinnori.common.buildsystem.ProjectBuilder copyWebRootSampleFiles
정보: main project[sample_test]'s web root sample files copy task end
4월 11, 2018 6:00:33 오후 kr.pe.sinnori.common.buildsystem.ProjectBuilder createWebRootSampleFiles
정보: main project[sample_test]'s web root sample files creation task end
4월 11, 2018 6:00:33 오후 kr.pe.sinnori.common.buildsystem.ProjectBuilder createFiles
정보: main project[sample_test]'s file creation task end
4월 11, 2018 6:00:40 오후 kr.pe.sinnori.common.buildsystem.ProjectBuilderTest checkAntBuildForServer
정보: success server ant build
4월 11, 2018 6:00:48 오후 kr.pe.sinnori.common.buildsystem.ProjectBuilderTest checkAntBuildForAppClient
정보: success app-client ant build
4월 11, 2018 6:00:52 오후 kr.pe.sinnori.common.buildsystem.ProjectBuilderTest checkAntBuildForWebClient
정보: success web-client ant build
4월 11, 2018 6:00:52 오후 kr.pe.sinnori.common.buildsystem.ProjectBuilder createChildDirectories
정보: main project[sample_test]'s child direcotry creation task start
4월 11, 2018 6:00:52 오후 kr.pe.sinnori.common.buildsystem.ProjectBuilder createCommonChildDirectories
정보: main project[sample_test]'s common child direcotry creation task start
4월 11, 2018 6:00:52 오후 kr.pe.sinnori.common.util.CommonStaticUtil createChildDirectoriesOfBasePath
정보: the new child relative direcotry[D:\gitsinnori\sinnori\project\sample_test][config] was created successfully
4월 11, 2018 6:00:52 오후 kr.pe.sinnori.common.util.CommonStaticUtil createChildDirectoriesOfBasePath
정보: the new child relative direcotry[D:\gitsinnori\sinnori\project\sample_test][resources/dbcp] was created successfully
4월 11, 2018 6:00:52 오후 kr.pe.sinnori.common.util.CommonStaticUtil createChildDirectoriesOfBasePath
정보: the new child relative direcotry[D:\gitsinnori\sinnori\project\sample_test][resources/message_info] was created successfully
4월 11, 2018 6:00:52 오후 kr.pe.sinnori.common.util.CommonStaticUtil createChildDirectoriesOfBasePath
정보: the new child relative direcotry[D:\gitsinnori\sinnori\project\sample_test][resources/rsa_keypair] was created successfully
4월 11, 2018 6:00:52 오후 kr.pe.sinnori.common.util.CommonStaticUtil createChildDirectoriesOfBasePath
정보: the new child relative direcotry[D:\gitsinnori\sinnori\project\sample_test][log/apache] was created successfully
4월 11, 2018 6:00:52 오후 kr.pe.sinnori.common.util.CommonStaticUtil createChildDirectoriesOfBasePath
정보: the new child relative direcotry[D:\gitsinnori\sinnori\project\sample_test][log/client] was created successfully
4월 11, 2018 6:00:52 오후 kr.pe.sinnori.common.util.CommonStaticUtil createChildDirectoriesOfBasePath
정보: the new child relative direcotry[D:\gitsinnori\sinnori\project\sample_test][log/server] was created successfully
4월 11, 2018 6:00:52 오후 kr.pe.sinnori.common.util.CommonStaticUtil createChildDirectoriesOfBasePath
정보: the new child relative direcotry[D:\gitsinnori\sinnori\project\sample_test][log/servlet] was created successfully
4월 11, 2018 6:00:52 오후 kr.pe.sinnori.common.buildsystem.ProjectBuilder createCommonChildDirectories
정보: main project[sample_test]'s common child direcotry creation task end
4월 11, 2018 6:00:52 오후 kr.pe.sinnori.common.buildsystem.ProjectBuilder createServerBuildChildDirectories
정보: main project[sample_test]'s server child direcotry creation task start
4월 11, 2018 6:00:52 오후 kr.pe.sinnori.common.util.CommonStaticUtil createChildDirectoriesOfBasePath
정보: the new child relative direcotry[D:\gitsinnori\sinnori\project\sample_test][server_build/APP-INF/classes] was created successfully
4월 11, 2018 6:00:52 오후 kr.pe.sinnori.common.util.CommonStaticUtil createChildDirectoriesOfBasePath
정보: the new child relative direcotry[D:\gitsinnori\sinnori\project\sample_test][server_build/corelib/ex] was created successfully
4월 11, 2018 6:00:52 오후 kr.pe.sinnori.common.util.CommonStaticUtil createChildDirectoriesOfBasePath
정보: the new child relative direcotry[D:\gitsinnori\sinnori\project\sample_test][server_build/corelib/in] was created successfully
4월 11, 2018 6:00:52 오후 kr.pe.sinnori.common.util.CommonStaticUtil createChildDirectoriesOfBasePath
정보: the new child relative direcotry[D:\gitsinnori\sinnori\project\sample_test][server_build/lib/main/ex] was created successfully
4월 11, 2018 6:00:52 오후 kr.pe.sinnori.common.util.CommonStaticUtil createChildDirectoriesOfBasePath
정보: the new child relative direcotry[D:\gitsinnori\sinnori\project\sample_test][server_build/lib/main/in] was created successfully
4월 11, 2018 6:00:52 오후 kr.pe.sinnori.common.util.CommonStaticUtil createChildDirectoriesOfBasePath
정보: the new child relative direcotry[D:\gitsinnori\sinnori\project\sample_test][server_build/lib/test] was created successfully
4월 11, 2018 6:00:52 오후 kr.pe.sinnori.common.util.CommonStaticUtil createChildDirectoriesOfBasePath
정보: the new child relative direcotry[D:\gitsinnori\sinnori\project\sample_test][server_build/src/main/java/kr/pe/sinnori/impl/servertask] was created successfully
4월 11, 2018 6:00:52 오후 kr.pe.sinnori.common.util.CommonStaticUtil createChildDirectoriesOfBasePath
정보: the new child relative direcotry[D:\gitsinnori\sinnori\project\sample_test][server_build/src/main/java/kr/pe/sinnori/impl/message] was created successfully
4월 11, 2018 6:00:52 오후 kr.pe.sinnori.common.util.CommonStaticUtil createChildDirectoriesOfBasePath
정보: the new child relative direcotry[D:\gitsinnori\sinnori\project\sample_test][server_build/src/main/java/main] was created successfully
4월 11, 2018 6:00:52 오후 kr.pe.sinnori.common.util.CommonStaticUtil createChildDirectoriesOfBasePath
정보: the new child relative direcotry[D:\gitsinnori\sinnori\project\sample_test][server_build/src/test/java] was created successfully
4월 11, 2018 6:00:52 오후 kr.pe.sinnori.common.util.CommonStaticUtil createChildDirectoriesOfBasePath
정보: the new child relative direcotry[D:\gitsinnori\sinnori\project\sample_test][server_build/build] was created successfully
4월 11, 2018 6:00:52 오후 kr.pe.sinnori.common.util.CommonStaticUtil createChildDirectoriesOfBasePath
정보: the new child relative direcotry[D:\gitsinnori\sinnori\project\sample_test][server_build/dist] was created successfully
4월 11, 2018 6:00:52 오후 kr.pe.sinnori.common.buildsystem.ProjectBuilder createServerBuildChildDirectories
정보: main project[sample_test]'s server child direcotry creation task end
4월 11, 2018 6:00:52 오후 kr.pe.sinnori.common.buildsystem.ProjectBuilder createAppBuildChildDirectories
정보: main project[sample_test]'s application build child direcotry creation task start
4월 11, 2018 6:00:52 오후 kr.pe.sinnori.common.util.CommonStaticUtil createChildDirectoriesOfBasePath
정보: the new child relative direcotry[D:\gitsinnori\sinnori\project\sample_test][client_build/app_build/corelib/ex] was created successfully
4월 11, 2018 6:00:52 오후 kr.pe.sinnori.common.util.CommonStaticUtil createChildDirectoriesOfBasePath
정보: the new child relative direcotry[D:\gitsinnori\sinnori\project\sample_test][client_build/app_build/corelib/in] was created successfully
4월 11, 2018 6:00:52 오후 kr.pe.sinnori.common.util.CommonStaticUtil createChildDirectoriesOfBasePath
정보: the new child relative direcotry[D:\gitsinnori\sinnori\project\sample_test][client_build/app_build/lib/main/ex] was created successfully
4월 11, 2018 6:00:52 오후 kr.pe.sinnori.common.util.CommonStaticUtil createChildDirectoriesOfBasePath
정보: the new child relative direcotry[D:\gitsinnori\sinnori\project\sample_test][client_build/app_build/lib/main/in] was created successfully
4월 11, 2018 6:00:52 오후 kr.pe.sinnori.common.util.CommonStaticUtil createChildDirectoriesOfBasePath
정보: the new child relative direcotry[D:\gitsinnori\sinnori\project\sample_test][client_build/app_build/lib/test] was created successfully
4월 11, 2018 6:00:52 오후 kr.pe.sinnori.common.util.CommonStaticUtil createChildDirectoriesOfBasePath
정보: the new child relative direcotry[D:\gitsinnori\sinnori\project\sample_test][client_build/app_build/src/main/java/kr/pe/sinnori/impl/message] was created successfully
4월 11, 2018 6:00:52 오후 kr.pe.sinnori.common.util.CommonStaticUtil createChildDirectoriesOfBasePath
정보: the new child relative direcotry[D:\gitsinnori\sinnori\project\sample_test][client_build/app_build/src/main/java/main] was created successfully
4월 11, 2018 6:00:52 오후 kr.pe.sinnori.common.util.CommonStaticUtil createChildDirectoriesOfBasePath
정보: the new child relative direcotry[D:\gitsinnori\sinnori\project\sample_test][client_build/app_build/src/test/java] was created successfully
4월 11, 2018 6:00:52 오후 kr.pe.sinnori.common.util.CommonStaticUtil createChildDirectoriesOfBasePath
정보: the new child relative direcotry[D:\gitsinnori\sinnori\project\sample_test][client_build/app_build/build] was created successfully
4월 11, 2018 6:00:52 오후 kr.pe.sinnori.common.util.CommonStaticUtil createChildDirectoriesOfBasePath
정보: the new child relative direcotry[D:\gitsinnori\sinnori\project\sample_test][client_build/app_build/dist] was created successfully
4월 11, 2018 6:00:52 오후 kr.pe.sinnori.common.buildsystem.ProjectBuilder createAppBuildChildDirectories
정보: main project[sample_test]'s application build child direcotry creation task end
4월 11, 2018 6:00:52 오후 kr.pe.sinnori.common.buildsystem.ProjectBuilder createWebBuildChildDirectories
정보: main project[sample_test]'s web build child direcotry creation task start
4월 11, 2018 6:00:52 오후 kr.pe.sinnori.common.util.CommonStaticUtil createChildDirectoriesOfBasePath
정보: the new child relative direcotry[D:\gitsinnori\sinnori\project\sample_test][client_build/web_build/corelib/ex] was created successfully
4월 11, 2018 6:00:52 오후 kr.pe.sinnori.common.util.CommonStaticUtil createChildDirectoriesOfBasePath
정보: the new child relative direcotry[D:\gitsinnori\sinnori\project\sample_test][client_build/web_build/corelib/in] was created successfully
4월 11, 2018 6:00:52 오후 kr.pe.sinnori.common.util.CommonStaticUtil createChildDirectoriesOfBasePath
정보: the new child relative direcotry[D:\gitsinnori\sinnori\project\sample_test][client_build/web_build/lib/main/ex] was created successfully
4월 11, 2018 6:00:52 오후 kr.pe.sinnori.common.util.CommonStaticUtil createChildDirectoriesOfBasePath
정보: the new child relative direcotry[D:\gitsinnori\sinnori\project\sample_test][client_build/web_build/lib/main/in] was created successfully
4월 11, 2018 6:00:52 오후 kr.pe.sinnori.common.util.CommonStaticUtil createChildDirectoriesOfBasePath
정보: the new child relative direcotry[D:\gitsinnori\sinnori\project\sample_test][client_build/web_build/lib/test] was created successfully
4월 11, 2018 6:00:52 오후 kr.pe.sinnori.common.util.CommonStaticUtil createChildDirectoriesOfBasePath
정보: the new child relative direcotry[D:\gitsinnori\sinnori\project\sample_test][client_build/web_build/src/main/java/kr/pe/sinnori/impl/message] was created successfully
4월 11, 2018 6:00:52 오후 kr.pe.sinnori.common.util.CommonStaticUtil createChildDirectoriesOfBasePath
정보: the new child relative direcotry[D:\gitsinnori\sinnori\project\sample_test][client_build/web_build/src/main/java//kr/pe/sinnori/servlet] was created successfully
4월 11, 2018 6:00:52 오후 kr.pe.sinnori.common.util.CommonStaticUtil createChildDirectoriesOfBasePath
정보: the new child relative direcotry[D:\gitsinnori\sinnori\project\sample_test][client_build/web_build/src/main/java/kr/pe/sinnori/weblib/common] was created successfully
4월 11, 2018 6:00:52 오후 kr.pe.sinnori.common.util.CommonStaticUtil createChildDirectoriesOfBasePath
정보: the new child relative direcotry[D:\gitsinnori\sinnori\project\sample_test][client_build/web_build/src/main/java/kr/pe/sinnori/weblib/htmlstring] was created successfully
4월 11, 2018 6:00:52 오후 kr.pe.sinnori.common.util.CommonStaticUtil createChildDirectoriesOfBasePath
정보: the new child relative direcotry[D:\gitsinnori\sinnori\project\sample_test][client_build/web_build/src/main/java/kr/pe/sinnori/weblib/jdf] was created successfully
4월 11, 2018 6:00:52 오후 kr.pe.sinnori.common.util.CommonStaticUtil createChildDirectoriesOfBasePath
정보: the new child relative direcotry[D:\gitsinnori\sinnori\project\sample_test][client_build/web_build/src/test/java] was created successfully
4월 11, 2018 6:00:52 오후 kr.pe.sinnori.common.util.CommonStaticUtil createChildDirectoriesOfBasePath
정보: the new child relative direcotry[D:\gitsinnori\sinnori\project\sample_test][client_build/web_build/build] was created successfully
4월 11, 2018 6:00:52 오후 kr.pe.sinnori.common.util.CommonStaticUtil createChildDirectoriesOfBasePath
정보: the new child relative direcotry[D:\gitsinnori\sinnori\project\sample_test][client_build/web_build/dist] was created successfully
4월 11, 2018 6:00:52 오후 kr.pe.sinnori.common.buildsystem.ProjectBuilder createWebBuildChildDirectories
정보: main project[sample_test]'s web build child direcotry creation task end
4월 11, 2018 6:00:52 오후 kr.pe.sinnori.common.buildsystem.ProjectBuilder createWebRootChildDirectories
정보: main project[sample_test]'s web root child direcotry creation task start
4월 11, 2018 6:00:52 오후 kr.pe.sinnori.common.util.CommonStaticUtil createChildDirectoriesOfBasePath
정보: the new child relative direcotry[D:\gitsinnori\sinnori\project\sample_test][web_app_base/upload] was created successfully
4월 11, 2018 6:00:52 오후 kr.pe.sinnori.common.util.CommonStaticUtil createChildDirectoriesOfBasePath
정보: the new child relative direcotry[D:\gitsinnori\sinnori\project\sample_test][web_app_base/ROOT/WEB-INF/classes] was created successfully
4월 11, 2018 6:00:52 오후 kr.pe.sinnori.common.util.CommonStaticUtil createChildDirectoriesOfBasePath
정보: the new child relative direcotry[D:\gitsinnori\sinnori\project\sample_test][web_app_base/ROOT/WEB-INF/lib] was created successfully
4월 11, 2018 6:00:52 오후 kr.pe.sinnori.common.buildsystem.ProjectBuilder createWebRootChildDirectories
정보: main project[sample_test]'s web root child direcotry creation task end
4월 11, 2018 6:00:52 오후 kr.pe.sinnori.common.buildsystem.ProjectBuilder createChildDirectories
정보: main project[sample_test]'s child direcotry creation task end
4월 11, 2018 6:00:52 오후 kr.pe.sinnori.common.buildsystem.ProjectBuilder createFiles
정보: main project[sample_test]'s file creation task start
4월 11, 2018 6:00:52 오후 kr.pe.sinnori.common.buildsystem.ProjectBuilder createNewSinnoriConfigFile
정보: main project[sample_test]'s config file creation task start
4월 11, 2018 6:00:52 오후 kr.pe.sinnori.common.util.SequencedPropertiesUtil createNewSequencedPropertiesFile
정보: the sequenced properties file[D:\gitsinnori\sinnori\project\sample_test\config\sinnori.properties] was created
4월 11, 2018 6:00:52 오후 kr.pe.sinnori.common.buildsystem.ProjectBuilder createNewSinnoriConfigFile
정보: main project[sample_test]'s config file creation task end
4월 11, 2018 6:00:52 오후 kr.pe.sinnori.common.buildsystem.ProjectBuilder copySampleFilesToResoruces
정보: the mainproject[sample_test]'s resources directory copy task start
4월 11, 2018 6:00:52 오후 kr.pe.sinnori.common.buildsystem.ProjectBuilder copySampleFilesToResoruces
정보: the mainproject[sample_test]'s resources directory copy task end
4월 11, 2018 6:00:52 오후 kr.pe.sinnori.common.buildsystem.ProjectBuilder createServerBuildSystemFiles
정보: server build system files creation task start
4월 11, 2018 6:00:52 오후 kr.pe.sinnori.common.buildsystem.ProjectBuilder createNewServerAntBuildXMLFile
정보: main project[sample_test]'s server ant build.xml file creation task start
4월 11, 2018 6:00:52 오후 kr.pe.sinnori.common.buildsystem.ProjectBuilder createNewServerAntBuildXMLFile
정보: main project[sample_test]'s server ant build.xml file creation task end
4월 11, 2018 6:00:52 오후 kr.pe.sinnori.common.buildsystem.ProjectBuilder createNewServerDosShellFile
정보: main project[sample_test]'s server dos shell file creation task start
4월 11, 2018 6:00:52 오후 kr.pe.sinnori.common.buildsystem.ProjectBuilder createNewServerDosShellFile
정보: main project[sample_test]'s server dos shell file creation task end
4월 11, 2018 6:00:52 오후 kr.pe.sinnori.common.buildsystem.ProjectBuilder createNewServerUnixShellFile
정보: main project[sample_test]'s server unix shell file creation task start
4월 11, 2018 6:00:52 오후 kr.pe.sinnori.common.buildsystem.ProjectBuilder createNewServerUnixShellFile
정보: main project[sample_test]'s server unix shell file creation task end
4월 11, 2018 6:00:52 오후 kr.pe.sinnori.common.buildsystem.ProjectBuilder copyServerSampleFiles
정보: server sample source files copy task start
4월 11, 2018 6:00:52 오후 kr.pe.sinnori.common.buildsystem.ProjectBuilder copyServerSampleFiles
정보: server sample source files copy task end
4월 11, 2018 6:00:52 오후 kr.pe.sinnori.common.buildsystem.ProjectBuilder createServerMessageIOFileSet
정보: main project[sample_test]'s server message io file set creation task start
4월 11, 2018 6:00:52 오후 kr.pe.sinnori.common.util.CommonStaticUtil createChildDirectoriesOfBasePath
정보: the new child relative direcotry[D:\gitsinnori\sinnori\project\sample_test\server_build\src\main\java\kr\pe\sinnori\impl\message][Echo] was created successfully
4월 11, 2018 6:00:52 오후 kr.pe.sinnori.common.buildsystem.ProjectBuilder createNewMessageSourceFile
정보: main project[sample_test]'s message file[Echo][D:\gitsinnori\sinnori\project\sample_test\server_build\src\main\java\kr\pe\sinnori\impl\message] creation task start
4월 11, 2018 6:00:52 오후 kr.pe.sinnori.common.buildsystem.ProjectBuilder createNewMessageSourceFile
정보: main project[sample_test]'s message file[Echo][D:\gitsinnori\sinnori\project\sample_test\server_build\src\main\java\kr\pe\sinnori\impl\message] creation task end
4월 11, 2018 6:00:52 오후 kr.pe.sinnori.common.buildsystem.ProjectBuilder createNewDecoderSourceFile
정보: main project[sample_test]'s message decoder file[Echo][D:\gitsinnori\sinnori\project\sample_test\server_build\src\main\java\kr\pe\sinnori\impl\message] creation task start
4월 11, 2018 6:00:52 오후 kr.pe.sinnori.common.buildsystem.ProjectBuilder createNewDecoderSourceFile
정보: main project[sample_test]'s message decoder file[Echo][D:\gitsinnori\sinnori\project\sample_test\server_build\src\main\java\kr\pe\sinnori\impl\message] creation task end
4월 11, 2018 6:00:52 오후 kr.pe.sinnori.common.buildsystem.ProjectBuilder createNewEncoderSourceFile
정보: main project[sample_test]'s message encoder file[Echo][D:\gitsinnori\sinnori\project\sample_test\server_build\src\main\java\kr\pe\sinnori\impl\message] creation task start
4월 11, 2018 6:00:52 오후 kr.pe.sinnori.common.buildsystem.ProjectBuilder createNewEncoderSourceFile
정보: main project[sample_test]'s message encoder file[Echo][D:\gitsinnori\sinnori\project\sample_test\server_build\src\main\java\kr\pe\sinnori\impl\message] creation task end
4월 11, 2018 6:00:52 오후 kr.pe.sinnori.common.buildsystem.ProjectBuilder createNewServerCodecSourceFile
정보: main project[sample_test]'s message server codec file[Echo][D:\gitsinnori\sinnori\project\sample_test\server_build\src\main\java\kr\pe\sinnori\impl\message] creation task start
4월 11, 2018 6:00:52 오후 kr.pe.sinnori.common.buildsystem.ProjectBuilder createNewServerCodecSourceFile
정보: main project[sample_test]'s message server codec file[Echo][D:\gitsinnori\sinnori\project\sample_test\server_build\src\main\java\kr\pe\sinnori\impl\message] creation task end
4월 11, 2018 6:00:52 오후 kr.pe.sinnori.common.buildsystem.ProjectBuilder createNewClientCodecSourceFile
정보: main project[sample_test]'s message client codec file[Echo][D:\gitsinnori\sinnori\project\sample_test\server_build\src\main\java\kr\pe\sinnori\impl\message] creation task start
4월 11, 2018 6:00:52 오후 kr.pe.sinnori.common.buildsystem.ProjectBuilder createNewClientCodecSourceFile
정보: main project[sample_test]'s message client codec file[Echo][D:\gitsinnori\sinnori\project\sample_test\server_build\src\main\java\kr\pe\sinnori\impl\message] creation task end
4월 11, 2018 6:00:52 오후 kr.pe.sinnori.common.util.CommonStaticUtil createChildDirectoriesOfBasePath
정보: the new child relative direcotry[D:\gitsinnori\sinnori\project\sample_test\server_build\src\main\java\kr\pe\sinnori\impl\message][PublicKeyReq] was created successfully
4월 11, 2018 6:00:52 오후 kr.pe.sinnori.common.buildsystem.ProjectBuilder createNewMessageSourceFile
정보: main project[sample_test]'s message file[PublicKeyReq][D:\gitsinnori\sinnori\project\sample_test\server_build\src\main\java\kr\pe\sinnori\impl\message] creation task start
4월 11, 2018 6:00:52 오후 kr.pe.sinnori.common.buildsystem.ProjectBuilder createNewMessageSourceFile
정보: main project[sample_test]'s message file[PublicKeyReq][D:\gitsinnori\sinnori\project\sample_test\server_build\src\main\java\kr\pe\sinnori\impl\message] creation task end
4월 11, 2018 6:00:52 오후 kr.pe.sinnori.common.buildsystem.ProjectBuilder createNewDecoderSourceFile
정보: main project[sample_test]'s message decoder file[PublicKeyReq][D:\gitsinnori\sinnori\project\sample_test\server_build\src\main\java\kr\pe\sinnori\impl\message] creation task start
4월 11, 2018 6:00:52 오후 kr.pe.sinnori.common.buildsystem.ProjectBuilder createNewDecoderSourceFile
정보: main project[sample_test]'s message decoder file[PublicKeyReq][D:\gitsinnori\sinnori\project\sample_test\server_build\src\main\java\kr\pe\sinnori\impl\message] creation task end
4월 11, 2018 6:00:52 오후 kr.pe.sinnori.common.buildsystem.ProjectBuilder createNewEncoderSourceFile
정보: main project[sample_test]'s message encoder file[PublicKeyReq][D:\gitsinnori\sinnori\project\sample_test\server_build\src\main\java\kr\pe\sinnori\impl\message] creation task start
4월 11, 2018 6:00:52 오후 kr.pe.sinnori.common.buildsystem.ProjectBuilder createNewEncoderSourceFile
정보: main project[sample_test]'s message encoder file[PublicKeyReq][D:\gitsinnori\sinnori\project\sample_test\server_build\src\main\java\kr\pe\sinnori\impl\message] creation task end
4월 11, 2018 6:00:52 오후 kr.pe.sinnori.common.buildsystem.ProjectBuilder createNewServerCodecSourceFile
정보: main project[sample_test]'s message server codec file[PublicKeyReq][D:\gitsinnori\sinnori\project\sample_test\server_build\src\main\java\kr\pe\sinnori\impl\message] creation task start
4월 11, 2018 6:00:52 오후 kr.pe.sinnori.common.buildsystem.ProjectBuilder createNewServerCodecSourceFile
정보: main project[sample_test]'s message server codec file[PublicKeyReq][D:\gitsinnori\sinnori\project\sample_test\server_build\src\main\java\kr\pe\sinnori\impl\message] creation task end
4월 11, 2018 6:00:52 오후 kr.pe.sinnori.common.buildsystem.ProjectBuilder createNewClientCodecSourceFile
정보: main project[sample_test]'s message client codec file[PublicKeyReq][D:\gitsinnori\sinnori\project\sample_test\server_build\src\main\java\kr\pe\sinnori\impl\message] creation task start
4월 11, 2018 6:00:52 오후 kr.pe.sinnori.common.buildsystem.ProjectBuilder createNewClientCodecSourceFile
정보: main project[sample_test]'s message client codec file[PublicKeyReq][D:\gitsinnori\sinnori\project\sample_test\server_build\src\main\java\kr\pe\sinnori\impl\message] creation task end
4월 11, 2018 6:00:52 오후 kr.pe.sinnori.common.util.CommonStaticUtil createChildDirectoriesOfBasePath
정보: the new child relative direcotry[D:\gitsinnori\sinnori\project\sample_test\server_build\src\main\java\kr\pe\sinnori\impl\message][PublicKeyRes] was created successfully
4월 11, 2018 6:00:52 오후 kr.pe.sinnori.common.buildsystem.ProjectBuilder createNewMessageSourceFile
정보: main project[sample_test]'s message file[PublicKeyRes][D:\gitsinnori\sinnori\project\sample_test\server_build\src\main\java\kr\pe\sinnori\impl\message] creation task start
4월 11, 2018 6:00:52 오후 kr.pe.sinnori.common.buildsystem.ProjectBuilder createNewMessageSourceFile
정보: main project[sample_test]'s message file[PublicKeyRes][D:\gitsinnori\sinnori\project\sample_test\server_build\src\main\java\kr\pe\sinnori\impl\message] creation task end
4월 11, 2018 6:00:52 오후 kr.pe.sinnori.common.buildsystem.ProjectBuilder createNewDecoderSourceFile
정보: main project[sample_test]'s message decoder file[PublicKeyRes][D:\gitsinnori\sinnori\project\sample_test\server_build\src\main\java\kr\pe\sinnori\impl\message] creation task start
4월 11, 2018 6:00:52 오후 kr.pe.sinnori.common.buildsystem.ProjectBuilder createNewDecoderSourceFile
정보: main project[sample_test]'s message decoder file[PublicKeyRes][D:\gitsinnori\sinnori\project\sample_test\server_build\src\main\java\kr\pe\sinnori\impl\message] creation task end
4월 11, 2018 6:00:52 오후 kr.pe.sinnori.common.buildsystem.ProjectBuilder createNewEncoderSourceFile
정보: main project[sample_test]'s message encoder file[PublicKeyRes][D:\gitsinnori\sinnori\project\sample_test\server_build\src\main\java\kr\pe\sinnori\impl\message] creation task start
4월 11, 2018 6:00:52 오후 kr.pe.sinnori.common.buildsystem.ProjectBuilder createNewEncoderSourceFile
정보: main project[sample_test]'s message encoder file[PublicKeyRes][D:\gitsinnori\sinnori\project\sample_test\server_build\src\main\java\kr\pe\sinnori\impl\message] creation task end
4월 11, 2018 6:00:52 오후 kr.pe.sinnori.common.buildsystem.ProjectBuilder createNewServerCodecSourceFile
정보: main project[sample_test]'s message server codec file[PublicKeyRes][D:\gitsinnori\sinnori\project\sample_test\server_build\src\main\java\kr\pe\sinnori\impl\message] creation task start
4월 11, 2018 6:00:52 오후 kr.pe.sinnori.common.buildsystem.ProjectBuilder createNewServerCodecSourceFile
정보: main project[sample_test]'s message server codec file[PublicKeyRes][D:\gitsinnori\sinnori\project\sample_test\server_build\src\main\java\kr\pe\sinnori\impl\message] creation task end
4월 11, 2018 6:00:52 오후 kr.pe.sinnori.common.buildsystem.ProjectBuilder createNewClientCodecSourceFile
정보: main project[sample_test]'s message client codec file[PublicKeyRes][D:\gitsinnori\sinnori\project\sample_test\server_build\src\main\java\kr\pe\sinnori\impl\message] creation task start
4월 11, 2018 6:00:52 오후 kr.pe.sinnori.common.buildsystem.ProjectBuilder createNewClientCodecSourceFile
정보: main project[sample_test]'s message client codec file[PublicKeyRes][D:\gitsinnori\sinnori\project\sample_test\server_build\src\main\java\kr\pe\sinnori\impl\message] creation task end
4월 11, 2018 6:00:52 오후 kr.pe.sinnori.common.buildsystem.ProjectBuilder createServerMessageIOFileSet
정보: main project[sample_test]'s server message io file set creation task end
4월 11, 2018 6:00:52 오후 kr.pe.sinnori.common.buildsystem.ProjectBuilder createServerBuildSystemFiles
정보: server build system files creation task end
4월 11, 2018 6:00:52 오후 kr.pe.sinnori.common.buildsystem.ProjectBuilder createAppClientBuildSystemFiles
정보: mainproject[sample_test]'s application client build system files creation task start
4월 11, 2018 6:00:52 오후 kr.pe.sinnori.common.buildsystem.ProjectBuilder createNewAppClientAntBuildXMLFile
정보: main project[sample_test]'s application client ant build.xml file creation task start
4월 11, 2018 6:00:52 오후 kr.pe.sinnori.common.buildsystem.ProjectBuilder createNewAppClientAntBuildXMLFile
정보: main project[sample_test]'s application client ant build.xml file creation task end
4월 11, 2018 6:00:52 오후 kr.pe.sinnori.common.buildsystem.ProjectBuilder createNewAppClientDosShellFile
정보: main project[sample_test]'s application client dos shell file creation task start
4월 11, 2018 6:00:52 오후 kr.pe.sinnori.common.buildsystem.ProjectBuilder createNewAppClientDosShellFile
정보: main project[sample_test]'s application client dos shell file creation task end
4월 11, 2018 6:00:52 오후 kr.pe.sinnori.common.buildsystem.ProjectBuilder createNewAppClientUnixShellFile
정보: main project[sample_test]'s application client unix shell file creation task start
4월 11, 2018 6:00:52 오후 kr.pe.sinnori.common.buildsystem.ProjectBuilder createNewAppClientUnixShellFile
정보: main project[sample_test]'s application client unix shell file creation task end
4월 11, 2018 6:00:52 오후 kr.pe.sinnori.common.buildsystem.ProjectBuilder copyAppClientSampleFiles
정보: application client sample source files copy task start
4월 11, 2018 6:00:52 오후 kr.pe.sinnori.common.buildsystem.ProjectBuilder copyAppClientSampleFiles
정보: application client sample source files copy task end
4월 11, 2018 6:00:52 오후 kr.pe.sinnori.common.buildsystem.ProjectBuilder createNewAppClientAllMessageIOFileSet
정보: main project[sample_test]'s application client message io file set creation task start
4월 11, 2018 6:00:52 오후 kr.pe.sinnori.common.util.CommonStaticUtil createChildDirectoriesOfBasePath
정보: the new child relative direcotry[D:\gitsinnori\sinnori\project\sample_test\client_build\app_build\src\main\java\kr\pe\sinnori\impl\message][Echo] was created successfully
4월 11, 2018 6:00:52 오후 kr.pe.sinnori.common.buildsystem.ProjectBuilder createNewMessageSourceFile
정보: main project[sample_test]'s message file[Echo][D:\gitsinnori\sinnori\project\sample_test\client_build\app_build\src\main\java\kr\pe\sinnori\impl\message] creation task start
4월 11, 2018 6:00:52 오후 kr.pe.sinnori.common.buildsystem.ProjectBuilder createNewMessageSourceFile
정보: main project[sample_test]'s message file[Echo][D:\gitsinnori\sinnori\project\sample_test\client_build\app_build\src\main\java\kr\pe\sinnori\impl\message] creation task end
4월 11, 2018 6:00:52 오후 kr.pe.sinnori.common.buildsystem.ProjectBuilder createNewDecoderSourceFile
정보: main project[sample_test]'s message decoder file[Echo][D:\gitsinnori\sinnori\project\sample_test\client_build\app_build\src\main\java\kr\pe\sinnori\impl\message] creation task start
4월 11, 2018 6:00:52 오후 kr.pe.sinnori.common.buildsystem.ProjectBuilder createNewDecoderSourceFile
정보: main project[sample_test]'s message decoder file[Echo][D:\gitsinnori\sinnori\project\sample_test\client_build\app_build\src\main\java\kr\pe\sinnori\impl\message] creation task end
4월 11, 2018 6:00:52 오후 kr.pe.sinnori.common.buildsystem.ProjectBuilder createNewEncoderSourceFile
정보: main project[sample_test]'s message encoder file[Echo][D:\gitsinnori\sinnori\project\sample_test\client_build\app_build\src\main\java\kr\pe\sinnori\impl\message] creation task start
4월 11, 2018 6:00:52 오후 kr.pe.sinnori.common.buildsystem.ProjectBuilder createNewEncoderSourceFile
정보: main project[sample_test]'s message encoder file[Echo][D:\gitsinnori\sinnori\project\sample_test\client_build\app_build\src\main\java\kr\pe\sinnori\impl\message] creation task end
4월 11, 2018 6:00:52 오후 kr.pe.sinnori.common.buildsystem.ProjectBuilder createNewServerCodecSourceFile
정보: main project[sample_test]'s message server codec file[Echo][D:\gitsinnori\sinnori\project\sample_test\client_build\app_build\src\main\java\kr\pe\sinnori\impl\message] creation task start
4월 11, 2018 6:00:52 오후 kr.pe.sinnori.common.buildsystem.ProjectBuilder createNewServerCodecSourceFile
정보: main project[sample_test]'s message server codec file[Echo][D:\gitsinnori\sinnori\project\sample_test\client_build\app_build\src\main\java\kr\pe\sinnori\impl\message] creation task end
4월 11, 2018 6:00:52 오후 kr.pe.sinnori.common.buildsystem.ProjectBuilder createNewClientCodecSourceFile
정보: main project[sample_test]'s message client codec file[Echo][D:\gitsinnori\sinnori\project\sample_test\client_build\app_build\src\main\java\kr\pe\sinnori\impl\message] creation task start
4월 11, 2018 6:00:52 오후 kr.pe.sinnori.common.buildsystem.ProjectBuilder createNewClientCodecSourceFile
정보: main project[sample_test]'s message client codec file[Echo][D:\gitsinnori\sinnori\project\sample_test\client_build\app_build\src\main\java\kr\pe\sinnori\impl\message] creation task end
4월 11, 2018 6:00:52 오후 kr.pe.sinnori.common.util.CommonStaticUtil createChildDirectoriesOfBasePath
정보: the new child relative direcotry[D:\gitsinnori\sinnori\project\sample_test\client_build\app_build\src\main\java\kr\pe\sinnori\impl\message][PublicKeyReq] was created successfully
4월 11, 2018 6:00:52 오후 kr.pe.sinnori.common.buildsystem.ProjectBuilder createNewMessageSourceFile
정보: main project[sample_test]'s message file[PublicKeyReq][D:\gitsinnori\sinnori\project\sample_test\client_build\app_build\src\main\java\kr\pe\sinnori\impl\message] creation task start
4월 11, 2018 6:00:52 오후 kr.pe.sinnori.common.buildsystem.ProjectBuilder createNewMessageSourceFile
정보: main project[sample_test]'s message file[PublicKeyReq][D:\gitsinnori\sinnori\project\sample_test\client_build\app_build\src\main\java\kr\pe\sinnori\impl\message] creation task end
4월 11, 2018 6:00:52 오후 kr.pe.sinnori.common.buildsystem.ProjectBuilder createNewDecoderSourceFile
정보: main project[sample_test]'s message decoder file[PublicKeyReq][D:\gitsinnori\sinnori\project\sample_test\client_build\app_build\src\main\java\kr\pe\sinnori\impl\message] creation task start
4월 11, 2018 6:00:52 오후 kr.pe.sinnori.common.buildsystem.ProjectBuilder createNewDecoderSourceFile
정보: main project[sample_test]'s message decoder file[PublicKeyReq][D:\gitsinnori\sinnori\project\sample_test\client_build\app_build\src\main\java\kr\pe\sinnori\impl\message] creation task end
4월 11, 2018 6:00:52 오후 kr.pe.sinnori.common.buildsystem.ProjectBuilder createNewEncoderSourceFile
정보: main project[sample_test]'s message encoder file[PublicKeyReq][D:\gitsinnori\sinnori\project\sample_test\client_build\app_build\src\main\java\kr\pe\sinnori\impl\message] creation task start
4월 11, 2018 6:00:52 오후 kr.pe.sinnori.common.buildsystem.ProjectBuilder createNewEncoderSourceFile
정보: main project[sample_test]'s message encoder file[PublicKeyReq][D:\gitsinnori\sinnori\project\sample_test\client_build\app_build\src\main\java\kr\pe\sinnori\impl\message] creation task end
4월 11, 2018 6:00:52 오후 kr.pe.sinnori.common.buildsystem.ProjectBuilder createNewServerCodecSourceFile
정보: main project[sample_test]'s message server codec file[PublicKeyReq][D:\gitsinnori\sinnori\project\sample_test\client_build\app_build\src\main\java\kr\pe\sinnori\impl\message] creation task start
4월 11, 2018 6:00:52 오후 kr.pe.sinnori.common.buildsystem.ProjectBuilder createNewServerCodecSourceFile
정보: main project[sample_test]'s message server codec file[PublicKeyReq][D:\gitsinnori\sinnori\project\sample_test\client_build\app_build\src\main\java\kr\pe\sinnori\impl\message] creation task end
4월 11, 2018 6:00:52 오후 kr.pe.sinnori.common.buildsystem.ProjectBuilder createNewClientCodecSourceFile
정보: main project[sample_test]'s message client codec file[PublicKeyReq][D:\gitsinnori\sinnori\project\sample_test\client_build\app_build\src\main\java\kr\pe\sinnori\impl\message] creation task start
4월 11, 2018 6:00:52 오후 kr.pe.sinnori.common.buildsystem.ProjectBuilder createNewClientCodecSourceFile
정보: main project[sample_test]'s message client codec file[PublicKeyReq][D:\gitsinnori\sinnori\project\sample_test\client_build\app_build\src\main\java\kr\pe\sinnori\impl\message] creation task end
4월 11, 2018 6:00:52 오후 kr.pe.sinnori.common.util.CommonStaticUtil createChildDirectoriesOfBasePath
정보: the new child relative direcotry[D:\gitsinnori\sinnori\project\sample_test\client_build\app_build\src\main\java\kr\pe\sinnori\impl\message][PublicKeyRes] was created successfully
4월 11, 2018 6:00:52 오후 kr.pe.sinnori.common.buildsystem.ProjectBuilder createNewMessageSourceFile
정보: main project[sample_test]'s message file[PublicKeyRes][D:\gitsinnori\sinnori\project\sample_test\client_build\app_build\src\main\java\kr\pe\sinnori\impl\message] creation task start
4월 11, 2018 6:00:52 오후 kr.pe.sinnori.common.buildsystem.ProjectBuilder createNewMessageSourceFile
정보: main project[sample_test]'s message file[PublicKeyRes][D:\gitsinnori\sinnori\project\sample_test\client_build\app_build\src\main\java\kr\pe\sinnori\impl\message] creation task end
4월 11, 2018 6:00:52 오후 kr.pe.sinnori.common.buildsystem.ProjectBuilder createNewDecoderSourceFile
정보: main project[sample_test]'s message decoder file[PublicKeyRes][D:\gitsinnori\sinnori\project\sample_test\client_build\app_build\src\main\java\kr\pe\sinnori\impl\message] creation task start
4월 11, 2018 6:00:52 오후 kr.pe.sinnori.common.buildsystem.ProjectBuilder createNewDecoderSourceFile
정보: main project[sample_test]'s message decoder file[PublicKeyRes][D:\gitsinnori\sinnori\project\sample_test\client_build\app_build\src\main\java\kr\pe\sinnori\impl\message] creation task end
4월 11, 2018 6:00:52 오후 kr.pe.sinnori.common.buildsystem.ProjectBuilder createNewEncoderSourceFile
정보: main project[sample_test]'s message encoder file[PublicKeyRes][D:\gitsinnori\sinnori\project\sample_test\client_build\app_build\src\main\java\kr\pe\sinnori\impl\message] creation task start
4월 11, 2018 6:00:52 오후 kr.pe.sinnori.common.buildsystem.ProjectBuilder createNewEncoderSourceFile
정보: main project[sample_test]'s message encoder file[PublicKeyRes][D:\gitsinnori\sinnori\project\sample_test\client_build\app_build\src\main\java\kr\pe\sinnori\impl\message] creation task end
4월 11, 2018 6:00:52 오후 kr.pe.sinnori.common.buildsystem.ProjectBuilder createNewServerCodecSourceFile
정보: main project[sample_test]'s message server codec file[PublicKeyRes][D:\gitsinnori\sinnori\project\sample_test\client_build\app_build\src\main\java\kr\pe\sinnori\impl\message] creation task start
4월 11, 2018 6:00:52 오후 kr.pe.sinnori.common.buildsystem.ProjectBuilder createNewServerCodecSourceFile
정보: main project[sample_test]'s message server codec file[PublicKeyRes][D:\gitsinnori\sinnori\project\sample_test\client_build\app_build\src\main\java\kr\pe\sinnori\impl\message] creation task end
4월 11, 2018 6:00:52 오후 kr.pe.sinnori.common.buildsystem.ProjectBuilder createNewClientCodecSourceFile
정보: main project[sample_test]'s message client codec file[PublicKeyRes][D:\gitsinnori\sinnori\project\sample_test\client_build\app_build\src\main\java\kr\pe\sinnori\impl\message] creation task start
4월 11, 2018 6:00:52 오후 kr.pe.sinnori.common.buildsystem.ProjectBuilder createNewClientCodecSourceFile
정보: main project[sample_test]'s message client codec file[PublicKeyRes][D:\gitsinnori\sinnori\project\sample_test\client_build\app_build\src\main\java\kr\pe\sinnori\impl\message] creation task end
4월 11, 2018 6:00:52 오후 kr.pe.sinnori.common.buildsystem.ProjectBuilder createNewAppClientAllMessageIOFileSet
정보: main project[sample_test]'s application client message io file set creation task end
4월 11, 2018 6:00:52 오후 kr.pe.sinnori.common.buildsystem.ProjectBuilder createAppClientBuildSystemFiles
정보: mainproject[sample_test]'s application client build system files creation task end
4월 11, 2018 6:00:52 오후 kr.pe.sinnori.common.buildsystem.ProjectBuilder createWebClientBuildSystemFiles
정보: main project[sample_test]'s web client build system files creation task start
4월 11, 2018 6:00:52 오후 kr.pe.sinnori.common.buildsystem.ProjectBuilder createNewWebClientAntBuildFile
정보: main project[sample_test]'s web client ant build.xml file creation task start
4월 11, 2018 6:00:52 오후 kr.pe.sinnori.common.buildsystem.ProjectBuilder createNewWebClientAntBuildFile
정보: main project[sample_test]'s web client ant build.xml file creation task end
4월 11, 2018 6:00:52 오후 kr.pe.sinnori.common.buildsystem.ProjectBuilder createNewWebClientAntPropertiesFile
정보: main project[sample_test]'s web client ant properties file creation task start
4월 11, 2018 6:00:52 오후 kr.pe.sinnori.common.util.SequencedPropertiesUtil createNewSequencedPropertiesFile
정보: the sequenced properties file[D:\gitsinnori\sinnori\project\sample_test\client_build\web_build\webAnt.properties] was created
4월 11, 2018 6:00:52 오후 kr.pe.sinnori.common.buildsystem.ProjectBuilder createNewWebClientAntPropertiesFile
정보: main project[sample_test]'s web client ant properties file creation task end
4월 11, 2018 6:00:52 오후 kr.pe.sinnori.common.buildsystem.ProjectBuilder createNewWebClientMessageIOFileSet
정보: main project[sample_test]'s web client message io file set creation task start
4월 11, 2018 6:00:52 오후 kr.pe.sinnori.common.util.CommonStaticUtil createChildDirectoriesOfBasePath
정보: the new child relative direcotry[D:\gitsinnori\sinnori\project\sample_test\client_build\web_build\src\main\java\kr\pe\sinnori\impl\message][Echo] was created successfully
4월 11, 2018 6:00:52 오후 kr.pe.sinnori.common.buildsystem.ProjectBuilder createNewMessageSourceFile
정보: main project[sample_test]'s message file[Echo][D:\gitsinnori\sinnori\project\sample_test\client_build\web_build\src\main\java\kr\pe\sinnori\impl\message] creation task start
4월 11, 2018 6:00:52 오후 kr.pe.sinnori.common.buildsystem.ProjectBuilder createNewMessageSourceFile
정보: main project[sample_test]'s message file[Echo][D:\gitsinnori\sinnori\project\sample_test\client_build\web_build\src\main\java\kr\pe\sinnori\impl\message] creation task end
4월 11, 2018 6:00:52 오후 kr.pe.sinnori.common.buildsystem.ProjectBuilder createNewDecoderSourceFile
정보: main project[sample_test]'s message decoder file[Echo][D:\gitsinnori\sinnori\project\sample_test\client_build\web_build\src\main\java\kr\pe\sinnori\impl\message] creation task start
4월 11, 2018 6:00:52 오후 kr.pe.sinnori.common.buildsystem.ProjectBuilder createNewDecoderSourceFile
정보: main project[sample_test]'s message decoder file[Echo][D:\gitsinnori\sinnori\project\sample_test\client_build\web_build\src\main\java\kr\pe\sinnori\impl\message] creation task end
4월 11, 2018 6:00:52 오후 kr.pe.sinnori.common.buildsystem.ProjectBuilder createNewEncoderSourceFile
정보: main project[sample_test]'s message encoder file[Echo][D:\gitsinnori\sinnori\project\sample_test\client_build\web_build\src\main\java\kr\pe\sinnori\impl\message] creation task start
4월 11, 2018 6:00:52 오후 kr.pe.sinnori.common.buildsystem.ProjectBuilder createNewEncoderSourceFile
정보: main project[sample_test]'s message encoder file[Echo][D:\gitsinnori\sinnori\project\sample_test\client_build\web_build\src\main\java\kr\pe\sinnori\impl\message] creation task end
4월 11, 2018 6:00:52 오후 kr.pe.sinnori.common.buildsystem.ProjectBuilder createNewServerCodecSourceFile
정보: main project[sample_test]'s message server codec file[Echo][D:\gitsinnori\sinnori\project\sample_test\client_build\web_build\src\main\java\kr\pe\sinnori\impl\message] creation task start
4월 11, 2018 6:00:52 오후 kr.pe.sinnori.common.buildsystem.ProjectBuilder createNewServerCodecSourceFile
정보: main project[sample_test]'s message server codec file[Echo][D:\gitsinnori\sinnori\project\sample_test\client_build\web_build\src\main\java\kr\pe\sinnori\impl\message] creation task end
4월 11, 2018 6:00:52 오후 kr.pe.sinnori.common.buildsystem.ProjectBuilder createNewClientCodecSourceFile
정보: main project[sample_test]'s message client codec file[Echo][D:\gitsinnori\sinnori\project\sample_test\client_build\web_build\src\main\java\kr\pe\sinnori\impl\message] creation task start
4월 11, 2018 6:00:52 오후 kr.pe.sinnori.common.buildsystem.ProjectBuilder createNewClientCodecSourceFile
정보: main project[sample_test]'s message client codec file[Echo][D:\gitsinnori\sinnori\project\sample_test\client_build\web_build\src\main\java\kr\pe\sinnori\impl\message] creation task end
4월 11, 2018 6:00:52 오후 kr.pe.sinnori.common.util.CommonStaticUtil createChildDirectoriesOfBasePath
정보: the new child relative direcotry[D:\gitsinnori\sinnori\project\sample_test\client_build\web_build\src\main\java\kr\pe\sinnori\impl\message][PublicKeyReq] was created successfully
4월 11, 2018 6:00:52 오후 kr.pe.sinnori.common.buildsystem.ProjectBuilder createNewMessageSourceFile
정보: main project[sample_test]'s message file[PublicKeyReq][D:\gitsinnori\sinnori\project\sample_test\client_build\web_build\src\main\java\kr\pe\sinnori\impl\message] creation task start
4월 11, 2018 6:00:52 오후 kr.pe.sinnori.common.buildsystem.ProjectBuilder createNewMessageSourceFile
정보: main project[sample_test]'s message file[PublicKeyReq][D:\gitsinnori\sinnori\project\sample_test\client_build\web_build\src\main\java\kr\pe\sinnori\impl\message] creation task end
4월 11, 2018 6:00:52 오후 kr.pe.sinnori.common.buildsystem.ProjectBuilder createNewDecoderSourceFile
정보: main project[sample_test]'s message decoder file[PublicKeyReq][D:\gitsinnori\sinnori\project\sample_test\client_build\web_build\src\main\java\kr\pe\sinnori\impl\message] creation task start
4월 11, 2018 6:00:52 오후 kr.pe.sinnori.common.buildsystem.ProjectBuilder createNewDecoderSourceFile
정보: main project[sample_test]'s message decoder file[PublicKeyReq][D:\gitsinnori\sinnori\project\sample_test\client_build\web_build\src\main\java\kr\pe\sinnori\impl\message] creation task end
4월 11, 2018 6:00:52 오후 kr.pe.sinnori.common.buildsystem.ProjectBuilder createNewEncoderSourceFile
정보: main project[sample_test]'s message encoder file[PublicKeyReq][D:\gitsinnori\sinnori\project\sample_test\client_build\web_build\src\main\java\kr\pe\sinnori\impl\message] creation task start
4월 11, 2018 6:00:52 오후 kr.pe.sinnori.common.buildsystem.ProjectBuilder createNewEncoderSourceFile
정보: main project[sample_test]'s message encoder file[PublicKeyReq][D:\gitsinnori\sinnori\project\sample_test\client_build\web_build\src\main\java\kr\pe\sinnori\impl\message] creation task end
4월 11, 2018 6:00:52 오후 kr.pe.sinnori.common.buildsystem.ProjectBuilder createNewServerCodecSourceFile
정보: main project[sample_test]'s message server codec file[PublicKeyReq][D:\gitsinnori\sinnori\project\sample_test\client_build\web_build\src\main\java\kr\pe\sinnori\impl\message] creation task start
4월 11, 2018 6:00:52 오후 kr.pe.sinnori.common.buildsystem.ProjectBuilder createNewServerCodecSourceFile
정보: main project[sample_test]'s message server codec file[PublicKeyReq][D:\gitsinnori\sinnori\project\sample_test\client_build\web_build\src\main\java\kr\pe\sinnori\impl\message] creation task end
4월 11, 2018 6:00:52 오후 kr.pe.sinnori.common.buildsystem.ProjectBuilder createNewClientCodecSourceFile
정보: main project[sample_test]'s message client codec file[PublicKeyReq][D:\gitsinnori\sinnori\project\sample_test\client_build\web_build\src\main\java\kr\pe\sinnori\impl\message] creation task start
4월 11, 2018 6:00:52 오후 kr.pe.sinnori.common.buildsystem.ProjectBuilder createNewClientCodecSourceFile
정보: main project[sample_test]'s message client codec file[PublicKeyReq][D:\gitsinnori\sinnori\project\sample_test\client_build\web_build\src\main\java\kr\pe\sinnori\impl\message] creation task end
4월 11, 2018 6:00:52 오후 kr.pe.sinnori.common.util.CommonStaticUtil createChildDirectoriesOfBasePath
정보: the new child relative direcotry[D:\gitsinnori\sinnori\project\sample_test\client_build\web_build\src\main\java\kr\pe\sinnori\impl\message][PublicKeyRes] was created successfully
4월 11, 2018 6:00:52 오후 kr.pe.sinnori.common.buildsystem.ProjectBuilder createNewMessageSourceFile
정보: main project[sample_test]'s message file[PublicKeyRes][D:\gitsinnori\sinnori\project\sample_test\client_build\web_build\src\main\java\kr\pe\sinnori\impl\message] creation task start
4월 11, 2018 6:00:52 오후 kr.pe.sinnori.common.buildsystem.ProjectBuilder createNewMessageSourceFile
정보: main project[sample_test]'s message file[PublicKeyRes][D:\gitsinnori\sinnori\project\sample_test\client_build\web_build\src\main\java\kr\pe\sinnori\impl\message] creation task end
4월 11, 2018 6:00:52 오후 kr.pe.sinnori.common.buildsystem.ProjectBuilder createNewDecoderSourceFile
정보: main project[sample_test]'s message decoder file[PublicKeyRes][D:\gitsinnori\sinnori\project\sample_test\client_build\web_build\src\main\java\kr\pe\sinnori\impl\message] creation task start
4월 11, 2018 6:00:52 오후 kr.pe.sinnori.common.buildsystem.ProjectBuilder createNewDecoderSourceFile
정보: main project[sample_test]'s message decoder file[PublicKeyRes][D:\gitsinnori\sinnori\project\sample_test\client_build\web_build\src\main\java\kr\pe\sinnori\impl\message] creation task end
4월 11, 2018 6:00:52 오후 kr.pe.sinnori.common.buildsystem.ProjectBuilder createNewEncoderSourceFile
정보: main project[sample_test]'s message encoder file[PublicKeyRes][D:\gitsinnori\sinnori\project\sample_test\client_build\web_build\src\main\java\kr\pe\sinnori\impl\message] creation task start
4월 11, 2018 6:00:52 오후 kr.pe.sinnori.common.buildsystem.ProjectBuilder createNewEncoderSourceFile
정보: main project[sample_test]'s message encoder file[PublicKeyRes][D:\gitsinnori\sinnori\project\sample_test\client_build\web_build\src\main\java\kr\pe\sinnori\impl\message] creation task end
4월 11, 2018 6:00:52 오후 kr.pe.sinnori.common.buildsystem.ProjectBuilder createNewServerCodecSourceFile
정보: main project[sample_test]'s message server codec file[PublicKeyRes][D:\gitsinnori\sinnori\project\sample_test\client_build\web_build\src\main\java\kr\pe\sinnori\impl\message] creation task start
4월 11, 2018 6:00:52 오후 kr.pe.sinnori.common.buildsystem.ProjectBuilder createNewServerCodecSourceFile
정보: main project[sample_test]'s message server codec file[PublicKeyRes][D:\gitsinnori\sinnori\project\sample_test\client_build\web_build\src\main\java\kr\pe\sinnori\impl\message] creation task end
4월 11, 2018 6:00:52 오후 kr.pe.sinnori.common.buildsystem.ProjectBuilder createNewClientCodecSourceFile
정보: main project[sample_test]'s message client codec file[PublicKeyRes][D:\gitsinnori\sinnori\project\sample_test\client_build\web_build\src\main\java\kr\pe\sinnori\impl\message] creation task start
4월 11, 2018 6:00:52 오후 kr.pe.sinnori.common.buildsystem.ProjectBuilder createNewClientCodecSourceFile
정보: main project[sample_test]'s message client codec file[PublicKeyRes][D:\gitsinnori\sinnori\project\sample_test\client_build\web_build\src\main\java\kr\pe\sinnori\impl\message] creation task end
4월 11, 2018 6:00:52 오후 kr.pe.sinnori.common.buildsystem.ProjectBuilder createNewWebClientMessageIOFileSet
정보: main project[sample_test]'s web client message io file set creation task end
4월 11, 2018 6:00:52 오후 kr.pe.sinnori.common.buildsystem.ProjectBuilder copyWebClientSampleFiles
정보: mainproject[sample_test]'s web client sample source files copy task start
4월 11, 2018 6:00:52 오후 kr.pe.sinnori.common.buildsystem.ProjectBuilder copyWebClientSampleFiles
정보: mainproject[sample_test]'s web client sample source files copy task end
4월 11, 2018 6:00:52 오후 kr.pe.sinnori.common.buildsystem.ProjectBuilder createWebClientBuildSystemFiles
정보: main project[sample_test]'s web client build system files creation task end
4월 11, 2018 6:00:52 오후 kr.pe.sinnori.common.buildsystem.ProjectBuilder createWebRootSampleFiles
정보: main project[sample_test]'s web root sample files creation task start
4월 11, 2018 6:00:52 오후 kr.pe.sinnori.common.buildsystem.ProjectBuilder copyWebRootSampleFiles
정보: main project[sample_test]'s web root sample files copy task start
4월 11, 2018 6:00:52 오후 kr.pe.sinnori.common.buildsystem.ProjectBuilder copyWebRootSampleFiles
정보: main project[sample_test]'s web root sample files copy task end
4월 11, 2018 6:00:52 오후 kr.pe.sinnori.common.buildsystem.ProjectBuilder createWebRootSampleFiles
정보: main project[sample_test]'s web root sample files creation task end
4월 11, 2018 6:00:52 오후 kr.pe.sinnori.common.buildsystem.ProjectBuilder createFiles
정보: main project[sample_test]'s file creation task end
4월 11, 2018 6:00:52 오후 kr.pe.sinnori.common.config.SinnoriConfiguration convertSinnoriConfigSequencedPropertiesToAllPartItemsWithValidation
정보: item key[sessionkey.rsa.publickey.file.value]'s value is null because its status is inactive
4월 11, 2018 6:00:52 오후 kr.pe.sinnori.common.config.SinnoriConfiguration convertSinnoriConfigSequencedPropertiesToAllPartItemsWithValidation
정보: item key[sessionkey.rsa.privatekey.file.value]'s value is null because its status is inactive
4월 11, 2018 6:00:52 오후 kr.pe.sinnori.common.buildsystem.ProjectBuilder overwriteSinnoriConfigFile
정보: main project[sample_test]'s config file overwrite task start
4월 11, 2018 6:00:53 오후 kr.pe.sinnori.common.buildsystem.ProjectBuilder overwriteSinnoriConfigFile
정보: main project[sample_test]'s config file overwrite task end
4월 11, 2018 6:00:53 오후 kr.pe.sinnori.common.config.SinnoriConfiguration convertSinnoriConfigSequencedPropertiesToAllPartItemsWithValidation
정보: item key[sessionkey.rsa.publickey.file.value]'s value is null because its status is inactive
4월 11, 2018 6:00:53 오후 kr.pe.sinnori.common.config.SinnoriConfiguration convertSinnoriConfigSequencedPropertiesToAllPartItemsWithValidation
정보: item key[sessionkey.rsa.privatekey.file.value]'s value is null because its status is inactive
4월 11, 2018 6:00:53 오후 kr.pe.sinnori.common.buildsystem.ProjectBuilder overwriteServerDosShellFile
정보: main project[sample_test]'s server dos shell file overwrite task start
4월 11, 2018 6:00:53 오후 kr.pe.sinnori.common.buildsystem.ProjectBuilder overwriteServerDosShellFile
정보: main project[sample_test]'s server dos shell file overwrite task end
4월 11, 2018 6:00:53 오후 kr.pe.sinnori.common.buildsystem.ProjectBuilder overwriteAppClientDosShellFile
정보: main project[sample_test]'s application client dos shell file  overwrite task start
4월 11, 2018 6:00:53 오후 kr.pe.sinnori.common.buildsystem.ProjectBuilder overwriteAppClientDosShellFile
정보: main project[sample_test]'s application client dos shell file overwrite task end
4월 11, 2018 6:00:53 오후 kr.pe.sinnori.common.config.SinnoriConfiguration convertSinnoriConfigSequencedPropertiesToAllPartItemsWithValidation
정보: item key[sessionkey.rsa.publickey.file.value]'s value is null because its status is inactive
4월 11, 2018 6:00:53 오후 kr.pe.sinnori.common.config.SinnoriConfiguration convertSinnoriConfigSequencedPropertiesToAllPartItemsWithValidation
정보: item key[sessionkey.rsa.privatekey.file.value]'s value is null because its status is inactive
4월 11, 2018 6:00:53 오후 kr.pe.sinnori.common.buildsystem.ProjectBuilder createChildDirectories
정보: main project[sample_test]'s child direcotry creation task start
4월 11, 2018 6:00:53 오후 kr.pe.sinnori.common.buildsystem.ProjectBuilder createCommonChildDirectories
정보: main project[sample_test]'s common child direcotry creation task start
4월 11, 2018 6:00:53 오후 kr.pe.sinnori.common.util.CommonStaticUtil createChildDirectoriesOfBasePath
정보: the new child relative direcotry[D:\gitsinnori\sinnori\project\sample_test][config] was created successfully
4월 11, 2018 6:00:53 오후 kr.pe.sinnori.common.util.CommonStaticUtil createChildDirectoriesOfBasePath
정보: the new child relative direcotry[D:\gitsinnori\sinnori\project\sample_test][resources/dbcp] was created successfully
4월 11, 2018 6:00:53 오후 kr.pe.sinnori.common.util.CommonStaticUtil createChildDirectoriesOfBasePath
정보: the new child relative direcotry[D:\gitsinnori\sinnori\project\sample_test][resources/message_info] was created successfully
4월 11, 2018 6:00:53 오후 kr.pe.sinnori.common.util.CommonStaticUtil createChildDirectoriesOfBasePath
정보: the new child relative direcotry[D:\gitsinnori\sinnori\project\sample_test][resources/rsa_keypair] was created successfully
4월 11, 2018 6:00:53 오후 kr.pe.sinnori.common.util.CommonStaticUtil createChildDirectoriesOfBasePath
정보: the new child relative direcotry[D:\gitsinnori\sinnori\project\sample_test][log/apache] was created successfully
4월 11, 2018 6:00:53 오후 kr.pe.sinnori.common.util.CommonStaticUtil createChildDirectoriesOfBasePath
정보: the new child relative direcotry[D:\gitsinnori\sinnori\project\sample_test][log/client] was created successfully
4월 11, 2018 6:00:53 오후 kr.pe.sinnori.common.util.CommonStaticUtil createChildDirectoriesOfBasePath
정보: the new child relative direcotry[D:\gitsinnori\sinnori\project\sample_test][log/server] was created successfully
4월 11, 2018 6:00:53 오후 kr.pe.sinnori.common.util.CommonStaticUtil createChildDirectoriesOfBasePath
정보: the new child relative direcotry[D:\gitsinnori\sinnori\project\sample_test][log/servlet] was created successfully
4월 11, 2018 6:00:53 오후 kr.pe.sinnori.common.buildsystem.ProjectBuilder createCommonChildDirectories
정보: main project[sample_test]'s common child direcotry creation task end
4월 11, 2018 6:00:53 오후 kr.pe.sinnori.common.buildsystem.ProjectBuilder createServerBuildChildDirectories
정보: main project[sample_test]'s server child direcotry creation task start
4월 11, 2018 6:00:53 오후 kr.pe.sinnori.common.util.CommonStaticUtil createChildDirectoriesOfBasePath
정보: the new child relative direcotry[D:\gitsinnori\sinnori\project\sample_test][server_build/APP-INF/classes] was created successfully
4월 11, 2018 6:00:53 오후 kr.pe.sinnori.common.util.CommonStaticUtil createChildDirectoriesOfBasePath
정보: the new child relative direcotry[D:\gitsinnori\sinnori\project\sample_test][server_build/corelib/ex] was created successfully
4월 11, 2018 6:00:53 오후 kr.pe.sinnori.common.util.CommonStaticUtil createChildDirectoriesOfBasePath
정보: the new child relative direcotry[D:\gitsinnori\sinnori\project\sample_test][server_build/corelib/in] was created successfully
4월 11, 2018 6:00:53 오후 kr.pe.sinnori.common.util.CommonStaticUtil createChildDirectoriesOfBasePath
정보: the new child relative direcotry[D:\gitsinnori\sinnori\project\sample_test][server_build/lib/main/ex] was created successfully
4월 11, 2018 6:00:53 오후 kr.pe.sinnori.common.util.CommonStaticUtil createChildDirectoriesOfBasePath
정보: the new child relative direcotry[D:\gitsinnori\sinnori\project\sample_test][server_build/lib/main/in] was created successfully
4월 11, 2018 6:00:53 오후 kr.pe.sinnori.common.util.CommonStaticUtil createChildDirectoriesOfBasePath
정보: the new child relative direcotry[D:\gitsinnori\sinnori\project\sample_test][server_build/lib/test] was created successfully
4월 11, 2018 6:00:53 오후 kr.pe.sinnori.common.util.CommonStaticUtil createChildDirectoriesOfBasePath
정보: the new child relative direcotry[D:\gitsinnori\sinnori\project\sample_test][server_build/src/main/java/kr/pe/sinnori/impl/servertask] was created successfully
4월 11, 2018 6:00:53 오후 kr.pe.sinnori.common.util.CommonStaticUtil createChildDirectoriesOfBasePath
정보: the new child relative direcotry[D:\gitsinnori\sinnori\project\sample_test][server_build/src/main/java/kr/pe/sinnori/impl/message] was created successfully
4월 11, 2018 6:00:53 오후 kr.pe.sinnori.common.util.CommonStaticUtil createChildDirectoriesOfBasePath
정보: the new child relative direcotry[D:\gitsinnori\sinnori\project\sample_test][server_build/src/main/java/main] was created successfully
4월 11, 2018 6:00:53 오후 kr.pe.sinnori.common.util.CommonStaticUtil createChildDirectoriesOfBasePath
정보: the new child relative direcotry[D:\gitsinnori\sinnori\project\sample_test][server_build/src/test/java] was created successfully
4월 11, 2018 6:00:53 오후 kr.pe.sinnori.common.util.CommonStaticUtil createChildDirectoriesOfBasePath
정보: the new child relative direcotry[D:\gitsinnori\sinnori\project\sample_test][server_build/build] was created successfully
4월 11, 2018 6:00:53 오후 kr.pe.sinnori.common.util.CommonStaticUtil createChildDirectoriesOfBasePath
정보: the new child relative direcotry[D:\gitsinnori\sinnori\project\sample_test][server_build/dist] was created successfully
4월 11, 2018 6:00:53 오후 kr.pe.sinnori.common.buildsystem.ProjectBuilder createServerBuildChildDirectories
정보: main project[sample_test]'s server child direcotry creation task end
4월 11, 2018 6:00:53 오후 kr.pe.sinnori.common.buildsystem.ProjectBuilder createChildDirectories
정보: main project[sample_test]'s child direcotry creation task end
4월 11, 2018 6:00:53 오후 kr.pe.sinnori.common.buildsystem.ProjectBuilder createFiles
정보: main project[sample_test]'s file creation task start
4월 11, 2018 6:00:53 오후 kr.pe.sinnori.common.buildsystem.ProjectBuilder createNewSinnoriConfigFile
정보: main project[sample_test]'s config file creation task start
4월 11, 2018 6:00:53 오후 kr.pe.sinnori.common.util.SequencedPropertiesUtil createNewSequencedPropertiesFile
정보: the sequenced properties file[D:\gitsinnori\sinnori\project\sample_test\config\sinnori.properties] was created
4월 11, 2018 6:00:53 오후 kr.pe.sinnori.common.buildsystem.ProjectBuilder createNewSinnoriConfigFile
정보: main project[sample_test]'s config file creation task end
4월 11, 2018 6:00:53 오후 kr.pe.sinnori.common.buildsystem.ProjectBuilder copySampleFilesToResoruces
정보: the mainproject[sample_test]'s resources directory copy task start
4월 11, 2018 6:00:53 오후 kr.pe.sinnori.common.buildsystem.ProjectBuilder copySampleFilesToResoruces
정보: the mainproject[sample_test]'s resources directory copy task end
4월 11, 2018 6:00:53 오후 kr.pe.sinnori.common.buildsystem.ProjectBuilder createServerBuildSystemFiles
정보: server build system files creation task start
4월 11, 2018 6:00:53 오후 kr.pe.sinnori.common.buildsystem.ProjectBuilder createNewServerAntBuildXMLFile
정보: main project[sample_test]'s server ant build.xml file creation task start
4월 11, 2018 6:00:53 오후 kr.pe.sinnori.common.buildsystem.ProjectBuilder createNewServerAntBuildXMLFile
정보: main project[sample_test]'s server ant build.xml file creation task end
4월 11, 2018 6:00:53 오후 kr.pe.sinnori.common.buildsystem.ProjectBuilder createNewServerDosShellFile
정보: main project[sample_test]'s server dos shell file creation task start
4월 11, 2018 6:00:53 오후 kr.pe.sinnori.common.buildsystem.ProjectBuilder createNewServerDosShellFile
정보: main project[sample_test]'s server dos shell file creation task end
4월 11, 2018 6:00:53 오후 kr.pe.sinnori.common.buildsystem.ProjectBuilder createNewServerUnixShellFile
정보: main project[sample_test]'s server unix shell file creation task start
4월 11, 2018 6:00:53 오후 kr.pe.sinnori.common.buildsystem.ProjectBuilder createNewServerUnixShellFile
정보: main project[sample_test]'s server unix shell file creation task end
4월 11, 2018 6:00:53 오후 kr.pe.sinnori.common.buildsystem.ProjectBuilder copyServerSampleFiles
정보: server sample source files copy task start
4월 11, 2018 6:00:53 오후 kr.pe.sinnori.common.buildsystem.ProjectBuilder copyServerSampleFiles
정보: server sample source files copy task end
4월 11, 2018 6:00:53 오후 kr.pe.sinnori.common.buildsystem.ProjectBuilder createServerMessageIOFileSet
정보: main project[sample_test]'s server message io file set creation task start
4월 11, 2018 6:00:53 오후 kr.pe.sinnori.common.util.CommonStaticUtil createChildDirectoriesOfBasePath
정보: the new child relative direcotry[D:\gitsinnori\sinnori\project\sample_test\server_build\src\main\java\kr\pe\sinnori\impl\message][Echo] was created successfully
4월 11, 2018 6:00:53 오후 kr.pe.sinnori.common.buildsystem.ProjectBuilder createNewMessageSourceFile
정보: main project[sample_test]'s message file[Echo][D:\gitsinnori\sinnori\project\sample_test\server_build\src\main\java\kr\pe\sinnori\impl\message] creation task start
4월 11, 2018 6:00:53 오후 kr.pe.sinnori.common.buildsystem.ProjectBuilder createNewMessageSourceFile
정보: main project[sample_test]'s message file[Echo][D:\gitsinnori\sinnori\project\sample_test\server_build\src\main\java\kr\pe\sinnori\impl\message] creation task end
4월 11, 2018 6:00:53 오후 kr.pe.sinnori.common.buildsystem.ProjectBuilder createNewDecoderSourceFile
정보: main project[sample_test]'s message decoder file[Echo][D:\gitsinnori\sinnori\project\sample_test\server_build\src\main\java\kr\pe\sinnori\impl\message] creation task start
4월 11, 2018 6:00:53 오후 kr.pe.sinnori.common.buildsystem.ProjectBuilder createNewDecoderSourceFile
정보: main project[sample_test]'s message decoder file[Echo][D:\gitsinnori\sinnori\project\sample_test\server_build\src\main\java\kr\pe\sinnori\impl\message] creation task end
4월 11, 2018 6:00:53 오후 kr.pe.sinnori.common.buildsystem.ProjectBuilder createNewEncoderSourceFile
정보: main project[sample_test]'s message encoder file[Echo][D:\gitsinnori\sinnori\project\sample_test\server_build\src\main\java\kr\pe\sinnori\impl\message] creation task start
4월 11, 2018 6:00:53 오후 kr.pe.sinnori.common.buildsystem.ProjectBuilder createNewEncoderSourceFile
정보: main project[sample_test]'s message encoder file[Echo][D:\gitsinnori\sinnori\project\sample_test\server_build\src\main\java\kr\pe\sinnori\impl\message] creation task end
4월 11, 2018 6:00:53 오후 kr.pe.sinnori.common.buildsystem.ProjectBuilder createNewServerCodecSourceFile
정보: main project[sample_test]'s message server codec file[Echo][D:\gitsinnori\sinnori\project\sample_test\server_build\src\main\java\kr\pe\sinnori\impl\message] creation task start
4월 11, 2018 6:00:53 오후 kr.pe.sinnori.common.buildsystem.ProjectBuilder createNewServerCodecSourceFile
정보: main project[sample_test]'s message server codec file[Echo][D:\gitsinnori\sinnori\project\sample_test\server_build\src\main\java\kr\pe\sinnori\impl\message] creation task end
4월 11, 2018 6:00:53 오후 kr.pe.sinnori.common.buildsystem.ProjectBuilder createNewClientCodecSourceFile
정보: main project[sample_test]'s message client codec file[Echo][D:\gitsinnori\sinnori\project\sample_test\server_build\src\main\java\kr\pe\sinnori\impl\message] creation task start
4월 11, 2018 6:00:53 오후 kr.pe.sinnori.common.buildsystem.ProjectBuilder createNewClientCodecSourceFile
정보: main project[sample_test]'s message client codec file[Echo][D:\gitsinnori\sinnori\project\sample_test\server_build\src\main\java\kr\pe\sinnori\impl\message] creation task end
4월 11, 2018 6:00:53 오후 kr.pe.sinnori.common.util.CommonStaticUtil createChildDirectoriesOfBasePath
정보: the new child relative direcotry[D:\gitsinnori\sinnori\project\sample_test\server_build\src\main\java\kr\pe\sinnori\impl\message][PublicKeyReq] was created successfully
4월 11, 2018 6:00:53 오후 kr.pe.sinnori.common.buildsystem.ProjectBuilder createNewMessageSourceFile
정보: main project[sample_test]'s message file[PublicKeyReq][D:\gitsinnori\sinnori\project\sample_test\server_build\src\main\java\kr\pe\sinnori\impl\message] creation task start
4월 11, 2018 6:00:53 오후 kr.pe.sinnori.common.buildsystem.ProjectBuilder createNewMessageSourceFile
정보: main project[sample_test]'s message file[PublicKeyReq][D:\gitsinnori\sinnori\project\sample_test\server_build\src\main\java\kr\pe\sinnori\impl\message] creation task end
4월 11, 2018 6:00:53 오후 kr.pe.sinnori.common.buildsystem.ProjectBuilder createNewDecoderSourceFile
정보: main project[sample_test]'s message decoder file[PublicKeyReq][D:\gitsinnori\sinnori\project\sample_test\server_build\src\main\java\kr\pe\sinnori\impl\message] creation task start
4월 11, 2018 6:00:53 오후 kr.pe.sinnori.common.buildsystem.ProjectBuilder createNewDecoderSourceFile
정보: main project[sample_test]'s message decoder file[PublicKeyReq][D:\gitsinnori\sinnori\project\sample_test\server_build\src\main\java\kr\pe\sinnori\impl\message] creation task end
4월 11, 2018 6:00:53 오후 kr.pe.sinnori.common.buildsystem.ProjectBuilder createNewEncoderSourceFile
정보: main project[sample_test]'s message encoder file[PublicKeyReq][D:\gitsinnori\sinnori\project\sample_test\server_build\src\main\java\kr\pe\sinnori\impl\message] creation task start
4월 11, 2018 6:00:53 오후 kr.pe.sinnori.common.buildsystem.ProjectBuilder createNewEncoderSourceFile
정보: main project[sample_test]'s message encoder file[PublicKeyReq][D:\gitsinnori\sinnori\project\sample_test\server_build\src\main\java\kr\pe\sinnori\impl\message] creation task end
4월 11, 2018 6:00:53 오후 kr.pe.sinnori.common.buildsystem.ProjectBuilder createNewServerCodecSourceFile
정보: main project[sample_test]'s message server codec file[PublicKeyReq][D:\gitsinnori\sinnori\project\sample_test\server_build\src\main\java\kr\pe\sinnori\impl\message] creation task start
4월 11, 2018 6:00:53 오후 kr.pe.sinnori.common.buildsystem.ProjectBuilder createNewServerCodecSourceFile
정보: main project[sample_test]'s message server codec file[PublicKeyReq][D:\gitsinnori\sinnori\project\sample_test\server_build\src\main\java\kr\pe\sinnori\impl\message] creation task end
4월 11, 2018 6:00:53 오후 kr.pe.sinnori.common.buildsystem.ProjectBuilder createNewClientCodecSourceFile
정보: main project[sample_test]'s message client codec file[PublicKeyReq][D:\gitsinnori\sinnori\project\sample_test\server_build\src\main\java\kr\pe\sinnori\impl\message] creation task start
4월 11, 2018 6:00:53 오후 kr.pe.sinnori.common.buildsystem.ProjectBuilder createNewClientCodecSourceFile
정보: main project[sample_test]'s message client codec file[PublicKeyReq][D:\gitsinnori\sinnori\project\sample_test\server_build\src\main\java\kr\pe\sinnori\impl\message] creation task end
4월 11, 2018 6:00:53 오후 kr.pe.sinnori.common.util.CommonStaticUtil createChildDirectoriesOfBasePath
정보: the new child relative direcotry[D:\gitsinnori\sinnori\project\sample_test\server_build\src\main\java\kr\pe\sinnori\impl\message][PublicKeyRes] was created successfully
4월 11, 2018 6:00:53 오후 kr.pe.sinnori.common.buildsystem.ProjectBuilder createNewMessageSourceFile
정보: main project[sample_test]'s message file[PublicKeyRes][D:\gitsinnori\sinnori\project\sample_test\server_build\src\main\java\kr\pe\sinnori\impl\message] creation task start
4월 11, 2018 6:00:53 오후 kr.pe.sinnori.common.buildsystem.ProjectBuilder createNewMessageSourceFile
정보: main project[sample_test]'s message file[PublicKeyRes][D:\gitsinnori\sinnori\project\sample_test\server_build\src\main\java\kr\pe\sinnori\impl\message] creation task end
4월 11, 2018 6:00:53 오후 kr.pe.sinnori.common.buildsystem.ProjectBuilder createNewDecoderSourceFile
정보: main project[sample_test]'s message decoder file[PublicKeyRes][D:\gitsinnori\sinnori\project\sample_test\server_build\src\main\java\kr\pe\sinnori\impl\message] creation task start
4월 11, 2018 6:00:53 오후 kr.pe.sinnori.common.buildsystem.ProjectBuilder createNewDecoderSourceFile
정보: main project[sample_test]'s message decoder file[PublicKeyRes][D:\gitsinnori\sinnori\project\sample_test\server_build\src\main\java\kr\pe\sinnori\impl\message] creation task end
4월 11, 2018 6:00:53 오후 kr.pe.sinnori.common.buildsystem.ProjectBuilder createNewEncoderSourceFile
정보: main project[sample_test]'s message encoder file[PublicKeyRes][D:\gitsinnori\sinnori\project\sample_test\server_build\src\main\java\kr\pe\sinnori\impl\message] creation task start
4월 11, 2018 6:00:53 오후 kr.pe.sinnori.common.buildsystem.ProjectBuilder createNewEncoderSourceFile
정보: main project[sample_test]'s message encoder file[PublicKeyRes][D:\gitsinnori\sinnori\project\sample_test\server_build\src\main\java\kr\pe\sinnori\impl\message] creation task end
4월 11, 2018 6:00:53 오후 kr.pe.sinnori.common.buildsystem.ProjectBuilder createNewServerCodecSourceFile
정보: main project[sample_test]'s message server codec file[PublicKeyRes][D:\gitsinnori\sinnori\project\sample_test\server_build\src\main\java\kr\pe\sinnori\impl\message] creation task start
4월 11, 2018 6:00:53 오후 kr.pe.sinnori.common.buildsystem.ProjectBuilder createNewServerCodecSourceFile
정보: main project[sample_test]'s message server codec file[PublicKeyRes][D:\gitsinnori\sinnori\project\sample_test\server_build\src\main\java\kr\pe\sinnori\impl\message] creation task end
4월 11, 2018 6:00:53 오후 kr.pe.sinnori.common.buildsystem.ProjectBuilder createNewClientCodecSourceFile
정보: main project[sample_test]'s message client codec file[PublicKeyRes][D:\gitsinnori\sinnori\project\sample_test\server_build\src\main\java\kr\pe\sinnori\impl\message] creation task start
4월 11, 2018 6:00:53 오후 kr.pe.sinnori.common.buildsystem.ProjectBuilder createNewClientCodecSourceFile
정보: main project[sample_test]'s message client codec file[PublicKeyRes][D:\gitsinnori\sinnori\project\sample_test\server_build\src\main\java\kr\pe\sinnori\impl\message] creation task end
4월 11, 2018 6:00:53 오후 kr.pe.sinnori.common.buildsystem.ProjectBuilder createServerMessageIOFileSet
정보: main project[sample_test]'s server message io file set creation task end
4월 11, 2018 6:00:53 오후 kr.pe.sinnori.common.buildsystem.ProjectBuilder createServerBuildSystemFiles
정보: server build system files creation task end
4월 11, 2018 6:00:53 오후 kr.pe.sinnori.common.buildsystem.ProjectBuilder createFiles
정보: main project[sample_test]'s file creation task end
]]></system-err>
</testsuite>
