<?xml version="1.0" encoding="UTF-8" ?>
<testsuite errors="0" failures="0" hostname="madang02-pc" name="kr.pe.sinnori.common.buildsystem.ProjectBuilderTest" skipped="0" tests="16" time="38.964" timestamp="2018-03-09T23:24:46">
  <properties>
    <property name="java.vendor" value="Oracle Corporation" />
    <property name="dir.build" value="D:\gitsinnori\sinnori\core_build\build" />
    <property name="sun.java.launcher" value="SUN_STANDARD" />
    <property name="sun.management.compiler" value="HotSpot 64-Bit Tiered Compilers" />
    <property name="dir.dist" value="D:\gitsinnori\sinnori\core_build\dist" />
    <property name="os.name" value="Windows 10" />
    <property name="sun.boot.class.path" value="C:\Program Files\Java\jdk1.8.0_131\jre\lib\resources.jar;C:\Program Files\Java\jdk1.8.0_131\jre\lib\rt.jar;C:\Program Files\Java\jdk1.8.0_131\jre\lib\sunrsasign.jar;C:\Program Files\Java\jdk1.8.0_131\jre\lib\jsse.jar;C:\Program Files\Java\jdk1.8.0_131\jre\lib\jce.jar;C:\Program Files\Java\jdk1.8.0_131\jre\lib\charsets.jar;C:\Program Files\Java\jdk1.8.0_131\jre\lib\jfr.jar;C:\Program Files\Java\jdk1.8.0_131\jre\classes" />
    <property name="sun.desktop" value="windows" />
    <property name="java.vm.specification.vendor" value="Oracle Corporation" />
    <property name="ant.home" value="D:\apache-ant-1.10.0\bin\.." />
    <property name="java.runtime.version" value="1.8.0_131-b11" />
    <property name="user.name" value="madang03" />
    <property name="dir.report" value="D:\gitsinnori\sinnori\core_build\report" />
    <property name="user.language" value="ko" />
    <property name="sun.boot.library.path" value="C:\Program Files\Java\jdk1.8.0_131\jre\bin" />
    <property name="ant.project.default-target" value="make.core" />
    <property name="ant.project.name" value="sinnori_core_build" />
    <property name="java.version" value="1.8.0_131" />
    <property name="user.timezone" value="" />
    <property name="java.complile.option.debug" value="on" />
    <property name="sun.arch.data.model" value="64" />
    <property name="java.endorsed.dirs" value="C:\Program Files\Java\jdk1.8.0_131\jre\lib\endorsed" />
    <property name="sun.cpu.isalist" value="amd64" />
    <property name="sun.jnu.encoding" value="MS949" />
    <property name="file.encoding.pkg" value="sun.io" />
    <property name="file.separator" value="\" />
    <property name="dir.appinf" value="D:\gitsinnori\sinnori\core_build\APP-INF" />
    <property name="java.specification.name" value="Java Platform API Specification" />
    <property name="java.class.version" value="52.0" />
    <property name="dir.testlib" value="D:\gitsinnori\sinnori\core_build\lib\test" />
    <property name="user.country" value="KR" />
    <property name="java.home" value="C:\Program Files\Java\jdk1.8.0_131\jre" />
    <property name="ant.file.sinnori_core_build" value="D:\gitsinnori\sinnori\core_build\build.xml" />
    <property name="java.vm.info" value="mixed mode" />
    <property name="ant.file" value="D:\gitsinnori\sinnori\core_build\build.xml" />
    <property name="os.version" value="10.0" />
    <property name="path.separator" value=";" />
    <property name="java.vm.version" value="25.131-b11" />
    <property name="user.variant" value="" />
    <property name="ant.library.dir" value="D:\apache-ant-1.10.0\lib" />
    <property name="java.awt.printerjob" value="sun.awt.windows.WPrinterJob" />
    <property name="sun.io.unicode.encoding" value="UnicodeLittle" />
    <property name="awt.toolkit" value="sun.awt.windows.WToolkit" />
    <property name="sun.stdout.encoding" value="ms949" />
    <property name="user.script" value="" />
    <property name="user.home" value="C:\Users\user" />
    <property name="java.specification.vendor" value="Oracle Corporation" />
    <property name="java.library.path" value="C:\Program Files\Java\jdk1.8.0_131\jre\bin;C:\WINDOWS\Sun\Java\bin;C:\WINDOWS\system32;C:\WINDOWS;C:\ProgramData\Oracle\Java\javapath;C:\Windows\system32;C:\Windows;C:\Windows\System32\Wbem;C:\Windows\System32\WindowsPowerShell\v1.0\;C:\Program Files (x86)\NVIDIA Corporation\PhysX\Common;C:\Program Files\Java\jdk1.8.0_131\bin;C:\Program Files\Git\cmd;D:\apache-ant-1.10.0\bin;C:\WINDOWS\system32;C:\WINDOWS;C:\WINDOWS\System32\Wbem;C:\WINDOWS\System32\WindowsPowerShell\v1.0\;D:\gradle-4.5\bin;C:\Users\user\AppData\Local\Microsoft\WindowsApps;;." />
    <property name="java.vendor.url" value="http://java.oracle.com/" />
    <property name="ant.file.type.sinnori_core_build" value="file" />
    <property name="java.vm.vendor" value="Oracle Corporation" />
    <property name="dir.src" value="D:\gitsinnori\sinnori\core_build\src\main\java" />
    <property name="java.runtime.name" value="Java(TM) SE Runtime Environment" />
    <property name="sun.java.command" value="org.apache.tools.ant.taskdefs.optional.junit.JUnitTestRunner kr.pe.sinnori.common.buildsystem.ProjectBuilderTest skipNonTests=false filtertrace=true haltOnError=true haltOnFailure=true formatter=org.apache.tools.ant.taskdefs.optional.junit.SummaryJUnitResultFormatter showoutput=true outputtoformatters=true logfailedtests=true threadid=0 logtestlistenerevents=false formatter=org.apache.tools.ant.taskdefs.optional.junit.XMLJUnitResultFormatter,D:\gitsinnori\sinnori\core_build\report\TEST-kr.pe.sinnori.common.buildsystem.ProjectBuilderTest.xml crashfile=D:\gitsinnori\sinnori\core_build\junitvmwatcher1005967208845292565.properties propsfile=D:\gitsinnori\sinnori\core_build\junit2560445893454751144.properties" />
    <property name="java.class.path" value="D:\gitsinnori\sinnori\core_build\dist\sinnori-core.jar;D:\gitsinnori\sinnori\core_build\lib\main\ex\commons-codec-1.9.jar;D:\gitsinnori\sinnori\core_build\lib\main\ex\commons-collections4-4.1.jar;D:\gitsinnori\sinnori\core_build\lib\main\ex\commons-dbcp2-2.0.1.jar;D:\gitsinnori\sinnori\core_build\lib\main\ex\commons-io-2.5.jar;D:\gitsinnori\sinnori\core_build\lib\main\ex\commons-pool2-2.2.jar;D:\gitsinnori\sinnori\core_build\lib\main\ex\jcl-over-slf4j-1.7.7.jar;D:\gitsinnori\sinnori\core_build\lib\main\ex\json-simple-1.1.1.jar;D:\gitsinnori\sinnori\core_build\lib\main\ex\logback-classic-1.1.2.jar;D:\gitsinnori\sinnori\core_build\lib\main\ex\logback-core-1.1.2.jar;D:\gitsinnori\sinnori\core_build\lib\main\ex\mybatis-3.3.0-SNAPSHOT.jar;D:\gitsinnori\sinnori\core_build\lib\main\ex\mysql-connector-java-5.1.37-bin.jar;D:\gitsinnori\sinnori\core_build\lib\main\ex\slf4j-api-1.7.7.jar;D:\gitsinnori\sinnori\core_build\lib\test\byte-buddy-1.7.9.jar;D:\gitsinnori\sinnori\core_build\lib\test\byte-buddy-agent-1.7.9.jar;D:\gitsinnori\sinnori\core_build\lib\test\commons-exec-1.3.jar;D:\gitsinnori\sinnori\core_build\lib\test\hamcrest-core-1.3.jar;D:\gitsinnori\sinnori\core_build\lib\test\junit-4.12.jar;D:\gitsinnori\sinnori\core_build\lib\test\mockito-core-2.13.4.jar;D:\gitsinnori\sinnori\core_build\lib\test\objenesis-2.6.jar;D:\gitsinnori\sinnori\core_build\build\test;D:\apache-ant-1.10.0\lib\ant-launcher.jar;D:\apache-ant-1.10.0\lib\ant.jar;D:\apache-ant-1.10.0\lib\ant-junit.jar;D:\apache-ant-1.10.0\lib\ant-junit4.jar" />
    <property name="ant.version" value="Apache Ant(TM) version 1.10.0 compiled on December 27 2016" />
    <property name="dir.testsrc" value="D:\gitsinnori\sinnori\core_build\src\test\java" />
    <property name="java.vm.specification.name" value="Java Virtual Machine Specification" />
    <property name="ant.file.type" value="file" />
    <property name="java.vm.specification.version" value="1.8" />
    <property name="sun.cpu.endian" value="little" />
    <property name="sun.os.patch.level" value="" />
    <property name="dir.mainlib" value="D:\gitsinnori\sinnori\core_build\lib\main" />
    <property name="java.io.tmpdir" value="C:\Users\user\AppData\Local\Temp\" />
    <property name="java.vendor.url.bug" value="http://bugreport.sun.com/bugreport/" />
    <property name="os.arch" value="amd64" />
    <property name="java.awt.graphicsenv" value="sun.awt.Win32GraphicsEnvironment" />
    <property name="java.ext.dirs" value="C:\Program Files\Java\jdk1.8.0_131\jre\lib\ext;C:\WINDOWS\Sun\Java\lib\ext" />
    <property name="user.dir" value="D:\gitsinnori\sinnori\core_build" />
    <property name="line.separator" value="&#xd;&#xa;" />
    <property name="java.vm.name" value="Java HotSpot(TM) 64-Bit Server VM" />
    <property name="basedir" value="D:\gitsinnori\sinnori\core_build" />
    <property name="ant.java.version" value="1.8" />
    <property name="ant.core.lib" value="D:\apache-ant-1.10.0\lib\ant.jar" />
    <property name="dir.guilib" value="D:\gitsinnori\sinnori\core_build\guilib" />
    <property name="file.encoding" value="MS949" />
    <property name="sun.stderr.encoding" value="ms949" />
    <property name="java.specification.version" value="1.8" />
    <property name="ant.project.invoked-targets" value="test" />
  </properties>
  <testcase classname="kr.pe.sinnori.common.buildsystem.ProjectBuilderTest" name="testCreateProject_onlyWebClientBuild" time="0.563" />
  <testcase classname="kr.pe.sinnori.common.buildsystem.ProjectBuilderTest" name="testChangeProjectState" time="16.044" />
  <testcase classname="kr.pe.sinnori.common.buildsystem.ProjectBuilderTest" name="testConstructor_badSinnoriInstalledPath_notExist" time="0.0" />
  <testcase classname="kr.pe.sinnori.common.buildsystem.ProjectBuilderTest" name="testGetMainProjectBuildSystemState" time="3.67" />
  <testcase classname="kr.pe.sinnori.common.buildsystem.ProjectBuilderTest" name="testConstructor_badProjectName_notDirectory" time="0.0" />
  <testcase classname="kr.pe.sinnori.common.buildsystem.ProjectBuilderTest" name="testConstructor_badSinnoriInstalledPath_notDirecotry" time="0.0" />
  <testcase classname="kr.pe.sinnori.common.buildsystem.ProjectBuilderTest" name="testCreateProject_onlyAppClientBuild" time="0.2" />
  <testcase classname="kr.pe.sinnori.common.buildsystem.ProjectBuilderTest" name="test" time="0.116" />
  <testcase classname="kr.pe.sinnori.common.buildsystem.ProjectBuilderTest" name="testIsValidSeverAntBuildXMLFile" time="0.363" />
  <testcase classname="kr.pe.sinnori.common.buildsystem.ProjectBuilderTest" name="testWhetherOnlyProjectPathExists_projectPathNotExsitCase" time="0.0" />
  <testcase classname="kr.pe.sinnori.common.buildsystem.ProjectBuilderTest" name="testCreateProject_AllTypeBuild" time="16.71" />
  <testcase classname="kr.pe.sinnori.common.buildsystem.ProjectBuilderTest" name="testConstructor_badProjectBasePath_notDirectory" time="0.0" />
  <testcase classname="kr.pe.sinnori.common.buildsystem.ProjectBuilderTest" name="testApplySinnoriInstalledPath" time="0.849" />
  <testcase classname="kr.pe.sinnori.common.buildsystem.ProjectBuilderTest" name="testWhetherOnlyProjectPathExists_projectPathExsitCase" time="0.0" />
  <testcase classname="kr.pe.sinnori.common.buildsystem.ProjectBuilderTest" name="testConstructor_badProjectBasePath_notExist" time="0.0" />
  <testcase classname="kr.pe.sinnori.common.buildsystem.ProjectBuilderTest" name="testCreateProject_onlyServerBuild" time="0.298" />
  <system-out><![CDATA[08:24:46.206 [main] INFO  k.p.s.c.buildsystem.ProjectBuilder - main project[sample_test]'s child direcotry creation task start
08:24:46.206 [main] INFO  k.p.s.c.buildsystem.ProjectBuilder - main project[sample_test]'s common child direcotry creation task start
08:24:46.206 [main] INFO  k.p.s.common.util.CommonStaticUtil - the new child relative direcotry[D:\gitsinnori\sinnori\project\sample_test][config] was created successfully
08:24:46.206 [main] INFO  k.p.s.common.util.CommonStaticUtil - the new child relative direcotry[D:\gitsinnori\sinnori\project\sample_test][resources/dbcp] was created successfully
08:24:46.206 [main] INFO  k.p.s.common.util.CommonStaticUtil - the new child relative direcotry[D:\gitsinnori\sinnori\project\sample_test][resources/message_info] was created successfully
08:24:46.206 [main] INFO  k.p.s.common.util.CommonStaticUtil - the new child relative direcotry[D:\gitsinnori\sinnori\project\sample_test][resources/rsa_keypair] was created successfully
08:24:46.206 [main] INFO  k.p.s.common.util.CommonStaticUtil - the new child relative direcotry[D:\gitsinnori\sinnori\project\sample_test][log/apache] was created successfully
08:24:46.206 [main] INFO  k.p.s.common.util.CommonStaticUtil - the new child relative direcotry[D:\gitsinnori\sinnori\project\sample_test][log/client] was created successfully
08:24:46.206 [main] INFO  k.p.s.common.util.CommonStaticUtil - the new child relative direcotry[D:\gitsinnori\sinnori\project\sample_test][log/server] was created successfully
08:24:46.222 [main] INFO  k.p.s.common.util.CommonStaticUtil - the new child relative direcotry[D:\gitsinnori\sinnori\project\sample_test][log/servlet] was created successfully
08:24:46.222 [main] INFO  k.p.s.c.buildsystem.ProjectBuilder - main project[sample_test]'s common child direcotry creation task end
08:24:46.222 [main] INFO  k.p.s.c.buildsystem.ProjectBuilder - main project[sample_test]'s web build child direcotry creation task start
08:24:46.222 [main] INFO  k.p.s.common.util.CommonStaticUtil - the new child relative direcotry[D:\gitsinnori\sinnori\project\sample_test][client_build/web_build/corelib/ex] was created successfully
08:24:46.222 [main] INFO  k.p.s.common.util.CommonStaticUtil - the new child relative direcotry[D:\gitsinnori\sinnori\project\sample_test][client_build/web_build/corelib/in] was created successfully
08:24:46.222 [main] INFO  k.p.s.common.util.CommonStaticUtil - the new child relative direcotry[D:\gitsinnori\sinnori\project\sample_test][client_build/web_build/lib/main/ex] was created successfully
08:24:46.222 [main] INFO  k.p.s.common.util.CommonStaticUtil - the new child relative direcotry[D:\gitsinnori\sinnori\project\sample_test][client_build/web_build/lib/main/in] was created successfully
08:24:46.222 [main] INFO  k.p.s.common.util.CommonStaticUtil - the new child relative direcotry[D:\gitsinnori\sinnori\project\sample_test][client_build/web_build/lib/test] was created successfully
08:24:46.222 [main] INFO  k.p.s.common.util.CommonStaticUtil - the new child relative direcotry[D:\gitsinnori\sinnori\project\sample_test][client_build/web_build/src/main/java/kr/pe/sinnori/impl/message] was created successfully
08:24:46.222 [main] INFO  k.p.s.common.util.CommonStaticUtil - the new child relative direcotry[D:\gitsinnori\sinnori\project\sample_test][client_build/web_build/src/main/java//kr/pe/sinnori/servlet] was created successfully
08:24:46.222 [main] INFO  k.p.s.common.util.CommonStaticUtil - the new child relative direcotry[D:\gitsinnori\sinnori\project\sample_test][client_build/web_build/src/main/java/kr/pe/sinnori/weblib/common] was created successfully
08:24:46.222 [main] INFO  k.p.s.common.util.CommonStaticUtil - the new child relative direcotry[D:\gitsinnori\sinnori\project\sample_test][client_build/web_build/src/main/java/kr/pe/sinnori/weblib/htmlstring] was created successfully
08:24:46.222 [main] INFO  k.p.s.common.util.CommonStaticUtil - the new child relative direcotry[D:\gitsinnori\sinnori\project\sample_test][client_build/web_build/src/main/java/kr/pe/sinnori/weblib/jdf] was created successfully
08:24:46.290 [main] INFO  k.p.s.common.util.CommonStaticUtil - the new child relative direcotry[D:\gitsinnori\sinnori\project\sample_test][client_build/web_build/src/test/java] was created successfully
08:24:46.290 [main] INFO  k.p.s.common.util.CommonStaticUtil - the new child relative direcotry[D:\gitsinnori\sinnori\project\sample_test][client_build/web_build/build] was created successfully
08:24:46.290 [main] INFO  k.p.s.common.util.CommonStaticUtil - the new child relative direcotry[D:\gitsinnori\sinnori\project\sample_test][client_build/web_build/dist] was created successfully
08:24:46.290 [main] INFO  k.p.s.c.buildsystem.ProjectBuilder - main project[sample_test]'s web build child direcotry creation task end
08:24:46.290 [main] INFO  k.p.s.c.buildsystem.ProjectBuilder - main project[sample_test]'s web root child direcotry creation task start
08:24:46.290 [main] INFO  k.p.s.common.util.CommonStaticUtil - the new child relative direcotry[D:\gitsinnori\sinnori\project\sample_test][web_app_base/upload] was created successfully
08:24:46.290 [main] INFO  k.p.s.common.util.CommonStaticUtil - the new child relative direcotry[D:\gitsinnori\sinnori\project\sample_test][web_app_base/ROOT/WEB-INF/classes] was created successfully
08:24:46.290 [main] INFO  k.p.s.common.util.CommonStaticUtil - the new child relative direcotry[D:\gitsinnori\sinnori\project\sample_test][web_app_base/ROOT/WEB-INF/lib] was created successfully
08:24:46.290 [main] INFO  k.p.s.c.buildsystem.ProjectBuilder - main project[sample_test]'s web root child direcotry creation task end
08:24:46.290 [main] INFO  k.p.s.c.buildsystem.ProjectBuilder - main project[sample_test]'s child direcotry creation task end
08:24:46.290 [main] INFO  k.p.s.c.buildsystem.ProjectBuilder - main project[sample_test]'s file creation task start
08:24:46.290 [main] INFO  k.p.s.c.buildsystem.ProjectBuilder - main project[sample_test]'s config file creation task start
08:24:46.337 [main] INFO  k.p.s.c.util.SequencedPropertiesUtil - the sequenced properties file[D:\gitsinnori\sinnori\project\sample_test\config\sinnori.properties] was created
08:24:46.343 [main] INFO  k.p.s.c.buildsystem.ProjectBuilder - main project[sample_test]'s config file creation task end
08:24:46.343 [main] INFO  k.p.s.c.buildsystem.ProjectBuilder - the mainproject[sample_test]'s resources directory copy task start
08:24:46.359 [main] INFO  k.p.s.c.buildsystem.ProjectBuilder - the mainproject[sample_test]'s resources directory copy task end
08:24:46.359 [main] INFO  k.p.s.c.buildsystem.ProjectBuilder - main project[sample_test]'s web client build system files creation task start
08:24:46.359 [main] INFO  k.p.s.c.buildsystem.ProjectBuilder - main project[sample_test]'s web client ant build.xml file creation task start
08:24:46.359 [main] INFO  k.p.s.c.buildsystem.ProjectBuilder - main project[sample_test]'s web client ant build.xml file creation task end
08:24:46.359 [main] INFO  k.p.s.c.buildsystem.ProjectBuilder - main project[sample_test]'s web client ant properties file creation task start
08:24:46.359 [main] INFO  k.p.s.c.util.SequencedPropertiesUtil - the sequenced properties file[D:\gitsinnori\sinnori\project\sample_test\client_build\web_build\webAnt.properties] was created
08:24:46.375 [main] INFO  k.p.s.c.buildsystem.ProjectBuilder - main project[sample_test]'s web client ant properties file creation task end
08:24:46.375 [main] INFO  k.p.s.c.buildsystem.ProjectBuilder - main project[sample_test]'s web client message io file set creation task start
08:24:46.375 [main] INFO  k.p.s.common.util.CommonStaticUtil - the new child relative direcotry[D:\gitsinnori\sinnori\project\sample_test\client_build\web_build\src\main\java\kr\pe\sinnori\impl\message][Echo] was created successfully
08:24:46.375 [main] INFO  k.p.s.c.buildsystem.ProjectBuilder - main project[sample_test]'s message file[Echo][D:\gitsinnori\sinnori\project\sample_test\client_build\web_build\src\main\java\kr\pe\sinnori\impl\message] creation task start
08:24:46.459 [main] INFO  k.p.s.c.m.b.i.SingleItemTypeManger - the sinnori message information .xsl temporary file[C:\Users\user\AppData\Local\Temp\SinnoriMsgXSL7889916817330536584.tmp] was created successfully
08:24:46.506 [main] INFO  k.p.s.c.buildsystem.ProjectBuilder - main project[sample_test]'s message file[Echo][D:\gitsinnori\sinnori\project\sample_test\client_build\web_build\src\main\java\kr\pe\sinnori\impl\message] creation task end
08:24:46.506 [main] INFO  k.p.s.c.buildsystem.ProjectBuilder - main project[sample_test]'s message decoder file[Echo][D:\gitsinnori\sinnori\project\sample_test\client_build\web_build\src\main\java\kr\pe\sinnori\impl\message] creation task start
08:24:46.522 [main] INFO  k.p.s.c.buildsystem.ProjectBuilder - main project[sample_test]'s message decoder file[Echo][D:\gitsinnori\sinnori\project\sample_test\client_build\web_build\src\main\java\kr\pe\sinnori\impl\message] creation task end
08:24:46.522 [main] INFO  k.p.s.c.buildsystem.ProjectBuilder - main project[sample_test]'s message encoder file[Echo][D:\gitsinnori\sinnori\project\sample_test\client_build\web_build\src\main\java\kr\pe\sinnori\impl\message] creation task start
08:24:46.522 [main] INFO  k.p.s.c.buildsystem.ProjectBuilder - main project[sample_test]'s message encoder file[Echo][D:\gitsinnori\sinnori\project\sample_test\client_build\web_build\src\main\java\kr\pe\sinnori\impl\message] creation task end
08:24:46.522 [main] INFO  k.p.s.c.buildsystem.ProjectBuilder - main project[sample_test]'s message server codec file[Echo][D:\gitsinnori\sinnori\project\sample_test\client_build\web_build\src\main\java\kr\pe\sinnori\impl\message] creation task start
08:24:46.522 [main] INFO  k.p.s.c.buildsystem.ProjectBuilder - main project[sample_test]'s message server codec file[Echo][D:\gitsinnori\sinnori\project\sample_test\client_build\web_build\src\main\java\kr\pe\sinnori\impl\message] creation task end
08:24:46.522 [main] INFO  k.p.s.c.buildsystem.ProjectBuilder - main project[sample_test]'s message client codec file[Echo][D:\gitsinnori\sinnori\project\sample_test\client_build\web_build\src\main\java\kr\pe\sinnori\impl\message] creation task start
08:24:46.522 [main] INFO  k.p.s.c.buildsystem.ProjectBuilder - main project[sample_test]'s message client codec file[Echo][D:\gitsinnori\sinnori\project\sample_test\client_build\web_build\src\main\java\kr\pe\sinnori\impl\message] creation task end
08:24:46.522 [main] INFO  k.p.s.common.util.CommonStaticUtil - the new child relative direcotry[D:\gitsinnori\sinnori\project\sample_test\client_build\web_build\src\main\java\kr\pe\sinnori\impl\message][PublicKeyReq] was created successfully
08:24:46.522 [main] INFO  k.p.s.c.buildsystem.ProjectBuilder - main project[sample_test]'s message file[PublicKeyReq][D:\gitsinnori\sinnori\project\sample_test\client_build\web_build\src\main\java\kr\pe\sinnori\impl\message] creation task start
08:24:46.544 [main] INFO  k.p.s.c.buildsystem.ProjectBuilder - main project[sample_test]'s message file[PublicKeyReq][D:\gitsinnori\sinnori\project\sample_test\client_build\web_build\src\main\java\kr\pe\sinnori\impl\message] creation task end
08:24:46.544 [main] INFO  k.p.s.c.buildsystem.ProjectBuilder - main project[sample_test]'s message decoder file[PublicKeyReq][D:\gitsinnori\sinnori\project\sample_test\client_build\web_build\src\main\java\kr\pe\sinnori\impl\message] creation task start
08:24:46.544 [main] INFO  k.p.s.c.buildsystem.ProjectBuilder - main project[sample_test]'s message decoder file[PublicKeyReq][D:\gitsinnori\sinnori\project\sample_test\client_build\web_build\src\main\java\kr\pe\sinnori\impl\message] creation task end
08:24:46.544 [main] INFO  k.p.s.c.buildsystem.ProjectBuilder - main project[sample_test]'s message encoder file[PublicKeyReq][D:\gitsinnori\sinnori\project\sample_test\client_build\web_build\src\main\java\kr\pe\sinnori\impl\message] creation task start
08:24:46.544 [main] INFO  k.p.s.c.buildsystem.ProjectBuilder - main project[sample_test]'s message encoder file[PublicKeyReq][D:\gitsinnori\sinnori\project\sample_test\client_build\web_build\src\main\java\kr\pe\sinnori\impl\message] creation task end
08:24:46.544 [main] INFO  k.p.s.c.buildsystem.ProjectBuilder - main project[sample_test]'s message server codec file[PublicKeyReq][D:\gitsinnori\sinnori\project\sample_test\client_build\web_build\src\main\java\kr\pe\sinnori\impl\message] creation task start
08:24:46.559 [main] INFO  k.p.s.c.buildsystem.ProjectBuilder - main project[sample_test]'s message server codec file[PublicKeyReq][D:\gitsinnori\sinnori\project\sample_test\client_build\web_build\src\main\java\kr\pe\sinnori\impl\message] creation task end
08:24:46.559 [main] INFO  k.p.s.c.buildsystem.ProjectBuilder - main project[sample_test]'s message client codec file[PublicKeyReq][D:\gitsinnori\sinnori\project\sample_test\client_build\web_build\src\main\java\kr\pe\sinnori\impl\message] creation task start
08:24:46.559 [main] INFO  k.p.s.c.buildsystem.ProjectBuilder - main project[sample_test]'s message client codec file[PublicKeyReq][D:\gitsinnori\sinnori\project\sample_test\client_build\web_build\src\main\java\kr\pe\sinnori\impl\message] creation task end
08:24:46.559 [main] INFO  k.p.s.common.util.CommonStaticUtil - the new child relative direcotry[D:\gitsinnori\sinnori\project\sample_test\client_build\web_build\src\main\java\kr\pe\sinnori\impl\message][PublicKeyRes] was created successfully
08:24:46.622 [main] INFO  k.p.s.c.buildsystem.ProjectBuilder - main project[sample_test]'s message file[PublicKeyRes][D:\gitsinnori\sinnori\project\sample_test\client_build\web_build\src\main\java\kr\pe\sinnori\impl\message] creation task start
08:24:46.643 [main] INFO  k.p.s.c.buildsystem.ProjectBuilder - main project[sample_test]'s message file[PublicKeyRes][D:\gitsinnori\sinnori\project\sample_test\client_build\web_build\src\main\java\kr\pe\sinnori\impl\message] creation task end
08:24:46.643 [main] INFO  k.p.s.c.buildsystem.ProjectBuilder - main project[sample_test]'s message decoder file[PublicKeyRes][D:\gitsinnori\sinnori\project\sample_test\client_build\web_build\src\main\java\kr\pe\sinnori\impl\message] creation task start
08:24:46.660 [main] INFO  k.p.s.c.buildsystem.ProjectBuilder - main project[sample_test]'s message decoder file[PublicKeyRes][D:\gitsinnori\sinnori\project\sample_test\client_build\web_build\src\main\java\kr\pe\sinnori\impl\message] creation task end
08:24:46.660 [main] INFO  k.p.s.c.buildsystem.ProjectBuilder - main project[sample_test]'s message encoder file[PublicKeyRes][D:\gitsinnori\sinnori\project\sample_test\client_build\web_build\src\main\java\kr\pe\sinnori\impl\message] creation task start
08:24:46.660 [main] INFO  k.p.s.c.buildsystem.ProjectBuilder - main project[sample_test]'s message encoder file[PublicKeyRes][D:\gitsinnori\sinnori\project\sample_test\client_build\web_build\src\main\java\kr\pe\sinnori\impl\message] creation task end
08:24:46.660 [main] INFO  k.p.s.c.buildsystem.ProjectBuilder - main project[sample_test]'s message server codec file[PublicKeyRes][D:\gitsinnori\sinnori\project\sample_test\client_build\web_build\src\main\java\kr\pe\sinnori\impl\message] creation task start
08:24:46.660 [main] INFO  k.p.s.c.buildsystem.ProjectBuilder - main project[sample_test]'s message server codec file[PublicKeyRes][D:\gitsinnori\sinnori\project\sample_test\client_build\web_build\src\main\java\kr\pe\sinnori\impl\message] creation task end
08:24:46.660 [main] INFO  k.p.s.c.buildsystem.ProjectBuilder - main project[sample_test]'s message client codec file[PublicKeyRes][D:\gitsinnori\sinnori\project\sample_test\client_build\web_build\src\main\java\kr\pe\sinnori\impl\message] creation task start
08:24:46.675 [main] INFO  k.p.s.c.buildsystem.ProjectBuilder - main project[sample_test]'s message client codec file[PublicKeyRes][D:\gitsinnori\sinnori\project\sample_test\client_build\web_build\src\main\java\kr\pe\sinnori\impl\message] creation task end
08:24:46.675 [main] INFO  k.p.s.c.buildsystem.ProjectBuilder - main project[sample_test]'s web client message io file set creation task end
08:24:46.675 [main] INFO  k.p.s.c.buildsystem.ProjectBuilder - mainproject[sample_test]'s web client sample source files copy task start
08:24:46.722 [main] INFO  k.p.s.c.buildsystem.ProjectBuilder - mainproject[sample_test]'s web client sample source files copy task end
08:24:46.722 [main] INFO  k.p.s.c.buildsystem.ProjectBuilder - main project[sample_test]'s web client build system files creation task end
08:24:46.722 [main] INFO  k.p.s.c.buildsystem.ProjectBuilder - main project[sample_test]'s web root sample files creation task start
08:24:46.722 [main] INFO  k.p.s.c.buildsystem.ProjectBuilder - main project[sample_test]'s web root sample files copy task start
08:24:46.722 [main] INFO  k.p.s.c.buildsystem.ProjectBuilder - main project[sample_test]'s web root sample files copy task end
08:24:46.722 [main] INFO  k.p.s.c.buildsystem.ProjectBuilder - main project[sample_test]'s web root sample files creation task end
08:24:46.722 [main] INFO  k.p.s.c.buildsystem.ProjectBuilder - main project[sample_test]'s file creation task end
08:24:46.744 [main] INFO  k.p.s.c.buildsystem.ProjectBuilder - main project[sample_test]'s child direcotry creation task start
08:24:46.744 [main] INFO  k.p.s.c.buildsystem.ProjectBuilder - main project[sample_test]'s common child direcotry creation task start
08:24:46.760 [main] INFO  k.p.s.common.util.CommonStaticUtil - the new child relative direcotry[D:\gitsinnori\sinnori\project\sample_test][config] was created successfully
08:24:46.760 [main] INFO  k.p.s.common.util.CommonStaticUtil - the new child relative direcotry[D:\gitsinnori\sinnori\project\sample_test][resources/dbcp] was created successfully
08:24:46.760 [main] INFO  k.p.s.common.util.CommonStaticUtil - the new child relative direcotry[D:\gitsinnori\sinnori\project\sample_test][resources/message_info] was created successfully
08:24:46.760 [main] INFO  k.p.s.common.util.CommonStaticUtil - the new child relative direcotry[D:\gitsinnori\sinnori\project\sample_test][resources/rsa_keypair] was created successfully
08:24:46.760 [main] INFO  k.p.s.common.util.CommonStaticUtil - the new child relative direcotry[D:\gitsinnori\sinnori\project\sample_test][log/apache] was created successfully
08:24:46.760 [main] INFO  k.p.s.common.util.CommonStaticUtil - the new child relative direcotry[D:\gitsinnori\sinnori\project\sample_test][log/client] was created successfully
08:24:46.760 [main] INFO  k.p.s.common.util.CommonStaticUtil - the new child relative direcotry[D:\gitsinnori\sinnori\project\sample_test][log/server] was created successfully
08:24:46.760 [main] INFO  k.p.s.common.util.CommonStaticUtil - the new child relative direcotry[D:\gitsinnori\sinnori\project\sample_test][log/servlet] was created successfully
08:24:46.760 [main] INFO  k.p.s.c.buildsystem.ProjectBuilder - main project[sample_test]'s common child direcotry creation task end
08:24:46.760 [main] INFO  k.p.s.c.buildsystem.ProjectBuilder - main project[sample_test]'s server child direcotry creation task start
08:24:46.760 [main] INFO  k.p.s.common.util.CommonStaticUtil - the new child relative direcotry[D:\gitsinnori\sinnori\project\sample_test][server_build/APP-INF/classes] was created successfully
08:24:46.760 [main] INFO  k.p.s.common.util.CommonStaticUtil - the new child relative direcotry[D:\gitsinnori\sinnori\project\sample_test][server_build/corelib/ex] was created successfully
08:24:46.760 [main] INFO  k.p.s.common.util.CommonStaticUtil - the new child relative direcotry[D:\gitsinnori\sinnori\project\sample_test][server_build/corelib/in] was created successfully
08:24:46.760 [main] INFO  k.p.s.common.util.CommonStaticUtil - the new child relative direcotry[D:\gitsinnori\sinnori\project\sample_test][server_build/lib/main/ex] was created successfully
08:24:46.760 [main] INFO  k.p.s.common.util.CommonStaticUtil - the new child relative direcotry[D:\gitsinnori\sinnori\project\sample_test][server_build/lib/main/in] was created successfully
08:24:46.760 [main] INFO  k.p.s.common.util.CommonStaticUtil - the new child relative direcotry[D:\gitsinnori\sinnori\project\sample_test][server_build/lib/test] was created successfully
08:24:46.760 [main] INFO  k.p.s.common.util.CommonStaticUtil - the new child relative direcotry[D:\gitsinnori\sinnori\project\sample_test][server_build/src/main/java/kr/pe/sinnori/impl/servertask] was created successfully
08:24:46.760 [main] INFO  k.p.s.common.util.CommonStaticUtil - the new child relative direcotry[D:\gitsinnori\sinnori\project\sample_test][server_build/src/main/java/kr/pe/sinnori/impl/message] was created successfully
08:24:46.760 [main] INFO  k.p.s.common.util.CommonStaticUtil - the new child relative direcotry[D:\gitsinnori\sinnori\project\sample_test][server_build/src/main/java/main] was created successfully
08:24:46.760 [main] INFO  k.p.s.common.util.CommonStaticUtil - the new child relative direcotry[D:\gitsinnori\sinnori\project\sample_test][server_build/src/test/java] was created successfully
08:24:46.760 [main] INFO  k.p.s.common.util.CommonStaticUtil - the new child relative direcotry[D:\gitsinnori\sinnori\project\sample_test][server_build/build] was created successfully
08:24:46.760 [main] INFO  k.p.s.common.util.CommonStaticUtil - the new child relative direcotry[D:\gitsinnori\sinnori\project\sample_test][server_build/dist] was created successfully
08:24:46.760 [main] INFO  k.p.s.c.buildsystem.ProjectBuilder - main project[sample_test]'s server child direcotry creation task end
08:24:46.760 [main] INFO  k.p.s.c.buildsystem.ProjectBuilder - main project[sample_test]'s application build child direcotry creation task start
08:24:46.760 [main] INFO  k.p.s.common.util.CommonStaticUtil - the new child relative direcotry[D:\gitsinnori\sinnori\project\sample_test][client_build/app_build/corelib/ex] was created successfully
08:24:46.760 [main] INFO  k.p.s.common.util.CommonStaticUtil - the new child relative direcotry[D:\gitsinnori\sinnori\project\sample_test][client_build/app_build/corelib/in] was created successfully
08:24:46.760 [main] INFO  k.p.s.common.util.CommonStaticUtil - the new child relative direcotry[D:\gitsinnori\sinnori\project\sample_test][client_build/app_build/lib/main/ex] was created successfully
08:24:46.760 [main] INFO  k.p.s.common.util.CommonStaticUtil - the new child relative direcotry[D:\gitsinnori\sinnori\project\sample_test][client_build/app_build/lib/main/in] was created successfully
08:24:46.760 [main] INFO  k.p.s.common.util.CommonStaticUtil - the new child relative direcotry[D:\gitsinnori\sinnori\project\sample_test][client_build/app_build/lib/test] was created successfully
08:24:46.775 [main] INFO  k.p.s.common.util.CommonStaticUtil - the new child relative direcotry[D:\gitsinnori\sinnori\project\sample_test][client_build/app_build/src/main/java/kr/pe/sinnori/impl/message] was created successfully
08:24:46.775 [main] INFO  k.p.s.common.util.CommonStaticUtil - the new child relative direcotry[D:\gitsinnori\sinnori\project\sample_test][client_build/app_build/src/main/java/main] was created successfully
08:24:46.775 [main] INFO  k.p.s.common.util.CommonStaticUtil - the new child relative direcotry[D:\gitsinnori\sinnori\project\sample_test][client_build/app_build/src/test/java] was created successfully
08:24:46.775 [main] INFO  k.p.s.common.util.CommonStaticUtil - the new child relative direcotry[D:\gitsinnori\sinnori\project\sample_test][client_build/app_build/build] was created successfully
08:24:46.775 [main] INFO  k.p.s.common.util.CommonStaticUtil - the new child relative direcotry[D:\gitsinnori\sinnori\project\sample_test][client_build/app_build/dist] was created successfully
08:24:46.775 [main] INFO  k.p.s.c.buildsystem.ProjectBuilder - main project[sample_test]'s application build child direcotry creation task end
08:24:46.775 [main] INFO  k.p.s.c.buildsystem.ProjectBuilder - main project[sample_test]'s web build child direcotry creation task start
08:24:46.775 [main] INFO  k.p.s.common.util.CommonStaticUtil - the new child relative direcotry[D:\gitsinnori\sinnori\project\sample_test][client_build/web_build/corelib/ex] was created successfully
08:24:46.775 [main] INFO  k.p.s.common.util.CommonStaticUtil - the new child relative direcotry[D:\gitsinnori\sinnori\project\sample_test][client_build/web_build/corelib/in] was created successfully
08:24:46.860 [main] INFO  k.p.s.common.util.CommonStaticUtil - the new child relative direcotry[D:\gitsinnori\sinnori\project\sample_test][client_build/web_build/lib/main/ex] was created successfully
08:24:46.860 [main] INFO  k.p.s.common.util.CommonStaticUtil - the new child relative direcotry[D:\gitsinnori\sinnori\project\sample_test][client_build/web_build/lib/main/in] was created successfully
08:24:46.860 [main] INFO  k.p.s.common.util.CommonStaticUtil - the new child relative direcotry[D:\gitsinnori\sinnori\project\sample_test][client_build/web_build/lib/test] was created successfully
08:24:46.860 [main] INFO  k.p.s.common.util.CommonStaticUtil - the new child relative direcotry[D:\gitsinnori\sinnori\project\sample_test][client_build/web_build/src/main/java/kr/pe/sinnori/impl/message] was created successfully
08:24:46.876 [main] INFO  k.p.s.common.util.CommonStaticUtil - the new child relative direcotry[D:\gitsinnori\sinnori\project\sample_test][client_build/web_build/src/main/java//kr/pe/sinnori/servlet] was created successfully
08:24:46.876 [main] INFO  k.p.s.common.util.CommonStaticUtil - the new child relative direcotry[D:\gitsinnori\sinnori\project\sample_test][client_build/web_build/src/main/java/kr/pe/sinnori/weblib/common] was created successfully
08:24:46.876 [main] INFO  k.p.s.common.util.CommonStaticUtil - the new child relative direcotry[D:\gitsinnori\sinnori\project\sample_test][client_build/web_build/src/main/java/kr/pe/sinnori/weblib/htmlstring] was created successfully
08:24:46.876 [main] INFO  k.p.s.common.util.CommonStaticUtil - the new child relative direcotry[D:\gitsinnori\sinnori\project\sample_test][client_build/web_build/src/main/java/kr/pe/sinnori/weblib/jdf] was created successfully
08:24:46.876 [main] INFO  k.p.s.common.util.CommonStaticUtil - the new child relative direcotry[D:\gitsinnori\sinnori\project\sample_test][client_build/web_build/src/test/java] was created successfully
08:24:46.876 [main] INFO  k.p.s.common.util.CommonStaticUtil - the new child relative direcotry[D:\gitsinnori\sinnori\project\sample_test][client_build/web_build/build] was created successfully
08:24:46.876 [main] INFO  k.p.s.common.util.CommonStaticUtil - the new child relative direcotry[D:\gitsinnori\sinnori\project\sample_test][client_build/web_build/dist] was created successfully
08:24:46.876 [main] INFO  k.p.s.c.buildsystem.ProjectBuilder - main project[sample_test]'s web build child direcotry creation task end
08:24:46.876 [main] INFO  k.p.s.c.buildsystem.ProjectBuilder - main project[sample_test]'s web root child direcotry creation task start
08:24:46.876 [main] INFO  k.p.s.common.util.CommonStaticUtil - the new child relative direcotry[D:\gitsinnori\sinnori\project\sample_test][web_app_base/upload] was created successfully
08:24:46.876 [main] INFO  k.p.s.common.util.CommonStaticUtil - the new child relative direcotry[D:\gitsinnori\sinnori\project\sample_test][web_app_base/ROOT/WEB-INF/classes] was created successfully
08:24:46.876 [main] INFO  k.p.s.common.util.CommonStaticUtil - the new child relative direcotry[D:\gitsinnori\sinnori\project\sample_test][web_app_base/ROOT/WEB-INF/lib] was created successfully
08:24:46.876 [main] INFO  k.p.s.c.buildsystem.ProjectBuilder - main project[sample_test]'s web root child direcotry creation task end
08:24:46.876 [main] INFO  k.p.s.c.buildsystem.ProjectBuilder - main project[sample_test]'s child direcotry creation task end
08:24:46.876 [main] INFO  k.p.s.c.buildsystem.ProjectBuilder - main project[sample_test]'s file creation task start
08:24:46.876 [main] INFO  k.p.s.c.buildsystem.ProjectBuilder - main project[sample_test]'s config file creation task start
08:24:46.876 [main] INFO  k.p.s.c.util.SequencedPropertiesUtil - the sequenced properties file[D:\gitsinnori\sinnori\project\sample_test\config\sinnori.properties] was created
08:24:46.891 [main] INFO  k.p.s.c.buildsystem.ProjectBuilder - main project[sample_test]'s config file creation task end
08:24:46.891 [main] INFO  k.p.s.c.buildsystem.ProjectBuilder - the mainproject[sample_test]'s resources directory copy task start
08:24:46.907 [main] INFO  k.p.s.c.buildsystem.ProjectBuilder - the mainproject[sample_test]'s resources directory copy task end
08:24:46.907 [main] INFO  k.p.s.c.buildsystem.ProjectBuilder - server build system files creation task start
08:24:46.907 [main] INFO  k.p.s.c.buildsystem.ProjectBuilder - main project[sample_test]'s server ant build.xml file creation task start
08:24:46.907 [main] INFO  k.p.s.c.buildsystem.ProjectBuilder - main project[sample_test]'s server ant build.xml file creation task end
08:24:46.907 [main] INFO  k.p.s.c.buildsystem.ProjectBuilder - main project[sample_test]'s server dos shell file creation task start
08:24:46.907 [main] INFO  k.p.s.c.buildsystem.ProjectBuilder - main project[sample_test]'s server dos shell file creation task end
08:24:46.907 [main] INFO  k.p.s.c.buildsystem.ProjectBuilder - main project[sample_test]'s server unix shell file creation task start
08:24:46.907 [main] INFO  k.p.s.c.buildsystem.ProjectBuilder - main project[sample_test]'s server unix shell file creation task end
08:24:46.907 [main] INFO  k.p.s.c.buildsystem.ProjectBuilder - server sample source files copy task start
08:24:46.923 [main] INFO  k.p.s.c.buildsystem.ProjectBuilder - server sample source files copy task end
08:24:46.923 [main] INFO  k.p.s.c.buildsystem.ProjectBuilder - main project[sample_test]'s server message io file set creation task start
08:24:46.923 [main] INFO  k.p.s.common.util.CommonStaticUtil - the new child relative direcotry[D:\gitsinnori\sinnori\project\sample_test\server_build\src\main\java\kr\pe\sinnori\impl\message][Echo] was created successfully
08:24:46.923 [main] INFO  k.p.s.c.buildsystem.ProjectBuilder - main project[sample_test]'s message file[Echo][D:\gitsinnori\sinnori\project\sample_test\server_build\src\main\java\kr\pe\sinnori\impl\message] creation task start
08:24:46.923 [main] INFO  k.p.s.c.buildsystem.ProjectBuilder - main project[sample_test]'s message file[Echo][D:\gitsinnori\sinnori\project\sample_test\server_build\src\main\java\kr\pe\sinnori\impl\message] creation task end
08:24:46.923 [main] INFO  k.p.s.c.buildsystem.ProjectBuilder - main project[sample_test]'s message decoder file[Echo][D:\gitsinnori\sinnori\project\sample_test\server_build\src\main\java\kr\pe\sinnori\impl\message] creation task start
08:24:46.923 [main] INFO  k.p.s.c.buildsystem.ProjectBuilder - main project[sample_test]'s message decoder file[Echo][D:\gitsinnori\sinnori\project\sample_test\server_build\src\main\java\kr\pe\sinnori\impl\message] creation task end
08:24:46.923 [main] INFO  k.p.s.c.buildsystem.ProjectBuilder - main project[sample_test]'s message encoder file[Echo][D:\gitsinnori\sinnori\project\sample_test\server_build\src\main\java\kr\pe\sinnori\impl\message] creation task start
08:24:46.942 [main] INFO  k.p.s.c.buildsystem.ProjectBuilder - main project[sample_test]'s message encoder file[Echo][D:\gitsinnori\sinnori\project\sample_test\server_build\src\main\java\kr\pe\sinnori\impl\message] creation task end
08:24:46.942 [main] INFO  k.p.s.c.buildsystem.ProjectBuilder - main project[sample_test]'s message server codec file[Echo][D:\gitsinnori\sinnori\project\sample_test\server_build\src\main\java\kr\pe\sinnori\impl\message] creation task start
08:24:46.943 [main] INFO  k.p.s.c.buildsystem.ProjectBuilder - main project[sample_test]'s message server codec file[Echo][D:\gitsinnori\sinnori\project\sample_test\server_build\src\main\java\kr\pe\sinnori\impl\message] creation task end
08:24:46.943 [main] INFO  k.p.s.c.buildsystem.ProjectBuilder - main project[sample_test]'s message client codec file[Echo][D:\gitsinnori\sinnori\project\sample_test\server_build\src\main\java\kr\pe\sinnori\impl\message] creation task start
08:24:46.944 [main] INFO  k.p.s.c.buildsystem.ProjectBuilder - main project[sample_test]'s message client codec file[Echo][D:\gitsinnori\sinnori\project\sample_test\server_build\src\main\java\kr\pe\sinnori\impl\message] creation task end
08:24:46.944 [main] INFO  k.p.s.common.util.CommonStaticUtil - the new child relative direcotry[D:\gitsinnori\sinnori\project\sample_test\server_build\src\main\java\kr\pe\sinnori\impl\message][PublicKeyReq] was created successfully
08:24:46.992 [main] INFO  k.p.s.c.buildsystem.ProjectBuilder - main project[sample_test]'s message file[PublicKeyReq][D:\gitsinnori\sinnori\project\sample_test\server_build\src\main\java\kr\pe\sinnori\impl\message] creation task start
08:24:46.992 [main] INFO  k.p.s.c.buildsystem.ProjectBuilder - main project[sample_test]'s message file[PublicKeyReq][D:\gitsinnori\sinnori\project\sample_test\server_build\src\main\java\kr\pe\sinnori\impl\message] creation task end
08:24:46.992 [main] INFO  k.p.s.c.buildsystem.ProjectBuilder - main project[sample_test]'s message decoder file[PublicKeyReq][D:\gitsinnori\sinnori\project\sample_test\server_build\src\main\java\kr\pe\sinnori\impl\message] creation task start
08:24:46.992 [main] INFO  k.p.s.c.buildsystem.ProjectBuilder - main project[sample_test]'s message decoder file[PublicKeyReq][D:\gitsinnori\sinnori\project\sample_test\server_build\src\main\java\kr\pe\sinnori\impl\message] creation task end
08:24:46.992 [main] INFO  k.p.s.c.buildsystem.ProjectBuilder - main project[sample_test]'s message encoder file[PublicKeyReq][D:\gitsinnori\sinnori\project\sample_test\server_build\src\main\java\kr\pe\sinnori\impl\message] creation task start
08:24:47.007 [main] INFO  k.p.s.c.buildsystem.ProjectBuilder - main project[sample_test]'s message encoder file[PublicKeyReq][D:\gitsinnori\sinnori\project\sample_test\server_build\src\main\java\kr\pe\sinnori\impl\message] creation task end
08:24:47.007 [main] INFO  k.p.s.c.buildsystem.ProjectBuilder - main project[sample_test]'s message server codec file[PublicKeyReq][D:\gitsinnori\sinnori\project\sample_test\server_build\src\main\java\kr\pe\sinnori\impl\message] creation task start
08:24:47.007 [main] INFO  k.p.s.c.buildsystem.ProjectBuilder - main project[sample_test]'s message server codec file[PublicKeyReq][D:\gitsinnori\sinnori\project\sample_test\server_build\src\main\java\kr\pe\sinnori\impl\message] creation task end
08:24:47.007 [main] INFO  k.p.s.c.buildsystem.ProjectBuilder - main project[sample_test]'s message client codec file[PublicKeyReq][D:\gitsinnori\sinnori\project\sample_test\server_build\src\main\java\kr\pe\sinnori\impl\message] creation task start
08:24:47.007 [main] INFO  k.p.s.c.buildsystem.ProjectBuilder - main project[sample_test]'s message client codec file[PublicKeyReq][D:\gitsinnori\sinnori\project\sample_test\server_build\src\main\java\kr\pe\sinnori\impl\message] creation task end
08:24:47.007 [main] INFO  k.p.s.common.util.CommonStaticUtil - the new child relative direcotry[D:\gitsinnori\sinnori\project\sample_test\server_build\src\main\java\kr\pe\sinnori\impl\message][PublicKeyRes] was created successfully
08:24:47.007 [main] INFO  k.p.s.c.buildsystem.ProjectBuilder - main project[sample_test]'s message file[PublicKeyRes][D:\gitsinnori\sinnori\project\sample_test\server_build\src\main\java\kr\pe\sinnori\impl\message] creation task start
08:24:47.007 [main] INFO  k.p.s.c.buildsystem.ProjectBuilder - main project[sample_test]'s message file[PublicKeyRes][D:\gitsinnori\sinnori\project\sample_test\server_build\src\main\java\kr\pe\sinnori\impl\message] creation task end
08:24:47.007 [main] INFO  k.p.s.c.buildsystem.ProjectBuilder - main project[sample_test]'s message decoder file[PublicKeyRes][D:\gitsinnori\sinnori\project\sample_test\server_build\src\main\java\kr\pe\sinnori\impl\message] creation task start
08:24:47.023 [main] INFO  k.p.s.c.buildsystem.ProjectBuilder - main project[sample_test]'s message decoder file[PublicKeyRes][D:\gitsinnori\sinnori\project\sample_test\server_build\src\main\java\kr\pe\sinnori\impl\message] creation task end
08:24:47.023 [main] INFO  k.p.s.c.buildsystem.ProjectBuilder - main project[sample_test]'s message encoder file[PublicKeyRes][D:\gitsinnori\sinnori\project\sample_test\server_build\src\main\java\kr\pe\sinnori\impl\message] creation task start
08:24:47.023 [main] INFO  k.p.s.c.buildsystem.ProjectBuilder - main project[sample_test]'s message encoder file[PublicKeyRes][D:\gitsinnori\sinnori\project\sample_test\server_build\src\main\java\kr\pe\sinnori\impl\message] creation task end
08:24:47.023 [main] INFO  k.p.s.c.buildsystem.ProjectBuilder - main project[sample_test]'s message server codec file[PublicKeyRes][D:\gitsinnori\sinnori\project\sample_test\server_build\src\main\java\kr\pe\sinnori\impl\message] creation task start
08:24:47.023 [main] INFO  k.p.s.c.buildsystem.ProjectBuilder - main project[sample_test]'s message server codec file[PublicKeyRes][D:\gitsinnori\sinnori\project\sample_test\server_build\src\main\java\kr\pe\sinnori\impl\message] creation task end
08:24:47.023 [main] INFO  k.p.s.c.buildsystem.ProjectBuilder - main project[sample_test]'s message client codec file[PublicKeyRes][D:\gitsinnori\sinnori\project\sample_test\server_build\src\main\java\kr\pe\sinnori\impl\message] creation task start
08:24:47.023 [main] INFO  k.p.s.c.buildsystem.ProjectBuilder - main project[sample_test]'s message client codec file[PublicKeyRes][D:\gitsinnori\sinnori\project\sample_test\server_build\src\main\java\kr\pe\sinnori\impl\message] creation task end
08:24:47.023 [main] INFO  k.p.s.c.buildsystem.ProjectBuilder - main project[sample_test]'s server message io file set creation task end
08:24:47.023 [main] INFO  k.p.s.c.buildsystem.ProjectBuilder - server build system files creation task end
08:24:47.123 [main] INFO  k.p.s.c.buildsystem.ProjectBuilder - mainproject[sample_test]'s application client build system files creation task start
08:24:47.123 [main] INFO  k.p.s.c.buildsystem.ProjectBuilder - main project[sample_test]'s application client ant build.xml file creation task start
08:24:47.123 [main] INFO  k.p.s.c.buildsystem.ProjectBuilder - main project[sample_test]'s application client ant build.xml file creation task end
08:24:47.123 [main] INFO  k.p.s.c.buildsystem.ProjectBuilder - main project[sample_test]'s application client dos shell file creation task start
08:24:47.123 [main] INFO  k.p.s.c.buildsystem.ProjectBuilder - main project[sample_test]'s application client dos shell file creation task end
08:24:47.123 [main] INFO  k.p.s.c.buildsystem.ProjectBuilder - main project[sample_test]'s application client unix shell file creation task start
08:24:47.123 [main] INFO  k.p.s.c.buildsystem.ProjectBuilder - main project[sample_test]'s application client unix shell file creation task end
08:24:47.123 [main] INFO  k.p.s.c.buildsystem.ProjectBuilder - application client sample source files copy task start
08:24:47.145 [main] INFO  k.p.s.c.buildsystem.ProjectBuilder - application client sample source files copy task end
08:24:47.145 [main] INFO  k.p.s.c.buildsystem.ProjectBuilder - main project[sample_test]'s application client message io file set creation task start
08:24:47.145 [main] INFO  k.p.s.common.util.CommonStaticUtil - the new child relative direcotry[D:\gitsinnori\sinnori\project\sample_test\client_build\app_build\src\main\java\kr\pe\sinnori\impl\message][Echo] was created successfully
08:24:47.145 [main] INFO  k.p.s.c.buildsystem.ProjectBuilder - main project[sample_test]'s message file[Echo][D:\gitsinnori\sinnori\project\sample_test\client_build\app_build\src\main\java\kr\pe\sinnori\impl\message] creation task start
08:24:47.161 [main] INFO  k.p.s.c.buildsystem.ProjectBuilder - main project[sample_test]'s message file[Echo][D:\gitsinnori\sinnori\project\sample_test\client_build\app_build\src\main\java\kr\pe\sinnori\impl\message] creation task end
08:24:47.161 [main] INFO  k.p.s.c.buildsystem.ProjectBuilder - main project[sample_test]'s message decoder file[Echo][D:\gitsinnori\sinnori\project\sample_test\client_build\app_build\src\main\java\kr\pe\sinnori\impl\message] creation task start
08:24:47.177 [main] INFO  k.p.s.c.buildsystem.ProjectBuilder - main project[sample_test]'s message decoder file[Echo][D:\gitsinnori\sinnori\project\sample_test\client_build\app_build\src\main\java\kr\pe\sinnori\impl\message] creation task end
08:24:47.177 [main] INFO  k.p.s.c.buildsystem.ProjectBuilder - main project[sample_test]'s message encoder file[Echo][D:\gitsinnori\sinnori\project\sample_test\client_build\app_build\src\main\java\kr\pe\sinnori\impl\message] creation task start
08:24:47.177 [main] INFO  k.p.s.c.buildsystem.ProjectBuilder - main project[sample_test]'s message encoder file[Echo][D:\gitsinnori\sinnori\project\sample_test\client_build\app_build\src\main\java\kr\pe\sinnori\impl\message] creation task end
08:24:47.177 [main] INFO  k.p.s.c.buildsystem.ProjectBuilder - main project[sample_test]'s message server codec file[Echo][D:\gitsinnori\sinnori\project\sample_test\client_build\app_build\src\main\java\kr\pe\sinnori\impl\message] creation task start
08:24:47.177 [main] INFO  k.p.s.c.buildsystem.ProjectBuilder - main project[sample_test]'s message server codec file[Echo][D:\gitsinnori\sinnori\project\sample_test\client_build\app_build\src\main\java\kr\pe\sinnori\impl\message] creation task end
08:24:47.177 [main] INFO  k.p.s.c.buildsystem.ProjectBuilder - main project[sample_test]'s message client codec file[Echo][D:\gitsinnori\sinnori\project\sample_test\client_build\app_build\src\main\java\kr\pe\sinnori\impl\message] creation task start
08:24:47.177 [main] INFO  k.p.s.c.buildsystem.ProjectBuilder - main project[sample_test]'s message client codec file[Echo][D:\gitsinnori\sinnori\project\sample_test\client_build\app_build\src\main\java\kr\pe\sinnori\impl\message] creation task end
08:24:47.177 [main] INFO  k.p.s.common.util.CommonStaticUtil - the new child relative direcotry[D:\gitsinnori\sinnori\project\sample_test\client_build\app_build\src\main\java\kr\pe\sinnori\impl\message][PublicKeyReq] was created successfully
08:24:47.177 [main] INFO  k.p.s.c.buildsystem.ProjectBuilder - main project[sample_test]'s message file[PublicKeyReq][D:\gitsinnori\sinnori\project\sample_test\client_build\app_build\src\main\java\kr\pe\sinnori\impl\message] creation task start
08:24:47.192 [main] INFO  k.p.s.c.buildsystem.ProjectBuilder - main project[sample_test]'s message file[PublicKeyReq][D:\gitsinnori\sinnori\project\sample_test\client_build\app_build\src\main\java\kr\pe\sinnori\impl\message] creation task end
08:24:47.192 [main] INFO  k.p.s.c.buildsystem.ProjectBuilder - main project[sample_test]'s message decoder file[PublicKeyReq][D:\gitsinnori\sinnori\project\sample_test\client_build\app_build\src\main\java\kr\pe\sinnori\impl\message] creation task start
08:24:47.192 [main] INFO  k.p.s.c.buildsystem.ProjectBuilder - main project[sample_test]'s message decoder file[PublicKeyReq][D:\gitsinnori\sinnori\project\sample_test\client_build\app_build\src\main\java\kr\pe\sinnori\impl\message] creation task end
08:24:47.192 [main] INFO  k.p.s.c.buildsystem.ProjectBuilder - main project[sample_test]'s message encoder file[PublicKeyReq][D:\gitsinnori\sinnori\project\sample_test\client_build\app_build\src\main\java\kr\pe\sinnori\impl\message] creation task start
08:24:47.208 [main] INFO  k.p.s.c.buildsystem.ProjectBuilder - main project[sample_test]'s message encoder file[PublicKeyReq][D:\gitsinnori\sinnori\project\sample_test\client_build\app_build\src\main\java\kr\pe\sinnori\impl\message] creation task end
08:24:47.208 [main] INFO  k.p.s.c.buildsystem.ProjectBuilder - main project[sample_test]'s message server codec file[PublicKeyReq][D:\gitsinnori\sinnori\project\sample_test\client_build\app_build\src\main\java\kr\pe\sinnori\impl\message] creation task start
08:24:47.208 [main] INFO  k.p.s.c.buildsystem.ProjectBuilder - main project[sample_test]'s message server codec file[PublicKeyReq][D:\gitsinnori\sinnori\project\sample_test\client_build\app_build\src\main\java\kr\pe\sinnori\impl\message] creation task end
08:24:47.208 [main] INFO  k.p.s.c.buildsystem.ProjectBuilder - main project[sample_test]'s message client codec file[PublicKeyReq][D:\gitsinnori\sinnori\project\sample_test\client_build\app_build\src\main\java\kr\pe\sinnori\impl\message] creation task start
08:24:47.208 [main] INFO  k.p.s.c.buildsystem.ProjectBuilder - main project[sample_test]'s message client codec file[PublicKeyReq][D:\gitsinnori\sinnori\project\sample_test\client_build\app_build\src\main\java\kr\pe\sinnori\impl\message] creation task end
08:24:47.208 [main] INFO  k.p.s.common.util.CommonStaticUtil - the new child relative direcotry[D:\gitsinnori\sinnori\project\sample_test\client_build\app_build\src\main\java\kr\pe\sinnori\impl\message][PublicKeyRes] was created successfully
08:24:47.208 [main] INFO  k.p.s.c.buildsystem.ProjectBuilder - main project[sample_test]'s message file[PublicKeyRes][D:\gitsinnori\sinnori\project\sample_test\client_build\app_build\src\main\java\kr\pe\sinnori\impl\message] creation task start
08:24:47.246 [main] INFO  k.p.s.c.buildsystem.ProjectBuilder - main project[sample_test]'s message file[PublicKeyRes][D:\gitsinnori\sinnori\project\sample_test\client_build\app_build\src\main\java\kr\pe\sinnori\impl\message] creation task end
08:24:47.246 [main] INFO  k.p.s.c.buildsystem.ProjectBuilder - main project[sample_test]'s message decoder file[PublicKeyRes][D:\gitsinnori\sinnori\project\sample_test\client_build\app_build\src\main\java\kr\pe\sinnori\impl\message] creation task start
08:24:47.246 [main] INFO  k.p.s.c.buildsystem.ProjectBuilder - main project[sample_test]'s message decoder file[PublicKeyRes][D:\gitsinnori\sinnori\project\sample_test\client_build\app_build\src\main\java\kr\pe\sinnori\impl\message] creation task end
08:24:47.246 [main] INFO  k.p.s.c.buildsystem.ProjectBuilder - main project[sample_test]'s message encoder file[PublicKeyRes][D:\gitsinnori\sinnori\project\sample_test\client_build\app_build\src\main\java\kr\pe\sinnori\impl\message] creation task start
08:24:47.261 [main] INFO  k.p.s.c.buildsystem.ProjectBuilder - main project[sample_test]'s message encoder file[PublicKeyRes][D:\gitsinnori\sinnori\project\sample_test\client_build\app_build\src\main\java\kr\pe\sinnori\impl\message] creation task end
08:24:47.261 [main] INFO  k.p.s.c.buildsystem.ProjectBuilder - main project[sample_test]'s message server codec file[PublicKeyRes][D:\gitsinnori\sinnori\project\sample_test\client_build\app_build\src\main\java\kr\pe\sinnori\impl\message] creation task start
08:24:47.261 [main] INFO  k.p.s.c.buildsystem.ProjectBuilder - main project[sample_test]'s message server codec file[PublicKeyRes][D:\gitsinnori\sinnori\project\sample_test\client_build\app_build\src\main\java\kr\pe\sinnori\impl\message] creation task end
08:24:47.261 [main] INFO  k.p.s.c.buildsystem.ProjectBuilder - main project[sample_test]'s message client codec file[PublicKeyRes][D:\gitsinnori\sinnori\project\sample_test\client_build\app_build\src\main\java\kr\pe\sinnori\impl\message] creation task start
08:24:47.292 [main] INFO  k.p.s.c.buildsystem.ProjectBuilder - main project[sample_test]'s message client codec file[PublicKeyRes][D:\gitsinnori\sinnori\project\sample_test\client_build\app_build\src\main\java\kr\pe\sinnori\impl\message] creation task end
08:24:47.292 [main] INFO  k.p.s.c.buildsystem.ProjectBuilder - main project[sample_test]'s application client message io file set creation task end
08:24:47.292 [main] INFO  k.p.s.c.buildsystem.ProjectBuilder - mainproject[sample_test]'s application client build system files creation task end
08:24:47.292 [main] INFO  k.p.s.c.buildsystem.ProjectBuilder - main project[sample_test]'s web client build system files creation task start
08:24:47.292 [main] INFO  k.p.s.c.buildsystem.ProjectBuilder - main project[sample_test]'s web client ant build.xml file creation task start
08:24:47.292 [main] INFO  k.p.s.c.buildsystem.ProjectBuilder - main project[sample_test]'s web client ant build.xml file creation task end
08:24:47.292 [main] INFO  k.p.s.c.buildsystem.ProjectBuilder - main project[sample_test]'s web client ant properties file creation task start
08:24:47.292 [main] INFO  k.p.s.c.util.SequencedPropertiesUtil - the sequenced properties file[D:\gitsinnori\sinnori\project\sample_test\client_build\web_build\webAnt.properties] was created
08:24:47.292 [main] INFO  k.p.s.c.buildsystem.ProjectBuilder - main project[sample_test]'s web client ant properties file creation task end
08:24:47.292 [main] INFO  k.p.s.c.buildsystem.ProjectBuilder - main project[sample_test]'s web client message io file set creation task start
08:24:47.292 [main] INFO  k.p.s.common.util.CommonStaticUtil - the new child relative direcotry[D:\gitsinnori\sinnori\project\sample_test\client_build\web_build\src\main\java\kr\pe\sinnori\impl\message][Echo] was created successfully
08:24:47.292 [main] INFO  k.p.s.c.buildsystem.ProjectBuilder - main project[sample_test]'s message file[Echo][D:\gitsinnori\sinnori\project\sample_test\client_build\web_build\src\main\java\kr\pe\sinnori\impl\message] creation task start
08:24:47.292 [main] INFO  k.p.s.c.buildsystem.ProjectBuilder - main project[sample_test]'s message file[Echo][D:\gitsinnori\sinnori\project\sample_test\client_build\web_build\src\main\java\kr\pe\sinnori\impl\message] creation task end
08:24:47.292 [main] INFO  k.p.s.c.buildsystem.ProjectBuilder - main project[sample_test]'s message decoder file[Echo][D:\gitsinnori\sinnori\project\sample_test\client_build\web_build\src\main\java\kr\pe\sinnori\impl\message] creation task start
08:24:47.308 [main] INFO  k.p.s.c.buildsystem.ProjectBuilder - main project[sample_test]'s message decoder file[Echo][D:\gitsinnori\sinnori\project\sample_test\client_build\web_build\src\main\java\kr\pe\sinnori\impl\message] creation task end
08:24:47.308 [main] INFO  k.p.s.c.buildsystem.ProjectBuilder - main project[sample_test]'s message encoder file[Echo][D:\gitsinnori\sinnori\project\sample_test\client_build\web_build\src\main\java\kr\pe\sinnori\impl\message] creation task start
08:24:47.308 [main] INFO  k.p.s.c.buildsystem.ProjectBuilder - main project[sample_test]'s message encoder file[Echo][D:\gitsinnori\sinnori\project\sample_test\client_build\web_build\src\main\java\kr\pe\sinnori\impl\message] creation task end
08:24:47.308 [main] INFO  k.p.s.c.buildsystem.ProjectBuilder - main project[sample_test]'s message server codec file[Echo][D:\gitsinnori\sinnori\project\sample_test\client_build\web_build\src\main\java\kr\pe\sinnori\impl\message] creation task start
08:24:47.308 [main] INFO  k.p.s.c.buildsystem.ProjectBuilder - main project[sample_test]'s message server codec file[Echo][D:\gitsinnori\sinnori\project\sample_test\client_build\web_build\src\main\java\kr\pe\sinnori\impl\message] creation task end
08:24:47.308 [main] INFO  k.p.s.c.buildsystem.ProjectBuilder - main project[sample_test]'s message client codec file[Echo][D:\gitsinnori\sinnori\project\sample_test\client_build\web_build\src\main\java\kr\pe\sinnori\impl\message] creation task start
08:24:47.308 [main] INFO  k.p.s.c.buildsystem.ProjectBuilder - main project[sample_test]'s message client codec file[Echo][D:\gitsinnori\sinnori\project\sample_test\client_build\web_build\src\main\java\kr\pe\sinnori\impl\message] creation task end
08:24:47.308 [main] INFO  k.p.s.common.util.CommonStaticUtil - the new child relative direcotry[D:\gitsinnori\sinnori\project\sample_test\client_build\web_build\src\main\java\kr\pe\sinnori\impl\message][PublicKeyReq] was created successfully
08:24:47.308 [main] INFO  k.p.s.c.buildsystem.ProjectBuilder - main project[sample_test]'s message file[PublicKeyReq][D:\gitsinnori\sinnori\project\sample_test\client_build\web_build\src\main\java\kr\pe\sinnori\impl\message] creation task start
08:24:47.324 [main] INFO  k.p.s.c.buildsystem.ProjectBuilder - main project[sample_test]'s message file[PublicKeyReq][D:\gitsinnori\sinnori\project\sample_test\client_build\web_build\src\main\java\kr\pe\sinnori\impl\message] creation task end
08:24:47.324 [main] INFO  k.p.s.c.buildsystem.ProjectBuilder - main project[sample_test]'s message decoder file[PublicKeyReq][D:\gitsinnori\sinnori\project\sample_test\client_build\web_build\src\main\java\kr\pe\sinnori\impl\message] creation task start
08:24:47.324 [main] INFO  k.p.s.c.buildsystem.ProjectBuilder - main project[sample_test]'s message decoder file[PublicKeyReq][D:\gitsinnori\sinnori\project\sample_test\client_build\web_build\src\main\java\kr\pe\sinnori\impl\message] creation task end
08:24:47.408 [main] INFO  k.p.s.c.buildsystem.ProjectBuilder - main project[sample_test]'s message encoder file[PublicKeyReq][D:\gitsinnori\sinnori\project\sample_test\client_build\web_build\src\main\java\kr\pe\sinnori\impl\message] creation task start
08:24:47.408 [main] INFO  k.p.s.c.buildsystem.ProjectBuilder - main project[sample_test]'s message encoder file[PublicKeyReq][D:\gitsinnori\sinnori\project\sample_test\client_build\web_build\src\main\java\kr\pe\sinnori\impl\message] creation task end
08:24:47.408 [main] INFO  k.p.s.c.buildsystem.ProjectBuilder - main project[sample_test]'s message server codec file[PublicKeyReq][D:\gitsinnori\sinnori\project\sample_test\client_build\web_build\src\main\java\kr\pe\sinnori\impl\message] creation task start
08:24:47.408 [main] INFO  k.p.s.c.buildsystem.ProjectBuilder - main project[sample_test]'s message server codec file[PublicKeyReq][D:\gitsinnori\sinnori\project\sample_test\client_build\web_build\src\main\java\kr\pe\sinnori\impl\message] creation task end
08:24:47.408 [main] INFO  k.p.s.c.buildsystem.ProjectBuilder - main project[sample_test]'s message client codec file[PublicKeyReq][D:\gitsinnori\sinnori\project\sample_test\client_build\web_build\src\main\java\kr\pe\sinnori\impl\message] creation task start
08:24:47.408 [main] INFO  k.p.s.c.buildsystem.ProjectBuilder - main project[sample_test]'s message client codec file[PublicKeyReq][D:\gitsinnori\sinnori\project\sample_test\client_build\web_build\src\main\java\kr\pe\sinnori\impl\message] creation task end
08:24:47.408 [main] INFO  k.p.s.common.util.CommonStaticUtil - the new child relative direcotry[D:\gitsinnori\sinnori\project\sample_test\client_build\web_build\src\main\java\kr\pe\sinnori\impl\message][PublicKeyRes] was created successfully
08:24:47.408 [main] INFO  k.p.s.c.buildsystem.ProjectBuilder - main project[sample_test]'s message file[PublicKeyRes][D:\gitsinnori\sinnori\project\sample_test\client_build\web_build\src\main\java\kr\pe\sinnori\impl\message] creation task start
08:24:47.408 [main] INFO  k.p.s.c.buildsystem.ProjectBuilder - main project[sample_test]'s message file[PublicKeyRes][D:\gitsinnori\sinnori\project\sample_test\client_build\web_build\src\main\java\kr\pe\sinnori\impl\message] creation task end
08:24:47.408 [main] INFO  k.p.s.c.buildsystem.ProjectBuilder - main project[sample_test]'s message decoder file[PublicKeyRes][D:\gitsinnori\sinnori\project\sample_test\client_build\web_build\src\main\java\kr\pe\sinnori\impl\message] creation task start
08:24:47.424 [main] INFO  k.p.s.c.buildsystem.ProjectBuilder - main project[sample_test]'s message decoder file[PublicKeyRes][D:\gitsinnori\sinnori\project\sample_test\client_build\web_build\src\main\java\kr\pe\sinnori\impl\message] creation task end
08:24:47.424 [main] INFO  k.p.s.c.buildsystem.ProjectBuilder - main project[sample_test]'s message encoder file[PublicKeyRes][D:\gitsinnori\sinnori\project\sample_test\client_build\web_build\src\main\java\kr\pe\sinnori\impl\message] creation task start
08:24:47.424 [main] INFO  k.p.s.c.buildsystem.ProjectBuilder - main project[sample_test]'s message encoder file[PublicKeyRes][D:\gitsinnori\sinnori\project\sample_test\client_build\web_build\src\main\java\kr\pe\sinnori\impl\message] creation task end
08:24:47.424 [main] INFO  k.p.s.c.buildsystem.ProjectBuilder - main project[sample_test]'s message server codec file[PublicKeyRes][D:\gitsinnori\sinnori\project\sample_test\client_build\web_build\src\main\java\kr\pe\sinnori\impl\message] creation task start
08:24:47.424 [main] INFO  k.p.s.c.buildsystem.ProjectBuilder - main project[sample_test]'s message server codec file[PublicKeyRes][D:\gitsinnori\sinnori\project\sample_test\client_build\web_build\src\main\java\kr\pe\sinnori\impl\message] creation task end
08:24:47.424 [main] INFO  k.p.s.c.buildsystem.ProjectBuilder - main project[sample_test]'s message client codec file[PublicKeyRes][D:\gitsinnori\sinnori\project\sample_test\client_build\web_build\src\main\java\kr\pe\sinnori\impl\message] creation task start
08:24:47.424 [main] INFO  k.p.s.c.buildsystem.ProjectBuilder - main project[sample_test]'s message client codec file[PublicKeyRes][D:\gitsinnori\sinnori\project\sample_test\client_build\web_build\src\main\java\kr\pe\sinnori\impl\message] creation task end
08:24:47.424 [main] INFO  k.p.s.c.buildsystem.ProjectBuilder - main project[sample_test]'s web client message io file set creation task end
08:24:47.424 [main] INFO  k.p.s.c.buildsystem.ProjectBuilder - mainproject[sample_test]'s web client sample source files copy task start
08:24:47.493 [main] INFO  k.p.s.c.buildsystem.ProjectBuilder - mainproject[sample_test]'s web client sample source files copy task end
08:24:47.493 [main] INFO  k.p.s.c.buildsystem.ProjectBuilder - main project[sample_test]'s web client build system files creation task end
08:24:47.493 [main] INFO  k.p.s.c.buildsystem.ProjectBuilder - main project[sample_test]'s web root sample files creation task start
08:24:47.493 [main] INFO  k.p.s.c.buildsystem.ProjectBuilder - main project[sample_test]'s web root sample files copy task start
08:24:47.493 [main] INFO  k.p.s.c.buildsystem.ProjectBuilder - main project[sample_test]'s web root sample files copy task end
08:24:47.493 [main] INFO  k.p.s.c.buildsystem.ProjectBuilder - main project[sample_test]'s web root sample files creation task end
08:24:47.493 [main] INFO  k.p.s.c.buildsystem.ProjectBuilder - main project[sample_test]'s file creation task end
08:24:47.493 [main] INFO  k.p.s.c.config.SinnoriConfiguration - item key[sessionkey.rsa.publickey.file.value]'s value is null because its status is inactive
08:24:47.493 [main] INFO  k.p.s.c.config.SinnoriConfiguration - item key[sessionkey.rsa.privatekey.file.value]'s value is null because its status is inactive
08:24:47.493 [main] INFO  k.p.s.c.buildsystem.ProjectBuilder - main project[sample_test] changeProjectState method start
08:24:47.493 [main] INFO  k.p.s.c.buildsystem.ProjectBuilder - mainproject[sample_test]'s server build path deletion task start
08:24:47.509 [main] INFO  k.p.s.c.buildsystem.ProjectBuilder - mainproject[sample_test]'s server build path deletion task end
08:24:47.509 [main] INFO  k.p.s.c.buildsystem.ProjectBuilder - mainproject[sample_test]'s application client build path deletion task start
08:24:47.524 [main] INFO  k.p.s.c.buildsystem.ProjectBuilder - mainproject[sample_test]'s application client build path deletion task end
08:24:47.524 [main] INFO  k.p.s.c.buildsystem.ProjectBuilder - main project[sample_test]'s web client ant properties file modification task start
08:24:47.524 [main] INFO  k.p.s.c.buildsystem.ProjectBuilder - main project[sample_test]'s web client ant properties file modification task end
08:24:47.524 [main] WARN  k.p.s.c.buildsystem.ProjectBuilder - the web client build path[D:\gitsinnori\sinnori\project\sample_test\client_build\web_build] exists, so only the web client's ant properties including servlet system library path  was updated for new servletSystemLibraryPathString[D:\apache-tomcat-8.5.15\lib]
08:24:47.524 [main] WARN  k.p.s.c.buildsystem.ProjectBuilder - the web root path[D:\gitsinnori\sinnori\project\sample_test\web_app_base\ROOT] exists, so skip creation of web root
08:24:47.524 [main] INFO  k.p.s.c.buildsystem.ProjectBuilder - main project[sample_test]'s config file overwrite task start
08:24:47.524 [main] INFO  k.p.s.c.buildsystem.ProjectBuilder - main project[sample_test]'s config file overwrite task end
08:24:47.524 [main] INFO  k.p.s.c.buildsystem.ProjectBuilder - main project[sample_test] changeProjectState method end
08:24:47.524 [main] INFO  k.p.s.c.buildsystem.ProjectBuilder - the server ant build.xml file[D:\gitsinnori\sinnori\project\sample_test\server_build\build.xml] is bad :: whetherExist[false] isFile[false]
08:24:47.524 [main] INFO  k.p.s.c.buildsystem.ProjectBuilder - the app client ant build.xml file[D:\gitsinnori\sinnori\project\sample_test\client_build\app_build\build.xml] is bad :: whetherExist[false] isFile[false]
08:24:47.524 [main] INFO  k.p.s.c.buildsystem.ProjectBuilder - main project[sample_test] changeProjectState method start
08:24:47.524 [main] INFO  k.p.s.c.buildsystem.ProjectBuilder - the server ant build.xml file[D:\gitsinnori\sinnori\project\sample_test\server_build\build.xml] is bad :: whetherExist[false] isFile[false]
08:24:47.524 [main] WARN  k.p.s.c.buildsystem.ProjectBuilder - the server buid.xml file[D:\gitsinnori\sinnori\project\sample_test\server_build\build.xml] is bad beacse it doesn't exist or is not a file, so skip deletion of server build system
08:24:47.524 [main] INFO  k.p.s.c.buildsystem.ProjectBuilder - main project[sample_test]'s application build child direcotry creation task start
08:24:47.540 [main] INFO  k.p.s.common.util.CommonStaticUtil - the new child relative direcotry[D:\gitsinnori\sinnori\project\sample_test][client_build/app_build/corelib/ex] was created successfully
08:24:47.540 [main] INFO  k.p.s.common.util.CommonStaticUtil - the new child relative direcotry[D:\gitsinnori\sinnori\project\sample_test][client_build/app_build/corelib/in] was created successfully
08:24:47.541 [main] INFO  k.p.s.common.util.CommonStaticUtil - the new child relative direcotry[D:\gitsinnori\sinnori\project\sample_test][client_build/app_build/lib/main/ex] was created successfully
08:24:47.542 [main] INFO  k.p.s.common.util.CommonStaticUtil - the new child relative direcotry[D:\gitsinnori\sinnori\project\sample_test][client_build/app_build/lib/main/in] was created successfully
08:24:47.542 [main] INFO  k.p.s.common.util.CommonStaticUtil - the new child relative direcotry[D:\gitsinnori\sinnori\project\sample_test][client_build/app_build/lib/test] was created successfully
08:24:47.545 [main] INFO  k.p.s.common.util.CommonStaticUtil - the new child relative direcotry[D:\gitsinnori\sinnori\project\sample_test][client_build/app_build/src/main/java/kr/pe/sinnori/impl/message] was created successfully
08:24:47.545 [main] INFO  k.p.s.common.util.CommonStaticUtil - the new child relative direcotry[D:\gitsinnori\sinnori\project\sample_test][client_build/app_build/src/main/java/main] was created successfully
08:24:47.624 [main] INFO  k.p.s.common.util.CommonStaticUtil - the new child relative direcotry[D:\gitsinnori\sinnori\project\sample_test][client_build/app_build/src/test/java] was created successfully
08:24:47.624 [main] INFO  k.p.s.common.util.CommonStaticUtil - the new child relative direcotry[D:\gitsinnori\sinnori\project\sample_test][client_build/app_build/build] was created successfully
08:24:47.624 [main] INFO  k.p.s.common.util.CommonStaticUtil - the new child relative direcotry[D:\gitsinnori\sinnori\project\sample_test][client_build/app_build/dist] was created successfully
08:24:47.624 [main] INFO  k.p.s.c.buildsystem.ProjectBuilder - main project[sample_test]'s application build child direcotry creation task end
08:24:47.624 [main] INFO  k.p.s.c.buildsystem.ProjectBuilder - mainproject[sample_test]'s application client build system files creation task start
08:24:47.624 [main] INFO  k.p.s.c.buildsystem.ProjectBuilder - main project[sample_test]'s application client ant build.xml file creation task start
08:24:47.624 [main] INFO  k.p.s.c.buildsystem.ProjectBuilder - main project[sample_test]'s application client ant build.xml file creation task end
08:24:47.624 [main] INFO  k.p.s.c.buildsystem.ProjectBuilder - main project[sample_test]'s application client dos shell file creation task start
08:24:47.624 [main] INFO  k.p.s.c.buildsystem.ProjectBuilder - main project[sample_test]'s application client dos shell file creation task end
08:24:47.624 [main] INFO  k.p.s.c.buildsystem.ProjectBuilder - main project[sample_test]'s application client unix shell file creation task start
08:24:47.643 [main] INFO  k.p.s.c.buildsystem.ProjectBuilder - main project[sample_test]'s application client unix shell file creation task end
08:24:47.643 [main] INFO  k.p.s.c.buildsystem.ProjectBuilder - application client sample source files copy task start
08:24:47.647 [main] INFO  k.p.s.c.buildsystem.ProjectBuilder - application client sample source files copy task end
08:24:47.647 [main] INFO  k.p.s.c.buildsystem.ProjectBuilder - main project[sample_test]'s application client message io file set creation task start
08:24:47.647 [main] INFO  k.p.s.common.util.CommonStaticUtil - the new child relative direcotry[D:\gitsinnori\sinnori\project\sample_test\client_build\app_build\src\main\java\kr\pe\sinnori\impl\message][Echo] was created successfully
08:24:47.647 [main] INFO  k.p.s.c.buildsystem.ProjectBuilder - main project[sample_test]'s message file[Echo][D:\gitsinnori\sinnori\project\sample_test\client_build\app_build\src\main\java\kr\pe\sinnori\impl\message] creation task start
08:24:47.647 [main] INFO  k.p.s.c.buildsystem.ProjectBuilder - main project[sample_test]'s message file[Echo][D:\gitsinnori\sinnori\project\sample_test\client_build\app_build\src\main\java\kr\pe\sinnori\impl\message] creation task end
08:24:47.647 [main] INFO  k.p.s.c.buildsystem.ProjectBuilder - main project[sample_test]'s message decoder file[Echo][D:\gitsinnori\sinnori\project\sample_test\client_build\app_build\src\main\java\kr\pe\sinnori\impl\message] creation task start
08:24:47.662 [main] INFO  k.p.s.c.buildsystem.ProjectBuilder - main project[sample_test]'s message decoder file[Echo][D:\gitsinnori\sinnori\project\sample_test\client_build\app_build\src\main\java\kr\pe\sinnori\impl\message] creation task end
08:24:47.662 [main] INFO  k.p.s.c.buildsystem.ProjectBuilder - main project[sample_test]'s message encoder file[Echo][D:\gitsinnori\sinnori\project\sample_test\client_build\app_build\src\main\java\kr\pe\sinnori\impl\message] creation task start
08:24:47.662 [main] INFO  k.p.s.c.buildsystem.ProjectBuilder - main project[sample_test]'s message encoder file[Echo][D:\gitsinnori\sinnori\project\sample_test\client_build\app_build\src\main\java\kr\pe\sinnori\impl\message] creation task end
08:24:47.662 [main] INFO  k.p.s.c.buildsystem.ProjectBuilder - main project[sample_test]'s message server codec file[Echo][D:\gitsinnori\sinnori\project\sample_test\client_build\app_build\src\main\java\kr\pe\sinnori\impl\message] creation task start
08:24:47.662 [main] INFO  k.p.s.c.buildsystem.ProjectBuilder - main project[sample_test]'s message server codec file[Echo][D:\gitsinnori\sinnori\project\sample_test\client_build\app_build\src\main\java\kr\pe\sinnori\impl\message] creation task end
08:24:47.662 [main] INFO  k.p.s.c.buildsystem.ProjectBuilder - main project[sample_test]'s message client codec file[Echo][D:\gitsinnori\sinnori\project\sample_test\client_build\app_build\src\main\java\kr\pe\sinnori\impl\message] creation task start
08:24:47.662 [main] INFO  k.p.s.c.buildsystem.ProjectBuilder - main project[sample_test]'s message client codec file[Echo][D:\gitsinnori\sinnori\project\sample_test\client_build\app_build\src\main\java\kr\pe\sinnori\impl\message] creation task end
08:24:47.662 [main] INFO  k.p.s.common.util.CommonStaticUtil - the new child relative direcotry[D:\gitsinnori\sinnori\project\sample_test\client_build\app_build\src\main\java\kr\pe\sinnori\impl\message][PublicKeyReq] was created successfully
08:24:47.678 [main] INFO  k.p.s.c.buildsystem.ProjectBuilder - main project[sample_test]'s message file[PublicKeyReq][D:\gitsinnori\sinnori\project\sample_test\client_build\app_build\src\main\java\kr\pe\sinnori\impl\message] creation task start
08:24:47.678 [main] INFO  k.p.s.c.buildsystem.ProjectBuilder - main project[sample_test]'s message file[PublicKeyReq][D:\gitsinnori\sinnori\project\sample_test\client_build\app_build\src\main\java\kr\pe\sinnori\impl\message] creation task end
08:24:47.678 [main] INFO  k.p.s.c.buildsystem.ProjectBuilder - main project[sample_test]'s message decoder file[PublicKeyReq][D:\gitsinnori\sinnori\project\sample_test\client_build\app_build\src\main\java\kr\pe\sinnori\impl\message] creation task start
08:24:47.678 [main] INFO  k.p.s.c.buildsystem.ProjectBuilder - main project[sample_test]'s message decoder file[PublicKeyReq][D:\gitsinnori\sinnori\project\sample_test\client_build\app_build\src\main\java\kr\pe\sinnori\impl\message] creation task end
08:24:47.678 [main] INFO  k.p.s.c.buildsystem.ProjectBuilder - main project[sample_test]'s message encoder file[PublicKeyReq][D:\gitsinnori\sinnori\project\sample_test\client_build\app_build\src\main\java\kr\pe\sinnori\impl\message] creation task start
08:24:47.694 [main] INFO  k.p.s.c.buildsystem.ProjectBuilder - main project[sample_test]'s message encoder file[PublicKeyReq][D:\gitsinnori\sinnori\project\sample_test\client_build\app_build\src\main\java\kr\pe\sinnori\impl\message] creation task end
08:24:47.694 [main] INFO  k.p.s.c.buildsystem.ProjectBuilder - main project[sample_test]'s message server codec file[PublicKeyReq][D:\gitsinnori\sinnori\project\sample_test\client_build\app_build\src\main\java\kr\pe\sinnori\impl\message] creation task start
08:24:47.762 [main] INFO  k.p.s.c.buildsystem.ProjectBuilder - main project[sample_test]'s message server codec file[PublicKeyReq][D:\gitsinnori\sinnori\project\sample_test\client_build\app_build\src\main\java\kr\pe\sinnori\impl\message] creation task end
08:24:47.762 [main] INFO  k.p.s.c.buildsystem.ProjectBuilder - main project[sample_test]'s message client codec file[PublicKeyReq][D:\gitsinnori\sinnori\project\sample_test\client_build\app_build\src\main\java\kr\pe\sinnori\impl\message] creation task start
08:24:47.762 [main] INFO  k.p.s.c.buildsystem.ProjectBuilder - main project[sample_test]'s message client codec file[PublicKeyReq][D:\gitsinnori\sinnori\project\sample_test\client_build\app_build\src\main\java\kr\pe\sinnori\impl\message] creation task end
08:24:47.762 [main] INFO  k.p.s.common.util.CommonStaticUtil - the new child relative direcotry[D:\gitsinnori\sinnori\project\sample_test\client_build\app_build\src\main\java\kr\pe\sinnori\impl\message][PublicKeyRes] was created successfully
08:24:47.762 [main] INFO  k.p.s.c.buildsystem.ProjectBuilder - main project[sample_test]'s message file[PublicKeyRes][D:\gitsinnori\sinnori\project\sample_test\client_build\app_build\src\main\java\kr\pe\sinnori\impl\message] creation task start
08:24:47.778 [main] INFO  k.p.s.c.buildsystem.ProjectBuilder - main project[sample_test]'s message file[PublicKeyRes][D:\gitsinnori\sinnori\project\sample_test\client_build\app_build\src\main\java\kr\pe\sinnori\impl\message] creation task end
08:24:47.778 [main] INFO  k.p.s.c.buildsystem.ProjectBuilder - main project[sample_test]'s message decoder file[PublicKeyRes][D:\gitsinnori\sinnori\project\sample_test\client_build\app_build\src\main\java\kr\pe\sinnori\impl\message] creation task start
08:24:47.793 [main] INFO  k.p.s.c.buildsystem.ProjectBuilder - main project[sample_test]'s message decoder file[PublicKeyRes][D:\gitsinnori\sinnori\project\sample_test\client_build\app_build\src\main\java\kr\pe\sinnori\impl\message] creation task end
08:24:47.793 [main] INFO  k.p.s.c.buildsystem.ProjectBuilder - main project[sample_test]'s message encoder file[PublicKeyRes][D:\gitsinnori\sinnori\project\sample_test\client_build\app_build\src\main\java\kr\pe\sinnori\impl\message] creation task start
08:24:47.809 [main] INFO  k.p.s.c.buildsystem.ProjectBuilder - main project[sample_test]'s message encoder file[PublicKeyRes][D:\gitsinnori\sinnori\project\sample_test\client_build\app_build\src\main\java\kr\pe\sinnori\impl\message] creation task end
08:24:47.809 [main] INFO  k.p.s.c.buildsystem.ProjectBuilder - main project[sample_test]'s message server codec file[PublicKeyRes][D:\gitsinnori\sinnori\project\sample_test\client_build\app_build\src\main\java\kr\pe\sinnori\impl\message] creation task start
08:24:47.809 [main] INFO  k.p.s.c.buildsystem.ProjectBuilder - main project[sample_test]'s message server codec file[PublicKeyRes][D:\gitsinnori\sinnori\project\sample_test\client_build\app_build\src\main\java\kr\pe\sinnori\impl\message] creation task end
08:24:47.809 [main] INFO  k.p.s.c.buildsystem.ProjectBuilder - main project[sample_test]'s message client codec file[PublicKeyRes][D:\gitsinnori\sinnori\project\sample_test\client_build\app_build\src\main\java\kr\pe\sinnori\impl\message] creation task start
08:24:47.809 [main] INFO  k.p.s.c.buildsystem.ProjectBuilder - main project[sample_test]'s message client codec file[PublicKeyRes][D:\gitsinnori\sinnori\project\sample_test\client_build\app_build\src\main\java\kr\pe\sinnori\impl\message] creation task end
08:24:47.809 [main] INFO  k.p.s.c.buildsystem.ProjectBuilder - main project[sample_test]'s application client message io file set creation task end
08:24:47.809 [main] INFO  k.p.s.c.buildsystem.ProjectBuilder - mainproject[sample_test]'s application client build system files creation task end
08:24:47.809 [main] INFO  k.p.s.c.buildsystem.ProjectBuilder - main project[sample_test]'s web client build path deletion task start
08:24:47.841 [main] INFO  k.p.s.c.buildsystem.ProjectBuilder - main project[sample_test]'s web client build path deletion task end
08:24:47.841 [main] INFO  k.p.s.c.buildsystem.ProjectBuilder - main project[sample_test]'s web root path deletion task start
08:24:47.843 [main] INFO  k.p.s.c.buildsystem.ProjectBuilder - main project[sample_test]'s web root path deletion task end
08:24:47.843 [main] INFO  k.p.s.c.buildsystem.ProjectBuilder - main project[sample_test]'s config file overwrite task start
08:24:47.847 [main] INFO  k.p.s.c.buildsystem.ProjectBuilder - main project[sample_test]'s config file overwrite task end
08:24:47.847 [main] INFO  k.p.s.c.buildsystem.ProjectBuilder - main project[sample_test] changeProjectState method end
08:24:47.847 [main] INFO  k.p.s.c.buildsystem.ProjectBuilder - the server ant build.xml file[D:\gitsinnori\sinnori\project\sample_test\server_build\build.xml] is bad :: whetherExist[false] isFile[false]
08:24:47.847 [main] INFO  k.p.s.c.buildsystem.ProjectBuilder - the web client ant build.xml file[D:\gitsinnori\sinnori\project\sample_test\client_build\web_build\build.xml] is bad :: whetherExist[false] isFile[false]
08:24:47.847 [main] INFO  k.p.s.c.buildsystem.ProjectBuilder - the web.xml file[D:\gitsinnori\sinnori\project\sample_test\web_app_base\ROOT\WEB-INF\web.xml] located at web root directory is bad :: whetherExist[false] isFile[false]
08:24:47.847 [main] INFO  k.p.s.c.buildsystem.ProjectBuilder - main project[sample_test] changeProjectState method start
08:24:47.847 [main] INFO  k.p.s.c.buildsystem.ProjectBuilder - the server ant build.xml file[D:\gitsinnori\sinnori\project\sample_test\server_build\build.xml] is bad :: whetherExist[false] isFile[false]
08:24:47.847 [main] WARN  k.p.s.c.buildsystem.ProjectBuilder - the server buid.xml file[D:\gitsinnori\sinnori\project\sample_test\server_build\build.xml] is bad beacse it doesn't exist or is not a file, so skip deletion of server build system
08:24:47.847 [main] WARN  k.p.s.c.buildsystem.ProjectBuilder - the app client build path[D:\gitsinnori\sinnori\project\sample_test\client_build\app_build] exist, so skip creation of app client build system
08:24:47.847 [main] INFO  k.p.s.c.buildsystem.ProjectBuilder - main project[sample_test]'s web build child direcotry creation task start
08:24:47.847 [main] INFO  k.p.s.common.util.CommonStaticUtil - the new child relative direcotry[D:\gitsinnori\sinnori\project\sample_test][client_build/web_build/corelib/ex] was created successfully
08:24:47.893 [main] INFO  k.p.s.common.util.CommonStaticUtil - the new child relative direcotry[D:\gitsinnori\sinnori\project\sample_test][client_build/web_build/corelib/in] was created successfully
08:24:47.893 [main] INFO  k.p.s.common.util.CommonStaticUtil - the new child relative direcotry[D:\gitsinnori\sinnori\project\sample_test][client_build/web_build/lib/main/ex] was created successfully
08:24:47.893 [main] INFO  k.p.s.common.util.CommonStaticUtil - the new child relative direcotry[D:\gitsinnori\sinnori\project\sample_test][client_build/web_build/lib/main/in] was created successfully
08:24:47.893 [main] INFO  k.p.s.common.util.CommonStaticUtil - the new child relative direcotry[D:\gitsinnori\sinnori\project\sample_test][client_build/web_build/lib/test] was created successfully
08:24:47.893 [main] INFO  k.p.s.common.util.CommonStaticUtil - the new child relative direcotry[D:\gitsinnori\sinnori\project\sample_test][client_build/web_build/src/main/java/kr/pe/sinnori/impl/message] was created successfully
08:24:47.893 [main] INFO  k.p.s.common.util.CommonStaticUtil - the new child relative direcotry[D:\gitsinnori\sinnori\project\sample_test][client_build/web_build/src/main/java//kr/pe/sinnori/servlet] was created successfully
08:24:47.893 [main] INFO  k.p.s.common.util.CommonStaticUtil - the new child relative direcotry[D:\gitsinnori\sinnori\project\sample_test][client_build/web_build/src/main/java/kr/pe/sinnori/weblib/common] was created successfully
08:24:47.893 [main] INFO  k.p.s.common.util.CommonStaticUtil - the new child relative direcotry[D:\gitsinnori\sinnori\project\sample_test][client_build/web_build/src/main/java/kr/pe/sinnori/weblib/htmlstring] was created successfully
08:24:47.909 [main] INFO  k.p.s.common.util.CommonStaticUtil - the new child relative direcotry[D:\gitsinnori\sinnori\project\sample_test][client_build/web_build/src/main/java/kr/pe/sinnori/weblib/jdf] was created successfully
08:24:47.909 [main] INFO  k.p.s.common.util.CommonStaticUtil - the new child relative direcotry[D:\gitsinnori\sinnori\project\sample_test][client_build/web_build/src/test/java] was created successfully
08:24:47.909 [main] INFO  k.p.s.common.util.CommonStaticUtil - the new child relative direcotry[D:\gitsinnori\sinnori\project\sample_test][client_build/web_build/build] was created successfully
08:24:47.909 [main] INFO  k.p.s.common.util.CommonStaticUtil - the new child relative direcotry[D:\gitsinnori\sinnori\project\sample_test][client_build/web_build/dist] was created successfully
08:24:47.909 [main] INFO  k.p.s.c.buildsystem.ProjectBuilder - main project[sample_test]'s web build child direcotry creation task end
08:24:47.909 [main] INFO  k.p.s.c.buildsystem.ProjectBuilder - main project[sample_test]'s web client build system files creation task start
08:24:47.909 [main] INFO  k.p.s.c.buildsystem.ProjectBuilder - main project[sample_test]'s web client ant build.xml file creation task start
08:24:47.909 [main] INFO  k.p.s.c.buildsystem.ProjectBuilder - main project[sample_test]'s web client ant build.xml file creation task end
08:24:47.909 [main] INFO  k.p.s.c.buildsystem.ProjectBuilder - main project[sample_test]'s web client ant properties file creation task start
08:24:47.909 [main] INFO  k.p.s.c.util.SequencedPropertiesUtil - the sequenced properties file[D:\gitsinnori\sinnori\project\sample_test\client_build\web_build\webAnt.properties] was created
08:24:47.909 [main] INFO  k.p.s.c.buildsystem.ProjectBuilder - main project[sample_test]'s web client ant properties file creation task end
08:24:47.909 [main] INFO  k.p.s.c.buildsystem.ProjectBuilder - main project[sample_test]'s web client message io file set creation task start
08:24:47.909 [main] INFO  k.p.s.common.util.CommonStaticUtil - the new child relative direcotry[D:\gitsinnori\sinnori\project\sample_test\client_build\web_build\src\main\java\kr\pe\sinnori\impl\message][Echo] was created successfully
08:24:47.909 [main] INFO  k.p.s.c.buildsystem.ProjectBuilder - main project[sample_test]'s message file[Echo][D:\gitsinnori\sinnori\project\sample_test\client_build\web_build\src\main\java\kr\pe\sinnori\impl\message] creation task start
08:24:47.925 [main] INFO  k.p.s.c.buildsystem.ProjectBuilder - main project[sample_test]'s message file[Echo][D:\gitsinnori\sinnori\project\sample_test\client_build\web_build\src\main\java\kr\pe\sinnori\impl\message] creation task end
08:24:47.925 [main] INFO  k.p.s.c.buildsystem.ProjectBuilder - main project[sample_test]'s message decoder file[Echo][D:\gitsinnori\sinnori\project\sample_test\client_build\web_build\src\main\java\kr\pe\sinnori\impl\message] creation task start
08:24:47.925 [main] INFO  k.p.s.c.buildsystem.ProjectBuilder - main project[sample_test]'s message decoder file[Echo][D:\gitsinnori\sinnori\project\sample_test\client_build\web_build\src\main\java\kr\pe\sinnori\impl\message] creation task end
08:24:47.925 [main] INFO  k.p.s.c.buildsystem.ProjectBuilder - main project[sample_test]'s message encoder file[Echo][D:\gitsinnori\sinnori\project\sample_test\client_build\web_build\src\main\java\kr\pe\sinnori\impl\message] creation task start
08:24:47.925 [main] INFO  k.p.s.c.buildsystem.ProjectBuilder - main project[sample_test]'s message encoder file[Echo][D:\gitsinnori\sinnori\project\sample_test\client_build\web_build\src\main\java\kr\pe\sinnori\impl\message] creation task end
08:24:47.925 [main] INFO  k.p.s.c.buildsystem.ProjectBuilder - main project[sample_test]'s message server codec file[Echo][D:\gitsinnori\sinnori\project\sample_test\client_build\web_build\src\main\java\kr\pe\sinnori\impl\message] creation task start
08:24:47.943 [main] INFO  k.p.s.c.buildsystem.ProjectBuilder - main project[sample_test]'s message server codec file[Echo][D:\gitsinnori\sinnori\project\sample_test\client_build\web_build\src\main\java\kr\pe\sinnori\impl\message] creation task end
08:24:47.943 [main] INFO  k.p.s.c.buildsystem.ProjectBuilder - main project[sample_test]'s message client codec file[Echo][D:\gitsinnori\sinnori\project\sample_test\client_build\web_build\src\main\java\kr\pe\sinnori\impl\message] creation task start
08:24:47.945 [main] INFO  k.p.s.c.buildsystem.ProjectBuilder - main project[sample_test]'s message client codec file[Echo][D:\gitsinnori\sinnori\project\sample_test\client_build\web_build\src\main\java\kr\pe\sinnori\impl\message] creation task end
08:24:47.945 [main] INFO  k.p.s.common.util.CommonStaticUtil - the new child relative direcotry[D:\gitsinnori\sinnori\project\sample_test\client_build\web_build\src\main\java\kr\pe\sinnori\impl\message][PublicKeyReq] was created successfully
08:24:47.945 [main] INFO  k.p.s.c.buildsystem.ProjectBuilder - main project[sample_test]'s message file[PublicKeyReq][D:\gitsinnori\sinnori\project\sample_test\client_build\web_build\src\main\java\kr\pe\sinnori\impl\message] creation task start
08:24:47.947 [main] INFO  k.p.s.c.buildsystem.ProjectBuilder - main project[sample_test]'s message file[PublicKeyReq][D:\gitsinnori\sinnori\project\sample_test\client_build\web_build\src\main\java\kr\pe\sinnori\impl\message] creation task end
08:24:47.947 [main] INFO  k.p.s.c.buildsystem.ProjectBuilder - main project[sample_test]'s message decoder file[PublicKeyReq][D:\gitsinnori\sinnori\project\sample_test\client_build\web_build\src\main\java\kr\pe\sinnori\impl\message] creation task start
08:24:47.947 [main] INFO  k.p.s.c.buildsystem.ProjectBuilder - main project[sample_test]'s message decoder file[PublicKeyReq][D:\gitsinnori\sinnori\project\sample_test\client_build\web_build\src\main\java\kr\pe\sinnori\impl\message] creation task end
08:24:47.947 [main] INFO  k.p.s.c.buildsystem.ProjectBuilder - main project[sample_test]'s message encoder file[PublicKeyReq][D:\gitsinnori\sinnori\project\sample_test\client_build\web_build\src\main\java\kr\pe\sinnori\impl\message] creation task start
08:24:47.947 [main] INFO  k.p.s.c.buildsystem.ProjectBuilder - main project[sample_test]'s message encoder file[PublicKeyReq][D:\gitsinnori\sinnori\project\sample_test\client_build\web_build\src\main\java\kr\pe\sinnori\impl\message] creation task end
08:24:47.947 [main] INFO  k.p.s.c.buildsystem.ProjectBuilder - main project[sample_test]'s message server codec file[PublicKeyReq][D:\gitsinnori\sinnori\project\sample_test\client_build\web_build\src\main\java\kr\pe\sinnori\impl\message] creation task start
08:24:47.947 [main] INFO  k.p.s.c.buildsystem.ProjectBuilder - main project[sample_test]'s message server codec file[PublicKeyReq][D:\gitsinnori\sinnori\project\sample_test\client_build\web_build\src\main\java\kr\pe\sinnori\impl\message] creation task end
08:24:47.947 [main] INFO  k.p.s.c.buildsystem.ProjectBuilder - main project[sample_test]'s message client codec file[PublicKeyReq][D:\gitsinnori\sinnori\project\sample_test\client_build\web_build\src\main\java\kr\pe\sinnori\impl\message] creation task start
08:24:47.947 [main] INFO  k.p.s.c.buildsystem.ProjectBuilder - main project[sample_test]'s message client codec file[PublicKeyReq][D:\gitsinnori\sinnori\project\sample_test\client_build\web_build\src\main\java\kr\pe\sinnori\impl\message] creation task end
08:24:47.947 [main] INFO  k.p.s.common.util.CommonStaticUtil - the new child relative direcotry[D:\gitsinnori\sinnori\project\sample_test\client_build\web_build\src\main\java\kr\pe\sinnori\impl\message][PublicKeyRes] was created successfully
08:24:48.025 [main] INFO  k.p.s.c.buildsystem.ProjectBuilder - main project[sample_test]'s message file[PublicKeyRes][D:\gitsinnori\sinnori\project\sample_test\client_build\web_build\src\main\java\kr\pe\sinnori\impl\message] creation task start
08:24:48.025 [main] INFO  k.p.s.c.buildsystem.ProjectBuilder - main project[sample_test]'s message file[PublicKeyRes][D:\gitsinnori\sinnori\project\sample_test\client_build\web_build\src\main\java\kr\pe\sinnori\impl\message] creation task end
08:24:48.025 [main] INFO  k.p.s.c.buildsystem.ProjectBuilder - main project[sample_test]'s message decoder file[PublicKeyRes][D:\gitsinnori\sinnori\project\sample_test\client_build\web_build\src\main\java\kr\pe\sinnori\impl\message] creation task start
08:24:48.025 [main] INFO  k.p.s.c.buildsystem.ProjectBuilder - main project[sample_test]'s message decoder file[PublicKeyRes][D:\gitsinnori\sinnori\project\sample_test\client_build\web_build\src\main\java\kr\pe\sinnori\impl\message] creation task end
08:24:48.025 [main] INFO  k.p.s.c.buildsystem.ProjectBuilder - main project[sample_test]'s message encoder file[PublicKeyRes][D:\gitsinnori\sinnori\project\sample_test\client_build\web_build\src\main\java\kr\pe\sinnori\impl\message] creation task start
08:24:48.025 [main] INFO  k.p.s.c.buildsystem.ProjectBuilder - main project[sample_test]'s message encoder file[PublicKeyRes][D:\gitsinnori\sinnori\project\sample_test\client_build\web_build\src\main\java\kr\pe\sinnori\impl\message] creation task end
08:24:48.025 [main] INFO  k.p.s.c.buildsystem.ProjectBuilder - main project[sample_test]'s message server codec file[PublicKeyRes][D:\gitsinnori\sinnori\project\sample_test\client_build\web_build\src\main\java\kr\pe\sinnori\impl\message] creation task start
08:24:48.042 [main] INFO  k.p.s.c.buildsystem.ProjectBuilder - main project[sample_test]'s message server codec file[PublicKeyRes][D:\gitsinnori\sinnori\project\sample_test\client_build\web_build\src\main\java\kr\pe\sinnori\impl\message] creation task end
08:24:48.042 [main] INFO  k.p.s.c.buildsystem.ProjectBuilder - main project[sample_test]'s message client codec file[PublicKeyRes][D:\gitsinnori\sinnori\project\sample_test\client_build\web_build\src\main\java\kr\pe\sinnori\impl\message] creation task start
08:24:48.044 [main] INFO  k.p.s.c.buildsystem.ProjectBuilder - main project[sample_test]'s message client codec file[PublicKeyRes][D:\gitsinnori\sinnori\project\sample_test\client_build\web_build\src\main\java\kr\pe\sinnori\impl\message] creation task end
08:24:48.044 [main] INFO  k.p.s.c.buildsystem.ProjectBuilder - main project[sample_test]'s web client message io file set creation task end
08:24:48.044 [main] INFO  k.p.s.c.buildsystem.ProjectBuilder - mainproject[sample_test]'s web client sample source files copy task start
08:24:48.094 [main] INFO  k.p.s.c.buildsystem.ProjectBuilder - mainproject[sample_test]'s web client sample source files copy task end
08:24:48.094 [main] INFO  k.p.s.c.buildsystem.ProjectBuilder - main project[sample_test]'s web client build system files creation task end
08:24:48.094 [main] INFO  k.p.s.c.buildsystem.ProjectBuilder - main project[sample_test]'s web root child direcotry creation task start
08:24:48.094 [main] INFO  k.p.s.common.util.CommonStaticUtil - the child relative direcotry[D:\gitsinnori\sinnori\project\sample_test][web_app_base/upload] exist, so nothing
08:24:48.094 [main] INFO  k.p.s.common.util.CommonStaticUtil - the new child relative direcotry[D:\gitsinnori\sinnori\project\sample_test][web_app_base/ROOT/WEB-INF/classes] was created successfully
08:24:48.094 [main] INFO  k.p.s.common.util.CommonStaticUtil - the new child relative direcotry[D:\gitsinnori\sinnori\project\sample_test][web_app_base/ROOT/WEB-INF/lib] was created successfully
08:24:48.094 [main] INFO  k.p.s.c.buildsystem.ProjectBuilder - main project[sample_test]'s web root child direcotry creation task end
08:24:48.094 [main] INFO  k.p.s.c.buildsystem.ProjectBuilder - main project[sample_test]'s web root sample files creation task start
08:24:48.094 [main] INFO  k.p.s.c.buildsystem.ProjectBuilder - main project[sample_test]'s web root sample files copy task start
08:24:48.094 [main] INFO  k.p.s.c.buildsystem.ProjectBuilder - main project[sample_test]'s web root sample files copy task end
08:24:48.094 [main] INFO  k.p.s.c.buildsystem.ProjectBuilder - main project[sample_test]'s web root sample files creation task end
08:24:48.094 [main] INFO  k.p.s.c.buildsystem.ProjectBuilder - main project[sample_test]'s config file overwrite task start
08:24:48.094 [main] INFO  k.p.s.c.buildsystem.ProjectBuilder - main project[sample_test]'s config file overwrite task end
08:24:48.094 [main] INFO  k.p.s.c.buildsystem.ProjectBuilder - main project[sample_test] changeProjectState method end
08:24:48.094 [main] INFO  k.p.s.c.buildsystem.ProjectBuilder - the server ant build.xml file[D:\gitsinnori\sinnori\project\sample_test\server_build\build.xml] is bad :: whetherExist[false] isFile[false]
08:24:48.125 [main] INFO  k.p.s.c.buildsystem.ProjectBuilder - main project[sample_test] changeProjectState method start
08:24:48.125 [main] INFO  k.p.s.c.buildsystem.ProjectBuilder - main project[sample_test]'s server child direcotry creation task start
08:24:48.125 [main] INFO  k.p.s.common.util.CommonStaticUtil - the new child relative direcotry[D:\gitsinnori\sinnori\project\sample_test][server_build/APP-INF/classes] was created successfully
08:24:48.125 [main] INFO  k.p.s.common.util.CommonStaticUtil - the new child relative direcotry[D:\gitsinnori\sinnori\project\sample_test][server_build/corelib/ex] was created successfully
08:24:48.125 [main] INFO  k.p.s.common.util.CommonStaticUtil - the new child relative direcotry[D:\gitsinnori\sinnori\project\sample_test][server_build/corelib/in] was created successfully
08:24:48.125 [main] INFO  k.p.s.common.util.CommonStaticUtil - the new child relative direcotry[D:\gitsinnori\sinnori\project\sample_test][server_build/lib/main/ex] was created successfully
08:24:48.125 [main] INFO  k.p.s.common.util.CommonStaticUtil - the new child relative direcotry[D:\gitsinnori\sinnori\project\sample_test][server_build/lib/main/in] was created successfully
08:24:48.125 [main] INFO  k.p.s.common.util.CommonStaticUtil - the new child relative direcotry[D:\gitsinnori\sinnori\project\sample_test][server_build/lib/test] was created successfully
08:24:48.125 [main] INFO  k.p.s.common.util.CommonStaticUtil - the new child relative direcotry[D:\gitsinnori\sinnori\project\sample_test][server_build/src/main/java/kr/pe/sinnori/impl/servertask] was created successfully
08:24:48.125 [main] INFO  k.p.s.common.util.CommonStaticUtil - the new child relative direcotry[D:\gitsinnori\sinnori\project\sample_test][server_build/src/main/java/kr/pe/sinnori/impl/message] was created successfully
08:24:48.125 [main] INFO  k.p.s.common.util.CommonStaticUtil - the new child relative direcotry[D:\gitsinnori\sinnori\project\sample_test][server_build/src/main/java/main] was created successfully
08:24:48.125 [main] INFO  k.p.s.common.util.CommonStaticUtil - the new child relative direcotry[D:\gitsinnori\sinnori\project\sample_test][server_build/src/test/java] was created successfully
08:24:48.125 [main] INFO  k.p.s.common.util.CommonStaticUtil - the new child relative direcotry[D:\gitsinnori\sinnori\project\sample_test][server_build/build] was created successfully
08:24:48.125 [main] INFO  k.p.s.common.util.CommonStaticUtil - the new child relative direcotry[D:\gitsinnori\sinnori\project\sample_test][server_build/dist] was created successfully
08:24:48.125 [main] INFO  k.p.s.c.buildsystem.ProjectBuilder - main project[sample_test]'s server child direcotry creation task end
08:24:48.125 [main] INFO  k.p.s.c.buildsystem.ProjectBuilder - server build system files creation task start
08:24:48.125 [main] INFO  k.p.s.c.buildsystem.ProjectBuilder - main project[sample_test]'s server ant build.xml file creation task start
08:24:48.125 [main] INFO  k.p.s.c.buildsystem.ProjectBuilder - main project[sample_test]'s server ant build.xml file creation task end
08:24:48.125 [main] INFO  k.p.s.c.buildsystem.ProjectBuilder - main project[sample_test]'s server dos shell file creation task start
08:24:48.125 [main] INFO  k.p.s.c.buildsystem.ProjectBuilder - main project[sample_test]'s server dos shell file creation task end
08:24:48.125 [main] INFO  k.p.s.c.buildsystem.ProjectBuilder - main project[sample_test]'s server unix shell file creation task start
08:24:48.125 [main] INFO  k.p.s.c.buildsystem.ProjectBuilder - main project[sample_test]'s server unix shell file creation task end
08:24:48.125 [main] INFO  k.p.s.c.buildsystem.ProjectBuilder - server sample source files copy task start
08:24:48.146 [main] INFO  k.p.s.c.buildsystem.ProjectBuilder - server sample source files copy task end
08:24:48.146 [main] INFO  k.p.s.c.buildsystem.ProjectBuilder - main project[sample_test]'s server message io file set creation task start
08:24:48.146 [main] INFO  k.p.s.common.util.CommonStaticUtil - the new child relative direcotry[D:\gitsinnori\sinnori\project\sample_test\server_build\src\main\java\kr\pe\sinnori\impl\message][Echo] was created successfully
08:24:48.146 [main] INFO  k.p.s.c.buildsystem.ProjectBuilder - main project[sample_test]'s message file[Echo][D:\gitsinnori\sinnori\project\sample_test\server_build\src\main\java\kr\pe\sinnori\impl\message] creation task start
08:24:48.146 [main] INFO  k.p.s.c.buildsystem.ProjectBuilder - main project[sample_test]'s message file[Echo][D:\gitsinnori\sinnori\project\sample_test\server_build\src\main\java\kr\pe\sinnori\impl\message] creation task end
08:24:48.146 [main] INFO  k.p.s.c.buildsystem.ProjectBuilder - main project[sample_test]'s message decoder file[Echo][D:\gitsinnori\sinnori\project\sample_test\server_build\src\main\java\kr\pe\sinnori\impl\message] creation task start
08:24:48.146 [main] INFO  k.p.s.c.buildsystem.ProjectBuilder - main project[sample_test]'s message decoder file[Echo][D:\gitsinnori\sinnori\project\sample_test\server_build\src\main\java\kr\pe\sinnori\impl\message] creation task end
08:24:48.146 [main] INFO  k.p.s.c.buildsystem.ProjectBuilder - main project[sample_test]'s message encoder file[Echo][D:\gitsinnori\sinnori\project\sample_test\server_build\src\main\java\kr\pe\sinnori\impl\message] creation task start
08:24:48.146 [main] INFO  k.p.s.c.buildsystem.ProjectBuilder - main project[sample_test]'s message encoder file[Echo][D:\gitsinnori\sinnori\project\sample_test\server_build\src\main\java\kr\pe\sinnori\impl\message] creation task end
08:24:48.146 [main] INFO  k.p.s.c.buildsystem.ProjectBuilder - main project[sample_test]'s message server codec file[Echo][D:\gitsinnori\sinnori\project\sample_test\server_build\src\main\java\kr\pe\sinnori\impl\message] creation task start
08:24:48.146 [main] INFO  k.p.s.c.buildsystem.ProjectBuilder - main project[sample_test]'s message server codec file[Echo][D:\gitsinnori\sinnori\project\sample_test\server_build\src\main\java\kr\pe\sinnori\impl\message] creation task end
08:24:48.146 [main] INFO  k.p.s.c.buildsystem.ProjectBuilder - main project[sample_test]'s message client codec file[Echo][D:\gitsinnori\sinnori\project\sample_test\server_build\src\main\java\kr\pe\sinnori\impl\message] creation task start
08:24:48.162 [main] INFO  k.p.s.c.buildsystem.ProjectBuilder - main project[sample_test]'s message client codec file[Echo][D:\gitsinnori\sinnori\project\sample_test\server_build\src\main\java\kr\pe\sinnori\impl\message] creation task end
08:24:48.162 [main] INFO  k.p.s.common.util.CommonStaticUtil - the new child relative direcotry[D:\gitsinnori\sinnori\project\sample_test\server_build\src\main\java\kr\pe\sinnori\impl\message][PublicKeyReq] was created successfully
08:24:48.162 [main] INFO  k.p.s.c.buildsystem.ProjectBuilder - main project[sample_test]'s message file[PublicKeyReq][D:\gitsinnori\sinnori\project\sample_test\server_build\src\main\java\kr\pe\sinnori\impl\message] creation task start
08:24:48.162 [main] INFO  k.p.s.c.buildsystem.ProjectBuilder - main project[sample_test]'s message file[PublicKeyReq][D:\gitsinnori\sinnori\project\sample_test\server_build\src\main\java\kr\pe\sinnori\impl\message] creation task end
08:24:48.162 [main] INFO  k.p.s.c.buildsystem.ProjectBuilder - main project[sample_test]'s message decoder file[PublicKeyReq][D:\gitsinnori\sinnori\project\sample_test\server_build\src\main\java\kr\pe\sinnori\impl\message] creation task start
08:24:48.162 [main] INFO  k.p.s.c.buildsystem.ProjectBuilder - main project[sample_test]'s message decoder file[PublicKeyReq][D:\gitsinnori\sinnori\project\sample_test\server_build\src\main\java\kr\pe\sinnori\impl\message] creation task end
08:24:48.162 [main] INFO  k.p.s.c.buildsystem.ProjectBuilder - main project[sample_test]'s message encoder file[PublicKeyReq][D:\gitsinnori\sinnori\project\sample_test\server_build\src\main\java\kr\pe\sinnori\impl\message] creation task start
08:24:48.246 [main] INFO  k.p.s.c.buildsystem.ProjectBuilder - main project[sample_test]'s message encoder file[PublicKeyReq][D:\gitsinnori\sinnori\project\sample_test\server_build\src\main\java\kr\pe\sinnori\impl\message] creation task end
08:24:48.246 [main] INFO  k.p.s.c.buildsystem.ProjectBuilder - main project[sample_test]'s message server codec file[PublicKeyReq][D:\gitsinnori\sinnori\project\sample_test\server_build\src\main\java\kr\pe\sinnori\impl\message] creation task start
08:24:48.247 [main] INFO  k.p.s.c.buildsystem.ProjectBuilder - main project[sample_test]'s message server codec file[PublicKeyReq][D:\gitsinnori\sinnori\project\sample_test\server_build\src\main\java\kr\pe\sinnori\impl\message] creation task end
08:24:48.247 [main] INFO  k.p.s.c.buildsystem.ProjectBuilder - main project[sample_test]'s message client codec file[PublicKeyReq][D:\gitsinnori\sinnori\project\sample_test\server_build\src\main\java\kr\pe\sinnori\impl\message] creation task start
08:24:48.247 [main] INFO  k.p.s.c.buildsystem.ProjectBuilder - main project[sample_test]'s message client codec file[PublicKeyReq][D:\gitsinnori\sinnori\project\sample_test\server_build\src\main\java\kr\pe\sinnori\impl\message] creation task end
08:24:48.247 [main] INFO  k.p.s.common.util.CommonStaticUtil - the new child relative direcotry[D:\gitsinnori\sinnori\project\sample_test\server_build\src\main\java\kr\pe\sinnori\impl\message][PublicKeyRes] was created successfully
08:24:48.247 [main] INFO  k.p.s.c.buildsystem.ProjectBuilder - main project[sample_test]'s message file[PublicKeyRes][D:\gitsinnori\sinnori\project\sample_test\server_build\src\main\java\kr\pe\sinnori\impl\message] creation task start
08:24:48.247 [main] INFO  k.p.s.c.buildsystem.ProjectBuilder - main project[sample_test]'s message file[PublicKeyRes][D:\gitsinnori\sinnori\project\sample_test\server_build\src\main\java\kr\pe\sinnori\impl\message] creation task end
08:24:48.247 [main] INFO  k.p.s.c.buildsystem.ProjectBuilder - main project[sample_test]'s message decoder file[PublicKeyRes][D:\gitsinnori\sinnori\project\sample_test\server_build\src\main\java\kr\pe\sinnori\impl\message] creation task start
08:24:48.247 [main] INFO  k.p.s.c.buildsystem.ProjectBuilder - main project[sample_test]'s message decoder file[PublicKeyRes][D:\gitsinnori\sinnori\project\sample_test\server_build\src\main\java\kr\pe\sinnori\impl\message] creation task end
08:24:48.247 [main] INFO  k.p.s.c.buildsystem.ProjectBuilder - main project[sample_test]'s message encoder file[PublicKeyRes][D:\gitsinnori\sinnori\project\sample_test\server_build\src\main\java\kr\pe\sinnori\impl\message] creation task start
08:24:48.263 [main] INFO  k.p.s.c.buildsystem.ProjectBuilder - main project[sample_test]'s message encoder file[PublicKeyRes][D:\gitsinnori\sinnori\project\sample_test\server_build\src\main\java\kr\pe\sinnori\impl\message] creation task end
08:24:48.263 [main] INFO  k.p.s.c.buildsystem.ProjectBuilder - main project[sample_test]'s message server codec file[PublicKeyRes][D:\gitsinnori\sinnori\project\sample_test\server_build\src\main\java\kr\pe\sinnori\impl\message] creation task start
08:24:48.263 [main] INFO  k.p.s.c.buildsystem.ProjectBuilder - main project[sample_test]'s message server codec file[PublicKeyRes][D:\gitsinnori\sinnori\project\sample_test\server_build\src\main\java\kr\pe\sinnori\impl\message] creation task end
08:24:48.263 [main] INFO  k.p.s.c.buildsystem.ProjectBuilder - main project[sample_test]'s message client codec file[PublicKeyRes][D:\gitsinnori\sinnori\project\sample_test\server_build\src\main\java\kr\pe\sinnori\impl\message] creation task start
08:24:48.263 [main] INFO  k.p.s.c.buildsystem.ProjectBuilder - main project[sample_test]'s message client codec file[PublicKeyRes][D:\gitsinnori\sinnori\project\sample_test\server_build\src\main\java\kr\pe\sinnori\impl\message] creation task end
08:24:48.263 [main] INFO  k.p.s.c.buildsystem.ProjectBuilder - main project[sample_test]'s server message io file set creation task end
08:24:48.263 [main] INFO  k.p.s.c.buildsystem.ProjectBuilder - server build system files creation task end
08:24:48.263 [main] INFO  k.p.s.c.buildsystem.ProjectBuilder - mainproject[sample_test]'s application client build path deletion task start
08:24:48.278 [main] INFO  k.p.s.c.buildsystem.ProjectBuilder - mainproject[sample_test]'s application client build path deletion task end
08:24:48.278 [main] INFO  k.p.s.c.buildsystem.ProjectBuilder - main project[sample_test]'s web client build path deletion task start
08:24:48.294 [main] INFO  k.p.s.c.buildsystem.ProjectBuilder - main project[sample_test]'s web client build path deletion task end
08:24:48.294 [main] INFO  k.p.s.c.buildsystem.ProjectBuilder - main project[sample_test]'s web root path deletion task start
08:24:48.294 [main] INFO  k.p.s.c.buildsystem.ProjectBuilder - main project[sample_test]'s web root path deletion task end
08:24:48.294 [main] INFO  k.p.s.c.buildsystem.ProjectBuilder - main project[sample_test]'s config file overwrite task start
08:24:48.294 [main] INFO  k.p.s.c.buildsystem.ProjectBuilder - main project[sample_test]'s config file overwrite task end
08:24:48.294 [main] INFO  k.p.s.c.buildsystem.ProjectBuilder - main project[sample_test] changeProjectState method end
08:24:48.294 [main] INFO  k.p.s.c.buildsystem.ProjectBuilder - the app client ant build.xml file[D:\gitsinnori\sinnori\project\sample_test\client_build\app_build\build.xml] is bad :: whetherExist[false] isFile[false]
08:24:48.294 [main] INFO  k.p.s.c.buildsystem.ProjectBuilder - the web client ant build.xml file[D:\gitsinnori\sinnori\project\sample_test\client_build\web_build\build.xml] is bad :: whetherExist[false] isFile[false]
08:24:48.294 [main] INFO  k.p.s.c.buildsystem.ProjectBuilder - the web.xml file[D:\gitsinnori\sinnori\project\sample_test\web_app_base\ROOT\WEB-INF\web.xml] located at web root directory is bad :: whetherExist[false] isFile[false]
08:24:48.294 [main] INFO  k.p.s.c.buildsystem.ProjectBuilder - main project[sample_test] changeProjectState method start
08:24:48.294 [main] WARN  k.p.s.c.buildsystem.ProjectBuilder - the server build path[D:\gitsinnori\sinnori\project\sample_test\server_build] exist, so skip creation of server build system
08:24:48.294 [main] INFO  k.p.s.c.buildsystem.ProjectBuilder - the app client ant build.xml file[D:\gitsinnori\sinnori\project\sample_test\client_build\app_build\build.xml] is bad :: whetherExist[false] isFile[false]
08:24:48.362 [main] WARN  k.p.s.c.buildsystem.ProjectBuilder - the app client buid.xml file[D:\gitsinnori\sinnori\project\sample_test\client_build\app_build\build.xml] is bad beacse it doesn't exist or is not a file, so skip deletion of app client build system
08:24:48.362 [main] INFO  k.p.s.c.buildsystem.ProjectBuilder - main project[sample_test]'s web build child direcotry creation task start
08:24:48.362 [main] INFO  k.p.s.common.util.CommonStaticUtil - the new child relative direcotry[D:\gitsinnori\sinnori\project\sample_test][client_build/web_build/corelib/ex] was created successfully
08:24:48.362 [main] INFO  k.p.s.common.util.CommonStaticUtil - the new child relative direcotry[D:\gitsinnori\sinnori\project\sample_test][client_build/web_build/corelib/in] was created successfully
08:24:48.362 [main] INFO  k.p.s.common.util.CommonStaticUtil - the new child relative direcotry[D:\gitsinnori\sinnori\project\sample_test][client_build/web_build/lib/main/ex] was created successfully
08:24:48.362 [main] INFO  k.p.s.common.util.CommonStaticUtil - the new child relative direcotry[D:\gitsinnori\sinnori\project\sample_test][client_build/web_build/lib/main/in] was created successfully
08:24:48.362 [main] INFO  k.p.s.common.util.CommonStaticUtil - the new child relative direcotry[D:\gitsinnori\sinnori\project\sample_test][client_build/web_build/lib/test] was created successfully
08:24:48.378 [main] INFO  k.p.s.common.util.CommonStaticUtil - the new child relative direcotry[D:\gitsinnori\sinnori\project\sample_test][client_build/web_build/src/main/java/kr/pe/sinnori/impl/message] was created successfully
08:24:48.378 [main] INFO  k.p.s.common.util.CommonStaticUtil - the new child relative direcotry[D:\gitsinnori\sinnori\project\sample_test][client_build/web_build/src/main/java//kr/pe/sinnori/servlet] was created successfully
08:24:48.378 [main] INFO  k.p.s.common.util.CommonStaticUtil - the new child relative direcotry[D:\gitsinnori\sinnori\project\sample_test][client_build/web_build/src/main/java/kr/pe/sinnori/weblib/common] was created successfully
08:24:48.378 [main] INFO  k.p.s.common.util.CommonStaticUtil - the new child relative direcotry[D:\gitsinnori\sinnori\project\sample_test][client_build/web_build/src/main/java/kr/pe/sinnori/weblib/htmlstring] was created successfully
08:24:48.378 [main] INFO  k.p.s.common.util.CommonStaticUtil - the new child relative direcotry[D:\gitsinnori\sinnori\project\sample_test][client_build/web_build/src/main/java/kr/pe/sinnori/weblib/jdf] was created successfully
08:24:48.378 [main] INFO  k.p.s.common.util.CommonStaticUtil - the new child relative direcotry[D:\gitsinnori\sinnori\project\sample_test][client_build/web_build/src/test/java] was created successfully
08:24:48.378 [main] INFO  k.p.s.common.util.CommonStaticUtil - the new child relative direcotry[D:\gitsinnori\sinnori\project\sample_test][client_build/web_build/build] was created successfully
08:24:48.378 [main] INFO  k.p.s.common.util.CommonStaticUtil - the new child relative direcotry[D:\gitsinnori\sinnori\project\sample_test][client_build/web_build/dist] was created successfully
08:24:48.378 [main] INFO  k.p.s.c.buildsystem.ProjectBuilder - main project[sample_test]'s web build child direcotry creation task end
08:24:48.378 [main] INFO  k.p.s.c.buildsystem.ProjectBuilder - main project[sample_test]'s web client build system files creation task start
08:24:48.378 [main] INFO  k.p.s.c.buildsystem.ProjectBuilder - main project[sample_test]'s web client ant build.xml file creation task start
08:24:48.378 [main] INFO  k.p.s.c.buildsystem.ProjectBuilder - main project[sample_test]'s web client ant build.xml file creation task end
08:24:48.378 [main] INFO  k.p.s.c.buildsystem.ProjectBuilder - main project[sample_test]'s web client ant properties file creation task start
08:24:48.394 [main] INFO  k.p.s.c.util.SequencedPropertiesUtil - the sequenced properties file[D:\gitsinnori\sinnori\project\sample_test\client_build\web_build\webAnt.properties] was created
08:24:48.394 [main] INFO  k.p.s.c.buildsystem.ProjectBuilder - main project[sample_test]'s web client ant properties file creation task end
08:24:48.394 [main] INFO  k.p.s.c.buildsystem.ProjectBuilder - main project[sample_test]'s web client message io file set creation task start
08:24:48.394 [main] INFO  k.p.s.common.util.CommonStaticUtil - the new child relative direcotry[D:\gitsinnori\sinnori\project\sample_test\client_build\web_build\src\main\java\kr\pe\sinnori\impl\message][Echo] was created successfully
08:24:48.394 [main] INFO  k.p.s.c.buildsystem.ProjectBuilder - main project[sample_test]'s message file[Echo][D:\gitsinnori\sinnori\project\sample_test\client_build\web_build\src\main\java\kr\pe\sinnori\impl\message] creation task start
08:24:48.409 [main] INFO  k.p.s.c.buildsystem.ProjectBuilder - main project[sample_test]'s message file[Echo][D:\gitsinnori\sinnori\project\sample_test\client_build\web_build\src\main\java\kr\pe\sinnori\impl\message] creation task end
08:24:48.409 [main] INFO  k.p.s.c.buildsystem.ProjectBuilder - main project[sample_test]'s message decoder file[Echo][D:\gitsinnori\sinnori\project\sample_test\client_build\web_build\src\main\java\kr\pe\sinnori\impl\message] creation task start
08:24:48.409 [main] INFO  k.p.s.c.buildsystem.ProjectBuilder - main project[sample_test]'s message decoder file[Echo][D:\gitsinnori\sinnori\project\sample_test\client_build\web_build\src\main\java\kr\pe\sinnori\impl\message] creation task end
08:24:48.409 [main] INFO  k.p.s.c.buildsystem.ProjectBuilder - main project[sample_test]'s message encoder file[Echo][D:\gitsinnori\sinnori\project\sample_test\client_build\web_build\src\main\java\kr\pe\sinnori\impl\message] creation task start
08:24:48.425 [main] INFO  k.p.s.c.buildsystem.ProjectBuilder - main project[sample_test]'s message encoder file[Echo][D:\gitsinnori\sinnori\project\sample_test\client_build\web_build\src\main\java\kr\pe\sinnori\impl\message] creation task end
08:24:48.425 [main] INFO  k.p.s.c.buildsystem.ProjectBuilder - main project[sample_test]'s message server codec file[Echo][D:\gitsinnori\sinnori\project\sample_test\client_build\web_build\src\main\java\kr\pe\sinnori\impl\message] creation task start
08:24:48.425 [main] INFO  k.p.s.c.buildsystem.ProjectBuilder - main project[sample_test]'s message server codec file[Echo][D:\gitsinnori\sinnori\project\sample_test\client_build\web_build\src\main\java\kr\pe\sinnori\impl\message] creation task end
08:24:48.425 [main] INFO  k.p.s.c.buildsystem.ProjectBuilder - main project[sample_test]'s message client codec file[Echo][D:\gitsinnori\sinnori\project\sample_test\client_build\web_build\src\main\java\kr\pe\sinnori\impl\message] creation task start
08:24:48.425 [main] INFO  k.p.s.c.buildsystem.ProjectBuilder - main project[sample_test]'s message client codec file[Echo][D:\gitsinnori\sinnori\project\sample_test\client_build\web_build\src\main\java\kr\pe\sinnori\impl\message] creation task end
08:24:48.425 [main] INFO  k.p.s.common.util.CommonStaticUtil - the new child relative direcotry[D:\gitsinnori\sinnori\project\sample_test\client_build\web_build\src\main\java\kr\pe\sinnori\impl\message][PublicKeyReq] was created successfully
08:24:48.425 [main] INFO  k.p.s.c.buildsystem.ProjectBuilder - main project[sample_test]'s message file[PublicKeyReq][D:\gitsinnori\sinnori\project\sample_test\client_build\web_build\src\main\java\kr\pe\sinnori\impl\message] creation task start
08:24:48.425 [main] INFO  k.p.s.c.buildsystem.ProjectBuilder - main project[sample_test]'s message file[PublicKeyReq][D:\gitsinnori\sinnori\project\sample_test\client_build\web_build\src\main\java\kr\pe\sinnori\impl\message] creation task end
08:24:48.425 [main] INFO  k.p.s.c.buildsystem.ProjectBuilder - main project[sample_test]'s message decoder file[PublicKeyReq][D:\gitsinnori\sinnori\project\sample_test\client_build\web_build\src\main\java\kr\pe\sinnori\impl\message] creation task start
08:24:48.443 [main] INFO  k.p.s.c.buildsystem.ProjectBuilder - main project[sample_test]'s message decoder file[PublicKeyReq][D:\gitsinnori\sinnori\project\sample_test\client_build\web_build\src\main\java\kr\pe\sinnori\impl\message] creation task end
08:24:48.443 [main] INFO  k.p.s.c.buildsystem.ProjectBuilder - main project[sample_test]'s message encoder file[PublicKeyReq][D:\gitsinnori\sinnori\project\sample_test\client_build\web_build\src\main\java\kr\pe\sinnori\impl\message] creation task start
08:24:48.446 [main] INFO  k.p.s.c.buildsystem.ProjectBuilder - main project[sample_test]'s message encoder file[PublicKeyReq][D:\gitsinnori\sinnori\project\sample_test\client_build\web_build\src\main\java\kr\pe\sinnori\impl\message] creation task end
08:24:48.446 [main] INFO  k.p.s.c.buildsystem.ProjectBuilder - main project[sample_test]'s message server codec file[PublicKeyReq][D:\gitsinnori\sinnori\project\sample_test\client_build\web_build\src\main\java\kr\pe\sinnori\impl\message] creation task start
08:24:48.446 [main] INFO  k.p.s.c.buildsystem.ProjectBuilder - main project[sample_test]'s message server codec file[PublicKeyReq][D:\gitsinnori\sinnori\project\sample_test\client_build\web_build\src\main\java\kr\pe\sinnori\impl\message] creation task end
08:24:48.446 [main] INFO  k.p.s.c.buildsystem.ProjectBuilder - main project[sample_test]'s message client codec file[PublicKeyReq][D:\gitsinnori\sinnori\project\sample_test\client_build\web_build\src\main\java\kr\pe\sinnori\impl\message] creation task start
08:24:48.509 [main] INFO  k.p.s.c.buildsystem.ProjectBuilder - main project[sample_test]'s message client codec file[PublicKeyReq][D:\gitsinnori\sinnori\project\sample_test\client_build\web_build\src\main\java\kr\pe\sinnori\impl\message] creation task end
08:24:48.509 [main] INFO  k.p.s.common.util.CommonStaticUtil - the new child relative direcotry[D:\gitsinnori\sinnori\project\sample_test\client_build\web_build\src\main\java\kr\pe\sinnori\impl\message][PublicKeyRes] was created successfully
08:24:48.509 [main] INFO  k.p.s.c.buildsystem.ProjectBuilder - main project[sample_test]'s message file[PublicKeyRes][D:\gitsinnori\sinnori\project\sample_test\client_build\web_build\src\main\java\kr\pe\sinnori\impl\message] creation task start
08:24:48.525 [main] INFO  k.p.s.c.buildsystem.ProjectBuilder - main project[sample_test]'s message file[PublicKeyRes][D:\gitsinnori\sinnori\project\sample_test\client_build\web_build\src\main\java\kr\pe\sinnori\impl\message] creation task end
08:24:48.525 [main] INFO  k.p.s.c.buildsystem.ProjectBuilder - main project[sample_test]'s message decoder file[PublicKeyRes][D:\gitsinnori\sinnori\project\sample_test\client_build\web_build\src\main\java\kr\pe\sinnori\impl\message] creation task start
08:24:48.525 [main] INFO  k.p.s.c.buildsystem.ProjectBuilder - main project[sample_test]'s message decoder file[PublicKeyRes][D:\gitsinnori\sinnori\project\sample_test\client_build\web_build\src\main\java\kr\pe\sinnori\impl\message] creation task end
08:24:48.525 [main] INFO  k.p.s.c.buildsystem.ProjectBuilder - main project[sample_test]'s message encoder file[PublicKeyRes][D:\gitsinnori\sinnori\project\sample_test\client_build\web_build\src\main\java\kr\pe\sinnori\impl\message] creation task start
08:24:48.542 [main] INFO  k.p.s.c.buildsystem.ProjectBuilder - main project[sample_test]'s message encoder file[PublicKeyRes][D:\gitsinnori\sinnori\project\sample_test\client_build\web_build\src\main\java\kr\pe\sinnori\impl\message] creation task end
08:24:48.542 [main] INFO  k.p.s.c.buildsystem.ProjectBuilder - main project[sample_test]'s message server codec file[PublicKeyRes][D:\gitsinnori\sinnori\project\sample_test\client_build\web_build\src\main\java\kr\pe\sinnori\impl\message] creation task start
08:24:48.546 [main] INFO  k.p.s.c.buildsystem.ProjectBuilder - main project[sample_test]'s message server codec file[PublicKeyRes][D:\gitsinnori\sinnori\project\sample_test\client_build\web_build\src\main\java\kr\pe\sinnori\impl\message] creation task end
08:24:48.546 [main] INFO  k.p.s.c.buildsystem.ProjectBuilder - main project[sample_test]'s message client codec file[PublicKeyRes][D:\gitsinnori\sinnori\project\sample_test\client_build\web_build\src\main\java\kr\pe\sinnori\impl\message] creation task start
08:24:48.546 [main] INFO  k.p.s.c.buildsystem.ProjectBuilder - main project[sample_test]'s message client codec file[PublicKeyRes][D:\gitsinnori\sinnori\project\sample_test\client_build\web_build\src\main\java\kr\pe\sinnori\impl\message] creation task end
08:24:48.546 [main] INFO  k.p.s.c.buildsystem.ProjectBuilder - main project[sample_test]'s web client message io file set creation task end
08:24:48.546 [main] INFO  k.p.s.c.buildsystem.ProjectBuilder - mainproject[sample_test]'s web client sample source files copy task start
08:24:48.609 [main] INFO  k.p.s.c.buildsystem.ProjectBuilder - mainproject[sample_test]'s web client sample source files copy task end
08:24:48.609 [main] INFO  k.p.s.c.buildsystem.ProjectBuilder - main project[sample_test]'s web client build system files creation task end
08:24:48.609 [main] INFO  k.p.s.c.buildsystem.ProjectBuilder - main project[sample_test]'s web root child direcotry creation task start
08:24:48.609 [main] INFO  k.p.s.common.util.CommonStaticUtil - the child relative direcotry[D:\gitsinnori\sinnori\project\sample_test][web_app_base/upload] exist, so nothing
08:24:48.609 [main] INFO  k.p.s.common.util.CommonStaticUtil - the new child relative direcotry[D:\gitsinnori\sinnori\project\sample_test][web_app_base/ROOT/WEB-INF/classes] was created successfully
08:24:48.609 [main] INFO  k.p.s.common.util.CommonStaticUtil - the new child relative direcotry[D:\gitsinnori\sinnori\project\sample_test][web_app_base/ROOT/WEB-INF/lib] was created successfully
08:24:48.609 [main] INFO  k.p.s.c.buildsystem.ProjectBuilder - main project[sample_test]'s web root child direcotry creation task end
08:24:48.609 [main] INFO  k.p.s.c.buildsystem.ProjectBuilder - main project[sample_test]'s web root sample files creation task start
08:24:48.609 [main] INFO  k.p.s.c.buildsystem.ProjectBuilder - main project[sample_test]'s web root sample files copy task start
08:24:48.609 [main] INFO  k.p.s.c.buildsystem.ProjectBuilder - main project[sample_test]'s web root sample files copy task end
08:24:48.609 [main] INFO  k.p.s.c.buildsystem.ProjectBuilder - main project[sample_test]'s web root sample files creation task end
08:24:48.609 [main] INFO  k.p.s.c.buildsystem.ProjectBuilder - main project[sample_test]'s config file overwrite task start
08:24:48.609 [main] INFO  k.p.s.c.buildsystem.ProjectBuilder - main project[sample_test]'s config file overwrite task end
08:24:48.609 [main] INFO  k.p.s.c.buildsystem.ProjectBuilder - main project[sample_test] changeProjectState method end
08:24:48.609 [main] INFO  k.p.s.c.buildsystem.ProjectBuilder - the app client ant build.xml file[D:\gitsinnori\sinnori\project\sample_test\client_build\app_build\build.xml] is bad :: whetherExist[false] isFile[false]
08:24:48.609 [main] INFO  k.p.s.c.buildsystem.ProjectBuilder - main project[sample_test] changeProjectState method start
08:24:48.609 [main] WARN  k.p.s.c.buildsystem.ProjectBuilder - the server build path[D:\gitsinnori\sinnori\project\sample_test\server_build] exist, so skip creation of server build system
08:24:48.609 [main] INFO  k.p.s.c.buildsystem.ProjectBuilder - main project[sample_test]'s application build child direcotry creation task start
08:24:48.609 [main] INFO  k.p.s.common.util.CommonStaticUtil - the new child relative direcotry[D:\gitsinnori\sinnori\project\sample_test][client_build/app_build/corelib/ex] was created successfully
08:24:48.609 [main] INFO  k.p.s.common.util.CommonStaticUtil - the new child relative direcotry[D:\gitsinnori\sinnori\project\sample_test][client_build/app_build/corelib/in] was created successfully
08:24:48.609 [main] INFO  k.p.s.common.util.CommonStaticUtil - the new child relative direcotry[D:\gitsinnori\sinnori\project\sample_test][client_build/app_build/lib/main/ex] was created successfully
08:24:48.609 [main] INFO  k.p.s.common.util.CommonStaticUtil - the new child relative direcotry[D:\gitsinnori\sinnori\project\sample_test][client_build/app_build/lib/main/in] was created successfully
08:24:48.609 [main] INFO  k.p.s.common.util.CommonStaticUtil - the new child relative direcotry[D:\gitsinnori\sinnori\project\sample_test][client_build/app_build/lib/test] was created successfully
08:24:48.625 [main] INFO  k.p.s.common.util.CommonStaticUtil - the new child relative direcotry[D:\gitsinnori\sinnori\project\sample_test][client_build/app_build/src/main/java/kr/pe/sinnori/impl/message] was created successfully
08:24:48.625 [main] INFO  k.p.s.common.util.CommonStaticUtil - the new child relative direcotry[D:\gitsinnori\sinnori\project\sample_test][client_build/app_build/src/main/java/main] was created successfully
08:24:48.662 [main] INFO  k.p.s.common.util.CommonStaticUtil - the new child relative direcotry[D:\gitsinnori\sinnori\project\sample_test][client_build/app_build/src/test/java] was created successfully
08:24:48.662 [main] INFO  k.p.s.common.util.CommonStaticUtil - the new child relative direcotry[D:\gitsinnori\sinnori\project\sample_test][client_build/app_build/build] was created successfully
08:24:48.662 [main] INFO  k.p.s.common.util.CommonStaticUtil - the new child relative direcotry[D:\gitsinnori\sinnori\project\sample_test][client_build/app_build/dist] was created successfully
08:24:48.662 [main] INFO  k.p.s.c.buildsystem.ProjectBuilder - main project[sample_test]'s application build child direcotry creation task end
08:24:48.662 [main] INFO  k.p.s.c.buildsystem.ProjectBuilder - mainproject[sample_test]'s application client build system files creation task start
08:24:48.662 [main] INFO  k.p.s.c.buildsystem.ProjectBuilder - main project[sample_test]'s application client ant build.xml file creation task start
08:24:48.662 [main] INFO  k.p.s.c.buildsystem.ProjectBuilder - main project[sample_test]'s application client ant build.xml file creation task end
08:24:48.662 [main] INFO  k.p.s.c.buildsystem.ProjectBuilder - main project[sample_test]'s application client dos shell file creation task start
08:24:48.662 [main] INFO  k.p.s.c.buildsystem.ProjectBuilder - main project[sample_test]'s application client dos shell file creation task end
08:24:48.662 [main] INFO  k.p.s.c.buildsystem.ProjectBuilder - main project[sample_test]'s application client unix shell file creation task start
08:24:48.662 [main] INFO  k.p.s.c.buildsystem.ProjectBuilder - main project[sample_test]'s application client unix shell file creation task end
08:24:48.662 [main] INFO  k.p.s.c.buildsystem.ProjectBuilder - application client sample source files copy task start
08:24:48.678 [main] INFO  k.p.s.c.buildsystem.ProjectBuilder - application client sample source files copy task end
08:24:48.678 [main] INFO  k.p.s.c.buildsystem.ProjectBuilder - main project[sample_test]'s application client message io file set creation task start
08:24:48.694 [main] INFO  k.p.s.common.util.CommonStaticUtil - the new child relative direcotry[D:\gitsinnori\sinnori\project\sample_test\client_build\app_build\src\main\java\kr\pe\sinnori\impl\message][Echo] was created successfully
08:24:48.694 [main] INFO  k.p.s.c.buildsystem.ProjectBuilder - main project[sample_test]'s message file[Echo][D:\gitsinnori\sinnori\project\sample_test\client_build\app_build\src\main\java\kr\pe\sinnori\impl\message] creation task start
08:24:48.694 [main] INFO  k.p.s.c.buildsystem.ProjectBuilder - main project[sample_test]'s message file[Echo][D:\gitsinnori\sinnori\project\sample_test\client_build\app_build\src\main\java\kr\pe\sinnori\impl\message] creation task end
08:24:48.694 [main] INFO  k.p.s.c.buildsystem.ProjectBuilder - main project[sample_test]'s message decoder file[Echo][D:\gitsinnori\sinnori\project\sample_test\client_build\app_build\src\main\java\kr\pe\sinnori\impl\message] creation task start
08:24:48.694 [main] INFO  k.p.s.c.buildsystem.ProjectBuilder - main project[sample_test]'s message decoder file[Echo][D:\gitsinnori\sinnori\project\sample_test\client_build\app_build\src\main\java\kr\pe\sinnori\impl\message] creation task end
08:24:48.694 [main] INFO  k.p.s.c.buildsystem.ProjectBuilder - main project[sample_test]'s message encoder file[Echo][D:\gitsinnori\sinnori\project\sample_test\client_build\app_build\src\main\java\kr\pe\sinnori\impl\message] creation task start
08:24:48.709 [main] INFO  k.p.s.c.buildsystem.ProjectBuilder - main project[sample_test]'s message encoder file[Echo][D:\gitsinnori\sinnori\project\sample_test\client_build\app_build\src\main\java\kr\pe\sinnori\impl\message] creation task end
08:24:48.709 [main] INFO  k.p.s.c.buildsystem.ProjectBuilder - main project[sample_test]'s message server codec file[Echo][D:\gitsinnori\sinnori\project\sample_test\client_build\app_build\src\main\java\kr\pe\sinnori\impl\message] creation task start
08:24:48.709 [main] INFO  k.p.s.c.buildsystem.ProjectBuilder - main project[sample_test]'s message server codec file[Echo][D:\gitsinnori\sinnori\project\sample_test\client_build\app_build\src\main\java\kr\pe\sinnori\impl\message] creation task end
08:24:48.709 [main] INFO  k.p.s.c.buildsystem.ProjectBuilder - main project[sample_test]'s message client codec file[Echo][D:\gitsinnori\sinnori\project\sample_test\client_build\app_build\src\main\java\kr\pe\sinnori\impl\message] creation task start
08:24:48.709 [main] INFO  k.p.s.c.buildsystem.ProjectBuilder - main project[sample_test]'s message client codec file[Echo][D:\gitsinnori\sinnori\project\sample_test\client_build\app_build\src\main\java\kr\pe\sinnori\impl\message] creation task end
08:24:48.709 [main] INFO  k.p.s.common.util.CommonStaticUtil - the new child relative direcotry[D:\gitsinnori\sinnori\project\sample_test\client_build\app_build\src\main\java\kr\pe\sinnori\impl\message][PublicKeyReq] was created successfully
08:24:48.709 [main] INFO  k.p.s.c.buildsystem.ProjectBuilder - main project[sample_test]'s message file[PublicKeyReq][D:\gitsinnori\sinnori\project\sample_test\client_build\app_build\src\main\java\kr\pe\sinnori\impl\message] creation task start
08:24:48.725 [main] INFO  k.p.s.c.buildsystem.ProjectBuilder - main project[sample_test]'s message file[PublicKeyReq][D:\gitsinnori\sinnori\project\sample_test\client_build\app_build\src\main\java\kr\pe\sinnori\impl\message] creation task end
08:24:48.725 [main] INFO  k.p.s.c.buildsystem.ProjectBuilder - main project[sample_test]'s message decoder file[PublicKeyReq][D:\gitsinnori\sinnori\project\sample_test\client_build\app_build\src\main\java\kr\pe\sinnori\impl\message] creation task start
08:24:48.725 [main] INFO  k.p.s.c.buildsystem.ProjectBuilder - main project[sample_test]'s message decoder file[PublicKeyReq][D:\gitsinnori\sinnori\project\sample_test\client_build\app_build\src\main\java\kr\pe\sinnori\impl\message] creation task end
08:24:48.725 [main] INFO  k.p.s.c.buildsystem.ProjectBuilder - main project[sample_test]'s message encoder file[PublicKeyReq][D:\gitsinnori\sinnori\project\sample_test\client_build\app_build\src\main\java\kr\pe\sinnori\impl\message] creation task start
08:24:48.725 [main] INFO  k.p.s.c.buildsystem.ProjectBuilder - main project[sample_test]'s message encoder file[PublicKeyReq][D:\gitsinnori\sinnori\project\sample_test\client_build\app_build\src\main\java\kr\pe\sinnori\impl\message] creation task end
08:24:48.725 [main] INFO  k.p.s.c.buildsystem.ProjectBuilder - main project[sample_test]'s message server codec file[PublicKeyReq][D:\gitsinnori\sinnori\project\sample_test\client_build\app_build\src\main\java\kr\pe\sinnori\impl\message] creation task start
08:24:48.725 [main] INFO  k.p.s.c.buildsystem.ProjectBuilder - main project[sample_test]'s message server codec file[PublicKeyReq][D:\gitsinnori\sinnori\project\sample_test\client_build\app_build\src\main\java\kr\pe\sinnori\impl\message] creation task end
08:24:48.725 [main] INFO  k.p.s.c.buildsystem.ProjectBuilder - main project[sample_test]'s message client codec file[PublicKeyReq][D:\gitsinnori\sinnori\project\sample_test\client_build\app_build\src\main\java\kr\pe\sinnori\impl\message] creation task start
08:24:48.725 [main] INFO  k.p.s.c.buildsystem.ProjectBuilder - main project[sample_test]'s message client codec file[PublicKeyReq][D:\gitsinnori\sinnori\project\sample_test\client_build\app_build\src\main\java\kr\pe\sinnori\impl\message] creation task end
08:24:48.725 [main] INFO  k.p.s.common.util.CommonStaticUtil - the new child relative direcotry[D:\gitsinnori\sinnori\project\sample_test\client_build\app_build\src\main\java\kr\pe\sinnori\impl\message][PublicKeyRes] was created successfully
08:24:48.725 [main] INFO  k.p.s.c.buildsystem.ProjectBuilder - main project[sample_test]'s message file[PublicKeyRes][D:\gitsinnori\sinnori\project\sample_test\client_build\app_build\src\main\java\kr\pe\sinnori\impl\message] creation task start
08:24:48.741 [main] INFO  k.p.s.c.buildsystem.ProjectBuilder - main project[sample_test]'s message file[PublicKeyRes][D:\gitsinnori\sinnori\project\sample_test\client_build\app_build\src\main\java\kr\pe\sinnori\impl\message] creation task end
08:24:48.741 [main] INFO  k.p.s.c.buildsystem.ProjectBuilder - main project[sample_test]'s message decoder file[PublicKeyRes][D:\gitsinnori\sinnori\project\sample_test\client_build\app_build\src\main\java\kr\pe\sinnori\impl\message] creation task start
08:24:48.746 [main] INFO  k.p.s.c.buildsystem.ProjectBuilder - main project[sample_test]'s message decoder file[PublicKeyRes][D:\gitsinnori\sinnori\project\sample_test\client_build\app_build\src\main\java\kr\pe\sinnori\impl\message] creation task end
08:24:48.746 [main] INFO  k.p.s.c.buildsystem.ProjectBuilder - main project[sample_test]'s message encoder file[PublicKeyRes][D:\gitsinnori\sinnori\project\sample_test\client_build\app_build\src\main\java\kr\pe\sinnori\impl\message] creation task start
08:24:48.747 [main] INFO  k.p.s.c.buildsystem.ProjectBuilder - main project[sample_test]'s message encoder file[PublicKeyRes][D:\gitsinnori\sinnori\project\sample_test\client_build\app_build\src\main\java\kr\pe\sinnori\impl\message] creation task end
08:24:48.747 [main] INFO  k.p.s.c.buildsystem.ProjectBuilder - main project[sample_test]'s message server codec file[PublicKeyRes][D:\gitsinnori\sinnori\project\sample_test\client_build\app_build\src\main\java\kr\pe\sinnori\impl\message] creation task start
08:24:48.810 [main] INFO  k.p.s.c.buildsystem.ProjectBuilder - main project[sample_test]'s message server codec file[PublicKeyRes][D:\gitsinnori\sinnori\project\sample_test\client_build\app_build\src\main\java\kr\pe\sinnori\impl\message] creation task end
08:24:48.810 [main] INFO  k.p.s.c.buildsystem.ProjectBuilder - main project[sample_test]'s message client codec file[PublicKeyRes][D:\gitsinnori\sinnori\project\sample_test\client_build\app_build\src\main\java\kr\pe\sinnori\impl\message] creation task start
08:24:48.810 [main] INFO  k.p.s.c.buildsystem.ProjectBuilder - main project[sample_test]'s message client codec file[PublicKeyRes][D:\gitsinnori\sinnori\project\sample_test\client_build\app_build\src\main\java\kr\pe\sinnori\impl\message] creation task end
08:24:48.810 [main] INFO  k.p.s.c.buildsystem.ProjectBuilder - main project[sample_test]'s application client message io file set creation task end
08:24:48.810 [main] INFO  k.p.s.c.buildsystem.ProjectBuilder - mainproject[sample_test]'s application client build system files creation task end
08:24:48.810 [main] INFO  k.p.s.c.buildsystem.ProjectBuilder - main project[sample_test]'s web client build path deletion task start
08:24:48.847 [main] INFO  k.p.s.c.buildsystem.ProjectBuilder - main project[sample_test]'s web client build path deletion task end
08:24:48.847 [main] INFO  k.p.s.c.buildsystem.ProjectBuilder - main project[sample_test]'s web root path deletion task start
08:24:48.847 [main] INFO  k.p.s.c.buildsystem.ProjectBuilder - main project[sample_test]'s web root path deletion task end
08:24:48.847 [main] INFO  k.p.s.c.buildsystem.ProjectBuilder - main project[sample_test]'s config file overwrite task start
08:24:48.847 [main] INFO  k.p.s.c.buildsystem.ProjectBuilder - main project[sample_test]'s config file overwrite task end
08:24:48.847 [main] INFO  k.p.s.c.buildsystem.ProjectBuilder - main project[sample_test] changeProjectState method end
08:24:48.847 [main] INFO  k.p.s.c.buildsystem.ProjectBuilder - the web client ant build.xml file[D:\gitsinnori\sinnori\project\sample_test\client_build\web_build\build.xml] is bad :: whetherExist[false] isFile[false]
08:24:48.847 [main] INFO  k.p.s.c.buildsystem.ProjectBuilder - the web.xml file[D:\gitsinnori\sinnori\project\sample_test\web_app_base\ROOT\WEB-INF\web.xml] located at web root directory is bad :: whetherExist[false] isFile[false]
08:24:48.847 [main] INFO  k.p.s.c.buildsystem.ProjectBuilder - main project[sample_test] changeProjectState method start
08:24:48.847 [main] WARN  k.p.s.c.buildsystem.ProjectBuilder - the server build path[D:\gitsinnori\sinnori\project\sample_test\server_build] exist, so skip creation of server build system
08:24:48.847 [main] WARN  k.p.s.c.buildsystem.ProjectBuilder - the app client build path[D:\gitsinnori\sinnori\project\sample_test\client_build\app_build] exist, so skip creation of app client build system
08:24:48.847 [main] INFO  k.p.s.c.buildsystem.ProjectBuilder - main project[sample_test]'s web build child direcotry creation task start
08:24:48.863 [main] INFO  k.p.s.common.util.CommonStaticUtil - the new child relative direcotry[D:\gitsinnori\sinnori\project\sample_test][client_build/web_build/corelib/ex] was created successfully
08:24:48.863 [main] INFO  k.p.s.common.util.CommonStaticUtil - the new child relative direcotry[D:\gitsinnori\sinnori\project\sample_test][client_build/web_build/corelib/in] was created successfully
08:24:48.863 [main] INFO  k.p.s.common.util.CommonStaticUtil - the new child relative direcotry[D:\gitsinnori\sinnori\project\sample_test][client_build/web_build/lib/main/ex] was created successfully
08:24:48.863 [main] INFO  k.p.s.common.util.CommonStaticUtil - the new child relative direcotry[D:\gitsinnori\sinnori\project\sample_test][client_build/web_build/lib/main/in] was created successfully
08:24:48.863 [main] INFO  k.p.s.common.util.CommonStaticUtil - the new child relative direcotry[D:\gitsinnori\sinnori\project\sample_test][client_build/web_build/lib/test] was created successfully
08:24:48.863 [main] INFO  k.p.s.common.util.CommonStaticUtil - the new child relative direcotry[D:\gitsinnori\sinnori\project\sample_test][client_build/web_build/src/main/java/kr/pe/sinnori/impl/message] was created successfully
08:24:48.863 [main] INFO  k.p.s.common.util.CommonStaticUtil - the new child relative direcotry[D:\gitsinnori\sinnori\project\sample_test][client_build/web_build/src/main/java//kr/pe/sinnori/servlet] was created successfully
08:24:48.863 [main] INFO  k.p.s.common.util.CommonStaticUtil - the new child relative direcotry[D:\gitsinnori\sinnori\project\sample_test][client_build/web_build/src/main/java/kr/pe/sinnori/weblib/common] was created successfully
08:24:48.863 [main] INFO  k.p.s.common.util.CommonStaticUtil - the new child relative direcotry[D:\gitsinnori\sinnori\project\sample_test][client_build/web_build/src/main/java/kr/pe/sinnori/weblib/htmlstring] was created successfully
08:24:48.863 [main] INFO  k.p.s.common.util.CommonStaticUtil - the new child relative direcotry[D:\gitsinnori\sinnori\project\sample_test][client_build/web_build/src/main/java/kr/pe/sinnori/weblib/jdf] was created successfully
08:24:48.863 [main] INFO  k.p.s.common.util.CommonStaticUtil - the new child relative direcotry[D:\gitsinnori\sinnori\project\sample_test][client_build/web_build/src/test/java] was created successfully
08:24:48.962 [main] INFO  k.p.s.common.util.CommonStaticUtil - the new child relative direcotry[D:\gitsinnori\sinnori\project\sample_test][client_build/web_build/build] was created successfully
08:24:48.962 [main] INFO  k.p.s.common.util.CommonStaticUtil - the new child relative direcotry[D:\gitsinnori\sinnori\project\sample_test][client_build/web_build/dist] was created successfully
08:24:48.962 [main] INFO  k.p.s.c.buildsystem.ProjectBuilder - main project[sample_test]'s web build child direcotry creation task end
08:24:48.962 [main] INFO  k.p.s.c.buildsystem.ProjectBuilder - main project[sample_test]'s web client build system files creation task start
08:24:48.962 [main] INFO  k.p.s.c.buildsystem.ProjectBuilder - main project[sample_test]'s web client ant build.xml file creation task start
08:24:48.962 [main] INFO  k.p.s.c.buildsystem.ProjectBuilder - main project[sample_test]'s web client ant build.xml file creation task end
08:24:48.962 [main] INFO  k.p.s.c.buildsystem.ProjectBuilder - main project[sample_test]'s web client ant properties file creation task start
08:24:48.962 [main] INFO  k.p.s.c.util.SequencedPropertiesUtil - the sequenced properties file[D:\gitsinnori\sinnori\project\sample_test\client_build\web_build\webAnt.properties] was created
08:24:48.962 [main] INFO  k.p.s.c.buildsystem.ProjectBuilder - main project[sample_test]'s web client ant properties file creation task end
08:24:48.962 [main] INFO  k.p.s.c.buildsystem.ProjectBuilder - main project[sample_test]'s web client message io file set creation task start
08:24:48.962 [main] INFO  k.p.s.common.util.CommonStaticUtil - the new child relative direcotry[D:\gitsinnori\sinnori\project\sample_test\client_build\web_build\src\main\java\kr\pe\sinnori\impl\message][Echo] was created successfully
08:24:48.962 [main] INFO  k.p.s.c.buildsystem.ProjectBuilder - main project[sample_test]'s message file[Echo][D:\gitsinnori\sinnori\project\sample_test\client_build\web_build\src\main\java\kr\pe\sinnori\impl\message] creation task start
08:24:48.978 [main] INFO  k.p.s.c.buildsystem.ProjectBuilder - main project[sample_test]'s message file[Echo][D:\gitsinnori\sinnori\project\sample_test\client_build\web_build\src\main\java\kr\pe\sinnori\impl\message] creation task end
08:24:48.978 [main] INFO  k.p.s.c.buildsystem.ProjectBuilder - main project[sample_test]'s message decoder file[Echo][D:\gitsinnori\sinnori\project\sample_test\client_build\web_build\src\main\java\kr\pe\sinnori\impl\message] creation task start
08:24:48.994 [main] INFO  k.p.s.c.buildsystem.ProjectBuilder - main project[sample_test]'s message decoder file[Echo][D:\gitsinnori\sinnori\project\sample_test\client_build\web_build\src\main\java\kr\pe\sinnori\impl\message] creation task end
08:24:48.994 [main] INFO  k.p.s.c.buildsystem.ProjectBuilder - main project[sample_test]'s message encoder file[Echo][D:\gitsinnori\sinnori\project\sample_test\client_build\web_build\src\main\java\kr\pe\sinnori\impl\message] creation task start
08:24:48.994 [main] INFO  k.p.s.c.buildsystem.ProjectBuilder - main project[sample_test]'s message encoder file[Echo][D:\gitsinnori\sinnori\project\sample_test\client_build\web_build\src\main\java\kr\pe\sinnori\impl\message] creation task end
08:24:48.994 [main] INFO  k.p.s.c.buildsystem.ProjectBuilder - main project[sample_test]'s message server codec file[Echo][D:\gitsinnori\sinnori\project\sample_test\client_build\web_build\src\main\java\kr\pe\sinnori\impl\message] creation task start
08:24:48.994 [main] INFO  k.p.s.c.buildsystem.ProjectBuilder - main project[sample_test]'s message server codec file[Echo][D:\gitsinnori\sinnori\project\sample_test\client_build\web_build\src\main\java\kr\pe\sinnori\impl\message] creation task end
08:24:48.994 [main] INFO  k.p.s.c.buildsystem.ProjectBuilder - main project[sample_test]'s message client codec file[Echo][D:\gitsinnori\sinnori\project\sample_test\client_build\web_build\src\main\java\kr\pe\sinnori\impl\message] creation task start
08:24:48.994 [main] INFO  k.p.s.c.buildsystem.ProjectBuilder - main project[sample_test]'s message client codec file[Echo][D:\gitsinnori\sinnori\project\sample_test\client_build\web_build\src\main\java\kr\pe\sinnori\impl\message] creation task end
08:24:48.994 [main] INFO  k.p.s.common.util.CommonStaticUtil - the new child relative direcotry[D:\gitsinnori\sinnori\project\sample_test\client_build\web_build\src\main\java\kr\pe\sinnori\impl\message][PublicKeyReq] was created successfully
08:24:48.994 [main] INFO  k.p.s.c.buildsystem.ProjectBuilder - main project[sample_test]'s message file[PublicKeyReq][D:\gitsinnori\sinnori\project\sample_test\client_build\web_build\src\main\java\kr\pe\sinnori\impl\message] creation task start
08:24:49.009 [main] INFO  k.p.s.c.buildsystem.ProjectBuilder - main project[sample_test]'s message file[PublicKeyReq][D:\gitsinnori\sinnori\project\sample_test\client_build\web_build\src\main\java\kr\pe\sinnori\impl\message] creation task end
08:24:49.009 [main] INFO  k.p.s.c.buildsystem.ProjectBuilder - main project[sample_test]'s message decoder file[PublicKeyReq][D:\gitsinnori\sinnori\project\sample_test\client_build\web_build\src\main\java\kr\pe\sinnori\impl\message] creation task start
08:24:49.009 [main] INFO  k.p.s.c.buildsystem.ProjectBuilder - main project[sample_test]'s message decoder file[PublicKeyReq][D:\gitsinnori\sinnori\project\sample_test\client_build\web_build\src\main\java\kr\pe\sinnori\impl\message] creation task end
08:24:49.009 [main] INFO  k.p.s.c.buildsystem.ProjectBuilder - main project[sample_test]'s message encoder file[PublicKeyReq][D:\gitsinnori\sinnori\project\sample_test\client_build\web_build\src\main\java\kr\pe\sinnori\impl\message] creation task start
08:24:49.025 [main] INFO  k.p.s.c.buildsystem.ProjectBuilder - main project[sample_test]'s message encoder file[PublicKeyReq][D:\gitsinnori\sinnori\project\sample_test\client_build\web_build\src\main\java\kr\pe\sinnori\impl\message] creation task end
08:24:49.025 [main] INFO  k.p.s.c.buildsystem.ProjectBuilder - main project[sample_test]'s message server codec file[PublicKeyReq][D:\gitsinnori\sinnori\project\sample_test\client_build\web_build\src\main\java\kr\pe\sinnori\impl\message] creation task start
08:24:49.025 [main] INFO  k.p.s.c.buildsystem.ProjectBuilder - main project[sample_test]'s message server codec file[PublicKeyReq][D:\gitsinnori\sinnori\project\sample_test\client_build\web_build\src\main\java\kr\pe\sinnori\impl\message] creation task end
08:24:49.025 [main] INFO  k.p.s.c.buildsystem.ProjectBuilder - main project[sample_test]'s message client codec file[PublicKeyReq][D:\gitsinnori\sinnori\project\sample_test\client_build\web_build\src\main\java\kr\pe\sinnori\impl\message] creation task start
08:24:49.025 [main] INFO  k.p.s.c.buildsystem.ProjectBuilder - main project[sample_test]'s message client codec file[PublicKeyReq][D:\gitsinnori\sinnori\project\sample_test\client_build\web_build\src\main\java\kr\pe\sinnori\impl\message] creation task end
08:24:49.025 [main] INFO  k.p.s.common.util.CommonStaticUtil - the new child relative direcotry[D:\gitsinnori\sinnori\project\sample_test\client_build\web_build\src\main\java\kr\pe\sinnori\impl\message][PublicKeyRes] was created successfully
08:24:49.025 [main] INFO  k.p.s.c.buildsystem.ProjectBuilder - main project[sample_test]'s message file[PublicKeyRes][D:\gitsinnori\sinnori\project\sample_test\client_build\web_build\src\main\java\kr\pe\sinnori\impl\message] creation task start
08:24:49.025 [main] INFO  k.p.s.c.buildsystem.ProjectBuilder - main project[sample_test]'s message file[PublicKeyRes][D:\gitsinnori\sinnori\project\sample_test\client_build\web_build\src\main\java\kr\pe\sinnori\impl\message] creation task end
08:24:49.025 [main] INFO  k.p.s.c.buildsystem.ProjectBuilder - main project[sample_test]'s message decoder file[PublicKeyRes][D:\gitsinnori\sinnori\project\sample_test\client_build\web_build\src\main\java\kr\pe\sinnori\impl\message] creation task start
08:24:49.025 [main] INFO  k.p.s.c.buildsystem.ProjectBuilder - main project[sample_test]'s message decoder file[PublicKeyRes][D:\gitsinnori\sinnori\project\sample_test\client_build\web_build\src\main\java\kr\pe\sinnori\impl\message] creation task end
08:24:49.025 [main] INFO  k.p.s.c.buildsystem.ProjectBuilder - main project[sample_test]'s message encoder file[PublicKeyRes][D:\gitsinnori\sinnori\project\sample_test\client_build\web_build\src\main\java\kr\pe\sinnori\impl\message] creation task start
08:24:49.041 [main] INFO  k.p.s.c.buildsystem.ProjectBuilder - main project[sample_test]'s message encoder file[PublicKeyRes][D:\gitsinnori\sinnori\project\sample_test\client_build\web_build\src\main\java\kr\pe\sinnori\impl\message] creation task end
08:24:49.041 [main] INFO  k.p.s.c.buildsystem.ProjectBuilder - main project[sample_test]'s message server codec file[PublicKeyRes][D:\gitsinnori\sinnori\project\sample_test\client_build\web_build\src\main\java\kr\pe\sinnori\impl\message] creation task start
08:24:49.043 [main] INFO  k.p.s.c.buildsystem.ProjectBuilder - main project[sample_test]'s message server codec file[PublicKeyRes][D:\gitsinnori\sinnori\project\sample_test\client_build\web_build\src\main\java\kr\pe\sinnori\impl\message] creation task end
08:24:49.043 [main] INFO  k.p.s.c.buildsystem.ProjectBuilder - main project[sample_test]'s message client codec file[PublicKeyRes][D:\gitsinnori\sinnori\project\sample_test\client_build\web_build\src\main\java\kr\pe\sinnori\impl\message] creation task start
08:24:49.125 [main] INFO  k.p.s.c.buildsystem.ProjectBuilder - main project[sample_test]'s message client codec file[PublicKeyRes][D:\gitsinnori\sinnori\project\sample_test\client_build\web_build\src\main\java\kr\pe\sinnori\impl\message] creation task end
08:24:49.125 [main] INFO  k.p.s.c.buildsystem.ProjectBuilder - main project[sample_test]'s web client message io file set creation task end
08:24:49.125 [main] INFO  k.p.s.c.buildsystem.ProjectBuilder - mainproject[sample_test]'s web client sample source files copy task start
08:24:49.247 [main] INFO  k.p.s.c.buildsystem.ProjectBuilder - mainproject[sample_test]'s web client sample source files copy task end
08:24:49.247 [main] INFO  k.p.s.c.buildsystem.ProjectBuilder - main project[sample_test]'s web client build system files creation task end
08:24:49.247 [main] INFO  k.p.s.c.buildsystem.ProjectBuilder - main project[sample_test]'s web root child direcotry creation task start
08:24:49.247 [main] INFO  k.p.s.common.util.CommonStaticUtil - the child relative direcotry[D:\gitsinnori\sinnori\project\sample_test][web_app_base/upload] exist, so nothing
08:24:49.247 [main] INFO  k.p.s.common.util.CommonStaticUtil - the new child relative direcotry[D:\gitsinnori\sinnori\project\sample_test][web_app_base/ROOT/WEB-INF/classes] was created successfully
08:24:49.247 [main] INFO  k.p.s.common.util.CommonStaticUtil - the new child relative direcotry[D:\gitsinnori\sinnori\project\sample_test][web_app_base/ROOT/WEB-INF/lib] was created successfully
08:24:49.247 [main] INFO  k.p.s.c.buildsystem.ProjectBuilder - main project[sample_test]'s web root child direcotry creation task end
08:24:49.247 [main] INFO  k.p.s.c.buildsystem.ProjectBuilder - main project[sample_test]'s web root sample files creation task start
08:24:49.247 [main] INFO  k.p.s.c.buildsystem.ProjectBuilder - main project[sample_test]'s web root sample files copy task start
08:24:49.263 [main] INFO  k.p.s.c.buildsystem.ProjectBuilder - main project[sample_test]'s web root sample files copy task end
08:24:49.263 [main] INFO  k.p.s.c.buildsystem.ProjectBuilder - main project[sample_test]'s web root sample files creation task end
08:24:49.263 [main] INFO  k.p.s.c.buildsystem.ProjectBuilder - main project[sample_test]'s config file overwrite task start
08:24:49.263 [main] INFO  k.p.s.c.buildsystem.ProjectBuilder - main project[sample_test]'s config file overwrite task end
08:24:49.263 [main] INFO  k.p.s.c.buildsystem.ProjectBuilder - main project[sample_test] changeProjectState method end
08:24:49.309 [main] INFO  k.p.s.c.buildsystem.ProjectBuilder - main project[sample_test]'s child direcotry creation task start
08:24:49.309 [main] INFO  k.p.s.c.buildsystem.ProjectBuilder - main project[sample_test]'s common child direcotry creation task start
08:24:49.309 [main] INFO  k.p.s.common.util.CommonStaticUtil - the new child relative direcotry[D:\gitsinnori\sinnori\project\sample_test][config] was created successfully
08:24:49.309 [main] INFO  k.p.s.common.util.CommonStaticUtil - the new child relative direcotry[D:\gitsinnori\sinnori\project\sample_test][resources/dbcp] was created successfully
08:24:49.309 [main] INFO  k.p.s.common.util.CommonStaticUtil - the new child relative direcotry[D:\gitsinnori\sinnori\project\sample_test][resources/message_info] was created successfully
08:24:49.309 [main] INFO  k.p.s.common.util.CommonStaticUtil - the new child relative direcotry[D:\gitsinnori\sinnori\project\sample_test][resources/rsa_keypair] was created successfully
08:24:49.309 [main] INFO  k.p.s.common.util.CommonStaticUtil - the new child relative direcotry[D:\gitsinnori\sinnori\project\sample_test][log/apache] was created successfully
08:24:49.309 [main] INFO  k.p.s.common.util.CommonStaticUtil - the new child relative direcotry[D:\gitsinnori\sinnori\project\sample_test][log/client] was created successfully
08:24:49.309 [main] INFO  k.p.s.common.util.CommonStaticUtil - the new child relative direcotry[D:\gitsinnori\sinnori\project\sample_test][log/server] was created successfully
08:24:49.309 [main] INFO  k.p.s.common.util.CommonStaticUtil - the new child relative direcotry[D:\gitsinnori\sinnori\project\sample_test][log/servlet] was created successfully
08:24:49.309 [main] INFO  k.p.s.c.buildsystem.ProjectBuilder - main project[sample_test]'s common child direcotry creation task end
08:24:49.309 [main] INFO  k.p.s.c.buildsystem.ProjectBuilder - main project[sample_test]'s server child direcotry creation task start
08:24:49.309 [main] INFO  k.p.s.common.util.CommonStaticUtil - the new child relative direcotry[D:\gitsinnori\sinnori\project\sample_test][server_build/APP-INF/classes] was created successfully
08:24:49.309 [main] INFO  k.p.s.common.util.CommonStaticUtil - the new child relative direcotry[D:\gitsinnori\sinnori\project\sample_test][server_build/corelib/ex] was created successfully
08:24:49.309 [main] INFO  k.p.s.common.util.CommonStaticUtil - the new child relative direcotry[D:\gitsinnori\sinnori\project\sample_test][server_build/corelib/in] was created successfully
08:24:49.325 [main] INFO  k.p.s.common.util.CommonStaticUtil - the new child relative direcotry[D:\gitsinnori\sinnori\project\sample_test][server_build/lib/main/ex] was created successfully
08:24:49.325 [main] INFO  k.p.s.common.util.CommonStaticUtil - the new child relative direcotry[D:\gitsinnori\sinnori\project\sample_test][server_build/lib/main/in] was created successfully
08:24:49.325 [main] INFO  k.p.s.common.util.CommonStaticUtil - the new child relative direcotry[D:\gitsinnori\sinnori\project\sample_test][server_build/lib/test] was created successfully
08:24:49.325 [main] INFO  k.p.s.common.util.CommonStaticUtil - the new child relative direcotry[D:\gitsinnori\sinnori\project\sample_test][server_build/src/main/java/kr/pe/sinnori/impl/servertask] was created successfully
08:24:49.325 [main] INFO  k.p.s.common.util.CommonStaticUtil - the new child relative direcotry[D:\gitsinnori\sinnori\project\sample_test][server_build/src/main/java/kr/pe/sinnori/impl/message] was created successfully
08:24:49.325 [main] INFO  k.p.s.common.util.CommonStaticUtil - the new child relative direcotry[D:\gitsinnori\sinnori\project\sample_test][server_build/src/main/java/main] was created successfully
08:24:49.325 [main] INFO  k.p.s.common.util.CommonStaticUtil - the new child relative direcotry[D:\gitsinnori\sinnori\project\sample_test][server_build/src/test/java] was created successfully
08:24:49.378 [main] INFO  k.p.s.common.util.CommonStaticUtil - the new child relative direcotry[D:\gitsinnori\sinnori\project\sample_test][server_build/build] was created successfully
08:24:49.378 [main] INFO  k.p.s.common.util.CommonStaticUtil - the new child relative direcotry[D:\gitsinnori\sinnori\project\sample_test][server_build/dist] was created successfully
08:24:49.378 [main] INFO  k.p.s.c.buildsystem.ProjectBuilder - main project[sample_test]'s server child direcotry creation task end
08:24:49.378 [main] INFO  k.p.s.c.buildsystem.ProjectBuilder - main project[sample_test]'s application build child direcotry creation task start
08:24:49.378 [main] INFO  k.p.s.common.util.CommonStaticUtil - the new child relative direcotry[D:\gitsinnori\sinnori\project\sample_test][client_build/app_build/corelib/ex] was created successfully
08:24:49.378 [main] INFO  k.p.s.common.util.CommonStaticUtil - the new child relative direcotry[D:\gitsinnori\sinnori\project\sample_test][client_build/app_build/corelib/in] was created successfully
08:24:49.378 [main] INFO  k.p.s.common.util.CommonStaticUtil - the new child relative direcotry[D:\gitsinnori\sinnori\project\sample_test][client_build/app_build/lib/main/ex] was created successfully
08:24:49.378 [main] INFO  k.p.s.common.util.CommonStaticUtil - the new child relative direcotry[D:\gitsinnori\sinnori\project\sample_test][client_build/app_build/lib/main/in] was created successfully
08:24:49.378 [main] INFO  k.p.s.common.util.CommonStaticUtil - the new child relative direcotry[D:\gitsinnori\sinnori\project\sample_test][client_build/app_build/lib/test] was created successfully
08:24:49.378 [main] INFO  k.p.s.common.util.CommonStaticUtil - the new child relative direcotry[D:\gitsinnori\sinnori\project\sample_test][client_build/app_build/src/main/java/kr/pe/sinnori/impl/message] was created successfully
08:24:49.378 [main] INFO  k.p.s.common.util.CommonStaticUtil - the new child relative direcotry[D:\gitsinnori\sinnori\project\sample_test][client_build/app_build/src/main/java/main] was created successfully
08:24:49.378 [main] INFO  k.p.s.common.util.CommonStaticUtil - the new child relative direcotry[D:\gitsinnori\sinnori\project\sample_test][client_build/app_build/src/test/java] was created successfully
08:24:49.378 [main] INFO  k.p.s.common.util.CommonStaticUtil - the new child relative direcotry[D:\gitsinnori\sinnori\project\sample_test][client_build/app_build/build] was created successfully
08:24:49.378 [main] INFO  k.p.s.common.util.CommonStaticUtil - the new child relative direcotry[D:\gitsinnori\sinnori\project\sample_test][client_build/app_build/dist] was created successfully
08:24:49.378 [main] INFO  k.p.s.c.buildsystem.ProjectBuilder - main project[sample_test]'s application build child direcotry creation task end
08:24:49.378 [main] INFO  k.p.s.c.buildsystem.ProjectBuilder - main project[sample_test]'s child direcotry creation task end
08:24:49.378 [main] INFO  k.p.s.c.buildsystem.ProjectBuilder - main project[sample_test]'s file creation task start
08:24:49.378 [main] INFO  k.p.s.c.buildsystem.ProjectBuilder - main project[sample_test]'s config file creation task start
08:24:49.378 [main] INFO  k.p.s.c.util.SequencedPropertiesUtil - the sequenced properties file[D:\gitsinnori\sinnori\project\sample_test\config\sinnori.properties] was created
08:24:49.394 [main] INFO  k.p.s.c.buildsystem.ProjectBuilder - main project[sample_test]'s config file creation task end
08:24:49.394 [main] INFO  k.p.s.c.buildsystem.ProjectBuilder - the mainproject[sample_test]'s resources directory copy task start
08:24:49.409 [main] INFO  k.p.s.c.buildsystem.ProjectBuilder - the mainproject[sample_test]'s resources directory copy task end
08:24:49.409 [main] INFO  k.p.s.c.buildsystem.ProjectBuilder - server build system files creation task start
08:24:49.409 [main] INFO  k.p.s.c.buildsystem.ProjectBuilder - main project[sample_test]'s server ant build.xml file creation task start
08:24:49.409 [main] INFO  k.p.s.c.buildsystem.ProjectBuilder - main project[sample_test]'s server ant build.xml file creation task end
08:24:49.425 [main] INFO  k.p.s.c.buildsystem.ProjectBuilder - main project[sample_test]'s server dos shell file creation task start
08:24:49.425 [main] INFO  k.p.s.c.buildsystem.ProjectBuilder - main project[sample_test]'s server dos shell file creation task end
08:24:49.425 [main] INFO  k.p.s.c.buildsystem.ProjectBuilder - main project[sample_test]'s server unix shell file creation task start
08:24:49.425 [main] INFO  k.p.s.c.buildsystem.ProjectBuilder - main project[sample_test]'s server unix shell file creation task end
08:24:49.425 [main] INFO  k.p.s.c.buildsystem.ProjectBuilder - server sample source files copy task start
08:24:49.425 [main] INFO  k.p.s.c.buildsystem.ProjectBuilder - server sample source files copy task end
08:24:49.425 [main] INFO  k.p.s.c.buildsystem.ProjectBuilder - main project[sample_test]'s server message io file set creation task start
08:24:49.425 [main] INFO  k.p.s.common.util.CommonStaticUtil - the new child relative direcotry[D:\gitsinnori\sinnori\project\sample_test\server_build\src\main\java\kr\pe\sinnori\impl\message][Echo] was created successfully
08:24:49.425 [main] INFO  k.p.s.c.buildsystem.ProjectBuilder - main project[sample_test]'s message file[Echo][D:\gitsinnori\sinnori\project\sample_test\server_build\src\main\java\kr\pe\sinnori\impl\message] creation task start
08:24:49.442 [main] INFO  k.p.s.c.buildsystem.ProjectBuilder - main project[sample_test]'s message file[Echo][D:\gitsinnori\sinnori\project\sample_test\server_build\src\main\java\kr\pe\sinnori\impl\message] creation task end
08:24:49.442 [main] INFO  k.p.s.c.buildsystem.ProjectBuilder - main project[sample_test]'s message decoder file[Echo][D:\gitsinnori\sinnori\project\sample_test\server_build\src\main\java\kr\pe\sinnori\impl\message] creation task start
08:24:49.446 [main] INFO  k.p.s.c.buildsystem.ProjectBuilder - main project[sample_test]'s message decoder file[Echo][D:\gitsinnori\sinnori\project\sample_test\server_build\src\main\java\kr\pe\sinnori\impl\message] creation task end
08:24:49.446 [main] INFO  k.p.s.c.buildsystem.ProjectBuilder - main project[sample_test]'s message encoder file[Echo][D:\gitsinnori\sinnori\project\sample_test\server_build\src\main\java\kr\pe\sinnori\impl\message] creation task start
08:24:49.447 [main] INFO  k.p.s.c.buildsystem.ProjectBuilder - main project[sample_test]'s message encoder file[Echo][D:\gitsinnori\sinnori\project\sample_test\server_build\src\main\java\kr\pe\sinnori\impl\message] creation task end
08:24:49.447 [main] INFO  k.p.s.c.buildsystem.ProjectBuilder - main project[sample_test]'s message server codec file[Echo][D:\gitsinnori\sinnori\project\sample_test\server_build\src\main\java\kr\pe\sinnori\impl\message] creation task start
08:24:49.447 [main] INFO  k.p.s.c.buildsystem.ProjectBuilder - main project[sample_test]'s message server codec file[Echo][D:\gitsinnori\sinnori\project\sample_test\server_build\src\main\java\kr\pe\sinnori\impl\message] creation task end
08:24:49.447 [main] INFO  k.p.s.c.buildsystem.ProjectBuilder - main project[sample_test]'s message client codec file[Echo][D:\gitsinnori\sinnori\project\sample_test\server_build\src\main\java\kr\pe\sinnori\impl\message] creation task start
08:24:49.447 [main] INFO  k.p.s.c.buildsystem.ProjectBuilder - main project[sample_test]'s message client codec file[Echo][D:\gitsinnori\sinnori\project\sample_test\server_build\src\main\java\kr\pe\sinnori\impl\message] creation task end
08:24:49.447 [main] INFO  k.p.s.common.util.CommonStaticUtil - the new child relative direcotry[D:\gitsinnori\sinnori\project\sample_test\server_build\src\main\java\kr\pe\sinnori\impl\message][PublicKeyReq] was created successfully
08:24:49.447 [main] INFO  k.p.s.c.buildsystem.ProjectBuilder - main project[sample_test]'s message file[PublicKeyReq][D:\gitsinnori\sinnori\project\sample_test\server_build\src\main\java\kr\pe\sinnori\impl\message] creation task start
08:24:49.447 [main] INFO  k.p.s.c.buildsystem.ProjectBuilder - main project[sample_test]'s message file[PublicKeyReq][D:\gitsinnori\sinnori\project\sample_test\server_build\src\main\java\kr\pe\sinnori\impl\message] creation task end
08:24:49.447 [main] INFO  k.p.s.c.buildsystem.ProjectBuilder - main project[sample_test]'s message decoder file[PublicKeyReq][D:\gitsinnori\sinnori\project\sample_test\server_build\src\main\java\kr\pe\sinnori\impl\message] creation task start
08:24:49.447 [main] INFO  k.p.s.c.buildsystem.ProjectBuilder - main project[sample_test]'s message decoder file[PublicKeyReq][D:\gitsinnori\sinnori\project\sample_test\server_build\src\main\java\kr\pe\sinnori\impl\message] creation task end
08:24:49.541 [main] INFO  k.p.s.c.buildsystem.ProjectBuilder - main project[sample_test]'s message encoder file[PublicKeyReq][D:\gitsinnori\sinnori\project\sample_test\server_build\src\main\java\kr\pe\sinnori\impl\message] creation task start
08:24:49.547 [main] INFO  k.p.s.c.buildsystem.ProjectBuilder - main project[sample_test]'s message encoder file[PublicKeyReq][D:\gitsinnori\sinnori\project\sample_test\server_build\src\main\java\kr\pe\sinnori\impl\message] creation task end
08:24:49.547 [main] INFO  k.p.s.c.buildsystem.ProjectBuilder - main project[sample_test]'s message server codec file[PublicKeyReq][D:\gitsinnori\sinnori\project\sample_test\server_build\src\main\java\kr\pe\sinnori\impl\message] creation task start
08:24:49.547 [main] INFO  k.p.s.c.buildsystem.ProjectBuilder - main project[sample_test]'s message server codec file[PublicKeyReq][D:\gitsinnori\sinnori\project\sample_test\server_build\src\main\java\kr\pe\sinnori\impl\message] creation task end
08:24:49.547 [main] INFO  k.p.s.c.buildsystem.ProjectBuilder - main project[sample_test]'s message client codec file[PublicKeyReq][D:\gitsinnori\sinnori\project\sample_test\server_build\src\main\java\kr\pe\sinnori\impl\message] creation task start
08:24:49.547 [main] INFO  k.p.s.c.buildsystem.ProjectBuilder - main project[sample_test]'s message client codec file[PublicKeyReq][D:\gitsinnori\sinnori\project\sample_test\server_build\src\main\java\kr\pe\sinnori\impl\message] creation task end
08:24:49.563 [main] INFO  k.p.s.common.util.CommonStaticUtil - the new child relative direcotry[D:\gitsinnori\sinnori\project\sample_test\server_build\src\main\java\kr\pe\sinnori\impl\message][PublicKeyRes] was created successfully
08:24:49.563 [main] INFO  k.p.s.c.buildsystem.ProjectBuilder - main project[sample_test]'s message file[PublicKeyRes][D:\gitsinnori\sinnori\project\sample_test\server_build\src\main\java\kr\pe\sinnori\impl\message] creation task start
08:24:49.563 [main] INFO  k.p.s.c.buildsystem.ProjectBuilder - main project[sample_test]'s message file[PublicKeyRes][D:\gitsinnori\sinnori\project\sample_test\server_build\src\main\java\kr\pe\sinnori\impl\message] creation task end
08:24:49.563 [main] INFO  k.p.s.c.buildsystem.ProjectBuilder - main project[sample_test]'s message decoder file[PublicKeyRes][D:\gitsinnori\sinnori\project\sample_test\server_build\src\main\java\kr\pe\sinnori\impl\message] creation task start
08:24:49.578 [main] INFO  k.p.s.c.buildsystem.ProjectBuilder - main project[sample_test]'s message decoder file[PublicKeyRes][D:\gitsinnori\sinnori\project\sample_test\server_build\src\main\java\kr\pe\sinnori\impl\message] creation task end
08:24:49.578 [main] INFO  k.p.s.c.buildsystem.ProjectBuilder - main project[sample_test]'s message encoder file[PublicKeyRes][D:\gitsinnori\sinnori\project\sample_test\server_build\src\main\java\kr\pe\sinnori\impl\message] creation task start
08:24:49.594 [main] INFO  k.p.s.c.buildsystem.ProjectBuilder - main project[sample_test]'s message encoder file[PublicKeyRes][D:\gitsinnori\sinnori\project\sample_test\server_build\src\main\java\kr\pe\sinnori\impl\message] creation task end
08:24:49.594 [main] INFO  k.p.s.c.buildsystem.ProjectBuilder - main project[sample_test]'s message server codec file[PublicKeyRes][D:\gitsinnori\sinnori\project\sample_test\server_build\src\main\java\kr\pe\sinnori\impl\message] creation task start
08:24:49.594 [main] INFO  k.p.s.c.buildsystem.ProjectBuilder - main project[sample_test]'s message server codec file[PublicKeyRes][D:\gitsinnori\sinnori\project\sample_test\server_build\src\main\java\kr\pe\sinnori\impl\message] creation task end
08:24:49.594 [main] INFO  k.p.s.c.buildsystem.ProjectBuilder - main project[sample_test]'s message client codec file[PublicKeyRes][D:\gitsinnori\sinnori\project\sample_test\server_build\src\main\java\kr\pe\sinnori\impl\message] creation task start
08:24:49.594 [main] INFO  k.p.s.c.buildsystem.ProjectBuilder - main project[sample_test]'s message client codec file[PublicKeyRes][D:\gitsinnori\sinnori\project\sample_test\server_build\src\main\java\kr\pe\sinnori\impl\message] creation task end
08:24:49.594 [main] INFO  k.p.s.c.buildsystem.ProjectBuilder - main project[sample_test]'s server message io file set creation task end
08:24:49.594 [main] INFO  k.p.s.c.buildsystem.ProjectBuilder - server build system files creation task end
08:24:49.594 [main] INFO  k.p.s.c.buildsystem.ProjectBuilder - mainproject[sample_test]'s application client build system files creation task start
08:24:49.594 [main] INFO  k.p.s.c.buildsystem.ProjectBuilder - main project[sample_test]'s application client ant build.xml file creation task start
08:24:49.594 [main] INFO  k.p.s.c.buildsystem.ProjectBuilder - main project[sample_test]'s application client ant build.xml file creation task end
08:24:49.594 [main] INFO  k.p.s.c.buildsystem.ProjectBuilder - main project[sample_test]'s application client dos shell file creation task start
08:24:49.594 [main] INFO  k.p.s.c.buildsystem.ProjectBuilder - main project[sample_test]'s application client dos shell file creation task end
08:24:49.594 [main] INFO  k.p.s.c.buildsystem.ProjectBuilder - main project[sample_test]'s application client unix shell file creation task start
08:24:49.609 [main] INFO  k.p.s.c.buildsystem.ProjectBuilder - main project[sample_test]'s application client unix shell file creation task end
08:24:49.609 [main] INFO  k.p.s.c.buildsystem.ProjectBuilder - application client sample source files copy task start
08:24:49.609 [main] INFO  k.p.s.c.buildsystem.ProjectBuilder - application client sample source files copy task end
08:24:49.609 [main] INFO  k.p.s.c.buildsystem.ProjectBuilder - main project[sample_test]'s application client message io file set creation task start
08:24:49.609 [main] INFO  k.p.s.common.util.CommonStaticUtil - the new child relative direcotry[D:\gitsinnori\sinnori\project\sample_test\client_build\app_build\src\main\java\kr\pe\sinnori\impl\message][Echo] was created successfully
08:24:49.609 [main] INFO  k.p.s.c.buildsystem.ProjectBuilder - main project[sample_test]'s message file[Echo][D:\gitsinnori\sinnori\project\sample_test\client_build\app_build\src\main\java\kr\pe\sinnori\impl\message] creation task start
08:24:49.625 [main] INFO  k.p.s.c.buildsystem.ProjectBuilder - main project[sample_test]'s message file[Echo][D:\gitsinnori\sinnori\project\sample_test\client_build\app_build\src\main\java\kr\pe\sinnori\impl\message] creation task end
08:24:49.625 [main] INFO  k.p.s.c.buildsystem.ProjectBuilder - main project[sample_test]'s message decoder file[Echo][D:\gitsinnori\sinnori\project\sample_test\client_build\app_build\src\main\java\kr\pe\sinnori\impl\message] creation task start
08:24:49.625 [main] INFO  k.p.s.c.buildsystem.ProjectBuilder - main project[sample_test]'s message decoder file[Echo][D:\gitsinnori\sinnori\project\sample_test\client_build\app_build\src\main\java\kr\pe\sinnori\impl\message] creation task end
08:24:49.625 [main] INFO  k.p.s.c.buildsystem.ProjectBuilder - main project[sample_test]'s message encoder file[Echo][D:\gitsinnori\sinnori\project\sample_test\client_build\app_build\src\main\java\kr\pe\sinnori\impl\message] creation task start
08:24:49.625 [main] INFO  k.p.s.c.buildsystem.ProjectBuilder - main project[sample_test]'s message encoder file[Echo][D:\gitsinnori\sinnori\project\sample_test\client_build\app_build\src\main\java\kr\pe\sinnori\impl\message] creation task end
08:24:49.625 [main] INFO  k.p.s.c.buildsystem.ProjectBuilder - main project[sample_test]'s message server codec file[Echo][D:\gitsinnori\sinnori\project\sample_test\client_build\app_build\src\main\java\kr\pe\sinnori\impl\message] creation task start
08:24:49.625 [main] INFO  k.p.s.c.buildsystem.ProjectBuilder - main project[sample_test]'s message server codec file[Echo][D:\gitsinnori\sinnori\project\sample_test\client_build\app_build\src\main\java\kr\pe\sinnori\impl\message] creation task end
08:24:49.625 [main] INFO  k.p.s.c.buildsystem.ProjectBuilder - main project[sample_test]'s message client codec file[Echo][D:\gitsinnori\sinnori\project\sample_test\client_build\app_build\src\main\java\kr\pe\sinnori\impl\message] creation task start
08:24:49.709 [main] INFO  k.p.s.c.buildsystem.ProjectBuilder - main project[sample_test]'s message client codec file[Echo][D:\gitsinnori\sinnori\project\sample_test\client_build\app_build\src\main\java\kr\pe\sinnori\impl\message] creation task end
08:24:49.709 [main] INFO  k.p.s.common.util.CommonStaticUtil - the new child relative direcotry[D:\gitsinnori\sinnori\project\sample_test\client_build\app_build\src\main\java\kr\pe\sinnori\impl\message][PublicKeyReq] was created successfully
08:24:49.709 [main] INFO  k.p.s.c.buildsystem.ProjectBuilder - main project[sample_test]'s message file[PublicKeyReq][D:\gitsinnori\sinnori\project\sample_test\client_build\app_build\src\main\java\kr\pe\sinnori\impl\message] creation task start
08:24:49.709 [main] INFO  k.p.s.c.buildsystem.ProjectBuilder - main project[sample_test]'s message file[PublicKeyReq][D:\gitsinnori\sinnori\project\sample_test\client_build\app_build\src\main\java\kr\pe\sinnori\impl\message] creation task end
08:24:49.709 [main] INFO  k.p.s.c.buildsystem.ProjectBuilder - main project[sample_test]'s message decoder file[PublicKeyReq][D:\gitsinnori\sinnori\project\sample_test\client_build\app_build\src\main\java\kr\pe\sinnori\impl\message] creation task start
08:24:49.709 [main] INFO  k.p.s.c.buildsystem.ProjectBuilder - main project[sample_test]'s message decoder file[PublicKeyReq][D:\gitsinnori\sinnori\project\sample_test\client_build\app_build\src\main\java\kr\pe\sinnori\impl\message] creation task end
08:24:49.709 [main] INFO  k.p.s.c.buildsystem.ProjectBuilder - main project[sample_test]'s message encoder file[PublicKeyReq][D:\gitsinnori\sinnori\project\sample_test\client_build\app_build\src\main\java\kr\pe\sinnori\impl\message] creation task start
08:24:49.725 [main] INFO  k.p.s.c.buildsystem.ProjectBuilder - main project[sample_test]'s message encoder file[PublicKeyReq][D:\gitsinnori\sinnori\project\sample_test\client_build\app_build\src\main\java\kr\pe\sinnori\impl\message] creation task end
08:24:49.725 [main] INFO  k.p.s.c.buildsystem.ProjectBuilder - main project[sample_test]'s message server codec file[PublicKeyReq][D:\gitsinnori\sinnori\project\sample_test\client_build\app_build\src\main\java\kr\pe\sinnori\impl\message] creation task start
08:24:49.725 [main] INFO  k.p.s.c.buildsystem.ProjectBuilder - main project[sample_test]'s message server codec file[PublicKeyReq][D:\gitsinnori\sinnori\project\sample_test\client_build\app_build\src\main\java\kr\pe\sinnori\impl\message] creation task end
08:24:49.725 [main] INFO  k.p.s.c.buildsystem.ProjectBuilder - main project[sample_test]'s message client codec file[PublicKeyReq][D:\gitsinnori\sinnori\project\sample_test\client_build\app_build\src\main\java\kr\pe\sinnori\impl\message] creation task start
08:24:49.725 [main] INFO  k.p.s.c.buildsystem.ProjectBuilder - main project[sample_test]'s message client codec file[PublicKeyReq][D:\gitsinnori\sinnori\project\sample_test\client_build\app_build\src\main\java\kr\pe\sinnori\impl\message] creation task end
08:24:49.725 [main] INFO  k.p.s.common.util.CommonStaticUtil - the new child relative direcotry[D:\gitsinnori\sinnori\project\sample_test\client_build\app_build\src\main\java\kr\pe\sinnori\impl\message][PublicKeyRes] was created successfully
08:24:49.725 [main] INFO  k.p.s.c.buildsystem.ProjectBuilder - main project[sample_test]'s message file[PublicKeyRes][D:\gitsinnori\sinnori\project\sample_test\client_build\app_build\src\main\java\kr\pe\sinnori\impl\message] creation task start
08:24:49.725 [main] INFO  k.p.s.c.buildsystem.ProjectBuilder - main project[sample_test]'s message file[PublicKeyRes][D:\gitsinnori\sinnori\project\sample_test\client_build\app_build\src\main\java\kr\pe\sinnori\impl\message] creation task end
08:24:49.725 [main] INFO  k.p.s.c.buildsystem.ProjectBuilder - main project[sample_test]'s message decoder file[PublicKeyRes][D:\gitsinnori\sinnori\project\sample_test\client_build\app_build\src\main\java\kr\pe\sinnori\impl\message] creation task start
08:24:49.725 [main] INFO  k.p.s.c.buildsystem.ProjectBuilder - main project[sample_test]'s message decoder file[PublicKeyRes][D:\gitsinnori\sinnori\project\sample_test\client_build\app_build\src\main\java\kr\pe\sinnori\impl\message] creation task end
08:24:49.725 [main] INFO  k.p.s.c.buildsystem.ProjectBuilder - main project[sample_test]'s message encoder file[PublicKeyRes][D:\gitsinnori\sinnori\project\sample_test\client_build\app_build\src\main\java\kr\pe\sinnori\impl\message] creation task start
08:24:49.744 [main] INFO  k.p.s.c.buildsystem.ProjectBuilder - main project[sample_test]'s message encoder file[PublicKeyRes][D:\gitsinnori\sinnori\project\sample_test\client_build\app_build\src\main\java\kr\pe\sinnori\impl\message] creation task end
08:24:49.744 [main] INFO  k.p.s.c.buildsystem.ProjectBuilder - main project[sample_test]'s message server codec file[PublicKeyRes][D:\gitsinnori\sinnori\project\sample_test\client_build\app_build\src\main\java\kr\pe\sinnori\impl\message] creation task start
08:24:49.746 [main] INFO  k.p.s.c.buildsystem.ProjectBuilder - main project[sample_test]'s message server codec file[PublicKeyRes][D:\gitsinnori\sinnori\project\sample_test\client_build\app_build\src\main\java\kr\pe\sinnori\impl\message] creation task end
08:24:49.746 [main] INFO  k.p.s.c.buildsystem.ProjectBuilder - main project[sample_test]'s message client codec file[PublicKeyRes][D:\gitsinnori\sinnori\project\sample_test\client_build\app_build\src\main\java\kr\pe\sinnori\impl\message] creation task start
08:24:49.747 [main] INFO  k.p.s.c.buildsystem.ProjectBuilder - main project[sample_test]'s message client codec file[PublicKeyRes][D:\gitsinnori\sinnori\project\sample_test\client_build\app_build\src\main\java\kr\pe\sinnori\impl\message] creation task end
08:24:49.747 [main] INFO  k.p.s.c.buildsystem.ProjectBuilder - main project[sample_test]'s application client message io file set creation task end
08:24:49.747 [main] INFO  k.p.s.c.buildsystem.ProjectBuilder - mainproject[sample_test]'s application client build system files creation task end
08:24:49.747 [main] INFO  k.p.s.c.buildsystem.ProjectBuilder - main project[sample_test]'s file creation task end
08:24:49.747 [main] INFO  k.p.s.c.config.SinnoriConfiguration - item key[sessionkey.rsa.publickey.file.value]'s value is null because its status is inactive
08:24:49.747 [main] INFO  k.p.s.c.config.SinnoriConfiguration - item key[sessionkey.rsa.privatekey.file.value]'s value is null because its status is inactive
08:24:49.747 [main] INFO  k.p.s.c.buildsystem.ProjectBuilder - main project[sample_test] changeProjectState method start
08:24:49.747 [main] INFO  k.p.s.c.buildsystem.ProjectBuilder - mainproject[sample_test]'s server build path deletion task start
08:24:49.747 [main] INFO  k.p.s.c.buildsystem.ProjectBuilder - mainproject[sample_test]'s server build path deletion task end
08:24:49.747 [main] INFO  k.p.s.c.buildsystem.ProjectBuilder - mainproject[sample_test]'s application client build path deletion task start
08:24:49.763 [main] INFO  k.p.s.c.buildsystem.ProjectBuilder - mainproject[sample_test]'s application client build path deletion task end
08:24:49.763 [main] INFO  k.p.s.c.buildsystem.ProjectBuilder - main project[sample_test]'s web build child direcotry creation task start
08:24:49.763 [main] INFO  k.p.s.common.util.CommonStaticUtil - the new child relative direcotry[D:\gitsinnori\sinnori\project\sample_test][client_build/web_build/corelib/ex] was created successfully
08:24:49.763 [main] INFO  k.p.s.common.util.CommonStaticUtil - the new child relative direcotry[D:\gitsinnori\sinnori\project\sample_test][client_build/web_build/corelib/in] was created successfully
08:24:49.763 [main] INFO  k.p.s.common.util.CommonStaticUtil - the new child relative direcotry[D:\gitsinnori\sinnori\project\sample_test][client_build/web_build/lib/main/ex] was created successfully
08:24:49.763 [main] INFO  k.p.s.common.util.CommonStaticUtil - the new child relative direcotry[D:\gitsinnori\sinnori\project\sample_test][client_build/web_build/lib/main/in] was created successfully
08:24:49.763 [main] INFO  k.p.s.common.util.CommonStaticUtil - the new child relative direcotry[D:\gitsinnori\sinnori\project\sample_test][client_build/web_build/lib/test] was created successfully
08:24:49.825 [main] INFO  k.p.s.common.util.CommonStaticUtil - the new child relative direcotry[D:\gitsinnori\sinnori\project\sample_test][client_build/web_build/src/main/java/kr/pe/sinnori/impl/message] was created successfully
08:24:49.825 [main] INFO  k.p.s.common.util.CommonStaticUtil - the new child relative direcotry[D:\gitsinnori\sinnori\project\sample_test][client_build/web_build/src/main/java//kr/pe/sinnori/servlet] was created successfully
08:24:49.825 [main] INFO  k.p.s.common.util.CommonStaticUtil - the new child relative direcotry[D:\gitsinnori\sinnori\project\sample_test][client_build/web_build/src/main/java/kr/pe/sinnori/weblib/common] was created successfully
08:24:49.825 [main] INFO  k.p.s.common.util.CommonStaticUtil - the new child relative direcotry[D:\gitsinnori\sinnori\project\sample_test][client_build/web_build/src/main/java/kr/pe/sinnori/weblib/htmlstring] was created successfully
08:24:49.825 [main] INFO  k.p.s.common.util.CommonStaticUtil - the new child relative direcotry[D:\gitsinnori\sinnori\project\sample_test][client_build/web_build/src/main/java/kr/pe/sinnori/weblib/jdf] was created successfully
08:24:49.825 [main] INFO  k.p.s.common.util.CommonStaticUtil - the new child relative direcotry[D:\gitsinnori\sinnori\project\sample_test][client_build/web_build/src/test/java] was created successfully
08:24:49.825 [main] INFO  k.p.s.common.util.CommonStaticUtil - the new child relative direcotry[D:\gitsinnori\sinnori\project\sample_test][client_build/web_build/build] was created successfully
08:24:49.825 [main] INFO  k.p.s.common.util.CommonStaticUtil - the new child relative direcotry[D:\gitsinnori\sinnori\project\sample_test][client_build/web_build/dist] was created successfully
08:24:49.825 [main] INFO  k.p.s.c.buildsystem.ProjectBuilder - main project[sample_test]'s web build child direcotry creation task end
08:24:49.825 [main] INFO  k.p.s.c.buildsystem.ProjectBuilder - main project[sample_test]'s web client build system files creation task start
08:24:49.825 [main] INFO  k.p.s.c.buildsystem.ProjectBuilder - main project[sample_test]'s web client ant build.xml file creation task start
08:24:49.825 [main] INFO  k.p.s.c.buildsystem.ProjectBuilder - main project[sample_test]'s web client ant build.xml file creation task end
08:24:49.825 [main] INFO  k.p.s.c.buildsystem.ProjectBuilder - main project[sample_test]'s web client ant properties file creation task start
08:24:49.825 [main] INFO  k.p.s.c.util.SequencedPropertiesUtil - the sequenced properties file[D:\gitsinnori\sinnori\project\sample_test\client_build\web_build\webAnt.properties] was created
08:24:49.847 [main] INFO  k.p.s.c.buildsystem.ProjectBuilder - main project[sample_test]'s web client ant properties file creation task end
08:24:49.847 [main] INFO  k.p.s.c.buildsystem.ProjectBuilder - main project[sample_test]'s web client message io file set creation task start
08:24:49.847 [main] INFO  k.p.s.common.util.CommonStaticUtil - the new child relative direcotry[D:\gitsinnori\sinnori\project\sample_test\client_build\web_build\src\main\java\kr\pe\sinnori\impl\message][Echo] was created successfully
08:24:49.847 [main] INFO  k.p.s.c.buildsystem.ProjectBuilder - main project[sample_test]'s message file[Echo][D:\gitsinnori\sinnori\project\sample_test\client_build\web_build\src\main\java\kr\pe\sinnori\impl\message] creation task start
08:24:49.847 [main] INFO  k.p.s.c.buildsystem.ProjectBuilder - main project[sample_test]'s message file[Echo][D:\gitsinnori\sinnori\project\sample_test\client_build\web_build\src\main\java\kr\pe\sinnori\impl\message] creation task end
08:24:49.847 [main] INFO  k.p.s.c.buildsystem.ProjectBuilder - main project[sample_test]'s message decoder file[Echo][D:\gitsinnori\sinnori\project\sample_test\client_build\web_build\src\main\java\kr\pe\sinnori\impl\message] creation task start
08:24:49.863 [main] INFO  k.p.s.c.buildsystem.ProjectBuilder - main project[sample_test]'s message decoder file[Echo][D:\gitsinnori\sinnori\project\sample_test\client_build\web_build\src\main\java\kr\pe\sinnori\impl\message] creation task end
08:24:49.863 [main] INFO  k.p.s.c.buildsystem.ProjectBuilder - main project[sample_test]'s message encoder file[Echo][D:\gitsinnori\sinnori\project\sample_test\client_build\web_build\src\main\java\kr\pe\sinnori\impl\message] creation task start
08:24:49.863 [main] INFO  k.p.s.c.buildsystem.ProjectBuilder - main project[sample_test]'s message encoder file[Echo][D:\gitsinnori\sinnori\project\sample_test\client_build\web_build\src\main\java\kr\pe\sinnori\impl\message] creation task end
08:24:49.863 [main] INFO  k.p.s.c.buildsystem.ProjectBuilder - main project[sample_test]'s message server codec file[Echo][D:\gitsinnori\sinnori\project\sample_test\client_build\web_build\src\main\java\kr\pe\sinnori\impl\message] creation task start
08:24:49.863 [main] INFO  k.p.s.c.buildsystem.ProjectBuilder - main project[sample_test]'s message server codec file[Echo][D:\gitsinnori\sinnori\project\sample_test\client_build\web_build\src\main\java\kr\pe\sinnori\impl\message] creation task end
08:24:49.863 [main] INFO  k.p.s.c.buildsystem.ProjectBuilder - main project[sample_test]'s message client codec file[Echo][D:\gitsinnori\sinnori\project\sample_test\client_build\web_build\src\main\java\kr\pe\sinnori\impl\message] creation task start
08:24:49.863 [main] INFO  k.p.s.c.buildsystem.ProjectBuilder - main project[sample_test]'s message client codec file[Echo][D:\gitsinnori\sinnori\project\sample_test\client_build\web_build\src\main\java\kr\pe\sinnori\impl\message] creation task end
08:24:49.863 [main] INFO  k.p.s.common.util.CommonStaticUtil - the new child relative direcotry[D:\gitsinnori\sinnori\project\sample_test\client_build\web_build\src\main\java\kr\pe\sinnori\impl\message][PublicKeyReq] was created successfully
08:24:49.863 [main] INFO  k.p.s.c.buildsystem.ProjectBuilder - main project[sample_test]'s message file[PublicKeyReq][D:\gitsinnori\sinnori\project\sample_test\client_build\web_build\src\main\java\kr\pe\sinnori\impl\message] creation task start
08:24:49.863 [main] INFO  k.p.s.c.buildsystem.ProjectBuilder - main project[sample_test]'s message file[PublicKeyReq][D:\gitsinnori\sinnori\project\sample_test\client_build\web_build\src\main\java\kr\pe\sinnori\impl\message] creation task end
08:24:49.863 [main] INFO  k.p.s.c.buildsystem.ProjectBuilder - main project[sample_test]'s message decoder file[PublicKeyReq][D:\gitsinnori\sinnori\project\sample_test\client_build\web_build\src\main\java\kr\pe\sinnori\impl\message] creation task start
08:24:49.878 [main] INFO  k.p.s.c.buildsystem.ProjectBuilder - main project[sample_test]'s message decoder file[PublicKeyReq][D:\gitsinnori\sinnori\project\sample_test\client_build\web_build\src\main\java\kr\pe\sinnori\impl\message] creation task end
08:24:49.878 [main] INFO  k.p.s.c.buildsystem.ProjectBuilder - main project[sample_test]'s message encoder file[PublicKeyReq][D:\gitsinnori\sinnori\project\sample_test\client_build\web_build\src\main\java\kr\pe\sinnori\impl\message] creation task start
08:24:49.878 [main] INFO  k.p.s.c.buildsystem.ProjectBuilder - main project[sample_test]'s message encoder file[PublicKeyReq][D:\gitsinnori\sinnori\project\sample_test\client_build\web_build\src\main\java\kr\pe\sinnori\impl\message] creation task end
08:24:49.878 [main] INFO  k.p.s.c.buildsystem.ProjectBuilder - main project[sample_test]'s message server codec file[PublicKeyReq][D:\gitsinnori\sinnori\project\sample_test\client_build\web_build\src\main\java\kr\pe\sinnori\impl\message] creation task start
08:24:49.963 [main] INFO  k.p.s.c.buildsystem.ProjectBuilder - main project[sample_test]'s message server codec file[PublicKeyReq][D:\gitsinnori\sinnori\project\sample_test\client_build\web_build\src\main\java\kr\pe\sinnori\impl\message] creation task end
08:24:49.963 [main] INFO  k.p.s.c.buildsystem.ProjectBuilder - main project[sample_test]'s message client codec file[PublicKeyReq][D:\gitsinnori\sinnori\project\sample_test\client_build\web_build\src\main\java\kr\pe\sinnori\impl\message] creation task start
08:24:49.963 [main] INFO  k.p.s.c.buildsystem.ProjectBuilder - main project[sample_test]'s message client codec file[PublicKeyReq][D:\gitsinnori\sinnori\project\sample_test\client_build\web_build\src\main\java\kr\pe\sinnori\impl\message] creation task end
08:24:49.963 [main] INFO  k.p.s.common.util.CommonStaticUtil - the new child relative direcotry[D:\gitsinnori\sinnori\project\sample_test\client_build\web_build\src\main\java\kr\pe\sinnori\impl\message][PublicKeyRes] was created successfully
08:24:49.963 [main] INFO  k.p.s.c.buildsystem.ProjectBuilder - main project[sample_test]'s message file[PublicKeyRes][D:\gitsinnori\sinnori\project\sample_test\client_build\web_build\src\main\java\kr\pe\sinnori\impl\message] creation task start
08:24:49.978 [main] INFO  k.p.s.c.buildsystem.ProjectBuilder - main project[sample_test]'s message file[PublicKeyRes][D:\gitsinnori\sinnori\project\sample_test\client_build\web_build\src\main\java\kr\pe\sinnori\impl\message] creation task end
08:24:49.978 [main] INFO  k.p.s.c.buildsystem.ProjectBuilder - main project[sample_test]'s message decoder file[PublicKeyRes][D:\gitsinnori\sinnori\project\sample_test\client_build\web_build\src\main\java\kr\pe\sinnori\impl\message] creation task start
08:24:49.978 [main] INFO  k.p.s.c.buildsystem.ProjectBuilder - main project[sample_test]'s message decoder file[PublicKeyRes][D:\gitsinnori\sinnori\project\sample_test\client_build\web_build\src\main\java\kr\pe\sinnori\impl\message] creation task end
08:24:49.978 [main] INFO  k.p.s.c.buildsystem.ProjectBuilder - main project[sample_test]'s message encoder file[PublicKeyRes][D:\gitsinnori\sinnori\project\sample_test\client_build\web_build\src\main\java\kr\pe\sinnori\impl\message] creation task start
08:24:50.009 [main] INFO  k.p.s.c.buildsystem.ProjectBuilder - main project[sample_test]'s message encoder file[PublicKeyRes][D:\gitsinnori\sinnori\project\sample_test\client_build\web_build\src\main\java\kr\pe\sinnori\impl\message] creation task end
08:24:50.009 [main] INFO  k.p.s.c.buildsystem.ProjectBuilder - main project[sample_test]'s message server codec file[PublicKeyRes][D:\gitsinnori\sinnori\project\sample_test\client_build\web_build\src\main\java\kr\pe\sinnori\impl\message] creation task start
08:24:50.009 [main] INFO  k.p.s.c.buildsystem.ProjectBuilder - main project[sample_test]'s message server codec file[PublicKeyRes][D:\gitsinnori\sinnori\project\sample_test\client_build\web_build\src\main\java\kr\pe\sinnori\impl\message] creation task end
08:24:50.009 [main] INFO  k.p.s.c.buildsystem.ProjectBuilder - main project[sample_test]'s message client codec file[PublicKeyRes][D:\gitsinnori\sinnori\project\sample_test\client_build\web_build\src\main\java\kr\pe\sinnori\impl\message] creation task start
08:24:50.009 [main] INFO  k.p.s.c.buildsystem.ProjectBuilder - main project[sample_test]'s message client codec file[PublicKeyRes][D:\gitsinnori\sinnori\project\sample_test\client_build\web_build\src\main\java\kr\pe\sinnori\impl\message] creation task end
08:24:50.009 [main] INFO  k.p.s.c.buildsystem.ProjectBuilder - main project[sample_test]'s web client message io file set creation task end
08:24:50.009 [main] INFO  k.p.s.c.buildsystem.ProjectBuilder - mainproject[sample_test]'s web client sample source files copy task start
08:24:50.078 [main] INFO  k.p.s.c.buildsystem.ProjectBuilder - mainproject[sample_test]'s web client sample source files copy task end
08:24:50.078 [main] INFO  k.p.s.c.buildsystem.ProjectBuilder - main project[sample_test]'s web client build system files creation task end
08:24:50.078 [main] INFO  k.p.s.c.buildsystem.ProjectBuilder - main project[sample_test]'s web root child direcotry creation task start
08:24:50.078 [main] INFO  k.p.s.common.util.CommonStaticUtil - the new child relative direcotry[D:\gitsinnori\sinnori\project\sample_test][web_app_base/upload] was created successfully
08:24:50.078 [main] INFO  k.p.s.common.util.CommonStaticUtil - the new child relative direcotry[D:\gitsinnori\sinnori\project\sample_test][web_app_base/ROOT/WEB-INF/classes] was created successfully
08:24:50.078 [main] INFO  k.p.s.common.util.CommonStaticUtil - the new child relative direcotry[D:\gitsinnori\sinnori\project\sample_test][web_app_base/ROOT/WEB-INF/lib] was created successfully
08:24:50.078 [main] INFO  k.p.s.c.buildsystem.ProjectBuilder - main project[sample_test]'s web root child direcotry creation task end
08:24:50.078 [main] INFO  k.p.s.c.buildsystem.ProjectBuilder - main project[sample_test]'s web root sample files creation task start
08:24:50.078 [main] INFO  k.p.s.c.buildsystem.ProjectBuilder - main project[sample_test]'s web root sample files copy task start
08:24:50.078 [main] INFO  k.p.s.c.buildsystem.ProjectBuilder - main project[sample_test]'s web root sample files copy task end
08:24:50.078 [main] INFO  k.p.s.c.buildsystem.ProjectBuilder - main project[sample_test]'s web root sample files creation task end
08:24:50.078 [main] INFO  k.p.s.c.buildsystem.ProjectBuilder - main project[sample_test]'s config file overwrite task start
08:24:50.094 [main] INFO  k.p.s.c.buildsystem.ProjectBuilder - main project[sample_test]'s config file overwrite task end
08:24:50.094 [main] INFO  k.p.s.c.buildsystem.ProjectBuilder - main project[sample_test] changeProjectState method end
08:24:50.094 [main] INFO  k.p.s.c.buildsystem.ProjectBuilder - the server ant build.xml file[D:\gitsinnori\sinnori\project\sample_test\server_build\build.xml] is bad :: whetherExist[false] isFile[false]
08:24:50.094 [main] INFO  k.p.s.c.buildsystem.ProjectBuilder - the app client ant build.xml file[D:\gitsinnori\sinnori\project\sample_test\client_build\app_build\build.xml] is bad :: whetherExist[false] isFile[false]
08:24:50.094 [main] INFO  k.p.s.c.buildsystem.ProjectBuilder - main project[sample_test] changeProjectState method start
08:24:50.094 [main] INFO  k.p.s.c.buildsystem.ProjectBuilder - the server ant build.xml file[D:\gitsinnori\sinnori\project\sample_test\server_build\build.xml] is bad :: whetherExist[false] isFile[false]
08:24:50.094 [main] WARN  k.p.s.c.buildsystem.ProjectBuilder - the server buid.xml file[D:\gitsinnori\sinnori\project\sample_test\server_build\build.xml] is bad beacse it doesn't exist or is not a file, so skip deletion of server build system
08:24:50.094 [main] INFO  k.p.s.c.buildsystem.ProjectBuilder - main project[sample_test]'s application build child direcotry creation task start
08:24:50.094 [main] INFO  k.p.s.common.util.CommonStaticUtil - the new child relative direcotry[D:\gitsinnori\sinnori\project\sample_test][client_build/app_build/corelib/ex] was created successfully
08:24:50.094 [main] INFO  k.p.s.common.util.CommonStaticUtil - the new child relative direcotry[D:\gitsinnori\sinnori\project\sample_test][client_build/app_build/corelib/in] was created successfully
08:24:50.094 [main] INFO  k.p.s.common.util.CommonStaticUtil - the new child relative direcotry[D:\gitsinnori\sinnori\project\sample_test][client_build/app_build/lib/main/ex] was created successfully
08:24:50.094 [main] INFO  k.p.s.common.util.CommonStaticUtil - the new child relative direcotry[D:\gitsinnori\sinnori\project\sample_test][client_build/app_build/lib/main/in] was created successfully
08:24:50.094 [main] INFO  k.p.s.common.util.CommonStaticUtil - the new child relative direcotry[D:\gitsinnori\sinnori\project\sample_test][client_build/app_build/lib/test] was created successfully
08:24:50.109 [main] INFO  k.p.s.common.util.CommonStaticUtil - the new child relative direcotry[D:\gitsinnori\sinnori\project\sample_test][client_build/app_build/src/main/java/kr/pe/sinnori/impl/message] was created successfully
08:24:50.109 [main] INFO  k.p.s.common.util.CommonStaticUtil - the new child relative direcotry[D:\gitsinnori\sinnori\project\sample_test][client_build/app_build/src/main/java/main] was created successfully
08:24:50.109 [main] INFO  k.p.s.common.util.CommonStaticUtil - the new child relative direcotry[D:\gitsinnori\sinnori\project\sample_test][client_build/app_build/src/test/java] was created successfully
08:24:50.109 [main] INFO  k.p.s.common.util.CommonStaticUtil - the new child relative direcotry[D:\gitsinnori\sinnori\project\sample_test][client_build/app_build/build] was created successfully
08:24:50.109 [main] INFO  k.p.s.common.util.CommonStaticUtil - the new child relative direcotry[D:\gitsinnori\sinnori\project\sample_test][client_build/app_build/dist] was created successfully
08:24:50.109 [main] INFO  k.p.s.c.buildsystem.ProjectBuilder - main project[sample_test]'s application build child direcotry creation task end
08:24:50.109 [main] INFO  k.p.s.c.buildsystem.ProjectBuilder - mainproject[sample_test]'s application client build system files creation task start
08:24:50.109 [main] INFO  k.p.s.c.buildsystem.ProjectBuilder - main project[sample_test]'s application client ant build.xml file creation task start
08:24:50.109 [main] INFO  k.p.s.c.buildsystem.ProjectBuilder - main project[sample_test]'s application client ant build.xml file creation task end
08:24:50.109 [main] INFO  k.p.s.c.buildsystem.ProjectBuilder - main project[sample_test]'s application client dos shell file creation task start
08:24:50.109 [main] INFO  k.p.s.c.buildsystem.ProjectBuilder - main project[sample_test]'s application client dos shell file creation task end
08:24:50.109 [main] INFO  k.p.s.c.buildsystem.ProjectBuilder - main project[sample_test]'s application client unix shell file creation task start
08:24:50.109 [main] INFO  k.p.s.c.buildsystem.ProjectBuilder - main project[sample_test]'s application client unix shell file creation task end
08:24:50.109 [main] INFO  k.p.s.c.buildsystem.ProjectBuilder - application client sample source files copy task start
08:24:50.125 [main] INFO  k.p.s.c.buildsystem.ProjectBuilder - application client sample source files copy task end
08:24:50.125 [main] INFO  k.p.s.c.buildsystem.ProjectBuilder - main project[sample_test]'s application client message io file set creation task start
08:24:50.125 [main] INFO  k.p.s.common.util.CommonStaticUtil - the new child relative direcotry[D:\gitsinnori\sinnori\project\sample_test\client_build\app_build\src\main\java\kr\pe\sinnori\impl\message][Echo] was created successfully
08:24:50.125 [main] INFO  k.p.s.c.buildsystem.ProjectBuilder - main project[sample_test]'s message file[Echo][D:\gitsinnori\sinnori\project\sample_test\client_build\app_build\src\main\java\kr\pe\sinnori\impl\message] creation task start
08:24:50.125 [main] INFO  k.p.s.c.buildsystem.ProjectBuilder - main project[sample_test]'s message file[Echo][D:\gitsinnori\sinnori\project\sample_test\client_build\app_build\src\main\java\kr\pe\sinnori\impl\message] creation task end
08:24:50.125 [main] INFO  k.p.s.c.buildsystem.ProjectBuilder - main project[sample_test]'s message decoder file[Echo][D:\gitsinnori\sinnori\project\sample_test\client_build\app_build\src\main\java\kr\pe\sinnori\impl\message] creation task start
08:24:50.125 [main] INFO  k.p.s.c.buildsystem.ProjectBuilder - main project[sample_test]'s message decoder file[Echo][D:\gitsinnori\sinnori\project\sample_test\client_build\app_build\src\main\java\kr\pe\sinnori\impl\message] creation task end
08:24:50.125 [main] INFO  k.p.s.c.buildsystem.ProjectBuilder - main project[sample_test]'s message encoder file[Echo][D:\gitsinnori\sinnori\project\sample_test\client_build\app_build\src\main\java\kr\pe\sinnori\impl\message] creation task start
08:24:50.125 [main] INFO  k.p.s.c.buildsystem.ProjectBuilder - main project[sample_test]'s message encoder file[Echo][D:\gitsinnori\sinnori\project\sample_test\client_build\app_build\src\main\java\kr\pe\sinnori\impl\message] creation task end
08:24:50.125 [main] INFO  k.p.s.c.buildsystem.ProjectBuilder - main project[sample_test]'s message server codec file[Echo][D:\gitsinnori\sinnori\project\sample_test\client_build\app_build\src\main\java\kr\pe\sinnori\impl\message] creation task start
08:24:50.125 [main] INFO  k.p.s.c.buildsystem.ProjectBuilder - main project[sample_test]'s message server codec file[Echo][D:\gitsinnori\sinnori\project\sample_test\client_build\app_build\src\main\java\kr\pe\sinnori\impl\message] creation task end
08:24:50.125 [main] INFO  k.p.s.c.buildsystem.ProjectBuilder - main project[sample_test]'s message client codec file[Echo][D:\gitsinnori\sinnori\project\sample_test\client_build\app_build\src\main\java\kr\pe\sinnori\impl\message] creation task start
08:24:50.125 [main] INFO  k.p.s.c.buildsystem.ProjectBuilder - main project[sample_test]'s message client codec file[Echo][D:\gitsinnori\sinnori\project\sample_test\client_build\app_build\src\main\java\kr\pe\sinnori\impl\message] creation task end
08:24:50.125 [main] INFO  k.p.s.common.util.CommonStaticUtil - the new child relative direcotry[D:\gitsinnori\sinnori\project\sample_test\client_build\app_build\src\main\java\kr\pe\sinnori\impl\message][PublicKeyReq] was created successfully
08:24:50.125 [main] INFO  k.p.s.c.buildsystem.ProjectBuilder - main project[sample_test]'s message file[PublicKeyReq][D:\gitsinnori\sinnori\project\sample_test\client_build\app_build\src\main\java\kr\pe\sinnori\impl\message] creation task start
08:24:50.142 [main] INFO  k.p.s.c.buildsystem.ProjectBuilder - main project[sample_test]'s message file[PublicKeyReq][D:\gitsinnori\sinnori\project\sample_test\client_build\app_build\src\main\java\kr\pe\sinnori\impl\message] creation task end
08:24:50.143 [main] INFO  k.p.s.c.buildsystem.ProjectBuilder - main project[sample_test]'s message decoder file[PublicKeyReq][D:\gitsinnori\sinnori\project\sample_test\client_build\app_build\src\main\java\kr\pe\sinnori\impl\message] creation task start
08:24:50.146 [main] INFO  k.p.s.c.buildsystem.ProjectBuilder - main project[sample_test]'s message decoder file[PublicKeyReq][D:\gitsinnori\sinnori\project\sample_test\client_build\app_build\src\main\java\kr\pe\sinnori\impl\message] creation task end
08:24:50.211 [main] INFO  k.p.s.c.buildsystem.ProjectBuilder - main project[sample_test]'s message encoder file[PublicKeyReq][D:\gitsinnori\sinnori\project\sample_test\client_build\app_build\src\main\java\kr\pe\sinnori\impl\message] creation task start
08:24:50.211 [main] INFO  k.p.s.c.buildsystem.ProjectBuilder - main project[sample_test]'s message encoder file[PublicKeyReq][D:\gitsinnori\sinnori\project\sample_test\client_build\app_build\src\main\java\kr\pe\sinnori\impl\message] creation task end
08:24:50.211 [main] INFO  k.p.s.c.buildsystem.ProjectBuilder - main project[sample_test]'s message server codec file[PublicKeyReq][D:\gitsinnori\sinnori\project\sample_test\client_build\app_build\src\main\java\kr\pe\sinnori\impl\message] creation task start
08:24:50.211 [main] INFO  k.p.s.c.buildsystem.ProjectBuilder - main project[sample_test]'s message server codec file[PublicKeyReq][D:\gitsinnori\sinnori\project\sample_test\client_build\app_build\src\main\java\kr\pe\sinnori\impl\message] creation task end
08:24:50.211 [main] INFO  k.p.s.c.buildsystem.ProjectBuilder - main project[sample_test]'s message client codec file[PublicKeyReq][D:\gitsinnori\sinnori\project\sample_test\client_build\app_build\src\main\java\kr\pe\sinnori\impl\message] creation task start
08:24:50.211 [main] INFO  k.p.s.c.buildsystem.ProjectBuilder - main project[sample_test]'s message client codec file[PublicKeyReq][D:\gitsinnori\sinnori\project\sample_test\client_build\app_build\src\main\java\kr\pe\sinnori\impl\message] creation task end
08:24:50.211 [main] INFO  k.p.s.common.util.CommonStaticUtil - the new child relative direcotry[D:\gitsinnori\sinnori\project\sample_test\client_build\app_build\src\main\java\kr\pe\sinnori\impl\message][PublicKeyRes] was created successfully
08:24:50.211 [main] INFO  k.p.s.c.buildsystem.ProjectBuilder - main project[sample_test]'s message file[PublicKeyRes][D:\gitsinnori\sinnori\project\sample_test\client_build\app_build\src\main\java\kr\pe\sinnori\impl\message] creation task start
08:24:50.211 [main] INFO  k.p.s.c.buildsystem.ProjectBuilder - main project[sample_test]'s message file[PublicKeyRes][D:\gitsinnori\sinnori\project\sample_test\client_build\app_build\src\main\java\kr\pe\sinnori\impl\message] creation task end
08:24:50.211 [main] INFO  k.p.s.c.buildsystem.ProjectBuilder - main project[sample_test]'s message decoder file[PublicKeyRes][D:\gitsinnori\sinnori\project\sample_test\client_build\app_build\src\main\java\kr\pe\sinnori\impl\message] creation task start
08:24:50.227 [main] INFO  k.p.s.c.buildsystem.ProjectBuilder - main project[sample_test]'s message decoder file[PublicKeyRes][D:\gitsinnori\sinnori\project\sample_test\client_build\app_build\src\main\java\kr\pe\sinnori\impl\message] creation task end
08:24:50.227 [main] INFO  k.p.s.c.buildsystem.ProjectBuilder - main project[sample_test]'s message encoder file[PublicKeyRes][D:\gitsinnori\sinnori\project\sample_test\client_build\app_build\src\main\java\kr\pe\sinnori\impl\message] creation task start
08:24:50.227 [main] INFO  k.p.s.c.buildsystem.ProjectBuilder - main project[sample_test]'s message encoder file[PublicKeyRes][D:\gitsinnori\sinnori\project\sample_test\client_build\app_build\src\main\java\kr\pe\sinnori\impl\message] creation task end
08:24:50.227 [main] INFO  k.p.s.c.buildsystem.ProjectBuilder - main project[sample_test]'s message server codec file[PublicKeyRes][D:\gitsinnori\sinnori\project\sample_test\client_build\app_build\src\main\java\kr\pe\sinnori\impl\message] creation task start
08:24:50.227 [main] INFO  k.p.s.c.buildsystem.ProjectBuilder - main project[sample_test]'s message server codec file[PublicKeyRes][D:\gitsinnori\sinnori\project\sample_test\client_build\app_build\src\main\java\kr\pe\sinnori\impl\message] creation task end
08:24:50.227 [main] INFO  k.p.s.c.buildsystem.ProjectBuilder - main project[sample_test]'s message client codec file[PublicKeyRes][D:\gitsinnori\sinnori\project\sample_test\client_build\app_build\src\main\java\kr\pe\sinnori\impl\message] creation task start
08:24:50.227 [main] INFO  k.p.s.c.buildsystem.ProjectBuilder - main project[sample_test]'s message client codec file[PublicKeyRes][D:\gitsinnori\sinnori\project\sample_test\client_build\app_build\src\main\java\kr\pe\sinnori\impl\message] creation task end
08:24:50.227 [main] INFO  k.p.s.c.buildsystem.ProjectBuilder - main project[sample_test]'s application client message io file set creation task end
08:24:50.227 [main] INFO  k.p.s.c.buildsystem.ProjectBuilder - mainproject[sample_test]'s application client build system files creation task end
08:24:50.227 [main] INFO  k.p.s.c.buildsystem.ProjectBuilder - main project[sample_test]'s web client build path deletion task start
08:24:50.247 [main] INFO  k.p.s.c.buildsystem.ProjectBuilder - main project[sample_test]'s web client build path deletion task end
08:24:50.247 [main] INFO  k.p.s.c.buildsystem.ProjectBuilder - main project[sample_test]'s web root path deletion task start
08:24:50.247 [main] INFO  k.p.s.c.buildsystem.ProjectBuilder - main project[sample_test]'s web root path deletion task end
08:24:50.247 [main] INFO  k.p.s.c.buildsystem.ProjectBuilder - main project[sample_test]'s config file overwrite task start
08:24:50.247 [main] INFO  k.p.s.c.buildsystem.ProjectBuilder - main project[sample_test]'s config file overwrite task end
08:24:50.247 [main] INFO  k.p.s.c.buildsystem.ProjectBuilder - main project[sample_test] changeProjectState method end
08:24:50.247 [main] INFO  k.p.s.c.buildsystem.ProjectBuilder - the server ant build.xml file[D:\gitsinnori\sinnori\project\sample_test\server_build\build.xml] is bad :: whetherExist[false] isFile[false]
08:24:50.247 [main] INFO  k.p.s.c.buildsystem.ProjectBuilder - the web client ant build.xml file[D:\gitsinnori\sinnori\project\sample_test\client_build\web_build\build.xml] is bad :: whetherExist[false] isFile[false]
08:24:50.247 [main] INFO  k.p.s.c.buildsystem.ProjectBuilder - the web.xml file[D:\gitsinnori\sinnori\project\sample_test\web_app_base\ROOT\WEB-INF\web.xml] located at web root directory is bad :: whetherExist[false] isFile[false]
08:24:50.247 [main] INFO  k.p.s.c.buildsystem.ProjectBuilder - main project[sample_test] changeProjectState method start
08:24:50.247 [main] INFO  k.p.s.c.buildsystem.ProjectBuilder - the server ant build.xml file[D:\gitsinnori\sinnori\project\sample_test\server_build\build.xml] is bad :: whetherExist[false] isFile[false]
08:24:50.247 [main] WARN  k.p.s.c.buildsystem.ProjectBuilder - the server buid.xml file[D:\gitsinnori\sinnori\project\sample_test\server_build\build.xml] is bad beacse it doesn't exist or is not a file, so skip deletion of server build system
08:24:50.325 [main] WARN  k.p.s.c.buildsystem.ProjectBuilder - the app client build path[D:\gitsinnori\sinnori\project\sample_test\client_build\app_build] exist, so skip creation of app client build system
08:24:50.325 [main] INFO  k.p.s.c.buildsystem.ProjectBuilder - main project[sample_test]'s web build child direcotry creation task start
08:24:50.325 [main] INFO  k.p.s.common.util.CommonStaticUtil - the new child relative direcotry[D:\gitsinnori\sinnori\project\sample_test][client_build/web_build/corelib/ex] was created successfully
08:24:50.325 [main] INFO  k.p.s.common.util.CommonStaticUtil - the new child relative direcotry[D:\gitsinnori\sinnori\project\sample_test][client_build/web_build/corelib/in] was created successfully
08:24:50.325 [main] INFO  k.p.s.common.util.CommonStaticUtil - the new child relative direcotry[D:\gitsinnori\sinnori\project\sample_test][client_build/web_build/lib/main/ex] was created successfully
08:24:50.325 [main] INFO  k.p.s.common.util.CommonStaticUtil - the new child relative direcotry[D:\gitsinnori\sinnori\project\sample_test][client_build/web_build/lib/main/in] was created successfully
08:24:50.325 [main] INFO  k.p.s.common.util.CommonStaticUtil - the new child relative direcotry[D:\gitsinnori\sinnori\project\sample_test][client_build/web_build/lib/test] was created successfully
08:24:50.325 [main] INFO  k.p.s.common.util.CommonStaticUtil - the new child relative direcotry[D:\gitsinnori\sinnori\project\sample_test][client_build/web_build/src/main/java/kr/pe/sinnori/impl/message] was created successfully
08:24:50.325 [main] INFO  k.p.s.common.util.CommonStaticUtil - the new child relative direcotry[D:\gitsinnori\sinnori\project\sample_test][client_build/web_build/src/main/java//kr/pe/sinnori/servlet] was created successfully
08:24:50.325 [main] INFO  k.p.s.common.util.CommonStaticUtil - the new child relative direcotry[D:\gitsinnori\sinnori\project\sample_test][client_build/web_build/src/main/java/kr/pe/sinnori/weblib/common] was created successfully
08:24:50.325 [main] INFO  k.p.s.common.util.CommonStaticUtil - the new child relative direcotry[D:\gitsinnori\sinnori\project\sample_test][client_build/web_build/src/main/java/kr/pe/sinnori/weblib/htmlstring] was created successfully
08:24:50.325 [main] INFO  k.p.s.common.util.CommonStaticUtil - the new child relative direcotry[D:\gitsinnori\sinnori\project\sample_test][client_build/web_build/src/main/java/kr/pe/sinnori/weblib/jdf] was created successfully
08:24:50.325 [main] INFO  k.p.s.common.util.CommonStaticUtil - the new child relative direcotry[D:\gitsinnori\sinnori\project\sample_test][client_build/web_build/src/test/java] was created successfully
08:24:50.325 [main] INFO  k.p.s.common.util.CommonStaticUtil - the new child relative direcotry[D:\gitsinnori\sinnori\project\sample_test][client_build/web_build/build] was created successfully
08:24:50.325 [main] INFO  k.p.s.common.util.CommonStaticUtil - the new child relative direcotry[D:\gitsinnori\sinnori\project\sample_test][client_build/web_build/dist] was created successfully
08:24:50.325 [main] INFO  k.p.s.c.buildsystem.ProjectBuilder - main project[sample_test]'s web build child direcotry creation task end
08:24:50.325 [main] INFO  k.p.s.c.buildsystem.ProjectBuilder - main project[sample_test]'s web client build system files creation task start
08:24:50.325 [main] INFO  k.p.s.c.buildsystem.ProjectBuilder - main project[sample_test]'s web client ant build.xml file creation task start
08:24:50.325 [main] INFO  k.p.s.c.buildsystem.ProjectBuilder - main project[sample_test]'s web client ant build.xml file creation task end
08:24:50.325 [main] INFO  k.p.s.c.buildsystem.ProjectBuilder - main project[sample_test]'s web client ant properties file creation task start
08:24:50.325 [main] INFO  k.p.s.c.util.SequencedPropertiesUtil - the sequenced properties file[D:\gitsinnori\sinnori\project\sample_test\client_build\web_build\webAnt.properties] was created
08:24:50.325 [main] INFO  k.p.s.c.buildsystem.ProjectBuilder - main project[sample_test]'s web client ant properties file creation task end
08:24:50.325 [main] INFO  k.p.s.c.buildsystem.ProjectBuilder - main project[sample_test]'s web client message io file set creation task start
08:24:50.325 [main] INFO  k.p.s.common.util.CommonStaticUtil - the new child relative direcotry[D:\gitsinnori\sinnori\project\sample_test\client_build\web_build\src\main\java\kr\pe\sinnori\impl\message][Echo] was created successfully
08:24:50.325 [main] INFO  k.p.s.c.buildsystem.ProjectBuilder - main project[sample_test]'s message file[Echo][D:\gitsinnori\sinnori\project\sample_test\client_build\web_build\src\main\java\kr\pe\sinnori\impl\message] creation task start
08:24:50.345 [main] INFO  k.p.s.c.buildsystem.ProjectBuilder - main project[sample_test]'s message file[Echo][D:\gitsinnori\sinnori\project\sample_test\client_build\web_build\src\main\java\kr\pe\sinnori\impl\message] creation task end
08:24:50.346 [main] INFO  k.p.s.c.buildsystem.ProjectBuilder - main project[sample_test]'s message decoder file[Echo][D:\gitsinnori\sinnori\project\sample_test\client_build\web_build\src\main\java\kr\pe\sinnori\impl\message] creation task start
08:24:50.347 [main] INFO  k.p.s.c.buildsystem.ProjectBuilder - main project[sample_test]'s message decoder file[Echo][D:\gitsinnori\sinnori\project\sample_test\client_build\web_build\src\main\java\kr\pe\sinnori\impl\message] creation task end
08:24:50.347 [main] INFO  k.p.s.c.buildsystem.ProjectBuilder - main project[sample_test]'s message encoder file[Echo][D:\gitsinnori\sinnori\project\sample_test\client_build\web_build\src\main\java\kr\pe\sinnori\impl\message] creation task start
08:24:50.347 [main] INFO  k.p.s.c.buildsystem.ProjectBuilder - main project[sample_test]'s message encoder file[Echo][D:\gitsinnori\sinnori\project\sample_test\client_build\web_build\src\main\java\kr\pe\sinnori\impl\message] creation task end
08:24:50.347 [main] INFO  k.p.s.c.buildsystem.ProjectBuilder - main project[sample_test]'s message server codec file[Echo][D:\gitsinnori\sinnori\project\sample_test\client_build\web_build\src\main\java\kr\pe\sinnori\impl\message] creation task start
08:24:50.347 [main] INFO  k.p.s.c.buildsystem.ProjectBuilder - main project[sample_test]'s message server codec file[Echo][D:\gitsinnori\sinnori\project\sample_test\client_build\web_build\src\main\java\kr\pe\sinnori\impl\message] creation task end
08:24:50.347 [main] INFO  k.p.s.c.buildsystem.ProjectBuilder - main project[sample_test]'s message client codec file[Echo][D:\gitsinnori\sinnori\project\sample_test\client_build\web_build\src\main\java\kr\pe\sinnori\impl\message] creation task start
08:24:50.347 [main] INFO  k.p.s.c.buildsystem.ProjectBuilder - main project[sample_test]'s message client codec file[Echo][D:\gitsinnori\sinnori\project\sample_test\client_build\web_build\src\main\java\kr\pe\sinnori\impl\message] creation task end
08:24:50.347 [main] INFO  k.p.s.common.util.CommonStaticUtil - the new child relative direcotry[D:\gitsinnori\sinnori\project\sample_test\client_build\web_build\src\main\java\kr\pe\sinnori\impl\message][PublicKeyReq] was created successfully
08:24:50.347 [main] INFO  k.p.s.c.buildsystem.ProjectBuilder - main project[sample_test]'s message file[PublicKeyReq][D:\gitsinnori\sinnori\project\sample_test\client_build\web_build\src\main\java\kr\pe\sinnori\impl\message] creation task start
08:24:50.347 [main] INFO  k.p.s.c.buildsystem.ProjectBuilder - main project[sample_test]'s message file[PublicKeyReq][D:\gitsinnori\sinnori\project\sample_test\client_build\web_build\src\main\java\kr\pe\sinnori\impl\message] creation task end
08:24:50.347 [main] INFO  k.p.s.c.buildsystem.ProjectBuilder - main project[sample_test]'s message decoder file[PublicKeyReq][D:\gitsinnori\sinnori\project\sample_test\client_build\web_build\src\main\java\kr\pe\sinnori\impl\message] creation task start
08:24:50.363 [main] INFO  k.p.s.c.buildsystem.ProjectBuilder - main project[sample_test]'s message decoder file[PublicKeyReq][D:\gitsinnori\sinnori\project\sample_test\client_build\web_build\src\main\java\kr\pe\sinnori\impl\message] creation task end
08:24:50.363 [main] INFO  k.p.s.c.buildsystem.ProjectBuilder - main project[sample_test]'s message encoder file[PublicKeyReq][D:\gitsinnori\sinnori\project\sample_test\client_build\web_build\src\main\java\kr\pe\sinnori\impl\message] creation task start
08:24:50.363 [main] INFO  k.p.s.c.buildsystem.ProjectBuilder - main project[sample_test]'s message encoder file[PublicKeyReq][D:\gitsinnori\sinnori\project\sample_test\client_build\web_build\src\main\java\kr\pe\sinnori\impl\message] creation task end
08:24:50.363 [main] INFO  k.p.s.c.buildsystem.ProjectBuilder - main project[sample_test]'s message server codec file[PublicKeyReq][D:\gitsinnori\sinnori\project\sample_test\client_build\web_build\src\main\java\kr\pe\sinnori\impl\message] creation task start
08:24:50.363 [main] INFO  k.p.s.c.buildsystem.ProjectBuilder - main project[sample_test]'s message server codec file[PublicKeyReq][D:\gitsinnori\sinnori\project\sample_test\client_build\web_build\src\main\java\kr\pe\sinnori\impl\message] creation task end
08:24:50.363 [main] INFO  k.p.s.c.buildsystem.ProjectBuilder - main project[sample_test]'s message client codec file[PublicKeyReq][D:\gitsinnori\sinnori\project\sample_test\client_build\web_build\src\main\java\kr\pe\sinnori\impl\message] creation task start
08:24:50.363 [main] INFO  k.p.s.c.buildsystem.ProjectBuilder - main project[sample_test]'s message client codec file[PublicKeyReq][D:\gitsinnori\sinnori\project\sample_test\client_build\web_build\src\main\java\kr\pe\sinnori\impl\message] creation task end
08:24:50.363 [main] INFO  k.p.s.common.util.CommonStaticUtil - the new child relative direcotry[D:\gitsinnori\sinnori\project\sample_test\client_build\web_build\src\main\java\kr\pe\sinnori\impl\message][PublicKeyRes] was created successfully
08:24:50.463 [main] INFO  k.p.s.c.buildsystem.ProjectBuilder - main project[sample_test]'s message file[PublicKeyRes][D:\gitsinnori\sinnori\project\sample_test\client_build\web_build\src\main\java\kr\pe\sinnori\impl\message] creation task start
08:24:50.463 [main] INFO  k.p.s.c.buildsystem.ProjectBuilder - main project[sample_test]'s message file[PublicKeyRes][D:\gitsinnori\sinnori\project\sample_test\client_build\web_build\src\main\java\kr\pe\sinnori\impl\message] creation task end
08:24:50.463 [main] INFO  k.p.s.c.buildsystem.ProjectBuilder - main project[sample_test]'s message decoder file[PublicKeyRes][D:\gitsinnori\sinnori\project\sample_test\client_build\web_build\src\main\java\kr\pe\sinnori\impl\message] creation task start
08:24:50.463 [main] INFO  k.p.s.c.buildsystem.ProjectBuilder - main project[sample_test]'s message decoder file[PublicKeyRes][D:\gitsinnori\sinnori\project\sample_test\client_build\web_build\src\main\java\kr\pe\sinnori\impl\message] creation task end
08:24:50.463 [main] INFO  k.p.s.c.buildsystem.ProjectBuilder - main project[sample_test]'s message encoder file[PublicKeyRes][D:\gitsinnori\sinnori\project\sample_test\client_build\web_build\src\main\java\kr\pe\sinnori\impl\message] creation task start
08:24:50.463 [main] INFO  k.p.s.c.buildsystem.ProjectBuilder - main project[sample_test]'s message encoder file[PublicKeyRes][D:\gitsinnori\sinnori\project\sample_test\client_build\web_build\src\main\java\kr\pe\sinnori\impl\message] creation task end
08:24:50.463 [main] INFO  k.p.s.c.buildsystem.ProjectBuilder - main project[sample_test]'s message server codec file[PublicKeyRes][D:\gitsinnori\sinnori\project\sample_test\client_build\web_build\src\main\java\kr\pe\sinnori\impl\message] creation task start
08:24:50.463 [main] INFO  k.p.s.c.buildsystem.ProjectBuilder - main project[sample_test]'s message server codec file[PublicKeyRes][D:\gitsinnori\sinnori\project\sample_test\client_build\web_build\src\main\java\kr\pe\sinnori\impl\message] creation task end
08:24:50.463 [main] INFO  k.p.s.c.buildsystem.ProjectBuilder - main project[sample_test]'s message client codec file[PublicKeyRes][D:\gitsinnori\sinnori\project\sample_test\client_build\web_build\src\main\java\kr\pe\sinnori\impl\message] creation task start
08:24:50.478 [main] INFO  k.p.s.c.buildsystem.ProjectBuilder - main project[sample_test]'s message client codec file[PublicKeyRes][D:\gitsinnori\sinnori\project\sample_test\client_build\web_build\src\main\java\kr\pe\sinnori\impl\message] creation task end
08:24:50.478 [main] INFO  k.p.s.c.buildsystem.ProjectBuilder - main project[sample_test]'s web client message io file set creation task end
08:24:50.478 [main] INFO  k.p.s.c.buildsystem.ProjectBuilder - mainproject[sample_test]'s web client sample source files copy task start
08:24:50.525 [main] INFO  k.p.s.c.buildsystem.ProjectBuilder - mainproject[sample_test]'s web client sample source files copy task end
08:24:50.525 [main] INFO  k.p.s.c.buildsystem.ProjectBuilder - main project[sample_test]'s web client build system files creation task end
08:24:50.525 [main] INFO  k.p.s.c.buildsystem.ProjectBuilder - main project[sample_test]'s web root child direcotry creation task start
08:24:50.525 [main] INFO  k.p.s.common.util.CommonStaticUtil - the child relative direcotry[D:\gitsinnori\sinnori\project\sample_test][web_app_base/upload] exist, so nothing
08:24:50.525 [main] INFO  k.p.s.common.util.CommonStaticUtil - the new child relative direcotry[D:\gitsinnori\sinnori\project\sample_test][web_app_base/ROOT/WEB-INF/classes] was created successfully
08:24:50.525 [main] INFO  k.p.s.common.util.CommonStaticUtil - the new child relative direcotry[D:\gitsinnori\sinnori\project\sample_test][web_app_base/ROOT/WEB-INF/lib] was created successfully
08:24:50.525 [main] INFO  k.p.s.c.buildsystem.ProjectBuilder - main project[sample_test]'s web root child direcotry creation task end
08:24:50.525 [main] INFO  k.p.s.c.buildsystem.ProjectBuilder - main project[sample_test]'s web root sample files creation task start
08:24:50.525 [main] INFO  k.p.s.c.buildsystem.ProjectBuilder - main project[sample_test]'s web root sample files copy task start
08:24:50.543 [main] INFO  k.p.s.c.buildsystem.ProjectBuilder - main project[sample_test]'s web root sample files copy task end
08:24:50.543 [main] INFO  k.p.s.c.buildsystem.ProjectBuilder - main project[sample_test]'s web root sample files creation task end
08:24:50.543 [main] INFO  k.p.s.c.buildsystem.ProjectBuilder - main project[sample_test]'s config file overwrite task start
08:24:50.548 [main] INFO  k.p.s.c.buildsystem.ProjectBuilder - main project[sample_test]'s config file overwrite task end
08:24:50.548 [main] INFO  k.p.s.c.buildsystem.ProjectBuilder - main project[sample_test] changeProjectState method end
08:24:50.548 [main] INFO  k.p.s.c.buildsystem.ProjectBuilder - the server ant build.xml file[D:\gitsinnori\sinnori\project\sample_test\server_build\build.xml] is bad :: whetherExist[false] isFile[false]
08:24:50.563 [main] INFO  k.p.s.c.buildsystem.ProjectBuilder - main project[sample_test] changeProjectState method start
08:24:50.563 [main] INFO  k.p.s.c.buildsystem.ProjectBuilder - main project[sample_test]'s server child direcotry creation task start
08:24:50.563 [main] INFO  k.p.s.common.util.CommonStaticUtil - the new child relative direcotry[D:\gitsinnori\sinnori\project\sample_test][server_build/APP-INF/classes] was created successfully
08:24:50.563 [main] INFO  k.p.s.common.util.CommonStaticUtil - the new child relative direcotry[D:\gitsinnori\sinnori\project\sample_test][server_build/corelib/ex] was created successfully
08:24:50.563 [main] INFO  k.p.s.common.util.CommonStaticUtil - the new child relative direcotry[D:\gitsinnori\sinnori\project\sample_test][server_build/corelib/in] was created successfully
08:24:50.563 [main] INFO  k.p.s.common.util.CommonStaticUtil - the new child relative direcotry[D:\gitsinnori\sinnori\project\sample_test][server_build/lib/main/ex] was created successfully
08:24:50.563 [main] INFO  k.p.s.common.util.CommonStaticUtil - the new child relative direcotry[D:\gitsinnori\sinnori\project\sample_test][server_build/lib/main/in] was created successfully
08:24:50.563 [main] INFO  k.p.s.common.util.CommonStaticUtil - the new child relative direcotry[D:\gitsinnori\sinnori\project\sample_test][server_build/lib/test] was created successfully
08:24:50.563 [main] INFO  k.p.s.common.util.CommonStaticUtil - the new child relative direcotry[D:\gitsinnori\sinnori\project\sample_test][server_build/src/main/java/kr/pe/sinnori/impl/servertask] was created successfully
08:24:50.563 [main] INFO  k.p.s.common.util.CommonStaticUtil - the new child relative direcotry[D:\gitsinnori\sinnori\project\sample_test][server_build/src/main/java/kr/pe/sinnori/impl/message] was created successfully
08:24:50.563 [main] INFO  k.p.s.common.util.CommonStaticUtil - the new child relative direcotry[D:\gitsinnori\sinnori\project\sample_test][server_build/src/main/java/main] was created successfully
08:24:50.563 [main] INFO  k.p.s.common.util.CommonStaticUtil - the new child relative direcotry[D:\gitsinnori\sinnori\project\sample_test][server_build/src/test/java] was created successfully
08:24:50.563 [main] INFO  k.p.s.common.util.CommonStaticUtil - the new child relative direcotry[D:\gitsinnori\sinnori\project\sample_test][server_build/build] was created successfully
08:24:50.563 [main] INFO  k.p.s.common.util.CommonStaticUtil - the new child relative direcotry[D:\gitsinnori\sinnori\project\sample_test][server_build/dist] was created successfully
08:24:50.563 [main] INFO  k.p.s.c.buildsystem.ProjectBuilder - main project[sample_test]'s server child direcotry creation task end
08:24:50.563 [main] INFO  k.p.s.c.buildsystem.ProjectBuilder - server build system files creation task start
08:24:50.563 [main] INFO  k.p.s.c.buildsystem.ProjectBuilder - main project[sample_test]'s server ant build.xml file creation task start
08:24:50.563 [main] INFO  k.p.s.c.buildsystem.ProjectBuilder - main project[sample_test]'s server ant build.xml file creation task end
08:24:50.563 [main] INFO  k.p.s.c.buildsystem.ProjectBuilder - main project[sample_test]'s server dos shell file creation task start
08:24:50.563 [main] INFO  k.p.s.c.buildsystem.ProjectBuilder - main project[sample_test]'s server dos shell file creation task end
08:24:50.563 [main] INFO  k.p.s.c.buildsystem.ProjectBuilder - main project[sample_test]'s server unix shell file creation task start
08:24:50.563 [main] INFO  k.p.s.c.buildsystem.ProjectBuilder - main project[sample_test]'s server unix shell file creation task end
08:24:50.563 [main] INFO  k.p.s.c.buildsystem.ProjectBuilder - server sample source files copy task start
08:24:50.579 [main] INFO  k.p.s.c.buildsystem.ProjectBuilder - server sample source files copy task end
08:24:50.579 [main] INFO  k.p.s.c.buildsystem.ProjectBuilder - main project[sample_test]'s server message io file set creation task start
08:24:50.579 [main] INFO  k.p.s.common.util.CommonStaticUtil - the new child relative direcotry[D:\gitsinnori\sinnori\project\sample_test\server_build\src\main\java\kr\pe\sinnori\impl\message][Echo] was created successfully
08:24:50.579 [main] INFO  k.p.s.c.buildsystem.ProjectBuilder - main project[sample_test]'s message file[Echo][D:\gitsinnori\sinnori\project\sample_test\server_build\src\main\java\kr\pe\sinnori\impl\message] creation task start
08:24:50.579 [main] INFO  k.p.s.c.buildsystem.ProjectBuilder - main project[sample_test]'s message file[Echo][D:\gitsinnori\sinnori\project\sample_test\server_build\src\main\java\kr\pe\sinnori\impl\message] creation task end
08:24:50.579 [main] INFO  k.p.s.c.buildsystem.ProjectBuilder - main project[sample_test]'s message decoder file[Echo][D:\gitsinnori\sinnori\project\sample_test\server_build\src\main\java\kr\pe\sinnori\impl\message] creation task start
08:24:50.579 [main] INFO  k.p.s.c.buildsystem.ProjectBuilder - main project[sample_test]'s message decoder file[Echo][D:\gitsinnori\sinnori\project\sample_test\server_build\src\main\java\kr\pe\sinnori\impl\message] creation task end
08:24:50.579 [main] INFO  k.p.s.c.buildsystem.ProjectBuilder - main project[sample_test]'s message encoder file[Echo][D:\gitsinnori\sinnori\project\sample_test\server_build\src\main\java\kr\pe\sinnori\impl\message] creation task start
08:24:50.594 [main] INFO  k.p.s.c.buildsystem.ProjectBuilder - main project[sample_test]'s message encoder file[Echo][D:\gitsinnori\sinnori\project\sample_test\server_build\src\main\java\kr\pe\sinnori\impl\message] creation task end
08:24:50.594 [main] INFO  k.p.s.c.buildsystem.ProjectBuilder - main project[sample_test]'s message server codec file[Echo][D:\gitsinnori\sinnori\project\sample_test\server_build\src\main\java\kr\pe\sinnori\impl\message] creation task start
08:24:50.594 [main] INFO  k.p.s.c.buildsystem.ProjectBuilder - main project[sample_test]'s message server codec file[Echo][D:\gitsinnori\sinnori\project\sample_test\server_build\src\main\java\kr\pe\sinnori\impl\message] creation task end
08:24:50.594 [main] INFO  k.p.s.c.buildsystem.ProjectBuilder - main project[sample_test]'s message client codec file[Echo][D:\gitsinnori\sinnori\project\sample_test\server_build\src\main\java\kr\pe\sinnori\impl\message] creation task start
08:24:50.594 [main] INFO  k.p.s.c.buildsystem.ProjectBuilder - main project[sample_test]'s message client codec file[Echo][D:\gitsinnori\sinnori\project\sample_test\server_build\src\main\java\kr\pe\sinnori\impl\message] creation task end
08:24:50.594 [main] INFO  k.p.s.common.util.CommonStaticUtil - the new child relative direcotry[D:\gitsinnori\sinnori\project\sample_test\server_build\src\main\java\kr\pe\sinnori\impl\message][PublicKeyReq] was created successfully
08:24:50.594 [main] INFO  k.p.s.c.buildsystem.ProjectBuilder - main project[sample_test]'s message file[PublicKeyReq][D:\gitsinnori\sinnori\project\sample_test\server_build\src\main\java\kr\pe\sinnori\impl\message] creation task start
08:24:50.594 [main] INFO  k.p.s.c.buildsystem.ProjectBuilder - main project[sample_test]'s message file[PublicKeyReq][D:\gitsinnori\sinnori\project\sample_test\server_build\src\main\java\kr\pe\sinnori\impl\message] creation task end
08:24:50.594 [main] INFO  k.p.s.c.buildsystem.ProjectBuilder - main project[sample_test]'s message decoder file[PublicKeyReq][D:\gitsinnori\sinnori\project\sample_test\server_build\src\main\java\kr\pe\sinnori\impl\message] creation task start
08:24:50.594 [main] INFO  k.p.s.c.buildsystem.ProjectBuilder - main project[sample_test]'s message decoder file[PublicKeyReq][D:\gitsinnori\sinnori\project\sample_test\server_build\src\main\java\kr\pe\sinnori\impl\message] creation task end
08:24:50.594 [main] INFO  k.p.s.c.buildsystem.ProjectBuilder - main project[sample_test]'s message encoder file[PublicKeyReq][D:\gitsinnori\sinnori\project\sample_test\server_build\src\main\java\kr\pe\sinnori\impl\message] creation task start
08:24:50.678 [main] INFO  k.p.s.c.buildsystem.ProjectBuilder - main project[sample_test]'s message encoder file[PublicKeyReq][D:\gitsinnori\sinnori\project\sample_test\server_build\src\main\java\kr\pe\sinnori\impl\message] creation task end
08:24:50.678 [main] INFO  k.p.s.c.buildsystem.ProjectBuilder - main project[sample_test]'s message server codec file[PublicKeyReq][D:\gitsinnori\sinnori\project\sample_test\server_build\src\main\java\kr\pe\sinnori\impl\message] creation task start
08:24:50.678 [main] INFO  k.p.s.c.buildsystem.ProjectBuilder - main project[sample_test]'s message server codec file[PublicKeyReq][D:\gitsinnori\sinnori\project\sample_test\server_build\src\main\java\kr\pe\sinnori\impl\message] creation task end
08:24:50.678 [main] INFO  k.p.s.c.buildsystem.ProjectBuilder - main project[sample_test]'s message client codec file[PublicKeyReq][D:\gitsinnori\sinnori\project\sample_test\server_build\src\main\java\kr\pe\sinnori\impl\message] creation task start
08:24:50.694 [main] INFO  k.p.s.c.buildsystem.ProjectBuilder - main project[sample_test]'s message client codec file[PublicKeyReq][D:\gitsinnori\sinnori\project\sample_test\server_build\src\main\java\kr\pe\sinnori\impl\message] creation task end
08:24:50.694 [main] INFO  k.p.s.common.util.CommonStaticUtil - the new child relative direcotry[D:\gitsinnori\sinnori\project\sample_test\server_build\src\main\java\kr\pe\sinnori\impl\message][PublicKeyRes] was created successfully
08:24:50.694 [main] INFO  k.p.s.c.buildsystem.ProjectBuilder - main project[sample_test]'s message file[PublicKeyRes][D:\gitsinnori\sinnori\project\sample_test\server_build\src\main\java\kr\pe\sinnori\impl\message] creation task start
08:24:50.694 [main] INFO  k.p.s.c.buildsystem.ProjectBuilder - main project[sample_test]'s message file[PublicKeyRes][D:\gitsinnori\sinnori\project\sample_test\server_build\src\main\java\kr\pe\sinnori\impl\message] creation task end
08:24:50.694 [main] INFO  k.p.s.c.buildsystem.ProjectBuilder - main project[sample_test]'s message decoder file[PublicKeyRes][D:\gitsinnori\sinnori\project\sample_test\server_build\src\main\java\kr\pe\sinnori\impl\message] creation task start
08:24:50.710 [main] INFO  k.p.s.c.buildsystem.ProjectBuilder - main project[sample_test]'s message decoder file[PublicKeyRes][D:\gitsinnori\sinnori\project\sample_test\server_build\src\main\java\kr\pe\sinnori\impl\message] creation task end
08:24:50.710 [main] INFO  k.p.s.c.buildsystem.ProjectBuilder - main project[sample_test]'s message encoder file[PublicKeyRes][D:\gitsinnori\sinnori\project\sample_test\server_build\src\main\java\kr\pe\sinnori\impl\message] creation task start
08:24:50.725 [main] INFO  k.p.s.c.buildsystem.ProjectBuilder - main project[sample_test]'s message encoder file[PublicKeyRes][D:\gitsinnori\sinnori\project\sample_test\server_build\src\main\java\kr\pe\sinnori\impl\message] creation task end
08:24:50.725 [main] INFO  k.p.s.c.buildsystem.ProjectBuilder - main project[sample_test]'s message server codec file[PublicKeyRes][D:\gitsinnori\sinnori\project\sample_test\server_build\src\main\java\kr\pe\sinnori\impl\message] creation task start
08:24:50.725 [main] INFO  k.p.s.c.buildsystem.ProjectBuilder - main project[sample_test]'s message server codec file[PublicKeyRes][D:\gitsinnori\sinnori\project\sample_test\server_build\src\main\java\kr\pe\sinnori\impl\message] creation task end
08:24:50.725 [main] INFO  k.p.s.c.buildsystem.ProjectBuilder - main project[sample_test]'s message client codec file[PublicKeyRes][D:\gitsinnori\sinnori\project\sample_test\server_build\src\main\java\kr\pe\sinnori\impl\message] creation task start
08:24:50.725 [main] INFO  k.p.s.c.buildsystem.ProjectBuilder - main project[sample_test]'s message client codec file[PublicKeyRes][D:\gitsinnori\sinnori\project\sample_test\server_build\src\main\java\kr\pe\sinnori\impl\message] creation task end
08:24:50.725 [main] INFO  k.p.s.c.buildsystem.ProjectBuilder - main project[sample_test]'s server message io file set creation task end
08:24:50.725 [main] INFO  k.p.s.c.buildsystem.ProjectBuilder - server build system files creation task end
08:24:50.725 [main] INFO  k.p.s.c.buildsystem.ProjectBuilder - mainproject[sample_test]'s application client build path deletion task start
08:24:50.747 [main] INFO  k.p.s.c.buildsystem.ProjectBuilder - mainproject[sample_test]'s application client build path deletion task end
08:24:50.747 [main] INFO  k.p.s.c.buildsystem.ProjectBuilder - main project[sample_test]'s web client build path deletion task start
08:24:50.763 [main] INFO  k.p.s.c.buildsystem.ProjectBuilder - main project[sample_test]'s web client build path deletion task end
08:24:50.763 [main] INFO  k.p.s.c.buildsystem.ProjectBuilder - main project[sample_test]'s web root path deletion task start
08:24:50.763 [main] INFO  k.p.s.c.buildsystem.ProjectBuilder - main project[sample_test]'s web root path deletion task end
08:24:50.763 [main] INFO  k.p.s.c.buildsystem.ProjectBuilder - main project[sample_test]'s config file overwrite task start
08:24:50.763 [main] INFO  k.p.s.c.buildsystem.ProjectBuilder - main project[sample_test]'s config file overwrite task end
08:24:50.763 [main] INFO  k.p.s.c.buildsystem.ProjectBuilder - main project[sample_test] changeProjectState method end
08:24:50.763 [main] INFO  k.p.s.c.buildsystem.ProjectBuilder - the app client ant build.xml file[D:\gitsinnori\sinnori\project\sample_test\client_build\app_build\build.xml] is bad :: whetherExist[false] isFile[false]
08:24:50.763 [main] INFO  k.p.s.c.buildsystem.ProjectBuilder - the web client ant build.xml file[D:\gitsinnori\sinnori\project\sample_test\client_build\web_build\build.xml] is bad :: whetherExist[false] isFile[false]
08:24:50.763 [main] INFO  k.p.s.c.buildsystem.ProjectBuilder - the web.xml file[D:\gitsinnori\sinnori\project\sample_test\web_app_base\ROOT\WEB-INF\web.xml] located at web root directory is bad :: whetherExist[false] isFile[false]
08:24:50.763 [main] INFO  k.p.s.c.buildsystem.ProjectBuilder - main project[sample_test] changeProjectState method start
08:24:50.763 [main] WARN  k.p.s.c.buildsystem.ProjectBuilder - the server build path[D:\gitsinnori\sinnori\project\sample_test\server_build] exist, so skip creation of server build system
08:24:50.763 [main] INFO  k.p.s.c.buildsystem.ProjectBuilder - the app client ant build.xml file[D:\gitsinnori\sinnori\project\sample_test\client_build\app_build\build.xml] is bad :: whetherExist[false] isFile[false]
08:24:50.763 [main] WARN  k.p.s.c.buildsystem.ProjectBuilder - the app client buid.xml file[D:\gitsinnori\sinnori\project\sample_test\client_build\app_build\build.xml] is bad beacse it doesn't exist or is not a file, so skip deletion of app client build system
08:24:50.763 [main] INFO  k.p.s.c.buildsystem.ProjectBuilder - main project[sample_test]'s web build child direcotry creation task start
08:24:50.810 [main] INFO  k.p.s.common.util.CommonStaticUtil - the new child relative direcotry[D:\gitsinnori\sinnori\project\sample_test][client_build/web_build/corelib/ex] was created successfully
08:24:50.810 [main] INFO  k.p.s.common.util.CommonStaticUtil - the new child relative direcotry[D:\gitsinnori\sinnori\project\sample_test][client_build/web_build/corelib/in] was created successfully
08:24:50.810 [main] INFO  k.p.s.common.util.CommonStaticUtil - the new child relative direcotry[D:\gitsinnori\sinnori\project\sample_test][client_build/web_build/lib/main/ex] was created successfully
08:24:50.810 [main] INFO  k.p.s.common.util.CommonStaticUtil - the new child relative direcotry[D:\gitsinnori\sinnori\project\sample_test][client_build/web_build/lib/main/in] was created successfully
08:24:50.810 [main] INFO  k.p.s.common.util.CommonStaticUtil - the new child relative direcotry[D:\gitsinnori\sinnori\project\sample_test][client_build/web_build/lib/test] was created successfully
08:24:50.810 [main] INFO  k.p.s.common.util.CommonStaticUtil - the new child relative direcotry[D:\gitsinnori\sinnori\project\sample_test][client_build/web_build/src/main/java/kr/pe/sinnori/impl/message] was created successfully
08:24:50.810 [main] INFO  k.p.s.common.util.CommonStaticUtil - the new child relative direcotry[D:\gitsinnori\sinnori\project\sample_test][client_build/web_build/src/main/java//kr/pe/sinnori/servlet] was created successfully
08:24:50.810 [main] INFO  k.p.s.common.util.CommonStaticUtil - the new child relative direcotry[D:\gitsinnori\sinnori\project\sample_test][client_build/web_build/src/main/java/kr/pe/sinnori/weblib/common] was created successfully
08:24:50.810 [main] INFO  k.p.s.common.util.CommonStaticUtil - the new child relative direcotry[D:\gitsinnori\sinnori\project\sample_test][client_build/web_build/src/main/java/kr/pe/sinnori/weblib/htmlstring] was created successfully
08:24:50.810 [main] INFO  k.p.s.common.util.CommonStaticUtil - the new child relative direcotry[D:\gitsinnori\sinnori\project\sample_test][client_build/web_build/src/main/java/kr/pe/sinnori/weblib/jdf] was created successfully
08:24:50.810 [main] INFO  k.p.s.common.util.CommonStaticUtil - the new child relative direcotry[D:\gitsinnori\sinnori\project\sample_test][client_build/web_build/src/test/java] was created successfully
08:24:50.810 [main] INFO  k.p.s.common.util.CommonStaticUtil - the new child relative direcotry[D:\gitsinnori\sinnori\project\sample_test][client_build/web_build/build] was created successfully
08:24:50.810 [main] INFO  k.p.s.common.util.CommonStaticUtil - the new child relative direcotry[D:\gitsinnori\sinnori\project\sample_test][client_build/web_build/dist] was created successfully
08:24:50.810 [main] INFO  k.p.s.c.buildsystem.ProjectBuilder - main project[sample_test]'s web build child direcotry creation task end
08:24:50.810 [main] INFO  k.p.s.c.buildsystem.ProjectBuilder - main project[sample_test]'s web client build system files creation task start
08:24:50.810 [main] INFO  k.p.s.c.buildsystem.ProjectBuilder - main project[sample_test]'s web client ant build.xml file creation task start
08:24:50.810 [main] INFO  k.p.s.c.buildsystem.ProjectBuilder - main project[sample_test]'s web client ant build.xml file creation task end
08:24:50.810 [main] INFO  k.p.s.c.buildsystem.ProjectBuilder - main project[sample_test]'s web client ant properties file creation task start
08:24:50.810 [main] INFO  k.p.s.c.util.SequencedPropertiesUtil - the sequenced properties file[D:\gitsinnori\sinnori\project\sample_test\client_build\web_build\webAnt.properties] was created
08:24:50.825 [main] INFO  k.p.s.c.buildsystem.ProjectBuilder - main project[sample_test]'s web client ant properties file creation task end
08:24:50.825 [main] INFO  k.p.s.c.buildsystem.ProjectBuilder - main project[sample_test]'s web client message io file set creation task start
08:24:50.825 [main] INFO  k.p.s.common.util.CommonStaticUtil - the new child relative direcotry[D:\gitsinnori\sinnori\project\sample_test\client_build\web_build\src\main\java\kr\pe\sinnori\impl\message][Echo] was created successfully
08:24:50.825 [main] INFO  k.p.s.c.buildsystem.ProjectBuilder - main project[sample_test]'s message file[Echo][D:\gitsinnori\sinnori\project\sample_test\client_build\web_build\src\main\java\kr\pe\sinnori\impl\message] creation task start
08:24:50.825 [main] INFO  k.p.s.c.buildsystem.ProjectBuilder - main project[sample_test]'s message file[Echo][D:\gitsinnori\sinnori\project\sample_test\client_build\web_build\src\main\java\kr\pe\sinnori\impl\message] creation task end
08:24:50.825 [main] INFO  k.p.s.c.buildsystem.ProjectBuilder - main project[sample_test]'s message decoder file[Echo][D:\gitsinnori\sinnori\project\sample_test\client_build\web_build\src\main\java\kr\pe\sinnori\impl\message] creation task start
08:24:50.825 [main] INFO  k.p.s.c.buildsystem.ProjectBuilder - main project[sample_test]'s message decoder file[Echo][D:\gitsinnori\sinnori\project\sample_test\client_build\web_build\src\main\java\kr\pe\sinnori\impl\message] creation task end
08:24:50.825 [main] INFO  k.p.s.c.buildsystem.ProjectBuilder - main project[sample_test]'s message encoder file[Echo][D:\gitsinnori\sinnori\project\sample_test\client_build\web_build\src\main\java\kr\pe\sinnori\impl\message] creation task start
08:24:50.842 [main] INFO  k.p.s.c.buildsystem.ProjectBuilder - main project[sample_test]'s message encoder file[Echo][D:\gitsinnori\sinnori\project\sample_test\client_build\web_build\src\main\java\kr\pe\sinnori\impl\message] creation task end
08:24:50.842 [main] INFO  k.p.s.c.buildsystem.ProjectBuilder - main project[sample_test]'s message server codec file[Echo][D:\gitsinnori\sinnori\project\sample_test\client_build\web_build\src\main\java\kr\pe\sinnori\impl\message] creation task start
08:24:50.844 [main] INFO  k.p.s.c.buildsystem.ProjectBuilder - main project[sample_test]'s message server codec file[Echo][D:\gitsinnori\sinnori\project\sample_test\client_build\web_build\src\main\java\kr\pe\sinnori\impl\message] creation task end
08:24:50.844 [main] INFO  k.p.s.c.buildsystem.ProjectBuilder - main project[sample_test]'s message client codec file[Echo][D:\gitsinnori\sinnori\project\sample_test\client_build\web_build\src\main\java\kr\pe\sinnori\impl\message] creation task start
08:24:50.845 [main] INFO  k.p.s.c.buildsystem.ProjectBuilder - main project[sample_test]'s message client codec file[Echo][D:\gitsinnori\sinnori\project\sample_test\client_build\web_build\src\main\java\kr\pe\sinnori\impl\message] creation task end
08:24:50.846 [main] INFO  k.p.s.common.util.CommonStaticUtil - the new child relative direcotry[D:\gitsinnori\sinnori\project\sample_test\client_build\web_build\src\main\java\kr\pe\sinnori\impl\message][PublicKeyReq] was created successfully
08:24:50.846 [main] INFO  k.p.s.c.buildsystem.ProjectBuilder - main project[sample_test]'s message file[PublicKeyReq][D:\gitsinnori\sinnori\project\sample_test\client_build\web_build\src\main\java\kr\pe\sinnori\impl\message] creation task start
08:24:50.848 [main] INFO  k.p.s.c.buildsystem.ProjectBuilder - main project[sample_test]'s message file[PublicKeyReq][D:\gitsinnori\sinnori\project\sample_test\client_build\web_build\src\main\java\kr\pe\sinnori\impl\message] creation task end
08:24:50.848 [main] INFO  k.p.s.c.buildsystem.ProjectBuilder - main project[sample_test]'s message decoder file[PublicKeyReq][D:\gitsinnori\sinnori\project\sample_test\client_build\web_build\src\main\java\kr\pe\sinnori\impl\message] creation task start
08:24:50.848 [main] INFO  k.p.s.c.buildsystem.ProjectBuilder - main project[sample_test]'s message decoder file[PublicKeyReq][D:\gitsinnori\sinnori\project\sample_test\client_build\web_build\src\main\java\kr\pe\sinnori\impl\message] creation task end
08:24:50.848 [main] INFO  k.p.s.c.buildsystem.ProjectBuilder - main project[sample_test]'s message encoder file[PublicKeyReq][D:\gitsinnori\sinnori\project\sample_test\client_build\web_build\src\main\java\kr\pe\sinnori\impl\message] creation task start
08:24:50.848 [main] INFO  k.p.s.c.buildsystem.ProjectBuilder - main project[sample_test]'s message encoder file[PublicKeyReq][D:\gitsinnori\sinnori\project\sample_test\client_build\web_build\src\main\java\kr\pe\sinnori\impl\message] creation task end
08:24:50.848 [main] INFO  k.p.s.c.buildsystem.ProjectBuilder - main project[sample_test]'s message server codec file[PublicKeyReq][D:\gitsinnori\sinnori\project\sample_test\client_build\web_build\src\main\java\kr\pe\sinnori\impl\message] creation task start
08:24:50.926 [main] INFO  k.p.s.c.buildsystem.ProjectBuilder - main project[sample_test]'s message server codec file[PublicKeyReq][D:\gitsinnori\sinnori\project\sample_test\client_build\web_build\src\main\java\kr\pe\sinnori\impl\message] creation task end
08:24:50.926 [main] INFO  k.p.s.c.buildsystem.ProjectBuilder - main project[sample_test]'s message client codec file[PublicKeyReq][D:\gitsinnori\sinnori\project\sample_test\client_build\web_build\src\main\java\kr\pe\sinnori\impl\message] creation task start
08:24:50.926 [main] INFO  k.p.s.c.buildsystem.ProjectBuilder - main project[sample_test]'s message client codec file[PublicKeyReq][D:\gitsinnori\sinnori\project\sample_test\client_build\web_build\src\main\java\kr\pe\sinnori\impl\message] creation task end
08:24:50.926 [main] INFO  k.p.s.common.util.CommonStaticUtil - the new child relative direcotry[D:\gitsinnori\sinnori\project\sample_test\client_build\web_build\src\main\java\kr\pe\sinnori\impl\message][PublicKeyRes] was created successfully
08:24:50.926 [main] INFO  k.p.s.c.buildsystem.ProjectBuilder - main project[sample_test]'s message file[PublicKeyRes][D:\gitsinnori\sinnori\project\sample_test\client_build\web_build\src\main\java\kr\pe\sinnori\impl\message] creation task start
08:24:50.947 [main] INFO  k.p.s.c.buildsystem.ProjectBuilder - main project[sample_test]'s message file[PublicKeyRes][D:\gitsinnori\sinnori\project\sample_test\client_build\web_build\src\main\java\kr\pe\sinnori\impl\message] creation task end
08:24:50.947 [main] INFO  k.p.s.c.buildsystem.ProjectBuilder - main project[sample_test]'s message decoder file[PublicKeyRes][D:\gitsinnori\sinnori\project\sample_test\client_build\web_build\src\main\java\kr\pe\sinnori\impl\message] creation task start
08:24:50.947 [main] INFO  k.p.s.c.buildsystem.ProjectBuilder - main project[sample_test]'s message decoder file[PublicKeyRes][D:\gitsinnori\sinnori\project\sample_test\client_build\web_build\src\main\java\kr\pe\sinnori\impl\message] creation task end
08:24:50.947 [main] INFO  k.p.s.c.buildsystem.ProjectBuilder - main project[sample_test]'s message encoder file[PublicKeyRes][D:\gitsinnori\sinnori\project\sample_test\client_build\web_build\src\main\java\kr\pe\sinnori\impl\message] creation task start
08:24:50.963 [main] INFO  k.p.s.c.buildsystem.ProjectBuilder - main project[sample_test]'s message encoder file[PublicKeyRes][D:\gitsinnori\sinnori\project\sample_test\client_build\web_build\src\main\java\kr\pe\sinnori\impl\message] creation task end
08:24:50.963 [main] INFO  k.p.s.c.buildsystem.ProjectBuilder - main project[sample_test]'s message server codec file[PublicKeyRes][D:\gitsinnori\sinnori\project\sample_test\client_build\web_build\src\main\java\kr\pe\sinnori\impl\message] creation task start
08:24:50.963 [main] INFO  k.p.s.c.buildsystem.ProjectBuilder - main project[sample_test]'s message server codec file[PublicKeyRes][D:\gitsinnori\sinnori\project\sample_test\client_build\web_build\src\main\java\kr\pe\sinnori\impl\message] creation task end
08:24:50.963 [main] INFO  k.p.s.c.buildsystem.ProjectBuilder - main project[sample_test]'s message client codec file[PublicKeyRes][D:\gitsinnori\sinnori\project\sample_test\client_build\web_build\src\main\java\kr\pe\sinnori\impl\message] creation task start
08:24:50.963 [main] INFO  k.p.s.c.buildsystem.ProjectBuilder - main project[sample_test]'s message client codec file[PublicKeyRes][D:\gitsinnori\sinnori\project\sample_test\client_build\web_build\src\main\java\kr\pe\sinnori\impl\message] creation task end
08:24:50.963 [main] INFO  k.p.s.c.buildsystem.ProjectBuilder - main project[sample_test]'s web client message io file set creation task end
08:24:50.963 [main] INFO  k.p.s.c.buildsystem.ProjectBuilder - mainproject[sample_test]'s web client sample source files copy task start
08:24:51.026 [main] INFO  k.p.s.c.buildsystem.ProjectBuilder - mainproject[sample_test]'s web client sample source files copy task end
08:24:51.026 [main] INFO  k.p.s.c.buildsystem.ProjectBuilder - main project[sample_test]'s web client build system files creation task end
08:24:51.026 [main] INFO  k.p.s.c.buildsystem.ProjectBuilder - main project[sample_test]'s web root child direcotry creation task start
08:24:51.026 [main] INFO  k.p.s.common.util.CommonStaticUtil - the child relative direcotry[D:\gitsinnori\sinnori\project\sample_test][web_app_base/upload] exist, so nothing
08:24:51.026 [main] INFO  k.p.s.common.util.CommonStaticUtil - the new child relative direcotry[D:\gitsinnori\sinnori\project\sample_test][web_app_base/ROOT/WEB-INF/classes] was created successfully
08:24:51.026 [main] INFO  k.p.s.common.util.CommonStaticUtil - the new child relative direcotry[D:\gitsinnori\sinnori\project\sample_test][web_app_base/ROOT/WEB-INF/lib] was created successfully
08:24:51.026 [main] INFO  k.p.s.c.buildsystem.ProjectBuilder - main project[sample_test]'s web root child direcotry creation task end
08:24:51.026 [main] INFO  k.p.s.c.buildsystem.ProjectBuilder - main project[sample_test]'s web root sample files creation task start
08:24:51.026 [main] INFO  k.p.s.c.buildsystem.ProjectBuilder - main project[sample_test]'s web root sample files copy task start
08:24:51.026 [main] INFO  k.p.s.c.buildsystem.ProjectBuilder - main project[sample_test]'s web root sample files copy task end
08:24:51.026 [main] INFO  k.p.s.c.buildsystem.ProjectBuilder - main project[sample_test]'s web root sample files creation task end
08:24:51.026 [main] INFO  k.p.s.c.buildsystem.ProjectBuilder - main project[sample_test]'s config file overwrite task start
08:24:51.043 [main] INFO  k.p.s.c.buildsystem.ProjectBuilder - main project[sample_test]'s config file overwrite task end
08:24:51.044 [main] INFO  k.p.s.c.buildsystem.ProjectBuilder - main project[sample_test] changeProjectState method end
08:24:51.044 [main] INFO  k.p.s.c.buildsystem.ProjectBuilder - the app client ant build.xml file[D:\gitsinnori\sinnori\project\sample_test\client_build\app_build\build.xml] is bad :: whetherExist[false] isFile[false]
08:24:51.044 [main] INFO  k.p.s.c.buildsystem.ProjectBuilder - main project[sample_test] changeProjectState method start
08:24:51.044 [main] WARN  k.p.s.c.buildsystem.ProjectBuilder - the server build path[D:\gitsinnori\sinnori\project\sample_test\server_build] exist, so skip creation of server build system
08:24:51.044 [main] INFO  k.p.s.c.buildsystem.ProjectBuilder - main project[sample_test]'s application build child direcotry creation task start
08:24:51.045 [main] INFO  k.p.s.common.util.CommonStaticUtil - the new child relative direcotry[D:\gitsinnori\sinnori\project\sample_test][client_build/app_build/corelib/ex] was created successfully
08:24:51.045 [main] INFO  k.p.s.common.util.CommonStaticUtil - the new child relative direcotry[D:\gitsinnori\sinnori\project\sample_test][client_build/app_build/corelib/in] was created successfully
08:24:51.046 [main] INFO  k.p.s.common.util.CommonStaticUtil - the new child relative direcotry[D:\gitsinnori\sinnori\project\sample_test][client_build/app_build/lib/main/ex] was created successfully
08:24:51.046 [main] INFO  k.p.s.common.util.CommonStaticUtil - the new child relative direcotry[D:\gitsinnori\sinnori\project\sample_test][client_build/app_build/lib/main/in] was created successfully
08:24:51.046 [main] INFO  k.p.s.common.util.CommonStaticUtil - the new child relative direcotry[D:\gitsinnori\sinnori\project\sample_test][client_build/app_build/lib/test] was created successfully
08:24:51.079 [main] INFO  k.p.s.common.util.CommonStaticUtil - the new child relative direcotry[D:\gitsinnori\sinnori\project\sample_test][client_build/app_build/src/main/java/kr/pe/sinnori/impl/message] was created successfully
08:24:51.079 [main] INFO  k.p.s.common.util.CommonStaticUtil - the new child relative direcotry[D:\gitsinnori\sinnori\project\sample_test][client_build/app_build/src/main/java/main] was created successfully
08:24:51.079 [main] INFO  k.p.s.common.util.CommonStaticUtil - the new child relative direcotry[D:\gitsinnori\sinnori\project\sample_test][client_build/app_build/src/test/java] was created successfully
08:24:51.079 [main] INFO  k.p.s.common.util.CommonStaticUtil - the new child relative direcotry[D:\gitsinnori\sinnori\project\sample_test][client_build/app_build/build] was created successfully
08:24:51.079 [main] INFO  k.p.s.common.util.CommonStaticUtil - the new child relative direcotry[D:\gitsinnori\sinnori\project\sample_test][client_build/app_build/dist] was created successfully
08:24:51.079 [main] INFO  k.p.s.c.buildsystem.ProjectBuilder - main project[sample_test]'s application build child direcotry creation task end
08:24:51.079 [main] INFO  k.p.s.c.buildsystem.ProjectBuilder - mainproject[sample_test]'s application client build system files creation task start
08:24:51.079 [main] INFO  k.p.s.c.buildsystem.ProjectBuilder - main project[sample_test]'s application client ant build.xml file creation task start
08:24:51.079 [main] INFO  k.p.s.c.buildsystem.ProjectBuilder - main project[sample_test]'s application client ant build.xml file creation task end
08:24:51.079 [main] INFO  k.p.s.c.buildsystem.ProjectBuilder - main project[sample_test]'s application client dos shell file creation task start
08:24:51.079 [main] INFO  k.p.s.c.buildsystem.ProjectBuilder - main project[sample_test]'s application client dos shell file creation task end
08:24:51.079 [main] INFO  k.p.s.c.buildsystem.ProjectBuilder - main project[sample_test]'s application client unix shell file creation task start
08:24:51.079 [main] INFO  k.p.s.c.buildsystem.ProjectBuilder - main project[sample_test]'s application client unix shell file creation task end
08:24:51.079 [main] INFO  k.p.s.c.buildsystem.ProjectBuilder - application client sample source files copy task start
08:24:51.079 [main] INFO  k.p.s.c.buildsystem.ProjectBuilder - application client sample source files copy task end
08:24:51.079 [main] INFO  k.p.s.c.buildsystem.ProjectBuilder - main project[sample_test]'s application client message io file set creation task start
08:24:51.079 [main] INFO  k.p.s.common.util.CommonStaticUtil - the new child relative direcotry[D:\gitsinnori\sinnori\project\sample_test\client_build\app_build\src\main\java\kr\pe\sinnori\impl\message][Echo] was created successfully
08:24:51.079 [main] INFO  k.p.s.c.buildsystem.ProjectBuilder - main project[sample_test]'s message file[Echo][D:\gitsinnori\sinnori\project\sample_test\client_build\app_build\src\main\java\kr\pe\sinnori\impl\message] creation task start
08:24:51.095 [main] INFO  k.p.s.c.buildsystem.ProjectBuilder - main project[sample_test]'s message file[Echo][D:\gitsinnori\sinnori\project\sample_test\client_build\app_build\src\main\java\kr\pe\sinnori\impl\message] creation task end
08:24:51.095 [main] INFO  k.p.s.c.buildsystem.ProjectBuilder - main project[sample_test]'s message decoder file[Echo][D:\gitsinnori\sinnori\project\sample_test\client_build\app_build\src\main\java\kr\pe\sinnori\impl\message] creation task start
08:24:51.095 [main] INFO  k.p.s.c.buildsystem.ProjectBuilder - main project[sample_test]'s message decoder file[Echo][D:\gitsinnori\sinnori\project\sample_test\client_build\app_build\src\main\java\kr\pe\sinnori\impl\message] creation task end
08:24:51.095 [main] INFO  k.p.s.c.buildsystem.ProjectBuilder - main project[sample_test]'s message encoder file[Echo][D:\gitsinnori\sinnori\project\sample_test\client_build\app_build\src\main\java\kr\pe\sinnori\impl\message] creation task start
08:24:51.095 [main] INFO  k.p.s.c.buildsystem.ProjectBuilder - main project[sample_test]'s message encoder file[Echo][D:\gitsinnori\sinnori\project\sample_test\client_build\app_build\src\main\java\kr\pe\sinnori\impl\message] creation task end
08:24:51.095 [main] INFO  k.p.s.c.buildsystem.ProjectBuilder - main project[sample_test]'s message server codec file[Echo][D:\gitsinnori\sinnori\project\sample_test\client_build\app_build\src\main\java\kr\pe\sinnori\impl\message] creation task start
08:24:51.095 [main] INFO  k.p.s.c.buildsystem.ProjectBuilder - main project[sample_test]'s message server codec file[Echo][D:\gitsinnori\sinnori\project\sample_test\client_build\app_build\src\main\java\kr\pe\sinnori\impl\message] creation task end
08:24:51.095 [main] INFO  k.p.s.c.buildsystem.ProjectBuilder - main project[sample_test]'s message client codec file[Echo][D:\gitsinnori\sinnori\project\sample_test\client_build\app_build\src\main\java\kr\pe\sinnori\impl\message] creation task start
08:24:51.095 [main] INFO  k.p.s.c.buildsystem.ProjectBuilder - main project[sample_test]'s message client codec file[Echo][D:\gitsinnori\sinnori\project\sample_test\client_build\app_build\src\main\java\kr\pe\sinnori\impl\message] creation task end
08:24:51.095 [main] INFO  k.p.s.common.util.CommonStaticUtil - the new child relative direcotry[D:\gitsinnori\sinnori\project\sample_test\client_build\app_build\src\main\java\kr\pe\sinnori\impl\message][PublicKeyReq] was created successfully
08:24:51.095 [main] INFO  k.p.s.c.buildsystem.ProjectBuilder - main project[sample_test]'s message file[PublicKeyReq][D:\gitsinnori\sinnori\project\sample_test\client_build\app_build\src\main\java\kr\pe\sinnori\impl\message] creation task start
08:24:51.110 [main] INFO  k.p.s.c.buildsystem.ProjectBuilder - main project[sample_test]'s message file[PublicKeyReq][D:\gitsinnori\sinnori\project\sample_test\client_build\app_build\src\main\java\kr\pe\sinnori\impl\message] creation task end
08:24:51.110 [main] INFO  k.p.s.c.buildsystem.ProjectBuilder - main project[sample_test]'s message decoder file[PublicKeyReq][D:\gitsinnori\sinnori\project\sample_test\client_build\app_build\src\main\java\kr\pe\sinnori\impl\message] creation task start
08:24:51.110 [main] INFO  k.p.s.c.buildsystem.ProjectBuilder - main project[sample_test]'s message decoder file[PublicKeyReq][D:\gitsinnori\sinnori\project\sample_test\client_build\app_build\src\main\java\kr\pe\sinnori\impl\message] creation task end
08:24:51.179 [main] INFO  k.p.s.c.buildsystem.ProjectBuilder - main project[sample_test]'s message encoder file[PublicKeyReq][D:\gitsinnori\sinnori\project\sample_test\client_build\app_build\src\main\java\kr\pe\sinnori\impl\message] creation task start
08:24:51.179 [main] INFO  k.p.s.c.buildsystem.ProjectBuilder - main project[sample_test]'s message encoder file[PublicKeyReq][D:\gitsinnori\sinnori\project\sample_test\client_build\app_build\src\main\java\kr\pe\sinnori\impl\message] creation task end
08:24:51.179 [main] INFO  k.p.s.c.buildsystem.ProjectBuilder - main project[sample_test]'s message server codec file[PublicKeyReq][D:\gitsinnori\sinnori\project\sample_test\client_build\app_build\src\main\java\kr\pe\sinnori\impl\message] creation task start
08:24:51.179 [main] INFO  k.p.s.c.buildsystem.ProjectBuilder - main project[sample_test]'s message server codec file[PublicKeyReq][D:\gitsinnori\sinnori\project\sample_test\client_build\app_build\src\main\java\kr\pe\sinnori\impl\message] creation task end
08:24:51.179 [main] INFO  k.p.s.c.buildsystem.ProjectBuilder - main project[sample_test]'s message client codec file[PublicKeyReq][D:\gitsinnori\sinnori\project\sample_test\client_build\app_build\src\main\java\kr\pe\sinnori\impl\message] creation task start
08:24:51.195 [main] INFO  k.p.s.c.buildsystem.ProjectBuilder - main project[sample_test]'s message client codec file[PublicKeyReq][D:\gitsinnori\sinnori\project\sample_test\client_build\app_build\src\main\java\kr\pe\sinnori\impl\message] creation task end
08:24:51.195 [main] INFO  k.p.s.common.util.CommonStaticUtil - the new child relative direcotry[D:\gitsinnori\sinnori\project\sample_test\client_build\app_build\src\main\java\kr\pe\sinnori\impl\message][PublicKeyRes] was created successfully
08:24:51.195 [main] INFO  k.p.s.c.buildsystem.ProjectBuilder - main project[sample_test]'s message file[PublicKeyRes][D:\gitsinnori\sinnori\project\sample_test\client_build\app_build\src\main\java\kr\pe\sinnori\impl\message] creation task start
08:24:51.195 [main] INFO  k.p.s.c.buildsystem.ProjectBuilder - main project[sample_test]'s message file[PublicKeyRes][D:\gitsinnori\sinnori\project\sample_test\client_build\app_build\src\main\java\kr\pe\sinnori\impl\message] creation task end
08:24:51.195 [main] INFO  k.p.s.c.buildsystem.ProjectBuilder - main project[sample_test]'s message decoder file[PublicKeyRes][D:\gitsinnori\sinnori\project\sample_test\client_build\app_build\src\main\java\kr\pe\sinnori\impl\message] creation task start
08:24:51.210 [main] INFO  k.p.s.c.buildsystem.ProjectBuilder - main project[sample_test]'s message decoder file[PublicKeyRes][D:\gitsinnori\sinnori\project\sample_test\client_build\app_build\src\main\java\kr\pe\sinnori\impl\message] creation task end
08:24:51.210 [main] INFO  k.p.s.c.buildsystem.ProjectBuilder - main project[sample_test]'s message encoder file[PublicKeyRes][D:\gitsinnori\sinnori\project\sample_test\client_build\app_build\src\main\java\kr\pe\sinnori\impl\message] creation task start
08:24:51.210 [main] INFO  k.p.s.c.buildsystem.ProjectBuilder - main project[sample_test]'s message encoder file[PublicKeyRes][D:\gitsinnori\sinnori\project\sample_test\client_build\app_build\src\main\java\kr\pe\sinnori\impl\message] creation task end
08:24:51.210 [main] INFO  k.p.s.c.buildsystem.ProjectBuilder - main project[sample_test]'s message server codec file[PublicKeyRes][D:\gitsinnori\sinnori\project\sample_test\client_build\app_build\src\main\java\kr\pe\sinnori\impl\message] creation task start
08:24:51.210 [main] INFO  k.p.s.c.buildsystem.ProjectBuilder - main project[sample_test]'s message server codec file[PublicKeyRes][D:\gitsinnori\sinnori\project\sample_test\client_build\app_build\src\main\java\kr\pe\sinnori\impl\message] creation task end
08:24:51.210 [main] INFO  k.p.s.c.buildsystem.ProjectBuilder - main project[sample_test]'s message client codec file[PublicKeyRes][D:\gitsinnori\sinnori\project\sample_test\client_build\app_build\src\main\java\kr\pe\sinnori\impl\message] creation task start
08:24:51.210 [main] INFO  k.p.s.c.buildsystem.ProjectBuilder - main project[sample_test]'s message client codec file[PublicKeyRes][D:\gitsinnori\sinnori\project\sample_test\client_build\app_build\src\main\java\kr\pe\sinnori\impl\message] creation task end
08:24:51.210 [main] INFO  k.p.s.c.buildsystem.ProjectBuilder - main project[sample_test]'s application client message io file set creation task end
08:24:51.210 [main] INFO  k.p.s.c.buildsystem.ProjectBuilder - mainproject[sample_test]'s application client build system files creation task end
08:24:51.210 [main] INFO  k.p.s.c.buildsystem.ProjectBuilder - main project[sample_test]'s web client build path deletion task start
08:24:51.245 [main] INFO  k.p.s.c.buildsystem.ProjectBuilder - main project[sample_test]'s web client build path deletion task end
08:24:51.245 [main] INFO  k.p.s.c.buildsystem.ProjectBuilder - main project[sample_test]'s web root path deletion task start
08:24:51.246 [main] INFO  k.p.s.c.buildsystem.ProjectBuilder - main project[sample_test]'s web root path deletion task end
08:24:51.246 [main] INFO  k.p.s.c.buildsystem.ProjectBuilder - main project[sample_test]'s config file overwrite task start
08:24:51.248 [main] INFO  k.p.s.c.buildsystem.ProjectBuilder - main project[sample_test]'s config file overwrite task end
08:24:51.248 [main] INFO  k.p.s.c.buildsystem.ProjectBuilder - main project[sample_test] changeProjectState method end
08:24:51.248 [main] INFO  k.p.s.c.buildsystem.ProjectBuilder - the web client ant build.xml file[D:\gitsinnori\sinnori\project\sample_test\client_build\web_build\build.xml] is bad :: whetherExist[false] isFile[false]
08:24:51.248 [main] INFO  k.p.s.c.buildsystem.ProjectBuilder - the web.xml file[D:\gitsinnori\sinnori\project\sample_test\web_app_base\ROOT\WEB-INF\web.xml] located at web root directory is bad :: whetherExist[false] isFile[false]
08:24:51.248 [main] INFO  k.p.s.c.buildsystem.ProjectBuilder - main project[sample_test] changeProjectState method start
08:24:51.248 [main] WARN  k.p.s.c.buildsystem.ProjectBuilder - the server build path[D:\gitsinnori\sinnori\project\sample_test\server_build] exist, so skip creation of server build system
08:24:51.248 [main] WARN  k.p.s.c.buildsystem.ProjectBuilder - the app client build path[D:\gitsinnori\sinnori\project\sample_test\client_build\app_build] exist, so skip creation of app client build system
08:24:51.248 [main] INFO  k.p.s.c.buildsystem.ProjectBuilder - main project[sample_test]'s web build child direcotry creation task start
08:24:51.248 [main] INFO  k.p.s.common.util.CommonStaticUtil - the new child relative direcotry[D:\gitsinnori\sinnori\project\sample_test][client_build/web_build/corelib/ex] was created successfully
08:24:51.248 [main] INFO  k.p.s.common.util.CommonStaticUtil - the new child relative direcotry[D:\gitsinnori\sinnori\project\sample_test][client_build/web_build/corelib/in] was created successfully
08:24:51.248 [main] INFO  k.p.s.common.util.CommonStaticUtil - the new child relative direcotry[D:\gitsinnori\sinnori\project\sample_test][client_build/web_build/lib/main/ex] was created successfully
08:24:51.248 [main] INFO  k.p.s.common.util.CommonStaticUtil - the new child relative direcotry[D:\gitsinnori\sinnori\project\sample_test][client_build/web_build/lib/main/in] was created successfully
08:24:51.248 [main] INFO  k.p.s.common.util.CommonStaticUtil - the new child relative direcotry[D:\gitsinnori\sinnori\project\sample_test][client_build/web_build/lib/test] was created successfully
08:24:51.248 [main] INFO  k.p.s.common.util.CommonStaticUtil - the new child relative direcotry[D:\gitsinnori\sinnori\project\sample_test][client_build/web_build/src/main/java/kr/pe/sinnori/impl/message] was created successfully
08:24:51.248 [main] INFO  k.p.s.common.util.CommonStaticUtil - the new child relative direcotry[D:\gitsinnori\sinnori\project\sample_test][client_build/web_build/src/main/java//kr/pe/sinnori/servlet] was created successfully
08:24:51.248 [main] INFO  k.p.s.common.util.CommonStaticUtil - the new child relative direcotry[D:\gitsinnori\sinnori\project\sample_test][client_build/web_build/src/main/java/kr/pe/sinnori/weblib/common] was created successfully
08:24:51.310 [main] INFO  k.p.s.common.util.CommonStaticUtil - the new child relative direcotry[D:\gitsinnori\sinnori\project\sample_test][client_build/web_build/src/main/java/kr/pe/sinnori/weblib/htmlstring] was created successfully
08:24:51.310 [main] INFO  k.p.s.common.util.CommonStaticUtil - the new child relative direcotry[D:\gitsinnori\sinnori\project\sample_test][client_build/web_build/src/main/java/kr/pe/sinnori/weblib/jdf] was created successfully
08:24:51.310 [main] INFO  k.p.s.common.util.CommonStaticUtil - the new child relative direcotry[D:\gitsinnori\sinnori\project\sample_test][client_build/web_build/src/test/java] was created successfully
08:24:51.310 [main] INFO  k.p.s.common.util.CommonStaticUtil - the new child relative direcotry[D:\gitsinnori\sinnori\project\sample_test][client_build/web_build/build] was created successfully
08:24:51.310 [main] INFO  k.p.s.common.util.CommonStaticUtil - the new child relative direcotry[D:\gitsinnori\sinnori\project\sample_test][client_build/web_build/dist] was created successfully
08:24:51.310 [main] INFO  k.p.s.c.buildsystem.ProjectBuilder - main project[sample_test]'s web build child direcotry creation task end
08:24:51.310 [main] INFO  k.p.s.c.buildsystem.ProjectBuilder - main project[sample_test]'s web client build system files creation task start
08:24:51.310 [main] INFO  k.p.s.c.buildsystem.ProjectBuilder - main project[sample_test]'s web client ant build.xml file creation task start
08:24:51.310 [main] INFO  k.p.s.c.buildsystem.ProjectBuilder - main project[sample_test]'s web client ant build.xml file creation task end
08:24:51.310 [main] INFO  k.p.s.c.buildsystem.ProjectBuilder - main project[sample_test]'s web client ant properties file creation task start
08:24:51.310 [main] INFO  k.p.s.c.util.SequencedPropertiesUtil - the sequenced properties file[D:\gitsinnori\sinnori\project\sample_test\client_build\web_build\webAnt.properties] was created
08:24:51.310 [main] INFO  k.p.s.c.buildsystem.ProjectBuilder - main project[sample_test]'s web client ant properties file creation task end
08:24:51.310 [main] INFO  k.p.s.c.buildsystem.ProjectBuilder - main project[sample_test]'s web client message io file set creation task start
08:24:51.310 [main] INFO  k.p.s.common.util.CommonStaticUtil - the new child relative direcotry[D:\gitsinnori\sinnori\project\sample_test\client_build\web_build\src\main\java\kr\pe\sinnori\impl\message][Echo] was created successfully
08:24:51.310 [main] INFO  k.p.s.c.buildsystem.ProjectBuilder - main project[sample_test]'s message file[Echo][D:\gitsinnori\sinnori\project\sample_test\client_build\web_build\src\main\java\kr\pe\sinnori\impl\message] creation task start
08:24:51.310 [main] INFO  k.p.s.c.buildsystem.ProjectBuilder - main project[sample_test]'s message file[Echo][D:\gitsinnori\sinnori\project\sample_test\client_build\web_build\src\main\java\kr\pe\sinnori\impl\message] creation task end
08:24:51.310 [main] INFO  k.p.s.c.buildsystem.ProjectBuilder - main project[sample_test]'s message decoder file[Echo][D:\gitsinnori\sinnori\project\sample_test\client_build\web_build\src\main\java\kr\pe\sinnori\impl\message] creation task start
08:24:51.330 [main] INFO  k.p.s.c.buildsystem.ProjectBuilder - main project[sample_test]'s message decoder file[Echo][D:\gitsinnori\sinnori\project\sample_test\client_build\web_build\src\main\java\kr\pe\sinnori\impl\message] creation task end
08:24:51.330 [main] INFO  k.p.s.c.buildsystem.ProjectBuilder - main project[sample_test]'s message encoder file[Echo][D:\gitsinnori\sinnori\project\sample_test\client_build\web_build\src\main\java\kr\pe\sinnori\impl\message] creation task start
08:24:51.330 [main] INFO  k.p.s.c.buildsystem.ProjectBuilder - main project[sample_test]'s message encoder file[Echo][D:\gitsinnori\sinnori\project\sample_test\client_build\web_build\src\main\java\kr\pe\sinnori\impl\message] creation task end
08:24:51.330 [main] INFO  k.p.s.c.buildsystem.ProjectBuilder - main project[sample_test]'s message server codec file[Echo][D:\gitsinnori\sinnori\project\sample_test\client_build\web_build\src\main\java\kr\pe\sinnori\impl\message] creation task start
08:24:51.330 [main] INFO  k.p.s.c.buildsystem.ProjectBuilder - main project[sample_test]'s message server codec file[Echo][D:\gitsinnori\sinnori\project\sample_test\client_build\web_build\src\main\java\kr\pe\sinnori\impl\message] creation task end
08:24:51.330 [main] INFO  k.p.s.c.buildsystem.ProjectBuilder - main project[sample_test]'s message client codec file[Echo][D:\gitsinnori\sinnori\project\sample_test\client_build\web_build\src\main\java\kr\pe\sinnori\impl\message] creation task start
08:24:51.330 [main] INFO  k.p.s.c.buildsystem.ProjectBuilder - main project[sample_test]'s message client codec file[Echo][D:\gitsinnori\sinnori\project\sample_test\client_build\web_build\src\main\java\kr\pe\sinnori\impl\message] creation task end
08:24:51.330 [main] INFO  k.p.s.common.util.CommonStaticUtil - the new child relative direcotry[D:\gitsinnori\sinnori\project\sample_test\client_build\web_build\src\main\java\kr\pe\sinnori\impl\message][PublicKeyReq] was created successfully
08:24:51.330 [main] INFO  k.p.s.c.buildsystem.ProjectBuilder - main project[sample_test]'s message file[PublicKeyReq][D:\gitsinnori\sinnori\project\sample_test\client_build\web_build\src\main\java\kr\pe\sinnori\impl\message] creation task start
08:24:51.330 [main] INFO  k.p.s.c.buildsystem.ProjectBuilder - main project[sample_test]'s message file[PublicKeyReq][D:\gitsinnori\sinnori\project\sample_test\client_build\web_build\src\main\java\kr\pe\sinnori\impl\message] creation task end
08:24:51.330 [main] INFO  k.p.s.c.buildsystem.ProjectBuilder - main project[sample_test]'s message decoder file[PublicKeyReq][D:\gitsinnori\sinnori\project\sample_test\client_build\web_build\src\main\java\kr\pe\sinnori\impl\message] creation task start
08:24:51.330 [main] INFO  k.p.s.c.buildsystem.ProjectBuilder - main project[sample_test]'s message decoder file[PublicKeyReq][D:\gitsinnori\sinnori\project\sample_test\client_build\web_build\src\main\java\kr\pe\sinnori\impl\message] creation task end
08:24:51.330 [main] INFO  k.p.s.c.buildsystem.ProjectBuilder - main project[sample_test]'s message encoder file[PublicKeyReq][D:\gitsinnori\sinnori\project\sample_test\client_build\web_build\src\main\java\kr\pe\sinnori\impl\message] creation task start
08:24:51.348 [main] INFO  k.p.s.c.buildsystem.ProjectBuilder - main project[sample_test]'s message encoder file[PublicKeyReq][D:\gitsinnori\sinnori\project\sample_test\client_build\web_build\src\main\java\kr\pe\sinnori\impl\message] creation task end
08:24:51.348 [main] INFO  k.p.s.c.buildsystem.ProjectBuilder - main project[sample_test]'s message server codec file[PublicKeyReq][D:\gitsinnori\sinnori\project\sample_test\client_build\web_build\src\main\java\kr\pe\sinnori\impl\message] creation task start
08:24:51.348 [main] INFO  k.p.s.c.buildsystem.ProjectBuilder - main project[sample_test]'s message server codec file[PublicKeyReq][D:\gitsinnori\sinnori\project\sample_test\client_build\web_build\src\main\java\kr\pe\sinnori\impl\message] creation task end
08:24:51.348 [main] INFO  k.p.s.c.buildsystem.ProjectBuilder - main project[sample_test]'s message client codec file[PublicKeyReq][D:\gitsinnori\sinnori\project\sample_test\client_build\web_build\src\main\java\kr\pe\sinnori\impl\message] creation task start
08:24:51.348 [main] INFO  k.p.s.c.buildsystem.ProjectBuilder - main project[sample_test]'s message client codec file[PublicKeyReq][D:\gitsinnori\sinnori\project\sample_test\client_build\web_build\src\main\java\kr\pe\sinnori\impl\message] creation task end
08:24:51.348 [main] INFO  k.p.s.common.util.CommonStaticUtil - the new child relative direcotry[D:\gitsinnori\sinnori\project\sample_test\client_build\web_build\src\main\java\kr\pe\sinnori\impl\message][PublicKeyRes] was created successfully
08:24:51.442 [main] INFO  k.p.s.c.buildsystem.ProjectBuilder - main project[sample_test]'s message file[PublicKeyRes][D:\gitsinnori\sinnori\project\sample_test\client_build\web_build\src\main\java\kr\pe\sinnori\impl\message] creation task start
08:24:51.447 [main] INFO  k.p.s.c.buildsystem.ProjectBuilder - main project[sample_test]'s message file[PublicKeyRes][D:\gitsinnori\sinnori\project\sample_test\client_build\web_build\src\main\java\kr\pe\sinnori\impl\message] creation task end
08:24:51.447 [main] INFO  k.p.s.c.buildsystem.ProjectBuilder - main project[sample_test]'s message decoder file[PublicKeyRes][D:\gitsinnori\sinnori\project\sample_test\client_build\web_build\src\main\java\kr\pe\sinnori\impl\message] creation task start
08:24:51.447 [main] INFO  k.p.s.c.buildsystem.ProjectBuilder - main project[sample_test]'s message decoder file[PublicKeyRes][D:\gitsinnori\sinnori\project\sample_test\client_build\web_build\src\main\java\kr\pe\sinnori\impl\message] creation task end
08:24:51.447 [main] INFO  k.p.s.c.buildsystem.ProjectBuilder - main project[sample_test]'s message encoder file[PublicKeyRes][D:\gitsinnori\sinnori\project\sample_test\client_build\web_build\src\main\java\kr\pe\sinnori\impl\message] creation task start
08:24:51.447 [main] INFO  k.p.s.c.buildsystem.ProjectBuilder - main project[sample_test]'s message encoder file[PublicKeyRes][D:\gitsinnori\sinnori\project\sample_test\client_build\web_build\src\main\java\kr\pe\sinnori\impl\message] creation task end
08:24:51.447 [main] INFO  k.p.s.c.buildsystem.ProjectBuilder - main project[sample_test]'s message server codec file[PublicKeyRes][D:\gitsinnori\sinnori\project\sample_test\client_build\web_build\src\main\java\kr\pe\sinnori\impl\message] creation task start
08:24:51.447 [main] INFO  k.p.s.c.buildsystem.ProjectBuilder - main project[sample_test]'s message server codec file[PublicKeyRes][D:\gitsinnori\sinnori\project\sample_test\client_build\web_build\src\main\java\kr\pe\sinnori\impl\message] creation task end
08:24:51.447 [main] INFO  k.p.s.c.buildsystem.ProjectBuilder - main project[sample_test]'s message client codec file[PublicKeyRes][D:\gitsinnori\sinnori\project\sample_test\client_build\web_build\src\main\java\kr\pe\sinnori\impl\message] creation task start
08:24:51.447 [main] INFO  k.p.s.c.buildsystem.ProjectBuilder - main project[sample_test]'s message client codec file[PublicKeyRes][D:\gitsinnori\sinnori\project\sample_test\client_build\web_build\src\main\java\kr\pe\sinnori\impl\message] creation task end
08:24:51.447 [main] INFO  k.p.s.c.buildsystem.ProjectBuilder - main project[sample_test]'s web client message io file set creation task end
08:24:51.447 [main] INFO  k.p.s.c.buildsystem.ProjectBuilder - mainproject[sample_test]'s web client sample source files copy task start
08:24:51.510 [main] INFO  k.p.s.c.buildsystem.ProjectBuilder - mainproject[sample_test]'s web client sample source files copy task end
08:24:51.510 [main] INFO  k.p.s.c.buildsystem.ProjectBuilder - main project[sample_test]'s web client build system files creation task end
08:24:51.510 [main] INFO  k.p.s.c.buildsystem.ProjectBuilder - main project[sample_test]'s web root child direcotry creation task start
08:24:51.510 [main] INFO  k.p.s.common.util.CommonStaticUtil - the child relative direcotry[D:\gitsinnori\sinnori\project\sample_test][web_app_base/upload] exist, so nothing
08:24:51.510 [main] INFO  k.p.s.common.util.CommonStaticUtil - the new child relative direcotry[D:\gitsinnori\sinnori\project\sample_test][web_app_base/ROOT/WEB-INF/classes] was created successfully
08:24:51.510 [main] INFO  k.p.s.common.util.CommonStaticUtil - the new child relative direcotry[D:\gitsinnori\sinnori\project\sample_test][web_app_base/ROOT/WEB-INF/lib] was created successfully
08:24:51.510 [main] INFO  k.p.s.c.buildsystem.ProjectBuilder - main project[sample_test]'s web root child direcotry creation task end
08:24:51.510 [main] INFO  k.p.s.c.buildsystem.ProjectBuilder - main project[sample_test]'s web root sample files creation task start
08:24:51.510 [main] INFO  k.p.s.c.buildsystem.ProjectBuilder - main project[sample_test]'s web root sample files copy task start
08:24:51.510 [main] INFO  k.p.s.c.buildsystem.ProjectBuilder - main project[sample_test]'s web root sample files copy task end
08:24:51.510 [main] INFO  k.p.s.c.buildsystem.ProjectBuilder - main project[sample_test]'s web root sample files creation task end
08:24:51.510 [main] INFO  k.p.s.c.buildsystem.ProjectBuilder - main project[sample_test]'s config file overwrite task start
08:24:51.526 [main] INFO  k.p.s.c.buildsystem.ProjectBuilder - main project[sample_test]'s config file overwrite task end
08:24:51.526 [main] INFO  k.p.s.c.buildsystem.ProjectBuilder - main project[sample_test] changeProjectState method end
08:24:51.563 [main] INFO  k.p.s.c.buildsystem.ProjectBuilder - main project[sample_test]'s child direcotry creation task start
08:24:51.563 [main] INFO  k.p.s.c.buildsystem.ProjectBuilder - main project[sample_test]'s common child direcotry creation task start
08:24:51.563 [main] INFO  k.p.s.common.util.CommonStaticUtil - the new child relative direcotry[D:\gitsinnori\sinnori\project\sample_test][config] was created successfully
08:24:51.563 [main] INFO  k.p.s.common.util.CommonStaticUtil - the new child relative direcotry[D:\gitsinnori\sinnori\project\sample_test][resources/dbcp] was created successfully
08:24:51.563 [main] INFO  k.p.s.common.util.CommonStaticUtil - the new child relative direcotry[D:\gitsinnori\sinnori\project\sample_test][resources/message_info] was created successfully
08:24:51.563 [main] INFO  k.p.s.common.util.CommonStaticUtil - the new child relative direcotry[D:\gitsinnori\sinnori\project\sample_test][resources/rsa_keypair] was created successfully
08:24:51.563 [main] INFO  k.p.s.common.util.CommonStaticUtil - the new child relative direcotry[D:\gitsinnori\sinnori\project\sample_test][log/apache] was created successfully
08:24:51.563 [main] INFO  k.p.s.common.util.CommonStaticUtil - the new child relative direcotry[D:\gitsinnori\sinnori\project\sample_test][log/client] was created successfully
08:24:51.563 [main] INFO  k.p.s.common.util.CommonStaticUtil - the new child relative direcotry[D:\gitsinnori\sinnori\project\sample_test][log/server] was created successfully
08:24:51.563 [main] INFO  k.p.s.common.util.CommonStaticUtil - the new child relative direcotry[D:\gitsinnori\sinnori\project\sample_test][log/servlet] was created successfully
08:24:51.563 [main] INFO  k.p.s.c.buildsystem.ProjectBuilder - main project[sample_test]'s common child direcotry creation task end
08:24:51.563 [main] INFO  k.p.s.c.buildsystem.ProjectBuilder - main project[sample_test]'s server child direcotry creation task start
08:24:51.563 [main] INFO  k.p.s.common.util.CommonStaticUtil - the new child relative direcotry[D:\gitsinnori\sinnori\project\sample_test][server_build/APP-INF/classes] was created successfully
08:24:51.579 [main] INFO  k.p.s.common.util.CommonStaticUtil - the new child relative direcotry[D:\gitsinnori\sinnori\project\sample_test][server_build/corelib/ex] was created successfully
08:24:51.579 [main] INFO  k.p.s.common.util.CommonStaticUtil - the new child relative direcotry[D:\gitsinnori\sinnori\project\sample_test][server_build/corelib/in] was created successfully
08:24:51.579 [main] INFO  k.p.s.common.util.CommonStaticUtil - the new child relative direcotry[D:\gitsinnori\sinnori\project\sample_test][server_build/lib/main/ex] was created successfully
08:24:51.579 [main] INFO  k.p.s.common.util.CommonStaticUtil - the new child relative direcotry[D:\gitsinnori\sinnori\project\sample_test][server_build/lib/main/in] was created successfully
08:24:51.579 [main] INFO  k.p.s.common.util.CommonStaticUtil - the new child relative direcotry[D:\gitsinnori\sinnori\project\sample_test][server_build/lib/test] was created successfully
08:24:51.579 [main] INFO  k.p.s.common.util.CommonStaticUtil - the new child relative direcotry[D:\gitsinnori\sinnori\project\sample_test][server_build/src/main/java/kr/pe/sinnori/impl/servertask] was created successfully
08:24:51.579 [main] INFO  k.p.s.common.util.CommonStaticUtil - the new child relative direcotry[D:\gitsinnori\sinnori\project\sample_test][server_build/src/main/java/kr/pe/sinnori/impl/message] was created successfully
08:24:51.579 [main] INFO  k.p.s.common.util.CommonStaticUtil - the new child relative direcotry[D:\gitsinnori\sinnori\project\sample_test][server_build/src/main/java/main] was created successfully
08:24:51.579 [main] INFO  k.p.s.common.util.CommonStaticUtil - the new child relative direcotry[D:\gitsinnori\sinnori\project\sample_test][server_build/src/test/java] was created successfully
08:24:51.579 [main] INFO  k.p.s.common.util.CommonStaticUtil - the new child relative direcotry[D:\gitsinnori\sinnori\project\sample_test][server_build/build] was created successfully
08:24:51.663 [main] INFO  k.p.s.common.util.CommonStaticUtil - the new child relative direcotry[D:\gitsinnori\sinnori\project\sample_test][server_build/dist] was created successfully
08:24:51.663 [main] INFO  k.p.s.c.buildsystem.ProjectBuilder - main project[sample_test]'s server child direcotry creation task end
08:24:51.663 [main] INFO  k.p.s.c.buildsystem.ProjectBuilder - main project[sample_test]'s web build child direcotry creation task start
08:24:51.663 [main] INFO  k.p.s.common.util.CommonStaticUtil - the new child relative direcotry[D:\gitsinnori\sinnori\project\sample_test][client_build/web_build/corelib/ex] was created successfully
08:24:51.663 [main] INFO  k.p.s.common.util.CommonStaticUtil - the new child relative direcotry[D:\gitsinnori\sinnori\project\sample_test][client_build/web_build/corelib/in] was created successfully
08:24:51.663 [main] INFO  k.p.s.common.util.CommonStaticUtil - the new child relative direcotry[D:\gitsinnori\sinnori\project\sample_test][client_build/web_build/lib/main/ex] was created successfully
08:24:51.663 [main] INFO  k.p.s.common.util.CommonStaticUtil - the new child relative direcotry[D:\gitsinnori\sinnori\project\sample_test][client_build/web_build/lib/main/in] was created successfully
08:24:51.663 [main] INFO  k.p.s.common.util.CommonStaticUtil - the new child relative direcotry[D:\gitsinnori\sinnori\project\sample_test][client_build/web_build/lib/test] was created successfully
08:24:51.679 [main] INFO  k.p.s.common.util.CommonStaticUtil - the new child relative direcotry[D:\gitsinnori\sinnori\project\sample_test][client_build/web_build/src/main/java/kr/pe/sinnori/impl/message] was created successfully
08:24:51.679 [main] INFO  k.p.s.common.util.CommonStaticUtil - the new child relative direcotry[D:\gitsinnori\sinnori\project\sample_test][client_build/web_build/src/main/java//kr/pe/sinnori/servlet] was created successfully
08:24:51.679 [main] INFO  k.p.s.common.util.CommonStaticUtil - the new child relative direcotry[D:\gitsinnori\sinnori\project\sample_test][client_build/web_build/src/main/java/kr/pe/sinnori/weblib/common] was created successfully
08:24:51.679 [main] INFO  k.p.s.common.util.CommonStaticUtil - the new child relative direcotry[D:\gitsinnori\sinnori\project\sample_test][client_build/web_build/src/main/java/kr/pe/sinnori/weblib/htmlstring] was created successfully
08:24:51.679 [main] INFO  k.p.s.common.util.CommonStaticUtil - the new child relative direcotry[D:\gitsinnori\sinnori\project\sample_test][client_build/web_build/src/main/java/kr/pe/sinnori/weblib/jdf] was created successfully
08:24:51.679 [main] INFO  k.p.s.common.util.CommonStaticUtil - the new child relative direcotry[D:\gitsinnori\sinnori\project\sample_test][client_build/web_build/src/test/java] was created successfully
08:24:51.679 [main] INFO  k.p.s.common.util.CommonStaticUtil - the new child relative direcotry[D:\gitsinnori\sinnori\project\sample_test][client_build/web_build/build] was created successfully
08:24:51.679 [main] INFO  k.p.s.common.util.CommonStaticUtil - the new child relative direcotry[D:\gitsinnori\sinnori\project\sample_test][client_build/web_build/dist] was created successfully
08:24:51.679 [main] INFO  k.p.s.c.buildsystem.ProjectBuilder - main project[sample_test]'s web build child direcotry creation task end
08:24:51.679 [main] INFO  k.p.s.c.buildsystem.ProjectBuilder - main project[sample_test]'s web root child direcotry creation task start
08:24:51.679 [main] INFO  k.p.s.common.util.CommonStaticUtil - the new child relative direcotry[D:\gitsinnori\sinnori\project\sample_test][web_app_base/upload] was created successfully
08:24:51.679 [main] INFO  k.p.s.common.util.CommonStaticUtil - the new child relative direcotry[D:\gitsinnori\sinnori\project\sample_test][web_app_base/ROOT/WEB-INF/classes] was created successfully
08:24:51.694 [main] INFO  k.p.s.common.util.CommonStaticUtil - the new child relative direcotry[D:\gitsinnori\sinnori\project\sample_test][web_app_base/ROOT/WEB-INF/lib] was created successfully
08:24:51.694 [main] INFO  k.p.s.c.buildsystem.ProjectBuilder - main project[sample_test]'s web root child direcotry creation task end
08:24:51.694 [main] INFO  k.p.s.c.buildsystem.ProjectBuilder - main project[sample_test]'s child direcotry creation task end
08:24:51.694 [main] INFO  k.p.s.c.buildsystem.ProjectBuilder - main project[sample_test]'s file creation task start
08:24:51.694 [main] INFO  k.p.s.c.buildsystem.ProjectBuilder - main project[sample_test]'s config file creation task start
08:24:51.694 [main] INFO  k.p.s.c.util.SequencedPropertiesUtil - the sequenced properties file[D:\gitsinnori\sinnori\project\sample_test\config\sinnori.properties] was created
08:24:51.694 [main] INFO  k.p.s.c.buildsystem.ProjectBuilder - main project[sample_test]'s config file creation task end
08:24:51.694 [main] INFO  k.p.s.c.buildsystem.ProjectBuilder - the mainproject[sample_test]'s resources directory copy task start
08:24:51.710 [main] INFO  k.p.s.c.buildsystem.ProjectBuilder - the mainproject[sample_test]'s resources directory copy task end
08:24:51.710 [main] INFO  k.p.s.c.buildsystem.ProjectBuilder - server build system files creation task start
08:24:51.710 [main] INFO  k.p.s.c.buildsystem.ProjectBuilder - main project[sample_test]'s server ant build.xml file creation task start
08:24:51.726 [main] INFO  k.p.s.c.buildsystem.ProjectBuilder - main project[sample_test]'s server ant build.xml file creation task end
08:24:51.726 [main] INFO  k.p.s.c.buildsystem.ProjectBuilder - main project[sample_test]'s server dos shell file creation task start
08:24:51.726 [main] INFO  k.p.s.c.buildsystem.ProjectBuilder - main project[sample_test]'s server dos shell file creation task end
08:24:51.726 [main] INFO  k.p.s.c.buildsystem.ProjectBuilder - main project[sample_test]'s server unix shell file creation task start
08:24:51.726 [main] INFO  k.p.s.c.buildsystem.ProjectBuilder - main project[sample_test]'s server unix shell file creation task end
08:24:51.726 [main] INFO  k.p.s.c.buildsystem.ProjectBuilder - server sample source files copy task start
08:24:51.726 [main] INFO  k.p.s.c.buildsystem.ProjectBuilder - server sample source files copy task end
08:24:51.726 [main] INFO  k.p.s.c.buildsystem.ProjectBuilder - main project[sample_test]'s server message io file set creation task start
08:24:51.726 [main] INFO  k.p.s.common.util.CommonStaticUtil - the new child relative direcotry[D:\gitsinnori\sinnori\project\sample_test\server_build\src\main\java\kr\pe\sinnori\impl\message][Echo] was created successfully
08:24:51.726 [main] INFO  k.p.s.c.buildsystem.ProjectBuilder - main project[sample_test]'s message file[Echo][D:\gitsinnori\sinnori\project\sample_test\server_build\src\main\java\kr\pe\sinnori\impl\message] creation task start
08:24:51.726 [main] INFO  k.p.s.c.buildsystem.ProjectBuilder - main project[sample_test]'s message file[Echo][D:\gitsinnori\sinnori\project\sample_test\server_build\src\main\java\kr\pe\sinnori\impl\message] creation task end
08:24:51.726 [main] INFO  k.p.s.c.buildsystem.ProjectBuilder - main project[sample_test]'s message decoder file[Echo][D:\gitsinnori\sinnori\project\sample_test\server_build\src\main\java\kr\pe\sinnori\impl\message] creation task start
08:24:51.742 [main] INFO  k.p.s.c.buildsystem.ProjectBuilder - main project[sample_test]'s message decoder file[Echo][D:\gitsinnori\sinnori\project\sample_test\server_build\src\main\java\kr\pe\sinnori\impl\message] creation task end
08:24:51.743 [main] INFO  k.p.s.c.buildsystem.ProjectBuilder - main project[sample_test]'s message encoder file[Echo][D:\gitsinnori\sinnori\project\sample_test\server_build\src\main\java\kr\pe\sinnori\impl\message] creation task start
08:24:51.745 [main] INFO  k.p.s.c.buildsystem.ProjectBuilder - main project[sample_test]'s message encoder file[Echo][D:\gitsinnori\sinnori\project\sample_test\server_build\src\main\java\kr\pe\sinnori\impl\message] creation task end
08:24:51.746 [main] INFO  k.p.s.c.buildsystem.ProjectBuilder - main project[sample_test]'s message server codec file[Echo][D:\gitsinnori\sinnori\project\sample_test\server_build\src\main\java\kr\pe\sinnori\impl\message] creation task start
08:24:51.747 [main] INFO  k.p.s.c.buildsystem.ProjectBuilder - main project[sample_test]'s message server codec file[Echo][D:\gitsinnori\sinnori\project\sample_test\server_build\src\main\java\kr\pe\sinnori\impl\message] creation task end
08:24:51.747 [main] INFO  k.p.s.c.buildsystem.ProjectBuilder - main project[sample_test]'s message client codec file[Echo][D:\gitsinnori\sinnori\project\sample_test\server_build\src\main\java\kr\pe\sinnori\impl\message] creation task start
08:24:51.747 [main] INFO  k.p.s.c.buildsystem.ProjectBuilder - main project[sample_test]'s message client codec file[Echo][D:\gitsinnori\sinnori\project\sample_test\server_build\src\main\java\kr\pe\sinnori\impl\message] creation task end
08:24:51.795 [main] INFO  k.p.s.common.util.CommonStaticUtil - the new child relative direcotry[D:\gitsinnori\sinnori\project\sample_test\server_build\src\main\java\kr\pe\sinnori\impl\message][PublicKeyReq] was created successfully
08:24:51.795 [main] INFO  k.p.s.c.buildsystem.ProjectBuilder - main project[sample_test]'s message file[PublicKeyReq][D:\gitsinnori\sinnori\project\sample_test\server_build\src\main\java\kr\pe\sinnori\impl\message] creation task start
08:24:51.795 [main] INFO  k.p.s.c.buildsystem.ProjectBuilder - main project[sample_test]'s message file[PublicKeyReq][D:\gitsinnori\sinnori\project\sample_test\server_build\src\main\java\kr\pe\sinnori\impl\message] creation task end
08:24:51.795 [main] INFO  k.p.s.c.buildsystem.ProjectBuilder - main project[sample_test]'s message decoder file[PublicKeyReq][D:\gitsinnori\sinnori\project\sample_test\server_build\src\main\java\kr\pe\sinnori\impl\message] creation task start
08:24:51.810 [main] INFO  k.p.s.c.buildsystem.ProjectBuilder - main project[sample_test]'s message decoder file[PublicKeyReq][D:\gitsinnori\sinnori\project\sample_test\server_build\src\main\java\kr\pe\sinnori\impl\message] creation task end
08:24:51.810 [main] INFO  k.p.s.c.buildsystem.ProjectBuilder - main project[sample_test]'s message encoder file[PublicKeyReq][D:\gitsinnori\sinnori\project\sample_test\server_build\src\main\java\kr\pe\sinnori\impl\message] creation task start
08:24:51.826 [main] INFO  k.p.s.c.buildsystem.ProjectBuilder - main project[sample_test]'s message encoder file[PublicKeyReq][D:\gitsinnori\sinnori\project\sample_test\server_build\src\main\java\kr\pe\sinnori\impl\message] creation task end
08:24:51.826 [main] INFO  k.p.s.c.buildsystem.ProjectBuilder - main project[sample_test]'s message server codec file[PublicKeyReq][D:\gitsinnori\sinnori\project\sample_test\server_build\src\main\java\kr\pe\sinnori\impl\message] creation task start
08:24:51.826 [main] INFO  k.p.s.c.buildsystem.ProjectBuilder - main project[sample_test]'s message server codec file[PublicKeyReq][D:\gitsinnori\sinnori\project\sample_test\server_build\src\main\java\kr\pe\sinnori\impl\message] creation task end
08:24:51.826 [main] INFO  k.p.s.c.buildsystem.ProjectBuilder - main project[sample_test]'s message client codec file[PublicKeyReq][D:\gitsinnori\sinnori\project\sample_test\server_build\src\main\java\kr\pe\sinnori\impl\message] creation task start
08:24:51.826 [main] INFO  k.p.s.c.buildsystem.ProjectBuilder - main project[sample_test]'s message client codec file[PublicKeyReq][D:\gitsinnori\sinnori\project\sample_test\server_build\src\main\java\kr\pe\sinnori\impl\message] creation task end
08:24:51.826 [main] INFO  k.p.s.common.util.CommonStaticUtil - the new child relative direcotry[D:\gitsinnori\sinnori\project\sample_test\server_build\src\main\java\kr\pe\sinnori\impl\message][PublicKeyRes] was created successfully
08:24:51.826 [main] INFO  k.p.s.c.buildsystem.ProjectBuilder - main project[sample_test]'s message file[PublicKeyRes][D:\gitsinnori\sinnori\project\sample_test\server_build\src\main\java\kr\pe\sinnori\impl\message] creation task start
08:24:51.846 [main] INFO  k.p.s.c.buildsystem.ProjectBuilder - main project[sample_test]'s message file[PublicKeyRes][D:\gitsinnori\sinnori\project\sample_test\server_build\src\main\java\kr\pe\sinnori\impl\message] creation task end
08:24:51.847 [main] INFO  k.p.s.c.buildsystem.ProjectBuilder - main project[sample_test]'s message decoder file[PublicKeyRes][D:\gitsinnori\sinnori\project\sample_test\server_build\src\main\java\kr\pe\sinnori\impl\message] creation task start
08:24:51.848 [main] INFO  k.p.s.c.buildsystem.ProjectBuilder - main project[sample_test]'s message decoder file[PublicKeyRes][D:\gitsinnori\sinnori\project\sample_test\server_build\src\main\java\kr\pe\sinnori\impl\message] creation task end
08:24:51.848 [main] INFO  k.p.s.c.buildsystem.ProjectBuilder - main project[sample_test]'s message encoder file[PublicKeyRes][D:\gitsinnori\sinnori\project\sample_test\server_build\src\main\java\kr\pe\sinnori\impl\message] creation task start
08:24:51.848 [main] INFO  k.p.s.c.buildsystem.ProjectBuilder - main project[sample_test]'s message encoder file[PublicKeyRes][D:\gitsinnori\sinnori\project\sample_test\server_build\src\main\java\kr\pe\sinnori\impl\message] creation task end
08:24:51.848 [main] INFO  k.p.s.c.buildsystem.ProjectBuilder - main project[sample_test]'s message server codec file[PublicKeyRes][D:\gitsinnori\sinnori\project\sample_test\server_build\src\main\java\kr\pe\sinnori\impl\message] creation task start
08:24:51.848 [main] INFO  k.p.s.c.buildsystem.ProjectBuilder - main project[sample_test]'s message server codec file[PublicKeyRes][D:\gitsinnori\sinnori\project\sample_test\server_build\src\main\java\kr\pe\sinnori\impl\message] creation task end
08:24:51.848 [main] INFO  k.p.s.c.buildsystem.ProjectBuilder - main project[sample_test]'s message client codec file[PublicKeyRes][D:\gitsinnori\sinnori\project\sample_test\server_build\src\main\java\kr\pe\sinnori\impl\message] creation task start
08:24:51.848 [main] INFO  k.p.s.c.buildsystem.ProjectBuilder - main project[sample_test]'s message client codec file[PublicKeyRes][D:\gitsinnori\sinnori\project\sample_test\server_build\src\main\java\kr\pe\sinnori\impl\message] creation task end
08:24:51.848 [main] INFO  k.p.s.c.buildsystem.ProjectBuilder - main project[sample_test]'s server message io file set creation task end
08:24:51.848 [main] INFO  k.p.s.c.buildsystem.ProjectBuilder - server build system files creation task end
08:24:51.848 [main] INFO  k.p.s.c.buildsystem.ProjectBuilder - main project[sample_test]'s web client build system files creation task start
08:24:51.848 [main] INFO  k.p.s.c.buildsystem.ProjectBuilder - main project[sample_test]'s web client ant build.xml file creation task start
08:24:51.848 [main] INFO  k.p.s.c.buildsystem.ProjectBuilder - main project[sample_test]'s web client ant build.xml file creation task end
08:24:51.848 [main] INFO  k.p.s.c.buildsystem.ProjectBuilder - main project[sample_test]'s web client ant properties file creation task start
08:24:51.848 [main] INFO  k.p.s.c.util.SequencedPropertiesUtil - the sequenced properties file[D:\gitsinnori\sinnori\project\sample_test\client_build\web_build\webAnt.properties] was created
08:24:51.848 [main] INFO  k.p.s.c.buildsystem.ProjectBuilder - main project[sample_test]'s web client ant properties file creation task end
08:24:51.848 [main] INFO  k.p.s.c.buildsystem.ProjectBuilder - main project[sample_test]'s web client message io file set creation task start
08:24:51.848 [main] INFO  k.p.s.common.util.CommonStaticUtil - the new child relative direcotry[D:\gitsinnori\sinnori\project\sample_test\client_build\web_build\src\main\java\kr\pe\sinnori\impl\message][Echo] was created successfully
08:24:51.848 [main] INFO  k.p.s.c.buildsystem.ProjectBuilder - main project[sample_test]'s message file[Echo][D:\gitsinnori\sinnori\project\sample_test\client_build\web_build\src\main\java\kr\pe\sinnori\impl\message] creation task start
08:24:51.864 [main] INFO  k.p.s.c.buildsystem.ProjectBuilder - main project[sample_test]'s message file[Echo][D:\gitsinnori\sinnori\project\sample_test\client_build\web_build\src\main\java\kr\pe\sinnori\impl\message] creation task end
08:24:51.963 [main] INFO  k.p.s.c.buildsystem.ProjectBuilder - main project[sample_test]'s message decoder file[Echo][D:\gitsinnori\sinnori\project\sample_test\client_build\web_build\src\main\java\kr\pe\sinnori\impl\message] creation task start
08:24:51.963 [main] INFO  k.p.s.c.buildsystem.ProjectBuilder - main project[sample_test]'s message decoder file[Echo][D:\gitsinnori\sinnori\project\sample_test\client_build\web_build\src\main\java\kr\pe\sinnori\impl\message] creation task end
08:24:51.963 [main] INFO  k.p.s.c.buildsystem.ProjectBuilder - main project[sample_test]'s message encoder file[Echo][D:\gitsinnori\sinnori\project\sample_test\client_build\web_build\src\main\java\kr\pe\sinnori\impl\message] creation task start
08:24:51.979 [main] INFO  k.p.s.c.buildsystem.ProjectBuilder - main project[sample_test]'s message encoder file[Echo][D:\gitsinnori\sinnori\project\sample_test\client_build\web_build\src\main\java\kr\pe\sinnori\impl\message] creation task end
08:24:51.979 [main] INFO  k.p.s.c.buildsystem.ProjectBuilder - main project[sample_test]'s message server codec file[Echo][D:\gitsinnori\sinnori\project\sample_test\client_build\web_build\src\main\java\kr\pe\sinnori\impl\message] creation task start
08:24:51.979 [main] INFO  k.p.s.c.buildsystem.ProjectBuilder - main project[sample_test]'s message server codec file[Echo][D:\gitsinnori\sinnori\project\sample_test\client_build\web_build\src\main\java\kr\pe\sinnori\impl\message] creation task end
08:24:51.979 [main] INFO  k.p.s.c.buildsystem.ProjectBuilder - main project[sample_test]'s message client codec file[Echo][D:\gitsinnori\sinnori\project\sample_test\client_build\web_build\src\main\java\kr\pe\sinnori\impl\message] creation task start
08:24:51.979 [main] INFO  k.p.s.c.buildsystem.ProjectBuilder - main project[sample_test]'s message client codec file[Echo][D:\gitsinnori\sinnori\project\sample_test\client_build\web_build\src\main\java\kr\pe\sinnori\impl\message] creation task end
08:24:51.979 [main] INFO  k.p.s.common.util.CommonStaticUtil - the new child relative direcotry[D:\gitsinnori\sinnori\project\sample_test\client_build\web_build\src\main\java\kr\pe\sinnori\impl\message][PublicKeyReq] was created successfully
08:24:51.979 [main] INFO  k.p.s.c.buildsystem.ProjectBuilder - main project[sample_test]'s message file[PublicKeyReq][D:\gitsinnori\sinnori\project\sample_test\client_build\web_build\src\main\java\kr\pe\sinnori\impl\message] creation task start
08:24:51.994 [main] INFO  k.p.s.c.buildsystem.ProjectBuilder - main project[sample_test]'s message file[PublicKeyReq][D:\gitsinnori\sinnori\project\sample_test\client_build\web_build\src\main\java\kr\pe\sinnori\impl\message] creation task end
08:24:51.994 [main] INFO  k.p.s.c.buildsystem.ProjectBuilder - main project[sample_test]'s message decoder file[PublicKeyReq][D:\gitsinnori\sinnori\project\sample_test\client_build\web_build\src\main\java\kr\pe\sinnori\impl\message] creation task start
08:24:51.994 [main] INFO  k.p.s.c.buildsystem.ProjectBuilder - main project[sample_test]'s message decoder file[PublicKeyReq][D:\gitsinnori\sinnori\project\sample_test\client_build\web_build\src\main\java\kr\pe\sinnori\impl\message] creation task end
08:24:51.994 [main] INFO  k.p.s.c.buildsystem.ProjectBuilder - main project[sample_test]'s message encoder file[PublicKeyReq][D:\gitsinnori\sinnori\project\sample_test\client_build\web_build\src\main\java\kr\pe\sinnori\impl\message] creation task start
08:24:52.010 [main] INFO  k.p.s.c.buildsystem.ProjectBuilder - main project[sample_test]'s message encoder file[PublicKeyReq][D:\gitsinnori\sinnori\project\sample_test\client_build\web_build\src\main\java\kr\pe\sinnori\impl\message] creation task end
08:24:52.010 [main] INFO  k.p.s.c.buildsystem.ProjectBuilder - main project[sample_test]'s message server codec file[PublicKeyReq][D:\gitsinnori\sinnori\project\sample_test\client_build\web_build\src\main\java\kr\pe\sinnori\impl\message] creation task start
08:24:52.010 [main] INFO  k.p.s.c.buildsystem.ProjectBuilder - main project[sample_test]'s message server codec file[PublicKeyReq][D:\gitsinnori\sinnori\project\sample_test\client_build\web_build\src\main\java\kr\pe\sinnori\impl\message] creation task end
08:24:52.010 [main] INFO  k.p.s.c.buildsystem.ProjectBuilder - main project[sample_test]'s message client codec file[PublicKeyReq][D:\gitsinnori\sinnori\project\sample_test\client_build\web_build\src\main\java\kr\pe\sinnori\impl\message] creation task start
08:24:52.010 [main] INFO  k.p.s.c.buildsystem.ProjectBuilder - main project[sample_test]'s message client codec file[PublicKeyReq][D:\gitsinnori\sinnori\project\sample_test\client_build\web_build\src\main\java\kr\pe\sinnori\impl\message] creation task end
08:24:52.010 [main] INFO  k.p.s.common.util.CommonStaticUtil - the new child relative direcotry[D:\gitsinnori\sinnori\project\sample_test\client_build\web_build\src\main\java\kr\pe\sinnori\impl\message][PublicKeyRes] was created successfully
08:24:52.010 [main] INFO  k.p.s.c.buildsystem.ProjectBuilder - main project[sample_test]'s message file[PublicKeyRes][D:\gitsinnori\sinnori\project\sample_test\client_build\web_build\src\main\java\kr\pe\sinnori\impl\message] creation task start
08:24:52.010 [main] INFO  k.p.s.c.buildsystem.ProjectBuilder - main project[sample_test]'s message file[PublicKeyRes][D:\gitsinnori\sinnori\project\sample_test\client_build\web_build\src\main\java\kr\pe\sinnori\impl\message] creation task end
08:24:52.010 [main] INFO  k.p.s.c.buildsystem.ProjectBuilder - main project[sample_test]'s message decoder file[PublicKeyRes][D:\gitsinnori\sinnori\project\sample_test\client_build\web_build\src\main\java\kr\pe\sinnori\impl\message] creation task start
08:24:52.026 [main] INFO  k.p.s.c.buildsystem.ProjectBuilder - main project[sample_test]'s message decoder file[PublicKeyRes][D:\gitsinnori\sinnori\project\sample_test\client_build\web_build\src\main\java\kr\pe\sinnori\impl\message] creation task end
08:24:52.026 [main] INFO  k.p.s.c.buildsystem.ProjectBuilder - main project[sample_test]'s message encoder file[PublicKeyRes][D:\gitsinnori\sinnori\project\sample_test\client_build\web_build\src\main\java\kr\pe\sinnori\impl\message] creation task start
08:24:52.026 [main] INFO  k.p.s.c.buildsystem.ProjectBuilder - main project[sample_test]'s message encoder file[PublicKeyRes][D:\gitsinnori\sinnori\project\sample_test\client_build\web_build\src\main\java\kr\pe\sinnori\impl\message] creation task end
08:24:52.026 [main] INFO  k.p.s.c.buildsystem.ProjectBuilder - main project[sample_test]'s message server codec file[PublicKeyRes][D:\gitsinnori\sinnori\project\sample_test\client_build\web_build\src\main\java\kr\pe\sinnori\impl\message] creation task start
08:24:52.026 [main] INFO  k.p.s.c.buildsystem.ProjectBuilder - main project[sample_test]'s message server codec file[PublicKeyRes][D:\gitsinnori\sinnori\project\sample_test\client_build\web_build\src\main\java\kr\pe\sinnori\impl\message] creation task end
08:24:52.026 [main] INFO  k.p.s.c.buildsystem.ProjectBuilder - main project[sample_test]'s message client codec file[PublicKeyRes][D:\gitsinnori\sinnori\project\sample_test\client_build\web_build\src\main\java\kr\pe\sinnori\impl\message] creation task start
08:24:52.026 [main] INFO  k.p.s.c.buildsystem.ProjectBuilder - main project[sample_test]'s message client codec file[PublicKeyRes][D:\gitsinnori\sinnori\project\sample_test\client_build\web_build\src\main\java\kr\pe\sinnori\impl\message] creation task end
08:24:52.026 [main] INFO  k.p.s.c.buildsystem.ProjectBuilder - main project[sample_test]'s web client message io file set creation task end
08:24:52.094 [main] INFO  k.p.s.c.buildsystem.ProjectBuilder - mainproject[sample_test]'s web client sample source files copy task start
08:24:52.194 [main] INFO  k.p.s.c.buildsystem.ProjectBuilder - mainproject[sample_test]'s web client sample source files copy task end
08:24:52.194 [main] INFO  k.p.s.c.buildsystem.ProjectBuilder - main project[sample_test]'s web client build system files creation task end
08:24:52.194 [main] INFO  k.p.s.c.buildsystem.ProjectBuilder - main project[sample_test]'s web root sample files creation task start
08:24:52.194 [main] INFO  k.p.s.c.buildsystem.ProjectBuilder - main project[sample_test]'s web root sample files copy task start
08:24:52.210 [main] INFO  k.p.s.c.buildsystem.ProjectBuilder - main project[sample_test]'s web root sample files copy task end
08:24:52.210 [main] INFO  k.p.s.c.buildsystem.ProjectBuilder - main project[sample_test]'s web root sample files creation task end
08:24:52.210 [main] INFO  k.p.s.c.buildsystem.ProjectBuilder - main project[sample_test]'s file creation task end
08:24:52.210 [main] INFO  k.p.s.c.config.SinnoriConfiguration - item key[sessionkey.rsa.publickey.file.value]'s value is null because its status is inactive
08:24:52.210 [main] INFO  k.p.s.c.config.SinnoriConfiguration - item key[sessionkey.rsa.privatekey.file.value]'s value is null because its status is inactive
08:24:52.210 [main] INFO  k.p.s.c.buildsystem.ProjectBuilder - main project[sample_test] changeProjectState method start
08:24:52.210 [main] INFO  k.p.s.c.buildsystem.ProjectBuilder - mainproject[sample_test]'s server build path deletion task start
08:24:52.225 [main] INFO  k.p.s.c.buildsystem.ProjectBuilder - mainproject[sample_test]'s server build path deletion task end
08:24:52.225 [main] INFO  k.p.s.c.buildsystem.ProjectBuilder - the app client ant build.xml file[D:\gitsinnori\sinnori\project\sample_test\client_build\app_build\build.xml] is bad :: whetherExist[false] isFile[false]
08:24:52.225 [main] WARN  k.p.s.c.buildsystem.ProjectBuilder - the app client buid.xml file[D:\gitsinnori\sinnori\project\sample_test\client_build\app_build\build.xml] is bad beacse it doesn't exist or is not a file, so skip deletion of app client build system
08:24:52.225 [main] INFO  k.p.s.c.buildsystem.ProjectBuilder - main project[sample_test]'s web client ant properties file modification task start
08:24:52.225 [main] INFO  k.p.s.c.buildsystem.ProjectBuilder - main project[sample_test]'s web client ant properties file modification task end
08:24:52.225 [main] WARN  k.p.s.c.buildsystem.ProjectBuilder - the web client build path[D:\gitsinnori\sinnori\project\sample_test\client_build\web_build] exists, so only the web client's ant properties including servlet system library path  was updated for new servletSystemLibraryPathString[D:\apache-tomcat-8.5.15\lib]
08:24:52.225 [main] WARN  k.p.s.c.buildsystem.ProjectBuilder - the web root path[D:\gitsinnori\sinnori\project\sample_test\web_app_base\ROOT] exists, so skip creation of web root
08:24:52.225 [main] INFO  k.p.s.c.buildsystem.ProjectBuilder - main project[sample_test]'s config file overwrite task start
08:24:52.245 [main] INFO  k.p.s.c.buildsystem.ProjectBuilder - main project[sample_test]'s config file overwrite task end
08:24:52.246 [main] INFO  k.p.s.c.buildsystem.ProjectBuilder - main project[sample_test] changeProjectState method end
08:24:52.246 [main] INFO  k.p.s.c.buildsystem.ProjectBuilder - the server ant build.xml file[D:\gitsinnori\sinnori\project\sample_test\server_build\build.xml] is bad :: whetherExist[false] isFile[false]
08:24:52.246 [main] INFO  k.p.s.c.buildsystem.ProjectBuilder - the app client ant build.xml file[D:\gitsinnori\sinnori\project\sample_test\client_build\app_build\build.xml] is bad :: whetherExist[false] isFile[false]
08:24:52.246 [main] INFO  k.p.s.c.buildsystem.ProjectBuilder - main project[sample_test] changeProjectState method start
08:24:52.246 [main] INFO  k.p.s.c.buildsystem.ProjectBuilder - the server ant build.xml file[D:\gitsinnori\sinnori\project\sample_test\server_build\build.xml] is bad :: whetherExist[false] isFile[false]
08:24:52.246 [main] WARN  k.p.s.c.buildsystem.ProjectBuilder - the server buid.xml file[D:\gitsinnori\sinnori\project\sample_test\server_build\build.xml] is bad beacse it doesn't exist or is not a file, so skip deletion of server build system
08:24:52.246 [main] INFO  k.p.s.c.buildsystem.ProjectBuilder - main project[sample_test]'s application build child direcotry creation task start
08:24:52.247 [main] INFO  k.p.s.common.util.CommonStaticUtil - the new child relative direcotry[D:\gitsinnori\sinnori\project\sample_test][client_build/app_build/corelib/ex] was created successfully
08:24:52.247 [main] INFO  k.p.s.common.util.CommonStaticUtil - the new child relative direcotry[D:\gitsinnori\sinnori\project\sample_test][client_build/app_build/corelib/in] was created successfully
08:24:52.248 [main] INFO  k.p.s.common.util.CommonStaticUtil - the new child relative direcotry[D:\gitsinnori\sinnori\project\sample_test][client_build/app_build/lib/main/ex] was created successfully
08:24:52.248 [main] INFO  k.p.s.common.util.CommonStaticUtil - the new child relative direcotry[D:\gitsinnori\sinnori\project\sample_test][client_build/app_build/lib/main/in] was created successfully
08:24:52.248 [main] INFO  k.p.s.common.util.CommonStaticUtil - the new child relative direcotry[D:\gitsinnori\sinnori\project\sample_test][client_build/app_build/lib/test] was created successfully
08:24:52.248 [main] INFO  k.p.s.common.util.CommonStaticUtil - the new child relative direcotry[D:\gitsinnori\sinnori\project\sample_test][client_build/app_build/src/main/java/kr/pe/sinnori/impl/message] was created successfully
08:24:52.326 [main] INFO  k.p.s.common.util.CommonStaticUtil - the new child relative direcotry[D:\gitsinnori\sinnori\project\sample_test][client_build/app_build/src/main/java/main] was created successfully
08:24:52.326 [main] INFO  k.p.s.common.util.CommonStaticUtil - the new child relative direcotry[D:\gitsinnori\sinnori\project\sample_test][client_build/app_build/src/test/java] was created successfully
08:24:52.326 [main] INFO  k.p.s.common.util.CommonStaticUtil - the new child relative direcotry[D:\gitsinnori\sinnori\project\sample_test][client_build/app_build/build] was created successfully
08:24:52.326 [main] INFO  k.p.s.common.util.CommonStaticUtil - the new child relative direcotry[D:\gitsinnori\sinnori\project\sample_test][client_build/app_build/dist] was created successfully
08:24:52.326 [main] INFO  k.p.s.c.buildsystem.ProjectBuilder - main project[sample_test]'s application build child direcotry creation task end
08:24:52.326 [main] INFO  k.p.s.c.buildsystem.ProjectBuilder - mainproject[sample_test]'s application client build system files creation task start
08:24:52.326 [main] INFO  k.p.s.c.buildsystem.ProjectBuilder - main project[sample_test]'s application client ant build.xml file creation task start
08:24:52.326 [main] INFO  k.p.s.c.buildsystem.ProjectBuilder - main project[sample_test]'s application client ant build.xml file creation task end
08:24:52.326 [main] INFO  k.p.s.c.buildsystem.ProjectBuilder - main project[sample_test]'s application client dos shell file creation task start
08:24:52.326 [main] INFO  k.p.s.c.buildsystem.ProjectBuilder - main project[sample_test]'s application client dos shell file creation task end
08:24:52.326 [main] INFO  k.p.s.c.buildsystem.ProjectBuilder - main project[sample_test]'s application client unix shell file creation task start
08:24:52.341 [main] INFO  k.p.s.c.buildsystem.ProjectBuilder - main project[sample_test]'s application client unix shell file creation task end
08:24:52.342 [main] INFO  k.p.s.c.buildsystem.ProjectBuilder - application client sample source files copy task start
08:24:52.348 [main] INFO  k.p.s.c.buildsystem.ProjectBuilder - application client sample source files copy task end
08:24:52.348 [main] INFO  k.p.s.c.buildsystem.ProjectBuilder - main project[sample_test]'s application client message io file set creation task start
08:24:52.348 [main] INFO  k.p.s.common.util.CommonStaticUtil - the new child relative direcotry[D:\gitsinnori\sinnori\project\sample_test\client_build\app_build\src\main\java\kr\pe\sinnori\impl\message][Echo] was created successfully
08:24:52.348 [main] INFO  k.p.s.c.buildsystem.ProjectBuilder - main project[sample_test]'s message file[Echo][D:\gitsinnori\sinnori\project\sample_test\client_build\app_build\src\main\java\kr\pe\sinnori\impl\message] creation task start
08:24:52.348 [main] INFO  k.p.s.c.buildsystem.ProjectBuilder - main project[sample_test]'s message file[Echo][D:\gitsinnori\sinnori\project\sample_test\client_build\app_build\src\main\java\kr\pe\sinnori\impl\message] creation task end
08:24:52.348 [main] INFO  k.p.s.c.buildsystem.ProjectBuilder - main project[sample_test]'s message decoder file[Echo][D:\gitsinnori\sinnori\project\sample_test\client_build\app_build\src\main\java\kr\pe\sinnori\impl\message] creation task start
08:24:52.348 [main] INFO  k.p.s.c.buildsystem.ProjectBuilder - main project[sample_test]'s message decoder file[Echo][D:\gitsinnori\sinnori\project\sample_test\client_build\app_build\src\main\java\kr\pe\sinnori\impl\message] creation task end
08:24:52.348 [main] INFO  k.p.s.c.buildsystem.ProjectBuilder - main project[sample_test]'s message encoder file[Echo][D:\gitsinnori\sinnori\project\sample_test\client_build\app_build\src\main\java\kr\pe\sinnori\impl\message] creation task start
08:24:52.364 [main] INFO  k.p.s.c.buildsystem.ProjectBuilder - main project[sample_test]'s message encoder file[Echo][D:\gitsinnori\sinnori\project\sample_test\client_build\app_build\src\main\java\kr\pe\sinnori\impl\message] creation task end
08:24:52.364 [main] INFO  k.p.s.c.buildsystem.ProjectBuilder - main project[sample_test]'s message server codec file[Echo][D:\gitsinnori\sinnori\project\sample_test\client_build\app_build\src\main\java\kr\pe\sinnori\impl\message] creation task start
08:24:52.364 [main] INFO  k.p.s.c.buildsystem.ProjectBuilder - main project[sample_test]'s message server codec file[Echo][D:\gitsinnori\sinnori\project\sample_test\client_build\app_build\src\main\java\kr\pe\sinnori\impl\message] creation task end
08:24:52.364 [main] INFO  k.p.s.c.buildsystem.ProjectBuilder - main project[sample_test]'s message client codec file[Echo][D:\gitsinnori\sinnori\project\sample_test\client_build\app_build\src\main\java\kr\pe\sinnori\impl\message] creation task start
08:24:52.364 [main] INFO  k.p.s.c.buildsystem.ProjectBuilder - main project[sample_test]'s message client codec file[Echo][D:\gitsinnori\sinnori\project\sample_test\client_build\app_build\src\main\java\kr\pe\sinnori\impl\message] creation task end
08:24:52.364 [main] INFO  k.p.s.common.util.CommonStaticUtil - the new child relative direcotry[D:\gitsinnori\sinnori\project\sample_test\client_build\app_build\src\main\java\kr\pe\sinnori\impl\message][PublicKeyReq] was created successfully
08:24:52.364 [main] INFO  k.p.s.c.buildsystem.ProjectBuilder - main project[sample_test]'s message file[PublicKeyReq][D:\gitsinnori\sinnori\project\sample_test\client_build\app_build\src\main\java\kr\pe\sinnori\impl\message] creation task start
08:24:52.364 [main] INFO  k.p.s.c.buildsystem.ProjectBuilder - main project[sample_test]'s message file[PublicKeyReq][D:\gitsinnori\sinnori\project\sample_test\client_build\app_build\src\main\java\kr\pe\sinnori\impl\message] creation task end
08:24:52.364 [main] INFO  k.p.s.c.buildsystem.ProjectBuilder - main project[sample_test]'s message decoder file[PublicKeyReq][D:\gitsinnori\sinnori\project\sample_test\client_build\app_build\src\main\java\kr\pe\sinnori\impl\message] creation task start
08:24:52.379 [main] INFO  k.p.s.c.buildsystem.ProjectBuilder - main project[sample_test]'s message decoder file[PublicKeyReq][D:\gitsinnori\sinnori\project\sample_test\client_build\app_build\src\main\java\kr\pe\sinnori\impl\message] creation task end
08:24:52.379 [main] INFO  k.p.s.c.buildsystem.ProjectBuilder - main project[sample_test]'s message encoder file[PublicKeyReq][D:\gitsinnori\sinnori\project\sample_test\client_build\app_build\src\main\java\kr\pe\sinnori\impl\message] creation task start
08:24:52.379 [main] INFO  k.p.s.c.buildsystem.ProjectBuilder - main project[sample_test]'s message encoder file[PublicKeyReq][D:\gitsinnori\sinnori\project\sample_test\client_build\app_build\src\main\java\kr\pe\sinnori\impl\message] creation task end
08:24:52.379 [main] INFO  k.p.s.c.buildsystem.ProjectBuilder - main project[sample_test]'s message server codec file[PublicKeyReq][D:\gitsinnori\sinnori\project\sample_test\client_build\app_build\src\main\java\kr\pe\sinnori\impl\message] creation task start
08:24:52.463 [main] INFO  k.p.s.c.buildsystem.ProjectBuilder - main project[sample_test]'s message server codec file[PublicKeyReq][D:\gitsinnori\sinnori\project\sample_test\client_build\app_build\src\main\java\kr\pe\sinnori\impl\message] creation task end
08:24:52.463 [main] INFO  k.p.s.c.buildsystem.ProjectBuilder - main project[sample_test]'s message client codec file[PublicKeyReq][D:\gitsinnori\sinnori\project\sample_test\client_build\app_build\src\main\java\kr\pe\sinnori\impl\message] creation task start
08:24:52.463 [main] INFO  k.p.s.c.buildsystem.ProjectBuilder - main project[sample_test]'s message client codec file[PublicKeyReq][D:\gitsinnori\sinnori\project\sample_test\client_build\app_build\src\main\java\kr\pe\sinnori\impl\message] creation task end
08:24:52.463 [main] INFO  k.p.s.common.util.CommonStaticUtil - the new child relative direcotry[D:\gitsinnori\sinnori\project\sample_test\client_build\app_build\src\main\java\kr\pe\sinnori\impl\message][PublicKeyRes] was created successfully
08:24:52.463 [main] INFO  k.p.s.c.buildsystem.ProjectBuilder - main project[sample_test]'s message file[PublicKeyRes][D:\gitsinnori\sinnori\project\sample_test\client_build\app_build\src\main\java\kr\pe\sinnori\impl\message] creation task start
08:24:52.479 [main] INFO  k.p.s.c.buildsystem.ProjectBuilder - main project[sample_test]'s message file[PublicKeyRes][D:\gitsinnori\sinnori\project\sample_test\client_build\app_build\src\main\java\kr\pe\sinnori\impl\message] creation task end
08:24:52.479 [main] INFO  k.p.s.c.buildsystem.ProjectBuilder - main project[sample_test]'s message decoder file[PublicKeyRes][D:\gitsinnori\sinnori\project\sample_test\client_build\app_build\src\main\java\kr\pe\sinnori\impl\message] creation task start
08:24:52.479 [main] INFO  k.p.s.c.buildsystem.ProjectBuilder - main project[sample_test]'s message decoder file[PublicKeyRes][D:\gitsinnori\sinnori\project\sample_test\client_build\app_build\src\main\java\kr\pe\sinnori\impl\message] creation task end
08:24:52.479 [main] INFO  k.p.s.c.buildsystem.ProjectBuilder - main project[sample_test]'s message encoder file[PublicKeyRes][D:\gitsinnori\sinnori\project\sample_test\client_build\app_build\src\main\java\kr\pe\sinnori\impl\message] creation task start
08:24:52.494 [main] INFO  k.p.s.c.buildsystem.ProjectBuilder - main project[sample_test]'s message encoder file[PublicKeyRes][D:\gitsinnori\sinnori\project\sample_test\client_build\app_build\src\main\java\kr\pe\sinnori\impl\message] creation task end
08:24:52.494 [main] INFO  k.p.s.c.buildsystem.ProjectBuilder - main project[sample_test]'s message server codec file[PublicKeyRes][D:\gitsinnori\sinnori\project\sample_test\client_build\app_build\src\main\java\kr\pe\sinnori\impl\message] creation task start
08:24:52.494 [main] INFO  k.p.s.c.buildsystem.ProjectBuilder - main project[sample_test]'s message server codec file[PublicKeyRes][D:\gitsinnori\sinnori\project\sample_test\client_build\app_build\src\main\java\kr\pe\sinnori\impl\message] creation task end
08:24:52.494 [main] INFO  k.p.s.c.buildsystem.ProjectBuilder - main project[sample_test]'s message client codec file[PublicKeyRes][D:\gitsinnori\sinnori\project\sample_test\client_build\app_build\src\main\java\kr\pe\sinnori\impl\message] creation task start
08:24:52.494 [main] INFO  k.p.s.c.buildsystem.ProjectBuilder - main project[sample_test]'s message client codec file[PublicKeyRes][D:\gitsinnori\sinnori\project\sample_test\client_build\app_build\src\main\java\kr\pe\sinnori\impl\message] creation task end
08:24:52.494 [main] INFO  k.p.s.c.buildsystem.ProjectBuilder - main project[sample_test]'s application client message io file set creation task end
08:24:52.494 [main] INFO  k.p.s.c.buildsystem.ProjectBuilder - mainproject[sample_test]'s application client build system files creation task end
08:24:52.494 [main] INFO  k.p.s.c.buildsystem.ProjectBuilder - main project[sample_test]'s web client build path deletion task start
08:24:52.525 [main] INFO  k.p.s.c.buildsystem.ProjectBuilder - main project[sample_test]'s web client build path deletion task end
08:24:52.525 [main] INFO  k.p.s.c.buildsystem.ProjectBuilder - main project[sample_test]'s web root path deletion task start
08:24:52.525 [main] INFO  k.p.s.c.buildsystem.ProjectBuilder - main project[sample_test]'s web root path deletion task end
08:24:52.525 [main] INFO  k.p.s.c.buildsystem.ProjectBuilder - main project[sample_test]'s config file overwrite task start
08:24:52.525 [main] INFO  k.p.s.c.buildsystem.ProjectBuilder - main project[sample_test]'s config file overwrite task end
08:24:52.525 [main] INFO  k.p.s.c.buildsystem.ProjectBuilder - main project[sample_test] changeProjectState method end
08:24:52.525 [main] INFO  k.p.s.c.buildsystem.ProjectBuilder - the server ant build.xml file[D:\gitsinnori\sinnori\project\sample_test\server_build\build.xml] is bad :: whetherExist[false] isFile[false]
08:24:52.525 [main] INFO  k.p.s.c.buildsystem.ProjectBuilder - the web client ant build.xml file[D:\gitsinnori\sinnori\project\sample_test\client_build\web_build\build.xml] is bad :: whetherExist[false] isFile[false]
08:24:52.525 [main] INFO  k.p.s.c.buildsystem.ProjectBuilder - the web.xml file[D:\gitsinnori\sinnori\project\sample_test\web_app_base\ROOT\WEB-INF\web.xml] located at web root directory is bad :: whetherExist[false] isFile[false]
08:24:52.525 [main] INFO  k.p.s.c.buildsystem.ProjectBuilder - main project[sample_test] changeProjectState method start
08:24:52.525 [main] INFO  k.p.s.c.buildsystem.ProjectBuilder - the server ant build.xml file[D:\gitsinnori\sinnori\project\sample_test\server_build\build.xml] is bad :: whetherExist[false] isFile[false]
08:24:52.525 [main] WARN  k.p.s.c.buildsystem.ProjectBuilder - the server buid.xml file[D:\gitsinnori\sinnori\project\sample_test\server_build\build.xml] is bad beacse it doesn't exist or is not a file, so skip deletion of server build system
08:24:52.525 [main] WARN  k.p.s.c.buildsystem.ProjectBuilder - the app client build path[D:\gitsinnori\sinnori\project\sample_test\client_build\app_build] exist, so skip creation of app client build system
08:24:52.525 [main] INFO  k.p.s.c.buildsystem.ProjectBuilder - main project[sample_test]'s web build child direcotry creation task start
08:24:52.525 [main] INFO  k.p.s.common.util.CommonStaticUtil - the new child relative direcotry[D:\gitsinnori\sinnori\project\sample_test][client_build/web_build/corelib/ex] was created successfully
08:24:52.525 [main] INFO  k.p.s.common.util.CommonStaticUtil - the new child relative direcotry[D:\gitsinnori\sinnori\project\sample_test][client_build/web_build/corelib/in] was created successfully
08:24:52.525 [main] INFO  k.p.s.common.util.CommonStaticUtil - the new child relative direcotry[D:\gitsinnori\sinnori\project\sample_test][client_build/web_build/lib/main/ex] was created successfully
08:24:52.525 [main] INFO  k.p.s.common.util.CommonStaticUtil - the new child relative direcotry[D:\gitsinnori\sinnori\project\sample_test][client_build/web_build/lib/main/in] was created successfully
08:24:52.525 [main] INFO  k.p.s.common.util.CommonStaticUtil - the new child relative direcotry[D:\gitsinnori\sinnori\project\sample_test][client_build/web_build/lib/test] was created successfully
08:24:52.525 [main] INFO  k.p.s.common.util.CommonStaticUtil - the new child relative direcotry[D:\gitsinnori\sinnori\project\sample_test][client_build/web_build/src/main/java/kr/pe/sinnori/impl/message] was created successfully
08:24:52.525 [main] INFO  k.p.s.common.util.CommonStaticUtil - the new child relative direcotry[D:\gitsinnori\sinnori\project\sample_test][client_build/web_build/src/main/java//kr/pe/sinnori/servlet] was created successfully
08:24:52.525 [main] INFO  k.p.s.common.util.CommonStaticUtil - the new child relative direcotry[D:\gitsinnori\sinnori\project\sample_test][client_build/web_build/src/main/java/kr/pe/sinnori/weblib/common] was created successfully
08:24:52.525 [main] INFO  k.p.s.common.util.CommonStaticUtil - the new child relative direcotry[D:\gitsinnori\sinnori\project\sample_test][client_build/web_build/src/main/java/kr/pe/sinnori/weblib/htmlstring] was created successfully
08:24:52.625 [main] INFO  k.p.s.common.util.CommonStaticUtil - the new child relative direcotry[D:\gitsinnori\sinnori\project\sample_test][client_build/web_build/src/main/java/kr/pe/sinnori/weblib/jdf] was created successfully
08:24:52.625 [main] INFO  k.p.s.common.util.CommonStaticUtil - the new child relative direcotry[D:\gitsinnori\sinnori\project\sample_test][client_build/web_build/src/test/java] was created successfully
08:24:52.625 [main] INFO  k.p.s.common.util.CommonStaticUtil - the new child relative direcotry[D:\gitsinnori\sinnori\project\sample_test][client_build/web_build/build] was created successfully
08:24:52.625 [main] INFO  k.p.s.common.util.CommonStaticUtil - the new child relative direcotry[D:\gitsinnori\sinnori\project\sample_test][client_build/web_build/dist] was created successfully
08:24:52.625 [main] INFO  k.p.s.c.buildsystem.ProjectBuilder - main project[sample_test]'s web build child direcotry creation task end
08:24:52.625 [main] INFO  k.p.s.c.buildsystem.ProjectBuilder - main project[sample_test]'s web client build system files creation task start
08:24:52.625 [main] INFO  k.p.s.c.buildsystem.ProjectBuilder - main project[sample_test]'s web client ant build.xml file creation task start
08:24:52.625 [main] INFO  k.p.s.c.buildsystem.ProjectBuilder - main project[sample_test]'s web client ant build.xml file creation task end
08:24:52.625 [main] INFO  k.p.s.c.buildsystem.ProjectBuilder - main project[sample_test]'s web client ant properties file creation task start
08:24:52.625 [main] INFO  k.p.s.c.util.SequencedPropertiesUtil - the sequenced properties file[D:\gitsinnori\sinnori\project\sample_test\client_build\web_build\webAnt.properties] was created
08:24:52.625 [main] INFO  k.p.s.c.buildsystem.ProjectBuilder - main project[sample_test]'s web client ant properties file creation task end
08:24:52.625 [main] INFO  k.p.s.c.buildsystem.ProjectBuilder - main project[sample_test]'s web client message io file set creation task start
08:24:52.625 [main] INFO  k.p.s.common.util.CommonStaticUtil - the new child relative direcotry[D:\gitsinnori\sinnori\project\sample_test\client_build\web_build\src\main\java\kr\pe\sinnori\impl\message][Echo] was created successfully
08:24:52.625 [main] INFO  k.p.s.c.buildsystem.ProjectBuilder - main project[sample_test]'s message file[Echo][D:\gitsinnori\sinnori\project\sample_test\client_build\web_build\src\main\java\kr\pe\sinnori\impl\message] creation task start
08:24:52.645 [main] INFO  k.p.s.c.buildsystem.ProjectBuilder - main project[sample_test]'s message file[Echo][D:\gitsinnori\sinnori\project\sample_test\client_build\web_build\src\main\java\kr\pe\sinnori\impl\message] creation task end
08:24:52.646 [main] INFO  k.p.s.c.buildsystem.ProjectBuilder - main project[sample_test]'s message decoder file[Echo][D:\gitsinnori\sinnori\project\sample_test\client_build\web_build\src\main\java\kr\pe\sinnori\impl\message] creation task start
08:24:52.647 [main] INFO  k.p.s.c.buildsystem.ProjectBuilder - main project[sample_test]'s message decoder file[Echo][D:\gitsinnori\sinnori\project\sample_test\client_build\web_build\src\main\java\kr\pe\sinnori\impl\message] creation task end
08:24:52.647 [main] INFO  k.p.s.c.buildsystem.ProjectBuilder - main project[sample_test]'s message encoder file[Echo][D:\gitsinnori\sinnori\project\sample_test\client_build\web_build\src\main\java\kr\pe\sinnori\impl\message] creation task start
08:24:52.647 [main] INFO  k.p.s.c.buildsystem.ProjectBuilder - main project[sample_test]'s message encoder file[Echo][D:\gitsinnori\sinnori\project\sample_test\client_build\web_build\src\main\java\kr\pe\sinnori\impl\message] creation task end
08:24:52.647 [main] INFO  k.p.s.c.buildsystem.ProjectBuilder - main project[sample_test]'s message server codec file[Echo][D:\gitsinnori\sinnori\project\sample_test\client_build\web_build\src\main\java\kr\pe\sinnori\impl\message] creation task start
08:24:52.647 [main] INFO  k.p.s.c.buildsystem.ProjectBuilder - main project[sample_test]'s message server codec file[Echo][D:\gitsinnori\sinnori\project\sample_test\client_build\web_build\src\main\java\kr\pe\sinnori\impl\message] creation task end
08:24:52.647 [main] INFO  k.p.s.c.buildsystem.ProjectBuilder - main project[sample_test]'s message client codec file[Echo][D:\gitsinnori\sinnori\project\sample_test\client_build\web_build\src\main\java\kr\pe\sinnori\impl\message] creation task start
08:24:52.647 [main] INFO  k.p.s.c.buildsystem.ProjectBuilder - main project[sample_test]'s message client codec file[Echo][D:\gitsinnori\sinnori\project\sample_test\client_build\web_build\src\main\java\kr\pe\sinnori\impl\message] creation task end
08:24:52.663 [main] INFO  k.p.s.common.util.CommonStaticUtil - the new child relative direcotry[D:\gitsinnori\sinnori\project\sample_test\client_build\web_build\src\main\java\kr\pe\sinnori\impl\message][PublicKeyReq] was created successfully
08:24:52.663 [main] INFO  k.p.s.c.buildsystem.ProjectBuilder - main project[sample_test]'s message file[PublicKeyReq][D:\gitsinnori\sinnori\project\sample_test\client_build\web_build\src\main\java\kr\pe\sinnori\impl\message] creation task start
08:24:52.663 [main] INFO  k.p.s.c.buildsystem.ProjectBuilder - main project[sample_test]'s message file[PublicKeyReq][D:\gitsinnori\sinnori\project\sample_test\client_build\web_build\src\main\java\kr\pe\sinnori\impl\message] creation task end
08:24:52.663 [main] INFO  k.p.s.c.buildsystem.ProjectBuilder - main project[sample_test]'s message decoder file[PublicKeyReq][D:\gitsinnori\sinnori\project\sample_test\client_build\web_build\src\main\java\kr\pe\sinnori\impl\message] creation task start
08:24:52.663 [main] INFO  k.p.s.c.buildsystem.ProjectBuilder - main project[sample_test]'s message decoder file[PublicKeyReq][D:\gitsinnori\sinnori\project\sample_test\client_build\web_build\src\main\java\kr\pe\sinnori\impl\message] creation task end
08:24:52.663 [main] INFO  k.p.s.c.buildsystem.ProjectBuilder - main project[sample_test]'s message encoder file[PublicKeyReq][D:\gitsinnori\sinnori\project\sample_test\client_build\web_build\src\main\java\kr\pe\sinnori\impl\message] creation task start
08:24:52.678 [main] INFO  k.p.s.c.buildsystem.ProjectBuilder - main project[sample_test]'s message encoder file[PublicKeyReq][D:\gitsinnori\sinnori\project\sample_test\client_build\web_build\src\main\java\kr\pe\sinnori\impl\message] creation task end
08:24:52.678 [main] INFO  k.p.s.c.buildsystem.ProjectBuilder - main project[sample_test]'s message server codec file[PublicKeyReq][D:\gitsinnori\sinnori\project\sample_test\client_build\web_build\src\main\java\kr\pe\sinnori\impl\message] creation task start
08:24:52.678 [main] INFO  k.p.s.c.buildsystem.ProjectBuilder - main project[sample_test]'s message server codec file[PublicKeyReq][D:\gitsinnori\sinnori\project\sample_test\client_build\web_build\src\main\java\kr\pe\sinnori\impl\message] creation task end
08:24:52.678 [main] INFO  k.p.s.c.buildsystem.ProjectBuilder - main project[sample_test]'s message client codec file[PublicKeyReq][D:\gitsinnori\sinnori\project\sample_test\client_build\web_build\src\main\java\kr\pe\sinnori\impl\message] creation task start
08:24:52.678 [main] INFO  k.p.s.c.buildsystem.ProjectBuilder - main project[sample_test]'s message client codec file[PublicKeyReq][D:\gitsinnori\sinnori\project\sample_test\client_build\web_build\src\main\java\kr\pe\sinnori\impl\message] creation task end
08:24:52.678 [main] INFO  k.p.s.common.util.CommonStaticUtil - the new child relative direcotry[D:\gitsinnori\sinnori\project\sample_test\client_build\web_build\src\main\java\kr\pe\sinnori\impl\message][PublicKeyRes] was created successfully
08:24:52.678 [main] INFO  k.p.s.c.buildsystem.ProjectBuilder - main project[sample_test]'s message file[PublicKeyRes][D:\gitsinnori\sinnori\project\sample_test\client_build\web_build\src\main\java\kr\pe\sinnori\impl\message] creation task start
08:24:52.678 [main] INFO  k.p.s.c.buildsystem.ProjectBuilder - main project[sample_test]'s message file[PublicKeyRes][D:\gitsinnori\sinnori\project\sample_test\client_build\web_build\src\main\java\kr\pe\sinnori\impl\message] creation task end
08:24:52.678 [main] INFO  k.p.s.c.buildsystem.ProjectBuilder - main project[sample_test]'s message decoder file[PublicKeyRes][D:\gitsinnori\sinnori\project\sample_test\client_build\web_build\src\main\java\kr\pe\sinnori\impl\message] creation task start
08:24:52.678 [main] INFO  k.p.s.c.buildsystem.ProjectBuilder - main project[sample_test]'s message decoder file[PublicKeyRes][D:\gitsinnori\sinnori\project\sample_test\client_build\web_build\src\main\java\kr\pe\sinnori\impl\message] creation task end
08:24:52.678 [main] INFO  k.p.s.c.buildsystem.ProjectBuilder - main project[sample_test]'s message encoder file[PublicKeyRes][D:\gitsinnori\sinnori\project\sample_test\client_build\web_build\src\main\java\kr\pe\sinnori\impl\message] creation task start
08:24:52.694 [main] INFO  k.p.s.c.buildsystem.ProjectBuilder - main project[sample_test]'s message encoder file[PublicKeyRes][D:\gitsinnori\sinnori\project\sample_test\client_build\web_build\src\main\java\kr\pe\sinnori\impl\message] creation task end
08:24:52.694 [main] INFO  k.p.s.c.buildsystem.ProjectBuilder - main project[sample_test]'s message server codec file[PublicKeyRes][D:\gitsinnori\sinnori\project\sample_test\client_build\web_build\src\main\java\kr\pe\sinnori\impl\message] creation task start
08:24:52.694 [main] INFO  k.p.s.c.buildsystem.ProjectBuilder - main project[sample_test]'s message server codec file[PublicKeyRes][D:\gitsinnori\sinnori\project\sample_test\client_build\web_build\src\main\java\kr\pe\sinnori\impl\message] creation task end
08:24:52.694 [main] INFO  k.p.s.c.buildsystem.ProjectBuilder - main project[sample_test]'s message client codec file[PublicKeyRes][D:\gitsinnori\sinnori\project\sample_test\client_build\web_build\src\main\java\kr\pe\sinnori\impl\message] creation task start
08:24:52.694 [main] INFO  k.p.s.c.buildsystem.ProjectBuilder - main project[sample_test]'s message client codec file[PublicKeyRes][D:\gitsinnori\sinnori\project\sample_test\client_build\web_build\src\main\java\kr\pe\sinnori\impl\message] creation task end
08:24:52.694 [main] INFO  k.p.s.c.buildsystem.ProjectBuilder - main project[sample_test]'s web client message io file set creation task end
08:24:52.694 [main] INFO  k.p.s.c.buildsystem.ProjectBuilder - mainproject[sample_test]'s web client sample source files copy task start
08:24:52.747 [main] INFO  k.p.s.c.buildsystem.ProjectBuilder - mainproject[sample_test]'s web client sample source files copy task end
08:24:52.747 [main] INFO  k.p.s.c.buildsystem.ProjectBuilder - main project[sample_test]'s web client build system files creation task end
08:24:52.747 [main] INFO  k.p.s.c.buildsystem.ProjectBuilder - main project[sample_test]'s web root child direcotry creation task start
08:24:52.747 [main] INFO  k.p.s.common.util.CommonStaticUtil - the child relative direcotry[D:\gitsinnori\sinnori\project\sample_test][web_app_base/upload] exist, so nothing
08:24:52.747 [main] INFO  k.p.s.common.util.CommonStaticUtil - the new child relative direcotry[D:\gitsinnori\sinnori\project\sample_test][web_app_base/ROOT/WEB-INF/classes] was created successfully
08:24:52.747 [main] INFO  k.p.s.common.util.CommonStaticUtil - the new child relative direcotry[D:\gitsinnori\sinnori\project\sample_test][web_app_base/ROOT/WEB-INF/lib] was created successfully
08:24:52.747 [main] INFO  k.p.s.c.buildsystem.ProjectBuilder - main project[sample_test]'s web root child direcotry creation task end
08:24:52.747 [main] INFO  k.p.s.c.buildsystem.ProjectBuilder - main project[sample_test]'s web root sample files creation task start
08:24:52.747 [main] INFO  k.p.s.c.buildsystem.ProjectBuilder - main project[sample_test]'s web root sample files copy task start
08:24:52.763 [main] INFO  k.p.s.c.buildsystem.ProjectBuilder - main project[sample_test]'s web root sample files copy task end
08:24:52.763 [main] INFO  k.p.s.c.buildsystem.ProjectBuilder - main project[sample_test]'s web root sample files creation task end
08:24:52.779 [main] INFO  k.p.s.c.buildsystem.ProjectBuilder - main project[sample_test]'s config file overwrite task start
08:24:52.779 [main] INFO  k.p.s.c.buildsystem.ProjectBuilder - main project[sample_test]'s config file overwrite task end
08:24:52.779 [main] INFO  k.p.s.c.buildsystem.ProjectBuilder - main project[sample_test] changeProjectState method end
08:24:52.779 [main] INFO  k.p.s.c.buildsystem.ProjectBuilder - the server ant build.xml file[D:\gitsinnori\sinnori\project\sample_test\server_build\build.xml] is bad :: whetherExist[false] isFile[false]
08:24:52.779 [main] INFO  k.p.s.c.buildsystem.ProjectBuilder - main project[sample_test] changeProjectState method start
08:24:52.779 [main] INFO  k.p.s.c.buildsystem.ProjectBuilder - main project[sample_test]'s server child direcotry creation task start
08:24:52.779 [main] INFO  k.p.s.common.util.CommonStaticUtil - the new child relative direcotry[D:\gitsinnori\sinnori\project\sample_test][server_build/APP-INF/classes] was created successfully
08:24:52.779 [main] INFO  k.p.s.common.util.CommonStaticUtil - the new child relative direcotry[D:\gitsinnori\sinnori\project\sample_test][server_build/corelib/ex] was created successfully
08:24:52.779 [main] INFO  k.p.s.common.util.CommonStaticUtil - the new child relative direcotry[D:\gitsinnori\sinnori\project\sample_test][server_build/corelib/in] was created successfully
08:24:52.779 [main] INFO  k.p.s.common.util.CommonStaticUtil - the new child relative direcotry[D:\gitsinnori\sinnori\project\sample_test][server_build/lib/main/ex] was created successfully
08:24:52.779 [main] INFO  k.p.s.common.util.CommonStaticUtil - the new child relative direcotry[D:\gitsinnori\sinnori\project\sample_test][server_build/lib/main/in] was created successfully
08:24:52.779 [main] INFO  k.p.s.common.util.CommonStaticUtil - the new child relative direcotry[D:\gitsinnori\sinnori\project\sample_test][server_build/lib/test] was created successfully
08:24:52.779 [main] INFO  k.p.s.common.util.CommonStaticUtil - the new child relative direcotry[D:\gitsinnori\sinnori\project\sample_test][server_build/src/main/java/kr/pe/sinnori/impl/servertask] was created successfully
08:24:52.779 [main] INFO  k.p.s.common.util.CommonStaticUtil - the new child relative direcotry[D:\gitsinnori\sinnori\project\sample_test][server_build/src/main/java/kr/pe/sinnori/impl/message] was created successfully
08:24:52.779 [main] INFO  k.p.s.common.util.CommonStaticUtil - the new child relative direcotry[D:\gitsinnori\sinnori\project\sample_test][server_build/src/main/java/main] was created successfully
08:24:52.779 [main] INFO  k.p.s.common.util.CommonStaticUtil - the new child relative direcotry[D:\gitsinnori\sinnori\project\sample_test][server_build/src/test/java] was created successfully
08:24:52.779 [main] INFO  k.p.s.common.util.CommonStaticUtil - the new child relative direcotry[D:\gitsinnori\sinnori\project\sample_test][server_build/build] was created successfully
08:24:52.779 [main] INFO  k.p.s.common.util.CommonStaticUtil - the new child relative direcotry[D:\gitsinnori\sinnori\project\sample_test][server_build/dist] was created successfully
08:24:52.779 [main] INFO  k.p.s.c.buildsystem.ProjectBuilder - main project[sample_test]'s server child direcotry creation task end
08:24:52.779 [main] INFO  k.p.s.c.buildsystem.ProjectBuilder - server build system files creation task start
08:24:52.779 [main] INFO  k.p.s.c.buildsystem.ProjectBuilder - main project[sample_test]'s server ant build.xml file creation task start
08:24:52.779 [main] INFO  k.p.s.c.buildsystem.ProjectBuilder - main project[sample_test]'s server ant build.xml file creation task end
08:24:52.779 [main] INFO  k.p.s.c.buildsystem.ProjectBuilder - main project[sample_test]'s server dos shell file creation task start
08:24:52.794 [main] INFO  k.p.s.c.buildsystem.ProjectBuilder - main project[sample_test]'s server dos shell file creation task end
08:24:52.794 [main] INFO  k.p.s.c.buildsystem.ProjectBuilder - main project[sample_test]'s server unix shell file creation task start
08:24:52.794 [main] INFO  k.p.s.c.buildsystem.ProjectBuilder - main project[sample_test]'s server unix shell file creation task end
08:24:52.794 [main] INFO  k.p.s.c.buildsystem.ProjectBuilder - server sample source files copy task start
08:24:52.794 [main] INFO  k.p.s.c.buildsystem.ProjectBuilder - server sample source files copy task end
08:24:52.794 [main] INFO  k.p.s.c.buildsystem.ProjectBuilder - main project[sample_test]'s server message io file set creation task start
08:24:52.794 [main] INFO  k.p.s.common.util.CommonStaticUtil - the new child relative direcotry[D:\gitsinnori\sinnori\project\sample_test\server_build\src\main\java\kr\pe\sinnori\impl\message][Echo] was created successfully
08:24:52.794 [main] INFO  k.p.s.c.buildsystem.ProjectBuilder - main project[sample_test]'s message file[Echo][D:\gitsinnori\sinnori\project\sample_test\server_build\src\main\java\kr\pe\sinnori\impl\message] creation task start
08:24:52.794 [main] INFO  k.p.s.c.buildsystem.ProjectBuilder - main project[sample_test]'s message file[Echo][D:\gitsinnori\sinnori\project\sample_test\server_build\src\main\java\kr\pe\sinnori\impl\message] creation task end
08:24:52.794 [main] INFO  k.p.s.c.buildsystem.ProjectBuilder - main project[sample_test]'s message decoder file[Echo][D:\gitsinnori\sinnori\project\sample_test\server_build\src\main\java\kr\pe\sinnori\impl\message] creation task start
08:24:52.810 [main] INFO  k.p.s.c.buildsystem.ProjectBuilder - main project[sample_test]'s message decoder file[Echo][D:\gitsinnori\sinnori\project\sample_test\server_build\src\main\java\kr\pe\sinnori\impl\message] creation task end
08:24:52.810 [main] INFO  k.p.s.c.buildsystem.ProjectBuilder - main project[sample_test]'s message encoder file[Echo][D:\gitsinnori\sinnori\project\sample_test\server_build\src\main\java\kr\pe\sinnori\impl\message] creation task start
08:24:52.810 [main] INFO  k.p.s.c.buildsystem.ProjectBuilder - main project[sample_test]'s message encoder file[Echo][D:\gitsinnori\sinnori\project\sample_test\server_build\src\main\java\kr\pe\sinnori\impl\message] creation task end
08:24:52.810 [main] INFO  k.p.s.c.buildsystem.ProjectBuilder - main project[sample_test]'s message server codec file[Echo][D:\gitsinnori\sinnori\project\sample_test\server_build\src\main\java\kr\pe\sinnori\impl\message] creation task start
08:24:52.810 [main] INFO  k.p.s.c.buildsystem.ProjectBuilder - main project[sample_test]'s message server codec file[Echo][D:\gitsinnori\sinnori\project\sample_test\server_build\src\main\java\kr\pe\sinnori\impl\message] creation task end
08:24:52.810 [main] INFO  k.p.s.c.buildsystem.ProjectBuilder - main project[sample_test]'s message client codec file[Echo][D:\gitsinnori\sinnori\project\sample_test\server_build\src\main\java\kr\pe\sinnori\impl\message] creation task start
08:24:52.810 [main] INFO  k.p.s.c.buildsystem.ProjectBuilder - main project[sample_test]'s message client codec file[Echo][D:\gitsinnori\sinnori\project\sample_test\server_build\src\main\java\kr\pe\sinnori\impl\message] creation task end
08:24:52.810 [main] INFO  k.p.s.common.util.CommonStaticUtil - the new child relative direcotry[D:\gitsinnori\sinnori\project\sample_test\server_build\src\main\java\kr\pe\sinnori\impl\message][PublicKeyReq] was created successfully
08:24:52.810 [main] INFO  k.p.s.c.buildsystem.ProjectBuilder - main project[sample_test]'s message file[PublicKeyReq][D:\gitsinnori\sinnori\project\sample_test\server_build\src\main\java\kr\pe\sinnori\impl\message] creation task start
08:24:52.810 [main] INFO  k.p.s.c.buildsystem.ProjectBuilder - main project[sample_test]'s message file[PublicKeyReq][D:\gitsinnori\sinnori\project\sample_test\server_build\src\main\java\kr\pe\sinnori\impl\message] creation task end
08:24:52.810 [main] INFO  k.p.s.c.buildsystem.ProjectBuilder - main project[sample_test]'s message decoder file[PublicKeyReq][D:\gitsinnori\sinnori\project\sample_test\server_build\src\main\java\kr\pe\sinnori\impl\message] creation task start
08:24:52.810 [main] INFO  k.p.s.c.buildsystem.ProjectBuilder - main project[sample_test]'s message decoder file[PublicKeyReq][D:\gitsinnori\sinnori\project\sample_test\server_build\src\main\java\kr\pe\sinnori\impl\message] creation task end
08:24:52.810 [main] INFO  k.p.s.c.buildsystem.ProjectBuilder - main project[sample_test]'s message encoder file[PublicKeyReq][D:\gitsinnori\sinnori\project\sample_test\server_build\src\main\java\kr\pe\sinnori\impl\message] creation task start
08:24:52.910 [main] INFO  k.p.s.c.buildsystem.ProjectBuilder - main project[sample_test]'s message encoder file[PublicKeyReq][D:\gitsinnori\sinnori\project\sample_test\server_build\src\main\java\kr\pe\sinnori\impl\message] creation task end
08:24:52.910 [main] INFO  k.p.s.c.buildsystem.ProjectBuilder - main project[sample_test]'s message server codec file[PublicKeyReq][D:\gitsinnori\sinnori\project\sample_test\server_build\src\main\java\kr\pe\sinnori\impl\message] creation task start
08:24:52.925 [main] INFO  k.p.s.c.buildsystem.ProjectBuilder - main project[sample_test]'s message server codec file[PublicKeyReq][D:\gitsinnori\sinnori\project\sample_test\server_build\src\main\java\kr\pe\sinnori\impl\message] creation task end
08:24:52.925 [main] INFO  k.p.s.c.buildsystem.ProjectBuilder - main project[sample_test]'s message client codec file[PublicKeyReq][D:\gitsinnori\sinnori\project\sample_test\server_build\src\main\java\kr\pe\sinnori\impl\message] creation task start
08:24:52.925 [main] INFO  k.p.s.c.buildsystem.ProjectBuilder - main project[sample_test]'s message client codec file[PublicKeyReq][D:\gitsinnori\sinnori\project\sample_test\server_build\src\main\java\kr\pe\sinnori\impl\message] creation task end
08:24:52.925 [main] INFO  k.p.s.common.util.CommonStaticUtil - the new child relative direcotry[D:\gitsinnori\sinnori\project\sample_test\server_build\src\main\java\kr\pe\sinnori\impl\message][PublicKeyRes] was created successfully
08:24:52.925 [main] INFO  k.p.s.c.buildsystem.ProjectBuilder - main project[sample_test]'s message file[PublicKeyRes][D:\gitsinnori\sinnori\project\sample_test\server_build\src\main\java\kr\pe\sinnori\impl\message] creation task start
08:24:52.947 [main] INFO  k.p.s.c.buildsystem.ProjectBuilder - main project[sample_test]'s message file[PublicKeyRes][D:\gitsinnori\sinnori\project\sample_test\server_build\src\main\java\kr\pe\sinnori\impl\message] creation task end
08:24:52.947 [main] INFO  k.p.s.c.buildsystem.ProjectBuilder - main project[sample_test]'s message decoder file[PublicKeyRes][D:\gitsinnori\sinnori\project\sample_test\server_build\src\main\java\kr\pe\sinnori\impl\message] creation task start
08:24:52.947 [main] INFO  k.p.s.c.buildsystem.ProjectBuilder - main project[sample_test]'s message decoder file[PublicKeyRes][D:\gitsinnori\sinnori\project\sample_test\server_build\src\main\java\kr\pe\sinnori\impl\message] creation task end
08:24:52.947 [main] INFO  k.p.s.c.buildsystem.ProjectBuilder - main project[sample_test]'s message encoder file[PublicKeyRes][D:\gitsinnori\sinnori\project\sample_test\server_build\src\main\java\kr\pe\sinnori\impl\message] creation task start
08:24:52.947 [main] INFO  k.p.s.c.buildsystem.ProjectBuilder - main project[sample_test]'s message encoder file[PublicKeyRes][D:\gitsinnori\sinnori\project\sample_test\server_build\src\main\java\kr\pe\sinnori\impl\message] creation task end
08:24:52.947 [main] INFO  k.p.s.c.buildsystem.ProjectBuilder - main project[sample_test]'s message server codec file[PublicKeyRes][D:\gitsinnori\sinnori\project\sample_test\server_build\src\main\java\kr\pe\sinnori\impl\message] creation task start
08:24:52.947 [main] INFO  k.p.s.c.buildsystem.ProjectBuilder - main project[sample_test]'s message server codec file[PublicKeyRes][D:\gitsinnori\sinnori\project\sample_test\server_build\src\main\java\kr\pe\sinnori\impl\message] creation task end
08:24:52.947 [main] INFO  k.p.s.c.buildsystem.ProjectBuilder - main project[sample_test]'s message client codec file[PublicKeyRes][D:\gitsinnori\sinnori\project\sample_test\server_build\src\main\java\kr\pe\sinnori\impl\message] creation task start
08:24:52.947 [main] INFO  k.p.s.c.buildsystem.ProjectBuilder - main project[sample_test]'s message client codec file[PublicKeyRes][D:\gitsinnori\sinnori\project\sample_test\server_build\src\main\java\kr\pe\sinnori\impl\message] creation task end
08:24:52.947 [main] INFO  k.p.s.c.buildsystem.ProjectBuilder - main project[sample_test]'s server message io file set creation task end
08:24:52.947 [main] INFO  k.p.s.c.buildsystem.ProjectBuilder - server build system files creation task end
08:24:52.947 [main] INFO  k.p.s.c.buildsystem.ProjectBuilder - mainproject[sample_test]'s application client build path deletion task start
08:24:52.963 [main] INFO  k.p.s.c.buildsystem.ProjectBuilder - mainproject[sample_test]'s application client build path deletion task end
08:24:52.963 [main] INFO  k.p.s.c.buildsystem.ProjectBuilder - main project[sample_test]'s web client build path deletion task start
08:24:52.979 [main] INFO  k.p.s.c.buildsystem.ProjectBuilder - main project[sample_test]'s web client build path deletion task end
08:24:52.979 [main] INFO  k.p.s.c.buildsystem.ProjectBuilder - main project[sample_test]'s web root path deletion task start
08:24:52.979 [main] INFO  k.p.s.c.buildsystem.ProjectBuilder - main project[sample_test]'s web root path deletion task end
08:24:52.979 [main] INFO  k.p.s.c.buildsystem.ProjectBuilder - main project[sample_test]'s config file overwrite task start
08:24:52.994 [main] INFO  k.p.s.c.buildsystem.ProjectBuilder - main project[sample_test]'s config file overwrite task end
08:24:52.994 [main] INFO  k.p.s.c.buildsystem.ProjectBuilder - main project[sample_test] changeProjectState method end
08:24:52.994 [main] INFO  k.p.s.c.buildsystem.ProjectBuilder - the app client ant build.xml file[D:\gitsinnori\sinnori\project\sample_test\client_build\app_build\build.xml] is bad :: whetherExist[false] isFile[false]
08:24:52.994 [main] INFO  k.p.s.c.buildsystem.ProjectBuilder - the web client ant build.xml file[D:\gitsinnori\sinnori\project\sample_test\client_build\web_build\build.xml] is bad :: whetherExist[false] isFile[false]
08:24:52.994 [main] INFO  k.p.s.c.buildsystem.ProjectBuilder - the web.xml file[D:\gitsinnori\sinnori\project\sample_test\web_app_base\ROOT\WEB-INF\web.xml] located at web root directory is bad :: whetherExist[false] isFile[false]
08:24:52.994 [main] INFO  k.p.s.c.buildsystem.ProjectBuilder - main project[sample_test] changeProjectState method start
08:24:52.994 [main] WARN  k.p.s.c.buildsystem.ProjectBuilder - the server build path[D:\gitsinnori\sinnori\project\sample_test\server_build] exist, so skip creation of server build system
08:24:52.994 [main] INFO  k.p.s.c.buildsystem.ProjectBuilder - the app client ant build.xml file[D:\gitsinnori\sinnori\project\sample_test\client_build\app_build\build.xml] is bad :: whetherExist[false] isFile[false]
08:24:52.994 [main] WARN  k.p.s.c.buildsystem.ProjectBuilder - the app client buid.xml file[D:\gitsinnori\sinnori\project\sample_test\client_build\app_build\build.xml] is bad beacse it doesn't exist or is not a file, so skip deletion of app client build system
08:24:52.994 [main] INFO  k.p.s.c.buildsystem.ProjectBuilder - main project[sample_test]'s web build child direcotry creation task start
08:24:52.994 [main] INFO  k.p.s.common.util.CommonStaticUtil - the new child relative direcotry[D:\gitsinnori\sinnori\project\sample_test][client_build/web_build/corelib/ex] was created successfully
08:24:52.994 [main] INFO  k.p.s.common.util.CommonStaticUtil - the new child relative direcotry[D:\gitsinnori\sinnori\project\sample_test][client_build/web_build/corelib/in] was created successfully
08:24:52.994 [main] INFO  k.p.s.common.util.CommonStaticUtil - the new child relative direcotry[D:\gitsinnori\sinnori\project\sample_test][client_build/web_build/lib/main/ex] was created successfully
08:24:52.994 [main] INFO  k.p.s.common.util.CommonStaticUtil - the new child relative direcotry[D:\gitsinnori\sinnori\project\sample_test][client_build/web_build/lib/main/in] was created successfully
08:24:52.994 [main] INFO  k.p.s.common.util.CommonStaticUtil - the new child relative direcotry[D:\gitsinnori\sinnori\project\sample_test][client_build/web_build/lib/test] was created successfully
08:24:52.994 [main] INFO  k.p.s.common.util.CommonStaticUtil - the new child relative direcotry[D:\gitsinnori\sinnori\project\sample_test][client_build/web_build/src/main/java/kr/pe/sinnori/impl/message] was created successfully
08:24:52.994 [main] INFO  k.p.s.common.util.CommonStaticUtil - the new child relative direcotry[D:\gitsinnori\sinnori\project\sample_test][client_build/web_build/src/main/java//kr/pe/sinnori/servlet] was created successfully
08:24:52.994 [main] INFO  k.p.s.common.util.CommonStaticUtil - the new child relative direcotry[D:\gitsinnori\sinnori\project\sample_test][client_build/web_build/src/main/java/kr/pe/sinnori/weblib/common] was created successfully
08:24:53.078 [main] INFO  k.p.s.common.util.CommonStaticUtil - the new child relative direcotry[D:\gitsinnori\sinnori\project\sample_test][client_build/web_build/src/main/java/kr/pe/sinnori/weblib/htmlstring] was created successfully
08:24:53.078 [main] INFO  k.p.s.common.util.CommonStaticUtil - the new child relative direcotry[D:\gitsinnori\sinnori\project\sample_test][client_build/web_build/src/main/java/kr/pe/sinnori/weblib/jdf] was created successfully
08:24:53.078 [main] INFO  k.p.s.common.util.CommonStaticUtil - the new child relative direcotry[D:\gitsinnori\sinnori\project\sample_test][client_build/web_build/src/test/java] was created successfully
08:24:53.078 [main] INFO  k.p.s.common.util.CommonStaticUtil - the new child relative direcotry[D:\gitsinnori\sinnori\project\sample_test][client_build/web_build/build] was created successfully
08:24:53.078 [main] INFO  k.p.s.common.util.CommonStaticUtil - the new child relative direcotry[D:\gitsinnori\sinnori\project\sample_test][client_build/web_build/dist] was created successfully
08:24:53.078 [main] INFO  k.p.s.c.buildsystem.ProjectBuilder - main project[sample_test]'s web build child direcotry creation task end
08:24:53.078 [main] INFO  k.p.s.c.buildsystem.ProjectBuilder - main project[sample_test]'s web client build system files creation task start
08:24:53.078 [main] INFO  k.p.s.c.buildsystem.ProjectBuilder - main project[sample_test]'s web client ant build.xml file creation task start
08:24:53.078 [main] INFO  k.p.s.c.buildsystem.ProjectBuilder - main project[sample_test]'s web client ant build.xml file creation task end
08:24:53.078 [main] INFO  k.p.s.c.buildsystem.ProjectBuilder - main project[sample_test]'s web client ant properties file creation task start
08:24:53.078 [main] INFO  k.p.s.c.util.SequencedPropertiesUtil - the sequenced properties file[D:\gitsinnori\sinnori\project\sample_test\client_build\web_build\webAnt.properties] was created
08:24:53.094 [main] INFO  k.p.s.c.buildsystem.ProjectBuilder - main project[sample_test]'s web client ant properties file creation task end
08:24:53.094 [main] INFO  k.p.s.c.buildsystem.ProjectBuilder - main project[sample_test]'s web client message io file set creation task start
08:24:53.094 [main] INFO  k.p.s.common.util.CommonStaticUtil - the new child relative direcotry[D:\gitsinnori\sinnori\project\sample_test\client_build\web_build\src\main\java\kr\pe\sinnori\impl\message][Echo] was created successfully
08:24:53.094 [main] INFO  k.p.s.c.buildsystem.ProjectBuilder - main project[sample_test]'s message file[Echo][D:\gitsinnori\sinnori\project\sample_test\client_build\web_build\src\main\java\kr\pe\sinnori\impl\message] creation task start
08:24:53.110 [main] INFO  k.p.s.c.buildsystem.ProjectBuilder - main project[sample_test]'s message file[Echo][D:\gitsinnori\sinnori\project\sample_test\client_build\web_build\src\main\java\kr\pe\sinnori\impl\message] creation task end
08:24:53.110 [main] INFO  k.p.s.c.buildsystem.ProjectBuilder - main project[sample_test]'s message decoder file[Echo][D:\gitsinnori\sinnori\project\sample_test\client_build\web_build\src\main\java\kr\pe\sinnori\impl\message] creation task start
08:24:53.125 [main] INFO  k.p.s.c.buildsystem.ProjectBuilder - main project[sample_test]'s message decoder file[Echo][D:\gitsinnori\sinnori\project\sample_test\client_build\web_build\src\main\java\kr\pe\sinnori\impl\message] creation task end
08:24:53.125 [main] INFO  k.p.s.c.buildsystem.ProjectBuilder - main project[sample_test]'s message encoder file[Echo][D:\gitsinnori\sinnori\project\sample_test\client_build\web_build\src\main\java\kr\pe\sinnori\impl\message] creation task start
08:24:53.125 [main] INFO  k.p.s.c.buildsystem.ProjectBuilder - main project[sample_test]'s message encoder file[Echo][D:\gitsinnori\sinnori\project\sample_test\client_build\web_build\src\main\java\kr\pe\sinnori\impl\message] creation task end
08:24:53.125 [main] INFO  k.p.s.c.buildsystem.ProjectBuilder - main project[sample_test]'s message server codec file[Echo][D:\gitsinnori\sinnori\project\sample_test\client_build\web_build\src\main\java\kr\pe\sinnori\impl\message] creation task start
08:24:53.125 [main] INFO  k.p.s.c.buildsystem.ProjectBuilder - main project[sample_test]'s message server codec file[Echo][D:\gitsinnori\sinnori\project\sample_test\client_build\web_build\src\main\java\kr\pe\sinnori\impl\message] creation task end
08:24:53.125 [main] INFO  k.p.s.c.buildsystem.ProjectBuilder - main project[sample_test]'s message client codec file[Echo][D:\gitsinnori\sinnori\project\sample_test\client_build\web_build\src\main\java\kr\pe\sinnori\impl\message] creation task start
08:24:53.125 [main] INFO  k.p.s.c.buildsystem.ProjectBuilder - main project[sample_test]'s message client codec file[Echo][D:\gitsinnori\sinnori\project\sample_test\client_build\web_build\src\main\java\kr\pe\sinnori\impl\message] creation task end
08:24:53.125 [main] INFO  k.p.s.common.util.CommonStaticUtil - the new child relative direcotry[D:\gitsinnori\sinnori\project\sample_test\client_build\web_build\src\main\java\kr\pe\sinnori\impl\message][PublicKeyReq] was created successfully
08:24:53.125 [main] INFO  k.p.s.c.buildsystem.ProjectBuilder - main project[sample_test]'s message file[PublicKeyReq][D:\gitsinnori\sinnori\project\sample_test\client_build\web_build\src\main\java\kr\pe\sinnori\impl\message] creation task start
08:24:53.125 [main] INFO  k.p.s.c.buildsystem.ProjectBuilder - main project[sample_test]'s message file[PublicKeyReq][D:\gitsinnori\sinnori\project\sample_test\client_build\web_build\src\main\java\kr\pe\sinnori\impl\message] creation task end
08:24:53.125 [main] INFO  k.p.s.c.buildsystem.ProjectBuilder - main project[sample_test]'s message decoder file[PublicKeyReq][D:\gitsinnori\sinnori\project\sample_test\client_build\web_build\src\main\java\kr\pe\sinnori\impl\message] creation task start
08:24:53.145 [main] INFO  k.p.s.c.buildsystem.ProjectBuilder - main project[sample_test]'s message decoder file[PublicKeyReq][D:\gitsinnori\sinnori\project\sample_test\client_build\web_build\src\main\java\kr\pe\sinnori\impl\message] creation task end
08:24:53.145 [main] INFO  k.p.s.c.buildsystem.ProjectBuilder - main project[sample_test]'s message encoder file[PublicKeyReq][D:\gitsinnori\sinnori\project\sample_test\client_build\web_build\src\main\java\kr\pe\sinnori\impl\message] creation task start
08:24:53.147 [main] INFO  k.p.s.c.buildsystem.ProjectBuilder - main project[sample_test]'s message encoder file[PublicKeyReq][D:\gitsinnori\sinnori\project\sample_test\client_build\web_build\src\main\java\kr\pe\sinnori\impl\message] creation task end
08:24:53.147 [main] INFO  k.p.s.c.buildsystem.ProjectBuilder - main project[sample_test]'s message server codec file[PublicKeyReq][D:\gitsinnori\sinnori\project\sample_test\client_build\web_build\src\main\java\kr\pe\sinnori\impl\message] creation task start
08:24:53.147 [main] INFO  k.p.s.c.buildsystem.ProjectBuilder - main project[sample_test]'s message server codec file[PublicKeyReq][D:\gitsinnori\sinnori\project\sample_test\client_build\web_build\src\main\java\kr\pe\sinnori\impl\message] creation task end
08:24:53.147 [main] INFO  k.p.s.c.buildsystem.ProjectBuilder - main project[sample_test]'s message client codec file[PublicKeyReq][D:\gitsinnori\sinnori\project\sample_test\client_build\web_build\src\main\java\kr\pe\sinnori\impl\message] creation task start
08:24:53.147 [main] INFO  k.p.s.c.buildsystem.ProjectBuilder - main project[sample_test]'s message client codec file[PublicKeyReq][D:\gitsinnori\sinnori\project\sample_test\client_build\web_build\src\main\java\kr\pe\sinnori\impl\message] creation task end
08:24:53.147 [main] INFO  k.p.s.common.util.CommonStaticUtil - the new child relative direcotry[D:\gitsinnori\sinnori\project\sample_test\client_build\web_build\src\main\java\kr\pe\sinnori\impl\message][PublicKeyRes] was created successfully
08:24:53.147 [main] INFO  k.p.s.c.buildsystem.ProjectBuilder - main project[sample_test]'s message file[PublicKeyRes][D:\gitsinnori\sinnori\project\sample_test\client_build\web_build\src\main\java\kr\pe\sinnori\impl\message] creation task start
08:24:53.147 [main] INFO  k.p.s.c.buildsystem.ProjectBuilder - main project[sample_test]'s message file[PublicKeyRes][D:\gitsinnori\sinnori\project\sample_test\client_build\web_build\src\main\java\kr\pe\sinnori\impl\message] creation task end
08:24:53.226 [main] INFO  k.p.s.c.buildsystem.ProjectBuilder - main project[sample_test]'s message decoder file[PublicKeyRes][D:\gitsinnori\sinnori\project\sample_test\client_build\web_build\src\main\java\kr\pe\sinnori\impl\message] creation task start
08:24:53.226 [main] INFO  k.p.s.c.buildsystem.ProjectBuilder - main project[sample_test]'s message decoder file[PublicKeyRes][D:\gitsinnori\sinnori\project\sample_test\client_build\web_build\src\main\java\kr\pe\sinnori\impl\message] creation task end
08:24:53.226 [main] INFO  k.p.s.c.buildsystem.ProjectBuilder - main project[sample_test]'s message encoder file[PublicKeyRes][D:\gitsinnori\sinnori\project\sample_test\client_build\web_build\src\main\java\kr\pe\sinnori\impl\message] creation task start
08:24:53.244 [main] INFO  k.p.s.c.buildsystem.ProjectBuilder - main project[sample_test]'s message encoder file[PublicKeyRes][D:\gitsinnori\sinnori\project\sample_test\client_build\web_build\src\main\java\kr\pe\sinnori\impl\message] creation task end
08:24:53.244 [main] INFO  k.p.s.c.buildsystem.ProjectBuilder - main project[sample_test]'s message server codec file[PublicKeyRes][D:\gitsinnori\sinnori\project\sample_test\client_build\web_build\src\main\java\kr\pe\sinnori\impl\message] creation task start
08:24:53.246 [main] INFO  k.p.s.c.buildsystem.ProjectBuilder - main project[sample_test]'s message server codec file[PublicKeyRes][D:\gitsinnori\sinnori\project\sample_test\client_build\web_build\src\main\java\kr\pe\sinnori\impl\message] creation task end
08:24:53.246 [main] INFO  k.p.s.c.buildsystem.ProjectBuilder - main project[sample_test]'s message client codec file[PublicKeyRes][D:\gitsinnori\sinnori\project\sample_test\client_build\web_build\src\main\java\kr\pe\sinnori\impl\message] creation task start
08:24:53.248 [main] INFO  k.p.s.c.buildsystem.ProjectBuilder - main project[sample_test]'s message client codec file[PublicKeyRes][D:\gitsinnori\sinnori\project\sample_test\client_build\web_build\src\main\java\kr\pe\sinnori\impl\message] creation task end
08:24:53.248 [main] INFO  k.p.s.c.buildsystem.ProjectBuilder - main project[sample_test]'s web client message io file set creation task end
08:24:53.248 [main] INFO  k.p.s.c.buildsystem.ProjectBuilder - mainproject[sample_test]'s web client sample source files copy task start
08:24:53.347 [main] INFO  k.p.s.c.buildsystem.ProjectBuilder - mainproject[sample_test]'s web client sample source files copy task end
08:24:53.347 [main] INFO  k.p.s.c.buildsystem.ProjectBuilder - main project[sample_test]'s web client build system files creation task end
08:24:53.347 [main] INFO  k.p.s.c.buildsystem.ProjectBuilder - main project[sample_test]'s web root child direcotry creation task start
08:24:53.347 [main] INFO  k.p.s.common.util.CommonStaticUtil - the child relative direcotry[D:\gitsinnori\sinnori\project\sample_test][web_app_base/upload] exist, so nothing
08:24:53.347 [main] INFO  k.p.s.common.util.CommonStaticUtil - the new child relative direcotry[D:\gitsinnori\sinnori\project\sample_test][web_app_base/ROOT/WEB-INF/classes] was created successfully
08:24:53.347 [main] INFO  k.p.s.common.util.CommonStaticUtil - the new child relative direcotry[D:\gitsinnori\sinnori\project\sample_test][web_app_base/ROOT/WEB-INF/lib] was created successfully
08:24:53.347 [main] INFO  k.p.s.c.buildsystem.ProjectBuilder - main project[sample_test]'s web root child direcotry creation task end
08:24:53.347 [main] INFO  k.p.s.c.buildsystem.ProjectBuilder - main project[sample_test]'s web root sample files creation task start
08:24:53.347 [main] INFO  k.p.s.c.buildsystem.ProjectBuilder - main project[sample_test]'s web root sample files copy task start
08:24:53.347 [main] INFO  k.p.s.c.buildsystem.ProjectBuilder - main project[sample_test]'s web root sample files copy task end
08:24:53.347 [main] INFO  k.p.s.c.buildsystem.ProjectBuilder - main project[sample_test]'s web root sample files creation task end
08:24:53.347 [main] INFO  k.p.s.c.buildsystem.ProjectBuilder - main project[sample_test]'s config file overwrite task start
08:24:53.364 [main] INFO  k.p.s.c.buildsystem.ProjectBuilder - main project[sample_test]'s config file overwrite task end
08:24:53.364 [main] INFO  k.p.s.c.buildsystem.ProjectBuilder - main project[sample_test] changeProjectState method end
08:24:53.364 [main] INFO  k.p.s.c.buildsystem.ProjectBuilder - the app client ant build.xml file[D:\gitsinnori\sinnori\project\sample_test\client_build\app_build\build.xml] is bad :: whetherExist[false] isFile[false]
08:24:53.364 [main] INFO  k.p.s.c.buildsystem.ProjectBuilder - main project[sample_test] changeProjectState method start
08:24:53.364 [main] WARN  k.p.s.c.buildsystem.ProjectBuilder - the server build path[D:\gitsinnori\sinnori\project\sample_test\server_build] exist, so skip creation of server build system
08:24:53.364 [main] INFO  k.p.s.c.buildsystem.ProjectBuilder - main project[sample_test]'s application build child direcotry creation task start
08:24:53.364 [main] INFO  k.p.s.common.util.CommonStaticUtil - the new child relative direcotry[D:\gitsinnori\sinnori\project\sample_test][client_build/app_build/corelib/ex] was created successfully
08:24:53.364 [main] INFO  k.p.s.common.util.CommonStaticUtil - the new child relative direcotry[D:\gitsinnori\sinnori\project\sample_test][client_build/app_build/corelib/in] was created successfully
08:24:53.364 [main] INFO  k.p.s.common.util.CommonStaticUtil - the new child relative direcotry[D:\gitsinnori\sinnori\project\sample_test][client_build/app_build/lib/main/ex] was created successfully
08:24:53.364 [main] INFO  k.p.s.common.util.CommonStaticUtil - the new child relative direcotry[D:\gitsinnori\sinnori\project\sample_test][client_build/app_build/lib/main/in] was created successfully
08:24:53.364 [main] INFO  k.p.s.common.util.CommonStaticUtil - the new child relative direcotry[D:\gitsinnori\sinnori\project\sample_test][client_build/app_build/lib/test] was created successfully
08:24:53.364 [main] INFO  k.p.s.common.util.CommonStaticUtil - the new child relative direcotry[D:\gitsinnori\sinnori\project\sample_test][client_build/app_build/src/main/java/kr/pe/sinnori/impl/message] was created successfully
08:24:53.364 [main] INFO  k.p.s.common.util.CommonStaticUtil - the new child relative direcotry[D:\gitsinnori\sinnori\project\sample_test][client_build/app_build/src/main/java/main] was created successfully
08:24:53.364 [main] INFO  k.p.s.common.util.CommonStaticUtil - the new child relative direcotry[D:\gitsinnori\sinnori\project\sample_test][client_build/app_build/src/test/java] was created successfully
08:24:53.364 [main] INFO  k.p.s.common.util.CommonStaticUtil - the new child relative direcotry[D:\gitsinnori\sinnori\project\sample_test][client_build/app_build/build] was created successfully
08:24:53.364 [main] INFO  k.p.s.common.util.CommonStaticUtil - the new child relative direcotry[D:\gitsinnori\sinnori\project\sample_test][client_build/app_build/dist] was created successfully
08:24:53.364 [main] INFO  k.p.s.c.buildsystem.ProjectBuilder - main project[sample_test]'s application build child direcotry creation task end
08:24:53.364 [main] INFO  k.p.s.c.buildsystem.ProjectBuilder - mainproject[sample_test]'s application client build system files creation task start
08:24:53.364 [main] INFO  k.p.s.c.buildsystem.ProjectBuilder - main project[sample_test]'s application client ant build.xml file creation task start
08:24:53.379 [main] INFO  k.p.s.c.buildsystem.ProjectBuilder - main project[sample_test]'s application client ant build.xml file creation task end
08:24:53.379 [main] INFO  k.p.s.c.buildsystem.ProjectBuilder - main project[sample_test]'s application client dos shell file creation task start
08:24:53.379 [main] INFO  k.p.s.c.buildsystem.ProjectBuilder - main project[sample_test]'s application client dos shell file creation task end
08:24:53.379 [main] INFO  k.p.s.c.buildsystem.ProjectBuilder - main project[sample_test]'s application client unix shell file creation task start
08:24:53.379 [main] INFO  k.p.s.c.buildsystem.ProjectBuilder - main project[sample_test]'s application client unix shell file creation task end
08:24:53.379 [main] INFO  k.p.s.c.buildsystem.ProjectBuilder - application client sample source files copy task start
08:24:53.379 [main] INFO  k.p.s.c.buildsystem.ProjectBuilder - application client sample source files copy task end
08:24:53.379 [main] INFO  k.p.s.c.buildsystem.ProjectBuilder - main project[sample_test]'s application client message io file set creation task start
08:24:53.379 [main] INFO  k.p.s.common.util.CommonStaticUtil - the new child relative direcotry[D:\gitsinnori\sinnori\project\sample_test\client_build\app_build\src\main\java\kr\pe\sinnori\impl\message][Echo] was created successfully
08:24:53.379 [main] INFO  k.p.s.c.buildsystem.ProjectBuilder - main project[sample_test]'s message file[Echo][D:\gitsinnori\sinnori\project\sample_test\client_build\app_build\src\main\java\kr\pe\sinnori\impl\message] creation task start
08:24:53.395 [main] INFO  k.p.s.c.buildsystem.ProjectBuilder - main project[sample_test]'s message file[Echo][D:\gitsinnori\sinnori\project\sample_test\client_build\app_build\src\main\java\kr\pe\sinnori\impl\message] creation task end
08:24:53.395 [main] INFO  k.p.s.c.buildsystem.ProjectBuilder - main project[sample_test]'s message decoder file[Echo][D:\gitsinnori\sinnori\project\sample_test\client_build\app_build\src\main\java\kr\pe\sinnori\impl\message] creation task start
08:24:53.395 [main] INFO  k.p.s.c.buildsystem.ProjectBuilder - main project[sample_test]'s message decoder file[Echo][D:\gitsinnori\sinnori\project\sample_test\client_build\app_build\src\main\java\kr\pe\sinnori\impl\message] creation task end
08:24:53.395 [main] INFO  k.p.s.c.buildsystem.ProjectBuilder - main project[sample_test]'s message encoder file[Echo][D:\gitsinnori\sinnori\project\sample_test\client_build\app_build\src\main\java\kr\pe\sinnori\impl\message] creation task start
08:24:53.395 [main] INFO  k.p.s.c.buildsystem.ProjectBuilder - main project[sample_test]'s message encoder file[Echo][D:\gitsinnori\sinnori\project\sample_test\client_build\app_build\src\main\java\kr\pe\sinnori\impl\message] creation task end
08:24:53.464 [main] INFO  k.p.s.c.buildsystem.ProjectBuilder - main project[sample_test]'s message server codec file[Echo][D:\gitsinnori\sinnori\project\sample_test\client_build\app_build\src\main\java\kr\pe\sinnori\impl\message] creation task start
08:24:53.464 [main] INFO  k.p.s.c.buildsystem.ProjectBuilder - main project[sample_test]'s message server codec file[Echo][D:\gitsinnori\sinnori\project\sample_test\client_build\app_build\src\main\java\kr\pe\sinnori\impl\message] creation task end
08:24:53.464 [main] INFO  k.p.s.c.buildsystem.ProjectBuilder - main project[sample_test]'s message client codec file[Echo][D:\gitsinnori\sinnori\project\sample_test\client_build\app_build\src\main\java\kr\pe\sinnori\impl\message] creation task start
08:24:53.464 [main] INFO  k.p.s.c.buildsystem.ProjectBuilder - main project[sample_test]'s message client codec file[Echo][D:\gitsinnori\sinnori\project\sample_test\client_build\app_build\src\main\java\kr\pe\sinnori\impl\message] creation task end
08:24:53.464 [main] INFO  k.p.s.common.util.CommonStaticUtil - the new child relative direcotry[D:\gitsinnori\sinnori\project\sample_test\client_build\app_build\src\main\java\kr\pe\sinnori\impl\message][PublicKeyReq] was created successfully
08:24:53.464 [main] INFO  k.p.s.c.buildsystem.ProjectBuilder - main project[sample_test]'s message file[PublicKeyReq][D:\gitsinnori\sinnori\project\sample_test\client_build\app_build\src\main\java\kr\pe\sinnori\impl\message] creation task start
08:24:53.464 [main] INFO  k.p.s.c.buildsystem.ProjectBuilder - main project[sample_test]'s message file[PublicKeyReq][D:\gitsinnori\sinnori\project\sample_test\client_build\app_build\src\main\java\kr\pe\sinnori\impl\message] creation task end
08:24:53.464 [main] INFO  k.p.s.c.buildsystem.ProjectBuilder - main project[sample_test]'s message decoder file[PublicKeyReq][D:\gitsinnori\sinnori\project\sample_test\client_build\app_build\src\main\java\kr\pe\sinnori\impl\message] creation task start
08:24:53.464 [main] INFO  k.p.s.c.buildsystem.ProjectBuilder - main project[sample_test]'s message decoder file[PublicKeyReq][D:\gitsinnori\sinnori\project\sample_test\client_build\app_build\src\main\java\kr\pe\sinnori\impl\message] creation task end
08:24:53.464 [main] INFO  k.p.s.c.buildsystem.ProjectBuilder - main project[sample_test]'s message encoder file[PublicKeyReq][D:\gitsinnori\sinnori\project\sample_test\client_build\app_build\src\main\java\kr\pe\sinnori\impl\message] creation task start
08:24:53.464 [main] INFO  k.p.s.c.buildsystem.ProjectBuilder - main project[sample_test]'s message encoder file[PublicKeyReq][D:\gitsinnori\sinnori\project\sample_test\client_build\app_build\src\main\java\kr\pe\sinnori\impl\message] creation task end
08:24:53.464 [main] INFO  k.p.s.c.buildsystem.ProjectBuilder - main project[sample_test]'s message server codec file[PublicKeyReq][D:\gitsinnori\sinnori\project\sample_test\client_build\app_build\src\main\java\kr\pe\sinnori\impl\message] creation task start
08:24:53.479 [main] INFO  k.p.s.c.buildsystem.ProjectBuilder - main project[sample_test]'s message server codec file[PublicKeyReq][D:\gitsinnori\sinnori\project\sample_test\client_build\app_build\src\main\java\kr\pe\sinnori\impl\message] creation task end
08:24:53.479 [main] INFO  k.p.s.c.buildsystem.ProjectBuilder - main project[sample_test]'s message client codec file[PublicKeyReq][D:\gitsinnori\sinnori\project\sample_test\client_build\app_build\src\main\java\kr\pe\sinnori\impl\message] creation task start
08:24:53.479 [main] INFO  k.p.s.c.buildsystem.ProjectBuilder - main project[sample_test]'s message client codec file[PublicKeyReq][D:\gitsinnori\sinnori\project\sample_test\client_build\app_build\src\main\java\kr\pe\sinnori\impl\message] creation task end
08:24:53.479 [main] INFO  k.p.s.common.util.CommonStaticUtil - the new child relative direcotry[D:\gitsinnori\sinnori\project\sample_test\client_build\app_build\src\main\java\kr\pe\sinnori\impl\message][PublicKeyRes] was created successfully
08:24:53.479 [main] INFO  k.p.s.c.buildsystem.ProjectBuilder - main project[sample_test]'s message file[PublicKeyRes][D:\gitsinnori\sinnori\project\sample_test\client_build\app_build\src\main\java\kr\pe\sinnori\impl\message] creation task start
08:24:53.479 [main] INFO  k.p.s.c.buildsystem.ProjectBuilder - main project[sample_test]'s message file[PublicKeyRes][D:\gitsinnori\sinnori\project\sample_test\client_build\app_build\src\main\java\kr\pe\sinnori\impl\message] creation task end
08:24:53.479 [main] INFO  k.p.s.c.buildsystem.ProjectBuilder - main project[sample_test]'s message decoder file[PublicKeyRes][D:\gitsinnori\sinnori\project\sample_test\client_build\app_build\src\main\java\kr\pe\sinnori\impl\message] creation task start
08:24:53.479 [main] INFO  k.p.s.c.buildsystem.ProjectBuilder - main project[sample_test]'s message decoder file[PublicKeyRes][D:\gitsinnori\sinnori\project\sample_test\client_build\app_build\src\main\java\kr\pe\sinnori\impl\message] creation task end
08:24:53.479 [main] INFO  k.p.s.c.buildsystem.ProjectBuilder - main project[sample_test]'s message encoder file[PublicKeyRes][D:\gitsinnori\sinnori\project\sample_test\client_build\app_build\src\main\java\kr\pe\sinnori\impl\message] creation task start
08:24:53.479 [main] INFO  k.p.s.c.buildsystem.ProjectBuilder - main project[sample_test]'s message encoder file[PublicKeyRes][D:\gitsinnori\sinnori\project\sample_test\client_build\app_build\src\main\java\kr\pe\sinnori\impl\message] creation task end
08:24:53.479 [main] INFO  k.p.s.c.buildsystem.ProjectBuilder - main project[sample_test]'s message server codec file[PublicKeyRes][D:\gitsinnori\sinnori\project\sample_test\client_build\app_build\src\main\java\kr\pe\sinnori\impl\message] creation task start
08:24:53.479 [main] INFO  k.p.s.c.buildsystem.ProjectBuilder - main project[sample_test]'s message server codec file[PublicKeyRes][D:\gitsinnori\sinnori\project\sample_test\client_build\app_build\src\main\java\kr\pe\sinnori\impl\message] creation task end
08:24:53.479 [main] INFO  k.p.s.c.buildsystem.ProjectBuilder - main project[sample_test]'s message client codec file[PublicKeyRes][D:\gitsinnori\sinnori\project\sample_test\client_build\app_build\src\main\java\kr\pe\sinnori\impl\message] creation task start
08:24:53.564 [main] INFO  k.p.s.c.buildsystem.ProjectBuilder - main project[sample_test]'s message client codec file[PublicKeyRes][D:\gitsinnori\sinnori\project\sample_test\client_build\app_build\src\main\java\kr\pe\sinnori\impl\message] creation task end
08:24:53.564 [main] INFO  k.p.s.c.buildsystem.ProjectBuilder - main project[sample_test]'s application client message io file set creation task end
08:24:53.564 [main] INFO  k.p.s.c.buildsystem.ProjectBuilder - mainproject[sample_test]'s application client build system files creation task end
08:24:53.564 [main] INFO  k.p.s.c.buildsystem.ProjectBuilder - main project[sample_test]'s web client build path deletion task start
08:24:53.595 [main] INFO  k.p.s.c.buildsystem.ProjectBuilder - main project[sample_test]'s web client build path deletion task end
08:24:53.595 [main] INFO  k.p.s.c.buildsystem.ProjectBuilder - main project[sample_test]'s web root path deletion task start
08:24:53.595 [main] INFO  k.p.s.c.buildsystem.ProjectBuilder - main project[sample_test]'s web root path deletion task end
08:24:53.595 [main] INFO  k.p.s.c.buildsystem.ProjectBuilder - main project[sample_test]'s config file overwrite task start
08:24:53.595 [main] INFO  k.p.s.c.buildsystem.ProjectBuilder - main project[sample_test]'s config file overwrite task end
08:24:53.595 [main] INFO  k.p.s.c.buildsystem.ProjectBuilder - main project[sample_test] changeProjectState method end
08:24:53.595 [main] INFO  k.p.s.c.buildsystem.ProjectBuilder - the web client ant build.xml file[D:\gitsinnori\sinnori\project\sample_test\client_build\web_build\build.xml] is bad :: whetherExist[false] isFile[false]
08:24:53.595 [main] INFO  k.p.s.c.buildsystem.ProjectBuilder - the web.xml file[D:\gitsinnori\sinnori\project\sample_test\web_app_base\ROOT\WEB-INF\web.xml] located at web root directory is bad :: whetherExist[false] isFile[false]
08:24:53.595 [main] INFO  k.p.s.c.buildsystem.ProjectBuilder - main project[sample_test] changeProjectState method start
08:24:53.595 [main] WARN  k.p.s.c.buildsystem.ProjectBuilder - the server build path[D:\gitsinnori\sinnori\project\sample_test\server_build] exist, so skip creation of server build system
08:24:53.595 [main] WARN  k.p.s.c.buildsystem.ProjectBuilder - the app client build path[D:\gitsinnori\sinnori\project\sample_test\client_build\app_build] exist, so skip creation of app client build system
08:24:53.595 [main] INFO  k.p.s.c.buildsystem.ProjectBuilder - main project[sample_test]'s web build child direcotry creation task start
08:24:53.611 [main] INFO  k.p.s.common.util.CommonStaticUtil - the new child relative direcotry[D:\gitsinnori\sinnori\project\sample_test][client_build/web_build/corelib/ex] was created successfully
08:24:53.611 [main] INFO  k.p.s.common.util.CommonStaticUtil - the new child relative direcotry[D:\gitsinnori\sinnori\project\sample_test][client_build/web_build/corelib/in] was created successfully
08:24:53.611 [main] INFO  k.p.s.common.util.CommonStaticUtil - the new child relative direcotry[D:\gitsinnori\sinnori\project\sample_test][client_build/web_build/lib/main/ex] was created successfully
08:24:53.611 [main] INFO  k.p.s.common.util.CommonStaticUtil - the new child relative direcotry[D:\gitsinnori\sinnori\project\sample_test][client_build/web_build/lib/main/in] was created successfully
08:24:53.611 [main] INFO  k.p.s.common.util.CommonStaticUtil - the new child relative direcotry[D:\gitsinnori\sinnori\project\sample_test][client_build/web_build/lib/test] was created successfully
08:24:53.611 [main] INFO  k.p.s.common.util.CommonStaticUtil - the new child relative direcotry[D:\gitsinnori\sinnori\project\sample_test][client_build/web_build/src/main/java/kr/pe/sinnori/impl/message] was created successfully
08:24:53.611 [main] INFO  k.p.s.common.util.CommonStaticUtil - the new child relative direcotry[D:\gitsinnori\sinnori\project\sample_test][client_build/web_build/src/main/java//kr/pe/sinnori/servlet] was created successfully
08:24:53.611 [main] INFO  k.p.s.common.util.CommonStaticUtil - the new child relative direcotry[D:\gitsinnori\sinnori\project\sample_test][client_build/web_build/src/main/java/kr/pe/sinnori/weblib/common] was created successfully
08:24:53.611 [main] INFO  k.p.s.common.util.CommonStaticUtil - the new child relative direcotry[D:\gitsinnori\sinnori\project\sample_test][client_build/web_build/src/main/java/kr/pe/sinnori/weblib/htmlstring] was created successfully
08:24:53.611 [main] INFO  k.p.s.common.util.CommonStaticUtil - the new child relative direcotry[D:\gitsinnori\sinnori\project\sample_test][client_build/web_build/src/main/java/kr/pe/sinnori/weblib/jdf] was created successfully
08:24:53.611 [main] INFO  k.p.s.common.util.CommonStaticUtil - the new child relative direcotry[D:\gitsinnori\sinnori\project\sample_test][client_build/web_build/src/test/java] was created successfully
08:24:53.695 [main] INFO  k.p.s.common.util.CommonStaticUtil - the new child relative direcotry[D:\gitsinnori\sinnori\project\sample_test][client_build/web_build/build] was created successfully
08:24:53.695 [main] INFO  k.p.s.common.util.CommonStaticUtil - the new child relative direcotry[D:\gitsinnori\sinnori\project\sample_test][client_build/web_build/dist] was created successfully
08:24:53.695 [main] INFO  k.p.s.c.buildsystem.ProjectBuilder - main project[sample_test]'s web build child direcotry creation task end
08:24:53.695 [main] INFO  k.p.s.c.buildsystem.ProjectBuilder - main project[sample_test]'s web client build system files creation task start
08:24:53.695 [main] INFO  k.p.s.c.buildsystem.ProjectBuilder - main project[sample_test]'s web client ant build.xml file creation task start
08:24:53.695 [main] INFO  k.p.s.c.buildsystem.ProjectBuilder - main project[sample_test]'s web client ant build.xml file creation task end
08:24:53.695 [main] INFO  k.p.s.c.buildsystem.ProjectBuilder - main project[sample_test]'s web client ant properties file creation task start
08:24:53.695 [main] INFO  k.p.s.c.util.SequencedPropertiesUtil - the sequenced properties file[D:\gitsinnori\sinnori\project\sample_test\client_build\web_build\webAnt.properties] was created
08:24:53.695 [main] INFO  k.p.s.c.buildsystem.ProjectBuilder - main project[sample_test]'s web client ant properties file creation task end
08:24:53.695 [main] INFO  k.p.s.c.buildsystem.ProjectBuilder - main project[sample_test]'s web client message io file set creation task start
08:24:53.695 [main] INFO  k.p.s.common.util.CommonStaticUtil - the new child relative direcotry[D:\gitsinnori\sinnori\project\sample_test\client_build\web_build\src\main\java\kr\pe\sinnori\impl\message][Echo] was created successfully
08:24:53.695 [main] INFO  k.p.s.c.buildsystem.ProjectBuilder - main project[sample_test]'s message file[Echo][D:\gitsinnori\sinnori\project\sample_test\client_build\web_build\src\main\java\kr\pe\sinnori\impl\message] creation task start
08:24:53.711 [main] INFO  k.p.s.c.buildsystem.ProjectBuilder - main project[sample_test]'s message file[Echo][D:\gitsinnori\sinnori\project\sample_test\client_build\web_build\src\main\java\kr\pe\sinnori\impl\message] creation task end
08:24:53.711 [main] INFO  k.p.s.c.buildsystem.ProjectBuilder - main project[sample_test]'s message decoder file[Echo][D:\gitsinnori\sinnori\project\sample_test\client_build\web_build\src\main\java\kr\pe\sinnori\impl\message] creation task start
08:24:53.711 [main] INFO  k.p.s.c.buildsystem.ProjectBuilder - main project[sample_test]'s message decoder file[Echo][D:\gitsinnori\sinnori\project\sample_test\client_build\web_build\src\main\java\kr\pe\sinnori\impl\message] creation task end
08:24:53.711 [main] INFO  k.p.s.c.buildsystem.ProjectBuilder - main project[sample_test]'s message encoder file[Echo][D:\gitsinnori\sinnori\project\sample_test\client_build\web_build\src\main\java\kr\pe\sinnori\impl\message] creation task start
08:24:53.726 [main] INFO  k.p.s.c.buildsystem.ProjectBuilder - main project[sample_test]'s message encoder file[Echo][D:\gitsinnori\sinnori\project\sample_test\client_build\web_build\src\main\java\kr\pe\sinnori\impl\message] creation task end
08:24:53.726 [main] INFO  k.p.s.c.buildsystem.ProjectBuilder - main project[sample_test]'s message server codec file[Echo][D:\gitsinnori\sinnori\project\sample_test\client_build\web_build\src\main\java\kr\pe\sinnori\impl\message] creation task start
08:24:53.726 [main] INFO  k.p.s.c.buildsystem.ProjectBuilder - main project[sample_test]'s message server codec file[Echo][D:\gitsinnori\sinnori\project\sample_test\client_build\web_build\src\main\java\kr\pe\sinnori\impl\message] creation task end
08:24:53.726 [main] INFO  k.p.s.c.buildsystem.ProjectBuilder - main project[sample_test]'s message client codec file[Echo][D:\gitsinnori\sinnori\project\sample_test\client_build\web_build\src\main\java\kr\pe\sinnori\impl\message] creation task start
08:24:53.726 [main] INFO  k.p.s.c.buildsystem.ProjectBuilder - main project[sample_test]'s message client codec file[Echo][D:\gitsinnori\sinnori\project\sample_test\client_build\web_build\src\main\java\kr\pe\sinnori\impl\message] creation task end
08:24:53.726 [main] INFO  k.p.s.common.util.CommonStaticUtil - the new child relative direcotry[D:\gitsinnori\sinnori\project\sample_test\client_build\web_build\src\main\java\kr\pe\sinnori\impl\message][PublicKeyReq] was created successfully
08:24:53.726 [main] INFO  k.p.s.c.buildsystem.ProjectBuilder - main project[sample_test]'s message file[PublicKeyReq][D:\gitsinnori\sinnori\project\sample_test\client_build\web_build\src\main\java\kr\pe\sinnori\impl\message] creation task start
08:24:53.726 [main] INFO  k.p.s.c.buildsystem.ProjectBuilder - main project[sample_test]'s message file[PublicKeyReq][D:\gitsinnori\sinnori\project\sample_test\client_build\web_build\src\main\java\kr\pe\sinnori\impl\message] creation task end
08:24:53.726 [main] INFO  k.p.s.c.buildsystem.ProjectBuilder - main project[sample_test]'s message decoder file[PublicKeyReq][D:\gitsinnori\sinnori\project\sample_test\client_build\web_build\src\main\java\kr\pe\sinnori\impl\message] creation task start
08:24:53.745 [main] INFO  k.p.s.c.buildsystem.ProjectBuilder - main project[sample_test]'s message decoder file[PublicKeyReq][D:\gitsinnori\sinnori\project\sample_test\client_build\web_build\src\main\java\kr\pe\sinnori\impl\message] creation task end
08:24:53.745 [main] INFO  k.p.s.c.buildsystem.ProjectBuilder - main project[sample_test]'s message encoder file[PublicKeyReq][D:\gitsinnori\sinnori\project\sample_test\client_build\web_build\src\main\java\kr\pe\sinnori\impl\message] creation task start
08:24:53.749 [main] INFO  k.p.s.c.buildsystem.ProjectBuilder - main project[sample_test]'s message encoder file[PublicKeyReq][D:\gitsinnori\sinnori\project\sample_test\client_build\web_build\src\main\java\kr\pe\sinnori\impl\message] creation task end
08:24:53.749 [main] INFO  k.p.s.c.buildsystem.ProjectBuilder - main project[sample_test]'s message server codec file[PublicKeyReq][D:\gitsinnori\sinnori\project\sample_test\client_build\web_build\src\main\java\kr\pe\sinnori\impl\message] creation task start
08:24:53.749 [main] INFO  k.p.s.c.buildsystem.ProjectBuilder - main project[sample_test]'s message server codec file[PublicKeyReq][D:\gitsinnori\sinnori\project\sample_test\client_build\web_build\src\main\java\kr\pe\sinnori\impl\message] creation task end
08:24:53.749 [main] INFO  k.p.s.c.buildsystem.ProjectBuilder - main project[sample_test]'s message client codec file[PublicKeyReq][D:\gitsinnori\sinnori\project\sample_test\client_build\web_build\src\main\java\kr\pe\sinnori\impl\message] creation task start
08:24:53.749 [main] INFO  k.p.s.c.buildsystem.ProjectBuilder - main project[sample_test]'s message client codec file[PublicKeyReq][D:\gitsinnori\sinnori\project\sample_test\client_build\web_build\src\main\java\kr\pe\sinnori\impl\message] creation task end
08:24:53.749 [main] INFO  k.p.s.common.util.CommonStaticUtil - the new child relative direcotry[D:\gitsinnori\sinnori\project\sample_test\client_build\web_build\src\main\java\kr\pe\sinnori\impl\message][PublicKeyRes] was created successfully
08:24:53.749 [main] INFO  k.p.s.c.buildsystem.ProjectBuilder - main project[sample_test]'s message file[PublicKeyRes][D:\gitsinnori\sinnori\project\sample_test\client_build\web_build\src\main\java\kr\pe\sinnori\impl\message] creation task start
08:24:53.749 [main] INFO  k.p.s.c.buildsystem.ProjectBuilder - main project[sample_test]'s message file[PublicKeyRes][D:\gitsinnori\sinnori\project\sample_test\client_build\web_build\src\main\java\kr\pe\sinnori\impl\message] creation task end
08:24:53.749 [main] INFO  k.p.s.c.buildsystem.ProjectBuilder - main project[sample_test]'s message decoder file[PublicKeyRes][D:\gitsinnori\sinnori\project\sample_test\client_build\web_build\src\main\java\kr\pe\sinnori\impl\message] creation task start
08:24:53.749 [main] INFO  k.p.s.c.buildsystem.ProjectBuilder - main project[sample_test]'s message decoder file[PublicKeyRes][D:\gitsinnori\sinnori\project\sample_test\client_build\web_build\src\main\java\kr\pe\sinnori\impl\message] creation task end
08:24:53.749 [main] INFO  k.p.s.c.buildsystem.ProjectBuilder - main project[sample_test]'s message encoder file[PublicKeyRes][D:\gitsinnori\sinnori\project\sample_test\client_build\web_build\src\main\java\kr\pe\sinnori\impl\message] creation task start
08:24:53.764 [main] INFO  k.p.s.c.buildsystem.ProjectBuilder - main project[sample_test]'s message encoder file[PublicKeyRes][D:\gitsinnori\sinnori\project\sample_test\client_build\web_build\src\main\java\kr\pe\sinnori\impl\message] creation task end
08:24:53.764 [main] INFO  k.p.s.c.buildsystem.ProjectBuilder - main project[sample_test]'s message server codec file[PublicKeyRes][D:\gitsinnori\sinnori\project\sample_test\client_build\web_build\src\main\java\kr\pe\sinnori\impl\message] creation task start
08:24:53.764 [main] INFO  k.p.s.c.buildsystem.ProjectBuilder - main project[sample_test]'s message server codec file[PublicKeyRes][D:\gitsinnori\sinnori\project\sample_test\client_build\web_build\src\main\java\kr\pe\sinnori\impl\message] creation task end
08:24:53.764 [main] INFO  k.p.s.c.buildsystem.ProjectBuilder - main project[sample_test]'s message client codec file[PublicKeyRes][D:\gitsinnori\sinnori\project\sample_test\client_build\web_build\src\main\java\kr\pe\sinnori\impl\message] creation task start
08:24:53.864 [main] INFO  k.p.s.c.buildsystem.ProjectBuilder - main project[sample_test]'s message client codec file[PublicKeyRes][D:\gitsinnori\sinnori\project\sample_test\client_build\web_build\src\main\java\kr\pe\sinnori\impl\message] creation task end
08:24:53.864 [main] INFO  k.p.s.c.buildsystem.ProjectBuilder - main project[sample_test]'s web client message io file set creation task end
08:24:53.864 [main] INFO  k.p.s.c.buildsystem.ProjectBuilder - mainproject[sample_test]'s web client sample source files copy task start
08:24:53.965 [main] INFO  k.p.s.c.buildsystem.ProjectBuilder - mainproject[sample_test]'s web client sample source files copy task end
08:24:53.965 [main] INFO  k.p.s.c.buildsystem.ProjectBuilder - main project[sample_test]'s web client build system files creation task end
08:24:53.965 [main] INFO  k.p.s.c.buildsystem.ProjectBuilder - main project[sample_test]'s web root child direcotry creation task start
08:24:53.965 [main] INFO  k.p.s.common.util.CommonStaticUtil - the child relative direcotry[D:\gitsinnori\sinnori\project\sample_test][web_app_base/upload] exist, so nothing
08:24:53.965 [main] INFO  k.p.s.common.util.CommonStaticUtil - the new child relative direcotry[D:\gitsinnori\sinnori\project\sample_test][web_app_base/ROOT/WEB-INF/classes] was created successfully
08:24:53.965 [main] INFO  k.p.s.common.util.CommonStaticUtil - the new child relative direcotry[D:\gitsinnori\sinnori\project\sample_test][web_app_base/ROOT/WEB-INF/lib] was created successfully
08:24:53.965 [main] INFO  k.p.s.c.buildsystem.ProjectBuilder - main project[sample_test]'s web root child direcotry creation task end
08:24:53.965 [main] INFO  k.p.s.c.buildsystem.ProjectBuilder - main project[sample_test]'s web root sample files creation task start
08:24:53.965 [main] INFO  k.p.s.c.buildsystem.ProjectBuilder - main project[sample_test]'s web root sample files copy task start
08:24:53.980 [main] INFO  k.p.s.c.buildsystem.ProjectBuilder - main project[sample_test]'s web root sample files copy task end
08:24:53.980 [main] INFO  k.p.s.c.buildsystem.ProjectBuilder - main project[sample_test]'s web root sample files creation task end
08:24:53.980 [main] INFO  k.p.s.c.buildsystem.ProjectBuilder - main project[sample_test]'s config file overwrite task start
08:24:53.980 [main] INFO  k.p.s.c.buildsystem.ProjectBuilder - main project[sample_test]'s config file overwrite task end
08:24:53.980 [main] INFO  k.p.s.c.buildsystem.ProjectBuilder - main project[sample_test] changeProjectState method end
08:24:54.027 [main] INFO  k.p.s.c.buildsystem.ProjectBuilder - main project[sample_test]'s child direcotry creation task start
08:24:54.027 [main] INFO  k.p.s.c.buildsystem.ProjectBuilder - main project[sample_test]'s common child direcotry creation task start
08:24:54.027 [main] INFO  k.p.s.common.util.CommonStaticUtil - the new child relative direcotry[D:\gitsinnori\sinnori\project\sample_test][config] was created successfully
08:24:54.027 [main] INFO  k.p.s.common.util.CommonStaticUtil - the new child relative direcotry[D:\gitsinnori\sinnori\project\sample_test][resources/dbcp] was created successfully
08:24:54.027 [main] INFO  k.p.s.common.util.CommonStaticUtil - the new child relative direcotry[D:\gitsinnori\sinnori\project\sample_test][resources/message_info] was created successfully
08:24:54.027 [main] INFO  k.p.s.common.util.CommonStaticUtil - the new child relative direcotry[D:\gitsinnori\sinnori\project\sample_test][resources/rsa_keypair] was created successfully
08:24:54.027 [main] INFO  k.p.s.common.util.CommonStaticUtil - the new child relative direcotry[D:\gitsinnori\sinnori\project\sample_test][log/apache] was created successfully
08:24:54.027 [main] INFO  k.p.s.common.util.CommonStaticUtil - the new child relative direcotry[D:\gitsinnori\sinnori\project\sample_test][log/client] was created successfully
08:24:54.027 [main] INFO  k.p.s.common.util.CommonStaticUtil - the new child relative direcotry[D:\gitsinnori\sinnori\project\sample_test][log/server] was created successfully
08:24:54.027 [main] INFO  k.p.s.common.util.CommonStaticUtil - the new child relative direcotry[D:\gitsinnori\sinnori\project\sample_test][log/servlet] was created successfully
08:24:54.027 [main] INFO  k.p.s.c.buildsystem.ProjectBuilder - main project[sample_test]'s common child direcotry creation task end
08:24:54.027 [main] INFO  k.p.s.c.buildsystem.ProjectBuilder - main project[sample_test]'s server child direcotry creation task start
08:24:54.027 [main] INFO  k.p.s.common.util.CommonStaticUtil - the new child relative direcotry[D:\gitsinnori\sinnori\project\sample_test][server_build/APP-INF/classes] was created successfully
08:24:54.027 [main] INFO  k.p.s.common.util.CommonStaticUtil - the new child relative direcotry[D:\gitsinnori\sinnori\project\sample_test][server_build/corelib/ex] was created successfully
08:24:54.027 [main] INFO  k.p.s.common.util.CommonStaticUtil - the new child relative direcotry[D:\gitsinnori\sinnori\project\sample_test][server_build/corelib/in] was created successfully
08:24:54.027 [main] INFO  k.p.s.common.util.CommonStaticUtil - the new child relative direcotry[D:\gitsinnori\sinnori\project\sample_test][server_build/lib/main/ex] was created successfully
08:24:54.027 [main] INFO  k.p.s.common.util.CommonStaticUtil - the new child relative direcotry[D:\gitsinnori\sinnori\project\sample_test][server_build/lib/main/in] was created successfully
08:24:54.027 [main] INFO  k.p.s.common.util.CommonStaticUtil - the new child relative direcotry[D:\gitsinnori\sinnori\project\sample_test][server_build/lib/test] was created successfully
08:24:54.027 [main] INFO  k.p.s.common.util.CommonStaticUtil - the new child relative direcotry[D:\gitsinnori\sinnori\project\sample_test][server_build/src/main/java/kr/pe/sinnori/impl/servertask] was created successfully
08:24:54.027 [main] INFO  k.p.s.common.util.CommonStaticUtil - the new child relative direcotry[D:\gitsinnori\sinnori\project\sample_test][server_build/src/main/java/kr/pe/sinnori/impl/message] was created successfully
08:24:54.096 [main] INFO  k.p.s.common.util.CommonStaticUtil - the new child relative direcotry[D:\gitsinnori\sinnori\project\sample_test][server_build/src/main/java/main] was created successfully
08:24:54.096 [main] INFO  k.p.s.common.util.CommonStaticUtil - the new child relative direcotry[D:\gitsinnori\sinnori\project\sample_test][server_build/src/test/java] was created successfully
08:24:54.096 [main] INFO  k.p.s.common.util.CommonStaticUtil - the new child relative direcotry[D:\gitsinnori\sinnori\project\sample_test][server_build/build] was created successfully
08:24:54.096 [main] INFO  k.p.s.common.util.CommonStaticUtil - the new child relative direcotry[D:\gitsinnori\sinnori\project\sample_test][server_build/dist] was created successfully
08:24:54.096 [main] INFO  k.p.s.c.buildsystem.ProjectBuilder - main project[sample_test]'s server child direcotry creation task end
08:24:54.096 [main] INFO  k.p.s.c.buildsystem.ProjectBuilder - main project[sample_test]'s child direcotry creation task end
08:24:54.096 [main] INFO  k.p.s.c.buildsystem.ProjectBuilder - main project[sample_test]'s file creation task start
08:24:54.096 [main] INFO  k.p.s.c.buildsystem.ProjectBuilder - main project[sample_test]'s config file creation task start
08:24:54.096 [main] INFO  k.p.s.c.util.SequencedPropertiesUtil - the sequenced properties file[D:\gitsinnori\sinnori\project\sample_test\config\sinnori.properties] was created
08:24:54.111 [main] INFO  k.p.s.c.buildsystem.ProjectBuilder - main project[sample_test]'s config file creation task end
08:24:54.111 [main] INFO  k.p.s.c.buildsystem.ProjectBuilder - the mainproject[sample_test]'s resources directory copy task start
08:24:54.147 [main] INFO  k.p.s.c.buildsystem.ProjectBuilder - the mainproject[sample_test]'s resources directory copy task end
08:24:54.147 [main] INFO  k.p.s.c.buildsystem.ProjectBuilder - server build system files creation task start
08:24:54.147 [main] INFO  k.p.s.c.buildsystem.ProjectBuilder - main project[sample_test]'s server ant build.xml file creation task start
08:24:54.148 [main] INFO  k.p.s.c.buildsystem.ProjectBuilder - main project[sample_test]'s server ant build.xml file creation task end
08:24:54.148 [main] INFO  k.p.s.c.buildsystem.ProjectBuilder - main project[sample_test]'s server dos shell file creation task start
08:24:54.149 [main] INFO  k.p.s.c.buildsystem.ProjectBuilder - main project[sample_test]'s server dos shell file creation task end
08:24:54.149 [main] INFO  k.p.s.c.buildsystem.ProjectBuilder - main project[sample_test]'s server unix shell file creation task start
08:24:54.149 [main] INFO  k.p.s.c.buildsystem.ProjectBuilder - main project[sample_test]'s server unix shell file creation task end
08:24:54.149 [main] INFO  k.p.s.c.buildsystem.ProjectBuilder - server sample source files copy task start
08:24:54.149 [main] INFO  k.p.s.c.buildsystem.ProjectBuilder - server sample source files copy task end
08:24:54.149 [main] INFO  k.p.s.c.buildsystem.ProjectBuilder - main project[sample_test]'s server message io file set creation task start
08:24:54.149 [main] INFO  k.p.s.common.util.CommonStaticUtil - the new child relative direcotry[D:\gitsinnori\sinnori\project\sample_test\server_build\src\main\java\kr\pe\sinnori\impl\message][Echo] was created successfully
08:24:54.149 [main] INFO  k.p.s.c.buildsystem.ProjectBuilder - main project[sample_test]'s message file[Echo][D:\gitsinnori\sinnori\project\sample_test\server_build\src\main\java\kr\pe\sinnori\impl\message] creation task start
08:24:54.149 [main] INFO  k.p.s.c.buildsystem.ProjectBuilder - main project[sample_test]'s message file[Echo][D:\gitsinnori\sinnori\project\sample_test\server_build\src\main\java\kr\pe\sinnori\impl\message] creation task end
08:24:54.149 [main] INFO  k.p.s.c.buildsystem.ProjectBuilder - main project[sample_test]'s message decoder file[Echo][D:\gitsinnori\sinnori\project\sample_test\server_build\src\main\java\kr\pe\sinnori\impl\message] creation task start
08:24:54.149 [main] INFO  k.p.s.c.buildsystem.ProjectBuilder - main project[sample_test]'s message decoder file[Echo][D:\gitsinnori\sinnori\project\sample_test\server_build\src\main\java\kr\pe\sinnori\impl\message] creation task end
08:24:54.149 [main] INFO  k.p.s.c.buildsystem.ProjectBuilder - main project[sample_test]'s message encoder file[Echo][D:\gitsinnori\sinnori\project\sample_test\server_build\src\main\java\kr\pe\sinnori\impl\message] creation task start
08:24:54.165 [main] INFO  k.p.s.c.buildsystem.ProjectBuilder - main project[sample_test]'s message encoder file[Echo][D:\gitsinnori\sinnori\project\sample_test\server_build\src\main\java\kr\pe\sinnori\impl\message] creation task end
08:24:54.165 [main] INFO  k.p.s.c.buildsystem.ProjectBuilder - main project[sample_test]'s message server codec file[Echo][D:\gitsinnori\sinnori\project\sample_test\server_build\src\main\java\kr\pe\sinnori\impl\message] creation task start
08:24:54.165 [main] INFO  k.p.s.c.buildsystem.ProjectBuilder - main project[sample_test]'s message server codec file[Echo][D:\gitsinnori\sinnori\project\sample_test\server_build\src\main\java\kr\pe\sinnori\impl\message] creation task end
08:24:54.165 [main] INFO  k.p.s.c.buildsystem.ProjectBuilder - main project[sample_test]'s message client codec file[Echo][D:\gitsinnori\sinnori\project\sample_test\server_build\src\main\java\kr\pe\sinnori\impl\message] creation task start
08:24:54.165 [main] INFO  k.p.s.c.buildsystem.ProjectBuilder - main project[sample_test]'s message client codec file[Echo][D:\gitsinnori\sinnori\project\sample_test\server_build\src\main\java\kr\pe\sinnori\impl\message] creation task end
08:24:54.165 [main] INFO  k.p.s.common.util.CommonStaticUtil - the new child relative direcotry[D:\gitsinnori\sinnori\project\sample_test\server_build\src\main\java\kr\pe\sinnori\impl\message][PublicKeyReq] was created successfully
08:24:54.227 [main] INFO  k.p.s.c.buildsystem.ProjectBuilder - main project[sample_test]'s message file[PublicKeyReq][D:\gitsinnori\sinnori\project\sample_test\server_build\src\main\java\kr\pe\sinnori\impl\message] creation task start
08:24:54.227 [main] INFO  k.p.s.c.buildsystem.ProjectBuilder - main project[sample_test]'s message file[PublicKeyReq][D:\gitsinnori\sinnori\project\sample_test\server_build\src\main\java\kr\pe\sinnori\impl\message] creation task end
08:24:54.227 [main] INFO  k.p.s.c.buildsystem.ProjectBuilder - main project[sample_test]'s message decoder file[PublicKeyReq][D:\gitsinnori\sinnori\project\sample_test\server_build\src\main\java\kr\pe\sinnori\impl\message] creation task start
08:24:54.227 [main] INFO  k.p.s.c.buildsystem.ProjectBuilder - main project[sample_test]'s message decoder file[PublicKeyReq][D:\gitsinnori\sinnori\project\sample_test\server_build\src\main\java\kr\pe\sinnori\impl\message] creation task end
08:24:54.227 [main] INFO  k.p.s.c.buildsystem.ProjectBuilder - main project[sample_test]'s message encoder file[PublicKeyReq][D:\gitsinnori\sinnori\project\sample_test\server_build\src\main\java\kr\pe\sinnori\impl\message] creation task start
08:24:54.227 [main] INFO  k.p.s.c.buildsystem.ProjectBuilder - main project[sample_test]'s message encoder file[PublicKeyReq][D:\gitsinnori\sinnori\project\sample_test\server_build\src\main\java\kr\pe\sinnori\impl\message] creation task end
08:24:54.227 [main] INFO  k.p.s.c.buildsystem.ProjectBuilder - main project[sample_test]'s message server codec file[PublicKeyReq][D:\gitsinnori\sinnori\project\sample_test\server_build\src\main\java\kr\pe\sinnori\impl\message] creation task start
08:24:54.245 [main] INFO  k.p.s.c.buildsystem.ProjectBuilder - main project[sample_test]'s message server codec file[PublicKeyReq][D:\gitsinnori\sinnori\project\sample_test\server_build\src\main\java\kr\pe\sinnori\impl\message] creation task end
08:24:54.245 [main] INFO  k.p.s.c.buildsystem.ProjectBuilder - main project[sample_test]'s message client codec file[PublicKeyReq][D:\gitsinnori\sinnori\project\sample_test\server_build\src\main\java\kr\pe\sinnori\impl\message] creation task start
08:24:54.247 [main] INFO  k.p.s.c.buildsystem.ProjectBuilder - main project[sample_test]'s message client codec file[PublicKeyReq][D:\gitsinnori\sinnori\project\sample_test\server_build\src\main\java\kr\pe\sinnori\impl\message] creation task end
08:24:54.248 [main] INFO  k.p.s.common.util.CommonStaticUtil - the new child relative direcotry[D:\gitsinnori\sinnori\project\sample_test\server_build\src\main\java\kr\pe\sinnori\impl\message][PublicKeyRes] was created successfully
08:24:54.248 [main] INFO  k.p.s.c.buildsystem.ProjectBuilder - main project[sample_test]'s message file[PublicKeyRes][D:\gitsinnori\sinnori\project\sample_test\server_build\src\main\java\kr\pe\sinnori\impl\message] creation task start
08:24:54.249 [main] INFO  k.p.s.c.buildsystem.ProjectBuilder - main project[sample_test]'s message file[PublicKeyRes][D:\gitsinnori\sinnori\project\sample_test\server_build\src\main\java\kr\pe\sinnori\impl\message] creation task end
08:24:54.249 [main] INFO  k.p.s.c.buildsystem.ProjectBuilder - main project[sample_test]'s message decoder file[PublicKeyRes][D:\gitsinnori\sinnori\project\sample_test\server_build\src\main\java\kr\pe\sinnori\impl\message] creation task start
08:24:54.249 [main] INFO  k.p.s.c.buildsystem.ProjectBuilder - main project[sample_test]'s message decoder file[PublicKeyRes][D:\gitsinnori\sinnori\project\sample_test\server_build\src\main\java\kr\pe\sinnori\impl\message] creation task end
08:24:54.249 [main] INFO  k.p.s.c.buildsystem.ProjectBuilder - main project[sample_test]'s message encoder file[PublicKeyRes][D:\gitsinnori\sinnori\project\sample_test\server_build\src\main\java\kr\pe\sinnori\impl\message] creation task start
08:24:54.249 [main] INFO  k.p.s.c.buildsystem.ProjectBuilder - main project[sample_test]'s message encoder file[PublicKeyRes][D:\gitsinnori\sinnori\project\sample_test\server_build\src\main\java\kr\pe\sinnori\impl\message] creation task end
08:24:54.249 [main] INFO  k.p.s.c.buildsystem.ProjectBuilder - main project[sample_test]'s message server codec file[PublicKeyRes][D:\gitsinnori\sinnori\project\sample_test\server_build\src\main\java\kr\pe\sinnori\impl\message] creation task start
08:24:54.249 [main] INFO  k.p.s.c.buildsystem.ProjectBuilder - main project[sample_test]'s message server codec file[PublicKeyRes][D:\gitsinnori\sinnori\project\sample_test\server_build\src\main\java\kr\pe\sinnori\impl\message] creation task end
08:24:54.249 [main] INFO  k.p.s.c.buildsystem.ProjectBuilder - main project[sample_test]'s message client codec file[PublicKeyRes][D:\gitsinnori\sinnori\project\sample_test\server_build\src\main\java\kr\pe\sinnori\impl\message] creation task start
08:24:54.265 [main] INFO  k.p.s.c.buildsystem.ProjectBuilder - main project[sample_test]'s message client codec file[PublicKeyRes][D:\gitsinnori\sinnori\project\sample_test\server_build\src\main\java\kr\pe\sinnori\impl\message] creation task end
08:24:54.265 [main] INFO  k.p.s.c.buildsystem.ProjectBuilder - main project[sample_test]'s server message io file set creation task end
08:24:54.265 [main] INFO  k.p.s.c.buildsystem.ProjectBuilder - server build system files creation task end
08:24:54.265 [main] INFO  k.p.s.c.buildsystem.ProjectBuilder - main project[sample_test]'s file creation task end
08:24:54.265 [main] INFO  k.p.s.c.config.SinnoriConfiguration - item key[sessionkey.rsa.publickey.file.value]'s value is null because its status is inactive
08:24:54.265 [main] INFO  k.p.s.c.config.SinnoriConfiguration - item key[sessionkey.rsa.privatekey.file.value]'s value is null because its status is inactive
08:24:54.265 [main] INFO  k.p.s.c.buildsystem.ProjectBuilder - main project[sample_test] changeProjectState method start
08:24:54.265 [main] INFO  k.p.s.c.buildsystem.ProjectBuilder - mainproject[sample_test]'s server build path deletion task start
08:24:54.281 [main] INFO  k.p.s.c.buildsystem.ProjectBuilder - mainproject[sample_test]'s server build path deletion task end
08:24:54.281 [main] INFO  k.p.s.c.buildsystem.ProjectBuilder - the app client ant build.xml file[D:\gitsinnori\sinnori\project\sample_test\client_build\app_build\build.xml] is bad :: whetherExist[false] isFile[false]
08:24:54.281 [main] WARN  k.p.s.c.buildsystem.ProjectBuilder - the app client buid.xml file[D:\gitsinnori\sinnori\project\sample_test\client_build\app_build\build.xml] is bad beacse it doesn't exist or is not a file, so skip deletion of app client build system
08:24:54.281 [main] INFO  k.p.s.c.buildsystem.ProjectBuilder - main project[sample_test]'s web build child direcotry creation task start
08:24:54.281 [main] INFO  k.p.s.common.util.CommonStaticUtil - the new child relative direcotry[D:\gitsinnori\sinnori\project\sample_test][client_build/web_build/corelib/ex] was created successfully
08:24:54.281 [main] INFO  k.p.s.common.util.CommonStaticUtil - the new child relative direcotry[D:\gitsinnori\sinnori\project\sample_test][client_build/web_build/corelib/in] was created successfully
08:24:54.281 [main] INFO  k.p.s.common.util.CommonStaticUtil - the new child relative direcotry[D:\gitsinnori\sinnori\project\sample_test][client_build/web_build/lib/main/ex] was created successfully
08:24:54.281 [main] INFO  k.p.s.common.util.CommonStaticUtil - the new child relative direcotry[D:\gitsinnori\sinnori\project\sample_test][client_build/web_build/lib/main/in] was created successfully
08:24:54.281 [main] INFO  k.p.s.common.util.CommonStaticUtil - the new child relative direcotry[D:\gitsinnori\sinnori\project\sample_test][client_build/web_build/lib/test] was created successfully
08:24:54.281 [main] INFO  k.p.s.common.util.CommonStaticUtil - the new child relative direcotry[D:\gitsinnori\sinnori\project\sample_test][client_build/web_build/src/main/java/kr/pe/sinnori/impl/message] was created successfully
08:24:54.281 [main] INFO  k.p.s.common.util.CommonStaticUtil - the new child relative direcotry[D:\gitsinnori\sinnori\project\sample_test][client_build/web_build/src/main/java//kr/pe/sinnori/servlet] was created successfully
08:24:54.281 [main] INFO  k.p.s.common.util.CommonStaticUtil - the new child relative direcotry[D:\gitsinnori\sinnori\project\sample_test][client_build/web_build/src/main/java/kr/pe/sinnori/weblib/common] was created successfully
08:24:54.281 [main] INFO  k.p.s.common.util.CommonStaticUtil - the new child relative direcotry[D:\gitsinnori\sinnori\project\sample_test][client_build/web_build/src/main/java/kr/pe/sinnori/weblib/htmlstring] was created successfully
08:24:54.281 [main] INFO  k.p.s.common.util.CommonStaticUtil - the new child relative direcotry[D:\gitsinnori\sinnori\project\sample_test][client_build/web_build/src/main/java/kr/pe/sinnori/weblib/jdf] was created successfully
08:24:54.281 [main] INFO  k.p.s.common.util.CommonStaticUtil - the new child relative direcotry[D:\gitsinnori\sinnori\project\sample_test][client_build/web_build/src/test/java] was created successfully
08:24:54.281 [main] INFO  k.p.s.common.util.CommonStaticUtil - the new child relative direcotry[D:\gitsinnori\sinnori\project\sample_test][client_build/web_build/build] was created successfully
08:24:54.281 [main] INFO  k.p.s.common.util.CommonStaticUtil - the new child relative direcotry[D:\gitsinnori\sinnori\project\sample_test][client_build/web_build/dist] was created successfully
08:24:54.281 [main] INFO  k.p.s.c.buildsystem.ProjectBuilder - main project[sample_test]'s web build child direcotry creation task end
08:24:54.281 [main] INFO  k.p.s.c.buildsystem.ProjectBuilder - main project[sample_test]'s web client build system files creation task start
08:24:54.281 [main] INFO  k.p.s.c.buildsystem.ProjectBuilder - main project[sample_test]'s web client ant build.xml file creation task start
08:24:54.281 [main] INFO  k.p.s.c.buildsystem.ProjectBuilder - main project[sample_test]'s web client ant build.xml file creation task end
08:24:54.281 [main] INFO  k.p.s.c.buildsystem.ProjectBuilder - main project[sample_test]'s web client ant properties file creation task start
08:24:54.381 [main] INFO  k.p.s.c.util.SequencedPropertiesUtil - the sequenced properties file[D:\gitsinnori\sinnori\project\sample_test\client_build\web_build\webAnt.properties] was created
08:24:54.381 [main] INFO  k.p.s.c.buildsystem.ProjectBuilder - main project[sample_test]'s web client ant properties file creation task end
08:24:54.381 [main] INFO  k.p.s.c.buildsystem.ProjectBuilder - main project[sample_test]'s web client message io file set creation task start
08:24:54.381 [main] INFO  k.p.s.common.util.CommonStaticUtil - the new child relative direcotry[D:\gitsinnori\sinnori\project\sample_test\client_build\web_build\src\main\java\kr\pe\sinnori\impl\message][Echo] was created successfully
08:24:54.381 [main] INFO  k.p.s.c.buildsystem.ProjectBuilder - main project[sample_test]'s message file[Echo][D:\gitsinnori\sinnori\project\sample_test\client_build\web_build\src\main\java\kr\pe\sinnori\impl\message] creation task start
08:24:54.381 [main] INFO  k.p.s.c.buildsystem.ProjectBuilder - main project[sample_test]'s message file[Echo][D:\gitsinnori\sinnori\project\sample_test\client_build\web_build\src\main\java\kr\pe\sinnori\impl\message] creation task end
08:24:54.381 [main] INFO  k.p.s.c.buildsystem.ProjectBuilder - main project[sample_test]'s message decoder file[Echo][D:\gitsinnori\sinnori\project\sample_test\client_build\web_build\src\main\java\kr\pe\sinnori\impl\message] creation task start
08:24:54.381 [main] INFO  k.p.s.c.buildsystem.ProjectBuilder - main project[sample_test]'s message decoder file[Echo][D:\gitsinnori\sinnori\project\sample_test\client_build\web_build\src\main\java\kr\pe\sinnori\impl\message] creation task end
08:24:54.381 [main] INFO  k.p.s.c.buildsystem.ProjectBuilder - main project[sample_test]'s message encoder file[Echo][D:\gitsinnori\sinnori\project\sample_test\client_build\web_build\src\main\java\kr\pe\sinnori\impl\message] creation task start
08:24:54.396 [main] INFO  k.p.s.c.buildsystem.ProjectBuilder - main project[sample_test]'s message encoder file[Echo][D:\gitsinnori\sinnori\project\sample_test\client_build\web_build\src\main\java\kr\pe\sinnori\impl\message] creation task end
08:24:54.396 [main] INFO  k.p.s.c.buildsystem.ProjectBuilder - main project[sample_test]'s message server codec file[Echo][D:\gitsinnori\sinnori\project\sample_test\client_build\web_build\src\main\java\kr\pe\sinnori\impl\message] creation task start
08:24:54.396 [main] INFO  k.p.s.c.buildsystem.ProjectBuilder - main project[sample_test]'s message server codec file[Echo][D:\gitsinnori\sinnori\project\sample_test\client_build\web_build\src\main\java\kr\pe\sinnori\impl\message] creation task end
08:24:54.396 [main] INFO  k.p.s.c.buildsystem.ProjectBuilder - main project[sample_test]'s message client codec file[Echo][D:\gitsinnori\sinnori\project\sample_test\client_build\web_build\src\main\java\kr\pe\sinnori\impl\message] creation task start
08:24:54.396 [main] INFO  k.p.s.c.buildsystem.ProjectBuilder - main project[sample_test]'s message client codec file[Echo][D:\gitsinnori\sinnori\project\sample_test\client_build\web_build\src\main\java\kr\pe\sinnori\impl\message] creation task end
08:24:54.396 [main] INFO  k.p.s.common.util.CommonStaticUtil - the new child relative direcotry[D:\gitsinnori\sinnori\project\sample_test\client_build\web_build\src\main\java\kr\pe\sinnori\impl\message][PublicKeyReq] was created successfully
08:24:54.396 [main] INFO  k.p.s.c.buildsystem.ProjectBuilder - main project[sample_test]'s message file[PublicKeyReq][D:\gitsinnori\sinnori\project\sample_test\client_build\web_build\src\main\java\kr\pe\sinnori\impl\message] creation task start
08:24:54.396 [main] INFO  k.p.s.c.buildsystem.ProjectBuilder - main project[sample_test]'s message file[PublicKeyReq][D:\gitsinnori\sinnori\project\sample_test\client_build\web_build\src\main\java\kr\pe\sinnori\impl\message] creation task end
08:24:54.396 [main] INFO  k.p.s.c.buildsystem.ProjectBuilder - main project[sample_test]'s message decoder file[PublicKeyReq][D:\gitsinnori\sinnori\project\sample_test\client_build\web_build\src\main\java\kr\pe\sinnori\impl\message] creation task start
08:24:54.396 [main] INFO  k.p.s.c.buildsystem.ProjectBuilder - main project[sample_test]'s message decoder file[PublicKeyReq][D:\gitsinnori\sinnori\project\sample_test\client_build\web_build\src\main\java\kr\pe\sinnori\impl\message] creation task end
08:24:54.396 [main] INFO  k.p.s.c.buildsystem.ProjectBuilder - main project[sample_test]'s message encoder file[PublicKeyReq][D:\gitsinnori\sinnori\project\sample_test\client_build\web_build\src\main\java\kr\pe\sinnori\impl\message] creation task start
08:24:54.412 [main] INFO  k.p.s.c.buildsystem.ProjectBuilder - main project[sample_test]'s message encoder file[PublicKeyReq][D:\gitsinnori\sinnori\project\sample_test\client_build\web_build\src\main\java\kr\pe\sinnori\impl\message] creation task end
08:24:54.412 [main] INFO  k.p.s.c.buildsystem.ProjectBuilder - main project[sample_test]'s message server codec file[PublicKeyReq][D:\gitsinnori\sinnori\project\sample_test\client_build\web_build\src\main\java\kr\pe\sinnori\impl\message] creation task start
08:24:54.481 [main] INFO  k.p.s.c.buildsystem.ProjectBuilder - main project[sample_test]'s message server codec file[PublicKeyReq][D:\gitsinnori\sinnori\project\sample_test\client_build\web_build\src\main\java\kr\pe\sinnori\impl\message] creation task end
08:24:54.481 [main] INFO  k.p.s.c.buildsystem.ProjectBuilder - main project[sample_test]'s message client codec file[PublicKeyReq][D:\gitsinnori\sinnori\project\sample_test\client_build\web_build\src\main\java\kr\pe\sinnori\impl\message] creation task start
08:24:54.481 [main] INFO  k.p.s.c.buildsystem.ProjectBuilder - main project[sample_test]'s message client codec file[PublicKeyReq][D:\gitsinnori\sinnori\project\sample_test\client_build\web_build\src\main\java\kr\pe\sinnori\impl\message] creation task end
08:24:54.481 [main] INFO  k.p.s.common.util.CommonStaticUtil - the new child relative direcotry[D:\gitsinnori\sinnori\project\sample_test\client_build\web_build\src\main\java\kr\pe\sinnori\impl\message][PublicKeyRes] was created successfully
08:24:54.481 [main] INFO  k.p.s.c.buildsystem.ProjectBuilder - main project[sample_test]'s message file[PublicKeyRes][D:\gitsinnori\sinnori\project\sample_test\client_build\web_build\src\main\java\kr\pe\sinnori\impl\message] creation task start
08:24:54.497 [main] INFO  k.p.s.c.buildsystem.ProjectBuilder - main project[sample_test]'s message file[PublicKeyRes][D:\gitsinnori\sinnori\project\sample_test\client_build\web_build\src\main\java\kr\pe\sinnori\impl\message] creation task end
08:24:54.497 [main] INFO  k.p.s.c.buildsystem.ProjectBuilder - main project[sample_test]'s message decoder file[PublicKeyRes][D:\gitsinnori\sinnori\project\sample_test\client_build\web_build\src\main\java\kr\pe\sinnori\impl\message] creation task start
08:24:54.497 [main] INFO  k.p.s.c.buildsystem.ProjectBuilder - main project[sample_test]'s message decoder file[PublicKeyRes][D:\gitsinnori\sinnori\project\sample_test\client_build\web_build\src\main\java\kr\pe\sinnori\impl\message] creation task end
08:24:54.497 [main] INFO  k.p.s.c.buildsystem.ProjectBuilder - main project[sample_test]'s message encoder file[PublicKeyRes][D:\gitsinnori\sinnori\project\sample_test\client_build\web_build\src\main\java\kr\pe\sinnori\impl\message] creation task start
08:24:54.497 [main] INFO  k.p.s.c.buildsystem.ProjectBuilder - main project[sample_test]'s message encoder file[PublicKeyRes][D:\gitsinnori\sinnori\project\sample_test\client_build\web_build\src\main\java\kr\pe\sinnori\impl\message] creation task end
08:24:54.497 [main] INFO  k.p.s.c.buildsystem.ProjectBuilder - main project[sample_test]'s message server codec file[PublicKeyRes][D:\gitsinnori\sinnori\project\sample_test\client_build\web_build\src\main\java\kr\pe\sinnori\impl\message] creation task start
08:24:54.497 [main] INFO  k.p.s.c.buildsystem.ProjectBuilder - main project[sample_test]'s message server codec file[PublicKeyRes][D:\gitsinnori\sinnori\project\sample_test\client_build\web_build\src\main\java\kr\pe\sinnori\impl\message] creation task end
08:24:54.497 [main] INFO  k.p.s.c.buildsystem.ProjectBuilder - main project[sample_test]'s message client codec file[PublicKeyRes][D:\gitsinnori\sinnori\project\sample_test\client_build\web_build\src\main\java\kr\pe\sinnori\impl\message] creation task start
08:24:54.512 [main] INFO  k.p.s.c.buildsystem.ProjectBuilder - main project[sample_test]'s message client codec file[PublicKeyRes][D:\gitsinnori\sinnori\project\sample_test\client_build\web_build\src\main\java\kr\pe\sinnori\impl\message] creation task end
08:24:54.512 [main] INFO  k.p.s.c.buildsystem.ProjectBuilder - main project[sample_test]'s web client message io file set creation task end
08:24:54.512 [main] INFO  k.p.s.c.buildsystem.ProjectBuilder - mainproject[sample_test]'s web client sample source files copy task start
08:24:54.565 [main] INFO  k.p.s.c.buildsystem.ProjectBuilder - mainproject[sample_test]'s web client sample source files copy task end
08:24:54.565 [main] INFO  k.p.s.c.buildsystem.ProjectBuilder - main project[sample_test]'s web client build system files creation task end
08:24:54.565 [main] INFO  k.p.s.c.buildsystem.ProjectBuilder - main project[sample_test]'s web root child direcotry creation task start
08:24:54.565 [main] INFO  k.p.s.common.util.CommonStaticUtil - the new child relative direcotry[D:\gitsinnori\sinnori\project\sample_test][web_app_base/upload] was created successfully
08:24:54.581 [main] INFO  k.p.s.common.util.CommonStaticUtil - the new child relative direcotry[D:\gitsinnori\sinnori\project\sample_test][web_app_base/ROOT/WEB-INF/classes] was created successfully
08:24:54.581 [main] INFO  k.p.s.common.util.CommonStaticUtil - the new child relative direcotry[D:\gitsinnori\sinnori\project\sample_test][web_app_base/ROOT/WEB-INF/lib] was created successfully
08:24:54.581 [main] INFO  k.p.s.c.buildsystem.ProjectBuilder - main project[sample_test]'s web root child direcotry creation task end
08:24:54.581 [main] INFO  k.p.s.c.buildsystem.ProjectBuilder - main project[sample_test]'s web root sample files creation task start
08:24:54.581 [main] INFO  k.p.s.c.buildsystem.ProjectBuilder - main project[sample_test]'s web root sample files copy task start
08:24:54.581 [main] INFO  k.p.s.c.buildsystem.ProjectBuilder - main project[sample_test]'s web root sample files copy task end
08:24:54.581 [main] INFO  k.p.s.c.buildsystem.ProjectBuilder - main project[sample_test]'s web root sample files creation task end
08:24:54.581 [main] INFO  k.p.s.c.buildsystem.ProjectBuilder - main project[sample_test]'s config file overwrite task start
08:24:54.581 [main] INFO  k.p.s.c.buildsystem.ProjectBuilder - main project[sample_test]'s config file overwrite task end
08:24:54.581 [main] INFO  k.p.s.c.buildsystem.ProjectBuilder - main project[sample_test] changeProjectState method end
08:24:54.581 [main] INFO  k.p.s.c.buildsystem.ProjectBuilder - the server ant build.xml file[D:\gitsinnori\sinnori\project\sample_test\server_build\build.xml] is bad :: whetherExist[false] isFile[false]
08:24:54.581 [main] INFO  k.p.s.c.buildsystem.ProjectBuilder - the app client ant build.xml file[D:\gitsinnori\sinnori\project\sample_test\client_build\app_build\build.xml] is bad :: whetherExist[false] isFile[false]
08:24:54.581 [main] INFO  k.p.s.c.buildsystem.ProjectBuilder - main project[sample_test] changeProjectState method start
08:24:54.581 [main] INFO  k.p.s.c.buildsystem.ProjectBuilder - the server ant build.xml file[D:\gitsinnori\sinnori\project\sample_test\server_build\build.xml] is bad :: whetherExist[false] isFile[false]
08:24:54.581 [main] WARN  k.p.s.c.buildsystem.ProjectBuilder - the server buid.xml file[D:\gitsinnori\sinnori\project\sample_test\server_build\build.xml] is bad beacse it doesn't exist or is not a file, so skip deletion of server build system
08:24:54.581 [main] INFO  k.p.s.c.buildsystem.ProjectBuilder - main project[sample_test]'s application build child direcotry creation task start
08:24:54.581 [main] INFO  k.p.s.common.util.CommonStaticUtil - the new child relative direcotry[D:\gitsinnori\sinnori\project\sample_test][client_build/app_build/corelib/ex] was created successfully
08:24:54.581 [main] INFO  k.p.s.common.util.CommonStaticUtil - the new child relative direcotry[D:\gitsinnori\sinnori\project\sample_test][client_build/app_build/corelib/in] was created successfully
08:24:54.581 [main] INFO  k.p.s.common.util.CommonStaticUtil - the new child relative direcotry[D:\gitsinnori\sinnori\project\sample_test][client_build/app_build/lib/main/ex] was created successfully
08:24:54.628 [main] INFO  k.p.s.common.util.CommonStaticUtil - the new child relative direcotry[D:\gitsinnori\sinnori\project\sample_test][client_build/app_build/lib/main/in] was created successfully
08:24:54.628 [main] INFO  k.p.s.common.util.CommonStaticUtil - the new child relative direcotry[D:\gitsinnori\sinnori\project\sample_test][client_build/app_build/lib/test] was created successfully
08:24:54.628 [main] INFO  k.p.s.common.util.CommonStaticUtil - the new child relative direcotry[D:\gitsinnori\sinnori\project\sample_test][client_build/app_build/src/main/java/kr/pe/sinnori/impl/message] was created successfully
08:24:54.628 [main] INFO  k.p.s.common.util.CommonStaticUtil - the new child relative direcotry[D:\gitsinnori\sinnori\project\sample_test][client_build/app_build/src/main/java/main] was created successfully
08:24:54.628 [main] INFO  k.p.s.common.util.CommonStaticUtil - the new child relative direcotry[D:\gitsinnori\sinnori\project\sample_test][client_build/app_build/src/test/java] was created successfully
08:24:54.628 [main] INFO  k.p.s.common.util.CommonStaticUtil - the new child relative direcotry[D:\gitsinnori\sinnori\project\sample_test][client_build/app_build/build] was created successfully
08:24:54.628 [main] INFO  k.p.s.common.util.CommonStaticUtil - the new child relative direcotry[D:\gitsinnori\sinnori\project\sample_test][client_build/app_build/dist] was created successfully
08:24:54.628 [main] INFO  k.p.s.c.buildsystem.ProjectBuilder - main project[sample_test]'s application build child direcotry creation task end
08:24:54.628 [main] INFO  k.p.s.c.buildsystem.ProjectBuilder - mainproject[sample_test]'s application client build system files creation task start
08:24:54.628 [main] INFO  k.p.s.c.buildsystem.ProjectBuilder - main project[sample_test]'s application client ant build.xml file creation task start
08:24:54.645 [main] INFO  k.p.s.c.buildsystem.ProjectBuilder - main project[sample_test]'s application client ant build.xml file creation task end
08:24:54.645 [main] INFO  k.p.s.c.buildsystem.ProjectBuilder - main project[sample_test]'s application client dos shell file creation task start
08:24:54.648 [main] INFO  k.p.s.c.buildsystem.ProjectBuilder - main project[sample_test]'s application client dos shell file creation task end
08:24:54.649 [main] INFO  k.p.s.c.buildsystem.ProjectBuilder - main project[sample_test]'s application client unix shell file creation task start
08:24:54.650 [main] INFO  k.p.s.c.buildsystem.ProjectBuilder - main project[sample_test]'s application client unix shell file creation task end
08:24:54.650 [main] INFO  k.p.s.c.buildsystem.ProjectBuilder - application client sample source files copy task start
08:24:54.665 [main] INFO  k.p.s.c.buildsystem.ProjectBuilder - application client sample source files copy task end
08:24:54.665 [main] INFO  k.p.s.c.buildsystem.ProjectBuilder - main project[sample_test]'s application client message io file set creation task start
08:24:54.665 [main] INFO  k.p.s.common.util.CommonStaticUtil - the new child relative direcotry[D:\gitsinnori\sinnori\project\sample_test\client_build\app_build\src\main\java\kr\pe\sinnori\impl\message][Echo] was created successfully
08:24:54.665 [main] INFO  k.p.s.c.buildsystem.ProjectBuilder - main project[sample_test]'s message file[Echo][D:\gitsinnori\sinnori\project\sample_test\client_build\app_build\src\main\java\kr\pe\sinnori\impl\message] creation task start
08:24:54.665 [main] INFO  k.p.s.c.buildsystem.ProjectBuilder - main project[sample_test]'s message file[Echo][D:\gitsinnori\sinnori\project\sample_test\client_build\app_build\src\main\java\kr\pe\sinnori\impl\message] creation task end
08:24:54.665 [main] INFO  k.p.s.c.buildsystem.ProjectBuilder - main project[sample_test]'s message decoder file[Echo][D:\gitsinnori\sinnori\project\sample_test\client_build\app_build\src\main\java\kr\pe\sinnori\impl\message] creation task start
08:24:54.665 [main] INFO  k.p.s.c.buildsystem.ProjectBuilder - main project[sample_test]'s message decoder file[Echo][D:\gitsinnori\sinnori\project\sample_test\client_build\app_build\src\main\java\kr\pe\sinnori\impl\message] creation task end
08:24:54.665 [main] INFO  k.p.s.c.buildsystem.ProjectBuilder - main project[sample_test]'s message encoder file[Echo][D:\gitsinnori\sinnori\project\sample_test\client_build\app_build\src\main\java\kr\pe\sinnori\impl\message] creation task start
08:24:54.681 [main] INFO  k.p.s.c.buildsystem.ProjectBuilder - main project[sample_test]'s message encoder file[Echo][D:\gitsinnori\sinnori\project\sample_test\client_build\app_build\src\main\java\kr\pe\sinnori\impl\message] creation task end
08:24:54.681 [main] INFO  k.p.s.c.buildsystem.ProjectBuilder - main project[sample_test]'s message server codec file[Echo][D:\gitsinnori\sinnori\project\sample_test\client_build\app_build\src\main\java\kr\pe\sinnori\impl\message] creation task start
08:24:54.681 [main] INFO  k.p.s.c.buildsystem.ProjectBuilder - main project[sample_test]'s message server codec file[Echo][D:\gitsinnori\sinnori\project\sample_test\client_build\app_build\src\main\java\kr\pe\sinnori\impl\message] creation task end
08:24:54.681 [main] INFO  k.p.s.c.buildsystem.ProjectBuilder - main project[sample_test]'s message client codec file[Echo][D:\gitsinnori\sinnori\project\sample_test\client_build\app_build\src\main\java\kr\pe\sinnori\impl\message] creation task start
08:24:54.681 [main] INFO  k.p.s.c.buildsystem.ProjectBuilder - main project[sample_test]'s message client codec file[Echo][D:\gitsinnori\sinnori\project\sample_test\client_build\app_build\src\main\java\kr\pe\sinnori\impl\message] creation task end
08:24:54.681 [main] INFO  k.p.s.common.util.CommonStaticUtil - the new child relative direcotry[D:\gitsinnori\sinnori\project\sample_test\client_build\app_build\src\main\java\kr\pe\sinnori\impl\message][PublicKeyReq] was created successfully
08:24:54.681 [main] INFO  k.p.s.c.buildsystem.ProjectBuilder - main project[sample_test]'s message file[PublicKeyReq][D:\gitsinnori\sinnori\project\sample_test\client_build\app_build\src\main\java\kr\pe\sinnori\impl\message] creation task start
08:24:54.681 [main] INFO  k.p.s.c.buildsystem.ProjectBuilder - main project[sample_test]'s message file[PublicKeyReq][D:\gitsinnori\sinnori\project\sample_test\client_build\app_build\src\main\java\kr\pe\sinnori\impl\message] creation task end
08:24:54.681 [main] INFO  k.p.s.c.buildsystem.ProjectBuilder - main project[sample_test]'s message decoder file[PublicKeyReq][D:\gitsinnori\sinnori\project\sample_test\client_build\app_build\src\main\java\kr\pe\sinnori\impl\message] creation task start
08:24:54.697 [main] INFO  k.p.s.c.buildsystem.ProjectBuilder - main project[sample_test]'s message decoder file[PublicKeyReq][D:\gitsinnori\sinnori\project\sample_test\client_build\app_build\src\main\java\kr\pe\sinnori\impl\message] creation task end
08:24:54.697 [main] INFO  k.p.s.c.buildsystem.ProjectBuilder - main project[sample_test]'s message encoder file[PublicKeyReq][D:\gitsinnori\sinnori\project\sample_test\client_build\app_build\src\main\java\kr\pe\sinnori\impl\message] creation task start
08:24:54.697 [main] INFO  k.p.s.c.buildsystem.ProjectBuilder - main project[sample_test]'s message encoder file[PublicKeyReq][D:\gitsinnori\sinnori\project\sample_test\client_build\app_build\src\main\java\kr\pe\sinnori\impl\message] creation task end
08:24:54.697 [main] INFO  k.p.s.c.buildsystem.ProjectBuilder - main project[sample_test]'s message server codec file[PublicKeyReq][D:\gitsinnori\sinnori\project\sample_test\client_build\app_build\src\main\java\kr\pe\sinnori\impl\message] creation task start
08:24:54.780 [main] INFO  k.p.s.c.buildsystem.ProjectBuilder - main project[sample_test]'s message server codec file[PublicKeyReq][D:\gitsinnori\sinnori\project\sample_test\client_build\app_build\src\main\java\kr\pe\sinnori\impl\message] creation task end
08:24:54.780 [main] INFO  k.p.s.c.buildsystem.ProjectBuilder - main project[sample_test]'s message client codec file[PublicKeyReq][D:\gitsinnori\sinnori\project\sample_test\client_build\app_build\src\main\java\kr\pe\sinnori\impl\message] creation task start
08:24:54.780 [main] INFO  k.p.s.c.buildsystem.ProjectBuilder - main project[sample_test]'s message client codec file[PublicKeyReq][D:\gitsinnori\sinnori\project\sample_test\client_build\app_build\src\main\java\kr\pe\sinnori\impl\message] creation task end
08:24:54.780 [main] INFO  k.p.s.common.util.CommonStaticUtil - the new child relative direcotry[D:\gitsinnori\sinnori\project\sample_test\client_build\app_build\src\main\java\kr\pe\sinnori\impl\message][PublicKeyRes] was created successfully
08:24:54.780 [main] INFO  k.p.s.c.buildsystem.ProjectBuilder - main project[sample_test]'s message file[PublicKeyRes][D:\gitsinnori\sinnori\project\sample_test\client_build\app_build\src\main\java\kr\pe\sinnori\impl\message] creation task start
08:24:54.796 [main] INFO  k.p.s.c.buildsystem.ProjectBuilder - main project[sample_test]'s message file[PublicKeyRes][D:\gitsinnori\sinnori\project\sample_test\client_build\app_build\src\main\java\kr\pe\sinnori\impl\message] creation task end
08:24:54.796 [main] INFO  k.p.s.c.buildsystem.ProjectBuilder - main project[sample_test]'s message decoder file[PublicKeyRes][D:\gitsinnori\sinnori\project\sample_test\client_build\app_build\src\main\java\kr\pe\sinnori\impl\message] creation task start
08:24:54.796 [main] INFO  k.p.s.c.buildsystem.ProjectBuilder - main project[sample_test]'s message decoder file[PublicKeyRes][D:\gitsinnori\sinnori\project\sample_test\client_build\app_build\src\main\java\kr\pe\sinnori\impl\message] creation task end
08:24:54.796 [main] INFO  k.p.s.c.buildsystem.ProjectBuilder - main project[sample_test]'s message encoder file[PublicKeyRes][D:\gitsinnori\sinnori\project\sample_test\client_build\app_build\src\main\java\kr\pe\sinnori\impl\message] creation task start
08:24:54.812 [main] INFO  k.p.s.c.buildsystem.ProjectBuilder - main project[sample_test]'s message encoder file[PublicKeyRes][D:\gitsinnori\sinnori\project\sample_test\client_build\app_build\src\main\java\kr\pe\sinnori\impl\message] creation task end
08:24:54.812 [main] INFO  k.p.s.c.buildsystem.ProjectBuilder - main project[sample_test]'s message server codec file[PublicKeyRes][D:\gitsinnori\sinnori\project\sample_test\client_build\app_build\src\main\java\kr\pe\sinnori\impl\message] creation task start
08:24:54.812 [main] INFO  k.p.s.c.buildsystem.ProjectBuilder - main project[sample_test]'s message server codec file[PublicKeyRes][D:\gitsinnori\sinnori\project\sample_test\client_build\app_build\src\main\java\kr\pe\sinnori\impl\message] creation task end
08:24:54.812 [main] INFO  k.p.s.c.buildsystem.ProjectBuilder - main project[sample_test]'s message client codec file[PublicKeyRes][D:\gitsinnori\sinnori\project\sample_test\client_build\app_build\src\main\java\kr\pe\sinnori\impl\message] creation task start
08:24:54.812 [main] INFO  k.p.s.c.buildsystem.ProjectBuilder - main project[sample_test]'s message client codec file[PublicKeyRes][D:\gitsinnori\sinnori\project\sample_test\client_build\app_build\src\main\java\kr\pe\sinnori\impl\message] creation task end
08:24:54.812 [main] INFO  k.p.s.c.buildsystem.ProjectBuilder - main project[sample_test]'s application client message io file set creation task end
08:24:54.812 [main] INFO  k.p.s.c.buildsystem.ProjectBuilder - mainproject[sample_test]'s application client build system files creation task end
08:24:54.812 [main] INFO  k.p.s.c.buildsystem.ProjectBuilder - main project[sample_test]'s web client build path deletion task start
08:24:54.827 [main] INFO  k.p.s.c.buildsystem.ProjectBuilder - main project[sample_test]'s web client build path deletion task end
08:24:54.827 [main] INFO  k.p.s.c.buildsystem.ProjectBuilder - main project[sample_test]'s web root path deletion task start
08:24:54.844 [main] INFO  k.p.s.c.buildsystem.ProjectBuilder - main project[sample_test]'s web root path deletion task end
08:24:54.844 [main] INFO  k.p.s.c.buildsystem.ProjectBuilder - main project[sample_test]'s config file overwrite task start
08:24:54.848 [main] INFO  k.p.s.c.buildsystem.ProjectBuilder - main project[sample_test]'s config file overwrite task end
08:24:54.848 [main] INFO  k.p.s.c.buildsystem.ProjectBuilder - main project[sample_test] changeProjectState method end
08:24:54.848 [main] INFO  k.p.s.c.buildsystem.ProjectBuilder - the server ant build.xml file[D:\gitsinnori\sinnori\project\sample_test\server_build\build.xml] is bad :: whetherExist[false] isFile[false]
08:24:54.848 [main] INFO  k.p.s.c.buildsystem.ProjectBuilder - the web client ant build.xml file[D:\gitsinnori\sinnori\project\sample_test\client_build\web_build\build.xml] is bad :: whetherExist[false] isFile[false]
08:24:54.848 [main] INFO  k.p.s.c.buildsystem.ProjectBuilder - the web.xml file[D:\gitsinnori\sinnori\project\sample_test\web_app_base\ROOT\WEB-INF\web.xml] located at web root directory is bad :: whetherExist[false] isFile[false]
08:24:54.848 [main] INFO  k.p.s.c.buildsystem.ProjectBuilder - main project[sample_test] changeProjectState method start
08:24:54.848 [main] INFO  k.p.s.c.buildsystem.ProjectBuilder - the server ant build.xml file[D:\gitsinnori\sinnori\project\sample_test\server_build\build.xml] is bad :: whetherExist[false] isFile[false]
08:24:54.848 [main] WARN  k.p.s.c.buildsystem.ProjectBuilder - the server buid.xml file[D:\gitsinnori\sinnori\project\sample_test\server_build\build.xml] is bad beacse it doesn't exist or is not a file, so skip deletion of server build system
08:24:54.848 [main] WARN  k.p.s.c.buildsystem.ProjectBuilder - the app client build path[D:\gitsinnori\sinnori\project\sample_test\client_build\app_build] exist, so skip creation of app client build system
08:24:54.848 [main] INFO  k.p.s.c.buildsystem.ProjectBuilder - main project[sample_test]'s web build child direcotry creation task start
08:24:54.849 [main] INFO  k.p.s.common.util.CommonStaticUtil - the new child relative direcotry[D:\gitsinnori\sinnori\project\sample_test][client_build/web_build/corelib/ex] was created successfully
08:24:54.849 [main] INFO  k.p.s.common.util.CommonStaticUtil - the new child relative direcotry[D:\gitsinnori\sinnori\project\sample_test][client_build/web_build/corelib/in] was created successfully
08:24:54.849 [main] INFO  k.p.s.common.util.CommonStaticUtil - the new child relative direcotry[D:\gitsinnori\sinnori\project\sample_test][client_build/web_build/lib/main/ex] was created successfully
08:24:54.849 [main] INFO  k.p.s.common.util.CommonStaticUtil - the new child relative direcotry[D:\gitsinnori\sinnori\project\sample_test][client_build/web_build/lib/main/in] was created successfully
08:24:54.849 [main] INFO  k.p.s.common.util.CommonStaticUtil - the new child relative direcotry[D:\gitsinnori\sinnori\project\sample_test][client_build/web_build/lib/test] was created successfully
08:24:54.849 [main] INFO  k.p.s.common.util.CommonStaticUtil - the new child relative direcotry[D:\gitsinnori\sinnori\project\sample_test][client_build/web_build/src/main/java/kr/pe/sinnori/impl/message] was created successfully
08:24:54.849 [main] INFO  k.p.s.common.util.CommonStaticUtil - the new child relative direcotry[D:\gitsinnori\sinnori\project\sample_test][client_build/web_build/src/main/java//kr/pe/sinnori/servlet] was created successfully
08:24:54.849 [main] INFO  k.p.s.common.util.CommonStaticUtil - the new child relative direcotry[D:\gitsinnori\sinnori\project\sample_test][client_build/web_build/src/main/java/kr/pe/sinnori/weblib/common] was created successfully
08:24:54.849 [main] INFO  k.p.s.common.util.CommonStaticUtil - the new child relative direcotry[D:\gitsinnori\sinnori\project\sample_test][client_build/web_build/src/main/java/kr/pe/sinnori/weblib/htmlstring] was created successfully
08:24:54.927 [main] INFO  k.p.s.common.util.CommonStaticUtil - the new child relative direcotry[D:\gitsinnori\sinnori\project\sample_test][client_build/web_build/src/main/java/kr/pe/sinnori/weblib/jdf] was created successfully
08:24:54.927 [main] INFO  k.p.s.common.util.CommonStaticUtil - the new child relative direcotry[D:\gitsinnori\sinnori\project\sample_test][client_build/web_build/src/test/java] was created successfully
08:24:54.927 [main] INFO  k.p.s.common.util.CommonStaticUtil - the new child relative direcotry[D:\gitsinnori\sinnori\project\sample_test][client_build/web_build/build] was created successfully
08:24:54.927 [main] INFO  k.p.s.common.util.CommonStaticUtil - the new child relative direcotry[D:\gitsinnori\sinnori\project\sample_test][client_build/web_build/dist] was created successfully
08:24:54.927 [main] INFO  k.p.s.c.buildsystem.ProjectBuilder - main project[sample_test]'s web build child direcotry creation task end
08:24:54.927 [main] INFO  k.p.s.c.buildsystem.ProjectBuilder - main project[sample_test]'s web client build system files creation task start
08:24:54.927 [main] INFO  k.p.s.c.buildsystem.ProjectBuilder - main project[sample_test]'s web client ant build.xml file creation task start
08:24:54.927 [main] INFO  k.p.s.c.buildsystem.ProjectBuilder - main project[sample_test]'s web client ant build.xml file creation task end
08:24:54.927 [main] INFO  k.p.s.c.buildsystem.ProjectBuilder - main project[sample_test]'s web client ant properties file creation task start
08:24:54.927 [main] INFO  k.p.s.c.util.SequencedPropertiesUtil - the sequenced properties file[D:\gitsinnori\sinnori\project\sample_test\client_build\web_build\webAnt.properties] was created
08:24:54.927 [main] INFO  k.p.s.c.buildsystem.ProjectBuilder - main project[sample_test]'s web client ant properties file creation task end
08:24:54.927 [main] INFO  k.p.s.c.buildsystem.ProjectBuilder - main project[sample_test]'s web client message io file set creation task start
08:24:54.927 [main] INFO  k.p.s.common.util.CommonStaticUtil - the new child relative direcotry[D:\gitsinnori\sinnori\project\sample_test\client_build\web_build\src\main\java\kr\pe\sinnori\impl\message][Echo] was created successfully
08:24:54.927 [main] INFO  k.p.s.c.buildsystem.ProjectBuilder - main project[sample_test]'s message file[Echo][D:\gitsinnori\sinnori\project\sample_test\client_build\web_build\src\main\java\kr\pe\sinnori\impl\message] creation task start
08:24:54.949 [main] INFO  k.p.s.c.buildsystem.ProjectBuilder - main project[sample_test]'s message file[Echo][D:\gitsinnori\sinnori\project\sample_test\client_build\web_build\src\main\java\kr\pe\sinnori\impl\message] creation task end
08:24:54.949 [main] INFO  k.p.s.c.buildsystem.ProjectBuilder - main project[sample_test]'s message decoder file[Echo][D:\gitsinnori\sinnori\project\sample_test\client_build\web_build\src\main\java\kr\pe\sinnori\impl\message] creation task start
08:24:54.949 [main] INFO  k.p.s.c.buildsystem.ProjectBuilder - main project[sample_test]'s message decoder file[Echo][D:\gitsinnori\sinnori\project\sample_test\client_build\web_build\src\main\java\kr\pe\sinnori\impl\message] creation task end
08:24:54.949 [main] INFO  k.p.s.c.buildsystem.ProjectBuilder - main project[sample_test]'s message encoder file[Echo][D:\gitsinnori\sinnori\project\sample_test\client_build\web_build\src\main\java\kr\pe\sinnori\impl\message] creation task start
08:24:54.965 [main] INFO  k.p.s.c.buildsystem.ProjectBuilder - main project[sample_test]'s message encoder file[Echo][D:\gitsinnori\sinnori\project\sample_test\client_build\web_build\src\main\java\kr\pe\sinnori\impl\message] creation task end
08:24:54.965 [main] INFO  k.p.s.c.buildsystem.ProjectBuilder - main project[sample_test]'s message server codec file[Echo][D:\gitsinnori\sinnori\project\sample_test\client_build\web_build\src\main\java\kr\pe\sinnori\impl\message] creation task start
08:24:54.965 [main] INFO  k.p.s.c.buildsystem.ProjectBuilder - main project[sample_test]'s message server codec file[Echo][D:\gitsinnori\sinnori\project\sample_test\client_build\web_build\src\main\java\kr\pe\sinnori\impl\message] creation task end
08:24:54.965 [main] INFO  k.p.s.c.buildsystem.ProjectBuilder - main project[sample_test]'s message client codec file[Echo][D:\gitsinnori\sinnori\project\sample_test\client_build\web_build\src\main\java\kr\pe\sinnori\impl\message] creation task start
08:24:54.965 [main] INFO  k.p.s.c.buildsystem.ProjectBuilder - main project[sample_test]'s message client codec file[Echo][D:\gitsinnori\sinnori\project\sample_test\client_build\web_build\src\main\java\kr\pe\sinnori\impl\message] creation task end
08:24:54.965 [main] INFO  k.p.s.common.util.CommonStaticUtil - the new child relative direcotry[D:\gitsinnori\sinnori\project\sample_test\client_build\web_build\src\main\java\kr\pe\sinnori\impl\message][PublicKeyReq] was created successfully
08:24:54.965 [main] INFO  k.p.s.c.buildsystem.ProjectBuilder - main project[sample_test]'s message file[PublicKeyReq][D:\gitsinnori\sinnori\project\sample_test\client_build\web_build\src\main\java\kr\pe\sinnori\impl\message] creation task start
08:24:54.965 [main] INFO  k.p.s.c.buildsystem.ProjectBuilder - main project[sample_test]'s message file[PublicKeyReq][D:\gitsinnori\sinnori\project\sample_test\client_build\web_build\src\main\java\kr\pe\sinnori\impl\message] creation task end
08:24:54.965 [main] INFO  k.p.s.c.buildsystem.ProjectBuilder - main project[sample_test]'s message decoder file[PublicKeyReq][D:\gitsinnori\sinnori\project\sample_test\client_build\web_build\src\main\java\kr\pe\sinnori\impl\message] creation task start
08:24:54.980 [main] INFO  k.p.s.c.buildsystem.ProjectBuilder - main project[sample_test]'s message decoder file[PublicKeyReq][D:\gitsinnori\sinnori\project\sample_test\client_build\web_build\src\main\java\kr\pe\sinnori\impl\message] creation task end
08:24:54.980 [main] INFO  k.p.s.c.buildsystem.ProjectBuilder - main project[sample_test]'s message encoder file[PublicKeyReq][D:\gitsinnori\sinnori\project\sample_test\client_build\web_build\src\main\java\kr\pe\sinnori\impl\message] creation task start
08:24:54.980 [main] INFO  k.p.s.c.buildsystem.ProjectBuilder - main project[sample_test]'s message encoder file[PublicKeyReq][D:\gitsinnori\sinnori\project\sample_test\client_build\web_build\src\main\java\kr\pe\sinnori\impl\message] creation task end
08:24:54.980 [main] INFO  k.p.s.c.buildsystem.ProjectBuilder - main project[sample_test]'s message server codec file[PublicKeyReq][D:\gitsinnori\sinnori\project\sample_test\client_build\web_build\src\main\java\kr\pe\sinnori\impl\message] creation task start
08:24:54.980 [main] INFO  k.p.s.c.buildsystem.ProjectBuilder - main project[sample_test]'s message server codec file[PublicKeyReq][D:\gitsinnori\sinnori\project\sample_test\client_build\web_build\src\main\java\kr\pe\sinnori\impl\message] creation task end
08:24:54.980 [main] INFO  k.p.s.c.buildsystem.ProjectBuilder - main project[sample_test]'s message client codec file[PublicKeyReq][D:\gitsinnori\sinnori\project\sample_test\client_build\web_build\src\main\java\kr\pe\sinnori\impl\message] creation task start
08:24:54.980 [main] INFO  k.p.s.c.buildsystem.ProjectBuilder - main project[sample_test]'s message client codec file[PublicKeyReq][D:\gitsinnori\sinnori\project\sample_test\client_build\web_build\src\main\java\kr\pe\sinnori\impl\message] creation task end
08:24:54.980 [main] INFO  k.p.s.common.util.CommonStaticUtil - the new child relative direcotry[D:\gitsinnori\sinnori\project\sample_test\client_build\web_build\src\main\java\kr\pe\sinnori\impl\message][PublicKeyRes] was created successfully
08:24:54.980 [main] INFO  k.p.s.c.buildsystem.ProjectBuilder - main project[sample_test]'s message file[PublicKeyRes][D:\gitsinnori\sinnori\project\sample_test\client_build\web_build\src\main\java\kr\pe\sinnori\impl\message] creation task start
08:24:54.980 [main] INFO  k.p.s.c.buildsystem.ProjectBuilder - main project[sample_test]'s message file[PublicKeyRes][D:\gitsinnori\sinnori\project\sample_test\client_build\web_build\src\main\java\kr\pe\sinnori\impl\message] creation task end
08:24:54.980 [main] INFO  k.p.s.c.buildsystem.ProjectBuilder - main project[sample_test]'s message decoder file[PublicKeyRes][D:\gitsinnori\sinnori\project\sample_test\client_build\web_build\src\main\java\kr\pe\sinnori\impl\message] creation task start
08:24:54.996 [main] INFO  k.p.s.c.buildsystem.ProjectBuilder - main project[sample_test]'s message decoder file[PublicKeyRes][D:\gitsinnori\sinnori\project\sample_test\client_build\web_build\src\main\java\kr\pe\sinnori\impl\message] creation task end
08:24:54.996 [main] INFO  k.p.s.c.buildsystem.ProjectBuilder - main project[sample_test]'s message encoder file[PublicKeyRes][D:\gitsinnori\sinnori\project\sample_test\client_build\web_build\src\main\java\kr\pe\sinnori\impl\message] creation task start
08:24:54.996 [main] INFO  k.p.s.c.buildsystem.ProjectBuilder - main project[sample_test]'s message encoder file[PublicKeyRes][D:\gitsinnori\sinnori\project\sample_test\client_build\web_build\src\main\java\kr\pe\sinnori\impl\message] creation task end
08:24:54.996 [main] INFO  k.p.s.c.buildsystem.ProjectBuilder - main project[sample_test]'s message server codec file[PublicKeyRes][D:\gitsinnori\sinnori\project\sample_test\client_build\web_build\src\main\java\kr\pe\sinnori\impl\message] creation task start
08:24:54.996 [main] INFO  k.p.s.c.buildsystem.ProjectBuilder - main project[sample_test]'s message server codec file[PublicKeyRes][D:\gitsinnori\sinnori\project\sample_test\client_build\web_build\src\main\java\kr\pe\sinnori\impl\message] creation task end
08:24:54.996 [main] INFO  k.p.s.c.buildsystem.ProjectBuilder - main project[sample_test]'s message client codec file[PublicKeyRes][D:\gitsinnori\sinnori\project\sample_test\client_build\web_build\src\main\java\kr\pe\sinnori\impl\message] creation task start
08:24:55.065 [main] INFO  k.p.s.c.buildsystem.ProjectBuilder - main project[sample_test]'s message client codec file[PublicKeyRes][D:\gitsinnori\sinnori\project\sample_test\client_build\web_build\src\main\java\kr\pe\sinnori\impl\message] creation task end
08:24:55.065 [main] INFO  k.p.s.c.buildsystem.ProjectBuilder - main project[sample_test]'s web client message io file set creation task end
08:24:55.065 [main] INFO  k.p.s.c.buildsystem.ProjectBuilder - mainproject[sample_test]'s web client sample source files copy task start
08:24:55.165 [main] INFO  k.p.s.c.buildsystem.ProjectBuilder - mainproject[sample_test]'s web client sample source files copy task end
08:24:55.165 [main] INFO  k.p.s.c.buildsystem.ProjectBuilder - main project[sample_test]'s web client build system files creation task end
08:24:55.165 [main] INFO  k.p.s.c.buildsystem.ProjectBuilder - main project[sample_test]'s web root child direcotry creation task start
08:24:55.165 [main] INFO  k.p.s.common.util.CommonStaticUtil - the child relative direcotry[D:\gitsinnori\sinnori\project\sample_test][web_app_base/upload] exist, so nothing
08:24:55.165 [main] INFO  k.p.s.common.util.CommonStaticUtil - the new child relative direcotry[D:\gitsinnori\sinnori\project\sample_test][web_app_base/ROOT/WEB-INF/classes] was created successfully
08:24:55.165 [main] INFO  k.p.s.common.util.CommonStaticUtil - the new child relative direcotry[D:\gitsinnori\sinnori\project\sample_test][web_app_base/ROOT/WEB-INF/lib] was created successfully
08:24:55.165 [main] INFO  k.p.s.c.buildsystem.ProjectBuilder - main project[sample_test]'s web root child direcotry creation task end
08:24:55.165 [main] INFO  k.p.s.c.buildsystem.ProjectBuilder - main project[sample_test]'s web root sample files creation task start
08:24:55.165 [main] INFO  k.p.s.c.buildsystem.ProjectBuilder - main project[sample_test]'s web root sample files copy task start
08:24:55.180 [main] INFO  k.p.s.c.buildsystem.ProjectBuilder - main project[sample_test]'s web root sample files copy task end
08:24:55.180 [main] INFO  k.p.s.c.buildsystem.ProjectBuilder - main project[sample_test]'s web root sample files creation task end
08:24:55.180 [main] INFO  k.p.s.c.buildsystem.ProjectBuilder - main project[sample_test]'s config file overwrite task start
08:24:55.180 [main] INFO  k.p.s.c.buildsystem.ProjectBuilder - main project[sample_test]'s config file overwrite task end
08:24:55.180 [main] INFO  k.p.s.c.buildsystem.ProjectBuilder - main project[sample_test] changeProjectState method end
08:24:55.180 [main] INFO  k.p.s.c.buildsystem.ProjectBuilder - the server ant build.xml file[D:\gitsinnori\sinnori\project\sample_test\server_build\build.xml] is bad :: whetherExist[false] isFile[false]
08:24:55.180 [main] INFO  k.p.s.c.buildsystem.ProjectBuilder - main project[sample_test] changeProjectState method start
08:24:55.180 [main] INFO  k.p.s.c.buildsystem.ProjectBuilder - main project[sample_test]'s server child direcotry creation task start
08:24:55.180 [main] INFO  k.p.s.common.util.CommonStaticUtil - the new child relative direcotry[D:\gitsinnori\sinnori\project\sample_test][server_build/APP-INF/classes] was created successfully
08:24:55.180 [main] INFO  k.p.s.common.util.CommonStaticUtil - the new child relative direcotry[D:\gitsinnori\sinnori\project\sample_test][server_build/corelib/ex] was created successfully
08:24:55.180 [main] INFO  k.p.s.common.util.CommonStaticUtil - the new child relative direcotry[D:\gitsinnori\sinnori\project\sample_test][server_build/corelib/in] was created successfully
08:24:55.180 [main] INFO  k.p.s.common.util.CommonStaticUtil - the new child relative direcotry[D:\gitsinnori\sinnori\project\sample_test][server_build/lib/main/ex] was created successfully
08:24:55.180 [main] INFO  k.p.s.common.util.CommonStaticUtil - the new child relative direcotry[D:\gitsinnori\sinnori\project\sample_test][server_build/lib/main/in] was created successfully
08:24:55.180 [main] INFO  k.p.s.common.util.CommonStaticUtil - the new child relative direcotry[D:\gitsinnori\sinnori\project\sample_test][server_build/lib/test] was created successfully
08:24:55.180 [main] INFO  k.p.s.common.util.CommonStaticUtil - the new child relative direcotry[D:\gitsinnori\sinnori\project\sample_test][server_build/src/main/java/kr/pe/sinnori/impl/servertask] was created successfully
08:24:55.180 [main] INFO  k.p.s.common.util.CommonStaticUtil - the new child relative direcotry[D:\gitsinnori\sinnori\project\sample_test][server_build/src/main/java/kr/pe/sinnori/impl/message] was created successfully
08:24:55.180 [main] INFO  k.p.s.common.util.CommonStaticUtil - the new child relative direcotry[D:\gitsinnori\sinnori\project\sample_test][server_build/src/main/java/main] was created successfully
08:24:55.196 [main] INFO  k.p.s.common.util.CommonStaticUtil - the new child relative direcotry[D:\gitsinnori\sinnori\project\sample_test][server_build/src/test/java] was created successfully
08:24:55.196 [main] INFO  k.p.s.common.util.CommonStaticUtil - the new child relative direcotry[D:\gitsinnori\sinnori\project\sample_test][server_build/build] was created successfully
08:24:55.196 [main] INFO  k.p.s.common.util.CommonStaticUtil - the new child relative direcotry[D:\gitsinnori\sinnori\project\sample_test][server_build/dist] was created successfully
08:24:55.196 [main] INFO  k.p.s.c.buildsystem.ProjectBuilder - main project[sample_test]'s server child direcotry creation task end
08:24:55.196 [main] INFO  k.p.s.c.buildsystem.ProjectBuilder - server build system files creation task start
08:24:55.196 [main] INFO  k.p.s.c.buildsystem.ProjectBuilder - main project[sample_test]'s server ant build.xml file creation task start
08:24:55.198 [main] INFO  k.p.s.c.buildsystem.ProjectBuilder - main project[sample_test]'s server ant build.xml file creation task end
08:24:55.198 [main] INFO  k.p.s.c.buildsystem.ProjectBuilder - main project[sample_test]'s server dos shell file creation task start
08:24:55.198 [main] INFO  k.p.s.c.buildsystem.ProjectBuilder - main project[sample_test]'s server dos shell file creation task end
08:24:55.198 [main] INFO  k.p.s.c.buildsystem.ProjectBuilder - main project[sample_test]'s server unix shell file creation task start
08:24:55.198 [main] INFO  k.p.s.c.buildsystem.ProjectBuilder - main project[sample_test]'s server unix shell file creation task end
08:24:55.198 [main] INFO  k.p.s.c.buildsystem.ProjectBuilder - server sample source files copy task start
08:24:55.213 [main] INFO  k.p.s.c.buildsystem.ProjectBuilder - server sample source files copy task end
08:24:55.213 [main] INFO  k.p.s.c.buildsystem.ProjectBuilder - main project[sample_test]'s server message io file set creation task start
08:24:55.213 [main] INFO  k.p.s.common.util.CommonStaticUtil - the new child relative direcotry[D:\gitsinnori\sinnori\project\sample_test\server_build\src\main\java\kr\pe\sinnori\impl\message][Echo] was created successfully
08:24:55.213 [main] INFO  k.p.s.c.buildsystem.ProjectBuilder - main project[sample_test]'s message file[Echo][D:\gitsinnori\sinnori\project\sample_test\server_build\src\main\java\kr\pe\sinnori\impl\message] creation task start
08:24:55.213 [main] INFO  k.p.s.c.buildsystem.ProjectBuilder - main project[sample_test]'s message file[Echo][D:\gitsinnori\sinnori\project\sample_test\server_build\src\main\java\kr\pe\sinnori\impl\message] creation task end
08:24:55.213 [main] INFO  k.p.s.c.buildsystem.ProjectBuilder - main project[sample_test]'s message decoder file[Echo][D:\gitsinnori\sinnori\project\sample_test\server_build\src\main\java\kr\pe\sinnori\impl\message] creation task start
08:24:55.213 [main] INFO  k.p.s.c.buildsystem.ProjectBuilder - main project[sample_test]'s message decoder file[Echo][D:\gitsinnori\sinnori\project\sample_test\server_build\src\main\java\kr\pe\sinnori\impl\message] creation task end
08:24:55.213 [main] INFO  k.p.s.c.buildsystem.ProjectBuilder - main project[sample_test]'s message encoder file[Echo][D:\gitsinnori\sinnori\project\sample_test\server_build\src\main\java\kr\pe\sinnori\impl\message] creation task start
08:24:55.213 [main] INFO  k.p.s.c.buildsystem.ProjectBuilder - main project[sample_test]'s message encoder file[Echo][D:\gitsinnori\sinnori\project\sample_test\server_build\src\main\java\kr\pe\sinnori\impl\message] creation task end
08:24:55.213 [main] INFO  k.p.s.c.buildsystem.ProjectBuilder - main project[sample_test]'s message server codec file[Echo][D:\gitsinnori\sinnori\project\sample_test\server_build\src\main\java\kr\pe\sinnori\impl\message] creation task start
08:24:55.213 [main] INFO  k.p.s.c.buildsystem.ProjectBuilder - main project[sample_test]'s message server codec file[Echo][D:\gitsinnori\sinnori\project\sample_test\server_build\src\main\java\kr\pe\sinnori\impl\message] creation task end
08:24:55.213 [main] INFO  k.p.s.c.buildsystem.ProjectBuilder - main project[sample_test]'s message client codec file[Echo][D:\gitsinnori\sinnori\project\sample_test\server_build\src\main\java\kr\pe\sinnori\impl\message] creation task start
08:24:55.213 [main] INFO  k.p.s.c.buildsystem.ProjectBuilder - main project[sample_test]'s message client codec file[Echo][D:\gitsinnori\sinnori\project\sample_test\server_build\src\main\java\kr\pe\sinnori\impl\message] creation task end
08:24:55.213 [main] INFO  k.p.s.common.util.CommonStaticUtil - the new child relative direcotry[D:\gitsinnori\sinnori\project\sample_test\server_build\src\main\java\kr\pe\sinnori\impl\message][PublicKeyReq] was created successfully
08:24:55.213 [main] INFO  k.p.s.c.buildsystem.ProjectBuilder - main project[sample_test]'s message file[PublicKeyReq][D:\gitsinnori\sinnori\project\sample_test\server_build\src\main\java\kr\pe\sinnori\impl\message] creation task start
08:24:55.229 [main] INFO  k.p.s.c.buildsystem.ProjectBuilder - main project[sample_test]'s message file[PublicKeyReq][D:\gitsinnori\sinnori\project\sample_test\server_build\src\main\java\kr\pe\sinnori\impl\message] creation task end
08:24:55.229 [main] INFO  k.p.s.c.buildsystem.ProjectBuilder - main project[sample_test]'s message decoder file[PublicKeyReq][D:\gitsinnori\sinnori\project\sample_test\server_build\src\main\java\kr\pe\sinnori\impl\message] creation task start
08:24:55.229 [main] INFO  k.p.s.c.buildsystem.ProjectBuilder - main project[sample_test]'s message decoder file[PublicKeyReq][D:\gitsinnori\sinnori\project\sample_test\server_build\src\main\java\kr\pe\sinnori\impl\message] creation task end
08:24:55.229 [main] INFO  k.p.s.c.buildsystem.ProjectBuilder - main project[sample_test]'s message encoder file[PublicKeyReq][D:\gitsinnori\sinnori\project\sample_test\server_build\src\main\java\kr\pe\sinnori\impl\message] creation task start
08:24:55.229 [main] INFO  k.p.s.c.buildsystem.ProjectBuilder - main project[sample_test]'s message encoder file[PublicKeyReq][D:\gitsinnori\sinnori\project\sample_test\server_build\src\main\java\kr\pe\sinnori\impl\message] creation task end
08:24:55.229 [main] INFO  k.p.s.c.buildsystem.ProjectBuilder - main project[sample_test]'s message server codec file[PublicKeyReq][D:\gitsinnori\sinnori\project\sample_test\server_build\src\main\java\kr\pe\sinnori\impl\message] creation task start
08:24:55.229 [main] INFO  k.p.s.c.buildsystem.ProjectBuilder - main project[sample_test]'s message server codec file[PublicKeyReq][D:\gitsinnori\sinnori\project\sample_test\server_build\src\main\java\kr\pe\sinnori\impl\message] creation task end
08:24:55.229 [main] INFO  k.p.s.c.buildsystem.ProjectBuilder - main project[sample_test]'s message client codec file[PublicKeyReq][D:\gitsinnori\sinnori\project\sample_test\server_build\src\main\java\kr\pe\sinnori\impl\message] creation task start
08:24:55.229 [main] INFO  k.p.s.c.buildsystem.ProjectBuilder - main project[sample_test]'s message client codec file[PublicKeyReq][D:\gitsinnori\sinnori\project\sample_test\server_build\src\main\java\kr\pe\sinnori\impl\message] creation task end
08:24:55.328 [main] INFO  k.p.s.common.util.CommonStaticUtil - the new child relative direcotry[D:\gitsinnori\sinnori\project\sample_test\server_build\src\main\java\kr\pe\sinnori\impl\message][PublicKeyRes] was created successfully
08:24:55.328 [main] INFO  k.p.s.c.buildsystem.ProjectBuilder - main project[sample_test]'s message file[PublicKeyRes][D:\gitsinnori\sinnori\project\sample_test\server_build\src\main\java\kr\pe\sinnori\impl\message] creation task start
08:24:55.328 [main] INFO  k.p.s.c.buildsystem.ProjectBuilder - main project[sample_test]'s message file[PublicKeyRes][D:\gitsinnori\sinnori\project\sample_test\server_build\src\main\java\kr\pe\sinnori\impl\message] creation task end
08:24:55.328 [main] INFO  k.p.s.c.buildsystem.ProjectBuilder - main project[sample_test]'s message decoder file[PublicKeyRes][D:\gitsinnori\sinnori\project\sample_test\server_build\src\main\java\kr\pe\sinnori\impl\message] creation task start
08:24:55.345 [main] INFO  k.p.s.c.buildsystem.ProjectBuilder - main project[sample_test]'s message decoder file[PublicKeyRes][D:\gitsinnori\sinnori\project\sample_test\server_build\src\main\java\kr\pe\sinnori\impl\message] creation task end
08:24:55.345 [main] INFO  k.p.s.c.buildsystem.ProjectBuilder - main project[sample_test]'s message encoder file[PublicKeyRes][D:\gitsinnori\sinnori\project\sample_test\server_build\src\main\java\kr\pe\sinnori\impl\message] creation task start
08:24:55.349 [main] INFO  k.p.s.c.buildsystem.ProjectBuilder - main project[sample_test]'s message encoder file[PublicKeyRes][D:\gitsinnori\sinnori\project\sample_test\server_build\src\main\java\kr\pe\sinnori\impl\message] creation task end
08:24:55.349 [main] INFO  k.p.s.c.buildsystem.ProjectBuilder - main project[sample_test]'s message server codec file[PublicKeyRes][D:\gitsinnori\sinnori\project\sample_test\server_build\src\main\java\kr\pe\sinnori\impl\message] creation task start
08:24:55.349 [main] INFO  k.p.s.c.buildsystem.ProjectBuilder - main project[sample_test]'s message server codec file[PublicKeyRes][D:\gitsinnori\sinnori\project\sample_test\server_build\src\main\java\kr\pe\sinnori\impl\message] creation task end
08:24:55.349 [main] INFO  k.p.s.c.buildsystem.ProjectBuilder - main project[sample_test]'s message client codec file[PublicKeyRes][D:\gitsinnori\sinnori\project\sample_test\server_build\src\main\java\kr\pe\sinnori\impl\message] creation task start
08:24:55.349 [main] INFO  k.p.s.c.buildsystem.ProjectBuilder - main project[sample_test]'s message client codec file[PublicKeyRes][D:\gitsinnori\sinnori\project\sample_test\server_build\src\main\java\kr\pe\sinnori\impl\message] creation task end
08:24:55.349 [main] INFO  k.p.s.c.buildsystem.ProjectBuilder - main project[sample_test]'s server message io file set creation task end
08:24:55.349 [main] INFO  k.p.s.c.buildsystem.ProjectBuilder - server build system files creation task end
08:24:55.349 [main] INFO  k.p.s.c.buildsystem.ProjectBuilder - mainproject[sample_test]'s application client build path deletion task start
08:24:55.365 [main] INFO  k.p.s.c.buildsystem.ProjectBuilder - mainproject[sample_test]'s application client build path deletion task end
08:24:55.365 [main] INFO  k.p.s.c.buildsystem.ProjectBuilder - main project[sample_test]'s web client build path deletion task start
08:24:55.381 [main] INFO  k.p.s.c.buildsystem.ProjectBuilder - main project[sample_test]'s web client build path deletion task end
08:24:55.381 [main] INFO  k.p.s.c.buildsystem.ProjectBuilder - main project[sample_test]'s web root path deletion task start
08:24:55.381 [main] INFO  k.p.s.c.buildsystem.ProjectBuilder - main project[sample_test]'s web root path deletion task end
08:24:55.381 [main] INFO  k.p.s.c.buildsystem.ProjectBuilder - main project[sample_test]'s config file overwrite task start
08:24:55.381 [main] INFO  k.p.s.c.buildsystem.ProjectBuilder - main project[sample_test]'s config file overwrite task end
08:24:55.381 [main] INFO  k.p.s.c.buildsystem.ProjectBuilder - main project[sample_test] changeProjectState method end
08:24:55.381 [main] INFO  k.p.s.c.buildsystem.ProjectBuilder - the app client ant build.xml file[D:\gitsinnori\sinnori\project\sample_test\client_build\app_build\build.xml] is bad :: whetherExist[false] isFile[false]
08:24:55.381 [main] INFO  k.p.s.c.buildsystem.ProjectBuilder - the web client ant build.xml file[D:\gitsinnori\sinnori\project\sample_test\client_build\web_build\build.xml] is bad :: whetherExist[false] isFile[false]
08:24:55.381 [main] INFO  k.p.s.c.buildsystem.ProjectBuilder - the web.xml file[D:\gitsinnori\sinnori\project\sample_test\web_app_base\ROOT\WEB-INF\web.xml] located at web root directory is bad :: whetherExist[false] isFile[false]
08:24:55.381 [main] INFO  k.p.s.c.buildsystem.ProjectBuilder - main project[sample_test] changeProjectState method start
08:24:55.381 [main] WARN  k.p.s.c.buildsystem.ProjectBuilder - the server build path[D:\gitsinnori\sinnori\project\sample_test\server_build] exist, so skip creation of server build system
08:24:55.381 [main] INFO  k.p.s.c.buildsystem.ProjectBuilder - the app client ant build.xml file[D:\gitsinnori\sinnori\project\sample_test\client_build\app_build\build.xml] is bad :: whetherExist[false] isFile[false]
08:24:55.381 [main] WARN  k.p.s.c.buildsystem.ProjectBuilder - the app client buid.xml file[D:\gitsinnori\sinnori\project\sample_test\client_build\app_build\build.xml] is bad beacse it doesn't exist or is not a file, so skip deletion of app client build system
08:24:55.381 [main] INFO  k.p.s.c.buildsystem.ProjectBuilder - main project[sample_test]'s web build child direcotry creation task start
08:24:55.397 [main] INFO  k.p.s.common.util.CommonStaticUtil - the new child relative direcotry[D:\gitsinnori\sinnori\project\sample_test][client_build/web_build/corelib/ex] was created successfully
08:24:55.397 [main] INFO  k.p.s.common.util.CommonStaticUtil - the new child relative direcotry[D:\gitsinnori\sinnori\project\sample_test][client_build/web_build/corelib/in] was created successfully
08:24:55.465 [main] INFO  k.p.s.common.util.CommonStaticUtil - the new child relative direcotry[D:\gitsinnori\sinnori\project\sample_test][client_build/web_build/lib/main/ex] was created successfully
08:24:55.465 [main] INFO  k.p.s.common.util.CommonStaticUtil - the new child relative direcotry[D:\gitsinnori\sinnori\project\sample_test][client_build/web_build/lib/main/in] was created successfully
08:24:55.465 [main] INFO  k.p.s.common.util.CommonStaticUtil - the new child relative direcotry[D:\gitsinnori\sinnori\project\sample_test][client_build/web_build/lib/test] was created successfully
08:24:55.465 [main] INFO  k.p.s.common.util.CommonStaticUtil - the new child relative direcotry[D:\gitsinnori\sinnori\project\sample_test][client_build/web_build/src/main/java/kr/pe/sinnori/impl/message] was created successfully
08:24:55.465 [main] INFO  k.p.s.common.util.CommonStaticUtil - the new child relative direcotry[D:\gitsinnori\sinnori\project\sample_test][client_build/web_build/src/main/java//kr/pe/sinnori/servlet] was created successfully
08:24:55.480 [main] INFO  k.p.s.common.util.CommonStaticUtil - the new child relative direcotry[D:\gitsinnori\sinnori\project\sample_test][client_build/web_build/src/main/java/kr/pe/sinnori/weblib/common] was created successfully
08:24:55.480 [main] INFO  k.p.s.common.util.CommonStaticUtil - the new child relative direcotry[D:\gitsinnori\sinnori\project\sample_test][client_build/web_build/src/main/java/kr/pe/sinnori/weblib/htmlstring] was created successfully
08:24:55.480 [main] INFO  k.p.s.common.util.CommonStaticUtil - the new child relative direcotry[D:\gitsinnori\sinnori\project\sample_test][client_build/web_build/src/main/java/kr/pe/sinnori/weblib/jdf] was created successfully
08:24:55.480 [main] INFO  k.p.s.common.util.CommonStaticUtil - the new child relative direcotry[D:\gitsinnori\sinnori\project\sample_test][client_build/web_build/src/test/java] was created successfully
08:24:55.480 [main] INFO  k.p.s.common.util.CommonStaticUtil - the new child relative direcotry[D:\gitsinnori\sinnori\project\sample_test][client_build/web_build/build] was created successfully
08:24:55.480 [main] INFO  k.p.s.common.util.CommonStaticUtil - the new child relative direcotry[D:\gitsinnori\sinnori\project\sample_test][client_build/web_build/dist] was created successfully
08:24:55.480 [main] INFO  k.p.s.c.buildsystem.ProjectBuilder - main project[sample_test]'s web build child direcotry creation task end
08:24:55.480 [main] INFO  k.p.s.c.buildsystem.ProjectBuilder - main project[sample_test]'s web client build system files creation task start
08:24:55.480 [main] INFO  k.p.s.c.buildsystem.ProjectBuilder - main project[sample_test]'s web client ant build.xml file creation task start
08:24:55.480 [main] INFO  k.p.s.c.buildsystem.ProjectBuilder - main project[sample_test]'s web client ant build.xml file creation task end
08:24:55.480 [main] INFO  k.p.s.c.buildsystem.ProjectBuilder - main project[sample_test]'s web client ant properties file creation task start
08:24:55.480 [main] INFO  k.p.s.c.util.SequencedPropertiesUtil - the sequenced properties file[D:\gitsinnori\sinnori\project\sample_test\client_build\web_build\webAnt.properties] was created
08:24:55.496 [main] INFO  k.p.s.c.buildsystem.ProjectBuilder - main project[sample_test]'s web client ant properties file creation task end
08:24:55.496 [main] INFO  k.p.s.c.buildsystem.ProjectBuilder - main project[sample_test]'s web client message io file set creation task start
08:24:55.496 [main] INFO  k.p.s.common.util.CommonStaticUtil - the new child relative direcotry[D:\gitsinnori\sinnori\project\sample_test\client_build\web_build\src\main\java\kr\pe\sinnori\impl\message][Echo] was created successfully
08:24:55.496 [main] INFO  k.p.s.c.buildsystem.ProjectBuilder - main project[sample_test]'s message file[Echo][D:\gitsinnori\sinnori\project\sample_test\client_build\web_build\src\main\java\kr\pe\sinnori\impl\message] creation task start
08:24:55.496 [main] INFO  k.p.s.c.buildsystem.ProjectBuilder - main project[sample_test]'s message file[Echo][D:\gitsinnori\sinnori\project\sample_test\client_build\web_build\src\main\java\kr\pe\sinnori\impl\message] creation task end
08:24:55.496 [main] INFO  k.p.s.c.buildsystem.ProjectBuilder - main project[sample_test]'s message decoder file[Echo][D:\gitsinnori\sinnori\project\sample_test\client_build\web_build\src\main\java\kr\pe\sinnori\impl\message] creation task start
08:24:55.496 [main] INFO  k.p.s.c.buildsystem.ProjectBuilder - main project[sample_test]'s message decoder file[Echo][D:\gitsinnori\sinnori\project\sample_test\client_build\web_build\src\main\java\kr\pe\sinnori\impl\message] creation task end
08:24:55.496 [main] INFO  k.p.s.c.buildsystem.ProjectBuilder - main project[sample_test]'s message encoder file[Echo][D:\gitsinnori\sinnori\project\sample_test\client_build\web_build\src\main\java\kr\pe\sinnori\impl\message] creation task start
08:24:55.527 [main] INFO  k.p.s.c.buildsystem.ProjectBuilder - main project[sample_test]'s message encoder file[Echo][D:\gitsinnori\sinnori\project\sample_test\client_build\web_build\src\main\java\kr\pe\sinnori\impl\message] creation task end
08:24:55.527 [main] INFO  k.p.s.c.buildsystem.ProjectBuilder - main project[sample_test]'s message server codec file[Echo][D:\gitsinnori\sinnori\project\sample_test\client_build\web_build\src\main\java\kr\pe\sinnori\impl\message] creation task start
08:24:55.527 [main] INFO  k.p.s.c.buildsystem.ProjectBuilder - main project[sample_test]'s message server codec file[Echo][D:\gitsinnori\sinnori\project\sample_test\client_build\web_build\src\main\java\kr\pe\sinnori\impl\message] creation task end
08:24:55.527 [main] INFO  k.p.s.c.buildsystem.ProjectBuilder - main project[sample_test]'s message client codec file[Echo][D:\gitsinnori\sinnori\project\sample_test\client_build\web_build\src\main\java\kr\pe\sinnori\impl\message] creation task start
08:24:55.527 [main] INFO  k.p.s.c.buildsystem.ProjectBuilder - main project[sample_test]'s message client codec file[Echo][D:\gitsinnori\sinnori\project\sample_test\client_build\web_build\src\main\java\kr\pe\sinnori\impl\message] creation task end
08:24:55.527 [main] INFO  k.p.s.common.util.CommonStaticUtil - the new child relative direcotry[D:\gitsinnori\sinnori\project\sample_test\client_build\web_build\src\main\java\kr\pe\sinnori\impl\message][PublicKeyReq] was created successfully
08:24:55.527 [main] INFO  k.p.s.c.buildsystem.ProjectBuilder - main project[sample_test]'s message file[PublicKeyReq][D:\gitsinnori\sinnori\project\sample_test\client_build\web_build\src\main\java\kr\pe\sinnori\impl\message] creation task start
08:24:55.527 [main] INFO  k.p.s.c.buildsystem.ProjectBuilder - main project[sample_test]'s message file[PublicKeyReq][D:\gitsinnori\sinnori\project\sample_test\client_build\web_build\src\main\java\kr\pe\sinnori\impl\message] creation task end
08:24:55.527 [main] INFO  k.p.s.c.buildsystem.ProjectBuilder - main project[sample_test]'s message decoder file[PublicKeyReq][D:\gitsinnori\sinnori\project\sample_test\client_build\web_build\src\main\java\kr\pe\sinnori\impl\message] creation task start
08:24:55.527 [main] INFO  k.p.s.c.buildsystem.ProjectBuilder - main project[sample_test]'s message decoder file[PublicKeyReq][D:\gitsinnori\sinnori\project\sample_test\client_build\web_build\src\main\java\kr\pe\sinnori\impl\message] creation task end
08:24:55.527 [main] INFO  k.p.s.c.buildsystem.ProjectBuilder - main project[sample_test]'s message encoder file[PublicKeyReq][D:\gitsinnori\sinnori\project\sample_test\client_build\web_build\src\main\java\kr\pe\sinnori\impl\message] creation task start
08:24:55.527 [main] INFO  k.p.s.c.buildsystem.ProjectBuilder - main project[sample_test]'s message encoder file[PublicKeyReq][D:\gitsinnori\sinnori\project\sample_test\client_build\web_build\src\main\java\kr\pe\sinnori\impl\message] creation task end
08:24:55.527 [main] INFO  k.p.s.c.buildsystem.ProjectBuilder - main project[sample_test]'s message server codec file[PublicKeyReq][D:\gitsinnori\sinnori\project\sample_test\client_build\web_build\src\main\java\kr\pe\sinnori\impl\message] creation task start
08:24:55.527 [main] INFO  k.p.s.c.buildsystem.ProjectBuilder - main project[sample_test]'s message server codec file[PublicKeyReq][D:\gitsinnori\sinnori\project\sample_test\client_build\web_build\src\main\java\kr\pe\sinnori\impl\message] creation task end
08:24:55.527 [main] INFO  k.p.s.c.buildsystem.ProjectBuilder - main project[sample_test]'s message client codec file[PublicKeyReq][D:\gitsinnori\sinnori\project\sample_test\client_build\web_build\src\main\java\kr\pe\sinnori\impl\message] creation task start
08:24:55.543 [main] INFO  k.p.s.c.buildsystem.ProjectBuilder - main project[sample_test]'s message client codec file[PublicKeyReq][D:\gitsinnori\sinnori\project\sample_test\client_build\web_build\src\main\java\kr\pe\sinnori\impl\message] creation task end
08:24:55.544 [main] INFO  k.p.s.common.util.CommonStaticUtil - the new child relative direcotry[D:\gitsinnori\sinnori\project\sample_test\client_build\web_build\src\main\java\kr\pe\sinnori\impl\message][PublicKeyRes] was created successfully
08:24:55.545 [main] INFO  k.p.s.c.buildsystem.ProjectBuilder - main project[sample_test]'s message file[PublicKeyRes][D:\gitsinnori\sinnori\project\sample_test\client_build\web_build\src\main\java\kr\pe\sinnori\impl\message] creation task start
08:24:55.548 [main] INFO  k.p.s.c.buildsystem.ProjectBuilder - main project[sample_test]'s message file[PublicKeyRes][D:\gitsinnori\sinnori\project\sample_test\client_build\web_build\src\main\java\kr\pe\sinnori\impl\message] creation task end
08:24:55.548 [main] INFO  k.p.s.c.buildsystem.ProjectBuilder - main project[sample_test]'s message decoder file[PublicKeyRes][D:\gitsinnori\sinnori\project\sample_test\client_build\web_build\src\main\java\kr\pe\sinnori\impl\message] creation task start
08:24:55.549 [main] INFO  k.p.s.c.buildsystem.ProjectBuilder - main project[sample_test]'s message decoder file[PublicKeyRes][D:\gitsinnori\sinnori\project\sample_test\client_build\web_build\src\main\java\kr\pe\sinnori\impl\message] creation task end
08:24:55.549 [main] INFO  k.p.s.c.buildsystem.ProjectBuilder - main project[sample_test]'s message encoder file[PublicKeyRes][D:\gitsinnori\sinnori\project\sample_test\client_build\web_build\src\main\java\kr\pe\sinnori\impl\message] creation task start
08:24:55.549 [main] INFO  k.p.s.c.buildsystem.ProjectBuilder - main project[sample_test]'s message encoder file[PublicKeyRes][D:\gitsinnori\sinnori\project\sample_test\client_build\web_build\src\main\java\kr\pe\sinnori\impl\message] creation task end
08:24:55.549 [main] INFO  k.p.s.c.buildsystem.ProjectBuilder - main project[sample_test]'s message server codec file[PublicKeyRes][D:\gitsinnori\sinnori\project\sample_test\client_build\web_build\src\main\java\kr\pe\sinnori\impl\message] creation task start
08:24:55.549 [main] INFO  k.p.s.c.buildsystem.ProjectBuilder - main project[sample_test]'s message server codec file[PublicKeyRes][D:\gitsinnori\sinnori\project\sample_test\client_build\web_build\src\main\java\kr\pe\sinnori\impl\message] creation task end
08:24:55.549 [main] INFO  k.p.s.c.buildsystem.ProjectBuilder - main project[sample_test]'s message client codec file[PublicKeyRes][D:\gitsinnori\sinnori\project\sample_test\client_build\web_build\src\main\java\kr\pe\sinnori\impl\message] creation task start
08:24:55.549 [main] INFO  k.p.s.c.buildsystem.ProjectBuilder - main project[sample_test]'s message client codec file[PublicKeyRes][D:\gitsinnori\sinnori\project\sample_test\client_build\web_build\src\main\java\kr\pe\sinnori\impl\message] creation task end
08:24:55.549 [main] INFO  k.p.s.c.buildsystem.ProjectBuilder - main project[sample_test]'s web client message io file set creation task end
08:24:55.549 [main] INFO  k.p.s.c.buildsystem.ProjectBuilder - mainproject[sample_test]'s web client sample source files copy task start
08:24:55.612 [main] INFO  k.p.s.c.buildsystem.ProjectBuilder - mainproject[sample_test]'s web client sample source files copy task end
08:24:55.612 [main] INFO  k.p.s.c.buildsystem.ProjectBuilder - main project[sample_test]'s web client build system files creation task end
08:24:55.612 [main] INFO  k.p.s.c.buildsystem.ProjectBuilder - main project[sample_test]'s web root child direcotry creation task start
08:24:55.612 [main] INFO  k.p.s.common.util.CommonStaticUtil - the child relative direcotry[D:\gitsinnori\sinnori\project\sample_test][web_app_base/upload] exist, so nothing
08:24:55.612 [main] INFO  k.p.s.common.util.CommonStaticUtil - the new child relative direcotry[D:\gitsinnori\sinnori\project\sample_test][web_app_base/ROOT/WEB-INF/classes] was created successfully
08:24:55.612 [main] INFO  k.p.s.common.util.CommonStaticUtil - the new child relative direcotry[D:\gitsinnori\sinnori\project\sample_test][web_app_base/ROOT/WEB-INF/lib] was created successfully
08:24:55.612 [main] INFO  k.p.s.c.buildsystem.ProjectBuilder - main project[sample_test]'s web root child direcotry creation task end
08:24:55.612 [main] INFO  k.p.s.c.buildsystem.ProjectBuilder - main project[sample_test]'s web root sample files creation task start
08:24:55.612 [main] INFO  k.p.s.c.buildsystem.ProjectBuilder - main project[sample_test]'s web root sample files copy task start
08:24:55.612 [main] INFO  k.p.s.c.buildsystem.ProjectBuilder - main project[sample_test]'s web root sample files copy task end
08:24:55.612 [main] INFO  k.p.s.c.buildsystem.ProjectBuilder - main project[sample_test]'s web root sample files creation task end
08:24:55.612 [main] INFO  k.p.s.c.buildsystem.ProjectBuilder - main project[sample_test]'s config file overwrite task start
08:24:55.628 [main] INFO  k.p.s.c.buildsystem.ProjectBuilder - main project[sample_test]'s config file overwrite task end
08:24:55.628 [main] INFO  k.p.s.c.buildsystem.ProjectBuilder - main project[sample_test] changeProjectState method end
08:24:55.628 [main] INFO  k.p.s.c.buildsystem.ProjectBuilder - the app client ant build.xml file[D:\gitsinnori\sinnori\project\sample_test\client_build\app_build\build.xml] is bad :: whetherExist[false] isFile[false]
08:24:55.628 [main] INFO  k.p.s.c.buildsystem.ProjectBuilder - main project[sample_test] changeProjectState method start
08:24:55.628 [main] WARN  k.p.s.c.buildsystem.ProjectBuilder - the server build path[D:\gitsinnori\sinnori\project\sample_test\server_build] exist, so skip creation of server build system
08:24:55.628 [main] INFO  k.p.s.c.buildsystem.ProjectBuilder - main project[sample_test]'s application build child direcotry creation task start
08:24:55.628 [main] INFO  k.p.s.common.util.CommonStaticUtil - the new child relative direcotry[D:\gitsinnori\sinnori\project\sample_test][client_build/app_build/corelib/ex] was created successfully
08:24:55.628 [main] INFO  k.p.s.common.util.CommonStaticUtil - the new child relative direcotry[D:\gitsinnori\sinnori\project\sample_test][client_build/app_build/corelib/in] was created successfully
08:24:55.628 [main] INFO  k.p.s.common.util.CommonStaticUtil - the new child relative direcotry[D:\gitsinnori\sinnori\project\sample_test][client_build/app_build/lib/main/ex] was created successfully
08:24:55.628 [main] INFO  k.p.s.common.util.CommonStaticUtil - the new child relative direcotry[D:\gitsinnori\sinnori\project\sample_test][client_build/app_build/lib/main/in] was created successfully
08:24:55.628 [main] INFO  k.p.s.common.util.CommonStaticUtil - the new child relative direcotry[D:\gitsinnori\sinnori\project\sample_test][client_build/app_build/lib/test] was created successfully
08:24:55.628 [main] INFO  k.p.s.common.util.CommonStaticUtil - the new child relative direcotry[D:\gitsinnori\sinnori\project\sample_test][client_build/app_build/src/main/java/kr/pe/sinnori/impl/message] was created successfully
08:24:55.628 [main] INFO  k.p.s.common.util.CommonStaticUtil - the new child relative direcotry[D:\gitsinnori\sinnori\project\sample_test][client_build/app_build/src/main/java/main] was created successfully
08:24:55.665 [main] INFO  k.p.s.common.util.CommonStaticUtil - the new child relative direcotry[D:\gitsinnori\sinnori\project\sample_test][client_build/app_build/src/test/java] was created successfully
08:24:55.665 [main] INFO  k.p.s.common.util.CommonStaticUtil - the new child relative direcotry[D:\gitsinnori\sinnori\project\sample_test][client_build/app_build/build] was created successfully
08:24:55.665 [main] INFO  k.p.s.common.util.CommonStaticUtil - the new child relative direcotry[D:\gitsinnori\sinnori\project\sample_test][client_build/app_build/dist] was created successfully
08:24:55.665 [main] INFO  k.p.s.c.buildsystem.ProjectBuilder - main project[sample_test]'s application build child direcotry creation task end
08:24:55.665 [main] INFO  k.p.s.c.buildsystem.ProjectBuilder - mainproject[sample_test]'s application client build system files creation task start
08:24:55.665 [main] INFO  k.p.s.c.buildsystem.ProjectBuilder - main project[sample_test]'s application client ant build.xml file creation task start
08:24:55.665 [main] INFO  k.p.s.c.buildsystem.ProjectBuilder - main project[sample_test]'s application client ant build.xml file creation task end
08:24:55.665 [main] INFO  k.p.s.c.buildsystem.ProjectBuilder - main project[sample_test]'s application client dos shell file creation task start
08:24:55.665 [main] INFO  k.p.s.c.buildsystem.ProjectBuilder - main project[sample_test]'s application client dos shell file creation task end
08:24:55.665 [main] INFO  k.p.s.c.buildsystem.ProjectBuilder - main project[sample_test]'s application client unix shell file creation task start
08:24:55.665 [main] INFO  k.p.s.c.buildsystem.ProjectBuilder - main project[sample_test]'s application client unix shell file creation task end
08:24:55.665 [main] INFO  k.p.s.c.buildsystem.ProjectBuilder - application client sample source files copy task start
08:24:55.665 [main] INFO  k.p.s.c.buildsystem.ProjectBuilder - application client sample source files copy task end
08:24:55.665 [main] INFO  k.p.s.c.buildsystem.ProjectBuilder - main project[sample_test]'s application client message io file set creation task start
08:24:55.665 [main] INFO  k.p.s.common.util.CommonStaticUtil - the new child relative direcotry[D:\gitsinnori\sinnori\project\sample_test\client_build\app_build\src\main\java\kr\pe\sinnori\impl\message][Echo] was created successfully
08:24:55.665 [main] INFO  k.p.s.c.buildsystem.ProjectBuilder - main project[sample_test]'s message file[Echo][D:\gitsinnori\sinnori\project\sample_test\client_build\app_build\src\main\java\kr\pe\sinnori\impl\message] creation task start
08:24:55.681 [main] INFO  k.p.s.c.buildsystem.ProjectBuilder - main project[sample_test]'s message file[Echo][D:\gitsinnori\sinnori\project\sample_test\client_build\app_build\src\main\java\kr\pe\sinnori\impl\message] creation task end
08:24:55.681 [main] INFO  k.p.s.c.buildsystem.ProjectBuilder - main project[sample_test]'s message decoder file[Echo][D:\gitsinnori\sinnori\project\sample_test\client_build\app_build\src\main\java\kr\pe\sinnori\impl\message] creation task start
08:24:55.681 [main] INFO  k.p.s.c.buildsystem.ProjectBuilder - main project[sample_test]'s message decoder file[Echo][D:\gitsinnori\sinnori\project\sample_test\client_build\app_build\src\main\java\kr\pe\sinnori\impl\message] creation task end
08:24:55.681 [main] INFO  k.p.s.c.buildsystem.ProjectBuilder - main project[sample_test]'s message encoder file[Echo][D:\gitsinnori\sinnori\project\sample_test\client_build\app_build\src\main\java\kr\pe\sinnori\impl\message] creation task start
08:24:55.681 [main] INFO  k.p.s.c.buildsystem.ProjectBuilder - main project[sample_test]'s message encoder file[Echo][D:\gitsinnori\sinnori\project\sample_test\client_build\app_build\src\main\java\kr\pe\sinnori\impl\message] creation task end
08:24:55.681 [main] INFO  k.p.s.c.buildsystem.ProjectBuilder - main project[sample_test]'s message server codec file[Echo][D:\gitsinnori\sinnori\project\sample_test\client_build\app_build\src\main\java\kr\pe\sinnori\impl\message] creation task start
08:24:55.681 [main] INFO  k.p.s.c.buildsystem.ProjectBuilder - main project[sample_test]'s message server codec file[Echo][D:\gitsinnori\sinnori\project\sample_test\client_build\app_build\src\main\java\kr\pe\sinnori\impl\message] creation task end
08:24:55.681 [main] INFO  k.p.s.c.buildsystem.ProjectBuilder - main project[sample_test]'s message client codec file[Echo][D:\gitsinnori\sinnori\project\sample_test\client_build\app_build\src\main\java\kr\pe\sinnori\impl\message] creation task start
08:24:55.681 [main] INFO  k.p.s.c.buildsystem.ProjectBuilder - main project[sample_test]'s message client codec file[Echo][D:\gitsinnori\sinnori\project\sample_test\client_build\app_build\src\main\java\kr\pe\sinnori\impl\message] creation task end
08:24:55.681 [main] INFO  k.p.s.common.util.CommonStaticUtil - the new child relative direcotry[D:\gitsinnori\sinnori\project\sample_test\client_build\app_build\src\main\java\kr\pe\sinnori\impl\message][PublicKeyReq] was created successfully
08:24:55.681 [main] INFO  k.p.s.c.buildsystem.ProjectBuilder - main project[sample_test]'s message file[PublicKeyReq][D:\gitsinnori\sinnori\project\sample_test\client_build\app_build\src\main\java\kr\pe\sinnori\impl\message] creation task start
08:24:55.697 [main] INFO  k.p.s.c.buildsystem.ProjectBuilder - main project[sample_test]'s message file[PublicKeyReq][D:\gitsinnori\sinnori\project\sample_test\client_build\app_build\src\main\java\kr\pe\sinnori\impl\message] creation task end
08:24:55.697 [main] INFO  k.p.s.c.buildsystem.ProjectBuilder - main project[sample_test]'s message decoder file[PublicKeyReq][D:\gitsinnori\sinnori\project\sample_test\client_build\app_build\src\main\java\kr\pe\sinnori\impl\message] creation task start
08:24:55.697 [main] INFO  k.p.s.c.buildsystem.ProjectBuilder - main project[sample_test]'s message decoder file[PublicKeyReq][D:\gitsinnori\sinnori\project\sample_test\client_build\app_build\src\main\java\kr\pe\sinnori\impl\message] creation task end
08:24:55.780 [main] INFO  k.p.s.c.buildsystem.ProjectBuilder - main project[sample_test]'s message encoder file[PublicKeyReq][D:\gitsinnori\sinnori\project\sample_test\client_build\app_build\src\main\java\kr\pe\sinnori\impl\message] creation task start
08:24:55.780 [main] INFO  k.p.s.c.buildsystem.ProjectBuilder - main project[sample_test]'s message encoder file[PublicKeyReq][D:\gitsinnori\sinnori\project\sample_test\client_build\app_build\src\main\java\kr\pe\sinnori\impl\message] creation task end
08:24:55.780 [main] INFO  k.p.s.c.buildsystem.ProjectBuilder - main project[sample_test]'s message server codec file[PublicKeyReq][D:\gitsinnori\sinnori\project\sample_test\client_build\app_build\src\main\java\kr\pe\sinnori\impl\message] creation task start
08:24:55.780 [main] INFO  k.p.s.c.buildsystem.ProjectBuilder - main project[sample_test]'s message server codec file[PublicKeyReq][D:\gitsinnori\sinnori\project\sample_test\client_build\app_build\src\main\java\kr\pe\sinnori\impl\message] creation task end
08:24:55.780 [main] INFO  k.p.s.c.buildsystem.ProjectBuilder - main project[sample_test]'s message client codec file[PublicKeyReq][D:\gitsinnori\sinnori\project\sample_test\client_build\app_build\src\main\java\kr\pe\sinnori\impl\message] creation task start
08:24:55.796 [main] INFO  k.p.s.c.buildsystem.ProjectBuilder - main project[sample_test]'s message client codec file[PublicKeyReq][D:\gitsinnori\sinnori\project\sample_test\client_build\app_build\src\main\java\kr\pe\sinnori\impl\message] creation task end
08:24:55.796 [main] INFO  k.p.s.common.util.CommonStaticUtil - the new child relative direcotry[D:\gitsinnori\sinnori\project\sample_test\client_build\app_build\src\main\java\kr\pe\sinnori\impl\message][PublicKeyRes] was created successfully
08:24:55.796 [main] INFO  k.p.s.c.buildsystem.ProjectBuilder - main project[sample_test]'s message file[PublicKeyRes][D:\gitsinnori\sinnori\project\sample_test\client_build\app_build\src\main\java\kr\pe\sinnori\impl\message] creation task start
08:24:55.796 [main] INFO  k.p.s.c.buildsystem.ProjectBuilder - main project[sample_test]'s message file[PublicKeyRes][D:\gitsinnori\sinnori\project\sample_test\client_build\app_build\src\main\java\kr\pe\sinnori\impl\message] creation task end
08:24:55.796 [main] INFO  k.p.s.c.buildsystem.ProjectBuilder - main project[sample_test]'s message decoder file[PublicKeyRes][D:\gitsinnori\sinnori\project\sample_test\client_build\app_build\src\main\java\kr\pe\sinnori\impl\message] creation task start
08:24:55.812 [main] INFO  k.p.s.c.buildsystem.ProjectBuilder - main project[sample_test]'s message decoder file[PublicKeyRes][D:\gitsinnori\sinnori\project\sample_test\client_build\app_build\src\main\java\kr\pe\sinnori\impl\message] creation task end
08:24:55.812 [main] INFO  k.p.s.c.buildsystem.ProjectBuilder - main project[sample_test]'s message encoder file[PublicKeyRes][D:\gitsinnori\sinnori\project\sample_test\client_build\app_build\src\main\java\kr\pe\sinnori\impl\message] creation task start
08:24:55.812 [main] INFO  k.p.s.c.buildsystem.ProjectBuilder - main project[sample_test]'s message encoder file[PublicKeyRes][D:\gitsinnori\sinnori\project\sample_test\client_build\app_build\src\main\java\kr\pe\sinnori\impl\message] creation task end
08:24:55.812 [main] INFO  k.p.s.c.buildsystem.ProjectBuilder - main project[sample_test]'s message server codec file[PublicKeyRes][D:\gitsinnori\sinnori\project\sample_test\client_build\app_build\src\main\java\kr\pe\sinnori\impl\message] creation task start
08:24:55.827 [main] INFO  k.p.s.c.buildsystem.ProjectBuilder - main project[sample_test]'s message server codec file[PublicKeyRes][D:\gitsinnori\sinnori\project\sample_test\client_build\app_build\src\main\java\kr\pe\sinnori\impl\message] creation task end
08:24:55.827 [main] INFO  k.p.s.c.buildsystem.ProjectBuilder - main project[sample_test]'s message client codec file[PublicKeyRes][D:\gitsinnori\sinnori\project\sample_test\client_build\app_build\src\main\java\kr\pe\sinnori\impl\message] creation task start
08:24:55.827 [main] INFO  k.p.s.c.buildsystem.ProjectBuilder - main project[sample_test]'s message client codec file[PublicKeyRes][D:\gitsinnori\sinnori\project\sample_test\client_build\app_build\src\main\java\kr\pe\sinnori\impl\message] creation task end
08:24:55.827 [main] INFO  k.p.s.c.buildsystem.ProjectBuilder - main project[sample_test]'s application client message io file set creation task end
08:24:55.827 [main] INFO  k.p.s.c.buildsystem.ProjectBuilder - mainproject[sample_test]'s application client build system files creation task end
08:24:55.827 [main] INFO  k.p.s.c.buildsystem.ProjectBuilder - main project[sample_test]'s web client build path deletion task start
08:24:55.849 [main] INFO  k.p.s.c.buildsystem.ProjectBuilder - main project[sample_test]'s web client build path deletion task end
08:24:55.849 [main] INFO  k.p.s.c.buildsystem.ProjectBuilder - main project[sample_test]'s web root path deletion task start
08:24:55.849 [main] INFO  k.p.s.c.buildsystem.ProjectBuilder - main project[sample_test]'s web root path deletion task end
08:24:55.849 [main] INFO  k.p.s.c.buildsystem.ProjectBuilder - main project[sample_test]'s config file overwrite task start
08:24:55.849 [main] INFO  k.p.s.c.buildsystem.ProjectBuilder - main project[sample_test]'s config file overwrite task end
08:24:55.849 [main] INFO  k.p.s.c.buildsystem.ProjectBuilder - main project[sample_test] changeProjectState method end
08:24:55.849 [main] INFO  k.p.s.c.buildsystem.ProjectBuilder - the web client ant build.xml file[D:\gitsinnori\sinnori\project\sample_test\client_build\web_build\build.xml] is bad :: whetherExist[false] isFile[false]
08:24:55.849 [main] INFO  k.p.s.c.buildsystem.ProjectBuilder - the web.xml file[D:\gitsinnori\sinnori\project\sample_test\web_app_base\ROOT\WEB-INF\web.xml] located at web root directory is bad :: whetherExist[false] isFile[false]
08:24:55.849 [main] INFO  k.p.s.c.buildsystem.ProjectBuilder - main project[sample_test] changeProjectState method start
08:24:55.849 [main] WARN  k.p.s.c.buildsystem.ProjectBuilder - the server build path[D:\gitsinnori\sinnori\project\sample_test\server_build] exist, so skip creation of server build system
08:24:55.849 [main] WARN  k.p.s.c.buildsystem.ProjectBuilder - the app client build path[D:\gitsinnori\sinnori\project\sample_test\client_build\app_build] exist, so skip creation of app client build system
08:24:55.849 [main] INFO  k.p.s.c.buildsystem.ProjectBuilder - main project[sample_test]'s web build child direcotry creation task start
08:24:55.849 [main] INFO  k.p.s.common.util.CommonStaticUtil - the new child relative direcotry[D:\gitsinnori\sinnori\project\sample_test][client_build/web_build/corelib/ex] was created successfully
08:24:55.849 [main] INFO  k.p.s.common.util.CommonStaticUtil - the new child relative direcotry[D:\gitsinnori\sinnori\project\sample_test][client_build/web_build/corelib/in] was created successfully
08:24:55.849 [main] INFO  k.p.s.common.util.CommonStaticUtil - the new child relative direcotry[D:\gitsinnori\sinnori\project\sample_test][client_build/web_build/lib/main/ex] was created successfully
08:24:55.849 [main] INFO  k.p.s.common.util.CommonStaticUtil - the new child relative direcotry[D:\gitsinnori\sinnori\project\sample_test][client_build/web_build/lib/main/in] was created successfully
08:24:55.849 [main] INFO  k.p.s.common.util.CommonStaticUtil - the new child relative direcotry[D:\gitsinnori\sinnori\project\sample_test][client_build/web_build/lib/test] was created successfully
08:24:55.865 [main] INFO  k.p.s.common.util.CommonStaticUtil - the new child relative direcotry[D:\gitsinnori\sinnori\project\sample_test][client_build/web_build/src/main/java/kr/pe/sinnori/impl/message] was created successfully
08:24:55.865 [main] INFO  k.p.s.common.util.CommonStaticUtil - the new child relative direcotry[D:\gitsinnori\sinnori\project\sample_test][client_build/web_build/src/main/java//kr/pe/sinnori/servlet] was created successfully
08:24:55.865 [main] INFO  k.p.s.common.util.CommonStaticUtil - the new child relative direcotry[D:\gitsinnori\sinnori\project\sample_test][client_build/web_build/src/main/java/kr/pe/sinnori/weblib/common] was created successfully
08:24:55.865 [main] INFO  k.p.s.common.util.CommonStaticUtil - the new child relative direcotry[D:\gitsinnori\sinnori\project\sample_test][client_build/web_build/src/main/java/kr/pe/sinnori/weblib/htmlstring] was created successfully
08:24:55.865 [main] INFO  k.p.s.common.util.CommonStaticUtil - the new child relative direcotry[D:\gitsinnori\sinnori\project\sample_test][client_build/web_build/src/main/java/kr/pe/sinnori/weblib/jdf] was created successfully
08:24:55.865 [main] INFO  k.p.s.common.util.CommonStaticUtil - the new child relative direcotry[D:\gitsinnori\sinnori\project\sample_test][client_build/web_build/src/test/java] was created successfully
08:24:55.928 [main] INFO  k.p.s.common.util.CommonStaticUtil - the new child relative direcotry[D:\gitsinnori\sinnori\project\sample_test][client_build/web_build/build] was created successfully
08:24:55.928 [main] INFO  k.p.s.common.util.CommonStaticUtil - the new child relative direcotry[D:\gitsinnori\sinnori\project\sample_test][client_build/web_build/dist] was created successfully
08:24:55.928 [main] INFO  k.p.s.c.buildsystem.ProjectBuilder - main project[sample_test]'s web build child direcotry creation task end
08:24:55.928 [main] INFO  k.p.s.c.buildsystem.ProjectBuilder - main project[sample_test]'s web client build system files creation task start
08:24:55.928 [main] INFO  k.p.s.c.buildsystem.ProjectBuilder - main project[sample_test]'s web client ant build.xml file creation task start
08:24:55.928 [main] INFO  k.p.s.c.buildsystem.ProjectBuilder - main project[sample_test]'s web client ant build.xml file creation task end
08:24:55.928 [main] INFO  k.p.s.c.buildsystem.ProjectBuilder - main project[sample_test]'s web client ant properties file creation task start
08:24:55.928 [main] INFO  k.p.s.c.util.SequencedPropertiesUtil - the sequenced properties file[D:\gitsinnori\sinnori\project\sample_test\client_build\web_build\webAnt.properties] was created
08:24:55.928 [main] INFO  k.p.s.c.buildsystem.ProjectBuilder - main project[sample_test]'s web client ant properties file creation task end
08:24:55.928 [main] INFO  k.p.s.c.buildsystem.ProjectBuilder - main project[sample_test]'s web client message io file set creation task start
08:24:55.928 [main] INFO  k.p.s.common.util.CommonStaticUtil - the new child relative direcotry[D:\gitsinnori\sinnori\project\sample_test\client_build\web_build\src\main\java\kr\pe\sinnori\impl\message][Echo] was created successfully
08:24:55.928 [main] INFO  k.p.s.c.buildsystem.ProjectBuilder - main project[sample_test]'s message file[Echo][D:\gitsinnori\sinnori\project\sample_test\client_build\web_build\src\main\java\kr\pe\sinnori\impl\message] creation task start
08:24:55.949 [main] INFO  k.p.s.c.buildsystem.ProjectBuilder - main project[sample_test]'s message file[Echo][D:\gitsinnori\sinnori\project\sample_test\client_build\web_build\src\main\java\kr\pe\sinnori\impl\message] creation task end
08:24:55.949 [main] INFO  k.p.s.c.buildsystem.ProjectBuilder - main project[sample_test]'s message decoder file[Echo][D:\gitsinnori\sinnori\project\sample_test\client_build\web_build\src\main\java\kr\pe\sinnori\impl\message] creation task start
08:24:55.950 [main] INFO  k.p.s.c.buildsystem.ProjectBuilder - main project[sample_test]'s message decoder file[Echo][D:\gitsinnori\sinnori\project\sample_test\client_build\web_build\src\main\java\kr\pe\sinnori\impl\message] creation task end
08:24:55.950 [main] INFO  k.p.s.c.buildsystem.ProjectBuilder - main project[sample_test]'s message encoder file[Echo][D:\gitsinnori\sinnori\project\sample_test\client_build\web_build\src\main\java\kr\pe\sinnori\impl\message] creation task start
08:24:55.950 [main] INFO  k.p.s.c.buildsystem.ProjectBuilder - main project[sample_test]'s message encoder file[Echo][D:\gitsinnori\sinnori\project\sample_test\client_build\web_build\src\main\java\kr\pe\sinnori\impl\message] creation task end
08:24:55.950 [main] INFO  k.p.s.c.buildsystem.ProjectBuilder - main project[sample_test]'s message server codec file[Echo][D:\gitsinnori\sinnori\project\sample_test\client_build\web_build\src\main\java\kr\pe\sinnori\impl\message] creation task start
08:24:55.950 [main] INFO  k.p.s.c.buildsystem.ProjectBuilder - main project[sample_test]'s message server codec file[Echo][D:\gitsinnori\sinnori\project\sample_test\client_build\web_build\src\main\java\kr\pe\sinnori\impl\message] creation task end
08:24:55.950 [main] INFO  k.p.s.c.buildsystem.ProjectBuilder - main project[sample_test]'s message client codec file[Echo][D:\gitsinnori\sinnori\project\sample_test\client_build\web_build\src\main\java\kr\pe\sinnori\impl\message] creation task start
08:24:55.950 [main] INFO  k.p.s.c.buildsystem.ProjectBuilder - main project[sample_test]'s message client codec file[Echo][D:\gitsinnori\sinnori\project\sample_test\client_build\web_build\src\main\java\kr\pe\sinnori\impl\message] creation task end
08:24:55.950 [main] INFO  k.p.s.common.util.CommonStaticUtil - the new child relative direcotry[D:\gitsinnori\sinnori\project\sample_test\client_build\web_build\src\main\java\kr\pe\sinnori\impl\message][PublicKeyReq] was created successfully
08:24:55.950 [main] INFO  k.p.s.c.buildsystem.ProjectBuilder - main project[sample_test]'s message file[PublicKeyReq][D:\gitsinnori\sinnori\project\sample_test\client_build\web_build\src\main\java\kr\pe\sinnori\impl\message] creation task start
08:24:55.966 [main] INFO  k.p.s.c.buildsystem.ProjectBuilder - main project[sample_test]'s message file[PublicKeyReq][D:\gitsinnori\sinnori\project\sample_test\client_build\web_build\src\main\java\kr\pe\sinnori\impl\message] creation task end
08:24:55.966 [main] INFO  k.p.s.c.buildsystem.ProjectBuilder - main project[sample_test]'s message decoder file[PublicKeyReq][D:\gitsinnori\sinnori\project\sample_test\client_build\web_build\src\main\java\kr\pe\sinnori\impl\message] creation task start
08:24:55.966 [main] INFO  k.p.s.c.buildsystem.ProjectBuilder - main project[sample_test]'s message decoder file[PublicKeyReq][D:\gitsinnori\sinnori\project\sample_test\client_build\web_build\src\main\java\kr\pe\sinnori\impl\message] creation task end
08:24:55.966 [main] INFO  k.p.s.c.buildsystem.ProjectBuilder - main project[sample_test]'s message encoder file[PublicKeyReq][D:\gitsinnori\sinnori\project\sample_test\client_build\web_build\src\main\java\kr\pe\sinnori\impl\message] creation task start
08:24:55.966 [main] INFO  k.p.s.c.buildsystem.ProjectBuilder - main project[sample_test]'s message encoder file[PublicKeyReq][D:\gitsinnori\sinnori\project\sample_test\client_build\web_build\src\main\java\kr\pe\sinnori\impl\message] creation task end
08:24:55.966 [main] INFO  k.p.s.c.buildsystem.ProjectBuilder - main project[sample_test]'s message server codec file[PublicKeyReq][D:\gitsinnori\sinnori\project\sample_test\client_build\web_build\src\main\java\kr\pe\sinnori\impl\message] creation task start
08:24:55.966 [main] INFO  k.p.s.c.buildsystem.ProjectBuilder - main project[sample_test]'s message server codec file[PublicKeyReq][D:\gitsinnori\sinnori\project\sample_test\client_build\web_build\src\main\java\kr\pe\sinnori\impl\message] creation task end
08:24:55.966 [main] INFO  k.p.s.c.buildsystem.ProjectBuilder - main project[sample_test]'s message client codec file[PublicKeyReq][D:\gitsinnori\sinnori\project\sample_test\client_build\web_build\src\main\java\kr\pe\sinnori\impl\message] creation task start
08:24:55.966 [main] INFO  k.p.s.c.buildsystem.ProjectBuilder - main project[sample_test]'s message client codec file[PublicKeyReq][D:\gitsinnori\sinnori\project\sample_test\client_build\web_build\src\main\java\kr\pe\sinnori\impl\message] creation task end
08:24:55.966 [main] INFO  k.p.s.common.util.CommonStaticUtil - the new child relative direcotry[D:\gitsinnori\sinnori\project\sample_test\client_build\web_build\src\main\java\kr\pe\sinnori\impl\message][PublicKeyRes] was created successfully
08:24:55.966 [main] INFO  k.p.s.c.buildsystem.ProjectBuilder - main project[sample_test]'s message file[PublicKeyRes][D:\gitsinnori\sinnori\project\sample_test\client_build\web_build\src\main\java\kr\pe\sinnori\impl\message] creation task start
08:24:55.981 [main] INFO  k.p.s.c.buildsystem.ProjectBuilder - main project[sample_test]'s message file[PublicKeyRes][D:\gitsinnori\sinnori\project\sample_test\client_build\web_build\src\main\java\kr\pe\sinnori\impl\message] creation task end
08:24:55.981 [main] INFO  k.p.s.c.buildsystem.ProjectBuilder - main project[sample_test]'s message decoder file[PublicKeyRes][D:\gitsinnori\sinnori\project\sample_test\client_build\web_build\src\main\java\kr\pe\sinnori\impl\message] creation task start
08:24:55.981 [main] INFO  k.p.s.c.buildsystem.ProjectBuilder - main project[sample_test]'s message decoder file[PublicKeyRes][D:\gitsinnori\sinnori\project\sample_test\client_build\web_build\src\main\java\kr\pe\sinnori\impl\message] creation task end
08:24:55.981 [main] INFO  k.p.s.c.buildsystem.ProjectBuilder - main project[sample_test]'s message encoder file[PublicKeyRes][D:\gitsinnori\sinnori\project\sample_test\client_build\web_build\src\main\java\kr\pe\sinnori\impl\message] creation task start
08:24:55.981 [main] INFO  k.p.s.c.buildsystem.ProjectBuilder - main project[sample_test]'s message encoder file[PublicKeyRes][D:\gitsinnori\sinnori\project\sample_test\client_build\web_build\src\main\java\kr\pe\sinnori\impl\message] creation task end
08:24:55.981 [main] INFO  k.p.s.c.buildsystem.ProjectBuilder - main project[sample_test]'s message server codec file[PublicKeyRes][D:\gitsinnori\sinnori\project\sample_test\client_build\web_build\src\main\java\kr\pe\sinnori\impl\message] creation task start
08:24:56.081 [main] INFO  k.p.s.c.buildsystem.ProjectBuilder - main project[sample_test]'s message server codec file[PublicKeyRes][D:\gitsinnori\sinnori\project\sample_test\client_build\web_build\src\main\java\kr\pe\sinnori\impl\message] creation task end
08:24:56.081 [main] INFO  k.p.s.c.buildsystem.ProjectBuilder - main project[sample_test]'s message client codec file[PublicKeyRes][D:\gitsinnori\sinnori\project\sample_test\client_build\web_build\src\main\java\kr\pe\sinnori\impl\message] creation task start
08:24:56.081 [main] INFO  k.p.s.c.buildsystem.ProjectBuilder - main project[sample_test]'s message client codec file[PublicKeyRes][D:\gitsinnori\sinnori\project\sample_test\client_build\web_build\src\main\java\kr\pe\sinnori\impl\message] creation task end
08:24:56.081 [main] INFO  k.p.s.c.buildsystem.ProjectBuilder - main project[sample_test]'s web client message io file set creation task end
08:24:56.081 [main] INFO  k.p.s.c.buildsystem.ProjectBuilder - mainproject[sample_test]'s web client sample source files copy task start
08:24:56.181 [main] INFO  k.p.s.c.buildsystem.ProjectBuilder - mainproject[sample_test]'s web client sample source files copy task end
08:24:56.197 [main] INFO  k.p.s.c.buildsystem.ProjectBuilder - main project[sample_test]'s web client build system files creation task end
08:24:56.197 [main] INFO  k.p.s.c.buildsystem.ProjectBuilder - main project[sample_test]'s web root child direcotry creation task start
08:24:56.197 [main] INFO  k.p.s.common.util.CommonStaticUtil - the child relative direcotry[D:\gitsinnori\sinnori\project\sample_test][web_app_base/upload] exist, so nothing
08:24:56.197 [main] INFO  k.p.s.common.util.CommonStaticUtil - the new child relative direcotry[D:\gitsinnori\sinnori\project\sample_test][web_app_base/ROOT/WEB-INF/classes] was created successfully
08:24:56.197 [main] INFO  k.p.s.common.util.CommonStaticUtil - the new child relative direcotry[D:\gitsinnori\sinnori\project\sample_test][web_app_base/ROOT/WEB-INF/lib] was created successfully
08:24:56.197 [main] INFO  k.p.s.c.buildsystem.ProjectBuilder - main project[sample_test]'s web root child direcotry creation task end
08:24:56.197 [main] INFO  k.p.s.c.buildsystem.ProjectBuilder - main project[sample_test]'s web root sample files creation task start
08:24:56.197 [main] INFO  k.p.s.c.buildsystem.ProjectBuilder - main project[sample_test]'s web root sample files copy task start
08:24:56.197 [main] INFO  k.p.s.c.buildsystem.ProjectBuilder - main project[sample_test]'s web root sample files copy task end
08:24:56.197 [main] INFO  k.p.s.c.buildsystem.ProjectBuilder - main project[sample_test]'s web root sample files creation task end
08:24:56.197 [main] INFO  k.p.s.c.buildsystem.ProjectBuilder - main project[sample_test]'s config file overwrite task start
08:24:56.197 [main] INFO  k.p.s.c.buildsystem.ProjectBuilder - main project[sample_test]'s config file overwrite task end
08:24:56.197 [main] INFO  k.p.s.c.buildsystem.ProjectBuilder - main project[sample_test] changeProjectState method end
08:24:56.250 [main] INFO  k.p.s.c.buildsystem.ProjectBuilder - main project[sample_test]'s child direcotry creation task start
08:24:56.250 [main] INFO  k.p.s.c.buildsystem.ProjectBuilder - main project[sample_test]'s common child direcotry creation task start
08:24:56.250 [main] INFO  k.p.s.common.util.CommonStaticUtil - the new child relative direcotry[D:\gitsinnori\sinnori\project\sample_test][config] was created successfully
08:24:56.250 [main] INFO  k.p.s.common.util.CommonStaticUtil - the new child relative direcotry[D:\gitsinnori\sinnori\project\sample_test][resources/dbcp] was created successfully
08:24:56.250 [main] INFO  k.p.s.common.util.CommonStaticUtil - the new child relative direcotry[D:\gitsinnori\sinnori\project\sample_test][resources/message_info] was created successfully
08:24:56.250 [main] INFO  k.p.s.common.util.CommonStaticUtil - the new child relative direcotry[D:\gitsinnori\sinnori\project\sample_test][resources/rsa_keypair] was created successfully
08:24:56.250 [main] INFO  k.p.s.common.util.CommonStaticUtil - the new child relative direcotry[D:\gitsinnori\sinnori\project\sample_test][log/apache] was created successfully
08:24:56.250 [main] INFO  k.p.s.common.util.CommonStaticUtil - the new child relative direcotry[D:\gitsinnori\sinnori\project\sample_test][log/client] was created successfully
08:24:56.250 [main] INFO  k.p.s.common.util.CommonStaticUtil - the new child relative direcotry[D:\gitsinnori\sinnori\project\sample_test][log/server] was created successfully
08:24:56.250 [main] INFO  k.p.s.common.util.CommonStaticUtil - the new child relative direcotry[D:\gitsinnori\sinnori\project\sample_test][log/servlet] was created successfully
08:24:56.250 [main] INFO  k.p.s.c.buildsystem.ProjectBuilder - main project[sample_test]'s common child direcotry creation task end
08:24:56.250 [main] INFO  k.p.s.c.buildsystem.ProjectBuilder - main project[sample_test]'s application build child direcotry creation task start
08:24:56.250 [main] INFO  k.p.s.common.util.CommonStaticUtil - the new child relative direcotry[D:\gitsinnori\sinnori\project\sample_test][client_build/app_build/corelib/ex] was created successfully
08:24:56.250 [main] INFO  k.p.s.common.util.CommonStaticUtil - the new child relative direcotry[D:\gitsinnori\sinnori\project\sample_test][client_build/app_build/corelib/in] was created successfully
08:24:56.250 [main] INFO  k.p.s.common.util.CommonStaticUtil - the new child relative direcotry[D:\gitsinnori\sinnori\project\sample_test][client_build/app_build/lib/main/ex] was created successfully
08:24:56.250 [main] INFO  k.p.s.common.util.CommonStaticUtil - the new child relative direcotry[D:\gitsinnori\sinnori\project\sample_test][client_build/app_build/lib/main/in] was created successfully
08:24:56.250 [main] INFO  k.p.s.common.util.CommonStaticUtil - the new child relative direcotry[D:\gitsinnori\sinnori\project\sample_test][client_build/app_build/lib/test] was created successfully
08:24:56.250 [main] INFO  k.p.s.common.util.CommonStaticUtil - the new child relative direcotry[D:\gitsinnori\sinnori\project\sample_test][client_build/app_build/src/main/java/kr/pe/sinnori/impl/message] was created successfully
08:24:56.250 [main] INFO  k.p.s.common.util.CommonStaticUtil - the new child relative direcotry[D:\gitsinnori\sinnori\project\sample_test][client_build/app_build/src/main/java/main] was created successfully
08:24:56.250 [main] INFO  k.p.s.common.util.CommonStaticUtil - the new child relative direcotry[D:\gitsinnori\sinnori\project\sample_test][client_build/app_build/src/test/java] was created successfully
08:24:56.250 [main] INFO  k.p.s.common.util.CommonStaticUtil - the new child relative direcotry[D:\gitsinnori\sinnori\project\sample_test][client_build/app_build/build] was created successfully
08:24:56.250 [main] INFO  k.p.s.common.util.CommonStaticUtil - the new child relative direcotry[D:\gitsinnori\sinnori\project\sample_test][client_build/app_build/dist] was created successfully
08:24:56.250 [main] INFO  k.p.s.c.buildsystem.ProjectBuilder - main project[sample_test]'s application build child direcotry creation task end
08:24:56.328 [main] INFO  k.p.s.c.buildsystem.ProjectBuilder - main project[sample_test]'s web build child direcotry creation task start
08:24:56.328 [main] INFO  k.p.s.common.util.CommonStaticUtil - the new child relative direcotry[D:\gitsinnori\sinnori\project\sample_test][client_build/web_build/corelib/ex] was created successfully
08:24:56.328 [main] INFO  k.p.s.common.util.CommonStaticUtil - the new child relative direcotry[D:\gitsinnori\sinnori\project\sample_test][client_build/web_build/corelib/in] was created successfully
08:24:56.328 [main] INFO  k.p.s.common.util.CommonStaticUtil - the new child relative direcotry[D:\gitsinnori\sinnori\project\sample_test][client_build/web_build/lib/main/ex] was created successfully
08:24:56.328 [main] INFO  k.p.s.common.util.CommonStaticUtil - the new child relative direcotry[D:\gitsinnori\sinnori\project\sample_test][client_build/web_build/lib/main/in] was created successfully
08:24:56.328 [main] INFO  k.p.s.common.util.CommonStaticUtil - the new child relative direcotry[D:\gitsinnori\sinnori\project\sample_test][client_build/web_build/lib/test] was created successfully
08:24:56.344 [main] INFO  k.p.s.common.util.CommonStaticUtil - the new child relative direcotry[D:\gitsinnori\sinnori\project\sample_test][client_build/web_build/src/main/java/kr/pe/sinnori/impl/message] was created successfully
08:24:56.345 [main] INFO  k.p.s.common.util.CommonStaticUtil - the new child relative direcotry[D:\gitsinnori\sinnori\project\sample_test][client_build/web_build/src/main/java//kr/pe/sinnori/servlet] was created successfully
08:24:56.346 [main] INFO  k.p.s.common.util.CommonStaticUtil - the new child relative direcotry[D:\gitsinnori\sinnori\project\sample_test][client_build/web_build/src/main/java/kr/pe/sinnori/weblib/common] was created successfully
08:24:56.347 [main] INFO  k.p.s.common.util.CommonStaticUtil - the new child relative direcotry[D:\gitsinnori\sinnori\project\sample_test][client_build/web_build/src/main/java/kr/pe/sinnori/weblib/htmlstring] was created successfully
08:24:56.347 [main] INFO  k.p.s.common.util.CommonStaticUtil - the new child relative direcotry[D:\gitsinnori\sinnori\project\sample_test][client_build/web_build/src/main/java/kr/pe/sinnori/weblib/jdf] was created successfully
08:24:56.348 [main] INFO  k.p.s.common.util.CommonStaticUtil - the new child relative direcotry[D:\gitsinnori\sinnori\project\sample_test][client_build/web_build/src/test/java] was created successfully
08:24:56.348 [main] INFO  k.p.s.common.util.CommonStaticUtil - the new child relative direcotry[D:\gitsinnori\sinnori\project\sample_test][client_build/web_build/build] was created successfully
08:24:56.348 [main] INFO  k.p.s.common.util.CommonStaticUtil - the new child relative direcotry[D:\gitsinnori\sinnori\project\sample_test][client_build/web_build/dist] was created successfully
08:24:56.348 [main] INFO  k.p.s.c.buildsystem.ProjectBuilder - main project[sample_test]'s web build child direcotry creation task end
08:24:56.348 [main] INFO  k.p.s.c.buildsystem.ProjectBuilder - main project[sample_test]'s web root child direcotry creation task start
08:24:56.349 [main] INFO  k.p.s.common.util.CommonStaticUtil - the new child relative direcotry[D:\gitsinnori\sinnori\project\sample_test][web_app_base/upload] was created successfully
08:24:56.350 [main] INFO  k.p.s.common.util.CommonStaticUtil - the new child relative direcotry[D:\gitsinnori\sinnori\project\sample_test][web_app_base/ROOT/WEB-INF/classes] was created successfully
08:24:56.350 [main] INFO  k.p.s.common.util.CommonStaticUtil - the new child relative direcotry[D:\gitsinnori\sinnori\project\sample_test][web_app_base/ROOT/WEB-INF/lib] was created successfully
08:24:56.350 [main] INFO  k.p.s.c.buildsystem.ProjectBuilder - main project[sample_test]'s web root child direcotry creation task end
08:24:56.350 [main] INFO  k.p.s.c.buildsystem.ProjectBuilder - main project[sample_test]'s child direcotry creation task end
08:24:56.350 [main] INFO  k.p.s.c.buildsystem.ProjectBuilder - main project[sample_test]'s file creation task start
08:24:56.350 [main] INFO  k.p.s.c.buildsystem.ProjectBuilder - main project[sample_test]'s config file creation task start
08:24:56.350 [main] INFO  k.p.s.c.util.SequencedPropertiesUtil - the sequenced properties file[D:\gitsinnori\sinnori\project\sample_test\config\sinnori.properties] was created
08:24:56.350 [main] INFO  k.p.s.c.buildsystem.ProjectBuilder - main project[sample_test]'s config file creation task end
08:24:56.350 [main] INFO  k.p.s.c.buildsystem.ProjectBuilder - the mainproject[sample_test]'s resources directory copy task start
08:24:56.381 [main] INFO  k.p.s.c.buildsystem.ProjectBuilder - the mainproject[sample_test]'s resources directory copy task end
08:24:56.381 [main] INFO  k.p.s.c.buildsystem.ProjectBuilder - mainproject[sample_test]'s application client build system files creation task start
08:24:56.381 [main] INFO  k.p.s.c.buildsystem.ProjectBuilder - main project[sample_test]'s application client ant build.xml file creation task start
08:24:56.381 [main] INFO  k.p.s.c.buildsystem.ProjectBuilder - main project[sample_test]'s application client ant build.xml file creation task end
08:24:56.381 [main] INFO  k.p.s.c.buildsystem.ProjectBuilder - main project[sample_test]'s application client dos shell file creation task start
08:24:56.381 [main] INFO  k.p.s.c.buildsystem.ProjectBuilder - main project[sample_test]'s application client dos shell file creation task end
08:24:56.381 [main] INFO  k.p.s.c.buildsystem.ProjectBuilder - main project[sample_test]'s application client unix shell file creation task start
08:24:56.381 [main] INFO  k.p.s.c.buildsystem.ProjectBuilder - main project[sample_test]'s application client unix shell file creation task end
08:24:56.381 [main] INFO  k.p.s.c.buildsystem.ProjectBuilder - application client sample source files copy task start
08:24:56.381 [main] INFO  k.p.s.c.buildsystem.ProjectBuilder - application client sample source files copy task end
08:24:56.381 [main] INFO  k.p.s.c.buildsystem.ProjectBuilder - main project[sample_test]'s application client message io file set creation task start
08:24:56.381 [main] INFO  k.p.s.common.util.CommonStaticUtil - the new child relative direcotry[D:\gitsinnori\sinnori\project\sample_test\client_build\app_build\src\main\java\kr\pe\sinnori\impl\message][Echo] was created successfully
08:24:56.381 [main] INFO  k.p.s.c.buildsystem.ProjectBuilder - main project[sample_test]'s message file[Echo][D:\gitsinnori\sinnori\project\sample_test\client_build\app_build\src\main\java\kr\pe\sinnori\impl\message] creation task start
08:24:56.381 [main] INFO  k.p.s.c.buildsystem.ProjectBuilder - main project[sample_test]'s message file[Echo][D:\gitsinnori\sinnori\project\sample_test\client_build\app_build\src\main\java\kr\pe\sinnori\impl\message] creation task end
08:24:56.381 [main] INFO  k.p.s.c.buildsystem.ProjectBuilder - main project[sample_test]'s message decoder file[Echo][D:\gitsinnori\sinnori\project\sample_test\client_build\app_build\src\main\java\kr\pe\sinnori\impl\message] creation task start
08:24:56.397 [main] INFO  k.p.s.c.buildsystem.ProjectBuilder - main project[sample_test]'s message decoder file[Echo][D:\gitsinnori\sinnori\project\sample_test\client_build\app_build\src\main\java\kr\pe\sinnori\impl\message] creation task end
08:24:56.397 [main] INFO  k.p.s.c.buildsystem.ProjectBuilder - main project[sample_test]'s message encoder file[Echo][D:\gitsinnori\sinnori\project\sample_test\client_build\app_build\src\main\java\kr\pe\sinnori\impl\message] creation task start
08:24:56.397 [main] INFO  k.p.s.c.buildsystem.ProjectBuilder - main project[sample_test]'s message encoder file[Echo][D:\gitsinnori\sinnori\project\sample_test\client_build\app_build\src\main\java\kr\pe\sinnori\impl\message] creation task end
08:24:56.397 [main] INFO  k.p.s.c.buildsystem.ProjectBuilder - main project[sample_test]'s message server codec file[Echo][D:\gitsinnori\sinnori\project\sample_test\client_build\app_build\src\main\java\kr\pe\sinnori\impl\message] creation task start
08:24:56.397 [main] INFO  k.p.s.c.buildsystem.ProjectBuilder - main project[sample_test]'s message server codec file[Echo][D:\gitsinnori\sinnori\project\sample_test\client_build\app_build\src\main\java\kr\pe\sinnori\impl\message] creation task end
08:24:56.397 [main] INFO  k.p.s.c.buildsystem.ProjectBuilder - main project[sample_test]'s message client codec file[Echo][D:\gitsinnori\sinnori\project\sample_test\client_build\app_build\src\main\java\kr\pe\sinnori\impl\message] creation task start
08:24:56.465 [main] INFO  k.p.s.c.buildsystem.ProjectBuilder - main project[sample_test]'s message client codec file[Echo][D:\gitsinnori\sinnori\project\sample_test\client_build\app_build\src\main\java\kr\pe\sinnori\impl\message] creation task end
08:24:56.465 [main] INFO  k.p.s.common.util.CommonStaticUtil - the new child relative direcotry[D:\gitsinnori\sinnori\project\sample_test\client_build\app_build\src\main\java\kr\pe\sinnori\impl\message][PublicKeyReq] was created successfully
08:24:56.465 [main] INFO  k.p.s.c.buildsystem.ProjectBuilder - main project[sample_test]'s message file[PublicKeyReq][D:\gitsinnori\sinnori\project\sample_test\client_build\app_build\src\main\java\kr\pe\sinnori\impl\message] creation task start
08:24:56.465 [main] INFO  k.p.s.c.buildsystem.ProjectBuilder - main project[sample_test]'s message file[PublicKeyReq][D:\gitsinnori\sinnori\project\sample_test\client_build\app_build\src\main\java\kr\pe\sinnori\impl\message] creation task end
08:24:56.465 [main] INFO  k.p.s.c.buildsystem.ProjectBuilder - main project[sample_test]'s message decoder file[PublicKeyReq][D:\gitsinnori\sinnori\project\sample_test\client_build\app_build\src\main\java\kr\pe\sinnori\impl\message] creation task start
08:24:56.465 [main] INFO  k.p.s.c.buildsystem.ProjectBuilder - main project[sample_test]'s message decoder file[PublicKeyReq][D:\gitsinnori\sinnori\project\sample_test\client_build\app_build\src\main\java\kr\pe\sinnori\impl\message] creation task end
08:24:56.465 [main] INFO  k.p.s.c.buildsystem.ProjectBuilder - main project[sample_test]'s message encoder file[PublicKeyReq][D:\gitsinnori\sinnori\project\sample_test\client_build\app_build\src\main\java\kr\pe\sinnori\impl\message] creation task start
08:24:56.481 [main] INFO  k.p.s.c.buildsystem.ProjectBuilder - main project[sample_test]'s message encoder file[PublicKeyReq][D:\gitsinnori\sinnori\project\sample_test\client_build\app_build\src\main\java\kr\pe\sinnori\impl\message] creation task end
08:24:56.481 [main] INFO  k.p.s.c.buildsystem.ProjectBuilder - main project[sample_test]'s message server codec file[PublicKeyReq][D:\gitsinnori\sinnori\project\sample_test\client_build\app_build\src\main\java\kr\pe\sinnori\impl\message] creation task start
08:24:56.481 [main] INFO  k.p.s.c.buildsystem.ProjectBuilder - main project[sample_test]'s message server codec file[PublicKeyReq][D:\gitsinnori\sinnori\project\sample_test\client_build\app_build\src\main\java\kr\pe\sinnori\impl\message] creation task end
08:24:56.481 [main] INFO  k.p.s.c.buildsystem.ProjectBuilder - main project[sample_test]'s message client codec file[PublicKeyReq][D:\gitsinnori\sinnori\project\sample_test\client_build\app_build\src\main\java\kr\pe\sinnori\impl\message] creation task start
08:24:56.481 [main] INFO  k.p.s.c.buildsystem.ProjectBuilder - main project[sample_test]'s message client codec file[PublicKeyReq][D:\gitsinnori\sinnori\project\sample_test\client_build\app_build\src\main\java\kr\pe\sinnori\impl\message] creation task end
08:24:56.481 [main] INFO  k.p.s.common.util.CommonStaticUtil - the new child relative direcotry[D:\gitsinnori\sinnori\project\sample_test\client_build\app_build\src\main\java\kr\pe\sinnori\impl\message][PublicKeyRes] was created successfully
08:24:56.481 [main] INFO  k.p.s.c.buildsystem.ProjectBuilder - main project[sample_test]'s message file[PublicKeyRes][D:\gitsinnori\sinnori\project\sample_test\client_build\app_build\src\main\java\kr\pe\sinnori\impl\message] creation task start
08:24:56.481 [main] INFO  k.p.s.c.buildsystem.ProjectBuilder - main project[sample_test]'s message file[PublicKeyRes][D:\gitsinnori\sinnori\project\sample_test\client_build\app_build\src\main\java\kr\pe\sinnori\impl\message] creation task end
08:24:56.481 [main] INFO  k.p.s.c.buildsystem.ProjectBuilder - main project[sample_test]'s message decoder file[PublicKeyRes][D:\gitsinnori\sinnori\project\sample_test\client_build\app_build\src\main\java\kr\pe\sinnori\impl\message] creation task start
08:24:56.481 [main] INFO  k.p.s.c.buildsystem.ProjectBuilder - main project[sample_test]'s message decoder file[PublicKeyRes][D:\gitsinnori\sinnori\project\sample_test\client_build\app_build\src\main\java\kr\pe\sinnori\impl\message] creation task end
08:24:56.481 [main] INFO  k.p.s.c.buildsystem.ProjectBuilder - main project[sample_test]'s message encoder file[PublicKeyRes][D:\gitsinnori\sinnori\project\sample_test\client_build\app_build\src\main\java\kr\pe\sinnori\impl\message] creation task start
08:24:56.497 [main] INFO  k.p.s.c.buildsystem.ProjectBuilder - main project[sample_test]'s message encoder file[PublicKeyRes][D:\gitsinnori\sinnori\project\sample_test\client_build\app_build\src\main\java\kr\pe\sinnori\impl\message] creation task end
08:24:56.497 [main] INFO  k.p.s.c.buildsystem.ProjectBuilder - main project[sample_test]'s message server codec file[PublicKeyRes][D:\gitsinnori\sinnori\project\sample_test\client_build\app_build\src\main\java\kr\pe\sinnori\impl\message] creation task start
08:24:56.497 [main] INFO  k.p.s.c.buildsystem.ProjectBuilder - main project[sample_test]'s message server codec file[PublicKeyRes][D:\gitsinnori\sinnori\project\sample_test\client_build\app_build\src\main\java\kr\pe\sinnori\impl\message] creation task end
08:24:56.497 [main] INFO  k.p.s.c.buildsystem.ProjectBuilder - main project[sample_test]'s message client codec file[PublicKeyRes][D:\gitsinnori\sinnori\project\sample_test\client_build\app_build\src\main\java\kr\pe\sinnori\impl\message] creation task start
08:24:56.497 [main] INFO  k.p.s.c.buildsystem.ProjectBuilder - main project[sample_test]'s message client codec file[PublicKeyRes][D:\gitsinnori\sinnori\project\sample_test\client_build\app_build\src\main\java\kr\pe\sinnori\impl\message] creation task end
08:24:56.497 [main] INFO  k.p.s.c.buildsystem.ProjectBuilder - main project[sample_test]'s application client message io file set creation task end
08:24:56.497 [main] INFO  k.p.s.c.buildsystem.ProjectBuilder - mainproject[sample_test]'s application client build system files creation task end
08:24:56.497 [main] INFO  k.p.s.c.buildsystem.ProjectBuilder - main project[sample_test]'s web client build system files creation task start
08:24:56.497 [main] INFO  k.p.s.c.buildsystem.ProjectBuilder - main project[sample_test]'s web client ant build.xml file creation task start
08:24:56.497 [main] INFO  k.p.s.c.buildsystem.ProjectBuilder - main project[sample_test]'s web client ant build.xml file creation task end
08:24:56.497 [main] INFO  k.p.s.c.buildsystem.ProjectBuilder - main project[sample_test]'s web client ant properties file creation task start
08:24:56.497 [main] INFO  k.p.s.c.util.SequencedPropertiesUtil - the sequenced properties file[D:\gitsinnori\sinnori\project\sample_test\client_build\web_build\webAnt.properties] was created
08:24:56.497 [main] INFO  k.p.s.c.buildsystem.ProjectBuilder - main project[sample_test]'s web client ant properties file creation task end
08:24:56.497 [main] INFO  k.p.s.c.buildsystem.ProjectBuilder - main project[sample_test]'s web client message io file set creation task start
08:24:56.497 [main] INFO  k.p.s.common.util.CommonStaticUtil - the new child relative direcotry[D:\gitsinnori\sinnori\project\sample_test\client_build\web_build\src\main\java\kr\pe\sinnori\impl\message][Echo] was created successfully
08:24:56.497 [main] INFO  k.p.s.c.buildsystem.ProjectBuilder - main project[sample_test]'s message file[Echo][D:\gitsinnori\sinnori\project\sample_test\client_build\web_build\src\main\java\kr\pe\sinnori\impl\message] creation task start
08:24:56.497 [main] INFO  k.p.s.c.buildsystem.ProjectBuilder - main project[sample_test]'s message file[Echo][D:\gitsinnori\sinnori\project\sample_test\client_build\web_build\src\main\java\kr\pe\sinnori\impl\message] creation task end
08:24:56.497 [main] INFO  k.p.s.c.buildsystem.ProjectBuilder - main project[sample_test]'s message decoder file[Echo][D:\gitsinnori\sinnori\project\sample_test\client_build\web_build\src\main\java\kr\pe\sinnori\impl\message] creation task start
08:24:56.512 [main] INFO  k.p.s.c.buildsystem.ProjectBuilder - main project[sample_test]'s message decoder file[Echo][D:\gitsinnori\sinnori\project\sample_test\client_build\web_build\src\main\java\kr\pe\sinnori\impl\message] creation task end
08:24:56.512 [main] INFO  k.p.s.c.buildsystem.ProjectBuilder - main project[sample_test]'s message encoder file[Echo][D:\gitsinnori\sinnori\project\sample_test\client_build\web_build\src\main\java\kr\pe\sinnori\impl\message] creation task start
08:24:56.512 [main] INFO  k.p.s.c.buildsystem.ProjectBuilder - main project[sample_test]'s message encoder file[Echo][D:\gitsinnori\sinnori\project\sample_test\client_build\web_build\src\main\java\kr\pe\sinnori\impl\message] creation task end
08:24:56.512 [main] INFO  k.p.s.c.buildsystem.ProjectBuilder - main project[sample_test]'s message server codec file[Echo][D:\gitsinnori\sinnori\project\sample_test\client_build\web_build\src\main\java\kr\pe\sinnori\impl\message] creation task start
08:24:56.512 [main] INFO  k.p.s.c.buildsystem.ProjectBuilder - main project[sample_test]'s message server codec file[Echo][D:\gitsinnori\sinnori\project\sample_test\client_build\web_build\src\main\java\kr\pe\sinnori\impl\message] creation task end
08:24:56.512 [main] INFO  k.p.s.c.buildsystem.ProjectBuilder - main project[sample_test]'s message client codec file[Echo][D:\gitsinnori\sinnori\project\sample_test\client_build\web_build\src\main\java\kr\pe\sinnori\impl\message] creation task start
08:24:56.512 [main] INFO  k.p.s.c.buildsystem.ProjectBuilder - main project[sample_test]'s message client codec file[Echo][D:\gitsinnori\sinnori\project\sample_test\client_build\web_build\src\main\java\kr\pe\sinnori\impl\message] creation task end
08:24:56.512 [main] INFO  k.p.s.common.util.CommonStaticUtil - the new child relative direcotry[D:\gitsinnori\sinnori\project\sample_test\client_build\web_build\src\main\java\kr\pe\sinnori\impl\message][PublicKeyReq] was created successfully
08:24:56.512 [main] INFO  k.p.s.c.buildsystem.ProjectBuilder - main project[sample_test]'s message file[PublicKeyReq][D:\gitsinnori\sinnori\project\sample_test\client_build\web_build\src\main\java\kr\pe\sinnori\impl\message] creation task start
08:24:56.512 [main] INFO  k.p.s.c.buildsystem.ProjectBuilder - main project[sample_test]'s message file[PublicKeyReq][D:\gitsinnori\sinnori\project\sample_test\client_build\web_build\src\main\java\kr\pe\sinnori\impl\message] creation task end
08:24:56.512 [main] INFO  k.p.s.c.buildsystem.ProjectBuilder - main project[sample_test]'s message decoder file[PublicKeyReq][D:\gitsinnori\sinnori\project\sample_test\client_build\web_build\src\main\java\kr\pe\sinnori\impl\message] creation task start
08:24:56.512 [main] INFO  k.p.s.c.buildsystem.ProjectBuilder - main project[sample_test]'s message decoder file[PublicKeyReq][D:\gitsinnori\sinnori\project\sample_test\client_build\web_build\src\main\java\kr\pe\sinnori\impl\message] creation task end
08:24:56.597 [main] INFO  k.p.s.c.buildsystem.ProjectBuilder - main project[sample_test]'s message encoder file[PublicKeyReq][D:\gitsinnori\sinnori\project\sample_test\client_build\web_build\src\main\java\kr\pe\sinnori\impl\message] creation task start
08:24:56.597 [main] INFO  k.p.s.c.buildsystem.ProjectBuilder - main project[sample_test]'s message encoder file[PublicKeyReq][D:\gitsinnori\sinnori\project\sample_test\client_build\web_build\src\main\java\kr\pe\sinnori\impl\message] creation task end
08:24:56.597 [main] INFO  k.p.s.c.buildsystem.ProjectBuilder - main project[sample_test]'s message server codec file[PublicKeyReq][D:\gitsinnori\sinnori\project\sample_test\client_build\web_build\src\main\java\kr\pe\sinnori\impl\message] creation task start
08:24:56.597 [main] INFO  k.p.s.c.buildsystem.ProjectBuilder - main project[sample_test]'s message server codec file[PublicKeyReq][D:\gitsinnori\sinnori\project\sample_test\client_build\web_build\src\main\java\kr\pe\sinnori\impl\message] creation task end
08:24:56.597 [main] INFO  k.p.s.c.buildsystem.ProjectBuilder - main project[sample_test]'s message client codec file[PublicKeyReq][D:\gitsinnori\sinnori\project\sample_test\client_build\web_build\src\main\java\kr\pe\sinnori\impl\message] creation task start
08:24:56.597 [main] INFO  k.p.s.c.buildsystem.ProjectBuilder - main project[sample_test]'s message client codec file[PublicKeyReq][D:\gitsinnori\sinnori\project\sample_test\client_build\web_build\src\main\java\kr\pe\sinnori\impl\message] creation task end
08:24:56.597 [main] INFO  k.p.s.common.util.CommonStaticUtil - the new child relative direcotry[D:\gitsinnori\sinnori\project\sample_test\client_build\web_build\src\main\java\kr\pe\sinnori\impl\message][PublicKeyRes] was created successfully
08:24:56.597 [main] INFO  k.p.s.c.buildsystem.ProjectBuilder - main project[sample_test]'s message file[PublicKeyRes][D:\gitsinnori\sinnori\project\sample_test\client_build\web_build\src\main\java\kr\pe\sinnori\impl\message] creation task start
08:24:56.597 [main] INFO  k.p.s.c.buildsystem.ProjectBuilder - main project[sample_test]'s message file[PublicKeyRes][D:\gitsinnori\sinnori\project\sample_test\client_build\web_build\src\main\java\kr\pe\sinnori\impl\message] creation task end
08:24:56.597 [main] INFO  k.p.s.c.buildsystem.ProjectBuilder - main project[sample_test]'s message decoder file[PublicKeyRes][D:\gitsinnori\sinnori\project\sample_test\client_build\web_build\src\main\java\kr\pe\sinnori\impl\message] creation task start
08:24:56.612 [main] INFO  k.p.s.c.buildsystem.ProjectBuilder - main project[sample_test]'s message decoder file[PublicKeyRes][D:\gitsinnori\sinnori\project\sample_test\client_build\web_build\src\main\java\kr\pe\sinnori\impl\message] creation task end
08:24:56.612 [main] INFO  k.p.s.c.buildsystem.ProjectBuilder - main project[sample_test]'s message encoder file[PublicKeyRes][D:\gitsinnori\sinnori\project\sample_test\client_build\web_build\src\main\java\kr\pe\sinnori\impl\message] creation task start
08:24:56.612 [main] INFO  k.p.s.c.buildsystem.ProjectBuilder - main project[sample_test]'s message encoder file[PublicKeyRes][D:\gitsinnori\sinnori\project\sample_test\client_build\web_build\src\main\java\kr\pe\sinnori\impl\message] creation task end
08:24:56.612 [main] INFO  k.p.s.c.buildsystem.ProjectBuilder - main project[sample_test]'s message server codec file[PublicKeyRes][D:\gitsinnori\sinnori\project\sample_test\client_build\web_build\src\main\java\kr\pe\sinnori\impl\message] creation task start
08:24:56.612 [main] INFO  k.p.s.c.buildsystem.ProjectBuilder - main project[sample_test]'s message server codec file[PublicKeyRes][D:\gitsinnori\sinnori\project\sample_test\client_build\web_build\src\main\java\kr\pe\sinnori\impl\message] creation task end
08:24:56.612 [main] INFO  k.p.s.c.buildsystem.ProjectBuilder - main project[sample_test]'s message client codec file[PublicKeyRes][D:\gitsinnori\sinnori\project\sample_test\client_build\web_build\src\main\java\kr\pe\sinnori\impl\message] creation task start
08:24:56.612 [main] INFO  k.p.s.c.buildsystem.ProjectBuilder - main project[sample_test]'s message client codec file[PublicKeyRes][D:\gitsinnori\sinnori\project\sample_test\client_build\web_build\src\main\java\kr\pe\sinnori\impl\message] creation task end
08:24:56.612 [main] INFO  k.p.s.c.buildsystem.ProjectBuilder - main project[sample_test]'s web client message io file set creation task end
08:24:56.612 [main] INFO  k.p.s.c.buildsystem.ProjectBuilder - mainproject[sample_test]'s web client sample source files copy task start
08:24:56.666 [main] INFO  k.p.s.c.buildsystem.ProjectBuilder - mainproject[sample_test]'s web client sample source files copy task end
08:24:56.666 [main] INFO  k.p.s.c.buildsystem.ProjectBuilder - main project[sample_test]'s web client build system files creation task end
08:24:56.666 [main] INFO  k.p.s.c.buildsystem.ProjectBuilder - main project[sample_test]'s web root sample files creation task start
08:24:56.666 [main] INFO  k.p.s.c.buildsystem.ProjectBuilder - main project[sample_test]'s web root sample files copy task start
08:24:56.681 [main] INFO  k.p.s.c.buildsystem.ProjectBuilder - main project[sample_test]'s web root sample files copy task end
08:24:56.681 [main] INFO  k.p.s.c.buildsystem.ProjectBuilder - main project[sample_test]'s web root sample files creation task end
08:24:56.681 [main] INFO  k.p.s.c.buildsystem.ProjectBuilder - main project[sample_test]'s file creation task end
08:24:56.681 [main] INFO  k.p.s.c.config.SinnoriConfiguration - item key[sessionkey.rsa.publickey.file.value]'s value is null because its status is inactive
08:24:56.681 [main] INFO  k.p.s.c.config.SinnoriConfiguration - item key[sessionkey.rsa.privatekey.file.value]'s value is null because its status is inactive
08:24:56.681 [main] INFO  k.p.s.c.buildsystem.ProjectBuilder - main project[sample_test] changeProjectState method start
08:24:56.681 [main] INFO  k.p.s.c.buildsystem.ProjectBuilder - the server ant build.xml file[D:\gitsinnori\sinnori\project\sample_test\server_build\build.xml] is bad :: whetherExist[false] isFile[false]
08:24:56.681 [main] WARN  k.p.s.c.buildsystem.ProjectBuilder - the server buid.xml file[D:\gitsinnori\sinnori\project\sample_test\server_build\build.xml] is bad beacse it doesn't exist or is not a file, so skip deletion of server build system
08:24:56.681 [main] INFO  k.p.s.c.buildsystem.ProjectBuilder - mainproject[sample_test]'s application client build path deletion task start
08:24:56.697 [main] INFO  k.p.s.c.buildsystem.ProjectBuilder - mainproject[sample_test]'s application client build path deletion task end
08:24:56.697 [main] INFO  k.p.s.c.buildsystem.ProjectBuilder - main project[sample_test]'s web client ant properties file modification task start
08:24:56.697 [main] INFO  k.p.s.c.buildsystem.ProjectBuilder - main project[sample_test]'s web client ant properties file modification task end
08:24:56.697 [main] WARN  k.p.s.c.buildsystem.ProjectBuilder - the web client build path[D:\gitsinnori\sinnori\project\sample_test\client_build\web_build] exists, so only the web client's ant properties including servlet system library path  was updated for new servletSystemLibraryPathString[D:\apache-tomcat-8.5.15\lib]
08:24:56.697 [main] WARN  k.p.s.c.buildsystem.ProjectBuilder - the web root path[D:\gitsinnori\sinnori\project\sample_test\web_app_base\ROOT] exists, so skip creation of web root
08:24:56.697 [main] INFO  k.p.s.c.buildsystem.ProjectBuilder - main project[sample_test]'s config file overwrite task start
08:24:56.697 [main] INFO  k.p.s.c.buildsystem.ProjectBuilder - main project[sample_test]'s config file overwrite task end
08:24:56.697 [main] INFO  k.p.s.c.buildsystem.ProjectBuilder - main project[sample_test] changeProjectState method end
08:24:56.697 [main] INFO  k.p.s.c.buildsystem.ProjectBuilder - the server ant build.xml file[D:\gitsinnori\sinnori\project\sample_test\server_build\build.xml] is bad :: whetherExist[false] isFile[false]
08:24:56.697 [main] INFO  k.p.s.c.buildsystem.ProjectBuilder - the app client ant build.xml file[D:\gitsinnori\sinnori\project\sample_test\client_build\app_build\build.xml] is bad :: whetherExist[false] isFile[false]
08:24:56.697 [main] INFO  k.p.s.c.buildsystem.ProjectBuilder - main project[sample_test] changeProjectState method start
08:24:56.697 [main] INFO  k.p.s.c.buildsystem.ProjectBuilder - the server ant build.xml file[D:\gitsinnori\sinnori\project\sample_test\server_build\build.xml] is bad :: whetherExist[false] isFile[false]
08:24:56.697 [main] WARN  k.p.s.c.buildsystem.ProjectBuilder - the server buid.xml file[D:\gitsinnori\sinnori\project\sample_test\server_build\build.xml] is bad beacse it doesn't exist or is not a file, so skip deletion of server build system
08:24:56.713 [main] INFO  k.p.s.c.buildsystem.ProjectBuilder - main project[sample_test]'s application build child direcotry creation task start
08:24:56.713 [main] INFO  k.p.s.common.util.CommonStaticUtil - the new child relative direcotry[D:\gitsinnori\sinnori\project\sample_test][client_build/app_build/corelib/ex] was created successfully
08:24:56.713 [main] INFO  k.p.s.common.util.CommonStaticUtil - the new child relative direcotry[D:\gitsinnori\sinnori\project\sample_test][client_build/app_build/corelib/in] was created successfully
08:24:56.713 [main] INFO  k.p.s.common.util.CommonStaticUtil - the new child relative direcotry[D:\gitsinnori\sinnori\project\sample_test][client_build/app_build/lib/main/ex] was created successfully
08:24:56.713 [main] INFO  k.p.s.common.util.CommonStaticUtil - the new child relative direcotry[D:\gitsinnori\sinnori\project\sample_test][client_build/app_build/lib/main/in] was created successfully
08:24:56.713 [main] INFO  k.p.s.common.util.CommonStaticUtil - the new child relative direcotry[D:\gitsinnori\sinnori\project\sample_test][client_build/app_build/lib/test] was created successfully
08:24:56.713 [main] INFO  k.p.s.common.util.CommonStaticUtil - the new child relative direcotry[D:\gitsinnori\sinnori\project\sample_test][client_build/app_build/src/main/java/kr/pe/sinnori/impl/message] was created successfully
08:24:56.713 [main] INFO  k.p.s.common.util.CommonStaticUtil - the new child relative direcotry[D:\gitsinnori\sinnori\project\sample_test][client_build/app_build/src/main/java/main] was created successfully
08:24:56.713 [main] INFO  k.p.s.common.util.CommonStaticUtil - the new child relative direcotry[D:\gitsinnori\sinnori\project\sample_test][client_build/app_build/src/test/java] was created successfully
08:24:56.713 [main] INFO  k.p.s.common.util.CommonStaticUtil - the new child relative direcotry[D:\gitsinnori\sinnori\project\sample_test][client_build/app_build/build] was created successfully
08:24:56.713 [main] INFO  k.p.s.common.util.CommonStaticUtil - the new child relative direcotry[D:\gitsinnori\sinnori\project\sample_test][client_build/app_build/dist] was created successfully
08:24:56.713 [main] INFO  k.p.s.c.buildsystem.ProjectBuilder - main project[sample_test]'s application build child direcotry creation task end
08:24:56.713 [main] INFO  k.p.s.c.buildsystem.ProjectBuilder - mainproject[sample_test]'s application client build system files creation task start
08:24:56.713 [main] INFO  k.p.s.c.buildsystem.ProjectBuilder - main project[sample_test]'s application client ant build.xml file creation task start
08:24:56.713 [main] INFO  k.p.s.c.buildsystem.ProjectBuilder - main project[sample_test]'s application client ant build.xml file creation task end
08:24:56.713 [main] INFO  k.p.s.c.buildsystem.ProjectBuilder - main project[sample_test]'s application client dos shell file creation task start
08:24:56.713 [main] INFO  k.p.s.c.buildsystem.ProjectBuilder - main project[sample_test]'s application client dos shell file creation task end
08:24:56.713 [main] INFO  k.p.s.c.buildsystem.ProjectBuilder - main project[sample_test]'s application client unix shell file creation task start
08:24:56.713 [main] INFO  k.p.s.c.buildsystem.ProjectBuilder - main project[sample_test]'s application client unix shell file creation task end
08:24:56.713 [main] INFO  k.p.s.c.buildsystem.ProjectBuilder - application client sample source files copy task start
08:24:56.728 [main] INFO  k.p.s.c.buildsystem.ProjectBuilder - application client sample source files copy task end
08:24:56.728 [main] INFO  k.p.s.c.buildsystem.ProjectBuilder - main project[sample_test]'s application client message io file set creation task start
08:24:56.728 [main] INFO  k.p.s.common.util.CommonStaticUtil - the new child relative direcotry[D:\gitsinnori\sinnori\project\sample_test\client_build\app_build\src\main\java\kr\pe\sinnori\impl\message][Echo] was created successfully
08:24:56.728 [main] INFO  k.p.s.c.buildsystem.ProjectBuilder - main project[sample_test]'s message file[Echo][D:\gitsinnori\sinnori\project\sample_test\client_build\app_build\src\main\java\kr\pe\sinnori\impl\message] creation task start
08:24:56.728 [main] INFO  k.p.s.c.buildsystem.ProjectBuilder - main project[sample_test]'s message file[Echo][D:\gitsinnori\sinnori\project\sample_test\client_build\app_build\src\main\java\kr\pe\sinnori\impl\message] creation task end
08:24:56.728 [main] INFO  k.p.s.c.buildsystem.ProjectBuilder - main project[sample_test]'s message decoder file[Echo][D:\gitsinnori\sinnori\project\sample_test\client_build\app_build\src\main\java\kr\pe\sinnori\impl\message] creation task start
08:24:56.728 [main] INFO  k.p.s.c.buildsystem.ProjectBuilder - main project[sample_test]'s message decoder file[Echo][D:\gitsinnori\sinnori\project\sample_test\client_build\app_build\src\main\java\kr\pe\sinnori\impl\message] creation task end
08:24:56.728 [main] INFO  k.p.s.c.buildsystem.ProjectBuilder - main project[sample_test]'s message encoder file[Echo][D:\gitsinnori\sinnori\project\sample_test\client_build\app_build\src\main\java\kr\pe\sinnori\impl\message] creation task start
08:24:56.728 [main] INFO  k.p.s.c.buildsystem.ProjectBuilder - main project[sample_test]'s message encoder file[Echo][D:\gitsinnori\sinnori\project\sample_test\client_build\app_build\src\main\java\kr\pe\sinnori\impl\message] creation task end
08:24:56.728 [main] INFO  k.p.s.c.buildsystem.ProjectBuilder - main project[sample_test]'s message server codec file[Echo][D:\gitsinnori\sinnori\project\sample_test\client_build\app_build\src\main\java\kr\pe\sinnori\impl\message] creation task start
08:24:56.728 [main] INFO  k.p.s.c.buildsystem.ProjectBuilder - main project[sample_test]'s message server codec file[Echo][D:\gitsinnori\sinnori\project\sample_test\client_build\app_build\src\main\java\kr\pe\sinnori\impl\message] creation task end
08:24:56.728 [main] INFO  k.p.s.c.buildsystem.ProjectBuilder - main project[sample_test]'s message client codec file[Echo][D:\gitsinnori\sinnori\project\sample_test\client_build\app_build\src\main\java\kr\pe\sinnori\impl\message] creation task start
08:24:56.728 [main] INFO  k.p.s.c.buildsystem.ProjectBuilder - main project[sample_test]'s message client codec file[Echo][D:\gitsinnori\sinnori\project\sample_test\client_build\app_build\src\main\java\kr\pe\sinnori\impl\message] creation task end
08:24:56.728 [main] INFO  k.p.s.common.util.CommonStaticUtil - the new child relative direcotry[D:\gitsinnori\sinnori\project\sample_test\client_build\app_build\src\main\java\kr\pe\sinnori\impl\message][PublicKeyReq] was created successfully
08:24:56.728 [main] INFO  k.p.s.c.buildsystem.ProjectBuilder - main project[sample_test]'s message file[PublicKeyReq][D:\gitsinnori\sinnori\project\sample_test\client_build\app_build\src\main\java\kr\pe\sinnori\impl\message] creation task start
08:24:56.746 [main] INFO  k.p.s.c.buildsystem.ProjectBuilder - main project[sample_test]'s message file[PublicKeyReq][D:\gitsinnori\sinnori\project\sample_test\client_build\app_build\src\main\java\kr\pe\sinnori\impl\message] creation task end
08:24:56.746 [main] INFO  k.p.s.c.buildsystem.ProjectBuilder - main project[sample_test]'s message decoder file[PublicKeyReq][D:\gitsinnori\sinnori\project\sample_test\client_build\app_build\src\main\java\kr\pe\sinnori\impl\message] creation task start
08:24:56.750 [main] INFO  k.p.s.c.buildsystem.ProjectBuilder - main project[sample_test]'s message decoder file[PublicKeyReq][D:\gitsinnori\sinnori\project\sample_test\client_build\app_build\src\main\java\kr\pe\sinnori\impl\message] creation task end
08:24:56.828 [main] INFO  k.p.s.c.buildsystem.ProjectBuilder - main project[sample_test]'s message encoder file[PublicKeyReq][D:\gitsinnori\sinnori\project\sample_test\client_build\app_build\src\main\java\kr\pe\sinnori\impl\message] creation task start
08:24:56.828 [main] INFO  k.p.s.c.buildsystem.ProjectBuilder - main project[sample_test]'s message encoder file[PublicKeyReq][D:\gitsinnori\sinnori\project\sample_test\client_build\app_build\src\main\java\kr\pe\sinnori\impl\message] creation task end
08:24:56.828 [main] INFO  k.p.s.c.buildsystem.ProjectBuilder - main project[sample_test]'s message server codec file[PublicKeyReq][D:\gitsinnori\sinnori\project\sample_test\client_build\app_build\src\main\java\kr\pe\sinnori\impl\message] creation task start
08:24:56.828 [main] INFO  k.p.s.c.buildsystem.ProjectBuilder - main project[sample_test]'s message server codec file[PublicKeyReq][D:\gitsinnori\sinnori\project\sample_test\client_build\app_build\src\main\java\kr\pe\sinnori\impl\message] creation task end
08:24:56.828 [main] INFO  k.p.s.c.buildsystem.ProjectBuilder - main project[sample_test]'s message client codec file[PublicKeyReq][D:\gitsinnori\sinnori\project\sample_test\client_build\app_build\src\main\java\kr\pe\sinnori\impl\message] creation task start
08:24:56.828 [main] INFO  k.p.s.c.buildsystem.ProjectBuilder - main project[sample_test]'s message client codec file[PublicKeyReq][D:\gitsinnori\sinnori\project\sample_test\client_build\app_build\src\main\java\kr\pe\sinnori\impl\message] creation task end
08:24:56.828 [main] INFO  k.p.s.common.util.CommonStaticUtil - the new child relative direcotry[D:\gitsinnori\sinnori\project\sample_test\client_build\app_build\src\main\java\kr\pe\sinnori\impl\message][PublicKeyRes] was created successfully
08:24:56.828 [main] INFO  k.p.s.c.buildsystem.ProjectBuilder - main project[sample_test]'s message file[PublicKeyRes][D:\gitsinnori\sinnori\project\sample_test\client_build\app_build\src\main\java\kr\pe\sinnori\impl\message] creation task start
08:24:56.848 [main] INFO  k.p.s.c.buildsystem.ProjectBuilder - main project[sample_test]'s message file[PublicKeyRes][D:\gitsinnori\sinnori\project\sample_test\client_build\app_build\src\main\java\kr\pe\sinnori\impl\message] creation task end
08:24:56.848 [main] INFO  k.p.s.c.buildsystem.ProjectBuilder - main project[sample_test]'s message decoder file[PublicKeyRes][D:\gitsinnori\sinnori\project\sample_test\client_build\app_build\src\main\java\kr\pe\sinnori\impl\message] creation task start
08:24:56.850 [main] INFO  k.p.s.c.buildsystem.ProjectBuilder - main project[sample_test]'s message decoder file[PublicKeyRes][D:\gitsinnori\sinnori\project\sample_test\client_build\app_build\src\main\java\kr\pe\sinnori\impl\message] creation task end
08:24:56.850 [main] INFO  k.p.s.c.buildsystem.ProjectBuilder - main project[sample_test]'s message encoder file[PublicKeyRes][D:\gitsinnori\sinnori\project\sample_test\client_build\app_build\src\main\java\kr\pe\sinnori\impl\message] creation task start
08:24:56.850 [main] INFO  k.p.s.c.buildsystem.ProjectBuilder - main project[sample_test]'s message encoder file[PublicKeyRes][D:\gitsinnori\sinnori\project\sample_test\client_build\app_build\src\main\java\kr\pe\sinnori\impl\message] creation task end
08:24:56.850 [main] INFO  k.p.s.c.buildsystem.ProjectBuilder - main project[sample_test]'s message server codec file[PublicKeyRes][D:\gitsinnori\sinnori\project\sample_test\client_build\app_build\src\main\java\kr\pe\sinnori\impl\message] creation task start
08:24:56.850 [main] INFO  k.p.s.c.buildsystem.ProjectBuilder - main project[sample_test]'s message server codec file[PublicKeyRes][D:\gitsinnori\sinnori\project\sample_test\client_build\app_build\src\main\java\kr\pe\sinnori\impl\message] creation task end
08:24:56.850 [main] INFO  k.p.s.c.buildsystem.ProjectBuilder - main project[sample_test]'s message client codec file[PublicKeyRes][D:\gitsinnori\sinnori\project\sample_test\client_build\app_build\src\main\java\kr\pe\sinnori\impl\message] creation task start
08:24:56.850 [main] INFO  k.p.s.c.buildsystem.ProjectBuilder - main project[sample_test]'s message client codec file[PublicKeyRes][D:\gitsinnori\sinnori\project\sample_test\client_build\app_build\src\main\java\kr\pe\sinnori\impl\message] creation task end
08:24:56.850 [main] INFO  k.p.s.c.buildsystem.ProjectBuilder - main project[sample_test]'s application client message io file set creation task end
08:24:56.850 [main] INFO  k.p.s.c.buildsystem.ProjectBuilder - mainproject[sample_test]'s application client build system files creation task end
08:24:56.850 [main] INFO  k.p.s.c.buildsystem.ProjectBuilder - main project[sample_test]'s web client build path deletion task start
08:24:56.881 [main] INFO  k.p.s.c.buildsystem.ProjectBuilder - main project[sample_test]'s web client build path deletion task end
08:24:56.881 [main] INFO  k.p.s.c.buildsystem.ProjectBuilder - main project[sample_test]'s web root path deletion task start
08:24:56.881 [main] INFO  k.p.s.c.buildsystem.ProjectBuilder - main project[sample_test]'s web root path deletion task end
08:24:56.881 [main] INFO  k.p.s.c.buildsystem.ProjectBuilder - main project[sample_test]'s config file overwrite task start
08:24:56.881 [main] INFO  k.p.s.c.buildsystem.ProjectBuilder - main project[sample_test]'s config file overwrite task end
08:24:56.881 [main] INFO  k.p.s.c.buildsystem.ProjectBuilder - main project[sample_test] changeProjectState method end
08:24:56.881 [main] INFO  k.p.s.c.buildsystem.ProjectBuilder - the server ant build.xml file[D:\gitsinnori\sinnori\project\sample_test\server_build\build.xml] is bad :: whetherExist[false] isFile[false]
08:24:56.881 [main] INFO  k.p.s.c.buildsystem.ProjectBuilder - the web client ant build.xml file[D:\gitsinnori\sinnori\project\sample_test\client_build\web_build\build.xml] is bad :: whetherExist[false] isFile[false]
08:24:56.881 [main] INFO  k.p.s.c.buildsystem.ProjectBuilder - the web.xml file[D:\gitsinnori\sinnori\project\sample_test\web_app_base\ROOT\WEB-INF\web.xml] located at web root directory is bad :: whetherExist[false] isFile[false]
08:24:56.881 [main] INFO  k.p.s.c.buildsystem.ProjectBuilder - main project[sample_test] changeProjectState method start
08:24:56.881 [main] INFO  k.p.s.c.buildsystem.ProjectBuilder - the server ant build.xml file[D:\gitsinnori\sinnori\project\sample_test\server_build\build.xml] is bad :: whetherExist[false] isFile[false]
08:24:56.881 [main] WARN  k.p.s.c.buildsystem.ProjectBuilder - the server buid.xml file[D:\gitsinnori\sinnori\project\sample_test\server_build\build.xml] is bad beacse it doesn't exist or is not a file, so skip deletion of server build system
08:24:56.881 [main] WARN  k.p.s.c.buildsystem.ProjectBuilder - the app client build path[D:\gitsinnori\sinnori\project\sample_test\client_build\app_build] exist, so skip creation of app client build system
08:24:56.881 [main] INFO  k.p.s.c.buildsystem.ProjectBuilder - main project[sample_test]'s web build child direcotry creation task start
08:24:56.881 [main] INFO  k.p.s.common.util.CommonStaticUtil - the new child relative direcotry[D:\gitsinnori\sinnori\project\sample_test][client_build/web_build/corelib/ex] was created successfully
08:24:56.966 [main] INFO  k.p.s.common.util.CommonStaticUtil - the new child relative direcotry[D:\gitsinnori\sinnori\project\sample_test][client_build/web_build/corelib/in] was created successfully
08:24:56.966 [main] INFO  k.p.s.common.util.CommonStaticUtil - the new child relative direcotry[D:\gitsinnori\sinnori\project\sample_test][client_build/web_build/lib/main/ex] was created successfully
08:24:56.966 [main] INFO  k.p.s.common.util.CommonStaticUtil - the new child relative direcotry[D:\gitsinnori\sinnori\project\sample_test][client_build/web_build/lib/main/in] was created successfully
08:24:56.966 [main] INFO  k.p.s.common.util.CommonStaticUtil - the new child relative direcotry[D:\gitsinnori\sinnori\project\sample_test][client_build/web_build/lib/test] was created successfully
08:24:56.966 [main] INFO  k.p.s.common.util.CommonStaticUtil - the new child relative direcotry[D:\gitsinnori\sinnori\project\sample_test][client_build/web_build/src/main/java/kr/pe/sinnori/impl/message] was created successfully
08:24:56.966 [main] INFO  k.p.s.common.util.CommonStaticUtil - the new child relative direcotry[D:\gitsinnori\sinnori\project\sample_test][client_build/web_build/src/main/java//kr/pe/sinnori/servlet] was created successfully
08:24:56.966 [main] INFO  k.p.s.common.util.CommonStaticUtil - the new child relative direcotry[D:\gitsinnori\sinnori\project\sample_test][client_build/web_build/src/main/java/kr/pe/sinnori/weblib/common] was created successfully
08:24:56.966 [main] INFO  k.p.s.common.util.CommonStaticUtil - the new child relative direcotry[D:\gitsinnori\sinnori\project\sample_test][client_build/web_build/src/main/java/kr/pe/sinnori/weblib/htmlstring] was created successfully
08:24:56.966 [main] INFO  k.p.s.common.util.CommonStaticUtil - the new child relative direcotry[D:\gitsinnori\sinnori\project\sample_test][client_build/web_build/src/main/java/kr/pe/sinnori/weblib/jdf] was created successfully
08:24:56.966 [main] INFO  k.p.s.common.util.CommonStaticUtil - the new child relative direcotry[D:\gitsinnori\sinnori\project\sample_test][client_build/web_build/src/test/java] was created successfully
08:24:56.966 [main] INFO  k.p.s.common.util.CommonStaticUtil - the new child relative direcotry[D:\gitsinnori\sinnori\project\sample_test][client_build/web_build/build] was created successfully
08:24:56.966 [main] INFO  k.p.s.common.util.CommonStaticUtil - the new child relative direcotry[D:\gitsinnori\sinnori\project\sample_test][client_build/web_build/dist] was created successfully
08:24:56.966 [main] INFO  k.p.s.c.buildsystem.ProjectBuilder - main project[sample_test]'s web build child direcotry creation task end
08:24:56.966 [main] INFO  k.p.s.c.buildsystem.ProjectBuilder - main project[sample_test]'s web client build system files creation task start
08:24:56.966 [main] INFO  k.p.s.c.buildsystem.ProjectBuilder - main project[sample_test]'s web client ant build.xml file creation task start
08:24:56.966 [main] INFO  k.p.s.c.buildsystem.ProjectBuilder - main project[sample_test]'s web client ant build.xml file creation task end
08:24:56.966 [main] INFO  k.p.s.c.buildsystem.ProjectBuilder - main project[sample_test]'s web client ant properties file creation task start
08:24:56.966 [main] INFO  k.p.s.c.util.SequencedPropertiesUtil - the sequenced properties file[D:\gitsinnori\sinnori\project\sample_test\client_build\web_build\webAnt.properties] was created
08:24:56.966 [main] INFO  k.p.s.c.buildsystem.ProjectBuilder - main project[sample_test]'s web client ant properties file creation task end
08:24:56.966 [main] INFO  k.p.s.c.buildsystem.ProjectBuilder - main project[sample_test]'s web client message io file set creation task start
08:24:56.966 [main] INFO  k.p.s.common.util.CommonStaticUtil - the new child relative direcotry[D:\gitsinnori\sinnori\project\sample_test\client_build\web_build\src\main\java\kr\pe\sinnori\impl\message][Echo] was created successfully
08:24:56.966 [main] INFO  k.p.s.c.buildsystem.ProjectBuilder - main project[sample_test]'s message file[Echo][D:\gitsinnori\sinnori\project\sample_test\client_build\web_build\src\main\java\kr\pe\sinnori\impl\message] creation task start
08:24:56.982 [main] INFO  k.p.s.c.buildsystem.ProjectBuilder - main project[sample_test]'s message file[Echo][D:\gitsinnori\sinnori\project\sample_test\client_build\web_build\src\main\java\kr\pe\sinnori\impl\message] creation task end
08:24:56.982 [main] INFO  k.p.s.c.buildsystem.ProjectBuilder - main project[sample_test]'s message decoder file[Echo][D:\gitsinnori\sinnori\project\sample_test\client_build\web_build\src\main\java\kr\pe\sinnori\impl\message] creation task start
08:24:56.982 [main] INFO  k.p.s.c.buildsystem.ProjectBuilder - main project[sample_test]'s message decoder file[Echo][D:\gitsinnori\sinnori\project\sample_test\client_build\web_build\src\main\java\kr\pe\sinnori\impl\message] creation task end
08:24:56.982 [main] INFO  k.p.s.c.buildsystem.ProjectBuilder - main project[sample_test]'s message encoder file[Echo][D:\gitsinnori\sinnori\project\sample_test\client_build\web_build\src\main\java\kr\pe\sinnori\impl\message] creation task start
08:24:56.982 [main] INFO  k.p.s.c.buildsystem.ProjectBuilder - main project[sample_test]'s message encoder file[Echo][D:\gitsinnori\sinnori\project\sample_test\client_build\web_build\src\main\java\kr\pe\sinnori\impl\message] creation task end
08:24:56.982 [main] INFO  k.p.s.c.buildsystem.ProjectBuilder - main project[sample_test]'s message server codec file[Echo][D:\gitsinnori\sinnori\project\sample_test\client_build\web_build\src\main\java\kr\pe\sinnori\impl\message] creation task start
08:24:56.982 [main] INFO  k.p.s.c.buildsystem.ProjectBuilder - main project[sample_test]'s message server codec file[Echo][D:\gitsinnori\sinnori\project\sample_test\client_build\web_build\src\main\java\kr\pe\sinnori\impl\message] creation task end
08:24:56.982 [main] INFO  k.p.s.c.buildsystem.ProjectBuilder - main project[sample_test]'s message client codec file[Echo][D:\gitsinnori\sinnori\project\sample_test\client_build\web_build\src\main\java\kr\pe\sinnori\impl\message] creation task start
08:24:56.982 [main] INFO  k.p.s.c.buildsystem.ProjectBuilder - main project[sample_test]'s message client codec file[Echo][D:\gitsinnori\sinnori\project\sample_test\client_build\web_build\src\main\java\kr\pe\sinnori\impl\message] creation task end
08:24:56.982 [main] INFO  k.p.s.common.util.CommonStaticUtil - the new child relative direcotry[D:\gitsinnori\sinnori\project\sample_test\client_build\web_build\src\main\java\kr\pe\sinnori\impl\message][PublicKeyReq] was created successfully
08:24:56.982 [main] INFO  k.p.s.c.buildsystem.ProjectBuilder - main project[sample_test]'s message file[PublicKeyReq][D:\gitsinnori\sinnori\project\sample_test\client_build\web_build\src\main\java\kr\pe\sinnori\impl\message] creation task start
08:24:56.997 [main] INFO  k.p.s.c.buildsystem.ProjectBuilder - main project[sample_test]'s message file[PublicKeyReq][D:\gitsinnori\sinnori\project\sample_test\client_build\web_build\src\main\java\kr\pe\sinnori\impl\message] creation task end
08:24:56.997 [main] INFO  k.p.s.c.buildsystem.ProjectBuilder - main project[sample_test]'s message decoder file[PublicKeyReq][D:\gitsinnori\sinnori\project\sample_test\client_build\web_build\src\main\java\kr\pe\sinnori\impl\message] creation task start
08:24:56.997 [main] INFO  k.p.s.c.buildsystem.ProjectBuilder - main project[sample_test]'s message decoder file[PublicKeyReq][D:\gitsinnori\sinnori\project\sample_test\client_build\web_build\src\main\java\kr\pe\sinnori\impl\message] creation task end
08:24:56.997 [main] INFO  k.p.s.c.buildsystem.ProjectBuilder - main project[sample_test]'s message encoder file[PublicKeyReq][D:\gitsinnori\sinnori\project\sample_test\client_build\web_build\src\main\java\kr\pe\sinnori\impl\message] creation task start
08:24:56.997 [main] INFO  k.p.s.c.buildsystem.ProjectBuilder - main project[sample_test]'s message encoder file[PublicKeyReq][D:\gitsinnori\sinnori\project\sample_test\client_build\web_build\src\main\java\kr\pe\sinnori\impl\message] creation task end
08:24:56.997 [main] INFO  k.p.s.c.buildsystem.ProjectBuilder - main project[sample_test]'s message server codec file[PublicKeyReq][D:\gitsinnori\sinnori\project\sample_test\client_build\web_build\src\main\java\kr\pe\sinnori\impl\message] creation task start
08:24:56.997 [main] INFO  k.p.s.c.buildsystem.ProjectBuilder - main project[sample_test]'s message server codec file[PublicKeyReq][D:\gitsinnori\sinnori\project\sample_test\client_build\web_build\src\main\java\kr\pe\sinnori\impl\message] creation task end
08:24:56.997 [main] INFO  k.p.s.c.buildsystem.ProjectBuilder - main project[sample_test]'s message client codec file[PublicKeyReq][D:\gitsinnori\sinnori\project\sample_test\client_build\web_build\src\main\java\kr\pe\sinnori\impl\message] creation task start
08:24:57.097 [main] INFO  k.p.s.c.buildsystem.ProjectBuilder - main project[sample_test]'s message client codec file[PublicKeyReq][D:\gitsinnori\sinnori\project\sample_test\client_build\web_build\src\main\java\kr\pe\sinnori\impl\message] creation task end
08:24:57.097 [main] INFO  k.p.s.common.util.CommonStaticUtil - the new child relative direcotry[D:\gitsinnori\sinnori\project\sample_test\client_build\web_build\src\main\java\kr\pe\sinnori\impl\message][PublicKeyRes] was created successfully
08:24:57.097 [main] INFO  k.p.s.c.buildsystem.ProjectBuilder - main project[sample_test]'s message file[PublicKeyRes][D:\gitsinnori\sinnori\project\sample_test\client_build\web_build\src\main\java\kr\pe\sinnori\impl\message] creation task start
08:24:57.097 [main] INFO  k.p.s.c.buildsystem.ProjectBuilder - main project[sample_test]'s message file[PublicKeyRes][D:\gitsinnori\sinnori\project\sample_test\client_build\web_build\src\main\java\kr\pe\sinnori\impl\message] creation task end
08:24:57.097 [main] INFO  k.p.s.c.buildsystem.ProjectBuilder - main project[sample_test]'s message decoder file[PublicKeyRes][D:\gitsinnori\sinnori\project\sample_test\client_build\web_build\src\main\java\kr\pe\sinnori\impl\message] creation task start
08:24:57.112 [main] INFO  k.p.s.c.buildsystem.ProjectBuilder - main project[sample_test]'s message decoder file[PublicKeyRes][D:\gitsinnori\sinnori\project\sample_test\client_build\web_build\src\main\java\kr\pe\sinnori\impl\message] creation task end
08:24:57.112 [main] INFO  k.p.s.c.buildsystem.ProjectBuilder - main project[sample_test]'s message encoder file[PublicKeyRes][D:\gitsinnori\sinnori\project\sample_test\client_build\web_build\src\main\java\kr\pe\sinnori\impl\message] creation task start
08:24:57.112 [main] INFO  k.p.s.c.buildsystem.ProjectBuilder - main project[sample_test]'s message encoder file[PublicKeyRes][D:\gitsinnori\sinnori\project\sample_test\client_build\web_build\src\main\java\kr\pe\sinnori\impl\message] creation task end
08:24:57.112 [main] INFO  k.p.s.c.buildsystem.ProjectBuilder - main project[sample_test]'s message server codec file[PublicKeyRes][D:\gitsinnori\sinnori\project\sample_test\client_build\web_build\src\main\java\kr\pe\sinnori\impl\message] creation task start
08:24:57.112 [main] INFO  k.p.s.c.buildsystem.ProjectBuilder - main project[sample_test]'s message server codec file[PublicKeyRes][D:\gitsinnori\sinnori\project\sample_test\client_build\web_build\src\main\java\kr\pe\sinnori\impl\message] creation task end
08:24:57.112 [main] INFO  k.p.s.c.buildsystem.ProjectBuilder - main project[sample_test]'s message client codec file[PublicKeyRes][D:\gitsinnori\sinnori\project\sample_test\client_build\web_build\src\main\java\kr\pe\sinnori\impl\message] creation task start
08:24:57.112 [main] INFO  k.p.s.c.buildsystem.ProjectBuilder - main project[sample_test]'s message client codec file[PublicKeyRes][D:\gitsinnori\sinnori\project\sample_test\client_build\web_build\src\main\java\kr\pe\sinnori\impl\message] creation task end
08:24:57.112 [main] INFO  k.p.s.c.buildsystem.ProjectBuilder - main project[sample_test]'s web client message io file set creation task end
08:24:57.112 [main] INFO  k.p.s.c.buildsystem.ProjectBuilder - mainproject[sample_test]'s web client sample source files copy task start
08:24:57.182 [main] INFO  k.p.s.c.buildsystem.ProjectBuilder - mainproject[sample_test]'s web client sample source files copy task end
08:24:57.182 [main] INFO  k.p.s.c.buildsystem.ProjectBuilder - main project[sample_test]'s web client build system files creation task end
08:24:57.182 [main] INFO  k.p.s.c.buildsystem.ProjectBuilder - main project[sample_test]'s web root child direcotry creation task start
08:24:57.182 [main] INFO  k.p.s.common.util.CommonStaticUtil - the child relative direcotry[D:\gitsinnori\sinnori\project\sample_test][web_app_base/upload] exist, so nothing
08:24:57.182 [main] INFO  k.p.s.common.util.CommonStaticUtil - the new child relative direcotry[D:\gitsinnori\sinnori\project\sample_test][web_app_base/ROOT/WEB-INF/classes] was created successfully
08:24:57.182 [main] INFO  k.p.s.common.util.CommonStaticUtil - the new child relative direcotry[D:\gitsinnori\sinnori\project\sample_test][web_app_base/ROOT/WEB-INF/lib] was created successfully
08:24:57.182 [main] INFO  k.p.s.c.buildsystem.ProjectBuilder - main project[sample_test]'s web root child direcotry creation task end
08:24:57.182 [main] INFO  k.p.s.c.buildsystem.ProjectBuilder - main project[sample_test]'s web root sample files creation task start
08:24:57.182 [main] INFO  k.p.s.c.buildsystem.ProjectBuilder - main project[sample_test]'s web root sample files copy task start
08:24:57.197 [main] INFO  k.p.s.c.buildsystem.ProjectBuilder - main project[sample_test]'s web root sample files copy task end
08:24:57.197 [main] INFO  k.p.s.c.buildsystem.ProjectBuilder - main project[sample_test]'s web root sample files creation task end
08:24:57.197 [main] INFO  k.p.s.c.buildsystem.ProjectBuilder - main project[sample_test]'s config file overwrite task start
08:24:57.197 [main] INFO  k.p.s.c.buildsystem.ProjectBuilder - main project[sample_test]'s config file overwrite task end
08:24:57.197 [main] INFO  k.p.s.c.buildsystem.ProjectBuilder - main project[sample_test] changeProjectState method end
08:24:57.197 [main] INFO  k.p.s.c.buildsystem.ProjectBuilder - the server ant build.xml file[D:\gitsinnori\sinnori\project\sample_test\server_build\build.xml] is bad :: whetherExist[false] isFile[false]
08:24:57.197 [main] INFO  k.p.s.c.buildsystem.ProjectBuilder - main project[sample_test] changeProjectState method start
08:24:57.197 [main] INFO  k.p.s.c.buildsystem.ProjectBuilder - main project[sample_test]'s server child direcotry creation task start
08:24:57.197 [main] INFO  k.p.s.common.util.CommonStaticUtil - the new child relative direcotry[D:\gitsinnori\sinnori\project\sample_test][server_build/APP-INF/classes] was created successfully
08:24:57.197 [main] INFO  k.p.s.common.util.CommonStaticUtil - the new child relative direcotry[D:\gitsinnori\sinnori\project\sample_test][server_build/corelib/ex] was created successfully
08:24:57.197 [main] INFO  k.p.s.common.util.CommonStaticUtil - the new child relative direcotry[D:\gitsinnori\sinnori\project\sample_test][server_build/corelib/in] was created successfully
08:24:57.197 [main] INFO  k.p.s.common.util.CommonStaticUtil - the new child relative direcotry[D:\gitsinnori\sinnori\project\sample_test][server_build/lib/main/ex] was created successfully
08:24:57.197 [main] INFO  k.p.s.common.util.CommonStaticUtil - the new child relative direcotry[D:\gitsinnori\sinnori\project\sample_test][server_build/lib/main/in] was created successfully
08:24:57.197 [main] INFO  k.p.s.common.util.CommonStaticUtil - the new child relative direcotry[D:\gitsinnori\sinnori\project\sample_test][server_build/lib/test] was created successfully
08:24:57.197 [main] INFO  k.p.s.common.util.CommonStaticUtil - the new child relative direcotry[D:\gitsinnori\sinnori\project\sample_test][server_build/src/main/java/kr/pe/sinnori/impl/servertask] was created successfully
08:24:57.197 [main] INFO  k.p.s.common.util.CommonStaticUtil - the new child relative direcotry[D:\gitsinnori\sinnori\project\sample_test][server_build/src/main/java/kr/pe/sinnori/impl/message] was created successfully
08:24:57.197 [main] INFO  k.p.s.common.util.CommonStaticUtil - the new child relative direcotry[D:\gitsinnori\sinnori\project\sample_test][server_build/src/main/java/main] was created successfully
08:24:57.228 [main] INFO  k.p.s.common.util.CommonStaticUtil - the new child relative direcotry[D:\gitsinnori\sinnori\project\sample_test][server_build/src/test/java] was created successfully
08:24:57.228 [main] INFO  k.p.s.common.util.CommonStaticUtil - the new child relative direcotry[D:\gitsinnori\sinnori\project\sample_test][server_build/build] was created successfully
08:24:57.228 [main] INFO  k.p.s.common.util.CommonStaticUtil - the new child relative direcotry[D:\gitsinnori\sinnori\project\sample_test][server_build/dist] was created successfully
08:24:57.228 [main] INFO  k.p.s.c.buildsystem.ProjectBuilder - main project[sample_test]'s server child direcotry creation task end
08:24:57.228 [main] INFO  k.p.s.c.buildsystem.ProjectBuilder - server build system files creation task start
08:24:57.228 [main] INFO  k.p.s.c.buildsystem.ProjectBuilder - main project[sample_test]'s server ant build.xml file creation task start
08:24:57.228 [main] INFO  k.p.s.c.buildsystem.ProjectBuilder - main project[sample_test]'s server ant build.xml file creation task end
08:24:57.228 [main] INFO  k.p.s.c.buildsystem.ProjectBuilder - main project[sample_test]'s server dos shell file creation task start
08:24:57.228 [main] INFO  k.p.s.c.buildsystem.ProjectBuilder - main project[sample_test]'s server dos shell file creation task end
08:24:57.228 [main] INFO  k.p.s.c.buildsystem.ProjectBuilder - main project[sample_test]'s server unix shell file creation task start
08:24:57.228 [main] INFO  k.p.s.c.buildsystem.ProjectBuilder - main project[sample_test]'s server unix shell file creation task end
08:24:57.228 [main] INFO  k.p.s.c.buildsystem.ProjectBuilder - server sample source files copy task start
08:24:57.249 [main] INFO  k.p.s.c.buildsystem.ProjectBuilder - server sample source files copy task end
08:24:57.249 [main] INFO  k.p.s.c.buildsystem.ProjectBuilder - main project[sample_test]'s server message io file set creation task start
08:24:57.250 [main] INFO  k.p.s.common.util.CommonStaticUtil - the new child relative direcotry[D:\gitsinnori\sinnori\project\sample_test\server_build\src\main\java\kr\pe\sinnori\impl\message][Echo] was created successfully
08:24:57.250 [main] INFO  k.p.s.c.buildsystem.ProjectBuilder - main project[sample_test]'s message file[Echo][D:\gitsinnori\sinnori\project\sample_test\server_build\src\main\java\kr\pe\sinnori\impl\message] creation task start
08:24:57.251 [main] INFO  k.p.s.c.buildsystem.ProjectBuilder - main project[sample_test]'s message file[Echo][D:\gitsinnori\sinnori\project\sample_test\server_build\src\main\java\kr\pe\sinnori\impl\message] creation task end
08:24:57.251 [main] INFO  k.p.s.c.buildsystem.ProjectBuilder - main project[sample_test]'s message decoder file[Echo][D:\gitsinnori\sinnori\project\sample_test\server_build\src\main\java\kr\pe\sinnori\impl\message] creation task start
08:24:57.251 [main] INFO  k.p.s.c.buildsystem.ProjectBuilder - main project[sample_test]'s message decoder file[Echo][D:\gitsinnori\sinnori\project\sample_test\server_build\src\main\java\kr\pe\sinnori\impl\message] creation task end
08:24:57.251 [main] INFO  k.p.s.c.buildsystem.ProjectBuilder - main project[sample_test]'s message encoder file[Echo][D:\gitsinnori\sinnori\project\sample_test\server_build\src\main\java\kr\pe\sinnori\impl\message] creation task start
08:24:57.251 [main] INFO  k.p.s.c.buildsystem.ProjectBuilder - main project[sample_test]'s message encoder file[Echo][D:\gitsinnori\sinnori\project\sample_test\server_build\src\main\java\kr\pe\sinnori\impl\message] creation task end
08:24:57.251 [main] INFO  k.p.s.c.buildsystem.ProjectBuilder - main project[sample_test]'s message server codec file[Echo][D:\gitsinnori\sinnori\project\sample_test\server_build\src\main\java\kr\pe\sinnori\impl\message] creation task start
08:24:57.251 [main] INFO  k.p.s.c.buildsystem.ProjectBuilder - main project[sample_test]'s message server codec file[Echo][D:\gitsinnori\sinnori\project\sample_test\server_build\src\main\java\kr\pe\sinnori\impl\message] creation task end
08:24:57.251 [main] INFO  k.p.s.c.buildsystem.ProjectBuilder - main project[sample_test]'s message client codec file[Echo][D:\gitsinnori\sinnori\project\sample_test\server_build\src\main\java\kr\pe\sinnori\impl\message] creation task start
08:24:57.251 [main] INFO  k.p.s.c.buildsystem.ProjectBuilder - main project[sample_test]'s message client codec file[Echo][D:\gitsinnori\sinnori\project\sample_test\server_build\src\main\java\kr\pe\sinnori\impl\message] creation task end
08:24:57.251 [main] INFO  k.p.s.common.util.CommonStaticUtil - the new child relative direcotry[D:\gitsinnori\sinnori\project\sample_test\server_build\src\main\java\kr\pe\sinnori\impl\message][PublicKeyReq] was created successfully
08:24:57.251 [main] INFO  k.p.s.c.buildsystem.ProjectBuilder - main project[sample_test]'s message file[PublicKeyReq][D:\gitsinnori\sinnori\project\sample_test\server_build\src\main\java\kr\pe\sinnori\impl\message] creation task start
08:24:57.251 [main] INFO  k.p.s.c.buildsystem.ProjectBuilder - main project[sample_test]'s message file[PublicKeyReq][D:\gitsinnori\sinnori\project\sample_test\server_build\src\main\java\kr\pe\sinnori\impl\message] creation task end
08:24:57.251 [main] INFO  k.p.s.c.buildsystem.ProjectBuilder - main project[sample_test]'s message decoder file[PublicKeyReq][D:\gitsinnori\sinnori\project\sample_test\server_build\src\main\java\kr\pe\sinnori\impl\message] creation task start
08:24:57.266 [main] INFO  k.p.s.c.buildsystem.ProjectBuilder - main project[sample_test]'s message decoder file[PublicKeyReq][D:\gitsinnori\sinnori\project\sample_test\server_build\src\main\java\kr\pe\sinnori\impl\message] creation task end
08:24:57.266 [main] INFO  k.p.s.c.buildsystem.ProjectBuilder - main project[sample_test]'s message encoder file[PublicKeyReq][D:\gitsinnori\sinnori\project\sample_test\server_build\src\main\java\kr\pe\sinnori\impl\message] creation task start
08:24:57.366 [main] INFO  k.p.s.c.buildsystem.ProjectBuilder - main project[sample_test]'s message encoder file[PublicKeyReq][D:\gitsinnori\sinnori\project\sample_test\server_build\src\main\java\kr\pe\sinnori\impl\message] creation task end
08:24:57.366 [main] INFO  k.p.s.c.buildsystem.ProjectBuilder - main project[sample_test]'s message server codec file[PublicKeyReq][D:\gitsinnori\sinnori\project\sample_test\server_build\src\main\java\kr\pe\sinnori\impl\message] creation task start
08:24:57.381 [main] INFO  k.p.s.c.buildsystem.ProjectBuilder - main project[sample_test]'s message server codec file[PublicKeyReq][D:\gitsinnori\sinnori\project\sample_test\server_build\src\main\java\kr\pe\sinnori\impl\message] creation task end
08:24:57.381 [main] INFO  k.p.s.c.buildsystem.ProjectBuilder - main project[sample_test]'s message client codec file[PublicKeyReq][D:\gitsinnori\sinnori\project\sample_test\server_build\src\main\java\kr\pe\sinnori\impl\message] creation task start
08:24:57.381 [main] INFO  k.p.s.c.buildsystem.ProjectBuilder - main project[sample_test]'s message client codec file[PublicKeyReq][D:\gitsinnori\sinnori\project\sample_test\server_build\src\main\java\kr\pe\sinnori\impl\message] creation task end
08:24:57.381 [main] INFO  k.p.s.common.util.CommonStaticUtil - the new child relative direcotry[D:\gitsinnori\sinnori\project\sample_test\server_build\src\main\java\kr\pe\sinnori\impl\message][PublicKeyRes] was created successfully
08:24:57.381 [main] INFO  k.p.s.c.buildsystem.ProjectBuilder - main project[sample_test]'s message file[PublicKeyRes][D:\gitsinnori\sinnori\project\sample_test\server_build\src\main\java\kr\pe\sinnori\impl\message] creation task start
08:24:57.397 [main] INFO  k.p.s.c.buildsystem.ProjectBuilder - main project[sample_test]'s message file[PublicKeyRes][D:\gitsinnori\sinnori\project\sample_test\server_build\src\main\java\kr\pe\sinnori\impl\message] creation task end
08:24:57.397 [main] INFO  k.p.s.c.buildsystem.ProjectBuilder - main project[sample_test]'s message decoder file[PublicKeyRes][D:\gitsinnori\sinnori\project\sample_test\server_build\src\main\java\kr\pe\sinnori\impl\message] creation task start
08:24:57.412 [main] INFO  k.p.s.c.buildsystem.ProjectBuilder - main project[sample_test]'s message decoder file[PublicKeyRes][D:\gitsinnori\sinnori\project\sample_test\server_build\src\main\java\kr\pe\sinnori\impl\message] creation task end
08:24:57.412 [main] INFO  k.p.s.c.buildsystem.ProjectBuilder - main project[sample_test]'s message encoder file[PublicKeyRes][D:\gitsinnori\sinnori\project\sample_test\server_build\src\main\java\kr\pe\sinnori\impl\message] creation task start
08:24:57.412 [main] INFO  k.p.s.c.buildsystem.ProjectBuilder - main project[sample_test]'s message encoder file[PublicKeyRes][D:\gitsinnori\sinnori\project\sample_test\server_build\src\main\java\kr\pe\sinnori\impl\message] creation task end
08:24:57.412 [main] INFO  k.p.s.c.buildsystem.ProjectBuilder - main project[sample_test]'s message server codec file[PublicKeyRes][D:\gitsinnori\sinnori\project\sample_test\server_build\src\main\java\kr\pe\sinnori\impl\message] creation task start
08:24:57.412 [main] INFO  k.p.s.c.buildsystem.ProjectBuilder - main project[sample_test]'s message server codec file[PublicKeyRes][D:\gitsinnori\sinnori\project\sample_test\server_build\src\main\java\kr\pe\sinnori\impl\message] creation task end
08:24:57.412 [main] INFO  k.p.s.c.buildsystem.ProjectBuilder - main project[sample_test]'s message client codec file[PublicKeyRes][D:\gitsinnori\sinnori\project\sample_test\server_build\src\main\java\kr\pe\sinnori\impl\message] creation task start
08:24:57.412 [main] INFO  k.p.s.c.buildsystem.ProjectBuilder - main project[sample_test]'s message client codec file[PublicKeyRes][D:\gitsinnori\sinnori\project\sample_test\server_build\src\main\java\kr\pe\sinnori\impl\message] creation task end
08:24:57.412 [main] INFO  k.p.s.c.buildsystem.ProjectBuilder - main project[sample_test]'s server message io file set creation task end
08:24:57.412 [main] INFO  k.p.s.c.buildsystem.ProjectBuilder - server build system files creation task end
08:24:57.412 [main] INFO  k.p.s.c.buildsystem.ProjectBuilder - mainproject[sample_test]'s application client build path deletion task start
08:24:57.428 [main] INFO  k.p.s.c.buildsystem.ProjectBuilder - mainproject[sample_test]'s application client build path deletion task end
08:24:57.428 [main] INFO  k.p.s.c.buildsystem.ProjectBuilder - main project[sample_test]'s web client build path deletion task start
08:24:57.450 [main] INFO  k.p.s.c.buildsystem.ProjectBuilder - main project[sample_test]'s web client build path deletion task end
08:24:57.450 [main] INFO  k.p.s.c.buildsystem.ProjectBuilder - main project[sample_test]'s web root path deletion task start
08:24:57.450 [main] INFO  k.p.s.c.buildsystem.ProjectBuilder - main project[sample_test]'s web root path deletion task end
08:24:57.450 [main] INFO  k.p.s.c.buildsystem.ProjectBuilder - main project[sample_test]'s config file overwrite task start
08:24:57.450 [main] INFO  k.p.s.c.buildsystem.ProjectBuilder - main project[sample_test]'s config file overwrite task end
08:24:57.450 [main] INFO  k.p.s.c.buildsystem.ProjectBuilder - main project[sample_test] changeProjectState method end
08:24:57.450 [main] INFO  k.p.s.c.buildsystem.ProjectBuilder - the app client ant build.xml file[D:\gitsinnori\sinnori\project\sample_test\client_build\app_build\build.xml] is bad :: whetherExist[false] isFile[false]
08:24:57.450 [main] INFO  k.p.s.c.buildsystem.ProjectBuilder - the web client ant build.xml file[D:\gitsinnori\sinnori\project\sample_test\client_build\web_build\build.xml] is bad :: whetherExist[false] isFile[false]
08:24:57.450 [main] INFO  k.p.s.c.buildsystem.ProjectBuilder - the web.xml file[D:\gitsinnori\sinnori\project\sample_test\web_app_base\ROOT\WEB-INF\web.xml] located at web root directory is bad :: whetherExist[false] isFile[false]
08:24:57.450 [main] INFO  k.p.s.c.buildsystem.ProjectBuilder - main project[sample_test] changeProjectState method start
08:24:57.450 [main] WARN  k.p.s.c.buildsystem.ProjectBuilder - the server build path[D:\gitsinnori\sinnori\project\sample_test\server_build] exist, so skip creation of server build system
08:24:57.450 [main] INFO  k.p.s.c.buildsystem.ProjectBuilder - the app client ant build.xml file[D:\gitsinnori\sinnori\project\sample_test\client_build\app_build\build.xml] is bad :: whetherExist[false] isFile[false]
08:24:57.450 [main] WARN  k.p.s.c.buildsystem.ProjectBuilder - the app client buid.xml file[D:\gitsinnori\sinnori\project\sample_test\client_build\app_build\build.xml] is bad beacse it doesn't exist or is not a file, so skip deletion of app client build system
08:24:57.450 [main] INFO  k.p.s.c.buildsystem.ProjectBuilder - main project[sample_test]'s web build child direcotry creation task start
08:24:57.450 [main] INFO  k.p.s.common.util.CommonStaticUtil - the new child relative direcotry[D:\gitsinnori\sinnori\project\sample_test][client_build/web_build/corelib/ex] was created successfully
08:24:57.450 [main] INFO  k.p.s.common.util.CommonStaticUtil - the new child relative direcotry[D:\gitsinnori\sinnori\project\sample_test][client_build/web_build/corelib/in] was created successfully
08:24:57.450 [main] INFO  k.p.s.common.util.CommonStaticUtil - the new child relative direcotry[D:\gitsinnori\sinnori\project\sample_test][client_build/web_build/lib/main/ex] was created successfully
08:24:57.450 [main] INFO  k.p.s.common.util.CommonStaticUtil - the new child relative direcotry[D:\gitsinnori\sinnori\project\sample_test][client_build/web_build/lib/main/in] was created successfully
08:24:57.450 [main] INFO  k.p.s.common.util.CommonStaticUtil - the new child relative direcotry[D:\gitsinnori\sinnori\project\sample_test][client_build/web_build/lib/test] was created successfully
08:24:57.450 [main] INFO  k.p.s.common.util.CommonStaticUtil - the new child relative direcotry[D:\gitsinnori\sinnori\project\sample_test][client_build/web_build/src/main/java/kr/pe/sinnori/impl/message] was created successfully
08:24:57.450 [main] INFO  k.p.s.common.util.CommonStaticUtil - the new child relative direcotry[D:\gitsinnori\sinnori\project\sample_test][client_build/web_build/src/main/java//kr/pe/sinnori/servlet] was created successfully
08:24:57.450 [main] INFO  k.p.s.common.util.CommonStaticUtil - the new child relative direcotry[D:\gitsinnori\sinnori\project\sample_test][client_build/web_build/src/main/java/kr/pe/sinnori/weblib/common] was created successfully
08:24:57.450 [main] INFO  k.p.s.common.util.CommonStaticUtil - the new child relative direcotry[D:\gitsinnori\sinnori\project\sample_test][client_build/web_build/src/main/java/kr/pe/sinnori/weblib/htmlstring] was created successfully
08:24:57.566 [main] INFO  k.p.s.common.util.CommonStaticUtil - the new child relative direcotry[D:\gitsinnori\sinnori\project\sample_test][client_build/web_build/src/main/java/kr/pe/sinnori/weblib/jdf] was created successfully
08:24:57.566 [main] INFO  k.p.s.common.util.CommonStaticUtil - the new child relative direcotry[D:\gitsinnori\sinnori\project\sample_test][client_build/web_build/src/test/java] was created successfully
08:24:57.566 [main] INFO  k.p.s.common.util.CommonStaticUtil - the new child relative direcotry[D:\gitsinnori\sinnori\project\sample_test][client_build/web_build/build] was created successfully
08:24:57.566 [main] INFO  k.p.s.common.util.CommonStaticUtil - the new child relative direcotry[D:\gitsinnori\sinnori\project\sample_test][client_build/web_build/dist] was created successfully
08:24:57.566 [main] INFO  k.p.s.c.buildsystem.ProjectBuilder - main project[sample_test]'s web build child direcotry creation task end
08:24:57.566 [main] INFO  k.p.s.c.buildsystem.ProjectBuilder - main project[sample_test]'s web client build system files creation task start
08:24:57.566 [main] INFO  k.p.s.c.buildsystem.ProjectBuilder - main project[sample_test]'s web client ant build.xml file creation task start
08:24:57.566 [main] INFO  k.p.s.c.buildsystem.ProjectBuilder - main project[sample_test]'s web client ant build.xml file creation task end
08:24:57.566 [main] INFO  k.p.s.c.buildsystem.ProjectBuilder - main project[sample_test]'s web client ant properties file creation task start
08:24:57.566 [main] INFO  k.p.s.c.util.SequencedPropertiesUtil - the sequenced properties file[D:\gitsinnori\sinnori\project\sample_test\client_build\web_build\webAnt.properties] was created
08:24:57.581 [main] INFO  k.p.s.c.buildsystem.ProjectBuilder - main project[sample_test]'s web client ant properties file creation task end
08:24:57.581 [main] INFO  k.p.s.c.buildsystem.ProjectBuilder - main project[sample_test]'s web client message io file set creation task start
08:24:57.581 [main] INFO  k.p.s.common.util.CommonStaticUtil - the new child relative direcotry[D:\gitsinnori\sinnori\project\sample_test\client_build\web_build\src\main\java\kr\pe\sinnori\impl\message][Echo] was created successfully
08:24:57.581 [main] INFO  k.p.s.c.buildsystem.ProjectBuilder - main project[sample_test]'s message file[Echo][D:\gitsinnori\sinnori\project\sample_test\client_build\web_build\src\main\java\kr\pe\sinnori\impl\message] creation task start
08:24:57.597 [main] INFO  k.p.s.c.buildsystem.ProjectBuilder - main project[sample_test]'s message file[Echo][D:\gitsinnori\sinnori\project\sample_test\client_build\web_build\src\main\java\kr\pe\sinnori\impl\message] creation task end
08:24:57.597 [main] INFO  k.p.s.c.buildsystem.ProjectBuilder - main project[sample_test]'s message decoder file[Echo][D:\gitsinnori\sinnori\project\sample_test\client_build\web_build\src\main\java\kr\pe\sinnori\impl\message] creation task start
08:24:57.597 [main] INFO  k.p.s.c.buildsystem.ProjectBuilder - main project[sample_test]'s message decoder file[Echo][D:\gitsinnori\sinnori\project\sample_test\client_build\web_build\src\main\java\kr\pe\sinnori\impl\message] creation task end
08:24:57.597 [main] INFO  k.p.s.c.buildsystem.ProjectBuilder - main project[sample_test]'s message encoder file[Echo][D:\gitsinnori\sinnori\project\sample_test\client_build\web_build\src\main\java\kr\pe\sinnori\impl\message] creation task start
08:24:57.597 [main] INFO  k.p.s.c.buildsystem.ProjectBuilder - main project[sample_test]'s message encoder file[Echo][D:\gitsinnori\sinnori\project\sample_test\client_build\web_build\src\main\java\kr\pe\sinnori\impl\message] creation task end
08:24:57.597 [main] INFO  k.p.s.c.buildsystem.ProjectBuilder - main project[sample_test]'s message server codec file[Echo][D:\gitsinnori\sinnori\project\sample_test\client_build\web_build\src\main\java\kr\pe\sinnori\impl\message] creation task start
08:24:57.597 [main] INFO  k.p.s.c.buildsystem.ProjectBuilder - main project[sample_test]'s message server codec file[Echo][D:\gitsinnori\sinnori\project\sample_test\client_build\web_build\src\main\java\kr\pe\sinnori\impl\message] creation task end
08:24:57.597 [main] INFO  k.p.s.c.buildsystem.ProjectBuilder - main project[sample_test]'s message client codec file[Echo][D:\gitsinnori\sinnori\project\sample_test\client_build\web_build\src\main\java\kr\pe\sinnori\impl\message] creation task start
08:24:57.597 [main] INFO  k.p.s.c.buildsystem.ProjectBuilder - main project[sample_test]'s message client codec file[Echo][D:\gitsinnori\sinnori\project\sample_test\client_build\web_build\src\main\java\kr\pe\sinnori\impl\message] creation task end
08:24:57.597 [main] INFO  k.p.s.common.util.CommonStaticUtil - the new child relative direcotry[D:\gitsinnori\sinnori\project\sample_test\client_build\web_build\src\main\java\kr\pe\sinnori\impl\message][PublicKeyReq] was created successfully
08:24:57.597 [main] INFO  k.p.s.c.buildsystem.ProjectBuilder - main project[sample_test]'s message file[PublicKeyReq][D:\gitsinnori\sinnori\project\sample_test\client_build\web_build\src\main\java\kr\pe\sinnori\impl\message] creation task start
08:24:57.612 [main] INFO  k.p.s.c.buildsystem.ProjectBuilder - main project[sample_test]'s message file[PublicKeyReq][D:\gitsinnori\sinnori\project\sample_test\client_build\web_build\src\main\java\kr\pe\sinnori\impl\message] creation task end
08:24:57.612 [main] INFO  k.p.s.c.buildsystem.ProjectBuilder - main project[sample_test]'s message decoder file[PublicKeyReq][D:\gitsinnori\sinnori\project\sample_test\client_build\web_build\src\main\java\kr\pe\sinnori\impl\message] creation task start
08:24:57.612 [main] INFO  k.p.s.c.buildsystem.ProjectBuilder - main project[sample_test]'s message decoder file[PublicKeyReq][D:\gitsinnori\sinnori\project\sample_test\client_build\web_build\src\main\java\kr\pe\sinnori\impl\message] creation task end
08:24:57.612 [main] INFO  k.p.s.c.buildsystem.ProjectBuilder - main project[sample_test]'s message encoder file[PublicKeyReq][D:\gitsinnori\sinnori\project\sample_test\client_build\web_build\src\main\java\kr\pe\sinnori\impl\message] creation task start
08:24:57.612 [main] INFO  k.p.s.c.buildsystem.ProjectBuilder - main project[sample_test]'s message encoder file[PublicKeyReq][D:\gitsinnori\sinnori\project\sample_test\client_build\web_build\src\main\java\kr\pe\sinnori\impl\message] creation task end
08:24:57.612 [main] INFO  k.p.s.c.buildsystem.ProjectBuilder - main project[sample_test]'s message server codec file[PublicKeyReq][D:\gitsinnori\sinnori\project\sample_test\client_build\web_build\src\main\java\kr\pe\sinnori\impl\message] creation task start
08:24:57.612 [main] INFO  k.p.s.c.buildsystem.ProjectBuilder - main project[sample_test]'s message server codec file[PublicKeyReq][D:\gitsinnori\sinnori\project\sample_test\client_build\web_build\src\main\java\kr\pe\sinnori\impl\message] creation task end
08:24:57.612 [main] INFO  k.p.s.c.buildsystem.ProjectBuilder - main project[sample_test]'s message client codec file[PublicKeyReq][D:\gitsinnori\sinnori\project\sample_test\client_build\web_build\src\main\java\kr\pe\sinnori\impl\message] creation task start
08:24:57.628 [main] INFO  k.p.s.c.buildsystem.ProjectBuilder - main project[sample_test]'s message client codec file[PublicKeyReq][D:\gitsinnori\sinnori\project\sample_test\client_build\web_build\src\main\java\kr\pe\sinnori\impl\message] creation task end
08:24:57.628 [main] INFO  k.p.s.common.util.CommonStaticUtil - the new child relative direcotry[D:\gitsinnori\sinnori\project\sample_test\client_build\web_build\src\main\java\kr\pe\sinnori\impl\message][PublicKeyRes] was created successfully
08:24:57.628 [main] INFO  k.p.s.c.buildsystem.ProjectBuilder - main project[sample_test]'s message file[PublicKeyRes][D:\gitsinnori\sinnori\project\sample_test\client_build\web_build\src\main\java\kr\pe\sinnori\impl\message] creation task start
08:24:57.628 [main] INFO  k.p.s.c.buildsystem.ProjectBuilder - main project[sample_test]'s message file[PublicKeyRes][D:\gitsinnori\sinnori\project\sample_test\client_build\web_build\src\main\java\kr\pe\sinnori\impl\message] creation task end
08:24:57.628 [main] INFO  k.p.s.c.buildsystem.ProjectBuilder - main project[sample_test]'s message decoder file[PublicKeyRes][D:\gitsinnori\sinnori\project\sample_test\client_build\web_build\src\main\java\kr\pe\sinnori\impl\message] creation task start
08:24:57.628 [main] INFO  k.p.s.c.buildsystem.ProjectBuilder - main project[sample_test]'s message decoder file[PublicKeyRes][D:\gitsinnori\sinnori\project\sample_test\client_build\web_build\src\main\java\kr\pe\sinnori\impl\message] creation task end
08:24:57.628 [main] INFO  k.p.s.c.buildsystem.ProjectBuilder - main project[sample_test]'s message encoder file[PublicKeyRes][D:\gitsinnori\sinnori\project\sample_test\client_build\web_build\src\main\java\kr\pe\sinnori\impl\message] creation task start
08:24:57.628 [main] INFO  k.p.s.c.buildsystem.ProjectBuilder - main project[sample_test]'s message encoder file[PublicKeyRes][D:\gitsinnori\sinnori\project\sample_test\client_build\web_build\src\main\java\kr\pe\sinnori\impl\message] creation task end
08:24:57.628 [main] INFO  k.p.s.c.buildsystem.ProjectBuilder - main project[sample_test]'s message server codec file[PublicKeyRes][D:\gitsinnori\sinnori\project\sample_test\client_build\web_build\src\main\java\kr\pe\sinnori\impl\message] creation task start
08:24:57.628 [main] INFO  k.p.s.c.buildsystem.ProjectBuilder - main project[sample_test]'s message server codec file[PublicKeyRes][D:\gitsinnori\sinnori\project\sample_test\client_build\web_build\src\main\java\kr\pe\sinnori\impl\message] creation task end
08:24:57.628 [main] INFO  k.p.s.c.buildsystem.ProjectBuilder - main project[sample_test]'s message client codec file[PublicKeyRes][D:\gitsinnori\sinnori\project\sample_test\client_build\web_build\src\main\java\kr\pe\sinnori\impl\message] creation task start
08:24:57.713 [main] INFO  k.p.s.c.buildsystem.ProjectBuilder - main project[sample_test]'s message client codec file[PublicKeyRes][D:\gitsinnori\sinnori\project\sample_test\client_build\web_build\src\main\java\kr\pe\sinnori\impl\message] creation task end
08:24:57.713 [main] INFO  k.p.s.c.buildsystem.ProjectBuilder - main project[sample_test]'s web client message io file set creation task end
08:24:57.713 [main] INFO  k.p.s.c.buildsystem.ProjectBuilder - mainproject[sample_test]'s web client sample source files copy task start
08:24:57.813 [main] INFO  k.p.s.c.buildsystem.ProjectBuilder - mainproject[sample_test]'s web client sample source files copy task end
08:24:57.813 [main] INFO  k.p.s.c.buildsystem.ProjectBuilder - main project[sample_test]'s web client build system files creation task end
08:24:57.813 [main] INFO  k.p.s.c.buildsystem.ProjectBuilder - main project[sample_test]'s web root child direcotry creation task start
08:24:57.813 [main] INFO  k.p.s.common.util.CommonStaticUtil - the child relative direcotry[D:\gitsinnori\sinnori\project\sample_test][web_app_base/upload] exist, so nothing
08:24:57.813 [main] INFO  k.p.s.common.util.CommonStaticUtil - the new child relative direcotry[D:\gitsinnori\sinnori\project\sample_test][web_app_base/ROOT/WEB-INF/classes] was created successfully
08:24:57.813 [main] INFO  k.p.s.common.util.CommonStaticUtil - the new child relative direcotry[D:\gitsinnori\sinnori\project\sample_test][web_app_base/ROOT/WEB-INF/lib] was created successfully
08:24:57.813 [main] INFO  k.p.s.c.buildsystem.ProjectBuilder - main project[sample_test]'s web root child direcotry creation task end
08:24:57.813 [main] INFO  k.p.s.c.buildsystem.ProjectBuilder - main project[sample_test]'s web root sample files creation task start
08:24:57.813 [main] INFO  k.p.s.c.buildsystem.ProjectBuilder - main project[sample_test]'s web root sample files copy task start
08:24:57.829 [main] INFO  k.p.s.c.buildsystem.ProjectBuilder - main project[sample_test]'s web root sample files copy task end
08:24:57.829 [main] INFO  k.p.s.c.buildsystem.ProjectBuilder - main project[sample_test]'s web root sample files creation task end
08:24:57.829 [main] INFO  k.p.s.c.buildsystem.ProjectBuilder - main project[sample_test]'s config file overwrite task start
08:24:57.829 [main] INFO  k.p.s.c.buildsystem.ProjectBuilder - main project[sample_test]'s config file overwrite task end
08:24:57.829 [main] INFO  k.p.s.c.buildsystem.ProjectBuilder - main project[sample_test] changeProjectState method end
08:24:57.829 [main] INFO  k.p.s.c.buildsystem.ProjectBuilder - the app client ant build.xml file[D:\gitsinnori\sinnori\project\sample_test\client_build\app_build\build.xml] is bad :: whetherExist[false] isFile[false]
08:24:57.829 [main] INFO  k.p.s.c.buildsystem.ProjectBuilder - main project[sample_test] changeProjectState method start
08:24:57.829 [main] WARN  k.p.s.c.buildsystem.ProjectBuilder - the server build path[D:\gitsinnori\sinnori\project\sample_test\server_build] exist, so skip creation of server build system
08:24:57.829 [main] INFO  k.p.s.c.buildsystem.ProjectBuilder - main project[sample_test]'s application build child direcotry creation task start
08:24:57.829 [main] INFO  k.p.s.common.util.CommonStaticUtil - the new child relative direcotry[D:\gitsinnori\sinnori\project\sample_test][client_build/app_build/corelib/ex] was created successfully
08:24:57.829 [main] INFO  k.p.s.common.util.CommonStaticUtil - the new child relative direcotry[D:\gitsinnori\sinnori\project\sample_test][client_build/app_build/corelib/in] was created successfully
08:24:57.829 [main] INFO  k.p.s.common.util.CommonStaticUtil - the new child relative direcotry[D:\gitsinnori\sinnori\project\sample_test][client_build/app_build/lib/main/ex] was created successfully
08:24:57.829 [main] INFO  k.p.s.common.util.CommonStaticUtil - the new child relative direcotry[D:\gitsinnori\sinnori\project\sample_test][client_build/app_build/lib/main/in] was created successfully
08:24:57.829 [main] INFO  k.p.s.common.util.CommonStaticUtil - the new child relative direcotry[D:\gitsinnori\sinnori\project\sample_test][client_build/app_build/lib/test] was created successfully
08:24:57.848 [main] INFO  k.p.s.common.util.CommonStaticUtil - the new child relative direcotry[D:\gitsinnori\sinnori\project\sample_test][client_build/app_build/src/main/java/kr/pe/sinnori/impl/message] was created successfully
08:24:57.849 [main] INFO  k.p.s.common.util.CommonStaticUtil - the new child relative direcotry[D:\gitsinnori\sinnori\project\sample_test][client_build/app_build/src/main/java/main] was created successfully
08:24:57.850 [main] INFO  k.p.s.common.util.CommonStaticUtil - the new child relative direcotry[D:\gitsinnori\sinnori\project\sample_test][client_build/app_build/src/test/java] was created successfully
08:24:57.850 [main] INFO  k.p.s.common.util.CommonStaticUtil - the new child relative direcotry[D:\gitsinnori\sinnori\project\sample_test][client_build/app_build/build] was created successfully
08:24:57.850 [main] INFO  k.p.s.common.util.CommonStaticUtil - the new child relative direcotry[D:\gitsinnori\sinnori\project\sample_test][client_build/app_build/dist] was created successfully
08:24:57.850 [main] INFO  k.p.s.c.buildsystem.ProjectBuilder - main project[sample_test]'s application build child direcotry creation task end
08:24:57.850 [main] INFO  k.p.s.c.buildsystem.ProjectBuilder - mainproject[sample_test]'s application client build system files creation task start
08:24:57.850 [main] INFO  k.p.s.c.buildsystem.ProjectBuilder - main project[sample_test]'s application client ant build.xml file creation task start
08:24:57.851 [main] INFO  k.p.s.c.buildsystem.ProjectBuilder - main project[sample_test]'s application client ant build.xml file creation task end
08:24:57.851 [main] INFO  k.p.s.c.buildsystem.ProjectBuilder - main project[sample_test]'s application client dos shell file creation task start
08:24:57.851 [main] INFO  k.p.s.c.buildsystem.ProjectBuilder - main project[sample_test]'s application client dos shell file creation task end
08:24:57.851 [main] INFO  k.p.s.c.buildsystem.ProjectBuilder - main project[sample_test]'s application client unix shell file creation task start
08:24:57.851 [main] INFO  k.p.s.c.buildsystem.ProjectBuilder - main project[sample_test]'s application client unix shell file creation task end
08:24:57.929 [main] INFO  k.p.s.c.buildsystem.ProjectBuilder - application client sample source files copy task start
08:24:57.946 [main] INFO  k.p.s.c.buildsystem.ProjectBuilder - application client sample source files copy task end
08:24:57.946 [main] INFO  k.p.s.c.buildsystem.ProjectBuilder - main project[sample_test]'s application client message io file set creation task start
08:24:57.946 [main] INFO  k.p.s.common.util.CommonStaticUtil - the new child relative direcotry[D:\gitsinnori\sinnori\project\sample_test\client_build\app_build\src\main\java\kr\pe\sinnori\impl\message][Echo] was created successfully
08:24:57.946 [main] INFO  k.p.s.c.buildsystem.ProjectBuilder - main project[sample_test]'s message file[Echo][D:\gitsinnori\sinnori\project\sample_test\client_build\app_build\src\main\java\kr\pe\sinnori\impl\message] creation task start
08:24:57.951 [main] INFO  k.p.s.c.buildsystem.ProjectBuilder - main project[sample_test]'s message file[Echo][D:\gitsinnori\sinnori\project\sample_test\client_build\app_build\src\main\java\kr\pe\sinnori\impl\message] creation task end
08:24:57.951 [main] INFO  k.p.s.c.buildsystem.ProjectBuilder - main project[sample_test]'s message decoder file[Echo][D:\gitsinnori\sinnori\project\sample_test\client_build\app_build\src\main\java\kr\pe\sinnori\impl\message] creation task start
08:24:57.951 [main] INFO  k.p.s.c.buildsystem.ProjectBuilder - main project[sample_test]'s message decoder file[Echo][D:\gitsinnori\sinnori\project\sample_test\client_build\app_build\src\main\java\kr\pe\sinnori\impl\message] creation task end
08:24:57.951 [main] INFO  k.p.s.c.buildsystem.ProjectBuilder - main project[sample_test]'s message encoder file[Echo][D:\gitsinnori\sinnori\project\sample_test\client_build\app_build\src\main\java\kr\pe\sinnori\impl\message] creation task start
08:24:57.966 [main] INFO  k.p.s.c.buildsystem.ProjectBuilder - main project[sample_test]'s message encoder file[Echo][D:\gitsinnori\sinnori\project\sample_test\client_build\app_build\src\main\java\kr\pe\sinnori\impl\message] creation task end
08:24:57.966 [main] INFO  k.p.s.c.buildsystem.ProjectBuilder - main project[sample_test]'s message server codec file[Echo][D:\gitsinnori\sinnori\project\sample_test\client_build\app_build\src\main\java\kr\pe\sinnori\impl\message] creation task start
08:24:57.966 [main] INFO  k.p.s.c.buildsystem.ProjectBuilder - main project[sample_test]'s message server codec file[Echo][D:\gitsinnori\sinnori\project\sample_test\client_build\app_build\src\main\java\kr\pe\sinnori\impl\message] creation task end
08:24:57.966 [main] INFO  k.p.s.c.buildsystem.ProjectBuilder - main project[sample_test]'s message client codec file[Echo][D:\gitsinnori\sinnori\project\sample_test\client_build\app_build\src\main\java\kr\pe\sinnori\impl\message] creation task start
08:24:57.966 [main] INFO  k.p.s.c.buildsystem.ProjectBuilder - main project[sample_test]'s message client codec file[Echo][D:\gitsinnori\sinnori\project\sample_test\client_build\app_build\src\main\java\kr\pe\sinnori\impl\message] creation task end
08:24:57.966 [main] INFO  k.p.s.common.util.CommonStaticUtil - the new child relative direcotry[D:\gitsinnori\sinnori\project\sample_test\client_build\app_build\src\main\java\kr\pe\sinnori\impl\message][PublicKeyReq] was created successfully
08:24:57.966 [main] INFO  k.p.s.c.buildsystem.ProjectBuilder - main project[sample_test]'s message file[PublicKeyReq][D:\gitsinnori\sinnori\project\sample_test\client_build\app_build\src\main\java\kr\pe\sinnori\impl\message] creation task start
08:24:57.966 [main] INFO  k.p.s.c.buildsystem.ProjectBuilder - main project[sample_test]'s message file[PublicKeyReq][D:\gitsinnori\sinnori\project\sample_test\client_build\app_build\src\main\java\kr\pe\sinnori\impl\message] creation task end
08:24:57.966 [main] INFO  k.p.s.c.buildsystem.ProjectBuilder - main project[sample_test]'s message decoder file[PublicKeyReq][D:\gitsinnori\sinnori\project\sample_test\client_build\app_build\src\main\java\kr\pe\sinnori\impl\message] creation task start
08:24:57.982 [main] INFO  k.p.s.c.buildsystem.ProjectBuilder - main project[sample_test]'s message decoder file[PublicKeyReq][D:\gitsinnori\sinnori\project\sample_test\client_build\app_build\src\main\java\kr\pe\sinnori\impl\message] creation task end
08:24:57.982 [main] INFO  k.p.s.c.buildsystem.ProjectBuilder - main project[sample_test]'s message encoder file[PublicKeyReq][D:\gitsinnori\sinnori\project\sample_test\client_build\app_build\src\main\java\kr\pe\sinnori\impl\message] creation task start
08:24:57.982 [main] INFO  k.p.s.c.buildsystem.ProjectBuilder - main project[sample_test]'s message encoder file[PublicKeyReq][D:\gitsinnori\sinnori\project\sample_test\client_build\app_build\src\main\java\kr\pe\sinnori\impl\message] creation task end
08:24:57.982 [main] INFO  k.p.s.c.buildsystem.ProjectBuilder - main project[sample_test]'s message server codec file[PublicKeyReq][D:\gitsinnori\sinnori\project\sample_test\client_build\app_build\src\main\java\kr\pe\sinnori\impl\message] creation task start
08:24:57.982 [main] INFO  k.p.s.c.buildsystem.ProjectBuilder - main project[sample_test]'s message server codec file[PublicKeyReq][D:\gitsinnori\sinnori\project\sample_test\client_build\app_build\src\main\java\kr\pe\sinnori\impl\message] creation task end
08:24:57.982 [main] INFO  k.p.s.c.buildsystem.ProjectBuilder - main project[sample_test]'s message client codec file[PublicKeyReq][D:\gitsinnori\sinnori\project\sample_test\client_build\app_build\src\main\java\kr\pe\sinnori\impl\message] creation task start
08:24:58.067 [main] INFO  k.p.s.c.buildsystem.ProjectBuilder - main project[sample_test]'s message client codec file[PublicKeyReq][D:\gitsinnori\sinnori\project\sample_test\client_build\app_build\src\main\java\kr\pe\sinnori\impl\message] creation task end
08:24:58.067 [main] INFO  k.p.s.common.util.CommonStaticUtil - the new child relative direcotry[D:\gitsinnori\sinnori\project\sample_test\client_build\app_build\src\main\java\kr\pe\sinnori\impl\message][PublicKeyRes] was created successfully
08:24:58.067 [main] INFO  k.p.s.c.buildsystem.ProjectBuilder - main project[sample_test]'s message file[PublicKeyRes][D:\gitsinnori\sinnori\project\sample_test\client_build\app_build\src\main\java\kr\pe\sinnori\impl\message] creation task start
08:24:58.067 [main] INFO  k.p.s.c.buildsystem.ProjectBuilder - main project[sample_test]'s message file[PublicKeyRes][D:\gitsinnori\sinnori\project\sample_test\client_build\app_build\src\main\java\kr\pe\sinnori\impl\message] creation task end
08:24:58.067 [main] INFO  k.p.s.c.buildsystem.ProjectBuilder - main project[sample_test]'s message decoder file[PublicKeyRes][D:\gitsinnori\sinnori\project\sample_test\client_build\app_build\src\main\java\kr\pe\sinnori\impl\message] creation task start
08:24:58.067 [main] INFO  k.p.s.c.buildsystem.ProjectBuilder - main project[sample_test]'s message decoder file[PublicKeyRes][D:\gitsinnori\sinnori\project\sample_test\client_build\app_build\src\main\java\kr\pe\sinnori\impl\message] creation task end
08:24:58.067 [main] INFO  k.p.s.c.buildsystem.ProjectBuilder - main project[sample_test]'s message encoder file[PublicKeyRes][D:\gitsinnori\sinnori\project\sample_test\client_build\app_build\src\main\java\kr\pe\sinnori\impl\message] creation task start
08:24:58.067 [main] INFO  k.p.s.c.buildsystem.ProjectBuilder - main project[sample_test]'s message encoder file[PublicKeyRes][D:\gitsinnori\sinnori\project\sample_test\client_build\app_build\src\main\java\kr\pe\sinnori\impl\message] creation task end
08:24:58.067 [main] INFO  k.p.s.c.buildsystem.ProjectBuilder - main project[sample_test]'s message server codec file[PublicKeyRes][D:\gitsinnori\sinnori\project\sample_test\client_build\app_build\src\main\java\kr\pe\sinnori\impl\message] creation task start
08:24:58.067 [main] INFO  k.p.s.c.buildsystem.ProjectBuilder - main project[sample_test]'s message server codec file[PublicKeyRes][D:\gitsinnori\sinnori\project\sample_test\client_build\app_build\src\main\java\kr\pe\sinnori\impl\message] creation task end
08:24:58.067 [main] INFO  k.p.s.c.buildsystem.ProjectBuilder - main project[sample_test]'s message client codec file[PublicKeyRes][D:\gitsinnori\sinnori\project\sample_test\client_build\app_build\src\main\java\kr\pe\sinnori\impl\message] creation task start
08:24:58.082 [main] INFO  k.p.s.c.buildsystem.ProjectBuilder - main project[sample_test]'s message client codec file[PublicKeyRes][D:\gitsinnori\sinnori\project\sample_test\client_build\app_build\src\main\java\kr\pe\sinnori\impl\message] creation task end
08:24:58.082 [main] INFO  k.p.s.c.buildsystem.ProjectBuilder - main project[sample_test]'s application client message io file set creation task end
08:24:58.082 [main] INFO  k.p.s.c.buildsystem.ProjectBuilder - mainproject[sample_test]'s application client build system files creation task end
08:24:58.082 [main] INFO  k.p.s.c.buildsystem.ProjectBuilder - main project[sample_test]'s web client build path deletion task start
08:24:58.098 [main] INFO  k.p.s.c.buildsystem.ProjectBuilder - main project[sample_test]'s web client build path deletion task end
08:24:58.098 [main] INFO  k.p.s.c.buildsystem.ProjectBuilder - main project[sample_test]'s web root path deletion task start
08:24:58.098 [main] INFO  k.p.s.c.buildsystem.ProjectBuilder - main project[sample_test]'s web root path deletion task end
08:24:58.098 [main] INFO  k.p.s.c.buildsystem.ProjectBuilder - main project[sample_test]'s config file overwrite task start
08:24:58.098 [main] INFO  k.p.s.c.buildsystem.ProjectBuilder - main project[sample_test]'s config file overwrite task end
08:24:58.098 [main] INFO  k.p.s.c.buildsystem.ProjectBuilder - main project[sample_test] changeProjectState method end
08:24:58.098 [main] INFO  k.p.s.c.buildsystem.ProjectBuilder - the web client ant build.xml file[D:\gitsinnori\sinnori\project\sample_test\client_build\web_build\build.xml] is bad :: whetherExist[false] isFile[false]
08:24:58.098 [main] INFO  k.p.s.c.buildsystem.ProjectBuilder - the web.xml file[D:\gitsinnori\sinnori\project\sample_test\web_app_base\ROOT\WEB-INF\web.xml] located at web root directory is bad :: whetherExist[false] isFile[false]
08:24:58.098 [main] INFO  k.p.s.c.buildsystem.ProjectBuilder - main project[sample_test] changeProjectState method start
08:24:58.098 [main] WARN  k.p.s.c.buildsystem.ProjectBuilder - the server build path[D:\gitsinnori\sinnori\project\sample_test\server_build] exist, so skip creation of server build system
08:24:58.098 [main] WARN  k.p.s.c.buildsystem.ProjectBuilder - the app client build path[D:\gitsinnori\sinnori\project\sample_test\client_build\app_build] exist, so skip creation of app client build system
08:24:58.098 [main] INFO  k.p.s.c.buildsystem.ProjectBuilder - main project[sample_test]'s web build child direcotry creation task start
08:24:58.098 [main] INFO  k.p.s.common.util.CommonStaticUtil - the new child relative direcotry[D:\gitsinnori\sinnori\project\sample_test][client_build/web_build/corelib/ex] was created successfully
08:24:58.098 [main] INFO  k.p.s.common.util.CommonStaticUtil - the new child relative direcotry[D:\gitsinnori\sinnori\project\sample_test][client_build/web_build/corelib/in] was created successfully
08:24:58.098 [main] INFO  k.p.s.common.util.CommonStaticUtil - the new child relative direcotry[D:\gitsinnori\sinnori\project\sample_test][client_build/web_build/lib/main/ex] was created successfully
08:24:58.182 [main] INFO  k.p.s.common.util.CommonStaticUtil - the new child relative direcotry[D:\gitsinnori\sinnori\project\sample_test][client_build/web_build/lib/main/in] was created successfully
08:24:58.182 [main] INFO  k.p.s.common.util.CommonStaticUtil - the new child relative direcotry[D:\gitsinnori\sinnori\project\sample_test][client_build/web_build/lib/test] was created successfully
08:24:58.182 [main] INFO  k.p.s.common.util.CommonStaticUtil - the new child relative direcotry[D:\gitsinnori\sinnori\project\sample_test][client_build/web_build/src/main/java/kr/pe/sinnori/impl/message] was created successfully
08:24:58.182 [main] INFO  k.p.s.common.util.CommonStaticUtil - the new child relative direcotry[D:\gitsinnori\sinnori\project\sample_test][client_build/web_build/src/main/java//kr/pe/sinnori/servlet] was created successfully
08:24:58.182 [main] INFO  k.p.s.common.util.CommonStaticUtil - the new child relative direcotry[D:\gitsinnori\sinnori\project\sample_test][client_build/web_build/src/main/java/kr/pe/sinnori/weblib/common] was created successfully
08:24:58.182 [main] INFO  k.p.s.common.util.CommonStaticUtil - the new child relative direcotry[D:\gitsinnori\sinnori\project\sample_test][client_build/web_build/src/main/java/kr/pe/sinnori/weblib/htmlstring] was created successfully
08:24:58.182 [main] INFO  k.p.s.common.util.CommonStaticUtil - the new child relative direcotry[D:\gitsinnori\sinnori\project\sample_test][client_build/web_build/src/main/java/kr/pe/sinnori/weblib/jdf] was created successfully
08:24:58.198 [main] INFO  k.p.s.common.util.CommonStaticUtil - the new child relative direcotry[D:\gitsinnori\sinnori\project\sample_test][client_build/web_build/src/test/java] was created successfully
08:24:58.198 [main] INFO  k.p.s.common.util.CommonStaticUtil - the new child relative direcotry[D:\gitsinnori\sinnori\project\sample_test][client_build/web_build/build] was created successfully
08:24:58.198 [main] INFO  k.p.s.common.util.CommonStaticUtil - the new child relative direcotry[D:\gitsinnori\sinnori\project\sample_test][client_build/web_build/dist] was created successfully
08:24:58.198 [main] INFO  k.p.s.c.buildsystem.ProjectBuilder - main project[sample_test]'s web build child direcotry creation task end
08:24:58.198 [main] INFO  k.p.s.c.buildsystem.ProjectBuilder - main project[sample_test]'s web client build system files creation task start
08:24:58.198 [main] INFO  k.p.s.c.buildsystem.ProjectBuilder - main project[sample_test]'s web client ant build.xml file creation task start
08:24:58.198 [main] INFO  k.p.s.c.buildsystem.ProjectBuilder - main project[sample_test]'s web client ant build.xml file creation task end
08:24:58.198 [main] INFO  k.p.s.c.buildsystem.ProjectBuilder - main project[sample_test]'s web client ant properties file creation task start
08:24:58.198 [main] INFO  k.p.s.c.util.SequencedPropertiesUtil - the sequenced properties file[D:\gitsinnori\sinnori\project\sample_test\client_build\web_build\webAnt.properties] was created
08:24:58.229 [main] INFO  k.p.s.c.buildsystem.ProjectBuilder - main project[sample_test]'s web client ant properties file creation task end
08:24:58.229 [main] INFO  k.p.s.c.buildsystem.ProjectBuilder - main project[sample_test]'s web client message io file set creation task start
08:24:58.229 [main] INFO  k.p.s.common.util.CommonStaticUtil - the new child relative direcotry[D:\gitsinnori\sinnori\project\sample_test\client_build\web_build\src\main\java\kr\pe\sinnori\impl\message][Echo] was created successfully
08:24:58.229 [main] INFO  k.p.s.c.buildsystem.ProjectBuilder - main project[sample_test]'s message file[Echo][D:\gitsinnori\sinnori\project\sample_test\client_build\web_build\src\main\java\kr\pe\sinnori\impl\message] creation task start
08:24:58.229 [main] INFO  k.p.s.c.buildsystem.ProjectBuilder - main project[sample_test]'s message file[Echo][D:\gitsinnori\sinnori\project\sample_test\client_build\web_build\src\main\java\kr\pe\sinnori\impl\message] creation task end
08:24:58.229 [main] INFO  k.p.s.c.buildsystem.ProjectBuilder - main project[sample_test]'s message decoder file[Echo][D:\gitsinnori\sinnori\project\sample_test\client_build\web_build\src\main\java\kr\pe\sinnori\impl\message] creation task start
08:24:58.229 [main] INFO  k.p.s.c.buildsystem.ProjectBuilder - main project[sample_test]'s message decoder file[Echo][D:\gitsinnori\sinnori\project\sample_test\client_build\web_build\src\main\java\kr\pe\sinnori\impl\message] creation task end
08:24:58.229 [main] INFO  k.p.s.c.buildsystem.ProjectBuilder - main project[sample_test]'s message encoder file[Echo][D:\gitsinnori\sinnori\project\sample_test\client_build\web_build\src\main\java\kr\pe\sinnori\impl\message] creation task start
08:24:58.229 [main] INFO  k.p.s.c.buildsystem.ProjectBuilder - main project[sample_test]'s message encoder file[Echo][D:\gitsinnori\sinnori\project\sample_test\client_build\web_build\src\main\java\kr\pe\sinnori\impl\message] creation task end
08:24:58.229 [main] INFO  k.p.s.c.buildsystem.ProjectBuilder - main project[sample_test]'s message server codec file[Echo][D:\gitsinnori\sinnori\project\sample_test\client_build\web_build\src\main\java\kr\pe\sinnori\impl\message] creation task start
08:24:58.245 [main] INFO  k.p.s.c.buildsystem.ProjectBuilder - main project[sample_test]'s message server codec file[Echo][D:\gitsinnori\sinnori\project\sample_test\client_build\web_build\src\main\java\kr\pe\sinnori\impl\message] creation task end
08:24:58.245 [main] INFO  k.p.s.c.buildsystem.ProjectBuilder - main project[sample_test]'s message client codec file[Echo][D:\gitsinnori\sinnori\project\sample_test\client_build\web_build\src\main\java\kr\pe\sinnori\impl\message] creation task start
08:24:58.247 [main] INFO  k.p.s.c.buildsystem.ProjectBuilder - main project[sample_test]'s message client codec file[Echo][D:\gitsinnori\sinnori\project\sample_test\client_build\web_build\src\main\java\kr\pe\sinnori\impl\message] creation task end
08:24:58.247 [main] INFO  k.p.s.common.util.CommonStaticUtil - the new child relative direcotry[D:\gitsinnori\sinnori\project\sample_test\client_build\web_build\src\main\java\kr\pe\sinnori\impl\message][PublicKeyReq] was created successfully
08:24:58.247 [main] INFO  k.p.s.c.buildsystem.ProjectBuilder - main project[sample_test]'s message file[PublicKeyReq][D:\gitsinnori\sinnori\project\sample_test\client_build\web_build\src\main\java\kr\pe\sinnori\impl\message] creation task start
08:24:58.251 [main] INFO  k.p.s.c.buildsystem.ProjectBuilder - main project[sample_test]'s message file[PublicKeyReq][D:\gitsinnori\sinnori\project\sample_test\client_build\web_build\src\main\java\kr\pe\sinnori\impl\message] creation task end
08:24:58.251 [main] INFO  k.p.s.c.buildsystem.ProjectBuilder - main project[sample_test]'s message decoder file[PublicKeyReq][D:\gitsinnori\sinnori\project\sample_test\client_build\web_build\src\main\java\kr\pe\sinnori\impl\message] creation task start
08:24:58.251 [main] INFO  k.p.s.c.buildsystem.ProjectBuilder - main project[sample_test]'s message decoder file[PublicKeyReq][D:\gitsinnori\sinnori\project\sample_test\client_build\web_build\src\main\java\kr\pe\sinnori\impl\message] creation task end
08:24:58.313 [main] INFO  k.p.s.c.buildsystem.ProjectBuilder - main project[sample_test]'s message encoder file[PublicKeyReq][D:\gitsinnori\sinnori\project\sample_test\client_build\web_build\src\main\java\kr\pe\sinnori\impl\message] creation task start
08:24:58.313 [main] INFO  k.p.s.c.buildsystem.ProjectBuilder - main project[sample_test]'s message encoder file[PublicKeyReq][D:\gitsinnori\sinnori\project\sample_test\client_build\web_build\src\main\java\kr\pe\sinnori\impl\message] creation task end
08:24:58.313 [main] INFO  k.p.s.c.buildsystem.ProjectBuilder - main project[sample_test]'s message server codec file[PublicKeyReq][D:\gitsinnori\sinnori\project\sample_test\client_build\web_build\src\main\java\kr\pe\sinnori\impl\message] creation task start
08:24:58.329 [main] INFO  k.p.s.c.buildsystem.ProjectBuilder - main project[sample_test]'s message server codec file[PublicKeyReq][D:\gitsinnori\sinnori\project\sample_test\client_build\web_build\src\main\java\kr\pe\sinnori\impl\message] creation task end
08:24:58.329 [main] INFO  k.p.s.c.buildsystem.ProjectBuilder - main project[sample_test]'s message client codec file[PublicKeyReq][D:\gitsinnori\sinnori\project\sample_test\client_build\web_build\src\main\java\kr\pe\sinnori\impl\message] creation task start
08:24:58.329 [main] INFO  k.p.s.c.buildsystem.ProjectBuilder - main project[sample_test]'s message client codec file[PublicKeyReq][D:\gitsinnori\sinnori\project\sample_test\client_build\web_build\src\main\java\kr\pe\sinnori\impl\message] creation task end
08:24:58.329 [main] INFO  k.p.s.common.util.CommonStaticUtil - the new child relative direcotry[D:\gitsinnori\sinnori\project\sample_test\client_build\web_build\src\main\java\kr\pe\sinnori\impl\message][PublicKeyRes] was created successfully
08:24:58.329 [main] INFO  k.p.s.c.buildsystem.ProjectBuilder - main project[sample_test]'s message file[PublicKeyRes][D:\gitsinnori\sinnori\project\sample_test\client_build\web_build\src\main\java\kr\pe\sinnori\impl\message] creation task start
08:24:58.347 [main] INFO  k.p.s.c.buildsystem.ProjectBuilder - main project[sample_test]'s message file[PublicKeyRes][D:\gitsinnori\sinnori\project\sample_test\client_build\web_build\src\main\java\kr\pe\sinnori\impl\message] creation task end
08:24:58.347 [main] INFO  k.p.s.c.buildsystem.ProjectBuilder - main project[sample_test]'s message decoder file[PublicKeyRes][D:\gitsinnori\sinnori\project\sample_test\client_build\web_build\src\main\java\kr\pe\sinnori\impl\message] creation task start
08:24:58.351 [main] INFO  k.p.s.c.buildsystem.ProjectBuilder - main project[sample_test]'s message decoder file[PublicKeyRes][D:\gitsinnori\sinnori\project\sample_test\client_build\web_build\src\main\java\kr\pe\sinnori\impl\message] creation task end
08:24:58.351 [main] INFO  k.p.s.c.buildsystem.ProjectBuilder - main project[sample_test]'s message encoder file[PublicKeyRes][D:\gitsinnori\sinnori\project\sample_test\client_build\web_build\src\main\java\kr\pe\sinnori\impl\message] creation task start
08:24:58.351 [main] INFO  k.p.s.c.buildsystem.ProjectBuilder - main project[sample_test]'s message encoder file[PublicKeyRes][D:\gitsinnori\sinnori\project\sample_test\client_build\web_build\src\main\java\kr\pe\sinnori\impl\message] creation task end
08:24:58.351 [main] INFO  k.p.s.c.buildsystem.ProjectBuilder - main project[sample_test]'s message server codec file[PublicKeyRes][D:\gitsinnori\sinnori\project\sample_test\client_build\web_build\src\main\java\kr\pe\sinnori\impl\message] creation task start
08:24:58.351 [main] INFO  k.p.s.c.buildsystem.ProjectBuilder - main project[sample_test]'s message server codec file[PublicKeyRes][D:\gitsinnori\sinnori\project\sample_test\client_build\web_build\src\main\java\kr\pe\sinnori\impl\message] creation task end
08:24:58.351 [main] INFO  k.p.s.c.buildsystem.ProjectBuilder - main project[sample_test]'s message client codec file[PublicKeyRes][D:\gitsinnori\sinnori\project\sample_test\client_build\web_build\src\main\java\kr\pe\sinnori\impl\message] creation task start
08:24:58.351 [main] INFO  k.p.s.c.buildsystem.ProjectBuilder - main project[sample_test]'s message client codec file[PublicKeyRes][D:\gitsinnori\sinnori\project\sample_test\client_build\web_build\src\main\java\kr\pe\sinnori\impl\message] creation task end
08:24:58.351 [main] INFO  k.p.s.c.buildsystem.ProjectBuilder - main project[sample_test]'s web client message io file set creation task end
08:24:58.351 [main] INFO  k.p.s.c.buildsystem.ProjectBuilder - mainproject[sample_test]'s web client sample source files copy task start
08:24:58.429 [main] INFO  k.p.s.c.buildsystem.ProjectBuilder - mainproject[sample_test]'s web client sample source files copy task end
08:24:58.429 [main] INFO  k.p.s.c.buildsystem.ProjectBuilder - main project[sample_test]'s web client build system files creation task end
08:24:58.429 [main] INFO  k.p.s.c.buildsystem.ProjectBuilder - main project[sample_test]'s web root child direcotry creation task start
08:24:58.429 [main] INFO  k.p.s.common.util.CommonStaticUtil - the child relative direcotry[D:\gitsinnori\sinnori\project\sample_test][web_app_base/upload] exist, so nothing
08:24:58.429 [main] INFO  k.p.s.common.util.CommonStaticUtil - the new child relative direcotry[D:\gitsinnori\sinnori\project\sample_test][web_app_base/ROOT/WEB-INF/classes] was created successfully
08:24:58.429 [main] INFO  k.p.s.common.util.CommonStaticUtil - the new child relative direcotry[D:\gitsinnori\sinnori\project\sample_test][web_app_base/ROOT/WEB-INF/lib] was created successfully
08:24:58.429 [main] INFO  k.p.s.c.buildsystem.ProjectBuilder - main project[sample_test]'s web root child direcotry creation task end
08:24:58.429 [main] INFO  k.p.s.c.buildsystem.ProjectBuilder - main project[sample_test]'s web root sample files creation task start
08:24:58.429 [main] INFO  k.p.s.c.buildsystem.ProjectBuilder - main project[sample_test]'s web root sample files copy task start
08:24:58.429 [main] INFO  k.p.s.c.buildsystem.ProjectBuilder - main project[sample_test]'s web root sample files copy task end
08:24:58.429 [main] INFO  k.p.s.c.buildsystem.ProjectBuilder - main project[sample_test]'s web root sample files creation task end
08:24:58.429 [main] INFO  k.p.s.c.buildsystem.ProjectBuilder - main project[sample_test]'s config file overwrite task start
08:24:58.429 [main] INFO  k.p.s.c.buildsystem.ProjectBuilder - main project[sample_test]'s config file overwrite task end
08:24:58.429 [main] INFO  k.p.s.c.buildsystem.ProjectBuilder - main project[sample_test] changeProjectState method end
08:24:58.467 [main] INFO  k.p.s.c.buildsystem.ProjectBuilder - main project[sample_test]'s child direcotry creation task start
08:24:58.467 [main] INFO  k.p.s.c.buildsystem.ProjectBuilder - main project[sample_test]'s common child direcotry creation task start
08:24:58.467 [main] INFO  k.p.s.common.util.CommonStaticUtil - the new child relative direcotry[D:\gitsinnori\sinnori\project\sample_test][config] was created successfully
08:24:58.467 [main] INFO  k.p.s.common.util.CommonStaticUtil - the new child relative direcotry[D:\gitsinnori\sinnori\project\sample_test][resources/dbcp] was created successfully
08:24:58.467 [main] INFO  k.p.s.common.util.CommonStaticUtil - the new child relative direcotry[D:\gitsinnori\sinnori\project\sample_test][resources/message_info] was created successfully
08:24:58.467 [main] INFO  k.p.s.common.util.CommonStaticUtil - the new child relative direcotry[D:\gitsinnori\sinnori\project\sample_test][resources/rsa_keypair] was created successfully
08:24:58.467 [main] INFO  k.p.s.common.util.CommonStaticUtil - the new child relative direcotry[D:\gitsinnori\sinnori\project\sample_test][log/apache] was created successfully
08:24:58.467 [main] INFO  k.p.s.common.util.CommonStaticUtil - the new child relative direcotry[D:\gitsinnori\sinnori\project\sample_test][log/client] was created successfully
08:24:58.467 [main] INFO  k.p.s.common.util.CommonStaticUtil - the new child relative direcotry[D:\gitsinnori\sinnori\project\sample_test][log/server] was created successfully
08:24:58.467 [main] INFO  k.p.s.common.util.CommonStaticUtil - the new child relative direcotry[D:\gitsinnori\sinnori\project\sample_test][log/servlet] was created successfully
08:24:58.467 [main] INFO  k.p.s.c.buildsystem.ProjectBuilder - main project[sample_test]'s common child direcotry creation task end
08:24:58.467 [main] INFO  k.p.s.c.buildsystem.ProjectBuilder - main project[sample_test]'s application build child direcotry creation task start
08:24:58.483 [main] INFO  k.p.s.common.util.CommonStaticUtil - the new child relative direcotry[D:\gitsinnori\sinnori\project\sample_test][client_build/app_build/corelib/ex] was created successfully
08:24:58.483 [main] INFO  k.p.s.common.util.CommonStaticUtil - the new child relative direcotry[D:\gitsinnori\sinnori\project\sample_test][client_build/app_build/corelib/in] was created successfully
08:24:58.483 [main] INFO  k.p.s.common.util.CommonStaticUtil - the new child relative direcotry[D:\gitsinnori\sinnori\project\sample_test][client_build/app_build/lib/main/ex] was created successfully
08:24:58.483 [main] INFO  k.p.s.common.util.CommonStaticUtil - the new child relative direcotry[D:\gitsinnori\sinnori\project\sample_test][client_build/app_build/lib/main/in] was created successfully
08:24:58.483 [main] INFO  k.p.s.common.util.CommonStaticUtil - the new child relative direcotry[D:\gitsinnori\sinnori\project\sample_test][client_build/app_build/lib/test] was created successfully
08:24:58.483 [main] INFO  k.p.s.common.util.CommonStaticUtil - the new child relative direcotry[D:\gitsinnori\sinnori\project\sample_test][client_build/app_build/src/main/java/kr/pe/sinnori/impl/message] was created successfully
08:24:58.483 [main] INFO  k.p.s.common.util.CommonStaticUtil - the new child relative direcotry[D:\gitsinnori\sinnori\project\sample_test][client_build/app_build/src/main/java/main] was created successfully
08:24:58.483 [main] INFO  k.p.s.common.util.CommonStaticUtil - the new child relative direcotry[D:\gitsinnori\sinnori\project\sample_test][client_build/app_build/src/test/java] was created successfully
08:24:58.483 [main] INFO  k.p.s.common.util.CommonStaticUtil - the new child relative direcotry[D:\gitsinnori\sinnori\project\sample_test][client_build/app_build/build] was created successfully
08:24:58.483 [main] INFO  k.p.s.common.util.CommonStaticUtil - the new child relative direcotry[D:\gitsinnori\sinnori\project\sample_test][client_build/app_build/dist] was created successfully
08:24:58.483 [main] INFO  k.p.s.c.buildsystem.ProjectBuilder - main project[sample_test]'s application build child direcotry creation task end
08:24:58.582 [main] INFO  k.p.s.c.buildsystem.ProjectBuilder - main project[sample_test]'s child direcotry creation task end
08:24:58.582 [main] INFO  k.p.s.c.buildsystem.ProjectBuilder - main project[sample_test]'s file creation task start
08:24:58.582 [main] INFO  k.p.s.c.buildsystem.ProjectBuilder - main project[sample_test]'s config file creation task start
08:24:58.582 [main] INFO  k.p.s.c.util.SequencedPropertiesUtil - the sequenced properties file[D:\gitsinnori\sinnori\project\sample_test\config\sinnori.properties] was created
08:24:58.582 [main] INFO  k.p.s.c.buildsystem.ProjectBuilder - main project[sample_test]'s config file creation task end
08:24:58.582 [main] INFO  k.p.s.c.buildsystem.ProjectBuilder - the mainproject[sample_test]'s resources directory copy task start
08:24:58.629 [main] INFO  k.p.s.c.buildsystem.ProjectBuilder - the mainproject[sample_test]'s resources directory copy task end
08:24:58.629 [main] INFO  k.p.s.c.buildsystem.ProjectBuilder - mainproject[sample_test]'s application client build system files creation task start
08:24:58.629 [main] INFO  k.p.s.c.buildsystem.ProjectBuilder - main project[sample_test]'s application client ant build.xml file creation task start
08:24:58.629 [main] INFO  k.p.s.c.buildsystem.ProjectBuilder - main project[sample_test]'s application client ant build.xml file creation task end
08:24:58.629 [main] INFO  k.p.s.c.buildsystem.ProjectBuilder - main project[sample_test]'s application client dos shell file creation task start
08:24:58.629 [main] INFO  k.p.s.c.buildsystem.ProjectBuilder - main project[sample_test]'s application client dos shell file creation task end
08:24:58.629 [main] INFO  k.p.s.c.buildsystem.ProjectBuilder - main project[sample_test]'s application client unix shell file creation task start
08:24:58.629 [main] INFO  k.p.s.c.buildsystem.ProjectBuilder - main project[sample_test]'s application client unix shell file creation task end
08:24:58.629 [main] INFO  k.p.s.c.buildsystem.ProjectBuilder - application client sample source files copy task start
08:24:58.629 [main] INFO  k.p.s.c.buildsystem.ProjectBuilder - application client sample source files copy task end
08:24:58.645 [main] INFO  k.p.s.c.buildsystem.ProjectBuilder - main project[sample_test]'s application client message io file set creation task start
08:24:58.646 [main] INFO  k.p.s.common.util.CommonStaticUtil - the new child relative direcotry[D:\gitsinnori\sinnori\project\sample_test\client_build\app_build\src\main\java\kr\pe\sinnori\impl\message][Echo] was created successfully
08:24:58.646 [main] INFO  k.p.s.c.buildsystem.ProjectBuilder - main project[sample_test]'s message file[Echo][D:\gitsinnori\sinnori\project\sample_test\client_build\app_build\src\main\java\kr\pe\sinnori\impl\message] creation task start
08:24:58.649 [main] INFO  k.p.s.c.buildsystem.ProjectBuilder - main project[sample_test]'s message file[Echo][D:\gitsinnori\sinnori\project\sample_test\client_build\app_build\src\main\java\kr\pe\sinnori\impl\message] creation task end
08:24:58.649 [main] INFO  k.p.s.c.buildsystem.ProjectBuilder - main project[sample_test]'s message decoder file[Echo][D:\gitsinnori\sinnori\project\sample_test\client_build\app_build\src\main\java\kr\pe\sinnori\impl\message] creation task start
08:24:58.651 [main] INFO  k.p.s.c.buildsystem.ProjectBuilder - main project[sample_test]'s message decoder file[Echo][D:\gitsinnori\sinnori\project\sample_test\client_build\app_build\src\main\java\kr\pe\sinnori\impl\message] creation task end
08:24:58.651 [main] INFO  k.p.s.c.buildsystem.ProjectBuilder - main project[sample_test]'s message encoder file[Echo][D:\gitsinnori\sinnori\project\sample_test\client_build\app_build\src\main\java\kr\pe\sinnori\impl\message] creation task start
08:24:58.651 [main] INFO  k.p.s.c.buildsystem.ProjectBuilder - main project[sample_test]'s message encoder file[Echo][D:\gitsinnori\sinnori\project\sample_test\client_build\app_build\src\main\java\kr\pe\sinnori\impl\message] creation task end
08:24:58.651 [main] INFO  k.p.s.c.buildsystem.ProjectBuilder - main project[sample_test]'s message server codec file[Echo][D:\gitsinnori\sinnori\project\sample_test\client_build\app_build\src\main\java\kr\pe\sinnori\impl\message] creation task start
08:24:58.651 [main] INFO  k.p.s.c.buildsystem.ProjectBuilder - main project[sample_test]'s message server codec file[Echo][D:\gitsinnori\sinnori\project\sample_test\client_build\app_build\src\main\java\kr\pe\sinnori\impl\message] creation task end
08:24:58.651 [main] INFO  k.p.s.c.buildsystem.ProjectBuilder - main project[sample_test]'s message client codec file[Echo][D:\gitsinnori\sinnori\project\sample_test\client_build\app_build\src\main\java\kr\pe\sinnori\impl\message] creation task start
08:24:58.651 [main] INFO  k.p.s.c.buildsystem.ProjectBuilder - main project[sample_test]'s message client codec file[Echo][D:\gitsinnori\sinnori\project\sample_test\client_build\app_build\src\main\java\kr\pe\sinnori\impl\message] creation task end
08:24:58.698 [main] INFO  k.p.s.common.util.CommonStaticUtil - the new child relative direcotry[D:\gitsinnori\sinnori\project\sample_test\client_build\app_build\src\main\java\kr\pe\sinnori\impl\message][PublicKeyReq] was created successfully
08:24:58.698 [main] INFO  k.p.s.c.buildsystem.ProjectBuilder - main project[sample_test]'s message file[PublicKeyReq][D:\gitsinnori\sinnori\project\sample_test\client_build\app_build\src\main\java\kr\pe\sinnori\impl\message] creation task start
08:24:58.698 [main] INFO  k.p.s.c.buildsystem.ProjectBuilder - main project[sample_test]'s message file[PublicKeyReq][D:\gitsinnori\sinnori\project\sample_test\client_build\app_build\src\main\java\kr\pe\sinnori\impl\message] creation task end
08:24:58.698 [main] INFO  k.p.s.c.buildsystem.ProjectBuilder - main project[sample_test]'s message decoder file[PublicKeyReq][D:\gitsinnori\sinnori\project\sample_test\client_build\app_build\src\main\java\kr\pe\sinnori\impl\message] creation task start
08:24:58.698 [main] INFO  k.p.s.c.buildsystem.ProjectBuilder - main project[sample_test]'s message decoder file[PublicKeyReq][D:\gitsinnori\sinnori\project\sample_test\client_build\app_build\src\main\java\kr\pe\sinnori\impl\message] creation task end
08:24:58.698 [main] INFO  k.p.s.c.buildsystem.ProjectBuilder - main project[sample_test]'s message encoder file[PublicKeyReq][D:\gitsinnori\sinnori\project\sample_test\client_build\app_build\src\main\java\kr\pe\sinnori\impl\message] creation task start
08:24:58.698 [main] INFO  k.p.s.c.buildsystem.ProjectBuilder - main project[sample_test]'s message encoder file[PublicKeyReq][D:\gitsinnori\sinnori\project\sample_test\client_build\app_build\src\main\java\kr\pe\sinnori\impl\message] creation task end
08:24:58.698 [main] INFO  k.p.s.c.buildsystem.ProjectBuilder - main project[sample_test]'s message server codec file[PublicKeyReq][D:\gitsinnori\sinnori\project\sample_test\client_build\app_build\src\main\java\kr\pe\sinnori\impl\message] creation task start
08:24:58.698 [main] INFO  k.p.s.c.buildsystem.ProjectBuilder - main project[sample_test]'s message server codec file[PublicKeyReq][D:\gitsinnori\sinnori\project\sample_test\client_build\app_build\src\main\java\kr\pe\sinnori\impl\message] creation task end
08:24:58.698 [main] INFO  k.p.s.c.buildsystem.ProjectBuilder - main project[sample_test]'s message client codec file[PublicKeyReq][D:\gitsinnori\sinnori\project\sample_test\client_build\app_build\src\main\java\kr\pe\sinnori\impl\message] creation task start
08:24:58.698 [main] INFO  k.p.s.c.buildsystem.ProjectBuilder - main project[sample_test]'s message client codec file[PublicKeyReq][D:\gitsinnori\sinnori\project\sample_test\client_build\app_build\src\main\java\kr\pe\sinnori\impl\message] creation task end
08:24:58.714 [main] INFO  k.p.s.common.util.CommonStaticUtil - the new child relative direcotry[D:\gitsinnori\sinnori\project\sample_test\client_build\app_build\src\main\java\kr\pe\sinnori\impl\message][PublicKeyRes] was created successfully
08:24:58.714 [main] INFO  k.p.s.c.buildsystem.ProjectBuilder - main project[sample_test]'s message file[PublicKeyRes][D:\gitsinnori\sinnori\project\sample_test\client_build\app_build\src\main\java\kr\pe\sinnori\impl\message] creation task start
08:24:58.714 [main] INFO  k.p.s.c.buildsystem.ProjectBuilder - main project[sample_test]'s message file[PublicKeyRes][D:\gitsinnori\sinnori\project\sample_test\client_build\app_build\src\main\java\kr\pe\sinnori\impl\message] creation task end
08:24:58.714 [main] INFO  k.p.s.c.buildsystem.ProjectBuilder - main project[sample_test]'s message decoder file[PublicKeyRes][D:\gitsinnori\sinnori\project\sample_test\client_build\app_build\src\main\java\kr\pe\sinnori\impl\message] creation task start
08:24:58.714 [main] INFO  k.p.s.c.buildsystem.ProjectBuilder - main project[sample_test]'s message decoder file[PublicKeyRes][D:\gitsinnori\sinnori\project\sample_test\client_build\app_build\src\main\java\kr\pe\sinnori\impl\message] creation task end
08:24:58.714 [main] INFO  k.p.s.c.buildsystem.ProjectBuilder - main project[sample_test]'s message encoder file[PublicKeyRes][D:\gitsinnori\sinnori\project\sample_test\client_build\app_build\src\main\java\kr\pe\sinnori\impl\message] creation task start
08:24:58.714 [main] INFO  k.p.s.c.buildsystem.ProjectBuilder - main project[sample_test]'s message encoder file[PublicKeyRes][D:\gitsinnori\sinnori\project\sample_test\client_build\app_build\src\main\java\kr\pe\sinnori\impl\message] creation task end
08:24:58.714 [main] INFO  k.p.s.c.buildsystem.ProjectBuilder - main project[sample_test]'s message server codec file[PublicKeyRes][D:\gitsinnori\sinnori\project\sample_test\client_build\app_build\src\main\java\kr\pe\sinnori\impl\message] creation task start
08:24:58.714 [main] INFO  k.p.s.c.buildsystem.ProjectBuilder - main project[sample_test]'s message server codec file[PublicKeyRes][D:\gitsinnori\sinnori\project\sample_test\client_build\app_build\src\main\java\kr\pe\sinnori\impl\message] creation task end
08:24:58.714 [main] INFO  k.p.s.c.buildsystem.ProjectBuilder - main project[sample_test]'s message client codec file[PublicKeyRes][D:\gitsinnori\sinnori\project\sample_test\client_build\app_build\src\main\java\kr\pe\sinnori\impl\message] creation task start
08:24:58.714 [main] INFO  k.p.s.c.buildsystem.ProjectBuilder - main project[sample_test]'s message client codec file[PublicKeyRes][D:\gitsinnori\sinnori\project\sample_test\client_build\app_build\src\main\java\kr\pe\sinnori\impl\message] creation task end
08:24:58.714 [main] INFO  k.p.s.c.buildsystem.ProjectBuilder - main project[sample_test]'s application client message io file set creation task end
08:24:58.714 [main] INFO  k.p.s.c.buildsystem.ProjectBuilder - mainproject[sample_test]'s application client build system files creation task end
08:24:58.714 [main] INFO  k.p.s.c.buildsystem.ProjectBuilder - main project[sample_test]'s file creation task end
08:24:58.714 [main] INFO  k.p.s.c.config.SinnoriConfiguration - item key[sessionkey.rsa.publickey.file.value]'s value is null because its status is inactive
08:24:58.714 [main] INFO  k.p.s.c.config.SinnoriConfiguration - item key[sessionkey.rsa.privatekey.file.value]'s value is null because its status is inactive
08:24:58.714 [main] INFO  k.p.s.c.buildsystem.ProjectBuilder - main project[sample_test] changeProjectState method start
08:24:58.714 [main] INFO  k.p.s.c.buildsystem.ProjectBuilder - the server ant build.xml file[D:\gitsinnori\sinnori\project\sample_test\server_build\build.xml] is bad :: whetherExist[false] isFile[false]
08:24:58.714 [main] WARN  k.p.s.c.buildsystem.ProjectBuilder - the server buid.xml file[D:\gitsinnori\sinnori\project\sample_test\server_build\build.xml] is bad beacse it doesn't exist or is not a file, so skip deletion of server build system
08:24:58.798 [main] INFO  k.p.s.c.buildsystem.ProjectBuilder - mainproject[sample_test]'s application client build path deletion task start
08:24:58.829 [main] INFO  k.p.s.c.buildsystem.ProjectBuilder - mainproject[sample_test]'s application client build path deletion task end
08:24:58.829 [main] INFO  k.p.s.c.buildsystem.ProjectBuilder - main project[sample_test]'s web build child direcotry creation task start
08:24:58.829 [main] INFO  k.p.s.common.util.CommonStaticUtil - the new child relative direcotry[D:\gitsinnori\sinnori\project\sample_test][client_build/web_build/corelib/ex] was created successfully
08:24:58.829 [main] INFO  k.p.s.common.util.CommonStaticUtil - the new child relative direcotry[D:\gitsinnori\sinnori\project\sample_test][client_build/web_build/corelib/in] was created successfully
08:24:58.829 [main] INFO  k.p.s.common.util.CommonStaticUtil - the new child relative direcotry[D:\gitsinnori\sinnori\project\sample_test][client_build/web_build/lib/main/ex] was created successfully
08:24:58.829 [main] INFO  k.p.s.common.util.CommonStaticUtil - the new child relative direcotry[D:\gitsinnori\sinnori\project\sample_test][client_build/web_build/lib/main/in] was created successfully
08:24:58.829 [main] INFO  k.p.s.common.util.CommonStaticUtil - the new child relative direcotry[D:\gitsinnori\sinnori\project\sample_test][client_build/web_build/lib/test] was created successfully
08:24:58.829 [main] INFO  k.p.s.common.util.CommonStaticUtil - the new child relative direcotry[D:\gitsinnori\sinnori\project\sample_test][client_build/web_build/src/main/java/kr/pe/sinnori/impl/message] was created successfully
08:24:58.829 [main] INFO  k.p.s.common.util.CommonStaticUtil - the new child relative direcotry[D:\gitsinnori\sinnori\project\sample_test][client_build/web_build/src/main/java//kr/pe/sinnori/servlet] was created successfully
08:24:58.829 [main] INFO  k.p.s.common.util.CommonStaticUtil - the new child relative direcotry[D:\gitsinnori\sinnori\project\sample_test][client_build/web_build/src/main/java/kr/pe/sinnori/weblib/common] was created successfully
08:24:58.829 [main] INFO  k.p.s.common.util.CommonStaticUtil - the new child relative direcotry[D:\gitsinnori\sinnori\project\sample_test][client_build/web_build/src/main/java/kr/pe/sinnori/weblib/htmlstring] was created successfully
08:24:58.829 [main] INFO  k.p.s.common.util.CommonStaticUtil - the new child relative direcotry[D:\gitsinnori\sinnori\project\sample_test][client_build/web_build/src/main/java/kr/pe/sinnori/weblib/jdf] was created successfully
08:24:58.829 [main] INFO  k.p.s.common.util.CommonStaticUtil - the new child relative direcotry[D:\gitsinnori\sinnori\project\sample_test][client_build/web_build/src/test/java] was created successfully
08:24:58.829 [main] INFO  k.p.s.common.util.CommonStaticUtil - the new child relative direcotry[D:\gitsinnori\sinnori\project\sample_test][client_build/web_build/build] was created successfully
08:24:58.829 [main] INFO  k.p.s.common.util.CommonStaticUtil - the new child relative direcotry[D:\gitsinnori\sinnori\project\sample_test][client_build/web_build/dist] was created successfully
08:24:58.829 [main] INFO  k.p.s.c.buildsystem.ProjectBuilder - main project[sample_test]'s web build child direcotry creation task end
08:24:58.829 [main] INFO  k.p.s.c.buildsystem.ProjectBuilder - main project[sample_test]'s web client build system files creation task start
08:24:58.829 [main] INFO  k.p.s.c.buildsystem.ProjectBuilder - main project[sample_test]'s web client ant build.xml file creation task start
08:24:58.829 [main] INFO  k.p.s.c.buildsystem.ProjectBuilder - main project[sample_test]'s web client ant build.xml file creation task end
08:24:58.829 [main] INFO  k.p.s.c.buildsystem.ProjectBuilder - main project[sample_test]'s web client ant properties file creation task start
08:24:58.829 [main] INFO  k.p.s.c.util.SequencedPropertiesUtil - the sequenced properties file[D:\gitsinnori\sinnori\project\sample_test\client_build\web_build\webAnt.properties] was created
08:24:58.829 [main] INFO  k.p.s.c.buildsystem.ProjectBuilder - main project[sample_test]'s web client ant properties file creation task end
08:24:58.829 [main] INFO  k.p.s.c.buildsystem.ProjectBuilder - main project[sample_test]'s web client message io file set creation task start
08:24:58.914 [main] INFO  k.p.s.common.util.CommonStaticUtil - the new child relative direcotry[D:\gitsinnori\sinnori\project\sample_test\client_build\web_build\src\main\java\kr\pe\sinnori\impl\message][Echo] was created successfully
08:24:58.914 [main] INFO  k.p.s.c.buildsystem.ProjectBuilder - main project[sample_test]'s message file[Echo][D:\gitsinnori\sinnori\project\sample_test\client_build\web_build\src\main\java\kr\pe\sinnori\impl\message] creation task start
08:24:58.914 [main] INFO  k.p.s.c.buildsystem.ProjectBuilder - main project[sample_test]'s message file[Echo][D:\gitsinnori\sinnori\project\sample_test\client_build\web_build\src\main\java\kr\pe\sinnori\impl\message] creation task end
08:24:58.914 [main] INFO  k.p.s.c.buildsystem.ProjectBuilder - main project[sample_test]'s message decoder file[Echo][D:\gitsinnori\sinnori\project\sample_test\client_build\web_build\src\main\java\kr\pe\sinnori\impl\message] creation task start
08:24:58.929 [main] INFO  k.p.s.c.buildsystem.ProjectBuilder - main project[sample_test]'s message decoder file[Echo][D:\gitsinnori\sinnori\project\sample_test\client_build\web_build\src\main\java\kr\pe\sinnori\impl\message] creation task end
08:24:58.929 [main] INFO  k.p.s.c.buildsystem.ProjectBuilder - main project[sample_test]'s message encoder file[Echo][D:\gitsinnori\sinnori\project\sample_test\client_build\web_build\src\main\java\kr\pe\sinnori\impl\message] creation task start
08:24:58.929 [main] INFO  k.p.s.c.buildsystem.ProjectBuilder - main project[sample_test]'s message encoder file[Echo][D:\gitsinnori\sinnori\project\sample_test\client_build\web_build\src\main\java\kr\pe\sinnori\impl\message] creation task end
08:24:58.929 [main] INFO  k.p.s.c.buildsystem.ProjectBuilder - main project[sample_test]'s message server codec file[Echo][D:\gitsinnori\sinnori\project\sample_test\client_build\web_build\src\main\java\kr\pe\sinnori\impl\message] creation task start
08:24:58.945 [main] INFO  k.p.s.c.buildsystem.ProjectBuilder - main project[sample_test]'s message server codec file[Echo][D:\gitsinnori\sinnori\project\sample_test\client_build\web_build\src\main\java\kr\pe\sinnori\impl\message] creation task end
08:24:58.945 [main] INFO  k.p.s.c.buildsystem.ProjectBuilder - main project[sample_test]'s message client codec file[Echo][D:\gitsinnori\sinnori\project\sample_test\client_build\web_build\src\main\java\kr\pe\sinnori\impl\message] creation task start
08:24:58.947 [main] INFO  k.p.s.c.buildsystem.ProjectBuilder - main project[sample_test]'s message client codec file[Echo][D:\gitsinnori\sinnori\project\sample_test\client_build\web_build\src\main\java\kr\pe\sinnori\impl\message] creation task end
08:24:58.948 [main] INFO  k.p.s.common.util.CommonStaticUtil - the new child relative direcotry[D:\gitsinnori\sinnori\project\sample_test\client_build\web_build\src\main\java\kr\pe\sinnori\impl\message][PublicKeyReq] was created successfully
08:24:58.948 [main] INFO  k.p.s.c.buildsystem.ProjectBuilder - main project[sample_test]'s message file[PublicKeyReq][D:\gitsinnori\sinnori\project\sample_test\client_build\web_build\src\main\java\kr\pe\sinnori\impl\message] creation task start
08:24:58.951 [main] INFO  k.p.s.c.buildsystem.ProjectBuilder - main project[sample_test]'s message file[PublicKeyReq][D:\gitsinnori\sinnori\project\sample_test\client_build\web_build\src\main\java\kr\pe\sinnori\impl\message] creation task end
08:24:58.951 [main] INFO  k.p.s.c.buildsystem.ProjectBuilder - main project[sample_test]'s message decoder file[PublicKeyReq][D:\gitsinnori\sinnori\project\sample_test\client_build\web_build\src\main\java\kr\pe\sinnori\impl\message] creation task start
08:24:58.951 [main] INFO  k.p.s.c.buildsystem.ProjectBuilder - main project[sample_test]'s message decoder file[PublicKeyReq][D:\gitsinnori\sinnori\project\sample_test\client_build\web_build\src\main\java\kr\pe\sinnori\impl\message] creation task end
08:24:58.951 [main] INFO  k.p.s.c.buildsystem.ProjectBuilder - main project[sample_test]'s message encoder file[PublicKeyReq][D:\gitsinnori\sinnori\project\sample_test\client_build\web_build\src\main\java\kr\pe\sinnori\impl\message] creation task start
08:24:58.951 [main] INFO  k.p.s.c.buildsystem.ProjectBuilder - main project[sample_test]'s message encoder file[PublicKeyReq][D:\gitsinnori\sinnori\project\sample_test\client_build\web_build\src\main\java\kr\pe\sinnori\impl\message] creation task end
08:24:58.951 [main] INFO  k.p.s.c.buildsystem.ProjectBuilder - main project[sample_test]'s message server codec file[PublicKeyReq][D:\gitsinnori\sinnori\project\sample_test\client_build\web_build\src\main\java\kr\pe\sinnori\impl\message] creation task start
08:24:58.951 [main] INFO  k.p.s.c.buildsystem.ProjectBuilder - main project[sample_test]'s message server codec file[PublicKeyReq][D:\gitsinnori\sinnori\project\sample_test\client_build\web_build\src\main\java\kr\pe\sinnori\impl\message] creation task end
08:24:58.951 [main] INFO  k.p.s.c.buildsystem.ProjectBuilder - main project[sample_test]'s message client codec file[PublicKeyReq][D:\gitsinnori\sinnori\project\sample_test\client_build\web_build\src\main\java\kr\pe\sinnori\impl\message] creation task start
08:24:58.951 [main] INFO  k.p.s.c.buildsystem.ProjectBuilder - main project[sample_test]'s message client codec file[PublicKeyReq][D:\gitsinnori\sinnori\project\sample_test\client_build\web_build\src\main\java\kr\pe\sinnori\impl\message] creation task end
08:24:58.951 [main] INFO  k.p.s.common.util.CommonStaticUtil - the new child relative direcotry[D:\gitsinnori\sinnori\project\sample_test\client_build\web_build\src\main\java\kr\pe\sinnori\impl\message][PublicKeyRes] was created successfully
08:24:58.951 [main] INFO  k.p.s.c.buildsystem.ProjectBuilder - main project[sample_test]'s message file[PublicKeyRes][D:\gitsinnori\sinnori\project\sample_test\client_build\web_build\src\main\java\kr\pe\sinnori\impl\message] creation task start
08:24:58.967 [main] INFO  k.p.s.c.buildsystem.ProjectBuilder - main project[sample_test]'s message file[PublicKeyRes][D:\gitsinnori\sinnori\project\sample_test\client_build\web_build\src\main\java\kr\pe\sinnori\impl\message] creation task end
08:24:58.967 [main] INFO  k.p.s.c.buildsystem.ProjectBuilder - main project[sample_test]'s message decoder file[PublicKeyRes][D:\gitsinnori\sinnori\project\sample_test\client_build\web_build\src\main\java\kr\pe\sinnori\impl\message] creation task start
08:24:58.967 [main] INFO  k.p.s.c.buildsystem.ProjectBuilder - main project[sample_test]'s message decoder file[PublicKeyRes][D:\gitsinnori\sinnori\project\sample_test\client_build\web_build\src\main\java\kr\pe\sinnori\impl\message] creation task end
08:24:58.967 [main] INFO  k.p.s.c.buildsystem.ProjectBuilder - main project[sample_test]'s message encoder file[PublicKeyRes][D:\gitsinnori\sinnori\project\sample_test\client_build\web_build\src\main\java\kr\pe\sinnori\impl\message] creation task start
08:24:58.967 [main] INFO  k.p.s.c.buildsystem.ProjectBuilder - main project[sample_test]'s message encoder file[PublicKeyRes][D:\gitsinnori\sinnori\project\sample_test\client_build\web_build\src\main\java\kr\pe\sinnori\impl\message] creation task end
08:24:58.967 [main] INFO  k.p.s.c.buildsystem.ProjectBuilder - main project[sample_test]'s message server codec file[PublicKeyRes][D:\gitsinnori\sinnori\project\sample_test\client_build\web_build\src\main\java\kr\pe\sinnori\impl\message] creation task start
08:24:58.967 [main] INFO  k.p.s.c.buildsystem.ProjectBuilder - main project[sample_test]'s message server codec file[PublicKeyRes][D:\gitsinnori\sinnori\project\sample_test\client_build\web_build\src\main\java\kr\pe\sinnori\impl\message] creation task end
08:24:58.967 [main] INFO  k.p.s.c.buildsystem.ProjectBuilder - main project[sample_test]'s message client codec file[PublicKeyRes][D:\gitsinnori\sinnori\project\sample_test\client_build\web_build\src\main\java\kr\pe\sinnori\impl\message] creation task start
08:24:59.067 [main] INFO  k.p.s.c.buildsystem.ProjectBuilder - main project[sample_test]'s message client codec file[PublicKeyRes][D:\gitsinnori\sinnori\project\sample_test\client_build\web_build\src\main\java\kr\pe\sinnori\impl\message] creation task end
08:24:59.067 [main] INFO  k.p.s.c.buildsystem.ProjectBuilder - main project[sample_test]'s web client message io file set creation task end
08:24:59.067 [main] INFO  k.p.s.c.buildsystem.ProjectBuilder - mainproject[sample_test]'s web client sample source files copy task start
08:24:59.182 [main] INFO  k.p.s.c.buildsystem.ProjectBuilder - mainproject[sample_test]'s web client sample source files copy task end
08:24:59.182 [main] INFO  k.p.s.c.buildsystem.ProjectBuilder - main project[sample_test]'s web client build system files creation task end
08:24:59.182 [main] INFO  k.p.s.c.buildsystem.ProjectBuilder - main project[sample_test]'s web root child direcotry creation task start
08:24:59.182 [main] INFO  k.p.s.common.util.CommonStaticUtil - the new child relative direcotry[D:\gitsinnori\sinnori\project\sample_test][web_app_base/upload] was created successfully
08:24:59.182 [main] INFO  k.p.s.common.util.CommonStaticUtil - the new child relative direcotry[D:\gitsinnori\sinnori\project\sample_test][web_app_base/ROOT/WEB-INF/classes] was created successfully
08:24:59.182 [main] INFO  k.p.s.common.util.CommonStaticUtil - the new child relative direcotry[D:\gitsinnori\sinnori\project\sample_test][web_app_base/ROOT/WEB-INF/lib] was created successfully
08:24:59.182 [main] INFO  k.p.s.c.buildsystem.ProjectBuilder - main project[sample_test]'s web root child direcotry creation task end
08:24:59.182 [main] INFO  k.p.s.c.buildsystem.ProjectBuilder - main project[sample_test]'s web root sample files creation task start
08:24:59.182 [main] INFO  k.p.s.c.buildsystem.ProjectBuilder - main project[sample_test]'s web root sample files copy task start
08:24:59.198 [main] INFO  k.p.s.c.buildsystem.ProjectBuilder - main project[sample_test]'s web root sample files copy task end
08:24:59.198 [main] INFO  k.p.s.c.buildsystem.ProjectBuilder - main project[sample_test]'s web root sample files creation task end
08:24:59.198 [main] INFO  k.p.s.c.buildsystem.ProjectBuilder - main project[sample_test]'s config file overwrite task start
08:24:59.198 [main] INFO  k.p.s.c.buildsystem.ProjectBuilder - main project[sample_test]'s config file overwrite task end
08:24:59.198 [main] INFO  k.p.s.c.buildsystem.ProjectBuilder - main project[sample_test] changeProjectState method end
08:24:59.198 [main] INFO  k.p.s.c.buildsystem.ProjectBuilder - the server ant build.xml file[D:\gitsinnori\sinnori\project\sample_test\server_build\build.xml] is bad :: whetherExist[false] isFile[false]
08:24:59.198 [main] INFO  k.p.s.c.buildsystem.ProjectBuilder - the app client ant build.xml file[D:\gitsinnori\sinnori\project\sample_test\client_build\app_build\build.xml] is bad :: whetherExist[false] isFile[false]
08:24:59.198 [main] INFO  k.p.s.c.buildsystem.ProjectBuilder - main project[sample_test] changeProjectState method start
08:24:59.198 [main] INFO  k.p.s.c.buildsystem.ProjectBuilder - the server ant build.xml file[D:\gitsinnori\sinnori\project\sample_test\server_build\build.xml] is bad :: whetherExist[false] isFile[false]
08:24:59.198 [main] WARN  k.p.s.c.buildsystem.ProjectBuilder - the server buid.xml file[D:\gitsinnori\sinnori\project\sample_test\server_build\build.xml] is bad beacse it doesn't exist or is not a file, so skip deletion of server build system
08:24:59.198 [main] INFO  k.p.s.c.buildsystem.ProjectBuilder - main project[sample_test]'s application build child direcotry creation task start
08:24:59.198 [main] INFO  k.p.s.common.util.CommonStaticUtil - the new child relative direcotry[D:\gitsinnori\sinnori\project\sample_test][client_build/app_build/corelib/ex] was created successfully
08:24:59.198 [main] INFO  k.p.s.common.util.CommonStaticUtil - the new child relative direcotry[D:\gitsinnori\sinnori\project\sample_test][client_build/app_build/corelib/in] was created successfully
08:24:59.198 [main] INFO  k.p.s.common.util.CommonStaticUtil - the new child relative direcotry[D:\gitsinnori\sinnori\project\sample_test][client_build/app_build/lib/main/ex] was created successfully
08:24:59.198 [main] INFO  k.p.s.common.util.CommonStaticUtil - the new child relative direcotry[D:\gitsinnori\sinnori\project\sample_test][client_build/app_build/lib/main/in] was created successfully
08:24:59.198 [main] INFO  k.p.s.common.util.CommonStaticUtil - the new child relative direcotry[D:\gitsinnori\sinnori\project\sample_test][client_build/app_build/lib/test] was created successfully
08:24:59.298 [main] INFO  k.p.s.common.util.CommonStaticUtil - the new child relative direcotry[D:\gitsinnori\sinnori\project\sample_test][client_build/app_build/src/main/java/kr/pe/sinnori/impl/message] was created successfully
08:24:59.298 [main] INFO  k.p.s.common.util.CommonStaticUtil - the new child relative direcotry[D:\gitsinnori\sinnori\project\sample_test][client_build/app_build/src/main/java/main] was created successfully
08:24:59.298 [main] INFO  k.p.s.common.util.CommonStaticUtil - the new child relative direcotry[D:\gitsinnori\sinnori\project\sample_test][client_build/app_build/src/test/java] was created successfully
08:24:59.298 [main] INFO  k.p.s.common.util.CommonStaticUtil - the new child relative direcotry[D:\gitsinnori\sinnori\project\sample_test][client_build/app_build/build] was created successfully
08:24:59.298 [main] INFO  k.p.s.common.util.CommonStaticUtil - the new child relative direcotry[D:\gitsinnori\sinnori\project\sample_test][client_build/app_build/dist] was created successfully
08:24:59.298 [main] INFO  k.p.s.c.buildsystem.ProjectBuilder - main project[sample_test]'s application build child direcotry creation task end
08:24:59.298 [main] INFO  k.p.s.c.buildsystem.ProjectBuilder - mainproject[sample_test]'s application client build system files creation task start
08:24:59.298 [main] INFO  k.p.s.c.buildsystem.ProjectBuilder - main project[sample_test]'s application client ant build.xml file creation task start
08:24:59.313 [main] INFO  k.p.s.c.buildsystem.ProjectBuilder - main project[sample_test]'s application client ant build.xml file creation task end
08:24:59.313 [main] INFO  k.p.s.c.buildsystem.ProjectBuilder - main project[sample_test]'s application client dos shell file creation task start
08:24:59.313 [main] INFO  k.p.s.c.buildsystem.ProjectBuilder - main project[sample_test]'s application client dos shell file creation task end
08:24:59.313 [main] INFO  k.p.s.c.buildsystem.ProjectBuilder - main project[sample_test]'s application client unix shell file creation task start
08:24:59.313 [main] INFO  k.p.s.c.buildsystem.ProjectBuilder - main project[sample_test]'s application client unix shell file creation task end
08:24:59.313 [main] INFO  k.p.s.c.buildsystem.ProjectBuilder - application client sample source files copy task start
08:24:59.329 [main] INFO  k.p.s.c.buildsystem.ProjectBuilder - application client sample source files copy task end
08:24:59.329 [main] INFO  k.p.s.c.buildsystem.ProjectBuilder - main project[sample_test]'s application client message io file set creation task start
08:24:59.329 [main] INFO  k.p.s.common.util.CommonStaticUtil - the new child relative direcotry[D:\gitsinnori\sinnori\project\sample_test\client_build\app_build\src\main\java\kr\pe\sinnori\impl\message][Echo] was created successfully
08:24:59.329 [main] INFO  k.p.s.c.buildsystem.ProjectBuilder - main project[sample_test]'s message file[Echo][D:\gitsinnori\sinnori\project\sample_test\client_build\app_build\src\main\java\kr\pe\sinnori\impl\message] creation task start
08:24:59.347 [main] INFO  k.p.s.c.buildsystem.ProjectBuilder - main project[sample_test]'s message file[Echo][D:\gitsinnori\sinnori\project\sample_test\client_build\app_build\src\main\java\kr\pe\sinnori\impl\message] creation task end
08:24:59.347 [main] INFO  k.p.s.c.buildsystem.ProjectBuilder - main project[sample_test]'s message decoder file[Echo][D:\gitsinnori\sinnori\project\sample_test\client_build\app_build\src\main\java\kr\pe\sinnori\impl\message] creation task start
08:24:59.350 [main] INFO  k.p.s.c.buildsystem.ProjectBuilder - main project[sample_test]'s message decoder file[Echo][D:\gitsinnori\sinnori\project\sample_test\client_build\app_build\src\main\java\kr\pe\sinnori\impl\message] creation task end
08:24:59.350 [main] INFO  k.p.s.c.buildsystem.ProjectBuilder - main project[sample_test]'s message encoder file[Echo][D:\gitsinnori\sinnori\project\sample_test\client_build\app_build\src\main\java\kr\pe\sinnori\impl\message] creation task start
08:24:59.350 [main] INFO  k.p.s.c.buildsystem.ProjectBuilder - main project[sample_test]'s message encoder file[Echo][D:\gitsinnori\sinnori\project\sample_test\client_build\app_build\src\main\java\kr\pe\sinnori\impl\message] creation task end
08:24:59.350 [main] INFO  k.p.s.c.buildsystem.ProjectBuilder - main project[sample_test]'s message server codec file[Echo][D:\gitsinnori\sinnori\project\sample_test\client_build\app_build\src\main\java\kr\pe\sinnori\impl\message] creation task start
08:24:59.350 [main] INFO  k.p.s.c.buildsystem.ProjectBuilder - main project[sample_test]'s message server codec file[Echo][D:\gitsinnori\sinnori\project\sample_test\client_build\app_build\src\main\java\kr\pe\sinnori\impl\message] creation task end
08:24:59.350 [main] INFO  k.p.s.c.buildsystem.ProjectBuilder - main project[sample_test]'s message client codec file[Echo][D:\gitsinnori\sinnori\project\sample_test\client_build\app_build\src\main\java\kr\pe\sinnori\impl\message] creation task start
08:24:59.350 [main] INFO  k.p.s.c.buildsystem.ProjectBuilder - main project[sample_test]'s message client codec file[Echo][D:\gitsinnori\sinnori\project\sample_test\client_build\app_build\src\main\java\kr\pe\sinnori\impl\message] creation task end
08:24:59.350 [main] INFO  k.p.s.common.util.CommonStaticUtil - the new child relative direcotry[D:\gitsinnori\sinnori\project\sample_test\client_build\app_build\src\main\java\kr\pe\sinnori\impl\message][PublicKeyReq] was created successfully
08:24:59.350 [main] INFO  k.p.s.c.buildsystem.ProjectBuilder - main project[sample_test]'s message file[PublicKeyReq][D:\gitsinnori\sinnori\project\sample_test\client_build\app_build\src\main\java\kr\pe\sinnori\impl\message] creation task start
08:24:59.350 [main] INFO  k.p.s.c.buildsystem.ProjectBuilder - main project[sample_test]'s message file[PublicKeyReq][D:\gitsinnori\sinnori\project\sample_test\client_build\app_build\src\main\java\kr\pe\sinnori\impl\message] creation task end
08:24:59.350 [main] INFO  k.p.s.c.buildsystem.ProjectBuilder - main project[sample_test]'s message decoder file[PublicKeyReq][D:\gitsinnori\sinnori\project\sample_test\client_build\app_build\src\main\java\kr\pe\sinnori\impl\message] creation task start
08:24:59.367 [main] INFO  k.p.s.c.buildsystem.ProjectBuilder - main project[sample_test]'s message decoder file[PublicKeyReq][D:\gitsinnori\sinnori\project\sample_test\client_build\app_build\src\main\java\kr\pe\sinnori\impl\message] creation task end
08:24:59.429 [main] INFO  k.p.s.c.buildsystem.ProjectBuilder - main project[sample_test]'s message encoder file[PublicKeyReq][D:\gitsinnori\sinnori\project\sample_test\client_build\app_build\src\main\java\kr\pe\sinnori\impl\message] creation task start
08:24:59.429 [main] INFO  k.p.s.c.buildsystem.ProjectBuilder - main project[sample_test]'s message encoder file[PublicKeyReq][D:\gitsinnori\sinnori\project\sample_test\client_build\app_build\src\main\java\kr\pe\sinnori\impl\message] creation task end
08:24:59.429 [main] INFO  k.p.s.c.buildsystem.ProjectBuilder - main project[sample_test]'s message server codec file[PublicKeyReq][D:\gitsinnori\sinnori\project\sample_test\client_build\app_build\src\main\java\kr\pe\sinnori\impl\message] creation task start
08:24:59.429 [main] INFO  k.p.s.c.buildsystem.ProjectBuilder - main project[sample_test]'s message server codec file[PublicKeyReq][D:\gitsinnori\sinnori\project\sample_test\client_build\app_build\src\main\java\kr\pe\sinnori\impl\message] creation task end
08:24:59.429 [main] INFO  k.p.s.c.buildsystem.ProjectBuilder - main project[sample_test]'s message client codec file[PublicKeyReq][D:\gitsinnori\sinnori\project\sample_test\client_build\app_build\src\main\java\kr\pe\sinnori\impl\message] creation task start
08:24:59.429 [main] INFO  k.p.s.c.buildsystem.ProjectBuilder - main project[sample_test]'s message client codec file[PublicKeyReq][D:\gitsinnori\sinnori\project\sample_test\client_build\app_build\src\main\java\kr\pe\sinnori\impl\message] creation task end
08:24:59.429 [main] INFO  k.p.s.common.util.CommonStaticUtil - the new child relative direcotry[D:\gitsinnori\sinnori\project\sample_test\client_build\app_build\src\main\java\kr\pe\sinnori\impl\message][PublicKeyRes] was created successfully
08:24:59.429 [main] INFO  k.p.s.c.buildsystem.ProjectBuilder - main project[sample_test]'s message file[PublicKeyRes][D:\gitsinnori\sinnori\project\sample_test\client_build\app_build\src\main\java\kr\pe\sinnori\impl\message] creation task start
08:24:59.429 [main] INFO  k.p.s.c.buildsystem.ProjectBuilder - main project[sample_test]'s message file[PublicKeyRes][D:\gitsinnori\sinnori\project\sample_test\client_build\app_build\src\main\java\kr\pe\sinnori\impl\message] creation task end
08:24:59.429 [main] INFO  k.p.s.c.buildsystem.ProjectBuilder - main project[sample_test]'s message decoder file[PublicKeyRes][D:\gitsinnori\sinnori\project\sample_test\client_build\app_build\src\main\java\kr\pe\sinnori\impl\message] creation task start
08:24:59.450 [main] INFO  k.p.s.c.buildsystem.ProjectBuilder - main project[sample_test]'s message decoder file[PublicKeyRes][D:\gitsinnori\sinnori\project\sample_test\client_build\app_build\src\main\java\kr\pe\sinnori\impl\message] creation task end
08:24:59.450 [main] INFO  k.p.s.c.buildsystem.ProjectBuilder - main project[sample_test]'s message encoder file[PublicKeyRes][D:\gitsinnori\sinnori\project\sample_test\client_build\app_build\src\main\java\kr\pe\sinnori\impl\message] creation task start
08:24:59.451 [main] INFO  k.p.s.c.buildsystem.ProjectBuilder - main project[sample_test]'s message encoder file[PublicKeyRes][D:\gitsinnori\sinnori\project\sample_test\client_build\app_build\src\main\java\kr\pe\sinnori\impl\message] creation task end
08:24:59.451 [main] INFO  k.p.s.c.buildsystem.ProjectBuilder - main project[sample_test]'s message server codec file[PublicKeyRes][D:\gitsinnori\sinnori\project\sample_test\client_build\app_build\src\main\java\kr\pe\sinnori\impl\message] creation task start
08:24:59.451 [main] INFO  k.p.s.c.buildsystem.ProjectBuilder - main project[sample_test]'s message server codec file[PublicKeyRes][D:\gitsinnori\sinnori\project\sample_test\client_build\app_build\src\main\java\kr\pe\sinnori\impl\message] creation task end
08:24:59.451 [main] INFO  k.p.s.c.buildsystem.ProjectBuilder - main project[sample_test]'s message client codec file[PublicKeyRes][D:\gitsinnori\sinnori\project\sample_test\client_build\app_build\src\main\java\kr\pe\sinnori\impl\message] creation task start
08:24:59.451 [main] INFO  k.p.s.c.buildsystem.ProjectBuilder - main project[sample_test]'s message client codec file[PublicKeyRes][D:\gitsinnori\sinnori\project\sample_test\client_build\app_build\src\main\java\kr\pe\sinnori\impl\message] creation task end
08:24:59.451 [main] INFO  k.p.s.c.buildsystem.ProjectBuilder - main project[sample_test]'s application client message io file set creation task end
08:24:59.451 [main] INFO  k.p.s.c.buildsystem.ProjectBuilder - mainproject[sample_test]'s application client build system files creation task end
08:24:59.451 [main] INFO  k.p.s.c.buildsystem.ProjectBuilder - main project[sample_test]'s web client build path deletion task start
08:24:59.467 [main] INFO  k.p.s.c.buildsystem.ProjectBuilder - main project[sample_test]'s web client build path deletion task end
08:24:59.467 [main] INFO  k.p.s.c.buildsystem.ProjectBuilder - main project[sample_test]'s web root path deletion task start
08:24:59.467 [main] INFO  k.p.s.c.buildsystem.ProjectBuilder - main project[sample_test]'s web root path deletion task end
08:24:59.467 [main] INFO  k.p.s.c.buildsystem.ProjectBuilder - main project[sample_test]'s config file overwrite task start
08:24:59.467 [main] INFO  k.p.s.c.buildsystem.ProjectBuilder - main project[sample_test]'s config file overwrite task end
08:24:59.467 [main] INFO  k.p.s.c.buildsystem.ProjectBuilder - main project[sample_test] changeProjectState method end
08:24:59.467 [main] INFO  k.p.s.c.buildsystem.ProjectBuilder - the server ant build.xml file[D:\gitsinnori\sinnori\project\sample_test\server_build\build.xml] is bad :: whetherExist[false] isFile[false]
08:24:59.467 [main] INFO  k.p.s.c.buildsystem.ProjectBuilder - the web client ant build.xml file[D:\gitsinnori\sinnori\project\sample_test\client_build\web_build\build.xml] is bad :: whetherExist[false] isFile[false]
08:24:59.467 [main] INFO  k.p.s.c.buildsystem.ProjectBuilder - the web.xml file[D:\gitsinnori\sinnori\project\sample_test\web_app_base\ROOT\WEB-INF\web.xml] located at web root directory is bad :: whetherExist[false] isFile[false]
08:24:59.467 [main] INFO  k.p.s.c.buildsystem.ProjectBuilder - main project[sample_test] changeProjectState method start
08:24:59.467 [main] INFO  k.p.s.c.buildsystem.ProjectBuilder - the server ant build.xml file[D:\gitsinnori\sinnori\project\sample_test\server_build\build.xml] is bad :: whetherExist[false] isFile[false]
08:24:59.467 [main] WARN  k.p.s.c.buildsystem.ProjectBuilder - the server buid.xml file[D:\gitsinnori\sinnori\project\sample_test\server_build\build.xml] is bad beacse it doesn't exist or is not a file, so skip deletion of server build system
08:24:59.467 [main] WARN  k.p.s.c.buildsystem.ProjectBuilder - the app client build path[D:\gitsinnori\sinnori\project\sample_test\client_build\app_build] exist, so skip creation of app client build system
08:24:59.467 [main] INFO  k.p.s.c.buildsystem.ProjectBuilder - main project[sample_test]'s web build child direcotry creation task start
08:24:59.467 [main] INFO  k.p.s.common.util.CommonStaticUtil - the new child relative direcotry[D:\gitsinnori\sinnori\project\sample_test][client_build/web_build/corelib/ex] was created successfully
08:24:59.467 [main] INFO  k.p.s.common.util.CommonStaticUtil - the new child relative direcotry[D:\gitsinnori\sinnori\project\sample_test][client_build/web_build/corelib/in] was created successfully
08:24:59.467 [main] INFO  k.p.s.common.util.CommonStaticUtil - the new child relative direcotry[D:\gitsinnori\sinnori\project\sample_test][client_build/web_build/lib/main/ex] was created successfully
08:24:59.467 [main] INFO  k.p.s.common.util.CommonStaticUtil - the new child relative direcotry[D:\gitsinnori\sinnori\project\sample_test][client_build/web_build/lib/main/in] was created successfully
08:24:59.467 [main] INFO  k.p.s.common.util.CommonStaticUtil - the new child relative direcotry[D:\gitsinnori\sinnori\project\sample_test][client_build/web_build/lib/test] was created successfully
08:24:59.482 [main] INFO  k.p.s.common.util.CommonStaticUtil - the new child relative direcotry[D:\gitsinnori\sinnori\project\sample_test][client_build/web_build/src/main/java/kr/pe/sinnori/impl/message] was created successfully
08:24:59.482 [main] INFO  k.p.s.common.util.CommonStaticUtil - the new child relative direcotry[D:\gitsinnori\sinnori\project\sample_test][client_build/web_build/src/main/java//kr/pe/sinnori/servlet] was created successfully
08:24:59.482 [main] INFO  k.p.s.common.util.CommonStaticUtil - the new child relative direcotry[D:\gitsinnori\sinnori\project\sample_test][client_build/web_build/src/main/java/kr/pe/sinnori/weblib/common] was created successfully
08:24:59.482 [main] INFO  k.p.s.common.util.CommonStaticUtil - the new child relative direcotry[D:\gitsinnori\sinnori\project\sample_test][client_build/web_build/src/main/java/kr/pe/sinnori/weblib/htmlstring] was created successfully
08:24:59.482 [main] INFO  k.p.s.common.util.CommonStaticUtil - the new child relative direcotry[D:\gitsinnori\sinnori\project\sample_test][client_build/web_build/src/main/java/kr/pe/sinnori/weblib/jdf] was created successfully
08:24:59.482 [main] INFO  k.p.s.common.util.CommonStaticUtil - the new child relative direcotry[D:\gitsinnori\sinnori\project\sample_test][client_build/web_build/src/test/java] was created successfully
08:24:59.482 [main] INFO  k.p.s.common.util.CommonStaticUtil - the new child relative direcotry[D:\gitsinnori\sinnori\project\sample_test][client_build/web_build/build] was created successfully
08:24:59.482 [main] INFO  k.p.s.common.util.CommonStaticUtil - the new child relative direcotry[D:\gitsinnori\sinnori\project\sample_test][client_build/web_build/dist] was created successfully
08:24:59.482 [main] INFO  k.p.s.c.buildsystem.ProjectBuilder - main project[sample_test]'s web build child direcotry creation task end
08:24:59.482 [main] INFO  k.p.s.c.buildsystem.ProjectBuilder - main project[sample_test]'s web client build system files creation task start
08:24:59.482 [main] INFO  k.p.s.c.buildsystem.ProjectBuilder - main project[sample_test]'s web client ant build.xml file creation task start
08:24:59.482 [main] INFO  k.p.s.c.buildsystem.ProjectBuilder - main project[sample_test]'s web client ant build.xml file creation task end
08:24:59.482 [main] INFO  k.p.s.c.buildsystem.ProjectBuilder - main project[sample_test]'s web client ant properties file creation task start
08:24:59.482 [main] INFO  k.p.s.c.util.SequencedPropertiesUtil - the sequenced properties file[D:\gitsinnori\sinnori\project\sample_test\client_build\web_build\webAnt.properties] was created
08:24:59.482 [main] INFO  k.p.s.c.buildsystem.ProjectBuilder - main project[sample_test]'s web client ant properties file creation task end
08:24:59.482 [main] INFO  k.p.s.c.buildsystem.ProjectBuilder - main project[sample_test]'s web client message io file set creation task start
08:24:59.482 [main] INFO  k.p.s.common.util.CommonStaticUtil - the new child relative direcotry[D:\gitsinnori\sinnori\project\sample_test\client_build\web_build\src\main\java\kr\pe\sinnori\impl\message][Echo] was created successfully
08:24:59.482 [main] INFO  k.p.s.c.buildsystem.ProjectBuilder - main project[sample_test]'s message file[Echo][D:\gitsinnori\sinnori\project\sample_test\client_build\web_build\src\main\java\kr\pe\sinnori\impl\message] creation task start
08:24:59.498 [main] INFO  k.p.s.c.buildsystem.ProjectBuilder - main project[sample_test]'s message file[Echo][D:\gitsinnori\sinnori\project\sample_test\client_build\web_build\src\main\java\kr\pe\sinnori\impl\message] creation task end
08:24:59.498 [main] INFO  k.p.s.c.buildsystem.ProjectBuilder - main project[sample_test]'s message decoder file[Echo][D:\gitsinnori\sinnori\project\sample_test\client_build\web_build\src\main\java\kr\pe\sinnori\impl\message] creation task start
08:24:59.498 [main] INFO  k.p.s.c.buildsystem.ProjectBuilder - main project[sample_test]'s message decoder file[Echo][D:\gitsinnori\sinnori\project\sample_test\client_build\web_build\src\main\java\kr\pe\sinnori\impl\message] creation task end
08:24:59.498 [main] INFO  k.p.s.c.buildsystem.ProjectBuilder - main project[sample_test]'s message encoder file[Echo][D:\gitsinnori\sinnori\project\sample_test\client_build\web_build\src\main\java\kr\pe\sinnori\impl\message] creation task start
08:24:59.498 [main] INFO  k.p.s.c.buildsystem.ProjectBuilder - main project[sample_test]'s message encoder file[Echo][D:\gitsinnori\sinnori\project\sample_test\client_build\web_build\src\main\java\kr\pe\sinnori\impl\message] creation task end
08:24:59.498 [main] INFO  k.p.s.c.buildsystem.ProjectBuilder - main project[sample_test]'s message server codec file[Echo][D:\gitsinnori\sinnori\project\sample_test\client_build\web_build\src\main\java\kr\pe\sinnori\impl\message] creation task start
08:24:59.514 [main] INFO  k.p.s.c.buildsystem.ProjectBuilder - main project[sample_test]'s message server codec file[Echo][D:\gitsinnori\sinnori\project\sample_test\client_build\web_build\src\main\java\kr\pe\sinnori\impl\message] creation task end
08:24:59.514 [main] INFO  k.p.s.c.buildsystem.ProjectBuilder - main project[sample_test]'s message client codec file[Echo][D:\gitsinnori\sinnori\project\sample_test\client_build\web_build\src\main\java\kr\pe\sinnori\impl\message] creation task start
08:24:59.514 [main] INFO  k.p.s.c.buildsystem.ProjectBuilder - main project[sample_test]'s message client codec file[Echo][D:\gitsinnori\sinnori\project\sample_test\client_build\web_build\src\main\java\kr\pe\sinnori\impl\message] creation task end
08:24:59.514 [main] INFO  k.p.s.common.util.CommonStaticUtil - the new child relative direcotry[D:\gitsinnori\sinnori\project\sample_test\client_build\web_build\src\main\java\kr\pe\sinnori\impl\message][PublicKeyReq] was created successfully
08:24:59.514 [main] INFO  k.p.s.c.buildsystem.ProjectBuilder - main project[sample_test]'s message file[PublicKeyReq][D:\gitsinnori\sinnori\project\sample_test\client_build\web_build\src\main\java\kr\pe\sinnori\impl\message] creation task start
08:24:59.514 [main] INFO  k.p.s.c.buildsystem.ProjectBuilder - main project[sample_test]'s message file[PublicKeyReq][D:\gitsinnori\sinnori\project\sample_test\client_build\web_build\src\main\java\kr\pe\sinnori\impl\message] creation task end
08:24:59.514 [main] INFO  k.p.s.c.buildsystem.ProjectBuilder - main project[sample_test]'s message decoder file[PublicKeyReq][D:\gitsinnori\sinnori\project\sample_test\client_build\web_build\src\main\java\kr\pe\sinnori\impl\message] creation task start
08:24:59.529 [main] INFO  k.p.s.c.buildsystem.ProjectBuilder - main project[sample_test]'s message decoder file[PublicKeyReq][D:\gitsinnori\sinnori\project\sample_test\client_build\web_build\src\main\java\kr\pe\sinnori\impl\message] creation task end
08:24:59.529 [main] INFO  k.p.s.c.buildsystem.ProjectBuilder - main project[sample_test]'s message encoder file[PublicKeyReq][D:\gitsinnori\sinnori\project\sample_test\client_build\web_build\src\main\java\kr\pe\sinnori\impl\message] creation task start
08:24:59.529 [main] INFO  k.p.s.c.buildsystem.ProjectBuilder - main project[sample_test]'s message encoder file[PublicKeyReq][D:\gitsinnori\sinnori\project\sample_test\client_build\web_build\src\main\java\kr\pe\sinnori\impl\message] creation task end
08:24:59.529 [main] INFO  k.p.s.c.buildsystem.ProjectBuilder - main project[sample_test]'s message server codec file[PublicKeyReq][D:\gitsinnori\sinnori\project\sample_test\client_build\web_build\src\main\java\kr\pe\sinnori\impl\message] creation task start
08:24:59.529 [main] INFO  k.p.s.c.buildsystem.ProjectBuilder - main project[sample_test]'s message server codec file[PublicKeyReq][D:\gitsinnori\sinnori\project\sample_test\client_build\web_build\src\main\java\kr\pe\sinnori\impl\message] creation task end
08:24:59.529 [main] INFO  k.p.s.c.buildsystem.ProjectBuilder - main project[sample_test]'s message client codec file[PublicKeyReq][D:\gitsinnori\sinnori\project\sample_test\client_build\web_build\src\main\java\kr\pe\sinnori\impl\message] creation task start
08:24:59.529 [main] INFO  k.p.s.c.buildsystem.ProjectBuilder - main project[sample_test]'s message client codec file[PublicKeyReq][D:\gitsinnori\sinnori\project\sample_test\client_build\web_build\src\main\java\kr\pe\sinnori\impl\message] creation task end
08:24:59.529 [main] INFO  k.p.s.common.util.CommonStaticUtil - the new child relative direcotry[D:\gitsinnori\sinnori\project\sample_test\client_build\web_build\src\main\java\kr\pe\sinnori\impl\message][PublicKeyRes] was created successfully
08:24:59.529 [main] INFO  k.p.s.c.buildsystem.ProjectBuilder - main project[sample_test]'s message file[PublicKeyRes][D:\gitsinnori\sinnori\project\sample_test\client_build\web_build\src\main\java\kr\pe\sinnori\impl\message] creation task start
08:24:59.529 [main] INFO  k.p.s.c.buildsystem.ProjectBuilder - main project[sample_test]'s message file[PublicKeyRes][D:\gitsinnori\sinnori\project\sample_test\client_build\web_build\src\main\java\kr\pe\sinnori\impl\message] creation task end
08:24:59.529 [main] INFO  k.p.s.c.buildsystem.ProjectBuilder - main project[sample_test]'s message decoder file[PublicKeyRes][D:\gitsinnori\sinnori\project\sample_test\client_build\web_build\src\main\java\kr\pe\sinnori\impl\message] creation task start
08:24:59.529 [main] INFO  k.p.s.c.buildsystem.ProjectBuilder - main project[sample_test]'s message decoder file[PublicKeyRes][D:\gitsinnori\sinnori\project\sample_test\client_build\web_build\src\main\java\kr\pe\sinnori\impl\message] creation task end
08:24:59.529 [main] INFO  k.p.s.c.buildsystem.ProjectBuilder - main project[sample_test]'s message encoder file[PublicKeyRes][D:\gitsinnori\sinnori\project\sample_test\client_build\web_build\src\main\java\kr\pe\sinnori\impl\message] creation task start
08:24:59.546 [main] INFO  k.p.s.c.buildsystem.ProjectBuilder - main project[sample_test]'s message encoder file[PublicKeyRes][D:\gitsinnori\sinnori\project\sample_test\client_build\web_build\src\main\java\kr\pe\sinnori\impl\message] creation task end
08:24:59.546 [main] INFO  k.p.s.c.buildsystem.ProjectBuilder - main project[sample_test]'s message server codec file[PublicKeyRes][D:\gitsinnori\sinnori\project\sample_test\client_build\web_build\src\main\java\kr\pe\sinnori\impl\message] creation task start
08:24:59.547 [main] INFO  k.p.s.c.buildsystem.ProjectBuilder - main project[sample_test]'s message server codec file[PublicKeyRes][D:\gitsinnori\sinnori\project\sample_test\client_build\web_build\src\main\java\kr\pe\sinnori\impl\message] creation task end
08:24:59.547 [main] INFO  k.p.s.c.buildsystem.ProjectBuilder - main project[sample_test]'s message client codec file[PublicKeyRes][D:\gitsinnori\sinnori\project\sample_test\client_build\web_build\src\main\java\kr\pe\sinnori\impl\message] creation task start
08:24:59.549 [main] INFO  k.p.s.c.buildsystem.ProjectBuilder - main project[sample_test]'s message client codec file[PublicKeyRes][D:\gitsinnori\sinnori\project\sample_test\client_build\web_build\src\main\java\kr\pe\sinnori\impl\message] creation task end
08:24:59.549 [main] INFO  k.p.s.c.buildsystem.ProjectBuilder - main project[sample_test]'s web client message io file set creation task end
08:24:59.630 [main] INFO  k.p.s.c.buildsystem.ProjectBuilder - mainproject[sample_test]'s web client sample source files copy task start
08:24:59.699 [main] INFO  k.p.s.c.buildsystem.ProjectBuilder - mainproject[sample_test]'s web client sample source files copy task end
08:24:59.699 [main] INFO  k.p.s.c.buildsystem.ProjectBuilder - main project[sample_test]'s web client build system files creation task end
08:24:59.699 [main] INFO  k.p.s.c.buildsystem.ProjectBuilder - main project[sample_test]'s web root child direcotry creation task start
08:24:59.699 [main] INFO  k.p.s.common.util.CommonStaticUtil - the child relative direcotry[D:\gitsinnori\sinnori\project\sample_test][web_app_base/upload] exist, so nothing
08:24:59.699 [main] INFO  k.p.s.common.util.CommonStaticUtil - the new child relative direcotry[D:\gitsinnori\sinnori\project\sample_test][web_app_base/ROOT/WEB-INF/classes] was created successfully
08:24:59.699 [main] INFO  k.p.s.common.util.CommonStaticUtil - the new child relative direcotry[D:\gitsinnori\sinnori\project\sample_test][web_app_base/ROOT/WEB-INF/lib] was created successfully
08:24:59.699 [main] INFO  k.p.s.c.buildsystem.ProjectBuilder - main project[sample_test]'s web root child direcotry creation task end
08:24:59.699 [main] INFO  k.p.s.c.buildsystem.ProjectBuilder - main project[sample_test]'s web root sample files creation task start
08:24:59.699 [main] INFO  k.p.s.c.buildsystem.ProjectBuilder - main project[sample_test]'s web root sample files copy task start
08:24:59.699 [main] INFO  k.p.s.c.buildsystem.ProjectBuilder - main project[sample_test]'s web root sample files copy task end
08:24:59.699 [main] INFO  k.p.s.c.buildsystem.ProjectBuilder - main project[sample_test]'s web root sample files creation task end
08:24:59.699 [main] INFO  k.p.s.c.buildsystem.ProjectBuilder - main project[sample_test]'s config file overwrite task start
08:24:59.699 [main] INFO  k.p.s.c.buildsystem.ProjectBuilder - main project[sample_test]'s config file overwrite task end
08:24:59.699 [main] INFO  k.p.s.c.buildsystem.ProjectBuilder - main project[sample_test] changeProjectState method end
08:24:59.699 [main] INFO  k.p.s.c.buildsystem.ProjectBuilder - the server ant build.xml file[D:\gitsinnori\sinnori\project\sample_test\server_build\build.xml] is bad :: whetherExist[false] isFile[false]
08:24:59.699 [main] INFO  k.p.s.c.buildsystem.ProjectBuilder - main project[sample_test] changeProjectState method start
08:24:59.699 [main] INFO  k.p.s.c.buildsystem.ProjectBuilder - main project[sample_test]'s server child direcotry creation task start
08:24:59.714 [main] INFO  k.p.s.common.util.CommonStaticUtil - the new child relative direcotry[D:\gitsinnori\sinnori\project\sample_test][server_build/APP-INF/classes] was created successfully
08:24:59.714 [main] INFO  k.p.s.common.util.CommonStaticUtil - the new child relative direcotry[D:\gitsinnori\sinnori\project\sample_test][server_build/corelib/ex] was created successfully
08:24:59.714 [main] INFO  k.p.s.common.util.CommonStaticUtil - the new child relative direcotry[D:\gitsinnori\sinnori\project\sample_test][server_build/corelib/in] was created successfully
08:24:59.714 [main] INFO  k.p.s.common.util.CommonStaticUtil - the new child relative direcotry[D:\gitsinnori\sinnori\project\sample_test][server_build/lib/main/ex] was created successfully
08:24:59.714 [main] INFO  k.p.s.common.util.CommonStaticUtil - the new child relative direcotry[D:\gitsinnori\sinnori\project\sample_test][server_build/lib/main/in] was created successfully
08:24:59.714 [main] INFO  k.p.s.common.util.CommonStaticUtil - the new child relative direcotry[D:\gitsinnori\sinnori\project\sample_test][server_build/lib/test] was created successfully
08:24:59.714 [main] INFO  k.p.s.common.util.CommonStaticUtil - the new child relative direcotry[D:\gitsinnori\sinnori\project\sample_test][server_build/src/main/java/kr/pe/sinnori/impl/servertask] was created successfully
08:24:59.714 [main] INFO  k.p.s.common.util.CommonStaticUtil - the new child relative direcotry[D:\gitsinnori\sinnori\project\sample_test][server_build/src/main/java/kr/pe/sinnori/impl/message] was created successfully
08:24:59.714 [main] INFO  k.p.s.common.util.CommonStaticUtil - the new child relative direcotry[D:\gitsinnori\sinnori\project\sample_test][server_build/src/main/java/main] was created successfully
08:24:59.768 [main] INFO  k.p.s.common.util.CommonStaticUtil - the new child relative direcotry[D:\gitsinnori\sinnori\project\sample_test][server_build/src/test/java] was created successfully
08:24:59.768 [main] INFO  k.p.s.common.util.CommonStaticUtil - the new child relative direcotry[D:\gitsinnori\sinnori\project\sample_test][server_build/build] was created successfully
08:24:59.768 [main] INFO  k.p.s.common.util.CommonStaticUtil - the new child relative direcotry[D:\gitsinnori\sinnori\project\sample_test][server_build/dist] was created successfully
08:24:59.768 [main] INFO  k.p.s.c.buildsystem.ProjectBuilder - main project[sample_test]'s server child direcotry creation task end
08:24:59.768 [main] INFO  k.p.s.c.buildsystem.ProjectBuilder - server build system files creation task start
08:24:59.768 [main] INFO  k.p.s.c.buildsystem.ProjectBuilder - main project[sample_test]'s server ant build.xml file creation task start
08:24:59.768 [main] INFO  k.p.s.c.buildsystem.ProjectBuilder - main project[sample_test]'s server ant build.xml file creation task end
08:24:59.768 [main] INFO  k.p.s.c.buildsystem.ProjectBuilder - main project[sample_test]'s server dos shell file creation task start
08:24:59.768 [main] INFO  k.p.s.c.buildsystem.ProjectBuilder - main project[sample_test]'s server dos shell file creation task end
08:24:59.768 [main] INFO  k.p.s.c.buildsystem.ProjectBuilder - main project[sample_test]'s server unix shell file creation task start
08:24:59.768 [main] INFO  k.p.s.c.buildsystem.ProjectBuilder - main project[sample_test]'s server unix shell file creation task end
08:24:59.768 [main] INFO  k.p.s.c.buildsystem.ProjectBuilder - server sample source files copy task start
08:24:59.768 [main] INFO  k.p.s.c.buildsystem.ProjectBuilder - server sample source files copy task end
08:24:59.768 [main] INFO  k.p.s.c.buildsystem.ProjectBuilder - main project[sample_test]'s server message io file set creation task start
08:24:59.768 [main] INFO  k.p.s.common.util.CommonStaticUtil - the new child relative direcotry[D:\gitsinnori\sinnori\project\sample_test\server_build\src\main\java\kr\pe\sinnori\impl\message][Echo] was created successfully
08:24:59.768 [main] INFO  k.p.s.c.buildsystem.ProjectBuilder - main project[sample_test]'s message file[Echo][D:\gitsinnori\sinnori\project\sample_test\server_build\src\main\java\kr\pe\sinnori\impl\message] creation task start
08:24:59.783 [main] INFO  k.p.s.c.buildsystem.ProjectBuilder - main project[sample_test]'s message file[Echo][D:\gitsinnori\sinnori\project\sample_test\server_build\src\main\java\kr\pe\sinnori\impl\message] creation task end
08:24:59.783 [main] INFO  k.p.s.c.buildsystem.ProjectBuilder - main project[sample_test]'s message decoder file[Echo][D:\gitsinnori\sinnori\project\sample_test\server_build\src\main\java\kr\pe\sinnori\impl\message] creation task start
08:24:59.783 [main] INFO  k.p.s.c.buildsystem.ProjectBuilder - main project[sample_test]'s message decoder file[Echo][D:\gitsinnori\sinnori\project\sample_test\server_build\src\main\java\kr\pe\sinnori\impl\message] creation task end
08:24:59.783 [main] INFO  k.p.s.c.buildsystem.ProjectBuilder - main project[sample_test]'s message encoder file[Echo][D:\gitsinnori\sinnori\project\sample_test\server_build\src\main\java\kr\pe\sinnori\impl\message] creation task start
08:24:59.783 [main] INFO  k.p.s.c.buildsystem.ProjectBuilder - main project[sample_test]'s message encoder file[Echo][D:\gitsinnori\sinnori\project\sample_test\server_build\src\main\java\kr\pe\sinnori\impl\message] creation task end
08:24:59.783 [main] INFO  k.p.s.c.buildsystem.ProjectBuilder - main project[sample_test]'s message server codec file[Echo][D:\gitsinnori\sinnori\project\sample_test\server_build\src\main\java\kr\pe\sinnori\impl\message] creation task start
08:24:59.783 [main] INFO  k.p.s.c.buildsystem.ProjectBuilder - main project[sample_test]'s message server codec file[Echo][D:\gitsinnori\sinnori\project\sample_test\server_build\src\main\java\kr\pe\sinnori\impl\message] creation task end
08:24:59.783 [main] INFO  k.p.s.c.buildsystem.ProjectBuilder - main project[sample_test]'s message client codec file[Echo][D:\gitsinnori\sinnori\project\sample_test\server_build\src\main\java\kr\pe\sinnori\impl\message] creation task start
08:24:59.783 [main] INFO  k.p.s.c.buildsystem.ProjectBuilder - main project[sample_test]'s message client codec file[Echo][D:\gitsinnori\sinnori\project\sample_test\server_build\src\main\java\kr\pe\sinnori\impl\message] creation task end
08:24:59.783 [main] INFO  k.p.s.common.util.CommonStaticUtil - the new child relative direcotry[D:\gitsinnori\sinnori\project\sample_test\server_build\src\main\java\kr\pe\sinnori\impl\message][PublicKeyReq] was created successfully
08:24:59.783 [main] INFO  k.p.s.c.buildsystem.ProjectBuilder - main project[sample_test]'s message file[PublicKeyReq][D:\gitsinnori\sinnori\project\sample_test\server_build\src\main\java\kr\pe\sinnori\impl\message] creation task start
08:24:59.783 [main] INFO  k.p.s.c.buildsystem.ProjectBuilder - main project[sample_test]'s message file[PublicKeyReq][D:\gitsinnori\sinnori\project\sample_test\server_build\src\main\java\kr\pe\sinnori\impl\message] creation task end
08:24:59.783 [main] INFO  k.p.s.c.buildsystem.ProjectBuilder - main project[sample_test]'s message decoder file[PublicKeyReq][D:\gitsinnori\sinnori\project\sample_test\server_build\src\main\java\kr\pe\sinnori\impl\message] creation task start
08:24:59.799 [main] INFO  k.p.s.c.buildsystem.ProjectBuilder - main project[sample_test]'s message decoder file[PublicKeyReq][D:\gitsinnori\sinnori\project\sample_test\server_build\src\main\java\kr\pe\sinnori\impl\message] creation task end
08:24:59.799 [main] INFO  k.p.s.c.buildsystem.ProjectBuilder - main project[sample_test]'s message encoder file[PublicKeyReq][D:\gitsinnori\sinnori\project\sample_test\server_build\src\main\java\kr\pe\sinnori\impl\message] creation task start
08:24:59.883 [main] INFO  k.p.s.c.buildsystem.ProjectBuilder - main project[sample_test]'s message encoder file[PublicKeyReq][D:\gitsinnori\sinnori\project\sample_test\server_build\src\main\java\kr\pe\sinnori\impl\message] creation task end
08:24:59.883 [main] INFO  k.p.s.c.buildsystem.ProjectBuilder - main project[sample_test]'s message server codec file[PublicKeyReq][D:\gitsinnori\sinnori\project\sample_test\server_build\src\main\java\kr\pe\sinnori\impl\message] creation task start
08:24:59.883 [main] INFO  k.p.s.c.buildsystem.ProjectBuilder - main project[sample_test]'s message server codec file[PublicKeyReq][D:\gitsinnori\sinnori\project\sample_test\server_build\src\main\java\kr\pe\sinnori\impl\message] creation task end
08:24:59.883 [main] INFO  k.p.s.c.buildsystem.ProjectBuilder - main project[sample_test]'s message client codec file[PublicKeyReq][D:\gitsinnori\sinnori\project\sample_test\server_build\src\main\java\kr\pe\sinnori\impl\message] creation task start
08:24:59.898 [main] INFO  k.p.s.c.buildsystem.ProjectBuilder - main project[sample_test]'s message client codec file[PublicKeyReq][D:\gitsinnori\sinnori\project\sample_test\server_build\src\main\java\kr\pe\sinnori\impl\message] creation task end
08:24:59.898 [main] INFO  k.p.s.common.util.CommonStaticUtil - the new child relative direcotry[D:\gitsinnori\sinnori\project\sample_test\server_build\src\main\java\kr\pe\sinnori\impl\message][PublicKeyRes] was created successfully
08:24:59.898 [main] INFO  k.p.s.c.buildsystem.ProjectBuilder - main project[sample_test]'s message file[PublicKeyRes][D:\gitsinnori\sinnori\project\sample_test\server_build\src\main\java\kr\pe\sinnori\impl\message] creation task start
08:24:59.898 [main] INFO  k.p.s.c.buildsystem.ProjectBuilder - main project[sample_test]'s message file[PublicKeyRes][D:\gitsinnori\sinnori\project\sample_test\server_build\src\main\java\kr\pe\sinnori\impl\message] creation task end
08:24:59.898 [main] INFO  k.p.s.c.buildsystem.ProjectBuilder - main project[sample_test]'s message decoder file[PublicKeyRes][D:\gitsinnori\sinnori\project\sample_test\server_build\src\main\java\kr\pe\sinnori\impl\message] creation task start
08:24:59.914 [main] INFO  k.p.s.c.buildsystem.ProjectBuilder - main project[sample_test]'s message decoder file[PublicKeyRes][D:\gitsinnori\sinnori\project\sample_test\server_build\src\main\java\kr\pe\sinnori\impl\message] creation task end
08:24:59.914 [main] INFO  k.p.s.c.buildsystem.ProjectBuilder - main project[sample_test]'s message encoder file[PublicKeyRes][D:\gitsinnori\sinnori\project\sample_test\server_build\src\main\java\kr\pe\sinnori\impl\message] creation task start
08:24:59.914 [main] INFO  k.p.s.c.buildsystem.ProjectBuilder - main project[sample_test]'s message encoder file[PublicKeyRes][D:\gitsinnori\sinnori\project\sample_test\server_build\src\main\java\kr\pe\sinnori\impl\message] creation task end
08:24:59.914 [main] INFO  k.p.s.c.buildsystem.ProjectBuilder - main project[sample_test]'s message server codec file[PublicKeyRes][D:\gitsinnori\sinnori\project\sample_test\server_build\src\main\java\kr\pe\sinnori\impl\message] creation task start
08:24:59.914 [main] INFO  k.p.s.c.buildsystem.ProjectBuilder - main project[sample_test]'s message server codec file[PublicKeyRes][D:\gitsinnori\sinnori\project\sample_test\server_build\src\main\java\kr\pe\sinnori\impl\message] creation task end
08:24:59.914 [main] INFO  k.p.s.c.buildsystem.ProjectBuilder - main project[sample_test]'s message client codec file[PublicKeyRes][D:\gitsinnori\sinnori\project\sample_test\server_build\src\main\java\kr\pe\sinnori\impl\message] creation task start
08:24:59.914 [main] INFO  k.p.s.c.buildsystem.ProjectBuilder - main project[sample_test]'s message client codec file[PublicKeyRes][D:\gitsinnori\sinnori\project\sample_test\server_build\src\main\java\kr\pe\sinnori\impl\message] creation task end
08:24:59.914 [main] INFO  k.p.s.c.buildsystem.ProjectBuilder - main project[sample_test]'s server message io file set creation task end
08:24:59.914 [main] INFO  k.p.s.c.buildsystem.ProjectBuilder - server build system files creation task end
08:24:59.914 [main] INFO  k.p.s.c.buildsystem.ProjectBuilder - mainproject[sample_test]'s application client build path deletion task start
08:24:59.930 [main] INFO  k.p.s.c.buildsystem.ProjectBuilder - mainproject[sample_test]'s application client build path deletion task end
08:24:59.930 [main] INFO  k.p.s.c.buildsystem.ProjectBuilder - main project[sample_test]'s web client build path deletion task start
08:24:59.951 [main] INFO  k.p.s.c.buildsystem.ProjectBuilder - main project[sample_test]'s web client build path deletion task end
08:24:59.951 [main] INFO  k.p.s.c.buildsystem.ProjectBuilder - main project[sample_test]'s web root path deletion task start
08:24:59.951 [main] INFO  k.p.s.c.buildsystem.ProjectBuilder - main project[sample_test]'s web root path deletion task end
08:24:59.951 [main] INFO  k.p.s.c.buildsystem.ProjectBuilder - main project[sample_test]'s config file overwrite task start
08:24:59.951 [main] INFO  k.p.s.c.buildsystem.ProjectBuilder - main project[sample_test]'s config file overwrite task end
08:24:59.951 [main] INFO  k.p.s.c.buildsystem.ProjectBuilder - main project[sample_test] changeProjectState method end
08:24:59.951 [main] INFO  k.p.s.c.buildsystem.ProjectBuilder - the app client ant build.xml file[D:\gitsinnori\sinnori\project\sample_test\client_build\app_build\build.xml] is bad :: whetherExist[false] isFile[false]
08:24:59.951 [main] INFO  k.p.s.c.buildsystem.ProjectBuilder - the web client ant build.xml file[D:\gitsinnori\sinnori\project\sample_test\client_build\web_build\build.xml] is bad :: whetherExist[false] isFile[false]
08:24:59.951 [main] INFO  k.p.s.c.buildsystem.ProjectBuilder - the web.xml file[D:\gitsinnori\sinnori\project\sample_test\web_app_base\ROOT\WEB-INF\web.xml] located at web root directory is bad :: whetherExist[false] isFile[false]
08:24:59.951 [main] INFO  k.p.s.c.buildsystem.ProjectBuilder - main project[sample_test] changeProjectState method start
08:24:59.951 [main] WARN  k.p.s.c.buildsystem.ProjectBuilder - the server build path[D:\gitsinnori\sinnori\project\sample_test\server_build] exist, so skip creation of server build system
08:24:59.951 [main] INFO  k.p.s.c.buildsystem.ProjectBuilder - the app client ant build.xml file[D:\gitsinnori\sinnori\project\sample_test\client_build\app_build\build.xml] is bad :: whetherExist[false] isFile[false]
08:24:59.951 [main] WARN  k.p.s.c.buildsystem.ProjectBuilder - the app client buid.xml file[D:\gitsinnori\sinnori\project\sample_test\client_build\app_build\build.xml] is bad beacse it doesn't exist or is not a file, so skip deletion of app client build system
08:24:59.951 [main] INFO  k.p.s.c.buildsystem.ProjectBuilder - main project[sample_test]'s web build child direcotry creation task start
08:24:59.951 [main] INFO  k.p.s.common.util.CommonStaticUtil - the new child relative direcotry[D:\gitsinnori\sinnori\project\sample_test][client_build/web_build/corelib/ex] was created successfully
08:24:59.951 [main] INFO  k.p.s.common.util.CommonStaticUtil - the new child relative direcotry[D:\gitsinnori\sinnori\project\sample_test][client_build/web_build/corelib/in] was created successfully
08:24:59.951 [main] INFO  k.p.s.common.util.CommonStaticUtil - the new child relative direcotry[D:\gitsinnori\sinnori\project\sample_test][client_build/web_build/lib/main/ex] was created successfully
08:24:59.951 [main] INFO  k.p.s.common.util.CommonStaticUtil - the new child relative direcotry[D:\gitsinnori\sinnori\project\sample_test][client_build/web_build/lib/main/in] was created successfully
08:24:59.951 [main] INFO  k.p.s.common.util.CommonStaticUtil - the new child relative direcotry[D:\gitsinnori\sinnori\project\sample_test][client_build/web_build/lib/test] was created successfully
08:24:59.967 [main] INFO  k.p.s.common.util.CommonStaticUtil - the new child relative direcotry[D:\gitsinnori\sinnori\project\sample_test][client_build/web_build/src/main/java/kr/pe/sinnori/impl/message] was created successfully
08:24:59.967 [main] INFO  k.p.s.common.util.CommonStaticUtil - the new child relative direcotry[D:\gitsinnori\sinnori\project\sample_test][client_build/web_build/src/main/java//kr/pe/sinnori/servlet] was created successfully
08:24:59.967 [main] INFO  k.p.s.common.util.CommonStaticUtil - the new child relative direcotry[D:\gitsinnori\sinnori\project\sample_test][client_build/web_build/src/main/java/kr/pe/sinnori/weblib/common] was created successfully
08:25:00.068 [main] INFO  k.p.s.common.util.CommonStaticUtil - the new child relative direcotry[D:\gitsinnori\sinnori\project\sample_test][client_build/web_build/src/main/java/kr/pe/sinnori/weblib/htmlstring] was created successfully
08:25:00.068 [main] INFO  k.p.s.common.util.CommonStaticUtil - the new child relative direcotry[D:\gitsinnori\sinnori\project\sample_test][client_build/web_build/src/main/java/kr/pe/sinnori/weblib/jdf] was created successfully
08:25:00.068 [main] INFO  k.p.s.common.util.CommonStaticUtil - the new child relative direcotry[D:\gitsinnori\sinnori\project\sample_test][client_build/web_build/src/test/java] was created successfully
08:25:00.068 [main] INFO  k.p.s.common.util.CommonStaticUtil - the new child relative direcotry[D:\gitsinnori\sinnori\project\sample_test][client_build/web_build/build] was created successfully
08:25:00.068 [main] INFO  k.p.s.common.util.CommonStaticUtil - the new child relative direcotry[D:\gitsinnori\sinnori\project\sample_test][client_build/web_build/dist] was created successfully
08:25:00.068 [main] INFO  k.p.s.c.buildsystem.ProjectBuilder - main project[sample_test]'s web build child direcotry creation task end
08:25:00.068 [main] INFO  k.p.s.c.buildsystem.ProjectBuilder - main project[sample_test]'s web client build system files creation task start
08:25:00.068 [main] INFO  k.p.s.c.buildsystem.ProjectBuilder - main project[sample_test]'s web client ant build.xml file creation task start
08:25:00.068 [main] INFO  k.p.s.c.buildsystem.ProjectBuilder - main project[sample_test]'s web client ant build.xml file creation task end
08:25:00.068 [main] INFO  k.p.s.c.buildsystem.ProjectBuilder - main project[sample_test]'s web client ant properties file creation task start
08:25:00.068 [main] INFO  k.p.s.c.util.SequencedPropertiesUtil - the sequenced properties file[D:\gitsinnori\sinnori\project\sample_test\client_build\web_build\webAnt.properties] was created
08:25:00.068 [main] INFO  k.p.s.c.buildsystem.ProjectBuilder - main project[sample_test]'s web client ant properties file creation task end
08:25:00.068 [main] INFO  k.p.s.c.buildsystem.ProjectBuilder - main project[sample_test]'s web client message io file set creation task start
08:25:00.068 [main] INFO  k.p.s.common.util.CommonStaticUtil - the new child relative direcotry[D:\gitsinnori\sinnori\project\sample_test\client_build\web_build\src\main\java\kr\pe\sinnori\impl\message][Echo] was created successfully
08:25:00.068 [main] INFO  k.p.s.c.buildsystem.ProjectBuilder - main project[sample_test]'s message file[Echo][D:\gitsinnori\sinnori\project\sample_test\client_build\web_build\src\main\java\kr\pe\sinnori\impl\message] creation task start
08:25:00.083 [main] INFO  k.p.s.c.buildsystem.ProjectBuilder - main project[sample_test]'s message file[Echo][D:\gitsinnori\sinnori\project\sample_test\client_build\web_build\src\main\java\kr\pe\sinnori\impl\message] creation task end
08:25:00.083 [main] INFO  k.p.s.c.buildsystem.ProjectBuilder - main project[sample_test]'s message decoder file[Echo][D:\gitsinnori\sinnori\project\sample_test\client_build\web_build\src\main\java\kr\pe\sinnori\impl\message] creation task start
08:25:00.083 [main] INFO  k.p.s.c.buildsystem.ProjectBuilder - main project[sample_test]'s message decoder file[Echo][D:\gitsinnori\sinnori\project\sample_test\client_build\web_build\src\main\java\kr\pe\sinnori\impl\message] creation task end
08:25:00.083 [main] INFO  k.p.s.c.buildsystem.ProjectBuilder - main project[sample_test]'s message encoder file[Echo][D:\gitsinnori\sinnori\project\sample_test\client_build\web_build\src\main\java\kr\pe\sinnori\impl\message] creation task start
08:25:00.083 [main] INFO  k.p.s.c.buildsystem.ProjectBuilder - main project[sample_test]'s message encoder file[Echo][D:\gitsinnori\sinnori\project\sample_test\client_build\web_build\src\main\java\kr\pe\sinnori\impl\message] creation task end
08:25:00.083 [main] INFO  k.p.s.c.buildsystem.ProjectBuilder - main project[sample_test]'s message server codec file[Echo][D:\gitsinnori\sinnori\project\sample_test\client_build\web_build\src\main\java\kr\pe\sinnori\impl\message] creation task start
08:25:00.167 [main] INFO  k.p.s.c.buildsystem.ProjectBuilder - main project[sample_test]'s message server codec file[Echo][D:\gitsinnori\sinnori\project\sample_test\client_build\web_build\src\main\java\kr\pe\sinnori\impl\message] creation task end
08:25:00.167 [main] INFO  k.p.s.c.buildsystem.ProjectBuilder - main project[sample_test]'s message client codec file[Echo][D:\gitsinnori\sinnori\project\sample_test\client_build\web_build\src\main\java\kr\pe\sinnori\impl\message] creation task start
08:25:00.167 [main] INFO  k.p.s.c.buildsystem.ProjectBuilder - main project[sample_test]'s message client codec file[Echo][D:\gitsinnori\sinnori\project\sample_test\client_build\web_build\src\main\java\kr\pe\sinnori\impl\message] creation task end
08:25:00.167 [main] INFO  k.p.s.common.util.CommonStaticUtil - the new child relative direcotry[D:\gitsinnori\sinnori\project\sample_test\client_build\web_build\src\main\java\kr\pe\sinnori\impl\message][PublicKeyReq] was created successfully
08:25:00.167 [main] INFO  k.p.s.c.buildsystem.ProjectBuilder - main project[sample_test]'s message file[PublicKeyReq][D:\gitsinnori\sinnori\project\sample_test\client_build\web_build\src\main\java\kr\pe\sinnori\impl\message] creation task start
08:25:00.183 [main] INFO  k.p.s.c.buildsystem.ProjectBuilder - main project[sample_test]'s message file[PublicKeyReq][D:\gitsinnori\sinnori\project\sample_test\client_build\web_build\src\main\java\kr\pe\sinnori\impl\message] creation task end
08:25:00.183 [main] INFO  k.p.s.c.buildsystem.ProjectBuilder - main project[sample_test]'s message decoder file[PublicKeyReq][D:\gitsinnori\sinnori\project\sample_test\client_build\web_build\src\main\java\kr\pe\sinnori\impl\message] creation task start
08:25:00.183 [main] INFO  k.p.s.c.buildsystem.ProjectBuilder - main project[sample_test]'s message decoder file[PublicKeyReq][D:\gitsinnori\sinnori\project\sample_test\client_build\web_build\src\main\java\kr\pe\sinnori\impl\message] creation task end
08:25:00.183 [main] INFO  k.p.s.c.buildsystem.ProjectBuilder - main project[sample_test]'s message encoder file[PublicKeyReq][D:\gitsinnori\sinnori\project\sample_test\client_build\web_build\src\main\java\kr\pe\sinnori\impl\message] creation task start
08:25:00.201 [main] INFO  k.p.s.c.buildsystem.ProjectBuilder - main project[sample_test]'s message encoder file[PublicKeyReq][D:\gitsinnori\sinnori\project\sample_test\client_build\web_build\src\main\java\kr\pe\sinnori\impl\message] creation task end
08:25:00.201 [main] INFO  k.p.s.c.buildsystem.ProjectBuilder - main project[sample_test]'s message server codec file[PublicKeyReq][D:\gitsinnori\sinnori\project\sample_test\client_build\web_build\src\main\java\kr\pe\sinnori\impl\message] creation task start
08:25:00.202 [main] INFO  k.p.s.c.buildsystem.ProjectBuilder - main project[sample_test]'s message server codec file[PublicKeyReq][D:\gitsinnori\sinnori\project\sample_test\client_build\web_build\src\main\java\kr\pe\sinnori\impl\message] creation task end
08:25:00.202 [main] INFO  k.p.s.c.buildsystem.ProjectBuilder - main project[sample_test]'s message client codec file[PublicKeyReq][D:\gitsinnori\sinnori\project\sample_test\client_build\web_build\src\main\java\kr\pe\sinnori\impl\message] creation task start
08:25:00.202 [main] INFO  k.p.s.c.buildsystem.ProjectBuilder - main project[sample_test]'s message client codec file[PublicKeyReq][D:\gitsinnori\sinnori\project\sample_test\client_build\web_build\src\main\java\kr\pe\sinnori\impl\message] creation task end
08:25:00.202 [main] INFO  k.p.s.common.util.CommonStaticUtil - the new child relative direcotry[D:\gitsinnori\sinnori\project\sample_test\client_build\web_build\src\main\java\kr\pe\sinnori\impl\message][PublicKeyRes] was created successfully
08:25:00.202 [main] INFO  k.p.s.c.buildsystem.ProjectBuilder - main project[sample_test]'s message file[PublicKeyRes][D:\gitsinnori\sinnori\project\sample_test\client_build\web_build\src\main\java\kr\pe\sinnori\impl\message] creation task start
08:25:00.217 [main] INFO  k.p.s.c.buildsystem.ProjectBuilder - main project[sample_test]'s message file[PublicKeyRes][D:\gitsinnori\sinnori\project\sample_test\client_build\web_build\src\main\java\kr\pe\sinnori\impl\message] creation task end
08:25:00.217 [main] INFO  k.p.s.c.buildsystem.ProjectBuilder - main project[sample_test]'s message decoder file[PublicKeyRes][D:\gitsinnori\sinnori\project\sample_test\client_build\web_build\src\main\java\kr\pe\sinnori\impl\message] creation task start
08:25:00.217 [main] INFO  k.p.s.c.buildsystem.ProjectBuilder - main project[sample_test]'s message decoder file[PublicKeyRes][D:\gitsinnori\sinnori\project\sample_test\client_build\web_build\src\main\java\kr\pe\sinnori\impl\message] creation task end
08:25:00.217 [main] INFO  k.p.s.c.buildsystem.ProjectBuilder - main project[sample_test]'s message encoder file[PublicKeyRes][D:\gitsinnori\sinnori\project\sample_test\client_build\web_build\src\main\java\kr\pe\sinnori\impl\message] creation task start
08:25:00.217 [main] INFO  k.p.s.c.buildsystem.ProjectBuilder - main project[sample_test]'s message encoder file[PublicKeyRes][D:\gitsinnori\sinnori\project\sample_test\client_build\web_build\src\main\java\kr\pe\sinnori\impl\message] creation task end
08:25:00.217 [main] INFO  k.p.s.c.buildsystem.ProjectBuilder - main project[sample_test]'s message server codec file[PublicKeyRes][D:\gitsinnori\sinnori\project\sample_test\client_build\web_build\src\main\java\kr\pe\sinnori\impl\message] creation task start
08:25:00.233 [main] INFO  k.p.s.c.buildsystem.ProjectBuilder - main project[sample_test]'s message server codec file[PublicKeyRes][D:\gitsinnori\sinnori\project\sample_test\client_build\web_build\src\main\java\kr\pe\sinnori\impl\message] creation task end
08:25:00.233 [main] INFO  k.p.s.c.buildsystem.ProjectBuilder - main project[sample_test]'s message client codec file[PublicKeyRes][D:\gitsinnori\sinnori\project\sample_test\client_build\web_build\src\main\java\kr\pe\sinnori\impl\message] creation task start
08:25:00.233 [main] INFO  k.p.s.c.buildsystem.ProjectBuilder - main project[sample_test]'s message client codec file[PublicKeyRes][D:\gitsinnori\sinnori\project\sample_test\client_build\web_build\src\main\java\kr\pe\sinnori\impl\message] creation task end
08:25:00.233 [main] INFO  k.p.s.c.buildsystem.ProjectBuilder - main project[sample_test]'s web client message io file set creation task end
08:25:00.233 [main] INFO  k.p.s.c.buildsystem.ProjectBuilder - mainproject[sample_test]'s web client sample source files copy task start
08:25:00.283 [main] INFO  k.p.s.c.buildsystem.ProjectBuilder - mainproject[sample_test]'s web client sample source files copy task end
08:25:00.283 [main] INFO  k.p.s.c.buildsystem.ProjectBuilder - main project[sample_test]'s web client build system files creation task end
08:25:00.283 [main] INFO  k.p.s.c.buildsystem.ProjectBuilder - main project[sample_test]'s web root child direcotry creation task start
08:25:00.283 [main] INFO  k.p.s.common.util.CommonStaticUtil - the child relative direcotry[D:\gitsinnori\sinnori\project\sample_test][web_app_base/upload] exist, so nothing
08:25:00.299 [main] INFO  k.p.s.common.util.CommonStaticUtil - the new child relative direcotry[D:\gitsinnori\sinnori\project\sample_test][web_app_base/ROOT/WEB-INF/classes] was created successfully
08:25:00.299 [main] INFO  k.p.s.common.util.CommonStaticUtil - the new child relative direcotry[D:\gitsinnori\sinnori\project\sample_test][web_app_base/ROOT/WEB-INF/lib] was created successfully
08:25:00.299 [main] INFO  k.p.s.c.buildsystem.ProjectBuilder - main project[sample_test]'s web root child direcotry creation task end
08:25:00.299 [main] INFO  k.p.s.c.buildsystem.ProjectBuilder - main project[sample_test]'s web root sample files creation task start
08:25:00.299 [main] INFO  k.p.s.c.buildsystem.ProjectBuilder - main project[sample_test]'s web root sample files copy task start
08:25:00.299 [main] INFO  k.p.s.c.buildsystem.ProjectBuilder - main project[sample_test]'s web root sample files copy task end
08:25:00.299 [main] INFO  k.p.s.c.buildsystem.ProjectBuilder - main project[sample_test]'s web root sample files creation task end
08:25:00.299 [main] INFO  k.p.s.c.buildsystem.ProjectBuilder - main project[sample_test]'s config file overwrite task start
08:25:00.299 [main] INFO  k.p.s.c.buildsystem.ProjectBuilder - main project[sample_test]'s config file overwrite task end
08:25:00.299 [main] INFO  k.p.s.c.buildsystem.ProjectBuilder - main project[sample_test] changeProjectState method end
08:25:00.299 [main] INFO  k.p.s.c.buildsystem.ProjectBuilder - the app client ant build.xml file[D:\gitsinnori\sinnori\project\sample_test\client_build\app_build\build.xml] is bad :: whetherExist[false] isFile[false]
08:25:00.299 [main] INFO  k.p.s.c.buildsystem.ProjectBuilder - main project[sample_test] changeProjectState method start
08:25:00.299 [main] WARN  k.p.s.c.buildsystem.ProjectBuilder - the server build path[D:\gitsinnori\sinnori\project\sample_test\server_build] exist, so skip creation of server build system
08:25:00.299 [main] INFO  k.p.s.c.buildsystem.ProjectBuilder - main project[sample_test]'s application build child direcotry creation task start
08:25:00.299 [main] INFO  k.p.s.common.util.CommonStaticUtil - the new child relative direcotry[D:\gitsinnori\sinnori\project\sample_test][client_build/app_build/corelib/ex] was created successfully
08:25:00.299 [main] INFO  k.p.s.common.util.CommonStaticUtil - the new child relative direcotry[D:\gitsinnori\sinnori\project\sample_test][client_build/app_build/corelib/in] was created successfully
08:25:00.299 [main] INFO  k.p.s.common.util.CommonStaticUtil - the new child relative direcotry[D:\gitsinnori\sinnori\project\sample_test][client_build/app_build/lib/main/ex] was created successfully
08:25:00.299 [main] INFO  k.p.s.common.util.CommonStaticUtil - the new child relative direcotry[D:\gitsinnori\sinnori\project\sample_test][client_build/app_build/lib/main/in] was created successfully
08:25:00.299 [main] INFO  k.p.s.common.util.CommonStaticUtil - the new child relative direcotry[D:\gitsinnori\sinnori\project\sample_test][client_build/app_build/lib/test] was created successfully
08:25:00.299 [main] INFO  k.p.s.common.util.CommonStaticUtil - the new child relative direcotry[D:\gitsinnori\sinnori\project\sample_test][client_build/app_build/src/main/java/kr/pe/sinnori/impl/message] was created successfully
08:25:00.299 [main] INFO  k.p.s.common.util.CommonStaticUtil - the new child relative direcotry[D:\gitsinnori\sinnori\project\sample_test][client_build/app_build/src/main/java/main] was created successfully
08:25:00.347 [main] INFO  k.p.s.common.util.CommonStaticUtil - the new child relative direcotry[D:\gitsinnori\sinnori\project\sample_test][client_build/app_build/src/test/java] was created successfully
08:25:00.347 [main] INFO  k.p.s.common.util.CommonStaticUtil - the new child relative direcotry[D:\gitsinnori\sinnori\project\sample_test][client_build/app_build/build] was created successfully
08:25:00.347 [main] INFO  k.p.s.common.util.CommonStaticUtil - the new child relative direcotry[D:\gitsinnori\sinnori\project\sample_test][client_build/app_build/dist] was created successfully
08:25:00.347 [main] INFO  k.p.s.c.buildsystem.ProjectBuilder - main project[sample_test]'s application build child direcotry creation task end
08:25:00.347 [main] INFO  k.p.s.c.buildsystem.ProjectBuilder - mainproject[sample_test]'s application client build system files creation task start
08:25:00.347 [main] INFO  k.p.s.c.buildsystem.ProjectBuilder - main project[sample_test]'s application client ant build.xml file creation task start
08:25:00.349 [main] INFO  k.p.s.c.buildsystem.ProjectBuilder - main project[sample_test]'s application client ant build.xml file creation task end
08:25:00.349 [main] INFO  k.p.s.c.buildsystem.ProjectBuilder - main project[sample_test]'s application client dos shell file creation task start
08:25:00.351 [main] INFO  k.p.s.c.buildsystem.ProjectBuilder - main project[sample_test]'s application client dos shell file creation task end
08:25:00.351 [main] INFO  k.p.s.c.buildsystem.ProjectBuilder - main project[sample_test]'s application client unix shell file creation task start
08:25:00.351 [main] INFO  k.p.s.c.buildsystem.ProjectBuilder - main project[sample_test]'s application client unix shell file creation task end
08:25:00.351 [main] INFO  k.p.s.c.buildsystem.ProjectBuilder - application client sample source files copy task start
08:25:00.351 [main] INFO  k.p.s.c.buildsystem.ProjectBuilder - application client sample source files copy task end
08:25:00.351 [main] INFO  k.p.s.c.buildsystem.ProjectBuilder - main project[sample_test]'s application client message io file set creation task start
08:25:00.351 [main] INFO  k.p.s.common.util.CommonStaticUtil - the new child relative direcotry[D:\gitsinnori\sinnori\project\sample_test\client_build\app_build\src\main\java\kr\pe\sinnori\impl\message][Echo] was created successfully
08:25:00.351 [main] INFO  k.p.s.c.buildsystem.ProjectBuilder - main project[sample_test]'s message file[Echo][D:\gitsinnori\sinnori\project\sample_test\client_build\app_build\src\main\java\kr\pe\sinnori\impl\message] creation task start
08:25:00.351 [main] INFO  k.p.s.c.buildsystem.ProjectBuilder - main project[sample_test]'s message file[Echo][D:\gitsinnori\sinnori\project\sample_test\client_build\app_build\src\main\java\kr\pe\sinnori\impl\message] creation task end
08:25:00.351 [main] INFO  k.p.s.c.buildsystem.ProjectBuilder - main project[sample_test]'s message decoder file[Echo][D:\gitsinnori\sinnori\project\sample_test\client_build\app_build\src\main\java\kr\pe\sinnori\impl\message] creation task start
08:25:00.351 [main] INFO  k.p.s.c.buildsystem.ProjectBuilder - main project[sample_test]'s message decoder file[Echo][D:\gitsinnori\sinnori\project\sample_test\client_build\app_build\src\main\java\kr\pe\sinnori\impl\message] creation task end
08:25:00.351 [main] INFO  k.p.s.c.buildsystem.ProjectBuilder - main project[sample_test]'s message encoder file[Echo][D:\gitsinnori\sinnori\project\sample_test\client_build\app_build\src\main\java\kr\pe\sinnori\impl\message] creation task start
08:25:00.368 [main] INFO  k.p.s.c.buildsystem.ProjectBuilder - main project[sample_test]'s message encoder file[Echo][D:\gitsinnori\sinnori\project\sample_test\client_build\app_build\src\main\java\kr\pe\sinnori\impl\message] creation task end
08:25:00.368 [main] INFO  k.p.s.c.buildsystem.ProjectBuilder - main project[sample_test]'s message server codec file[Echo][D:\gitsinnori\sinnori\project\sample_test\client_build\app_build\src\main\java\kr\pe\sinnori\impl\message] creation task start
08:25:00.368 [main] INFO  k.p.s.c.buildsystem.ProjectBuilder - main project[sample_test]'s message server codec file[Echo][D:\gitsinnori\sinnori\project\sample_test\client_build\app_build\src\main\java\kr\pe\sinnori\impl\message] creation task end
08:25:00.368 [main] INFO  k.p.s.c.buildsystem.ProjectBuilder - main project[sample_test]'s message client codec file[Echo][D:\gitsinnori\sinnori\project\sample_test\client_build\app_build\src\main\java\kr\pe\sinnori\impl\message] creation task start
08:25:00.368 [main] INFO  k.p.s.c.buildsystem.ProjectBuilder - main project[sample_test]'s message client codec file[Echo][D:\gitsinnori\sinnori\project\sample_test\client_build\app_build\src\main\java\kr\pe\sinnori\impl\message] creation task end
08:25:00.368 [main] INFO  k.p.s.common.util.CommonStaticUtil - the new child relative direcotry[D:\gitsinnori\sinnori\project\sample_test\client_build\app_build\src\main\java\kr\pe\sinnori\impl\message][PublicKeyReq] was created successfully
08:25:00.368 [main] INFO  k.p.s.c.buildsystem.ProjectBuilder - main project[sample_test]'s message file[PublicKeyReq][D:\gitsinnori\sinnori\project\sample_test\client_build\app_build\src\main\java\kr\pe\sinnori\impl\message] creation task start
08:25:00.368 [main] INFO  k.p.s.c.buildsystem.ProjectBuilder - main project[sample_test]'s message file[PublicKeyReq][D:\gitsinnori\sinnori\project\sample_test\client_build\app_build\src\main\java\kr\pe\sinnori\impl\message] creation task end
08:25:00.368 [main] INFO  k.p.s.c.buildsystem.ProjectBuilder - main project[sample_test]'s message decoder file[PublicKeyReq][D:\gitsinnori\sinnori\project\sample_test\client_build\app_build\src\main\java\kr\pe\sinnori\impl\message] creation task start
08:25:00.368 [main] INFO  k.p.s.c.buildsystem.ProjectBuilder - main project[sample_test]'s message decoder file[PublicKeyReq][D:\gitsinnori\sinnori\project\sample_test\client_build\app_build\src\main\java\kr\pe\sinnori\impl\message] creation task end
08:25:00.368 [main] INFO  k.p.s.c.buildsystem.ProjectBuilder - main project[sample_test]'s message encoder file[PublicKeyReq][D:\gitsinnori\sinnori\project\sample_test\client_build\app_build\src\main\java\kr\pe\sinnori\impl\message] creation task start
08:25:00.368 [main] INFO  k.p.s.c.buildsystem.ProjectBuilder - main project[sample_test]'s message encoder file[PublicKeyReq][D:\gitsinnori\sinnori\project\sample_test\client_build\app_build\src\main\java\kr\pe\sinnori\impl\message] creation task end
08:25:00.368 [main] INFO  k.p.s.c.buildsystem.ProjectBuilder - main project[sample_test]'s message server codec file[PublicKeyReq][D:\gitsinnori\sinnori\project\sample_test\client_build\app_build\src\main\java\kr\pe\sinnori\impl\message] creation task start
08:25:00.468 [main] INFO  k.p.s.c.buildsystem.ProjectBuilder - main project[sample_test]'s message server codec file[PublicKeyReq][D:\gitsinnori\sinnori\project\sample_test\client_build\app_build\src\main\java\kr\pe\sinnori\impl\message] creation task end
08:25:00.468 [main] INFO  k.p.s.c.buildsystem.ProjectBuilder - main project[sample_test]'s message client codec file[PublicKeyReq][D:\gitsinnori\sinnori\project\sample_test\client_build\app_build\src\main\java\kr\pe\sinnori\impl\message] creation task start
08:25:00.468 [main] INFO  k.p.s.c.buildsystem.ProjectBuilder - main project[sample_test]'s message client codec file[PublicKeyReq][D:\gitsinnori\sinnori\project\sample_test\client_build\app_build\src\main\java\kr\pe\sinnori\impl\message] creation task end
08:25:00.468 [main] INFO  k.p.s.common.util.CommonStaticUtil - the new child relative direcotry[D:\gitsinnori\sinnori\project\sample_test\client_build\app_build\src\main\java\kr\pe\sinnori\impl\message][PublicKeyRes] was created successfully
08:25:00.468 [main] INFO  k.p.s.c.buildsystem.ProjectBuilder - main project[sample_test]'s message file[PublicKeyRes][D:\gitsinnori\sinnori\project\sample_test\client_build\app_build\src\main\java\kr\pe\sinnori\impl\message] creation task start
08:25:00.483 [main] INFO  k.p.s.c.buildsystem.ProjectBuilder - main project[sample_test]'s message file[PublicKeyRes][D:\gitsinnori\sinnori\project\sample_test\client_build\app_build\src\main\java\kr\pe\sinnori\impl\message] creation task end
08:25:00.483 [main] INFO  k.p.s.c.buildsystem.ProjectBuilder - main project[sample_test]'s message decoder file[PublicKeyRes][D:\gitsinnori\sinnori\project\sample_test\client_build\app_build\src\main\java\kr\pe\sinnori\impl\message] creation task start
08:25:00.514 [main] INFO  k.p.s.c.buildsystem.ProjectBuilder - main project[sample_test]'s message decoder file[PublicKeyRes][D:\gitsinnori\sinnori\project\sample_test\client_build\app_build\src\main\java\kr\pe\sinnori\impl\message] creation task end
08:25:00.514 [main] INFO  k.p.s.c.buildsystem.ProjectBuilder - main project[sample_test]'s message encoder file[PublicKeyRes][D:\gitsinnori\sinnori\project\sample_test\client_build\app_build\src\main\java\kr\pe\sinnori\impl\message] creation task start
08:25:00.514 [main] INFO  k.p.s.c.buildsystem.ProjectBuilder - main project[sample_test]'s message encoder file[PublicKeyRes][D:\gitsinnori\sinnori\project\sample_test\client_build\app_build\src\main\java\kr\pe\sinnori\impl\message] creation task end
08:25:00.514 [main] INFO  k.p.s.c.buildsystem.ProjectBuilder - main project[sample_test]'s message server codec file[PublicKeyRes][D:\gitsinnori\sinnori\project\sample_test\client_build\app_build\src\main\java\kr\pe\sinnori\impl\message] creation task start
08:25:00.514 [main] INFO  k.p.s.c.buildsystem.ProjectBuilder - main project[sample_test]'s message server codec file[PublicKeyRes][D:\gitsinnori\sinnori\project\sample_test\client_build\app_build\src\main\java\kr\pe\sinnori\impl\message] creation task end
08:25:00.514 [main] INFO  k.p.s.c.buildsystem.ProjectBuilder - main project[sample_test]'s message client codec file[PublicKeyRes][D:\gitsinnori\sinnori\project\sample_test\client_build\app_build\src\main\java\kr\pe\sinnori\impl\message] creation task start
08:25:00.514 [main] INFO  k.p.s.c.buildsystem.ProjectBuilder - main project[sample_test]'s message client codec file[PublicKeyRes][D:\gitsinnori\sinnori\project\sample_test\client_build\app_build\src\main\java\kr\pe\sinnori\impl\message] creation task end
08:25:00.514 [main] INFO  k.p.s.c.buildsystem.ProjectBuilder - main project[sample_test]'s application client message io file set creation task end
08:25:00.514 [main] INFO  k.p.s.c.buildsystem.ProjectBuilder - mainproject[sample_test]'s application client build system files creation task end
08:25:00.514 [main] INFO  k.p.s.c.buildsystem.ProjectBuilder - main project[sample_test]'s web client build path deletion task start
08:25:00.530 [main] INFO  k.p.s.c.buildsystem.ProjectBuilder - main project[sample_test]'s web client build path deletion task end
08:25:00.530 [main] INFO  k.p.s.c.buildsystem.ProjectBuilder - main project[sample_test]'s web root path deletion task start
08:25:00.530 [main] INFO  k.p.s.c.buildsystem.ProjectBuilder - main project[sample_test]'s web root path deletion task end
08:25:00.530 [main] INFO  k.p.s.c.buildsystem.ProjectBuilder - main project[sample_test]'s config file overwrite task start
08:25:00.549 [main] INFO  k.p.s.c.buildsystem.ProjectBuilder - main project[sample_test]'s config file overwrite task end
08:25:00.549 [main] INFO  k.p.s.c.buildsystem.ProjectBuilder - main project[sample_test] changeProjectState method end
08:25:00.549 [main] INFO  k.p.s.c.buildsystem.ProjectBuilder - the web client ant build.xml file[D:\gitsinnori\sinnori\project\sample_test\client_build\web_build\build.xml] is bad :: whetherExist[false] isFile[false]
08:25:00.549 [main] INFO  k.p.s.c.buildsystem.ProjectBuilder - the web.xml file[D:\gitsinnori\sinnori\project\sample_test\web_app_base\ROOT\WEB-INF\web.xml] located at web root directory is bad :: whetherExist[false] isFile[false]
08:25:00.549 [main] INFO  k.p.s.c.buildsystem.ProjectBuilder - main project[sample_test] changeProjectState method start
08:25:00.549 [main] WARN  k.p.s.c.buildsystem.ProjectBuilder - the server build path[D:\gitsinnori\sinnori\project\sample_test\server_build] exist, so skip creation of server build system
08:25:00.549 [main] WARN  k.p.s.c.buildsystem.ProjectBuilder - the app client build path[D:\gitsinnori\sinnori\project\sample_test\client_build\app_build] exist, so skip creation of app client build system
08:25:00.549 [main] INFO  k.p.s.c.buildsystem.ProjectBuilder - main project[sample_test]'s web build child direcotry creation task start
08:25:00.550 [main] INFO  k.p.s.common.util.CommonStaticUtil - the new child relative direcotry[D:\gitsinnori\sinnori\project\sample_test][client_build/web_build/corelib/ex] was created successfully
08:25:00.550 [main] INFO  k.p.s.common.util.CommonStaticUtil - the new child relative direcotry[D:\gitsinnori\sinnori\project\sample_test][client_build/web_build/corelib/in] was created successfully
08:25:00.551 [main] INFO  k.p.s.common.util.CommonStaticUtil - the new child relative direcotry[D:\gitsinnori\sinnori\project\sample_test][client_build/web_build/lib/main/ex] was created successfully
08:25:00.551 [main] INFO  k.p.s.common.util.CommonStaticUtil - the new child relative direcotry[D:\gitsinnori\sinnori\project\sample_test][client_build/web_build/lib/main/in] was created successfully
08:25:00.551 [main] INFO  k.p.s.common.util.CommonStaticUtil - the new child relative direcotry[D:\gitsinnori\sinnori\project\sample_test][client_build/web_build/lib/test] was created successfully
08:25:00.552 [main] INFO  k.p.s.common.util.CommonStaticUtil - the new child relative direcotry[D:\gitsinnori\sinnori\project\sample_test][client_build/web_build/src/main/java/kr/pe/sinnori/impl/message] was created successfully
08:25:00.552 [main] INFO  k.p.s.common.util.CommonStaticUtil - the new child relative direcotry[D:\gitsinnori\sinnori\project\sample_test][client_build/web_build/src/main/java//kr/pe/sinnori/servlet] was created successfully
08:25:00.552 [main] INFO  k.p.s.common.util.CommonStaticUtil - the new child relative direcotry[D:\gitsinnori\sinnori\project\sample_test][client_build/web_build/src/main/java/kr/pe/sinnori/weblib/common] was created successfully
08:25:00.552 [main] INFO  k.p.s.common.util.CommonStaticUtil - the new child relative direcotry[D:\gitsinnori\sinnori\project\sample_test][client_build/web_build/src/main/java/kr/pe/sinnori/weblib/htmlstring] was created successfully
08:25:00.552 [main] INFO  k.p.s.common.util.CommonStaticUtil - the new child relative direcotry[D:\gitsinnori\sinnori\project\sample_test][client_build/web_build/src/main/java/kr/pe/sinnori/weblib/jdf] was created successfully
08:25:00.552 [main] INFO  k.p.s.common.util.CommonStaticUtil - the new child relative direcotry[D:\gitsinnori\sinnori\project\sample_test][client_build/web_build/src/test/java] was created successfully
08:25:00.615 [main] INFO  k.p.s.common.util.CommonStaticUtil - the new child relative direcotry[D:\gitsinnori\sinnori\project\sample_test][client_build/web_build/build] was created successfully
08:25:00.615 [main] INFO  k.p.s.common.util.CommonStaticUtil - the new child relative direcotry[D:\gitsinnori\sinnori\project\sample_test][client_build/web_build/dist] was created successfully
08:25:00.615 [main] INFO  k.p.s.c.buildsystem.ProjectBuilder - main project[sample_test]'s web build child direcotry creation task end
08:25:00.615 [main] INFO  k.p.s.c.buildsystem.ProjectBuilder - main project[sample_test]'s web client build system files creation task start
08:25:00.615 [main] INFO  k.p.s.c.buildsystem.ProjectBuilder - main project[sample_test]'s web client ant build.xml file creation task start
08:25:00.615 [main] INFO  k.p.s.c.buildsystem.ProjectBuilder - main project[sample_test]'s web client ant build.xml file creation task end
08:25:00.615 [main] INFO  k.p.s.c.buildsystem.ProjectBuilder - main project[sample_test]'s web client ant properties file creation task start
08:25:00.615 [main] INFO  k.p.s.c.util.SequencedPropertiesUtil - the sequenced properties file[D:\gitsinnori\sinnori\project\sample_test\client_build\web_build\webAnt.properties] was created
08:25:00.615 [main] INFO  k.p.s.c.buildsystem.ProjectBuilder - main project[sample_test]'s web client ant properties file creation task end
08:25:00.615 [main] INFO  k.p.s.c.buildsystem.ProjectBuilder - main project[sample_test]'s web client message io file set creation task start
08:25:00.615 [main] INFO  k.p.s.common.util.CommonStaticUtil - the new child relative direcotry[D:\gitsinnori\sinnori\project\sample_test\client_build\web_build\src\main\java\kr\pe\sinnori\impl\message][Echo] was created successfully
08:25:00.615 [main] INFO  k.p.s.c.buildsystem.ProjectBuilder - main project[sample_test]'s message file[Echo][D:\gitsinnori\sinnori\project\sample_test\client_build\web_build\src\main\java\kr\pe\sinnori\impl\message] creation task start
08:25:00.630 [main] INFO  k.p.s.c.buildsystem.ProjectBuilder - main project[sample_test]'s message file[Echo][D:\gitsinnori\sinnori\project\sample_test\client_build\web_build\src\main\java\kr\pe\sinnori\impl\message] creation task end
08:25:00.630 [main] INFO  k.p.s.c.buildsystem.ProjectBuilder - main project[sample_test]'s message decoder file[Echo][D:\gitsinnori\sinnori\project\sample_test\client_build\web_build\src\main\java\kr\pe\sinnori\impl\message] creation task start
08:25:00.630 [main] INFO  k.p.s.c.buildsystem.ProjectBuilder - main project[sample_test]'s message decoder file[Echo][D:\gitsinnori\sinnori\project\sample_test\client_build\web_build\src\main\java\kr\pe\sinnori\impl\message] creation task end
08:25:00.630 [main] INFO  k.p.s.c.buildsystem.ProjectBuilder - main project[sample_test]'s message encoder file[Echo][D:\gitsinnori\sinnori\project\sample_test\client_build\web_build\src\main\java\kr\pe\sinnori\impl\message] creation task start
08:25:00.652 [main] INFO  k.p.s.c.buildsystem.ProjectBuilder - main project[sample_test]'s message encoder file[Echo][D:\gitsinnori\sinnori\project\sample_test\client_build\web_build\src\main\java\kr\pe\sinnori\impl\message] creation task end
08:25:00.652 [main] INFO  k.p.s.c.buildsystem.ProjectBuilder - main project[sample_test]'s message server codec file[Echo][D:\gitsinnori\sinnori\project\sample_test\client_build\web_build\src\main\java\kr\pe\sinnori\impl\message] creation task start
08:25:00.652 [main] INFO  k.p.s.c.buildsystem.ProjectBuilder - main project[sample_test]'s message server codec file[Echo][D:\gitsinnori\sinnori\project\sample_test\client_build\web_build\src\main\java\kr\pe\sinnori\impl\message] creation task end
08:25:00.652 [main] INFO  k.p.s.c.buildsystem.ProjectBuilder - main project[sample_test]'s message client codec file[Echo][D:\gitsinnori\sinnori\project\sample_test\client_build\web_build\src\main\java\kr\pe\sinnori\impl\message] creation task start
08:25:00.652 [main] INFO  k.p.s.c.buildsystem.ProjectBuilder - main project[sample_test]'s message client codec file[Echo][D:\gitsinnori\sinnori\project\sample_test\client_build\web_build\src\main\java\kr\pe\sinnori\impl\message] creation task end
08:25:00.652 [main] INFO  k.p.s.common.util.CommonStaticUtil - the new child relative direcotry[D:\gitsinnori\sinnori\project\sample_test\client_build\web_build\src\main\java\kr\pe\sinnori\impl\message][PublicKeyReq] was created successfully
08:25:00.652 [main] INFO  k.p.s.c.buildsystem.ProjectBuilder - main project[sample_test]'s message file[PublicKeyReq][D:\gitsinnori\sinnori\project\sample_test\client_build\web_build\src\main\java\kr\pe\sinnori\impl\message] creation task start
08:25:00.668 [main] INFO  k.p.s.c.buildsystem.ProjectBuilder - main project[sample_test]'s message file[PublicKeyReq][D:\gitsinnori\sinnori\project\sample_test\client_build\web_build\src\main\java\kr\pe\sinnori\impl\message] creation task end
08:25:00.668 [main] INFO  k.p.s.c.buildsystem.ProjectBuilder - main project[sample_test]'s message decoder file[PublicKeyReq][D:\gitsinnori\sinnori\project\sample_test\client_build\web_build\src\main\java\kr\pe\sinnori\impl\message] creation task start
08:25:00.668 [main] INFO  k.p.s.c.buildsystem.ProjectBuilder - main project[sample_test]'s message decoder file[PublicKeyReq][D:\gitsinnori\sinnori\project\sample_test\client_build\web_build\src\main\java\kr\pe\sinnori\impl\message] creation task end
08:25:00.668 [main] INFO  k.p.s.c.buildsystem.ProjectBuilder - main project[sample_test]'s message encoder file[PublicKeyReq][D:\gitsinnori\sinnori\project\sample_test\client_build\web_build\src\main\java\kr\pe\sinnori\impl\message] creation task start
08:25:00.668 [main] INFO  k.p.s.c.buildsystem.ProjectBuilder - main project[sample_test]'s message encoder file[PublicKeyReq][D:\gitsinnori\sinnori\project\sample_test\client_build\web_build\src\main\java\kr\pe\sinnori\impl\message] creation task end
08:25:00.668 [main] INFO  k.p.s.c.buildsystem.ProjectBuilder - main project[sample_test]'s message server codec file[PublicKeyReq][D:\gitsinnori\sinnori\project\sample_test\client_build\web_build\src\main\java\kr\pe\sinnori\impl\message] creation task start
08:25:00.668 [main] INFO  k.p.s.c.buildsystem.ProjectBuilder - main project[sample_test]'s message server codec file[PublicKeyReq][D:\gitsinnori\sinnori\project\sample_test\client_build\web_build\src\main\java\kr\pe\sinnori\impl\message] creation task end
08:25:00.668 [main] INFO  k.p.s.c.buildsystem.ProjectBuilder - main project[sample_test]'s message client codec file[PublicKeyReq][D:\gitsinnori\sinnori\project\sample_test\client_build\web_build\src\main\java\kr\pe\sinnori\impl\message] creation task start
08:25:00.668 [main] INFO  k.p.s.c.buildsystem.ProjectBuilder - main project[sample_test]'s message client codec file[PublicKeyReq][D:\gitsinnori\sinnori\project\sample_test\client_build\web_build\src\main\java\kr\pe\sinnori\impl\message] creation task end
08:25:00.668 [main] INFO  k.p.s.common.util.CommonStaticUtil - the new child relative direcotry[D:\gitsinnori\sinnori\project\sample_test\client_build\web_build\src\main\java\kr\pe\sinnori\impl\message][PublicKeyRes] was created successfully
08:25:00.668 [main] INFO  k.p.s.c.buildsystem.ProjectBuilder - main project[sample_test]'s message file[PublicKeyRes][D:\gitsinnori\sinnori\project\sample_test\client_build\web_build\src\main\java\kr\pe\sinnori\impl\message] creation task start
08:25:00.683 [main] INFO  k.p.s.c.buildsystem.ProjectBuilder - main project[sample_test]'s message file[PublicKeyRes][D:\gitsinnori\sinnori\project\sample_test\client_build\web_build\src\main\java\kr\pe\sinnori\impl\message] creation task end
08:25:00.683 [main] INFO  k.p.s.c.buildsystem.ProjectBuilder - main project[sample_test]'s message decoder file[PublicKeyRes][D:\gitsinnori\sinnori\project\sample_test\client_build\web_build\src\main\java\kr\pe\sinnori\impl\message] creation task start
08:25:00.683 [main] INFO  k.p.s.c.buildsystem.ProjectBuilder - main project[sample_test]'s message decoder file[PublicKeyRes][D:\gitsinnori\sinnori\project\sample_test\client_build\web_build\src\main\java\kr\pe\sinnori\impl\message] creation task end
08:25:00.683 [main] INFO  k.p.s.c.buildsystem.ProjectBuilder - main project[sample_test]'s message encoder file[PublicKeyRes][D:\gitsinnori\sinnori\project\sample_test\client_build\web_build\src\main\java\kr\pe\sinnori\impl\message] creation task start
08:25:00.683 [main] INFO  k.p.s.c.buildsystem.ProjectBuilder - main project[sample_test]'s message encoder file[PublicKeyRes][D:\gitsinnori\sinnori\project\sample_test\client_build\web_build\src\main\java\kr\pe\sinnori\impl\message] creation task end
08:25:00.683 [main] INFO  k.p.s.c.buildsystem.ProjectBuilder - main project[sample_test]'s message server codec file[PublicKeyRes][D:\gitsinnori\sinnori\project\sample_test\client_build\web_build\src\main\java\kr\pe\sinnori\impl\message] creation task start
08:25:00.683 [main] INFO  k.p.s.c.buildsystem.ProjectBuilder - main project[sample_test]'s message server codec file[PublicKeyRes][D:\gitsinnori\sinnori\project\sample_test\client_build\web_build\src\main\java\kr\pe\sinnori\impl\message] creation task end
08:25:00.683 [main] INFO  k.p.s.c.buildsystem.ProjectBuilder - main project[sample_test]'s message client codec file[PublicKeyRes][D:\gitsinnori\sinnori\project\sample_test\client_build\web_build\src\main\java\kr\pe\sinnori\impl\message] creation task start
08:25:00.683 [main] INFO  k.p.s.c.buildsystem.ProjectBuilder - main project[sample_test]'s message client codec file[PublicKeyRes][D:\gitsinnori\sinnori\project\sample_test\client_build\web_build\src\main\java\kr\pe\sinnori\impl\message] creation task end
08:25:00.683 [main] INFO  k.p.s.c.buildsystem.ProjectBuilder - main project[sample_test]'s web client message io file set creation task end
08:25:00.768 [main] INFO  k.p.s.c.buildsystem.ProjectBuilder - mainproject[sample_test]'s web client sample source files copy task start
08:25:00.831 [main] INFO  k.p.s.c.buildsystem.ProjectBuilder - mainproject[sample_test]'s web client sample source files copy task end
08:25:00.831 [main] INFO  k.p.s.c.buildsystem.ProjectBuilder - main project[sample_test]'s web client build system files creation task end
08:25:00.831 [main] INFO  k.p.s.c.buildsystem.ProjectBuilder - main project[sample_test]'s web root child direcotry creation task start
08:25:00.831 [main] INFO  k.p.s.common.util.CommonStaticUtil - the child relative direcotry[D:\gitsinnori\sinnori\project\sample_test][web_app_base/upload] exist, so nothing
08:25:00.846 [main] INFO  k.p.s.common.util.CommonStaticUtil - the new child relative direcotry[D:\gitsinnori\sinnori\project\sample_test][web_app_base/ROOT/WEB-INF/classes] was created successfully
08:25:00.846 [main] INFO  k.p.s.common.util.CommonStaticUtil - the new child relative direcotry[D:\gitsinnori\sinnori\project\sample_test][web_app_base/ROOT/WEB-INF/lib] was created successfully
08:25:00.846 [main] INFO  k.p.s.c.buildsystem.ProjectBuilder - main project[sample_test]'s web root child direcotry creation task end
08:25:00.846 [main] INFO  k.p.s.c.buildsystem.ProjectBuilder - main project[sample_test]'s web root sample files creation task start
08:25:00.846 [main] INFO  k.p.s.c.buildsystem.ProjectBuilder - main project[sample_test]'s web root sample files copy task start
08:25:00.852 [main] INFO  k.p.s.c.buildsystem.ProjectBuilder - main project[sample_test]'s web root sample files copy task end
08:25:00.852 [main] INFO  k.p.s.c.buildsystem.ProjectBuilder - main project[sample_test]'s web root sample files creation task end
08:25:00.852 [main] INFO  k.p.s.c.buildsystem.ProjectBuilder - main project[sample_test]'s config file overwrite task start
08:25:00.852 [main] INFO  k.p.s.c.buildsystem.ProjectBuilder - main project[sample_test]'s config file overwrite task end
08:25:00.852 [main] INFO  k.p.s.c.buildsystem.ProjectBuilder - main project[sample_test] changeProjectState method end
08:25:00.884 [main] INFO  k.p.s.c.buildsystem.ProjectBuilder - main project[sample_test]'s child direcotry creation task start
08:25:00.884 [main] INFO  k.p.s.c.buildsystem.ProjectBuilder - main project[sample_test]'s common child direcotry creation task start
08:25:00.884 [main] INFO  k.p.s.common.util.CommonStaticUtil - the new child relative direcotry[D:\gitsinnori\sinnori\project\sample_test][config] was created successfully
08:25:00.884 [main] INFO  k.p.s.common.util.CommonStaticUtil - the new child relative direcotry[D:\gitsinnori\sinnori\project\sample_test][resources/dbcp] was created successfully
08:25:00.884 [main] INFO  k.p.s.common.util.CommonStaticUtil - the new child relative direcotry[D:\gitsinnori\sinnori\project\sample_test][resources/message_info] was created successfully
08:25:00.884 [main] INFO  k.p.s.common.util.CommonStaticUtil - the new child relative direcotry[D:\gitsinnori\sinnori\project\sample_test][resources/rsa_keypair] was created successfully
08:25:00.884 [main] INFO  k.p.s.common.util.CommonStaticUtil - the new child relative direcotry[D:\gitsinnori\sinnori\project\sample_test][log/apache] was created successfully
08:25:00.884 [main] INFO  k.p.s.common.util.CommonStaticUtil - the new child relative direcotry[D:\gitsinnori\sinnori\project\sample_test][log/client] was created successfully
08:25:00.884 [main] INFO  k.p.s.common.util.CommonStaticUtil - the new child relative direcotry[D:\gitsinnori\sinnori\project\sample_test][log/server] was created successfully
08:25:00.884 [main] INFO  k.p.s.common.util.CommonStaticUtil - the new child relative direcotry[D:\gitsinnori\sinnori\project\sample_test][log/servlet] was created successfully
08:25:00.884 [main] INFO  k.p.s.c.buildsystem.ProjectBuilder - main project[sample_test]'s common child direcotry creation task end
08:25:00.884 [main] INFO  k.p.s.c.buildsystem.ProjectBuilder - main project[sample_test]'s web build child direcotry creation task start
08:25:00.884 [main] INFO  k.p.s.common.util.CommonStaticUtil - the new child relative direcotry[D:\gitsinnori\sinnori\project\sample_test][client_build/web_build/corelib/ex] was created successfully
08:25:00.899 [main] INFO  k.p.s.common.util.CommonStaticUtil - the new child relative direcotry[D:\gitsinnori\sinnori\project\sample_test][client_build/web_build/corelib/in] was created successfully
08:25:00.899 [main] INFO  k.p.s.common.util.CommonStaticUtil - the new child relative direcotry[D:\gitsinnori\sinnori\project\sample_test][client_build/web_build/lib/main/ex] was created successfully
08:25:00.899 [main] INFO  k.p.s.common.util.CommonStaticUtil - the new child relative direcotry[D:\gitsinnori\sinnori\project\sample_test][client_build/web_build/lib/main/in] was created successfully
08:25:00.899 [main] INFO  k.p.s.common.util.CommonStaticUtil - the new child relative direcotry[D:\gitsinnori\sinnori\project\sample_test][client_build/web_build/lib/test] was created successfully
08:25:00.899 [main] INFO  k.p.s.common.util.CommonStaticUtil - the new child relative direcotry[D:\gitsinnori\sinnori\project\sample_test][client_build/web_build/src/main/java/kr/pe/sinnori/impl/message] was created successfully
08:25:00.899 [main] INFO  k.p.s.common.util.CommonStaticUtil - the new child relative direcotry[D:\gitsinnori\sinnori\project\sample_test][client_build/web_build/src/main/java//kr/pe/sinnori/servlet] was created successfully
08:25:00.899 [main] INFO  k.p.s.common.util.CommonStaticUtil - the new child relative direcotry[D:\gitsinnori\sinnori\project\sample_test][client_build/web_build/src/main/java/kr/pe/sinnori/weblib/common] was created successfully
08:25:00.899 [main] INFO  k.p.s.common.util.CommonStaticUtil - the new child relative direcotry[D:\gitsinnori\sinnori\project\sample_test][client_build/web_build/src/main/java/kr/pe/sinnori/weblib/htmlstring] was created successfully
08:25:00.899 [main] INFO  k.p.s.common.util.CommonStaticUtil - the new child relative direcotry[D:\gitsinnori\sinnori\project\sample_test][client_build/web_build/src/main/java/kr/pe/sinnori/weblib/jdf] was created successfully
08:25:00.899 [main] INFO  k.p.s.common.util.CommonStaticUtil - the new child relative direcotry[D:\gitsinnori\sinnori\project\sample_test][client_build/web_build/src/test/java] was created successfully
08:25:00.899 [main] INFO  k.p.s.common.util.CommonStaticUtil - the new child relative direcotry[D:\gitsinnori\sinnori\project\sample_test][client_build/web_build/build] was created successfully
08:25:00.899 [main] INFO  k.p.s.common.util.CommonStaticUtil - the new child relative direcotry[D:\gitsinnori\sinnori\project\sample_test][client_build/web_build/dist] was created successfully
08:25:00.899 [main] INFO  k.p.s.c.buildsystem.ProjectBuilder - main project[sample_test]'s web build child direcotry creation task end
08:25:00.899 [main] INFO  k.p.s.c.buildsystem.ProjectBuilder - main project[sample_test]'s web root child direcotry creation task start
08:25:00.899 [main] INFO  k.p.s.common.util.CommonStaticUtil - the new child relative direcotry[D:\gitsinnori\sinnori\project\sample_test][web_app_base/upload] was created successfully
08:25:00.899 [main] INFO  k.p.s.common.util.CommonStaticUtil - the new child relative direcotry[D:\gitsinnori\sinnori\project\sample_test][web_app_base/ROOT/WEB-INF/classes] was created successfully
08:25:00.899 [main] INFO  k.p.s.common.util.CommonStaticUtil - the new child relative direcotry[D:\gitsinnori\sinnori\project\sample_test][web_app_base/ROOT/WEB-INF/lib] was created successfully
08:25:00.899 [main] INFO  k.p.s.c.buildsystem.ProjectBuilder - main project[sample_test]'s web root child direcotry creation task end
08:25:00.899 [main] INFO  k.p.s.c.buildsystem.ProjectBuilder - main project[sample_test]'s child direcotry creation task end
08:25:00.899 [main] INFO  k.p.s.c.buildsystem.ProjectBuilder - main project[sample_test]'s file creation task start
08:25:00.899 [main] INFO  k.p.s.c.buildsystem.ProjectBuilder - main project[sample_test]'s config file creation task start
08:25:00.899 [main] INFO  k.p.s.c.util.SequencedPropertiesUtil - the sequenced properties file[D:\gitsinnori\sinnori\project\sample_test\config\sinnori.properties] was created
08:25:00.899 [main] INFO  k.p.s.c.buildsystem.ProjectBuilder - main project[sample_test]'s config file creation task end
08:25:00.899 [main] INFO  k.p.s.c.buildsystem.ProjectBuilder - the mainproject[sample_test]'s resources directory copy task start
08:25:00.915 [main] INFO  k.p.s.c.buildsystem.ProjectBuilder - the mainproject[sample_test]'s resources directory copy task end
08:25:00.915 [main] INFO  k.p.s.c.buildsystem.ProjectBuilder - main project[sample_test]'s web client build system files creation task start
08:25:00.915 [main] INFO  k.p.s.c.buildsystem.ProjectBuilder - main project[sample_test]'s web client ant build.xml file creation task start
08:25:00.930 [main] INFO  k.p.s.c.buildsystem.ProjectBuilder - main project[sample_test]'s web client ant build.xml file creation task end
08:25:00.930 [main] INFO  k.p.s.c.buildsystem.ProjectBuilder - main project[sample_test]'s web client ant properties file creation task start
08:25:00.930 [main] INFO  k.p.s.c.util.SequencedPropertiesUtil - the sequenced properties file[D:\gitsinnori\sinnori\project\sample_test\client_build\web_build\webAnt.properties] was created
08:25:00.930 [main] INFO  k.p.s.c.buildsystem.ProjectBuilder - main project[sample_test]'s web client ant properties file creation task end
08:25:00.930 [main] INFO  k.p.s.c.buildsystem.ProjectBuilder - main project[sample_test]'s web client message io file set creation task start
08:25:00.930 [main] INFO  k.p.s.common.util.CommonStaticUtil - the new child relative direcotry[D:\gitsinnori\sinnori\project\sample_test\client_build\web_build\src\main\java\kr\pe\sinnori\impl\message][Echo] was created successfully
08:25:00.930 [main] INFO  k.p.s.c.buildsystem.ProjectBuilder - main project[sample_test]'s message file[Echo][D:\gitsinnori\sinnori\project\sample_test\client_build\web_build\src\main\java\kr\pe\sinnori\impl\message] creation task start
08:25:00.930 [main] INFO  k.p.s.c.buildsystem.ProjectBuilder - main project[sample_test]'s message file[Echo][D:\gitsinnori\sinnori\project\sample_test\client_build\web_build\src\main\java\kr\pe\sinnori\impl\message] creation task end
08:25:01.015 [main] INFO  k.p.s.c.buildsystem.ProjectBuilder - main project[sample_test]'s message decoder file[Echo][D:\gitsinnori\sinnori\project\sample_test\client_build\web_build\src\main\java\kr\pe\sinnori\impl\message] creation task start
08:25:01.015 [main] INFO  k.p.s.c.buildsystem.ProjectBuilder - main project[sample_test]'s message decoder file[Echo][D:\gitsinnori\sinnori\project\sample_test\client_build\web_build\src\main\java\kr\pe\sinnori\impl\message] creation task end
08:25:01.015 [main] INFO  k.p.s.c.buildsystem.ProjectBuilder - main project[sample_test]'s message encoder file[Echo][D:\gitsinnori\sinnori\project\sample_test\client_build\web_build\src\main\java\kr\pe\sinnori\impl\message] creation task start
08:25:01.030 [main] INFO  k.p.s.c.buildsystem.ProjectBuilder - main project[sample_test]'s message encoder file[Echo][D:\gitsinnori\sinnori\project\sample_test\client_build\web_build\src\main\java\kr\pe\sinnori\impl\message] creation task end
08:25:01.030 [main] INFO  k.p.s.c.buildsystem.ProjectBuilder - main project[sample_test]'s message server codec file[Echo][D:\gitsinnori\sinnori\project\sample_test\client_build\web_build\src\main\java\kr\pe\sinnori\impl\message] creation task start
08:25:01.030 [main] INFO  k.p.s.c.buildsystem.ProjectBuilder - main project[sample_test]'s message server codec file[Echo][D:\gitsinnori\sinnori\project\sample_test\client_build\web_build\src\main\java\kr\pe\sinnori\impl\message] creation task end
08:25:01.030 [main] INFO  k.p.s.c.buildsystem.ProjectBuilder - main project[sample_test]'s message client codec file[Echo][D:\gitsinnori\sinnori\project\sample_test\client_build\web_build\src\main\java\kr\pe\sinnori\impl\message] creation task start
08:25:01.030 [main] INFO  k.p.s.c.buildsystem.ProjectBuilder - main project[sample_test]'s message client codec file[Echo][D:\gitsinnori\sinnori\project\sample_test\client_build\web_build\src\main\java\kr\pe\sinnori\impl\message] creation task end
08:25:01.030 [main] INFO  k.p.s.common.util.CommonStaticUtil - the new child relative direcotry[D:\gitsinnori\sinnori\project\sample_test\client_build\web_build\src\main\java\kr\pe\sinnori\impl\message][PublicKeyReq] was created successfully
08:25:01.030 [main] INFO  k.p.s.c.buildsystem.ProjectBuilder - main project[sample_test]'s message file[PublicKeyReq][D:\gitsinnori\sinnori\project\sample_test\client_build\web_build\src\main\java\kr\pe\sinnori\impl\message] creation task start
08:25:01.049 [main] INFO  k.p.s.c.buildsystem.ProjectBuilder - main project[sample_test]'s message file[PublicKeyReq][D:\gitsinnori\sinnori\project\sample_test\client_build\web_build\src\main\java\kr\pe\sinnori\impl\message] creation task end
08:25:01.049 [main] INFO  k.p.s.c.buildsystem.ProjectBuilder - main project[sample_test]'s message decoder file[PublicKeyReq][D:\gitsinnori\sinnori\project\sample_test\client_build\web_build\src\main\java\kr\pe\sinnori\impl\message] creation task start
08:25:01.053 [main] INFO  k.p.s.c.buildsystem.ProjectBuilder - main project[sample_test]'s message decoder file[PublicKeyReq][D:\gitsinnori\sinnori\project\sample_test\client_build\web_build\src\main\java\kr\pe\sinnori\impl\message] creation task end
08:25:01.053 [main] INFO  k.p.s.c.buildsystem.ProjectBuilder - main project[sample_test]'s message encoder file[PublicKeyReq][D:\gitsinnori\sinnori\project\sample_test\client_build\web_build\src\main\java\kr\pe\sinnori\impl\message] creation task start
08:25:01.053 [main] INFO  k.p.s.c.buildsystem.ProjectBuilder - main project[sample_test]'s message encoder file[PublicKeyReq][D:\gitsinnori\sinnori\project\sample_test\client_build\web_build\src\main\java\kr\pe\sinnori\impl\message] creation task end
08:25:01.053 [main] INFO  k.p.s.c.buildsystem.ProjectBuilder - main project[sample_test]'s message server codec file[PublicKeyReq][D:\gitsinnori\sinnori\project\sample_test\client_build\web_build\src\main\java\kr\pe\sinnori\impl\message] creation task start
08:25:01.053 [main] INFO  k.p.s.c.buildsystem.ProjectBuilder - main project[sample_test]'s message server codec file[PublicKeyReq][D:\gitsinnori\sinnori\project\sample_test\client_build\web_build\src\main\java\kr\pe\sinnori\impl\message] creation task end
08:25:01.053 [main] INFO  k.p.s.c.buildsystem.ProjectBuilder - main project[sample_test]'s message client codec file[PublicKeyReq][D:\gitsinnori\sinnori\project\sample_test\client_build\web_build\src\main\java\kr\pe\sinnori\impl\message] creation task start
08:25:01.053 [main] INFO  k.p.s.c.buildsystem.ProjectBuilder - main project[sample_test]'s message client codec file[PublicKeyReq][D:\gitsinnori\sinnori\project\sample_test\client_build\web_build\src\main\java\kr\pe\sinnori\impl\message] creation task end
08:25:01.053 [main] INFO  k.p.s.common.util.CommonStaticUtil - the new child relative direcotry[D:\gitsinnori\sinnori\project\sample_test\client_build\web_build\src\main\java\kr\pe\sinnori\impl\message][PublicKeyRes] was created successfully
08:25:01.053 [main] INFO  k.p.s.c.buildsystem.ProjectBuilder - main project[sample_test]'s message file[PublicKeyRes][D:\gitsinnori\sinnori\project\sample_test\client_build\web_build\src\main\java\kr\pe\sinnori\impl\message] creation task start
08:25:01.053 [main] INFO  k.p.s.c.buildsystem.ProjectBuilder - main project[sample_test]'s message file[PublicKeyRes][D:\gitsinnori\sinnori\project\sample_test\client_build\web_build\src\main\java\kr\pe\sinnori\impl\message] creation task end
08:25:01.053 [main] INFO  k.p.s.c.buildsystem.ProjectBuilder - main project[sample_test]'s message decoder file[PublicKeyRes][D:\gitsinnori\sinnori\project\sample_test\client_build\web_build\src\main\java\kr\pe\sinnori\impl\message] creation task start
08:25:01.068 [main] INFO  k.p.s.c.buildsystem.ProjectBuilder - main project[sample_test]'s message decoder file[PublicKeyRes][D:\gitsinnori\sinnori\project\sample_test\client_build\web_build\src\main\java\kr\pe\sinnori\impl\message] creation task end
08:25:01.068 [main] INFO  k.p.s.c.buildsystem.ProjectBuilder - main project[sample_test]'s message encoder file[PublicKeyRes][D:\gitsinnori\sinnori\project\sample_test\client_build\web_build\src\main\java\kr\pe\sinnori\impl\message] creation task start
08:25:01.068 [main] INFO  k.p.s.c.buildsystem.ProjectBuilder - main project[sample_test]'s message encoder file[PublicKeyRes][D:\gitsinnori\sinnori\project\sample_test\client_build\web_build\src\main\java\kr\pe\sinnori\impl\message] creation task end
08:25:01.068 [main] INFO  k.p.s.c.buildsystem.ProjectBuilder - main project[sample_test]'s message server codec file[PublicKeyRes][D:\gitsinnori\sinnori\project\sample_test\client_build\web_build\src\main\java\kr\pe\sinnori\impl\message] creation task start
08:25:01.068 [main] INFO  k.p.s.c.buildsystem.ProjectBuilder - main project[sample_test]'s message server codec file[PublicKeyRes][D:\gitsinnori\sinnori\project\sample_test\client_build\web_build\src\main\java\kr\pe\sinnori\impl\message] creation task end
08:25:01.068 [main] INFO  k.p.s.c.buildsystem.ProjectBuilder - main project[sample_test]'s message client codec file[PublicKeyRes][D:\gitsinnori\sinnori\project\sample_test\client_build\web_build\src\main\java\kr\pe\sinnori\impl\message] creation task start
08:25:01.068 [main] INFO  k.p.s.c.buildsystem.ProjectBuilder - main project[sample_test]'s message client codec file[PublicKeyRes][D:\gitsinnori\sinnori\project\sample_test\client_build\web_build\src\main\java\kr\pe\sinnori\impl\message] creation task end
08:25:01.068 [main] INFO  k.p.s.c.buildsystem.ProjectBuilder - main project[sample_test]'s web client message io file set creation task end
08:25:01.068 [main] INFO  k.p.s.c.buildsystem.ProjectBuilder - mainproject[sample_test]'s web client sample source files copy task start
08:25:01.131 [main] INFO  k.p.s.c.buildsystem.ProjectBuilder - mainproject[sample_test]'s web client sample source files copy task end
08:25:01.131 [main] INFO  k.p.s.c.buildsystem.ProjectBuilder - main project[sample_test]'s web client build system files creation task end
08:25:01.131 [main] INFO  k.p.s.c.buildsystem.ProjectBuilder - main project[sample_test]'s web root sample files creation task start
08:25:01.131 [main] INFO  k.p.s.c.buildsystem.ProjectBuilder - main project[sample_test]'s web root sample files copy task start
08:25:01.131 [main] INFO  k.p.s.c.buildsystem.ProjectBuilder - main project[sample_test]'s web root sample files copy task end
08:25:01.131 [main] INFO  k.p.s.c.buildsystem.ProjectBuilder - main project[sample_test]'s web root sample files creation task end
08:25:01.131 [main] INFO  k.p.s.c.buildsystem.ProjectBuilder - main project[sample_test]'s file creation task end
08:25:01.131 [main] INFO  k.p.s.c.config.SinnoriConfiguration - item key[sessionkey.rsa.publickey.file.value]'s value is null because its status is inactive
08:25:01.131 [main] INFO  k.p.s.c.config.SinnoriConfiguration - item key[sessionkey.rsa.privatekey.file.value]'s value is null because its status is inactive
08:25:01.131 [main] INFO  k.p.s.c.buildsystem.ProjectBuilder - main project[sample_test] changeProjectState method start
08:25:01.131 [main] INFO  k.p.s.c.buildsystem.ProjectBuilder - the server ant build.xml file[D:\gitsinnori\sinnori\project\sample_test\server_build\build.xml] is bad :: whetherExist[false] isFile[false]
08:25:01.131 [main] WARN  k.p.s.c.buildsystem.ProjectBuilder - the server buid.xml file[D:\gitsinnori\sinnori\project\sample_test\server_build\build.xml] is bad beacse it doesn't exist or is not a file, so skip deletion of server build system
08:25:01.131 [main] INFO  k.p.s.c.buildsystem.ProjectBuilder - the app client ant build.xml file[D:\gitsinnori\sinnori\project\sample_test\client_build\app_build\build.xml] is bad :: whetherExist[false] isFile[false]
08:25:01.131 [main] WARN  k.p.s.c.buildsystem.ProjectBuilder - the app client buid.xml file[D:\gitsinnori\sinnori\project\sample_test\client_build\app_build\build.xml] is bad beacse it doesn't exist or is not a file, so skip deletion of app client build system
08:25:01.131 [main] INFO  k.p.s.c.buildsystem.ProjectBuilder - main project[sample_test]'s web client ant properties file modification task start
08:25:01.131 [main] INFO  k.p.s.c.buildsystem.ProjectBuilder - main project[sample_test]'s web client ant properties file modification task end
08:25:01.168 [main] WARN  k.p.s.c.buildsystem.ProjectBuilder - the web client build path[D:\gitsinnori\sinnori\project\sample_test\client_build\web_build] exists, so only the web client's ant properties including servlet system library path  was updated for new servletSystemLibraryPathString[D:\apache-tomcat-8.5.15\lib]
08:25:01.168 [main] WARN  k.p.s.c.buildsystem.ProjectBuilder - the web root path[D:\gitsinnori\sinnori\project\sample_test\web_app_base\ROOT] exists, so skip creation of web root
08:25:01.168 [main] INFO  k.p.s.c.buildsystem.ProjectBuilder - main project[sample_test]'s config file overwrite task start
08:25:01.168 [main] INFO  k.p.s.c.buildsystem.ProjectBuilder - main project[sample_test]'s config file overwrite task end
08:25:01.168 [main] INFO  k.p.s.c.buildsystem.ProjectBuilder - main project[sample_test] changeProjectState method end
08:25:01.168 [main] INFO  k.p.s.c.buildsystem.ProjectBuilder - the server ant build.xml file[D:\gitsinnori\sinnori\project\sample_test\server_build\build.xml] is bad :: whetherExist[false] isFile[false]
08:25:01.168 [main] INFO  k.p.s.c.buildsystem.ProjectBuilder - the app client ant build.xml file[D:\gitsinnori\sinnori\project\sample_test\client_build\app_build\build.xml] is bad :: whetherExist[false] isFile[false]
08:25:01.168 [main] INFO  k.p.s.c.buildsystem.ProjectBuilder - main project[sample_test] changeProjectState method start
08:25:01.168 [main] INFO  k.p.s.c.buildsystem.ProjectBuilder - the server ant build.xml file[D:\gitsinnori\sinnori\project\sample_test\server_build\build.xml] is bad :: whetherExist[false] isFile[false]
08:25:01.168 [main] WARN  k.p.s.c.buildsystem.ProjectBuilder - the server buid.xml file[D:\gitsinnori\sinnori\project\sample_test\server_build\build.xml] is bad beacse it doesn't exist or is not a file, so skip deletion of server build system
08:25:01.168 [main] INFO  k.p.s.c.buildsystem.ProjectBuilder - main project[sample_test]'s application build child direcotry creation task start
08:25:01.168 [main] INFO  k.p.s.common.util.CommonStaticUtil - the new child relative direcotry[D:\gitsinnori\sinnori\project\sample_test][client_build/app_build/corelib/ex] was created successfully
08:25:01.168 [main] INFO  k.p.s.common.util.CommonStaticUtil - the new child relative direcotry[D:\gitsinnori\sinnori\project\sample_test][client_build/app_build/corelib/in] was created successfully
08:25:01.168 [main] INFO  k.p.s.common.util.CommonStaticUtil - the new child relative direcotry[D:\gitsinnori\sinnori\project\sample_test][client_build/app_build/lib/main/ex] was created successfully
08:25:01.168 [main] INFO  k.p.s.common.util.CommonStaticUtil - the new child relative direcotry[D:\gitsinnori\sinnori\project\sample_test][client_build/app_build/lib/main/in] was created successfully
08:25:01.168 [main] INFO  k.p.s.common.util.CommonStaticUtil - the new child relative direcotry[D:\gitsinnori\sinnori\project\sample_test][client_build/app_build/lib/test] was created successfully
08:25:01.168 [main] INFO  k.p.s.common.util.CommonStaticUtil - the new child relative direcotry[D:\gitsinnori\sinnori\project\sample_test][client_build/app_build/src/main/java/kr/pe/sinnori/impl/message] was created successfully
08:25:01.168 [main] INFO  k.p.s.common.util.CommonStaticUtil - the new child relative direcotry[D:\gitsinnori\sinnori\project\sample_test][client_build/app_build/src/main/java/main] was created successfully
08:25:01.168 [main] INFO  k.p.s.common.util.CommonStaticUtil - the new child relative direcotry[D:\gitsinnori\sinnori\project\sample_test][client_build/app_build/src/test/java] was created successfully
08:25:01.168 [main] INFO  k.p.s.common.util.CommonStaticUtil - the new child relative direcotry[D:\gitsinnori\sinnori\project\sample_test][client_build/app_build/build] was created successfully
08:25:01.168 [main] INFO  k.p.s.common.util.CommonStaticUtil - the new child relative direcotry[D:\gitsinnori\sinnori\project\sample_test][client_build/app_build/dist] was created successfully
08:25:01.168 [main] INFO  k.p.s.c.buildsystem.ProjectBuilder - main project[sample_test]'s application build child direcotry creation task end
08:25:01.168 [main] INFO  k.p.s.c.buildsystem.ProjectBuilder - mainproject[sample_test]'s application client build system files creation task start
08:25:01.168 [main] INFO  k.p.s.c.buildsystem.ProjectBuilder - main project[sample_test]'s application client ant build.xml file creation task start
08:25:01.168 [main] INFO  k.p.s.c.buildsystem.ProjectBuilder - main project[sample_test]'s application client ant build.xml file creation task end
08:25:01.168 [main] INFO  k.p.s.c.buildsystem.ProjectBuilder - main project[sample_test]'s application client dos shell file creation task start
08:25:01.184 [main] INFO  k.p.s.c.buildsystem.ProjectBuilder - main project[sample_test]'s application client dos shell file creation task end
08:25:01.184 [main] INFO  k.p.s.c.buildsystem.ProjectBuilder - main project[sample_test]'s application client unix shell file creation task start
08:25:01.184 [main] INFO  k.p.s.c.buildsystem.ProjectBuilder - main project[sample_test]'s application client unix shell file creation task end
08:25:01.184 [main] INFO  k.p.s.c.buildsystem.ProjectBuilder - application client sample source files copy task start
08:25:01.184 [main] INFO  k.p.s.c.buildsystem.ProjectBuilder - application client sample source files copy task end
08:25:01.184 [main] INFO  k.p.s.c.buildsystem.ProjectBuilder - main project[sample_test]'s application client message io file set creation task start
08:25:01.184 [main] INFO  k.p.s.common.util.CommonStaticUtil - the new child relative direcotry[D:\gitsinnori\sinnori\project\sample_test\client_build\app_build\src\main\java\kr\pe\sinnori\impl\message][Echo] was created successfully
08:25:01.184 [main] INFO  k.p.s.c.buildsystem.ProjectBuilder - main project[sample_test]'s message file[Echo][D:\gitsinnori\sinnori\project\sample_test\client_build\app_build\src\main\java\kr\pe\sinnori\impl\message] creation task start
08:25:01.184 [main] INFO  k.p.s.c.buildsystem.ProjectBuilder - main project[sample_test]'s message file[Echo][D:\gitsinnori\sinnori\project\sample_test\client_build\app_build\src\main\java\kr\pe\sinnori\impl\message] creation task end
08:25:01.184 [main] INFO  k.p.s.c.buildsystem.ProjectBuilder - main project[sample_test]'s message decoder file[Echo][D:\gitsinnori\sinnori\project\sample_test\client_build\app_build\src\main\java\kr\pe\sinnori\impl\message] creation task start
08:25:01.184 [main] INFO  k.p.s.c.buildsystem.ProjectBuilder - main project[sample_test]'s message decoder file[Echo][D:\gitsinnori\sinnori\project\sample_test\client_build\app_build\src\main\java\kr\pe\sinnori\impl\message] creation task end
08:25:01.184 [main] INFO  k.p.s.c.buildsystem.ProjectBuilder - main project[sample_test]'s message encoder file[Echo][D:\gitsinnori\sinnori\project\sample_test\client_build\app_build\src\main\java\kr\pe\sinnori\impl\message] creation task start
08:25:01.200 [main] INFO  k.p.s.c.buildsystem.ProjectBuilder - main project[sample_test]'s message encoder file[Echo][D:\gitsinnori\sinnori\project\sample_test\client_build\app_build\src\main\java\kr\pe\sinnori\impl\message] creation task end
08:25:01.284 [main] INFO  k.p.s.c.buildsystem.ProjectBuilder - main project[sample_test]'s message server codec file[Echo][D:\gitsinnori\sinnori\project\sample_test\client_build\app_build\src\main\java\kr\pe\sinnori\impl\message] creation task start
08:25:01.284 [main] INFO  k.p.s.c.buildsystem.ProjectBuilder - main project[sample_test]'s message server codec file[Echo][D:\gitsinnori\sinnori\project\sample_test\client_build\app_build\src\main\java\kr\pe\sinnori\impl\message] creation task end
08:25:01.284 [main] INFO  k.p.s.c.buildsystem.ProjectBuilder - main project[sample_test]'s message client codec file[Echo][D:\gitsinnori\sinnori\project\sample_test\client_build\app_build\src\main\java\kr\pe\sinnori\impl\message] creation task start
08:25:01.284 [main] INFO  k.p.s.c.buildsystem.ProjectBuilder - main project[sample_test]'s message client codec file[Echo][D:\gitsinnori\sinnori\project\sample_test\client_build\app_build\src\main\java\kr\pe\sinnori\impl\message] creation task end
08:25:01.284 [main] INFO  k.p.s.common.util.CommonStaticUtil - the new child relative direcotry[D:\gitsinnori\sinnori\project\sample_test\client_build\app_build\src\main\java\kr\pe\sinnori\impl\message][PublicKeyReq] was created successfully
08:25:01.284 [main] INFO  k.p.s.c.buildsystem.ProjectBuilder - main project[sample_test]'s message file[PublicKeyReq][D:\gitsinnori\sinnori\project\sample_test\client_build\app_build\src\main\java\kr\pe\sinnori\impl\message] creation task start
08:25:01.284 [main] INFO  k.p.s.c.buildsystem.ProjectBuilder - main project[sample_test]'s message file[PublicKeyReq][D:\gitsinnori\sinnori\project\sample_test\client_build\app_build\src\main\java\kr\pe\sinnori\impl\message] creation task end
08:25:01.284 [main] INFO  k.p.s.c.buildsystem.ProjectBuilder - main project[sample_test]'s message decoder file[PublicKeyReq][D:\gitsinnori\sinnori\project\sample_test\client_build\app_build\src\main\java\kr\pe\sinnori\impl\message] creation task start
08:25:01.299 [main] INFO  k.p.s.c.buildsystem.ProjectBuilder - main project[sample_test]'s message decoder file[PublicKeyReq][D:\gitsinnori\sinnori\project\sample_test\client_build\app_build\src\main\java\kr\pe\sinnori\impl\message] creation task end
08:25:01.299 [main] INFO  k.p.s.c.buildsystem.ProjectBuilder - main project[sample_test]'s message encoder file[PublicKeyReq][D:\gitsinnori\sinnori\project\sample_test\client_build\app_build\src\main\java\kr\pe\sinnori\impl\message] creation task start
08:25:01.299 [main] INFO  k.p.s.c.buildsystem.ProjectBuilder - main project[sample_test]'s message encoder file[PublicKeyReq][D:\gitsinnori\sinnori\project\sample_test\client_build\app_build\src\main\java\kr\pe\sinnori\impl\message] creation task end
08:25:01.299 [main] INFO  k.p.s.c.buildsystem.ProjectBuilder - main project[sample_test]'s message server codec file[PublicKeyReq][D:\gitsinnori\sinnori\project\sample_test\client_build\app_build\src\main\java\kr\pe\sinnori\impl\message] creation task start
08:25:01.299 [main] INFO  k.p.s.c.buildsystem.ProjectBuilder - main project[sample_test]'s message server codec file[PublicKeyReq][D:\gitsinnori\sinnori\project\sample_test\client_build\app_build\src\main\java\kr\pe\sinnori\impl\message] creation task end
08:25:01.299 [main] INFO  k.p.s.c.buildsystem.ProjectBuilder - main project[sample_test]'s message client codec file[PublicKeyReq][D:\gitsinnori\sinnori\project\sample_test\client_build\app_build\src\main\java\kr\pe\sinnori\impl\message] creation task start
08:25:01.299 [main] INFO  k.p.s.c.buildsystem.ProjectBuilder - main project[sample_test]'s message client codec file[PublicKeyReq][D:\gitsinnori\sinnori\project\sample_test\client_build\app_build\src\main\java\kr\pe\sinnori\impl\message] creation task end
08:25:01.299 [main] INFO  k.p.s.common.util.CommonStaticUtil - the new child relative direcotry[D:\gitsinnori\sinnori\project\sample_test\client_build\app_build\src\main\java\kr\pe\sinnori\impl\message][PublicKeyRes] was created successfully
08:25:01.299 [main] INFO  k.p.s.c.buildsystem.ProjectBuilder - main project[sample_test]'s message file[PublicKeyRes][D:\gitsinnori\sinnori\project\sample_test\client_build\app_build\src\main\java\kr\pe\sinnori\impl\message] creation task start
08:25:01.315 [main] INFO  k.p.s.c.buildsystem.ProjectBuilder - main project[sample_test]'s message file[PublicKeyRes][D:\gitsinnori\sinnori\project\sample_test\client_build\app_build\src\main\java\kr\pe\sinnori\impl\message] creation task end
08:25:01.315 [main] INFO  k.p.s.c.buildsystem.ProjectBuilder - main project[sample_test]'s message decoder file[PublicKeyRes][D:\gitsinnori\sinnori\project\sample_test\client_build\app_build\src\main\java\kr\pe\sinnori\impl\message] creation task start
08:25:01.315 [main] INFO  k.p.s.c.buildsystem.ProjectBuilder - main project[sample_test]'s message decoder file[PublicKeyRes][D:\gitsinnori\sinnori\project\sample_test\client_build\app_build\src\main\java\kr\pe\sinnori\impl\message] creation task end
08:25:01.315 [main] INFO  k.p.s.c.buildsystem.ProjectBuilder - main project[sample_test]'s message encoder file[PublicKeyRes][D:\gitsinnori\sinnori\project\sample_test\client_build\app_build\src\main\java\kr\pe\sinnori\impl\message] creation task start
08:25:01.330 [main] INFO  k.p.s.c.buildsystem.ProjectBuilder - main project[sample_test]'s message encoder file[PublicKeyRes][D:\gitsinnori\sinnori\project\sample_test\client_build\app_build\src\main\java\kr\pe\sinnori\impl\message] creation task end
08:25:01.330 [main] INFO  k.p.s.c.buildsystem.ProjectBuilder - main project[sample_test]'s message server codec file[PublicKeyRes][D:\gitsinnori\sinnori\project\sample_test\client_build\app_build\src\main\java\kr\pe\sinnori\impl\message] creation task start
08:25:01.330 [main] INFO  k.p.s.c.buildsystem.ProjectBuilder - main project[sample_test]'s message server codec file[PublicKeyRes][D:\gitsinnori\sinnori\project\sample_test\client_build\app_build\src\main\java\kr\pe\sinnori\impl\message] creation task end
08:25:01.330 [main] INFO  k.p.s.c.buildsystem.ProjectBuilder - main project[sample_test]'s message client codec file[PublicKeyRes][D:\gitsinnori\sinnori\project\sample_test\client_build\app_build\src\main\java\kr\pe\sinnori\impl\message] creation task start
08:25:01.330 [main] INFO  k.p.s.c.buildsystem.ProjectBuilder - main project[sample_test]'s message client codec file[PublicKeyRes][D:\gitsinnori\sinnori\project\sample_test\client_build\app_build\src\main\java\kr\pe\sinnori\impl\message] creation task end
08:25:01.330 [main] INFO  k.p.s.c.buildsystem.ProjectBuilder - main project[sample_test]'s application client message io file set creation task end
08:25:01.330 [main] INFO  k.p.s.c.buildsystem.ProjectBuilder - mainproject[sample_test]'s application client build system files creation task end
08:25:01.330 [main] INFO  k.p.s.c.buildsystem.ProjectBuilder - main project[sample_test]'s web client build path deletion task start
08:25:01.352 [main] INFO  k.p.s.c.buildsystem.ProjectBuilder - main project[sample_test]'s web client build path deletion task end
08:25:01.352 [main] INFO  k.p.s.c.buildsystem.ProjectBuilder - main project[sample_test]'s web root path deletion task start
08:25:01.352 [main] INFO  k.p.s.c.buildsystem.ProjectBuilder - main project[sample_test]'s web root path deletion task end
08:25:01.352 [main] INFO  k.p.s.c.buildsystem.ProjectBuilder - main project[sample_test]'s config file overwrite task start
08:25:01.352 [main] INFO  k.p.s.c.buildsystem.ProjectBuilder - main project[sample_test]'s config file overwrite task end
08:25:01.352 [main] INFO  k.p.s.c.buildsystem.ProjectBuilder - main project[sample_test] changeProjectState method end
08:25:01.352 [main] INFO  k.p.s.c.buildsystem.ProjectBuilder - the server ant build.xml file[D:\gitsinnori\sinnori\project\sample_test\server_build\build.xml] is bad :: whetherExist[false] isFile[false]
08:25:01.352 [main] INFO  k.p.s.c.buildsystem.ProjectBuilder - the web client ant build.xml file[D:\gitsinnori\sinnori\project\sample_test\client_build\web_build\build.xml] is bad :: whetherExist[false] isFile[false]
08:25:01.352 [main] INFO  k.p.s.c.buildsystem.ProjectBuilder - the web.xml file[D:\gitsinnori\sinnori\project\sample_test\web_app_base\ROOT\WEB-INF\web.xml] located at web root directory is bad :: whetherExist[false] isFile[false]
08:25:01.352 [main] INFO  k.p.s.c.buildsystem.ProjectBuilder - main project[sample_test] changeProjectState method start
08:25:01.352 [main] INFO  k.p.s.c.buildsystem.ProjectBuilder - the server ant build.xml file[D:\gitsinnori\sinnori\project\sample_test\server_build\build.xml] is bad :: whetherExist[false] isFile[false]
08:25:01.352 [main] WARN  k.p.s.c.buildsystem.ProjectBuilder - the server buid.xml file[D:\gitsinnori\sinnori\project\sample_test\server_build\build.xml] is bad beacse it doesn't exist or is not a file, so skip deletion of server build system
08:25:01.352 [main] WARN  k.p.s.c.buildsystem.ProjectBuilder - the app client build path[D:\gitsinnori\sinnori\project\sample_test\client_build\app_build] exist, so skip creation of app client build system
08:25:01.352 [main] INFO  k.p.s.c.buildsystem.ProjectBuilder - main project[sample_test]'s web build child direcotry creation task start
08:25:01.352 [main] INFO  k.p.s.common.util.CommonStaticUtil - the new child relative direcotry[D:\gitsinnori\sinnori\project\sample_test][client_build/web_build/corelib/ex] was created successfully
08:25:01.352 [main] INFO  k.p.s.common.util.CommonStaticUtil - the new child relative direcotry[D:\gitsinnori\sinnori\project\sample_test][client_build/web_build/corelib/in] was created successfully
08:25:01.352 [main] INFO  k.p.s.common.util.CommonStaticUtil - the new child relative direcotry[D:\gitsinnori\sinnori\project\sample_test][client_build/web_build/lib/main/ex] was created successfully
08:25:01.352 [main] INFO  k.p.s.common.util.CommonStaticUtil - the new child relative direcotry[D:\gitsinnori\sinnori\project\sample_test][client_build/web_build/lib/main/in] was created successfully
08:25:01.352 [main] INFO  k.p.s.common.util.CommonStaticUtil - the new child relative direcotry[D:\gitsinnori\sinnori\project\sample_test][client_build/web_build/lib/test] was created successfully
08:25:01.352 [main] INFO  k.p.s.common.util.CommonStaticUtil - the new child relative direcotry[D:\gitsinnori\sinnori\project\sample_test][client_build/web_build/src/main/java/kr/pe/sinnori/impl/message] was created successfully
08:25:01.352 [main] INFO  k.p.s.common.util.CommonStaticUtil - the new child relative direcotry[D:\gitsinnori\sinnori\project\sample_test][client_build/web_build/src/main/java//kr/pe/sinnori/servlet] was created successfully
08:25:01.352 [main] INFO  k.p.s.common.util.CommonStaticUtil - the new child relative direcotry[D:\gitsinnori\sinnori\project\sample_test][client_build/web_build/src/main/java/kr/pe/sinnori/weblib/common] was created successfully
08:25:01.352 [main] INFO  k.p.s.common.util.CommonStaticUtil - the new child relative direcotry[D:\gitsinnori\sinnori\project\sample_test][client_build/web_build/src/main/java/kr/pe/sinnori/weblib/htmlstring] was created successfully
08:25:01.430 [main] INFO  k.p.s.common.util.CommonStaticUtil - the new child relative direcotry[D:\gitsinnori\sinnori\project\sample_test][client_build/web_build/src/main/java/kr/pe/sinnori/weblib/jdf] was created successfully
08:25:01.430 [main] INFO  k.p.s.common.util.CommonStaticUtil - the new child relative direcotry[D:\gitsinnori\sinnori\project\sample_test][client_build/web_build/src/test/java] was created successfully
08:25:01.430 [main] INFO  k.p.s.common.util.CommonStaticUtil - the new child relative direcotry[D:\gitsinnori\sinnori\project\sample_test][client_build/web_build/build] was created successfully
08:25:01.430 [main] INFO  k.p.s.common.util.CommonStaticUtil - the new child relative direcotry[D:\gitsinnori\sinnori\project\sample_test][client_build/web_build/dist] was created successfully
08:25:01.430 [main] INFO  k.p.s.c.buildsystem.ProjectBuilder - main project[sample_test]'s web build child direcotry creation task end
08:25:01.430 [main] INFO  k.p.s.c.buildsystem.ProjectBuilder - main project[sample_test]'s web client build system files creation task start
08:25:01.430 [main] INFO  k.p.s.c.buildsystem.ProjectBuilder - main project[sample_test]'s web client ant build.xml file creation task start
08:25:01.430 [main] INFO  k.p.s.c.buildsystem.ProjectBuilder - main project[sample_test]'s web client ant build.xml file creation task end
08:25:01.430 [main] INFO  k.p.s.c.buildsystem.ProjectBuilder - main project[sample_test]'s web client ant properties file creation task start
08:25:01.430 [main] INFO  k.p.s.c.util.SequencedPropertiesUtil - the sequenced properties file[D:\gitsinnori\sinnori\project\sample_test\client_build\web_build\webAnt.properties] was created
08:25:01.430 [main] INFO  k.p.s.c.buildsystem.ProjectBuilder - main project[sample_test]'s web client ant properties file creation task end
08:25:01.430 [main] INFO  k.p.s.c.buildsystem.ProjectBuilder - main project[sample_test]'s web client message io file set creation task start
08:25:01.430 [main] INFO  k.p.s.common.util.CommonStaticUtil - the new child relative direcotry[D:\gitsinnori\sinnori\project\sample_test\client_build\web_build\src\main\java\kr\pe\sinnori\impl\message][Echo] was created successfully
08:25:01.430 [main] INFO  k.p.s.c.buildsystem.ProjectBuilder - main project[sample_test]'s message file[Echo][D:\gitsinnori\sinnori\project\sample_test\client_build\web_build\src\main\java\kr\pe\sinnori\impl\message] creation task start
08:25:01.450 [main] INFO  k.p.s.c.buildsystem.ProjectBuilder - main project[sample_test]'s message file[Echo][D:\gitsinnori\sinnori\project\sample_test\client_build\web_build\src\main\java\kr\pe\sinnori\impl\message] creation task end
08:25:01.450 [main] INFO  k.p.s.c.buildsystem.ProjectBuilder - main project[sample_test]'s message decoder file[Echo][D:\gitsinnori\sinnori\project\sample_test\client_build\web_build\src\main\java\kr\pe\sinnori\impl\message] creation task start
08:25:01.453 [main] INFO  k.p.s.c.buildsystem.ProjectBuilder - main project[sample_test]'s message decoder file[Echo][D:\gitsinnori\sinnori\project\sample_test\client_build\web_build\src\main\java\kr\pe\sinnori\impl\message] creation task end
08:25:01.453 [main] INFO  k.p.s.c.buildsystem.ProjectBuilder - main project[sample_test]'s message encoder file[Echo][D:\gitsinnori\sinnori\project\sample_test\client_build\web_build\src\main\java\kr\pe\sinnori\impl\message] creation task start
08:25:01.453 [main] INFO  k.p.s.c.buildsystem.ProjectBuilder - main project[sample_test]'s message encoder file[Echo][D:\gitsinnori\sinnori\project\sample_test\client_build\web_build\src\main\java\kr\pe\sinnori\impl\message] creation task end
08:25:01.453 [main] INFO  k.p.s.c.buildsystem.ProjectBuilder - main project[sample_test]'s message server codec file[Echo][D:\gitsinnori\sinnori\project\sample_test\client_build\web_build\src\main\java\kr\pe\sinnori\impl\message] creation task start
08:25:01.453 [main] INFO  k.p.s.c.buildsystem.ProjectBuilder - main project[sample_test]'s message server codec file[Echo][D:\gitsinnori\sinnori\project\sample_test\client_build\web_build\src\main\java\kr\pe\sinnori\impl\message] creation task end
08:25:01.453 [main] INFO  k.p.s.c.buildsystem.ProjectBuilder - main project[sample_test]'s message client codec file[Echo][D:\gitsinnori\sinnori\project\sample_test\client_build\web_build\src\main\java\kr\pe\sinnori\impl\message] creation task start
08:25:01.453 [main] INFO  k.p.s.c.buildsystem.ProjectBuilder - main project[sample_test]'s message client codec file[Echo][D:\gitsinnori\sinnori\project\sample_test\client_build\web_build\src\main\java\kr\pe\sinnori\impl\message] creation task end
08:25:01.453 [main] INFO  k.p.s.common.util.CommonStaticUtil - the new child relative direcotry[D:\gitsinnori\sinnori\project\sample_test\client_build\web_build\src\main\java\kr\pe\sinnori\impl\message][PublicKeyReq] was created successfully
08:25:01.453 [main] INFO  k.p.s.c.buildsystem.ProjectBuilder - main project[sample_test]'s message file[PublicKeyReq][D:\gitsinnori\sinnori\project\sample_test\client_build\web_build\src\main\java\kr\pe\sinnori\impl\message] creation task start
08:25:01.453 [main] INFO  k.p.s.c.buildsystem.ProjectBuilder - main project[sample_test]'s message file[PublicKeyReq][D:\gitsinnori\sinnori\project\sample_test\client_build\web_build\src\main\java\kr\pe\sinnori\impl\message] creation task end
08:25:01.453 [main] INFO  k.p.s.c.buildsystem.ProjectBuilder - main project[sample_test]'s message decoder file[PublicKeyReq][D:\gitsinnori\sinnori\project\sample_test\client_build\web_build\src\main\java\kr\pe\sinnori\impl\message] creation task start
08:25:01.468 [main] INFO  k.p.s.c.buildsystem.ProjectBuilder - main project[sample_test]'s message decoder file[PublicKeyReq][D:\gitsinnori\sinnori\project\sample_test\client_build\web_build\src\main\java\kr\pe\sinnori\impl\message] creation task end
08:25:01.468 [main] INFO  k.p.s.c.buildsystem.ProjectBuilder - main project[sample_test]'s message encoder file[PublicKeyReq][D:\gitsinnori\sinnori\project\sample_test\client_build\web_build\src\main\java\kr\pe\sinnori\impl\message] creation task start
08:25:01.468 [main] INFO  k.p.s.c.buildsystem.ProjectBuilder - main project[sample_test]'s message encoder file[PublicKeyReq][D:\gitsinnori\sinnori\project\sample_test\client_build\web_build\src\main\java\kr\pe\sinnori\impl\message] creation task end
08:25:01.468 [main] INFO  k.p.s.c.buildsystem.ProjectBuilder - main project[sample_test]'s message server codec file[PublicKeyReq][D:\gitsinnori\sinnori\project\sample_test\client_build\web_build\src\main\java\kr\pe\sinnori\impl\message] creation task start
08:25:01.468 [main] INFO  k.p.s.c.buildsystem.ProjectBuilder - main project[sample_test]'s message server codec file[PublicKeyReq][D:\gitsinnori\sinnori\project\sample_test\client_build\web_build\src\main\java\kr\pe\sinnori\impl\message] creation task end
08:25:01.468 [main] INFO  k.p.s.c.buildsystem.ProjectBuilder - main project[sample_test]'s message client codec file[PublicKeyReq][D:\gitsinnori\sinnori\project\sample_test\client_build\web_build\src\main\java\kr\pe\sinnori\impl\message] creation task start
08:25:01.468 [main] INFO  k.p.s.c.buildsystem.ProjectBuilder - main project[sample_test]'s message client codec file[PublicKeyReq][D:\gitsinnori\sinnori\project\sample_test\client_build\web_build\src\main\java\kr\pe\sinnori\impl\message] creation task end
08:25:01.468 [main] INFO  k.p.s.common.util.CommonStaticUtil - the new child relative direcotry[D:\gitsinnori\sinnori\project\sample_test\client_build\web_build\src\main\java\kr\pe\sinnori\impl\message][PublicKeyRes] was created successfully
08:25:01.468 [main] INFO  k.p.s.c.buildsystem.ProjectBuilder - main project[sample_test]'s message file[PublicKeyRes][D:\gitsinnori\sinnori\project\sample_test\client_build\web_build\src\main\java\kr\pe\sinnori\impl\message] creation task start
08:25:01.468 [main] INFO  k.p.s.c.buildsystem.ProjectBuilder - main project[sample_test]'s message file[PublicKeyRes][D:\gitsinnori\sinnori\project\sample_test\client_build\web_build\src\main\java\kr\pe\sinnori\impl\message] creation task end
08:25:01.569 [main] INFO  k.p.s.c.buildsystem.ProjectBuilder - main project[sample_test]'s message decoder file[PublicKeyRes][D:\gitsinnori\sinnori\project\sample_test\client_build\web_build\src\main\java\kr\pe\sinnori\impl\message] creation task start
08:25:01.569 [main] INFO  k.p.s.c.buildsystem.ProjectBuilder - main project[sample_test]'s message decoder file[PublicKeyRes][D:\gitsinnori\sinnori\project\sample_test\client_build\web_build\src\main\java\kr\pe\sinnori\impl\message] creation task end
08:25:01.569 [main] INFO  k.p.s.c.buildsystem.ProjectBuilder - main project[sample_test]'s message encoder file[PublicKeyRes][D:\gitsinnori\sinnori\project\sample_test\client_build\web_build\src\main\java\kr\pe\sinnori\impl\message] creation task start
08:25:01.569 [main] INFO  k.p.s.c.buildsystem.ProjectBuilder - main project[sample_test]'s message encoder file[PublicKeyRes][D:\gitsinnori\sinnori\project\sample_test\client_build\web_build\src\main\java\kr\pe\sinnori\impl\message] creation task end
08:25:01.569 [main] INFO  k.p.s.c.buildsystem.ProjectBuilder - main project[sample_test]'s message server codec file[PublicKeyRes][D:\gitsinnori\sinnori\project\sample_test\client_build\web_build\src\main\java\kr\pe\sinnori\impl\message] creation task start
08:25:01.569 [main] INFO  k.p.s.c.buildsystem.ProjectBuilder - main project[sample_test]'s message server codec file[PublicKeyRes][D:\gitsinnori\sinnori\project\sample_test\client_build\web_build\src\main\java\kr\pe\sinnori\impl\message] creation task end
08:25:01.569 [main] INFO  k.p.s.c.buildsystem.ProjectBuilder - main project[sample_test]'s message client codec file[PublicKeyRes][D:\gitsinnori\sinnori\project\sample_test\client_build\web_build\src\main\java\kr\pe\sinnori\impl\message] creation task start
08:25:01.569 [main] INFO  k.p.s.c.buildsystem.ProjectBuilder - main project[sample_test]'s message client codec file[PublicKeyRes][D:\gitsinnori\sinnori\project\sample_test\client_build\web_build\src\main\java\kr\pe\sinnori\impl\message] creation task end
08:25:01.569 [main] INFO  k.p.s.c.buildsystem.ProjectBuilder - main project[sample_test]'s web client message io file set creation task end
08:25:01.569 [main] INFO  k.p.s.c.buildsystem.ProjectBuilder - mainproject[sample_test]'s web client sample source files copy task start
08:25:01.631 [main] INFO  k.p.s.c.buildsystem.ProjectBuilder - mainproject[sample_test]'s web client sample source files copy task end
08:25:01.631 [main] INFO  k.p.s.c.buildsystem.ProjectBuilder - main project[sample_test]'s web client build system files creation task end
08:25:01.631 [main] INFO  k.p.s.c.buildsystem.ProjectBuilder - main project[sample_test]'s web root child direcotry creation task start
08:25:01.631 [main] INFO  k.p.s.common.util.CommonStaticUtil - the child relative direcotry[D:\gitsinnori\sinnori\project\sample_test][web_app_base/upload] exist, so nothing
08:25:01.631 [main] INFO  k.p.s.common.util.CommonStaticUtil - the new child relative direcotry[D:\gitsinnori\sinnori\project\sample_test][web_app_base/ROOT/WEB-INF/classes] was created successfully
08:25:01.631 [main] INFO  k.p.s.common.util.CommonStaticUtil - the new child relative direcotry[D:\gitsinnori\sinnori\project\sample_test][web_app_base/ROOT/WEB-INF/lib] was created successfully
08:25:01.631 [main] INFO  k.p.s.c.buildsystem.ProjectBuilder - main project[sample_test]'s web root child direcotry creation task end
08:25:01.631 [main] INFO  k.p.s.c.buildsystem.ProjectBuilder - main project[sample_test]'s web root sample files creation task start
08:25:01.631 [main] INFO  k.p.s.c.buildsystem.ProjectBuilder - main project[sample_test]'s web root sample files copy task start
08:25:01.631 [main] INFO  k.p.s.c.buildsystem.ProjectBuilder - main project[sample_test]'s web root sample files copy task end
08:25:01.631 [main] INFO  k.p.s.c.buildsystem.ProjectBuilder - main project[sample_test]'s web root sample files creation task end
08:25:01.631 [main] INFO  k.p.s.c.buildsystem.ProjectBuilder - main project[sample_test]'s config file overwrite task start
08:25:01.650 [main] INFO  k.p.s.c.buildsystem.ProjectBuilder - main project[sample_test]'s config file overwrite task end
08:25:01.650 [main] INFO  k.p.s.c.buildsystem.ProjectBuilder - main project[sample_test] changeProjectState method end
08:25:01.650 [main] INFO  k.p.s.c.buildsystem.ProjectBuilder - the server ant build.xml file[D:\gitsinnori\sinnori\project\sample_test\server_build\build.xml] is bad :: whetherExist[false] isFile[false]
08:25:01.650 [main] INFO  k.p.s.c.buildsystem.ProjectBuilder - main project[sample_test] changeProjectState method start
08:25:01.650 [main] INFO  k.p.s.c.buildsystem.ProjectBuilder - main project[sample_test]'s server child direcotry creation task start
08:25:01.651 [main] INFO  k.p.s.common.util.CommonStaticUtil - the new child relative direcotry[D:\gitsinnori\sinnori\project\sample_test][server_build/APP-INF/classes] was created successfully
08:25:01.651 [main] INFO  k.p.s.common.util.CommonStaticUtil - the new child relative direcotry[D:\gitsinnori\sinnori\project\sample_test][server_build/corelib/ex] was created successfully
08:25:01.651 [main] INFO  k.p.s.common.util.CommonStaticUtil - the new child relative direcotry[D:\gitsinnori\sinnori\project\sample_test][server_build/corelib/in] was created successfully
08:25:01.652 [main] INFO  k.p.s.common.util.CommonStaticUtil - the new child relative direcotry[D:\gitsinnori\sinnori\project\sample_test][server_build/lib/main/ex] was created successfully
08:25:01.652 [main] INFO  k.p.s.common.util.CommonStaticUtil - the new child relative direcotry[D:\gitsinnori\sinnori\project\sample_test][server_build/lib/main/in] was created successfully
08:25:01.653 [main] INFO  k.p.s.common.util.CommonStaticUtil - the new child relative direcotry[D:\gitsinnori\sinnori\project\sample_test][server_build/lib/test] was created successfully
08:25:01.684 [main] INFO  k.p.s.common.util.CommonStaticUtil - the new child relative direcotry[D:\gitsinnori\sinnori\project\sample_test][server_build/src/main/java/kr/pe/sinnori/impl/servertask] was created successfully
08:25:01.684 [main] INFO  k.p.s.common.util.CommonStaticUtil - the new child relative direcotry[D:\gitsinnori\sinnori\project\sample_test][server_build/src/main/java/kr/pe/sinnori/impl/message] was created successfully
08:25:01.684 [main] INFO  k.p.s.common.util.CommonStaticUtil - the new child relative direcotry[D:\gitsinnori\sinnori\project\sample_test][server_build/src/main/java/main] was created successfully
08:25:01.684 [main] INFO  k.p.s.common.util.CommonStaticUtil - the new child relative direcotry[D:\gitsinnori\sinnori\project\sample_test][server_build/src/test/java] was created successfully
08:25:01.684 [main] INFO  k.p.s.common.util.CommonStaticUtil - the new child relative direcotry[D:\gitsinnori\sinnori\project\sample_test][server_build/build] was created successfully
08:25:01.684 [main] INFO  k.p.s.common.util.CommonStaticUtil - the new child relative direcotry[D:\gitsinnori\sinnori\project\sample_test][server_build/dist] was created successfully
08:25:01.684 [main] INFO  k.p.s.c.buildsystem.ProjectBuilder - main project[sample_test]'s server child direcotry creation task end
08:25:01.684 [main] INFO  k.p.s.c.buildsystem.ProjectBuilder - server build system files creation task start
08:25:01.684 [main] INFO  k.p.s.c.buildsystem.ProjectBuilder - main project[sample_test]'s server ant build.xml file creation task start
08:25:01.684 [main] INFO  k.p.s.c.buildsystem.ProjectBuilder - main project[sample_test]'s server ant build.xml file creation task end
08:25:01.684 [main] INFO  k.p.s.c.buildsystem.ProjectBuilder - main project[sample_test]'s server dos shell file creation task start
08:25:01.684 [main] INFO  k.p.s.c.buildsystem.ProjectBuilder - main project[sample_test]'s server dos shell file creation task end
08:25:01.684 [main] INFO  k.p.s.c.buildsystem.ProjectBuilder - main project[sample_test]'s server unix shell file creation task start
08:25:01.684 [main] INFO  k.p.s.c.buildsystem.ProjectBuilder - main project[sample_test]'s server unix shell file creation task end
08:25:01.684 [main] INFO  k.p.s.c.buildsystem.ProjectBuilder - server sample source files copy task start
08:25:01.700 [main] INFO  k.p.s.c.buildsystem.ProjectBuilder - server sample source files copy task end
08:25:01.700 [main] INFO  k.p.s.c.buildsystem.ProjectBuilder - main project[sample_test]'s server message io file set creation task start
08:25:01.700 [main] INFO  k.p.s.common.util.CommonStaticUtil - the new child relative direcotry[D:\gitsinnori\sinnori\project\sample_test\server_build\src\main\java\kr\pe\sinnori\impl\message][Echo] was created successfully
08:25:01.700 [main] INFO  k.p.s.c.buildsystem.ProjectBuilder - main project[sample_test]'s message file[Echo][D:\gitsinnori\sinnori\project\sample_test\server_build\src\main\java\kr\pe\sinnori\impl\message] creation task start
08:25:01.700 [main] INFO  k.p.s.c.buildsystem.ProjectBuilder - main project[sample_test]'s message file[Echo][D:\gitsinnori\sinnori\project\sample_test\server_build\src\main\java\kr\pe\sinnori\impl\message] creation task end
08:25:01.700 [main] INFO  k.p.s.c.buildsystem.ProjectBuilder - main project[sample_test]'s message decoder file[Echo][D:\gitsinnori\sinnori\project\sample_test\server_build\src\main\java\kr\pe\sinnori\impl\message] creation task start
08:25:01.700 [main] INFO  k.p.s.c.buildsystem.ProjectBuilder - main project[sample_test]'s message decoder file[Echo][D:\gitsinnori\sinnori\project\sample_test\server_build\src\main\java\kr\pe\sinnori\impl\message] creation task end
08:25:01.700 [main] INFO  k.p.s.c.buildsystem.ProjectBuilder - main project[sample_test]'s message encoder file[Echo][D:\gitsinnori\sinnori\project\sample_test\server_build\src\main\java\kr\pe\sinnori\impl\message] creation task start
08:25:01.700 [main] INFO  k.p.s.c.buildsystem.ProjectBuilder - main project[sample_test]'s message encoder file[Echo][D:\gitsinnori\sinnori\project\sample_test\server_build\src\main\java\kr\pe\sinnori\impl\message] creation task end
08:25:01.700 [main] INFO  k.p.s.c.buildsystem.ProjectBuilder - main project[sample_test]'s message server codec file[Echo][D:\gitsinnori\sinnori\project\sample_test\server_build\src\main\java\kr\pe\sinnori\impl\message] creation task start
08:25:01.700 [main] INFO  k.p.s.c.buildsystem.ProjectBuilder - main project[sample_test]'s message server codec file[Echo][D:\gitsinnori\sinnori\project\sample_test\server_build\src\main\java\kr\pe\sinnori\impl\message] creation task end
08:25:01.700 [main] INFO  k.p.s.c.buildsystem.ProjectBuilder - main project[sample_test]'s message client codec file[Echo][D:\gitsinnori\sinnori\project\sample_test\server_build\src\main\java\kr\pe\sinnori\impl\message] creation task start
08:25:01.700 [main] INFO  k.p.s.c.buildsystem.ProjectBuilder - main project[sample_test]'s message client codec file[Echo][D:\gitsinnori\sinnori\project\sample_test\server_build\src\main\java\kr\pe\sinnori\impl\message] creation task end
08:25:01.715 [main] INFO  k.p.s.common.util.CommonStaticUtil - the new child relative direcotry[D:\gitsinnori\sinnori\project\sample_test\server_build\src\main\java\kr\pe\sinnori\impl\message][PublicKeyReq] was created successfully
08:25:01.715 [main] INFO  k.p.s.c.buildsystem.ProjectBuilder - main project[sample_test]'s message file[PublicKeyReq][D:\gitsinnori\sinnori\project\sample_test\server_build\src\main\java\kr\pe\sinnori\impl\message] creation task start
08:25:01.715 [main] INFO  k.p.s.c.buildsystem.ProjectBuilder - main project[sample_test]'s message file[PublicKeyReq][D:\gitsinnori\sinnori\project\sample_test\server_build\src\main\java\kr\pe\sinnori\impl\message] creation task end
08:25:01.715 [main] INFO  k.p.s.c.buildsystem.ProjectBuilder - main project[sample_test]'s message decoder file[PublicKeyReq][D:\gitsinnori\sinnori\project\sample_test\server_build\src\main\java\kr\pe\sinnori\impl\message] creation task start
08:25:01.715 [main] INFO  k.p.s.c.buildsystem.ProjectBuilder - main project[sample_test]'s message decoder file[PublicKeyReq][D:\gitsinnori\sinnori\project\sample_test\server_build\src\main\java\kr\pe\sinnori\impl\message] creation task end
08:25:01.715 [main] INFO  k.p.s.c.buildsystem.ProjectBuilder - main project[sample_test]'s message encoder file[PublicKeyReq][D:\gitsinnori\sinnori\project\sample_test\server_build\src\main\java\kr\pe\sinnori\impl\message] creation task start
08:25:01.799 [main] INFO  k.p.s.c.buildsystem.ProjectBuilder - main project[sample_test]'s message encoder file[PublicKeyReq][D:\gitsinnori\sinnori\project\sample_test\server_build\src\main\java\kr\pe\sinnori\impl\message] creation task end
08:25:01.799 [main] INFO  k.p.s.c.buildsystem.ProjectBuilder - main project[sample_test]'s message server codec file[PublicKeyReq][D:\gitsinnori\sinnori\project\sample_test\server_build\src\main\java\kr\pe\sinnori\impl\message] creation task start
08:25:01.799 [main] INFO  k.p.s.c.buildsystem.ProjectBuilder - main project[sample_test]'s message server codec file[PublicKeyReq][D:\gitsinnori\sinnori\project\sample_test\server_build\src\main\java\kr\pe\sinnori\impl\message] creation task end
08:25:01.799 [main] INFO  k.p.s.c.buildsystem.ProjectBuilder - main project[sample_test]'s message client codec file[PublicKeyReq][D:\gitsinnori\sinnori\project\sample_test\server_build\src\main\java\kr\pe\sinnori\impl\message] creation task start
08:25:01.815 [main] INFO  k.p.s.c.buildsystem.ProjectBuilder - main project[sample_test]'s message client codec file[PublicKeyReq][D:\gitsinnori\sinnori\project\sample_test\server_build\src\main\java\kr\pe\sinnori\impl\message] creation task end
08:25:01.815 [main] INFO  k.p.s.common.util.CommonStaticUtil - the new child relative direcotry[D:\gitsinnori\sinnori\project\sample_test\server_build\src\main\java\kr\pe\sinnori\impl\message][PublicKeyRes] was created successfully
08:25:01.815 [main] INFO  k.p.s.c.buildsystem.ProjectBuilder - main project[sample_test]'s message file[PublicKeyRes][D:\gitsinnori\sinnori\project\sample_test\server_build\src\main\java\kr\pe\sinnori\impl\message] creation task start
08:25:01.815 [main] INFO  k.p.s.c.buildsystem.ProjectBuilder - main project[sample_test]'s message file[PublicKeyRes][D:\gitsinnori\sinnori\project\sample_test\server_build\src\main\java\kr\pe\sinnori\impl\message] creation task end
08:25:01.815 [main] INFO  k.p.s.c.buildsystem.ProjectBuilder - main project[sample_test]'s message decoder file[PublicKeyRes][D:\gitsinnori\sinnori\project\sample_test\server_build\src\main\java\kr\pe\sinnori\impl\message] creation task start
08:25:01.830 [main] INFO  k.p.s.c.buildsystem.ProjectBuilder - main project[sample_test]'s message decoder file[PublicKeyRes][D:\gitsinnori\sinnori\project\sample_test\server_build\src\main\java\kr\pe\sinnori\impl\message] creation task end
08:25:01.830 [main] INFO  k.p.s.c.buildsystem.ProjectBuilder - main project[sample_test]'s message encoder file[PublicKeyRes][D:\gitsinnori\sinnori\project\sample_test\server_build\src\main\java\kr\pe\sinnori\impl\message] creation task start
08:25:01.830 [main] INFO  k.p.s.c.buildsystem.ProjectBuilder - main project[sample_test]'s message encoder file[PublicKeyRes][D:\gitsinnori\sinnori\project\sample_test\server_build\src\main\java\kr\pe\sinnori\impl\message] creation task end
08:25:01.830 [main] INFO  k.p.s.c.buildsystem.ProjectBuilder - main project[sample_test]'s message server codec file[PublicKeyRes][D:\gitsinnori\sinnori\project\sample_test\server_build\src\main\java\kr\pe\sinnori\impl\message] creation task start
08:25:01.847 [main] INFO  k.p.s.c.buildsystem.ProjectBuilder - main project[sample_test]'s message server codec file[PublicKeyRes][D:\gitsinnori\sinnori\project\sample_test\server_build\src\main\java\kr\pe\sinnori\impl\message] creation task end
08:25:01.847 [main] INFO  k.p.s.c.buildsystem.ProjectBuilder - main project[sample_test]'s message client codec file[PublicKeyRes][D:\gitsinnori\sinnori\project\sample_test\server_build\src\main\java\kr\pe\sinnori\impl\message] creation task start
08:25:01.849 [main] INFO  k.p.s.c.buildsystem.ProjectBuilder - main project[sample_test]'s message client codec file[PublicKeyRes][D:\gitsinnori\sinnori\project\sample_test\server_build\src\main\java\kr\pe\sinnori\impl\message] creation task end
08:25:01.849 [main] INFO  k.p.s.c.buildsystem.ProjectBuilder - main project[sample_test]'s server message io file set creation task end
08:25:01.849 [main] INFO  k.p.s.c.buildsystem.ProjectBuilder - server build system files creation task end
08:25:01.852 [main] INFO  k.p.s.c.buildsystem.ProjectBuilder - mainproject[sample_test]'s application client build path deletion task start
08:25:01.852 [main] INFO  k.p.s.c.buildsystem.ProjectBuilder - mainproject[sample_test]'s application client build path deletion task end
08:25:01.852 [main] INFO  k.p.s.c.buildsystem.ProjectBuilder - main project[sample_test]'s web client build path deletion task start
08:25:01.868 [main] INFO  k.p.s.c.buildsystem.ProjectBuilder - main project[sample_test]'s web client build path deletion task end
08:25:01.868 [main] INFO  k.p.s.c.buildsystem.ProjectBuilder - main project[sample_test]'s web root path deletion task start
08:25:01.884 [main] INFO  k.p.s.c.buildsystem.ProjectBuilder - main project[sample_test]'s web root path deletion task end
08:25:01.884 [main] INFO  k.p.s.c.buildsystem.ProjectBuilder - main project[sample_test]'s config file overwrite task start
08:25:01.884 [main] INFO  k.p.s.c.buildsystem.ProjectBuilder - main project[sample_test]'s config file overwrite task end
08:25:01.884 [main] INFO  k.p.s.c.buildsystem.ProjectBuilder - main project[sample_test] changeProjectState method end
08:25:01.884 [main] INFO  k.p.s.c.buildsystem.ProjectBuilder - the app client ant build.xml file[D:\gitsinnori\sinnori\project\sample_test\client_build\app_build\build.xml] is bad :: whetherExist[false] isFile[false]
08:25:01.884 [main] INFO  k.p.s.c.buildsystem.ProjectBuilder - the web client ant build.xml file[D:\gitsinnori\sinnori\project\sample_test\client_build\web_build\build.xml] is bad :: whetherExist[false] isFile[false]
08:25:01.884 [main] INFO  k.p.s.c.buildsystem.ProjectBuilder - the web.xml file[D:\gitsinnori\sinnori\project\sample_test\web_app_base\ROOT\WEB-INF\web.xml] located at web root directory is bad :: whetherExist[false] isFile[false]
08:25:01.884 [main] INFO  k.p.s.c.buildsystem.ProjectBuilder - main project[sample_test] changeProjectState method start
08:25:01.884 [main] WARN  k.p.s.c.buildsystem.ProjectBuilder - the server build path[D:\gitsinnori\sinnori\project\sample_test\server_build] exist, so skip creation of server build system
08:25:01.884 [main] INFO  k.p.s.c.buildsystem.ProjectBuilder - the app client ant build.xml file[D:\gitsinnori\sinnori\project\sample_test\client_build\app_build\build.xml] is bad :: whetherExist[false] isFile[false]
08:25:01.884 [main] WARN  k.p.s.c.buildsystem.ProjectBuilder - the app client buid.xml file[D:\gitsinnori\sinnori\project\sample_test\client_build\app_build\build.xml] is bad beacse it doesn't exist or is not a file, so skip deletion of app client build system
08:25:01.884 [main] INFO  k.p.s.c.buildsystem.ProjectBuilder - main project[sample_test]'s web build child direcotry creation task start
08:25:01.884 [main] INFO  k.p.s.common.util.CommonStaticUtil - the new child relative direcotry[D:\gitsinnori\sinnori\project\sample_test][client_build/web_build/corelib/ex] was created successfully
08:25:01.884 [main] INFO  k.p.s.common.util.CommonStaticUtil - the new child relative direcotry[D:\gitsinnori\sinnori\project\sample_test][client_build/web_build/corelib/in] was created successfully
08:25:01.884 [main] INFO  k.p.s.common.util.CommonStaticUtil - the new child relative direcotry[D:\gitsinnori\sinnori\project\sample_test][client_build/web_build/lib/main/ex] was created successfully
08:25:01.884 [main] INFO  k.p.s.common.util.CommonStaticUtil - the new child relative direcotry[D:\gitsinnori\sinnori\project\sample_test][client_build/web_build/lib/main/in] was created successfully
08:25:01.884 [main] INFO  k.p.s.common.util.CommonStaticUtil - the new child relative direcotry[D:\gitsinnori\sinnori\project\sample_test][client_build/web_build/lib/test] was created successfully
08:25:01.884 [main] INFO  k.p.s.common.util.CommonStaticUtil - the new child relative direcotry[D:\gitsinnori\sinnori\project\sample_test][client_build/web_build/src/main/java/kr/pe/sinnori/impl/message] was created successfully
08:25:01.884 [main] INFO  k.p.s.common.util.CommonStaticUtil - the new child relative direcotry[D:\gitsinnori\sinnori\project\sample_test][client_build/web_build/src/main/java//kr/pe/sinnori/servlet] was created successfully
08:25:01.884 [main] INFO  k.p.s.common.util.CommonStaticUtil - the new child relative direcotry[D:\gitsinnori\sinnori\project\sample_test][client_build/web_build/src/main/java/kr/pe/sinnori/weblib/common] was created successfully
08:25:01.968 [main] INFO  k.p.s.common.util.CommonStaticUtil - the new child relative direcotry[D:\gitsinnori\sinnori\project\sample_test][client_build/web_build/src/main/java/kr/pe/sinnori/weblib/htmlstring] was created successfully
08:25:01.968 [main] INFO  k.p.s.common.util.CommonStaticUtil - the new child relative direcotry[D:\gitsinnori\sinnori\project\sample_test][client_build/web_build/src/main/java/kr/pe/sinnori/weblib/jdf] was created successfully
08:25:01.968 [main] INFO  k.p.s.common.util.CommonStaticUtil - the new child relative direcotry[D:\gitsinnori\sinnori\project\sample_test][client_build/web_build/src/test/java] was created successfully
08:25:01.968 [main] INFO  k.p.s.common.util.CommonStaticUtil - the new child relative direcotry[D:\gitsinnori\sinnori\project\sample_test][client_build/web_build/build] was created successfully
08:25:01.968 [main] INFO  k.p.s.common.util.CommonStaticUtil - the new child relative direcotry[D:\gitsinnori\sinnori\project\sample_test][client_build/web_build/dist] was created successfully
08:25:01.968 [main] INFO  k.p.s.c.buildsystem.ProjectBuilder - main project[sample_test]'s web build child direcotry creation task end
08:25:01.968 [main] INFO  k.p.s.c.buildsystem.ProjectBuilder - main project[sample_test]'s web client build system files creation task start
08:25:01.968 [main] INFO  k.p.s.c.buildsystem.ProjectBuilder - main project[sample_test]'s web client ant build.xml file creation task start
08:25:01.968 [main] INFO  k.p.s.c.buildsystem.ProjectBuilder - main project[sample_test]'s web client ant build.xml file creation task end
08:25:01.968 [main] INFO  k.p.s.c.buildsystem.ProjectBuilder - main project[sample_test]'s web client ant properties file creation task start
08:25:01.968 [main] INFO  k.p.s.c.util.SequencedPropertiesUtil - the sequenced properties file[D:\gitsinnori\sinnori\project\sample_test\client_build\web_build\webAnt.properties] was created
08:25:01.968 [main] INFO  k.p.s.c.buildsystem.ProjectBuilder - main project[sample_test]'s web client ant properties file creation task end
08:25:01.968 [main] INFO  k.p.s.c.buildsystem.ProjectBuilder - main project[sample_test]'s web client message io file set creation task start
08:25:01.968 [main] INFO  k.p.s.common.util.CommonStaticUtil - the new child relative direcotry[D:\gitsinnori\sinnori\project\sample_test\client_build\web_build\src\main\java\kr\pe\sinnori\impl\message][Echo] was created successfully
08:25:01.968 [main] INFO  k.p.s.c.buildsystem.ProjectBuilder - main project[sample_test]'s message file[Echo][D:\gitsinnori\sinnori\project\sample_test\client_build\web_build\src\main\java\kr\pe\sinnori\impl\message] creation task start
08:25:01.983 [main] INFO  k.p.s.c.buildsystem.ProjectBuilder - main project[sample_test]'s message file[Echo][D:\gitsinnori\sinnori\project\sample_test\client_build\web_build\src\main\java\kr\pe\sinnori\impl\message] creation task end
08:25:01.983 [main] INFO  k.p.s.c.buildsystem.ProjectBuilder - main project[sample_test]'s message decoder file[Echo][D:\gitsinnori\sinnori\project\sample_test\client_build\web_build\src\main\java\kr\pe\sinnori\impl\message] creation task start
08:25:01.983 [main] INFO  k.p.s.c.buildsystem.ProjectBuilder - main project[sample_test]'s message decoder file[Echo][D:\gitsinnori\sinnori\project\sample_test\client_build\web_build\src\main\java\kr\pe\sinnori\impl\message] creation task end
08:25:01.983 [main] INFO  k.p.s.c.buildsystem.ProjectBuilder - main project[sample_test]'s message encoder file[Echo][D:\gitsinnori\sinnori\project\sample_test\client_build\web_build\src\main\java\kr\pe\sinnori\impl\message] creation task start
08:25:01.999 [main] INFO  k.p.s.c.buildsystem.ProjectBuilder - main project[sample_test]'s message encoder file[Echo][D:\gitsinnori\sinnori\project\sample_test\client_build\web_build\src\main\java\kr\pe\sinnori\impl\message] creation task end
08:25:01.999 [main] INFO  k.p.s.c.buildsystem.ProjectBuilder - main project[sample_test]'s message server codec file[Echo][D:\gitsinnori\sinnori\project\sample_test\client_build\web_build\src\main\java\kr\pe\sinnori\impl\message] creation task start
08:25:01.999 [main] INFO  k.p.s.c.buildsystem.ProjectBuilder - main project[sample_test]'s message server codec file[Echo][D:\gitsinnori\sinnori\project\sample_test\client_build\web_build\src\main\java\kr\pe\sinnori\impl\message] creation task end
08:25:01.999 [main] INFO  k.p.s.c.buildsystem.ProjectBuilder - main project[sample_test]'s message client codec file[Echo][D:\gitsinnori\sinnori\project\sample_test\client_build\web_build\src\main\java\kr\pe\sinnori\impl\message] creation task start
08:25:01.999 [main] INFO  k.p.s.c.buildsystem.ProjectBuilder - main project[sample_test]'s message client codec file[Echo][D:\gitsinnori\sinnori\project\sample_test\client_build\web_build\src\main\java\kr\pe\sinnori\impl\message] creation task end
08:25:01.999 [main] INFO  k.p.s.common.util.CommonStaticUtil - the new child relative direcotry[D:\gitsinnori\sinnori\project\sample_test\client_build\web_build\src\main\java\kr\pe\sinnori\impl\message][PublicKeyReq] was created successfully
08:25:01.999 [main] INFO  k.p.s.c.buildsystem.ProjectBuilder - main project[sample_test]'s message file[PublicKeyReq][D:\gitsinnori\sinnori\project\sample_test\client_build\web_build\src\main\java\kr\pe\sinnori\impl\message] creation task start
08:25:01.999 [main] INFO  k.p.s.c.buildsystem.ProjectBuilder - main project[sample_test]'s message file[PublicKeyReq][D:\gitsinnori\sinnori\project\sample_test\client_build\web_build\src\main\java\kr\pe\sinnori\impl\message] creation task end
08:25:01.999 [main] INFO  k.p.s.c.buildsystem.ProjectBuilder - main project[sample_test]'s message decoder file[PublicKeyReq][D:\gitsinnori\sinnori\project\sample_test\client_build\web_build\src\main\java\kr\pe\sinnori\impl\message] creation task start
08:25:02.014 [main] INFO  k.p.s.c.buildsystem.ProjectBuilder - main project[sample_test]'s message decoder file[PublicKeyReq][D:\gitsinnori\sinnori\project\sample_test\client_build\web_build\src\main\java\kr\pe\sinnori\impl\message] creation task end
08:25:02.014 [main] INFO  k.p.s.c.buildsystem.ProjectBuilder - main project[sample_test]'s message encoder file[PublicKeyReq][D:\gitsinnori\sinnori\project\sample_test\client_build\web_build\src\main\java\kr\pe\sinnori\impl\message] creation task start
08:25:02.014 [main] INFO  k.p.s.c.buildsystem.ProjectBuilder - main project[sample_test]'s message encoder file[PublicKeyReq][D:\gitsinnori\sinnori\project\sample_test\client_build\web_build\src\main\java\kr\pe\sinnori\impl\message] creation task end
08:25:02.014 [main] INFO  k.p.s.c.buildsystem.ProjectBuilder - main project[sample_test]'s message server codec file[PublicKeyReq][D:\gitsinnori\sinnori\project\sample_test\client_build\web_build\src\main\java\kr\pe\sinnori\impl\message] creation task start
08:25:02.014 [main] INFO  k.p.s.c.buildsystem.ProjectBuilder - main project[sample_test]'s message server codec file[PublicKeyReq][D:\gitsinnori\sinnori\project\sample_test\client_build\web_build\src\main\java\kr\pe\sinnori\impl\message] creation task end
08:25:02.014 [main] INFO  k.p.s.c.buildsystem.ProjectBuilder - main project[sample_test]'s message client codec file[PublicKeyReq][D:\gitsinnori\sinnori\project\sample_test\client_build\web_build\src\main\java\kr\pe\sinnori\impl\message] creation task start
08:25:02.014 [main] INFO  k.p.s.c.buildsystem.ProjectBuilder - main project[sample_test]'s message client codec file[PublicKeyReq][D:\gitsinnori\sinnori\project\sample_test\client_build\web_build\src\main\java\kr\pe\sinnori\impl\message] creation task end
08:25:02.014 [main] INFO  k.p.s.common.util.CommonStaticUtil - the new child relative direcotry[D:\gitsinnori\sinnori\project\sample_test\client_build\web_build\src\main\java\kr\pe\sinnori\impl\message][PublicKeyRes] was created successfully
08:25:02.014 [main] INFO  k.p.s.c.buildsystem.ProjectBuilder - main project[sample_test]'s message file[PublicKeyRes][D:\gitsinnori\sinnori\project\sample_test\client_build\web_build\src\main\java\kr\pe\sinnori\impl\message] creation task start
08:25:02.030 [main] INFO  k.p.s.c.buildsystem.ProjectBuilder - main project[sample_test]'s message file[PublicKeyRes][D:\gitsinnori\sinnori\project\sample_test\client_build\web_build\src\main\java\kr\pe\sinnori\impl\message] creation task end
08:25:02.030 [main] INFO  k.p.s.c.buildsystem.ProjectBuilder - main project[sample_test]'s message decoder file[PublicKeyRes][D:\gitsinnori\sinnori\project\sample_test\client_build\web_build\src\main\java\kr\pe\sinnori\impl\message] creation task start
08:25:02.030 [main] INFO  k.p.s.c.buildsystem.ProjectBuilder - main project[sample_test]'s message decoder file[PublicKeyRes][D:\gitsinnori\sinnori\project\sample_test\client_build\web_build\src\main\java\kr\pe\sinnori\impl\message] creation task end
08:25:02.030 [main] INFO  k.p.s.c.buildsystem.ProjectBuilder - main project[sample_test]'s message encoder file[PublicKeyRes][D:\gitsinnori\sinnori\project\sample_test\client_build\web_build\src\main\java\kr\pe\sinnori\impl\message] creation task start
08:25:02.030 [main] INFO  k.p.s.c.buildsystem.ProjectBuilder - main project[sample_test]'s message encoder file[PublicKeyRes][D:\gitsinnori\sinnori\project\sample_test\client_build\web_build\src\main\java\kr\pe\sinnori\impl\message] creation task end
08:25:02.030 [main] INFO  k.p.s.c.buildsystem.ProjectBuilder - main project[sample_test]'s message server codec file[PublicKeyRes][D:\gitsinnori\sinnori\project\sample_test\client_build\web_build\src\main\java\kr\pe\sinnori\impl\message] creation task start
08:25:02.030 [main] INFO  k.p.s.c.buildsystem.ProjectBuilder - main project[sample_test]'s message server codec file[PublicKeyRes][D:\gitsinnori\sinnori\project\sample_test\client_build\web_build\src\main\java\kr\pe\sinnori\impl\message] creation task end
08:25:02.030 [main] INFO  k.p.s.c.buildsystem.ProjectBuilder - main project[sample_test]'s message client codec file[PublicKeyRes][D:\gitsinnori\sinnori\project\sample_test\client_build\web_build\src\main\java\kr\pe\sinnori\impl\message] creation task start
08:25:02.030 [main] INFO  k.p.s.c.buildsystem.ProjectBuilder - main project[sample_test]'s message client codec file[PublicKeyRes][D:\gitsinnori\sinnori\project\sample_test\client_build\web_build\src\main\java\kr\pe\sinnori\impl\message] creation task end
08:25:02.030 [main] INFO  k.p.s.c.buildsystem.ProjectBuilder - main project[sample_test]'s web client message io file set creation task end
08:25:02.030 [main] INFO  k.p.s.c.buildsystem.ProjectBuilder - mainproject[sample_test]'s web client sample source files copy task start
08:25:02.083 [main] INFO  k.p.s.c.buildsystem.ProjectBuilder - mainproject[sample_test]'s web client sample source files copy task end
08:25:02.083 [main] INFO  k.p.s.c.buildsystem.ProjectBuilder - main project[sample_test]'s web client build system files creation task end
08:25:02.083 [main] INFO  k.p.s.c.buildsystem.ProjectBuilder - main project[sample_test]'s web root child direcotry creation task start
08:25:02.083 [main] INFO  k.p.s.common.util.CommonStaticUtil - the child relative direcotry[D:\gitsinnori\sinnori\project\sample_test][web_app_base/upload] exist, so nothing
08:25:02.083 [main] INFO  k.p.s.common.util.CommonStaticUtil - the new child relative direcotry[D:\gitsinnori\sinnori\project\sample_test][web_app_base/ROOT/WEB-INF/classes] was created successfully
08:25:02.083 [main] INFO  k.p.s.common.util.CommonStaticUtil - the new child relative direcotry[D:\gitsinnori\sinnori\project\sample_test][web_app_base/ROOT/WEB-INF/lib] was created successfully
08:25:02.115 [main] INFO  k.p.s.c.buildsystem.ProjectBuilder - main project[sample_test]'s web root child direcotry creation task end
08:25:02.115 [main] INFO  k.p.s.c.buildsystem.ProjectBuilder - main project[sample_test]'s web root sample files creation task start
08:25:02.115 [main] INFO  k.p.s.c.buildsystem.ProjectBuilder - main project[sample_test]'s web root sample files copy task start
08:25:02.115 [main] INFO  k.p.s.c.buildsystem.ProjectBuilder - main project[sample_test]'s web root sample files copy task end
08:25:02.115 [main] INFO  k.p.s.c.buildsystem.ProjectBuilder - main project[sample_test]'s web root sample files creation task end
08:25:02.115 [main] INFO  k.p.s.c.buildsystem.ProjectBuilder - main project[sample_test]'s config file overwrite task start
08:25:02.115 [main] INFO  k.p.s.c.buildsystem.ProjectBuilder - main project[sample_test]'s config file overwrite task end
08:25:02.115 [main] INFO  k.p.s.c.buildsystem.ProjectBuilder - main project[sample_test] changeProjectState method end
08:25:02.115 [main] INFO  k.p.s.c.buildsystem.ProjectBuilder - the app client ant build.xml file[D:\gitsinnori\sinnori\project\sample_test\client_build\app_build\build.xml] is bad :: whetherExist[false] isFile[false]
08:25:02.115 [main] INFO  k.p.s.c.buildsystem.ProjectBuilder - main project[sample_test] changeProjectState method start
08:25:02.115 [main] WARN  k.p.s.c.buildsystem.ProjectBuilder - the server build path[D:\gitsinnori\sinnori\project\sample_test\server_build] exist, so skip creation of server build system
08:25:02.115 [main] INFO  k.p.s.c.buildsystem.ProjectBuilder - main project[sample_test]'s application build child direcotry creation task start
08:25:02.115 [main] INFO  k.p.s.common.util.CommonStaticUtil - the new child relative direcotry[D:\gitsinnori\sinnori\project\sample_test][client_build/app_build/corelib/ex] was created successfully
08:25:02.115 [main] INFO  k.p.s.common.util.CommonStaticUtil - the new child relative direcotry[D:\gitsinnori\sinnori\project\sample_test][client_build/app_build/corelib/in] was created successfully
08:25:02.115 [main] INFO  k.p.s.common.util.CommonStaticUtil - the new child relative direcotry[D:\gitsinnori\sinnori\project\sample_test][client_build/app_build/lib/main/ex] was created successfully
08:25:02.115 [main] INFO  k.p.s.common.util.CommonStaticUtil - the new child relative direcotry[D:\gitsinnori\sinnori\project\sample_test][client_build/app_build/lib/main/in] was created successfully
08:25:02.115 [main] INFO  k.p.s.common.util.CommonStaticUtil - the new child relative direcotry[D:\gitsinnori\sinnori\project\sample_test][client_build/app_build/lib/test] was created successfully
08:25:02.130 [main] INFO  k.p.s.common.util.CommonStaticUtil - the new child relative direcotry[D:\gitsinnori\sinnori\project\sample_test][client_build/app_build/src/main/java/kr/pe/sinnori/impl/message] was created successfully
08:25:02.130 [main] INFO  k.p.s.common.util.CommonStaticUtil - the new child relative direcotry[D:\gitsinnori\sinnori\project\sample_test][client_build/app_build/src/main/java/main] was created successfully
08:25:02.130 [main] INFO  k.p.s.common.util.CommonStaticUtil - the new child relative direcotry[D:\gitsinnori\sinnori\project\sample_test][client_build/app_build/src/test/java] was created successfully
08:25:02.130 [main] INFO  k.p.s.common.util.CommonStaticUtil - the new child relative direcotry[D:\gitsinnori\sinnori\project\sample_test][client_build/app_build/build] was created successfully
08:25:02.130 [main] INFO  k.p.s.common.util.CommonStaticUtil - the new child relative direcotry[D:\gitsinnori\sinnori\project\sample_test][client_build/app_build/dist] was created successfully
08:25:02.130 [main] INFO  k.p.s.c.buildsystem.ProjectBuilder - main project[sample_test]'s application build child direcotry creation task end
08:25:02.130 [main] INFO  k.p.s.c.buildsystem.ProjectBuilder - mainproject[sample_test]'s application client build system files creation task start
08:25:02.130 [main] INFO  k.p.s.c.buildsystem.ProjectBuilder - main project[sample_test]'s application client ant build.xml file creation task start
08:25:02.130 [main] INFO  k.p.s.c.buildsystem.ProjectBuilder - main project[sample_test]'s application client ant build.xml file creation task end
08:25:02.130 [main] INFO  k.p.s.c.buildsystem.ProjectBuilder - main project[sample_test]'s application client dos shell file creation task start
08:25:02.130 [main] INFO  k.p.s.c.buildsystem.ProjectBuilder - main project[sample_test]'s application client dos shell file creation task end
08:25:02.130 [main] INFO  k.p.s.c.buildsystem.ProjectBuilder - main project[sample_test]'s application client unix shell file creation task start
08:25:02.130 [main] INFO  k.p.s.c.buildsystem.ProjectBuilder - main project[sample_test]'s application client unix shell file creation task end
08:25:02.230 [main] INFO  k.p.s.c.buildsystem.ProjectBuilder - application client sample source files copy task start
08:25:02.247 [main] INFO  k.p.s.c.buildsystem.ProjectBuilder - application client sample source files copy task end
08:25:02.247 [main] INFO  k.p.s.c.buildsystem.ProjectBuilder - main project[sample_test]'s application client message io file set creation task start
08:25:02.247 [main] INFO  k.p.s.common.util.CommonStaticUtil - the new child relative direcotry[D:\gitsinnori\sinnori\project\sample_test\client_build\app_build\src\main\java\kr\pe\sinnori\impl\message][Echo] was created successfully
08:25:02.247 [main] INFO  k.p.s.c.buildsystem.ProjectBuilder - main project[sample_test]'s message file[Echo][D:\gitsinnori\sinnori\project\sample_test\client_build\app_build\src\main\java\kr\pe\sinnori\impl\message] creation task start
08:25:02.252 [main] INFO  k.p.s.c.buildsystem.ProjectBuilder - main project[sample_test]'s message file[Echo][D:\gitsinnori\sinnori\project\sample_test\client_build\app_build\src\main\java\kr\pe\sinnori\impl\message] creation task end
08:25:02.252 [main] INFO  k.p.s.c.buildsystem.ProjectBuilder - main project[sample_test]'s message decoder file[Echo][D:\gitsinnori\sinnori\project\sample_test\client_build\app_build\src\main\java\kr\pe\sinnori\impl\message] creation task start
08:25:02.252 [main] INFO  k.p.s.c.buildsystem.ProjectBuilder - main project[sample_test]'s message decoder file[Echo][D:\gitsinnori\sinnori\project\sample_test\client_build\app_build\src\main\java\kr\pe\sinnori\impl\message] creation task end
08:25:02.252 [main] INFO  k.p.s.c.buildsystem.ProjectBuilder - main project[sample_test]'s message encoder file[Echo][D:\gitsinnori\sinnori\project\sample_test\client_build\app_build\src\main\java\kr\pe\sinnori\impl\message] creation task start
08:25:02.267 [main] INFO  k.p.s.c.buildsystem.ProjectBuilder - main project[sample_test]'s message encoder file[Echo][D:\gitsinnori\sinnori\project\sample_test\client_build\app_build\src\main\java\kr\pe\sinnori\impl\message] creation task end
08:25:02.267 [main] INFO  k.p.s.c.buildsystem.ProjectBuilder - main project[sample_test]'s message server codec file[Echo][D:\gitsinnori\sinnori\project\sample_test\client_build\app_build\src\main\java\kr\pe\sinnori\impl\message] creation task start
08:25:02.267 [main] INFO  k.p.s.c.buildsystem.ProjectBuilder - main project[sample_test]'s message server codec file[Echo][D:\gitsinnori\sinnori\project\sample_test\client_build\app_build\src\main\java\kr\pe\sinnori\impl\message] creation task end
08:25:02.267 [main] INFO  k.p.s.c.buildsystem.ProjectBuilder - main project[sample_test]'s message client codec file[Echo][D:\gitsinnori\sinnori\project\sample_test\client_build\app_build\src\main\java\kr\pe\sinnori\impl\message] creation task start
08:25:02.267 [main] INFO  k.p.s.c.buildsystem.ProjectBuilder - main project[sample_test]'s message client codec file[Echo][D:\gitsinnori\sinnori\project\sample_test\client_build\app_build\src\main\java\kr\pe\sinnori\impl\message] creation task end
08:25:02.267 [main] INFO  k.p.s.common.util.CommonStaticUtil - the new child relative direcotry[D:\gitsinnori\sinnori\project\sample_test\client_build\app_build\src\main\java\kr\pe\sinnori\impl\message][PublicKeyReq] was created successfully
08:25:02.267 [main] INFO  k.p.s.c.buildsystem.ProjectBuilder - main project[sample_test]'s message file[PublicKeyReq][D:\gitsinnori\sinnori\project\sample_test\client_build\app_build\src\main\java\kr\pe\sinnori\impl\message] creation task start
08:25:02.267 [main] INFO  k.p.s.c.buildsystem.ProjectBuilder - main project[sample_test]'s message file[PublicKeyReq][D:\gitsinnori\sinnori\project\sample_test\client_build\app_build\src\main\java\kr\pe\sinnori\impl\message] creation task end
08:25:02.267 [main] INFO  k.p.s.c.buildsystem.ProjectBuilder - main project[sample_test]'s message decoder file[PublicKeyReq][D:\gitsinnori\sinnori\project\sample_test\client_build\app_build\src\main\java\kr\pe\sinnori\impl\message] creation task start
08:25:02.267 [main] INFO  k.p.s.c.buildsystem.ProjectBuilder - main project[sample_test]'s message decoder file[PublicKeyReq][D:\gitsinnori\sinnori\project\sample_test\client_build\app_build\src\main\java\kr\pe\sinnori\impl\message] creation task end
08:25:02.267 [main] INFO  k.p.s.c.buildsystem.ProjectBuilder - main project[sample_test]'s message encoder file[PublicKeyReq][D:\gitsinnori\sinnori\project\sample_test\client_build\app_build\src\main\java\kr\pe\sinnori\impl\message] creation task start
08:25:02.283 [main] INFO  k.p.s.c.buildsystem.ProjectBuilder - main project[sample_test]'s message encoder file[PublicKeyReq][D:\gitsinnori\sinnori\project\sample_test\client_build\app_build\src\main\java\kr\pe\sinnori\impl\message] creation task end
08:25:02.283 [main] INFO  k.p.s.c.buildsystem.ProjectBuilder - main project[sample_test]'s message server codec file[PublicKeyReq][D:\gitsinnori\sinnori\project\sample_test\client_build\app_build\src\main\java\kr\pe\sinnori\impl\message] creation task start
08:25:02.283 [main] INFO  k.p.s.c.buildsystem.ProjectBuilder - main project[sample_test]'s message server codec file[PublicKeyReq][D:\gitsinnori\sinnori\project\sample_test\client_build\app_build\src\main\java\kr\pe\sinnori\impl\message] creation task end
08:25:02.283 [main] INFO  k.p.s.c.buildsystem.ProjectBuilder - main project[sample_test]'s message client codec file[PublicKeyReq][D:\gitsinnori\sinnori\project\sample_test\client_build\app_build\src\main\java\kr\pe\sinnori\impl\message] creation task start
08:25:02.368 [main] INFO  k.p.s.c.buildsystem.ProjectBuilder - main project[sample_test]'s message client codec file[PublicKeyReq][D:\gitsinnori\sinnori\project\sample_test\client_build\app_build\src\main\java\kr\pe\sinnori\impl\message] creation task end
08:25:02.368 [main] INFO  k.p.s.common.util.CommonStaticUtil - the new child relative direcotry[D:\gitsinnori\sinnori\project\sample_test\client_build\app_build\src\main\java\kr\pe\sinnori\impl\message][PublicKeyRes] was created successfully
08:25:02.368 [main] INFO  k.p.s.c.buildsystem.ProjectBuilder - main project[sample_test]'s message file[PublicKeyRes][D:\gitsinnori\sinnori\project\sample_test\client_build\app_build\src\main\java\kr\pe\sinnori\impl\message] creation task start
08:25:02.368 [main] INFO  k.p.s.c.buildsystem.ProjectBuilder - main project[sample_test]'s message file[PublicKeyRes][D:\gitsinnori\sinnori\project\sample_test\client_build\app_build\src\main\java\kr\pe\sinnori\impl\message] creation task end
08:25:02.368 [main] INFO  k.p.s.c.buildsystem.ProjectBuilder - main project[sample_test]'s message decoder file[PublicKeyRes][D:\gitsinnori\sinnori\project\sample_test\client_build\app_build\src\main\java\kr\pe\sinnori\impl\message] creation task start
08:25:02.383 [main] INFO  k.p.s.c.buildsystem.ProjectBuilder - main project[sample_test]'s message decoder file[PublicKeyRes][D:\gitsinnori\sinnori\project\sample_test\client_build\app_build\src\main\java\kr\pe\sinnori\impl\message] creation task end
08:25:02.383 [main] INFO  k.p.s.c.buildsystem.ProjectBuilder - main project[sample_test]'s message encoder file[PublicKeyRes][D:\gitsinnori\sinnori\project\sample_test\client_build\app_build\src\main\java\kr\pe\sinnori\impl\message] creation task start
08:25:02.383 [main] INFO  k.p.s.c.buildsystem.ProjectBuilder - main project[sample_test]'s message encoder file[PublicKeyRes][D:\gitsinnori\sinnori\project\sample_test\client_build\app_build\src\main\java\kr\pe\sinnori\impl\message] creation task end
08:25:02.383 [main] INFO  k.p.s.c.buildsystem.ProjectBuilder - main project[sample_test]'s message server codec file[PublicKeyRes][D:\gitsinnori\sinnori\project\sample_test\client_build\app_build\src\main\java\kr\pe\sinnori\impl\message] creation task start
08:25:02.383 [main] INFO  k.p.s.c.buildsystem.ProjectBuilder - main project[sample_test]'s message server codec file[PublicKeyRes][D:\gitsinnori\sinnori\project\sample_test\client_build\app_build\src\main\java\kr\pe\sinnori\impl\message] creation task end
08:25:02.383 [main] INFO  k.p.s.c.buildsystem.ProjectBuilder - main project[sample_test]'s message client codec file[PublicKeyRes][D:\gitsinnori\sinnori\project\sample_test\client_build\app_build\src\main\java\kr\pe\sinnori\impl\message] creation task start
08:25:02.383 [main] INFO  k.p.s.c.buildsystem.ProjectBuilder - main project[sample_test]'s message client codec file[PublicKeyRes][D:\gitsinnori\sinnori\project\sample_test\client_build\app_build\src\main\java\kr\pe\sinnori\impl\message] creation task end
08:25:02.383 [main] INFO  k.p.s.c.buildsystem.ProjectBuilder - main project[sample_test]'s application client message io file set creation task end
08:25:02.383 [main] INFO  k.p.s.c.buildsystem.ProjectBuilder - mainproject[sample_test]'s application client build system files creation task end
08:25:02.383 [main] INFO  k.p.s.c.buildsystem.ProjectBuilder - main project[sample_test]'s web client build path deletion task start
08:25:02.399 [main] INFO  k.p.s.c.buildsystem.ProjectBuilder - main project[sample_test]'s web client build path deletion task end
08:25:02.399 [main] INFO  k.p.s.c.buildsystem.ProjectBuilder - main project[sample_test]'s web root path deletion task start
08:25:02.414 [main] INFO  k.p.s.c.buildsystem.ProjectBuilder - main project[sample_test]'s web root path deletion task end
08:25:02.414 [main] INFO  k.p.s.c.buildsystem.ProjectBuilder - main project[sample_test]'s config file overwrite task start
08:25:02.414 [main] INFO  k.p.s.c.buildsystem.ProjectBuilder - main project[sample_test]'s config file overwrite task end
08:25:02.414 [main] INFO  k.p.s.c.buildsystem.ProjectBuilder - main project[sample_test] changeProjectState method end
08:25:02.414 [main] INFO  k.p.s.c.buildsystem.ProjectBuilder - the web client ant build.xml file[D:\gitsinnori\sinnori\project\sample_test\client_build\web_build\build.xml] is bad :: whetherExist[false] isFile[false]
08:25:02.414 [main] INFO  k.p.s.c.buildsystem.ProjectBuilder - the web.xml file[D:\gitsinnori\sinnori\project\sample_test\web_app_base\ROOT\WEB-INF\web.xml] located at web root directory is bad :: whetherExist[false] isFile[false]
08:25:02.414 [main] INFO  k.p.s.c.buildsystem.ProjectBuilder - main project[sample_test] changeProjectState method start
08:25:02.414 [main] WARN  k.p.s.c.buildsystem.ProjectBuilder - the server build path[D:\gitsinnori\sinnori\project\sample_test\server_build] exist, so skip creation of server build system
08:25:02.414 [main] WARN  k.p.s.c.buildsystem.ProjectBuilder - the app client build path[D:\gitsinnori\sinnori\project\sample_test\client_build\app_build] exist, so skip creation of app client build system
08:25:02.414 [main] INFO  k.p.s.c.buildsystem.ProjectBuilder - main project[sample_test]'s web build child direcotry creation task start
08:25:02.414 [main] INFO  k.p.s.common.util.CommonStaticUtil - the new child relative direcotry[D:\gitsinnori\sinnori\project\sample_test][client_build/web_build/corelib/ex] was created successfully
08:25:02.414 [main] INFO  k.p.s.common.util.CommonStaticUtil - the new child relative direcotry[D:\gitsinnori\sinnori\project\sample_test][client_build/web_build/corelib/in] was created successfully
08:25:02.414 [main] INFO  k.p.s.common.util.CommonStaticUtil - the new child relative direcotry[D:\gitsinnori\sinnori\project\sample_test][client_build/web_build/lib/main/ex] was created successfully
08:25:02.414 [main] INFO  k.p.s.common.util.CommonStaticUtil - the new child relative direcotry[D:\gitsinnori\sinnori\project\sample_test][client_build/web_build/lib/main/in] was created successfully
08:25:02.414 [main] INFO  k.p.s.common.util.CommonStaticUtil - the new child relative direcotry[D:\gitsinnori\sinnori\project\sample_test][client_build/web_build/lib/test] was created successfully
08:25:02.414 [main] INFO  k.p.s.common.util.CommonStaticUtil - the new child relative direcotry[D:\gitsinnori\sinnori\project\sample_test][client_build/web_build/src/main/java/kr/pe/sinnori/impl/message] was created successfully
08:25:02.414 [main] INFO  k.p.s.common.util.CommonStaticUtil - the new child relative direcotry[D:\gitsinnori\sinnori\project\sample_test][client_build/web_build/src/main/java//kr/pe/sinnori/servlet] was created successfully
08:25:02.414 [main] INFO  k.p.s.common.util.CommonStaticUtil - the new child relative direcotry[D:\gitsinnori\sinnori\project\sample_test][client_build/web_build/src/main/java/kr/pe/sinnori/weblib/common] was created successfully
08:25:02.414 [main] INFO  k.p.s.common.util.CommonStaticUtil - the new child relative direcotry[D:\gitsinnori\sinnori\project\sample_test][client_build/web_build/src/main/java/kr/pe/sinnori/weblib/htmlstring] was created successfully
08:25:02.414 [main] INFO  k.p.s.common.util.CommonStaticUtil - the new child relative direcotry[D:\gitsinnori\sinnori\project\sample_test][client_build/web_build/src/main/java/kr/pe/sinnori/weblib/jdf] was created successfully
08:25:02.414 [main] INFO  k.p.s.common.util.CommonStaticUtil - the new child relative direcotry[D:\gitsinnori\sinnori\project\sample_test][client_build/web_build/src/test/java] was created successfully
08:25:02.514 [main] INFO  k.p.s.common.util.CommonStaticUtil - the new child relative direcotry[D:\gitsinnori\sinnori\project\sample_test][client_build/web_build/build] was created successfully
08:25:02.514 [main] INFO  k.p.s.common.util.CommonStaticUtil - the new child relative direcotry[D:\gitsinnori\sinnori\project\sample_test][client_build/web_build/dist] was created successfully
08:25:02.514 [main] INFO  k.p.s.c.buildsystem.ProjectBuilder - main project[sample_test]'s web build child direcotry creation task end
08:25:02.514 [main] INFO  k.p.s.c.buildsystem.ProjectBuilder - main project[sample_test]'s web client build system files creation task start
08:25:02.514 [main] INFO  k.p.s.c.buildsystem.ProjectBuilder - main project[sample_test]'s web client ant build.xml file creation task start
08:25:02.514 [main] INFO  k.p.s.c.buildsystem.ProjectBuilder - main project[sample_test]'s web client ant build.xml file creation task end
08:25:02.514 [main] INFO  k.p.s.c.buildsystem.ProjectBuilder - main project[sample_test]'s web client ant properties file creation task start
08:25:02.514 [main] INFO  k.p.s.c.util.SequencedPropertiesUtil - the sequenced properties file[D:\gitsinnori\sinnori\project\sample_test\client_build\web_build\webAnt.properties] was created
08:25:02.530 [main] INFO  k.p.s.c.buildsystem.ProjectBuilder - main project[sample_test]'s web client ant properties file creation task end
08:25:02.530 [main] INFO  k.p.s.c.buildsystem.ProjectBuilder - main project[sample_test]'s web client message io file set creation task start
08:25:02.530 [main] INFO  k.p.s.common.util.CommonStaticUtil - the new child relative direcotry[D:\gitsinnori\sinnori\project\sample_test\client_build\web_build\src\main\java\kr\pe\sinnori\impl\message][Echo] was created successfully
08:25:02.530 [main] INFO  k.p.s.c.buildsystem.ProjectBuilder - main project[sample_test]'s message file[Echo][D:\gitsinnori\sinnori\project\sample_test\client_build\web_build\src\main\java\kr\pe\sinnori\impl\message] creation task start
08:25:02.530 [main] INFO  k.p.s.c.buildsystem.ProjectBuilder - main project[sample_test]'s message file[Echo][D:\gitsinnori\sinnori\project\sample_test\client_build\web_build\src\main\java\kr\pe\sinnori\impl\message] creation task end
08:25:02.530 [main] INFO  k.p.s.c.buildsystem.ProjectBuilder - main project[sample_test]'s message decoder file[Echo][D:\gitsinnori\sinnori\project\sample_test\client_build\web_build\src\main\java\kr\pe\sinnori\impl\message] creation task start
08:25:02.550 [main] INFO  k.p.s.c.buildsystem.ProjectBuilder - main project[sample_test]'s message decoder file[Echo][D:\gitsinnori\sinnori\project\sample_test\client_build\web_build\src\main\java\kr\pe\sinnori\impl\message] creation task end
08:25:02.551 [main] INFO  k.p.s.c.buildsystem.ProjectBuilder - main project[sample_test]'s message encoder file[Echo][D:\gitsinnori\sinnori\project\sample_test\client_build\web_build\src\main\java\kr\pe\sinnori\impl\message] creation task start
08:25:02.552 [main] INFO  k.p.s.c.buildsystem.ProjectBuilder - main project[sample_test]'s message encoder file[Echo][D:\gitsinnori\sinnori\project\sample_test\client_build\web_build\src\main\java\kr\pe\sinnori\impl\message] creation task end
08:25:02.552 [main] INFO  k.p.s.c.buildsystem.ProjectBuilder - main project[sample_test]'s message server codec file[Echo][D:\gitsinnori\sinnori\project\sample_test\client_build\web_build\src\main\java\kr\pe\sinnori\impl\message] creation task start
08:25:02.552 [main] INFO  k.p.s.c.buildsystem.ProjectBuilder - main project[sample_test]'s message server codec file[Echo][D:\gitsinnori\sinnori\project\sample_test\client_build\web_build\src\main\java\kr\pe\sinnori\impl\message] creation task end
08:25:02.552 [main] INFO  k.p.s.c.buildsystem.ProjectBuilder - main project[sample_test]'s message client codec file[Echo][D:\gitsinnori\sinnori\project\sample_test\client_build\web_build\src\main\java\kr\pe\sinnori\impl\message] creation task start
08:25:02.552 [main] INFO  k.p.s.c.buildsystem.ProjectBuilder - main project[sample_test]'s message client codec file[Echo][D:\gitsinnori\sinnori\project\sample_test\client_build\web_build\src\main\java\kr\pe\sinnori\impl\message] creation task end
08:25:02.552 [main] INFO  k.p.s.common.util.CommonStaticUtil - the new child relative direcotry[D:\gitsinnori\sinnori\project\sample_test\client_build\web_build\src\main\java\kr\pe\sinnori\impl\message][PublicKeyReq] was created successfully
08:25:02.567 [main] INFO  k.p.s.c.buildsystem.ProjectBuilder - main project[sample_test]'s message file[PublicKeyReq][D:\gitsinnori\sinnori\project\sample_test\client_build\web_build\src\main\java\kr\pe\sinnori\impl\message] creation task start
08:25:02.567 [main] INFO  k.p.s.c.buildsystem.ProjectBuilder - main project[sample_test]'s message file[PublicKeyReq][D:\gitsinnori\sinnori\project\sample_test\client_build\web_build\src\main\java\kr\pe\sinnori\impl\message] creation task end
08:25:02.567 [main] INFO  k.p.s.c.buildsystem.ProjectBuilder - main project[sample_test]'s message decoder file[PublicKeyReq][D:\gitsinnori\sinnori\project\sample_test\client_build\web_build\src\main\java\kr\pe\sinnori\impl\message] creation task start
08:25:02.567 [main] INFO  k.p.s.c.buildsystem.ProjectBuilder - main project[sample_test]'s message decoder file[PublicKeyReq][D:\gitsinnori\sinnori\project\sample_test\client_build\web_build\src\main\java\kr\pe\sinnori\impl\message] creation task end
08:25:02.567 [main] INFO  k.p.s.c.buildsystem.ProjectBuilder - main project[sample_test]'s message encoder file[PublicKeyReq][D:\gitsinnori\sinnori\project\sample_test\client_build\web_build\src\main\java\kr\pe\sinnori\impl\message] creation task start
08:25:02.567 [main] INFO  k.p.s.c.buildsystem.ProjectBuilder - main project[sample_test]'s message encoder file[PublicKeyReq][D:\gitsinnori\sinnori\project\sample_test\client_build\web_build\src\main\java\kr\pe\sinnori\impl\message] creation task end
08:25:02.567 [main] INFO  k.p.s.c.buildsystem.ProjectBuilder - main project[sample_test]'s message server codec file[PublicKeyReq][D:\gitsinnori\sinnori\project\sample_test\client_build\web_build\src\main\java\kr\pe\sinnori\impl\message] creation task start
08:25:02.567 [main] INFO  k.p.s.c.buildsystem.ProjectBuilder - main project[sample_test]'s message server codec file[PublicKeyReq][D:\gitsinnori\sinnori\project\sample_test\client_build\web_build\src\main\java\kr\pe\sinnori\impl\message] creation task end
08:25:02.567 [main] INFO  k.p.s.c.buildsystem.ProjectBuilder - main project[sample_test]'s message client codec file[PublicKeyReq][D:\gitsinnori\sinnori\project\sample_test\client_build\web_build\src\main\java\kr\pe\sinnori\impl\message] creation task start
08:25:02.583 [main] INFO  k.p.s.c.buildsystem.ProjectBuilder - main project[sample_test]'s message client codec file[PublicKeyReq][D:\gitsinnori\sinnori\project\sample_test\client_build\web_build\src\main\java\kr\pe\sinnori\impl\message] creation task end
08:25:02.583 [main] INFO  k.p.s.common.util.CommonStaticUtil - the new child relative direcotry[D:\gitsinnori\sinnori\project\sample_test\client_build\web_build\src\main\java\kr\pe\sinnori\impl\message][PublicKeyRes] was created successfully
08:25:02.583 [main] INFO  k.p.s.c.buildsystem.ProjectBuilder - main project[sample_test]'s message file[PublicKeyRes][D:\gitsinnori\sinnori\project\sample_test\client_build\web_build\src\main\java\kr\pe\sinnori\impl\message] creation task start
08:25:02.583 [main] INFO  k.p.s.c.buildsystem.ProjectBuilder - main project[sample_test]'s message file[PublicKeyRes][D:\gitsinnori\sinnori\project\sample_test\client_build\web_build\src\main\java\kr\pe\sinnori\impl\message] creation task end
08:25:02.583 [main] INFO  k.p.s.c.buildsystem.ProjectBuilder - main project[sample_test]'s message decoder file[PublicKeyRes][D:\gitsinnori\sinnori\project\sample_test\client_build\web_build\src\main\java\kr\pe\sinnori\impl\message] creation task start
08:25:02.583 [main] INFO  k.p.s.c.buildsystem.ProjectBuilder - main project[sample_test]'s message decoder file[PublicKeyRes][D:\gitsinnori\sinnori\project\sample_test\client_build\web_build\src\main\java\kr\pe\sinnori\impl\message] creation task end
08:25:02.667 [main] INFO  k.p.s.c.buildsystem.ProjectBuilder - main project[sample_test]'s message encoder file[PublicKeyRes][D:\gitsinnori\sinnori\project\sample_test\client_build\web_build\src\main\java\kr\pe\sinnori\impl\message] creation task start
08:25:02.667 [main] INFO  k.p.s.c.buildsystem.ProjectBuilder - main project[sample_test]'s message encoder file[PublicKeyRes][D:\gitsinnori\sinnori\project\sample_test\client_build\web_build\src\main\java\kr\pe\sinnori\impl\message] creation task end
08:25:02.667 [main] INFO  k.p.s.c.buildsystem.ProjectBuilder - main project[sample_test]'s message server codec file[PublicKeyRes][D:\gitsinnori\sinnori\project\sample_test\client_build\web_build\src\main\java\kr\pe\sinnori\impl\message] creation task start
08:25:02.667 [main] INFO  k.p.s.c.buildsystem.ProjectBuilder - main project[sample_test]'s message server codec file[PublicKeyRes][D:\gitsinnori\sinnori\project\sample_test\client_build\web_build\src\main\java\kr\pe\sinnori\impl\message] creation task end
08:25:02.667 [main] INFO  k.p.s.c.buildsystem.ProjectBuilder - main project[sample_test]'s message client codec file[PublicKeyRes][D:\gitsinnori\sinnori\project\sample_test\client_build\web_build\src\main\java\kr\pe\sinnori\impl\message] creation task start
08:25:02.683 [main] INFO  k.p.s.c.buildsystem.ProjectBuilder - main project[sample_test]'s message client codec file[PublicKeyRes][D:\gitsinnori\sinnori\project\sample_test\client_build\web_build\src\main\java\kr\pe\sinnori\impl\message] creation task end
08:25:02.683 [main] INFO  k.p.s.c.buildsystem.ProjectBuilder - main project[sample_test]'s web client message io file set creation task end
08:25:02.683 [main] INFO  k.p.s.c.buildsystem.ProjectBuilder - mainproject[sample_test]'s web client sample source files copy task start
08:25:02.767 [main] INFO  k.p.s.c.buildsystem.ProjectBuilder - mainproject[sample_test]'s web client sample source files copy task end
08:25:02.767 [main] INFO  k.p.s.c.buildsystem.ProjectBuilder - main project[sample_test]'s web client build system files creation task end
08:25:02.767 [main] INFO  k.p.s.c.buildsystem.ProjectBuilder - main project[sample_test]'s web root child direcotry creation task start
08:25:02.767 [main] INFO  k.p.s.common.util.CommonStaticUtil - the child relative direcotry[D:\gitsinnori\sinnori\project\sample_test][web_app_base/upload] exist, so nothing
08:25:02.767 [main] INFO  k.p.s.common.util.CommonStaticUtil - the new child relative direcotry[D:\gitsinnori\sinnori\project\sample_test][web_app_base/ROOT/WEB-INF/classes] was created successfully
08:25:02.767 [main] INFO  k.p.s.common.util.CommonStaticUtil - the new child relative direcotry[D:\gitsinnori\sinnori\project\sample_test][web_app_base/ROOT/WEB-INF/lib] was created successfully
08:25:02.767 [main] INFO  k.p.s.c.buildsystem.ProjectBuilder - main project[sample_test]'s web root child direcotry creation task end
08:25:02.767 [main] INFO  k.p.s.c.buildsystem.ProjectBuilder - main project[sample_test]'s web root sample files creation task start
08:25:02.767 [main] INFO  k.p.s.c.buildsystem.ProjectBuilder - main project[sample_test]'s web root sample files copy task start
08:25:02.782 [main] INFO  k.p.s.c.buildsystem.ProjectBuilder - main project[sample_test]'s web root sample files copy task end
08:25:02.782 [main] INFO  k.p.s.c.buildsystem.ProjectBuilder - main project[sample_test]'s web root sample files creation task end
08:25:02.782 [main] INFO  k.p.s.c.buildsystem.ProjectBuilder - main project[sample_test]'s config file overwrite task start
08:25:02.782 [main] INFO  k.p.s.c.buildsystem.ProjectBuilder - main project[sample_test]'s config file overwrite task end
08:25:02.782 [main] INFO  k.p.s.c.buildsystem.ProjectBuilder - main project[sample_test] changeProjectState method end
08:25:02.829 [main] INFO  k.p.s.c.buildsystem.ProjectBuilder - main project[sample_test]'s child direcotry creation task start
08:25:02.829 [main] INFO  k.p.s.c.buildsystem.ProjectBuilder - main project[sample_test]'s common child direcotry creation task start
08:25:02.829 [main] INFO  k.p.s.common.util.CommonStaticUtil - the new child relative direcotry[D:\gitsinnori\sinnori\project\sample_test][config] was created successfully
08:25:02.829 [main] INFO  k.p.s.common.util.CommonStaticUtil - the new child relative direcotry[D:\gitsinnori\sinnori\project\sample_test][resources/dbcp] was created successfully
08:25:02.829 [main] INFO  k.p.s.common.util.CommonStaticUtil - the new child relative direcotry[D:\gitsinnori\sinnori\project\sample_test][resources/message_info] was created successfully
08:25:02.829 [main] INFO  k.p.s.common.util.CommonStaticUtil - the new child relative direcotry[D:\gitsinnori\sinnori\project\sample_test][resources/rsa_keypair] was created successfully
08:25:02.829 [main] INFO  k.p.s.common.util.CommonStaticUtil - the new child relative direcotry[D:\gitsinnori\sinnori\project\sample_test][log/apache] was created successfully
08:25:02.829 [main] INFO  k.p.s.common.util.CommonStaticUtil - the new child relative direcotry[D:\gitsinnori\sinnori\project\sample_test][log/client] was created successfully
08:25:02.829 [main] INFO  k.p.s.common.util.CommonStaticUtil - the new child relative direcotry[D:\gitsinnori\sinnori\project\sample_test][log/server] was created successfully
08:25:02.829 [main] INFO  k.p.s.common.util.CommonStaticUtil - the new child relative direcotry[D:\gitsinnori\sinnori\project\sample_test][log/servlet] was created successfully
08:25:02.829 [main] INFO  k.p.s.c.buildsystem.ProjectBuilder - main project[sample_test]'s common child direcotry creation task end
08:25:02.829 [main] INFO  k.p.s.c.buildsystem.ProjectBuilder - main project[sample_test]'s server child direcotry creation task start
08:25:02.829 [main] INFO  k.p.s.common.util.CommonStaticUtil - the new child relative direcotry[D:\gitsinnori\sinnori\project\sample_test][server_build/APP-INF/classes] was created successfully
08:25:02.829 [main] INFO  k.p.s.common.util.CommonStaticUtil - the new child relative direcotry[D:\gitsinnori\sinnori\project\sample_test][server_build/corelib/ex] was created successfully
08:25:02.829 [main] INFO  k.p.s.common.util.CommonStaticUtil - the new child relative direcotry[D:\gitsinnori\sinnori\project\sample_test][server_build/corelib/in] was created successfully
08:25:02.829 [main] INFO  k.p.s.common.util.CommonStaticUtil - the new child relative direcotry[D:\gitsinnori\sinnori\project\sample_test][server_build/lib/main/ex] was created successfully
08:25:02.829 [main] INFO  k.p.s.common.util.CommonStaticUtil - the new child relative direcotry[D:\gitsinnori\sinnori\project\sample_test][server_build/lib/main/in] was created successfully
08:25:02.829 [main] INFO  k.p.s.common.util.CommonStaticUtil - the new child relative direcotry[D:\gitsinnori\sinnori\project\sample_test][server_build/lib/test] was created successfully
08:25:02.829 [main] INFO  k.p.s.common.util.CommonStaticUtil - the new child relative direcotry[D:\gitsinnori\sinnori\project\sample_test][server_build/src/main/java/kr/pe/sinnori/impl/servertask] was created successfully
08:25:02.829 [main] INFO  k.p.s.common.util.CommonStaticUtil - the new child relative direcotry[D:\gitsinnori\sinnori\project\sample_test][server_build/src/main/java/kr/pe/sinnori/impl/message] was created successfully
08:25:02.829 [main] INFO  k.p.s.common.util.CommonStaticUtil - the new child relative direcotry[D:\gitsinnori\sinnori\project\sample_test][server_build/src/main/java/main] was created successfully
08:25:02.829 [main] INFO  k.p.s.common.util.CommonStaticUtil - the new child relative direcotry[D:\gitsinnori\sinnori\project\sample_test][server_build/src/test/java] was created successfully
08:25:02.829 [main] INFO  k.p.s.common.util.CommonStaticUtil - the new child relative direcotry[D:\gitsinnori\sinnori\project\sample_test][server_build/build] was created successfully
08:25:02.929 [main] INFO  k.p.s.common.util.CommonStaticUtil - the new child relative direcotry[D:\gitsinnori\sinnori\project\sample_test][server_build/dist] was created successfully
08:25:02.929 [main] INFO  k.p.s.c.buildsystem.ProjectBuilder - main project[sample_test]'s server child direcotry creation task end
08:25:02.929 [main] INFO  k.p.s.c.buildsystem.ProjectBuilder - main project[sample_test]'s application build child direcotry creation task start
08:25:02.929 [main] INFO  k.p.s.common.util.CommonStaticUtil - the new child relative direcotry[D:\gitsinnori\sinnori\project\sample_test][client_build/app_build/corelib/ex] was created successfully
08:25:02.929 [main] INFO  k.p.s.common.util.CommonStaticUtil - the new child relative direcotry[D:\gitsinnori\sinnori\project\sample_test][client_build/app_build/corelib/in] was created successfully
08:25:02.929 [main] INFO  k.p.s.common.util.CommonStaticUtil - the new child relative direcotry[D:\gitsinnori\sinnori\project\sample_test][client_build/app_build/lib/main/ex] was created successfully
08:25:02.929 [main] INFO  k.p.s.common.util.CommonStaticUtil - the new child relative direcotry[D:\gitsinnori\sinnori\project\sample_test][client_build/app_build/lib/main/in] was created successfully
08:25:02.929 [main] INFO  k.p.s.common.util.CommonStaticUtil - the new child relative direcotry[D:\gitsinnori\sinnori\project\sample_test][client_build/app_build/lib/test] was created successfully
08:25:02.929 [main] INFO  k.p.s.common.util.CommonStaticUtil - the new child relative direcotry[D:\gitsinnori\sinnori\project\sample_test][client_build/app_build/src/main/java/kr/pe/sinnori/impl/message] was created successfully
08:25:02.929 [main] INFO  k.p.s.common.util.CommonStaticUtil - the new child relative direcotry[D:\gitsinnori\sinnori\project\sample_test][client_build/app_build/src/main/java/main] was created successfully
08:25:02.929 [main] INFO  k.p.s.common.util.CommonStaticUtil - the new child relative direcotry[D:\gitsinnori\sinnori\project\sample_test][client_build/app_build/src/test/java] was created successfully
08:25:02.929 [main] INFO  k.p.s.common.util.CommonStaticUtil - the new child relative direcotry[D:\gitsinnori\sinnori\project\sample_test][client_build/app_build/build] was created successfully
08:25:02.929 [main] INFO  k.p.s.common.util.CommonStaticUtil - the new child relative direcotry[D:\gitsinnori\sinnori\project\sample_test][client_build/app_build/dist] was created successfully
08:25:02.929 [main] INFO  k.p.s.c.buildsystem.ProjectBuilder - main project[sample_test]'s application build child direcotry creation task end
08:25:02.929 [main] INFO  k.p.s.c.buildsystem.ProjectBuilder - main project[sample_test]'s web build child direcotry creation task start
08:25:02.929 [main] INFO  k.p.s.common.util.CommonStaticUtil - the new child relative direcotry[D:\gitsinnori\sinnori\project\sample_test][client_build/web_build/corelib/ex] was created successfully
08:25:02.929 [main] INFO  k.p.s.common.util.CommonStaticUtil - the new child relative direcotry[D:\gitsinnori\sinnori\project\sample_test][client_build/web_build/corelib/in] was created successfully
08:25:02.929 [main] INFO  k.p.s.common.util.CommonStaticUtil - the new child relative direcotry[D:\gitsinnori\sinnori\project\sample_test][client_build/web_build/lib/main/ex] was created successfully
08:25:02.929 [main] INFO  k.p.s.common.util.CommonStaticUtil - the new child relative direcotry[D:\gitsinnori\sinnori\project\sample_test][client_build/web_build/lib/main/in] was created successfully
08:25:02.929 [main] INFO  k.p.s.common.util.CommonStaticUtil - the new child relative direcotry[D:\gitsinnori\sinnori\project\sample_test][client_build/web_build/lib/test] was created successfully
08:25:02.929 [main] INFO  k.p.s.common.util.CommonStaticUtil - the new child relative direcotry[D:\gitsinnori\sinnori\project\sample_test][client_build/web_build/src/main/java/kr/pe/sinnori/impl/message] was created successfully
08:25:02.929 [main] INFO  k.p.s.common.util.CommonStaticUtil - the new child relative direcotry[D:\gitsinnori\sinnori\project\sample_test][client_build/web_build/src/main/java//kr/pe/sinnori/servlet] was created successfully
08:25:02.929 [main] INFO  k.p.s.common.util.CommonStaticUtil - the new child relative direcotry[D:\gitsinnori\sinnori\project\sample_test][client_build/web_build/src/main/java/kr/pe/sinnori/weblib/common] was created successfully
08:25:02.929 [main] INFO  k.p.s.common.util.CommonStaticUtil - the new child relative direcotry[D:\gitsinnori\sinnori\project\sample_test][client_build/web_build/src/main/java/kr/pe/sinnori/weblib/htmlstring] was created successfully
08:25:02.929 [main] INFO  k.p.s.common.util.CommonStaticUtil - the new child relative direcotry[D:\gitsinnori\sinnori\project\sample_test][client_build/web_build/src/main/java/kr/pe/sinnori/weblib/jdf] was created successfully
08:25:02.929 [main] INFO  k.p.s.common.util.CommonStaticUtil - the new child relative direcotry[D:\gitsinnori\sinnori\project\sample_test][client_build/web_build/src/test/java] was created successfully
08:25:02.929 [main] INFO  k.p.s.common.util.CommonStaticUtil - the new child relative direcotry[D:\gitsinnori\sinnori\project\sample_test][client_build/web_build/build] was created successfully
08:25:02.929 [main] INFO  k.p.s.common.util.CommonStaticUtil - the new child relative direcotry[D:\gitsinnori\sinnori\project\sample_test][client_build/web_build/dist] was created successfully
08:25:02.929 [main] INFO  k.p.s.c.buildsystem.ProjectBuilder - main project[sample_test]'s web build child direcotry creation task end
08:25:02.929 [main] INFO  k.p.s.c.buildsystem.ProjectBuilder - main project[sample_test]'s web root child direcotry creation task start
08:25:02.945 [main] INFO  k.p.s.common.util.CommonStaticUtil - the new child relative direcotry[D:\gitsinnori\sinnori\project\sample_test][web_app_base/upload] was created successfully
08:25:02.946 [main] INFO  k.p.s.common.util.CommonStaticUtil - the new child relative direcotry[D:\gitsinnori\sinnori\project\sample_test][web_app_base/ROOT/WEB-INF/classes] was created successfully
08:25:02.946 [main] INFO  k.p.s.common.util.CommonStaticUtil - the new child relative direcotry[D:\gitsinnori\sinnori\project\sample_test][web_app_base/ROOT/WEB-INF/lib] was created successfully
08:25:02.946 [main] INFO  k.p.s.c.buildsystem.ProjectBuilder - main project[sample_test]'s web root child direcotry creation task end
08:25:02.946 [main] INFO  k.p.s.c.buildsystem.ProjectBuilder - main project[sample_test]'s child direcotry creation task end
08:25:02.946 [main] INFO  k.p.s.c.buildsystem.ProjectBuilder - main project[sample_test]'s file creation task start
08:25:02.946 [main] INFO  k.p.s.c.buildsystem.ProjectBuilder - main project[sample_test]'s config file creation task start
08:25:02.946 [main] INFO  k.p.s.c.util.SequencedPropertiesUtil - the sequenced properties file[D:\gitsinnori\sinnori\project\sample_test\config\sinnori.properties] was created
08:25:02.950 [main] INFO  k.p.s.c.buildsystem.ProjectBuilder - main project[sample_test]'s config file creation task end
08:25:02.950 [main] INFO  k.p.s.c.buildsystem.ProjectBuilder - the mainproject[sample_test]'s resources directory copy task start
08:25:03.067 [main] INFO  k.p.s.c.buildsystem.ProjectBuilder - the mainproject[sample_test]'s resources directory copy task end
08:25:03.067 [main] INFO  k.p.s.c.buildsystem.ProjectBuilder - server build system files creation task start
08:25:03.067 [main] INFO  k.p.s.c.buildsystem.ProjectBuilder - main project[sample_test]'s server ant build.xml file creation task start
08:25:03.067 [main] INFO  k.p.s.c.buildsystem.ProjectBuilder - main project[sample_test]'s server ant build.xml file creation task end
08:25:03.067 [main] INFO  k.p.s.c.buildsystem.ProjectBuilder - main project[sample_test]'s server dos shell file creation task start
08:25:03.067 [main] INFO  k.p.s.c.buildsystem.ProjectBuilder - main project[sample_test]'s server dos shell file creation task end
08:25:03.067 [main] INFO  k.p.s.c.buildsystem.ProjectBuilder - main project[sample_test]'s server unix shell file creation task start
08:25:03.067 [main] INFO  k.p.s.c.buildsystem.ProjectBuilder - main project[sample_test]'s server unix shell file creation task end
08:25:03.067 [main] INFO  k.p.s.c.buildsystem.ProjectBuilder - server sample source files copy task start
08:25:03.083 [main] INFO  k.p.s.c.buildsystem.ProjectBuilder - server sample source files copy task end
08:25:03.083 [main] INFO  k.p.s.c.buildsystem.ProjectBuilder - main project[sample_test]'s server message io file set creation task start
08:25:03.083 [main] INFO  k.p.s.common.util.CommonStaticUtil - the new child relative direcotry[D:\gitsinnori\sinnori\project\sample_test\server_build\src\main\java\kr\pe\sinnori\impl\message][Echo] was created successfully
08:25:03.083 [main] INFO  k.p.s.c.buildsystem.ProjectBuilder - main project[sample_test]'s message file[Echo][D:\gitsinnori\sinnori\project\sample_test\server_build\src\main\java\kr\pe\sinnori\impl\message] creation task start
08:25:03.083 [main] INFO  k.p.s.c.buildsystem.ProjectBuilder - main project[sample_test]'s message file[Echo][D:\gitsinnori\sinnori\project\sample_test\server_build\src\main\java\kr\pe\sinnori\impl\message] creation task end
08:25:03.083 [main] INFO  k.p.s.c.buildsystem.ProjectBuilder - main project[sample_test]'s message decoder file[Echo][D:\gitsinnori\sinnori\project\sample_test\server_build\src\main\java\kr\pe\sinnori\impl\message] creation task start
08:25:03.083 [main] INFO  k.p.s.c.buildsystem.ProjectBuilder - main project[sample_test]'s message decoder file[Echo][D:\gitsinnori\sinnori\project\sample_test\server_build\src\main\java\kr\pe\sinnori\impl\message] creation task end
08:25:03.083 [main] INFO  k.p.s.c.buildsystem.ProjectBuilder - main project[sample_test]'s message encoder file[Echo][D:\gitsinnori\sinnori\project\sample_test\server_build\src\main\java\kr\pe\sinnori\impl\message] creation task start
08:25:03.098 [main] INFO  k.p.s.c.buildsystem.ProjectBuilder - main project[sample_test]'s message encoder file[Echo][D:\gitsinnori\sinnori\project\sample_test\server_build\src\main\java\kr\pe\sinnori\impl\message] creation task end
08:25:03.098 [main] INFO  k.p.s.c.buildsystem.ProjectBuilder - main project[sample_test]'s message server codec file[Echo][D:\gitsinnori\sinnori\project\sample_test\server_build\src\main\java\kr\pe\sinnori\impl\message] creation task start
08:25:03.098 [main] INFO  k.p.s.c.buildsystem.ProjectBuilder - main project[sample_test]'s message server codec file[Echo][D:\gitsinnori\sinnori\project\sample_test\server_build\src\main\java\kr\pe\sinnori\impl\message] creation task end
08:25:03.098 [main] INFO  k.p.s.c.buildsystem.ProjectBuilder - main project[sample_test]'s message client codec file[Echo][D:\gitsinnori\sinnori\project\sample_test\server_build\src\main\java\kr\pe\sinnori\impl\message] creation task start
08:25:03.098 [main] INFO  k.p.s.c.buildsystem.ProjectBuilder - main project[sample_test]'s message client codec file[Echo][D:\gitsinnori\sinnori\project\sample_test\server_build\src\main\java\kr\pe\sinnori\impl\message] creation task end
08:25:03.098 [main] INFO  k.p.s.common.util.CommonStaticUtil - the new child relative direcotry[D:\gitsinnori\sinnori\project\sample_test\server_build\src\main\java\kr\pe\sinnori\impl\message][PublicKeyReq] was created successfully
08:25:03.167 [main] INFO  k.p.s.c.buildsystem.ProjectBuilder - main project[sample_test]'s message file[PublicKeyReq][D:\gitsinnori\sinnori\project\sample_test\server_build\src\main\java\kr\pe\sinnori\impl\message] creation task start
08:25:03.167 [main] INFO  k.p.s.c.buildsystem.ProjectBuilder - main project[sample_test]'s message file[PublicKeyReq][D:\gitsinnori\sinnori\project\sample_test\server_build\src\main\java\kr\pe\sinnori\impl\message] creation task end
08:25:03.167 [main] INFO  k.p.s.c.buildsystem.ProjectBuilder - main project[sample_test]'s message decoder file[PublicKeyReq][D:\gitsinnori\sinnori\project\sample_test\server_build\src\main\java\kr\pe\sinnori\impl\message] creation task start
08:25:03.167 [main] INFO  k.p.s.c.buildsystem.ProjectBuilder - main project[sample_test]'s message decoder file[PublicKeyReq][D:\gitsinnori\sinnori\project\sample_test\server_build\src\main\java\kr\pe\sinnori\impl\message] creation task end
08:25:03.183 [main] INFO  k.p.s.c.buildsystem.ProjectBuilder - main project[sample_test]'s message encoder file[PublicKeyReq][D:\gitsinnori\sinnori\project\sample_test\server_build\src\main\java\kr\pe\sinnori\impl\message] creation task start
08:25:03.183 [main] INFO  k.p.s.c.buildsystem.ProjectBuilder - main project[sample_test]'s message encoder file[PublicKeyReq][D:\gitsinnori\sinnori\project\sample_test\server_build\src\main\java\kr\pe\sinnori\impl\message] creation task end
08:25:03.183 [main] INFO  k.p.s.c.buildsystem.ProjectBuilder - main project[sample_test]'s message server codec file[PublicKeyReq][D:\gitsinnori\sinnori\project\sample_test\server_build\src\main\java\kr\pe\sinnori\impl\message] creation task start
08:25:03.183 [main] INFO  k.p.s.c.buildsystem.ProjectBuilder - main project[sample_test]'s message server codec file[PublicKeyReq][D:\gitsinnori\sinnori\project\sample_test\server_build\src\main\java\kr\pe\sinnori\impl\message] creation task end
08:25:03.183 [main] INFO  k.p.s.c.buildsystem.ProjectBuilder - main project[sample_test]'s message client codec file[PublicKeyReq][D:\gitsinnori\sinnori\project\sample_test\server_build\src\main\java\kr\pe\sinnori\impl\message] creation task start
08:25:03.198 [main] INFO  k.p.s.c.buildsystem.ProjectBuilder - main project[sample_test]'s message client codec file[PublicKeyReq][D:\gitsinnori\sinnori\project\sample_test\server_build\src\main\java\kr\pe\sinnori\impl\message] creation task end
08:25:03.198 [main] INFO  k.p.s.common.util.CommonStaticUtil - the new child relative direcotry[D:\gitsinnori\sinnori\project\sample_test\server_build\src\main\java\kr\pe\sinnori\impl\message][PublicKeyRes] was created successfully
08:25:03.198 [main] INFO  k.p.s.c.buildsystem.ProjectBuilder - main project[sample_test]'s message file[PublicKeyRes][D:\gitsinnori\sinnori\project\sample_test\server_build\src\main\java\kr\pe\sinnori\impl\message] creation task start
08:25:03.198 [main] INFO  k.p.s.c.buildsystem.ProjectBuilder - main project[sample_test]'s message file[PublicKeyRes][D:\gitsinnori\sinnori\project\sample_test\server_build\src\main\java\kr\pe\sinnori\impl\message] creation task end
08:25:03.198 [main] INFO  k.p.s.c.buildsystem.ProjectBuilder - main project[sample_test]'s message decoder file[PublicKeyRes][D:\gitsinnori\sinnori\project\sample_test\server_build\src\main\java\kr\pe\sinnori\impl\message] creation task start
08:25:03.198 [main] INFO  k.p.s.c.buildsystem.ProjectBuilder - main project[sample_test]'s message decoder file[PublicKeyRes][D:\gitsinnori\sinnori\project\sample_test\server_build\src\main\java\kr\pe\sinnori\impl\message] creation task end
08:25:03.198 [main] INFO  k.p.s.c.buildsystem.ProjectBuilder - main project[sample_test]'s message encoder file[PublicKeyRes][D:\gitsinnori\sinnori\project\sample_test\server_build\src\main\java\kr\pe\sinnori\impl\message] creation task start
08:25:03.198 [main] INFO  k.p.s.c.buildsystem.ProjectBuilder - main project[sample_test]'s message encoder file[PublicKeyRes][D:\gitsinnori\sinnori\project\sample_test\server_build\src\main\java\kr\pe\sinnori\impl\message] creation task end
08:25:03.198 [main] INFO  k.p.s.c.buildsystem.ProjectBuilder - main project[sample_test]'s message server codec file[PublicKeyRes][D:\gitsinnori\sinnori\project\sample_test\server_build\src\main\java\kr\pe\sinnori\impl\message] creation task start
08:25:03.214 [main] INFO  k.p.s.c.buildsystem.ProjectBuilder - main project[sample_test]'s message server codec file[PublicKeyRes][D:\gitsinnori\sinnori\project\sample_test\server_build\src\main\java\kr\pe\sinnori\impl\message] creation task end
08:25:03.214 [main] INFO  k.p.s.c.buildsystem.ProjectBuilder - main project[sample_test]'s message client codec file[PublicKeyRes][D:\gitsinnori\sinnori\project\sample_test\server_build\src\main\java\kr\pe\sinnori\impl\message] creation task start
08:25:03.214 [main] INFO  k.p.s.c.buildsystem.ProjectBuilder - main project[sample_test]'s message client codec file[PublicKeyRes][D:\gitsinnori\sinnori\project\sample_test\server_build\src\main\java\kr\pe\sinnori\impl\message] creation task end
08:25:03.214 [main] INFO  k.p.s.c.buildsystem.ProjectBuilder - main project[sample_test]'s server message io file set creation task end
08:25:03.214 [main] INFO  k.p.s.c.buildsystem.ProjectBuilder - server build system files creation task end
08:25:03.214 [main] INFO  k.p.s.c.buildsystem.ProjectBuilder - mainproject[sample_test]'s application client build system files creation task start
08:25:03.214 [main] INFO  k.p.s.c.buildsystem.ProjectBuilder - main project[sample_test]'s application client ant build.xml file creation task start
08:25:03.214 [main] INFO  k.p.s.c.buildsystem.ProjectBuilder - main project[sample_test]'s application client ant build.xml file creation task end
08:25:03.214 [main] INFO  k.p.s.c.buildsystem.ProjectBuilder - main project[sample_test]'s application client dos shell file creation task start
08:25:03.214 [main] INFO  k.p.s.c.buildsystem.ProjectBuilder - main project[sample_test]'s application client dos shell file creation task end
08:25:03.214 [main] INFO  k.p.s.c.buildsystem.ProjectBuilder - main project[sample_test]'s application client unix shell file creation task start
08:25:03.214 [main] INFO  k.p.s.c.buildsystem.ProjectBuilder - main project[sample_test]'s application client unix shell file creation task end
08:25:03.214 [main] INFO  k.p.s.c.buildsystem.ProjectBuilder - application client sample source files copy task start
08:25:03.230 [main] INFO  k.p.s.c.buildsystem.ProjectBuilder - application client sample source files copy task end
08:25:03.230 [main] INFO  k.p.s.c.buildsystem.ProjectBuilder - main project[sample_test]'s application client message io file set creation task start
08:25:03.230 [main] INFO  k.p.s.common.util.CommonStaticUtil - the new child relative direcotry[D:\gitsinnori\sinnori\project\sample_test\client_build\app_build\src\main\java\kr\pe\sinnori\impl\message][Echo] was created successfully
08:25:03.230 [main] INFO  k.p.s.c.buildsystem.ProjectBuilder - main project[sample_test]'s message file[Echo][D:\gitsinnori\sinnori\project\sample_test\client_build\app_build\src\main\java\kr\pe\sinnori\impl\message] creation task start
08:25:03.230 [main] INFO  k.p.s.c.buildsystem.ProjectBuilder - main project[sample_test]'s message file[Echo][D:\gitsinnori\sinnori\project\sample_test\client_build\app_build\src\main\java\kr\pe\sinnori\impl\message] creation task end
08:25:03.230 [main] INFO  k.p.s.c.buildsystem.ProjectBuilder - main project[sample_test]'s message decoder file[Echo][D:\gitsinnori\sinnori\project\sample_test\client_build\app_build\src\main\java\kr\pe\sinnori\impl\message] creation task start
08:25:03.230 [main] INFO  k.p.s.c.buildsystem.ProjectBuilder - main project[sample_test]'s message decoder file[Echo][D:\gitsinnori\sinnori\project\sample_test\client_build\app_build\src\main\java\kr\pe\sinnori\impl\message] creation task end
08:25:03.230 [main] INFO  k.p.s.c.buildsystem.ProjectBuilder - main project[sample_test]'s message encoder file[Echo][D:\gitsinnori\sinnori\project\sample_test\client_build\app_build\src\main\java\kr\pe\sinnori\impl\message] creation task start
08:25:03.299 [main] INFO  k.p.s.c.buildsystem.ProjectBuilder - main project[sample_test]'s message encoder file[Echo][D:\gitsinnori\sinnori\project\sample_test\client_build\app_build\src\main\java\kr\pe\sinnori\impl\message] creation task end
08:25:03.299 [main] INFO  k.p.s.c.buildsystem.ProjectBuilder - main project[sample_test]'s message server codec file[Echo][D:\gitsinnori\sinnori\project\sample_test\client_build\app_build\src\main\java\kr\pe\sinnori\impl\message] creation task start
08:25:03.299 [main] INFO  k.p.s.c.buildsystem.ProjectBuilder - main project[sample_test]'s message server codec file[Echo][D:\gitsinnori\sinnori\project\sample_test\client_build\app_build\src\main\java\kr\pe\sinnori\impl\message] creation task end
08:25:03.299 [main] INFO  k.p.s.c.buildsystem.ProjectBuilder - main project[sample_test]'s message client codec file[Echo][D:\gitsinnori\sinnori\project\sample_test\client_build\app_build\src\main\java\kr\pe\sinnori\impl\message] creation task start
08:25:03.314 [main] INFO  k.p.s.c.buildsystem.ProjectBuilder - main project[sample_test]'s message client codec file[Echo][D:\gitsinnori\sinnori\project\sample_test\client_build\app_build\src\main\java\kr\pe\sinnori\impl\message] creation task end
08:25:03.314 [main] INFO  k.p.s.common.util.CommonStaticUtil - the new child relative direcotry[D:\gitsinnori\sinnori\project\sample_test\client_build\app_build\src\main\java\kr\pe\sinnori\impl\message][PublicKeyReq] was created successfully
08:25:03.314 [main] INFO  k.p.s.c.buildsystem.ProjectBuilder - main project[sample_test]'s message file[PublicKeyReq][D:\gitsinnori\sinnori\project\sample_test\client_build\app_build\src\main\java\kr\pe\sinnori\impl\message] creation task start
08:25:03.314 [main] INFO  k.p.s.c.buildsystem.ProjectBuilder - main project[sample_test]'s message file[PublicKeyReq][D:\gitsinnori\sinnori\project\sample_test\client_build\app_build\src\main\java\kr\pe\sinnori\impl\message] creation task end
08:25:03.314 [main] INFO  k.p.s.c.buildsystem.ProjectBuilder - main project[sample_test]'s message decoder file[PublicKeyReq][D:\gitsinnori\sinnori\project\sample_test\client_build\app_build\src\main\java\kr\pe\sinnori\impl\message] creation task start
08:25:03.330 [main] INFO  k.p.s.c.buildsystem.ProjectBuilder - main project[sample_test]'s message decoder file[PublicKeyReq][D:\gitsinnori\sinnori\project\sample_test\client_build\app_build\src\main\java\kr\pe\sinnori\impl\message] creation task end
08:25:03.330 [main] INFO  k.p.s.c.buildsystem.ProjectBuilder - main project[sample_test]'s message encoder file[PublicKeyReq][D:\gitsinnori\sinnori\project\sample_test\client_build\app_build\src\main\java\kr\pe\sinnori\impl\message] creation task start
08:25:03.330 [main] INFO  k.p.s.c.buildsystem.ProjectBuilder - main project[sample_test]'s message encoder file[PublicKeyReq][D:\gitsinnori\sinnori\project\sample_test\client_build\app_build\src\main\java\kr\pe\sinnori\impl\message] creation task end
08:25:03.330 [main] INFO  k.p.s.c.buildsystem.ProjectBuilder - main project[sample_test]'s message server codec file[PublicKeyReq][D:\gitsinnori\sinnori\project\sample_test\client_build\app_build\src\main\java\kr\pe\sinnori\impl\message] creation task start
08:25:03.330 [main] INFO  k.p.s.c.buildsystem.ProjectBuilder - main project[sample_test]'s message server codec file[PublicKeyReq][D:\gitsinnori\sinnori\project\sample_test\client_build\app_build\src\main\java\kr\pe\sinnori\impl\message] creation task end
08:25:03.330 [main] INFO  k.p.s.c.buildsystem.ProjectBuilder - main project[sample_test]'s message client codec file[PublicKeyReq][D:\gitsinnori\sinnori\project\sample_test\client_build\app_build\src\main\java\kr\pe\sinnori\impl\message] creation task start
08:25:03.346 [main] INFO  k.p.s.c.buildsystem.ProjectBuilder - main project[sample_test]'s message client codec file[PublicKeyReq][D:\gitsinnori\sinnori\project\sample_test\client_build\app_build\src\main\java\kr\pe\sinnori\impl\message] creation task end
08:25:03.347 [main] INFO  k.p.s.common.util.CommonStaticUtil - the new child relative direcotry[D:\gitsinnori\sinnori\project\sample_test\client_build\app_build\src\main\java\kr\pe\sinnori\impl\message][PublicKeyRes] was created successfully
08:25:03.347 [main] INFO  k.p.s.c.buildsystem.ProjectBuilder - main project[sample_test]'s message file[PublicKeyRes][D:\gitsinnori\sinnori\project\sample_test\client_build\app_build\src\main\java\kr\pe\sinnori\impl\message] creation task start
08:25:03.351 [main] INFO  k.p.s.c.buildsystem.ProjectBuilder - main project[sample_test]'s message file[PublicKeyRes][D:\gitsinnori\sinnori\project\sample_test\client_build\app_build\src\main\java\kr\pe\sinnori\impl\message] creation task end
08:25:03.352 [main] INFO  k.p.s.c.buildsystem.ProjectBuilder - main project[sample_test]'s message decoder file[PublicKeyRes][D:\gitsinnori\sinnori\project\sample_test\client_build\app_build\src\main\java\kr\pe\sinnori\impl\message] creation task start
08:25:03.352 [main] INFO  k.p.s.c.buildsystem.ProjectBuilder - main project[sample_test]'s message decoder file[PublicKeyRes][D:\gitsinnori\sinnori\project\sample_test\client_build\app_build\src\main\java\kr\pe\sinnori\impl\message] creation task end
08:25:03.352 [main] INFO  k.p.s.c.buildsystem.ProjectBuilder - main project[sample_test]'s message encoder file[PublicKeyRes][D:\gitsinnori\sinnori\project\sample_test\client_build\app_build\src\main\java\kr\pe\sinnori\impl\message] creation task start
08:25:03.352 [main] INFO  k.p.s.c.buildsystem.ProjectBuilder - main project[sample_test]'s message encoder file[PublicKeyRes][D:\gitsinnori\sinnori\project\sample_test\client_build\app_build\src\main\java\kr\pe\sinnori\impl\message] creation task end
08:25:03.352 [main] INFO  k.p.s.c.buildsystem.ProjectBuilder - main project[sample_test]'s message server codec file[PublicKeyRes][D:\gitsinnori\sinnori\project\sample_test\client_build\app_build\src\main\java\kr\pe\sinnori\impl\message] creation task start
08:25:03.352 [main] INFO  k.p.s.c.buildsystem.ProjectBuilder - main project[sample_test]'s message server codec file[PublicKeyRes][D:\gitsinnori\sinnori\project\sample_test\client_build\app_build\src\main\java\kr\pe\sinnori\impl\message] creation task end
08:25:03.352 [main] INFO  k.p.s.c.buildsystem.ProjectBuilder - main project[sample_test]'s message client codec file[PublicKeyRes][D:\gitsinnori\sinnori\project\sample_test\client_build\app_build\src\main\java\kr\pe\sinnori\impl\message] creation task start
08:25:03.352 [main] INFO  k.p.s.c.buildsystem.ProjectBuilder - main project[sample_test]'s message client codec file[PublicKeyRes][D:\gitsinnori\sinnori\project\sample_test\client_build\app_build\src\main\java\kr\pe\sinnori\impl\message] creation task end
08:25:03.352 [main] INFO  k.p.s.c.buildsystem.ProjectBuilder - main project[sample_test]'s application client message io file set creation task end
08:25:03.352 [main] INFO  k.p.s.c.buildsystem.ProjectBuilder - mainproject[sample_test]'s application client build system files creation task end
08:25:03.352 [main] INFO  k.p.s.c.buildsystem.ProjectBuilder - main project[sample_test]'s web client build system files creation task start
08:25:03.352 [main] INFO  k.p.s.c.buildsystem.ProjectBuilder - main project[sample_test]'s web client ant build.xml file creation task start
08:25:03.368 [main] INFO  k.p.s.c.buildsystem.ProjectBuilder - main project[sample_test]'s web client ant build.xml file creation task end
08:25:03.368 [main] INFO  k.p.s.c.buildsystem.ProjectBuilder - main project[sample_test]'s web client ant properties file creation task start
08:25:03.368 [main] INFO  k.p.s.c.util.SequencedPropertiesUtil - the sequenced properties file[D:\gitsinnori\sinnori\project\sample_test\client_build\web_build\webAnt.properties] was created
08:25:03.368 [main] INFO  k.p.s.c.buildsystem.ProjectBuilder - main project[sample_test]'s web client ant properties file creation task end
08:25:03.368 [main] INFO  k.p.s.c.buildsystem.ProjectBuilder - main project[sample_test]'s web client message io file set creation task start
08:25:03.368 [main] INFO  k.p.s.common.util.CommonStaticUtil - the new child relative direcotry[D:\gitsinnori\sinnori\project\sample_test\client_build\web_build\src\main\java\kr\pe\sinnori\impl\message][Echo] was created successfully
08:25:03.368 [main] INFO  k.p.s.c.buildsystem.ProjectBuilder - main project[sample_test]'s message file[Echo][D:\gitsinnori\sinnori\project\sample_test\client_build\web_build\src\main\java\kr\pe\sinnori\impl\message] creation task start
08:25:03.368 [main] INFO  k.p.s.c.buildsystem.ProjectBuilder - main project[sample_test]'s message file[Echo][D:\gitsinnori\sinnori\project\sample_test\client_build\web_build\src\main\java\kr\pe\sinnori\impl\message] creation task end
08:25:03.368 [main] INFO  k.p.s.c.buildsystem.ProjectBuilder - main project[sample_test]'s message decoder file[Echo][D:\gitsinnori\sinnori\project\sample_test\client_build\web_build\src\main\java\kr\pe\sinnori\impl\message] creation task start
08:25:03.368 [main] INFO  k.p.s.c.buildsystem.ProjectBuilder - main project[sample_test]'s message decoder file[Echo][D:\gitsinnori\sinnori\project\sample_test\client_build\web_build\src\main\java\kr\pe\sinnori\impl\message] creation task end
08:25:03.368 [main] INFO  k.p.s.c.buildsystem.ProjectBuilder - main project[sample_test]'s message encoder file[Echo][D:\gitsinnori\sinnori\project\sample_test\client_build\web_build\src\main\java\kr\pe\sinnori\impl\message] creation task start
08:25:03.383 [main] INFO  k.p.s.c.buildsystem.ProjectBuilder - main project[sample_test]'s message encoder file[Echo][D:\gitsinnori\sinnori\project\sample_test\client_build\web_build\src\main\java\kr\pe\sinnori\impl\message] creation task end
08:25:03.383 [main] INFO  k.p.s.c.buildsystem.ProjectBuilder - main project[sample_test]'s message server codec file[Echo][D:\gitsinnori\sinnori\project\sample_test\client_build\web_build\src\main\java\kr\pe\sinnori\impl\message] creation task start
08:25:03.383 [main] INFO  k.p.s.c.buildsystem.ProjectBuilder - main project[sample_test]'s message server codec file[Echo][D:\gitsinnori\sinnori\project\sample_test\client_build\web_build\src\main\java\kr\pe\sinnori\impl\message] creation task end
08:25:03.467 [main] INFO  k.p.s.c.buildsystem.ProjectBuilder - main project[sample_test]'s message client codec file[Echo][D:\gitsinnori\sinnori\project\sample_test\client_build\web_build\src\main\java\kr\pe\sinnori\impl\message] creation task start
08:25:03.467 [main] INFO  k.p.s.c.buildsystem.ProjectBuilder - main project[sample_test]'s message client codec file[Echo][D:\gitsinnori\sinnori\project\sample_test\client_build\web_build\src\main\java\kr\pe\sinnori\impl\message] creation task end
08:25:03.467 [main] INFO  k.p.s.common.util.CommonStaticUtil - the new child relative direcotry[D:\gitsinnori\sinnori\project\sample_test\client_build\web_build\src\main\java\kr\pe\sinnori\impl\message][PublicKeyReq] was created successfully
08:25:03.467 [main] INFO  k.p.s.c.buildsystem.ProjectBuilder - main project[sample_test]'s message file[PublicKeyReq][D:\gitsinnori\sinnori\project\sample_test\client_build\web_build\src\main\java\kr\pe\sinnori\impl\message] creation task start
08:25:03.467 [main] INFO  k.p.s.c.buildsystem.ProjectBuilder - main project[sample_test]'s message file[PublicKeyReq][D:\gitsinnori\sinnori\project\sample_test\client_build\web_build\src\main\java\kr\pe\sinnori\impl\message] creation task end
08:25:03.467 [main] INFO  k.p.s.c.buildsystem.ProjectBuilder - main project[sample_test]'s message decoder file[PublicKeyReq][D:\gitsinnori\sinnori\project\sample_test\client_build\web_build\src\main\java\kr\pe\sinnori\impl\message] creation task start
08:25:03.483 [main] INFO  k.p.s.c.buildsystem.ProjectBuilder - main project[sample_test]'s message decoder file[PublicKeyReq][D:\gitsinnori\sinnori\project\sample_test\client_build\web_build\src\main\java\kr\pe\sinnori\impl\message] creation task end
08:25:03.483 [main] INFO  k.p.s.c.buildsystem.ProjectBuilder - main project[sample_test]'s message encoder file[PublicKeyReq][D:\gitsinnori\sinnori\project\sample_test\client_build\web_build\src\main\java\kr\pe\sinnori\impl\message] creation task start
08:25:03.483 [main] INFO  k.p.s.c.buildsystem.ProjectBuilder - main project[sample_test]'s message encoder file[PublicKeyReq][D:\gitsinnori\sinnori\project\sample_test\client_build\web_build\src\main\java\kr\pe\sinnori\impl\message] creation task end
08:25:03.483 [main] INFO  k.p.s.c.buildsystem.ProjectBuilder - main project[sample_test]'s message server codec file[PublicKeyReq][D:\gitsinnori\sinnori\project\sample_test\client_build\web_build\src\main\java\kr\pe\sinnori\impl\message] creation task start
08:25:03.499 [main] INFO  k.p.s.c.buildsystem.ProjectBuilder - main project[sample_test]'s message server codec file[PublicKeyReq][D:\gitsinnori\sinnori\project\sample_test\client_build\web_build\src\main\java\kr\pe\sinnori\impl\message] creation task end
08:25:03.499 [main] INFO  k.p.s.c.buildsystem.ProjectBuilder - main project[sample_test]'s message client codec file[PublicKeyReq][D:\gitsinnori\sinnori\project\sample_test\client_build\web_build\src\main\java\kr\pe\sinnori\impl\message] creation task start
08:25:03.499 [main] INFO  k.p.s.c.buildsystem.ProjectBuilder - main project[sample_test]'s message client codec file[PublicKeyReq][D:\gitsinnori\sinnori\project\sample_test\client_build\web_build\src\main\java\kr\pe\sinnori\impl\message] creation task end
08:25:03.499 [main] INFO  k.p.s.common.util.CommonStaticUtil - the new child relative direcotry[D:\gitsinnori\sinnori\project\sample_test\client_build\web_build\src\main\java\kr\pe\sinnori\impl\message][PublicKeyRes] was created successfully
08:25:03.499 [main] INFO  k.p.s.c.buildsystem.ProjectBuilder - main project[sample_test]'s message file[PublicKeyRes][D:\gitsinnori\sinnori\project\sample_test\client_build\web_build\src\main\java\kr\pe\sinnori\impl\message] creation task start
08:25:03.499 [main] INFO  k.p.s.c.buildsystem.ProjectBuilder - main project[sample_test]'s message file[PublicKeyRes][D:\gitsinnori\sinnori\project\sample_test\client_build\web_build\src\main\java\kr\pe\sinnori\impl\message] creation task end
08:25:03.499 [main] INFO  k.p.s.c.buildsystem.ProjectBuilder - main project[sample_test]'s message decoder file[PublicKeyRes][D:\gitsinnori\sinnori\project\sample_test\client_build\web_build\src\main\java\kr\pe\sinnori\impl\message] creation task start
08:25:03.499 [main] INFO  k.p.s.c.buildsystem.ProjectBuilder - main project[sample_test]'s message decoder file[PublicKeyRes][D:\gitsinnori\sinnori\project\sample_test\client_build\web_build\src\main\java\kr\pe\sinnori\impl\message] creation task end
08:25:03.499 [main] INFO  k.p.s.c.buildsystem.ProjectBuilder - main project[sample_test]'s message encoder file[PublicKeyRes][D:\gitsinnori\sinnori\project\sample_test\client_build\web_build\src\main\java\kr\pe\sinnori\impl\message] creation task start
08:25:03.514 [main] INFO  k.p.s.c.buildsystem.ProjectBuilder - main project[sample_test]'s message encoder file[PublicKeyRes][D:\gitsinnori\sinnori\project\sample_test\client_build\web_build\src\main\java\kr\pe\sinnori\impl\message] creation task end
08:25:03.514 [main] INFO  k.p.s.c.buildsystem.ProjectBuilder - main project[sample_test]'s message server codec file[PublicKeyRes][D:\gitsinnori\sinnori\project\sample_test\client_build\web_build\src\main\java\kr\pe\sinnori\impl\message] creation task start
08:25:03.514 [main] INFO  k.p.s.c.buildsystem.ProjectBuilder - main project[sample_test]'s message server codec file[PublicKeyRes][D:\gitsinnori\sinnori\project\sample_test\client_build\web_build\src\main\java\kr\pe\sinnori\impl\message] creation task end
08:25:03.514 [main] INFO  k.p.s.c.buildsystem.ProjectBuilder - main project[sample_test]'s message client codec file[PublicKeyRes][D:\gitsinnori\sinnori\project\sample_test\client_build\web_build\src\main\java\kr\pe\sinnori\impl\message] creation task start
08:25:03.514 [main] INFO  k.p.s.c.buildsystem.ProjectBuilder - main project[sample_test]'s message client codec file[PublicKeyRes][D:\gitsinnori\sinnori\project\sample_test\client_build\web_build\src\main\java\kr\pe\sinnori\impl\message] creation task end
08:25:03.514 [main] INFO  k.p.s.c.buildsystem.ProjectBuilder - main project[sample_test]'s web client message io file set creation task end
08:25:03.514 [main] INFO  k.p.s.c.buildsystem.ProjectBuilder - mainproject[sample_test]'s web client sample source files copy task start
08:25:03.568 [main] INFO  k.p.s.c.buildsystem.ProjectBuilder - mainproject[sample_test]'s web client sample source files copy task end
08:25:03.568 [main] INFO  k.p.s.c.buildsystem.ProjectBuilder - main project[sample_test]'s web client build system files creation task end
08:25:03.568 [main] INFO  k.p.s.c.buildsystem.ProjectBuilder - main project[sample_test]'s web root sample files creation task start
08:25:03.568 [main] INFO  k.p.s.c.buildsystem.ProjectBuilder - main project[sample_test]'s web root sample files copy task start
08:25:03.568 [main] INFO  k.p.s.c.buildsystem.ProjectBuilder - main project[sample_test]'s web root sample files copy task end
08:25:03.568 [main] INFO  k.p.s.c.buildsystem.ProjectBuilder - main project[sample_test]'s web root sample files creation task end
08:25:03.568 [main] INFO  k.p.s.c.buildsystem.ProjectBuilder - main project[sample_test]'s file creation task end
08:25:03.584 [main] INFO  k.p.s.c.config.SinnoriConfiguration - item key[sessionkey.rsa.publickey.file.value]'s value is null because its status is inactive
08:25:03.584 [main] INFO  k.p.s.c.config.SinnoriConfiguration - item key[sessionkey.rsa.privatekey.file.value]'s value is null because its status is inactive
08:25:03.615 [main] INFO  k.p.s.c.buildsystem.ProjectBuilder - main project[sample_test]'s child direcotry creation task start
08:25:03.615 [main] INFO  k.p.s.c.buildsystem.ProjectBuilder - main project[sample_test]'s common child direcotry creation task start
08:25:03.615 [main] INFO  k.p.s.common.util.CommonStaticUtil - the new child relative direcotry[D:\gitsinnori\sinnori\project\sample_test][config] was created successfully
08:25:03.615 [main] INFO  k.p.s.common.util.CommonStaticUtil - the new child relative direcotry[D:\gitsinnori\sinnori\project\sample_test][resources/dbcp] was created successfully
08:25:03.615 [main] INFO  k.p.s.common.util.CommonStaticUtil - the new child relative direcotry[D:\gitsinnori\sinnori\project\sample_test][resources/message_info] was created successfully
08:25:03.615 [main] INFO  k.p.s.common.util.CommonStaticUtil - the new child relative direcotry[D:\gitsinnori\sinnori\project\sample_test][resources/rsa_keypair] was created successfully
08:25:03.615 [main] INFO  k.p.s.common.util.CommonStaticUtil - the new child relative direcotry[D:\gitsinnori\sinnori\project\sample_test][log/apache] was created successfully
08:25:03.615 [main] INFO  k.p.s.common.util.CommonStaticUtil - the new child relative direcotry[D:\gitsinnori\sinnori\project\sample_test][log/client] was created successfully
08:25:03.615 [main] INFO  k.p.s.common.util.CommonStaticUtil - the new child relative direcotry[D:\gitsinnori\sinnori\project\sample_test][log/server] was created successfully
08:25:03.615 [main] INFO  k.p.s.common.util.CommonStaticUtil - the new child relative direcotry[D:\gitsinnori\sinnori\project\sample_test][log/servlet] was created successfully
08:25:03.615 [main] INFO  k.p.s.c.buildsystem.ProjectBuilder - main project[sample_test]'s common child direcotry creation task end
08:25:03.615 [main] INFO  k.p.s.c.buildsystem.ProjectBuilder - main project[sample_test]'s server child direcotry creation task start
08:25:03.615 [main] INFO  k.p.s.common.util.CommonStaticUtil - the new child relative direcotry[D:\gitsinnori\sinnori\project\sample_test][server_build/APP-INF/classes] was created successfully
08:25:03.615 [main] INFO  k.p.s.common.util.CommonStaticUtil - the new child relative direcotry[D:\gitsinnori\sinnori\project\sample_test][server_build/corelib/ex] was created successfully
08:25:03.615 [main] INFO  k.p.s.common.util.CommonStaticUtil - the new child relative direcotry[D:\gitsinnori\sinnori\project\sample_test][server_build/corelib/in] was created successfully
08:25:03.631 [main] INFO  k.p.s.common.util.CommonStaticUtil - the new child relative direcotry[D:\gitsinnori\sinnori\project\sample_test][server_build/lib/main/ex] was created successfully
08:25:03.631 [main] INFO  k.p.s.common.util.CommonStaticUtil - the new child relative direcotry[D:\gitsinnori\sinnori\project\sample_test][server_build/lib/main/in] was created successfully
08:25:03.631 [main] INFO  k.p.s.common.util.CommonStaticUtil - the new child relative direcotry[D:\gitsinnori\sinnori\project\sample_test][server_build/lib/test] was created successfully
08:25:03.631 [main] INFO  k.p.s.common.util.CommonStaticUtil - the new child relative direcotry[D:\gitsinnori\sinnori\project\sample_test][server_build/src/main/java/kr/pe/sinnori/impl/servertask] was created successfully
08:25:03.631 [main] INFO  k.p.s.common.util.CommonStaticUtil - the new child relative direcotry[D:\gitsinnori\sinnori\project\sample_test][server_build/src/main/java/kr/pe/sinnori/impl/message] was created successfully
08:25:03.631 [main] INFO  k.p.s.common.util.CommonStaticUtil - the new child relative direcotry[D:\gitsinnori\sinnori\project\sample_test][server_build/src/main/java/main] was created successfully
08:25:03.631 [main] INFO  k.p.s.common.util.CommonStaticUtil - the new child relative direcotry[D:\gitsinnori\sinnori\project\sample_test][server_build/src/test/java] was created successfully
08:25:03.631 [main] INFO  k.p.s.common.util.CommonStaticUtil - the new child relative direcotry[D:\gitsinnori\sinnori\project\sample_test][server_build/build] was created successfully
08:25:03.715 [main] INFO  k.p.s.common.util.CommonStaticUtil - the new child relative direcotry[D:\gitsinnori\sinnori\project\sample_test][server_build/dist] was created successfully
08:25:03.715 [main] INFO  k.p.s.c.buildsystem.ProjectBuilder - main project[sample_test]'s server child direcotry creation task end
08:25:03.715 [main] INFO  k.p.s.c.buildsystem.ProjectBuilder - main project[sample_test]'s application build child direcotry creation task start
08:25:03.715 [main] INFO  k.p.s.common.util.CommonStaticUtil - the new child relative direcotry[D:\gitsinnori\sinnori\project\sample_test][client_build/app_build/corelib/ex] was created successfully
08:25:03.715 [main] INFO  k.p.s.common.util.CommonStaticUtil - the new child relative direcotry[D:\gitsinnori\sinnori\project\sample_test][client_build/app_build/corelib/in] was created successfully
08:25:03.715 [main] INFO  k.p.s.common.util.CommonStaticUtil - the new child relative direcotry[D:\gitsinnori\sinnori\project\sample_test][client_build/app_build/lib/main/ex] was created successfully
08:25:03.715 [main] INFO  k.p.s.common.util.CommonStaticUtil - the new child relative direcotry[D:\gitsinnori\sinnori\project\sample_test][client_build/app_build/lib/main/in] was created successfully
08:25:03.715 [main] INFO  k.p.s.common.util.CommonStaticUtil - the new child relative direcotry[D:\gitsinnori\sinnori\project\sample_test][client_build/app_build/lib/test] was created successfully
08:25:03.730 [main] INFO  k.p.s.common.util.CommonStaticUtil - the new child relative direcotry[D:\gitsinnori\sinnori\project\sample_test][client_build/app_build/src/main/java/kr/pe/sinnori/impl/message] was created successfully
08:25:03.730 [main] INFO  k.p.s.common.util.CommonStaticUtil - the new child relative direcotry[D:\gitsinnori\sinnori\project\sample_test][client_build/app_build/src/main/java/main] was created successfully
08:25:03.730 [main] INFO  k.p.s.common.util.CommonStaticUtil - the new child relative direcotry[D:\gitsinnori\sinnori\project\sample_test][client_build/app_build/src/test/java] was created successfully
08:25:03.730 [main] INFO  k.p.s.common.util.CommonStaticUtil - the new child relative direcotry[D:\gitsinnori\sinnori\project\sample_test][client_build/app_build/build] was created successfully
08:25:03.730 [main] INFO  k.p.s.common.util.CommonStaticUtil - the new child relative direcotry[D:\gitsinnori\sinnori\project\sample_test][client_build/app_build/dist] was created successfully
08:25:03.730 [main] INFO  k.p.s.c.buildsystem.ProjectBuilder - main project[sample_test]'s application build child direcotry creation task end
08:25:03.730 [main] INFO  k.p.s.c.buildsystem.ProjectBuilder - main project[sample_test]'s child direcotry creation task end
08:25:03.730 [main] INFO  k.p.s.c.buildsystem.ProjectBuilder - main project[sample_test]'s file creation task start
08:25:03.730 [main] INFO  k.p.s.c.buildsystem.ProjectBuilder - main project[sample_test]'s config file creation task start
08:25:03.730 [main] INFO  k.p.s.c.util.SequencedPropertiesUtil - the sequenced properties file[D:\gitsinnori\sinnori\project\sample_test\config\sinnori.properties] was created
08:25:03.750 [main] INFO  k.p.s.c.buildsystem.ProjectBuilder - main project[sample_test]'s config file creation task end
08:25:03.750 [main] INFO  k.p.s.c.buildsystem.ProjectBuilder - the mainproject[sample_test]'s resources directory copy task start
08:25:03.768 [main] INFO  k.p.s.c.buildsystem.ProjectBuilder - the mainproject[sample_test]'s resources directory copy task end
08:25:03.768 [main] INFO  k.p.s.c.buildsystem.ProjectBuilder - server build system files creation task start
08:25:03.768 [main] INFO  k.p.s.c.buildsystem.ProjectBuilder - main project[sample_test]'s server ant build.xml file creation task start
08:25:03.768 [main] INFO  k.p.s.c.buildsystem.ProjectBuilder - main project[sample_test]'s server ant build.xml file creation task end
08:25:03.768 [main] INFO  k.p.s.c.buildsystem.ProjectBuilder - main project[sample_test]'s server dos shell file creation task start
08:25:03.768 [main] INFO  k.p.s.c.buildsystem.ProjectBuilder - main project[sample_test]'s server dos shell file creation task end
08:25:03.768 [main] INFO  k.p.s.c.buildsystem.ProjectBuilder - main project[sample_test]'s server unix shell file creation task start
08:25:03.768 [main] INFO  k.p.s.c.buildsystem.ProjectBuilder - main project[sample_test]'s server unix shell file creation task end
08:25:03.768 [main] INFO  k.p.s.c.buildsystem.ProjectBuilder - server sample source files copy task start
08:25:03.784 [main] INFO  k.p.s.c.buildsystem.ProjectBuilder - server sample source files copy task end
08:25:03.784 [main] INFO  k.p.s.c.buildsystem.ProjectBuilder - main project[sample_test]'s server message io file set creation task start
08:25:03.784 [main] INFO  k.p.s.common.util.CommonStaticUtil - the new child relative direcotry[D:\gitsinnori\sinnori\project\sample_test\server_build\src\main\java\kr\pe\sinnori\impl\message][Echo] was created successfully
08:25:03.784 [main] INFO  k.p.s.c.buildsystem.ProjectBuilder - main project[sample_test]'s message file[Echo][D:\gitsinnori\sinnori\project\sample_test\server_build\src\main\java\kr\pe\sinnori\impl\message] creation task start
08:25:03.784 [main] INFO  k.p.s.c.buildsystem.ProjectBuilder - main project[sample_test]'s message file[Echo][D:\gitsinnori\sinnori\project\sample_test\server_build\src\main\java\kr\pe\sinnori\impl\message] creation task end
08:25:03.784 [main] INFO  k.p.s.c.buildsystem.ProjectBuilder - main project[sample_test]'s message decoder file[Echo][D:\gitsinnori\sinnori\project\sample_test\server_build\src\main\java\kr\pe\sinnori\impl\message] creation task start
08:25:03.784 [main] INFO  k.p.s.c.buildsystem.ProjectBuilder - main project[sample_test]'s message decoder file[Echo][D:\gitsinnori\sinnori\project\sample_test\server_build\src\main\java\kr\pe\sinnori\impl\message] creation task end
08:25:03.784 [main] INFO  k.p.s.c.buildsystem.ProjectBuilder - main project[sample_test]'s message encoder file[Echo][D:\gitsinnori\sinnori\project\sample_test\server_build\src\main\java\kr\pe\sinnori\impl\message] creation task start
08:25:03.784 [main] INFO  k.p.s.c.buildsystem.ProjectBuilder - main project[sample_test]'s message encoder file[Echo][D:\gitsinnori\sinnori\project\sample_test\server_build\src\main\java\kr\pe\sinnori\impl\message] creation task end
08:25:03.784 [main] INFO  k.p.s.c.buildsystem.ProjectBuilder - main project[sample_test]'s message server codec file[Echo][D:\gitsinnori\sinnori\project\sample_test\server_build\src\main\java\kr\pe\sinnori\impl\message] creation task start
08:25:03.784 [main] INFO  k.p.s.c.buildsystem.ProjectBuilder - main project[sample_test]'s message server codec file[Echo][D:\gitsinnori\sinnori\project\sample_test\server_build\src\main\java\kr\pe\sinnori\impl\message] creation task end
08:25:03.784 [main] INFO  k.p.s.c.buildsystem.ProjectBuilder - main project[sample_test]'s message client codec file[Echo][D:\gitsinnori\sinnori\project\sample_test\server_build\src\main\java\kr\pe\sinnori\impl\message] creation task start
08:25:03.784 [main] INFO  k.p.s.c.buildsystem.ProjectBuilder - main project[sample_test]'s message client codec file[Echo][D:\gitsinnori\sinnori\project\sample_test\server_build\src\main\java\kr\pe\sinnori\impl\message] creation task end
08:25:03.784 [main] INFO  k.p.s.common.util.CommonStaticUtil - the new child relative direcotry[D:\gitsinnori\sinnori\project\sample_test\server_build\src\main\java\kr\pe\sinnori\impl\message][PublicKeyReq] was created successfully
08:25:03.868 [main] INFO  k.p.s.c.buildsystem.ProjectBuilder - main project[sample_test]'s message file[PublicKeyReq][D:\gitsinnori\sinnori\project\sample_test\server_build\src\main\java\kr\pe\sinnori\impl\message] creation task start
08:25:03.868 [main] INFO  k.p.s.c.buildsystem.ProjectBuilder - main project[sample_test]'s message file[PublicKeyReq][D:\gitsinnori\sinnori\project\sample_test\server_build\src\main\java\kr\pe\sinnori\impl\message] creation task end
08:25:03.868 [main] INFO  k.p.s.c.buildsystem.ProjectBuilder - main project[sample_test]'s message decoder file[PublicKeyReq][D:\gitsinnori\sinnori\project\sample_test\server_build\src\main\java\kr\pe\sinnori\impl\message] creation task start
08:25:03.884 [main] INFO  k.p.s.c.buildsystem.ProjectBuilder - main project[sample_test]'s message decoder file[PublicKeyReq][D:\gitsinnori\sinnori\project\sample_test\server_build\src\main\java\kr\pe\sinnori\impl\message] creation task end
08:25:03.884 [main] INFO  k.p.s.c.buildsystem.ProjectBuilder - main project[sample_test]'s message encoder file[PublicKeyReq][D:\gitsinnori\sinnori\project\sample_test\server_build\src\main\java\kr\pe\sinnori\impl\message] creation task start
08:25:03.884 [main] INFO  k.p.s.c.buildsystem.ProjectBuilder - main project[sample_test]'s message encoder file[PublicKeyReq][D:\gitsinnori\sinnori\project\sample_test\server_build\src\main\java\kr\pe\sinnori\impl\message] creation task end
08:25:03.884 [main] INFO  k.p.s.c.buildsystem.ProjectBuilder - main project[sample_test]'s message server codec file[PublicKeyReq][D:\gitsinnori\sinnori\project\sample_test\server_build\src\main\java\kr\pe\sinnori\impl\message] creation task start
08:25:03.884 [main] INFO  k.p.s.c.buildsystem.ProjectBuilder - main project[sample_test]'s message server codec file[PublicKeyReq][D:\gitsinnori\sinnori\project\sample_test\server_build\src\main\java\kr\pe\sinnori\impl\message] creation task end
08:25:03.884 [main] INFO  k.p.s.c.buildsystem.ProjectBuilder - main project[sample_test]'s message client codec file[PublicKeyReq][D:\gitsinnori\sinnori\project\sample_test\server_build\src\main\java\kr\pe\sinnori\impl\message] creation task start
08:25:03.899 [main] INFO  k.p.s.c.buildsystem.ProjectBuilder - main project[sample_test]'s message client codec file[PublicKeyReq][D:\gitsinnori\sinnori\project\sample_test\server_build\src\main\java\kr\pe\sinnori\impl\message] creation task end
08:25:03.899 [main] INFO  k.p.s.common.util.CommonStaticUtil - the new child relative direcotry[D:\gitsinnori\sinnori\project\sample_test\server_build\src\main\java\kr\pe\sinnori\impl\message][PublicKeyRes] was created successfully
08:25:03.899 [main] INFO  k.p.s.c.buildsystem.ProjectBuilder - main project[sample_test]'s message file[PublicKeyRes][D:\gitsinnori\sinnori\project\sample_test\server_build\src\main\java\kr\pe\sinnori\impl\message] creation task start
08:25:03.899 [main] INFO  k.p.s.c.buildsystem.ProjectBuilder - main project[sample_test]'s message file[PublicKeyRes][D:\gitsinnori\sinnori\project\sample_test\server_build\src\main\java\kr\pe\sinnori\impl\message] creation task end
08:25:03.899 [main] INFO  k.p.s.c.buildsystem.ProjectBuilder - main project[sample_test]'s message decoder file[PublicKeyRes][D:\gitsinnori\sinnori\project\sample_test\server_build\src\main\java\kr\pe\sinnori\impl\message] creation task start
08:25:03.899 [main] INFO  k.p.s.c.buildsystem.ProjectBuilder - main project[sample_test]'s message decoder file[PublicKeyRes][D:\gitsinnori\sinnori\project\sample_test\server_build\src\main\java\kr\pe\sinnori\impl\message] creation task end
08:25:03.899 [main] INFO  k.p.s.c.buildsystem.ProjectBuilder - main project[sample_test]'s message encoder file[PublicKeyRes][D:\gitsinnori\sinnori\project\sample_test\server_build\src\main\java\kr\pe\sinnori\impl\message] creation task start
08:25:03.899 [main] INFO  k.p.s.c.buildsystem.ProjectBuilder - main project[sample_test]'s message encoder file[PublicKeyRes][D:\gitsinnori\sinnori\project\sample_test\server_build\src\main\java\kr\pe\sinnori\impl\message] creation task end
08:25:03.899 [main] INFO  k.p.s.c.buildsystem.ProjectBuilder - main project[sample_test]'s message server codec file[PublicKeyRes][D:\gitsinnori\sinnori\project\sample_test\server_build\src\main\java\kr\pe\sinnori\impl\message] creation task start
08:25:03.915 [main] INFO  k.p.s.c.buildsystem.ProjectBuilder - main project[sample_test]'s message server codec file[PublicKeyRes][D:\gitsinnori\sinnori\project\sample_test\server_build\src\main\java\kr\pe\sinnori\impl\message] creation task end
08:25:03.915 [main] INFO  k.p.s.c.buildsystem.ProjectBuilder - main project[sample_test]'s message client codec file[PublicKeyRes][D:\gitsinnori\sinnori\project\sample_test\server_build\src\main\java\kr\pe\sinnori\impl\message] creation task start
08:25:03.915 [main] INFO  k.p.s.c.buildsystem.ProjectBuilder - main project[sample_test]'s message client codec file[PublicKeyRes][D:\gitsinnori\sinnori\project\sample_test\server_build\src\main\java\kr\pe\sinnori\impl\message] creation task end
08:25:03.915 [main] INFO  k.p.s.c.buildsystem.ProjectBuilder - main project[sample_test]'s server message io file set creation task end
08:25:03.915 [main] INFO  k.p.s.c.buildsystem.ProjectBuilder - server build system files creation task end
08:25:03.915 [main] INFO  k.p.s.c.buildsystem.ProjectBuilder - mainproject[sample_test]'s application client build system files creation task start
08:25:03.915 [main] INFO  k.p.s.c.buildsystem.ProjectBuilder - main project[sample_test]'s application client ant build.xml file creation task start
08:25:03.915 [main] INFO  k.p.s.c.buildsystem.ProjectBuilder - main project[sample_test]'s application client ant build.xml file creation task end
08:25:03.915 [main] INFO  k.p.s.c.buildsystem.ProjectBuilder - main project[sample_test]'s application client dos shell file creation task start
08:25:03.915 [main] INFO  k.p.s.c.buildsystem.ProjectBuilder - main project[sample_test]'s application client dos shell file creation task end
08:25:03.915 [main] INFO  k.p.s.c.buildsystem.ProjectBuilder - main project[sample_test]'s application client unix shell file creation task start
08:25:03.915 [main] INFO  k.p.s.c.buildsystem.ProjectBuilder - main project[sample_test]'s application client unix shell file creation task end
08:25:03.915 [main] INFO  k.p.s.c.buildsystem.ProjectBuilder - application client sample source files copy task start
08:25:03.930 [main] INFO  k.p.s.c.buildsystem.ProjectBuilder - application client sample source files copy task end
08:25:03.930 [main] INFO  k.p.s.c.buildsystem.ProjectBuilder - main project[sample_test]'s application client message io file set creation task start
08:25:03.930 [main] INFO  k.p.s.common.util.CommonStaticUtil - the new child relative direcotry[D:\gitsinnori\sinnori\project\sample_test\client_build\app_build\src\main\java\kr\pe\sinnori\impl\message][Echo] was created successfully
08:25:03.930 [main] INFO  k.p.s.c.buildsystem.ProjectBuilder - main project[sample_test]'s message file[Echo][D:\gitsinnori\sinnori\project\sample_test\client_build\app_build\src\main\java\kr\pe\sinnori\impl\message] creation task start
08:25:03.930 [main] INFO  k.p.s.c.buildsystem.ProjectBuilder - main project[sample_test]'s message file[Echo][D:\gitsinnori\sinnori\project\sample_test\client_build\app_build\src\main\java\kr\pe\sinnori\impl\message] creation task end
08:25:03.930 [main] INFO  k.p.s.c.buildsystem.ProjectBuilder - main project[sample_test]'s message decoder file[Echo][D:\gitsinnori\sinnori\project\sample_test\client_build\app_build\src\main\java\kr\pe\sinnori\impl\message] creation task start
08:25:03.930 [main] INFO  k.p.s.c.buildsystem.ProjectBuilder - main project[sample_test]'s message decoder file[Echo][D:\gitsinnori\sinnori\project\sample_test\client_build\app_build\src\main\java\kr\pe\sinnori\impl\message] creation task end
08:25:03.930 [main] INFO  k.p.s.c.buildsystem.ProjectBuilder - main project[sample_test]'s message encoder file[Echo][D:\gitsinnori\sinnori\project\sample_test\client_build\app_build\src\main\java\kr\pe\sinnori\impl\message] creation task start
08:25:03.999 [main] INFO  k.p.s.c.buildsystem.ProjectBuilder - main project[sample_test]'s message encoder file[Echo][D:\gitsinnori\sinnori\project\sample_test\client_build\app_build\src\main\java\kr\pe\sinnori\impl\message] creation task end
08:25:03.999 [main] INFO  k.p.s.c.buildsystem.ProjectBuilder - main project[sample_test]'s message server codec file[Echo][D:\gitsinnori\sinnori\project\sample_test\client_build\app_build\src\main\java\kr\pe\sinnori\impl\message] creation task start
08:25:03.999 [main] INFO  k.p.s.c.buildsystem.ProjectBuilder - main project[sample_test]'s message server codec file[Echo][D:\gitsinnori\sinnori\project\sample_test\client_build\app_build\src\main\java\kr\pe\sinnori\impl\message] creation task end
08:25:03.999 [main] INFO  k.p.s.c.buildsystem.ProjectBuilder - main project[sample_test]'s message client codec file[Echo][D:\gitsinnori\sinnori\project\sample_test\client_build\app_build\src\main\java\kr\pe\sinnori\impl\message] creation task start
08:25:04.015 [main] INFO  k.p.s.c.buildsystem.ProjectBuilder - main project[sample_test]'s message client codec file[Echo][D:\gitsinnori\sinnori\project\sample_test\client_build\app_build\src\main\java\kr\pe\sinnori\impl\message] creation task end
08:25:04.015 [main] INFO  k.p.s.common.util.CommonStaticUtil - the new child relative direcotry[D:\gitsinnori\sinnori\project\sample_test\client_build\app_build\src\main\java\kr\pe\sinnori\impl\message][PublicKeyReq] was created successfully
08:25:04.015 [main] INFO  k.p.s.c.buildsystem.ProjectBuilder - main project[sample_test]'s message file[PublicKeyReq][D:\gitsinnori\sinnori\project\sample_test\client_build\app_build\src\main\java\kr\pe\sinnori\impl\message] creation task start
08:25:04.015 [main] INFO  k.p.s.c.buildsystem.ProjectBuilder - main project[sample_test]'s message file[PublicKeyReq][D:\gitsinnori\sinnori\project\sample_test\client_build\app_build\src\main\java\kr\pe\sinnori\impl\message] creation task end
08:25:04.015 [main] INFO  k.p.s.c.buildsystem.ProjectBuilder - main project[sample_test]'s message decoder file[PublicKeyReq][D:\gitsinnori\sinnori\project\sample_test\client_build\app_build\src\main\java\kr\pe\sinnori\impl\message] creation task start
08:25:04.031 [main] INFO  k.p.s.c.buildsystem.ProjectBuilder - main project[sample_test]'s message decoder file[PublicKeyReq][D:\gitsinnori\sinnori\project\sample_test\client_build\app_build\src\main\java\kr\pe\sinnori\impl\message] creation task end
08:25:04.031 [main] INFO  k.p.s.c.buildsystem.ProjectBuilder - main project[sample_test]'s message encoder file[PublicKeyReq][D:\gitsinnori\sinnori\project\sample_test\client_build\app_build\src\main\java\kr\pe\sinnori\impl\message] creation task start
08:25:04.031 [main] INFO  k.p.s.c.buildsystem.ProjectBuilder - main project[sample_test]'s message encoder file[PublicKeyReq][D:\gitsinnori\sinnori\project\sample_test\client_build\app_build\src\main\java\kr\pe\sinnori\impl\message] creation task end
08:25:04.031 [main] INFO  k.p.s.c.buildsystem.ProjectBuilder - main project[sample_test]'s message server codec file[PublicKeyReq][D:\gitsinnori\sinnori\project\sample_test\client_build\app_build\src\main\java\kr\pe\sinnori\impl\message] creation task start
08:25:04.047 [main] INFO  k.p.s.c.buildsystem.ProjectBuilder - main project[sample_test]'s message server codec file[PublicKeyReq][D:\gitsinnori\sinnori\project\sample_test\client_build\app_build\src\main\java\kr\pe\sinnori\impl\message] creation task end
08:25:04.047 [main] INFO  k.p.s.c.buildsystem.ProjectBuilder - main project[sample_test]'s message client codec file[PublicKeyReq][D:\gitsinnori\sinnori\project\sample_test\client_build\app_build\src\main\java\kr\pe\sinnori\impl\message] creation task start
08:25:04.050 [main] INFO  k.p.s.c.buildsystem.ProjectBuilder - main project[sample_test]'s message client codec file[PublicKeyReq][D:\gitsinnori\sinnori\project\sample_test\client_build\app_build\src\main\java\kr\pe\sinnori\impl\message] creation task end
08:25:04.050 [main] INFO  k.p.s.common.util.CommonStaticUtil - the new child relative direcotry[D:\gitsinnori\sinnori\project\sample_test\client_build\app_build\src\main\java\kr\pe\sinnori\impl\message][PublicKeyRes] was created successfully
08:25:04.050 [main] INFO  k.p.s.c.buildsystem.ProjectBuilder - main project[sample_test]'s message file[PublicKeyRes][D:\gitsinnori\sinnori\project\sample_test\client_build\app_build\src\main\java\kr\pe\sinnori\impl\message] creation task start
08:25:04.053 [main] INFO  k.p.s.c.buildsystem.ProjectBuilder - main project[sample_test]'s message file[PublicKeyRes][D:\gitsinnori\sinnori\project\sample_test\client_build\app_build\src\main\java\kr\pe\sinnori\impl\message] creation task end
08:25:04.053 [main] INFO  k.p.s.c.buildsystem.ProjectBuilder - main project[sample_test]'s message decoder file[PublicKeyRes][D:\gitsinnori\sinnori\project\sample_test\client_build\app_build\src\main\java\kr\pe\sinnori\impl\message] creation task start
08:25:04.053 [main] INFO  k.p.s.c.buildsystem.ProjectBuilder - main project[sample_test]'s message decoder file[PublicKeyRes][D:\gitsinnori\sinnori\project\sample_test\client_build\app_build\src\main\java\kr\pe\sinnori\impl\message] creation task end
08:25:04.053 [main] INFO  k.p.s.c.buildsystem.ProjectBuilder - main project[sample_test]'s message encoder file[PublicKeyRes][D:\gitsinnori\sinnori\project\sample_test\client_build\app_build\src\main\java\kr\pe\sinnori\impl\message] creation task start
08:25:04.053 [main] INFO  k.p.s.c.buildsystem.ProjectBuilder - main project[sample_test]'s message encoder file[PublicKeyRes][D:\gitsinnori\sinnori\project\sample_test\client_build\app_build\src\main\java\kr\pe\sinnori\impl\message] creation task end
08:25:04.053 [main] INFO  k.p.s.c.buildsystem.ProjectBuilder - main project[sample_test]'s message server codec file[PublicKeyRes][D:\gitsinnori\sinnori\project\sample_test\client_build\app_build\src\main\java\kr\pe\sinnori\impl\message] creation task start
08:25:04.053 [main] INFO  k.p.s.c.buildsystem.ProjectBuilder - main project[sample_test]'s message server codec file[PublicKeyRes][D:\gitsinnori\sinnori\project\sample_test\client_build\app_build\src\main\java\kr\pe\sinnori\impl\message] creation task end
08:25:04.053 [main] INFO  k.p.s.c.buildsystem.ProjectBuilder - main project[sample_test]'s message client codec file[PublicKeyRes][D:\gitsinnori\sinnori\project\sample_test\client_build\app_build\src\main\java\kr\pe\sinnori\impl\message] creation task start
08:25:04.053 [main] INFO  k.p.s.c.buildsystem.ProjectBuilder - main project[sample_test]'s message client codec file[PublicKeyRes][D:\gitsinnori\sinnori\project\sample_test\client_build\app_build\src\main\java\kr\pe\sinnori\impl\message] creation task end
08:25:04.053 [main] INFO  k.p.s.c.buildsystem.ProjectBuilder - main project[sample_test]'s application client message io file set creation task end
08:25:04.053 [main] INFO  k.p.s.c.buildsystem.ProjectBuilder - mainproject[sample_test]'s application client build system files creation task end
08:25:04.053 [main] INFO  k.p.s.c.buildsystem.ProjectBuilder - main project[sample_test]'s file creation task end
08:25:04.053 [main] INFO  k.p.s.c.buildsystem.ProjectBuilder - the web client ant build.xml file[D:\gitsinnori\sinnori\project\sample_test\client_build\web_build\build.xml] is bad :: whetherExist[false] isFile[false]
08:25:04.053 [main] INFO  k.p.s.c.config.SinnoriConfiguration - item key[sessionkey.rsa.publickey.file.value]'s value is null because its status is inactive
08:25:04.053 [main] INFO  k.p.s.c.config.SinnoriConfiguration - item key[sessionkey.rsa.privatekey.file.value]'s value is null because its status is inactive
08:25:04.084 [main] INFO  k.p.s.c.buildsystem.ProjectBuilder - main project[sample_test]'s child direcotry creation task start
08:25:04.084 [main] INFO  k.p.s.c.buildsystem.ProjectBuilder - main project[sample_test]'s common child direcotry creation task start
08:25:04.084 [main] INFO  k.p.s.common.util.CommonStaticUtil - the new child relative direcotry[D:\gitsinnori\sinnori\project\sample_test][config] was created successfully
08:25:04.084 [main] INFO  k.p.s.common.util.CommonStaticUtil - the new child relative direcotry[D:\gitsinnori\sinnori\project\sample_test][resources/dbcp] was created successfully
08:25:04.084 [main] INFO  k.p.s.common.util.CommonStaticUtil - the new child relative direcotry[D:\gitsinnori\sinnori\project\sample_test][resources/message_info] was created successfully
08:25:04.084 [main] INFO  k.p.s.common.util.CommonStaticUtil - the new child relative direcotry[D:\gitsinnori\sinnori\project\sample_test][resources/rsa_keypair] was created successfully
08:25:04.100 [main] INFO  k.p.s.common.util.CommonStaticUtil - the new child relative direcotry[D:\gitsinnori\sinnori\project\sample_test][log/apache] was created successfully
08:25:04.100 [main] INFO  k.p.s.common.util.CommonStaticUtil - the new child relative direcotry[D:\gitsinnori\sinnori\project\sample_test][log/client] was created successfully
08:25:04.100 [main] INFO  k.p.s.common.util.CommonStaticUtil - the new child relative direcotry[D:\gitsinnori\sinnori\project\sample_test][log/server] was created successfully
08:25:04.169 [main] INFO  k.p.s.common.util.CommonStaticUtil - the new child relative direcotry[D:\gitsinnori\sinnori\project\sample_test][log/servlet] was created successfully
08:25:04.169 [main] INFO  k.p.s.c.buildsystem.ProjectBuilder - main project[sample_test]'s common child direcotry creation task end
08:25:04.169 [main] INFO  k.p.s.c.buildsystem.ProjectBuilder - main project[sample_test]'s server child direcotry creation task start
08:25:04.169 [main] INFO  k.p.s.common.util.CommonStaticUtil - the new child relative direcotry[D:\gitsinnori\sinnori\project\sample_test][server_build/APP-INF/classes] was created successfully
08:25:04.169 [main] INFO  k.p.s.common.util.CommonStaticUtil - the new child relative direcotry[D:\gitsinnori\sinnori\project\sample_test][server_build/corelib/ex] was created successfully
08:25:04.169 [main] INFO  k.p.s.common.util.CommonStaticUtil - the new child relative direcotry[D:\gitsinnori\sinnori\project\sample_test][server_build/corelib/in] was created successfully
08:25:04.169 [main] INFO  k.p.s.common.util.CommonStaticUtil - the new child relative direcotry[D:\gitsinnori\sinnori\project\sample_test][server_build/lib/main/ex] was created successfully
08:25:04.169 [main] INFO  k.p.s.common.util.CommonStaticUtil - the new child relative direcotry[D:\gitsinnori\sinnori\project\sample_test][server_build/lib/main/in] was created successfully
08:25:04.169 [main] INFO  k.p.s.common.util.CommonStaticUtil - the new child relative direcotry[D:\gitsinnori\sinnori\project\sample_test][server_build/lib/test] was created successfully
08:25:04.169 [main] INFO  k.p.s.common.util.CommonStaticUtil - the new child relative direcotry[D:\gitsinnori\sinnori\project\sample_test][server_build/src/main/java/kr/pe/sinnori/impl/servertask] was created successfully
08:25:04.169 [main] INFO  k.p.s.common.util.CommonStaticUtil - the new child relative direcotry[D:\gitsinnori\sinnori\project\sample_test][server_build/src/main/java/kr/pe/sinnori/impl/message] was created successfully
08:25:04.169 [main] INFO  k.p.s.common.util.CommonStaticUtil - the new child relative direcotry[D:\gitsinnori\sinnori\project\sample_test][server_build/src/main/java/main] was created successfully
08:25:04.169 [main] INFO  k.p.s.common.util.CommonStaticUtil - the new child relative direcotry[D:\gitsinnori\sinnori\project\sample_test][server_build/src/test/java] was created successfully
08:25:04.169 [main] INFO  k.p.s.common.util.CommonStaticUtil - the new child relative direcotry[D:\gitsinnori\sinnori\project\sample_test][server_build/build] was created successfully
08:25:04.169 [main] INFO  k.p.s.common.util.CommonStaticUtil - the new child relative direcotry[D:\gitsinnori\sinnori\project\sample_test][server_build/dist] was created successfully
08:25:04.169 [main] INFO  k.p.s.c.buildsystem.ProjectBuilder - main project[sample_test]'s server child direcotry creation task end
08:25:04.169 [main] INFO  k.p.s.c.buildsystem.ProjectBuilder - main project[sample_test]'s web build child direcotry creation task start
08:25:04.169 [main] INFO  k.p.s.common.util.CommonStaticUtil - the new child relative direcotry[D:\gitsinnori\sinnori\project\sample_test][client_build/web_build/corelib/ex] was created successfully
08:25:04.169 [main] INFO  k.p.s.common.util.CommonStaticUtil - the new child relative direcotry[D:\gitsinnori\sinnori\project\sample_test][client_build/web_build/corelib/in] was created successfully
08:25:04.553 [main] INFO  k.p.s.common.util.CommonStaticUtil - the new child relative direcotry[D:\gitsinnori\sinnori\project\sample_test][client_build/web_build/lib/main/ex] was created successfully
08:25:04.553 [main] INFO  k.p.s.common.util.CommonStaticUtil - the new child relative direcotry[D:\gitsinnori\sinnori\project\sample_test][client_build/web_build/lib/main/in] was created successfully
08:25:04.553 [main] INFO  k.p.s.common.util.CommonStaticUtil - the new child relative direcotry[D:\gitsinnori\sinnori\project\sample_test][client_build/web_build/lib/test] was created successfully
08:25:04.553 [main] INFO  k.p.s.common.util.CommonStaticUtil - the new child relative direcotry[D:\gitsinnori\sinnori\project\sample_test][client_build/web_build/src/main/java/kr/pe/sinnori/impl/message] was created successfully
08:25:04.553 [main] INFO  k.p.s.common.util.CommonStaticUtil - the new child relative direcotry[D:\gitsinnori\sinnori\project\sample_test][client_build/web_build/src/main/java//kr/pe/sinnori/servlet] was created successfully
08:25:04.553 [main] INFO  k.p.s.common.util.CommonStaticUtil - the new child relative direcotry[D:\gitsinnori\sinnori\project\sample_test][client_build/web_build/src/main/java/kr/pe/sinnori/weblib/common] was created successfully
08:25:04.553 [main] INFO  k.p.s.common.util.CommonStaticUtil - the new child relative direcotry[D:\gitsinnori\sinnori\project\sample_test][client_build/web_build/src/main/java/kr/pe/sinnori/weblib/htmlstring] was created successfully
08:25:04.568 [main] INFO  k.p.s.common.util.CommonStaticUtil - the new child relative direcotry[D:\gitsinnori\sinnori\project\sample_test][client_build/web_build/src/main/java/kr/pe/sinnori/weblib/jdf] was created successfully
08:25:04.568 [main] INFO  k.p.s.common.util.CommonStaticUtil - the new child relative direcotry[D:\gitsinnori\sinnori\project\sample_test][client_build/web_build/src/test/java] was created successfully
08:25:04.568 [main] INFO  k.p.s.common.util.CommonStaticUtil - the new child relative direcotry[D:\gitsinnori\sinnori\project\sample_test][client_build/web_build/build] was created successfully
08:25:04.568 [main] INFO  k.p.s.common.util.CommonStaticUtil - the new child relative direcotry[D:\gitsinnori\sinnori\project\sample_test][client_build/web_build/dist] was created successfully
08:25:04.568 [main] INFO  k.p.s.c.buildsystem.ProjectBuilder - main project[sample_test]'s web build child direcotry creation task end
08:25:04.568 [main] INFO  k.p.s.c.buildsystem.ProjectBuilder - main project[sample_test]'s web root child direcotry creation task start
08:25:04.568 [main] INFO  k.p.s.common.util.CommonStaticUtil - the new child relative direcotry[D:\gitsinnori\sinnori\project\sample_test][web_app_base/upload] was created successfully
08:25:04.568 [main] INFO  k.p.s.common.util.CommonStaticUtil - the new child relative direcotry[D:\gitsinnori\sinnori\project\sample_test][web_app_base/ROOT/WEB-INF/classes] was created successfully
08:25:04.568 [main] INFO  k.p.s.common.util.CommonStaticUtil - the new child relative direcotry[D:\gitsinnori\sinnori\project\sample_test][web_app_base/ROOT/WEB-INF/lib] was created successfully
08:25:04.568 [main] INFO  k.p.s.c.buildsystem.ProjectBuilder - main project[sample_test]'s web root child direcotry creation task end
08:25:04.568 [main] INFO  k.p.s.c.buildsystem.ProjectBuilder - main project[sample_test]'s child direcotry creation task end
08:25:04.568 [main] INFO  k.p.s.c.buildsystem.ProjectBuilder - main project[sample_test]'s file creation task start
08:25:04.568 [main] INFO  k.p.s.c.buildsystem.ProjectBuilder - main project[sample_test]'s config file creation task start
08:25:04.568 [main] INFO  k.p.s.c.util.SequencedPropertiesUtil - the sequenced properties file[D:\gitsinnori\sinnori\project\sample_test\config\sinnori.properties] was created
08:25:04.568 [main] INFO  k.p.s.c.buildsystem.ProjectBuilder - main project[sample_test]'s config file creation task end
08:25:04.568 [main] INFO  k.p.s.c.buildsystem.ProjectBuilder - the mainproject[sample_test]'s resources directory copy task start
08:25:04.615 [main] INFO  k.p.s.c.buildsystem.ProjectBuilder - the mainproject[sample_test]'s resources directory copy task end
08:25:04.615 [main] INFO  k.p.s.c.buildsystem.ProjectBuilder - server build system files creation task start
08:25:04.615 [main] INFO  k.p.s.c.buildsystem.ProjectBuilder - main project[sample_test]'s server ant build.xml file creation task start
08:25:04.615 [main] INFO  k.p.s.c.buildsystem.ProjectBuilder - main project[sample_test]'s server ant build.xml file creation task end
08:25:04.615 [main] INFO  k.p.s.c.buildsystem.ProjectBuilder - main project[sample_test]'s server dos shell file creation task start
08:25:04.615 [main] INFO  k.p.s.c.buildsystem.ProjectBuilder - main project[sample_test]'s server dos shell file creation task end
08:25:04.615 [main] INFO  k.p.s.c.buildsystem.ProjectBuilder - main project[sample_test]'s server unix shell file creation task start
08:25:04.615 [main] INFO  k.p.s.c.buildsystem.ProjectBuilder - main project[sample_test]'s server unix shell file creation task end
08:25:04.615 [main] INFO  k.p.s.c.buildsystem.ProjectBuilder - server sample source files copy task start
08:25:04.631 [main] INFO  k.p.s.c.buildsystem.ProjectBuilder - server sample source files copy task end
08:25:04.631 [main] INFO  k.p.s.c.buildsystem.ProjectBuilder - main project[sample_test]'s server message io file set creation task start
08:25:04.631 [main] INFO  k.p.s.common.util.CommonStaticUtil - the new child relative direcotry[D:\gitsinnori\sinnori\project\sample_test\server_build\src\main\java\kr\pe\sinnori\impl\message][Echo] was created successfully
08:25:04.631 [main] INFO  k.p.s.c.buildsystem.ProjectBuilder - main project[sample_test]'s message file[Echo][D:\gitsinnori\sinnori\project\sample_test\server_build\src\main\java\kr\pe\sinnori\impl\message] creation task start
08:25:04.631 [main] INFO  k.p.s.c.buildsystem.ProjectBuilder - main project[sample_test]'s message file[Echo][D:\gitsinnori\sinnori\project\sample_test\server_build\src\main\java\kr\pe\sinnori\impl\message] creation task end
08:25:04.631 [main] INFO  k.p.s.c.buildsystem.ProjectBuilder - main project[sample_test]'s message decoder file[Echo][D:\gitsinnori\sinnori\project\sample_test\server_build\src\main\java\kr\pe\sinnori\impl\message] creation task start
08:25:04.631 [main] INFO  k.p.s.c.buildsystem.ProjectBuilder - main project[sample_test]'s message decoder file[Echo][D:\gitsinnori\sinnori\project\sample_test\server_build\src\main\java\kr\pe\sinnori\impl\message] creation task end
08:25:04.631 [main] INFO  k.p.s.c.buildsystem.ProjectBuilder - main project[sample_test]'s message encoder file[Echo][D:\gitsinnori\sinnori\project\sample_test\server_build\src\main\java\kr\pe\sinnori\impl\message] creation task start
08:25:04.648 [main] INFO  k.p.s.c.buildsystem.ProjectBuilder - main project[sample_test]'s message encoder file[Echo][D:\gitsinnori\sinnori\project\sample_test\server_build\src\main\java\kr\pe\sinnori\impl\message] creation task end
08:25:04.648 [main] INFO  k.p.s.c.buildsystem.ProjectBuilder - main project[sample_test]'s message server codec file[Echo][D:\gitsinnori\sinnori\project\sample_test\server_build\src\main\java\kr\pe\sinnori\impl\message] creation task start
08:25:04.649 [main] INFO  k.p.s.c.buildsystem.ProjectBuilder - main project[sample_test]'s message server codec file[Echo][D:\gitsinnori\sinnori\project\sample_test\server_build\src\main\java\kr\pe\sinnori\impl\message] creation task end
08:25:04.649 [main] INFO  k.p.s.c.buildsystem.ProjectBuilder - main project[sample_test]'s message client codec file[Echo][D:\gitsinnori\sinnori\project\sample_test\server_build\src\main\java\kr\pe\sinnori\impl\message] creation task start
08:25:04.651 [main] INFO  k.p.s.c.buildsystem.ProjectBuilder - main project[sample_test]'s message client codec file[Echo][D:\gitsinnori\sinnori\project\sample_test\server_build\src\main\java\kr\pe\sinnori\impl\message] creation task end
08:25:04.651 [main] INFO  k.p.s.common.util.CommonStaticUtil - the new child relative direcotry[D:\gitsinnori\sinnori\project\sample_test\server_build\src\main\java\kr\pe\sinnori\impl\message][PublicKeyReq] was created successfully
08:25:04.715 [main] INFO  k.p.s.c.buildsystem.ProjectBuilder - main project[sample_test]'s message file[PublicKeyReq][D:\gitsinnori\sinnori\project\sample_test\server_build\src\main\java\kr\pe\sinnori\impl\message] creation task start
08:25:04.715 [main] INFO  k.p.s.c.buildsystem.ProjectBuilder - main project[sample_test]'s message file[PublicKeyReq][D:\gitsinnori\sinnori\project\sample_test\server_build\src\main\java\kr\pe\sinnori\impl\message] creation task end
08:25:04.715 [main] INFO  k.p.s.c.buildsystem.ProjectBuilder - main project[sample_test]'s message decoder file[PublicKeyReq][D:\gitsinnori\sinnori\project\sample_test\server_build\src\main\java\kr\pe\sinnori\impl\message] creation task start
08:25:04.730 [main] INFO  k.p.s.c.buildsystem.ProjectBuilder - main project[sample_test]'s message decoder file[PublicKeyReq][D:\gitsinnori\sinnori\project\sample_test\server_build\src\main\java\kr\pe\sinnori\impl\message] creation task end
08:25:04.730 [main] INFO  k.p.s.c.buildsystem.ProjectBuilder - main project[sample_test]'s message encoder file[PublicKeyReq][D:\gitsinnori\sinnori\project\sample_test\server_build\src\main\java\kr\pe\sinnori\impl\message] creation task start
08:25:04.730 [main] INFO  k.p.s.c.buildsystem.ProjectBuilder - main project[sample_test]'s message encoder file[PublicKeyReq][D:\gitsinnori\sinnori\project\sample_test\server_build\src\main\java\kr\pe\sinnori\impl\message] creation task end
08:25:04.730 [main] INFO  k.p.s.c.buildsystem.ProjectBuilder - main project[sample_test]'s message server codec file[PublicKeyReq][D:\gitsinnori\sinnori\project\sample_test\server_build\src\main\java\kr\pe\sinnori\impl\message] creation task start
08:25:04.730 [main] INFO  k.p.s.c.buildsystem.ProjectBuilder - main project[sample_test]'s message server codec file[PublicKeyReq][D:\gitsinnori\sinnori\project\sample_test\server_build\src\main\java\kr\pe\sinnori\impl\message] creation task end
08:25:04.730 [main] INFO  k.p.s.c.buildsystem.ProjectBuilder - main project[sample_test]'s message client codec file[PublicKeyReq][D:\gitsinnori\sinnori\project\sample_test\server_build\src\main\java\kr\pe\sinnori\impl\message] creation task start
08:25:04.747 [main] INFO  k.p.s.c.buildsystem.ProjectBuilder - main project[sample_test]'s message client codec file[PublicKeyReq][D:\gitsinnori\sinnori\project\sample_test\server_build\src\main\java\kr\pe\sinnori\impl\message] creation task end
08:25:04.748 [main] INFO  k.p.s.common.util.CommonStaticUtil - the new child relative direcotry[D:\gitsinnori\sinnori\project\sample_test\server_build\src\main\java\kr\pe\sinnori\impl\message][PublicKeyRes] was created successfully
08:25:04.748 [main] INFO  k.p.s.c.buildsystem.ProjectBuilder - main project[sample_test]'s message file[PublicKeyRes][D:\gitsinnori\sinnori\project\sample_test\server_build\src\main\java\kr\pe\sinnori\impl\message] creation task start
08:25:04.751 [main] INFO  k.p.s.c.buildsystem.ProjectBuilder - main project[sample_test]'s message file[PublicKeyRes][D:\gitsinnori\sinnori\project\sample_test\server_build\src\main\java\kr\pe\sinnori\impl\message] creation task end
08:25:04.751 [main] INFO  k.p.s.c.buildsystem.ProjectBuilder - main project[sample_test]'s message decoder file[PublicKeyRes][D:\gitsinnori\sinnori\project\sample_test\server_build\src\main\java\kr\pe\sinnori\impl\message] creation task start
08:25:04.752 [main] INFO  k.p.s.c.buildsystem.ProjectBuilder - main project[sample_test]'s message decoder file[PublicKeyRes][D:\gitsinnori\sinnori\project\sample_test\server_build\src\main\java\kr\pe\sinnori\impl\message] creation task end
08:25:04.752 [main] INFO  k.p.s.c.buildsystem.ProjectBuilder - main project[sample_test]'s message encoder file[PublicKeyRes][D:\gitsinnori\sinnori\project\sample_test\server_build\src\main\java\kr\pe\sinnori\impl\message] creation task start
08:25:04.752 [main] INFO  k.p.s.c.buildsystem.ProjectBuilder - main project[sample_test]'s message encoder file[PublicKeyRes][D:\gitsinnori\sinnori\project\sample_test\server_build\src\main\java\kr\pe\sinnori\impl\message] creation task end
08:25:04.752 [main] INFO  k.p.s.c.buildsystem.ProjectBuilder - main project[sample_test]'s message server codec file[PublicKeyRes][D:\gitsinnori\sinnori\project\sample_test\server_build\src\main\java\kr\pe\sinnori\impl\message] creation task start
08:25:04.752 [main] INFO  k.p.s.c.buildsystem.ProjectBuilder - main project[sample_test]'s message server codec file[PublicKeyRes][D:\gitsinnori\sinnori\project\sample_test\server_build\src\main\java\kr\pe\sinnori\impl\message] creation task end
08:25:04.752 [main] INFO  k.p.s.c.buildsystem.ProjectBuilder - main project[sample_test]'s message client codec file[PublicKeyRes][D:\gitsinnori\sinnori\project\sample_test\server_build\src\main\java\kr\pe\sinnori\impl\message] creation task start
08:25:04.752 [main] INFO  k.p.s.c.buildsystem.ProjectBuilder - main project[sample_test]'s message client codec file[PublicKeyRes][D:\gitsinnori\sinnori\project\sample_test\server_build\src\main\java\kr\pe\sinnori\impl\message] creation task end
08:25:04.752 [main] INFO  k.p.s.c.buildsystem.ProjectBuilder - main project[sample_test]'s server message io file set creation task end
08:25:04.752 [main] INFO  k.p.s.c.buildsystem.ProjectBuilder - server build system files creation task end
08:25:04.752 [main] INFO  k.p.s.c.buildsystem.ProjectBuilder - main project[sample_test]'s web client build system files creation task start
08:25:04.752 [main] INFO  k.p.s.c.buildsystem.ProjectBuilder - main project[sample_test]'s web client ant build.xml file creation task start
08:25:04.752 [main] INFO  k.p.s.c.buildsystem.ProjectBuilder - main project[sample_test]'s web client ant build.xml file creation task end
08:25:04.752 [main] INFO  k.p.s.c.buildsystem.ProjectBuilder - main project[sample_test]'s web client ant properties file creation task start
08:25:04.752 [main] INFO  k.p.s.c.util.SequencedPropertiesUtil - the sequenced properties file[D:\gitsinnori\sinnori\project\sample_test\client_build\web_build\webAnt.properties] was created
08:25:04.768 [main] INFO  k.p.s.c.buildsystem.ProjectBuilder - main project[sample_test]'s web client ant properties file creation task end
08:25:04.768 [main] INFO  k.p.s.c.buildsystem.ProjectBuilder - main project[sample_test]'s web client message io file set creation task start
08:25:04.768 [main] INFO  k.p.s.common.util.CommonStaticUtil - the new child relative direcotry[D:\gitsinnori\sinnori\project\sample_test\client_build\web_build\src\main\java\kr\pe\sinnori\impl\message][Echo] was created successfully
08:25:04.768 [main] INFO  k.p.s.c.buildsystem.ProjectBuilder - main project[sample_test]'s message file[Echo][D:\gitsinnori\sinnori\project\sample_test\client_build\web_build\src\main\java\kr\pe\sinnori\impl\message] creation task start
08:25:04.768 [main] INFO  k.p.s.c.buildsystem.ProjectBuilder - main project[sample_test]'s message file[Echo][D:\gitsinnori\sinnori\project\sample_test\client_build\web_build\src\main\java\kr\pe\sinnori\impl\message] creation task end
08:25:04.768 [main] INFO  k.p.s.c.buildsystem.ProjectBuilder - main project[sample_test]'s message decoder file[Echo][D:\gitsinnori\sinnori\project\sample_test\client_build\web_build\src\main\java\kr\pe\sinnori\impl\message] creation task start
08:25:04.768 [main] INFO  k.p.s.c.buildsystem.ProjectBuilder - main project[sample_test]'s message decoder file[Echo][D:\gitsinnori\sinnori\project\sample_test\client_build\web_build\src\main\java\kr\pe\sinnori\impl\message] creation task end
08:25:04.868 [main] INFO  k.p.s.c.buildsystem.ProjectBuilder - main project[sample_test]'s message encoder file[Echo][D:\gitsinnori\sinnori\project\sample_test\client_build\web_build\src\main\java\kr\pe\sinnori\impl\message] creation task start
08:25:04.868 [main] INFO  k.p.s.c.buildsystem.ProjectBuilder - main project[sample_test]'s message encoder file[Echo][D:\gitsinnori\sinnori\project\sample_test\client_build\web_build\src\main\java\kr\pe\sinnori\impl\message] creation task end
08:25:04.868 [main] INFO  k.p.s.c.buildsystem.ProjectBuilder - main project[sample_test]'s message server codec file[Echo][D:\gitsinnori\sinnori\project\sample_test\client_build\web_build\src\main\java\kr\pe\sinnori\impl\message] creation task start
08:25:04.868 [main] INFO  k.p.s.c.buildsystem.ProjectBuilder - main project[sample_test]'s message server codec file[Echo][D:\gitsinnori\sinnori\project\sample_test\client_build\web_build\src\main\java\kr\pe\sinnori\impl\message] creation task end
08:25:04.868 [main] INFO  k.p.s.c.buildsystem.ProjectBuilder - main project[sample_test]'s message client codec file[Echo][D:\gitsinnori\sinnori\project\sample_test\client_build\web_build\src\main\java\kr\pe\sinnori\impl\message] creation task start
08:25:04.883 [main] INFO  k.p.s.c.buildsystem.ProjectBuilder - main project[sample_test]'s message client codec file[Echo][D:\gitsinnori\sinnori\project\sample_test\client_build\web_build\src\main\java\kr\pe\sinnori\impl\message] creation task end
08:25:04.883 [main] INFO  k.p.s.common.util.CommonStaticUtil - the new child relative direcotry[D:\gitsinnori\sinnori\project\sample_test\client_build\web_build\src\main\java\kr\pe\sinnori\impl\message][PublicKeyReq] was created successfully
08:25:04.883 [main] INFO  k.p.s.c.buildsystem.ProjectBuilder - main project[sample_test]'s message file[PublicKeyReq][D:\gitsinnori\sinnori\project\sample_test\client_build\web_build\src\main\java\kr\pe\sinnori\impl\message] creation task start
08:25:04.883 [main] INFO  k.p.s.c.buildsystem.ProjectBuilder - main project[sample_test]'s message file[PublicKeyReq][D:\gitsinnori\sinnori\project\sample_test\client_build\web_build\src\main\java\kr\pe\sinnori\impl\message] creation task end
08:25:04.883 [main] INFO  k.p.s.c.buildsystem.ProjectBuilder - main project[sample_test]'s message decoder file[PublicKeyReq][D:\gitsinnori\sinnori\project\sample_test\client_build\web_build\src\main\java\kr\pe\sinnori\impl\message] creation task start
08:25:04.899 [main] INFO  k.p.s.c.buildsystem.ProjectBuilder - main project[sample_test]'s message decoder file[PublicKeyReq][D:\gitsinnori\sinnori\project\sample_test\client_build\web_build\src\main\java\kr\pe\sinnori\impl\message] creation task end
08:25:04.899 [main] INFO  k.p.s.c.buildsystem.ProjectBuilder - main project[sample_test]'s message encoder file[PublicKeyReq][D:\gitsinnori\sinnori\project\sample_test\client_build\web_build\src\main\java\kr\pe\sinnori\impl\message] creation task start
08:25:04.899 [main] INFO  k.p.s.c.buildsystem.ProjectBuilder - main project[sample_test]'s message encoder file[PublicKeyReq][D:\gitsinnori\sinnori\project\sample_test\client_build\web_build\src\main\java\kr\pe\sinnori\impl\message] creation task end
08:25:04.899 [main] INFO  k.p.s.c.buildsystem.ProjectBuilder - main project[sample_test]'s message server codec file[PublicKeyReq][D:\gitsinnori\sinnori\project\sample_test\client_build\web_build\src\main\java\kr\pe\sinnori\impl\message] creation task start
08:25:04.899 [main] INFO  k.p.s.c.buildsystem.ProjectBuilder - main project[sample_test]'s message server codec file[PublicKeyReq][D:\gitsinnori\sinnori\project\sample_test\client_build\web_build\src\main\java\kr\pe\sinnori\impl\message] creation task end
08:25:04.899 [main] INFO  k.p.s.c.buildsystem.ProjectBuilder - main project[sample_test]'s message client codec file[PublicKeyReq][D:\gitsinnori\sinnori\project\sample_test\client_build\web_build\src\main\java\kr\pe\sinnori\impl\message] creation task start
08:25:04.899 [main] INFO  k.p.s.c.buildsystem.ProjectBuilder - main project[sample_test]'s message client codec file[PublicKeyReq][D:\gitsinnori\sinnori\project\sample_test\client_build\web_build\src\main\java\kr\pe\sinnori\impl\message] creation task end
08:25:04.899 [main] INFO  k.p.s.common.util.CommonStaticUtil - the new child relative direcotry[D:\gitsinnori\sinnori\project\sample_test\client_build\web_build\src\main\java\kr\pe\sinnori\impl\message][PublicKeyRes] was created successfully
08:25:04.899 [main] INFO  k.p.s.c.buildsystem.ProjectBuilder - main project[sample_test]'s message file[PublicKeyRes][D:\gitsinnori\sinnori\project\sample_test\client_build\web_build\src\main\java\kr\pe\sinnori\impl\message] creation task start
08:25:04.915 [main] INFO  k.p.s.c.buildsystem.ProjectBuilder - main project[sample_test]'s message file[PublicKeyRes][D:\gitsinnori\sinnori\project\sample_test\client_build\web_build\src\main\java\kr\pe\sinnori\impl\message] creation task end
08:25:04.915 [main] INFO  k.p.s.c.buildsystem.ProjectBuilder - main project[sample_test]'s message decoder file[PublicKeyRes][D:\gitsinnori\sinnori\project\sample_test\client_build\web_build\src\main\java\kr\pe\sinnori\impl\message] creation task start
08:25:04.915 [main] INFO  k.p.s.c.buildsystem.ProjectBuilder - main project[sample_test]'s message decoder file[PublicKeyRes][D:\gitsinnori\sinnori\project\sample_test\client_build\web_build\src\main\java\kr\pe\sinnori\impl\message] creation task end
08:25:04.915 [main] INFO  k.p.s.c.buildsystem.ProjectBuilder - main project[sample_test]'s message encoder file[PublicKeyRes][D:\gitsinnori\sinnori\project\sample_test\client_build\web_build\src\main\java\kr\pe\sinnori\impl\message] creation task start
08:25:04.915 [main] INFO  k.p.s.c.buildsystem.ProjectBuilder - main project[sample_test]'s message encoder file[PublicKeyRes][D:\gitsinnori\sinnori\project\sample_test\client_build\web_build\src\main\java\kr\pe\sinnori\impl\message] creation task end
08:25:04.915 [main] INFO  k.p.s.c.buildsystem.ProjectBuilder - main project[sample_test]'s message server codec file[PublicKeyRes][D:\gitsinnori\sinnori\project\sample_test\client_build\web_build\src\main\java\kr\pe\sinnori\impl\message] creation task start
08:25:04.915 [main] INFO  k.p.s.c.buildsystem.ProjectBuilder - main project[sample_test]'s message server codec file[PublicKeyRes][D:\gitsinnori\sinnori\project\sample_test\client_build\web_build\src\main\java\kr\pe\sinnori\impl\message] creation task end
08:25:04.915 [main] INFO  k.p.s.c.buildsystem.ProjectBuilder - main project[sample_test]'s message client codec file[PublicKeyRes][D:\gitsinnori\sinnori\project\sample_test\client_build\web_build\src\main\java\kr\pe\sinnori\impl\message] creation task start
08:25:04.915 [main] INFO  k.p.s.c.buildsystem.ProjectBuilder - main project[sample_test]'s message client codec file[PublicKeyRes][D:\gitsinnori\sinnori\project\sample_test\client_build\web_build\src\main\java\kr\pe\sinnori\impl\message] creation task end
08:25:04.915 [main] INFO  k.p.s.c.buildsystem.ProjectBuilder - main project[sample_test]'s web client message io file set creation task end
08:25:04.915 [main] INFO  k.p.s.c.buildsystem.ProjectBuilder - mainproject[sample_test]'s web client sample source files copy task start
08:25:04.968 [main] INFO  k.p.s.c.buildsystem.ProjectBuilder - mainproject[sample_test]'s web client sample source files copy task end
08:25:04.968 [main] INFO  k.p.s.c.buildsystem.ProjectBuilder - main project[sample_test]'s web client build system files creation task end
08:25:04.968 [main] INFO  k.p.s.c.buildsystem.ProjectBuilder - main project[sample_test]'s web root sample files creation task start
08:25:04.968 [main] INFO  k.p.s.c.buildsystem.ProjectBuilder - main project[sample_test]'s web root sample files copy task start
08:25:04.984 [main] INFO  k.p.s.c.buildsystem.ProjectBuilder - main project[sample_test]'s web root sample files copy task end
08:25:04.984 [main] INFO  k.p.s.c.buildsystem.ProjectBuilder - main project[sample_test]'s web root sample files creation task end
08:25:04.984 [main] INFO  k.p.s.c.buildsystem.ProjectBuilder - main project[sample_test]'s file creation task end
08:25:04.984 [main] INFO  k.p.s.c.buildsystem.ProjectBuilder - the app client ant build.xml file[D:\gitsinnori\sinnori\project\sample_test\client_build\app_build\build.xml] is bad :: whetherExist[false] isFile[false]
08:25:04.984 [main] INFO  k.p.s.c.config.SinnoriConfiguration - item key[sessionkey.rsa.publickey.file.value]'s value is null because its status is inactive
08:25:04.984 [main] INFO  k.p.s.c.config.SinnoriConfiguration - item key[sessionkey.rsa.privatekey.file.value]'s value is null because its status is inactive
08:25:05.015 [main] INFO  k.p.s.c.buildsystem.ProjectBuilder - main project[sample_test]'s child direcotry creation task start
08:25:05.015 [main] INFO  k.p.s.c.buildsystem.ProjectBuilder - main project[sample_test]'s common child direcotry creation task start
08:25:05.015 [main] INFO  k.p.s.common.util.CommonStaticUtil - the new child relative direcotry[D:\gitsinnori\sinnori\project\sample_test][config] was created successfully
08:25:05.015 [main] INFO  k.p.s.common.util.CommonStaticUtil - the new child relative direcotry[D:\gitsinnori\sinnori\project\sample_test][resources/dbcp] was created successfully
08:25:05.015 [main] INFO  k.p.s.common.util.CommonStaticUtil - the new child relative direcotry[D:\gitsinnori\sinnori\project\sample_test][resources/message_info] was created successfully
08:25:05.015 [main] INFO  k.p.s.common.util.CommonStaticUtil - the new child relative direcotry[D:\gitsinnori\sinnori\project\sample_test][resources/rsa_keypair] was created successfully
08:25:05.015 [main] INFO  k.p.s.common.util.CommonStaticUtil - the new child relative direcotry[D:\gitsinnori\sinnori\project\sample_test][log/apache] was created successfully
08:25:05.015 [main] INFO  k.p.s.common.util.CommonStaticUtil - the new child relative direcotry[D:\gitsinnori\sinnori\project\sample_test][log/client] was created successfully
08:25:05.015 [main] INFO  k.p.s.common.util.CommonStaticUtil - the new child relative direcotry[D:\gitsinnori\sinnori\project\sample_test][log/server] was created successfully
08:25:05.015 [main] INFO  k.p.s.common.util.CommonStaticUtil - the new child relative direcotry[D:\gitsinnori\sinnori\project\sample_test][log/servlet] was created successfully
08:25:05.015 [main] INFO  k.p.s.c.buildsystem.ProjectBuilder - main project[sample_test]'s common child direcotry creation task end
08:25:05.015 [main] INFO  k.p.s.c.buildsystem.ProjectBuilder - main project[sample_test]'s server child direcotry creation task start
08:25:05.015 [main] INFO  k.p.s.common.util.CommonStaticUtil - the new child relative direcotry[D:\gitsinnori\sinnori\project\sample_test][server_build/APP-INF/classes] was created successfully
08:25:05.015 [main] INFO  k.p.s.common.util.CommonStaticUtil - the new child relative direcotry[D:\gitsinnori\sinnori\project\sample_test][server_build/corelib/ex] was created successfully
08:25:05.015 [main] INFO  k.p.s.common.util.CommonStaticUtil - the new child relative direcotry[D:\gitsinnori\sinnori\project\sample_test][server_build/corelib/in] was created successfully
08:25:05.015 [main] INFO  k.p.s.common.util.CommonStaticUtil - the new child relative direcotry[D:\gitsinnori\sinnori\project\sample_test][server_build/lib/main/ex] was created successfully
08:25:05.015 [main] INFO  k.p.s.common.util.CommonStaticUtil - the new child relative direcotry[D:\gitsinnori\sinnori\project\sample_test][server_build/lib/main/in] was created successfully
08:25:05.015 [main] INFO  k.p.s.common.util.CommonStaticUtil - the new child relative direcotry[D:\gitsinnori\sinnori\project\sample_test][server_build/lib/test] was created successfully
08:25:05.015 [main] INFO  k.p.s.common.util.CommonStaticUtil - the new child relative direcotry[D:\gitsinnori\sinnori\project\sample_test][server_build/src/main/java/kr/pe/sinnori/impl/servertask] was created successfully
08:25:05.015 [main] INFO  k.p.s.common.util.CommonStaticUtil - the new child relative direcotry[D:\gitsinnori\sinnori\project\sample_test][server_build/src/main/java/kr/pe/sinnori/impl/message] was created successfully
08:25:05.015 [main] INFO  k.p.s.common.util.CommonStaticUtil - the new child relative direcotry[D:\gitsinnori\sinnori\project\sample_test][server_build/src/main/java/main] was created successfully
08:25:05.015 [main] INFO  k.p.s.common.util.CommonStaticUtil - the new child relative direcotry[D:\gitsinnori\sinnori\project\sample_test][server_build/src/test/java] was created successfully
08:25:05.015 [main] INFO  k.p.s.common.util.CommonStaticUtil - the new child relative direcotry[D:\gitsinnori\sinnori\project\sample_test][server_build/build] was created successfully
08:25:05.015 [main] INFO  k.p.s.common.util.CommonStaticUtil - the new child relative direcotry[D:\gitsinnori\sinnori\project\sample_test][server_build/dist] was created successfully
08:25:05.015 [main] INFO  k.p.s.c.buildsystem.ProjectBuilder - main project[sample_test]'s server child direcotry creation task end
08:25:05.015 [main] INFO  k.p.s.c.buildsystem.ProjectBuilder - main project[sample_test]'s child direcotry creation task end
08:25:05.015 [main] INFO  k.p.s.c.buildsystem.ProjectBuilder - main project[sample_test]'s file creation task start
08:25:05.015 [main] INFO  k.p.s.c.buildsystem.ProjectBuilder - main project[sample_test]'s config file creation task start
08:25:05.015 [main] INFO  k.p.s.c.util.SequencedPropertiesUtil - the sequenced properties file[D:\gitsinnori\sinnori\project\sample_test\config\sinnori.properties] was created
08:25:05.031 [main] INFO  k.p.s.c.buildsystem.ProjectBuilder - main project[sample_test]'s config file creation task end
08:25:05.031 [main] INFO  k.p.s.c.buildsystem.ProjectBuilder - the mainproject[sample_test]'s resources directory copy task start
08:25:05.031 [main] INFO  k.p.s.c.buildsystem.ProjectBuilder - the mainproject[sample_test]'s resources directory copy task end
08:25:05.031 [main] INFO  k.p.s.c.buildsystem.ProjectBuilder - server build system files creation task start
08:25:05.031 [main] INFO  k.p.s.c.buildsystem.ProjectBuilder - main project[sample_test]'s server ant build.xml file creation task start
08:25:05.047 [main] INFO  k.p.s.c.buildsystem.ProjectBuilder - main project[sample_test]'s server ant build.xml file creation task end
08:25:05.047 [main] INFO  k.p.s.c.buildsystem.ProjectBuilder - main project[sample_test]'s server dos shell file creation task start
08:25:05.048 [main] INFO  k.p.s.c.buildsystem.ProjectBuilder - main project[sample_test]'s server dos shell file creation task end
08:25:05.048 [main] INFO  k.p.s.c.buildsystem.ProjectBuilder - main project[sample_test]'s server unix shell file creation task start
08:25:05.049 [main] INFO  k.p.s.c.buildsystem.ProjectBuilder - main project[sample_test]'s server unix shell file creation task end
08:25:05.049 [main] INFO  k.p.s.c.buildsystem.ProjectBuilder - server sample source files copy task start
08:25:05.052 [main] INFO  k.p.s.c.buildsystem.ProjectBuilder - server sample source files copy task end
08:25:05.052 [main] INFO  k.p.s.c.buildsystem.ProjectBuilder - main project[sample_test]'s server message io file set creation task start
08:25:05.052 [main] INFO  k.p.s.common.util.CommonStaticUtil - the new child relative direcotry[D:\gitsinnori\sinnori\project\sample_test\server_build\src\main\java\kr\pe\sinnori\impl\message][Echo] was created successfully
08:25:05.115 [main] INFO  k.p.s.c.buildsystem.ProjectBuilder - main project[sample_test]'s message file[Echo][D:\gitsinnori\sinnori\project\sample_test\server_build\src\main\java\kr\pe\sinnori\impl\message] creation task start
08:25:05.115 [main] INFO  k.p.s.c.buildsystem.ProjectBuilder - main project[sample_test]'s message file[Echo][D:\gitsinnori\sinnori\project\sample_test\server_build\src\main\java\kr\pe\sinnori\impl\message] creation task end
08:25:05.115 [main] INFO  k.p.s.c.buildsystem.ProjectBuilder - main project[sample_test]'s message decoder file[Echo][D:\gitsinnori\sinnori\project\sample_test\server_build\src\main\java\kr\pe\sinnori\impl\message] creation task start
08:25:05.131 [main] INFO  k.p.s.c.buildsystem.ProjectBuilder - main project[sample_test]'s message decoder file[Echo][D:\gitsinnori\sinnori\project\sample_test\server_build\src\main\java\kr\pe\sinnori\impl\message] creation task end
08:25:05.131 [main] INFO  k.p.s.c.buildsystem.ProjectBuilder - main project[sample_test]'s message encoder file[Echo][D:\gitsinnori\sinnori\project\sample_test\server_build\src\main\java\kr\pe\sinnori\impl\message] creation task start
08:25:05.131 [main] INFO  k.p.s.c.buildsystem.ProjectBuilder - main project[sample_test]'s message encoder file[Echo][D:\gitsinnori\sinnori\project\sample_test\server_build\src\main\java\kr\pe\sinnori\impl\message] creation task end
08:25:05.131 [main] INFO  k.p.s.c.buildsystem.ProjectBuilder - main project[sample_test]'s message server codec file[Echo][D:\gitsinnori\sinnori\project\sample_test\server_build\src\main\java\kr\pe\sinnori\impl\message] creation task start
08:25:05.131 [main] INFO  k.p.s.c.buildsystem.ProjectBuilder - main project[sample_test]'s message server codec file[Echo][D:\gitsinnori\sinnori\project\sample_test\server_build\src\main\java\kr\pe\sinnori\impl\message] creation task end
08:25:05.131 [main] INFO  k.p.s.c.buildsystem.ProjectBuilder - main project[sample_test]'s message client codec file[Echo][D:\gitsinnori\sinnori\project\sample_test\server_build\src\main\java\kr\pe\sinnori\impl\message] creation task start
08:25:05.151 [main] INFO  k.p.s.c.buildsystem.ProjectBuilder - main project[sample_test]'s message client codec file[Echo][D:\gitsinnori\sinnori\project\sample_test\server_build\src\main\java\kr\pe\sinnori\impl\message] creation task end
08:25:05.151 [main] INFO  k.p.s.common.util.CommonStaticUtil - the new child relative direcotry[D:\gitsinnori\sinnori\project\sample_test\server_build\src\main\java\kr\pe\sinnori\impl\message][PublicKeyReq] was created successfully
08:25:05.152 [main] INFO  k.p.s.c.buildsystem.ProjectBuilder - main project[sample_test]'s message file[PublicKeyReq][D:\gitsinnori\sinnori\project\sample_test\server_build\src\main\java\kr\pe\sinnori\impl\message] creation task start
08:25:05.153 [main] INFO  k.p.s.c.buildsystem.ProjectBuilder - main project[sample_test]'s message file[PublicKeyReq][D:\gitsinnori\sinnori\project\sample_test\server_build\src\main\java\kr\pe\sinnori\impl\message] creation task end
08:25:05.153 [main] INFO  k.p.s.c.buildsystem.ProjectBuilder - main project[sample_test]'s message decoder file[PublicKeyReq][D:\gitsinnori\sinnori\project\sample_test\server_build\src\main\java\kr\pe\sinnori\impl\message] creation task start
08:25:05.168 [main] INFO  k.p.s.c.buildsystem.ProjectBuilder - main project[sample_test]'s message decoder file[PublicKeyReq][D:\gitsinnori\sinnori\project\sample_test\server_build\src\main\java\kr\pe\sinnori\impl\message] creation task end
08:25:05.168 [main] INFO  k.p.s.c.buildsystem.ProjectBuilder - main project[sample_test]'s message encoder file[PublicKeyReq][D:\gitsinnori\sinnori\project\sample_test\server_build\src\main\java\kr\pe\sinnori\impl\message] creation task start
08:25:05.168 [main] INFO  k.p.s.c.buildsystem.ProjectBuilder - main project[sample_test]'s message encoder file[PublicKeyReq][D:\gitsinnori\sinnori\project\sample_test\server_build\src\main\java\kr\pe\sinnori\impl\message] creation task end
08:25:05.168 [main] INFO  k.p.s.c.buildsystem.ProjectBuilder - main project[sample_test]'s message server codec file[PublicKeyReq][D:\gitsinnori\sinnori\project\sample_test\server_build\src\main\java\kr\pe\sinnori\impl\message] creation task start
08:25:05.168 [main] INFO  k.p.s.c.buildsystem.ProjectBuilder - main project[sample_test]'s message server codec file[PublicKeyReq][D:\gitsinnori\sinnori\project\sample_test\server_build\src\main\java\kr\pe\sinnori\impl\message] creation task end
08:25:05.168 [main] INFO  k.p.s.c.buildsystem.ProjectBuilder - main project[sample_test]'s message client codec file[PublicKeyReq][D:\gitsinnori\sinnori\project\sample_test\server_build\src\main\java\kr\pe\sinnori\impl\message] creation task start
08:25:05.168 [main] INFO  k.p.s.c.buildsystem.ProjectBuilder - main project[sample_test]'s message client codec file[PublicKeyReq][D:\gitsinnori\sinnori\project\sample_test\server_build\src\main\java\kr\pe\sinnori\impl\message] creation task end
08:25:05.168 [main] INFO  k.p.s.common.util.CommonStaticUtil - the new child relative direcotry[D:\gitsinnori\sinnori\project\sample_test\server_build\src\main\java\kr\pe\sinnori\impl\message][PublicKeyRes] was created successfully
08:25:05.168 [main] INFO  k.p.s.c.buildsystem.ProjectBuilder - main project[sample_test]'s message file[PublicKeyRes][D:\gitsinnori\sinnori\project\sample_test\server_build\src\main\java\kr\pe\sinnori\impl\message] creation task start
08:25:05.168 [main] INFO  k.p.s.c.buildsystem.ProjectBuilder - main project[sample_test]'s message file[PublicKeyRes][D:\gitsinnori\sinnori\project\sample_test\server_build\src\main\java\kr\pe\sinnori\impl\message] creation task end
08:25:05.168 [main] INFO  k.p.s.c.buildsystem.ProjectBuilder - main project[sample_test]'s message decoder file[PublicKeyRes][D:\gitsinnori\sinnori\project\sample_test\server_build\src\main\java\kr\pe\sinnori\impl\message] creation task start
08:25:05.184 [main] INFO  k.p.s.c.buildsystem.ProjectBuilder - main project[sample_test]'s message decoder file[PublicKeyRes][D:\gitsinnori\sinnori\project\sample_test\server_build\src\main\java\kr\pe\sinnori\impl\message] creation task end
08:25:05.184 [main] INFO  k.p.s.c.buildsystem.ProjectBuilder - main project[sample_test]'s message encoder file[PublicKeyRes][D:\gitsinnori\sinnori\project\sample_test\server_build\src\main\java\kr\pe\sinnori\impl\message] creation task start
08:25:05.184 [main] INFO  k.p.s.c.buildsystem.ProjectBuilder - main project[sample_test]'s message encoder file[PublicKeyRes][D:\gitsinnori\sinnori\project\sample_test\server_build\src\main\java\kr\pe\sinnori\impl\message] creation task end
08:25:05.184 [main] INFO  k.p.s.c.buildsystem.ProjectBuilder - main project[sample_test]'s message server codec file[PublicKeyRes][D:\gitsinnori\sinnori\project\sample_test\server_build\src\main\java\kr\pe\sinnori\impl\message] creation task start
08:25:05.184 [main] INFO  k.p.s.c.buildsystem.ProjectBuilder - main project[sample_test]'s message server codec file[PublicKeyRes][D:\gitsinnori\sinnori\project\sample_test\server_build\src\main\java\kr\pe\sinnori\impl\message] creation task end
08:25:05.184 [main] INFO  k.p.s.c.buildsystem.ProjectBuilder - main project[sample_test]'s message client codec file[PublicKeyRes][D:\gitsinnori\sinnori\project\sample_test\server_build\src\main\java\kr\pe\sinnori\impl\message] creation task start
08:25:05.184 [main] INFO  k.p.s.c.buildsystem.ProjectBuilder - main project[sample_test]'s message client codec file[PublicKeyRes][D:\gitsinnori\sinnori\project\sample_test\server_build\src\main\java\kr\pe\sinnori\impl\message] creation task end
08:25:05.184 [main] INFO  k.p.s.c.buildsystem.ProjectBuilder - main project[sample_test]'s server message io file set creation task end
08:25:05.184 [main] INFO  k.p.s.c.buildsystem.ProjectBuilder - server build system files creation task end
08:25:05.184 [main] INFO  k.p.s.c.buildsystem.ProjectBuilder - main project[sample_test]'s file creation task end
08:25:05.184 [main] INFO  k.p.s.c.buildsystem.ProjectBuilder - the app client ant build.xml file[D:\gitsinnori\sinnori\project\sample_test\client_build\app_build\build.xml] is bad :: whetherExist[false] isFile[false]
08:25:05.184 [main] INFO  k.p.s.c.buildsystem.ProjectBuilder - the web client ant build.xml file[D:\gitsinnori\sinnori\project\sample_test\client_build\web_build\build.xml] is bad :: whetherExist[false] isFile[false]
08:25:05.184 [main] INFO  k.p.s.c.config.SinnoriConfiguration - item key[sessionkey.rsa.publickey.file.value]'s value is null because its status is inactive
08:25:05.184 [main] INFO  k.p.s.c.config.SinnoriConfiguration - item key[sessionkey.rsa.privatekey.file.value]'s value is null because its status is inactive
08:25:05.207 [main] INFO  k.p.s.c.buildsystem.ProjectBuilder - main project[sample_test]'s child direcotry creation task start
08:25:05.207 [main] INFO  k.p.s.c.buildsystem.ProjectBuilder - main project[sample_test]'s common child direcotry creation task start
08:25:05.207 [main] INFO  k.p.s.common.util.CommonStaticUtil - the new child relative direcotry[D:\gitsinnori\sinnori\project\sample_test][config] was created successfully
08:25:05.207 [main] INFO  k.p.s.common.util.CommonStaticUtil - the new child relative direcotry[D:\gitsinnori\sinnori\project\sample_test][resources/dbcp] was created successfully
08:25:05.207 [main] INFO  k.p.s.common.util.CommonStaticUtil - the new child relative direcotry[D:\gitsinnori\sinnori\project\sample_test][resources/message_info] was created successfully
08:25:05.207 [main] INFO  k.p.s.common.util.CommonStaticUtil - the new child relative direcotry[D:\gitsinnori\sinnori\project\sample_test][resources/rsa_keypair] was created successfully
08:25:05.207 [main] INFO  k.p.s.common.util.CommonStaticUtil - the new child relative direcotry[D:\gitsinnori\sinnori\project\sample_test][log/apache] was created successfully
08:25:05.207 [main] INFO  k.p.s.common.util.CommonStaticUtil - the new child relative direcotry[D:\gitsinnori\sinnori\project\sample_test][log/client] was created successfully
08:25:05.207 [main] INFO  k.p.s.common.util.CommonStaticUtil - the new child relative direcotry[D:\gitsinnori\sinnori\project\sample_test][log/server] was created successfully
08:25:05.207 [main] INFO  k.p.s.common.util.CommonStaticUtil - the new child relative direcotry[D:\gitsinnori\sinnori\project\sample_test][log/servlet] was created successfully
08:25:05.207 [main] INFO  k.p.s.c.buildsystem.ProjectBuilder - main project[sample_test]'s common child direcotry creation task end
08:25:05.207 [main] INFO  k.p.s.c.buildsystem.ProjectBuilder - main project[sample_test]'s application build child direcotry creation task start
08:25:05.207 [main] INFO  k.p.s.common.util.CommonStaticUtil - the new child relative direcotry[D:\gitsinnori\sinnori\project\sample_test][client_build/app_build/corelib/ex] was created successfully
08:25:05.207 [main] INFO  k.p.s.common.util.CommonStaticUtil - the new child relative direcotry[D:\gitsinnori\sinnori\project\sample_test][client_build/app_build/corelib/in] was created successfully
08:25:05.207 [main] INFO  k.p.s.common.util.CommonStaticUtil - the new child relative direcotry[D:\gitsinnori\sinnori\project\sample_test][client_build/app_build/lib/main/ex] was created successfully
08:25:05.207 [main] INFO  k.p.s.common.util.CommonStaticUtil - the new child relative direcotry[D:\gitsinnori\sinnori\project\sample_test][client_build/app_build/lib/main/in] was created successfully
08:25:05.299 [main] INFO  k.p.s.common.util.CommonStaticUtil - the new child relative direcotry[D:\gitsinnori\sinnori\project\sample_test][client_build/app_build/lib/test] was created successfully
08:25:05.299 [main] INFO  k.p.s.common.util.CommonStaticUtil - the new child relative direcotry[D:\gitsinnori\sinnori\project\sample_test][client_build/app_build/src/main/java/kr/pe/sinnori/impl/message] was created successfully
08:25:05.299 [main] INFO  k.p.s.common.util.CommonStaticUtil - the new child relative direcotry[D:\gitsinnori\sinnori\project\sample_test][client_build/app_build/src/main/java/main] was created successfully
08:25:05.299 [main] INFO  k.p.s.common.util.CommonStaticUtil - the new child relative direcotry[D:\gitsinnori\sinnori\project\sample_test][client_build/app_build/src/test/java] was created successfully
08:25:05.299 [main] INFO  k.p.s.common.util.CommonStaticUtil - the new child relative direcotry[D:\gitsinnori\sinnori\project\sample_test][client_build/app_build/build] was created successfully
08:25:05.299 [main] INFO  k.p.s.common.util.CommonStaticUtil - the new child relative direcotry[D:\gitsinnori\sinnori\project\sample_test][client_build/app_build/dist] was created successfully
08:25:05.299 [main] INFO  k.p.s.c.buildsystem.ProjectBuilder - main project[sample_test]'s application build child direcotry creation task end
08:25:05.299 [main] INFO  k.p.s.c.buildsystem.ProjectBuilder - main project[sample_test]'s web build child direcotry creation task start
08:25:05.315 [main] INFO  k.p.s.common.util.CommonStaticUtil - the new child relative direcotry[D:\gitsinnori\sinnori\project\sample_test][client_build/web_build/corelib/ex] was created successfully
08:25:05.315 [main] INFO  k.p.s.common.util.CommonStaticUtil - the new child relative direcotry[D:\gitsinnori\sinnori\project\sample_test][client_build/web_build/corelib/in] was created successfully
08:25:05.315 [main] INFO  k.p.s.common.util.CommonStaticUtil - the new child relative direcotry[D:\gitsinnori\sinnori\project\sample_test][client_build/web_build/lib/main/ex] was created successfully
08:25:05.315 [main] INFO  k.p.s.common.util.CommonStaticUtil - the new child relative direcotry[D:\gitsinnori\sinnori\project\sample_test][client_build/web_build/lib/main/in] was created successfully
08:25:05.315 [main] INFO  k.p.s.common.util.CommonStaticUtil - the new child relative direcotry[D:\gitsinnori\sinnori\project\sample_test][client_build/web_build/lib/test] was created successfully
08:25:05.315 [main] INFO  k.p.s.common.util.CommonStaticUtil - the new child relative direcotry[D:\gitsinnori\sinnori\project\sample_test][client_build/web_build/src/main/java/kr/pe/sinnori/impl/message] was created successfully
08:25:05.315 [main] INFO  k.p.s.common.util.CommonStaticUtil - the new child relative direcotry[D:\gitsinnori\sinnori\project\sample_test][client_build/web_build/src/main/java//kr/pe/sinnori/servlet] was created successfully
08:25:05.330 [main] INFO  k.p.s.common.util.CommonStaticUtil - the new child relative direcotry[D:\gitsinnori\sinnori\project\sample_test][client_build/web_build/src/main/java/kr/pe/sinnori/weblib/common] was created successfully
08:25:05.330 [main] INFO  k.p.s.common.util.CommonStaticUtil - the new child relative direcotry[D:\gitsinnori\sinnori\project\sample_test][client_build/web_build/src/main/java/kr/pe/sinnori/weblib/htmlstring] was created successfully
08:25:05.330 [main] INFO  k.p.s.common.util.CommonStaticUtil - the new child relative direcotry[D:\gitsinnori\sinnori\project\sample_test][client_build/web_build/src/main/java/kr/pe/sinnori/weblib/jdf] was created successfully
08:25:05.330 [main] INFO  k.p.s.common.util.CommonStaticUtil - the new child relative direcotry[D:\gitsinnori\sinnori\project\sample_test][client_build/web_build/src/test/java] was created successfully
08:25:05.330 [main] INFO  k.p.s.common.util.CommonStaticUtil - the new child relative direcotry[D:\gitsinnori\sinnori\project\sample_test][client_build/web_build/build] was created successfully
08:25:05.330 [main] INFO  k.p.s.common.util.CommonStaticUtil - the new child relative direcotry[D:\gitsinnori\sinnori\project\sample_test][client_build/web_build/dist] was created successfully
08:25:05.330 [main] INFO  k.p.s.c.buildsystem.ProjectBuilder - main project[sample_test]'s web build child direcotry creation task end
08:25:05.330 [main] INFO  k.p.s.c.buildsystem.ProjectBuilder - main project[sample_test]'s web root child direcotry creation task start
08:25:05.330 [main] INFO  k.p.s.common.util.CommonStaticUtil - the new child relative direcotry[D:\gitsinnori\sinnori\project\sample_test][web_app_base/upload] was created successfully
08:25:05.330 [main] INFO  k.p.s.common.util.CommonStaticUtil - the new child relative direcotry[D:\gitsinnori\sinnori\project\sample_test][web_app_base/ROOT/WEB-INF/classes] was created successfully
08:25:05.346 [main] INFO  k.p.s.common.util.CommonStaticUtil - the new child relative direcotry[D:\gitsinnori\sinnori\project\sample_test][web_app_base/ROOT/WEB-INF/lib] was created successfully
08:25:05.346 [main] INFO  k.p.s.c.buildsystem.ProjectBuilder - main project[sample_test]'s web root child direcotry creation task end
08:25:05.346 [main] INFO  k.p.s.c.buildsystem.ProjectBuilder - main project[sample_test]'s child direcotry creation task end
08:25:05.346 [main] INFO  k.p.s.c.buildsystem.ProjectBuilder - main project[sample_test]'s file creation task start
08:25:05.346 [main] INFO  k.p.s.c.buildsystem.ProjectBuilder - main project[sample_test]'s config file creation task start
08:25:05.347 [main] INFO  k.p.s.c.util.SequencedPropertiesUtil - the sequenced properties file[D:\gitsinnori\sinnori\project\sample_test\config\sinnori.properties] was created
08:25:05.353 [main] INFO  k.p.s.c.buildsystem.ProjectBuilder - main project[sample_test]'s config file creation task end
08:25:05.353 [main] INFO  k.p.s.c.buildsystem.ProjectBuilder - the mainproject[sample_test]'s resources directory copy task start
08:25:05.369 [main] INFO  k.p.s.c.buildsystem.ProjectBuilder - the mainproject[sample_test]'s resources directory copy task end
08:25:05.369 [main] INFO  k.p.s.c.buildsystem.ProjectBuilder - mainproject[sample_test]'s application client build system files creation task start
08:25:05.369 [main] INFO  k.p.s.c.buildsystem.ProjectBuilder - main project[sample_test]'s application client ant build.xml file creation task start
08:25:05.369 [main] INFO  k.p.s.c.buildsystem.ProjectBuilder - main project[sample_test]'s application client ant build.xml file creation task end
08:25:05.369 [main] INFO  k.p.s.c.buildsystem.ProjectBuilder - main project[sample_test]'s application client dos shell file creation task start
08:25:05.369 [main] INFO  k.p.s.c.buildsystem.ProjectBuilder - main project[sample_test]'s application client dos shell file creation task end
08:25:05.369 [main] INFO  k.p.s.c.buildsystem.ProjectBuilder - main project[sample_test]'s application client unix shell file creation task start
08:25:05.369 [main] INFO  k.p.s.c.buildsystem.ProjectBuilder - main project[sample_test]'s application client unix shell file creation task end
08:25:05.369 [main] INFO  k.p.s.c.buildsystem.ProjectBuilder - application client sample source files copy task start
08:25:05.369 [main] INFO  k.p.s.c.buildsystem.ProjectBuilder - application client sample source files copy task end
08:25:05.369 [main] INFO  k.p.s.c.buildsystem.ProjectBuilder - main project[sample_test]'s application client message io file set creation task start
08:25:05.369 [main] INFO  k.p.s.common.util.CommonStaticUtil - the new child relative direcotry[D:\gitsinnori\sinnori\project\sample_test\client_build\app_build\src\main\java\kr\pe\sinnori\impl\message][Echo] was created successfully
08:25:05.369 [main] INFO  k.p.s.c.buildsystem.ProjectBuilder - main project[sample_test]'s message file[Echo][D:\gitsinnori\sinnori\project\sample_test\client_build\app_build\src\main\java\kr\pe\sinnori\impl\message] creation task start
08:25:05.384 [main] INFO  k.p.s.c.buildsystem.ProjectBuilder - main project[sample_test]'s message file[Echo][D:\gitsinnori\sinnori\project\sample_test\client_build\app_build\src\main\java\kr\pe\sinnori\impl\message] creation task end
08:25:05.384 [main] INFO  k.p.s.c.buildsystem.ProjectBuilder - main project[sample_test]'s message decoder file[Echo][D:\gitsinnori\sinnori\project\sample_test\client_build\app_build\src\main\java\kr\pe\sinnori\impl\message] creation task start
08:25:05.384 [main] INFO  k.p.s.c.buildsystem.ProjectBuilder - main project[sample_test]'s message decoder file[Echo][D:\gitsinnori\sinnori\project\sample_test\client_build\app_build\src\main\java\kr\pe\sinnori\impl\message] creation task end
08:25:05.384 [main] INFO  k.p.s.c.buildsystem.ProjectBuilder - main project[sample_test]'s message encoder file[Echo][D:\gitsinnori\sinnori\project\sample_test\client_build\app_build\src\main\java\kr\pe\sinnori\impl\message] creation task start
08:25:05.384 [main] INFO  k.p.s.c.buildsystem.ProjectBuilder - main project[sample_test]'s message encoder file[Echo][D:\gitsinnori\sinnori\project\sample_test\client_build\app_build\src\main\java\kr\pe\sinnori\impl\message] creation task end
08:25:05.384 [main] INFO  k.p.s.c.buildsystem.ProjectBuilder - main project[sample_test]'s message server codec file[Echo][D:\gitsinnori\sinnori\project\sample_test\client_build\app_build\src\main\java\kr\pe\sinnori\impl\message] creation task start
08:25:05.384 [main] INFO  k.p.s.c.buildsystem.ProjectBuilder - main project[sample_test]'s message server codec file[Echo][D:\gitsinnori\sinnori\project\sample_test\client_build\app_build\src\main\java\kr\pe\sinnori\impl\message] creation task end
08:25:05.384 [main] INFO  k.p.s.c.buildsystem.ProjectBuilder - main project[sample_test]'s message client codec file[Echo][D:\gitsinnori\sinnori\project\sample_test\client_build\app_build\src\main\java\kr\pe\sinnori\impl\message] creation task start
08:25:05.469 [main] INFO  k.p.s.c.buildsystem.ProjectBuilder - main project[sample_test]'s message client codec file[Echo][D:\gitsinnori\sinnori\project\sample_test\client_build\app_build\src\main\java\kr\pe\sinnori\impl\message] creation task end
08:25:05.469 [main] INFO  k.p.s.common.util.CommonStaticUtil - the new child relative direcotry[D:\gitsinnori\sinnori\project\sample_test\client_build\app_build\src\main\java\kr\pe\sinnori\impl\message][PublicKeyReq] was created successfully
08:25:05.469 [main] INFO  k.p.s.c.buildsystem.ProjectBuilder - main project[sample_test]'s message file[PublicKeyReq][D:\gitsinnori\sinnori\project\sample_test\client_build\app_build\src\main\java\kr\pe\sinnori\impl\message] creation task start
08:25:05.469 [main] INFO  k.p.s.c.buildsystem.ProjectBuilder - main project[sample_test]'s message file[PublicKeyReq][D:\gitsinnori\sinnori\project\sample_test\client_build\app_build\src\main\java\kr\pe\sinnori\impl\message] creation task end
08:25:05.469 [main] INFO  k.p.s.c.buildsystem.ProjectBuilder - main project[sample_test]'s message decoder file[PublicKeyReq][D:\gitsinnori\sinnori\project\sample_test\client_build\app_build\src\main\java\kr\pe\sinnori\impl\message] creation task start
08:25:05.484 [main] INFO  k.p.s.c.buildsystem.ProjectBuilder - main project[sample_test]'s message decoder file[PublicKeyReq][D:\gitsinnori\sinnori\project\sample_test\client_build\app_build\src\main\java\kr\pe\sinnori\impl\message] creation task end
08:25:05.484 [main] INFO  k.p.s.c.buildsystem.ProjectBuilder - main project[sample_test]'s message encoder file[PublicKeyReq][D:\gitsinnori\sinnori\project\sample_test\client_build\app_build\src\main\java\kr\pe\sinnori\impl\message] creation task start
08:25:05.484 [main] INFO  k.p.s.c.buildsystem.ProjectBuilder - main project[sample_test]'s message encoder file[PublicKeyReq][D:\gitsinnori\sinnori\project\sample_test\client_build\app_build\src\main\java\kr\pe\sinnori\impl\message] creation task end
08:25:05.484 [main] INFO  k.p.s.c.buildsystem.ProjectBuilder - main project[sample_test]'s message server codec file[PublicKeyReq][D:\gitsinnori\sinnori\project\sample_test\client_build\app_build\src\main\java\kr\pe\sinnori\impl\message] creation task start
08:25:05.484 [main] INFO  k.p.s.c.buildsystem.ProjectBuilder - main project[sample_test]'s message server codec file[PublicKeyReq][D:\gitsinnori\sinnori\project\sample_test\client_build\app_build\src\main\java\kr\pe\sinnori\impl\message] creation task end
08:25:05.484 [main] INFO  k.p.s.c.buildsystem.ProjectBuilder - main project[sample_test]'s message client codec file[PublicKeyReq][D:\gitsinnori\sinnori\project\sample_test\client_build\app_build\src\main\java\kr\pe\sinnori\impl\message] creation task start
08:25:05.484 [main] INFO  k.p.s.c.buildsystem.ProjectBuilder - main project[sample_test]'s message client codec file[PublicKeyReq][D:\gitsinnori\sinnori\project\sample_test\client_build\app_build\src\main\java\kr\pe\sinnori\impl\message] creation task end
08:25:05.484 [main] INFO  k.p.s.common.util.CommonStaticUtil - the new child relative direcotry[D:\gitsinnori\sinnori\project\sample_test\client_build\app_build\src\main\java\kr\pe\sinnori\impl\message][PublicKeyRes] was created successfully
08:25:05.484 [main] INFO  k.p.s.c.buildsystem.ProjectBuilder - main project[sample_test]'s message file[PublicKeyRes][D:\gitsinnori\sinnori\project\sample_test\client_build\app_build\src\main\java\kr\pe\sinnori\impl\message] creation task start
08:25:05.500 [main] INFO  k.p.s.c.buildsystem.ProjectBuilder - main project[sample_test]'s message file[PublicKeyRes][D:\gitsinnori\sinnori\project\sample_test\client_build\app_build\src\main\java\kr\pe\sinnori\impl\message] creation task end
08:25:05.500 [main] INFO  k.p.s.c.buildsystem.ProjectBuilder - main project[sample_test]'s message decoder file[PublicKeyRes][D:\gitsinnori\sinnori\project\sample_test\client_build\app_build\src\main\java\kr\pe\sinnori\impl\message] creation task start
08:25:05.500 [main] INFO  k.p.s.c.buildsystem.ProjectBuilder - main project[sample_test]'s message decoder file[PublicKeyRes][D:\gitsinnori\sinnori\project\sample_test\client_build\app_build\src\main\java\kr\pe\sinnori\impl\message] creation task end
08:25:05.500 [main] INFO  k.p.s.c.buildsystem.ProjectBuilder - main project[sample_test]'s message encoder file[PublicKeyRes][D:\gitsinnori\sinnori\project\sample_test\client_build\app_build\src\main\java\kr\pe\sinnori\impl\message] creation task start
08:25:05.500 [main] INFO  k.p.s.c.buildsystem.ProjectBuilder - main project[sample_test]'s message encoder file[PublicKeyRes][D:\gitsinnori\sinnori\project\sample_test\client_build\app_build\src\main\java\kr\pe\sinnori\impl\message] creation task end
08:25:05.500 [main] INFO  k.p.s.c.buildsystem.ProjectBuilder - main project[sample_test]'s message server codec file[PublicKeyRes][D:\gitsinnori\sinnori\project\sample_test\client_build\app_build\src\main\java\kr\pe\sinnori\impl\message] creation task start
08:25:05.500 [main] INFO  k.p.s.c.buildsystem.ProjectBuilder - main project[sample_test]'s message server codec file[PublicKeyRes][D:\gitsinnori\sinnori\project\sample_test\client_build\app_build\src\main\java\kr\pe\sinnori\impl\message] creation task end
08:25:05.500 [main] INFO  k.p.s.c.buildsystem.ProjectBuilder - main project[sample_test]'s message client codec file[PublicKeyRes][D:\gitsinnori\sinnori\project\sample_test\client_build\app_build\src\main\java\kr\pe\sinnori\impl\message] creation task start
08:25:05.500 [main] INFO  k.p.s.c.buildsystem.ProjectBuilder - main project[sample_test]'s message client codec file[PublicKeyRes][D:\gitsinnori\sinnori\project\sample_test\client_build\app_build\src\main\java\kr\pe\sinnori\impl\message] creation task end
08:25:05.500 [main] INFO  k.p.s.c.buildsystem.ProjectBuilder - main project[sample_test]'s application client message io file set creation task end
08:25:05.500 [main] INFO  k.p.s.c.buildsystem.ProjectBuilder - mainproject[sample_test]'s application client build system files creation task end
08:25:05.500 [main] INFO  k.p.s.c.buildsystem.ProjectBuilder - main project[sample_test]'s web client build system files creation task start
08:25:05.500 [main] INFO  k.p.s.c.buildsystem.ProjectBuilder - main project[sample_test]'s web client ant build.xml file creation task start
08:25:05.500 [main] INFO  k.p.s.c.buildsystem.ProjectBuilder - main project[sample_test]'s web client ant build.xml file creation task end
08:25:05.500 [main] INFO  k.p.s.c.buildsystem.ProjectBuilder - main project[sample_test]'s web client ant properties file creation task start
08:25:05.500 [main] INFO  k.p.s.c.util.SequencedPropertiesUtil - the sequenced properties file[D:\gitsinnori\sinnori\project\sample_test\client_build\web_build\webAnt.properties] was created
08:25:05.516 [main] INFO  k.p.s.c.buildsystem.ProjectBuilder - main project[sample_test]'s web client ant properties file creation task end
08:25:05.516 [main] INFO  k.p.s.c.buildsystem.ProjectBuilder - main project[sample_test]'s web client message io file set creation task start
08:25:05.516 [main] INFO  k.p.s.common.util.CommonStaticUtil - the new child relative direcotry[D:\gitsinnori\sinnori\project\sample_test\client_build\web_build\src\main\java\kr\pe\sinnori\impl\message][Echo] was created successfully
08:25:05.516 [main] INFO  k.p.s.c.buildsystem.ProjectBuilder - main project[sample_test]'s message file[Echo][D:\gitsinnori\sinnori\project\sample_test\client_build\web_build\src\main\java\kr\pe\sinnori\impl\message] creation task start
08:25:05.516 [main] INFO  k.p.s.c.buildsystem.ProjectBuilder - main project[sample_test]'s message file[Echo][D:\gitsinnori\sinnori\project\sample_test\client_build\web_build\src\main\java\kr\pe\sinnori\impl\message] creation task end
08:25:05.584 [main] INFO  k.p.s.c.buildsystem.ProjectBuilder - main project[sample_test]'s message decoder file[Echo][D:\gitsinnori\sinnori\project\sample_test\client_build\web_build\src\main\java\kr\pe\sinnori\impl\message] creation task start
08:25:05.584 [main] INFO  k.p.s.c.buildsystem.ProjectBuilder - main project[sample_test]'s message decoder file[Echo][D:\gitsinnori\sinnori\project\sample_test\client_build\web_build\src\main\java\kr\pe\sinnori\impl\message] creation task end
08:25:05.584 [main] INFO  k.p.s.c.buildsystem.ProjectBuilder - main project[sample_test]'s message encoder file[Echo][D:\gitsinnori\sinnori\project\sample_test\client_build\web_build\src\main\java\kr\pe\sinnori\impl\message] creation task start
08:25:05.600 [main] INFO  k.p.s.c.buildsystem.ProjectBuilder - main project[sample_test]'s message encoder file[Echo][D:\gitsinnori\sinnori\project\sample_test\client_build\web_build\src\main\java\kr\pe\sinnori\impl\message] creation task end
08:25:05.600 [main] INFO  k.p.s.c.buildsystem.ProjectBuilder - main project[sample_test]'s message server codec file[Echo][D:\gitsinnori\sinnori\project\sample_test\client_build\web_build\src\main\java\kr\pe\sinnori\impl\message] creation task start
08:25:05.600 [main] INFO  k.p.s.c.buildsystem.ProjectBuilder - main project[sample_test]'s message server codec file[Echo][D:\gitsinnori\sinnori\project\sample_test\client_build\web_build\src\main\java\kr\pe\sinnori\impl\message] creation task end
08:25:05.600 [main] INFO  k.p.s.c.buildsystem.ProjectBuilder - main project[sample_test]'s message client codec file[Echo][D:\gitsinnori\sinnori\project\sample_test\client_build\web_build\src\main\java\kr\pe\sinnori\impl\message] creation task start
08:25:05.616 [main] INFO  k.p.s.c.buildsystem.ProjectBuilder - main project[sample_test]'s message client codec file[Echo][D:\gitsinnori\sinnori\project\sample_test\client_build\web_build\src\main\java\kr\pe\sinnori\impl\message] creation task end
08:25:05.616 [main] INFO  k.p.s.common.util.CommonStaticUtil - the new child relative direcotry[D:\gitsinnori\sinnori\project\sample_test\client_build\web_build\src\main\java\kr\pe\sinnori\impl\message][PublicKeyReq] was created successfully
08:25:05.616 [main] INFO  k.p.s.c.buildsystem.ProjectBuilder - main project[sample_test]'s message file[PublicKeyReq][D:\gitsinnori\sinnori\project\sample_test\client_build\web_build\src\main\java\kr\pe\sinnori\impl\message] creation task start
08:25:05.616 [main] INFO  k.p.s.c.buildsystem.ProjectBuilder - main project[sample_test]'s message file[PublicKeyReq][D:\gitsinnori\sinnori\project\sample_test\client_build\web_build\src\main\java\kr\pe\sinnori\impl\message] creation task end
08:25:05.616 [main] INFO  k.p.s.c.buildsystem.ProjectBuilder - main project[sample_test]'s message decoder file[PublicKeyReq][D:\gitsinnori\sinnori\project\sample_test\client_build\web_build\src\main\java\kr\pe\sinnori\impl\message] creation task start
08:25:05.616 [main] INFO  k.p.s.c.buildsystem.ProjectBuilder - main project[sample_test]'s message decoder file[PublicKeyReq][D:\gitsinnori\sinnori\project\sample_test\client_build\web_build\src\main\java\kr\pe\sinnori\impl\message] creation task end
08:25:05.616 [main] INFO  k.p.s.c.buildsystem.ProjectBuilder - main project[sample_test]'s message encoder file[PublicKeyReq][D:\gitsinnori\sinnori\project\sample_test\client_build\web_build\src\main\java\kr\pe\sinnori\impl\message] creation task start
08:25:05.631 [main] INFO  k.p.s.c.buildsystem.ProjectBuilder - main project[sample_test]'s message encoder file[PublicKeyReq][D:\gitsinnori\sinnori\project\sample_test\client_build\web_build\src\main\java\kr\pe\sinnori\impl\message] creation task end
08:25:05.631 [main] INFO  k.p.s.c.buildsystem.ProjectBuilder - main project[sample_test]'s message server codec file[PublicKeyReq][D:\gitsinnori\sinnori\project\sample_test\client_build\web_build\src\main\java\kr\pe\sinnori\impl\message] creation task start
08:25:05.631 [main] INFO  k.p.s.c.buildsystem.ProjectBuilder - main project[sample_test]'s message server codec file[PublicKeyReq][D:\gitsinnori\sinnori\project\sample_test\client_build\web_build\src\main\java\kr\pe\sinnori\impl\message] creation task end
08:25:05.631 [main] INFO  k.p.s.c.buildsystem.ProjectBuilder - main project[sample_test]'s message client codec file[PublicKeyReq][D:\gitsinnori\sinnori\project\sample_test\client_build\web_build\src\main\java\kr\pe\sinnori\impl\message] creation task start
08:25:05.631 [main] INFO  k.p.s.c.buildsystem.ProjectBuilder - main project[sample_test]'s message client codec file[PublicKeyReq][D:\gitsinnori\sinnori\project\sample_test\client_build\web_build\src\main\java\kr\pe\sinnori\impl\message] creation task end
08:25:05.631 [main] INFO  k.p.s.common.util.CommonStaticUtil - the new child relative direcotry[D:\gitsinnori\sinnori\project\sample_test\client_build\web_build\src\main\java\kr\pe\sinnori\impl\message][PublicKeyRes] was created successfully
08:25:05.631 [main] INFO  k.p.s.c.buildsystem.ProjectBuilder - main project[sample_test]'s message file[PublicKeyRes][D:\gitsinnori\sinnori\project\sample_test\client_build\web_build\src\main\java\kr\pe\sinnori\impl\message] creation task start
08:25:05.631 [main] INFO  k.p.s.c.buildsystem.ProjectBuilder - main project[sample_test]'s message file[PublicKeyRes][D:\gitsinnori\sinnori\project\sample_test\client_build\web_build\src\main\java\kr\pe\sinnori\impl\message] creation task end
08:25:05.631 [main] INFO  k.p.s.c.buildsystem.ProjectBuilder - main project[sample_test]'s message decoder file[PublicKeyRes][D:\gitsinnori\sinnori\project\sample_test\client_build\web_build\src\main\java\kr\pe\sinnori\impl\message] creation task start
08:25:05.649 [main] INFO  k.p.s.c.buildsystem.ProjectBuilder - main project[sample_test]'s message decoder file[PublicKeyRes][D:\gitsinnori\sinnori\project\sample_test\client_build\web_build\src\main\java\kr\pe\sinnori\impl\message] creation task end
08:25:05.649 [main] INFO  k.p.s.c.buildsystem.ProjectBuilder - main project[sample_test]'s message encoder file[PublicKeyRes][D:\gitsinnori\sinnori\project\sample_test\client_build\web_build\src\main\java\kr\pe\sinnori\impl\message] creation task start
08:25:05.652 [main] INFO  k.p.s.c.buildsystem.ProjectBuilder - main project[sample_test]'s message encoder file[PublicKeyRes][D:\gitsinnori\sinnori\project\sample_test\client_build\web_build\src\main\java\kr\pe\sinnori\impl\message] creation task end
08:25:05.652 [main] INFO  k.p.s.c.buildsystem.ProjectBuilder - main project[sample_test]'s message server codec file[PublicKeyRes][D:\gitsinnori\sinnori\project\sample_test\client_build\web_build\src\main\java\kr\pe\sinnori\impl\message] creation task start
08:25:05.653 [main] INFO  k.p.s.c.buildsystem.ProjectBuilder - main project[sample_test]'s message server codec file[PublicKeyRes][D:\gitsinnori\sinnori\project\sample_test\client_build\web_build\src\main\java\kr\pe\sinnori\impl\message] creation task end
08:25:05.653 [main] INFO  k.p.s.c.buildsystem.ProjectBuilder - main project[sample_test]'s message client codec file[PublicKeyRes][D:\gitsinnori\sinnori\project\sample_test\client_build\web_build\src\main\java\kr\pe\sinnori\impl\message] creation task start
08:25:05.653 [main] INFO  k.p.s.c.buildsystem.ProjectBuilder - main project[sample_test]'s message client codec file[PublicKeyRes][D:\gitsinnori\sinnori\project\sample_test\client_build\web_build\src\main\java\kr\pe\sinnori\impl\message] creation task end
08:25:05.653 [main] INFO  k.p.s.c.buildsystem.ProjectBuilder - main project[sample_test]'s web client message io file set creation task end
08:25:05.653 [main] INFO  k.p.s.c.buildsystem.ProjectBuilder - mainproject[sample_test]'s web client sample source files copy task start
08:25:05.731 [main] INFO  k.p.s.c.buildsystem.ProjectBuilder - mainproject[sample_test]'s web client sample source files copy task end
08:25:05.731 [main] INFO  k.p.s.c.buildsystem.ProjectBuilder - main project[sample_test]'s web client build system files creation task end
08:25:05.731 [main] INFO  k.p.s.c.buildsystem.ProjectBuilder - main project[sample_test]'s web root sample files creation task start
08:25:05.731 [main] INFO  k.p.s.c.buildsystem.ProjectBuilder - main project[sample_test]'s web root sample files copy task start
08:25:05.747 [main] INFO  k.p.s.c.buildsystem.ProjectBuilder - main project[sample_test]'s web root sample files copy task end
08:25:05.747 [main] INFO  k.p.s.c.buildsystem.ProjectBuilder - main project[sample_test]'s web root sample files creation task end
08:25:05.747 [main] INFO  k.p.s.c.buildsystem.ProjectBuilder - main project[sample_test]'s file creation task end
08:25:05.747 [main] INFO  k.p.s.c.buildsystem.ProjectBuilder - the server ant build.xml file[D:\gitsinnori\sinnori\project\sample_test\server_build\build.xml] is bad :: whetherExist[false] isFile[false]
08:25:05.748 [main] INFO  k.p.s.c.config.SinnoriConfiguration - item key[sessionkey.rsa.publickey.file.value]'s value is null because its status is inactive
08:25:05.748 [main] INFO  k.p.s.c.config.SinnoriConfiguration - item key[sessionkey.rsa.privatekey.file.value]'s value is null because its status is inactive
08:25:05.769 [main] INFO  k.p.s.c.buildsystem.ProjectBuilder - main project[sample_test]'s child direcotry creation task start
08:25:05.769 [main] INFO  k.p.s.c.buildsystem.ProjectBuilder - main project[sample_test]'s common child direcotry creation task start
08:25:05.769 [main] INFO  k.p.s.common.util.CommonStaticUtil - the new child relative direcotry[D:\gitsinnori\sinnori\project\sample_test][config] was created successfully
08:25:05.769 [main] INFO  k.p.s.common.util.CommonStaticUtil - the new child relative direcotry[D:\gitsinnori\sinnori\project\sample_test][resources/dbcp] was created successfully
08:25:05.769 [main] INFO  k.p.s.common.util.CommonStaticUtil - the new child relative direcotry[D:\gitsinnori\sinnori\project\sample_test][resources/message_info] was created successfully
08:25:05.769 [main] INFO  k.p.s.common.util.CommonStaticUtil - the new child relative direcotry[D:\gitsinnori\sinnori\project\sample_test][resources/rsa_keypair] was created successfully
08:25:05.769 [main] INFO  k.p.s.common.util.CommonStaticUtil - the new child relative direcotry[D:\gitsinnori\sinnori\project\sample_test][log/apache] was created successfully
08:25:05.769 [main] INFO  k.p.s.common.util.CommonStaticUtil - the new child relative direcotry[D:\gitsinnori\sinnori\project\sample_test][log/client] was created successfully
08:25:05.769 [main] INFO  k.p.s.common.util.CommonStaticUtil - the new child relative direcotry[D:\gitsinnori\sinnori\project\sample_test][log/server] was created successfully
08:25:05.769 [main] INFO  k.p.s.common.util.CommonStaticUtil - the new child relative direcotry[D:\gitsinnori\sinnori\project\sample_test][log/servlet] was created successfully
08:25:05.769 [main] INFO  k.p.s.c.buildsystem.ProjectBuilder - main project[sample_test]'s common child direcotry creation task end
08:25:05.769 [main] INFO  k.p.s.c.buildsystem.ProjectBuilder - main project[sample_test]'s application build child direcotry creation task start
08:25:05.784 [main] INFO  k.p.s.common.util.CommonStaticUtil - the new child relative direcotry[D:\gitsinnori\sinnori\project\sample_test][client_build/app_build/corelib/ex] was created successfully
08:25:05.784 [main] INFO  k.p.s.common.util.CommonStaticUtil - the new child relative direcotry[D:\gitsinnori\sinnori\project\sample_test][client_build/app_build/corelib/in] was created successfully
08:25:05.784 [main] INFO  k.p.s.common.util.CommonStaticUtil - the new child relative direcotry[D:\gitsinnori\sinnori\project\sample_test][client_build/app_build/lib/main/ex] was created successfully
08:25:05.784 [main] INFO  k.p.s.common.util.CommonStaticUtil - the new child relative direcotry[D:\gitsinnori\sinnori\project\sample_test][client_build/app_build/lib/main/in] was created successfully
08:25:05.784 [main] INFO  k.p.s.common.util.CommonStaticUtil - the new child relative direcotry[D:\gitsinnori\sinnori\project\sample_test][client_build/app_build/lib/test] was created successfully
08:25:05.784 [main] INFO  k.p.s.common.util.CommonStaticUtil - the new child relative direcotry[D:\gitsinnori\sinnori\project\sample_test][client_build/app_build/src/main/java/kr/pe/sinnori/impl/message] was created successfully
08:25:05.784 [main] INFO  k.p.s.common.util.CommonStaticUtil - the new child relative direcotry[D:\gitsinnori\sinnori\project\sample_test][client_build/app_build/src/main/java/main] was created successfully
08:25:05.784 [main] INFO  k.p.s.common.util.CommonStaticUtil - the new child relative direcotry[D:\gitsinnori\sinnori\project\sample_test][client_build/app_build/src/test/java] was created successfully
08:25:05.784 [main] INFO  k.p.s.common.util.CommonStaticUtil - the new child relative direcotry[D:\gitsinnori\sinnori\project\sample_test][client_build/app_build/build] was created successfully
08:25:05.784 [main] INFO  k.p.s.common.util.CommonStaticUtil - the new child relative direcotry[D:\gitsinnori\sinnori\project\sample_test][client_build/app_build/dist] was created successfully
08:25:05.784 [main] INFO  k.p.s.c.buildsystem.ProjectBuilder - main project[sample_test]'s application build child direcotry creation task end
08:25:05.884 [main] INFO  k.p.s.c.buildsystem.ProjectBuilder - main project[sample_test]'s child direcotry creation task end
08:25:05.884 [main] INFO  k.p.s.c.buildsystem.ProjectBuilder - main project[sample_test]'s file creation task start
08:25:05.884 [main] INFO  k.p.s.c.buildsystem.ProjectBuilder - main project[sample_test]'s config file creation task start
08:25:05.884 [main] INFO  k.p.s.c.util.SequencedPropertiesUtil - the sequenced properties file[D:\gitsinnori\sinnori\project\sample_test\config\sinnori.properties] was created
08:25:05.899 [main] INFO  k.p.s.c.buildsystem.ProjectBuilder - main project[sample_test]'s config file creation task end
08:25:05.899 [main] INFO  k.p.s.c.buildsystem.ProjectBuilder - the mainproject[sample_test]'s resources directory copy task start
08:25:05.931 [main] INFO  k.p.s.c.buildsystem.ProjectBuilder - the mainproject[sample_test]'s resources directory copy task end
08:25:05.931 [main] INFO  k.p.s.c.buildsystem.ProjectBuilder - mainproject[sample_test]'s application client build system files creation task start
08:25:05.931 [main] INFO  k.p.s.c.buildsystem.ProjectBuilder - main project[sample_test]'s application client ant build.xml file creation task start
08:25:05.931 [main] INFO  k.p.s.c.buildsystem.ProjectBuilder - main project[sample_test]'s application client ant build.xml file creation task end
08:25:05.931 [main] INFO  k.p.s.c.buildsystem.ProjectBuilder - main project[sample_test]'s application client dos shell file creation task start
08:25:05.931 [main] INFO  k.p.s.c.buildsystem.ProjectBuilder - main project[sample_test]'s application client dos shell file creation task end
08:25:05.931 [main] INFO  k.p.s.c.buildsystem.ProjectBuilder - main project[sample_test]'s application client unix shell file creation task start
08:25:05.931 [main] INFO  k.p.s.c.buildsystem.ProjectBuilder - main project[sample_test]'s application client unix shell file creation task end
08:25:05.931 [main] INFO  k.p.s.c.buildsystem.ProjectBuilder - application client sample source files copy task start
08:25:05.931 [main] INFO  k.p.s.c.buildsystem.ProjectBuilder - application client sample source files copy task end
08:25:05.931 [main] INFO  k.p.s.c.buildsystem.ProjectBuilder - main project[sample_test]'s application client message io file set creation task start
08:25:05.931 [main] INFO  k.p.s.common.util.CommonStaticUtil - the new child relative direcotry[D:\gitsinnori\sinnori\project\sample_test\client_build\app_build\src\main\java\kr\pe\sinnori\impl\message][Echo] was created successfully
08:25:05.931 [main] INFO  k.p.s.c.buildsystem.ProjectBuilder - main project[sample_test]'s message file[Echo][D:\gitsinnori\sinnori\project\sample_test\client_build\app_build\src\main\java\kr\pe\sinnori\impl\message] creation task start
08:25:05.947 [main] INFO  k.p.s.c.buildsystem.ProjectBuilder - main project[sample_test]'s message file[Echo][D:\gitsinnori\sinnori\project\sample_test\client_build\app_build\src\main\java\kr\pe\sinnori\impl\message] creation task end
08:25:05.947 [main] INFO  k.p.s.c.buildsystem.ProjectBuilder - main project[sample_test]'s message decoder file[Echo][D:\gitsinnori\sinnori\project\sample_test\client_build\app_build\src\main\java\kr\pe\sinnori\impl\message] creation task start
08:25:05.949 [main] INFO  k.p.s.c.buildsystem.ProjectBuilder - main project[sample_test]'s message decoder file[Echo][D:\gitsinnori\sinnori\project\sample_test\client_build\app_build\src\main\java\kr\pe\sinnori\impl\message] creation task end
08:25:05.949 [main] INFO  k.p.s.c.buildsystem.ProjectBuilder - main project[sample_test]'s message encoder file[Echo][D:\gitsinnori\sinnori\project\sample_test\client_build\app_build\src\main\java\kr\pe\sinnori\impl\message] creation task start
08:25:05.952 [main] INFO  k.p.s.c.buildsystem.ProjectBuilder - main project[sample_test]'s message encoder file[Echo][D:\gitsinnori\sinnori\project\sample_test\client_build\app_build\src\main\java\kr\pe\sinnori\impl\message] creation task end
08:25:05.952 [main] INFO  k.p.s.c.buildsystem.ProjectBuilder - main project[sample_test]'s message server codec file[Echo][D:\gitsinnori\sinnori\project\sample_test\client_build\app_build\src\main\java\kr\pe\sinnori\impl\message] creation task start
08:25:05.953 [main] INFO  k.p.s.c.buildsystem.ProjectBuilder - main project[sample_test]'s message server codec file[Echo][D:\gitsinnori\sinnori\project\sample_test\client_build\app_build\src\main\java\kr\pe\sinnori\impl\message] creation task end
08:25:05.953 [main] INFO  k.p.s.c.buildsystem.ProjectBuilder - main project[sample_test]'s message client codec file[Echo][D:\gitsinnori\sinnori\project\sample_test\client_build\app_build\src\main\java\kr\pe\sinnori\impl\message] creation task start
08:25:05.953 [main] INFO  k.p.s.c.buildsystem.ProjectBuilder - main project[sample_test]'s message client codec file[Echo][D:\gitsinnori\sinnori\project\sample_test\client_build\app_build\src\main\java\kr\pe\sinnori\impl\message] creation task end
08:25:06.015 [main] INFO  k.p.s.common.util.CommonStaticUtil - the new child relative direcotry[D:\gitsinnori\sinnori\project\sample_test\client_build\app_build\src\main\java\kr\pe\sinnori\impl\message][PublicKeyReq] was created successfully
08:25:06.015 [main] INFO  k.p.s.c.buildsystem.ProjectBuilder - main project[sample_test]'s message file[PublicKeyReq][D:\gitsinnori\sinnori\project\sample_test\client_build\app_build\src\main\java\kr\pe\sinnori\impl\message] creation task start
08:25:06.015 [main] INFO  k.p.s.c.buildsystem.ProjectBuilder - main project[sample_test]'s message file[PublicKeyReq][D:\gitsinnori\sinnori\project\sample_test\client_build\app_build\src\main\java\kr\pe\sinnori\impl\message] creation task end
08:25:06.015 [main] INFO  k.p.s.c.buildsystem.ProjectBuilder - main project[sample_test]'s message decoder file[PublicKeyReq][D:\gitsinnori\sinnori\project\sample_test\client_build\app_build\src\main\java\kr\pe\sinnori\impl\message] creation task start
08:25:06.015 [main] INFO  k.p.s.c.buildsystem.ProjectBuilder - main project[sample_test]'s message decoder file[PublicKeyReq][D:\gitsinnori\sinnori\project\sample_test\client_build\app_build\src\main\java\kr\pe\sinnori\impl\message] creation task end
08:25:06.015 [main] INFO  k.p.s.c.buildsystem.ProjectBuilder - main project[sample_test]'s message encoder file[PublicKeyReq][D:\gitsinnori\sinnori\project\sample_test\client_build\app_build\src\main\java\kr\pe\sinnori\impl\message] creation task start
08:25:06.031 [main] INFO  k.p.s.c.buildsystem.ProjectBuilder - main project[sample_test]'s message encoder file[PublicKeyReq][D:\gitsinnori\sinnori\project\sample_test\client_build\app_build\src\main\java\kr\pe\sinnori\impl\message] creation task end
08:25:06.031 [main] INFO  k.p.s.c.buildsystem.ProjectBuilder - main project[sample_test]'s message server codec file[PublicKeyReq][D:\gitsinnori\sinnori\project\sample_test\client_build\app_build\src\main\java\kr\pe\sinnori\impl\message] creation task start
08:25:06.031 [main] INFO  k.p.s.c.buildsystem.ProjectBuilder - main project[sample_test]'s message server codec file[PublicKeyReq][D:\gitsinnori\sinnori\project\sample_test\client_build\app_build\src\main\java\kr\pe\sinnori\impl\message] creation task end
08:25:06.031 [main] INFO  k.p.s.c.buildsystem.ProjectBuilder - main project[sample_test]'s message client codec file[PublicKeyReq][D:\gitsinnori\sinnori\project\sample_test\client_build\app_build\src\main\java\kr\pe\sinnori\impl\message] creation task start
08:25:06.031 [main] INFO  k.p.s.c.buildsystem.ProjectBuilder - main project[sample_test]'s message client codec file[PublicKeyReq][D:\gitsinnori\sinnori\project\sample_test\client_build\app_build\src\main\java\kr\pe\sinnori\impl\message] creation task end
08:25:06.031 [main] INFO  k.p.s.common.util.CommonStaticUtil - the new child relative direcotry[D:\gitsinnori\sinnori\project\sample_test\client_build\app_build\src\main\java\kr\pe\sinnori\impl\message][PublicKeyRes] was created successfully
08:25:06.031 [main] INFO  k.p.s.c.buildsystem.ProjectBuilder - main project[sample_test]'s message file[PublicKeyRes][D:\gitsinnori\sinnori\project\sample_test\client_build\app_build\src\main\java\kr\pe\sinnori\impl\message] creation task start
08:25:06.031 [main] INFO  k.p.s.c.buildsystem.ProjectBuilder - main project[sample_test]'s message file[PublicKeyRes][D:\gitsinnori\sinnori\project\sample_test\client_build\app_build\src\main\java\kr\pe\sinnori\impl\message] creation task end
08:25:06.031 [main] INFO  k.p.s.c.buildsystem.ProjectBuilder - main project[sample_test]'s message decoder file[PublicKeyRes][D:\gitsinnori\sinnori\project\sample_test\client_build\app_build\src\main\java\kr\pe\sinnori\impl\message] creation task start
08:25:06.031 [main] INFO  k.p.s.c.buildsystem.ProjectBuilder - main project[sample_test]'s message decoder file[PublicKeyRes][D:\gitsinnori\sinnori\project\sample_test\client_build\app_build\src\main\java\kr\pe\sinnori\impl\message] creation task end
08:25:06.031 [main] INFO  k.p.s.c.buildsystem.ProjectBuilder - main project[sample_test]'s message encoder file[PublicKeyRes][D:\gitsinnori\sinnori\project\sample_test\client_build\app_build\src\main\java\kr\pe\sinnori\impl\message] creation task start
08:25:06.048 [main] INFO  k.p.s.c.buildsystem.ProjectBuilder - main project[sample_test]'s message encoder file[PublicKeyRes][D:\gitsinnori\sinnori\project\sample_test\client_build\app_build\src\main\java\kr\pe\sinnori\impl\message] creation task end
08:25:06.048 [main] INFO  k.p.s.c.buildsystem.ProjectBuilder - main project[sample_test]'s message server codec file[PublicKeyRes][D:\gitsinnori\sinnori\project\sample_test\client_build\app_build\src\main\java\kr\pe\sinnori\impl\message] creation task start
08:25:06.050 [main] INFO  k.p.s.c.buildsystem.ProjectBuilder - main project[sample_test]'s message server codec file[PublicKeyRes][D:\gitsinnori\sinnori\project\sample_test\client_build\app_build\src\main\java\kr\pe\sinnori\impl\message] creation task end
08:25:06.050 [main] INFO  k.p.s.c.buildsystem.ProjectBuilder - main project[sample_test]'s message client codec file[PublicKeyRes][D:\gitsinnori\sinnori\project\sample_test\client_build\app_build\src\main\java\kr\pe\sinnori\impl\message] creation task start
08:25:06.051 [main] INFO  k.p.s.c.buildsystem.ProjectBuilder - main project[sample_test]'s message client codec file[PublicKeyRes][D:\gitsinnori\sinnori\project\sample_test\client_build\app_build\src\main\java\kr\pe\sinnori\impl\message] creation task end
08:25:06.051 [main] INFO  k.p.s.c.buildsystem.ProjectBuilder - main project[sample_test]'s application client message io file set creation task end
08:25:06.051 [main] INFO  k.p.s.c.buildsystem.ProjectBuilder - mainproject[sample_test]'s application client build system files creation task end
08:25:06.051 [main] INFO  k.p.s.c.buildsystem.ProjectBuilder - main project[sample_test]'s file creation task end
08:25:06.052 [main] INFO  k.p.s.c.buildsystem.ProjectBuilder - the server ant build.xml file[D:\gitsinnori\sinnori\project\sample_test\server_build\build.xml] is bad :: whetherExist[false] isFile[false]
08:25:06.052 [main] INFO  k.p.s.c.buildsystem.ProjectBuilder - the web client ant build.xml file[D:\gitsinnori\sinnori\project\sample_test\client_build\web_build\build.xml] is bad :: whetherExist[false] isFile[false]
08:25:06.052 [main] INFO  k.p.s.c.config.SinnoriConfiguration - item key[sessionkey.rsa.publickey.file.value]'s value is null because its status is inactive
08:25:06.052 [main] INFO  k.p.s.c.config.SinnoriConfiguration - item key[sessionkey.rsa.privatekey.file.value]'s value is null because its status is inactive
08:25:06.053 [main] INFO  k.p.s.c.buildsystem.ProjectBuilder - main project[sample_test]'s child direcotry creation task start
08:25:06.053 [main] INFO  k.p.s.c.buildsystem.ProjectBuilder - main project[sample_test]'s common child direcotry creation task start
08:25:06.053 [main] INFO  k.p.s.common.util.CommonStaticUtil - the new child relative direcotry[D:\gitsinnori\sinnori\project\sample_test][config] was created successfully
08:25:06.053 [main] INFO  k.p.s.common.util.CommonStaticUtil - the new child relative direcotry[D:\gitsinnori\sinnori\project\sample_test][resources/dbcp] was created successfully
08:25:06.053 [main] INFO  k.p.s.common.util.CommonStaticUtil - the new child relative direcotry[D:\gitsinnori\sinnori\project\sample_test][resources/message_info] was created successfully
08:25:06.053 [main] INFO  k.p.s.common.util.CommonStaticUtil - the new child relative direcotry[D:\gitsinnori\sinnori\project\sample_test][resources/rsa_keypair] was created successfully
08:25:06.053 [main] INFO  k.p.s.common.util.CommonStaticUtil - the new child relative direcotry[D:\gitsinnori\sinnori\project\sample_test][log/apache] was created successfully
08:25:06.053 [main] INFO  k.p.s.common.util.CommonStaticUtil - the new child relative direcotry[D:\gitsinnori\sinnori\project\sample_test][log/client] was created successfully
08:25:06.053 [main] INFO  k.p.s.common.util.CommonStaticUtil - the new child relative direcotry[D:\gitsinnori\sinnori\project\sample_test][log/server] was created successfully
08:25:06.053 [main] INFO  k.p.s.common.util.CommonStaticUtil - the new child relative direcotry[D:\gitsinnori\sinnori\project\sample_test][log/servlet] was created successfully
08:25:06.053 [main] INFO  k.p.s.c.buildsystem.ProjectBuilder - main project[sample_test]'s common child direcotry creation task end
08:25:06.053 [main] INFO  k.p.s.c.buildsystem.ProjectBuilder - main project[sample_test]'s web build child direcotry creation task start
08:25:06.068 [main] INFO  k.p.s.common.util.CommonStaticUtil - the new child relative direcotry[D:\gitsinnori\sinnori\project\sample_test][client_build/web_build/corelib/ex] was created successfully
08:25:06.068 [main] INFO  k.p.s.common.util.CommonStaticUtil - the new child relative direcotry[D:\gitsinnori\sinnori\project\sample_test][client_build/web_build/corelib/in] was created successfully
08:25:06.068 [main] INFO  k.p.s.common.util.CommonStaticUtil - the new child relative direcotry[D:\gitsinnori\sinnori\project\sample_test][client_build/web_build/lib/main/ex] was created successfully
08:25:06.068 [main] INFO  k.p.s.common.util.CommonStaticUtil - the new child relative direcotry[D:\gitsinnori\sinnori\project\sample_test][client_build/web_build/lib/main/in] was created successfully
08:25:06.168 [main] INFO  k.p.s.common.util.CommonStaticUtil - the new child relative direcotry[D:\gitsinnori\sinnori\project\sample_test][client_build/web_build/lib/test] was created successfully
08:25:06.168 [main] INFO  k.p.s.common.util.CommonStaticUtil - the new child relative direcotry[D:\gitsinnori\sinnori\project\sample_test][client_build/web_build/src/main/java/kr/pe/sinnori/impl/message] was created successfully
08:25:06.168 [main] INFO  k.p.s.common.util.CommonStaticUtil - the new child relative direcotry[D:\gitsinnori\sinnori\project\sample_test][client_build/web_build/src/main/java//kr/pe/sinnori/servlet] was created successfully
08:25:06.168 [main] INFO  k.p.s.common.util.CommonStaticUtil - the new child relative direcotry[D:\gitsinnori\sinnori\project\sample_test][client_build/web_build/src/main/java/kr/pe/sinnori/weblib/common] was created successfully
08:25:06.168 [main] INFO  k.p.s.common.util.CommonStaticUtil - the new child relative direcotry[D:\gitsinnori\sinnori\project\sample_test][client_build/web_build/src/main/java/kr/pe/sinnori/weblib/htmlstring] was created successfully
08:25:06.168 [main] INFO  k.p.s.common.util.CommonStaticUtil - the new child relative direcotry[D:\gitsinnori\sinnori\project\sample_test][client_build/web_build/src/main/java/kr/pe/sinnori/weblib/jdf] was created successfully
08:25:06.184 [main] INFO  k.p.s.common.util.CommonStaticUtil - the new child relative direcotry[D:\gitsinnori\sinnori\project\sample_test][client_build/web_build/src/test/java] was created successfully
08:25:06.184 [main] INFO  k.p.s.common.util.CommonStaticUtil - the new child relative direcotry[D:\gitsinnori\sinnori\project\sample_test][client_build/web_build/build] was created successfully
08:25:06.184 [main] INFO  k.p.s.common.util.CommonStaticUtil - the new child relative direcotry[D:\gitsinnori\sinnori\project\sample_test][client_build/web_build/dist] was created successfully
08:25:06.184 [main] INFO  k.p.s.c.buildsystem.ProjectBuilder - main project[sample_test]'s web build child direcotry creation task end
08:25:06.184 [main] INFO  k.p.s.c.buildsystem.ProjectBuilder - main project[sample_test]'s web root child direcotry creation task start
08:25:06.184 [main] INFO  k.p.s.common.util.CommonStaticUtil - the new child relative direcotry[D:\gitsinnori\sinnori\project\sample_test][web_app_base/upload] was created successfully
08:25:06.184 [main] INFO  k.p.s.common.util.CommonStaticUtil - the new child relative direcotry[D:\gitsinnori\sinnori\project\sample_test][web_app_base/ROOT/WEB-INF/classes] was created successfully
08:25:06.184 [main] INFO  k.p.s.common.util.CommonStaticUtil - the new child relative direcotry[D:\gitsinnori\sinnori\project\sample_test][web_app_base/ROOT/WEB-INF/lib] was created successfully
08:25:06.184 [main] INFO  k.p.s.c.buildsystem.ProjectBuilder - main project[sample_test]'s web root child direcotry creation task end
08:25:06.184 [main] INFO  k.p.s.c.buildsystem.ProjectBuilder - main project[sample_test]'s child direcotry creation task end
08:25:06.184 [main] INFO  k.p.s.c.buildsystem.ProjectBuilder - main project[sample_test]'s file creation task start
08:25:06.184 [main] INFO  k.p.s.c.buildsystem.ProjectBuilder - main project[sample_test]'s config file creation task start
08:25:06.184 [main] INFO  k.p.s.c.util.SequencedPropertiesUtil - the sequenced properties file[D:\gitsinnori\sinnori\project\sample_test\config\sinnori.properties] was created
08:25:06.184 [main] INFO  k.p.s.c.buildsystem.ProjectBuilder - main project[sample_test]'s config file creation task end
08:25:06.184 [main] INFO  k.p.s.c.buildsystem.ProjectBuilder - the mainproject[sample_test]'s resources directory copy task start
08:25:06.215 [main] INFO  k.p.s.c.buildsystem.ProjectBuilder - the mainproject[sample_test]'s resources directory copy task end
08:25:06.215 [main] INFO  k.p.s.c.buildsystem.ProjectBuilder - main project[sample_test]'s web client build system files creation task start
08:25:06.215 [main] INFO  k.p.s.c.buildsystem.ProjectBuilder - main project[sample_test]'s web client ant build.xml file creation task start
08:25:06.215 [main] INFO  k.p.s.c.buildsystem.ProjectBuilder - main project[sample_test]'s web client ant build.xml file creation task end
08:25:06.215 [main] INFO  k.p.s.c.buildsystem.ProjectBuilder - main project[sample_test]'s web client ant properties file creation task start
08:25:06.215 [main] INFO  k.p.s.c.util.SequencedPropertiesUtil - the sequenced properties file[D:\gitsinnori\sinnori\project\sample_test\client_build\web_build\webAnt.properties] was created
08:25:06.231 [main] INFO  k.p.s.c.buildsystem.ProjectBuilder - main project[sample_test]'s web client ant properties file creation task end
08:25:06.231 [main] INFO  k.p.s.c.buildsystem.ProjectBuilder - main project[sample_test]'s web client message io file set creation task start
08:25:06.231 [main] INFO  k.p.s.common.util.CommonStaticUtil - the new child relative direcotry[D:\gitsinnori\sinnori\project\sample_test\client_build\web_build\src\main\java\kr\pe\sinnori\impl\message][Echo] was created successfully
08:25:06.231 [main] INFO  k.p.s.c.buildsystem.ProjectBuilder - main project[sample_test]'s message file[Echo][D:\gitsinnori\sinnori\project\sample_test\client_build\web_build\src\main\java\kr\pe\sinnori\impl\message] creation task start
08:25:06.231 [main] INFO  k.p.s.c.buildsystem.ProjectBuilder - main project[sample_test]'s message file[Echo][D:\gitsinnori\sinnori\project\sample_test\client_build\web_build\src\main\java\kr\pe\sinnori\impl\message] creation task end
08:25:06.231 [main] INFO  k.p.s.c.buildsystem.ProjectBuilder - main project[sample_test]'s message decoder file[Echo][D:\gitsinnori\sinnori\project\sample_test\client_build\web_build\src\main\java\kr\pe\sinnori\impl\message] creation task start
08:25:06.231 [main] INFO  k.p.s.c.buildsystem.ProjectBuilder - main project[sample_test]'s message decoder file[Echo][D:\gitsinnori\sinnori\project\sample_test\client_build\web_build\src\main\java\kr\pe\sinnori\impl\message] creation task end
08:25:06.231 [main] INFO  k.p.s.c.buildsystem.ProjectBuilder - main project[sample_test]'s message encoder file[Echo][D:\gitsinnori\sinnori\project\sample_test\client_build\web_build\src\main\java\kr\pe\sinnori\impl\message] creation task start
08:25:06.231 [main] INFO  k.p.s.c.buildsystem.ProjectBuilder - main project[sample_test]'s message encoder file[Echo][D:\gitsinnori\sinnori\project\sample_test\client_build\web_build\src\main\java\kr\pe\sinnori\impl\message] creation task end
08:25:06.231 [main] INFO  k.p.s.c.buildsystem.ProjectBuilder - main project[sample_test]'s message server codec file[Echo][D:\gitsinnori\sinnori\project\sample_test\client_build\web_build\src\main\java\kr\pe\sinnori\impl\message] creation task start
08:25:06.231 [main] INFO  k.p.s.c.buildsystem.ProjectBuilder - main project[sample_test]'s message server codec file[Echo][D:\gitsinnori\sinnori\project\sample_test\client_build\web_build\src\main\java\kr\pe\sinnori\impl\message] creation task end
08:25:06.231 [main] INFO  k.p.s.c.buildsystem.ProjectBuilder - main project[sample_test]'s message client codec file[Echo][D:\gitsinnori\sinnori\project\sample_test\client_build\web_build\src\main\java\kr\pe\sinnori\impl\message] creation task start
08:25:06.231 [main] INFO  k.p.s.c.buildsystem.ProjectBuilder - main project[sample_test]'s message client codec file[Echo][D:\gitsinnori\sinnori\project\sample_test\client_build\web_build\src\main\java\kr\pe\sinnori\impl\message] creation task end
08:25:06.231 [main] INFO  k.p.s.common.util.CommonStaticUtil - the new child relative direcotry[D:\gitsinnori\sinnori\project\sample_test\client_build\web_build\src\main\java\kr\pe\sinnori\impl\message][PublicKeyReq] was created successfully
08:25:06.246 [main] INFO  k.p.s.c.buildsystem.ProjectBuilder - main project[sample_test]'s message file[PublicKeyReq][D:\gitsinnori\sinnori\project\sample_test\client_build\web_build\src\main\java\kr\pe\sinnori\impl\message] creation task start
08:25:06.330 [main] INFO  k.p.s.c.buildsystem.ProjectBuilder - main project[sample_test]'s message file[PublicKeyReq][D:\gitsinnori\sinnori\project\sample_test\client_build\web_build\src\main\java\kr\pe\sinnori\impl\message] creation task end
08:25:06.330 [main] INFO  k.p.s.c.buildsystem.ProjectBuilder - main project[sample_test]'s message decoder file[PublicKeyReq][D:\gitsinnori\sinnori\project\sample_test\client_build\web_build\src\main\java\kr\pe\sinnori\impl\message] creation task start
08:25:06.346 [main] INFO  k.p.s.c.buildsystem.ProjectBuilder - main project[sample_test]'s message decoder file[PublicKeyReq][D:\gitsinnori\sinnori\project\sample_test\client_build\web_build\src\main\java\kr\pe\sinnori\impl\message] creation task end
08:25:06.346 [main] INFO  k.p.s.c.buildsystem.ProjectBuilder - main project[sample_test]'s message encoder file[PublicKeyReq][D:\gitsinnori\sinnori\project\sample_test\client_build\web_build\src\main\java\kr\pe\sinnori\impl\message] creation task start
08:25:06.352 [main] INFO  k.p.s.c.buildsystem.ProjectBuilder - main project[sample_test]'s message encoder file[PublicKeyReq][D:\gitsinnori\sinnori\project\sample_test\client_build\web_build\src\main\java\kr\pe\sinnori\impl\message] creation task end
08:25:06.352 [main] INFO  k.p.s.c.buildsystem.ProjectBuilder - main project[sample_test]'s message server codec file[PublicKeyReq][D:\gitsinnori\sinnori\project\sample_test\client_build\web_build\src\main\java\kr\pe\sinnori\impl\message] creation task start
08:25:06.352 [main] INFO  k.p.s.c.buildsystem.ProjectBuilder - main project[sample_test]'s message server codec file[PublicKeyReq][D:\gitsinnori\sinnori\project\sample_test\client_build\web_build\src\main\java\kr\pe\sinnori\impl\message] creation task end
08:25:06.352 [main] INFO  k.p.s.c.buildsystem.ProjectBuilder - main project[sample_test]'s message client codec file[PublicKeyReq][D:\gitsinnori\sinnori\project\sample_test\client_build\web_build\src\main\java\kr\pe\sinnori\impl\message] creation task start
08:25:06.352 [main] INFO  k.p.s.c.buildsystem.ProjectBuilder - main project[sample_test]'s message client codec file[PublicKeyReq][D:\gitsinnori\sinnori\project\sample_test\client_build\web_build\src\main\java\kr\pe\sinnori\impl\message] creation task end
08:25:06.352 [main] INFO  k.p.s.common.util.CommonStaticUtil - the new child relative direcotry[D:\gitsinnori\sinnori\project\sample_test\client_build\web_build\src\main\java\kr\pe\sinnori\impl\message][PublicKeyRes] was created successfully
08:25:06.352 [main] INFO  k.p.s.c.buildsystem.ProjectBuilder - main project[sample_test]'s message file[PublicKeyRes][D:\gitsinnori\sinnori\project\sample_test\client_build\web_build\src\main\java\kr\pe\sinnori\impl\message] creation task start
08:25:06.368 [main] INFO  k.p.s.c.buildsystem.ProjectBuilder - main project[sample_test]'s message file[PublicKeyRes][D:\gitsinnori\sinnori\project\sample_test\client_build\web_build\src\main\java\kr\pe\sinnori\impl\message] creation task end
08:25:06.368 [main] INFO  k.p.s.c.buildsystem.ProjectBuilder - main project[sample_test]'s message decoder file[PublicKeyRes][D:\gitsinnori\sinnori\project\sample_test\client_build\web_build\src\main\java\kr\pe\sinnori\impl\message] creation task start
08:25:06.368 [main] INFO  k.p.s.c.buildsystem.ProjectBuilder - main project[sample_test]'s message decoder file[PublicKeyRes][D:\gitsinnori\sinnori\project\sample_test\client_build\web_build\src\main\java\kr\pe\sinnori\impl\message] creation task end
08:25:06.368 [main] INFO  k.p.s.c.buildsystem.ProjectBuilder - main project[sample_test]'s message encoder file[PublicKeyRes][D:\gitsinnori\sinnori\project\sample_test\client_build\web_build\src\main\java\kr\pe\sinnori\impl\message] creation task start
08:25:06.368 [main] INFO  k.p.s.c.buildsystem.ProjectBuilder - main project[sample_test]'s message encoder file[PublicKeyRes][D:\gitsinnori\sinnori\project\sample_test\client_build\web_build\src\main\java\kr\pe\sinnori\impl\message] creation task end
08:25:06.368 [main] INFO  k.p.s.c.buildsystem.ProjectBuilder - main project[sample_test]'s message server codec file[PublicKeyRes][D:\gitsinnori\sinnori\project\sample_test\client_build\web_build\src\main\java\kr\pe\sinnori\impl\message] creation task start
08:25:06.383 [main] INFO  k.p.s.c.buildsystem.ProjectBuilder - main project[sample_test]'s message server codec file[PublicKeyRes][D:\gitsinnori\sinnori\project\sample_test\client_build\web_build\src\main\java\kr\pe\sinnori\impl\message] creation task end
08:25:06.383 [main] INFO  k.p.s.c.buildsystem.ProjectBuilder - main project[sample_test]'s message client codec file[PublicKeyRes][D:\gitsinnori\sinnori\project\sample_test\client_build\web_build\src\main\java\kr\pe\sinnori\impl\message] creation task start
08:25:06.383 [main] INFO  k.p.s.c.buildsystem.ProjectBuilder - main project[sample_test]'s message client codec file[PublicKeyRes][D:\gitsinnori\sinnori\project\sample_test\client_build\web_build\src\main\java\kr\pe\sinnori\impl\message] creation task end
08:25:06.383 [main] INFO  k.p.s.c.buildsystem.ProjectBuilder - main project[sample_test]'s web client message io file set creation task end
08:25:06.383 [main] INFO  k.p.s.c.buildsystem.ProjectBuilder - mainproject[sample_test]'s web client sample source files copy task start
08:25:06.447 [main] INFO  k.p.s.c.buildsystem.ProjectBuilder - mainproject[sample_test]'s web client sample source files copy task end
08:25:06.447 [main] INFO  k.p.s.c.buildsystem.ProjectBuilder - main project[sample_test]'s web client build system files creation task end
08:25:06.447 [main] INFO  k.p.s.c.buildsystem.ProjectBuilder - main project[sample_test]'s web root sample files creation task start
08:25:06.447 [main] INFO  k.p.s.c.buildsystem.ProjectBuilder - main project[sample_test]'s web root sample files copy task start
08:25:06.452 [main] INFO  k.p.s.c.buildsystem.ProjectBuilder - main project[sample_test]'s web root sample files copy task end
08:25:06.452 [main] INFO  k.p.s.c.buildsystem.ProjectBuilder - main project[sample_test]'s web root sample files creation task end
08:25:06.452 [main] INFO  k.p.s.c.buildsystem.ProjectBuilder - main project[sample_test]'s file creation task end
08:25:06.452 [main] INFO  k.p.s.c.buildsystem.ProjectBuilder - the server ant build.xml file[D:\gitsinnori\sinnori\project\sample_test\server_build\build.xml] is bad :: whetherExist[false] isFile[false]
08:25:06.452 [main] INFO  k.p.s.c.buildsystem.ProjectBuilder - the app client ant build.xml file[D:\gitsinnori\sinnori\project\sample_test\client_build\app_build\build.xml] is bad :: whetherExist[false] isFile[false]
08:25:06.452 [main] INFO  k.p.s.c.config.SinnoriConfiguration - item key[sessionkey.rsa.publickey.file.value]'s value is null because its status is inactive
08:25:06.452 [main] INFO  k.p.s.c.config.SinnoriConfiguration - item key[sessionkey.rsa.privatekey.file.value]'s value is null because its status is inactive
08:25:06.468 [main] INFO  k.p.s.c.buildsystem.ProjectBuilder - main project[sample_test]'s child direcotry creation task start
08:25:06.468 [main] INFO  k.p.s.c.buildsystem.ProjectBuilder - main project[sample_test]'s common child direcotry creation task start
08:25:06.468 [main] INFO  k.p.s.common.util.CommonStaticUtil - the new child relative direcotry[D:\gitsinnori\sinnori\project\sample_test][config] was created successfully
08:25:06.468 [main] INFO  k.p.s.common.util.CommonStaticUtil - the new child relative direcotry[D:\gitsinnori\sinnori\project\sample_test][resources/dbcp] was created successfully
08:25:06.468 [main] INFO  k.p.s.common.util.CommonStaticUtil - the new child relative direcotry[D:\gitsinnori\sinnori\project\sample_test][resources/message_info] was created successfully
08:25:06.468 [main] INFO  k.p.s.common.util.CommonStaticUtil - the new child relative direcotry[D:\gitsinnori\sinnori\project\sample_test][resources/rsa_keypair] was created successfully
08:25:06.483 [main] INFO  k.p.s.common.util.CommonStaticUtil - the new child relative direcotry[D:\gitsinnori\sinnori\project\sample_test][log/apache] was created successfully
08:25:06.483 [main] INFO  k.p.s.common.util.CommonStaticUtil - the new child relative direcotry[D:\gitsinnori\sinnori\project\sample_test][log/client] was created successfully
08:25:06.483 [main] INFO  k.p.s.common.util.CommonStaticUtil - the new child relative direcotry[D:\gitsinnori\sinnori\project\sample_test][log/server] was created successfully
08:25:06.483 [main] INFO  k.p.s.common.util.CommonStaticUtil - the new child relative direcotry[D:\gitsinnori\sinnori\project\sample_test][log/servlet] was created successfully
08:25:06.483 [main] INFO  k.p.s.c.buildsystem.ProjectBuilder - main project[sample_test]'s common child direcotry creation task end
08:25:06.483 [main] INFO  k.p.s.c.buildsystem.ProjectBuilder - main project[sample_test]'s application build child direcotry creation task start
08:25:06.483 [main] INFO  k.p.s.common.util.CommonStaticUtil - the new child relative direcotry[D:\gitsinnori\sinnori\project\sample_test][client_build/app_build/corelib/ex] was created successfully
08:25:06.483 [main] INFO  k.p.s.common.util.CommonStaticUtil - the new child relative direcotry[D:\gitsinnori\sinnori\project\sample_test][client_build/app_build/corelib/in] was created successfully
08:25:06.483 [main] INFO  k.p.s.common.util.CommonStaticUtil - the new child relative direcotry[D:\gitsinnori\sinnori\project\sample_test][client_build/app_build/lib/main/ex] was created successfully
08:25:06.483 [main] INFO  k.p.s.common.util.CommonStaticUtil - the new child relative direcotry[D:\gitsinnori\sinnori\project\sample_test][client_build/app_build/lib/main/in] was created successfully
08:25:06.483 [main] INFO  k.p.s.common.util.CommonStaticUtil - the new child relative direcotry[D:\gitsinnori\sinnori\project\sample_test][client_build/app_build/lib/test] was created successfully
08:25:06.483 [main] INFO  k.p.s.common.util.CommonStaticUtil - the new child relative direcotry[D:\gitsinnori\sinnori\project\sample_test][client_build/app_build/src/main/java/kr/pe/sinnori/impl/message] was created successfully
08:25:06.483 [main] INFO  k.p.s.common.util.CommonStaticUtil - the new child relative direcotry[D:\gitsinnori\sinnori\project\sample_test][client_build/app_build/src/main/java/main] was created successfully
08:25:06.483 [main] INFO  k.p.s.common.util.CommonStaticUtil - the new child relative direcotry[D:\gitsinnori\sinnori\project\sample_test][client_build/app_build/src/test/java] was created successfully
08:25:06.483 [main] INFO  k.p.s.common.util.CommonStaticUtil - the new child relative direcotry[D:\gitsinnori\sinnori\project\sample_test][client_build/app_build/build] was created successfully
08:25:06.483 [main] INFO  k.p.s.common.util.CommonStaticUtil - the new child relative direcotry[D:\gitsinnori\sinnori\project\sample_test][client_build/app_build/dist] was created successfully
08:25:06.483 [main] INFO  k.p.s.c.buildsystem.ProjectBuilder - main project[sample_test]'s application build child direcotry creation task end
08:25:06.483 [main] INFO  k.p.s.c.buildsystem.ProjectBuilder - main project[sample_test]'s child direcotry creation task end
08:25:06.483 [main] INFO  k.p.s.c.buildsystem.ProjectBuilder - main project[sample_test]'s file creation task start
08:25:06.483 [main] INFO  k.p.s.c.buildsystem.ProjectBuilder - main project[sample_test]'s config file creation task start
08:25:06.483 [main] INFO  k.p.s.c.util.SequencedPropertiesUtil - the sequenced properties file[D:\gitsinnori\sinnori\project\sample_test\config\sinnori.properties] was created
08:25:06.483 [main] INFO  k.p.s.c.buildsystem.ProjectBuilder - main project[sample_test]'s config file creation task end
08:25:06.483 [main] INFO  k.p.s.c.buildsystem.ProjectBuilder - the mainproject[sample_test]'s resources directory copy task start
08:25:06.499 [main] INFO  k.p.s.c.buildsystem.ProjectBuilder - the mainproject[sample_test]'s resources directory copy task end
08:25:06.499 [main] INFO  k.p.s.c.buildsystem.ProjectBuilder - mainproject[sample_test]'s application client build system files creation task start
08:25:06.499 [main] INFO  k.p.s.c.buildsystem.ProjectBuilder - main project[sample_test]'s application client ant build.xml file creation task start
08:25:06.515 [main] INFO  k.p.s.c.buildsystem.ProjectBuilder - main project[sample_test]'s application client ant build.xml file creation task end
08:25:06.515 [main] INFO  k.p.s.c.buildsystem.ProjectBuilder - main project[sample_test]'s application client dos shell file creation task start
08:25:06.515 [main] INFO  k.p.s.c.buildsystem.ProjectBuilder - main project[sample_test]'s application client dos shell file creation task end
08:25:06.515 [main] INFO  k.p.s.c.buildsystem.ProjectBuilder - main project[sample_test]'s application client unix shell file creation task start
08:25:06.515 [main] INFO  k.p.s.c.buildsystem.ProjectBuilder - main project[sample_test]'s application client unix shell file creation task end
08:25:06.515 [main] INFO  k.p.s.c.buildsystem.ProjectBuilder - application client sample source files copy task start
08:25:06.515 [main] INFO  k.p.s.c.buildsystem.ProjectBuilder - application client sample source files copy task end
08:25:06.515 [main] INFO  k.p.s.c.buildsystem.ProjectBuilder - main project[sample_test]'s application client message io file set creation task start
08:25:06.515 [main] INFO  k.p.s.common.util.CommonStaticUtil - the new child relative direcotry[D:\gitsinnori\sinnori\project\sample_test\client_build\app_build\src\main\java\kr\pe\sinnori\impl\message][Echo] was created successfully
08:25:06.515 [main] INFO  k.p.s.c.buildsystem.ProjectBuilder - main project[sample_test]'s message file[Echo][D:\gitsinnori\sinnori\project\sample_test\client_build\app_build\src\main\java\kr\pe\sinnori\impl\message] creation task start
08:25:06.515 [main] INFO  k.p.s.c.buildsystem.ProjectBuilder - main project[sample_test]'s message file[Echo][D:\gitsinnori\sinnori\project\sample_test\client_build\app_build\src\main\java\kr\pe\sinnori\impl\message] creation task end
08:25:06.515 [main] INFO  k.p.s.c.buildsystem.ProjectBuilder - main project[sample_test]'s message decoder file[Echo][D:\gitsinnori\sinnori\project\sample_test\client_build\app_build\src\main\java\kr\pe\sinnori\impl\message] creation task start
08:25:06.515 [main] INFO  k.p.s.c.buildsystem.ProjectBuilder - main project[sample_test]'s message decoder file[Echo][D:\gitsinnori\sinnori\project\sample_test\client_build\app_build\src\main\java\kr\pe\sinnori\impl\message] creation task end
08:25:06.515 [main] INFO  k.p.s.c.buildsystem.ProjectBuilder - main project[sample_test]'s message encoder file[Echo][D:\gitsinnori\sinnori\project\sample_test\client_build\app_build\src\main\java\kr\pe\sinnori\impl\message] creation task start
08:25:06.530 [main] INFO  k.p.s.c.buildsystem.ProjectBuilder - main project[sample_test]'s message encoder file[Echo][D:\gitsinnori\sinnori\project\sample_test\client_build\app_build\src\main\java\kr\pe\sinnori\impl\message] creation task end
08:25:06.530 [main] INFO  k.p.s.c.buildsystem.ProjectBuilder - main project[sample_test]'s message server codec file[Echo][D:\gitsinnori\sinnori\project\sample_test\client_build\app_build\src\main\java\kr\pe\sinnori\impl\message] creation task start
08:25:06.530 [main] INFO  k.p.s.c.buildsystem.ProjectBuilder - main project[sample_test]'s message server codec file[Echo][D:\gitsinnori\sinnori\project\sample_test\client_build\app_build\src\main\java\kr\pe\sinnori\impl\message] creation task end
08:25:06.530 [main] INFO  k.p.s.c.buildsystem.ProjectBuilder - main project[sample_test]'s message client codec file[Echo][D:\gitsinnori\sinnori\project\sample_test\client_build\app_build\src\main\java\kr\pe\sinnori\impl\message] creation task start
08:25:06.599 [main] INFO  k.p.s.c.buildsystem.ProjectBuilder - main project[sample_test]'s message client codec file[Echo][D:\gitsinnori\sinnori\project\sample_test\client_build\app_build\src\main\java\kr\pe\sinnori\impl\message] creation task end
08:25:06.599 [main] INFO  k.p.s.common.util.CommonStaticUtil - the new child relative direcotry[D:\gitsinnori\sinnori\project\sample_test\client_build\app_build\src\main\java\kr\pe\sinnori\impl\message][PublicKeyReq] was created successfully
08:25:06.599 [main] INFO  k.p.s.c.buildsystem.ProjectBuilder - main project[sample_test]'s message file[PublicKeyReq][D:\gitsinnori\sinnori\project\sample_test\client_build\app_build\src\main\java\kr\pe\sinnori\impl\message] creation task start
08:25:06.599 [main] INFO  k.p.s.c.buildsystem.ProjectBuilder - main project[sample_test]'s message file[PublicKeyReq][D:\gitsinnori\sinnori\project\sample_test\client_build\app_build\src\main\java\kr\pe\sinnori\impl\message] creation task end
08:25:06.599 [main] INFO  k.p.s.c.buildsystem.ProjectBuilder - main project[sample_test]'s message decoder file[PublicKeyReq][D:\gitsinnori\sinnori\project\sample_test\client_build\app_build\src\main\java\kr\pe\sinnori\impl\message] creation task start
08:25:06.615 [main] INFO  k.p.s.c.buildsystem.ProjectBuilder - main project[sample_test]'s message decoder file[PublicKeyReq][D:\gitsinnori\sinnori\project\sample_test\client_build\app_build\src\main\java\kr\pe\sinnori\impl\message] creation task end
08:25:06.615 [main] INFO  k.p.s.c.buildsystem.ProjectBuilder - main project[sample_test]'s message encoder file[PublicKeyReq][D:\gitsinnori\sinnori\project\sample_test\client_build\app_build\src\main\java\kr\pe\sinnori\impl\message] creation task start
08:25:06.630 [main] INFO  k.p.s.c.buildsystem.ProjectBuilder - main project[sample_test]'s message encoder file[PublicKeyReq][D:\gitsinnori\sinnori\project\sample_test\client_build\app_build\src\main\java\kr\pe\sinnori\impl\message] creation task end
08:25:06.630 [main] INFO  k.p.s.c.buildsystem.ProjectBuilder - main project[sample_test]'s message server codec file[PublicKeyReq][D:\gitsinnori\sinnori\project\sample_test\client_build\app_build\src\main\java\kr\pe\sinnori\impl\message] creation task start
08:25:06.630 [main] INFO  k.p.s.c.buildsystem.ProjectBuilder - main project[sample_test]'s message server codec file[PublicKeyReq][D:\gitsinnori\sinnori\project\sample_test\client_build\app_build\src\main\java\kr\pe\sinnori\impl\message] creation task end
08:25:06.630 [main] INFO  k.p.s.c.buildsystem.ProjectBuilder - main project[sample_test]'s message client codec file[PublicKeyReq][D:\gitsinnori\sinnori\project\sample_test\client_build\app_build\src\main\java\kr\pe\sinnori\impl\message] creation task start
08:25:06.630 [main] INFO  k.p.s.c.buildsystem.ProjectBuilder - main project[sample_test]'s message client codec file[PublicKeyReq][D:\gitsinnori\sinnori\project\sample_test\client_build\app_build\src\main\java\kr\pe\sinnori\impl\message] creation task end
08:25:06.630 [main] INFO  k.p.s.common.util.CommonStaticUtil - the new child relative direcotry[D:\gitsinnori\sinnori\project\sample_test\client_build\app_build\src\main\java\kr\pe\sinnori\impl\message][PublicKeyRes] was created successfully
08:25:06.630 [main] INFO  k.p.s.c.buildsystem.ProjectBuilder - main project[sample_test]'s message file[PublicKeyRes][D:\gitsinnori\sinnori\project\sample_test\client_build\app_build\src\main\java\kr\pe\sinnori\impl\message] creation task start
08:25:06.630 [main] INFO  k.p.s.c.buildsystem.ProjectBuilder - main project[sample_test]'s message file[PublicKeyRes][D:\gitsinnori\sinnori\project\sample_test\client_build\app_build\src\main\java\kr\pe\sinnori\impl\message] creation task end
08:25:06.630 [main] INFO  k.p.s.c.buildsystem.ProjectBuilder - main project[sample_test]'s message decoder file[PublicKeyRes][D:\gitsinnori\sinnori\project\sample_test\client_build\app_build\src\main\java\kr\pe\sinnori\impl\message] creation task start
08:25:06.630 [main] INFO  k.p.s.c.buildsystem.ProjectBuilder - main project[sample_test]'s message decoder file[PublicKeyRes][D:\gitsinnori\sinnori\project\sample_test\client_build\app_build\src\main\java\kr\pe\sinnori\impl\message] creation task end
08:25:06.630 [main] INFO  k.p.s.c.buildsystem.ProjectBuilder - main project[sample_test]'s message encoder file[PublicKeyRes][D:\gitsinnori\sinnori\project\sample_test\client_build\app_build\src\main\java\kr\pe\sinnori\impl\message] creation task start
08:25:06.648 [main] INFO  k.p.s.c.buildsystem.ProjectBuilder - main project[sample_test]'s message encoder file[PublicKeyRes][D:\gitsinnori\sinnori\project\sample_test\client_build\app_build\src\main\java\kr\pe\sinnori\impl\message] creation task end
08:25:06.648 [main] INFO  k.p.s.c.buildsystem.ProjectBuilder - main project[sample_test]'s message server codec file[PublicKeyRes][D:\gitsinnori\sinnori\project\sample_test\client_build\app_build\src\main\java\kr\pe\sinnori\impl\message] creation task start
08:25:06.650 [main] INFO  k.p.s.c.buildsystem.ProjectBuilder - main project[sample_test]'s message server codec file[PublicKeyRes][D:\gitsinnori\sinnori\project\sample_test\client_build\app_build\src\main\java\kr\pe\sinnori\impl\message] creation task end
08:25:06.650 [main] INFO  k.p.s.c.buildsystem.ProjectBuilder - main project[sample_test]'s message client codec file[PublicKeyRes][D:\gitsinnori\sinnori\project\sample_test\client_build\app_build\src\main\java\kr\pe\sinnori\impl\message] creation task start
08:25:06.652 [main] INFO  k.p.s.c.buildsystem.ProjectBuilder - main project[sample_test]'s message client codec file[PublicKeyRes][D:\gitsinnori\sinnori\project\sample_test\client_build\app_build\src\main\java\kr\pe\sinnori\impl\message] creation task end
08:25:06.652 [main] INFO  k.p.s.c.buildsystem.ProjectBuilder - main project[sample_test]'s application client message io file set creation task end
08:25:06.652 [main] INFO  k.p.s.c.buildsystem.ProjectBuilder - mainproject[sample_test]'s application client build system files creation task end
08:25:06.652 [main] INFO  k.p.s.c.buildsystem.ProjectBuilder - main project[sample_test]'s file creation task end
08:25:06.652 [main] INFO  k.p.s.c.b.ProjectBuilderTest - {mainproject.server.pool.accept_queue_size.desc=접속 승인 큐 크기, default value[10], min[10], max[2147483647], mainproject.client.asyn.output_message_reader.pool_size.value=4, mainproject.client.asyn.executor.pool_size.value=1, mainproject.server.pool.output_message_queue_size.desc=출력 메시지 큐 크기, default value[10], min[10], max[2147483647], sessionkey.rsa.keypair_source.desc=세션키에 사용되는 공개키 키쌍 생성 방법, API:내부적으로 RSA 키쌍 생성, File:외부 파일를 읽어와서 RSA  키쌍을 생성, default value[SERVER], the rsa keypair source of sessionkey set[SERVER, FILE], mainproject.common.port.desc=포트 번호, default value[9090], min[1024], max[2147483647], mainproject.client.monitor.time_interval.desc=모니터링 주기, 단위 ms, default value[5000], min[1000], max[2147483647], mainproject.client.monitor.time_interval.value=5000, mainproject.client.connection.count.value=1, mainproject.common.charset.desc=문자셋, default value[UTF-8], mainproject.server.pool.output_message_writer.size.value=1, mainproject.client.connection.max_count.value=5, mainproject.client.asyn.input_message_queue_size.desc=클라이언트 비동기 입출력 지원용 입력 메시지 큐 크기, default value[10], min[1], max[2147483647], mainproject.common.host.desc=클라이언트에서 접속할 서버 주소, default value[localhost], mainproject.server.pool.executor.max_size.desc=서버 비지니스 로직 수행 담당 쓰레드 최대 갯수, default value[1], min[1], max[2147483647], mainproject.client.asyn.read_selector_wakeup_interval.desc=클라이언트 비동기 입출력 지원용 출력 메시지 소켓 읽기 담당 쓰레드에서 블락된 읽기 이벤트 전용 selector 를 깨우는 주기. 단위 ms, default value[10], min[1], max[2147483647], common.updownfile.local_source_file_resource_cnt.value=10, mainproject.client.asyn.output_message_reader.pool_size.desc=클라이언트 비동기 입출력 지원용 입력 메시지 소켓 읽기 담당 쓰레드 갯수, default value[4], min[1], max[2147483647], mainproject.client.socket.timeout.value=5000, mainproject.client.asyn.input_message_writer.pool_size.value=2, sessionkey.symmetric_key.algorithm.value=AES, common.cached_object.max_size.value=100, sessionkey.rsa.keysize.value=1024, mainproject.common.data_packet_buffer_pool_size.desc=데이터 패킷 버퍼 큐 크기, default value[1000], min[1], max[2147483647], mainproject.common.data_packet_buffer_size.desc=데이터 패킷 버퍼 크기, 단위 byte, default value[4096], min[1024], max[2147483647], common.updownfile.local_target_file_resource_cnt.desc=로컬 목적지 파일 자원 갯수, default value[10], min[1], max[2147483647], sessionkey.symmetric_key.algorithm.desc=세션키에 사용되는 대칭키 알고리즘, default value[AES], the string set[DES, DESede, AES], mainproject.server.pool.output_message_writer.max_size.desc=출력 메시지 소켓 쓰기 담당 쓰레드 최대 갯수, default value[1], min[1], max[2147483647], mainproject.client.connection.type.value=ASYN_PRIVATE, mainproject.common.byteorder.value=LITTLE_ENDIAN, common.updownfile.local_target_file_resource_cnt.value=10, mainproject.server.pool.read_selector_wakeup_interval.desc=입력 메시지 소켓 읽기 담당 쓰레드에서 블락된 읽기 이벤트 전용 selector 를 깨우는 주기. 단위 ms, default value[10], min[10], max[2147483647], mainproject.common.first_prefix_dynamic_class_full_name.value=kr.pe.sinnori.impl., mainproject.common.data_packet_buffer_max_cnt_per_message.desc=1개 메시지당 할당 받을 수 있는 데이터 패킷 버퍼 최대수, default value[1000], min[1], max[2147483647], mainproject.client.asyn.executor.pool_size.desc=비동기 출력 메시지 처리자 쓰레드 갯수, default value[1], min[1], max[2147483647], sessionkey.rsa.publickey.file.desc=세션키에 사용되는 RSA 공개키 파일, default value[<sinnnori installed path>/project/<main project name>/resouces/rsa_keypair/sinnori.publickey], dbcp.name_list.value=, mainproject.client.asyn.input_message_queue_size.value=10, mainproject.server.pool.output_message_writer.max_size.value=1, mainproject.common.data_packet_buffer_max_cnt_per_message.value=1000, mainproject.server.max_clients.value=5, mainproject.client.connection.count.desc=연결 갯수, default value[1], min[1], max[2147483647], mainproject.client.connection.type.desc=소캣 랩퍼 클래스인 연결 종류, ASYN_PRIVATE:비공유+비동기, ASYN_SHARE:공유+비동기, SYNC_PRIVATE:비공유+동기, default value[ASYN_PRIVATE], the connection type set[ASYN_PRIVATE, ASYN_PUBLIC, SYNC_PRIVATE], common.cached_object.max_size.desc=싱글턴 객체 캐쉬 관리자에서 캐쉬로 관리할 객체의 최대 갯수. 주로 캐쉬되는 대상 객체는 xxxServerCodec, xxxClientCodec 이다, default value[100], min[1], max[2147483647], mainproject.server.monitor.time_interval.desc=모니터링 주기, 단위 ms, default value[5000], min[1000], max[2147483647], mainproject.server.mybatis.config_file_relative_path.value=, mainproject.server.pool.accept_queue_size.value=10, common.updownfile.file_block_max_size.desc=파일 송수신 파일 블락 최대 크기, 1024 배수, 단위 byte, default value[1048576], mainproject.server.pool.input_message_reader.size.value=1, mainproject.client.connection.max_count.desc=연결 최대 갯수, default value[5], min[1], max[2147483647], mainproject.common.port.value=9090, mainproject.server.pool.executor.size.value=1, mainproject.server.max_clients.desc=서버로 접속할 수 있는 최대 클라이언트 수, default value[5], min[1], max[2147483647], sessionkey.rsa.privatekey.file.desc=세션키에 사용되는 RSA 개인키 파일, default value[<sinnnori installed path>/project/<main project name>/resouces/rsa_keypair/sinnori.privatekey], servlet_jsp.jdf_error_message_page.value=/errorMessagePage.jsp, common.updownfile.local_source_file_resource_cnt.desc=로컬 원본 파일 자원 갯수, default value[10], min[1], max[2147483647], mainproject.server.pool.input_message_reader.max_size.desc=입력 메시지 소켓 읽기 담당 쓰레드 최대 갯수, default value[1], min[1], max[2147483647], servlet_jsp.web_layout_control_page.desc=신놀이 웹 사이트의 레이아웃 컨트롤러 jsp, default value[/PageJump.jsp], mainproject.common.charset.value=UTF-8, mainproject.common.message_protocol_type.value=DHB, mainproject.server.pool.accept_processor.max_size.desc=접속 요청이 승락된 클라이언트의 등록을 담당하는 쓰레드 최대 갯수, default value[1], min[1], max[2147483647], servlet_jsp.jdf_error_message_page.desc=JDF framework 에서 에러 발생시 에러 내용을 보여주는 사용자 친화적인 화면을 전담할 jsp, default value[/errorMessagePage.jsp], mainproject.common.byteorder.desc=바이트 오더, LITTLE_ENDIAN:리틀 엔디안, BIG_ENDIAN:빅 엔디안, default value[LITTLE_ENDIAN], the byteorder set[BIG_ENDIAN, LITTLE_ENDIAN], mainproject.server.pool.executor.size.desc=서버 비지니스 로직 수행 담당 쓰레드 갯수, default value[1], min[1], max[2147483647], mainproject.server.pool.input_message_queue_size.value=10, mainproject.client.asyn.read_selector_wakeup_interval.value=10, mainproject.client.socket.timeout.desc=소켓 타임아웃, 단위 ms, default value[5000], min[1000], max[2147483647], mainproject.server.pool.input_message_queue_size.desc=입력 메시지 큐 크기, default value[10], min[10], max[2147483647], sessionkey.rsa.keysize.desc=세션키에 사용하는 공개키 크기, 단위 byte, default value[1024], the integer set[2048, 512, 1024], mainproject.server.monitor.time_interval.value=5000, mainproject.server.pool.input_message_reader.max_size.value=1, mainproject.server.pool.accept_processor.max_size.value=1, mainproject.common.host.value=localhost, mainproject.common.message_protocol_type.desc=메시지 프로토콜, DHB:교차 md5 헤더+바디, DJSON:길이+존슨문자열, THB:길이+바디, default value[DHB], the message protocol set[DJSON, DHB, THB], sessionkey.iv_size.value=16, mainproject.client.asyn.public.private_mailbox_cnt_per_connection.value=2, mainproject.server.pool.executor.max_size.value=1, mainproject.client.asyn.output_message_queue_size.desc=비동기 메시지에 대한 1:1 비지니스 로직 처리기(ClientExecutor) 가  갖는 출력 메시지 큐 크기, default value[10], min[1], max[2147483647], mainproject.client.asyn.output_message_queue_size.value=10, mainproject.client.asyn.input_message_writer.pool_size.desc=클라이언트 비동기 입출력 지원용 입력 메시지 소켓 쓰기 담당 쓰레드 갯수, default value[2], min[1], max[2147483647], sessionkey.symmetric_key.size.value=16, mainproject.common.data_packet_buffer_pool_size.value=1000, sessionkey.symmetric_key.size.desc=세션키에 사용되는 대칭키 크기, default value[16], the integer set[24, 16, 8], subproject.name_list.value=, mainproject.server.pool.input_message_reader.size.desc=입력 메시지 소켓 읽기 담당 쓰레드 갯수, default value[1], min[1], max[2147483647], sessionkey.rsa.keypair_source.value=SERVER, mainproject.common.message_id_fixed_size.desc=데이터 송수신시 메시지 식별자 크기, default value[20], min[7], max[2147483647], mainproject.server.pool.output_message_queue_size.value=10, sessionkey.rsa.privatekey.file.value=D:\gitsinnori\sinnori2\project\sample_test\resources\rsa_keypair\sinnori.privatekey, mainproject.client.asyn.public.private_mailbox_cnt_per_connection.desc=비동기+공유 연결 클래스(ShareAsynConnection)의 메일함 갯수, default value[2], min[1], max[2147483647], servlet_jsp.jdf_servlet_trace.desc=JDF framework에서 서블릿 경과시간 추적 여부, default value[true], the boolean set[false, true], sessionkey.rsa.publickey.file.value=D:\gitsinnori\sinnori2\project\sample_test\resources\rsa_keypair\sinnori.publickey, servlet_jsp.web_layout_control_page.value=/PageJump.jsp, servlet_jsp.jdf_login_page.desc=로그인 처리 jsp, default value[/menu/member/login.jsp], mainproject.common.data_packet_buffer_size.value=4096, servlet_jsp.jdf_servlet_trace.value=true, mainproject.server.pool.read_selector_wakeup_interval.value=10, mainproject.server.pool.accept_processor.size.desc=접속 요청이 승락된 클라이언트의 등록을 담당하는 쓰레드 갯수, default value[1], min[1], max[2147483647], mainproject.server.mybatis.config_file_relative_path.desc=mybatis 설정 파일의 상대 경로, [프로젝트 경로]/resources 경로 기준으로 읽어오며 구별자가 '/' 문자로된 상대 경로로 기술되어야 한다. ex) kr/pe/sinnori/mybatis/mybatisConfig.xml, default value[], mainproject.common.message_id_fixed_size.value=20, common.updownfile.file_block_max_size.value=1048576, mainproject.server.pool.accept_processor.size.value=1, sessionkey.iv_size.desc=세션키에 사용되는 대칭키와 같이 사용되는 IV 크기, default value[16], the integer set[24, 16, 8], servlet_jsp.jdf_login_page.value=/menu/member/login.jsp, mainproject.common.first_prefix_dynamic_class_full_name.desc=동적 클래스 패키지명 접두어, 동적 클래스 여부를 판단하는 기준, default value[kr.pe.sinnori.impl.], mainproject.server.pool.output_message_writer.size.desc=출력 메시지 소켓 쓰기 담당 쓰레드 갯수, default value[1], min[1], max[2147483647]}
08:25:06.815 [main] INFO  k.p.s.c.buildsystem.ProjectBuilder - main project[sample_test]'s child direcotry creation task start
08:25:06.815 [main] INFO  k.p.s.c.buildsystem.ProjectBuilder - main project[sample_test]'s common child direcotry creation task start
08:25:06.815 [main] INFO  k.p.s.common.util.CommonStaticUtil - the new child relative direcotry[D:\gitsinnori\sinnori\project\sample_test][config] was created successfully
08:25:06.815 [main] INFO  k.p.s.common.util.CommonStaticUtil - the new child relative direcotry[D:\gitsinnori\sinnori\project\sample_test][resources/dbcp] was created successfully
08:25:06.815 [main] INFO  k.p.s.common.util.CommonStaticUtil - the new child relative direcotry[D:\gitsinnori\sinnori\project\sample_test][resources/message_info] was created successfully
08:25:06.815 [main] INFO  k.p.s.common.util.CommonStaticUtil - the new child relative direcotry[D:\gitsinnori\sinnori\project\sample_test][resources/rsa_keypair] was created successfully
08:25:06.815 [main] INFO  k.p.s.common.util.CommonStaticUtil - the new child relative direcotry[D:\gitsinnori\sinnori\project\sample_test][log/apache] was created successfully
08:25:06.815 [main] INFO  k.p.s.common.util.CommonStaticUtil - the new child relative direcotry[D:\gitsinnori\sinnori\project\sample_test][log/client] was created successfully
08:25:06.815 [main] INFO  k.p.s.common.util.CommonStaticUtil - the new child relative direcotry[D:\gitsinnori\sinnori\project\sample_test][log/server] was created successfully
08:25:06.815 [main] INFO  k.p.s.common.util.CommonStaticUtil - the new child relative direcotry[D:\gitsinnori\sinnori\project\sample_test][log/servlet] was created successfully
08:25:06.815 [main] INFO  k.p.s.c.buildsystem.ProjectBuilder - main project[sample_test]'s common child direcotry creation task end
08:25:06.815 [main] INFO  k.p.s.c.buildsystem.ProjectBuilder - main project[sample_test]'s server child direcotry creation task start
08:25:06.815 [main] INFO  k.p.s.common.util.CommonStaticUtil - the new child relative direcotry[D:\gitsinnori\sinnori\project\sample_test][server_build/APP-INF/classes] was created successfully
08:25:06.815 [main] INFO  k.p.s.common.util.CommonStaticUtil - the new child relative direcotry[D:\gitsinnori\sinnori\project\sample_test][server_build/corelib/ex] was created successfully
08:25:06.815 [main] INFO  k.p.s.common.util.CommonStaticUtil - the new child relative direcotry[D:\gitsinnori\sinnori\project\sample_test][server_build/corelib/in] was created successfully
08:25:06.815 [main] INFO  k.p.s.common.util.CommonStaticUtil - the new child relative direcotry[D:\gitsinnori\sinnori\project\sample_test][server_build/lib/main/ex] was created successfully
08:25:06.815 [main] INFO  k.p.s.common.util.CommonStaticUtil - the new child relative direcotry[D:\gitsinnori\sinnori\project\sample_test][server_build/lib/main/in] was created successfully
08:25:06.815 [main] INFO  k.p.s.common.util.CommonStaticUtil - the new child relative direcotry[D:\gitsinnori\sinnori\project\sample_test][server_build/lib/test] was created successfully
08:25:06.830 [main] INFO  k.p.s.common.util.CommonStaticUtil - the new child relative direcotry[D:\gitsinnori\sinnori\project\sample_test][server_build/src/main/java/kr/pe/sinnori/impl/servertask] was created successfully
08:25:06.830 [main] INFO  k.p.s.common.util.CommonStaticUtil - the new child relative direcotry[D:\gitsinnori\sinnori\project\sample_test][server_build/src/main/java/kr/pe/sinnori/impl/message] was created successfully
08:25:06.830 [main] INFO  k.p.s.common.util.CommonStaticUtil - the new child relative direcotry[D:\gitsinnori\sinnori\project\sample_test][server_build/src/main/java/main] was created successfully
08:25:06.830 [main] INFO  k.p.s.common.util.CommonStaticUtil - the new child relative direcotry[D:\gitsinnori\sinnori\project\sample_test][server_build/src/test/java] was created successfully
08:25:06.830 [main] INFO  k.p.s.common.util.CommonStaticUtil - the new child relative direcotry[D:\gitsinnori\sinnori\project\sample_test][server_build/build] was created successfully
08:25:06.899 [main] INFO  k.p.s.common.util.CommonStaticUtil - the new child relative direcotry[D:\gitsinnori\sinnori\project\sample_test][server_build/dist] was created successfully
08:25:06.899 [main] INFO  k.p.s.c.buildsystem.ProjectBuilder - main project[sample_test]'s server child direcotry creation task end
08:25:06.899 [main] INFO  k.p.s.c.buildsystem.ProjectBuilder - main project[sample_test]'s child direcotry creation task end
08:25:06.899 [main] INFO  k.p.s.c.buildsystem.ProjectBuilder - main project[sample_test]'s file creation task start
08:25:06.899 [main] INFO  k.p.s.c.buildsystem.ProjectBuilder - main project[sample_test]'s config file creation task start
08:25:06.899 [main] INFO  k.p.s.c.util.SequencedPropertiesUtil - the sequenced properties file[D:\gitsinnori\sinnori\project\sample_test\config\sinnori.properties] was created
08:25:06.915 [main] INFO  k.p.s.c.buildsystem.ProjectBuilder - main project[sample_test]'s config file creation task end
08:25:06.915 [main] INFO  k.p.s.c.buildsystem.ProjectBuilder - the mainproject[sample_test]'s resources directory copy task start
08:25:06.952 [main] INFO  k.p.s.c.buildsystem.ProjectBuilder - the mainproject[sample_test]'s resources directory copy task end
08:25:06.952 [main] INFO  k.p.s.c.buildsystem.ProjectBuilder - server build system files creation task start
08:25:06.952 [main] INFO  k.p.s.c.buildsystem.ProjectBuilder - main project[sample_test]'s server ant build.xml file creation task start
08:25:06.952 [main] INFO  k.p.s.c.buildsystem.ProjectBuilder - main project[sample_test]'s server ant build.xml file creation task end
08:25:06.952 [main] INFO  k.p.s.c.buildsystem.ProjectBuilder - main project[sample_test]'s server dos shell file creation task start
08:25:06.952 [main] INFO  k.p.s.c.buildsystem.ProjectBuilder - main project[sample_test]'s server dos shell file creation task end
08:25:06.952 [main] INFO  k.p.s.c.buildsystem.ProjectBuilder - main project[sample_test]'s server unix shell file creation task start
08:25:06.952 [main] INFO  k.p.s.c.buildsystem.ProjectBuilder - main project[sample_test]'s server unix shell file creation task end
08:25:06.952 [main] INFO  k.p.s.c.buildsystem.ProjectBuilder - server sample source files copy task start
08:25:06.968 [main] INFO  k.p.s.c.buildsystem.ProjectBuilder - server sample source files copy task end
08:25:06.968 [main] INFO  k.p.s.c.buildsystem.ProjectBuilder - main project[sample_test]'s server message io file set creation task start
08:25:06.968 [main] INFO  k.p.s.common.util.CommonStaticUtil - the new child relative direcotry[D:\gitsinnori\sinnori\project\sample_test\server_build\src\main\java\kr\pe\sinnori\impl\message][Echo] was created successfully
08:25:06.968 [main] INFO  k.p.s.c.buildsystem.ProjectBuilder - main project[sample_test]'s message file[Echo][D:\gitsinnori\sinnori\project\sample_test\server_build\src\main\java\kr\pe\sinnori\impl\message] creation task start
08:25:06.968 [main] INFO  k.p.s.c.buildsystem.ProjectBuilder - main project[sample_test]'s message file[Echo][D:\gitsinnori\sinnori\project\sample_test\server_build\src\main\java\kr\pe\sinnori\impl\message] creation task end
08:25:06.968 [main] INFO  k.p.s.c.buildsystem.ProjectBuilder - main project[sample_test]'s message decoder file[Echo][D:\gitsinnori\sinnori\project\sample_test\server_build\src\main\java\kr\pe\sinnori\impl\message] creation task start
08:25:06.968 [main] INFO  k.p.s.c.buildsystem.ProjectBuilder - main project[sample_test]'s message decoder file[Echo][D:\gitsinnori\sinnori\project\sample_test\server_build\src\main\java\kr\pe\sinnori\impl\message] creation task end
08:25:06.968 [main] INFO  k.p.s.c.buildsystem.ProjectBuilder - main project[sample_test]'s message encoder file[Echo][D:\gitsinnori\sinnori\project\sample_test\server_build\src\main\java\kr\pe\sinnori\impl\message] creation task start
08:25:06.968 [main] INFO  k.p.s.c.buildsystem.ProjectBuilder - main project[sample_test]'s message encoder file[Echo][D:\gitsinnori\sinnori\project\sample_test\server_build\src\main\java\kr\pe\sinnori\impl\message] creation task end
08:25:06.968 [main] INFO  k.p.s.c.buildsystem.ProjectBuilder - main project[sample_test]'s message server codec file[Echo][D:\gitsinnori\sinnori\project\sample_test\server_build\src\main\java\kr\pe\sinnori\impl\message] creation task start
08:25:06.968 [main] INFO  k.p.s.c.buildsystem.ProjectBuilder - main project[sample_test]'s message server codec file[Echo][D:\gitsinnori\sinnori\project\sample_test\server_build\src\main\java\kr\pe\sinnori\impl\message] creation task end
08:25:06.968 [main] INFO  k.p.s.c.buildsystem.ProjectBuilder - main project[sample_test]'s message client codec file[Echo][D:\gitsinnori\sinnori\project\sample_test\server_build\src\main\java\kr\pe\sinnori\impl\message] creation task start
08:25:06.968 [main] INFO  k.p.s.c.buildsystem.ProjectBuilder - main project[sample_test]'s message client codec file[Echo][D:\gitsinnori\sinnori\project\sample_test\server_build\src\main\java\kr\pe\sinnori\impl\message] creation task end
08:25:06.968 [main] INFO  k.p.s.common.util.CommonStaticUtil - the new child relative direcotry[D:\gitsinnori\sinnori\project\sample_test\server_build\src\main\java\kr\pe\sinnori\impl\message][PublicKeyReq] was created successfully
08:25:07.030 [main] INFO  k.p.s.c.buildsystem.ProjectBuilder - main project[sample_test]'s message file[PublicKeyReq][D:\gitsinnori\sinnori\project\sample_test\server_build\src\main\java\kr\pe\sinnori\impl\message] creation task start
08:25:07.030 [main] INFO  k.p.s.c.buildsystem.ProjectBuilder - main project[sample_test]'s message file[PublicKeyReq][D:\gitsinnori\sinnori\project\sample_test\server_build\src\main\java\kr\pe\sinnori\impl\message] creation task end
08:25:07.030 [main] INFO  k.p.s.c.buildsystem.ProjectBuilder - main project[sample_test]'s message decoder file[PublicKeyReq][D:\gitsinnori\sinnori\project\sample_test\server_build\src\main\java\kr\pe\sinnori\impl\message] creation task start
08:25:07.030 [main] INFO  k.p.s.c.buildsystem.ProjectBuilder - main project[sample_test]'s message decoder file[PublicKeyReq][D:\gitsinnori\sinnori\project\sample_test\server_build\src\main\java\kr\pe\sinnori\impl\message] creation task end
08:25:07.030 [main] INFO  k.p.s.c.buildsystem.ProjectBuilder - main project[sample_test]'s message encoder file[PublicKeyReq][D:\gitsinnori\sinnori\project\sample_test\server_build\src\main\java\kr\pe\sinnori\impl\message] creation task start
08:25:07.030 [main] INFO  k.p.s.c.buildsystem.ProjectBuilder - main project[sample_test]'s message encoder file[PublicKeyReq][D:\gitsinnori\sinnori\project\sample_test\server_build\src\main\java\kr\pe\sinnori\impl\message] creation task end
08:25:07.030 [main] INFO  k.p.s.c.buildsystem.ProjectBuilder - main project[sample_test]'s message server codec file[PublicKeyReq][D:\gitsinnori\sinnori\project\sample_test\server_build\src\main\java\kr\pe\sinnori\impl\message] creation task start
08:25:07.030 [main] INFO  k.p.s.c.buildsystem.ProjectBuilder - main project[sample_test]'s message server codec file[PublicKeyReq][D:\gitsinnori\sinnori\project\sample_test\server_build\src\main\java\kr\pe\sinnori\impl\message] creation task end
08:25:07.030 [main] INFO  k.p.s.c.buildsystem.ProjectBuilder - main project[sample_test]'s message client codec file[PublicKeyReq][D:\gitsinnori\sinnori\project\sample_test\server_build\src\main\java\kr\pe\sinnori\impl\message] creation task start
08:25:07.030 [main] INFO  k.p.s.c.buildsystem.ProjectBuilder - main project[sample_test]'s message client codec file[PublicKeyReq][D:\gitsinnori\sinnori\project\sample_test\server_build\src\main\java\kr\pe\sinnori\impl\message] creation task end
08:25:07.030 [main] INFO  k.p.s.common.util.CommonStaticUtil - the new child relative direcotry[D:\gitsinnori\sinnori\project\sample_test\server_build\src\main\java\kr\pe\sinnori\impl\message][PublicKeyRes] was created successfully
08:25:07.030 [main] INFO  k.p.s.c.buildsystem.ProjectBuilder - main project[sample_test]'s message file[PublicKeyRes][D:\gitsinnori\sinnori\project\sample_test\server_build\src\main\java\kr\pe\sinnori\impl\message] creation task start
08:25:07.049 [main] INFO  k.p.s.c.buildsystem.ProjectBuilder - main project[sample_test]'s message file[PublicKeyRes][D:\gitsinnori\sinnori\project\sample_test\server_build\src\main\java\kr\pe\sinnori\impl\message] creation task end
08:25:07.049 [main] INFO  k.p.s.c.buildsystem.ProjectBuilder - main project[sample_test]'s message decoder file[PublicKeyRes][D:\gitsinnori\sinnori\project\sample_test\server_build\src\main\java\kr\pe\sinnori\impl\message] creation task start
08:25:07.051 [main] INFO  k.p.s.c.buildsystem.ProjectBuilder - main project[sample_test]'s message decoder file[PublicKeyRes][D:\gitsinnori\sinnori\project\sample_test\server_build\src\main\java\kr\pe\sinnori\impl\message] creation task end
08:25:07.051 [main] INFO  k.p.s.c.buildsystem.ProjectBuilder - main project[sample_test]'s message encoder file[PublicKeyRes][D:\gitsinnori\sinnori\project\sample_test\server_build\src\main\java\kr\pe\sinnori\impl\message] creation task start
08:25:07.053 [main] INFO  k.p.s.c.buildsystem.ProjectBuilder - main project[sample_test]'s message encoder file[PublicKeyRes][D:\gitsinnori\sinnori\project\sample_test\server_build\src\main\java\kr\pe\sinnori\impl\message] creation task end
08:25:07.053 [main] INFO  k.p.s.c.buildsystem.ProjectBuilder - main project[sample_test]'s message server codec file[PublicKeyRes][D:\gitsinnori\sinnori\project\sample_test\server_build\src\main\java\kr\pe\sinnori\impl\message] creation task start
08:25:07.053 [main] INFO  k.p.s.c.buildsystem.ProjectBuilder - main project[sample_test]'s message server codec file[PublicKeyRes][D:\gitsinnori\sinnori\project\sample_test\server_build\src\main\java\kr\pe\sinnori\impl\message] creation task end
08:25:07.053 [main] INFO  k.p.s.c.buildsystem.ProjectBuilder - main project[sample_test]'s message client codec file[PublicKeyRes][D:\gitsinnori\sinnori\project\sample_test\server_build\src\main\java\kr\pe\sinnori\impl\message] creation task start
08:25:07.053 [main] INFO  k.p.s.c.buildsystem.ProjectBuilder - main project[sample_test]'s message client codec file[PublicKeyRes][D:\gitsinnori\sinnori\project\sample_test\server_build\src\main\java\kr\pe\sinnori\impl\message] creation task end
08:25:07.053 [main] INFO  k.p.s.c.buildsystem.ProjectBuilder - main project[sample_test]'s server message io file set creation task end
08:25:07.053 [main] INFO  k.p.s.c.buildsystem.ProjectBuilder - server build system files creation task end
08:25:07.131 [main] INFO  k.p.s.c.buildsystem.ProjectBuilder - main project[sample_test]'s file creation task end
08:25:07.169 [main] INFO  k.p.s.c.buildsystem.ProjectBuilder - main project[sample_test]'s child direcotry creation task start
08:25:07.169 [main] INFO  k.p.s.c.buildsystem.ProjectBuilder - main project[sample_test]'s common child direcotry creation task start
08:25:07.169 [main] INFO  k.p.s.common.util.CommonStaticUtil - the new child relative direcotry[D:\gitsinnori\sinnori\project\sample_test][config] was created successfully
08:25:07.169 [main] INFO  k.p.s.common.util.CommonStaticUtil - the new child relative direcotry[D:\gitsinnori\sinnori\project\sample_test][resources/dbcp] was created successfully
08:25:07.169 [main] INFO  k.p.s.common.util.CommonStaticUtil - the new child relative direcotry[D:\gitsinnori\sinnori\project\sample_test][resources/message_info] was created successfully
08:25:07.169 [main] INFO  k.p.s.common.util.CommonStaticUtil - the new child relative direcotry[D:\gitsinnori\sinnori\project\sample_test][resources/rsa_keypair] was created successfully
08:25:07.169 [main] INFO  k.p.s.common.util.CommonStaticUtil - the new child relative direcotry[D:\gitsinnori\sinnori\project\sample_test][log/apache] was created successfully
08:25:07.169 [main] INFO  k.p.s.common.util.CommonStaticUtil - the new child relative direcotry[D:\gitsinnori\sinnori\project\sample_test][log/client] was created successfully
08:25:07.169 [main] INFO  k.p.s.common.util.CommonStaticUtil - the new child relative direcotry[D:\gitsinnori\sinnori\project\sample_test][log/server] was created successfully
08:25:07.169 [main] INFO  k.p.s.common.util.CommonStaticUtil - the new child relative direcotry[D:\gitsinnori\sinnori\project\sample_test][log/servlet] was created successfully
08:25:07.169 [main] INFO  k.p.s.c.buildsystem.ProjectBuilder - main project[sample_test]'s common child direcotry creation task end
08:25:07.169 [main] INFO  k.p.s.c.buildsystem.ProjectBuilder - main project[sample_test]'s server child direcotry creation task start
08:25:07.169 [main] INFO  k.p.s.common.util.CommonStaticUtil - the new child relative direcotry[D:\gitsinnori\sinnori\project\sample_test][server_build/APP-INF/classes] was created successfully
08:25:07.169 [main] INFO  k.p.s.common.util.CommonStaticUtil - the new child relative direcotry[D:\gitsinnori\sinnori\project\sample_test][server_build/corelib/ex] was created successfully
08:25:07.169 [main] INFO  k.p.s.common.util.CommonStaticUtil - the new child relative direcotry[D:\gitsinnori\sinnori\project\sample_test][server_build/corelib/in] was created successfully
08:25:07.169 [main] INFO  k.p.s.common.util.CommonStaticUtil - the new child relative direcotry[D:\gitsinnori\sinnori\project\sample_test][server_build/lib/main/ex] was created successfully
08:25:07.169 [main] INFO  k.p.s.common.util.CommonStaticUtil - the new child relative direcotry[D:\gitsinnori\sinnori\project\sample_test][server_build/lib/main/in] was created successfully
08:25:07.169 [main] INFO  k.p.s.common.util.CommonStaticUtil - the new child relative direcotry[D:\gitsinnori\sinnori\project\sample_test][server_build/lib/test] was created successfully
08:25:07.169 [main] INFO  k.p.s.common.util.CommonStaticUtil - the new child relative direcotry[D:\gitsinnori\sinnori\project\sample_test][server_build/src/main/java/kr/pe/sinnori/impl/servertask] was created successfully
08:25:07.169 [main] INFO  k.p.s.common.util.CommonStaticUtil - the new child relative direcotry[D:\gitsinnori\sinnori\project\sample_test][server_build/src/main/java/kr/pe/sinnori/impl/message] was created successfully
08:25:07.169 [main] INFO  k.p.s.common.util.CommonStaticUtil - the new child relative direcotry[D:\gitsinnori\sinnori\project\sample_test][server_build/src/main/java/main] was created successfully
08:25:07.169 [main] INFO  k.p.s.common.util.CommonStaticUtil - the new child relative direcotry[D:\gitsinnori\sinnori\project\sample_test][server_build/src/test/java] was created successfully
08:25:07.169 [main] INFO  k.p.s.common.util.CommonStaticUtil - the new child relative direcotry[D:\gitsinnori\sinnori\project\sample_test][server_build/build] was created successfully
08:25:07.268 [main] INFO  k.p.s.common.util.CommonStaticUtil - the new child relative direcotry[D:\gitsinnori\sinnori\project\sample_test][server_build/dist] was created successfully
08:25:07.268 [main] INFO  k.p.s.c.buildsystem.ProjectBuilder - main project[sample_test]'s server child direcotry creation task end
08:25:07.268 [main] INFO  k.p.s.c.buildsystem.ProjectBuilder - main project[sample_test]'s application build child direcotry creation task start
08:25:07.268 [main] INFO  k.p.s.common.util.CommonStaticUtil - the new child relative direcotry[D:\gitsinnori\sinnori\project\sample_test][client_build/app_build/corelib/ex] was created successfully
08:25:07.268 [main] INFO  k.p.s.common.util.CommonStaticUtil - the new child relative direcotry[D:\gitsinnori\sinnori\project\sample_test][client_build/app_build/corelib/in] was created successfully
08:25:07.268 [main] INFO  k.p.s.common.util.CommonStaticUtil - the new child relative direcotry[D:\gitsinnori\sinnori\project\sample_test][client_build/app_build/lib/main/ex] was created successfully
08:25:07.268 [main] INFO  k.p.s.common.util.CommonStaticUtil - the new child relative direcotry[D:\gitsinnori\sinnori\project\sample_test][client_build/app_build/lib/main/in] was created successfully
08:25:07.268 [main] INFO  k.p.s.common.util.CommonStaticUtil - the new child relative direcotry[D:\gitsinnori\sinnori\project\sample_test][client_build/app_build/lib/test] was created successfully
08:25:07.284 [main] INFO  k.p.s.common.util.CommonStaticUtil - the new child relative direcotry[D:\gitsinnori\sinnori\project\sample_test][client_build/app_build/src/main/java/kr/pe/sinnori/impl/message] was created successfully
08:25:07.284 [main] INFO  k.p.s.common.util.CommonStaticUtil - the new child relative direcotry[D:\gitsinnori\sinnori\project\sample_test][client_build/app_build/src/main/java/main] was created successfully
08:25:07.284 [main] INFO  k.p.s.common.util.CommonStaticUtil - the new child relative direcotry[D:\gitsinnori\sinnori\project\sample_test][client_build/app_build/src/test/java] was created successfully
08:25:07.284 [main] INFO  k.p.s.common.util.CommonStaticUtil - the new child relative direcotry[D:\gitsinnori\sinnori\project\sample_test][client_build/app_build/build] was created successfully
08:25:07.284 [main] INFO  k.p.s.common.util.CommonStaticUtil - the new child relative direcotry[D:\gitsinnori\sinnori\project\sample_test][client_build/app_build/dist] was created successfully
08:25:07.284 [main] INFO  k.p.s.c.buildsystem.ProjectBuilder - main project[sample_test]'s application build child direcotry creation task end
08:25:07.284 [main] INFO  k.p.s.c.buildsystem.ProjectBuilder - main project[sample_test]'s web build child direcotry creation task start
08:25:07.284 [main] INFO  k.p.s.common.util.CommonStaticUtil - the new child relative direcotry[D:\gitsinnori\sinnori\project\sample_test][client_build/web_build/corelib/ex] was created successfully
08:25:07.284 [main] INFO  k.p.s.common.util.CommonStaticUtil - the new child relative direcotry[D:\gitsinnori\sinnori\project\sample_test][client_build/web_build/corelib/in] was created successfully
08:25:07.284 [main] INFO  k.p.s.common.util.CommonStaticUtil - the new child relative direcotry[D:\gitsinnori\sinnori\project\sample_test][client_build/web_build/lib/main/ex] was created successfully
08:25:07.284 [main] INFO  k.p.s.common.util.CommonStaticUtil - the new child relative direcotry[D:\gitsinnori\sinnori\project\sample_test][client_build/web_build/lib/main/in] was created successfully
08:25:07.284 [main] INFO  k.p.s.common.util.CommonStaticUtil - the new child relative direcotry[D:\gitsinnori\sinnori\project\sample_test][client_build/web_build/lib/test] was created successfully
08:25:07.299 [main] INFO  k.p.s.common.util.CommonStaticUtil - the new child relative direcotry[D:\gitsinnori\sinnori\project\sample_test][client_build/web_build/src/main/java/kr/pe/sinnori/impl/message] was created successfully
08:25:07.299 [main] INFO  k.p.s.common.util.CommonStaticUtil - the new child relative direcotry[D:\gitsinnori\sinnori\project\sample_test][client_build/web_build/src/main/java//kr/pe/sinnori/servlet] was created successfully
08:25:07.299 [main] INFO  k.p.s.common.util.CommonStaticUtil - the new child relative direcotry[D:\gitsinnori\sinnori\project\sample_test][client_build/web_build/src/main/java/kr/pe/sinnori/weblib/common] was created successfully
08:25:07.299 [main] INFO  k.p.s.common.util.CommonStaticUtil - the new child relative direcotry[D:\gitsinnori\sinnori\project\sample_test][client_build/web_build/src/main/java/kr/pe/sinnori/weblib/htmlstring] was created successfully
08:25:07.299 [main] INFO  k.p.s.common.util.CommonStaticUtil - the new child relative direcotry[D:\gitsinnori\sinnori\project\sample_test][client_build/web_build/src/main/java/kr/pe/sinnori/weblib/jdf] was created successfully
08:25:07.299 [main] INFO  k.p.s.common.util.CommonStaticUtil - the new child relative direcotry[D:\gitsinnori\sinnori\project\sample_test][client_build/web_build/src/test/java] was created successfully
08:25:07.299 [main] INFO  k.p.s.common.util.CommonStaticUtil - the new child relative direcotry[D:\gitsinnori\sinnori\project\sample_test][client_build/web_build/build] was created successfully
08:25:07.299 [main] INFO  k.p.s.common.util.CommonStaticUtil - the new child relative direcotry[D:\gitsinnori\sinnori\project\sample_test][client_build/web_build/dist] was created successfully
08:25:07.299 [main] INFO  k.p.s.c.buildsystem.ProjectBuilder - main project[sample_test]'s web build child direcotry creation task end
08:25:07.299 [main] INFO  k.p.s.c.buildsystem.ProjectBuilder - main project[sample_test]'s web root child direcotry creation task start
08:25:07.299 [main] INFO  k.p.s.common.util.CommonStaticUtil - the new child relative direcotry[D:\gitsinnori\sinnori\project\sample_test][web_app_base/upload] was created successfully
08:25:07.299 [main] INFO  k.p.s.common.util.CommonStaticUtil - the new child relative direcotry[D:\gitsinnori\sinnori\project\sample_test][web_app_base/ROOT/WEB-INF/classes] was created successfully
08:25:07.299 [main] INFO  k.p.s.common.util.CommonStaticUtil - the new child relative direcotry[D:\gitsinnori\sinnori\project\sample_test][web_app_base/ROOT/WEB-INF/lib] was created successfully
08:25:07.299 [main] INFO  k.p.s.c.buildsystem.ProjectBuilder - main project[sample_test]'s web root child direcotry creation task end
08:25:07.299 [main] INFO  k.p.s.c.buildsystem.ProjectBuilder - main project[sample_test]'s child direcotry creation task end
08:25:07.299 [main] INFO  k.p.s.c.buildsystem.ProjectBuilder - main project[sample_test]'s file creation task start
08:25:07.299 [main] INFO  k.p.s.c.buildsystem.ProjectBuilder - main project[sample_test]'s config file creation task start
08:25:07.299 [main] INFO  k.p.s.c.util.SequencedPropertiesUtil - the sequenced properties file[D:\gitsinnori\sinnori\project\sample_test\config\sinnori.properties] was created
08:25:07.299 [main] INFO  k.p.s.c.buildsystem.ProjectBuilder - main project[sample_test]'s config file creation task end
08:25:07.299 [main] INFO  k.p.s.c.buildsystem.ProjectBuilder - the mainproject[sample_test]'s resources directory copy task start
08:25:07.330 [main] INFO  k.p.s.c.buildsystem.ProjectBuilder - the mainproject[sample_test]'s resources directory copy task end
08:25:07.330 [main] INFO  k.p.s.c.buildsystem.ProjectBuilder - server build system files creation task start
08:25:07.330 [main] INFO  k.p.s.c.buildsystem.ProjectBuilder - main project[sample_test]'s server ant build.xml file creation task start
08:25:07.330 [main] INFO  k.p.s.c.buildsystem.ProjectBuilder - main project[sample_test]'s server ant build.xml file creation task end
08:25:07.330 [main] INFO  k.p.s.c.buildsystem.ProjectBuilder - main project[sample_test]'s server dos shell file creation task start
08:25:07.330 [main] INFO  k.p.s.c.buildsystem.ProjectBuilder - main project[sample_test]'s server dos shell file creation task end
08:25:07.330 [main] INFO  k.p.s.c.buildsystem.ProjectBuilder - main project[sample_test]'s server unix shell file creation task start
08:25:07.330 [main] INFO  k.p.s.c.buildsystem.ProjectBuilder - main project[sample_test]'s server unix shell file creation task end
08:25:07.330 [main] INFO  k.p.s.c.buildsystem.ProjectBuilder - server sample source files copy task start
08:25:07.415 [main] INFO  k.p.s.c.buildsystem.ProjectBuilder - server sample source files copy task end
08:25:07.415 [main] INFO  k.p.s.c.buildsystem.ProjectBuilder - main project[sample_test]'s server message io file set creation task start
08:25:07.415 [main] INFO  k.p.s.common.util.CommonStaticUtil - the new child relative direcotry[D:\gitsinnori\sinnori\project\sample_test\server_build\src\main\java\kr\pe\sinnori\impl\message][Echo] was created successfully
08:25:07.415 [main] INFO  k.p.s.c.buildsystem.ProjectBuilder - main project[sample_test]'s message file[Echo][D:\gitsinnori\sinnori\project\sample_test\server_build\src\main\java\kr\pe\sinnori\impl\message] creation task start
08:25:07.430 [main] INFO  k.p.s.c.buildsystem.ProjectBuilder - main project[sample_test]'s message file[Echo][D:\gitsinnori\sinnori\project\sample_test\server_build\src\main\java\kr\pe\sinnori\impl\message] creation task end
08:25:07.430 [main] INFO  k.p.s.c.buildsystem.ProjectBuilder - main project[sample_test]'s message decoder file[Echo][D:\gitsinnori\sinnori\project\sample_test\server_build\src\main\java\kr\pe\sinnori\impl\message] creation task start
08:25:07.430 [main] INFO  k.p.s.c.buildsystem.ProjectBuilder - main project[sample_test]'s message decoder file[Echo][D:\gitsinnori\sinnori\project\sample_test\server_build\src\main\java\kr\pe\sinnori\impl\message] creation task end
08:25:07.430 [main] INFO  k.p.s.c.buildsystem.ProjectBuilder - main project[sample_test]'s message encoder file[Echo][D:\gitsinnori\sinnori\project\sample_test\server_build\src\main\java\kr\pe\sinnori\impl\message] creation task start
08:25:07.430 [main] INFO  k.p.s.c.buildsystem.ProjectBuilder - main project[sample_test]'s message encoder file[Echo][D:\gitsinnori\sinnori\project\sample_test\server_build\src\main\java\kr\pe\sinnori\impl\message] creation task end
08:25:07.430 [main] INFO  k.p.s.c.buildsystem.ProjectBuilder - main project[sample_test]'s message server codec file[Echo][D:\gitsinnori\sinnori\project\sample_test\server_build\src\main\java\kr\pe\sinnori\impl\message] creation task start
08:25:07.448 [main] INFO  k.p.s.c.buildsystem.ProjectBuilder - main project[sample_test]'s message server codec file[Echo][D:\gitsinnori\sinnori\project\sample_test\server_build\src\main\java\kr\pe\sinnori\impl\message] creation task end
08:25:07.448 [main] INFO  k.p.s.c.buildsystem.ProjectBuilder - main project[sample_test]'s message client codec file[Echo][D:\gitsinnori\sinnori\project\sample_test\server_build\src\main\java\kr\pe\sinnori\impl\message] creation task start
08:25:07.450 [main] INFO  k.p.s.c.buildsystem.ProjectBuilder - main project[sample_test]'s message client codec file[Echo][D:\gitsinnori\sinnori\project\sample_test\server_build\src\main\java\kr\pe\sinnori\impl\message] creation task end
08:25:07.450 [main] INFO  k.p.s.common.util.CommonStaticUtil - the new child relative direcotry[D:\gitsinnori\sinnori\project\sample_test\server_build\src\main\java\kr\pe\sinnori\impl\message][PublicKeyReq] was created successfully
08:25:07.450 [main] INFO  k.p.s.c.buildsystem.ProjectBuilder - main project[sample_test]'s message file[PublicKeyReq][D:\gitsinnori\sinnori\project\sample_test\server_build\src\main\java\kr\pe\sinnori\impl\message] creation task start
08:25:07.453 [main] INFO  k.p.s.c.buildsystem.ProjectBuilder - main project[sample_test]'s message file[PublicKeyReq][D:\gitsinnori\sinnori\project\sample_test\server_build\src\main\java\kr\pe\sinnori\impl\message] creation task end
08:25:07.453 [main] INFO  k.p.s.c.buildsystem.ProjectBuilder - main project[sample_test]'s message decoder file[PublicKeyReq][D:\gitsinnori\sinnori\project\sample_test\server_build\src\main\java\kr\pe\sinnori\impl\message] creation task start
08:25:07.453 [main] INFO  k.p.s.c.buildsystem.ProjectBuilder - main project[sample_test]'s message decoder file[PublicKeyReq][D:\gitsinnori\sinnori\project\sample_test\server_build\src\main\java\kr\pe\sinnori\impl\message] creation task end
08:25:07.453 [main] INFO  k.p.s.c.buildsystem.ProjectBuilder - main project[sample_test]'s message encoder file[PublicKeyReq][D:\gitsinnori\sinnori\project\sample_test\server_build\src\main\java\kr\pe\sinnori\impl\message] creation task start
08:25:07.453 [main] INFO  k.p.s.c.buildsystem.ProjectBuilder - main project[sample_test]'s message encoder file[PublicKeyReq][D:\gitsinnori\sinnori\project\sample_test\server_build\src\main\java\kr\pe\sinnori\impl\message] creation task end
08:25:07.453 [main] INFO  k.p.s.c.buildsystem.ProjectBuilder - main project[sample_test]'s message server codec file[PublicKeyReq][D:\gitsinnori\sinnori\project\sample_test\server_build\src\main\java\kr\pe\sinnori\impl\message] creation task start
08:25:07.453 [main] INFO  k.p.s.c.buildsystem.ProjectBuilder - main project[sample_test]'s message server codec file[PublicKeyReq][D:\gitsinnori\sinnori\project\sample_test\server_build\src\main\java\kr\pe\sinnori\impl\message] creation task end
08:25:07.515 [main] INFO  k.p.s.c.buildsystem.ProjectBuilder - main project[sample_test]'s message client codec file[PublicKeyReq][D:\gitsinnori\sinnori\project\sample_test\server_build\src\main\java\kr\pe\sinnori\impl\message] creation task start
08:25:07.515 [main] INFO  k.p.s.c.buildsystem.ProjectBuilder - main project[sample_test]'s message client codec file[PublicKeyReq][D:\gitsinnori\sinnori\project\sample_test\server_build\src\main\java\kr\pe\sinnori\impl\message] creation task end
08:25:07.515 [main] INFO  k.p.s.common.util.CommonStaticUtil - the new child relative direcotry[D:\gitsinnori\sinnori\project\sample_test\server_build\src\main\java\kr\pe\sinnori\impl\message][PublicKeyRes] was created successfully
08:25:07.515 [main] INFO  k.p.s.c.buildsystem.ProjectBuilder - main project[sample_test]'s message file[PublicKeyRes][D:\gitsinnori\sinnori\project\sample_test\server_build\src\main\java\kr\pe\sinnori\impl\message] creation task start
08:25:07.515 [main] INFO  k.p.s.c.buildsystem.ProjectBuilder - main project[sample_test]'s message file[PublicKeyRes][D:\gitsinnori\sinnori\project\sample_test\server_build\src\main\java\kr\pe\sinnori\impl\message] creation task end
08:25:07.515 [main] INFO  k.p.s.c.buildsystem.ProjectBuilder - main project[sample_test]'s message decoder file[PublicKeyRes][D:\gitsinnori\sinnori\project\sample_test\server_build\src\main\java\kr\pe\sinnori\impl\message] creation task start
08:25:07.515 [main] INFO  k.p.s.c.buildsystem.ProjectBuilder - main project[sample_test]'s message decoder file[PublicKeyRes][D:\gitsinnori\sinnori\project\sample_test\server_build\src\main\java\kr\pe\sinnori\impl\message] creation task end
08:25:07.515 [main] INFO  k.p.s.c.buildsystem.ProjectBuilder - main project[sample_test]'s message encoder file[PublicKeyRes][D:\gitsinnori\sinnori\project\sample_test\server_build\src\main\java\kr\pe\sinnori\impl\message] creation task start
08:25:07.515 [main] INFO  k.p.s.c.buildsystem.ProjectBuilder - main project[sample_test]'s message encoder file[PublicKeyRes][D:\gitsinnori\sinnori\project\sample_test\server_build\src\main\java\kr\pe\sinnori\impl\message] creation task end
08:25:07.515 [main] INFO  k.p.s.c.buildsystem.ProjectBuilder - main project[sample_test]'s message server codec file[PublicKeyRes][D:\gitsinnori\sinnori\project\sample_test\server_build\src\main\java\kr\pe\sinnori\impl\message] creation task start
08:25:07.531 [main] INFO  k.p.s.c.buildsystem.ProjectBuilder - main project[sample_test]'s message server codec file[PublicKeyRes][D:\gitsinnori\sinnori\project\sample_test\server_build\src\main\java\kr\pe\sinnori\impl\message] creation task end
08:25:07.531 [main] INFO  k.p.s.c.buildsystem.ProjectBuilder - main project[sample_test]'s message client codec file[PublicKeyRes][D:\gitsinnori\sinnori\project\sample_test\server_build\src\main\java\kr\pe\sinnori\impl\message] creation task start
08:25:07.531 [main] INFO  k.p.s.c.buildsystem.ProjectBuilder - main project[sample_test]'s message client codec file[PublicKeyRes][D:\gitsinnori\sinnori\project\sample_test\server_build\src\main\java\kr\pe\sinnori\impl\message] creation task end
08:25:07.531 [main] INFO  k.p.s.c.buildsystem.ProjectBuilder - main project[sample_test]'s server message io file set creation task end
08:25:07.531 [main] INFO  k.p.s.c.buildsystem.ProjectBuilder - server build system files creation task end
08:25:07.531 [main] INFO  k.p.s.c.buildsystem.ProjectBuilder - mainproject[sample_test]'s application client build system files creation task start
08:25:07.531 [main] INFO  k.p.s.c.buildsystem.ProjectBuilder - main project[sample_test]'s application client ant build.xml file creation task start
08:25:07.531 [main] INFO  k.p.s.c.buildsystem.ProjectBuilder - main project[sample_test]'s application client ant build.xml file creation task end
08:25:07.531 [main] INFO  k.p.s.c.buildsystem.ProjectBuilder - main project[sample_test]'s application client dos shell file creation task start
08:25:07.531 [main] INFO  k.p.s.c.buildsystem.ProjectBuilder - main project[sample_test]'s application client dos shell file creation task end
08:25:07.531 [main] INFO  k.p.s.c.buildsystem.ProjectBuilder - main project[sample_test]'s application client unix shell file creation task start
08:25:07.531 [main] INFO  k.p.s.c.buildsystem.ProjectBuilder - main project[sample_test]'s application client unix shell file creation task end
08:25:07.531 [main] INFO  k.p.s.c.buildsystem.ProjectBuilder - application client sample source files copy task start
08:25:07.531 [main] INFO  k.p.s.c.buildsystem.ProjectBuilder - application client sample source files copy task end
08:25:07.531 [main] INFO  k.p.s.c.buildsystem.ProjectBuilder - main project[sample_test]'s application client message io file set creation task start
08:25:07.531 [main] INFO  k.p.s.common.util.CommonStaticUtil - the new child relative direcotry[D:\gitsinnori\sinnori\project\sample_test\client_build\app_build\src\main\java\kr\pe\sinnori\impl\message][Echo] was created successfully
08:25:07.531 [main] INFO  k.p.s.c.buildsystem.ProjectBuilder - main project[sample_test]'s message file[Echo][D:\gitsinnori\sinnori\project\sample_test\client_build\app_build\src\main\java\kr\pe\sinnori\impl\message] creation task start
08:25:07.549 [main] INFO  k.p.s.c.buildsystem.ProjectBuilder - main project[sample_test]'s message file[Echo][D:\gitsinnori\sinnori\project\sample_test\client_build\app_build\src\main\java\kr\pe\sinnori\impl\message] creation task end
08:25:07.549 [main] INFO  k.p.s.c.buildsystem.ProjectBuilder - main project[sample_test]'s message decoder file[Echo][D:\gitsinnori\sinnori\project\sample_test\client_build\app_build\src\main\java\kr\pe\sinnori\impl\message] creation task start
08:25:07.552 [main] INFO  k.p.s.c.buildsystem.ProjectBuilder - main project[sample_test]'s message decoder file[Echo][D:\gitsinnori\sinnori\project\sample_test\client_build\app_build\src\main\java\kr\pe\sinnori\impl\message] creation task end
08:25:07.552 [main] INFO  k.p.s.c.buildsystem.ProjectBuilder - main project[sample_test]'s message encoder file[Echo][D:\gitsinnori\sinnori\project\sample_test\client_build\app_build\src\main\java\kr\pe\sinnori\impl\message] creation task start
08:25:07.552 [main] INFO  k.p.s.c.buildsystem.ProjectBuilder - main project[sample_test]'s message encoder file[Echo][D:\gitsinnori\sinnori\project\sample_test\client_build\app_build\src\main\java\kr\pe\sinnori\impl\message] creation task end
08:25:07.552 [main] INFO  k.p.s.c.buildsystem.ProjectBuilder - main project[sample_test]'s message server codec file[Echo][D:\gitsinnori\sinnori\project\sample_test\client_build\app_build\src\main\java\kr\pe\sinnori\impl\message] creation task start
08:25:07.552 [main] INFO  k.p.s.c.buildsystem.ProjectBuilder - main project[sample_test]'s message server codec file[Echo][D:\gitsinnori\sinnori\project\sample_test\client_build\app_build\src\main\java\kr\pe\sinnori\impl\message] creation task end
08:25:07.552 [main] INFO  k.p.s.c.buildsystem.ProjectBuilder - main project[sample_test]'s message client codec file[Echo][D:\gitsinnori\sinnori\project\sample_test\client_build\app_build\src\main\java\kr\pe\sinnori\impl\message] creation task start
08:25:07.552 [main] INFO  k.p.s.c.buildsystem.ProjectBuilder - main project[sample_test]'s message client codec file[Echo][D:\gitsinnori\sinnori\project\sample_test\client_build\app_build\src\main\java\kr\pe\sinnori\impl\message] creation task end
08:25:07.552 [main] INFO  k.p.s.common.util.CommonStaticUtil - the new child relative direcotry[D:\gitsinnori\sinnori\project\sample_test\client_build\app_build\src\main\java\kr\pe\sinnori\impl\message][PublicKeyReq] was created successfully
08:25:07.552 [main] INFO  k.p.s.c.buildsystem.ProjectBuilder - main project[sample_test]'s message file[PublicKeyReq][D:\gitsinnori\sinnori\project\sample_test\client_build\app_build\src\main\java\kr\pe\sinnori\impl\message] creation task start
08:25:07.653 [main] INFO  k.p.s.c.buildsystem.ProjectBuilder - main project[sample_test]'s message file[PublicKeyReq][D:\gitsinnori\sinnori\project\sample_test\client_build\app_build\src\main\java\kr\pe\sinnori\impl\message] creation task end
08:25:07.653 [main] INFO  k.p.s.c.buildsystem.ProjectBuilder - main project[sample_test]'s message decoder file[PublicKeyReq][D:\gitsinnori\sinnori\project\sample_test\client_build\app_build\src\main\java\kr\pe\sinnori\impl\message] creation task start
08:25:07.653 [main] INFO  k.p.s.c.buildsystem.ProjectBuilder - main project[sample_test]'s message decoder file[PublicKeyReq][D:\gitsinnori\sinnori\project\sample_test\client_build\app_build\src\main\java\kr\pe\sinnori\impl\message] creation task end
08:25:07.653 [main] INFO  k.p.s.c.buildsystem.ProjectBuilder - main project[sample_test]'s message encoder file[PublicKeyReq][D:\gitsinnori\sinnori\project\sample_test\client_build\app_build\src\main\java\kr\pe\sinnori\impl\message] creation task start
08:25:07.668 [main] INFO  k.p.s.c.buildsystem.ProjectBuilder - main project[sample_test]'s message encoder file[PublicKeyReq][D:\gitsinnori\sinnori\project\sample_test\client_build\app_build\src\main\java\kr\pe\sinnori\impl\message] creation task end
08:25:07.668 [main] INFO  k.p.s.c.buildsystem.ProjectBuilder - main project[sample_test]'s message server codec file[PublicKeyReq][D:\gitsinnori\sinnori\project\sample_test\client_build\app_build\src\main\java\kr\pe\sinnori\impl\message] creation task start
08:25:07.668 [main] INFO  k.p.s.c.buildsystem.ProjectBuilder - main project[sample_test]'s message server codec file[PublicKeyReq][D:\gitsinnori\sinnori\project\sample_test\client_build\app_build\src\main\java\kr\pe\sinnori\impl\message] creation task end
08:25:07.668 [main] INFO  k.p.s.c.buildsystem.ProjectBuilder - main project[sample_test]'s message client codec file[PublicKeyReq][D:\gitsinnori\sinnori\project\sample_test\client_build\app_build\src\main\java\kr\pe\sinnori\impl\message] creation task start
08:25:07.668 [main] INFO  k.p.s.c.buildsystem.ProjectBuilder - main project[sample_test]'s message client codec file[PublicKeyReq][D:\gitsinnori\sinnori\project\sample_test\client_build\app_build\src\main\java\kr\pe\sinnori\impl\message] creation task end
08:25:07.668 [main] INFO  k.p.s.common.util.CommonStaticUtil - the new child relative direcotry[D:\gitsinnori\sinnori\project\sample_test\client_build\app_build\src\main\java\kr\pe\sinnori\impl\message][PublicKeyRes] was created successfully
08:25:07.668 [main] INFO  k.p.s.c.buildsystem.ProjectBuilder - main project[sample_test]'s message file[PublicKeyRes][D:\gitsinnori\sinnori\project\sample_test\client_build\app_build\src\main\java\kr\pe\sinnori\impl\message] creation task start
08:25:07.684 [main] INFO  k.p.s.c.buildsystem.ProjectBuilder - main project[sample_test]'s message file[PublicKeyRes][D:\gitsinnori\sinnori\project\sample_test\client_build\app_build\src\main\java\kr\pe\sinnori\impl\message] creation task end
08:25:07.684 [main] INFO  k.p.s.c.buildsystem.ProjectBuilder - main project[sample_test]'s message decoder file[PublicKeyRes][D:\gitsinnori\sinnori\project\sample_test\client_build\app_build\src\main\java\kr\pe\sinnori\impl\message] creation task start
08:25:07.684 [main] INFO  k.p.s.c.buildsystem.ProjectBuilder - main project[sample_test]'s message decoder file[PublicKeyRes][D:\gitsinnori\sinnori\project\sample_test\client_build\app_build\src\main\java\kr\pe\sinnori\impl\message] creation task end
08:25:07.684 [main] INFO  k.p.s.c.buildsystem.ProjectBuilder - main project[sample_test]'s message encoder file[PublicKeyRes][D:\gitsinnori\sinnori\project\sample_test\client_build\app_build\src\main\java\kr\pe\sinnori\impl\message] creation task start
08:25:07.700 [main] INFO  k.p.s.c.buildsystem.ProjectBuilder - main project[sample_test]'s message encoder file[PublicKeyRes][D:\gitsinnori\sinnori\project\sample_test\client_build\app_build\src\main\java\kr\pe\sinnori\impl\message] creation task end
08:25:07.700 [main] INFO  k.p.s.c.buildsystem.ProjectBuilder - main project[sample_test]'s message server codec file[PublicKeyRes][D:\gitsinnori\sinnori\project\sample_test\client_build\app_build\src\main\java\kr\pe\sinnori\impl\message] creation task start
08:25:07.700 [main] INFO  k.p.s.c.buildsystem.ProjectBuilder - main project[sample_test]'s message server codec file[PublicKeyRes][D:\gitsinnori\sinnori\project\sample_test\client_build\app_build\src\main\java\kr\pe\sinnori\impl\message] creation task end
08:25:07.700 [main] INFO  k.p.s.c.buildsystem.ProjectBuilder - main project[sample_test]'s message client codec file[PublicKeyRes][D:\gitsinnori\sinnori\project\sample_test\client_build\app_build\src\main\java\kr\pe\sinnori\impl\message] creation task start
08:25:07.700 [main] INFO  k.p.s.c.buildsystem.ProjectBuilder - main project[sample_test]'s message client codec file[PublicKeyRes][D:\gitsinnori\sinnori\project\sample_test\client_build\app_build\src\main\java\kr\pe\sinnori\impl\message] creation task end
08:25:07.700 [main] INFO  k.p.s.c.buildsystem.ProjectBuilder - main project[sample_test]'s application client message io file set creation task end
08:25:07.700 [main] INFO  k.p.s.c.buildsystem.ProjectBuilder - mainproject[sample_test]'s application client build system files creation task end
08:25:07.700 [main] INFO  k.p.s.c.buildsystem.ProjectBuilder - main project[sample_test]'s web client build system files creation task start
08:25:07.700 [main] INFO  k.p.s.c.buildsystem.ProjectBuilder - main project[sample_test]'s web client ant build.xml file creation task start
08:25:07.700 [main] INFO  k.p.s.c.buildsystem.ProjectBuilder - main project[sample_test]'s web client ant build.xml file creation task end
08:25:07.700 [main] INFO  k.p.s.c.buildsystem.ProjectBuilder - main project[sample_test]'s web client ant properties file creation task start
08:25:07.700 [main] INFO  k.p.s.c.util.SequencedPropertiesUtil - the sequenced properties file[D:\gitsinnori\sinnori\project\sample_test\client_build\web_build\webAnt.properties] was created
08:25:07.700 [main] INFO  k.p.s.c.buildsystem.ProjectBuilder - main project[sample_test]'s web client ant properties file creation task end
08:25:07.700 [main] INFO  k.p.s.c.buildsystem.ProjectBuilder - main project[sample_test]'s web client message io file set creation task start
08:25:07.700 [main] INFO  k.p.s.common.util.CommonStaticUtil - the new child relative direcotry[D:\gitsinnori\sinnori\project\sample_test\client_build\web_build\src\main\java\kr\pe\sinnori\impl\message][Echo] was created successfully
08:25:07.700 [main] INFO  k.p.s.c.buildsystem.ProjectBuilder - main project[sample_test]'s message file[Echo][D:\gitsinnori\sinnori\project\sample_test\client_build\web_build\src\main\java\kr\pe\sinnori\impl\message] creation task start
08:25:07.715 [main] INFO  k.p.s.c.buildsystem.ProjectBuilder - main project[sample_test]'s message file[Echo][D:\gitsinnori\sinnori\project\sample_test\client_build\web_build\src\main\java\kr\pe\sinnori\impl\message] creation task end
08:25:07.715 [main] INFO  k.p.s.c.buildsystem.ProjectBuilder - main project[sample_test]'s message decoder file[Echo][D:\gitsinnori\sinnori\project\sample_test\client_build\web_build\src\main\java\kr\pe\sinnori\impl\message] creation task start
08:25:07.715 [main] INFO  k.p.s.c.buildsystem.ProjectBuilder - main project[sample_test]'s message decoder file[Echo][D:\gitsinnori\sinnori\project\sample_test\client_build\web_build\src\main\java\kr\pe\sinnori\impl\message] creation task end
08:25:07.715 [main] INFO  k.p.s.c.buildsystem.ProjectBuilder - main project[sample_test]'s message encoder file[Echo][D:\gitsinnori\sinnori\project\sample_test\client_build\web_build\src\main\java\kr\pe\sinnori\impl\message] creation task start
08:25:07.715 [main] INFO  k.p.s.c.buildsystem.ProjectBuilder - main project[sample_test]'s message encoder file[Echo][D:\gitsinnori\sinnori\project\sample_test\client_build\web_build\src\main\java\kr\pe\sinnori\impl\message] creation task end
08:25:07.800 [main] INFO  k.p.s.c.buildsystem.ProjectBuilder - main project[sample_test]'s message server codec file[Echo][D:\gitsinnori\sinnori\project\sample_test\client_build\web_build\src\main\java\kr\pe\sinnori\impl\message] creation task start
08:25:07.800 [main] INFO  k.p.s.c.buildsystem.ProjectBuilder - main project[sample_test]'s message server codec file[Echo][D:\gitsinnori\sinnori\project\sample_test\client_build\web_build\src\main\java\kr\pe\sinnori\impl\message] creation task end
08:25:07.800 [main] INFO  k.p.s.c.buildsystem.ProjectBuilder - main project[sample_test]'s message client codec file[Echo][D:\gitsinnori\sinnori\project\sample_test\client_build\web_build\src\main\java\kr\pe\sinnori\impl\message] creation task start
08:25:07.800 [main] INFO  k.p.s.c.buildsystem.ProjectBuilder - main project[sample_test]'s message client codec file[Echo][D:\gitsinnori\sinnori\project\sample_test\client_build\web_build\src\main\java\kr\pe\sinnori\impl\message] creation task end
08:25:07.800 [main] INFO  k.p.s.common.util.CommonStaticUtil - the new child relative direcotry[D:\gitsinnori\sinnori\project\sample_test\client_build\web_build\src\main\java\kr\pe\sinnori\impl\message][PublicKeyReq] was created successfully
08:25:07.800 [main] INFO  k.p.s.c.buildsystem.ProjectBuilder - main project[sample_test]'s message file[PublicKeyReq][D:\gitsinnori\sinnori\project\sample_test\client_build\web_build\src\main\java\kr\pe\sinnori\impl\message] creation task start
08:25:07.815 [main] INFO  k.p.s.c.buildsystem.ProjectBuilder - main project[sample_test]'s message file[PublicKeyReq][D:\gitsinnori\sinnori\project\sample_test\client_build\web_build\src\main\java\kr\pe\sinnori\impl\message] creation task end
08:25:07.815 [main] INFO  k.p.s.c.buildsystem.ProjectBuilder - main project[sample_test]'s message decoder file[PublicKeyReq][D:\gitsinnori\sinnori\project\sample_test\client_build\web_build\src\main\java\kr\pe\sinnori\impl\message] creation task start
08:25:07.815 [main] INFO  k.p.s.c.buildsystem.ProjectBuilder - main project[sample_test]'s message decoder file[PublicKeyReq][D:\gitsinnori\sinnori\project\sample_test\client_build\web_build\src\main\java\kr\pe\sinnori\impl\message] creation task end
08:25:07.815 [main] INFO  k.p.s.c.buildsystem.ProjectBuilder - main project[sample_test]'s message encoder file[PublicKeyReq][D:\gitsinnori\sinnori\project\sample_test\client_build\web_build\src\main\java\kr\pe\sinnori\impl\message] creation task start
08:25:07.831 [main] INFO  k.p.s.c.buildsystem.ProjectBuilder - main project[sample_test]'s message encoder file[PublicKeyReq][D:\gitsinnori\sinnori\project\sample_test\client_build\web_build\src\main\java\kr\pe\sinnori\impl\message] creation task end
08:25:07.831 [main] INFO  k.p.s.c.buildsystem.ProjectBuilder - main project[sample_test]'s message server codec file[PublicKeyReq][D:\gitsinnori\sinnori\project\sample_test\client_build\web_build\src\main\java\kr\pe\sinnori\impl\message] creation task start
08:25:07.831 [main] INFO  k.p.s.c.buildsystem.ProjectBuilder - main project[sample_test]'s message server codec file[PublicKeyReq][D:\gitsinnori\sinnori\project\sample_test\client_build\web_build\src\main\java\kr\pe\sinnori\impl\message] creation task end
08:25:07.831 [main] INFO  k.p.s.c.buildsystem.ProjectBuilder - main project[sample_test]'s message client codec file[PublicKeyReq][D:\gitsinnori\sinnori\project\sample_test\client_build\web_build\src\main\java\kr\pe\sinnori\impl\message] creation task start
08:25:07.831 [main] INFO  k.p.s.c.buildsystem.ProjectBuilder - main project[sample_test]'s message client codec file[PublicKeyReq][D:\gitsinnori\sinnori\project\sample_test\client_build\web_build\src\main\java\kr\pe\sinnori\impl\message] creation task end
08:25:07.831 [main] INFO  k.p.s.common.util.CommonStaticUtil - the new child relative direcotry[D:\gitsinnori\sinnori\project\sample_test\client_build\web_build\src\main\java\kr\pe\sinnori\impl\message][PublicKeyRes] was created successfully
08:25:07.831 [main] INFO  k.p.s.c.buildsystem.ProjectBuilder - main project[sample_test]'s message file[PublicKeyRes][D:\gitsinnori\sinnori\project\sample_test\client_build\web_build\src\main\java\kr\pe\sinnori\impl\message] creation task start
08:25:07.853 [main] INFO  k.p.s.c.buildsystem.ProjectBuilder - main project[sample_test]'s message file[PublicKeyRes][D:\gitsinnori\sinnori\project\sample_test\client_build\web_build\src\main\java\kr\pe\sinnori\impl\message] creation task end
08:25:07.853 [main] INFO  k.p.s.c.buildsystem.ProjectBuilder - main project[sample_test]'s message decoder file[PublicKeyRes][D:\gitsinnori\sinnori\project\sample_test\client_build\web_build\src\main\java\kr\pe\sinnori\impl\message] creation task start
08:25:07.853 [main] INFO  k.p.s.c.buildsystem.ProjectBuilder - main project[sample_test]'s message decoder file[PublicKeyRes][D:\gitsinnori\sinnori\project\sample_test\client_build\web_build\src\main\java\kr\pe\sinnori\impl\message] creation task end
08:25:07.853 [main] INFO  k.p.s.c.buildsystem.ProjectBuilder - main project[sample_test]'s message encoder file[PublicKeyRes][D:\gitsinnori\sinnori\project\sample_test\client_build\web_build\src\main\java\kr\pe\sinnori\impl\message] creation task start
08:25:07.853 [main] INFO  k.p.s.c.buildsystem.ProjectBuilder - main project[sample_test]'s message encoder file[PublicKeyRes][D:\gitsinnori\sinnori\project\sample_test\client_build\web_build\src\main\java\kr\pe\sinnori\impl\message] creation task end
08:25:07.853 [main] INFO  k.p.s.c.buildsystem.ProjectBuilder - main project[sample_test]'s message server codec file[PublicKeyRes][D:\gitsinnori\sinnori\project\sample_test\client_build\web_build\src\main\java\kr\pe\sinnori\impl\message] creation task start
08:25:07.853 [main] INFO  k.p.s.c.buildsystem.ProjectBuilder - main project[sample_test]'s message server codec file[PublicKeyRes][D:\gitsinnori\sinnori\project\sample_test\client_build\web_build\src\main\java\kr\pe\sinnori\impl\message] creation task end
08:25:07.853 [main] INFO  k.p.s.c.buildsystem.ProjectBuilder - main project[sample_test]'s message client codec file[PublicKeyRes][D:\gitsinnori\sinnori\project\sample_test\client_build\web_build\src\main\java\kr\pe\sinnori\impl\message] creation task start
08:25:07.853 [main] INFO  k.p.s.c.buildsystem.ProjectBuilder - main project[sample_test]'s message client codec file[PublicKeyRes][D:\gitsinnori\sinnori\project\sample_test\client_build\web_build\src\main\java\kr\pe\sinnori\impl\message] creation task end
08:25:07.853 [main] INFO  k.p.s.c.buildsystem.ProjectBuilder - main project[sample_test]'s web client message io file set creation task end
08:25:07.853 [main] INFO  k.p.s.c.buildsystem.ProjectBuilder - mainproject[sample_test]'s web client sample source files copy task start
08:25:07.916 [main] INFO  k.p.s.c.buildsystem.ProjectBuilder - mainproject[sample_test]'s web client sample source files copy task end
08:25:07.916 [main] INFO  k.p.s.c.buildsystem.ProjectBuilder - main project[sample_test]'s web client build system files creation task end
08:25:07.916 [main] INFO  k.p.s.c.buildsystem.ProjectBuilder - main project[sample_test]'s web root sample files creation task start
08:25:07.916 [main] INFO  k.p.s.c.buildsystem.ProjectBuilder - main project[sample_test]'s web root sample files copy task start
08:25:07.931 [main] INFO  k.p.s.c.buildsystem.ProjectBuilder - main project[sample_test]'s web root sample files copy task end
08:25:07.931 [main] INFO  k.p.s.c.buildsystem.ProjectBuilder - main project[sample_test]'s web root sample files creation task end
08:25:07.931 [main] INFO  k.p.s.c.buildsystem.ProjectBuilder - main project[sample_test]'s file creation task end
Buildfile: D:\gitsinnori\sinnori\project\sample_test\server_build\build.xml

init.var:
     [echo] java.complile.option.debug=on
     [echo] is.windows.yes=true, is.unix.yes=${is.unix.yes}

make.doscore:
     [exec] Buildfile: D:\gitsinnori\sinnori\core_build\build.xml
     [exec] 
     [exec] init.core:
     [exec]      [echo] java.complile.option.debug=on
     [exec] 
     [exec] compile.common:
     [exec] 
     [exec] make.common:
     [exec] 
     [exec] compile.client:
     [exec]      [echo] this compile.client task doesn't have 'depends' tag so you must call make.common task before this task
     [exec] 
     [exec] compile.server:
     [exec]      [echo] this compile.server task doesn't have 'depends' tag so you must call make.common task before this task
     [exec] 
     [exec] make.core:
     [exec] 
     [exec] BUILD SUCCESSFUL
     [exec] Total time: 0 seconds

make.unixcore:

make.core:

copy.core:
   [delete] Deleting directory D:\gitsinnori\sinnori\project\sample_test\server_build\corelib
    [mkdir] Created dir: D:\gitsinnori\sinnori\project\sample_test\server_build\corelib\ex
    [mkdir] Created dir: D:\gitsinnori\sinnori\project\sample_test\server_build\corelib\in
     [copy] Copying 1 file to D:\gitsinnori\sinnori\project\sample_test\server_build\corelib\in
     [copy] Copying D:\gitsinnori\sinnori\core_build\dist\sinnori-core.jar to D:\gitsinnori\sinnori\project\sample_test\server_build\corelib\in\sinnori-core.jar
     [copy] Copying 12 files to D:\gitsinnori\sinnori\project\sample_test\server_build\corelib\ex
     [copy] Copying D:\gitsinnori\sinnori\core_build\lib\main\ex\commons-codec-1.9.jar to D:\gitsinnori\sinnori\project\sample_test\server_build\corelib\ex\commons-codec-1.9.jar
     [copy] Copying D:\gitsinnori\sinnori\core_build\lib\main\ex\commons-collections4-4.1.jar to D:\gitsinnori\sinnori\project\sample_test\server_build\corelib\ex\commons-collections4-4.1.jar
     [copy] Copying D:\gitsinnori\sinnori\core_build\lib\main\ex\commons-dbcp2-2.0.1.jar to D:\gitsinnori\sinnori\project\sample_test\server_build\corelib\ex\commons-dbcp2-2.0.1.jar
     [copy] Copying D:\gitsinnori\sinnori\core_build\lib\main\ex\commons-io-2.5.jar to D:\gitsinnori\sinnori\project\sample_test\server_build\corelib\ex\commons-io-2.5.jar
     [copy] Copying D:\gitsinnori\sinnori\core_build\lib\main\ex\commons-pool2-2.2.jar to D:\gitsinnori\sinnori\project\sample_test\server_build\corelib\ex\commons-pool2-2.2.jar
     [copy] Copying D:\gitsinnori\sinnori\core_build\lib\main\ex\jcl-over-slf4j-1.7.7.jar to D:\gitsinnori\sinnori\project\sample_test\server_build\corelib\ex\jcl-over-slf4j-1.7.7.jar
     [copy] Copying D:\gitsinnori\sinnori\core_build\lib\main\ex\json-simple-1.1.1.jar to D:\gitsinnori\sinnori\project\sample_test\server_build\corelib\ex\json-simple-1.1.1.jar
     [copy] Copying D:\gitsinnori\sinnori\core_build\lib\main\ex\logback-classic-1.1.2.jar to D:\gitsinnori\sinnori\project\sample_test\server_build\corelib\ex\logback-classic-1.1.2.jar
     [copy] Copying D:\gitsinnori\sinnori\core_build\lib\main\ex\logback-core-1.1.2.jar to D:\gitsinnori\sinnori\project\sample_test\server_build\corelib\ex\logback-core-1.1.2.jar
     [copy] Copying D:\gitsinnori\sinnori\core_build\lib\main\ex\mybatis-3.3.0-SNAPSHOT.jar to D:\gitsinnori\sinnori\project\sample_test\server_build\corelib\ex\mybatis-3.3.0-SNAPSHOT.jar
     [copy] Copying D:\gitsinnori\sinnori\core_build\lib\main\ex\mysql-connector-java-5.1.37-bin.jar to D:\gitsinnori\sinnori\project\sample_test\server_build\corelib\ex\mysql-connector-java-5.1.37-bin.jar
     [copy] Copying D:\gitsinnori\sinnori\core_build\lib\main\ex\slf4j-api-1.7.7.jar to D:\gitsinnori\sinnori\project\sample_test\server_build\corelib\ex\slf4j-api-1.7.7.jar

copy.appinf:
   [delete] Deleting directory D:\gitsinnori\sinnori\project\sample_test\server_build\APP-INF\classes
    [mkdir] Created dir: D:\gitsinnori\sinnori\project\sample_test\server_build\APP-INF\classes
    [mkdir] Created dir: D:\gitsinnori\sinnori\project\sample_test\server_build\APP-INF\resources
     [copy] Copying 2 files to D:\gitsinnori\sinnori\project\sample_test\server_build\APP-INF\resources
     [copy] Copying D:\gitsinnori\sinnori\core_build\APP-INF\resources\kr\pe\sinnori\impl\mybatis\mybatisConfig.xml.sample to D:\gitsinnori\sinnori\project\sample_test\server_build\APP-INF\resources\kr\pe\sinnori\impl\mybatis\mybatisConfig.xml.sample
     [copy] Copying D:\gitsinnori\sinnori\core_build\APP-INF\resources\kr\pe\sinnori\impl\mybatis\sinnoriWebMapper.xml.sample to D:\gitsinnori\sinnori\project\sample_test\server_build\APP-INF\resources\kr\pe\sinnori\impl\mybatis\sinnoriWebMapper.xml.sample

compile.main:
   [delete] Deleting directory D:\gitsinnori\sinnori\project\sample_test\server_build\build
    [mkdir] Created dir: D:\gitsinnori\sinnori\project\sample_test\server_build\build
    [javac] Compiling 1 source file to D:\gitsinnori\sinnori\project\sample_test\server_build\build

copy.distlib:
   [delete] Deleting directory D:\gitsinnori\sinnori\project\sample_test\server_build\dist
    [mkdir] Created dir: D:\gitsinnori\sinnori\project\sample_test\server_build\dist\lib
     [copy] Copying 12 files to D:\gitsinnori\sinnori\project\sample_test\server_build\dist\lib
     [copy] Copying D:\gitsinnori\sinnori\project\sample_test\server_build\corelib\ex\commons-codec-1.9.jar to D:\gitsinnori\sinnori\project\sample_test\server_build\dist\lib\commons-codec-1.9.jar
     [copy] Copying D:\gitsinnori\sinnori\project\sample_test\server_build\corelib\ex\commons-collections4-4.1.jar to D:\gitsinnori\sinnori\project\sample_test\server_build\dist\lib\commons-collections4-4.1.jar
     [copy] Copying D:\gitsinnori\sinnori\project\sample_test\server_build\corelib\ex\commons-dbcp2-2.0.1.jar to D:\gitsinnori\sinnori\project\sample_test\server_build\dist\lib\commons-dbcp2-2.0.1.jar
     [copy] Copying D:\gitsinnori\sinnori\project\sample_test\server_build\corelib\ex\commons-io-2.5.jar to D:\gitsinnori\sinnori\project\sample_test\server_build\dist\lib\commons-io-2.5.jar
     [copy] Copying D:\gitsinnori\sinnori\project\sample_test\server_build\corelib\ex\commons-pool2-2.2.jar to D:\gitsinnori\sinnori\project\sample_test\server_build\dist\lib\commons-pool2-2.2.jar
     [copy] Copying D:\gitsinnori\sinnori\project\sample_test\server_build\corelib\ex\jcl-over-slf4j-1.7.7.jar to D:\gitsinnori\sinnori\project\sample_test\server_build\dist\lib\jcl-over-slf4j-1.7.7.jar
     [copy] Copying D:\gitsinnori\sinnori\project\sample_test\server_build\corelib\ex\json-simple-1.1.1.jar to D:\gitsinnori\sinnori\project\sample_test\server_build\dist\lib\json-simple-1.1.1.jar
     [copy] Copying D:\gitsinnori\sinnori\project\sample_test\server_build\corelib\ex\logback-classic-1.1.2.jar to D:\gitsinnori\sinnori\project\sample_test\server_build\dist\lib\logback-classic-1.1.2.jar
     [copy] Copying D:\gitsinnori\sinnori\project\sample_test\server_build\corelib\ex\logback-core-1.1.2.jar to D:\gitsinnori\sinnori\project\sample_test\server_build\dist\lib\logback-core-1.1.2.jar
     [copy] Copying D:\gitsinnori\sinnori\project\sample_test\server_build\corelib\ex\mybatis-3.3.0-SNAPSHOT.jar to D:\gitsinnori\sinnori\project\sample_test\server_build\dist\lib\mybatis-3.3.0-SNAPSHOT.jar
     [copy] Copying D:\gitsinnori\sinnori\project\sample_test\server_build\corelib\ex\mysql-connector-java-5.1.37-bin.jar to D:\gitsinnori\sinnori\project\sample_test\server_build\dist\lib\mysql-connector-java-5.1.37-bin.jar
     [copy] Copying D:\gitsinnori\sinnori\project\sample_test\server_build\corelib\ex\slf4j-api-1.7.7.jar to D:\gitsinnori\sinnori\project\sample_test\server_build\dist\lib\slf4j-api-1.7.7.jar

make.main:
      [jar] Building jar: D:\gitsinnori\sinnori\project\sample_test\server_build\dist\SinnoriServerRun.jar

compile.appinf:
    [javac] Compiling 17 source files to D:\gitsinnori\sinnori\project\sample_test\server_build\APP-INF\classes

all:

BUILD SUCCESSFUL
Total time: 5 seconds
08:25:14.156 [main] INFO  k.p.s.c.b.ProjectBuilderTest - success server ant build
Buildfile: D:\gitsinnori\sinnori\project\sample_test\client_build\app_build\build.xml

init.var:
     [echo] java.complile.option.debug=on
     [echo] is.windows.yes=true, is.unix.yes=${is.unix.yes}

make.doscore:
     [exec] Buildfile: D:\gitsinnori\sinnori\core_build\build.xml
     [exec] 
     [exec] init.core:
     [exec]      [echo] java.complile.option.debug=on
     [exec] 
     [exec] compile.common:
     [exec] 
     [exec] make.common:
     [exec] 
     [exec] compile.client:
     [exec]      [echo] this compile.client task doesn't have 'depends' tag so you must call make.common task before this task
     [exec] 
     [exec] compile.server:
     [exec]      [echo] this compile.server task doesn't have 'depends' tag so you must call make.common task before this task
     [exec] 
     [exec] make.core:
     [exec] 
     [exec] BUILD SUCCESSFUL
     [exec] Total time: 0 seconds

make.unixcore:

make.core:

copy.core:
   [delete] Deleting directory D:\gitsinnori\sinnori\project\sample_test\client_build\app_build\corelib
    [mkdir] Created dir: D:\gitsinnori\sinnori\project\sample_test\client_build\app_build\corelib\ex
    [mkdir] Created dir: D:\gitsinnori\sinnori\project\sample_test\client_build\app_build\corelib\in
     [copy] Copying 1 file to D:\gitsinnori\sinnori\project\sample_test\client_build\app_build\corelib\in
     [copy] Copying D:\gitsinnori\sinnori\core_build\dist\sinnori-core.jar to D:\gitsinnori\sinnori\project\sample_test\client_build\app_build\corelib\in\sinnori-core.jar
     [copy] Copying 12 files to D:\gitsinnori\sinnori\project\sample_test\client_build\app_build\corelib\ex
     [copy] Copying D:\gitsinnori\sinnori\core_build\lib\main\ex\commons-codec-1.9.jar to D:\gitsinnori\sinnori\project\sample_test\client_build\app_build\corelib\ex\commons-codec-1.9.jar
     [copy] Copying D:\gitsinnori\sinnori\core_build\lib\main\ex\commons-collections4-4.1.jar to D:\gitsinnori\sinnori\project\sample_test\client_build\app_build\corelib\ex\commons-collections4-4.1.jar
     [copy] Copying D:\gitsinnori\sinnori\core_build\lib\main\ex\commons-dbcp2-2.0.1.jar to D:\gitsinnori\sinnori\project\sample_test\client_build\app_build\corelib\ex\commons-dbcp2-2.0.1.jar
     [copy] Copying D:\gitsinnori\sinnori\core_build\lib\main\ex\commons-io-2.5.jar to D:\gitsinnori\sinnori\project\sample_test\client_build\app_build\corelib\ex\commons-io-2.5.jar
     [copy] Copying D:\gitsinnori\sinnori\core_build\lib\main\ex\commons-pool2-2.2.jar to D:\gitsinnori\sinnori\project\sample_test\client_build\app_build\corelib\ex\commons-pool2-2.2.jar
     [copy] Copying D:\gitsinnori\sinnori\core_build\lib\main\ex\jcl-over-slf4j-1.7.7.jar to D:\gitsinnori\sinnori\project\sample_test\client_build\app_build\corelib\ex\jcl-over-slf4j-1.7.7.jar
     [copy] Copying D:\gitsinnori\sinnori\core_build\lib\main\ex\json-simple-1.1.1.jar to D:\gitsinnori\sinnori\project\sample_test\client_build\app_build\corelib\ex\json-simple-1.1.1.jar
     [copy] Copying D:\gitsinnori\sinnori\core_build\lib\main\ex\logback-classic-1.1.2.jar to D:\gitsinnori\sinnori\project\sample_test\client_build\app_build\corelib\ex\logback-classic-1.1.2.jar
     [copy] Copying D:\gitsinnori\sinnori\core_build\lib\main\ex\logback-core-1.1.2.jar to D:\gitsinnori\sinnori\project\sample_test\client_build\app_build\corelib\ex\logback-core-1.1.2.jar
     [copy] Copying D:\gitsinnori\sinnori\core_build\lib\main\ex\mybatis-3.3.0-SNAPSHOT.jar to D:\gitsinnori\sinnori\project\sample_test\client_build\app_build\corelib\ex\mybatis-3.3.0-SNAPSHOT.jar
     [copy] Copying D:\gitsinnori\sinnori\core_build\lib\main\ex\mysql-connector-java-5.1.37-bin.jar to D:\gitsinnori\sinnori\project\sample_test\client_build\app_build\corelib\ex\mysql-connector-java-5.1.37-bin.jar
     [copy] Copying D:\gitsinnori\sinnori\core_build\lib\main\ex\slf4j-api-1.7.7.jar to D:\gitsinnori\sinnori\project\sample_test\client_build\app_build\corelib\ex\slf4j-api-1.7.7.jar

compile.main:
   [delete] Deleting directory D:\gitsinnori\sinnori\project\sample_test\client_build\app_build\build
    [mkdir] Created dir: D:\gitsinnori\sinnori\project\sample_test\client_build\app_build\build
    [javac] Compiling 17 source files to D:\gitsinnori\sinnori\project\sample_test\client_build\app_build\build

copy.distlib:
   [delete] Deleting directory D:\gitsinnori\sinnori\project\sample_test\client_build\app_build\dist
    [mkdir] Created dir: D:\gitsinnori\sinnori\project\sample_test\client_build\app_build\dist\lib
     [copy] Copying 12 files to D:\gitsinnori\sinnori\project\sample_test\client_build\app_build\dist\lib
     [copy] Copying D:\gitsinnori\sinnori\project\sample_test\client_build\app_build\corelib\ex\commons-codec-1.9.jar to D:\gitsinnori\sinnori\project\sample_test\client_build\app_build\dist\lib\commons-codec-1.9.jar
     [copy] Copying D:\gitsinnori\sinnori\project\sample_test\client_build\app_build\corelib\ex\commons-collections4-4.1.jar to D:\gitsinnori\sinnori\project\sample_test\client_build\app_build\dist\lib\commons-collections4-4.1.jar
     [copy] Copying D:\gitsinnori\sinnori\project\sample_test\client_build\app_build\corelib\ex\commons-dbcp2-2.0.1.jar to D:\gitsinnori\sinnori\project\sample_test\client_build\app_build\dist\lib\commons-dbcp2-2.0.1.jar
     [copy] Copying D:\gitsinnori\sinnori\project\sample_test\client_build\app_build\corelib\ex\commons-io-2.5.jar to D:\gitsinnori\sinnori\project\sample_test\client_build\app_build\dist\lib\commons-io-2.5.jar
     [copy] Copying D:\gitsinnori\sinnori\project\sample_test\client_build\app_build\corelib\ex\commons-pool2-2.2.jar to D:\gitsinnori\sinnori\project\sample_test\client_build\app_build\dist\lib\commons-pool2-2.2.jar
     [copy] Copying D:\gitsinnori\sinnori\project\sample_test\client_build\app_build\corelib\ex\jcl-over-slf4j-1.7.7.jar to D:\gitsinnori\sinnori\project\sample_test\client_build\app_build\dist\lib\jcl-over-slf4j-1.7.7.jar
     [copy] Copying D:\gitsinnori\sinnori\project\sample_test\client_build\app_build\corelib\ex\json-simple-1.1.1.jar to D:\gitsinnori\sinnori\project\sample_test\client_build\app_build\dist\lib\json-simple-1.1.1.jar
     [copy] Copying D:\gitsinnori\sinnori\project\sample_test\client_build\app_build\corelib\ex\logback-classic-1.1.2.jar to D:\gitsinnori\sinnori\project\sample_test\client_build\app_build\dist\lib\logback-classic-1.1.2.jar
     [copy] Copying D:\gitsinnori\sinnori\project\sample_test\client_build\app_build\corelib\ex\logback-core-1.1.2.jar to D:\gitsinnori\sinnori\project\sample_test\client_build\app_build\dist\lib\logback-core-1.1.2.jar
     [copy] Copying D:\gitsinnori\sinnori\project\sample_test\client_build\app_build\corelib\ex\mybatis-3.3.0-SNAPSHOT.jar to D:\gitsinnori\sinnori\project\sample_test\client_build\app_build\dist\lib\mybatis-3.3.0-SNAPSHOT.jar
     [copy] Copying D:\gitsinnori\sinnori\project\sample_test\client_build\app_build\corelib\ex\mysql-connector-java-5.1.37-bin.jar to D:\gitsinnori\sinnori\project\sample_test\client_build\app_build\dist\lib\mysql-connector-java-5.1.37-bin.jar
     [copy] Copying D:\gitsinnori\sinnori\project\sample_test\client_build\app_build\corelib\ex\slf4j-api-1.7.7.jar to D:\gitsinnori\sinnori\project\sample_test\client_build\app_build\dist\lib\slf4j-api-1.7.7.jar

make.main:
      [jar] Building jar: D:\gitsinnori\sinnori\project\sample_test\client_build\app_build\dist\SinnoriAppClientRun.jar

all:

BUILD SUCCESSFUL
Total time: 6 seconds
08:25:20.518 [main] INFO  k.p.s.c.b.ProjectBuilderTest - success app-client ant build
Buildfile: D:\gitsinnori\sinnori\project\sample_test\client_build\web_build\build.xml

init.dos:

init.unix:

init.var:
     [echo] java.complile.option.debug=on
     [echo] is.windows.yes=true, is.unix.yes=${is.unix.yes}
     [echo] servlet.systemlib.path=D:\apache-tomcat-8.5.15\lib

make.doscore:
     [exec] Buildfile: D:\gitsinnori\sinnori\core_build\build.xml
     [exec] 
     [exec] init.core:
     [exec]      [echo] java.complile.option.debug=on
     [exec] 
     [exec] compile.common:
     [exec] 
     [exec] make.common:
     [exec] 
     [exec] compile.client:
     [exec]      [echo] this compile.client task doesn't have 'depends' tag so you must call make.common task before this task
     [exec] 
     [exec] compile.server:
     [exec]      [echo] this compile.server task doesn't have 'depends' tag so you must call make.common task before this task
     [exec] 
     [exec] make.core:
     [exec] 
     [exec] BUILD SUCCESSFUL
     [exec] Total time: 0 seconds

make.unixcore:

make.core:

copy.core:
   [delete] Deleting directory D:\gitsinnori\sinnori\project\sample_test\client_build\web_build\corelib
    [mkdir] Created dir: D:\gitsinnori\sinnori\project\sample_test\client_build\web_build\corelib\ex
     [copy] Copying 1 file to D:\gitsinnori\sinnori\project\sample_test\client_build\web_build\corelib\ex
     [copy] Copying D:\gitsinnori\sinnori\core_build\dist\sinnori-core.jar to D:\gitsinnori\sinnori\project\sample_test\client_build\web_build\corelib\ex\sinnori-core.jar
     [copy] Copying 12 files to D:\gitsinnori\sinnori\project\sample_test\client_build\web_build\corelib\ex
     [copy] Copying D:\gitsinnori\sinnori\core_build\lib\main\ex\commons-codec-1.9.jar to D:\gitsinnori\sinnori\project\sample_test\client_build\web_build\corelib\ex\commons-codec-1.9.jar
     [copy] Copying D:\gitsinnori\sinnori\core_build\lib\main\ex\commons-collections4-4.1.jar to D:\gitsinnori\sinnori\project\sample_test\client_build\web_build\corelib\ex\commons-collections4-4.1.jar
     [copy] Copying D:\gitsinnori\sinnori\core_build\lib\main\ex\commons-dbcp2-2.0.1.jar to D:\gitsinnori\sinnori\project\sample_test\client_build\web_build\corelib\ex\commons-dbcp2-2.0.1.jar
     [copy] Copying D:\gitsinnori\sinnori\core_build\lib\main\ex\commons-io-2.5.jar to D:\gitsinnori\sinnori\project\sample_test\client_build\web_build\corelib\ex\commons-io-2.5.jar
     [copy] Copying D:\gitsinnori\sinnori\core_build\lib\main\ex\commons-pool2-2.2.jar to D:\gitsinnori\sinnori\project\sample_test\client_build\web_build\corelib\ex\commons-pool2-2.2.jar
     [copy] Copying D:\gitsinnori\sinnori\core_build\lib\main\ex\jcl-over-slf4j-1.7.7.jar to D:\gitsinnori\sinnori\project\sample_test\client_build\web_build\corelib\ex\jcl-over-slf4j-1.7.7.jar
     [copy] Copying D:\gitsinnori\sinnori\core_build\lib\main\ex\json-simple-1.1.1.jar to D:\gitsinnori\sinnori\project\sample_test\client_build\web_build\corelib\ex\json-simple-1.1.1.jar
     [copy] Copying D:\gitsinnori\sinnori\core_build\lib\main\ex\logback-classic-1.1.2.jar to D:\gitsinnori\sinnori\project\sample_test\client_build\web_build\corelib\ex\logback-classic-1.1.2.jar
     [copy] Copying D:\gitsinnori\sinnori\core_build\lib\main\ex\logback-core-1.1.2.jar to D:\gitsinnori\sinnori\project\sample_test\client_build\web_build\corelib\ex\logback-core-1.1.2.jar
     [copy] Copying D:\gitsinnori\sinnori\core_build\lib\main\ex\mybatis-3.3.0-SNAPSHOT.jar to D:\gitsinnori\sinnori\project\sample_test\client_build\web_build\corelib\ex\mybatis-3.3.0-SNAPSHOT.jar
     [copy] Copying D:\gitsinnori\sinnori\core_build\lib\main\ex\mysql-connector-java-5.1.37-bin.jar to D:\gitsinnori\sinnori\project\sample_test\client_build\web_build\corelib\ex\mysql-connector-java-5.1.37-bin.jar
     [copy] Copying D:\gitsinnori\sinnori\core_build\lib\main\ex\slf4j-api-1.7.7.jar to D:\gitsinnori\sinnori\project\sample_test\client_build\web_build\corelib\ex\slf4j-api-1.7.7.jar

compile.weblib:
    [mkdir] Created dir: D:\gitsinnori\sinnori\project\sample_test\client_build\web_build\build\weblib
    [javac] Compiling 16 source files to D:\gitsinnori\sinnori\project\sample_test\client_build\web_build\build\weblib

make.weblib:
   [delete] Deleting directory D:\gitsinnori\sinnori\project\sample_test\client_build\web_build\dist
    [mkdir] Created dir: D:\gitsinnori\sinnori\project\sample_test\client_build\web_build\dist
      [jar] Building jar: D:\gitsinnori\sinnori\project\sample_test\client_build\web_build\dist\SinnoriWebLib.jar

dist.weblib:
     [copy] Copying 4 files to D:\gitsinnori\sinnori\project\sample_test\web_app_base\ROOT\WEB-INF\lib
     [copy] Copying D:\gitsinnori\sinnori\project\sample_test\client_build\web_build\dist\SinnoriWebLib.jar to D:\gitsinnori\sinnori\project\sample_test\web_app_base\ROOT\WEB-INF\lib\SinnoriWebLib.jar
     [copy] Copying D:\gitsinnori\sinnori\project\sample_test\client_build\web_build\lib\main\ex\commons-fileupload-1.3.2.jar to D:\gitsinnori\sinnori\project\sample_test\web_app_base\ROOT\WEB-INF\lib\commons-fileupload-1.3.2.jar
     [copy] Copying D:\gitsinnori\sinnori\project\sample_test\client_build\web_build\lib\main\ex\commons-lang3-3.5.jar to D:\gitsinnori\sinnori\project\sample_test\web_app_base\ROOT\WEB-INF\lib\commons-lang3-3.5.jar
     [copy] Copying D:\gitsinnori\sinnori\project\sample_test\client_build\web_build\lib\main\ex\simplecaptcha-1.2.1.jar to D:\gitsinnori\sinnori\project\sample_test\web_app_base\ROOT\WEB-INF\lib\simplecaptcha-1.2.1.jar

compile.webclass:
   [delete] Deleting directory D:\gitsinnori\sinnori\project\sample_test\web_app_base\ROOT\WEB-INF\classes
    [mkdir] Created dir: D:\gitsinnori\sinnori\project\sample_test\web_app_base\ROOT\WEB-INF\classes
    [javac] Compiling 16 source files to D:\gitsinnori\sinnori\project\sample_test\web_app_base\ROOT\WEB-INF\classes

all:
     [echo] is.windows.yes=true, is.unix.yes=${is.unix.yes}, java.debug=on

BUILD SUCCESSFUL
Total time: 3 seconds
08:25:23.858 [main] INFO  k.p.s.c.b.ProjectBuilderTest - success web-client ant build
08:25:23.943 [main] INFO  k.p.s.c.buildsystem.ProjectBuilder - main project[sample_test]'s child direcotry creation task start
08:25:23.943 [main] INFO  k.p.s.c.buildsystem.ProjectBuilder - main project[sample_test]'s common child direcotry creation task start
08:25:23.943 [main] INFO  k.p.s.common.util.CommonStaticUtil - the new child relative direcotry[D:\gitsinnori\sinnori\project\sample_test][config] was created successfully
08:25:23.943 [main] INFO  k.p.s.common.util.CommonStaticUtil - the new child relative direcotry[D:\gitsinnori\sinnori\project\sample_test][resources/dbcp] was created successfully
08:25:23.943 [main] INFO  k.p.s.common.util.CommonStaticUtil - the new child relative direcotry[D:\gitsinnori\sinnori\project\sample_test][resources/message_info] was created successfully
08:25:23.943 [main] INFO  k.p.s.common.util.CommonStaticUtil - the new child relative direcotry[D:\gitsinnori\sinnori\project\sample_test][resources/rsa_keypair] was created successfully
08:25:23.943 [main] INFO  k.p.s.common.util.CommonStaticUtil - the new child relative direcotry[D:\gitsinnori\sinnori\project\sample_test][log/apache] was created successfully
08:25:23.943 [main] INFO  k.p.s.common.util.CommonStaticUtil - the new child relative direcotry[D:\gitsinnori\sinnori\project\sample_test][log/client] was created successfully
08:25:23.943 [main] INFO  k.p.s.common.util.CommonStaticUtil - the new child relative direcotry[D:\gitsinnori\sinnori\project\sample_test][log/server] was created successfully
08:25:23.943 [main] INFO  k.p.s.common.util.CommonStaticUtil - the new child relative direcotry[D:\gitsinnori\sinnori\project\sample_test][log/servlet] was created successfully
08:25:23.943 [main] INFO  k.p.s.c.buildsystem.ProjectBuilder - main project[sample_test]'s common child direcotry creation task end
08:25:23.943 [main] INFO  k.p.s.c.buildsystem.ProjectBuilder - main project[sample_test]'s server child direcotry creation task start
08:25:23.943 [main] INFO  k.p.s.common.util.CommonStaticUtil - the new child relative direcotry[D:\gitsinnori\sinnori\project\sample_test][server_build/APP-INF/classes] was created successfully
08:25:23.959 [main] INFO  k.p.s.common.util.CommonStaticUtil - the new child relative direcotry[D:\gitsinnori\sinnori\project\sample_test][server_build/corelib/ex] was created successfully
08:25:23.959 [main] INFO  k.p.s.common.util.CommonStaticUtil - the new child relative direcotry[D:\gitsinnori\sinnori\project\sample_test][server_build/corelib/in] was created successfully
08:25:23.959 [main] INFO  k.p.s.common.util.CommonStaticUtil - the new child relative direcotry[D:\gitsinnori\sinnori\project\sample_test][server_build/lib/main/ex] was created successfully
08:25:23.959 [main] INFO  k.p.s.common.util.CommonStaticUtil - the new child relative direcotry[D:\gitsinnori\sinnori\project\sample_test][server_build/lib/main/in] was created successfully
08:25:23.959 [main] INFO  k.p.s.common.util.CommonStaticUtil - the new child relative direcotry[D:\gitsinnori\sinnori\project\sample_test][server_build/lib/test] was created successfully
08:25:23.959 [main] INFO  k.p.s.common.util.CommonStaticUtil - the new child relative direcotry[D:\gitsinnori\sinnori\project\sample_test][server_build/src/main/java/kr/pe/sinnori/impl/servertask] was created successfully
08:25:23.959 [main] INFO  k.p.s.common.util.CommonStaticUtil - the new child relative direcotry[D:\gitsinnori\sinnori\project\sample_test][server_build/src/main/java/kr/pe/sinnori/impl/message] was created successfully
08:25:23.959 [main] INFO  k.p.s.common.util.CommonStaticUtil - the new child relative direcotry[D:\gitsinnori\sinnori\project\sample_test][server_build/src/main/java/main] was created successfully
08:25:23.959 [main] INFO  k.p.s.common.util.CommonStaticUtil - the new child relative direcotry[D:\gitsinnori\sinnori\project\sample_test][server_build/src/test/java] was created successfully
08:25:23.959 [main] INFO  k.p.s.common.util.CommonStaticUtil - the new child relative direcotry[D:\gitsinnori\sinnori\project\sample_test][server_build/build] was created successfully
08:25:23.959 [main] INFO  k.p.s.common.util.CommonStaticUtil - the new child relative direcotry[D:\gitsinnori\sinnori\project\sample_test][server_build/dist] was created successfully
08:25:23.959 [main] INFO  k.p.s.c.buildsystem.ProjectBuilder - main project[sample_test]'s server child direcotry creation task end
08:25:23.959 [main] INFO  k.p.s.c.buildsystem.ProjectBuilder - main project[sample_test]'s application build child direcotry creation task start
08:25:23.959 [main] INFO  k.p.s.common.util.CommonStaticUtil - the new child relative direcotry[D:\gitsinnori\sinnori\project\sample_test][client_build/app_build/corelib/ex] was created successfully
08:25:23.959 [main] INFO  k.p.s.common.util.CommonStaticUtil - the new child relative direcotry[D:\gitsinnori\sinnori\project\sample_test][client_build/app_build/corelib/in] was created successfully
08:25:23.959 [main] INFO  k.p.s.common.util.CommonStaticUtil - the new child relative direcotry[D:\gitsinnori\sinnori\project\sample_test][client_build/app_build/lib/main/ex] was created successfully
08:25:23.959 [main] INFO  k.p.s.common.util.CommonStaticUtil - the new child relative direcotry[D:\gitsinnori\sinnori\project\sample_test][client_build/app_build/lib/main/in] was created successfully
08:25:23.959 [main] INFO  k.p.s.common.util.CommonStaticUtil - the new child relative direcotry[D:\gitsinnori\sinnori\project\sample_test][client_build/app_build/lib/test] was created successfully
08:25:23.959 [main] INFO  k.p.s.common.util.CommonStaticUtil - the new child relative direcotry[D:\gitsinnori\sinnori\project\sample_test][client_build/app_build/src/main/java/kr/pe/sinnori/impl/message] was created successfully
08:25:23.959 [main] INFO  k.p.s.common.util.CommonStaticUtil - the new child relative direcotry[D:\gitsinnori\sinnori\project\sample_test][client_build/app_build/src/main/java/main] was created successfully
08:25:23.959 [main] INFO  k.p.s.common.util.CommonStaticUtil - the new child relative direcotry[D:\gitsinnori\sinnori\project\sample_test][client_build/app_build/src/test/java] was created successfully
08:25:23.959 [main] INFO  k.p.s.common.util.CommonStaticUtil - the new child relative direcotry[D:\gitsinnori\sinnori\project\sample_test][client_build/app_build/build] was created successfully
08:25:23.959 [main] INFO  k.p.s.common.util.CommonStaticUtil - the new child relative direcotry[D:\gitsinnori\sinnori\project\sample_test][client_build/app_build/dist] was created successfully
08:25:23.959 [main] INFO  k.p.s.c.buildsystem.ProjectBuilder - main project[sample_test]'s application build child direcotry creation task end
08:25:23.959 [main] INFO  k.p.s.c.buildsystem.ProjectBuilder - main project[sample_test]'s web build child direcotry creation task start
08:25:23.959 [main] INFO  k.p.s.common.util.CommonStaticUtil - the new child relative direcotry[D:\gitsinnori\sinnori\project\sample_test][client_build/web_build/corelib/ex] was created successfully
08:25:23.959 [main] INFO  k.p.s.common.util.CommonStaticUtil - the new child relative direcotry[D:\gitsinnori\sinnori\project\sample_test][client_build/web_build/corelib/in] was created successfully
08:25:24.059 [main] INFO  k.p.s.common.util.CommonStaticUtil - the new child relative direcotry[D:\gitsinnori\sinnori\project\sample_test][client_build/web_build/lib/main/ex] was created successfully
08:25:24.059 [main] INFO  k.p.s.common.util.CommonStaticUtil - the new child relative direcotry[D:\gitsinnori\sinnori\project\sample_test][client_build/web_build/lib/main/in] was created successfully
08:25:24.059 [main] INFO  k.p.s.common.util.CommonStaticUtil - the new child relative direcotry[D:\gitsinnori\sinnori\project\sample_test][client_build/web_build/lib/test] was created successfully
08:25:24.059 [main] INFO  k.p.s.common.util.CommonStaticUtil - the new child relative direcotry[D:\gitsinnori\sinnori\project\sample_test][client_build/web_build/src/main/java/kr/pe/sinnori/impl/message] was created successfully
08:25:24.059 [main] INFO  k.p.s.common.util.CommonStaticUtil - the new child relative direcotry[D:\gitsinnori\sinnori\project\sample_test][client_build/web_build/src/main/java//kr/pe/sinnori/servlet] was created successfully
08:25:24.059 [main] INFO  k.p.s.common.util.CommonStaticUtil - the new child relative direcotry[D:\gitsinnori\sinnori\project\sample_test][client_build/web_build/src/main/java/kr/pe/sinnori/weblib/common] was created successfully
08:25:24.059 [main] INFO  k.p.s.common.util.CommonStaticUtil - the new child relative direcotry[D:\gitsinnori\sinnori\project\sample_test][client_build/web_build/src/main/java/kr/pe/sinnori/weblib/htmlstring] was created successfully
08:25:24.059 [main] INFO  k.p.s.common.util.CommonStaticUtil - the new child relative direcotry[D:\gitsinnori\sinnori\project\sample_test][client_build/web_build/src/main/java/kr/pe/sinnori/weblib/jdf] was created successfully
08:25:24.059 [main] INFO  k.p.s.common.util.CommonStaticUtil - the new child relative direcotry[D:\gitsinnori\sinnori\project\sample_test][client_build/web_build/src/test/java] was created successfully
08:25:24.059 [main] INFO  k.p.s.common.util.CommonStaticUtil - the new child relative direcotry[D:\gitsinnori\sinnori\project\sample_test][client_build/web_build/build] was created successfully
08:25:24.059 [main] INFO  k.p.s.common.util.CommonStaticUtil - the new child relative direcotry[D:\gitsinnori\sinnori\project\sample_test][client_build/web_build/dist] was created successfully
08:25:24.059 [main] INFO  k.p.s.c.buildsystem.ProjectBuilder - main project[sample_test]'s web build child direcotry creation task end
08:25:24.059 [main] INFO  k.p.s.c.buildsystem.ProjectBuilder - main project[sample_test]'s web root child direcotry creation task start
08:25:24.059 [main] INFO  k.p.s.common.util.CommonStaticUtil - the new child relative direcotry[D:\gitsinnori\sinnori\project\sample_test][web_app_base/upload] was created successfully
08:25:24.059 [main] INFO  k.p.s.common.util.CommonStaticUtil - the new child relative direcotry[D:\gitsinnori\sinnori\project\sample_test][web_app_base/ROOT/WEB-INF/classes] was created successfully
08:25:24.059 [main] INFO  k.p.s.common.util.CommonStaticUtil - the new child relative direcotry[D:\gitsinnori\sinnori\project\sample_test][web_app_base/ROOT/WEB-INF/lib] was created successfully
08:25:24.059 [main] INFO  k.p.s.c.buildsystem.ProjectBuilder - main project[sample_test]'s web root child direcotry creation task end
08:25:24.059 [main] INFO  k.p.s.c.buildsystem.ProjectBuilder - main project[sample_test]'s child direcotry creation task end
08:25:24.059 [main] INFO  k.p.s.c.buildsystem.ProjectBuilder - main project[sample_test]'s file creation task start
08:25:24.059 [main] INFO  k.p.s.c.buildsystem.ProjectBuilder - main project[sample_test]'s config file creation task start
08:25:24.059 [main] INFO  k.p.s.c.util.SequencedPropertiesUtil - the sequenced properties file[D:\gitsinnori\sinnori\project\sample_test\config\sinnori.properties] was created
08:25:24.075 [main] INFO  k.p.s.c.buildsystem.ProjectBuilder - main project[sample_test]'s config file creation task end
08:25:24.075 [main] INFO  k.p.s.c.buildsystem.ProjectBuilder - the mainproject[sample_test]'s resources directory copy task start
08:25:24.091 [main] INFO  k.p.s.c.buildsystem.ProjectBuilder - the mainproject[sample_test]'s resources directory copy task end
08:25:24.091 [main] INFO  k.p.s.c.buildsystem.ProjectBuilder - server build system files creation task start
08:25:24.091 [main] INFO  k.p.s.c.buildsystem.ProjectBuilder - main project[sample_test]'s server ant build.xml file creation task start
08:25:24.091 [main] INFO  k.p.s.c.buildsystem.ProjectBuilder - main project[sample_test]'s server ant build.xml file creation task end
08:25:24.091 [main] INFO  k.p.s.c.buildsystem.ProjectBuilder - main project[sample_test]'s server dos shell file creation task start
08:25:24.091 [main] INFO  k.p.s.c.buildsystem.ProjectBuilder - main project[sample_test]'s server dos shell file creation task end
08:25:24.091 [main] INFO  k.p.s.c.buildsystem.ProjectBuilder - main project[sample_test]'s server unix shell file creation task start
08:25:24.091 [main] INFO  k.p.s.c.buildsystem.ProjectBuilder - main project[sample_test]'s server unix shell file creation task end
08:25:24.091 [main] INFO  k.p.s.c.buildsystem.ProjectBuilder - server sample source files copy task start
08:25:24.106 [main] INFO  k.p.s.c.buildsystem.ProjectBuilder - server sample source files copy task end
08:25:24.106 [main] INFO  k.p.s.c.buildsystem.ProjectBuilder - main project[sample_test]'s server message io file set creation task start
08:25:24.106 [main] INFO  k.p.s.common.util.CommonStaticUtil - the new child relative direcotry[D:\gitsinnori\sinnori\project\sample_test\server_build\src\main\java\kr\pe\sinnori\impl\message][Echo] was created successfully
08:25:24.106 [main] INFO  k.p.s.c.buildsystem.ProjectBuilder - main project[sample_test]'s message file[Echo][D:\gitsinnori\sinnori\project\sample_test\server_build\src\main\java\kr\pe\sinnori\impl\message] creation task start
08:25:24.106 [main] INFO  k.p.s.c.buildsystem.ProjectBuilder - main project[sample_test]'s message file[Echo][D:\gitsinnori\sinnori\project\sample_test\server_build\src\main\java\kr\pe\sinnori\impl\message] creation task end
08:25:24.106 [main] INFO  k.p.s.c.buildsystem.ProjectBuilder - main project[sample_test]'s message decoder file[Echo][D:\gitsinnori\sinnori\project\sample_test\server_build\src\main\java\kr\pe\sinnori\impl\message] creation task start
08:25:24.106 [main] INFO  k.p.s.c.buildsystem.ProjectBuilder - main project[sample_test]'s message decoder file[Echo][D:\gitsinnori\sinnori\project\sample_test\server_build\src\main\java\kr\pe\sinnori\impl\message] creation task end
08:25:24.106 [main] INFO  k.p.s.c.buildsystem.ProjectBuilder - main project[sample_test]'s message encoder file[Echo][D:\gitsinnori\sinnori\project\sample_test\server_build\src\main\java\kr\pe\sinnori\impl\message] creation task start
08:25:24.122 [main] INFO  k.p.s.c.buildsystem.ProjectBuilder - main project[sample_test]'s message encoder file[Echo][D:\gitsinnori\sinnori\project\sample_test\server_build\src\main\java\kr\pe\sinnori\impl\message] creation task end
08:25:24.122 [main] INFO  k.p.s.c.buildsystem.ProjectBuilder - main project[sample_test]'s message server codec file[Echo][D:\gitsinnori\sinnori\project\sample_test\server_build\src\main\java\kr\pe\sinnori\impl\message] creation task start
08:25:24.123 [main] INFO  k.p.s.c.buildsystem.ProjectBuilder - main project[sample_test]'s message server codec file[Echo][D:\gitsinnori\sinnori\project\sample_test\server_build\src\main\java\kr\pe\sinnori\impl\message] creation task end
08:25:24.123 [main] INFO  k.p.s.c.buildsystem.ProjectBuilder - main project[sample_test]'s message client codec file[Echo][D:\gitsinnori\sinnori\project\sample_test\server_build\src\main\java\kr\pe\sinnori\impl\message] creation task start
08:25:24.124 [main] INFO  k.p.s.c.buildsystem.ProjectBuilder - main project[sample_test]'s message client codec file[Echo][D:\gitsinnori\sinnori\project\sample_test\server_build\src\main\java\kr\pe\sinnori\impl\message] creation task end
08:25:24.124 [main] INFO  k.p.s.common.util.CommonStaticUtil - the new child relative direcotry[D:\gitsinnori\sinnori\project\sample_test\server_build\src\main\java\kr\pe\sinnori\impl\message][PublicKeyReq] was created successfully
08:25:24.190 [main] INFO  k.p.s.c.buildsystem.ProjectBuilder - main project[sample_test]'s message file[PublicKeyReq][D:\gitsinnori\sinnori\project\sample_test\server_build\src\main\java\kr\pe\sinnori\impl\message] creation task start
08:25:24.190 [main] INFO  k.p.s.c.buildsystem.ProjectBuilder - main project[sample_test]'s message file[PublicKeyReq][D:\gitsinnori\sinnori\project\sample_test\server_build\src\main\java\kr\pe\sinnori\impl\message] creation task end
08:25:24.190 [main] INFO  k.p.s.c.buildsystem.ProjectBuilder - main project[sample_test]'s message decoder file[PublicKeyReq][D:\gitsinnori\sinnori\project\sample_test\server_build\src\main\java\kr\pe\sinnori\impl\message] creation task start
08:25:24.206 [main] INFO  k.p.s.c.buildsystem.ProjectBuilder - main project[sample_test]'s message decoder file[PublicKeyReq][D:\gitsinnori\sinnori\project\sample_test\server_build\src\main\java\kr\pe\sinnori\impl\message] creation task end
08:25:24.206 [main] INFO  k.p.s.c.buildsystem.ProjectBuilder - main project[sample_test]'s message encoder file[PublicKeyReq][D:\gitsinnori\sinnori\project\sample_test\server_build\src\main\java\kr\pe\sinnori\impl\message] creation task start
08:25:24.206 [main] INFO  k.p.s.c.buildsystem.ProjectBuilder - main project[sample_test]'s message encoder file[PublicKeyReq][D:\gitsinnori\sinnori\project\sample_test\server_build\src\main\java\kr\pe\sinnori\impl\message] creation task end
08:25:24.206 [main] INFO  k.p.s.c.buildsystem.ProjectBuilder - main project[sample_test]'s message server codec file[PublicKeyReq][D:\gitsinnori\sinnori\project\sample_test\server_build\src\main\java\kr\pe\sinnori\impl\message] creation task start
08:25:24.206 [main] INFO  k.p.s.c.buildsystem.ProjectBuilder - main project[sample_test]'s message server codec file[PublicKeyReq][D:\gitsinnori\sinnori\project\sample_test\server_build\src\main\java\kr\pe\sinnori\impl\message] creation task end
08:25:24.206 [main] INFO  k.p.s.c.buildsystem.ProjectBuilder - main project[sample_test]'s message client codec file[PublicKeyReq][D:\gitsinnori\sinnori\project\sample_test\server_build\src\main\java\kr\pe\sinnori\impl\message] creation task start
08:25:24.223 [main] INFO  k.p.s.c.buildsystem.ProjectBuilder - main project[sample_test]'s message client codec file[PublicKeyReq][D:\gitsinnori\sinnori\project\sample_test\server_build\src\main\java\kr\pe\sinnori\impl\message] creation task end
08:25:24.224 [main] INFO  k.p.s.common.util.CommonStaticUtil - the new child relative direcotry[D:\gitsinnori\sinnori\project\sample_test\server_build\src\main\java\kr\pe\sinnori\impl\message][PublicKeyRes] was created successfully
08:25:24.224 [main] INFO  k.p.s.c.buildsystem.ProjectBuilder - main project[sample_test]'s message file[PublicKeyRes][D:\gitsinnori\sinnori\project\sample_test\server_build\src\main\java\kr\pe\sinnori\impl\message] creation task start
08:25:24.228 [main] INFO  k.p.s.c.buildsystem.ProjectBuilder - main project[sample_test]'s message file[PublicKeyRes][D:\gitsinnori\sinnori\project\sample_test\server_build\src\main\java\kr\pe\sinnori\impl\message] creation task end
08:25:24.228 [main] INFO  k.p.s.c.buildsystem.ProjectBuilder - main project[sample_test]'s message decoder file[PublicKeyRes][D:\gitsinnori\sinnori\project\sample_test\server_build\src\main\java\kr\pe\sinnori\impl\message] creation task start
08:25:24.228 [main] INFO  k.p.s.c.buildsystem.ProjectBuilder - main project[sample_test]'s message decoder file[PublicKeyRes][D:\gitsinnori\sinnori\project\sample_test\server_build\src\main\java\kr\pe\sinnori\impl\message] creation task end
08:25:24.228 [main] INFO  k.p.s.c.buildsystem.ProjectBuilder - main project[sample_test]'s message encoder file[PublicKeyRes][D:\gitsinnori\sinnori\project\sample_test\server_build\src\main\java\kr\pe\sinnori\impl\message] creation task start
08:25:24.228 [main] INFO  k.p.s.c.buildsystem.ProjectBuilder - main project[sample_test]'s message encoder file[PublicKeyRes][D:\gitsinnori\sinnori\project\sample_test\server_build\src\main\java\kr\pe\sinnori\impl\message] creation task end
08:25:24.228 [main] INFO  k.p.s.c.buildsystem.ProjectBuilder - main project[sample_test]'s message server codec file[PublicKeyRes][D:\gitsinnori\sinnori\project\sample_test\server_build\src\main\java\kr\pe\sinnori\impl\message] creation task start
08:25:24.228 [main] INFO  k.p.s.c.buildsystem.ProjectBuilder - main project[sample_test]'s message server codec file[PublicKeyRes][D:\gitsinnori\sinnori\project\sample_test\server_build\src\main\java\kr\pe\sinnori\impl\message] creation task end
08:25:24.228 [main] INFO  k.p.s.c.buildsystem.ProjectBuilder - main project[sample_test]'s message client codec file[PublicKeyRes][D:\gitsinnori\sinnori\project\sample_test\server_build\src\main\java\kr\pe\sinnori\impl\message] creation task start
08:25:24.228 [main] INFO  k.p.s.c.buildsystem.ProjectBuilder - main project[sample_test]'s message client codec file[PublicKeyRes][D:\gitsinnori\sinnori\project\sample_test\server_build\src\main\java\kr\pe\sinnori\impl\message] creation task end
08:25:24.228 [main] INFO  k.p.s.c.buildsystem.ProjectBuilder - main project[sample_test]'s server message io file set creation task end
08:25:24.228 [main] INFO  k.p.s.c.buildsystem.ProjectBuilder - server build system files creation task end
08:25:24.228 [main] INFO  k.p.s.c.buildsystem.ProjectBuilder - mainproject[sample_test]'s application client build system files creation task start
08:25:24.228 [main] INFO  k.p.s.c.buildsystem.ProjectBuilder - main project[sample_test]'s application client ant build.xml file creation task start
08:25:24.228 [main] INFO  k.p.s.c.buildsystem.ProjectBuilder - main project[sample_test]'s application client ant build.xml file creation task end
08:25:24.228 [main] INFO  k.p.s.c.buildsystem.ProjectBuilder - main project[sample_test]'s application client dos shell file creation task start
08:25:24.228 [main] INFO  k.p.s.c.buildsystem.ProjectBuilder - main project[sample_test]'s application client dos shell file creation task end
08:25:24.228 [main] INFO  k.p.s.c.buildsystem.ProjectBuilder - main project[sample_test]'s application client unix shell file creation task start
08:25:24.244 [main] INFO  k.p.s.c.buildsystem.ProjectBuilder - main project[sample_test]'s application client unix shell file creation task end
08:25:24.244 [main] INFO  k.p.s.c.buildsystem.ProjectBuilder - application client sample source files copy task start
08:25:24.244 [main] INFO  k.p.s.c.buildsystem.ProjectBuilder - application client sample source files copy task end
08:25:24.244 [main] INFO  k.p.s.c.buildsystem.ProjectBuilder - main project[sample_test]'s application client message io file set creation task start
08:25:24.244 [main] INFO  k.p.s.common.util.CommonStaticUtil - the new child relative direcotry[D:\gitsinnori\sinnori\project\sample_test\client_build\app_build\src\main\java\kr\pe\sinnori\impl\message][Echo] was created successfully
08:25:24.244 [main] INFO  k.p.s.c.buildsystem.ProjectBuilder - main project[sample_test]'s message file[Echo][D:\gitsinnori\sinnori\project\sample_test\client_build\app_build\src\main\java\kr\pe\sinnori\impl\message] creation task start
08:25:24.244 [main] INFO  k.p.s.c.buildsystem.ProjectBuilder - main project[sample_test]'s message file[Echo][D:\gitsinnori\sinnori\project\sample_test\client_build\app_build\src\main\java\kr\pe\sinnori\impl\message] creation task end
08:25:24.244 [main] INFO  k.p.s.c.buildsystem.ProjectBuilder - main project[sample_test]'s message decoder file[Echo][D:\gitsinnori\sinnori\project\sample_test\client_build\app_build\src\main\java\kr\pe\sinnori\impl\message] creation task start
08:25:24.344 [main] INFO  k.p.s.c.buildsystem.ProjectBuilder - main project[sample_test]'s message decoder file[Echo][D:\gitsinnori\sinnori\project\sample_test\client_build\app_build\src\main\java\kr\pe\sinnori\impl\message] creation task end
08:25:24.344 [main] INFO  k.p.s.c.buildsystem.ProjectBuilder - main project[sample_test]'s message encoder file[Echo][D:\gitsinnori\sinnori\project\sample_test\client_build\app_build\src\main\java\kr\pe\sinnori\impl\message] creation task start
08:25:24.344 [main] INFO  k.p.s.c.buildsystem.ProjectBuilder - main project[sample_test]'s message encoder file[Echo][D:\gitsinnori\sinnori\project\sample_test\client_build\app_build\src\main\java\kr\pe\sinnori\impl\message] creation task end
08:25:24.344 [main] INFO  k.p.s.c.buildsystem.ProjectBuilder - main project[sample_test]'s message server codec file[Echo][D:\gitsinnori\sinnori\project\sample_test\client_build\app_build\src\main\java\kr\pe\sinnori\impl\message] creation task start
08:25:24.344 [main] INFO  k.p.s.c.buildsystem.ProjectBuilder - main project[sample_test]'s message server codec file[Echo][D:\gitsinnori\sinnori\project\sample_test\client_build\app_build\src\main\java\kr\pe\sinnori\impl\message] creation task end
08:25:24.344 [main] INFO  k.p.s.c.buildsystem.ProjectBuilder - main project[sample_test]'s message client codec file[Echo][D:\gitsinnori\sinnori\project\sample_test\client_build\app_build\src\main\java\kr\pe\sinnori\impl\message] creation task start
08:25:24.344 [main] INFO  k.p.s.c.buildsystem.ProjectBuilder - main project[sample_test]'s message client codec file[Echo][D:\gitsinnori\sinnori\project\sample_test\client_build\app_build\src\main\java\kr\pe\sinnori\impl\message] creation task end
08:25:24.344 [main] INFO  k.p.s.common.util.CommonStaticUtil - the new child relative direcotry[D:\gitsinnori\sinnori\project\sample_test\client_build\app_build\src\main\java\kr\pe\sinnori\impl\message][PublicKeyReq] was created successfully
08:25:24.344 [main] INFO  k.p.s.c.buildsystem.ProjectBuilder - main project[sample_test]'s message file[PublicKeyReq][D:\gitsinnori\sinnori\project\sample_test\client_build\app_build\src\main\java\kr\pe\sinnori\impl\message] creation task start
08:25:24.344 [main] INFO  k.p.s.c.buildsystem.ProjectBuilder - main project[sample_test]'s message file[PublicKeyReq][D:\gitsinnori\sinnori\project\sample_test\client_build\app_build\src\main\java\kr\pe\sinnori\impl\message] creation task end
08:25:24.344 [main] INFO  k.p.s.c.buildsystem.ProjectBuilder - main project[sample_test]'s message decoder file[PublicKeyReq][D:\gitsinnori\sinnori\project\sample_test\client_build\app_build\src\main\java\kr\pe\sinnori\impl\message] creation task start
08:25:24.359 [main] INFO  k.p.s.c.buildsystem.ProjectBuilder - main project[sample_test]'s message decoder file[PublicKeyReq][D:\gitsinnori\sinnori\project\sample_test\client_build\app_build\src\main\java\kr\pe\sinnori\impl\message] creation task end
08:25:24.359 [main] INFO  k.p.s.c.buildsystem.ProjectBuilder - main project[sample_test]'s message encoder file[PublicKeyReq][D:\gitsinnori\sinnori\project\sample_test\client_build\app_build\src\main\java\kr\pe\sinnori\impl\message] creation task start
08:25:24.359 [main] INFO  k.p.s.c.buildsystem.ProjectBuilder - main project[sample_test]'s message encoder file[PublicKeyReq][D:\gitsinnori\sinnori\project\sample_test\client_build\app_build\src\main\java\kr\pe\sinnori\impl\message] creation task end
08:25:24.359 [main] INFO  k.p.s.c.buildsystem.ProjectBuilder - main project[sample_test]'s message server codec file[PublicKeyReq][D:\gitsinnori\sinnori\project\sample_test\client_build\app_build\src\main\java\kr\pe\sinnori\impl\message] creation task start
08:25:24.359 [main] INFO  k.p.s.c.buildsystem.ProjectBuilder - main project[sample_test]'s message server codec file[PublicKeyReq][D:\gitsinnori\sinnori\project\sample_test\client_build\app_build\src\main\java\kr\pe\sinnori\impl\message] creation task end
08:25:24.359 [main] INFO  k.p.s.c.buildsystem.ProjectBuilder - main project[sample_test]'s message client codec file[PublicKeyReq][D:\gitsinnori\sinnori\project\sample_test\client_build\app_build\src\main\java\kr\pe\sinnori\impl\message] creation task start
08:25:24.359 [main] INFO  k.p.s.c.buildsystem.ProjectBuilder - main project[sample_test]'s message client codec file[PublicKeyReq][D:\gitsinnori\sinnori\project\sample_test\client_build\app_build\src\main\java\kr\pe\sinnori\impl\message] creation task end
08:25:24.359 [main] INFO  k.p.s.common.util.CommonStaticUtil - the new child relative direcotry[D:\gitsinnori\sinnori\project\sample_test\client_build\app_build\src\main\java\kr\pe\sinnori\impl\message][PublicKeyRes] was created successfully
08:25:24.359 [main] INFO  k.p.s.c.buildsystem.ProjectBuilder - main project[sample_test]'s message file[PublicKeyRes][D:\gitsinnori\sinnori\project\sample_test\client_build\app_build\src\main\java\kr\pe\sinnori\impl\message] creation task start
08:25:24.359 [main] INFO  k.p.s.c.buildsystem.ProjectBuilder - main project[sample_test]'s message file[PublicKeyRes][D:\gitsinnori\sinnori\project\sample_test\client_build\app_build\src\main\java\kr\pe\sinnori\impl\message] creation task end
08:25:24.359 [main] INFO  k.p.s.c.buildsystem.ProjectBuilder - main project[sample_test]'s message decoder file[PublicKeyRes][D:\gitsinnori\sinnori\project\sample_test\client_build\app_build\src\main\java\kr\pe\sinnori\impl\message] creation task start
08:25:24.359 [main] INFO  k.p.s.c.buildsystem.ProjectBuilder - main project[sample_test]'s message decoder file[PublicKeyRes][D:\gitsinnori\sinnori\project\sample_test\client_build\app_build\src\main\java\kr\pe\sinnori\impl\message] creation task end
08:25:24.359 [main] INFO  k.p.s.c.buildsystem.ProjectBuilder - main project[sample_test]'s message encoder file[PublicKeyRes][D:\gitsinnori\sinnori\project\sample_test\client_build\app_build\src\main\java\kr\pe\sinnori\impl\message] creation task start
08:25:24.375 [main] INFO  k.p.s.c.buildsystem.ProjectBuilder - main project[sample_test]'s message encoder file[PublicKeyRes][D:\gitsinnori\sinnori\project\sample_test\client_build\app_build\src\main\java\kr\pe\sinnori\impl\message] creation task end
08:25:24.375 [main] INFO  k.p.s.c.buildsystem.ProjectBuilder - main project[sample_test]'s message server codec file[PublicKeyRes][D:\gitsinnori\sinnori\project\sample_test\client_build\app_build\src\main\java\kr\pe\sinnori\impl\message] creation task start
08:25:24.444 [main] INFO  k.p.s.c.buildsystem.ProjectBuilder - main project[sample_test]'s message server codec file[PublicKeyRes][D:\gitsinnori\sinnori\project\sample_test\client_build\app_build\src\main\java\kr\pe\sinnori\impl\message] creation task end
08:25:24.444 [main] INFO  k.p.s.c.buildsystem.ProjectBuilder - main project[sample_test]'s message client codec file[PublicKeyRes][D:\gitsinnori\sinnori\project\sample_test\client_build\app_build\src\main\java\kr\pe\sinnori\impl\message] creation task start
08:25:24.444 [main] INFO  k.p.s.c.buildsystem.ProjectBuilder - main project[sample_test]'s message client codec file[PublicKeyRes][D:\gitsinnori\sinnori\project\sample_test\client_build\app_build\src\main\java\kr\pe\sinnori\impl\message] creation task end
08:25:24.444 [main] INFO  k.p.s.c.buildsystem.ProjectBuilder - main project[sample_test]'s application client message io file set creation task end
08:25:24.444 [main] INFO  k.p.s.c.buildsystem.ProjectBuilder - mainproject[sample_test]'s application client build system files creation task end
08:25:24.444 [main] INFO  k.p.s.c.buildsystem.ProjectBuilder - main project[sample_test]'s web client build system files creation task start
08:25:24.444 [main] INFO  k.p.s.c.buildsystem.ProjectBuilder - main project[sample_test]'s web client ant build.xml file creation task start
08:25:24.444 [main] INFO  k.p.s.c.buildsystem.ProjectBuilder - main project[sample_test]'s web client ant build.xml file creation task end
08:25:24.444 [main] INFO  k.p.s.c.buildsystem.ProjectBuilder - main project[sample_test]'s web client ant properties file creation task start
08:25:24.444 [main] INFO  k.p.s.c.util.SequencedPropertiesUtil - the sequenced properties file[D:\gitsinnori\sinnori\project\sample_test\client_build\web_build\webAnt.properties] was created
08:25:24.460 [main] INFO  k.p.s.c.buildsystem.ProjectBuilder - main project[sample_test]'s web client ant properties file creation task end
08:25:24.460 [main] INFO  k.p.s.c.buildsystem.ProjectBuilder - main project[sample_test]'s web client message io file set creation task start
08:25:24.460 [main] INFO  k.p.s.common.util.CommonStaticUtil - the new child relative direcotry[D:\gitsinnori\sinnori\project\sample_test\client_build\web_build\src\main\java\kr\pe\sinnori\impl\message][Echo] was created successfully
08:25:24.460 [main] INFO  k.p.s.c.buildsystem.ProjectBuilder - main project[sample_test]'s message file[Echo][D:\gitsinnori\sinnori\project\sample_test\client_build\web_build\src\main\java\kr\pe\sinnori\impl\message] creation task start
08:25:24.460 [main] INFO  k.p.s.c.buildsystem.ProjectBuilder - main project[sample_test]'s message file[Echo][D:\gitsinnori\sinnori\project\sample_test\client_build\web_build\src\main\java\kr\pe\sinnori\impl\message] creation task end
08:25:24.460 [main] INFO  k.p.s.c.buildsystem.ProjectBuilder - main project[sample_test]'s message decoder file[Echo][D:\gitsinnori\sinnori\project\sample_test\client_build\web_build\src\main\java\kr\pe\sinnori\impl\message] creation task start
08:25:24.460 [main] INFO  k.p.s.c.buildsystem.ProjectBuilder - main project[sample_test]'s message decoder file[Echo][D:\gitsinnori\sinnori\project\sample_test\client_build\web_build\src\main\java\kr\pe\sinnori\impl\message] creation task end
08:25:24.460 [main] INFO  k.p.s.c.buildsystem.ProjectBuilder - main project[sample_test]'s message encoder file[Echo][D:\gitsinnori\sinnori\project\sample_test\client_build\web_build\src\main\java\kr\pe\sinnori\impl\message] creation task start
08:25:24.460 [main] INFO  k.p.s.c.buildsystem.ProjectBuilder - main project[sample_test]'s message encoder file[Echo][D:\gitsinnori\sinnori\project\sample_test\client_build\web_build\src\main\java\kr\pe\sinnori\impl\message] creation task end
08:25:24.460 [main] INFO  k.p.s.c.buildsystem.ProjectBuilder - main project[sample_test]'s message server codec file[Echo][D:\gitsinnori\sinnori\project\sample_test\client_build\web_build\src\main\java\kr\pe\sinnori\impl\message] creation task start
08:25:24.460 [main] INFO  k.p.s.c.buildsystem.ProjectBuilder - main project[sample_test]'s message server codec file[Echo][D:\gitsinnori\sinnori\project\sample_test\client_build\web_build\src\main\java\kr\pe\sinnori\impl\message] creation task end
08:25:24.460 [main] INFO  k.p.s.c.buildsystem.ProjectBuilder - main project[sample_test]'s message client codec file[Echo][D:\gitsinnori\sinnori\project\sample_test\client_build\web_build\src\main\java\kr\pe\sinnori\impl\message] creation task start
08:25:24.460 [main] INFO  k.p.s.c.buildsystem.ProjectBuilder - main project[sample_test]'s message client codec file[Echo][D:\gitsinnori\sinnori\project\sample_test\client_build\web_build\src\main\java\kr\pe\sinnori\impl\message] creation task end
08:25:24.460 [main] INFO  k.p.s.common.util.CommonStaticUtil - the new child relative direcotry[D:\gitsinnori\sinnori\project\sample_test\client_build\web_build\src\main\java\kr\pe\sinnori\impl\message][PublicKeyReq] was created successfully
08:25:24.460 [main] INFO  k.p.s.c.buildsystem.ProjectBuilder - main project[sample_test]'s message file[PublicKeyReq][D:\gitsinnori\sinnori\project\sample_test\client_build\web_build\src\main\java\kr\pe\sinnori\impl\message] creation task start
08:25:24.460 [main] INFO  k.p.s.c.buildsystem.ProjectBuilder - main project[sample_test]'s message file[PublicKeyReq][D:\gitsinnori\sinnori\project\sample_test\client_build\web_build\src\main\java\kr\pe\sinnori\impl\message] creation task end
08:25:24.460 [main] INFO  k.p.s.c.buildsystem.ProjectBuilder - main project[sample_test]'s message decoder file[PublicKeyReq][D:\gitsinnori\sinnori\project\sample_test\client_build\web_build\src\main\java\kr\pe\sinnori\impl\message] creation task start
08:25:24.475 [main] INFO  k.p.s.c.buildsystem.ProjectBuilder - main project[sample_test]'s message decoder file[PublicKeyReq][D:\gitsinnori\sinnori\project\sample_test\client_build\web_build\src\main\java\kr\pe\sinnori\impl\message] creation task end
08:25:24.475 [main] INFO  k.p.s.c.buildsystem.ProjectBuilder - main project[sample_test]'s message encoder file[PublicKeyReq][D:\gitsinnori\sinnori\project\sample_test\client_build\web_build\src\main\java\kr\pe\sinnori\impl\message] creation task start
08:25:24.475 [main] INFO  k.p.s.c.buildsystem.ProjectBuilder - main project[sample_test]'s message encoder file[PublicKeyReq][D:\gitsinnori\sinnori\project\sample_test\client_build\web_build\src\main\java\kr\pe\sinnori\impl\message] creation task end
08:25:24.475 [main] INFO  k.p.s.c.buildsystem.ProjectBuilder - main project[sample_test]'s message server codec file[PublicKeyReq][D:\gitsinnori\sinnori\project\sample_test\client_build\web_build\src\main\java\kr\pe\sinnori\impl\message] creation task start
08:25:24.591 [main] INFO  k.p.s.c.buildsystem.ProjectBuilder - main project[sample_test]'s message server codec file[PublicKeyReq][D:\gitsinnori\sinnori\project\sample_test\client_build\web_build\src\main\java\kr\pe\sinnori\impl\message] creation task end
08:25:24.591 [main] INFO  k.p.s.c.buildsystem.ProjectBuilder - main project[sample_test]'s message client codec file[PublicKeyReq][D:\gitsinnori\sinnori\project\sample_test\client_build\web_build\src\main\java\kr\pe\sinnori\impl\message] creation task start
08:25:24.591 [main] INFO  k.p.s.c.buildsystem.ProjectBuilder - main project[sample_test]'s message client codec file[PublicKeyReq][D:\gitsinnori\sinnori\project\sample_test\client_build\web_build\src\main\java\kr\pe\sinnori\impl\message] creation task end
08:25:24.591 [main] INFO  k.p.s.common.util.CommonStaticUtil - the new child relative direcotry[D:\gitsinnori\sinnori\project\sample_test\client_build\web_build\src\main\java\kr\pe\sinnori\impl\message][PublicKeyRes] was created successfully
08:25:24.591 [main] INFO  k.p.s.c.buildsystem.ProjectBuilder - main project[sample_test]'s message file[PublicKeyRes][D:\gitsinnori\sinnori\project\sample_test\client_build\web_build\src\main\java\kr\pe\sinnori\impl\message] creation task start
08:25:24.606 [main] INFO  k.p.s.c.buildsystem.ProjectBuilder - main project[sample_test]'s message file[PublicKeyRes][D:\gitsinnori\sinnori\project\sample_test\client_build\web_build\src\main\java\kr\pe\sinnori\impl\message] creation task end
08:25:24.606 [main] INFO  k.p.s.c.buildsystem.ProjectBuilder - main project[sample_test]'s message decoder file[PublicKeyRes][D:\gitsinnori\sinnori\project\sample_test\client_build\web_build\src\main\java\kr\pe\sinnori\impl\message] creation task start
08:25:24.606 [main] INFO  k.p.s.c.buildsystem.ProjectBuilder - main project[sample_test]'s message decoder file[PublicKeyRes][D:\gitsinnori\sinnori\project\sample_test\client_build\web_build\src\main\java\kr\pe\sinnori\impl\message] creation task end
08:25:24.606 [main] INFO  k.p.s.c.buildsystem.ProjectBuilder - main project[sample_test]'s message encoder file[PublicKeyRes][D:\gitsinnori\sinnori\project\sample_test\client_build\web_build\src\main\java\kr\pe\sinnori\impl\message] creation task start
08:25:24.606 [main] INFO  k.p.s.c.buildsystem.ProjectBuilder - main project[sample_test]'s message encoder file[PublicKeyRes][D:\gitsinnori\sinnori\project\sample_test\client_build\web_build\src\main\java\kr\pe\sinnori\impl\message] creation task end
08:25:24.606 [main] INFO  k.p.s.c.buildsystem.ProjectBuilder - main project[sample_test]'s message server codec file[PublicKeyRes][D:\gitsinnori\sinnori\project\sample_test\client_build\web_build\src\main\java\kr\pe\sinnori\impl\message] creation task start
08:25:24.606 [main] INFO  k.p.s.c.buildsystem.ProjectBuilder - main project[sample_test]'s message server codec file[PublicKeyRes][D:\gitsinnori\sinnori\project\sample_test\client_build\web_build\src\main\java\kr\pe\sinnori\impl\message] creation task end
08:25:24.606 [main] INFO  k.p.s.c.buildsystem.ProjectBuilder - main project[sample_test]'s message client codec file[PublicKeyRes][D:\gitsinnori\sinnori\project\sample_test\client_build\web_build\src\main\java\kr\pe\sinnori\impl\message] creation task start
08:25:24.629 [main] INFO  k.p.s.c.buildsystem.ProjectBuilder - main project[sample_test]'s message client codec file[PublicKeyRes][D:\gitsinnori\sinnori\project\sample_test\client_build\web_build\src\main\java\kr\pe\sinnori\impl\message] creation task end
08:25:24.629 [main] INFO  k.p.s.c.buildsystem.ProjectBuilder - main project[sample_test]'s web client message io file set creation task end
08:25:24.629 [main] INFO  k.p.s.c.buildsystem.ProjectBuilder - mainproject[sample_test]'s web client sample source files copy task start
08:25:24.676 [main] INFO  k.p.s.c.buildsystem.ProjectBuilder - mainproject[sample_test]'s web client sample source files copy task end
08:25:24.676 [main] INFO  k.p.s.c.buildsystem.ProjectBuilder - main project[sample_test]'s web client build system files creation task end
08:25:24.676 [main] INFO  k.p.s.c.buildsystem.ProjectBuilder - main project[sample_test]'s web root sample files creation task start
08:25:24.676 [main] INFO  k.p.s.c.buildsystem.ProjectBuilder - main project[sample_test]'s web root sample files copy task start
08:25:24.691 [main] INFO  k.p.s.c.buildsystem.ProjectBuilder - main project[sample_test]'s web root sample files copy task end
08:25:24.691 [main] INFO  k.p.s.c.buildsystem.ProjectBuilder - main project[sample_test]'s web root sample files creation task end
08:25:24.691 [main] INFO  k.p.s.c.buildsystem.ProjectBuilder - main project[sample_test]'s file creation task end
08:25:24.691 [main] INFO  k.p.s.c.config.SinnoriConfiguration - item key[sessionkey.rsa.publickey.file.value]'s value is null because its status is inactive
08:25:24.691 [main] INFO  k.p.s.c.config.SinnoriConfiguration - item key[sessionkey.rsa.privatekey.file.value]'s value is null because its status is inactive
08:25:24.691 [main] INFO  k.p.s.c.buildsystem.ProjectBuilder - main project[sample_test]'s config file overwrite task start
08:25:24.691 [main] INFO  k.p.s.c.buildsystem.ProjectBuilder - main project[sample_test]'s config file overwrite task end
08:25:24.691 [main] INFO  k.p.s.c.config.SinnoriConfiguration - item key[sessionkey.rsa.publickey.file.value]'s value is null because its status is inactive
08:25:24.691 [main] INFO  k.p.s.c.config.SinnoriConfiguration - item key[sessionkey.rsa.privatekey.file.value]'s value is null because its status is inactive
08:25:24.707 [main] INFO  k.p.s.c.buildsystem.ProjectBuilder - main project[sample_test]'s server dos shell file overwrite task start
08:25:24.707 [main] INFO  k.p.s.c.buildsystem.ProjectBuilder - main project[sample_test]'s server dos shell file overwrite task end
08:25:24.707 [main] INFO  k.p.s.c.buildsystem.ProjectBuilder - main project[sample_test]'s application client dos shell file  overwrite task start
08:25:24.707 [main] INFO  k.p.s.c.buildsystem.ProjectBuilder - main project[sample_test]'s application client dos shell file overwrite task end
08:25:24.707 [main] INFO  k.p.s.c.config.SinnoriConfiguration - item key[sessionkey.rsa.publickey.file.value]'s value is null because its status is inactive
08:25:24.707 [main] INFO  k.p.s.c.config.SinnoriConfiguration - item key[sessionkey.rsa.privatekey.file.value]'s value is null because its status is inactive
08:25:24.707 [main] INFO  k.p.s.c.config.SinnoriConfiguration - item key[sessionkey.rsa.publickey.file.value]'s value is null because its status is inactive
08:25:24.707 [main] INFO  k.p.s.c.config.SinnoriConfiguration - item key[sessionkey.rsa.privatekey.file.value]'s value is null because its status is inactive
08:25:24.760 [main] INFO  k.p.s.c.buildsystem.ProjectBuilder - main project[sample_test]'s child direcotry creation task start
08:25:24.760 [main] INFO  k.p.s.c.buildsystem.ProjectBuilder - main project[sample_test]'s common child direcotry creation task start
08:25:24.760 [main] INFO  k.p.s.common.util.CommonStaticUtil - the new child relative direcotry[D:\gitsinnori\sinnori\project\sample_test][config] was created successfully
08:25:24.760 [main] INFO  k.p.s.common.util.CommonStaticUtil - the new child relative direcotry[D:\gitsinnori\sinnori\project\sample_test][resources/dbcp] was created successfully
08:25:24.760 [main] INFO  k.p.s.common.util.CommonStaticUtil - the new child relative direcotry[D:\gitsinnori\sinnori\project\sample_test][resources/message_info] was created successfully
08:25:24.760 [main] INFO  k.p.s.common.util.CommonStaticUtil - the new child relative direcotry[D:\gitsinnori\sinnori\project\sample_test][resources/rsa_keypair] was created successfully
08:25:24.760 [main] INFO  k.p.s.common.util.CommonStaticUtil - the new child relative direcotry[D:\gitsinnori\sinnori\project\sample_test][log/apache] was created successfully
08:25:24.760 [main] INFO  k.p.s.common.util.CommonStaticUtil - the new child relative direcotry[D:\gitsinnori\sinnori\project\sample_test][log/client] was created successfully
08:25:24.760 [main] INFO  k.p.s.common.util.CommonStaticUtil - the new child relative direcotry[D:\gitsinnori\sinnori\project\sample_test][log/server] was created successfully
08:25:24.760 [main] INFO  k.p.s.common.util.CommonStaticUtil - the new child relative direcotry[D:\gitsinnori\sinnori\project\sample_test][log/servlet] was created successfully
08:25:24.760 [main] INFO  k.p.s.c.buildsystem.ProjectBuilder - main project[sample_test]'s common child direcotry creation task end
08:25:24.760 [main] INFO  k.p.s.c.buildsystem.ProjectBuilder - main project[sample_test]'s server child direcotry creation task start
08:25:24.760 [main] INFO  k.p.s.common.util.CommonStaticUtil - the new child relative direcotry[D:\gitsinnori\sinnori\project\sample_test][server_build/APP-INF/classes] was created successfully
08:25:24.760 [main] INFO  k.p.s.common.util.CommonStaticUtil - the new child relative direcotry[D:\gitsinnori\sinnori\project\sample_test][server_build/corelib/ex] was created successfully
08:25:24.760 [main] INFO  k.p.s.common.util.CommonStaticUtil - the new child relative direcotry[D:\gitsinnori\sinnori\project\sample_test][server_build/corelib/in] was created successfully
08:25:24.792 [main] INFO  k.p.s.common.util.CommonStaticUtil - the new child relative direcotry[D:\gitsinnori\sinnori\project\sample_test][server_build/lib/main/ex] was created successfully
08:25:24.792 [main] INFO  k.p.s.common.util.CommonStaticUtil - the new child relative direcotry[D:\gitsinnori\sinnori\project\sample_test][server_build/lib/main/in] was created successfully
08:25:24.792 [main] INFO  k.p.s.common.util.CommonStaticUtil - the new child relative direcotry[D:\gitsinnori\sinnori\project\sample_test][server_build/lib/test] was created successfully
08:25:24.792 [main] INFO  k.p.s.common.util.CommonStaticUtil - the new child relative direcotry[D:\gitsinnori\sinnori\project\sample_test][server_build/src/main/java/kr/pe/sinnori/impl/servertask] was created successfully
08:25:24.792 [main] INFO  k.p.s.common.util.CommonStaticUtil - the new child relative direcotry[D:\gitsinnori\sinnori\project\sample_test][server_build/src/main/java/kr/pe/sinnori/impl/message] was created successfully
08:25:24.792 [main] INFO  k.p.s.common.util.CommonStaticUtil - the new child relative direcotry[D:\gitsinnori\sinnori\project\sample_test][server_build/src/main/java/main] was created successfully
08:25:24.792 [main] INFO  k.p.s.common.util.CommonStaticUtil - the new child relative direcotry[D:\gitsinnori\sinnori\project\sample_test][server_build/src/test/java] was created successfully
08:25:24.792 [main] INFO  k.p.s.common.util.CommonStaticUtil - the new child relative direcotry[D:\gitsinnori\sinnori\project\sample_test][server_build/build] was created successfully
08:25:24.792 [main] INFO  k.p.s.common.util.CommonStaticUtil - the new child relative direcotry[D:\gitsinnori\sinnori\project\sample_test][server_build/dist] was created successfully
08:25:24.792 [main] INFO  k.p.s.c.buildsystem.ProjectBuilder - main project[sample_test]'s server child direcotry creation task end
08:25:24.792 [main] INFO  k.p.s.c.buildsystem.ProjectBuilder - main project[sample_test]'s child direcotry creation task end
08:25:24.792 [main] INFO  k.p.s.c.buildsystem.ProjectBuilder - main project[sample_test]'s file creation task start
08:25:24.792 [main] INFO  k.p.s.c.buildsystem.ProjectBuilder - main project[sample_test]'s config file creation task start
08:25:24.792 [main] INFO  k.p.s.c.util.SequencedPropertiesUtil - the sequenced properties file[D:\gitsinnori\sinnori\project\sample_test\config\sinnori.properties] was created
08:25:24.807 [main] INFO  k.p.s.c.buildsystem.ProjectBuilder - main project[sample_test]'s config file creation task end
08:25:24.807 [main] INFO  k.p.s.c.buildsystem.ProjectBuilder - the mainproject[sample_test]'s resources directory copy task start
08:25:24.829 [main] INFO  k.p.s.c.buildsystem.ProjectBuilder - the mainproject[sample_test]'s resources directory copy task end
08:25:24.829 [main] INFO  k.p.s.c.buildsystem.ProjectBuilder - server build system files creation task start
08:25:24.829 [main] INFO  k.p.s.c.buildsystem.ProjectBuilder - main project[sample_test]'s server ant build.xml file creation task start
08:25:24.829 [main] INFO  k.p.s.c.buildsystem.ProjectBuilder - main project[sample_test]'s server ant build.xml file creation task end
08:25:24.829 [main] INFO  k.p.s.c.buildsystem.ProjectBuilder - main project[sample_test]'s server dos shell file creation task start
08:25:24.829 [main] INFO  k.p.s.c.buildsystem.ProjectBuilder - main project[sample_test]'s server dos shell file creation task end
08:25:24.829 [main] INFO  k.p.s.c.buildsystem.ProjectBuilder - main project[sample_test]'s server unix shell file creation task start
08:25:24.829 [main] INFO  k.p.s.c.buildsystem.ProjectBuilder - main project[sample_test]'s server unix shell file creation task end
08:25:24.829 [main] INFO  k.p.s.c.buildsystem.ProjectBuilder - server sample source files copy task start
08:25:24.845 [main] INFO  k.p.s.c.buildsystem.ProjectBuilder - server sample source files copy task end
08:25:24.845 [main] INFO  k.p.s.c.buildsystem.ProjectBuilder - main project[sample_test]'s server message io file set creation task start
08:25:24.845 [main] INFO  k.p.s.common.util.CommonStaticUtil - the new child relative direcotry[D:\gitsinnori\sinnori\project\sample_test\server_build\src\main\java\kr\pe\sinnori\impl\message][Echo] was created successfully
08:25:24.845 [main] INFO  k.p.s.c.buildsystem.ProjectBuilder - main project[sample_test]'s message file[Echo][D:\gitsinnori\sinnori\project\sample_test\server_build\src\main\java\kr\pe\sinnori\impl\message] creation task start
08:25:24.845 [main] INFO  k.p.s.c.buildsystem.ProjectBuilder - main project[sample_test]'s message file[Echo][D:\gitsinnori\sinnori\project\sample_test\server_build\src\main\java\kr\pe\sinnori\impl\message] creation task end
08:25:24.845 [main] INFO  k.p.s.c.buildsystem.ProjectBuilder - main project[sample_test]'s message decoder file[Echo][D:\gitsinnori\sinnori\project\sample_test\server_build\src\main\java\kr\pe\sinnori\impl\message] creation task start
08:25:24.845 [main] INFO  k.p.s.c.buildsystem.ProjectBuilder - main project[sample_test]'s message decoder file[Echo][D:\gitsinnori\sinnori\project\sample_test\server_build\src\main\java\kr\pe\sinnori\impl\message] creation task end
08:25:24.845 [main] INFO  k.p.s.c.buildsystem.ProjectBuilder - main project[sample_test]'s message encoder file[Echo][D:\gitsinnori\sinnori\project\sample_test\server_build\src\main\java\kr\pe\sinnori\impl\message] creation task start
08:25:24.845 [main] INFO  k.p.s.c.buildsystem.ProjectBuilder - main project[sample_test]'s message encoder file[Echo][D:\gitsinnori\sinnori\project\sample_test\server_build\src\main\java\kr\pe\sinnori\impl\message] creation task end
08:25:24.845 [main] INFO  k.p.s.c.buildsystem.ProjectBuilder - main project[sample_test]'s message server codec file[Echo][D:\gitsinnori\sinnori\project\sample_test\server_build\src\main\java\kr\pe\sinnori\impl\message] creation task start
08:25:24.845 [main] INFO  k.p.s.c.buildsystem.ProjectBuilder - main project[sample_test]'s message server codec file[Echo][D:\gitsinnori\sinnori\project\sample_test\server_build\src\main\java\kr\pe\sinnori\impl\message] creation task end
08:25:24.845 [main] INFO  k.p.s.c.buildsystem.ProjectBuilder - main project[sample_test]'s message client codec file[Echo][D:\gitsinnori\sinnori\project\sample_test\server_build\src\main\java\kr\pe\sinnori\impl\message] creation task start
08:25:24.845 [main] INFO  k.p.s.c.buildsystem.ProjectBuilder - main project[sample_test]'s message client codec file[Echo][D:\gitsinnori\sinnori\project\sample_test\server_build\src\main\java\kr\pe\sinnori\impl\message] creation task end
08:25:24.845 [main] INFO  k.p.s.common.util.CommonStaticUtil - the new child relative direcotry[D:\gitsinnori\sinnori\project\sample_test\server_build\src\main\java\kr\pe\sinnori\impl\message][PublicKeyReq] was created successfully
08:25:24.907 [main] INFO  k.p.s.c.buildsystem.ProjectBuilder - main project[sample_test]'s message file[PublicKeyReq][D:\gitsinnori\sinnori\project\sample_test\server_build\src\main\java\kr\pe\sinnori\impl\message] creation task start
08:25:24.907 [main] INFO  k.p.s.c.buildsystem.ProjectBuilder - main project[sample_test]'s message file[PublicKeyReq][D:\gitsinnori\sinnori\project\sample_test\server_build\src\main\java\kr\pe\sinnori\impl\message] creation task end
08:25:24.907 [main] INFO  k.p.s.c.buildsystem.ProjectBuilder - main project[sample_test]'s message decoder file[PublicKeyReq][D:\gitsinnori\sinnori\project\sample_test\server_build\src\main\java\kr\pe\sinnori\impl\message] creation task start
08:25:24.907 [main] INFO  k.p.s.c.buildsystem.ProjectBuilder - main project[sample_test]'s message decoder file[PublicKeyReq][D:\gitsinnori\sinnori\project\sample_test\server_build\src\main\java\kr\pe\sinnori\impl\message] creation task end
08:25:24.907 [main] INFO  k.p.s.c.buildsystem.ProjectBuilder - main project[sample_test]'s message encoder file[PublicKeyReq][D:\gitsinnori\sinnori\project\sample_test\server_build\src\main\java\kr\pe\sinnori\impl\message] creation task start
08:25:24.907 [main] INFO  k.p.s.c.buildsystem.ProjectBuilder - main project[sample_test]'s message encoder file[PublicKeyReq][D:\gitsinnori\sinnori\project\sample_test\server_build\src\main\java\kr\pe\sinnori\impl\message] creation task end
08:25:24.907 [main] INFO  k.p.s.c.buildsystem.ProjectBuilder - main project[sample_test]'s message server codec file[PublicKeyReq][D:\gitsinnori\sinnori\project\sample_test\server_build\src\main\java\kr\pe\sinnori\impl\message] creation task start
08:25:24.907 [main] INFO  k.p.s.c.buildsystem.ProjectBuilder - main project[sample_test]'s message server codec file[PublicKeyReq][D:\gitsinnori\sinnori\project\sample_test\server_build\src\main\java\kr\pe\sinnori\impl\message] creation task end
08:25:24.907 [main] INFO  k.p.s.c.buildsystem.ProjectBuilder - main project[sample_test]'s message client codec file[PublicKeyReq][D:\gitsinnori\sinnori\project\sample_test\server_build\src\main\java\kr\pe\sinnori\impl\message] creation task start
08:25:24.907 [main] INFO  k.p.s.c.buildsystem.ProjectBuilder - main project[sample_test]'s message client codec file[PublicKeyReq][D:\gitsinnori\sinnori\project\sample_test\server_build\src\main\java\kr\pe\sinnori\impl\message] creation task end
08:25:24.907 [main] INFO  k.p.s.common.util.CommonStaticUtil - the new child relative direcotry[D:\gitsinnori\sinnori\project\sample_test\server_build\src\main\java\kr\pe\sinnori\impl\message][PublicKeyRes] was created successfully
08:25:24.907 [main] INFO  k.p.s.c.buildsystem.ProjectBuilder - main project[sample_test]'s message file[PublicKeyRes][D:\gitsinnori\sinnori\project\sample_test\server_build\src\main\java\kr\pe\sinnori\impl\message] creation task start
08:25:24.907 [main] INFO  k.p.s.c.buildsystem.ProjectBuilder - main project[sample_test]'s message file[PublicKeyRes][D:\gitsinnori\sinnori\project\sample_test\server_build\src\main\java\kr\pe\sinnori\impl\message] creation task end
08:25:24.907 [main] INFO  k.p.s.c.buildsystem.ProjectBuilder - main project[sample_test]'s message decoder file[PublicKeyRes][D:\gitsinnori\sinnori\project\sample_test\server_build\src\main\java\kr\pe\sinnori\impl\message] creation task start
08:25:24.926 [main] INFO  k.p.s.c.buildsystem.ProjectBuilder - main project[sample_test]'s message decoder file[PublicKeyRes][D:\gitsinnori\sinnori\project\sample_test\server_build\src\main\java\kr\pe\sinnori\impl\message] creation task end
08:25:24.926 [main] INFO  k.p.s.c.buildsystem.ProjectBuilder - main project[sample_test]'s message encoder file[PublicKeyRes][D:\gitsinnori\sinnori\project\sample_test\server_build\src\main\java\kr\pe\sinnori\impl\message] creation task start
08:25:24.929 [main] INFO  k.p.s.c.buildsystem.ProjectBuilder - main project[sample_test]'s message encoder file[PublicKeyRes][D:\gitsinnori\sinnori\project\sample_test\server_build\src\main\java\kr\pe\sinnori\impl\message] creation task end
08:25:24.929 [main] INFO  k.p.s.c.buildsystem.ProjectBuilder - main project[sample_test]'s message server codec file[PublicKeyRes][D:\gitsinnori\sinnori\project\sample_test\server_build\src\main\java\kr\pe\sinnori\impl\message] creation task start
08:25:24.929 [main] INFO  k.p.s.c.buildsystem.ProjectBuilder - main project[sample_test]'s message server codec file[PublicKeyRes][D:\gitsinnori\sinnori\project\sample_test\server_build\src\main\java\kr\pe\sinnori\impl\message] creation task end
08:25:24.929 [main] INFO  k.p.s.c.buildsystem.ProjectBuilder - main project[sample_test]'s message client codec file[PublicKeyRes][D:\gitsinnori\sinnori\project\sample_test\server_build\src\main\java\kr\pe\sinnori\impl\message] creation task start
08:25:24.929 [main] INFO  k.p.s.c.buildsystem.ProjectBuilder - main project[sample_test]'s message client codec file[PublicKeyRes][D:\gitsinnori\sinnori\project\sample_test\server_build\src\main\java\kr\pe\sinnori\impl\message] creation task end
08:25:24.929 [main] INFO  k.p.s.c.buildsystem.ProjectBuilder - main project[sample_test]'s server message io file set creation task end
08:25:24.929 [main] INFO  k.p.s.c.buildsystem.ProjectBuilder - server build system files creation task end
08:25:25.023 [main] INFO  k.p.s.c.buildsystem.ProjectBuilder - main project[sample_test]'s file creation task end
]]></system-out>
  <system-err><![CDATA[]]></system-err>
</testsuite>
