<?xml version="1.0" encoding="UTF-8" ?>
<testsuite errors="0" failures="0" hostname="madang02-pc" name="kr.pe.sinnori.client.asyn.AsynPrivateMailboxTest" skipped="0" tests="2" time="16.787" timestamp="2018-04-11T08:55:28">
  <properties>
    <property name="java.vendor" value="Oracle Corporation" />
    <property name="dir.build" value="D:\gitsinnori\sinnori\core_build\build" />
    <property name="sun.java.launcher" value="SUN_STANDARD" />
    <property name="sun.management.compiler" value="HotSpot 64-Bit Tiered Compilers" />
    <property name="dir.dist" value="D:\gitsinnori\sinnori\core_build\dist" />
    <property name="os.name" value="Windows 10" />
    <property name="sun.boot.class.path" value="C:\Program Files\Java\jdk1.8.0_131\jre\lib\resources.jar;C:\Program Files\Java\jdk1.8.0_131\jre\lib\rt.jar;C:\Program Files\Java\jdk1.8.0_131\jre\lib\sunrsasign.jar;C:\Program Files\Java\jdk1.8.0_131\jre\lib\jsse.jar;C:\Program Files\Java\jdk1.8.0_131\jre\lib\jce.jar;C:\Program Files\Java\jdk1.8.0_131\jre\lib\charsets.jar;C:\Program Files\Java\jdk1.8.0_131\jre\lib\jfr.jar;C:\Program Files\Java\jdk1.8.0_131\jre\classes" />
    <property name="sun.desktop" value="windows" />
    <property name="java.vm.specification.vendor" value="Oracle Corporation" />
    <property name="ant.home" value="D:\apache-ant-1.10.0\bin\.." />
    <property name="java.runtime.version" value="1.8.0_131-b11" />
    <property name="user.name" value="madang03" />
    <property name="dir.report" value="D:\gitsinnori\sinnori\core_build\report" />
    <property name="user.language" value="ko" />
    <property name="sun.boot.library.path" value="C:\Program Files\Java\jdk1.8.0_131\jre\bin" />
    <property name="ant.project.default-target" value="make.core" />
    <property name="ant.project.name" value="sinnori_core_build" />
    <property name="java.version" value="1.8.0_131" />
    <property name="user.timezone" value="" />
    <property name="java.complile.option.debug" value="on" />
    <property name="sun.arch.data.model" value="64" />
    <property name="java.endorsed.dirs" value="C:\Program Files\Java\jdk1.8.0_131\jre\lib\endorsed" />
    <property name="sun.cpu.isalist" value="amd64" />
    <property name="sun.jnu.encoding" value="MS949" />
    <property name="file.encoding.pkg" value="sun.io" />
    <property name="file.separator" value="\" />
    <property name="dir.appinf" value="D:\gitsinnori\sinnori\core_build\APP-INF" />
    <property name="java.specification.name" value="Java Platform API Specification" />
    <property name="java.class.version" value="52.0" />
    <property name="dir.testlib" value="D:\gitsinnori\sinnori\core_build\lib\test" />
    <property name="user.country" value="KR" />
    <property name="java.home" value="C:\Program Files\Java\jdk1.8.0_131\jre" />
    <property name="ant.file.sinnori_core_build" value="D:\gitsinnori\sinnori\core_build\build.xml" />
    <property name="java.vm.info" value="mixed mode" />
    <property name="ant.file" value="D:\gitsinnori\sinnori\core_build\build.xml" />
    <property name="os.version" value="10.0" />
    <property name="path.separator" value=";" />
    <property name="java.vm.version" value="25.131-b11" />
    <property name="user.variant" value="" />
    <property name="ant.library.dir" value="D:\apache-ant-1.10.0\lib" />
    <property name="java.awt.printerjob" value="sun.awt.windows.WPrinterJob" />
    <property name="sun.io.unicode.encoding" value="UnicodeLittle" />
    <property name="awt.toolkit" value="sun.awt.windows.WToolkit" />
    <property name="sun.stdout.encoding" value="ms949" />
    <property name="user.script" value="" />
    <property name="user.home" value="C:\Users\user" />
    <property name="java.specification.vendor" value="Oracle Corporation" />
    <property name="java.library.path" value="C:\Program Files\Java\jdk1.8.0_131\jre\bin;C:\WINDOWS\Sun\Java\bin;C:\WINDOWS\system32;C:\WINDOWS;C:\ProgramData\Oracle\Java\javapath;C:\Windows\system32;C:\Windows;C:\Windows\System32\Wbem;C:\Windows\System32\WindowsPowerShell\v1.0\;C:\Program Files (x86)\NVIDIA Corporation\PhysX\Common;C:\Program Files\Java\jdk1.8.0_131\bin;C:\Program Files\Git\cmd;D:\apache-ant-1.10.0\bin;C:\WINDOWS\system32;C:\WINDOWS;C:\WINDOWS\System32\Wbem;C:\WINDOWS\System32\WindowsPowerShell\v1.0\;D:\gradle-4.5\bin;C:\Users\user\AppData\Local\Microsoft\WindowsApps;;." />
    <property name="java.vendor.url" value="http://java.oracle.com/" />
    <property name="ant.file.type.sinnori_core_build" value="file" />
    <property name="java.vm.vendor" value="Oracle Corporation" />
    <property name="dir.src" value="D:\gitsinnori\sinnori\core_build\src\main\java" />
    <property name="java.runtime.name" value="Java(TM) SE Runtime Environment" />
    <property name="sun.java.command" value="org.apache.tools.ant.taskdefs.optional.junit.JUnitTestRunner kr.pe.sinnori.client.asyn.AsynPrivateMailboxTest skipNonTests=false filtertrace=true haltOnError=true haltOnFailure=true formatter=org.apache.tools.ant.taskdefs.optional.junit.SummaryJUnitResultFormatter showoutput=true outputtoformatters=true logfailedtests=true threadid=0 logtestlistenerevents=false formatter=org.apache.tools.ant.taskdefs.optional.junit.XMLJUnitResultFormatter,D:\gitsinnori\sinnori\core_build\report\TEST-kr.pe.sinnori.client.asyn.AsynPrivateMailboxTest.xml crashfile=D:\gitsinnori\sinnori\core_build\junitvmwatcher4455792160895159529.properties propsfile=D:\gitsinnori\sinnori\core_build\junit8604274203158775757.properties" />
    <property name="java.class.path" value="D:\gitsinnori\sinnori\core_build\dist\sinnori-core.jar;D:\gitsinnori\sinnori\core_build\lib\main\ex\json-simple-1.1.1.jar;D:\gitsinnori\sinnori\core_build\lib\main\ex\commons-lang3-3.7.jar;D:\gitsinnori\sinnori\core_build\lib\main\ex\commons-io-2.6.jar;D:\gitsinnori\sinnori\core_build\lib\main\ex\commons-collections4-4.1.jar;D:\gitsinnori\sinnori\core_build\lib\main\ex\commons-codec-1.11.jar;D:\gitsinnori\sinnori\core_build\lib\main\ex\mysql-connector-java-5.1.37-bin.jar;D:\gitsinnori\sinnori\core_build\lib\main\ex\jooq-meta-3.10.6.jar;D:\gitsinnori\sinnori\core_build\lib\main\ex\jooq-codegen-3.10.6.jar;D:\gitsinnori\sinnori\core_build\lib\main\ex\jooq-3.10.6.jar;D:\gitsinnori\sinnori\core_build\lib\test\byte-buddy-1.7.9.jar;D:\gitsinnori\sinnori\core_build\lib\test\byte-buddy-agent-1.7.9.jar;D:\gitsinnori\sinnori\core_build\lib\test\commons-exec-1.3.jar;D:\gitsinnori\sinnori\core_build\lib\test\hamcrest-core-1.3.jar;D:\gitsinnori\sinnori\core_build\lib\test\junit-4.12.jar;D:\gitsinnori\sinnori\core_build\lib\test\mockito-core-2.13.4.jar;D:\gitsinnori\sinnori\core_build\lib\test\objenesis-2.6.jar;D:\gitsinnori\sinnori\core_build\build\test;D:\apache-ant-1.10.0\lib\ant-launcher.jar;D:\apache-ant-1.10.0\lib\ant.jar;D:\apache-ant-1.10.0\lib\ant-junit.jar;D:\apache-ant-1.10.0\lib\ant-junit4.jar" />
    <property name="ant.version" value="Apache Ant(TM) version 1.10.0 compiled on December 27 2016" />
    <property name="dir.testsrc" value="D:\gitsinnori\sinnori\core_build\src\test\java" />
    <property name="java.vm.specification.name" value="Java Virtual Machine Specification" />
    <property name="ant.file.type" value="file" />
    <property name="java.vm.specification.version" value="1.8" />
    <property name="sun.cpu.endian" value="little" />
    <property name="sun.os.patch.level" value="" />
    <property name="dir.mainlib" value="D:\gitsinnori\sinnori\core_build\lib\main" />
    <property name="java.io.tmpdir" value="C:\Users\user\AppData\Local\Temp\" />
    <property name="java.vendor.url.bug" value="http://bugreport.sun.com/bugreport/" />
    <property name="os.arch" value="amd64" />
    <property name="java.awt.graphicsenv" value="sun.awt.Win32GraphicsEnvironment" />
    <property name="java.ext.dirs" value="C:\Program Files\Java\jdk1.8.0_131\jre\lib\ext;C:\WINDOWS\Sun\Java\lib\ext" />
    <property name="user.dir" value="D:\gitsinnori\sinnori\core_build" />
    <property name="line.separator" value="&#xd;&#xa;" />
    <property name="java.vm.name" value="Java HotSpot(TM) 64-Bit Server VM" />
    <property name="basedir" value="D:\gitsinnori\sinnori\core_build" />
    <property name="ant.java.version" value="1.8" />
    <property name="ant.core.lib" value="D:\apache-ant-1.10.0\lib\ant.jar" />
    <property name="dir.guilib" value="D:\gitsinnori\sinnori\core_build\guilib" />
    <property name="file.encoding" value="MS949" />
    <property name="sun.stderr.encoding" value="ms949" />
    <property name="java.specification.version" value="1.8" />
    <property name="ant.project.invoked-targets" value="test" />
  </properties>
  <testcase classname="kr.pe.sinnori.client.asyn.AsynPrivateMailboxTest" name="test_생산자소비자쓰레드테스트" time="16.673" />
  <testcase classname="kr.pe.sinnori.client.asyn.AsynPrivateMailboxTest" name="testputToSyncOutputMessageQueue_2번연속호출하여큐를비우는로직테스트" time="0.001" />
  <system-out><![CDATA[the logback config file[D:\gitsinnori\sinnori\project\sample_base\resources\logback.xml] does not have read permissions
]]></system-out>
  <system-err><![CDATA[4월 11, 2018 5:55:28 오후 kr.pe.sinnori.client.asyn.AsynPrivateMailboxProducerThread run
정보: AsynPrivateMailboxProducerThread::toLetter=LetterToServer [toSC=743211127, messageID=Echo, mailboxID=2, mailID=-2147483648, wrapBufferList size=0]
4월 11, 2018 5:55:28 오후 kr.pe.sinnori.client.asyn.AsynPrivateMailboxProducerThread run
정보: AsynPrivateMailboxProducerThread::toLetter=LetterToServer [toSC=1528036915, messageID=Echo, mailboxID=1, mailID=-2147483648, wrapBufferList size=0]
4월 11, 2018 5:55:29 오후 kr.pe.sinnori.client.asyn.AsynPrivateMailboxProducerThread run
경고: mailboxID=2, mailID=-2147483648
4월 11, 2018 5:55:29 오후 kr.pe.sinnori.client.asyn.AsynPrivateMailboxProducerThread run
경고: mailboxID=1, mailID=-2147483648
4월 11, 2018 5:55:29 오후 kr.pe.sinnori.client.asyn.AsynPrivateMailboxProducerThread run
정보: AsynPrivateMailboxProducerThread::toLetter=LetterToServer [toSC=157410517, messageID=Echo, mailboxID=2, mailID=-2147483647, wrapBufferList size=0]
4월 11, 2018 5:55:29 오후 kr.pe.sinnori.client.asyn.AsynPrivateMailboxProducerThread run
정보: AsynPrivateMailboxProducerThread::toLetter=LetterToServer [toSC=1439959841, messageID=Echo, mailboxID=1, mailID=-2147483647, wrapBufferList size=0]
4월 11, 2018 5:55:29 오후 kr.pe.sinnori.client.connection.asyn.mailbox.AsynPrivateMailbox putSyncOutputMessage
경고: drop the received letter[FromLetter [fromSC=1906639287, wrapReadableMiddleObject[messageID=Echo, mailboxID=2, mailID=-2147483648]]] because it's mail id is different form this mailbox's mail id[-2147483647]
4월 11, 2018 5:55:29 오후 kr.pe.sinnori.client.asyn.AsynPrivateMailboxProducerThread run
정보: 소켓 타임 아웃 발생
4월 11, 2018 5:55:29 오후 kr.pe.sinnori.client.asyn.AsynPrivateMailboxProducerThread run
정보: 소켓 타임 아웃 발생
4월 11, 2018 5:55:29 오후 kr.pe.sinnori.client.asyn.AsynPrivateMailboxProducerThread run
정보: 소켓 타임 아웃 발생
4월 11, 2018 5:55:29 오후 kr.pe.sinnori.client.asyn.AsynPrivateMailboxProducerThread run
경고: mailboxID=2, mailID=-2147483647
4월 11, 2018 5:55:29 오후 kr.pe.sinnori.client.asyn.AsynPrivateMailboxProducerThread run
경고: mailboxID=1, mailID=-2147483647
4월 11, 2018 5:55:29 오후 kr.pe.sinnori.client.asyn.AsynPrivateMailboxProducerThread run
정보: AsynPrivateMailboxProducerThread::toLetter=LetterToServer [toSC=2029522079, messageID=Echo, mailboxID=2, mailID=-2147483646, wrapBufferList size=0]
4월 11, 2018 5:55:29 오후 kr.pe.sinnori.client.asyn.AsynPrivateMailboxProducerThread run
정보: AsynPrivateMailboxProducerThread::toLetter=LetterToServer [toSC=1374393667, messageID=Echo, mailboxID=1, mailID=-2147483646, wrapBufferList size=0]
4월 11, 2018 5:55:29 오후 kr.pe.sinnori.client.connection.asyn.mailbox.AsynPrivateMailbox putSyncOutputMessage
경고: drop the received letter[FromLetter [fromSC=965866146, wrapReadableMiddleObject[messageID=Echo, mailboxID=2, mailID=-2147483647]]] because it's mail id is different form this mailbox's mail id[-2147483646]
4월 11, 2018 5:55:30 오후 kr.pe.sinnori.client.connection.asyn.mailbox.AsynPrivateMailbox putSyncOutputMessage
경고: drop the received letter[FromLetter [fromSC=1974083430, wrapReadableMiddleObject[messageID=Echo, mailboxID=1, mailID=-2147483648]]] because it's mail id is different form this mailbox's mail id[-2147483646]
4월 11, 2018 5:55:30 오후 kr.pe.sinnori.client.asyn.AsynPrivateMailboxProducerThread run
경고: mailboxID=2, mailID=-2147483646
4월 11, 2018 5:55:30 오후 kr.pe.sinnori.client.asyn.AsynPrivateMailboxProducerThread run
경고: mailboxID=1, mailID=-2147483646
4월 11, 2018 5:55:30 오후 kr.pe.sinnori.client.asyn.AsynPrivateMailboxProducerThread run
정보: AsynPrivateMailboxProducerThread::toLetter=LetterToServer [toSC=350814490, messageID=Echo, mailboxID=2, mailID=-2147483645, wrapBufferList size=0]
4월 11, 2018 5:55:30 오후 kr.pe.sinnori.client.asyn.AsynPrivateMailboxProducerThread run
정보: AsynPrivateMailboxProducerThread::toLetter=LetterToServer [toSC=12209089, messageID=Echo, mailboxID=1, mailID=-2147483645, wrapBufferList size=0]
4월 11, 2018 5:55:30 오후 kr.pe.sinnori.client.asyn.AsynPrivateMailboxProducerThread run
정보: 소켓 타임 아웃 발생
4월 11, 2018 5:55:30 오후 kr.pe.sinnori.client.asyn.AsynPrivateMailboxProducerThread run
정보: 소켓 타임 아웃 발생
4월 11, 2018 5:55:30 오후 kr.pe.sinnori.client.asyn.AsynPrivateMailboxProducerThread run
경고: mailboxID=2, mailID=-2147483645
4월 11, 2018 5:55:30 오후 kr.pe.sinnori.client.asyn.AsynPrivateMailboxProducerThread run
정보: AsynPrivateMailboxProducerThread::toLetter=LetterToServer [toSC=1355782098, messageID=Echo, mailboxID=2, mailID=-2147483644, wrapBufferList size=0]
4월 11, 2018 5:55:30 오후 kr.pe.sinnori.client.asyn.AsynPrivateMailboxProducerThread run
경고: mailboxID=1, mailID=-2147483645
4월 11, 2018 5:55:30 오후 kr.pe.sinnori.client.asyn.AsynPrivateMailboxProducerThread run
정보: AsynPrivateMailboxProducerThread::toLetter=LetterToServer [toSC=243119526, messageID=Echo, mailboxID=1, mailID=-2147483644, wrapBufferList size=0]
4월 11, 2018 5:55:31 오후 kr.pe.sinnori.client.asyn.AsynPrivateMailboxProducerThread run
정보: 소켓 타임 아웃 발생
4월 11, 2018 5:55:31 오후 kr.pe.sinnori.client.asyn.AsynPrivateMailboxProducerThread run
경고: mailboxID=2, mailID=-2147483644
4월 11, 2018 5:55:31 오후 kr.pe.sinnori.client.asyn.AsynPrivateMailboxProducerThread run
정보: AsynPrivateMailboxProducerThread::toLetter=LetterToServer [toSC=624366569, messageID=Echo, mailboxID=2, mailID=-2147483643, wrapBufferList size=0]
4월 11, 2018 5:55:31 오후 kr.pe.sinnori.client.asyn.AsynPrivateMailboxProducerThread run
경고: mailboxID=1, mailID=-2147483644
4월 11, 2018 5:55:31 오후 kr.pe.sinnori.client.asyn.AsynPrivateMailboxProducerThread run
정보: AsynPrivateMailboxProducerThread::toLetter=LetterToServer [toSC=172105905, messageID=Echo, mailboxID=1, mailID=-2147483643, wrapBufferList size=0]
4월 11, 2018 5:55:31 오후 kr.pe.sinnori.client.asyn.AsynPrivateMailboxProducerThread run
정보: 소켓 타임 아웃 발생
4월 11, 2018 5:55:31 오후 kr.pe.sinnori.client.asyn.AsynPrivateMailboxProducerThread run
정보: 소켓 타임 아웃 발생
4월 11, 2018 5:55:31 오후 kr.pe.sinnori.client.asyn.AsynPrivateMailboxProducerThread run
경고: mailboxID=2, mailID=-2147483643
4월 11, 2018 5:55:31 오후 kr.pe.sinnori.client.asyn.AsynPrivateMailboxProducerThread run
정보: AsynPrivateMailboxProducerThread::toLetter=LetterToServer [toSC=687594369, messageID=Echo, mailboxID=2, mailID=-2147483642, wrapBufferList size=0]
4월 11, 2018 5:55:31 오후 kr.pe.sinnori.client.asyn.AsynPrivateMailboxProducerThread run
경고: mailboxID=1, mailID=-2147483643
4월 11, 2018 5:55:31 오후 kr.pe.sinnori.client.asyn.AsynPrivateMailboxProducerThread run
정보: AsynPrivateMailboxProducerThread::toLetter=LetterToServer [toSC=386656111, messageID=Echo, mailboxID=1, mailID=-2147483642, wrapBufferList size=0]
4월 11, 2018 5:55:32 오후 kr.pe.sinnori.client.connection.asyn.mailbox.AsynPrivateMailbox putSyncOutputMessage
경고: drop the received letter[FromLetter [fromSC=727832843, wrapReadableMiddleObject[messageID=Echo, mailboxID=1, mailID=-2147483646]]] because it's mail id is different form this mailbox's mail id[-2147483642]
4월 11, 2018 5:55:32 오후 kr.pe.sinnori.client.asyn.AsynPrivateMailboxProducerThread run
정보: 소켓 타임 아웃 발생
4월 11, 2018 5:55:32 오후 kr.pe.sinnori.client.asyn.AsynPrivateMailboxProducerThread run
경고: mailboxID=2, mailID=-2147483642
4월 11, 2018 5:55:32 오후 kr.pe.sinnori.client.asyn.AsynPrivateMailboxProducerThread run
정보: AsynPrivateMailboxProducerThread::toLetter=LetterToServer [toSC=1959198293, messageID=Echo, mailboxID=2, mailID=-2147483641, wrapBufferList size=0]
4월 11, 2018 5:55:32 오후 kr.pe.sinnori.client.asyn.AsynPrivateMailboxProducerThread run
경고: mailboxID=1, mailID=-2147483642
4월 11, 2018 5:55:32 오후 kr.pe.sinnori.client.asyn.AsynPrivateMailboxProducerThread run
정보: AsynPrivateMailboxProducerThread::toLetter=LetterToServer [toSC=432802814, messageID=Echo, mailboxID=1, mailID=-2147483641, wrapBufferList size=0]
4월 11, 2018 5:55:32 오후 kr.pe.sinnori.client.asyn.AsynPrivateMailboxProducerThread run
정보: 소켓 타임 아웃 발생
4월 11, 2018 5:55:32 오후 kr.pe.sinnori.client.asyn.AsynPrivateMailboxProducerThread run
정보: 소켓 타임 아웃 발생
4월 11, 2018 5:55:33 오후 kr.pe.sinnori.client.connection.asyn.mailbox.AsynPrivateMailbox putSyncOutputMessage
경고: drop the received letter[FromLetter [fromSC=1034838344, wrapReadableMiddleObject[messageID=Echo, mailboxID=2, mailID=-2147483645]]] because it's mail id is different form this mailbox's mail id[-2147483641]
4월 11, 2018 5:55:33 오후 kr.pe.sinnori.client.asyn.AsynPrivateMailboxProducerThread run
정보: 소켓 타임 아웃 발생
4월 11, 2018 5:55:33 오후 kr.pe.sinnori.client.connection.asyn.mailbox.AsynPrivateMailbox putSyncOutputMessage
경고: drop the received letter[FromLetter [fromSC=69349151, wrapReadableMiddleObject[messageID=Echo, mailboxID=2, mailID=-2147483646]]] because it's mail id is different form this mailbox's mail id[-2147483641]
4월 11, 2018 5:55:33 오후 kr.pe.sinnori.client.asyn.AsynPrivateMailboxProducerThread run
정보: 소켓 타임 아웃 발생
4월 11, 2018 5:55:33 오후 kr.pe.sinnori.client.asyn.AsynPrivateMailboxProducerThread run
경고: mailboxID=2, mailID=-2147483641
4월 11, 2018 5:55:33 오후 kr.pe.sinnori.client.asyn.AsynPrivateMailboxProducerThread run
정보: AsynPrivateMailboxProducerThread::toLetter=LetterToServer [toSC=1486587416, messageID=Echo, mailboxID=2, mailID=-2147483640, wrapBufferList size=0]
4월 11, 2018 5:55:33 오후 kr.pe.sinnori.client.asyn.AsynPrivateMailboxProducerThread run
정보: 소켓 타임 아웃 발생
4월 11, 2018 5:55:33 오후 kr.pe.sinnori.client.asyn.AsynPrivateMailboxProducerThread run
경고: mailboxID=1, mailID=-2147483641
4월 11, 2018 5:55:33 오후 kr.pe.sinnori.client.asyn.AsynPrivateMailboxProducerThread run
정보: AsynPrivateMailboxProducerThread::toLetter=LetterToServer [toSC=502500383, messageID=Echo, mailboxID=1, mailID=-2147483640, wrapBufferList size=0]
4월 11, 2018 5:55:34 오후 kr.pe.sinnori.client.connection.asyn.mailbox.AsynPrivateMailbox putSyncOutputMessage
경고: drop the received letter[FromLetter [fromSC=2070802339, wrapReadableMiddleObject[messageID=Echo, mailboxID=1, mailID=-2147483645]]] because it's mail id is different form this mailbox's mail id[-2147483640]
4월 11, 2018 5:55:34 오후 kr.pe.sinnori.client.connection.asyn.mailbox.AsynPrivateMailbox putSyncOutputMessage
경고: drop the received letter[FromLetter [fromSC=1983720761, wrapReadableMiddleObject[messageID=Echo, mailboxID=1, mailID=-2147483647]]] because it's mail id is different form this mailbox's mail id[-2147483640]
4월 11, 2018 5:55:34 오후 kr.pe.sinnori.client.asyn.AsynPrivateMailboxProducerThread run
정보: 소켓 타임 아웃 발생
4월 11, 2018 5:55:34 오후 kr.pe.sinnori.client.asyn.AsynPrivateMailboxProducerThread run
경고: mailboxID=2, mailID=-2147483640
4월 11, 2018 5:55:34 오후 kr.pe.sinnori.client.asyn.AsynPrivateMailboxProducerThread run
정보: AsynPrivateMailboxProducerThread::toLetter=LetterToServer [toSC=1169063609, messageID=Echo, mailboxID=2, mailID=-2147483639, wrapBufferList size=0]
4월 11, 2018 5:55:34 오후 kr.pe.sinnori.client.asyn.AsynPrivateMailboxProducerThread run
경고: mailboxID=1, mailID=-2147483640
4월 11, 2018 5:55:34 오후 kr.pe.sinnori.client.asyn.AsynPrivateMailboxProducerThread run
정보: AsynPrivateMailboxProducerThread::toLetter=LetterToServer [toSC=1492189637, messageID=Echo, mailboxID=1, mailID=-2147483639, wrapBufferList size=0]
4월 11, 2018 5:55:34 오후 kr.pe.sinnori.client.asyn.AsynPrivateMailboxProducerThread run
정보: 소켓 타임 아웃 발생
4월 11, 2018 5:55:34 오후 kr.pe.sinnori.client.asyn.AsynPrivateMailboxProducerThread run
정보: 소켓 타임 아웃 발생
4월 11, 2018 5:55:35 오후 kr.pe.sinnori.client.connection.asyn.mailbox.AsynPrivateMailbox putSyncOutputMessage
경고: drop the received letter[FromLetter [fromSC=154159225, wrapReadableMiddleObject[messageID=Echo, mailboxID=2, mailID=-2147483643]]] because it's mail id is different form this mailbox's mail id[-2147483639]
4월 11, 2018 5:55:35 오후 kr.pe.sinnori.client.connection.asyn.mailbox.AsynPrivateMailbox putSyncOutputMessage
경고: drop the received letter[FromLetter [fromSC=631644695, wrapReadableMiddleObject[messageID=Echo, mailboxID=2, mailID=-2147483644]]] because it's mail id is different form this mailbox's mail id[-2147483639]
4월 11, 2018 5:55:35 오후 kr.pe.sinnori.client.asyn.AsynPrivateMailboxProducerThread run
정보: 소켓 타임 아웃 발생
4월 11, 2018 5:55:35 오후 kr.pe.sinnori.client.asyn.AsynPrivateMailboxProducerThread run
경고: mailboxID=2, mailID=-2147483639
4월 11, 2018 5:55:35 오후 kr.pe.sinnori.client.asyn.AsynPrivateMailboxProducerThread run
정보: AsynPrivateMailboxProducerThread::toLetter=LetterToServer [toSC=273989525, messageID=Echo, mailboxID=2, mailID=-2147483638, wrapBufferList size=0]
4월 11, 2018 5:55:35 오후 kr.pe.sinnori.client.asyn.AsynPrivateMailboxProducerThread run
경고: mailboxID=1, mailID=-2147483639
4월 11, 2018 5:55:35 오후 kr.pe.sinnori.client.asyn.AsynPrivateMailboxProducerThread run
정보: AsynPrivateMailboxProducerThread::toLetter=LetterToServer [toSC=269067563, messageID=Echo, mailboxID=1, mailID=-2147483638, wrapBufferList size=0]
4월 11, 2018 5:55:35 오후 kr.pe.sinnori.client.asyn.AsynPrivateMailboxProducerThread run
정보: 소켓 타임 아웃 발생
4월 11, 2018 5:55:36 오후 kr.pe.sinnori.client.asyn.AsynPrivateMailboxProducerThread run
정보: 소켓 타임 아웃 발생
4월 11, 2018 5:55:36 오후 kr.pe.sinnori.client.asyn.AsynPrivateMailboxProducerThread run
정보: 소켓 타임 아웃 발생
4월 11, 2018 5:55:36 오후 kr.pe.sinnori.client.connection.asyn.mailbox.AsynPrivateMailbox putSyncOutputMessage
경고: drop the received letter[FromLetter [fromSC=2024601753, wrapReadableMiddleObject[messageID=Echo, mailboxID=1, mailID=-2147483644]]] because it's mail id is different form this mailbox's mail id[-2147483638]
4월 11, 2018 5:55:37 오후 kr.pe.sinnori.client.connection.asyn.mailbox.AsynPrivateMailbox putSyncOutputMessage
경고: drop the received letter[FromLetter [fromSC=2136110102, wrapReadableMiddleObject[messageID=Echo, mailboxID=1, mailID=-2147483643]]] because it's mail id is different form this mailbox's mail id[-2147483638]
4월 11, 2018 5:55:37 오후 kr.pe.sinnori.client.asyn.AsynPrivateMailboxProducerThread run
정보: 소켓 타임 아웃 발생
4월 11, 2018 5:55:37 오후 kr.pe.sinnori.client.connection.asyn.mailbox.AsynPrivateMailbox putSyncOutputMessage
경고: drop the received letter[FromLetter [fromSC=2029706638, wrapReadableMiddleObject[messageID=Echo, mailboxID=2, mailID=-2147483642]]] because it's mail id is different form this mailbox's mail id[-2147483638]
4월 11, 2018 5:55:37 오후 kr.pe.sinnori.client.asyn.AsynPrivateMailboxProducerThread run
경고: mailboxID=2, mailID=-2147483638
4월 11, 2018 5:55:37 오후 kr.pe.sinnori.client.asyn.AsynPrivateMailboxProducerThread run
정보: AsynPrivateMailboxProducerThread::toLetter=LetterToServer [toSC=512967663, messageID=Echo, mailboxID=2, mailID=-2147483637, wrapBufferList size=0]
4월 11, 2018 5:55:37 오후 kr.pe.sinnori.client.asyn.AsynPrivateMailboxProducerThread run
경고: mailboxID=1, mailID=-2147483638
4월 11, 2018 5:55:37 오후 kr.pe.sinnori.client.asyn.AsynPrivateMailboxProducerThread run
정보: AsynPrivateMailboxProducerThread::toLetter=LetterToServer [toSC=1329643421, messageID=Echo, mailboxID=1, mailID=-2147483637, wrapBufferList size=0]
4월 11, 2018 5:55:37 오후 kr.pe.sinnori.client.asyn.AsynPrivateMailboxProducerThread run
경고: mailboxID=2, mailID=-2147483637
4월 11, 2018 5:55:37 오후 kr.pe.sinnori.client.asyn.AsynPrivateMailboxProducerThread run
정보: AsynPrivateMailboxProducerThread::toLetter=LetterToServer [toSC=447534309, messageID=Echo, mailboxID=2, mailID=-2147483636, wrapBufferList size=0]
4월 11, 2018 5:55:38 오후 kr.pe.sinnori.client.connection.asyn.mailbox.AsynPrivateMailbox putSyncOutputMessage
경고: drop the received letter[FromLetter [fromSC=978380184, wrapReadableMiddleObject[messageID=Echo, mailboxID=2, mailID=-2147483640]]] because it's mail id is different form this mailbox's mail id[-2147483636]
4월 11, 2018 5:55:38 오후 kr.pe.sinnori.client.connection.asyn.mailbox.AsynPrivateMailbox putSyncOutputMessage
경고: drop the received letter[FromLetter [fromSC=2093303369, wrapReadableMiddleObject[messageID=Echo, mailboxID=1, mailID=-2147483640]]] because it's mail id is different form this mailbox's mail id[-2147483637]
4월 11, 2018 5:55:38 오후 kr.pe.sinnori.client.asyn.AsynPrivateMailboxProducerThread run
경고: mailboxID=1, mailID=-2147483637
4월 11, 2018 5:55:38 오후 kr.pe.sinnori.client.asyn.AsynPrivateMailboxProducerThread run
정보: AsynPrivateMailboxProducerThread::toLetter=LetterToServer [toSC=1776541487, messageID=Echo, mailboxID=1, mailID=-2147483636, wrapBufferList size=0]
4월 11, 2018 5:55:38 오후 kr.pe.sinnori.client.asyn.AsynPrivateMailboxProducerThread run
경고: mailboxID=2, mailID=-2147483636
4월 11, 2018 5:55:38 오후 kr.pe.sinnori.client.asyn.AsynPrivateMailboxProducerThread run
정보: AsynPrivateMailboxProducerThread::toLetter=LetterToServer [toSC=1605257684, messageID=Echo, mailboxID=2, mailID=-2147483635, wrapBufferList size=0]
4월 11, 2018 5:55:39 오후 kr.pe.sinnori.client.connection.asyn.mailbox.AsynPrivateMailbox putSyncOutputMessage
경고: drop the received letter[FromLetter [fromSC=1433585450, wrapReadableMiddleObject[messageID=Echo, mailboxID=1, mailID=-2147483642]]] because it's mail id is different form this mailbox's mail id[-2147483636]
4월 11, 2018 5:55:39 오후 kr.pe.sinnori.client.connection.asyn.mailbox.AsynPrivateMailbox putSyncOutputMessage
경고: drop the received letter[FromLetter [fromSC=563720827, wrapReadableMiddleObject[messageID=Echo, mailboxID=2, mailID=-2147483641]]] because it's mail id is different form this mailbox's mail id[-2147483635]
4월 11, 2018 5:55:39 오후 kr.pe.sinnori.client.connection.asyn.mailbox.AsynPrivateMailbox putSyncOutputMessage
경고: drop the received letter[FromLetter [fromSC=1687889964, wrapReadableMiddleObject[messageID=Echo, mailboxID=1, mailID=-2147483638]]] because it's mail id is different form this mailbox's mail id[-2147483636]
4월 11, 2018 5:55:39 오후 kr.pe.sinnori.client.asyn.AsynPrivateMailboxProducerThread run
경고: mailboxID=1, mailID=-2147483636
4월 11, 2018 5:55:39 오후 kr.pe.sinnori.client.asyn.AsynPrivateMailboxProducerThread run
정보: AsynPrivateMailboxProducerThread::toLetter=LetterToServer [toSC=1760634232, messageID=Echo, mailboxID=1, mailID=-2147483635, wrapBufferList size=0]
4월 11, 2018 5:55:40 오후 kr.pe.sinnori.client.connection.asyn.mailbox.AsynPrivateMailbox putSyncOutputMessage
경고: drop the received letter[FromLetter [fromSC=969398197, wrapReadableMiddleObject[messageID=Echo, mailboxID=1, mailID=-2147483639]]] because it's mail id is different form this mailbox's mail id[-2147483635]
4월 11, 2018 5:55:40 오후 kr.pe.sinnori.client.asyn.AsynPrivateMailboxProducerThread run
경고: mailboxID=2, mailID=-2147483635
4월 11, 2018 5:55:40 오후 kr.pe.sinnori.client.asyn.AsynPrivateMailboxProducerThread run
경고: mailboxID=1, mailID=-2147483635
4월 11, 2018 5:55:40 오후 kr.pe.sinnori.client.asyn.AsynPrivateMailboxTest test_생산자소비자쓰레드테스트
정보: call sleep
4월 11, 2018 5:55:41 오후 kr.pe.sinnori.client.connection.asyn.mailbox.AsynPrivateMailbox putSyncOutputMessage
경고: drop the received letter[FromLetter [fromSC=2133600894, wrapReadableMiddleObject[messageID=Echo, mailboxID=1, mailID=-2147483641]]] because it's mail id is different form this mailbox's mail id[-2147483634]
4월 11, 2018 5:55:42 오후 kr.pe.sinnori.client.connection.asyn.mailbox.AsynPrivateMailbox putSyncOutputMessage
경고: drop the received letter[FromLetter [fromSC=522488987, wrapReadableMiddleObject[messageID=Echo, mailboxID=2, mailID=-2147483639]]] because it's mail id is different form this mailbox's mail id[-2147483634]
4월 11, 2018 5:55:42 오후 kr.pe.sinnori.client.connection.asyn.mailbox.AsynPrivateMailbox putSyncOutputMessage
경고: drop the received letter[FromLetter [fromSC=201575562, wrapReadableMiddleObject[messageID=Echo, mailboxID=2, mailID=-2147483638]]] because it's mail id is different form this mailbox's mail id[-2147483634]
4월 11, 2018 5:55:43 오후 kr.pe.sinnori.client.connection.asyn.mailbox.AsynPrivateMailbox putSyncOutputMessage
경고: drop the received letter[FromLetter [fromSC=1092033589, wrapReadableMiddleObject[messageID=Echo, mailboxID=2, mailID=-2147483637]]] because it's mail id is different form this mailbox's mail id[-2147483634]
4월 11, 2018 5:55:44 오후 kr.pe.sinnori.client.connection.asyn.mailbox.AsynPrivateMailbox putSyncOutputMessage
경고: drop the received letter[FromLetter [fromSC=638349649, wrapReadableMiddleObject[messageID=Echo, mailboxID=1, mailID=-2147483637]]] because it's mail id is different form this mailbox's mail id[-2147483634]
4월 11, 2018 5:55:45 오후 kr.pe.sinnori.client.connection.asyn.mailbox.AsynPrivateMailbox putSyncOutputMessage
경고: drop the received letter[FromLetter [fromSC=432816322, wrapReadableMiddleObject[messageID=Echo, mailboxID=2, mailID=-2147483635]]] because it's mail id is different form this mailbox's mail id[-2147483634]
4월 11, 2018 5:55:45 오후 kr.pe.sinnori.client.connection.asyn.mailbox.AsynPrivateMailbox putSyncOutputMessage
경고: drop the received letter[FromLetter [fromSC=1429547162, wrapReadableMiddleObject[messageID=Echo, mailboxID=1, mailID=-2147483635]]] because it's mail id is different form this mailbox's mail id[-2147483634]
4월 11, 2018 5:55:45 오후 kr.pe.sinnori.client.connection.asyn.mailbox.AsynPrivateMailbox putSyncOutputMessage
경고: clear the old received message[FromLetter [fromSC=716083600, wrapReadableMiddleObject[messageID=Echo, mailboxID=1, mailID=-2147483648]]] from the ouputmessage queue of this mailbox[mailID=-2147483648] becase new message recevied
]]></system-err>
</testsuite>
