<?xml version="1.0" encoding="UTF-8" ?>
<testsuite errors="0" failures="2" hostname="madang02-pc" name="kr.pe.codda.server.ServerObjectCacheManagerTest" skipped="0" tests="2" time="0.193" timestamp="2018-05-06T01:14:56">
  <properties>
    <property name="java.vendor" value="Oracle Corporation" />
    <property name="dir.build" value="D:\gitmadang\codda\core\server\build" />
    <property name="sun.java.launcher" value="SUN_STANDARD" />
    <property name="sun.management.compiler" value="HotSpot 64-Bit Tiered Compilers" />
    <property name="dir.mainsrc" value="D:\gitmadang\codda\core\server\src\main\java" />
    <property name="dir.dist" value="D:\gitmadang\codda\core\server\dist" />
    <property name="os.name" value="Windows 10" />
    <property name="sun.boot.class.path" value="C:\Program Files\Java\jdk1.8.0_171\jre\lib\resources.jar;C:\Program Files\Java\jdk1.8.0_171\jre\lib\rt.jar;C:\Program Files\Java\jdk1.8.0_171\jre\lib\sunrsasign.jar;C:\Program Files\Java\jdk1.8.0_171\jre\lib\jsse.jar;C:\Program Files\Java\jdk1.8.0_171\jre\lib\jce.jar;C:\Program Files\Java\jdk1.8.0_171\jre\lib\charsets.jar;C:\Program Files\Java\jdk1.8.0_171\jre\lib\jfr.jar;C:\Program Files\Java\jdk1.8.0_171\jre\classes" />
    <property name="ant.file.codda_server" value="D:\gitmadang\codda\core\server\build.xml" />
    <property name="sun.desktop" value="windows" />
    <property name="java.vm.specification.vendor" value="Oracle Corporation" />
    <property name="ant.home" value="D:\apache-ant-1.9.11\bin\.." />
    <property name="ant.file.type.codda_server" value="file" />
    <property name="java.runtime.version" value="1.8.0_171-b11" />
    <property name="user.name" value="madang03" />
    <property name="is.windows.yes" value="true" />
    <property name="dir.report" value="D:\gitmadang\codda\core\server\report" />
    <property name="user.language" value="ko" />
    <property name="core.server.jar.name" value="codda-core-onlyserver.jar" />
    <property name="sun.boot.library.path" value="C:\Program Files\Java\jdk1.8.0_171\jre\bin" />
    <property name="ant.project.default-target" value="make" />
    <property name="ant.project.name" value="codda_server" />
    <property name="java.version" value="1.8.0_171" />
    <property name="user.timezone" value="" />
    <property name="java.complile.option.debug" value="on" />
    <property name="sun.arch.data.model" value="64" />
    <property name="java.endorsed.dirs" value="C:\Program Files\Java\jdk1.8.0_171\jre\lib\endorsed" />
    <property name="sun.cpu.isalist" value="amd64" />
    <property name="sun.jnu.encoding" value="MS949" />
    <property name="file.encoding.pkg" value="sun.io" />
    <property name="file.separator" value="\" />
    <property name="java.specification.name" value="Java Platform API Specification" />
    <property name="java.class.version" value="52.0" />
    <property name="dir.testlib" value="D:\gitmadang\codda\core\server\lib\test" />
    <property name="user.country" value="KR" />
    <property name="java.home" value="C:\Program Files\Java\jdk1.8.0_171\jre" />
    <property name="java.vm.info" value="mixed mode" />
    <property name="ant.file" value="D:\gitmadang\codda\core\server\build.xml" />
    <property name="os.version" value="10.0" />
    <property name="dir.logger.build" value="D:\gitmadang\codda\core\logger" />
    <property name="path.separator" value=";" />
    <property name="java.vm.version" value="25.171-b11" />
    <property name="user.variant" value="" />
    <property name="ant.library.dir" value="D:\apache-ant-1.9.11\lib" />
    <property name="java.awt.printerjob" value="sun.awt.windows.WPrinterJob" />
    <property name="sun.io.unicode.encoding" value="UnicodeLittle" />
    <property name="awt.toolkit" value="sun.awt.windows.WToolkit" />
    <property name="sun.stdout.encoding" value="ms949" />
    <property name="user.script" value="" />
    <property name="user.home" value="C:\Users\user" />
    <property name="java.specification.vendor" value="Oracle Corporation" />
    <property name="java.library.path" value="C:\Program Files\Java\jdk1.8.0_171\jre\bin;C:\WINDOWS\Sun\Java\bin;C:\WINDOWS\system32;C:\WINDOWS;C:\Program Files (x86)\Common Files\Oracle\Java\javapath;C:\Windows\system32;C:\Windows;C:\Windows\System32\Wbem;C:\Windows\System32\WindowsPowerShell\v1.0\;C:\Program Files (x86)\NVIDIA Corporation\PhysX\Common;C:\Program Files\Java\jdk1.8.0_171\bin;C:\Program Files\Git\cmd;D:\apache-ant-1.9.11\bin;C:\WINDOWS\system32;C:\WINDOWS;C:\WINDOWS\System32\Wbem;C:\WINDOWS\System32\WindowsPowerShell\v1.0\;D:\gradle-4.5\bin;C:\Users\user\AppData\Local\Microsoft\WindowsApps;;." />
    <property name="java.vendor.url" value="http://java.oracle.com/" />
    <property name="java.vm.vendor" value="Oracle Corporation" />
    <property name="java.runtime.name" value="Java(TM) SE Runtime Environment" />
    <property name="sun.java.command" value="org.apache.tools.ant.taskdefs.optional.junit.JUnitTestRunner kr.pe.codda.server.ServerObjectCacheManagerTest skipNonTests=false filtertrace=true haltOnError=true haltOnFailure=true formatter=org.apache.tools.ant.taskdefs.optional.junit.SummaryJUnitResultFormatter showoutput=true outputtoformatters=true logfailedtests=true threadid=0 logtestlistenerevents=false formatter=org.apache.tools.ant.taskdefs.optional.junit.XMLJUnitResultFormatter,D:\gitmadang\codda\core\server\report\TEST-kr.pe.codda.server.ServerObjectCacheManagerTest.xml crashfile=D:\gitmadang\codda\core\server\junitvmwatcher43170219391788243.properties propsfile=D:\gitmadang\codda\core\server\junit6474493705582863892.properties" />
    <property name="java.class.path" value="D:\gitmadang\codda\core\server\dist\codda-core-onlyserver.jar;D:\gitmadang\codda\core\server\lib\main\ex\codda-core-common.jar;D:\gitmadang\codda\core\server\lib\main\ex\commons-codec-1.11.jar;D:\gitmadang\codda\core\server\lib\main\ex\commons-collections4-4.1.jar;D:\gitmadang\codda\core\server\lib\main\ex\commons-dbcp2-2.0.1.jar;D:\gitmadang\codda\core\server\lib\main\ex\commons-io-2.6.jar;D:\gitmadang\codda\core\server\lib\main\ex\commons-pool2-2.5.0.jar;D:\gitmadang\codda\core\server\lib\main\ex\jooq-3.10.6.jar;D:\gitmadang\codda\core\server\lib\main\ex\jooq-codegen-3.10.6.jar;D:\gitmadang\codda\core\server\lib\main\ex\jooq-meta-3.10.6.jar;D:\gitmadang\codda\core\server\lib\main\ex\json-simple-1.1.1.jar;D:\gitmadang\codda\core\server\lib\main\ex\logback-classic-1.2.3.jar;D:\gitmadang\codda\core\server\lib\main\ex\logback-core-1.2.3.jar;D:\gitmadang\codda\core\server\lib\main\ex\slf4j-api-1.7.25.jar;D:\gitmadang\codda\core\server\lib\test\byte-buddy-1.7.9.jar;D:\gitmadang\codda\core\server\lib\test\byte-buddy-agent-1.7.9.jar;D:\gitmadang\codda\core\server\lib\test\commons-exec-1.3.jar;D:\gitmadang\codda\core\server\lib\test\hamcrest-core-1.3.jar;D:\gitmadang\codda\core\server\lib\test\junit-4.12.jar;D:\gitmadang\codda\core\server\lib\test\mockito-core-2.13.4.jar;D:\gitmadang\codda\core\server\lib\test\objenesis-2.6.jar;D:\gitmadang\codda\core\logger\lib\ex\slf4j-api-1.7.25.jar;D:\gitmadang\codda\core\logger\lib\ex\logback-core-1.2.3.jar;D:\gitmadang\codda\core\logger\lib\ex\logback-classic-1.2.3.jar;D:\gitmadang\codda\core\server\build\test;D:\apache-ant-1.9.11\lib\ant-launcher.jar;D:\apache-ant-1.9.11\lib\ant.jar;D:\apache-ant-1.9.11\lib\ant-junit.jar;D:\apache-ant-1.9.11\lib\ant-junit4.jar" />
    <property name="ant.version" value="Apache Ant(TM) version 1.9.11 compiled on March 23 2018" />
    <property name="dir.common.build" value="D:\gitmadang\codda\core\common" />
    <property name="dir.testsrc" value="D:\gitmadang\codda\core\server\src\test\java" />
    <property name="java.vm.specification.name" value="Java Virtual Machine Specification" />
    <property name="ant.file.type" value="file" />
    <property name="java.vm.specification.version" value="1.8" />
    <property name="sun.cpu.endian" value="little" />
    <property name="sun.os.patch.level" value="" />
    <property name="dir.mainlib" value="D:\gitmadang\codda\core\server\lib\main" />
    <property name="java.io.tmpdir" value="C:\Users\user\AppData\Local\Temp\" />
    <property name="java.vendor.url.bug" value="http://bugreport.sun.com/bugreport/" />
    <property name="os.arch" value="amd64" />
    <property name="java.awt.graphicsenv" value="sun.awt.Win32GraphicsEnvironment" />
    <property name="java.ext.dirs" value="C:\Program Files\Java\jdk1.8.0_171\jre\lib\ext;C:\WINDOWS\Sun\Java\lib\ext" />
    <property name="user.dir" value="D:\gitmadang\codda\core\server" />
    <property name="line.separator" value="&#xd;&#xa;" />
    <property name="java.vm.name" value="Java HotSpot(TM) 64-Bit Server VM" />
    <property name="core.common.jar.name" value="codda-core-common.jar" />
    <property name="basedir" value="D:\gitmadang\codda\core\server" />
    <property name="ant.java.version" value="1.8" />
    <property name="ant.core.lib" value="D:\apache-ant-1.9.11\lib\ant.jar" />
    <property name="file.encoding" value="MS949" />
    <property name="sun.stderr.encoding" value="ms949" />
    <property name="java.specification.version" value="1.8" />
    <property name="ant.project.invoked-targets" value="test" />
  </properties>
  <testcase classname="kr.pe.codda.server.ServerObjectCacheManagerTest" name="testServerObjectCacheManager" time="0.005">
    <failure message="Not yet implemented" type="junit.framework.AssertionFailedError">junit.framework.AssertionFailedError: Not yet implemented
	at kr.pe.codda.server.ServerObjectCacheManagerTest.testServerObjectCacheManager(ServerObjectCacheManagerTest.java:22)
</failure>
  </testcase>
  <testcase classname="kr.pe.codda.server.ServerObjectCacheManagerTest" name="testGetServerTask" time="0.0">
    <failure message="Not yet implemented" type="junit.framework.AssertionFailedError">junit.framework.AssertionFailedError: Not yet implemented
	at kr.pe.codda.server.ServerObjectCacheManagerTest.testGetServerTask(ServerObjectCacheManagerTest.java:27)
</failure>
  </testcase>
  <system-out><![CDATA[]]></system-out>
  <system-err><![CDATA[SLF4J: Class path contains multiple SLF4J bindings.
SLF4J: Found binding in [jar:file:/D:/gitmadang/codda/core/server/lib/main/ex/logback-classic-1.2.3.jar!/org/slf4j/impl/StaticLoggerBinder.class]
SLF4J: Found binding in [jar:file:/D:/gitmadang/codda/core/logger/lib/ex/logback-classic-1.2.3.jar!/org/slf4j/impl/StaticLoggerBinder.class]
SLF4J: See http://www.slf4j.org/codes.html#multiple_bindings for an explanation.
SLF4J: Actual binding is of type [ch.qos.logback.classic.util.ContextSelectorStaticBinder]
]]></system-err>
</testsuite>
